[1] "Original length"
[1] 999508
[1] "Final length"
[1] 15560
[1] "sequence length : 999509" "sequence length : 999901"
[3] "sequence length : 999457" "sequence length : 999761"
[5] "sequence length : 999750"
[1] 1 1 1 1 1
[1] "Beta: 1"
[1] "Self: 0"
[1] "maxIt: 20"
[1] "It: 1"
 [1] "sigma:" "0"      "0"      "0"      "0"      "0"      "0"      "0"     
 [9] "0"      "0"      "0"      "0"      "0"      "0"      "0"      "0"     
[17] "0"      "0"      "0"      "0"      "0"      "0"      "0"      "0"     
[25] "0"      "0"      "0"      "0"      "0"      "0"      "0"      "0"     
[33] "0"      "0"      "0"      "0"      "0"      "0"      "0"      "0"     
[41] "0"      "beta :" "1"     
 [1] "sigma:" "0.9405" "0.9405" "0.9405" "0.9405" "0.9405" "0.9405" "0.9405"
 [9] "0.9405" "0.9405" "0.9405" "0.9405" "0.9405" "0.9405" "0.9405" "0.9405"
[17] "0.9405" "0.9405" "0.9405" "0.9405" "0.9405" "0.9405" "0.9405" "0.9405"
[25] "0.9405" "0"      "0"      "0"      "0"      "0"      "0"      "0"     
[33] "0"      "0"      "0"      "0"      "0"      "0"      "0"      "0"     
[41] "0"      "beta :" "1"     
[1] "New Likelihood:  -9288108.88680484"
iter:  0  f-value:  29748.41  pgrad:  0.5 
iter:  10  f-value:  29741.84  pgrad:  0.9997848 
iter:  20  f-value:  29739.7  pgrad:  0.9988906 
iter:  30  f-value:  29738.8  pgrad:  0.9975793 
iter:  40  f-value:  29738.58  pgrad:  0.9964562 
iter:  50  f-value:  29738.44  pgrad:  0.9947806 
  Unsuccessful convergence.
Time difference of 2.280715 hours
[1] "maxIt: 20"
[1] "It: 2"
 [1] "sigma:"               "0.957616084469792"    "0.957616084469792"   
 [4] "0.949149864997831"    "0.949149864997831"    "0.953012940675456"   
 [7] "0.953012940675456"    "0.958391844220513"    "0.958391844220513"   
[10] "0.965838893977621"    "0.965838893977621"    "0.975330074116447"   
[13] "0.975330074116447"    "0.98508165586471"     "0.98508165586471"    
[16] "0.988086764887268"    "0.988086764887268"    "0.969024783021642"   
[19] "0.969024783021642"    "0.959306913931202"    "0.959306913931202"   
[22] "0.955925553522833"    "0.955925553522833"    "0.924827356604223"   
[25] "0.924827356604223"    "0"                    "0"                   
[28] "0.00483748850854584"  "0.00483748850854584"  "0.0163991541614961"  
[31] "0.0163991541614961"   "0.0230960995630637"   "0.0230960995630637"  
[34] "0.0213516603608433"   "0.0213516603608433"   "0.012819026222896"   
[37] "0.012819026222896"    "0.00529581367604411"  "0.00529581367604411" 
[40] "0.000858535631979399" "0.000858535631979399" "beta :"              
[43] "1"                   
 [1] "sigma:"               "0.957616084469792"    "0.957616084469792"   
 [4] "0.949149864997831"    "0.949149864997831"    "0.953012940675456"   
 [7] "0.953012940675456"    "0.958391844220513"    "0.958391844220513"   
[10] "0.965838893977621"    "0.965838893977621"    "0.975330074116447"   
[13] "0.975330074116447"    "0.98508165586471"     "0.98508165586471"    
[16] "0.988086764887268"    "0.988086764887268"    "0.969024783021642"   
[19] "0.969024783021642"    "0.959306913931202"    "0.959306913931202"   
[22] "0.955925553522833"    "0.955925553522833"    "0.974327356604223"   
[25] "0.974327356604223"    "0.0495"               "0.0495"              
[28] "0.00483748850854584"  "0.00483748850854584"  "0.0163991541614961"  
[31] "0.0163991541614961"   "0.0230960995630637"   "0.0230960995630637"  
[34] "0.0213516603608433"   "0.0213516603608433"   "0.012819026222896"   
[37] "0.012819026222896"    "0.00529581367604411"  "0.00529581367604411" 
[40] "0.000858535631979402" "0.000858535631979402" "beta :"              
[43] "1"                   
[1] " old Likelihood:  -9288108.88680484"
[1] "New Likelihood:  -9285138.7604167"
iter:  0  f-value:  29787.61  pgrad:  0.5047935 
iter:  10  f-value:  29785.51  pgrad:  0.9864562 
iter:  20  f-value:  29785.29  pgrad:  0.9919677 
iter:  30  f-value:  29785.14  pgrad:  0.983878 
iter:  40  f-value:  29785.11  pgrad:  0.9829435 
iter:  50  f-value:  29785.05  pgrad:  0.9808945 
  Unsuccessful convergence.
Time difference of 19.25022 mins
[1] "maxIt: 20"
[1] "It: 3"
 [1] "sigma:"              "0.968220474066302"   "0.968220474066302"  
 [4] "0.954384765094749"   "0.954384765094749"   "0.960611640874705"  
 [7] "0.960611640874705"   "0.969291794812864"   "0.969291794812864"  
[10] "0.981419170466195"   "0.981419170466195"   "0.99"               
[13] "0.99"                "0.99"                "0.99"               
[16] "0.99"                "0.99"                "0.99"               
[19] "0.99"                "0.974608688162389"   "0.974608688162389"  
[22] "0.964036887210738"   "0.964036887210738"   "0.965388249112577"  
[25] "0.965388249112577"   "0.0470663576222419"  "0.0470663576222419" 
[28] "0.00673238858503725" "0.00673238858503725" "0.0202080519882727" 
[31] "0.0202080519882727"  "0.0298383673029774"  "0.0298383673029774" 
[34] "0.0296334487355889"  "0.0296334487355889"  "0.0189291072417401" 
[37] "0.0189291072417401"  "0.00824084830762972" "0.00824084830762972"
[40] "0.00135485558772138" "0.00135485558772138" "beta :"             
[43] "1"                  
 [1] "sigma:"              "0.968220474066302"   "0.968220474066302"  
 [4] "0.954384765094749"   "0.954384765094749"   "0.960611640874705"  
 [7] "0.960611640874705"   "0.969291794812864"   "0.969291794812864"  
[10] "0.981419170466195"   "0.981419170466195"   "0.99"               
[13] "0.99"                "0.99"                "0.99"               
[16] "0.99"                "0.99"                "0.99"               
[19] "0.99"                "0.974608688162389"   "0.974608688162389"  
[22] "0.964036887210738"   "0.964036887210738"   "0.965388249112577"  
[25] "0.965388249112577"   "0.146066357622242"   "0.146066357622242"  
[28] "0.105732388585037"   "0.105732388585037"   "0.0202080519882727" 
[31] "0.0202080519882727"  "0.0298383673029774"  "0.0298383673029774" 
[34] "0.0296334487355889"  "0.0296334487355889"  "0.0189291072417401" 
[37] "0.0189291072417401"  "0.00824084830762972" "0.00824084830762972"
[40] "0.00135485558772138" "0.00135485558772138" "beta :"             
[43] "1"                  
[1] " old Likelihood:  -9285138.7604167"
[1] "New Likelihood:  -9284398.31023097"
iter:  0  f-value:  29493.02  pgrad:  0.5014072 
iter:  10  f-value:  29492.32  pgrad:  0.9806041 
iter:  20  f-value:  29492.18  pgrad:  0.9798245 
iter:  30  f-value:  29492.13  pgrad:  0.9791028 
iter:  40  f-value:  29492.08  pgrad:  0.9775462 
iter:  50  f-value:  29492.04  pgrad:  0.9757153 
  Unsuccessful convergence.
Time difference of 20.73405 mins
[1] "maxIt: 20"
[1] "It: 4"
 [1] "sigma:"              "0.978839047236727"   "0.978839047236727"  
 [4] "0.95953002007201"    "0.95953002007201"    "0.968055182458203"  
 [7] "0.968055182458203"   "0.979927670591815"   "0.979927670591815"  
[10] "0.99"                "0.99"                "0.99"               
[13] "0.99"                "0.99"                "0.99"               
[16] "0.99"                "0.99"                "0.99"               
[19] "0.99"                "0.989521558962015"   "0.989521558962015"  
[22] "0.97079906208595"    "0.97079906208595"    "0.957366214880625"  
[25] "0.957366214880625"   "0.142292506904233"   "0.142292506904233"  
[28] "0.106613206883078"   "0.106613206883078"   "0.0228760748268628" 
[31] "0.0228760748268628"  "0.0342963501947854"  "0.0342963501947854" 
[34] "0.0357366208679905"  "0.0357366208679905"  "0.0240517927032401" 
[37] "0.0240517927032401"  "0.0111031112523876"  "0.0111031112523876" 
[40] "0.00188994011040179" "0.00188994011040179" "beta :"             
[43] "1"                  
 [1] "sigma:"              "0.978839047236727"   "0.978839047236727"  
 [4] "0.95953002007201"    "0.95953002007201"    "0.968055182458203"  
 [7] "0.968055182458203"   "0.979927670591815"   "0.979927670591815"  
[10] "0.99"                "0.99"                "0.99"               
[13] "0.99"                "0.99"                "0.99"               
[16] "0.99"                "0.99"                "0.99"               
[19] "0.99"                "0.989521558962015"   "0.989521558962015"  
[22] "0.97079906208595"    "0.97079906208595"    "0.957366214880625"  
[25] "0.957366214880625"   "0.0927925069042333"  "0.0927925069042333" 
[28] "0.205613206883078"   "0.205613206883078"   "0.0228760748268628" 
[31] "0.0228760748268628"  "0.0342963501947854"  "0.0342963501947854" 
[34] "0.0357366208679905"  "0.0357366208679905"  "0.0240517927032401" 
[37] "0.0240517927032401"  "0.0111031112523876"  "0.0111031112523876" 
[40] "0.00188994011040179" "0.00188994011040179" "beta :"             
[43] "1"                  
[1] " old Likelihood:  -9284398.31023097"
[1] "New Likelihood:  -9284107.18143547"
iter:  0  f-value:  29414.91  pgrad:  0.4966347 
iter:  10  f-value:  29414.63  pgrad:  0.975481 
iter:  20  f-value:  29414.59  pgrad:  0.9659961 
iter:  30  f-value:  29414.57  pgrad:  0.97421 
iter:  40  f-value:  29414.54  pgrad:  0.9626242 
iter:  50  f-value:  29414.53  pgrad:  0.9175346 
  Unsuccessful convergence.
Time difference of 20.68084 mins
[1] "maxIt: 20"
[1] "It: 5"
 [1] "sigma:"              "0.986540919234318"   "0.986540919234318"  
 [4] "0.963175634077786"   "0.963175634077786"   "0.973330617781188"  
 [7] "0.973330617781188"   "0.987457691661962"   "0.987457691661962"  
[10] "0.99"                "0.99"                "0.99"               
[13] "0.99"                "0.99"                "0.99"               
[16] "0.99"                "0.99"                "0.99"               
[19] "0.99"                "0.99"                "0.99"               
[22] "0.979877938095158"   "0.979877938095158"   "0.952164926987749"  
[25] "0.952164926987749"   "0.0909664929110789"  "0.0909664929110789" 
[28] "0.205429768253187"   "0.205429768253187"   "0.0240434170946792" 
[31] "0.0240434170946792"  "0.0364840316409182"  "0.0364840316409182" 
[34] "0.0391064517566806"  "0.0391064517566806"  "0.0272043747543457" 
[37] "0.0272043747543457"  "0.0130901240221546"  "0.0130901240221546" 
[40] "0.00226903032877328" "0.00226903032877328" "beta :"             
[43] "1"                  
 [1] "sigma:"              "0.986540919234318"   "0.986540919234318"  
 [4] "0.963175634077786"   "0.963175634077786"   "0.973330617781188"  
 [7] "0.973330617781188"   "0.987457691661962"   "0.987457691661962"  
[10] "0.99"                "0.99"                "0.99"               
[13] "0.99"                "0.99"                "0.99"               
[16] "0.99"                "0.99"                "0.99"               
[19] "0.99"                "0.99"                "0.99"               
[22] "0.979877938095158"   "0.979877938095158"   "0.952164926987749"  
[25] "0.952164926987749"   "0.0414664929110789"  "0.0414664929110789" 
[28] "0.254929768253187"   "0.254929768253187"   "0.0240434170946792" 
[31] "0.0240434170946792"  "0.0364840316409182"  "0.0364840316409182" 
[34] "0.0391064517566806"  "0.0391064517566806"  "0.0272043747543457" 
[37] "0.0272043747543457"  "0.0130901240221546"  "0.0130901240221546" 
[40] "0.00226903032877328" "0.00226903032877328" "beta :"             
[43] "1"                  
[1] " old Likelihood:  -9284107.18143547"
[1] "New Likelihood:  -9283992.25401034"
iter:  0  f-value:  29438.48  pgrad:  0.4944218 
iter:  10  f-value:  29438.36  pgrad:  0.7787821 
iter:  20  f-value:  29438.33  pgrad:  0.9605598 
iter:  30  f-value:  29438.32  pgrad:  0.9599343 
iter:  40  f-value:  29438.31  pgrad:  0.8763163 
iter:  50  f-value:  29438.31  pgrad:  0.6562186 
  Unsuccessful convergence.
Time difference of 19.67967 mins
[1] "maxIt: 20"
[1] "It: 6"
 [1] "sigma:"             "0.99"               "0.99"              
 [4] "0.965462543860677"  "0.965462543860677"  "0.976567586585903" 
 [7] "0.976567586585903"  "0.99"               "0.99"              
[10] "0.99"               "0.99"               "0.99"              
[13] "0.99"               "0.99"               "0.99"              
[16] "0.99"               "0.99"               "0.99"              
[19] "0.99"               "0.99"               "0.99"              
[22] "0.9850756962336"    "0.9850756962336"    "0.948833187976884" 
[25] "0.948833187976884"  "0.0408473649962849" "0.0408473649962849"
[28] "0.254368520632733"  "0.254368520632733"  "0.0244470141471497"
[31] "0.0244470141471497" "0.0373684429103761" "0.0373684429103761"
[34] "0.0408373502919369" "0.0408373502919369" "0.0291178160913554"
[37] "0.0291178160913554" "0.0144884468074091" "0.0144884468074091"
[40] "0.0025558923549668" "0.0025558923549668" "beta :"            
[43] "1"                 
 [1] "sigma:"             "0.99"               "0.99"              
 [4] "0.965462543860677"  "0.965462543860677"  "0.976567586585903" 
 [7] "0.976567586585903"  "0.99"               "0.99"              
[10] "0.99"               "0.99"               "0.99"              
[13] "0.99"               "0.99"               "0.99"              
[16] "0.99"               "0.99"               "0.99"              
[19] "0.99"               "0.99"               "0.99"              
[22] "0.9850756962336"    "0.9850756962336"    "0.948833187976884" 
[25] "0.948833187976884"  "0.0408473649962849" "0.0408473649962849"
[28] "0.254368520632733"  "0.254368520632733"  "0.0244470141471497"
[31] "0.0244470141471497" "0.0373684429103761" "0.0373684429103761"
[34] "0.0408373502919369" "0.0408373502919369" "0.0291178160913554"
[37] "0.0291178160913554" "0.0144884468074091" "0.0144884468074091"
[40] "0.0025558923549668" "0.0025558923549668" "beta :"            
[43] "1"                 
[1] " old Likelihood:  -9283992.25401034"
[1] "New Likelihood:  -9283937.44916224"
iter:  0  f-value:  29504.1  pgrad:  0.5112711 
iter:  10  f-value:  29504.04  pgrad:  0.9582791 
iter:  20  f-value:  29504.03  pgrad:  0.957578 
iter:  30  f-value:  29504.03  pgrad:  0.9566195 
iter:  40  f-value:  29504.02  pgrad:  0.8182542 
iter:  50  f-value:  29504.02  pgrad:  0.4855976 
  Unsuccessful convergence.
Time difference of 19.1273 mins
[1] "maxIt: 20"
[1] "It: 7"
 [1] "sigma:"              "0.99"                "0.99"               
 [4] "0.967512389516994"   "0.967512389516994"   "0.979455974793767"  
 [7] "0.979455974793767"   "0.99"                "0.99"               
[10] "0.99"                "0.99"                "0.99"               
[13] "0.99"                "0.99"                "0.99"               
[16] "0.99"                "0.99"                "0.99"               
[19] "0.99"                "0.99"                "0.99"               
[22] "0.988433483551151"   "0.988433483551151"   "0.946057720320411"  
[25] "0.946057720320411"   "0.040614921593765"   "0.040614921593765"  
[28] "0.25427787614562"    "0.25427787614562"    "0.0243438342130907" 
[31] "0.0243438342130907"  "0.0373815030384962"  "0.0373815030384962" 
[34] "0.0416841577202843"  "0.0416841577202843"  "0.0304907952651548" 
[37] "0.0304907952651548"  "0.0157017813785853"  "0.0157017813785853" 
[40] "0.00281148297683504" "0.00281148297683504" "beta :"             
[43] "1"                  
 [1] "sigma:"              "0.99"                "0.99"               
 [4] "0.967512389516994"   "0.967512389516994"   "0.979455974793767"  
 [7] "0.979455974793767"   "0.99"                "0.99"               
[10] "0.99"                "0.99"                "0.99"               
[13] "0.99"                "0.99"                "0.99"               
[16] "0.99"                "0.99"                "0.99"               
[19] "0.99"                "0.99"                "0.99"               
[22] "0.988433483551151"   "0.988433483551151"   "0.946057720320411"  
[25] "0.946057720320411"   "0.0406149215937651"  "0.0406149215937651" 
[28] "0.25427787614562"    "0.25427787614562"    "0.0243438342130907" 
[31] "0.0243438342130907"  "0.0373815030384962"  "0.0373815030384962" 
[34] "0.0416841577202843"  "0.0416841577202843"  "0.0304907952651548" 
[37] "0.0304907952651548"  "0.0157017813785853"  "0.0157017813785853" 
[40] "0.00281148297683504" "0.00281148297683504" "beta :"             
[43] "1"                  
[1] " old Likelihood:  -9283937.44916224"
[1] "New Likelihood:  -9283907.01954855"
iter:  0  f-value:  29545.82  pgrad:  0.8705683 
iter:  10  f-value:  29545.78  pgrad:  0.4849591 
iter:  20  f-value:  29545.77  pgrad:  0.9543207 
iter:  30  f-value:  29545.77  pgrad:  0.5116173 
iter:  40  f-value:  29545.76  pgrad:  0.4821769 
iter:  50  f-value:  29545.75  pgrad:  0.480297 
  Unsuccessful convergence.
Time difference of 19.15187 mins
[1] "maxIt: 20"
[1] "It: 8"
 [1] "sigma:"              "0.99"                "0.99"               
 [4] "0.970864880170066"   "0.970864880170066"   "0.984148970619603"  
 [7] "0.984148970619603"   "0.99"                "0.99"               
[10] "0.99"                "0.99"                "0.99"               
[13] "0.99"                "0.99"                "0.99"               
[16] "0.99"                "0.99"                "0.99"               
[19] "0.99"                "0.99"                "0.99"               
[22] "0.99"                "0.99"                "0.943866338746452"  
[25] "0.943866338746452"   "0.0406619626443013"  "0.0406619626443013" 
[28] "0.254140860963231"   "0.254140860963231"   "0.0240565027925052" 
[31] "0.0240565027925052"  "0.0367007945932568"  "0.0367007945932568" 
[34] "0.0422575601971763"  "0.0422575601971763"  "0.0322433016699725" 
[37] "0.0322433016699725"  "0.0176279596862589"  "0.0176279596862589" 
[40] "0.00326433642903832" "0.00326433642903832" "beta :"             
[43] "1"                  
 [1] "sigma:"              "0.99"                "0.99"               
 [4] "0.970864880170066"   "0.970864880170066"   "0.984148970619603"  
 [7] "0.984148970619603"   "0.99"                "0.99"               
[10] "0.99"                "0.99"                "0.99"               
[13] "0.99"                "0.99"                "0.99"               
[16] "0.99"                "0.99"                "0.99"               
[19] "0.99"                "0.99"                "0.99"               
[22] "0.99"                "0.99"                "0.943866338746452"  
[25] "0.943866338746452"   "0.0406619626443013"  "0.0406619626443013" 
[28] "0.254140860963231"   "0.254140860963231"   "0.0240565027925052" 
[31] "0.0240565027925052"  "0.0367007945932568"  "0.0367007945932568" 
[34] "0.0422575601971763"  "0.0422575601971763"  "0.0322433016699725" 
[37] "0.0322433016699725"  "0.0176279596862589"  "0.0176279596862589" 
[40] "0.00326433642903832" "0.00326433642903832" "beta :"             
[43] "1"                  
[1] " old Likelihood:  -9283907.01954855"
[1] "New Likelihood:  -9283885.0789183"
iter:  0  f-value:  29575.66  pgrad:  0.9534003 
iter:  10  f-value:  29575.64  pgrad:  0.479687 
iter:  20  f-value:  29575.63  pgrad:  0.4792849 
iter:  30  f-value:  29575.63  pgrad:  0.4778258 
iter:  40  f-value:  29575.62  pgrad:  0.4770727 
iter:  50  f-value:  29575.62  pgrad:  0.4767208 
  Unsuccessful convergence.
Time difference of 19.05686 mins
[1] "maxIt: 20"
[1] "It: 9"
 [1] "sigma:"              "0.99"                "0.99"               
 [4] "0.973142295281876"   "0.973142295281876"   "0.98732081361122"   
 [7] "0.98732081361122"    "0.99"                "0.99"               
[10] "0.99"                "0.99"                "0.99"               
[13] "0.99"                "0.99"                "0.99"               
[16] "0.99"                "0.99"                "0.99"               
[19] "0.99"                "0.99"                "0.99"               
[22] "0.99"                "0.99"                "0.942924337010186"  
[25] "0.942924337010186"   "0.0406318646357693"  "0.0406318646357693" 
[28] "0.253921842961005"   "0.253921842961005"   "0.0238193552683079" 
[31] "0.0238193552683079"  "0.0359095413630674"  "0.0359095413630674" 
[34] "0.04222704938888"    "0.04222704938888"    "0.0331468617138952" 
[37] "0.0331468617138952"  "0.018851865606338"   "0.018851865606338"  
[40] "0.00356283801959766" "0.00356283801959766" "beta :"             
[43] "1"                  
 [1] "sigma:"              "0.99"                "0.99"               
 [4] "0.973142295281876"   "0.973142295281876"   "0.98732081361122"   
 [7] "0.98732081361122"    "0.99"                "0.99"               
[10] "0.99"                "0.99"                "0.99"               
[13] "0.99"                "0.99"                "0.99"               
[16] "0.99"                "0.99"                "0.99"               
[19] "0.99"                "0.99"                "0.99"               
[22] "0.99"                "0.99"                "0.942924337010186"  
[25] "0.942924337010186"   "0.0406318646357693"  "0.0406318646357693" 
[28] "0.253921842961005"   "0.253921842961005"   "0.0238193552683079" 
[31] "0.0238193552683079"  "0.0359095413630674"  "0.0359095413630674" 
[34] "0.04222704938888"    "0.04222704938888"    "0.0331468617138952" 
[37] "0.0331468617138952"  "0.018851865606338"   "0.018851865606338"  
[40] "0.00356283801959766" "0.00356283801959766" "beta :"             
[43] "1"                  
[1] " old Likelihood:  -9283885.0789183"
[1] "New Likelihood:  -9283870.35089836"
iter:  0  f-value:  29599.09  pgrad:  0.9524488 
iter:  10  f-value:  29599.07  pgrad:  0.4760289 
iter:  20  f-value:  29599.07  pgrad:  0.4915791 
iter:  30  f-value:  29599.07  pgrad:  0.4750159 
iter:  40  f-value:  29599.06  pgrad:  0.5118568 
iter:  50  f-value:  29599.06  pgrad:  0.4734292 
  Unsuccessful convergence.
Time difference of 19.03935 mins
[1] "maxIt: 20"
[1] "It: 10"
 [1] "sigma:"              "0.99"                "0.99"               
 [4] "0.97488781281625"    "0.97488781281625"    "0.98974005391471"   
 [7] "0.98974005391471"    "0.99"                "0.99"               
[10] "0.99"                "0.99"                "0.99"               
[13] "0.99"                "0.99"                "0.99"               
[16] "0.99"                "0.99"                "0.99"               
[19] "0.99"                "0.99"                "0.99"               
[22] "0.99"                "0.99"                "0.942114957466788"  
[25] "0.942114957466788"   "0.0405270769899636"  "0.0405270769899636" 
[28] "0.25362554336856"    "0.25362554336856"    "0.0235151562482231" 
[31] "0.0235151562482231"  "0.035120769757014"   "0.035120769757014"  
[34] "0.0419553439947862"  "0.0419553439947862"  "0.0336749117264025" 
[37] "0.0336749117264025"  "0.0197630934072617"  "0.0197630934072617" 
[40] "0.00378737798487181" "0.00378737798487181" "beta :"             
[43] "1"                  
 [1] "sigma:"              "0.99"                "0.99"               
 [4] "0.97488781281625"    "0.97488781281625"    "0.98974005391471"   
 [7] "0.98974005391471"    "0.99"                "0.99"               
[10] "0.99"                "0.99"                "0.99"               
[13] "0.99"                "0.99"                "0.99"               
[16] "0.99"                "0.99"                "0.99"               
[19] "0.99"                "0.99"                "0.99"               
[22] "0.99"                "0.99"                "0.942114957466788"  
[25] "0.942114957466788"   "0.0405270769899636"  "0.0405270769899636" 
[28] "0.25362554336856"    "0.25362554336856"    "0.0235151562482231" 
[31] "0.0235151562482231"  "0.035120769757014"   "0.035120769757014"  
[34] "0.0419553439947862"  "0.0419553439947862"  "0.0336749117264025" 
[37] "0.0336749117264025"  "0.0197630934072617"  "0.0197630934072617" 
[40] "0.00378737798487181" "0.00378737798487181" "beta :"             
[43] "1"                  
[1] " old Likelihood:  -9283870.35089836"
[1] "New Likelihood:  -9283859.16563184"
iter:  0  f-value:  29618.18  pgrad:  0.8567076 
iter:  10  f-value:  29618.17  pgrad:  0.4730314 
iter:  20  f-value:  29618.16  pgrad:  0.4726008 
iter:  30  f-value:  29618.16  pgrad:  0.5097885 
iter:  40  f-value:  29618.16  pgrad:  0.4710011 
iter:  50  f-value:  29618.16  pgrad:  0.491444 
  Unsuccessful convergence.
Time difference of 19.04417 mins
[1] "maxIt: 20"
[1] "It: 11"
 [1] "sigma:"              "0.99"                "0.99"               
 [4] "0.976724367385091"   "0.976724367385091"   "0.99"               
 [7] "0.99"                "0.99"                "0.99"               
[10] "0.99"                "0.99"                "0.99"               
[13] "0.99"                "0.99"                "0.99"               
[16] "0.99"                "0.99"                "0.99"               
[19] "0.99"                "0.99"                "0.99"               
[22] "0.99"                "0.99"                "0.941405773030485"  
[25] "0.941405773030485"   "0.0403773858643415"  "0.0403773858643415" 
[28] "0.253241409651665"   "0.253241409651665"   "0.0231713934907582" 
[31] "0.0231713934907582"  "0.0341890348580383"  "0.0341890348580383" 
[34] "0.0414748960582462"  "0.0414748960582462"  "0.0340519174429695" 
[37] "0.0340519174429695"  "0.0206554512561561"  "0.0206554512561561" 
[40] "0.00402011012112602" "0.00402011012112602" "beta :"             
[43] "1"                  
 [1] "sigma:"              "0.99"                "0.99"               
 [4] "0.976724367385091"   "0.976724367385091"   "0.99"               
 [7] "0.99"                "0.99"                "0.99"               
[10] "0.99"                "0.99"                "0.99"               
[13] "0.99"                "0.99"                "0.99"               
[16] "0.99"                "0.99"                "0.99"               
[19] "0.99"                "0.99"                "0.99"               
[22] "0.99"                "0.99"                "0.941405773030485"  
[25] "0.941405773030485"   "0.0403773858643415"  "0.0403773858643415" 
[28] "0.253241409651665"   "0.253241409651665"   "0.0231713934907582" 
[31] "0.0231713934907582"  "0.0341890348580383"  "0.0341890348580383" 
[34] "0.0414748960582462"  "0.0414748960582462"  "0.0340519174429695" 
[37] "0.0340519174429695"  "0.0206554512561561"  "0.0206554512561561" 
[40] "0.00402011012112602" "0.00402011012112602" "beta :"             
[43] "1"                  
[1] " old Likelihood:  -9283859.16563184"
[1] "New Likelihood:  -9283850.22594198"
iter:  0  f-value:  29634.77  pgrad:  0.7352355 
iter:  10  f-value:  29634.76  pgrad:  0.4699427 
iter:  20  f-value:  29634.76  pgrad:  0.469277 
iter:  30  f-value:  29634.75  pgrad:  0.4644877 
iter:  40  f-value:  29634.75  pgrad:  0.4643021 
iter:  50  f-value:  29634.75  pgrad:  0.4630129 
  Unsuccessful convergence.
Time difference of 18.99352 mins
[1] "maxIt: 20"
[1] "It: 12"
 [1] "sigma:"              "0.99"                "0.99"               
 [4] "0.981840706263635"   "0.981840706263635"   "0.99"               
 [7] "0.99"                "0.99"                "0.99"               
[10] "0.99"                "0.99"                "0.99"               
[13] "0.99"                "0.99"                "0.99"               
[16] "0.99"                "0.99"                "0.99"               
[19] "0.99"                "0.99"                "0.99"               
[22] "0.99"                "0.99"                "0.940796111368434"  
[25] "0.940796111368434"   "0.0401244307580473"  "0.0401244307580473" 
[28] "0.252508295805754"   "0.252508295805754"   "0.0223432836956522" 
[31] "0.0223432836956522"  "0.0318975255482299"  "0.0318975255482299" 
[34] "0.0400650159372"     "0.0400650159372"     "0.03468228805956"   
[37] "0.03468228805956"    "0.0228608346053739"  "0.0228608346053739" 
[40] "0.00466726976326383" "0.00466726976326383" "beta :"             
[43] "1"                  
 [1] "sigma:"              "0.99"                "0.99"               
 [4] "0.981840706263635"   "0.981840706263635"   "0.99"               
 [7] "0.99"                "0.99"                "0.99"               
[10] "0.99"                "0.99"                "0.99"               
[13] "0.99"                "0.99"                "0.99"               
[16] "0.99"                "0.99"                "0.99"               
[19] "0.99"                "0.99"                "0.99"               
[22] "0.99"                "0.99"                "0.940796111368434"  
[25] "0.940796111368434"   "0.0401244307580473"  "0.0401244307580473" 
[28] "0.252508295805754"   "0.252508295805754"   "0.0223432836956522" 
[31] "0.0223432836956522"  "0.0318975255482299"  "0.0318975255482299" 
[34] "0.0400650159372"     "0.0400650159372"     "0.03468228805956"   
[37] "0.03468228805956"    "0.0228608346053739"  "0.0228608346053739" 
[40] "0.00466726976326383" "0.00466726976326383" "beta :"             
[43] "1"                  
[1] " old Likelihood:  -9283850.22594198"
[1] "New Likelihood:  -9283841.56969929"
iter:  0  f-value:  29653.89  pgrad:  0.6588016 
iter:  10  f-value:  29653.88  pgrad:  0.4626674 
iter:  20  f-value:  29653.88  pgrad:  0.4913397 
iter:  30  f-value:  29653.88  pgrad:  0.4605344 
iter:  40  f-value:  29653.88  pgrad:  0.4600801 
iter:  50  f-value:  29653.88  pgrad:  0.459636 
  Unsuccessful convergence.
Time difference of 19.08338 mins
[1] "maxIt: 20"
[1] "It: 13"
 [1] "sigma:"             "0.99"               "0.99"              
 [4] "0.984371070671335"  "0.984371070671335"  "0.99"              
 [7] "0.99"               "0.99"               "0.99"              
[10] "0.99"               "0.99"               "0.99"              
[13] "0.99"               "0.99"               "0.99"              
[16] "0.99"               "0.99"               "0.99"              
[19] "0.99"               "0.99"               "0.99"              
[22] "0.99"               "0.99"               "0.940184388316785" 
[25] "0.940184388316785"  "0.0399105680217812" "0.0399105680217812"
[28] "0.251927653467707"  "0.251927653467707"  "0.0218684521441121"
[31] "0.0218684521441121" "0.030564538133441"  "0.030564538133441" 
[34] "0.0391173852440492" "0.0391173852440492" "0.0348350139521691"
[37] "0.0348350139521691" "0.0239035203031379" "0.0239035203031379"
[40] "0.0049709722676638" "0.0049709722676638" "beta :"            
[43] "1"                 
 [1] "sigma:"             "0.99"               "0.99"              
 [4] "0.984371070671335"  "0.984371070671335"  "0.99"              
 [7] "0.99"               "0.99"               "0.99"              
[10] "0.99"               "0.99"               "0.99"              
[13] "0.99"               "0.99"               "0.99"              
[16] "0.99"               "0.99"               "0.99"              
[19] "0.99"               "0.99"               "0.99"              
[22] "0.99"               "0.99"               "0.940184388316785" 
[25] "0.940184388316785"  "0.0399105680217812" "0.0399105680217812"
[28] "0.251927653467707"  "0.251927653467707"  "0.021868452144112" 
[31] "0.021868452144112"  "0.030564538133441"  "0.030564538133441" 
[34] "0.0391173852440492" "0.0391173852440492" "0.0348350139521691"
[37] "0.0348350139521691" "0.0239035203031379" "0.0239035203031379"
[40] "0.0049709722676638" "0.0049709722676638" "beta :"            
[43] "1"                 
[1] " old Likelihood:  -9283841.56969929"
[1] "New Likelihood:  -9283835.25768325"
iter:  0  f-value:  29668.75  pgrad:  0.5888796 
iter:  10  f-value:  29668.75  pgrad:  0.4593381 
iter:  20  f-value:  29668.74  pgrad:  0.4587927 
iter:  30  f-value:  29668.74  pgrad:  0.4576923 
iter:  40  f-value:  29668.74  pgrad:  0.4573867 
iter:  50  f-value:  29668.74  pgrad:  0.5091613 
  Unsuccessful convergence.
Time difference of 19.67278 mins
[1] "maxIt: 20"
[1] "It: 14"
 [1] "sigma:"              "0.99"                "0.99"               
 [4] "0.987209995598224"   "0.987209995598224"   "0.99"               
 [7] "0.99"                "0.99"                "0.99"               
[10] "0.99"                "0.99"                "0.99"               
[13] "0.99"                "0.99"                "0.99"               
[16] "0.99"                "0.99"                "0.99"               
[19] "0.99"                "0.99"                "0.99"               
[22] "0.99"                "0.99"                "0.939654825955468"  
[25] "0.939654825955468"   "0.0396859373747059"  "0.0396859373747059" 
[28] "0.251346652353781"   "0.251346652353781"   "0.0212868554578511" 
[31] "0.0212868554578511"  "0.0290682577074138"  "0.0290682577074138" 
[34] "0.0379608741097526"  "0.0379608741097526"  "0.03485909061183"   
[37] "0.03485909061183"    "0.0249942238625369"  "0.0249942238625369" 
[40] "0.00530137052481659" "0.00530137052481659" "beta :"             
[43] "1"                  
 [1] "sigma:"              "0.99"                "0.99"               
 [4] "0.987209995598224"   "0.987209995598224"   "0.99"               
 [7] "0.99"                "0.99"                "0.99"               
[10] "0.99"                "0.99"                "0.99"               
[13] "0.99"                "0.99"                "0.99"               
[16] "0.99"                "0.99"                "0.99"               
[19] "0.99"                "0.99"                "0.99"               
[22] "0.99"                "0.99"                "0.939654825955468"  
[25] "0.939654825955468"   "0.039685937374706"   "0.039685937374706"  
[28] "0.251346652353781"   "0.251346652353781"   "0.0212868554578511" 
[31] "0.0212868554578511"  "0.0290682577074138"  "0.0290682577074138" 
[34] "0.0379608741097526"  "0.0379608741097526"  "0.03485909061183"   
[37] "0.03485909061183"    "0.0249942238625369"  "0.0249942238625369" 
[40] "0.00530137052481659" "0.00530137052481659" "beta :"             
[43] "1"                  
[1] " old Likelihood:  -9283835.25768325"
[1] "New Likelihood:  -9283829.74046835"
iter:  0  f-value:  29683.07  pgrad:  0.53642 
iter:  10  f-value:  29683.06  pgrad:  0.4559262 
iter:  20  f-value:  29683.06  pgrad:  0.4554288 
iter:  30  f-value:  29683.06  pgrad:  0.4551075 
iter:  40  f-value:  29683.06  pgrad:  0.4910354 
iter:  50  f-value:  29683.06  pgrad:  0.4539899 
  Unsuccessful convergence.
Time difference of 19.77223 mins
[1] "maxIt: 20"
[1] "It: 15"
 [1] "sigma:"              "0.99"                "0.99"               
 [4] "0.989090492167742"   "0.989090492167742"   "0.99"               
 [7] "0.99"                "0.99"                "0.99"               
[10] "0.99"                "0.99"                "0.99"               
[13] "0.99"                "0.99"                "0.99"               
[16] "0.99"                "0.99"                "0.99"               
[19] "0.99"                "0.99"                "0.99"               
[22] "0.99"                "0.99"                "0.939156239091905"  
[25] "0.939156239091905"   "0.0395096738210641"  "0.0395096738210641" 
[28] "0.25086697249644"    "0.25086697249644"    "0.0208481245243359" 
[31] "0.0208481245243359"  "0.0279721509899113"  "0.0279721509899113" 
[34] "0.0370583520295613"  "0.0370583520295613"  "0.0347647706226535" 
[37] "0.0347647706226535"  "0.0256793909019127"  "0.0256793909019127" 
[40] "0.00550898119715241" "0.00550898119715241" "beta :"             
[43] "1"                  
 [1] "sigma:"              "0.99"                "0.99"               
 [4] "0.989090492167742"   "0.989090492167742"   "0.99"               
 [7] "0.99"                "0.99"                "0.99"               
[10] "0.99"                "0.99"                "0.99"               
[13] "0.99"                "0.99"                "0.99"               
[16] "0.99"                "0.99"                "0.99"               
[19] "0.99"                "0.99"                "0.99"               
[22] "0.99"                "0.99"                "0.939156239091905"  
[25] "0.939156239091905"   "0.0395096738210642"  "0.0395096738210642" 
[28] "0.25086697249644"    "0.25086697249644"    "0.0208481245243359" 
[31] "0.0208481245243359"  "0.0279721509899113"  "0.0279721509899113" 
[34] "0.0370583520295613"  "0.0370583520295613"  "0.0347647706226535" 
[37] "0.0347647706226535"  "0.0256793909019127"  "0.0256793909019127" 
[40] "0.00550898119715241" "0.00550898119715241" "beta :"             
[43] "1"                  
[1] " old Likelihood:  -9283829.74046835"
[1] "New Likelihood:  -9283825.04737681"
iter:  0  f-value:  29694.11  pgrad:  0.5099061 
iter:  10  f-value:  29694.1  pgrad:  0.453756 
iter:  20  f-value:  29694.1  pgrad:  0.4801768 
iter:  30  f-value:  29694.1  pgrad:  0.4530431 
iter:  40  f-value:  29694.1  pgrad:  0.4525909 
iter:  50  f-value:  29694.1  pgrad:  0.4521179 
  Unsuccessful convergence.
Time difference of 19.76154 mins
[1] "maxIt: 20"
[1] "It: 16"
 [1] "sigma:"              "0.99"                "0.99"               
 [4] "0.99"                "0.99"                "0.99"               
 [7] "0.99"                "0.99"                "0.99"               
[10] "0.99"                "0.99"                "0.99"               
[13] "0.99"                "0.99"                "0.99"               
[16] "0.99"                "0.99"                "0.99"               
[19] "0.99"                "0.99"                "0.99"               
[22] "0.99"                "0.99"                "0.938718627945427"  
[25] "0.938718627945427"   "0.0393594662885116"  "0.0393594662885116" 
[28] "0.250398532038618"   "0.250398532038618"   "0.0204176983927395" 
[31] "0.0204176983927395"  "0.0268969638190101"  "0.0268969638190101" 
[34] "0.0361305304090897"  "0.0361305304090897"  "0.034616252916735"  
[37] "0.034616252916735"   "0.0263052568078572"  "0.0263052568078572" 
[40] "0.00570525814540488" "0.00570525814540488" "beta :"             
[43] "1"                  
 [1] "sigma:"              "0.99"                "0.99"               
 [4] "0.99"                "0.99"                "0.99"               
 [7] "0.99"                "0.99"                "0.99"               
[10] "0.99"                "0.99"                "0.99"               
[13] "0.99"                "0.99"                "0.99"               
[16] "0.99"                "0.99"                "0.99"               
[19] "0.99"                "0.99"                "0.99"               
[22] "0.99"                "0.99"                "0.938718627945427"  
[25] "0.938718627945427"   "0.0393594662885116"  "0.0393594662885116" 
[28] "0.250398532038618"   "0.250398532038618"   "0.0204176983927395" 
[31] "0.0204176983927395"  "0.0268969638190101"  "0.0268969638190101" 
[34] "0.0361305304090897"  "0.0361305304090897"  "0.034616252916735"  
[37] "0.034616252916735"   "0.0263052568078572"  "0.0263052568078572" 
[40] "0.00570525814540487" "0.00570525814540487" "beta :"             
[43] "1"                  
[1] " old Likelihood:  -9283825.04737681"
[1] "New Likelihood:  -9283820.91564845"
iter:  0  f-value:  29704.18  pgrad:  0.5088071 
iter:  10  f-value:  29704.18  pgrad:  0.4517656 
iter:  20  f-value:  29704.18  pgrad:  0.4513351 
iter:  30  f-value:  29704.18  pgrad:  0.4511555 
iter:  40  f-value:  29704.18  pgrad:  0.5086222 
iter:  50  f-value:  29704.17  pgrad:  0.423388 
  Unsuccessful convergence.
Time difference of 19.76742 mins
[1] "maxIt: 20"
[1] "It: 17"
 [1] "sigma:"              "0.99"                "0.99"               
 [4] "0.99"                "0.99"                "0.99"               
 [7] "0.99"                "0.99"                "0.99"               
[10] "0.99"                "0.99"                "0.99"               
[13] "0.99"                "0.99"                "0.99"               
[16] "0.99"                "0.99"                "0.99"               
[19] "0.99"                "0.99"                "0.99"               
[22] "0.99"                "0.99"                "0.93834221421561"   
[25] "0.93834221421561"    "0.0392226142187978"  "0.0392226142187978" 
[28] "0.249888596316788"   "0.249888596316788"   "0.019925510637579"  
[31] "0.019925510637579"   "0.025678604230799"   "0.025678604230799"  
[34] "0.0350382413735997"  "0.0350382413735997"  "0.0344052438864997" 
[37] "0.0344052438864997"  "0.0269768527651333"  "0.0269768527651333" 
[40] "0.00592572551133974" "0.00592572551133974" "beta :"             
[43] "1"                  
 [1] "sigma:"              "0.99"                "0.99"               
 [4] "0.99"                "0.99"                "0.99"               
 [7] "0.99"                "0.99"                "0.99"               
[10] "0.99"                "0.99"                "0.99"               
[13] "0.99"                "0.99"                "0.99"               
[16] "0.99"                "0.99"                "0.99"               
[19] "0.99"                "0.99"                "0.99"               
[22] "0.99"                "0.99"                "0.93834221421561"   
[25] "0.93834221421561"    "0.0392226142187978"  "0.0392226142187978" 
[28] "0.249888596316788"   "0.249888596316788"   "0.019925510637579"  
[31] "0.019925510637579"   "0.025678604230799"   "0.025678604230799"  
[34] "0.0350382413735997"  "0.0350382413735997"  "0.0344052438864997" 
[37] "0.0344052438864997"  "0.0269768527651333"  "0.0269768527651333" 
[40] "0.00592572551133974" "0.00592572551133974" "beta :"             
[43] "1"                  
[1] " old Likelihood:  -9283820.91564845"
[1] "New Likelihood:  -9283817.22270051"
iter:  0  f-value:  29713.97  pgrad:  0.5086416 
iter:  10  f-value:  29713.97  pgrad:  0.4497065 
iter:  20  f-value:  29713.97  pgrad:  0.4494327 
iter:  30  f-value:  29713.97  pgrad:  0.4086905 
iter:  40  f-value:  29713.97  pgrad:  0.5116678 
iter:  50  f-value:  29713.96  pgrad:  0.3943911 
  Unsuccessful convergence.
Time difference of 19.77468 mins
[1] "maxIt: 20"
[1] "It: 18"
 [1] "sigma:"              "0.99"                "0.99"               
 [4] "0.99"                "0.99"                "0.99"               
 [7] "0.99"                "0.99"                "0.99"               
[10] "0.99"                "0.99"                "0.99"               
[13] "0.99"                "0.99"                "0.99"               
[16] "0.99"                "0.99"                "0.99"               
[19] "0.99"                "0.99"                "0.99"               
[22] "0.99"                "0.99"                "0.938043610852329"  
[25] "0.938043610852329"   "0.0390983521852472"  "0.0390983521852472" 
[28] "0.249262702432515"   "0.249262702432515"   "0.0192724018069223" 
[31] "0.0192724018069223"  "0.0240469982069784"  "0.0240469982069784" 
[34] "0.0335261936943544"  "0.0335261936943544"  "0.034052637042378"  
[37] "0.034052637042378"   "0.0278620352741982"  "0.0278620352741982" 
[40] "0.00623216587016194" "0.00623216587016194" "beta :"             
[43] "1"                  
 [1] "sigma:"              "0.99"                "0.99"               
 [4] "0.99"                "0.99"                "0.99"               
 [7] "0.99"                "0.99"                "0.99"               
[10] "0.99"                "0.99"                "0.99"               
[13] "0.99"                "0.99"                "0.99"               
[16] "0.99"                "0.99"                "0.99"               
[19] "0.99"                "0.99"                "0.99"               
[22] "0.99"                "0.99"                "0.938043610852329"  
[25] "0.938043610852329"   "0.0390983521852472"  "0.0390983521852472" 
[28] "0.249262702432515"   "0.249262702432515"   "0.0192724018069223" 
[31] "0.0192724018069223"  "0.0240469982069784"  "0.0240469982069784" 
[34] "0.0335261936943544"  "0.0335261936943544"  "0.034052637042378"  
[37] "0.034052637042378"   "0.0278620352741982"  "0.0278620352741982" 
[40] "0.00623216587016194" "0.00623216587016194" "beta :"             
[43] "1"                  
[1] " old Likelihood:  -9283817.22270051"
[1] "New Likelihood:  -9283813.83030004"
iter:  0  f-value:  29725.33  pgrad:  0.5085464 
iter:  10  f-value:  29725.32  pgrad:  0.3941474 
iter:  20  f-value:  29725.32  pgrad:  0.4915226 
iter:  30  f-value:  29725.32  pgrad:  0.3933466 
iter:  40  f-value:  29725.32  pgrad:  0.391512 
iter:  50  f-value:  29725.32  pgrad:  0.3912514 
  Unsuccessful convergence.
Time difference of 19.57586 mins
[1] "maxIt: 20"
[1] "It: 19"
 [1] "sigma:"              "0.99"                "0.99"               
 [4] "0.99"                "0.99"                "0.99"               
 [7] "0.99"                "0.99"                "0.99"               
[10] "0.99"                "0.99"                "0.99"               
[13] "0.99"                "0.99"                "0.99"               
[16] "0.99"                "0.99"                "0.99"               
[19] "0.99"                "0.99"                "0.99"               
[22] "0.99"                "0.99"                "0.937767646846986"  
[25] "0.937767646846986"   "0.0390138359949883"  "0.0390138359949883" 
[28] "0.248626514845867"   "0.248626514845867"   "0.0185961313113417" 
[31] "0.0185961313113417"  "0.0223232848477103"  "0.0223232848477103" 
[34] "0.0318858717336258"  "0.0318858717336258"  "0.0336209438625604" 
[37] "0.0336209438625604"  "0.028783569519819"   "0.028783569519819"  
[40] "0.00656176290750012" "0.00656176290750012" "beta :"             
[43] "1"                  
 [1] "sigma:"              "0.99"                "0.99"               
 [4] "0.99"                "0.99"                "0.99"               
 [7] "0.99"                "0.99"                "0.99"               
[10] "0.99"                "0.99"                "0.99"               
[13] "0.99"                "0.99"                "0.99"               
[16] "0.99"                "0.99"                "0.99"               
[19] "0.99"                "0.99"                "0.99"               
[22] "0.99"                "0.99"                "0.937767646846986"  
[25] "0.937767646846986"   "0.0390138359949883"  "0.0390138359949883" 
[28] "0.248626514845867"   "0.248626514845867"   "0.0185961313113417" 
[31] "0.0185961313113417"  "0.0223232848477103"  "0.0223232848477103" 
[34] "0.0318858717336258"  "0.0318858717336258"  "0.0336209438625604" 
[37] "0.0336209438625604"  "0.028783569519819"   "0.028783569519819"  
[40] "0.00656176290750012" "0.00656176290750012" "beta :"             
[43] "1"                  
[1] " old Likelihood:  -9283813.83030004"
[1] "New Likelihood:  -9283810.62693381"
iter:  0  f-value:  29737.14  pgrad:  0.5084635 
iter:  10  f-value:  29737.14  pgrad:  0.3908091 
iter:  20  f-value:  29737.13  pgrad:  0.4629692 
iter:  30  f-value:  29737.13  pgrad:  0.3898368 
iter:  40  f-value:  29737.13  pgrad:  0.3888629 
iter:  50  f-value:  29737.13  pgrad:  0.5117846 
  Unsuccessful convergence.
Time difference of 19.72718 mins
[1] "maxIt: 20"
[1] "It: 20"
 [1] "sigma:"              "0.99"                "0.99"               
 [4] "0.99"                "0.99"                "0.99"               
 [7] "0.99"                "0.99"                "0.99"               
[10] "0.99"                "0.99"                "0.99"               
[13] "0.99"                "0.99"                "0.99"               
[16] "0.99"                "0.99"                "0.99"               
[19] "0.99"                "0.99"                "0.99"               
[22] "0.99"                "0.99"                "0.937505024360653"  
[25] "0.937505024360653"   "0.0389654065217729"  "0.0389654065217729" 
[28] "0.24805794416399"    "0.24805794416399"    "0.0179933773030856" 
[31] "0.0179933773030856"  "0.0208033124415593"  "0.0208033124415593" 
[34] "0.030407927626477"   "0.030407927626477"   "0.0332058382205135" 
[37] "0.0332058382205135"  "0.0295511847215765"  "0.0295511847215765" 
[40] "0.00684180766180529" "0.00684180766180529" "beta :"             
[43] "1"                  
 [1] "sigma:"              "0.99"                "0.99"               
 [4] "0.99"                "0.99"                "0.99"               
 [7] "0.99"                "0.99"                "0.99"               
[10] "0.99"                "0.99"                "0.99"               
[13] "0.99"                "0.99"                "0.99"               
[16] "0.99"                "0.99"                "0.99"               
[19] "0.99"                "0.99"                "0.99"               
[22] "0.99"                "0.99"                "0.937505024360653"  
[25] "0.937505024360653"   "0.0389654065217729"  "0.0389654065217729" 
[28] "0.24805794416399"    "0.24805794416399"    "0.0179933773030856" 
[31] "0.0179933773030856"  "0.0208033124415593"  "0.0208033124415593" 
[34] "0.030407927626477"   "0.030407927626477"   "0.0332058382205135" 
[37] "0.0332058382205135"  "0.0295511847215765"  "0.0295511847215765" 
[40] "0.00684180766180529" "0.00684180766180529" "beta :"             
[43] "1"                  
[1] " old Likelihood:  -9283810.62693381"
[1] "New Likelihood:  -9283807.63194268"
iter:  0  f-value:  29747.48  pgrad:  0.5083735 
iter:  10  f-value:  29747.47  pgrad:  0.3880211 
iter:  20  f-value:  29747.47  pgrad:  0.3875105 
iter:  30  f-value:  29747.47  pgrad:  0.3869514 
iter:  40  f-value:  29747.47  pgrad:  0.3852989 
iter:  50  f-value:  29747.47  pgrad:  0.3850823 
  Unsuccessful convergence.
Time difference of 19.65654 mins
 [1] "sigma:"              "0.99"                "0.99"               
 [4] "0.99"                "0.99"                "0.99"               
 [7] "0.99"                "0.99"                "0.99"               
[10] "0.99"                "0.99"                "0.99"               
[13] "0.99"                "0.99"                "0.99"               
[16] "0.99"                "0.99"                "0.99"               
[19] "0.99"                "0.99"                "0.99"               
[22] "0.99"                "0.99"                "0.937287918702869"  
[25] "0.937287918702869"   "0.0389553271043389"  "0.0389553271043389" 
[28] "0.24740887648588"    "0.24740887648588"    "0.0172739854734861" 
[31] "0.0172739854734861"  "0.0190092939664364"  "0.0190092939664364" 
[34] "0.0286316809506593"  "0.0286316809506593"  "0.0326482173369372" 
[37] "0.0326482173369372"  "0.0304162628609283"  "0.0304162628609283" 
[40] "0.00716716825103857" "0.00716716825103857" "beta :"             
[43] "1"                  
[1] 1999018 1999802 1998914 1999522 1999500
[1] 1 1 1 1 1
saved RDS
inference successful
