[1] "Original length"
[1] 999824
[1] "Final length"
[1] 17202
[1] "sequence length : 999825" "sequence length : 999955"
[3] "sequence length : 999883" "sequence length : 999731"
[5] "sequence length : 999424"
[1] 1 1 1 1 1
[1] "Beta: 1"
[1] "Self: 0"
[1] "maxIt: 20"
[1] "It: 1"
 [1] "sigma:" "0"      "0"      "0"      "0"      "0"      "0"      "0"     
 [9] "0"      "0"      "0"      "0"      "0"      "0"      "0"      "0"     
[17] "0"      "0"      "0"      "0"      "0"      "0"      "0"      "0"     
[25] "0"      "0"      "0"      "0"      "0"      "0"      "0"      "0"     
[33] "0"      "0"      "0"      "0"      "0"      "0"      "0"      "0"     
[41] "0"      "beta :" "1"     
 [1] "sigma:" "0.9405" "0.9405" "0.9405" "0.9405" "0.9405" "0.9405" "0.9405"
 [9] "0.9405" "0.9405" "0.9405" "0.9405" "0.9405" "0.9405" "0.9405" "0.9405"
[17] "0.9405" "0.9405" "0.9405" "0.9405" "0.9405" "0.9405" "0.9405" "0.9405"
[25] "0.9405" "0.9405" "0.9405" "0"      "0"      "0"      "0"      "0"     
[33] "0"      "0"      "0"      "0"      "0"      "0"      "0"      "0"     
[41] "0"      "beta :" "1"     
[1] "New Likelihood:  -8817028.16147104"
iter:  0  f-value:  25154.74  pgrad:  0.5 
iter:  10  f-value:  25147.61  pgrad:  0.9994714 
iter:  20  f-value:  25146.13  pgrad:  0.9987375 
iter:  30  f-value:  25145.7  pgrad:  0.9976817 
iter:  40  f-value:  25145.51  pgrad:  0.9968675 
iter:  50  f-value:  25145.25  pgrad:  0.9950208 
  Unsuccessful convergence.
Time difference of 2.45077 hours
[1] "maxIt: 20"
[1] "It: 2"
 [1] "sigma:"               "0.954600413213793"    "0.954600413213793"   
 [4] "0.94788965313856"     "0.94788965313856"     "0.951204590746374"   
 [7] "0.951204590746374"    "0.955925871294907"    "0.955925871294907"   
[10] "0.962010099842731"    "0.962010099842731"    "0.968181823441048"   
[13] "0.968181823441048"    "0.971775483534108"    "0.971775483534108"   
[16] "0.971790451565736"    "0.971790451565736"    "0.971675520051227"   
[19] "0.971675520051227"    "0.969071267260283"    "0.969071267260283"   
[22] "0.948039115047356"    "0.948039115047356"    "0.919172392204449"   
[25] "0.919172392204449"    "0.931465528818305"    "0.931465528818305"   
[28] "0.00885518272069815"  "0.00885518272069815"  "0.0158891644750785"  
[31] "0.0158891644750785"   "0.0169480862843298"   "0.0169480862843298"  
[34] "0.0166803538031651"   "0.0166803538031651"   "0.011813302659244"   
[37] "0.011813302659244"    "0.004941778074594"    "0.004941778074594"   
[40] "0.000743590725794024" "0.000743590725794024" "beta :"              
[43] "1"                   
 [1] "sigma:"               "0.954600413213793"    "0.954600413213793"   
 [4] "0.94788965313856"     "0.94788965313856"     "0.951204590746374"   
 [7] "0.951204590746374"    "0.955925871294907"    "0.955925871294907"   
[10] "0.962010099842731"    "0.962010099842731"    "0.968181823441048"   
[13] "0.968181823441048"    "0.971775483534108"    "0.971775483534108"   
[16] "0.971790451565736"    "0.971790451565736"    "0.971675520051227"   
[19] "0.971675520051227"    "0.969071267260283"    "0.969071267260283"   
[22] "0.948039115047356"    "0.948039115047356"    "0.968672392204449"   
[25] "0.968672392204449"    "0.733465528818305"    "0.733465528818305"   
[28] "0.157355182720698"    "0.157355182720698"    "0.0158891644750785"  
[31] "0.0158891644750785"   "0.0169480862843298"   "0.0169480862843298"  
[34] "0.0166803538031651"   "0.0166803538031651"   "0.011813302659244"   
[37] "0.011813302659244"    "0.004941778074594"    "0.004941778074594"   
[40] "0.000743590725794027" "0.000743590725794027" "beta :"              
[43] "1"                   
[1] " old Likelihood:  -8817028.16147104"
[1] "New Likelihood:  -8814183.25071328"
iter:  0  f-value:  25720.88  pgrad:  0.4977745 
iter:  10  f-value:  25718.68  pgrad:  0.9947201 
iter:  20  f-value:  25718.05  pgrad:  0.9852958 
iter:  30  f-value:  25717.96  pgrad:  0.9930895 
iter:  40  f-value:  25717.89  pgrad:  0.9967276 
iter:  50  f-value:  25717.84  pgrad:  0.9955988 
  Unsuccessful convergence.
Time difference of 22.90865 mins
[1] "maxIt: 20"
[1] "It: 3"
 [1] "sigma:"              "0.963493111066803"   "0.963493111066803"  
 [4] "0.952664649954712"   "0.952664649954712"   "0.958017524290305"  
 [7] "0.958017524290305"   "0.965601863436569"   "0.965601863436569"  
[10] "0.975236860171958"   "0.975236860171958"   "0.984310749111446"  
[13] "0.984310749111446"   "0.988170115657584"   "0.988170115657584"  
[16] "0.985239527506901"   "0.985239527506901"   "0.985611961988652"  
[19] "0.985611961988652"   "0.986553080184761"   "0.986553080184761"  
[22] "0.961492010182591"   "0.961492010182591"   "0.962054593596743"  
[25] "0.962054593596743"   "0.716780255335197"   "0.716780255335197"  
[28] "0.161771603744559"   "0.161771603744559"   "0.0226121297837652" 
[31] "0.0226121297837652"  "0.0264850042053412"  "0.0264850042053412" 
[34] "0.027408436704061"   "0.027408436704061"   "0.0200260916398547" 
[37] "0.0200260916398547"  "0.00861049395528656" "0.00861049395528656"
[40] "0.00134854184232946" "0.00134854184232946" "beta :"             
[43] "1"                  
 [1] "sigma:"              "0.963493111066803"   "0.963493111066803"  
 [4] "0.952664649954712"   "0.952664649954712"   "0.958017524290305"  
 [7] "0.958017524290305"   "0.965601863436569"   "0.965601863436569"  
[10] "0.975236860171958"   "0.975236860171958"   "0.984310749111446"  
[13] "0.984310749111446"   "0.988170115657584"   "0.988170115657584"  
[16] "0.985239527506901"   "0.985239527506901"   "0.985611961988652"  
[19] "0.985611961988652"   "0.986553080184761"   "0.986553080184761"  
[22] "0.961492010182591"   "0.961492010182591"   "0.962054593596743"  
[25] "0.962054593596743"   "0.667280255335197"   "0.667280255335197"  
[28] "0.310271603744559"   "0.310271603744559"   "0.0721121297837652" 
[31] "0.0721121297837652"  "0.0264850042053412"  "0.0264850042053412" 
[34] "0.027408436704061"   "0.027408436704061"   "0.0200260916398547" 
[37] "0.0200260916398547"  "0.00861049395528656" "0.00861049395528656"
[40] "0.00134854184232946" "0.00134854184232946" "beta :"             
[43] "1"                  
[1] " old Likelihood:  -8814183.25071328"
[1] "New Likelihood:  -8813282.72003339"
iter:  0  f-value:  25446.46  pgrad:  0.4959645 
iter:  10  f-value:  25445.36  pgrad:  0.9791679 
iter:  20  f-value:  25445.29  pgrad:  0.9782889 
iter:  30  f-value:  25445.22  pgrad:  0.976527 
iter:  40  f-value:  25445.18  pgrad:  0.9750932 
iter:  50  f-value:  25445.17  pgrad:  0.9743949 
  Unsuccessful convergence.
Time difference of 21.80108 mins
[1] "maxIt: 20"
[1] "It: 4"
 [1] "sigma:"              "0.969302665695972"   "0.969302665695972"  
 [4] "0.95583329306383"    "0.95583329306383"    "0.962555290967329"  
 [7] "0.962555290967329"   "0.972056546951164"   "0.972056546951164"  
[10] "0.984057545000885"   "0.984057545000885"   "0.99"               
[13] "0.99"                "0.99"                "0.99"               
[16] "0.989984609044987"   "0.989984609044987"   "0.99"               
[19] "0.99"                "0.99"                "0.99"               
[22] "0.977041946729528"   "0.977041946729528"   "0.958981011914082"  
[25] "0.958981011914082"   "0.656403402986678"   "0.656403402986678"  
[28] "0.309476909157656"   "0.309476909157656"   "0.0766456758122397" 
[31] "0.0766456758122397"  "0.0329492375181041"  "0.0329492375181041" 
[34] "0.0343470789623965"  "0.0343470789623965"  "0.0254162847012162" 
[37] "0.0254162847012162"  "0.0111176830153058"  "0.0111176830153058" 
[40] "0.00174938845481036" "0.00174938845481036" "beta :"             
[43] "1"                  
 [1] "sigma:"              "0.969302665695972"   "0.969302665695972"  
 [4] "0.95583329306383"    "0.95583329306383"    "0.962555290967329"  
 [7] "0.962555290967329"   "0.972056546951164"   "0.972056546951164"  
[10] "0.984057545000885"   "0.984057545000885"   "0.99"               
[13] "0.99"                "0.99"                "0.99"               
[16] "0.989984609044987"   "0.989984609044987"   "0.99"               
[19] "0.99"                "0.99"                "0.99"               
[22] "0.977041946729528"   "0.977041946729528"   "0.958981011914082"  
[25] "0.958981011914082"   "0.656403402986678"   "0.656403402986678"  
[28] "0.309476909157656"   "0.309476909157656"   "0.17564567581224"   
[31] "0.17564567581224"    "0.0329492375181041"  "0.0329492375181041" 
[34] "0.0343470789623965"  "0.0343470789623965"  "0.0254162847012162" 
[37] "0.0254162847012162"  "0.0111176830153058"  "0.0111176830153058" 
[40] "0.00174938845481037" "0.00174938845481037" "beta :"             
[43] "1"                  
[1] " old Likelihood:  -8813282.72003339"
[1] "New Likelihood:  -8812898.97953835"
iter:  0  f-value:  25245.59  pgrad:  0.4944622 
iter:  10  f-value:  25245.14  pgrad:  0.9740942 
iter:  20  f-value:  25245.06  pgrad:  0.9729902 
iter:  30  f-value:  25245.03  pgrad:  0.9719422 
iter:  40  f-value:  25244.99  pgrad:  0.9697638 
iter:  50  f-value:  25244.97  pgrad:  0.9674127 
  Unsuccessful convergence.
Time difference of 20.69442 mins
[1] "maxIt: 20"
[1] "It: 5"
 [1] "sigma:"              "0.975743728744165"   "0.975743728744165"  
 [4] "0.959597432643402"   "0.959597432643402"   "0.967898189752355"  
 [7] "0.967898189752355"   "0.979542695312356"   "0.979542695312356"  
[10] "0.99"                "0.99"                "0.99"               
[13] "0.99"                "0.99"                "0.99"               
[16] "0.989425458293892"   "0.989425458293892"   "0.99"               
[19] "0.99"                "0.99"                "0.99"               
[22] "0.989470144448002"   "0.989470144448002"   "0.957164333316793"  
[25] "0.957164333316793"   "0.646021873626104"   "0.646021873626104"  
[28] "0.308602689839808"   "0.308602689839808"   "0.181446160750909"  
[31] "0.181446160750909"   "0.0409266242152215"  "0.0409266242152215" 
[34] "0.0428442723969216"  "0.0428442723969216"  "0.0323070754237877" 
[37] "0.0323070754237877"  "0.0145778176072427"  "0.0145778176072427" 
[40] "0.00234476594183915" "0.00234476594183915" "beta :"             
[43] "1"                  
 [1] "sigma:"              "0.975743728744165"   "0.975743728744165"  
 [4] "0.959597432643402"   "0.959597432643402"   "0.967898189752355"  
 [7] "0.967898189752355"   "0.979542695312356"   "0.979542695312356"  
[10] "0.99"                "0.99"                "0.99"               
[13] "0.99"                "0.99"                "0.99"               
[16] "0.989425458293892"   "0.989425458293892"   "0.99"               
[19] "0.99"                "0.99"                "0.99"               
[22] "0.989470144448002"   "0.989470144448002"   "0.957164333316793"  
[25] "0.957164333316793"   "0.646021873626104"   "0.646021873626104"  
[28] "0.308602689839808"   "0.308602689839808"   "0.230946160750909"  
[31] "0.230946160750909"   "0.0409266242152215"  "0.0409266242152215" 
[34] "0.0428442723969216"  "0.0428442723969216"  "0.0323070754237877" 
[37] "0.0323070754237877"  "0.0145778176072427"  "0.0145778176072427" 
[40] "0.00234476594183915" "0.00234476594183915" "beta :"             
[43] "1"                  
[1] " old Likelihood:  -8812898.97953835"
[1] "New Likelihood:  -8812708.5322622"
iter:  0  f-value:  25154.21  pgrad:  0.6525473 
iter:  10  f-value:  25154  pgrad:  0.967101 
iter:  20  f-value:  25153.98  pgrad:  0.9661156 
iter:  30  f-value:  25153.97  pgrad:  0.9655114 
iter:  40  f-value:  25153.96  pgrad:  0.9643071 
iter:  50  f-value:  25153.95  pgrad:  0.954211 
  Unsuccessful convergence.
Time difference of 20.16851 mins
[1] "maxIt: 20"
[1] "It: 6"
 [1] "sigma:"              "0.979880519197737"   "0.979880519197737"  
 [4] "0.962221076627282"   "0.962221076627282"   "0.971660591421756"  
 [7] "0.971660591421756"   "0.984869209177199"   "0.984869209177199"  
[10] "0.99"                "0.99"                "0.99"               
[13] "0.99"                "0.99"                "0.99"               
[16] "0.99"                "0.99"                "0.99"               
[19] "0.99"                "0.99"                "0.99"               
[22] "0.99"                "0.99"                "0.962029437340991"  
[25] "0.962029437340991"   "0.639106933071678"   "0.639106933071678"  
[28] "0.307047447794981"   "0.307047447794981"   "0.234386987895162"  
[31] "0.234386987895162"   "0.0454132943318167"  "0.0454132943318167" 
[34] "0.0476832957534764"  "0.0476832957534764"  "0.0363869797562078" 
[37] "0.0363869797562078"  "0.0167363579315796"  "0.0167363579315796" 
[40] "0.00271974795305677" "0.00271974795305677" "beta :"             
[43] "1"                  
 [1] "sigma:"              "0.979880519197737"   "0.979880519197737"  
 [4] "0.962221076627282"   "0.962221076627282"   "0.971660591421756"  
 [7] "0.971660591421756"   "0.984869209177199"   "0.984869209177199"  
[10] "0.99"                "0.99"                "0.99"               
[13] "0.99"                "0.99"                "0.99"               
[16] "0.99"                "0.99"                "0.99"               
[19] "0.99"                "0.99"                "0.99"               
[22] "0.99"                "0.99"                "0.962029437340991"  
[25] "0.962029437340991"   "0.589606933071678"   "0.589606933071678"  
[28] "0.307047447794981"   "0.307047447794981"   "0.283886987895162"  
[31] "0.283886987895162"   "0.0454132943318167"  "0.0454132943318167" 
[34] "0.0476832957534764"  "0.0476832957534764"  "0.0363869797562078" 
[37] "0.0363869797562078"  "0.0167363579315796"  "0.0167363579315796" 
[40] "0.00271974795305677" "0.00271974795305677" "beta :"             
[43] "1"                  
[1] " old Likelihood:  -8812708.5322622"
[1] "New Likelihood:  -8812621.96649989"
iter:  0  f-value:  25185.02  pgrad:  0.5516611 
iter:  10  f-value:  25184.87  pgrad:  0.9631619 
iter:  20  f-value:  25184.85  pgrad:  0.952653 
iter:  30  f-value:  25184.85  pgrad:  0.9520338 
iter:  40  f-value:  25184.84  pgrad:  0.9504837 
iter:  50  f-value:  25184.83  pgrad:  0.8643838 
  Unsuccessful convergence.
Time difference of 20.69984 mins
[1] "maxIt: 20"
[1] "It: 7"
 [1] "sigma:"              "0.982638315900034"   "0.982638315900034"  
 [4] "0.964452834006238"   "0.964452834006238"   "0.974810107206648"  
 [7] "0.974810107206648"   "0.989211860123243"   "0.989211860123243"  
[10] "0.99"                "0.99"                "0.99"               
[13] "0.99"                "0.99"                "0.99"               
[16] "0.989708708852978"   "0.989708708852978"   "0.99"               
[19] "0.99"                "0.99"                "0.99"               
[22] "0.99"                "0.99"                "0.967335761692119"  
[25] "0.967335761692119"   "0.585738594606514"   "0.585738594606514"  
[28] "0.304379107604405"   "0.304379107604405"   "0.286579964572506"  
[31] "0.286579964572506"   "0.0500993771104029"  "0.0500993771104029" 
[34] "0.0523670747351694"  "0.0523670747351694"  "0.0401981428886936" 
[37] "0.0401981428886936"  "0.0188390931283384"  "0.0188390931283384" 
[40] "0.00311281864445725" "0.00311281864445725" "beta :"             
[43] "1"                  
 [1] "sigma:"              "0.982638315900034"   "0.982638315900034"  
 [4] "0.964452834006238"   "0.964452834006238"   "0.974810107206648"  
 [7] "0.974810107206648"   "0.989211860123243"   "0.989211860123243"  
[10] "0.99"                "0.99"                "0.99"               
[13] "0.99"                "0.99"                "0.99"               
[16] "0.989708708852978"   "0.989708708852978"   "0.99"               
[19] "0.99"                "0.99"                "0.99"               
[22] "0.99"                "0.99"                "0.967335761692119"  
[25] "0.967335761692119"   "0.585738594606514"   "0.585738594606514"  
[28] "0.304379107604405"   "0.304379107604405"   "0.286579964572506"  
[31] "0.286579964572506"   "0.0995993771104029"  "0.0995993771104029" 
[34] "0.00286707473516943" "0.00286707473516943" "0.0401981428886936" 
[37] "0.0401981428886936"  "0.0188390931283383"  "0.0188390931283383" 
[40] "0.00311281864445725" "0.00311281864445725" "beta :"             
[43] "1"                  
[1] " old Likelihood:  -8812621.96649989"
[1] "New Likelihood:  -8812542.03992289"
iter:  0  f-value:  25204.85  pgrad:  0.548608 
iter:  10  f-value:  25204.77  pgrad:  0.8601637 
iter:  20  f-value:  25204.75  pgrad:  0.7771814 
iter:  30  f-value:  25204.75  pgrad:  0.6857954 
iter:  40  f-value:  25204.75  pgrad:  0.6634218 
iter:  50  f-value:  25204.74  pgrad:  0.5124367 
  Unsuccessful convergence.
Time difference of 21.21934 mins
[1] "maxIt: 20"
[1] "It: 8"
 [1] "sigma:"              "0.984791700833474"   "0.984791700833474"  
 [4] "0.967121276908438"   "0.967121276908438"   "0.978540279620408"  
 [7] "0.978540279620408"   "0.99"                "0.99"               
[10] "0.99"                "0.99"                "0.99"               
[13] "0.99"                "0.99"                "0.99"               
[16] "0.988258948899981"   "0.988258948899981"   "0.99"               
[19] "0.99"                "0.99"                "0.99"               
[22] "0.99"                "0.99"                "0.972186050415897"  
[25] "0.972186050415897"   "0.579356381656945"   "0.579356381656945"  
[28] "0.300926451802779"   "0.300926451802779"   "0.289758668822359"  
[31] "0.289758668822359"   "0.105846276112359"   "0.105846276112359"  
[34] "0.00686620067686711" "0.00686620067686711" "0.0440459196767734" 
[37] "0.0440459196767734"  "0.0213033743242959"  "0.0213033743242959" 
[40] "0.00363665666258083" "0.00363665666258083" "beta :"             
[43] "1"                  
 [1] "sigma:"              "0.984791700833474"   "0.984791700833474"  
 [4] "0.967121276908438"   "0.967121276908438"   "0.978540279620408"  
 [7] "0.978540279620408"   "0.99"                "0.99"               
[10] "0.99"                "0.99"                "0.99"               
[13] "0.99"                "0.99"                "0.99"               
[16] "0.988258948899981"   "0.988258948899981"   "0.99"               
[19] "0.99"                "0.99"                "0.99"               
[22] "0.99"                "0.99"                "0.972186050415897"  
[25] "0.972186050415897"   "0.579356381656945"   "0.579356381656945"  
[28] "0.300926451802779"   "0.300926451802779"   "0.289758668822359"  
[31] "0.289758668822359"   "0.155346276112359"   "0.155346276112359"  
[34] "0.00686620067686711" "0.00686620067686711" "0.0440459196767734" 
[37] "0.0440459196767734"  "0.0213033743242959"  "0.0213033743242959" 
[40] "0.00363665666258083" "0.00363665666258083" "beta :"             
[43] "1"                  
[1] " old Likelihood:  -8812542.03992289"
[1] "New Likelihood:  -8812498.45053688"
iter:  0  f-value:  25048.6  pgrad:  0.5456294 
iter:  10  f-value:  25048.53  pgrad:  0.8421731 
iter:  20  f-value:  25048.52  pgrad:  0.8414008 
iter:  30  f-value:  25048.52  pgrad:  0.7822382 
iter:  40  f-value:  25048.51  pgrad:  0.6282426 
iter:  50  f-value:  25048.51  pgrad:  0.6102709 
  Unsuccessful convergence.
Time difference of 20.6828 mins
[1] "maxIt: 20"
[1] "It: 9"
 [1] "sigma:"              "0.985504778336652"   "0.985504778336652"  
 [4] "0.968593843486562"   "0.968593843486562"   "0.980589458063127"  
 [7] "0.980589458063127"   "0.99"                "0.99"               
[10] "0.99"                "0.99"                "0.99"               
[13] "0.99"                "0.989766469468591"   "0.989766469468591"  
[16] "0.987355461719871"   "0.987355461719871"   "0.99"               
[19] "0.99"                "0.99"                "0.99"               
[22] "0.99"                "0.99"                "0.976236779758919"  
[25] "0.976236779758919"   "0.575043814822319"   "0.575043814822319"  
[28] "0.298828504608327"   "0.298828504608327"   "0.291538057823754"  
[31] "0.291538057823754"   "0.159533617408558"   "0.159533617408558"  
[34] "0.00941988901343437" "0.00941988901343437" "0.0461620331477767" 
[37] "0.0461620331477767"  "0.0226038391656774"  "0.0226038391656774" 
[40] "0.00392365848235531" "0.00392365848235531" "beta :"             
[43] "1"                  
 [1] "sigma:"              "0.985504778336652"   "0.985504778336652"  
 [4] "0.968593843486562"   "0.968593843486562"   "0.980589458063127"  
 [7] "0.980589458063127"   "0.99"                "0.99"               
[10] "0.99"                "0.99"                "0.99"               
[13] "0.99"                "0.989766469468591"   "0.989766469468591"  
[16] "0.987355461719871"   "0.987355461719871"   "0.99"               
[19] "0.99"                "0.99"                "0.99"               
[22] "0.99"                "0.99"                "0.976236779758919"  
[25] "0.976236779758919"   "0.575043814822319"   "0.575043814822319"  
[28] "0.298828504608327"   "0.298828504608327"   "0.291538057823754"  
[31] "0.291538057823754"   "0.209033617408558"   "0.209033617408558"  
[34] "0.00941988901343437" "0.00941988901343437" "0.0461620331477767" 
[37] "0.0461620331477767"  "0.0226038391656774"  "0.0226038391656774" 
[40] "0.00392365848235531" "0.00392365848235531" "beta :"             
[43] "1"                  
[1] " old Likelihood:  -8812498.45053688"
[1] "New Likelihood:  -8812463.78754188"
iter:  0  f-value:  24887.63  pgrad:  0.5429078 
iter:  10  f-value:  24887.56  pgrad:  0.7885631 
iter:  20  f-value:  24887.56  pgrad:  0.7879133 
iter:  30  f-value:  24887.56  pgrad:  0.7872436 
iter:  40  f-value:  24887.55  pgrad:  0.7862091 
iter:  50  f-value:  24887.54  pgrad:  0.3604873 
  Unsuccessful convergence.
Time difference of 20.67795 mins
[1] "maxIt: 20"
[1] "It: 10"
 [1] "sigma:"              "0.98616195147397"    "0.98616195147397"   
 [4] "0.971156407101888"   "0.971156407101888"   "0.984216861051534"  
 [7] "0.984216861051534"   "0.99"                "0.99"               
[10] "0.99"                "0.99"                "0.99"               
[13] "0.99"                "0.989429885922702"   "0.989429885922702"  
[16] "0.985665274568789"   "0.985665274568789"   "0.99"               
[19] "0.99"                "0.99"                "0.99"               
[22] "0.99"                "0.99"                "0.980449412094063"  
[25] "0.980449412094063"   "0.566933602764289"   "0.566933602764289"  
[28] "0.295781496591469"   "0.295781496591469"   "0.295418185404975"  
[31] "0.295418185404975"   "0.215735318142045"   "0.215735318142045"  
[34] "0.0138506419690068"  "0.0138506419690068"  "0.0496130811099965" 
[37] "0.0496130811099965"  "0.0247105277370799"  "0.0247105277370799" 
[40] "0.00440020742054054" "0.00440020742054054" "beta :"             
[43] "1"                  
 [1] "sigma:"               "0.98616195147397"     "0.98616195147397"    
 [4] "0.971156407101888"    "0.971156407101888"    "0.984216861051534"   
 [7] "0.984216861051534"    "0.99"                 "0.99"                
[10] "0.99"                 "0.99"                 "0.99"                
[13] "0.99"                 "0.989429885922702"    "0.989429885922702"   
[16] "0.985665274568789"    "0.985665274568789"    "0.99"                
[19] "0.99"                 "0.99"                 "0.99"                
[22] "0.99"                 "0.99"                 "0.980449412094063"   
[25] "0.980449412094063"    "0.566933602764289"    "0.566933602764289"   
[28] "0.295781496591469"    "0.295781496591469"    "0.295418185404975"   
[31] "0.295418185404975"    "0.265235318142045"    "0.265235318142045"   
[34] "0.0138506419690068"   "0.0138506419690068"   "0.000113081109996445"
[37] "0.000113081109996445" "0.0247105277370799"   "0.0247105277370799"  
[40] "0.00440020742054053"  "0.00440020742054053"  "beta :"              
[43] "1"                   
[1] " old Likelihood:  -8812463.78754188"
[1] "New Likelihood:  -8812416.60492686"
iter:  0  f-value:  24816.7  pgrad:  0.5404032 
iter:  10  f-value:  24816.66  pgrad:  0.7320002 
iter:  20  f-value:  24816.65  pgrad:  0.7313035 
iter:  30  f-value:  24816.65  pgrad:  0.7303605 
iter:  40  f-value:  24816.65  pgrad:  0.666987 
iter:  50  f-value:  24816.64  pgrad:  0.4873169 
  Unsuccessful convergence.
Time difference of 21.25574 mins
[1] "maxIt: 20"
[1] "It: 11"
 [1] "sigma:"              "0.986071372473623"   "0.986071372473623"  
 [4] "0.97406178438537"    "0.97406178438537"    "0.988347194358047"  
 [7] "0.988347194358047"   "0.99"                "0.99"               
[10] "0.99"                "0.99"                "0.99"               
[13] "0.99"                "0.98898031263723"    "0.98898031263723"   
[16] "0.98414132997598"    "0.98414132997598"    "0.99"               
[19] "0.99"                "0.99"                "0.99"               
[22] "0.99"                "0.99"                "0.984369239286359"  
[25] "0.984369239286359"   "0.557851513538947"   "0.557851513538947"  
[28] "0.292539182356543"   "0.292539182356543"   "0.299243893145008"  
[31] "0.299243893145008"   "0.272057907337025"   "0.272057907337025"  
[34] "0.0172419560418899"  "0.0172419560418899"  "0.00219071459563128"
[37] "0.00219071459563128" "0.0263023387945696"  "0.0263023387945696" 
[40] "0.00485840136148434" "0.00485840136148434" "beta :"             
[43] "1"                  
 [1] "sigma:"              "0.986071372473623"   "0.986071372473623"  
 [4] "0.97406178438537"    "0.97406178438537"    "0.988347194358047"  
 [7] "0.988347194358047"   "0.99"                "0.99"               
[10] "0.99"                "0.99"                "0.99"               
[13] "0.99"                "0.98898031263723"    "0.98898031263723"   
[16] "0.98414132997598"    "0.98414132997598"    "0.99"               
[19] "0.99"                "0.99"                "0.99"               
[22] "0.99"                "0.99"                "0.984369239286359"  
[25] "0.984369239286359"   "0.557851513538947"   "0.557851513538947"  
[28] "0.292539182356543"   "0.292539182356543"   "0.299243893145008"  
[31] "0.299243893145008"   "0.272057907337025"   "0.272057907337025"  
[34] "0.0172419560418899"  "0.0172419560418899"  "0.00219071459563128"
[37] "0.00219071459563128" "0.0263023387945696"  "0.0263023387945696" 
[40] "0.00485840136148435" "0.00485840136148435" "beta :"             
[43] "1"                  
[1] " old Likelihood:  -8812416.60492686"
[1] "New Likelihood:  -8812395.18282442"
iter:  0  f-value:  24835.14  pgrad:  0.5378796 
iter:  10  f-value:  24835.11  pgrad:  0.5626778 
iter:  20  f-value:  24835.11  pgrad:  0.5619639 
iter:  30  f-value:  24835.11  pgrad:  0.5609141 
iter:  40  f-value:  24835.11  pgrad:  0.6018308 
iter:  50  f-value:  24835.1  pgrad:  0.5592637 
  Unsuccessful convergence.
Time difference of 20.73 mins
[1] "maxIt: 20"
[1] "It: 12"
 [1] "sigma:"              "0.985828187206667"   "0.985828187206667"  
 [4] "0.975113824781298"   "0.975113824781298"   "0.98982776802934"   
 [7] "0.98982776802934"    "0.99"                "0.99"               
[10] "0.99"                "0.99"                "0.99"               
[13] "0.99"                "0.988625257665874"   "0.988625257665874"  
[16] "0.983588993726722"   "0.983588993726722"   "0.99"               
[19] "0.99"                "0.99"                "0.99"               
[22] "0.99"                "0.99"                "0.987210883263069"  
[25] "0.987210883263069"   "0.553664667523782"   "0.553664667523782"  
[28] "0.291067388402086"   "0.291067388402086"   "0.300087710868439"  
[31] "0.300087710868439"   "0.274669925428978"   "0.274669925428978"  
[34] "0.0179920902467427"  "0.0179920902467427"  "0.00261885655271248"
[37] "0.00261885655271248" "0.0267467535920139"  "0.0267467535920139" 
[40] "0.00501456428719846" "0.00501456428719846" "beta :"             
[43] "1"                  
 [1] "sigma:"              "0.985828187206667"   "0.985828187206667"  
 [4] "0.975113824781298"   "0.975113824781298"   "0.98982776802934"   
 [7] "0.98982776802934"    "0.99"                "0.99"               
[10] "0.99"                "0.99"                "0.99"               
[13] "0.99"                "0.988625257665874"   "0.988625257665874"  
[16] "0.983588993726722"   "0.983588993726722"   "0.99"               
[19] "0.99"                "0.99"                "0.99"               
[22] "0.99"                "0.99"                "0.987210883263069"  
[25] "0.987210883263069"   "0.553664667523782"   "0.553664667523782"  
[28] "0.291067388402086"   "0.291067388402086"   "0.300087710868439"  
[31] "0.300087710868439"   "0.324169925428978"   "0.324169925428978"  
[34] "0.0179920902467427"  "0.0179920902467427"  "0.00261885655271248"
[37] "0.00261885655271248" "0.0267467535920139"  "0.0267467535920139" 
[40] "0.00501456428719846" "0.00501456428719846" "beta :"             
[43] "1"                  
[1] " old Likelihood:  -8812395.18282442"
[1] "New Likelihood:  -8812380.65531199"
iter:  0  f-value:  24629.88  pgrad:  0.5445327 
iter:  10  f-value:  24629.84  pgrad:  0.6725795 
iter:  20  f-value:  24629.84  pgrad:  0.6719266 
iter:  30  f-value:  24629.84  pgrad:  0.6712587 
iter:  40  f-value:  24629.83  pgrad:  0.5258335 
iter:  50  f-value:  24629.83  pgrad:  0.4987305 
  Unsuccessful convergence.
Time difference of 20.70004 mins
[1] "maxIt: 20"
[1] "It: 13"
 [1] "sigma:"              "0.985523198063086"   "0.985523198063086"  
 [4] "0.976968263210319"   "0.976968263210319"   "0.99"               
 [7] "0.99"                "0.99"                "0.99"               
[10] "0.99"                "0.99"                "0.99"               
[13] "0.99"                "0.988344152169418"   "0.988344152169418"  
[16] "0.982900754012992"   "0.982900754012992"   "0.99"               
[19] "0.99"                "0.99"                "0.99"               
[22] "0.99"                "0.99"                "0.99"               
[25] "0.99"                "0.546483439678334"   "0.546483439678334"  
[28] "0.289030585656486"   "0.289030585656486"   "0.302632176480818"  
[31] "0.302632176480818"   "0.329031303315079"   "0.329031303315079"  
[34] "0.0200922371344849"  "0.0200922371344849"  "0.00358931214532791"
[37] "0.00358931214532791" "0.0274765298723111"  "0.0274765298723111" 
[40] "0.00527119451743446" "0.00527119451743446" "beta :"             
[43] "1"                  
 [1] "sigma:"              "0.985523198063086"   "0.985523198063086"  
 [4] "0.976968263210319"   "0.976968263210319"   "0.99"               
 [7] "0.99"                "0.99"                "0.99"               
[10] "0.99"                "0.99"                "0.99"               
[13] "0.99"                "0.988344152169418"   "0.988344152169418"  
[16] "0.982900754012992"   "0.982900754012992"   "0.99"               
[19] "0.99"                "0.99"                "0.99"               
[22] "0.99"                "0.99"                "0.99"               
[25] "0.99"                "0.546483439678334"   "0.546483439678334"  
[28] "0.289030585656486"   "0.289030585656486"   "0.302632176480818"  
[31] "0.302632176480818"   "0.329031303315079"   "0.329031303315079"  
[34] "0.0200922371344849"  "0.0200922371344849"  "0.00358931214532791"
[37] "0.00358931214532791" "0.0274765298723111"  "0.0274765298723111" 
[40] "0.00527119451743446" "0.00527119451743446" "beta :"             
[43] "1"                  
[1] " old Likelihood:  -8812380.65531199"
[1] "New Likelihood:  -8812364.77796528"
iter:  0  f-value:  24652.32  pgrad:  0.5520035 
iter:  10  f-value:  24652.3  pgrad:  0.638247 
iter:  20  f-value:  24652.3  pgrad:  0.5774564 
iter:  30  f-value:  24652.3  pgrad:  0.5499942 
iter:  40  f-value:  24652.3  pgrad:  0.5149155 
iter:  50  f-value:  24652.3  pgrad:  0.2623347 
  Unsuccessful convergence.
Time difference of 20.70956 mins
[1] "maxIt: 20"
[1] "It: 14"
 [1] "sigma:"              "0.985270423586222"   "0.985270423586222"  
 [4] "0.978882544453158"   "0.978882544453158"   "0.99"               
 [7] "0.99"                "0.99"                "0.99"               
[10] "0.99"                "0.99"                "0.99"               
[13] "0.99"                "0.988360985367752"   "0.988360985367752"  
[16] "0.983478718962145"   "0.983478718962145"   "0.99"               
[19] "0.99"                "0.99"                "0.99"               
[22] "0.99"                "0.99"                "0.99"               
[25] "0.99"                "0.542041908848018"   "0.542041908848018"  
[28] "0.287976849647628"   "0.287976849647628"   "0.304688632247513"  
[31] "0.304688632247513"   "0.332602914801538"   "0.332602914801538"  
[34] "0.0210878049917584"  "0.0210878049917584"  "0.00386015215493813"
[37] "0.00386015215493813" "0.0279353969215588"  "0.0279353969215588" 
[40] "0.00549276432162436" "0.00549276432162436" "beta :"             
[43] "1"                  
 [1] "sigma:"              "0.985270423586222"   "0.985270423586222"  
 [4] "0.978882544453158"   "0.978882544453158"   "0.99"               
 [7] "0.99"                "0.99"                "0.99"               
[10] "0.99"                "0.99"                "0.99"               
[13] "0.99"                "0.988360985367752"   "0.988360985367752"  
[16] "0.983478718962145"   "0.983478718962145"   "0.99"               
[19] "0.99"                "0.99"                "0.99"               
[22] "0.99"                "0.99"                "0.99"               
[25] "0.99"                "0.492541908848018"   "0.492541908848018"  
[28] "0.287976849647628"   "0.287976849647628"   "0.304688632247513"  
[31] "0.304688632247513"   "0.332602914801538"   "0.332602914801538"  
[34] "0.0210878049917584"  "0.0210878049917584"  "0.00386015215493814"
[37] "0.00386015215493814" "0.0279353969215588"  "0.0279353969215588" 
[40] "0.00549276432162436" "0.00549276432162436" "beta :"             
[43] "1"                  
[1] " old Likelihood:  -8812364.77796528"
[1] "New Likelihood:  -8812356.59145562"
iter:  0  f-value:  24804.8  pgrad:  0.5316956 
iter:  10  f-value:  24804.78  pgrad:  0.6006667 
iter:  20  f-value:  24804.78  pgrad:  0.5364927 
iter:  30  f-value:  24804.78  pgrad:  0.4396861 
iter:  40  f-value:  24804.78  pgrad:  0.388427 
iter:  50  f-value:  24804.78  pgrad:  0.5147688 
  Unsuccessful convergence.
Time difference of 21.20143 mins
[1] "maxIt: 20"
[1] "It: 15"
 [1] "sigma:"              "0.985121593196375"   "0.985121593196375"  
 [4] "0.979937392662346"   "0.979937392662346"   "0.99"               
 [7] "0.99"                "0.99"                "0.99"               
[10] "0.99"                "0.99"                "0.99"               
[13] "0.99"                "0.988363320646357"   "0.988363320646357"  
[16] "0.984023357060793"   "0.984023357060793"   "0.99"               
[19] "0.99"                "0.99"                "0.99"               
[22] "0.99"                "0.99"                "0.99"               
[25] "0.99"                "0.492458834125507"   "0.492458834125507"  
[28] "0.287460574912862"   "0.287460574912862"   "0.305586539619167"  
[31] "0.305586539619167"   "0.334803828630486"   "0.334803828630486"  
[34] "0.0215811122475576"  "0.0215811122475576"  "0.00388771283661886"
[37] "0.00388771283661886" "0.0281029317382407"  "0.0281029317382407" 
[40] "0.00560099228205293" "0.00560099228205293" "beta :"             
[43] "1"                  
 [1] "sigma:"              "0.985121593196375"   "0.985121593196375"  
 [4] "0.979937392662346"   "0.979937392662346"   "0.99"               
 [7] "0.99"                "0.99"                "0.99"               
[10] "0.99"                "0.99"                "0.99"               
[13] "0.99"                "0.988363320646357"   "0.988363320646357"  
[16] "0.984023357060793"   "0.984023357060793"   "0.99"               
[19] "0.99"                "0.99"                "0.99"               
[22] "0.99"                "0.99"                "0.99"               
[25] "0.99"                "0.492458834125507"   "0.492458834125507"  
[28] "0.287460574912862"   "0.287460574912862"   "0.305586539619167"  
[31] "0.305586539619167"   "0.334803828630486"   "0.334803828630486"  
[34] "0.0215811122475576"  "0.0215811122475576"  "0.00388771283661886"
[37] "0.00388771283661886" "0.0281029317382407"  "0.0281029317382407" 
[40] "0.00560099228205293" "0.00560099228205293" "beta :"             
[43] "1"                  
[1] " old Likelihood:  -8812356.59145562"
[1] "New Likelihood:  -8812347.1097598"
iter:  0  f-value:  24804.93  pgrad:  0.5291735 
iter:  10  f-value:  24804.91  pgrad:  0.5275563 
iter:  20  f-value:  24804.91  pgrad:  0.4808317 
iter:  30  f-value:  24804.91  pgrad:  0.4169488 
iter:  40  f-value:  24804.91  pgrad:  0.2523302 
iter:  50  f-value:  24804.91  pgrad:  0.2437082 
  Unsuccessful convergence.
Time difference of 20.69003 mins
[1] "maxIt: 20"
[1] "It: 16"
 [1] "sigma:"              "0.984778192924113"   "0.984778192924113"  
 [4] "0.981772110349054"   "0.981772110349054"   "0.99"               
 [7] "0.99"                "0.99"                "0.99"               
[10] "0.99"                "0.99"                "0.99"               
[13] "0.99"                "0.988016124078382"   "0.988016124078382"  
[16] "0.984681293002063"   "0.984681293002063"   "0.99"               
[19] "0.99"                "0.99"                "0.99"               
[22] "0.99"                "0.99"                "0.99"               
[25] "0.99"                "0.490946383449312"   "0.490946383449312"  
[28] "0.286778782571339"   "0.286778782571339"   "0.307368158557181"  
[31] "0.307368158557181"   "0.337735612927331"   "0.337735612927331"  
[34] "0.021898889165315"   "0.021898889165315"   "0.00358779875414625"
[37] "0.00358779875414625" "0.0282539316362548"  "0.0282539316362548" 
[40] "0.00577930966868869" "0.00577930966868869" "beta :"             
[43] "1"                  
 [1] "sigma:"              "0.984778192924113"   "0.984778192924113"  
 [4] "0.981772110349054"   "0.981772110349054"   "0.99"               
 [7] "0.99"                "0.99"                "0.99"               
[10] "0.99"                "0.99"                "0.99"               
[13] "0.99"                "0.988016124078382"   "0.988016124078382"  
[16] "0.984681293002063"   "0.984681293002063"   "0.99"               
[19] "0.99"                "0.99"                "0.99"               
[22] "0.99"                "0.99"                "0.99"               
[25] "0.99"                "0.490946383449312"   "0.490946383449312"  
[28] "0.286778782571339"   "0.286778782571339"   "0.307368158557181"  
[31] "0.307368158557181"   "0.337735612927331"   "0.337735612927331"  
[34] "0.021898889165315"   "0.021898889165315"   "0.00358779875414625"
[37] "0.00358779875414625" "0.0282539316362548"  "0.0282539316362548" 
[40] "0.00577930966868869" "0.00577930966868869" "beta :"             
[43] "1"                  
[1] " old Likelihood:  -8812347.1097598"
[1] "New Likelihood:  -8812340.81303218"
iter:  0  f-value:  24802.18  pgrad:  0.6511982 
iter:  10  f-value:  24802.17  pgrad:  0.4661342 
iter:  20  f-value:  24802.17  pgrad:  0.4254252 
iter:  30  f-value:  24802.17  pgrad:  0.3679816 
iter:  40  f-value:  24802.17  pgrad:  0.4848137 
iter:  50  f-value:  24802.17  pgrad:  0.2872548 
  Unsuccessful convergence.
Time difference of 20.68614 mins
[1] "maxIt: 20"
[1] "It: 17"
 [1] "sigma:"              "0.984612848321469"   "0.984612848321469"  
 [4] "0.982665630100029"   "0.982665630100029"   "0.99"               
 [7] "0.99"                "0.99"                "0.99"               
[10] "0.99"                "0.99"                "0.99"               
[13] "0.99"                "0.98780878680712"    "0.98780878680712"   
[16] "0.98511587655549"    "0.98511587655549"    "0.99"               
[19] "0.99"                "0.99"                "0.99"               
[22] "0.99"                "0.99"                "0.99"               
[25] "0.99"                "0.489737273387208"   "0.489737273387208"  
[28] "0.286599101321877"   "0.286599101321877"   "0.308506865684289"  
[31] "0.308506865684289"   "0.339307677640407"   "0.339307677640407"  
[34] "0.0220101794892397"  "0.0220101794892397"  "0.00332618173630051"
[37] "0.00332618173630051" "0.0282695392581286"  "0.0282695392581286" 
[40] "0.00585433906650501" "0.00585433906650501" "beta :"             
[43] "1"                  
 [1] "sigma:"              "0.984612848321469"   "0.984612848321469"  
 [4] "0.982665630100029"   "0.982665630100029"   "0.99"               
 [7] "0.99"                "0.99"                "0.99"               
[10] "0.99"                "0.99"                "0.99"               
[13] "0.99"                "0.98780878680712"    "0.98780878680712"   
[16] "0.98511587655549"    "0.98511587655549"    "0.99"               
[19] "0.99"                "0.99"                "0.99"               
[22] "0.99"                "0.99"                "0.99"               
[25] "0.99"                "0.489737273387208"   "0.489737273387208"  
[28] "0.286599101321877"   "0.286599101321877"   "0.308506865684289"  
[31] "0.308506865684289"   "0.388807677640407"   "0.388807677640407"  
[34] "0.0220101794892397"  "0.0220101794892397"  "0.00332618173630051"
[37] "0.00332618173630051" "0.0282695392581285"  "0.0282695392581285" 
[40] "0.00585433906650501" "0.00585433906650501" "beta :"             
[43] "1"                  
[1] " old Likelihood:  -8812340.81303218"
[1] "New Likelihood:  -8812335.93932416"
iter:  0  f-value:  24569.07  pgrad:  0.5259496 
iter:  10  f-value:  24569.05  pgrad:  0.6292612 
iter:  20  f-value:  24569.05  pgrad:  0.6067189 
iter:  30  f-value:  24569.04  pgrad:  0.5253865 
iter:  40  f-value:  24569.04  pgrad:  0.3661262 
iter:  50  f-value:  24569.04  pgrad:  0.3368041 
  Unsuccessful convergence.
Time difference of 20.63341 mins
[1] "maxIt: 20"
[1] "It: 18"
 [1] "sigma:"              "0.984334104372611"   "0.984334104372611"  
 [4] "0.984114489731633"   "0.984114489731633"   "0.99"               
 [7] "0.99"                "0.99"                "0.99"               
[10] "0.99"                "0.99"                "0.99"               
[13] "0.99"                "0.98730560295739"    "0.98730560295739"   
[16] "0.985548810568512"   "0.985548810568512"   "0.99"               
[19] "0.99"                "0.99"                "0.99"               
[22] "0.99"                "0.99"                "0.99"               
[25] "0.99"                "0.486937192051006"   "0.486937192051006"  
[28] "0.286040738425132"   "0.286040738425132"   "0.31091411044627"   
[31] "0.31091411044627"    "0.392904440462991"   "0.392904440462991"  
[34] "0.0231828105527272"  "0.0231828105527272"  "0.00341088373829962"
[37] "0.00341088373829962" "0.0283845601964867"  "0.0283845601964867" 
[40] "0.00598588316929527" "0.00598588316929527" "beta :"             
[43] "1"                  
 [1] "sigma:"              "0.984334104372611"   "0.984334104372611"  
 [4] "0.984114489731633"   "0.984114489731633"   "0.99"               
 [7] "0.99"                "0.99"                "0.99"               
[10] "0.99"                "0.99"                "0.99"               
[13] "0.99"                "0.98730560295739"    "0.98730560295739"   
[16] "0.985548810568512"   "0.985548810568512"   "0.99"               
[19] "0.99"                "0.99"                "0.99"               
[22] "0.99"                "0.99"                "0.99"               
[25] "0.99"                "0.486937192051006"   "0.486937192051006"  
[28] "0.286040738425132"   "0.286040738425132"   "0.31091411044627"   
[31] "0.31091411044627"    "0.392904440462991"   "0.392904440462991"  
[34] "0.0231828105527272"  "0.0231828105527272"  "0.00341088373829962"
[37] "0.00341088373829962" "0.0283845601964867"  "0.0283845601964867" 
[40] "0.00598588316929527" "0.00598588316929527" "beta :"             
[43] "1"                  
[1] " old Likelihood:  -8812335.93932416"
[1] "New Likelihood:  -8812328.35469043"
iter:  0  f-value:  24584.36  pgrad:  0.5251759 
iter:  10  f-value:  24584.35  pgrad:  0.6028744 
iter:  20  f-value:  24584.35  pgrad:  0.5498441 
iter:  30  f-value:  24584.35  pgrad:  0.5101901 
iter:  40  f-value:  24584.35  pgrad:  0.3744935 
iter:  50  f-value:  24584.35  pgrad:  0.3106834 
  Unsuccessful convergence.
Time difference of 20.5991 mins
[1] "maxIt: 20"
[1] "It: 19"
 [1] "sigma:"              "0.984141475630786"   "0.984141475630786"  
 [4] "0.985406057519915"   "0.985406057519915"   "0.99"               
 [7] "0.99"                "0.99"                "0.99"               
[10] "0.99"                "0.99"                "0.99"               
[13] "0.99"                "0.986907785362621"   "0.986907785362621"  
[16] "0.98598886508415"    "0.98598886508415"    "0.99"               
[19] "0.99"                "0.99"                "0.99"               
[22] "0.99"                "0.99"                "0.99"               
[25] "0.99"                "0.484652459584201"   "0.484652459584201"  
[28] "0.285804084552122"   "0.285804084552122"   "0.312387447199293"  
[31] "0.312387447199293"   "0.395386420680067"   "0.395386420680067"  
[34] "0.0234949354809053"  "0.0234949354809053"  "0.00307012768757234"
[37] "0.00307012768757234" "0.0283314534772082"  "0.0283314534772082" 
[40] "0.00608447852638734" "0.00608447852638734" "beta :"             
[43] "1"                  
 [1] "sigma:"              "0.984141475630786"   "0.984141475630786"  
 [4] "0.985406057519915"   "0.985406057519915"   "0.99"               
 [7] "0.99"                "0.99"                "0.99"               
[10] "0.99"                "0.99"                "0.99"               
[13] "0.99"                "0.986907785362621"   "0.986907785362621"  
[16] "0.98598886508415"    "0.98598886508415"    "0.99"               
[19] "0.99"                "0.99"                "0.99"               
[22] "0.99"                "0.99"                "0.99"               
[25] "0.99"                "0.484652459584201"   "0.484652459584201"  
[28] "0.285804084552122"   "0.285804084552122"   "0.312387447199293"  
[31] "0.312387447199293"   "0.395386420680067"   "0.395386420680067"  
[34] "0.0234949354809053"  "0.0234949354809053"  "0.00307012768757234"
[37] "0.00307012768757234" "0.0283314534772082"  "0.0283314534772082" 
[40] "0.00608447852638734" "0.00608447852638734" "beta :"             
[43] "1"                  
[1] " old Likelihood:  -8812328.35469043"
[1] "New Likelihood:  -8812324.21144837"
iter:  0  f-value:  24590.39  pgrad:  0.5241244 
iter:  10  f-value:  24590.39  pgrad:  0.5234285 
iter:  20  f-value:  24590.39  pgrad:  0.484559 
iter:  30  f-value:  24590.39  pgrad:  0.4469621 
iter:  40  f-value:  24590.39  pgrad:  0.4862206 
iter:  50  f-value:  24590.39  pgrad:  0.3831519 
  Unsuccessful convergence.
Time difference of 20.5769 mins
[1] "maxIt: 20"
[1] "It: 20"
 [1] "sigma:"              "0.983932569880151"   "0.983932569880151"  
 [4] "0.986898628843776"   "0.986898628843776"   "0.99"               
 [7] "0.99"                "0.99"                "0.99"               
[10] "0.99"                "0.99"                "0.99"               
[13] "0.99"                "0.986401736431776"   "0.986401736431776"  
[16] "0.986462556864418"   "0.986462556864418"   "0.99"               
[19] "0.99"                "0.99"                "0.99"               
[22] "0.99"                "0.99"                "0.99"               
[25] "0.99"                "0.48193912407712"    "0.48193912407712"   
[28] "0.285729705185049"   "0.285729705185049"   "0.313928442009286"  
[31] "0.313928442009286"   "0.397632089151435"   "0.397632089151435"  
[34] "0.0234602049568245"  "0.0234602049568245"  "0.0024284293591486" 
[37] "0.0024284293591486"  "0.028174835428004"   "0.028174835428004"  
[40] "0.00618494699197561" "0.00618494699197561" "beta :"             
[43] "1"                  
 [1] "sigma:"              "0.983932569880151"   "0.983932569880151"  
 [4] "0.986898628843776"   "0.986898628843776"   "0.99"               
 [7] "0.99"                "0.99"                "0.99"               
[10] "0.99"                "0.99"                "0.99"               
[13] "0.99"                "0.986401736431776"   "0.986401736431776"  
[16] "0.986462556864418"   "0.986462556864418"   "0.99"               
[19] "0.99"                "0.99"                "0.99"               
[22] "0.99"                "0.99"                "0.99"               
[25] "0.99"                "0.48193912407712"    "0.48193912407712"   
[28] "0.285729705185049"   "0.285729705185049"   "0.313928442009286"  
[31] "0.313928442009286"   "0.397632089151435"   "0.397632089151435"  
[34] "0.0234602049568245"  "0.0234602049568245"  "0.0024284293591486" 
[37] "0.0024284293591486"  "0.028174835428004"   "0.028174835428004"  
[40] "0.00618494699197561" "0.00618494699197561" "beta :"             
[43] "1"                  
[1] " old Likelihood:  -8812324.21144837"
[1] "New Likelihood:  -8812321.17326359"
iter:  0  f-value:  24591.79  pgrad:  0.5231608 
iter:  10  f-value:  24591.79  pgrad:  0.522501 
iter:  20  f-value:  24591.79  pgrad:  0.4861602 
iter:  30  f-value:  24591.79  pgrad:  0.4550748 
iter:  40  f-value:  24591.79  pgrad:  0.3478272 
iter:  50  f-value:  24591.79  pgrad:  0.5154629 
  Unsuccessful convergence.
Time difference of 20.59249 mins
 [1] "sigma:"              "0.983754051603947"   "0.983754051603947"  
 [4] "0.988297253279327"   "0.988297253279327"   "0.99"               
 [7] "0.99"                "0.99"                "0.99"               
[10] "0.99"                "0.99"                "0.99"               
[13] "0.99"                "0.985929130958628"   "0.985929130958628"  
[16] "0.986883601954875"   "0.986883601954875"   "0.99"               
[19] "0.99"                "0.99"                "0.99"               
[22] "0.99"                "0.99"                "0.99"               
[25] "0.99"                "0.479282375008937"   "0.479282375008937"  
[28] "0.285805887355288"   "0.285805887355288"   "0.315336769383511"  
[31] "0.315336769383511"   "0.399419250841075"   "0.399419250841075"  
[34] "0.0232431849899947"  "0.0232431849899947"  "0.00170403484659291"
[37] "0.00170403484659291" "0.0279721831994606"  "0.0279721831994606" 
[40] "0.0062715725158953"  "0.0062715725158953"  "beta :"             
[43] "1"                  
[1] 1999650 1999910 1999766 1999462 1998848
[1] 1 1 1 1 1
saved RDS
inference successful
