[1] "Original length"
[1] 999871
[1] "Final length"
[1] 13968
[1] "sequence length : 999872" "sequence length : 999516"
[3] "sequence length : 998875" "sequence length : 1e+06" 
[5] "sequence length : 998735"
[1] 1 1 1 1 1
[1] "Beta: 1"
[1] "Self: 0.5"
 [1] 0 0 0 0 0 0 0 0 0 0 0 0 0 0 0 0 0 0 0 0
[1] "maxIt: 20"
[1] "It: 1"
 [1] "sigma:" "0.5"    "0.5"    "0.5"    "0.5"    "0.5"    "0.5"    "0.5"   
 [9] "0.5"    "0.5"    "0.5"    "0.5"    "0.5"    "0.5"    "0.5"    "0.5"   
[17] "0.5"    "0.5"    "0.5"    "0"      "0"      "0"      "0"      "0"     
[25] "0"      "0"      "0"      "0"      "0"      "0"      "0"      "0"     
[33] "0"      "0"      "0"      "0"      "0"      "0"      "0"      "0"     
[41] "0"      "beta :" "1"     
[1] 8476149
[1] 8475521
[1] 8475201
[1] 8474724
[1] 8474018
[1] 8472979
[1] 8471471
[1] 8469366
[1] 8466522
[1] 8462712
[1] 8458133
[1] 8454348
[1] 8452896
[1] 8453916
[1] 8458022
[1] 8465613
[1] 8475160
[1] 8482981
[1] 8487059
[1] 8488343
[1] 8488587
 [1] "sigma:" "0.9655" "0.9655" "0.9655" "0.9655" "0.9655" "0.9655" "0.9655"
 [9] "0.9655" "0.9655" "0.9655" "0.9655" "0.9655" "0.9655" "0.9655" "0.9655"
[17] "0.9655" "0.9655" "0.9655" "0.9655" "0.9655" "0.9655" "0.9655" "0.9655"
[25] "0.9655" "0.25"   "0.25"   "0.25"   "0.25"   "0.25"   "0.25"   "0.25"  
[33] "0.25"   "0.25"   "0.25"   "0.25"   "0.25"   "0.25"   "0.25"   "0.25"  
[41] "0.25"   "beta :" "1"     
[1] "New Likelihood:  -8452895.85927234"
iter:  0  f-value:  23986.43  pgrad:  0.5 
iter:  10  f-value:  23984.02  pgrad:  0.9758399 
iter:  20  f-value:  23983.91  pgrad:  0.976989 
iter:  30  f-value:  23983.9  pgrad:  0.4906834 
  Unsuccessful convergence.
Time difference of 30.58398 mins
[1] "maxIt: 20"
[1] "It: 2"
 [1] "sigma:"            "0.978777894500842" "0.978777894500842"
 [4] "0.978777894500842" "0.978777894500842" "0.978777894500842"
 [7] "0.978777894500842" "0.978777894500842" "0.978777894500842"
[10] "0.978777894500842" "0.978777894500842" "0.978777894500842"
[13] "0.978777894500842" "0.978777894500842" "0.978777894500842"
[16] "0.978777894500842" "0.978777894500842" "0.978777894500842"
[19] "0.978777894500842" "0.978777894500842" "0.978777894500842"
[22] "0.978777894500842" "0.978777894500842" "0.978777894500842"
[25] "0.978777894500842" "0.250512268349181" "0.250512268349181"
[28] "0.250512268349181" "0.250512268349181" "0.250512268349181"
[31] "0.250512268349181" "0.250512268349181" "0.250512268349181"
[34] "0.250512268349181" "0.250512268349181" "0.250512268349181"
[37] "0.250512268349181" "0.250512268349181" "0.250512268349181"
[40] "0.250512268349181" "0.250512268349181" "beta :"           
[43] "1"                
[1] 8453416
[1] 8452075
[1] 8453671
 [1] "sigma:"            "0.978777894500842" "0.978777894500842"
 [4] "0.978777894500842" "0.978777894500842" "0.978777894500842"
 [7] "0.978777894500842" "0.978777894500842" "0.978777894500842"
[10] "0.978777894500842" "0.978777894500842" "0.978777894500842"
[13] "0.978777894500842" "0.978777894500842" "0.978777894500842"
[16] "0.978777894500842" "0.978777894500842" "0.978777894500842"
[19] "0.978777894500842" "0.978777894500842" "0.978777894500842"
[22] "0.978777894500842" "0.978777894500842" "0.978777894500842"
[25] "0.978777894500842" "0.200512268349181" "0.200512268349181"
[28] "0.200512268349181" "0.200512268349181" "0.200512268349181"
[31] "0.200512268349181" "0.200512268349181" "0.200512268349181"
[34] "0.200512268349181" "0.200512268349181" "0.200512268349181"
[37] "0.200512268349181" "0.200512268349181" "0.200512268349181"
[40] "0.200512268349181" "0.200512268349181" "beta :"           
[43] "1"                
[1] " old Likelihood:  -8452895.85927234"
[1] "New Likelihood:  -8452074.57175314"
iter:  0  f-value:  24879.79  pgrad:  0.512672 
iter:  10  f-value:  24878.98  pgrad:  0.5012384 
iter:  20  f-value:  24878.96  pgrad:  0.4987696 
iter:  30  f-value:  24878.95  pgrad:  0.4847142 
  Unsuccessful convergence.
Time difference of 9.382197 mins
[1] "maxIt: 20"
[1] "It: 3"
 [1] "sigma:"            "0.984829775599007" "0.984829775599007"
 [4] "0.984829775599007" "0.984829775599007" "0.984829775599007"
 [7] "0.984829775599007" "0.984829775599007" "0.984829775599007"
[10] "0.984829775599007" "0.984829775599007" "0.984829775599007"
[13] "0.984829775599007" "0.984829775599007" "0.984829775599007"
[16] "0.984829775599007" "0.984829775599007" "0.984829775599007"
[19] "0.984829775599007" "0.984829775599007" "0.984829775599007"
[22] "0.984829775599007" "0.984829775599007" "0.984829775599007"
[25] "0.984829775599007" "0.200428622391436" "0.200428622391436"
[28] "0.200428622391436" "0.200428622391436" "0.200428622391436"
[31] "0.200428622391436" "0.200428622391436" "0.200428622391436"
[34] "0.200428622391436" "0.200428622391436" "0.200428622391436"
[37] "0.200428622391436" "0.200428622391436" "0.200428622391436"
[40] "0.200428622391436" "0.200428622391436" "beta :"           
[43] "1"                
[1] 8453220
[1] 8451826
[1] 8453669
 [1] "sigma:"            "0.984829775599007" "0.984829775599007"
 [4] "0.984829775599007" "0.984829775599007" "0.984829775599007"
 [7] "0.984829775599007" "0.984829775599007" "0.984829775599007"
[10] "0.984829775599007" "0.984829775599007" "0.984829775599007"
[13] "0.984829775599007" "0.984829775599007" "0.984829775599007"
[16] "0.984829775599007" "0.984829775599007" "0.984829775599007"
[19] "0.984829775599007" "0.984829775599007" "0.984829775599007"
[22] "0.984829775599007" "0.984829775599007" "0.984829775599007"
[25] "0.984829775599007" "0.200428622391436" "0.200428622391436"
[28] "0.200428622391436" "0.200428622391436" "0.200428622391436"
[31] "0.200428622391436" "0.200428622391436" "0.200428622391436"
[34] "0.200428622391436" "0.200428622391436" "0.200428622391436"
[37] "0.200428622391436" "0.200428622391436" "0.200428622391436"
[40] "0.200428622391436" "0.200428622391436" "beta :"           
[43] "1"                
[1] " old Likelihood:  -8452074.57175314"
[1] "New Likelihood:  -8451826.44386112"
iter:  0  f-value:  24797.26  pgrad:  0.516781 
iter:  10  f-value:  24796.96  pgrad:  0.5005997 
iter:  20  f-value:  24796.96  pgrad:  0.5002918 
iter:  30  f-value:  24796.95  pgrad:  0.5008655 
  Unsuccessful convergence.
Time difference of 8.390731 mins
[1] "maxIt: 20"
[1] "It: 4"
 [1] "sigma:"            "0.987701470975261" "0.987701470975261"
 [4] "0.987701470975261" "0.987701470975261" "0.987701470975261"
 [7] "0.987701470975261" "0.987701470975261" "0.987701470975261"
[10] "0.987701470975261" "0.987701470975261" "0.987701470975261"
[13] "0.987701470975261" "0.987701470975261" "0.987701470975261"
[16] "0.987701470975261" "0.987701470975261" "0.987701470975261"
[19] "0.987701470975261" "0.987701470975261" "0.987701470975261"
[22] "0.987701470975261" "0.987701470975261" "0.987701470975261"
[25] "0.987701470975261" "0.200822340051047" "0.200822340051047"
[28] "0.200822340051047" "0.200822340051047" "0.200822340051047"
[31] "0.200822340051047" "0.200822340051047" "0.200822340051047"
[34] "0.200822340051047" "0.200822340051047" "0.200822340051047"
[37] "0.200822340051047" "0.200822340051047" "0.200822340051047"
[40] "0.200822340051047" "0.200822340051047" "beta :"           
[43] "1"                
[1] 8453154
[1] 8451735
[1] 8453719
 [1] "sigma:"            "0.987701470975261" "0.987701470975261"
 [4] "0.987701470975261" "0.987701470975261" "0.987701470975261"
 [7] "0.987701470975261" "0.987701470975261" "0.987701470975261"
[10] "0.987701470975261" "0.987701470975261" "0.987701470975261"
[13] "0.987701470975261" "0.987701470975261" "0.987701470975261"
[16] "0.987701470975261" "0.987701470975261" "0.987701470975261"
[19] "0.987701470975261" "0.987701470975261" "0.987701470975261"
[22] "0.987701470975261" "0.987701470975261" "0.987701470975261"
[25] "0.987701470975261" "0.200822340051047" "0.200822340051047"
[28] "0.200822340051047" "0.200822340051047" "0.200822340051047"
[31] "0.200822340051047" "0.200822340051047" "0.200822340051047"
[34] "0.200822340051047" "0.200822340051047" "0.200822340051047"
[37] "0.200822340051047" "0.200822340051047" "0.200822340051047"
[40] "0.200822340051047" "0.200822340051047" "beta :"           
[43] "1"                
[1] " old Likelihood:  -8451826.44386112"
[1] "New Likelihood:  -8451734.62657013"
iter:  0  f-value:  24756.88  pgrad:  0.5163307 
iter:  10  f-value:  24756.77  pgrad:  0.5983532 
iter:  20  f-value:  24756.76  pgrad:  0.5978282 
iter:  30  f-value:  24756.76  pgrad:  0.5975832 
  Unsuccessful convergence.
Time difference of 8.387355 mins
[1] "maxIt: 20"
[1] "It: 5"
 [1] "sigma:"            "0.989028924830712" "0.989028924830712"
 [4] "0.989028924830712" "0.989028924830712" "0.989028924830712"
 [7] "0.989028924830712" "0.989028924830712" "0.989028924830712"
[10] "0.989028924830712" "0.989028924830712" "0.989028924830712"
[13] "0.989028924830712" "0.989028924830712" "0.989028924830712"
[16] "0.989028924830712" "0.989028924830712" "0.989028924830712"
[19] "0.989028924830712" "0.989028924830712" "0.989028924830712"
[22] "0.989028924830712" "0.989028924830712" "0.989028924830712"
[25] "0.989028924830712" "0.201288946475648" "0.201288946475648"
[28] "0.201288946475648" "0.201288946475648" "0.201288946475648"
[31] "0.201288946475648" "0.201288946475648" "0.201288946475648"
[34] "0.201288946475648" "0.201288946475648" "0.201288946475648"
[37] "0.201288946475648" "0.201288946475648" "0.201288946475648"
[40] "0.201288946475648" "0.201288946475648" "beta :"           
[43] "1"                
[1] 8453131
[1] 8451697
[1] 8453764
 [1] "sigma:"            "0.989028924830712" "0.989028924830712"
 [4] "0.989028924830712" "0.989028924830712" "0.989028924830712"
 [7] "0.989028924830712" "0.989028924830712" "0.989028924830712"
[10] "0.989028924830712" "0.989028924830712" "0.989028924830712"
[13] "0.989028924830712" "0.989028924830712" "0.989028924830712"
[16] "0.989028924830712" "0.989028924830712" "0.989028924830712"
[19] "0.989028924830712" "0.989028924830712" "0.989028924830712"
[22] "0.989028924830712" "0.989028924830712" "0.989028924830712"
[25] "0.989028924830712" "0.201288946475648" "0.201288946475648"
[28] "0.201288946475648" "0.201288946475648" "0.201288946475648"
[31] "0.201288946475648" "0.201288946475648" "0.201288946475648"
[34] "0.201288946475648" "0.201288946475648" "0.201288946475648"
[37] "0.201288946475648" "0.201288946475648" "0.201288946475648"
[40] "0.201288946475648" "0.201288946475648" "beta :"           
[43] "1"                
[1] " old Likelihood:  -8451734.62657013"
[1] "New Likelihood:  -8451697.28081474"
iter:  0  f-value:  24738.05  pgrad:  0.5141374 
iter:  10  f-value:  24738  pgrad:  0.5974922 
iter:  20  f-value:  24737.99  pgrad:  0.5969188 
iter:  30  f-value:  24737.99  pgrad:  0.5966207 
  Unsuccessful convergence.
Time difference of 8.352414 mins
[1] "maxIt: 20"
[1] "It: 6"
 [1] "sigma:"            "0.989642899772383" "0.989642899772383"
 [4] "0.989642899772383" "0.989642899772383" "0.989642899772383"
 [7] "0.989642899772383" "0.989642899772383" "0.989642899772383"
[10] "0.989642899772383" "0.989642899772383" "0.989642899772383"
[13] "0.989642899772383" "0.989642899772383" "0.989642899772383"
[16] "0.989642899772383" "0.989642899772383" "0.989642899772383"
[19] "0.989642899772383" "0.989642899772383" "0.989642899772383"
[22] "0.989642899772383" "0.989642899772383" "0.989642899772383"
[25] "0.989642899772383" "0.202615211441132" "0.202615211441132"
[28] "0.202615211441132" "0.202615211441132" "0.202615211441132"
[31] "0.202615211441132" "0.202615211441132" "0.202615211441132"
[34] "0.202615211441132" "0.202615211441132" "0.202615211441132"
[37] "0.202615211441132" "0.202615211441132" "0.202615211441132"
[40] "0.202615211441132" "0.202615211441132" "beta :"           
[43] "1"                
[1] 8453095
[1] 8451675
[1] 8453801
 [1] "sigma:"            "0.989642899772383" "0.989642899772383"
 [4] "0.989642899772383" "0.989642899772383" "0.989642899772383"
 [7] "0.989642899772383" "0.989642899772383" "0.989642899772383"
[10] "0.989642899772383" "0.989642899772383" "0.989642899772383"
[13] "0.989642899772383" "0.989642899772383" "0.989642899772383"
[16] "0.989642899772383" "0.989642899772383" "0.989642899772383"
[19] "0.989642899772383" "0.989642899772383" "0.989642899772383"
[22] "0.989642899772383" "0.989642899772383" "0.989642899772383"
[25] "0.989642899772383" "0.202615211441132" "0.202615211441132"
[28] "0.202615211441132" "0.202615211441132" "0.202615211441132"
[31] "0.202615211441132" "0.202615211441132" "0.202615211441132"
[34] "0.202615211441132" "0.202615211441132" "0.202615211441132"
[37] "0.202615211441132" "0.202615211441132" "0.202615211441132"
[40] "0.202615211441132" "0.202615211441132" "beta :"           
[43] "1"                
[1] " old Likelihood:  -8451697.28081474"
[1] "New Likelihood:  -8451674.74964638"
iter:  0  f-value:  24722.25  pgrad:  0.5098936 
iter:  10  f-value:  24722.22  pgrad:  0.594716 
iter:  20  f-value:  24722.22  pgrad:  0.5941842 
iter:  30  f-value:  24722.21  pgrad:  0.4899688 
  Unsuccessful convergence.
Time difference of 8.343755 mins
[1] "maxIt: 20"
[1] "It: 7"
 [1] "sigma:"            "0.989977378657051" "0.989977378657051"
 [4] "0.989977378657051" "0.989977378657051" "0.989977378657051"
 [7] "0.989977378657051" "0.989977378657051" "0.989977378657051"
[10] "0.989977378657051" "0.989977378657051" "0.989977378657051"
[13] "0.989977378657051" "0.989977378657051" "0.989977378657051"
[16] "0.989977378657051" "0.989977378657051" "0.989977378657051"
[19] "0.989977378657051" "0.989977378657051" "0.989977378657051"
[22] "0.989977378657051" "0.989977378657051" "0.989977378657051"
[25] "0.989977378657051" "0.204036263521927" "0.204036263521927"
[28] "0.204036263521927" "0.204036263521927" "0.204036263521927"
[31] "0.204036263521927" "0.204036263521927" "0.204036263521927"
[34] "0.204036263521927" "0.204036263521927" "0.204036263521927"
[37] "0.204036263521927" "0.204036263521927" "0.204036263521927"
[40] "0.204036263521927" "0.204036263521927" "beta :"           
[43] "1"                
[1] 8453072
[1] 8451661
[1] 8453826
 [1] "sigma:"            "0.989977378657051" "0.989977378657051"
 [4] "0.989977378657051" "0.989977378657051" "0.989977378657051"
 [7] "0.989977378657051" "0.989977378657051" "0.989977378657051"
[10] "0.989977378657051" "0.989977378657051" "0.989977378657051"
[13] "0.989977378657051" "0.989977378657051" "0.989977378657051"
[16] "0.989977378657051" "0.989977378657051" "0.989977378657051"
[19] "0.989977378657051" "0.989977378657051" "0.989977378657051"
[22] "0.989977378657051" "0.989977378657051" "0.989977378657051"
[25] "0.989977378657051" "0.204036263521927" "0.204036263521927"
[28] "0.204036263521927" "0.204036263521927" "0.204036263521927"
[31] "0.204036263521927" "0.204036263521927" "0.204036263521927"
[34] "0.204036263521927" "0.204036263521927" "0.204036263521927"
[37] "0.204036263521927" "0.204036263521927" "0.204036263521927"
[40] "0.204036263521927" "0.204036263521927" "beta :"           
[43] "1"                
[1] " old Likelihood:  -8451674.74964638"
[1] "New Likelihood:  -8451661.19141158"
iter:  0  f-value:  24700.71  pgrad:  0.5059419 
iter:  10  f-value:  24700.69  pgrad:  0.5916809 
iter:  20  f-value:  24700.69  pgrad:  0.5039035 
iter:  30  f-value:  24700.69  pgrad:  0.5035605 
  Unsuccessful convergence.
Time difference of 8.396477 mins
[1] "maxIt: 20"
[1] "It: 8"
 [1] "sigma:"            "0.99"              "0.99"             
 [4] "0.99"              "0.99"              "0.99"             
 [7] "0.99"              "0.99"              "0.99"             
[10] "0.99"              "0.99"              "0.99"             
[13] "0.99"              "0.99"              "0.99"             
[16] "0.99"              "0.99"              "0.99"             
[19] "0.99"              "0.99"              "0.99"             
[22] "0.99"              "0.99"              "0.99"             
[25] "0.99"              "0.204781789845925" "0.204781789845925"
[28] "0.204781789845925" "0.204781789845925" "0.204781789845925"
[31] "0.204781789845925" "0.204781789845925" "0.204781789845925"
[34] "0.204781789845925" "0.204781789845925" "0.204781789845925"
[37] "0.204781789845925" "0.204781789845925" "0.204781789845925"
[40] "0.204781789845925" "0.204781789845925" "beta :"           
[43] "1"                
[1] 8453062
[1] 8451652
[1] 8453836
 [1] "sigma:"            "0.99"              "0.99"             
 [4] "0.99"              "0.99"              "0.99"             
 [7] "0.99"              "0.99"              "0.99"             
[10] "0.99"              "0.99"              "0.99"             
[13] "0.99"              "0.99"              "0.99"             
[16] "0.99"              "0.99"              "0.99"             
[19] "0.99"              "0.99"              "0.99"             
[22] "0.99"              "0.99"              "0.99"             
[25] "0.99"              "0.204781789845925" "0.204781789845925"
[28] "0.204781789845925" "0.204781789845925" "0.204781789845925"
[31] "0.204781789845925" "0.204781789845925" "0.204781789845925"
[34] "0.204781789845925" "0.204781789845925" "0.204781789845925"
[37] "0.204781789845925" "0.204781789845925" "0.204781789845925"
[40] "0.204781789845925" "0.204781789845925" "beta :"           
[43] "1"                
[1] " old Likelihood:  -8451661.19141158"
[1] "New Likelihood:  -8451651.75171544"
iter:  0  f-value:  24690.58  pgrad:  0.5033045 
iter:  10  f-value:  24690.57  pgrad:  0.5901847 
iter:  20  f-value:  24690.56  pgrad:  0.5016569 
iter:  30  f-value:  24690.56  pgrad:  0.5013638 
  Unsuccessful convergence.
Time difference of 8.379452 mins
[1] "maxIt: 20"
[1] "It: 9"
 [1] "sigma:"            "0.99"              "0.99"             
 [4] "0.99"              "0.99"              "0.99"             
 [7] "0.99"              "0.99"              "0.99"             
[10] "0.99"              "0.99"              "0.99"             
[13] "0.99"              "0.99"              "0.99"             
[16] "0.99"              "0.99"              "0.99"             
[19] "0.99"              "0.99"              "0.99"             
[22] "0.99"              "0.99"              "0.99"             
[25] "0.99"              "0.205531603198898" "0.205531603198898"
[28] "0.205531603198898" "0.205531603198898" "0.205531603198898"
[31] "0.205531603198898" "0.205531603198898" "0.205531603198898"
[34] "0.205531603198898" "0.205531603198898" "0.205531603198898"
[37] "0.205531603198898" "0.205531603198898" "0.205531603198898"
[40] "0.205531603198898" "0.205531603198898" "beta :"           
[43] "1"                
[1] 8453051
[1] 8451644
[1] 8453846
 [1] "sigma:"            "0.99"              "0.99"             
 [4] "0.99"              "0.99"              "0.99"             
 [7] "0.99"              "0.99"              "0.99"             
[10] "0.99"              "0.99"              "0.99"             
[13] "0.99"              "0.99"              "0.99"             
[16] "0.99"              "0.99"              "0.99"             
[19] "0.99"              "0.99"              "0.99"             
[22] "0.99"              "0.99"              "0.99"             
[25] "0.99"              "0.205531603198898" "0.205531603198898"
[28] "0.205531603198898" "0.205531603198898" "0.205531603198898"
[31] "0.205531603198898" "0.205531603198898" "0.205531603198898"
[34] "0.205531603198898" "0.205531603198898" "0.205531603198898"
[37] "0.205531603198898" "0.205531603198898" "0.205531603198898"
[40] "0.205531603198898" "0.205531603198898" "beta :"           
[43] "1"                
[1] " old Likelihood:  -8451651.75171544"
[1] "New Likelihood:  -8451643.79718926"
iter:  0  f-value:  24682.5  pgrad:  0.5010203 
iter:  10  f-value:  24682.48  pgrad:  0.5330367 
iter:  20  f-value:  24682.48  pgrad:  0.5022534 
iter:  30  f-value:  24682.48  pgrad:  0.4996628 
  Unsuccessful convergence.
Time difference of 8.34198 mins
[1] "maxIt: 20"
[1] "It: 10"
 [1] "sigma:"            "0.99"              "0.99"             
 [4] "0.99"              "0.99"              "0.99"             
 [7] "0.99"              "0.99"              "0.99"             
[10] "0.99"              "0.99"              "0.99"             
[13] "0.99"              "0.99"              "0.99"             
[16] "0.99"              "0.99"              "0.99"             
[19] "0.99"              "0.99"              "0.99"             
[22] "0.99"              "0.99"              "0.99"             
[25] "0.99"              "0.206216252592462" "0.206216252592462"
[28] "0.206216252592462" "0.206216252592462" "0.206216252592462"
[31] "0.206216252592462" "0.206216252592462" "0.206216252592462"
[34] "0.206216252592462" "0.206216252592462" "0.206216252592462"
[37] "0.206216252592462" "0.206216252592462" "0.206216252592462"
[40] "0.206216252592462" "0.206216252592462" "beta :"           
[43] "1"                
[1] 8453042
[1] 8451637
[1] 8453853
 [1] "sigma:"            "0.99"              "0.99"             
 [4] "0.99"              "0.99"              "0.99"             
 [7] "0.99"              "0.99"              "0.99"             
[10] "0.99"              "0.99"              "0.99"             
[13] "0.99"              "0.99"              "0.99"             
[16] "0.99"              "0.99"              "0.99"             
[19] "0.99"              "0.99"              "0.99"             
[22] "0.99"              "0.99"              "0.99"             
[25] "0.99"              "0.206216252592462" "0.206216252592462"
[28] "0.206216252592462" "0.206216252592462" "0.206216252592462"
[31] "0.206216252592462" "0.206216252592462" "0.206216252592462"
[34] "0.206216252592462" "0.206216252592462" "0.206216252592462"
[37] "0.206216252592462" "0.206216252592462" "0.206216252592462"
[40] "0.206216252592462" "0.206216252592462" "beta :"           
[43] "1"                
[1] " old Likelihood:  -8451643.79718926"
[1] "New Likelihood:  -8451637.48412577"
iter:  0  f-value:  24671.06  pgrad:  0.5008933 
iter:  10  f-value:  24671.05  pgrad:  0.498693 
iter:  20  f-value:  24671.05  pgrad:  0.502397 
iter:  30  f-value:  24671.05  pgrad:  0.4816394 
  Unsuccessful convergence.
Time difference of 8.380021 mins
[1] "maxIt: 20"
[1] "It: 11"
 [1] "sigma:"            "0.99"              "0.99"             
 [4] "0.99"              "0.99"              "0.99"             
 [7] "0.99"              "0.99"              "0.99"             
[10] "0.99"              "0.99"              "0.99"             
[13] "0.99"              "0.99"              "0.99"             
[16] "0.99"              "0.99"              "0.99"             
[19] "0.99"              "0.99"              "0.99"             
[22] "0.99"              "0.99"              "0.99"             
[25] "0.99"              "0.206728814848821" "0.206728814848821"
[28] "0.206728814848821" "0.206728814848821" "0.206728814848821"
[31] "0.206728814848821" "0.206728814848821" "0.206728814848821"
[34] "0.206728814848821" "0.206728814848821" "0.206728814848821"
[37] "0.206728814848821" "0.206728814848821" "0.206728814848821"
[40] "0.206728814848821" "0.206728814848821" "beta :"           
[43] "1"                
[1] 8453036
[1] 8451632
[1] 8453860
 [1] "sigma:"            "0.99"              "0.99"             
 [4] "0.99"              "0.99"              "0.99"             
 [7] "0.99"              "0.99"              "0.99"             
[10] "0.99"              "0.99"              "0.99"             
[13] "0.99"              "0.99"              "0.99"             
[16] "0.99"              "0.99"              "0.99"             
[19] "0.99"              "0.99"              "0.99"             
[22] "0.99"              "0.99"              "0.99"             
[25] "0.99"              "0.206728814848821" "0.206728814848821"
[28] "0.206728814848821" "0.206728814848821" "0.206728814848821"
[31] "0.206728814848821" "0.206728814848821" "0.206728814848821"
[34] "0.206728814848821" "0.206728814848821" "0.206728814848821"
[37] "0.206728814848821" "0.206728814848821" "0.206728814848821"
[40] "0.206728814848821" "0.206728814848821" "beta :"           
[43] "1"                
[1] " old Likelihood:  -8451637.48412577"
[1] "New Likelihood:  -8451632.17180122"
iter:  0  f-value:  24661.87  pgrad:  0.5007586 
iter:  10  f-value:  24661.86  pgrad:  0.4975181 
iter:  20  f-value:  24661.87  pgrad:  0.5061638 
iter:  30  f-value:  24661.86  pgrad:  0.4222966 
  Unsuccessful convergence.
Time difference of 8.368808 mins
[1] "maxIt: 20"
[1] "It: 12"
 [1] "sigma:"            "0.99"              "0.99"             
 [4] "0.99"              "0.99"              "0.99"             
 [7] "0.99"              "0.99"              "0.99"             
[10] "0.99"              "0.99"              "0.99"             
[13] "0.99"              "0.99"              "0.99"             
[16] "0.99"              "0.99"              "0.99"             
[19] "0.99"              "0.99"              "0.99"             
[22] "0.99"              "0.99"              "0.99"             
[25] "0.99"              "0.207488802971497" "0.207488802971497"
[28] "0.207488802971497" "0.207488802971497" "0.207488802971497"
[31] "0.207488802971497" "0.207488802971497" "0.207488802971497"
[34] "0.207488802971497" "0.207488802971497" "0.207488802971497"
[37] "0.207488802971497" "0.207488802971497" "0.207488802971497"
[40] "0.207488802971497" "0.207488802971497" "beta :"           
[43] "1"                
[1] 8453027
[1] 8451627
[1] 8453868
 [1] "sigma:"            "0.99"              "0.99"             
 [4] "0.99"              "0.99"              "0.99"             
 [7] "0.99"              "0.99"              "0.99"             
[10] "0.99"              "0.99"              "0.99"             
[13] "0.99"              "0.99"              "0.99"             
[16] "0.99"              "0.99"              "0.99"             
[19] "0.99"              "0.99"              "0.99"             
[22] "0.99"              "0.99"              "0.99"             
[25] "0.99"              "0.207488802971497" "0.207488802971497"
[28] "0.207488802971497" "0.207488802971497" "0.207488802971497"
[31] "0.207488802971497" "0.207488802971497" "0.207488802971497"
[34] "0.207488802971497" "0.207488802971497" "0.207488802971497"
[37] "0.207488802971497" "0.207488802971497" "0.207488802971497"
[40] "0.207488802971497" "0.207488802971497" "beta :"           
[43] "1"                
[1] " old Likelihood:  -8451632.17180122"
[1] "New Likelihood:  -8451627.44112819"
iter:  0  f-value:  24649.54  pgrad:  0.5006407 
iter:  10  f-value:  24649.53  pgrad:  0.4533285 
iter:  20  f-value:  24649.53  pgrad:  0.4962286 
iter:  30  f-value:  24649.53  pgrad:  0.4220055 
  Unsuccessful convergence.
Time difference of 8.382386 mins
[1] "maxIt: 20"
[1] "It: 13"
 [1] "sigma:"            "0.99"              "0.99"             
 [4] "0.99"              "0.99"              "0.99"             
 [7] "0.99"              "0.99"              "0.99"             
[10] "0.99"              "0.99"              "0.99"             
[13] "0.99"              "0.99"              "0.99"             
[16] "0.99"              "0.99"              "0.99"             
[19] "0.99"              "0.99"              "0.99"             
[22] "0.99"              "0.99"              "0.99"             
[25] "0.99"              "0.208044967170729" "0.208044967170729"
[28] "0.208044967170729" "0.208044967170729" "0.208044967170729"
[31] "0.208044967170729" "0.208044967170729" "0.208044967170729"
[34] "0.208044967170729" "0.208044967170729" "0.208044967170729"
[37] "0.208044967170729" "0.208044967170729" "0.208044967170729"
[40] "0.208044967170729" "0.208044967170729" "beta :"           
[43] "1"                
[1] 8453020
[1] 8451623
[1] 8453876
 [1] "sigma:"            "0.99"              "0.99"             
 [4] "0.99"              "0.99"              "0.99"             
 [7] "0.99"              "0.99"              "0.99"             
[10] "0.99"              "0.99"              "0.99"             
[13] "0.99"              "0.99"              "0.99"             
[16] "0.99"              "0.99"              "0.99"             
[19] "0.99"              "0.99"              "0.99"             
[22] "0.99"              "0.99"              "0.99"             
[25] "0.99"              "0.208044967170729" "0.208044967170729"
[28] "0.208044967170729" "0.208044967170729" "0.208044967170729"
[31] "0.208044967170729" "0.208044967170729" "0.208044967170729"
[34] "0.208044967170729" "0.208044967170729" "0.208044967170729"
[37] "0.208044967170729" "0.208044967170729" "0.208044967170729"
[40] "0.208044967170729" "0.208044967170729" "beta :"           
[43] "1"                
[1] " old Likelihood:  -8451627.44112819"
[1] "New Likelihood:  -8451623.40674011"
iter:  0  f-value:  24639.67  pgrad:  0.5005177 
iter:  10  f-value:  24639.66  pgrad:  0.424443 
iter:  20  f-value:  24639.66  pgrad:  0.4011235 
iter:  30  f-value:  24639.66  pgrad:  0.3860623 
  Unsuccessful convergence.
Time difference of 8.383498 mins
[1] "maxIt: 20"
[1] "It: 14"
 [1] "sigma:"            "0.99"              "0.99"             
 [4] "0.99"              "0.99"              "0.99"             
 [7] "0.99"              "0.99"              "0.99"             
[10] "0.99"              "0.99"              "0.99"             
[13] "0.99"              "0.99"              "0.99"             
[16] "0.99"              "0.99"              "0.99"             
[19] "0.99"              "0.99"              "0.99"             
[22] "0.99"              "0.99"              "0.99"             
[25] "0.99"              "0.208575065849528" "0.208575065849528"
[28] "0.208575065849528" "0.208575065849528" "0.208575065849528"
[31] "0.208575065849528" "0.208575065849528" "0.208575065849528"
[34] "0.208575065849528" "0.208575065849528" "0.208575065849528"
[37] "0.208575065849528" "0.208575065849528" "0.208575065849528"
[40] "0.208575065849528" "0.208575065849528" "beta :"           
[43] "1"                
[1] 8453015
[1] 8451620
[1] 8453883
 [1] "sigma:"            "0.99"              "0.99"             
 [4] "0.99"              "0.99"              "0.99"             
 [7] "0.99"              "0.99"              "0.99"             
[10] "0.99"              "0.99"              "0.99"             
[13] "0.99"              "0.99"              "0.99"             
[16] "0.99"              "0.99"              "0.99"             
[19] "0.99"              "0.99"              "0.99"             
[22] "0.99"              "0.99"              "0.99"             
[25] "0.99"              "0.208575065849528" "0.208575065849528"
[28] "0.208575065849528" "0.208575065849528" "0.208575065849528"
[31] "0.208575065849528" "0.208575065849528" "0.208575065849528"
[34] "0.208575065849528" "0.208575065849528" "0.208575065849528"
[37] "0.208575065849528" "0.208575065849528" "0.208575065849528"
[40] "0.208575065849528" "0.208575065849528" "beta :"           
[43] "1"                
[1] " old Likelihood:  -8451623.40674011"
[1] "New Likelihood:  -8451619.87775819"
iter:  0  f-value:  24629.72  pgrad:  0.500396 
iter:  10  f-value:  24629.72  pgrad:  0.3963942 
iter:  20  f-value:  24629.72  pgrad:  0.5009423 
iter:  30  f-value:  24629.72  pgrad:  0.3569585 
  Unsuccessful convergence.
Time difference of 8.37863 mins
[1] "maxIt: 20"
[1] "It: 15"
 [1] "sigma:"            "0.99"              "0.99"             
 [4] "0.99"              "0.99"              "0.99"             
 [7] "0.99"              "0.99"              "0.99"             
[10] "0.99"              "0.99"              "0.99"             
[13] "0.99"              "0.99"              "0.99"             
[16] "0.99"              "0.99"              "0.99"             
[19] "0.99"              "0.99"              "0.99"             
[22] "0.99"              "0.99"              "0.99"             
[25] "0.99"              "0.209054712855755" "0.209054712855755"
[28] "0.209054712855755" "0.209054712855755" "0.209054712855755"
[31] "0.209054712855755" "0.209054712855755" "0.209054712855755"
[34] "0.209054712855755" "0.209054712855755" "0.209054712855755"
[37] "0.209054712855755" "0.209054712855755" "0.209054712855755"
[40] "0.209054712855755" "0.209054712855755" "beta :"           
[43] "1"                
[1] 8453010
[1] 8451617
[1] 8453890
 [1] "sigma:"            "0.99"              "0.99"             
 [4] "0.99"              "0.99"              "0.99"             
 [7] "0.99"              "0.99"              "0.99"             
[10] "0.99"              "0.99"              "0.99"             
[13] "0.99"              "0.99"              "0.99"             
[16] "0.99"              "0.99"              "0.99"             
[19] "0.99"              "0.99"              "0.99"             
[22] "0.99"              "0.99"              "0.99"             
[25] "0.99"              "0.209054712855755" "0.209054712855755"
[28] "0.209054712855755" "0.209054712855755" "0.209054712855755"
[31] "0.209054712855755" "0.209054712855755" "0.209054712855755"
[34] "0.209054712855755" "0.209054712855755" "0.209054712855755"
[37] "0.209054712855755" "0.209054712855755" "0.209054712855755"
[40] "0.209054712855755" "0.209054712855755" "beta :"           
[43] "1"                
[1] " old Likelihood:  -8451619.87775819"
[1] "New Likelihood:  -8451616.79256817"
iter:  0  f-value:  24620.51  pgrad:  0.5002784 
iter:  10  f-value:  24620.5  pgrad:  0.3723108 
iter:  20  f-value:  24620.5  pgrad:  0.4352842 
iter:  30  f-value:  24620.5  pgrad:  0.3312744 
  Unsuccessful convergence.
Time difference of 8.414199 mins
[1] "maxIt: 20"
[1] "It: 16"
 [1] "sigma:"            "0.99"              "0.99"             
 [4] "0.99"              "0.99"              "0.99"             
 [7] "0.99"              "0.99"              "0.99"             
[10] "0.99"              "0.99"              "0.99"             
[13] "0.99"              "0.99"              "0.99"             
[16] "0.99"              "0.99"              "0.99"             
[19] "0.99"              "0.99"              "0.99"             
[22] "0.99"              "0.99"              "0.99"             
[25] "0.99"              "0.209549179575925" "0.209549179575925"
[28] "0.209549179575925" "0.209549179575925" "0.209549179575925"
[31] "0.209549179575925" "0.209549179575925" "0.209549179575925"
[34] "0.209549179575925" "0.209549179575925" "0.209549179575925"
[37] "0.209549179575925" "0.209549179575925" "0.209549179575925"
[40] "0.209549179575925" "0.209549179575925" "beta :"           
[43] "1"                
[1] 8453006
[1] 8451614
[1] 8453897
 [1] "sigma:"            "0.99"              "0.99"             
 [4] "0.99"              "0.99"              "0.99"             
 [7] "0.99"              "0.99"              "0.99"             
[10] "0.99"              "0.99"              "0.99"             
[13] "0.99"              "0.99"              "0.99"             
[16] "0.99"              "0.99"              "0.99"             
[19] "0.99"              "0.99"              "0.99"             
[22] "0.99"              "0.99"              "0.99"             
[25] "0.99"              "0.209549179575925" "0.209549179575925"
[28] "0.209549179575925" "0.209549179575925" "0.209549179575925"
[31] "0.209549179575925" "0.209549179575925" "0.209549179575925"
[34] "0.209549179575925" "0.209549179575925" "0.209549179575925"
[37] "0.209549179575925" "0.209549179575925" "0.209549179575925"
[40] "0.209549179575925" "0.209549179575925" "beta :"           
[43] "1"                
[1] " old Likelihood:  -8451616.79256817"
[1] "New Likelihood:  -8451614.05334404"
iter:  0  f-value:  24611.73  pgrad:  0.5001774 
iter:  10  f-value:  24611.72  pgrad:  0.3459354 
iter:  20  f-value:  24611.72  pgrad:  0.5012178 
iter:  30  f-value:  24611.72  pgrad:  0.3094465 
  Unsuccessful convergence.
Time difference of 8.38657 mins
[1] "maxIt: 20"
[1] "It: 17"
 [1] "sigma:"            "0.99"              "0.99"             
 [4] "0.99"              "0.99"              "0.99"             
 [7] "0.99"              "0.99"              "0.99"             
[10] "0.99"              "0.99"              "0.99"             
[13] "0.99"              "0.99"              "0.99"             
[16] "0.99"              "0.99"              "0.99"             
[19] "0.99"              "0.99"              "0.99"             
[22] "0.99"              "0.99"              "0.99"             
[25] "0.99"              "0.210041503389654" "0.210041503389654"
[28] "0.210041503389654" "0.210041503389654" "0.210041503389654"
[31] "0.210041503389654" "0.210041503389654" "0.210041503389654"
[34] "0.210041503389654" "0.210041503389654" "0.210041503389654"
[37] "0.210041503389654" "0.210041503389654" "0.210041503389654"
[40] "0.210041503389654" "0.210041503389654" "beta :"           
[43] "1"                
[1] 8453001
[1] 8451612
[1] 8453903
 [1] "sigma:"            "0.99"              "0.99"             
 [4] "0.99"              "0.99"              "0.99"             
 [7] "0.99"              "0.99"              "0.99"             
[10] "0.99"              "0.99"              "0.99"             
[13] "0.99"              "0.99"              "0.99"             
[16] "0.99"              "0.99"              "0.99"             
[19] "0.99"              "0.99"              "0.99"             
[22] "0.99"              "0.99"              "0.99"             
[25] "0.99"              "0.210041503389654" "0.210041503389654"
[28] "0.210041503389654" "0.210041503389654" "0.210041503389654"
[31] "0.210041503389654" "0.210041503389654" "0.210041503389654"
[34] "0.210041503389654" "0.210041503389654" "0.210041503389654"
[37] "0.210041503389654" "0.210041503389654" "0.210041503389654"
[40] "0.210041503389654" "0.210041503389654" "beta :"           
[43] "1"                
[1] " old Likelihood:  -8451614.05334404"
[1] "New Likelihood:  -8451611.65315454"
iter:  0  f-value:  24602.87  pgrad:  0.5000772 
iter:  10  f-value:  24602.86  pgrad:  0.323962 
iter:  20  f-value:  24602.86  pgrad:  0.3184687 
iter:  30  f-value:  24602.86  pgrad:  0.2662273 
  Unsuccessful convergence.
Time difference of 8.389174 mins
[1] "maxIt: 20"
[1] "It: 18"
 [1] "sigma:"            "0.99"              "0.99"             
 [4] "0.99"              "0.99"              "0.99"             
 [7] "0.99"              "0.99"              "0.99"             
[10] "0.99"              "0.99"              "0.99"             
[13] "0.99"              "0.99"              "0.99"             
[16] "0.99"              "0.99"              "0.99"             
[19] "0.99"              "0.99"              "0.99"             
[22] "0.99"              "0.99"              "0.99"             
[25] "0.99"              "0.210553974198318" "0.210553974198318"
[28] "0.210553974198318" "0.210553974198318" "0.210553974198318"
[31] "0.210553974198318" "0.210553974198318" "0.210553974198318"
[34] "0.210553974198318" "0.210553974198318" "0.210553974198318"
[37] "0.210553974198318" "0.210553974198318" "0.210553974198318"
[40] "0.210553974198318" "0.210553974198318" "beta :"           
[43] "1"                
[1] 8452998
[1] 8451610
[1] 8453910
 [1] "sigma:"            "0.99"              "0.99"             
 [4] "0.99"              "0.99"              "0.99"             
 [7] "0.99"              "0.99"              "0.99"             
[10] "0.99"              "0.99"              "0.99"             
[13] "0.99"              "0.99"              "0.99"             
[16] "0.99"              "0.99"              "0.99"             
[19] "0.99"              "0.99"              "0.99"             
[22] "0.99"              "0.99"              "0.99"             
[25] "0.99"              "0.210553974198318" "0.210553974198318"
[28] "0.210553974198318" "0.210553974198318" "0.210553974198318"
[31] "0.210553974198318" "0.210553974198318" "0.210553974198318"
[34] "0.210553974198318" "0.210553974198318" "0.210553974198318"
[37] "0.210553974198318" "0.210553974198318" "0.210553974198318"
[40] "0.210553974198318" "0.210553974198318" "beta :"           
[43] "1"                
[1] " old Likelihood:  -8451611.65315454"
[1] "New Likelihood:  -8451609.54079701"
iter:  0  f-value:  24593.1  pgrad:  0.4999781 
iter:  10  f-value:  24593.1  pgrad:  0.3522291 
iter:  20  f-value:  24593.1  pgrad:  0.495957 
iter:  30  f-value:  24593.1  pgrad:  0.2716479 
  Unsuccessful convergence.
Time difference of 8.398126 mins
[1] "maxIt: 20"
[1] "It: 19"
 [1] "sigma:"            "0.99"              "0.99"             
 [4] "0.99"              "0.99"              "0.99"             
 [7] "0.99"              "0.99"              "0.99"             
[10] "0.99"              "0.99"              "0.99"             
[13] "0.99"              "0.99"              "0.99"             
[16] "0.99"              "0.99"              "0.99"             
[19] "0.99"              "0.99"              "0.99"             
[22] "0.99"              "0.99"              "0.99"             
[25] "0.99"              "0.210910310260877" "0.210910310260877"
[28] "0.210910310260877" "0.210910310260877" "0.210910310260877"
[31] "0.210910310260877" "0.210910310260877" "0.210910310260877"
[34] "0.210910310260877" "0.210910310260877" "0.210910310260877"
[37] "0.210910310260877" "0.210910310260877" "0.210910310260877"
[40] "0.210910310260877" "0.210910310260877" "beta :"           
[43] "1"                
[1] 8452995
[1] 8451608
[1] 8453915
 [1] "sigma:"            "0.99"              "0.99"             
 [4] "0.99"              "0.99"              "0.99"             
 [7] "0.99"              "0.99"              "0.99"             
[10] "0.99"              "0.99"              "0.99"             
[13] "0.99"              "0.99"              "0.99"             
[16] "0.99"              "0.99"              "0.99"             
[19] "0.99"              "0.99"              "0.99"             
[22] "0.99"              "0.99"              "0.99"             
[25] "0.99"              "0.210910310260877" "0.210910310260877"
[28] "0.210910310260877" "0.210910310260877" "0.210910310260877"
[31] "0.210910310260877" "0.210910310260877" "0.210910310260877"
[34] "0.210910310260877" "0.210910310260877" "0.210910310260877"
[37] "0.210910310260877" "0.210910310260877" "0.210910310260877"
[40] "0.210910310260877" "0.210910310260877" "beta :"           
[43] "1"                
[1] " old Likelihood:  -8451609.54079701"
[1] "New Likelihood:  -8451607.69663917"
iter:  0  f-value:  24585.44  pgrad:  0.499878 
iter:  10  f-value:  24585.44  pgrad:  0.3454988 
iter:  20  f-value:  24585.44  pgrad:  0.4984546 
iter:  30  f-value:  24585.44  pgrad:  0.2410525 
  Unsuccessful convergence.
Time difference of 8.386172 mins
[1] "maxIt: 20"
[1] "It: 20"
 [1] "sigma:"           "0.99"             "0.99"             "0.99"            
 [5] "0.99"             "0.99"             "0.99"             "0.99"            
 [9] "0.99"             "0.99"             "0.99"             "0.99"            
[13] "0.99"             "0.99"             "0.99"             "0.99"            
[17] "0.99"             "0.99"             "0.99"             "0.99"            
[21] "0.99"             "0.99"             "0.99"             "0.99"            
[25] "0.99"             "0.21143958883528" "0.21143958883528" "0.21143958883528"
[29] "0.21143958883528" "0.21143958883528" "0.21143958883528" "0.21143958883528"
[33] "0.21143958883528" "0.21143958883528" "0.21143958883528" "0.21143958883528"
[37] "0.21143958883528" "0.21143958883528" "0.21143958883528" "0.21143958883528"
[41] "0.21143958883528" "beta :"           "1"               
[1] 8452992
[1] 8451606
[1] 8453922
 [1] "sigma:"           "0.99"             "0.99"             "0.99"            
 [5] "0.99"             "0.99"             "0.99"             "0.99"            
 [9] "0.99"             "0.99"             "0.99"             "0.99"            
[13] "0.99"             "0.99"             "0.99"             "0.99"            
[17] "0.99"             "0.99"             "0.99"             "0.99"            
[21] "0.99"             "0.99"             "0.99"             "0.99"            
[25] "0.99"             "0.21143958883528" "0.21143958883528" "0.21143958883528"
[29] "0.21143958883528" "0.21143958883528" "0.21143958883528" "0.21143958883528"
[33] "0.21143958883528" "0.21143958883528" "0.21143958883528" "0.21143958883528"
[37] "0.21143958883528" "0.21143958883528" "0.21143958883528" "0.21143958883528"
[41] "0.21143958883528" "beta :"           "1"               
[1] " old Likelihood:  -8451607.69663917"
[1] "New Likelihood:  -8451606.04499068"
iter:  0  f-value:  24576.05  pgrad:  0.4997977 
iter:  10  f-value:  24576.05  pgrad:  0.290529 
iter:  20  f-value:  24576.05  pgrad:  0.4677349 
iter:  30  f-value:  24576.05  pgrad:  0.2269735 
  Unsuccessful convergence.
Time difference of 8.383528 mins
 [1] "sigma:"            "0.99"              "0.99"             
 [4] "0.99"              "0.99"              "0.99"             
 [7] "0.99"              "0.99"              "0.99"             
[10] "0.99"              "0.99"              "0.99"             
[13] "0.99"              "0.99"              "0.99"             
[16] "0.99"              "0.99"              "0.99"             
[19] "0.99"              "0.99"              "0.99"             
[22] "0.99"              "0.99"              "0.99"             
[25] "0.99"              "0.211903749047675" "0.211903749047675"
[28] "0.211903749047675" "0.211903749047675" "0.211903749047675"
[31] "0.211903749047675" "0.211903749047675" "0.211903749047675"
[34] "0.211903749047675" "0.211903749047675" "0.211903749047675"
[37] "0.211903749047675" "0.211903749047675" "0.211903749047675"
[40] "0.211903749047675" "0.211903749047675" "beta :"           
[43] "1"                
[1] 1999744 1999032 1997750 2000000 1997470
[1] 1 1 1 1 1
saved RDS
inference successful
