[1] "Original length"
[1] 999894
[1] "Final length"
[1] 17601
[1] "sequence length : 999895" "sequence length : 999657"
[3] "sequence length : 998978" "sequence length : 999910"
[5] "sequence length : 999858"
[1] "former Rho:"
[1] 1212.9964 1232.0427  808.9341 1111.8244 1570.8821
[1] "old mu :"
[1] 0.0006065619 0.0006162327 0.0004048808 0.0005559623 0.0007855526
[1] "new mu :"
[1] 0.0005938381
[1] "new Rho:"
[1] 1187.551 1187.269 1186.462 1187.569 1187.507
[1] 1 1 1 1 1
[1] "Beta: 1"
[1] "Self: 0"
[1] 1
[1] "Rho"
[1] 1187.551 1187.269 1186.462 1187.569 1187.507
[1] "It: 1"
[1] "sigma:" "0"      "beta :" "1"     
[1] "rho/theta:" "1"         
[1] "sigma:" "0"      "beta :" "1"     
[1] "rho/theta:" "1"         
Time difference of 1.612773 secs
[1] "New Likelihood:  -8251948.22426242"
[1] 4998293
[1] 4998298
iter:  0  f-value:  30906  pgrad:  0.5 
iter:  10  f-value:  30888.99  pgrad:  0.9806023 
iter:  20  f-value:  30882.21  pgrad:  0.8806112 
iter:  30  f-value:  30882.04  pgrad:  0.8733717 
  Unsuccessful convergence.
[1] 0.1268633
 [1] "Xi: 0.50433049032334"  "Xi: 0.504249838745473" "Xi: 0.507092256308467"
 [4] "Xi: 0.508489305160499" "Xi: 0.508837960105349" "Xi: 0.50475178322491" 
 [7] "Xi: 0.489809237127246" "Xi: 0.474348342481739" "Xi: 0.471247974306057"
[10] "Xi: 0.488224134922802" "Xi: 0.503867918201211" "Xi: 0.512744480068731"
[13] "Xi: 0.516143730733201" "Xi: 0.516905359365568" "Xi: 0.51636162234331" 
[16] "Xi: 0.514841808250505" "Xi: 0.512767417978989" "Xi: 0.510641104589144"
[19] "Xi: 0.508908357572428" "Xi: 0.507793205680423"
Time difference of 7.384575 mins
[1] "Rho"
[1] 1187.551 1187.269 1186.462 1187.569 1187.507
[1] "It: 2"
[1] "sigma:"            "0.125594641945452" "beta :"           
[4] "1"                
[1] "rho/theta:" "1"         
Time difference of 1.629317 secs
[1] " old Likelihood:  -8251948.22426242"
[1] "New Likelihood:  -8244717.06006326"
[1] 4998293
[1] 4998298
iter:  0  f-value:  30159.4  pgrad:  0.8731367 
iter:  10  f-value:  30151.19  pgrad:  0.8389061 
iter:  20  f-value:  30149.11  pgrad:  0.7886011 
iter:  30  f-value:  30149.07  pgrad:  0.783213 
  Unsuccessful convergence.
[1] 0.2177302
 [1] "Xi: 0.506949712027451" "Xi: 0.506891485276618" "Xi: 0.511396955570204"
 [4] "Xi: 0.516390850904543" "Xi: 0.5182562904222"   "Xi: 0.51434529897461" 
 [7] "Xi: 0.491127997299517" "Xi: 0.462136046872823" "Xi: 0.452987580074347"
[10] "Xi: 0.47713987281882"  "Xi: 0.504739696109652" "Xi: 0.520508726331191"
[13] "Xi: 0.526376163638258" "Xi: 0.527730285509951" "Xi: 0.526991663629357"
[16] "Xi: 0.524715783017069" "Xi: 0.521518969555862" "Xi: 0.518277067241295"
[19] "Xi: 0.515381599786399" "Xi: 0.513552767928212"
Time difference of 4.137341 mins
[1] "Rho"
[1] 1187.551 1187.269 1186.462 1187.569 1187.507
[1] "It: 3"
[1] "sigma:"            "0.215552929599833" "beta :"           
[4] "1"                
[1] "rho/theta:" "1"         
Time difference of 1.623464 secs
[1] " old Likelihood:  -8244717.06006326"
[1] "New Likelihood:  -8241392.85867493"
[1] 4998293
[1] 4998298
iter:  0  f-value:  29234.52  pgrad:  0.7822698 
iter:  10  f-value:  29230.35  pgrad:  0.7506942 
iter:  20  f-value:  29229.53  pgrad:  0.729396 
iter:  30  f-value:  29229.37  pgrad:  0.5407927 
  Unsuccessful convergence.
[1] 0.2833184
 [1] "Xi: 0.5084316624673"   "Xi: 0.508393621918768" "Xi: 0.513812236575142"
 [4] "Xi: 0.52060262347588"  "Xi: 0.523420886370563" "Xi: 0.52038168250178" 
 [7] "Xi: 0.497877882682479" "Xi: 0.459233827666544" "Xi: 0.44136188719804" 
[10] "Xi: 0.468317981128199" "Xi: 0.504038742485175" "Xi: 0.52524785677693" 
[13] "Xi: 0.532654234095207" "Xi: 0.534358386201531" "Xi: 0.533686611367047"
[16] "Xi: 0.53113585248415"  "Xi: 0.527441400444843" "Xi: 0.523563852988626"
[19] "Xi: 0.520033080255605" "Xi: 0.51774842411079" 
Time difference of 4.141151 mins
[1] "Rho"
[1] 1187.551 1187.269 1186.462 1187.569 1187.507
[1] "It: 4"
[1] "sigma:"            "0.280485208756423" "beta :"           
[4] "1"                
[1] "rho/theta:" "1"         
Time difference of 1.637254 secs
[1] " old Likelihood:  -8241392.85867493"
[1] "New Likelihood:  -8239676.98776861"
[1] 4998293
[1] 4998298
iter:  0  f-value:  28331.54  pgrad:  0.7166816 
iter:  10  f-value:  28329.1  pgrad:  0.6915382 
iter:  20  f-value:  28328.38  pgrad:  0.667658 
iter:  30  f-value:  28328.38  pgrad:  0.5386899 
  Unsuccessful convergence.
[1] 0.3356218
 [1] "Xi: 0.509395364077212" "Xi: 0.509382878936881" "Xi: 0.51538488294218" 
 [4] "Xi: 0.52325660441091"  "Xi: 0.527005220142831" "Xi: 0.525307171287535"
 [7] "Xi: 0.505442121216641" "Xi: 0.463138403349435" "Xi: 0.435005912928855"
[10] "Xi: 0.461510703482319" "Xi: 0.503241969971523" "Xi: 0.528681590433862"
[13] "Xi: 0.536847001650318" "Xi: 0.538669432763544" "Xi: 0.538051090298447"
[16] "Xi: 0.535444283232408" "Xi: 0.531687896804599" "Xi: 0.527561504335927"
[19] "Xi: 0.523639768299507" "Xi: 0.52106613542724" 
Time difference of 4.140316 mins
[1] "Rho"
[1] 1187.551 1187.269 1186.462 1187.569 1187.507
[1] "It: 5"
[1] "sigma:"            "0.332265548187969" "beta :"           
[4] "1"                
[1] "rho/theta:" "1"         
Time difference of 1.624531 secs
[1] " old Likelihood:  -8239676.98776861"
[1] "New Likelihood:  -8238570.32660873"
[1] 4998293
[1] 4998298
iter:  0  f-value:  27451.62  pgrad:  0.6643782 
iter:  10  f-value:  27449.85  pgrad:  0.6428806 
iter:  20  f-value:  27449.31  pgrad:  0.5685254 
iter:  30  f-value:  27449.27  pgrad:  0.6210403 
  Unsuccessful convergence.
[1] 0.3789699
 [1] "Xi: 0.510289894407635" "Xi: 0.510304967002836" "Xi: 0.51684138650858" 
 [4] "Xi: 0.525658474840413" "Xi: 0.529947751890632" "Xi: 0.52915004272748" 
 [7] "Xi: 0.511467030574256" "Xi: 0.469169930756995" "Xi: 0.43195893691411" 
[10] "Xi: 0.456389055622214" "Xi: 0.502717476308354" "Xi: 0.531583957641476"
[13] "Xi: 0.539901823471247" "Xi: 0.541511068842164" "Xi: 0.541029343795704"
[16] "Xi: 0.538548485779539" "Xi: 0.534824546929068" "Xi: 0.530618766444554"
[19] "Xi: 0.526500527592705" "Xi: 0.523750275653089"
Time difference of 4.141071 mins
[1] "Rho"
[1] 1187.551 1187.269 1186.462 1187.569 1187.507
[1] "It: 6"
[1] "sigma:"           "0.37518017611182" "beta :"           "1"               
[1] "rho/theta:" "1"         
Time difference of 1.630272 secs
[1] " old Likelihood:  -8238570.32660873"
[1] "New Likelihood:  -8237736.17094564"
[1] 4998293
[1] 4998298
iter:  0  f-value:  26614.55  pgrad:  0.6210301 
iter:  10  f-value:  26612.8  pgrad:  0.5947874 
iter:  20  f-value:  26612.62  pgrad:  0.5841006 
iter:  30  f-value:  26612.59  pgrad:  0.5836306 
  Unsuccessful convergence.
[1] 0.4168422
 [1] "Xi: 0.510857623739641" "Xi: 0.510898951188346" "Xi: 0.517777022648978"
 [4] "Xi: 0.527142663349639" "Xi: 0.531994484336432" "Xi: 0.532154441033006"
 [7] "Xi: 0.516899217847252" "Xi: 0.476591412924581" "Xi: 0.431659559318516"
[10] "Xi: 0.452830451934844" "Xi: 0.502754839856563" "Xi: 0.534474100220708"
[13] "Xi: 0.542472817946516" "Xi: 0.543608255057721" "Xi: 0.543212198027428"
[16] "Xi: 0.540877515296182" "Xi: 0.537268198212884" "Xi: 0.533093873897534"
[19] "Xi: 0.528890326916923" "Xi: 0.526036356470115"
Time difference of 4.141338 mins
[1] "Rho"
[1] 1187.551 1187.269 1186.462 1187.569 1187.507
[1] "It: 7"
[1] "sigma:"            "0.412673771897102" "beta :"           
[4] "1"                
[1] "rho/theta:" "1"         
Time difference of 1.625084 secs
[1] " old Likelihood:  -8237736.17094564"
[1] "New Likelihood:  -8237027.91304133"
[1] 4998293
[1] 4998298
iter:  0  f-value:  25806.2  pgrad:  0.5831578 
iter:  10  f-value:  25804.57  pgrad:  0.5689569 
iter:  20  f-value:  25804.48  pgrad:  0.5672308 
iter:  30  f-value:  25804.46  pgrad:  0.5154466 
  Unsuccessful convergence.
[1] 0.4504571
 [1] "Xi: 0.511485674443208" "Xi: 0.511561018593171" "Xi: 0.518823292810905"
 [4] "Xi: 0.528743446996124" "Xi: 0.534265723057288" "Xi: 0.53555735367844" 
 [7] "Xi: 0.523085444195228" "Xi: 0.485681657802996" "Xi: 0.43328340799035" 
[10] "Xi: 0.450345591414459" "Xi: 0.503200242639542" "Xi: 0.537435756965677"
[13] "Xi: 0.544801554369474" "Xi: 0.545263457559405" "Xi: 0.544912754061872"
[16] "Xi: 0.542697724255033" "Xi: 0.539152928982382" "Xi: 0.535038681438603"
[19] "Xi: 0.531105216139497" "Xi: 0.528017937138576"
Time difference of 4.140862 mins
[1] "Rho"
[1] 1187.551 1187.269 1186.462 1187.569 1187.507
[1] "It: 8"
[1] "sigma:"            "0.445952560251873" "beta :"           
[4] "1"                
[1] "rho/theta:" "1"         
Time difference of 1.62731 secs
[1] " old Likelihood:  -8237027.91304133"
[1] "New Likelihood:  -8236392.80921478"
[1] 4998293
[1] 4998298
iter:  0  f-value:  25030.16  pgrad:  0.5495429 
iter:  10  f-value:  25028.67  pgrad:  0.5665894 
iter:  20  f-value:  25028.59  pgrad:  0.5649497 
iter:  30  f-value:  25028.58  pgrad:  0.5055091 
  Unsuccessful convergence.
[1] 0.4805764
 [1] "Xi: 0.512109359365003" "Xi: 0.512222809459067" "Xi: 0.519862232661785"
 [4] "Xi: 0.530285772653987" "Xi: 0.536409468904443" "Xi: 0.538697105965638"
 [7] "Xi: 0.528630574763388" "Xi: 0.49451479810279"  "Xi: 0.436000223884735"
[10] "Xi: 0.448474092520837" "Xi: 0.503841019934438" "Xi: 0.540440288876149"
[13] "Xi: 0.546994420999826" "Xi: 0.54665242541674"  "Xi: 0.546283981961236"
[16] "Xi: 0.544180672786369" "Xi: 0.540771278114614" "Xi: 0.536781831758282"
[19] "Xi: 0.532860114449732" "Xi: 0.529746578182693"
Time difference of 4.149053 mins
[1] "Rho"
[1] 1187.551 1187.269 1186.462 1187.569 1187.507
[1] "It: 9"
[1] "sigma:"            "0.475770623840048" "beta :"           
[4] "1"                
[1] "rho/theta:" "1"         
Time difference of 1.623293 secs
[1] " old Likelihood:  -8236392.80921478"
[1] "New Likelihood:  -8235814.1661496"
[1] 4998293
[1] 4998298
iter:  0  f-value:  24291.63  pgrad:  0.5639998 
iter:  10  f-value:  24290.23  pgrad:  0.5624815 
iter:  20  f-value:  24290.19  pgrad:  0.5611763 
iter:  30  f-value:  24290.17  pgrad:  0.4957972 
  Unsuccessful convergence.
[1] 0.5078301
 [1] "Xi: 0.5127578598013"   "Xi: 0.512913649930863" "Xi: 0.52095247364927" 
 [4] "Xi: 0.531939628386182" "Xi: 0.538759960746702" "Xi: 0.542168594987766"
 [7] "Xi: 0.534662751872389" "Xi: 0.504235191741035" "Xi: 0.439590984269179"
[10] "Xi: 0.447039132299959" "Xi: 0.50459956260086"  "Xi: 0.543493688968828"
[13] "Xi: 0.549123077211725" "Xi: 0.547882073883624" "Xi: 0.547457658703255"
[16] "Xi: 0.545432265173457" "Xi: 0.542132474005703" "Xi: 0.538275683893832"
[19] "Xi: 0.534392108247579" "Xi: 0.53129033234289" 
Time difference of 4.149951 mins
[1] "Rho"
[1] 1187.551 1187.269 1186.462 1187.569 1187.507
[1] "It: 10"
[1] "sigma:"            "0.502751762019214" "beta :"           
[4] "1"                
[1] "rho/theta:" "1"         
Time difference of 1.621553 secs
[1] " old Likelihood:  -8235814.1661496"
[1] "New Likelihood:  -8235279.64194913"
[1] 4998293
[1] 4998298
iter:  0  f-value:  23587.51  pgrad:  0.560409 
iter:  10  f-value:  23586.2  pgrad:  0.5585506 
iter:  20  f-value:  23586.18  pgrad:  0.5569893 
iter:  30  f-value:  23586.17  pgrad:  0.4889695 
  Unsuccessful convergence.
[1] 0.5324988
 [1] "Xi: 0.513332010706823" "Xi: 0.513527934733965" "Xi: 0.521913809785668"
 [4] "Xi: 0.533403055690907" "Xi: 0.540726696063765" "Xi: 0.544924627774495"
 [7] "Xi: 0.539163557954993" "Xi: 0.511736776087313" "Xi: 0.443339567359533"
[10] "Xi: 0.445742717313192" "Xi: 0.505286928632796" "Xi: 0.54650639442682" 
[13] "Xi: 0.551180509867431" "Xi: 0.548989636034967" "Xi: 0.548495595140655"
[16] "Xi: 0.546514281849578" "Xi: 0.543287931436896" "Xi: 0.539551703146726"
[19] "Xi: 0.535731072863065" "Xi: 0.532655824909664"
Time difference of 4.149906 mins
[1] "Rho"
[1] 1187.551 1187.269 1186.462 1187.569 1187.507
[1] "It: 11"
[1] "sigma:"            "0.527173770043898" "beta :"           
[4] "1"                
[1] "rho/theta:" "1"         
Time difference of 1.616505 secs
[1] " old Likelihood:  -8235279.64194913"
[1] "New Likelihood:  -8234789.65741122"
[1] 4998293
[1] 4998298
iter:  0  f-value:  22919.53  pgrad:  0.5566604 
iter:  10  f-value:  22918.33  pgrad:  0.5563539 
iter:  20  f-value:  22918.3  pgrad:  0.5443157 
iter:  30  f-value:  22918.29  pgrad:  0.4784904 
  Unsuccessful convergence.
[1] 0.5550506
 [1] "Xi: 0.514020069676356" "Xi: 0.514265355511587" "Xi: 0.523067547593311"
 [4] "Xi: 0.535149736962183" "Xi: 0.543259168933858" "Xi: 0.54862199500639" 
 [7] "Xi: 0.545222415541962" "Xi: 0.521528449693798" "Xi: 0.447754615434182"
[10] "Xi: 0.444774815445153" "Xi: 0.506036158707069" "Xi: 0.549573485721528"
[13] "Xi: 0.553213616615253" "Xi: 0.550038746222236" "Xi: 0.549463317059533"
[16] "Xi: 0.547491393899037" "Xi: 0.544297451177138" "Xi: 0.540674931190384"
[19] "Xi: 0.536918658897956" "Xi: 0.533896090792677"
Time difference of 4.144848 mins
[1] "Rho"
[1] 1187.551 1187.269 1186.462 1187.569 1187.507
[1] "It: 12"
[1] "sigma:"            "0.549500098828756" "beta :"           
[4] "1"                
[1] "rho/theta:" "1"         
Time difference of 1.627158 secs
[1] " old Likelihood:  -8234789.65741122"
[1] "New Likelihood:  -8234335.41762448"
[1] 4998293
[1] 4998298
iter:  0  f-value:  22285.17  pgrad:  0.5522454 
iter:  10  f-value:  22284.06  pgrad:  0.5571036 
iter:  20  f-value:  22284.04  pgrad:  0.548533 
iter:  30  f-value:  22284.04  pgrad:  0.5416826 
  Unsuccessful convergence.
[1] 0.5755705
 [1] "Xi: 0.514565675919499" "Xi: 0.51484903667722"  "Xi: 0.52397236784905" 
 [4] "Xi: 0.536500298614325" "Xi: 0.545076885846282" "Xi: 0.551065276158856"
 [7] "Xi: 0.548907881866089" "Xi: 0.527711670850122" "Xi: 0.45206973757144" 
[10] "Xi: 0.443806014426952" "Xi: 0.506598011645821" "Xi: 0.552513249228615"
[13] "Xi: 0.555187057288274" "Xi: 0.551010050682227" "Xi: 0.550362867716566"
[16] "Xi: 0.548376812615301" "Xi: 0.545174009914305" "Xi: 0.541647575054177"
[19] "Xi: 0.537964865375131" "Xi: 0.535002646558717"
Time difference of 4.146647 mins
[1] "Rho"
[1] 1187.551 1187.269 1186.462 1187.569 1187.507
[1] "It: 13"
[1] "sigma:"            "0.569814794309627" "beta :"           
[4] "1"                
[1] "rho/theta:" "1"         
Time difference of 1.621028 secs
[1] " old Likelihood:  -8234335.41762448"
[1] "New Likelihood:  -8233921.77783348"
[1] 4998293
[1] 4998298
iter:  0  f-value:  21685.94  pgrad:  0.5510101 
iter:  10  f-value:  21684.92  pgrad:  0.5577672 
iter:  20  f-value:  21684.9  pgrad:  0.5459614 
iter:  30  f-value:  21684.9  pgrad:  0.4662647 
  Unsuccessful convergence.
[1] 0.5943539
 [1] "Xi: 0.515108479374551" "Xi: 0.515434207844702" "Xi: 0.524877312390448"
 [4] "Xi: 0.537831868524193" "Xi: 0.546910704280657" "Xi: 0.553526002043497"
 [7] "Xi: 0.552548454455396" "Xi: 0.533818909519776" "Xi: 0.456759317561109"
[10] "Xi: 0.443040014017927" "Xi: 0.507105989340012" "Xi: 0.55541124932041" 
[13] "Xi: 0.55712535547655"  "Xi: 0.551933698282261" "Xi: 0.551226461939262"
[16] "Xi: 0.549202603381005" "Xi: 0.545950026621706" "Xi: 0.542501876489754"
[19] "Xi: 0.538893189678232" "Xi: 0.536005615896479"
Time difference of 4.156951 mins
[1] "Rho"
[1] 1187.551 1187.269 1186.462 1187.569 1187.507
[1] "It: 14"
[1] "sigma:"            "0.588410343116148" "beta :"           
[4] "1"                
[1] "rho/theta:" "1"         
Time difference of 1.637722 secs
[1] " old Likelihood:  -8233921.77783348"
[1] "New Likelihood:  -8233542.83395298"
[1] 4998293
[1] 4998298
iter:  0  f-value:  21119.85  pgrad:  0.5519337 
iter:  10  f-value:  21118.92  pgrad:  0.5583424 
iter:  20  f-value:  21118.9  pgrad:  0.538805 
iter:  30  f-value:  21118.91  pgrad:  0.6116152 
  Unsuccessful convergence.
[1] 0.611592
 [1] "Xi: 0.515814581348674" "Xi: 0.516199095120082" "Xi: 0.526059014403781"
 [4] "Xi: 0.539545727597942" "Xi: 0.549497024805034" "Xi: 0.557206338966485"
 [7] "Xi: 0.558075355205265" "Xi: 0.542845923784206" "Xi: 0.462164225436618"
[10] "Xi: 0.442484979607305" "Xi: 0.507566296285064" "Xi: 0.558260624254268"
[13] "Xi: 0.559015768143"    "Xi: 0.552934404600283" "Xi: 0.552151895659152"
[16] "Xi: 0.549920584024236" "Xi: 0.546713433888459" "Xi: 0.543158766677163"
[19] "Xi: 0.539700296967277" "Xi: 0.536873598229075"
Time difference of 4.153361 mins
[1] "Rho"
[1] 1187.551 1187.269 1186.462 1187.569 1187.507
[1] "It: 15"
[1] "sigma:"            "0.605476072907532" "beta :"           
[4] "1"                
[1] "rho/theta:" "1"         
Time difference of 1.618499 secs
[1] " old Likelihood:  -8233542.83395298"
[1] "New Likelihood:  -8233194.76729104"
[1] 4998293
[1] 4998298
iter:  0  f-value:  20585.35  pgrad:  0.5529344 
iter:  10  f-value:  20584.51  pgrad:  0.5588284 
iter:  20  f-value:  20584.5  pgrad:  0.5537703 
iter:  30  f-value:  20584.49  pgrad:  0.5473434 
  Unsuccessful convergence.
[1] 0.6273588
 [1] "Xi: 0.516447196882194" "Xi: 0.516879312038493" "Xi: 0.5271061188155"  
 [4] "Xi: 0.54104164134094"  "Xi: 0.55173309998447"  "Xi: 0.560254055952615"
 [7] "Xi: 0.562386340934202" "Xi: 0.549831897437823" "Xi: 0.467230492617321"
[10] "Xi: 0.441901509595568" "Xi: 0.507819203993448" "Xi: 0.560935307069242"
[13] "Xi: 0.560821365065531" "Xi: 0.553718819890638" "Xi: 0.552932655751005"
[16] "Xi: 0.550649480141582" "Xi: 0.547329067733688" "Xi: 0.543819149747208"
[19] "Xi: 0.54043916228539"  "Xi: 0.537711107168144"
Time difference of 4.145827 mins
[1] "Rho"
[1] 1187.551 1187.269 1186.462 1187.569 1187.507
[1] "It: 16"
[1] "sigma:"            "0.621085171513941" "beta :"           
[4] "1"                
[1] "rho/theta:" "1"         
Time difference of 1.623026 secs
[1] " old Likelihood:  -8233194.76729104"
[1] "New Likelihood:  -8232879.82647307"
[1] 4998293
[1] 4998298
iter:  0  f-value:  20082.46  pgrad:  0.5537188 
iter:  10  f-value:  20081.69  pgrad:  0.5592379 
iter:  20  f-value:  20081.68  pgrad:  0.5284233 
iter:  30  f-value:  20081.68  pgrad:  0.5444136 
  Unsuccessful convergence.
[1] 0.6418268
 [1] "Xi: 0.516988335596231" "Xi: 0.517459209096034" "Xi: 0.527996823078726"
 [4] "Xi: 0.542292525057005" "Xi: 0.553576063096223" "Xi: 0.562650748608724"
 [7] "Xi: 0.565601438814108" "Xi: 0.555050291397969" "Xi: 0.47224392200672" 
[10] "Xi: 0.441418783167479" "Xi: 0.507956969316915" "Xi: 0.563523342146848"
[13] "Xi: 0.562546303776444" "Xi: 0.554455195362886" "Xi: 0.553694918482461"
[16] "Xi: 0.551352822611084" "Xi: 0.547882861018189" "Xi: 0.544413563570342"
[19] "Xi: 0.541095981458924" "Xi: 0.538478943753154"
Time difference of 4.151046 mins
[1] "Rho"
[1] 1187.551 1187.269 1186.462 1187.569 1187.507
[1] "It: 17"
[1] "sigma:"            "0.635408557496227" "beta :"           
[4] "1"                
[1] "rho/theta:" "1"         
Time difference of 1.725251 secs
[1] " old Likelihood:  -8232879.82647307"
[1] "New Likelihood:  -8232595.4362713"
[1] 4998293
[1] 4998298
iter:  0  f-value:  19609.66  pgrad:  0.5544552 
iter:  10  f-value:  19608.97  pgrad:  0.5595319 
iter:  20  f-value:  19608.97  pgrad:  0.5236833 
iter:  30  f-value:  19608.96  pgrad:  0.44046 
  Unsuccessful convergence.
[1] 0.6551059
 [1] "Xi: 0.517507143281157" "Xi: 0.51801882225832"  "Xi: 0.5288489166365"  
 [4] "Xi: 0.5434755349734"   "Xi: 0.555327089256977" "Xi: 0.564892482702698"
 [7] "Xi: 0.56851753588355"  "Xi: 0.559725651878558" "Xi: 0.477236400452677"
[10] "Xi: 0.441086361395183" "Xi: 0.508009764123313" "Xi: 0.566024530598263"
[13] "Xi: 0.564213497552978" "Xi: 0.555142616149147" "Xi: 0.554405836922602"
[16] "Xi: 0.551998414092308" "Xi: 0.548376365712175" "Xi: 0.544914760504763"
[19] "Xi: 0.541680537849347" "Xi: 0.539182845897061"
Time difference of 4.160369 mins
[1] "Rho"
[1] 1187.551 1187.269 1186.462 1187.569 1187.507
[1] "It: 18"
[1] "sigma:"           "0.64855480769861" "beta :"           "1"               
[1] "rho/theta:" "1"         
Time difference of 1.635049 secs
[1] " old Likelihood:  -8232595.4362713"
[1] "New Likelihood:  -8232338.59964283"
[1] 4998293
[1] 4998298
iter:  0  f-value:  19164.97  pgrad:  0.5551426 
iter:  10  f-value:  19164.35  pgrad:  0.5597026 
iter:  20  f-value:  19164.34  pgrad:  0.5187422 
iter:  30  f-value:  19164.33  pgrad:  0.4511842 
  Unsuccessful convergence.
[1] 0.6673112
 [1] "Xi: 0.51810459021277"  "Xi: 0.518664772071254" "Xi: 0.529827981414751"
 [4] "Xi: 0.544818467010165" "Xi: 0.557401678635232" "Xi: 0.567628113709853"
 [7] "Xi: 0.572067060677352" "Xi: 0.565423316154311" "Xi: 0.482719992431524"
[10] "Xi: 0.440937467914169" "Xi: 0.508002414160136" "Xi: 0.5684489723813"  
[13] "Xi: 0.56583460926291"  "Xi: 0.55579684310546"  "Xi: 0.555116558972605"
[16] "Xi: 0.55265227695596"  "Xi: 0.548815837451605" "Xi: 0.545355843702848"
[19] "Xi: 0.542203388650057" "Xi: 0.539833822687483"
Time difference of 4.154236 mins
[1] "Rho"
[1] 1187.551 1187.269 1186.462 1187.569 1187.507
[1] "It: 19"
[1] "sigma:"            "0.660638136527671" "beta :"           
[4] "1"                
[1] "rho/theta:" "1"         
Time difference of 1.623228 secs
[1] " old Likelihood:  -8232338.59964283"
[1] "New Likelihood:  -8232107.26934576"
[1] 4998293
[1] 4998298
iter:  0  f-value:  18748.35  pgrad:  0.5557968 
iter:  10  f-value:  18747.8  pgrad:  0.5597563 
iter:  20  f-value:  18747.79  pgrad:  0.513357 
iter:  30  f-value:  18747.78  pgrad:  0.5533476 
  Unsuccessful convergence.
[1] 0.6785162
 [1] "Xi: 0.51868210915269"  "Xi: 0.519287033881699" "Xi: 0.530763745689046"
 [4] "Xi: 0.546088173390677" "Xi: 0.559379526009001" "Xi: 0.570187863156322"
 [7] "Xi: 0.575267564999659" "Xi: 0.570485865195733" "Xi: 0.488064645030436"
[10] "Xi: 0.440859910098443" "Xi: 0.507873381031408" "Xi: 0.570751716047631"
[13] "Xi: 0.567371360705354" "Xi: 0.556390077661003" "Xi: 0.555761804316595"
[16] "Xi: 0.553347569119643" "Xi: 0.549214551723625" "Xi: 0.545745649984146"
[19] "Xi: 0.542661439645444" "Xi: 0.540436821816861"
Time difference of 4.159929 mins
[1] "Rho"
[1] 1187.551 1187.269 1186.462 1187.569 1187.507
[1] "It: 20"
[1] "sigma:"            "0.671730992353024" "beta :"           
[4] "1"                
[1] "rho/theta:" "1"         
Time difference of 1.703754 secs
[1] " old Likelihood:  -8232107.26934576"
[1] "New Likelihood:  -8231900.46158162"
[1] 4998293
[1] 4998298
iter:  0  f-value:  18358.72  pgrad:  0.5563901 
iter:  10  f-value:  18358.22  pgrad:  0.5597262 
iter:  20  f-value:  18358.21  pgrad:  0.5081092 
iter:  30  f-value:  18358.21  pgrad:  0.5539723 
  Unsuccessful convergence.
[1] 0.6887888
 [1] "Xi: 0.519231654207685" "Xi: 0.519877557426628" "Xi: 0.531645130039717"
 [4] "Xi: 0.547264425765997" "Xi: 0.561226827221161" "Xi: 0.572531878303616"
 [7] "Xi: 0.578093178727066" "Xi: 0.574889916643318" "Xi: 0.493230069586538"
[10] "Xi: 0.440875811103803" "Xi: 0.507645119625422" "Xi: 0.57294228335654" 
[13] "Xi: 0.56883582543934"  "Xi: 0.556909490014436" "Xi: 0.556433420205494"
[16] "Xi: 0.553972269624321" "Xi: 0.549566717550063" "Xi: 0.546070587457657"
[19] "Xi: 0.543070342616559" "Xi: 0.54099664670171" 
Time difference of 4.152143 mins
[1] "Rho"
[1] 1187.551 1187.269 1186.462 1187.569 1187.507
[1] "It: 21"
[1] "sigma:"           "0.68190096028691" "beta :"           "1"               
[1] "rho/theta:" "1"         
Time difference of 1.641507 secs
[1] " old Likelihood:  -8231900.46158162"
[1] "New Likelihood:  -8231716.07359227"
[1] 4998293
[1] 4998298
iter:  0  f-value:  17994.51  pgrad:  0.5569095 
iter:  10  f-value:  17994.06  pgrad:  0.5596035 
iter:  20  f-value:  17994.06  pgrad:  0.50299 
iter:  30  f-value:  17994.06  pgrad:  0.5545668 
  Unsuccessful convergence.
[1] 0.6982167
 [1] "Xi: 0.519710904635392" "Xi: 0.520391208439253" "Xi: 0.53241058609071" 
 [4] "Xi: 0.548272950780918" "Xi: 0.562821644889136" "Xi: 0.574483526873013"
 [7] "Xi: 0.580350855839226" "Xi: 0.578310085825142" "Xi: 0.497904968568105"
[10] "Xi: 0.440982802907161" "Xi: 0.507322326428236" "Xi: 0.575021607961706"
[13] "Xi: 0.570227624164831" "Xi: 0.557367443771068" "Xi: 0.557072684740901"
[16] "Xi: 0.554528126322858" "Xi: 0.549879758265229" "Xi: 0.54634925157516" 
[19] "Xi: 0.543436275807075" "Xi: 0.541519254234015"
Time difference of 4.160972 mins
[1] "Rho"
[1] 1187.551 1187.269 1186.462 1187.569 1187.507
[1] "It: 22"
[1] "sigma:"            "0.691234574741526" "beta :"           
[4] "1"                
[1] "rho/theta:" "1"         
Time difference of 1.63545 secs
[1] " old Likelihood:  -8231716.07359227"
[1] "New Likelihood:  -8231552.17500596"
[1] 4998293
[1] 4998298
iter:  0  f-value:  17654.01  pgrad:  0.5573674 
iter:  10  f-value:  17653.62  pgrad:  0.5593752 
iter:  20  f-value:  17653.61  pgrad:  0.4980857 
iter:  30  f-value:  17653.61  pgrad:  0.4180734 
  Unsuccessful convergence.
[1] 0.7068813
 [1] "Xi: 0.520223510626497" "Xi: 0.520942167164342" "Xi: 0.533222915597427"
 [4] "Xi: 0.549329983928466" "Xi: 0.564519038569158" "Xi: 0.576582961562948"
 [7] "Xi: 0.582747205507984" "Xi: 0.581946422913985" "Xi: 0.502774775982356"
[10] "Xi: 0.441250547762131" "Xi: 0.506957247527224" "Xi: 0.577022594498072"
[13] "Xi: 0.571566089970635" "Xi: 0.557779152316664" "Xi: 0.557692560954985"
[16] "Xi: 0.555095386217115" "Xi: 0.550163616232041" "Xi: 0.546589912538532"
[19] "Xi: 0.543762784378035" "Xi: 0.542011144392158"
Time difference of 4.15076 mins
[1] 1 1 1 1 1
[1] 1 1 1 1 1
saved RDS
inference successful
