[1] "Original length"
[1] 999385
[1] "Final length"
[1] 11882
[1] "sequence length : 999386" "sequence length : 999974"
[3] "sequence length : 999728" "sequence length : 999385"
[5] "sequence length : 999953"
[1] "former Rho:"
[1]  695.5533  425.4411 1482.2285 1551.8609 1336.0896
[1] "old mu :"
[1] 0.0003479903 0.0002127261 0.0007413159 0.0007764079 0.0006680762
[1] "new mu :"
[1] 0.0005493033
[1] "new Rho:"
[1] 1097.932 1098.578 1098.308 1097.931 1098.555
[1] 1 1 1 1 1
[1] "Beta: 1"
[1] "Self: 0"
[1] 1
[1] "Rho"
[1] 1097.932 1098.578 1098.308 1097.931 1098.555
[1] "It: 1"
[1] "sigma:" "0"      "beta :" "1"     
[1] "rho/theta:" "1"         
[1] "sigma:" "0.9405" "beta :" "1"     
[1] "rho/theta:" "1"         
Time difference of 1.68832 secs
[1] "New Likelihood:  -7634100.2034902"
[1] 4998421
[1] 4998426
iter:  0  f-value:  3117.85  pgrad:  0.5 
iter:  10  f-value:  3069.955  pgrad:  0.5668815 
iter:  20  f-value:  3068.05  pgrad:  0.9696386 
iter:  30  f-value:  3067.783  pgrad:  0.5488197 
  Unsuccessful convergence.
[1] 0.9685138
 [1] "Xi: 0.504116078526109" "Xi: 0.50302207980561"  "Xi: 0.505645302482148"
 [4] "Xi: 0.516327210038636" "Xi: 0.544715943147316" "Xi: 0.561515599158061"
 [7] "Xi: 0.56053847392129"  "Xi: 0.535162619613944" "Xi: 0.534314358848647"
[10] "Xi: 0.543971679956077" "Xi: 0.52864076804481"  "Xi: 0.513895367784483"
[13] "Xi: 0.517964081378263" "Xi: 0.524646601140042" "Xi: 0.537797454189345"
[16] "Xi: 0.565197412890032" "Xi: 0.566458248371366" "Xi: 0.536140764563272"
[19] "Xi: 0.524775194480317" "Xi: 0.531834371749558"
Time difference of 32.23632 mins
[1] "Rho"
[1] 1097.932 1098.578 1098.308 1097.931 1098.555
[1] "It: 2"
[1] "sigma:"            "0.958828630970067" "beta :"           
[4] "1"                
[1] "rho/theta:" "1"         
Time difference of 1.718129 secs
[1] " old Likelihood:  -7634100.2034902"
[1] "New Likelihood:  -7620218.53808402"
[1] 4998421
[1] 4998426
iter:  0  f-value:  2876.038  pgrad:  0.5439717 
iter:  10  f-value:  2869.88  pgrad:  0.5915977 
iter:  20  f-value:  2868.895  pgrad:  0.5540663 
iter:  30  f-value:  2868.662  pgrad:  0.5916623 
  Unsuccessful convergence.
[1] 0.9731414
 [1] "Xi: 0.505638179126912" "Xi: 0.503912929301648" "Xi: 0.506337574131713"
 [4] "Xi: 0.518637172659217" "Xi: 0.550039810223956" "Xi: 0.560846265530888"
 [7] "Xi: 0.545090586062851" "Xi: 0.503075530804586" "Xi: 0.503569430581921"
[10] "Xi: 0.521724342916945" "Xi: 0.522015067550444" "Xi: 0.513565236627994"
[13] "Xi: 0.524602882770817" "Xi: 0.539271580530571" "Xi: 0.558197295399139"
[16] "Xi: 0.59723307257875"  "Xi: 0.591657578318399" "Xi: 0.549615606062465"
[19] "Xi: 0.537766871172795" "Xi: 0.550664751189601"
Time difference of 3.727785 mins
[1] "Rho"
[1] 1097.932 1098.578 1098.308 1097.931 1098.555
[1] "It: 3"
[1] "sigma:"            "0.963410025867552" "beta :"           
[4] "1"                
[1] "rho/theta:" "1"         
Time difference of 1.707904 secs
[1] " old Likelihood:  -7620218.53808402"
[1] "New Likelihood:  -7618100.98425483"
[1] 4998421
[1] 4998426
iter:  0  f-value:  2770.825  pgrad:  0.5246029 
iter:  10  f-value:  2769.534  pgrad:  0.5546062 
iter:  20  f-value:  2769.469  pgrad:  0.9752157 
iter:  30  f-value:  2769.461  pgrad:  0.2765182 
  Unsuccessful convergence.
[1] 0.975168
 [1] "Xi: 0.506000265060957" "Xi: 0.504087140047113" "Xi: 0.506414516580673"
 [4] "Xi: 0.519074739879283" "Xi: 0.551338652703211" "Xi: 0.56144596474324" 
 [7] "Xi: 0.544948159618155" "Xi: 0.497902846398607" "Xi: 0.496783930753443"
[10] "Xi: 0.528486509333144" "Xi: 0.528977039551332" "Xi: 0.513306253242238"
[13] "Xi: 0.52708726350148"  "Xi: 0.545348945244126" "Xi: 0.565154828141352"
[16] "Xi: 0.611842288063124" "Xi: 0.601207519300481" "Xi: 0.554465425511234"
[19] "Xi: 0.545702697276222" "Xi: 0.564642382135937"
Time difference of 3.729088 mins
[1] "Rho"
[1] 1097.932 1098.578 1098.308 1097.931 1098.555
[1] "It: 4"
[1] "sigma:"            "0.965416279346034" "beta :"           
[4] "1"                
[1] "rho/theta:" "1"         
Time difference of 1.702865 secs
[1] " old Likelihood:  -7618100.98425483"
[1] "New Likelihood:  -7617653.14414108"
[1] 4998421
[1] 4998426
iter:  0  f-value:  2703.483  pgrad:  0.5651548 
iter:  10  f-value:  2703.143  pgrad:  0.5480134 
iter:  20  f-value:  2703.105  pgrad:  0.4893876 
iter:  30  f-value:  2703.104  pgrad:  0.1037688 
  Unsuccessful convergence.
[1] 0.9762965
 [1] "Xi: 0.506187437461722" "Xi: 0.504183914739059" "Xi: 0.506445862836268"
 [4] "Xi: 0.519257494480876" "Xi: 0.551962492111418" "Xi: 0.561762306205404"
 [7] "Xi: 0.545140107024364" "Xi: 0.497122371679386" "Xi: 0.492604654171383"
[10] "Xi: 0.530139530810615" "Xi: 0.53241147224973"  "Xi: 0.511301677833703"
[13] "Xi: 0.527057386474344" "Xi: 0.547566370033575" "Xi: 0.566181253580328"
[16] "Xi: 0.619093384764941" "Xi: 0.604676522881838" "Xi: 0.555684693963698"
[19] "Xi: 0.550911746538285" "Xi: 0.575489793826238"
Time difference of 3.723196 mins
[1] "Rho"
[1] 1097.932 1098.578 1098.308 1097.931 1098.555
[1] "It: 5"
[1] "sigma:"            "0.966533573047206" "beta :"           
[4] "1"                
[1] "rho/theta:" "1"         
Time difference of 1.713131 secs
[1] " old Likelihood:  -7617653.14414108"
[1] "New Likelihood:  -7617496.70963765"
[1] 4998421
[1] 4998426
iter:  0  f-value:  2652.952  pgrad:  0.5661813 
iter:  10  f-value:  2652.797  pgrad:  0.5489006 
iter:  20  f-value:  2652.784  pgrad:  0.2985462 
iter:  30  f-value:  2652.784  pgrad:  0.6657092 
  Unsuccessful convergence.
[1] 0.977043
 [1] "Xi: 0.50629526847171"  "Xi: 0.504232213212758" "Xi: 0.506460707508517"
 [4] "Xi: 0.519353874760525" "Xi: 0.55229622418468"  "Xi: 0.561935846855403"
 [7] "Xi: 0.545273274728472" "Xi: 0.497157220462719" "Xi: 0.490071565982565"
[10] "Xi: 0.530626713342083" "Xi: 0.53453063715592"  "Xi: 0.509575668861714"
[13] "Xi: 0.526641891044033" "Xi: 0.548761313751544" "Xi: 0.565310353257884"
[16] "Xi: 0.623481559525122" "Xi: 0.605888799200133" "Xi: 0.555450754496909"
[19] "Xi: 0.554409997253807" "Xi: 0.583845106607027"
Time difference of 3.729779 mins
[1] "Rho"
[1] 1097.932 1098.578 1098.308 1097.931 1098.555
[1] "It: 6"
[1] "sigma:"            "0.967272571886542" "beta :"           
[4] "1"                
[1] "rho/theta:" "1"         
Time difference of 1.705379 secs
[1] " old Likelihood:  -7617496.70963765"
[1] "New Likelihood:  -7617416.33829062"
[1] 4998421
[1] 4998426
iter:  0  f-value:  2612.879  pgrad:  0.5653104 
iter:  10  f-value:  2612.792  pgrad:  0.5500417 
iter:  20  f-value:  2612.785  pgrad:  0.3904097 
iter:  30  f-value:  2612.785  pgrad:  0.152354 
  Unsuccessful convergence.
[1] 0.9775864
 [1] "Xi: 0.506396951200499" "Xi: 0.504277568782724" "Xi: 0.506467131120045"
 [4] "Xi: 0.519440904240963" "Xi: 0.552639579206866" "Xi: 0.562105169952545"
 [7] "Xi: 0.545401934705407" "Xi: 0.497425464636355" "Xi: 0.487607362069764"
[10] "Xi: 0.530934536223623" "Xi: 0.536476899876772" "Xi: 0.508355192068043"
[13] "Xi: 0.526362160001614" "Xi: 0.549762977053131" "Xi: 0.563953895693111"
[16] "Xi: 0.62665347045462"  "Xi: 0.606298469147949" "Xi: 0.554718280668834"
[19] "Xi: 0.556748090978143" "Xi: 0.590265626903775"
Time difference of 3.728329 mins
[1] "Rho"
[1] 1097.932 1098.578 1098.308 1097.931 1098.555
[1] "It: 7"
[1] "sigma:"            "0.967810525473573" "beta :"           
[4] "1"                
[1] "rho/theta:" "1"         
Time difference of 1.722817 secs
[1] " old Likelihood:  -7617416.33829062"
[1] "New Likelihood:  -7617368.78235977"
[1] 4998421
[1] 4998426
iter:  0  f-value:  2580.462  pgrad:  0.6062985 
iter:  10  f-value:  2580.409  pgrad:  0.6065822 
iter:  20  f-value:  2580.406  pgrad:  0.3222431 
iter:  30  f-value:  2580.406  pgrad:  0.1327453 
  Unsuccessful convergence.
[1] 0.9780058
 [1] "Xi: 0.50649212418178"  "Xi: 0.504324521374717" "Xi: 0.506475266103659"
 [4] "Xi: 0.519522715792247" "Xi: 0.552958490288508" "Xi: 0.562265970607263"
 [7] "Xi: 0.545533235637648" "Xi: 0.497888332174582" "Xi: 0.485315544046878"
[10] "Xi: 0.531141088919214" "Xi: 0.538254583332789" "Xi: 0.507490228208104"
[13] "Xi: 0.526188900243026" "Xi: 0.550728657451835" "Xi: 0.562553404152105"
[16] "Xi: 0.629205348553821" "Xi: 0.606441837439923" "Xi: 0.553888271926048"
[19] "Xi: 0.558275192098038" "Xi: 0.595084888719821"
Time difference of 3.734578 mins
[1] "Rho"
[1] 1097.932 1098.578 1098.308 1097.931 1098.555
[1] "It: 8"
[1] "sigma:"            "0.968225787212958" "beta :"           
[4] "1"                
[1] "rho/theta:" "1"         
Time difference of 1.717409 secs
[1] " old Likelihood:  -7617368.78235977"
[1] "New Likelihood:  -7617339.80442935"
[1] 4998421
[1] 4998426
iter:  0  f-value:  2553.906  pgrad:  0.6064418 
iter:  10  f-value:  2553.873  pgrad:  0.474546 
iter:  20  f-value:  2553.871  pgrad:  0.4018696 
iter:  30  f-value:  2553.87  pgrad:  0.2537445 
  Unsuccessful convergence.
[1] 0.9783473
 [1] "Xi: 0.506546624780231" "Xi: 0.504347813343059" "Xi: 0.506475461542984"
 [4] "Xi: 0.519565898645672" "Xi: 0.553134412412089" "Xi: 0.562353714410473"
 [7] "Xi: 0.545606635217569" "Xi: 0.498270710718318" "Xi: 0.484004007142064"
[10] "Xi: 0.531260090251341" "Xi: 0.539406516343229" "Xi: 0.506929926433696"
[13] "Xi: 0.52605995018322"  "Xi: 0.55166967381934"  "Xi: 0.561244039475918"
[16] "Xi: 0.631363585218337" "Xi: 0.606499952290712" "Xi: 0.553150789268249"
[19] "Xi: 0.559247180753461" "Xi: 0.598521336439598"
Time difference of 3.730794 mins
[1] "Rho"
[1] 1097.932 1098.578 1098.308 1097.931 1098.555
[1] "It: 9"
[1] "sigma:"            "0.968563834954805" "beta :"           
[4] "1"                
[1] "rho/theta:" "1"         
Time difference of 1.704208 secs
[1] " old Likelihood:  -7617339.80442935"
[1] "New Likelihood:  -7617322.20593594"
[1] 4998421
[1] 4998426
iter:  0  f-value:  2531.824  pgrad:  0.6065 
iter:  10  f-value:  2531.803  pgrad:  0.474559 
iter:  20  f-value:  2531.802  pgrad:  0.3551213 
iter:  30  f-value:  2531.801  pgrad:  0.111595 
  Unsuccessful convergence.
[1] 0.9786168
 [1] "Xi: 0.50660996551992"  "Xi: 0.504377002759078" "Xi: 0.506480102858135"
 [4] "Xi: 0.51961532716354"  "Xi: 0.553332212461581" "Xi: 0.562451244825491"
 [7] "Xi: 0.545690964284317" "Xi: 0.498756778372744" "Xi: 0.482680600547164"
[10] "Xi: 0.531376864382143" "Xi: 0.540516693575679" "Xi: 0.506644111995713"
[13] "Xi: 0.526046553170445" "Xi: 0.552605250453907" "Xi: 0.560080902471613"
[16] "Xi: 0.633241410986679" "Xi: 0.606528910304801" "Xi: 0.552546460414416"
[19] "Xi: 0.559853449335342" "Xi: 0.60123146885873" 
Time difference of 3.732395 mins
[1] "Rho"
[1] 1097.932 1098.578 1098.308 1097.931 1098.555
[1] "It: 10"
[1] "sigma:"            "0.968830614732074" "beta :"           
[4] "1"                
[1] "rho/theta:" "1"         
Time difference of 1.701563 secs
[1] " old Likelihood:  -7617322.20593594"
[1] "New Likelihood:  -7617310.86962836"
[1] 4998421
[1] 4998426
iter:  0  f-value:  2514.177  pgrad:  0.6065289 
iter:  10  f-value:  2514.163  pgrad:  0.4746556 
iter:  20  f-value:  2514.162  pgrad:  0.2846127 
iter:  30  f-value:  2514.162  pgrad:  0.09426003 
  Unsuccessful convergence.
[1] 0.9788357
 [1] "Xi: 0.506673478965854" "Xi: 0.504404897783814" "Xi: 0.506482581389386"
 [4] "Xi: 0.519662266820138" "Xi: 0.553526491642899" "Xi: 0.562547980856995"
 [7] "Xi: 0.545769569884526" "Xi: 0.499286149255735" "Xi: 0.481542016608094"
[10] "Xi: 0.531465796100072" "Xi: 0.541445369138958" "Xi: 0.506455044931683"
[13] "Xi: 0.526009669077617" "Xi: 0.553473847229899" "Xi: 0.559040269877413"
[16] "Xi: 0.634874728745991" "Xi: 0.60653409373222"  "Xi: 0.552074199698307"
[19] "Xi: 0.560201276653426" "Xi: 0.603258208145995"
Time difference of 3.728835 mins
[1] "Rho"
[1] 1097.932 1098.578 1098.308 1097.931 1098.555
[1] "It: 11"
[1] "sigma:"            "0.969047332667392" "beta :"           
[4] "1"                
[1] "rho/theta:" "1"         
Time difference of 1.716438 secs
[1] " old Likelihood:  -7617310.86962836"
[1] "New Likelihood:  -7617303.6264061"
[1] 4998421
[1] 4998426
iter:  0  f-value:  2499.79  pgrad:  0.6065341 
iter:  10  f-value:  2499.781  pgrad:  0.3959568 
iter:  20  f-value:  2499.78  pgrad:  0.3179912 
iter:  30  f-value:  2499.78  pgrad:  0.9790643 
  Unsuccessful convergence.
[1] 0.9790154
 [1] "Xi: 0.506720099017731" "Xi: 0.504424624417394" "Xi: 0.506482884283828"
 [4] "Xi: 0.519697663216904" "Xi: 0.553672060813397" "Xi: 0.562619447470083"
 [7] "Xi: 0.54582705991029"  "Xi: 0.499728548005532" "Xi: 0.480809747422681"
[10] "Xi: 0.531548943785261" "Xi: 0.542109272378128" "Xi: 0.506428233848686"
[13] "Xi: 0.5259915938799"   "Xi: 0.554295214316083" "Xi: 0.558131365779868"
[16] "Xi: 0.636318660353622" "Xi: 0.606519102306065" "Xi: 0.55172200021208" 
[19] "Xi: 0.560380955435914" "Xi: 0.604815901455127"
Time difference of 3.742732 mins
[1] "Rho"
[1] 1097.932 1098.578 1098.308 1097.931 1098.555
[1] "It: 12"
[1] "sigma:"            "0.969225243088402" "beta :"           
[4] "1"                
[1] "rho/theta:" "1"         
Time difference of 1.694871 secs
[1] " old Likelihood:  -7617303.6264061"
[1] "New Likelihood:  -7617298.82815424"
[1] 4998421
[1] 4998426
iter:  0  f-value:  2488.063  pgrad:  0.6065191 
iter:  10  f-value:  2488.056  pgrad:  0.3945893 
iter:  20  f-value:  2488.056  pgrad:  0.1719263 
iter:  30  f-value:  2488.056  pgrad:  0.1648459 
  Unsuccessful convergence.
[1] 0.9791658
 [1] "Xi: 0.506995676965777" "Xi: 0.50468144339179"  "Xi: 0.506723707862525"
 [4] "Xi: 0.519957167908565" "Xi: 0.553996743435818" "Xi: 0.562883577017942"
 [7] "Xi: 0.546086446640194" "Xi: 0.5003083563897"   "Xi: 0.480058960798214"
[10] "Xi: 0.531808642503612" "Xi: 0.542770576366391" "Xi: 0.506564351524164"
[13] "Xi: 0.526027916520904" "Xi: 0.555139682453008" "Xi: 0.557405606657536"
[16] "Xi: 0.637656547942805" "Xi: 0.606493933429488" "Xi: 0.551466628931818"
[19] "Xi: 0.560444841467277" "Xi: 0.606005207954115"
Time difference of 3.73955 mins
[1] "Rho"
[1] 1097.932 1098.578 1098.308 1097.931 1098.555
[1] "It: 13"
[1] "sigma:"           "0.96937410531678" "beta :"           "1"               
[1] "rho/theta:" "1"         
Time difference of 1.733128 secs
[1] " old Likelihood:  -7617298.82815424"
[1] "New Likelihood:  -7617295.58117361"
[1] 4998421
[1] 4998426
iter:  0  f-value:  2478.458  pgrad:  0.6064939 
iter:  10  f-value:  2478.454  pgrad:  0.3794867 
iter:  20  f-value:  2478.453  pgrad:  0.1547869 
iter:  30  f-value:  2478.453  pgrad:  0.0981845 
  Unsuccessful convergence.
[1] 0.9792823
 [1] "Xi: 0.507033178471043" "Xi: 0.504697310749723" "Xi: 0.506723197048403"
 [4] "Xi: 0.519984689276735" "Xi: 0.55411594870902"  "Xi: 0.562938298381951"
 [7] "Xi: 0.546123936788294" "Xi: 0.500693997789286" "Xi: 0.479527757679633"
[10] "Xi: 0.531818736728066" "Xi: 0.5431403863308"   "Xi: 0.506487898229278"
[13] "Xi: 0.525836154953414" "Xi: 0.555729235389627" "Xi: 0.556639084162152"
[16] "Xi: 0.638731838455306" "Xi: 0.606417411265651" "Xi: 0.551286748619848"
[19] "Xi: 0.56044378889494"  "Xi: 0.606862506346368"
Time difference of 3.742168 mins
[1] "Rho"
[1] 1097.932 1098.578 1098.308 1097.931 1098.555
[1] "It: 14"
[1] "sigma:"            "0.969489432442595" "beta :"           
[4] "1"                
[1] "rho/theta:" "1"         
Time difference of 1.702757 secs
[1] " old Likelihood:  -7617295.58117361"
[1] "New Likelihood:  -7617293.45191276"
[1] 4998421
[1] 4998426
iter:  0  f-value:  2470.793  pgrad:  0.6064174 
iter:  10  f-value:  2470.79  pgrad:  0.4051526 
iter:  20  f-value:  2470.79  pgrad:  0.1217722 
iter:  30  f-value:  2186.832  pgrad:  1 
  Unsuccessful convergence.
[1] 0.9798444
 [1] "Xi: 0.999999929309166"    "Xi: 1"                   
 [3] "Xi: 0.999998830608691"    "Xi: 0.999994732422047"   
 [5] "Xi: 0.999999020499573"    "Xi: 0.999993289270121"   
 [7] "Xi: 0.99997887554815"     "Xi: 0.999913413980839"   
 [9] "Xi: 0.0104342902844216"   "Xi: 0.999712536936099"   
[11] "Xi: 0.999456175166982"    "Xi: 0.998224180617355"   
[13] "Xi: 0.997260603875518"    "Xi: 0.996245120661179"   
[15] "Xi: 0.99261133789008"     "Xi: 0.994711708436655"   
[17] "Xi: 0.985814079968273"    "Xi: 1.40539860075058e-06"
[19] "Xi: 0"                    "Xi: 0.999718664734929"   
Time difference of 3.734688 mins
[1] "Rho"
[1] 1097.932 1098.578 1098.308 1097.931 1098.555
[1] "It: 15"
[1] "sigma:"            "0.970045915287755" "beta :"           
[4] "1"                
[1] "rho/theta:" "1"         
Time difference of 1.708528 secs
[1] " old Likelihood:  -7617293.45191276"
[1] "New Likelihood:  -7703434.08947178"
Time difference of 3.374692 mins
[1] 1 1 1 1 1
[1] 1 1 1 1 1
saved RDS
inference successful
