[1] "Original length"
[1] 999812
[1] "Final length"
[1] 11877
[1] "sequence length : 999813" "sequence length : 999670"
[3] "sequence length : 999758" "sequence length : 999475"
[5] "sequence length : 999279"
[1] 1 1 1 1 1
[1] "Beta: 1"
[1] "Self: 0"
[1] "maxIt: 20"
[1] "It: 1"
 [1] "sigma:" "0"      "0"      "0"      "0"      "0"      "0"      "0"     
 [9] "0"      "0"      "0"      "0"      "0"      "0"      "0"      "0"     
[17] "0"      "0"      "0"      "0"      "0"      "0"      "0"      "0"     
[25] "0"      "0"      "0"      "0"      "0"      "0"      "0"      "0"     
[33] "0"      "0"      "0"      "0"      "0"      "0"      "0"      "0"     
[41] "0"      "beta :" "1"     
 [1] "sigma:" "0.9405" "0.9405" "0.9405" "0.9405" "0.9405" "0.9405" "0.9405"
 [9] "0.9405" "0.9405" "0.9405" "0.9405" "0.9405" "0.9405" "0.9405" "0.9405"
[17] "0.9405" "0.9405" "0.9405" "0.9405" "0.9405" "0.9405" "0.9405" "0.9405"
[25] "0.9405" "0.9405" "0.9405" "0.9405" "0.9405" "0.9405" "0.9405" "0.9405"
[33] "0.9405" "0"      "0"      "0"      "0"      "0"      "0"      "0"     
[41] "0"      "beta :" "1"     
[1] "New Likelihood:  -6900101.40566091"
iter:  0  f-value:  8391.971  pgrad:  0.5 
iter:  10  f-value:  8372.056  pgrad:  0.9973026 
iter:  20  f-value:  8371.291  pgrad:  0.9925134 
iter:  30  f-value:  8370.84  pgrad:  0.9830957 
iter:  40  f-value:  8370.711  pgrad:  0.9780739 
iter:  50  f-value:  8370.554  pgrad:  0.9706549 
  Unsuccessful convergence.
Time difference of 2.172644 hours
[1] "maxIt: 20"
[1] "It: 2"
 [1] "sigma:"              "0.959083991719984"   "0.959083991719984"  
 [4] "0.950513869071272"   "0.950513869071272"   "0.954536950671326"  
 [7] "0.954536950671326"   "0.959976684596266"   "0.959976684596266"  
[10] "0.966005432457436"   "0.966005432457436"   "0.972989874767077"  
[13] "0.972989874767077"   "0.981204123974417"   "0.981204123974417"  
[16] "0.985571079118069"   "0.985571079118069"   "0.979466153536309"  
[19] "0.979466153536309"   "0.956256738849257"   "0.956256738849257"  
[22] "0.951668566109831"   "0.951668566109831"   "0.965974396250956"  
[25] "0.965974396250956"   "0.954956246962919"   "0.954956246962919"  
[28] "0.951903605907662"   "0.951903605907662"   "0.95681080157587"   
[31] "0.95681080157587"    "0.94686357993323"    "0.94686357993323"   
[34] "0.035739540815462"   "0.035739540815462"   "0.0494592456604461" 
[37] "0.0494592456604461"  "0.0291227244860618"  "0.0291227244860618" 
[40] "0.00495306030616665" "0.00495306030616665" "beta :"             
[43] "1"                  
 [1] "sigma:"              "0.959083991719984"   "0.959083991719984"  
 [4] "0.950513869071272"   "0.950513869071272"   "0.954536950671326"  
 [7] "0.954536950671326"   "0.959976684596266"   "0.959976684596266"  
[10] "0.966005432457436"   "0.966005432457436"   "0.972989874767077"  
[13] "0.972989874767077"   "0.981204123974417"   "0.981204123974417"  
[16] "0.985571079118069"   "0.985571079118069"   "0.979466153536309"  
[19] "0.979466153536309"   "0.956256738849257"   "0.956256738849257"  
[22] "0.951668566109831"   "0.951668566109831"   "0.965974396250956"  
[25] "0.965974396250956"   "0.954956246962919"   "0.954956246962919"  
[28] "0.951903605907662"   "0.951903605907662"   "0.95681080157587"   
[31] "0.95681080157587"    "0.89736357993323"    "0.89736357993323"   
[34] "0.035739540815462"   "0.035739540815462"   "0.0494592456604461" 
[37] "0.0494592456604461"  "0.0291227244860618"  "0.0291227244860618" 
[40] "0.00495306030616665" "0.00495306030616665" "beta :"             
[43] "1"                  
[1] " old Likelihood:  -6900101.40566091"
[1] "New Likelihood:  -6893909.31160168"
iter:  0  f-value:  8582.095  pgrad:  0.519592 
iter:  10  f-value:  8574.969  pgrad:  0.9932675 
iter:  20  f-value:  8574.782  pgrad:  0.9770747 
iter:  30  f-value:  8574.663  pgrad:  0.9749383 
iter:  40  f-value:  8574.499  pgrad:  0.9718474 
iter:  50  f-value:  8574.41  pgrad:  0.9425327 
  Unsuccessful convergence.
Time difference of 14.93527 mins
[1] "maxIt: 20"
[1] "It: 3"
 [1] "sigma:"             "0.978141890717242"  "0.978141890717242" 
 [4] "0.960270930444242"  "0.960270930444242"  "0.968719004696638" 
 [7] "0.968719004696638"  "0.980349338856429"  "0.980349338856429" 
[10] "0.99"               "0.99"               "0.99"              
[13] "0.99"               "0.99"               "0.99"              
[16] "0.99"               "0.99"               "0.99"              
[19] "0.99"               "0.977045137119169"  "0.977045137119169" 
[22] "0.959274052730957"  "0.959274052730957"  "0.985235998395941" 
[25] "0.985235998395941"  "0.965518250481051"  "0.965518250481051" 
[28] "0.95692497191904"   "0.95692497191904"   "0.966404073783318" 
[31] "0.966404073783318"  "0.888173610911408"  "0.888173610911408" 
[34] "0.0721970337327163" "0.0721970337327163" "0.101547003623414" 
[37] "0.101547003623414"  "0.0666864170700477" "0.0666864170700477"
[40] "0.0117350002347481" "0.0117350002347481" "beta :"            
[43] "1"                 
 [1] "sigma:"              "0.978141890717242"   "0.978141890717242"  
 [4] "0.960270930444242"   "0.960270930444242"   "0.968719004696638"  
 [7] "0.968719004696638"   "0.980349338856429"   "0.980349338856429"  
[10] "0.99"                "0.99"                "0.99"               
[13] "0.99"                "0.99"                "0.99"               
[16] "0.99"                "0.99"                "0.99"               
[19] "0.99"                "0.977045137119169"   "0.977045137119169"  
[22] "0.959274052730957"   "0.959274052730957"   "0.985235998395941"  
[25] "0.985235998395941"   "0.965518250481051"   "0.965518250481051"  
[28] "0.95692497191904"    "0.95692497191904"    "0.966404073783318"  
[31] "0.966404073783318"   "0.838673610911408"   "0.838673610911408"  
[34] "0.171197033732716"   "0.171197033732716"   "0.00254700362341384"
[37] "0.00254700362341384" "0.0171864170700477"  "0.0171864170700477" 
[40] "0.0117350002347481"  "0.0117350002347481"  "beta :"             
[43] "1"                  
[1] " old Likelihood:  -6893909.31160168"
[1] "New Likelihood:  -6891247.17430915"
iter:  0  f-value:  8716.643  pgrad:  0.5341781 
iter:  10  f-value:  8713.308  pgrad:  0.9956205 
iter:  20  f-value:  8713.259  pgrad:  0.9927685 
iter:  30  f-value:  8713.217  pgrad:  0.9883482 
iter:  40  f-value:  8713.159  pgrad:  0.9806966 
iter:  50  f-value:  8713.094  pgrad:  0.9681017 
  Unsuccessful convergence.
Time difference of 17.49609 mins
[1] "maxIt: 20"
[1] "It: 4"
 [1] "sigma:"             "0.99"               "0.99"              
 [4] "0.966654684295189"  "0.966654684295189"  "0.978478137834607" 
 [7] "0.978478137834607"  "0.99"               "0.99"              
[10] "0.99"               "0.99"               "0.99"              
[13] "0.99"               "0.99"               "0.99"              
[16] "0.99"               "0.99"               "0.99"              
[19] "0.99"               "0.99"               "0.99"              
[22] "0.969090975657711"  "0.969090975657711"  "0.99"              
[25] "0.99"               "0.977134976887783"  "0.977134976887783" 
[28] "0.961254345305409"  "0.961254345305409"  "0.974475662641719" 
[31] "0.974475662641719"  "0.825673157787881"  "0.825673157787881" 
[34] "0.197204967670174"  "0.197204967670174"  "0.0315793242639691"
[37] "0.0315793242639691" "0.0439424832646334" "0.0439424832646334"
[40] "0.0170810924318645" "0.0170810924318645" "beta :"            
[43] "1"                 
 [1] "sigma:"             "0.99"               "0.99"              
 [4] "0.966654684295189"  "0.966654684295189"  "0.978478137834607" 
 [7] "0.978478137834607"  "0.99"               "0.99"              
[10] "0.99"               "0.99"               "0.99"              
[13] "0.99"               "0.99"               "0.99"              
[16] "0.99"               "0.99"               "0.99"              
[19] "0.99"               "0.99"               "0.99"              
[22] "0.969090975657711"  "0.969090975657711"  "0.99"              
[25] "0.99"               "0.977134976887783"  "0.977134976887783" 
[28] "0.961254345305409"  "0.961254345305409"  "0.974475662641719" 
[31] "0.974475662641719"  "0.776173157787881"  "0.776173157787881" 
[34] "0.345704967670174"  "0.345704967670174"  "0.0315793242639691"
[37] "0.0315793242639691" "0.0439424832646334" "0.0439424832646334"
[40] "0.0170810924318645" "0.0170810924318645" "beta :"            
[43] "1"                 
[1] " old Likelihood:  -6891247.17430915"
[1] "New Likelihood:  -6890063.20468011"
iter:  0  f-value:  8514.871  pgrad:  0.5332469 
iter:  10  f-value:  8513.131  pgrad:  0.9757642 
iter:  20  f-value:  8513.076  pgrad:  0.9637188 
iter:  30  f-value:  8513.023  pgrad:  0.9567309 
iter:  40  f-value:  8513.008  pgrad:  0.9541039 
iter:  50  f-value:  8512.974  pgrad:  0.947267 
  Unsuccessful convergence.
Time difference of 16.69362 mins
[1] "maxIt: 20"
[1] "It: 5"
 [1] "sigma:"             "0.99"               "0.99"              
 [4] "0.970386526605979"  "0.970386526605979"  "0.984382269860809" 
 [7] "0.984382269860809"  "0.99"               "0.99"              
[10] "0.99"               "0.99"               "0.99"              
[13] "0.99"               "0.99"               "0.99"              
[16] "0.99"               "0.99"               "0.99"              
[19] "0.99"               "0.99"               "0.99"              
[22] "0.97794534134477"   "0.97794534134477"   "0.99"              
[25] "0.99"               "0.985156859980994"  "0.985156859980994" 
[28] "0.964961209629878"  "0.964961209629878"  "0.981424539503213" 
[31] "0.981424539503213"  "0.76462511053472"   "0.76462511053472"  
[34] "0.361913730488953"  "0.361913730488953"  "0.0522655029513997"
[37] "0.0522655029513997" "0.063298163471043"  "0.063298163471043" 
[40] "0.0209954964857082" "0.0209954964857082" "beta :"            
[43] "1"                 
 [1] "sigma:"              "0.99"                "0.99"               
 [4] "0.970386526605979"   "0.970386526605979"   "0.984382269860809"  
 [7] "0.984382269860809"   "0.99"                "0.99"               
[10] "0.99"                "0.99"                "0.99"               
[13] "0.99"                "0.99"                "0.99"               
[16] "0.99"                "0.99"                "0.99"               
[19] "0.99"                "0.99"                "0.99"               
[22] "0.97794534134477"    "0.97794534134477"    "0.99"               
[25] "0.99"                "0.985156859980994"   "0.985156859980994"  
[28] "0.964961209629878"   "0.964961209629878"   "0.981424539503213"  
[31] "0.981424539503213"   "0.71512511053472"    "0.71512511053472"   
[34] "0.411413730488953"   "0.411413730488953"   "0.00276550295139972"
[37] "0.00276550295139972" "0.013798163471043"   "0.013798163471043"  
[40] "0.0209954964857082"  "0.0209954964857082"  "beta :"             
[43] "1"                  
[1] " old Likelihood:  -6890063.20468011"
[1] "New Likelihood:  -6889353.63376012"
iter:  0  f-value:  8668.215  pgrad:  0.5564652 
iter:  10  f-value:  8667.402  pgrad:  0.9965287 
iter:  20  f-value:  8667.368  pgrad:  0.9945485 
iter:  30  f-value:  8667.35  pgrad:  0.9900742 
iter:  40  f-value:  8667.344  pgrad:  0.989475 
iter:  50  f-value:  8667.316  pgrad:  0.9657294 
  Unsuccessful convergence.
Time difference of 16.59064 mins
[1] "maxIt: 20"
[1] "It: 6"
 [1] "sigma:"             "0.99"               "0.99"              
 [4] "0.973399737202389"  "0.973399737202389"  "0.989472258255566" 
 [7] "0.989472258255566"  "0.99"               "0.99"              
[10] "0.99"               "0.99"               "0.99"              
[13] "0.99"               "0.99"               "0.99"              
[16] "0.99"               "0.99"               "0.99"              
[19] "0.99"               "0.99"               "0.99"              
[22] "0.9803818607972"    "0.9803818607972"    "0.99"              
[25] "0.99"               "0.989973621384641"  "0.989973621384641" 
[28] "0.967581679579118"  "0.967581679579118"  "0.986864601875859" 
[31] "0.986864601875859"  "0.705547578664866"  "0.705547578664866" 
[34] "0.42330401140762"   "0.42330401140762"   "0.0198820306526625"
[37] "0.0198820306526625" "0.0340206345009507" "0.0340206345009507"
[40] "0.0257305182120235" "0.0257305182120235" "beta :"            
[43] "1"                 
 [1] "sigma:"             "0.99"               "0.99"              
 [4] "0.973399737202389"  "0.973399737202389"  "0.989472258255566" 
 [7] "0.989472258255566"  "0.99"               "0.99"              
[10] "0.99"               "0.99"               "0.99"              
[13] "0.99"               "0.99"               "0.99"              
[16] "0.99"               "0.99"               "0.99"              
[19] "0.99"               "0.99"               "0.99"              
[22] "0.9803818607972"    "0.9803818607972"    "0.99"              
[25] "0.99"               "0.989973621384641"  "0.989973621384641" 
[28] "0.967581679579118"  "0.967581679579118"  "0.986864601875859" 
[31] "0.986864601875859"  "0.705547578664866"  "0.705547578664866" 
[34] "0.47280401140762"   "0.47280401140762"   "0.0198820306526625"
[37] "0.0198820306526625" "0.0340206345009507" "0.0340206345009507"
[40] "0.0257305182120235" "0.0257305182120235" "beta :"            
[43] "1"                 
[1] " old Likelihood:  -6889353.63376012"
[1] "New Likelihood:  -6889032.89539264"
iter:  0  f-value:  8487.718  pgrad:  0.7126743 
iter:  10  f-value:  8487.295  pgrad:  0.9793634 
iter:  20  f-value:  8487.284  pgrad:  0.9780528 
iter:  30  f-value:  8487.272  pgrad:  0.9598015 
iter:  40  f-value:  8487.258  pgrad:  0.9337782 
iter:  50  f-value:  8487.257  pgrad:  0.9087671 
  Unsuccessful convergence.
Time difference of 15.31312 mins
[1] "maxIt: 20"
[1] "It: 7"
 [1] "sigma:"             "0.99"               "0.99"              
 [4] "0.974531162320896"  "0.974531162320896"  "0.99"              
 [7] "0.99"               "0.99"               "0.99"              
[10] "0.99"               "0.99"               "0.99"              
[13] "0.99"               "0.99"               "0.99"              
[16] "0.99"               "0.99"               "0.99"              
[19] "0.99"               "0.99"               "0.99"              
[22] "0.982342007157146"  "0.982342007157146"  "0.99"              
[25] "0.99"               "0.99"               "0.99"              
[28] "0.970958577111169"  "0.970958577111169"  "0.99"              
[31] "0.99"               "0.698277477679984"  "0.698277477679984" 
[34] "0.479844413663061"  "0.479844413663061"  "0.0313554493684844"
[37] "0.0313554493684844" "0.0477738216143833" "0.0477738216143833"
[40] "0.0289897440691168" "0.0289897440691168" "beta :"            
[43] "1"                 
 [1] "sigma:"             "0.99"               "0.99"              
 [4] "0.974531162320896"  "0.974531162320896"  "0.99"              
 [7] "0.99"               "0.99"               "0.99"              
[10] "0.99"               "0.99"               "0.99"              
[13] "0.99"               "0.99"               "0.99"              
[16] "0.99"               "0.99"               "0.99"              
[19] "0.99"               "0.99"               "0.99"              
[22] "0.982342007157146"  "0.982342007157146"  "0.99"              
[25] "0.99"               "0.99"               "0.99"              
[28] "0.970958577111169"  "0.970958577111169"  "0.99"              
[31] "0.99"               "0.698277477679984"  "0.698277477679984" 
[34] "0.529344413663061"  "0.529344413663061"  "0.0313554493684844"
[37] "0.0313554493684844" "0.0477738216143833" "0.0477738216143833"
[40] "0.0289897440691168" "0.0289897440691168" "beta :"            
[43] "1"                 
[1] " old Likelihood:  -6889032.89539264"
[1] "New Likelihood:  -6888864.13777039"
iter:  0  f-value:  8325.688  pgrad:  0.7053308 
iter:  10  f-value:  8325.464  pgrad:  0.968032 
iter:  20  f-value:  8325.459  pgrad:  0.9504693 
iter:  30  f-value:  8325.449  pgrad:  0.9025098 
iter:  40  f-value:  8325.444  pgrad:  0.8196002 
iter:  50  f-value:  8325.44  pgrad:  0.7420749 
  Unsuccessful convergence.
Time difference of 15.43232 mins
[1] "maxIt: 20"
[1] "It: 8"
 [1] "sigma:"             "0.99"               "0.99"              
 [4] "0.975330430444815"  "0.975330430444815"  "0.99"              
 [7] "0.99"               "0.99"               "0.99"              
[10] "0.99"               "0.99"               "0.99"              
[13] "0.99"               "0.99"               "0.99"              
[16] "0.99"               "0.99"               "0.99"              
[19] "0.99"               "0.99"               "0.99"              
[22] "0.982703416988586"  "0.982703416988586"  "0.99"              
[25] "0.99"               "0.99"               "0.99"              
[28] "0.9745773702598"    "0.9745773702598"    "0.99"              
[31] "0.99"               "0.693507451584931"  "0.693507451584931" 
[34] "0.532933066932319"  "0.532933066932319"  "0.0405365393899158"
[37] "0.0405365393899158" "0.0589195415674489" "0.0589195415674489"
[40] "0.0317065596391395" "0.0317065596391395" "beta :"            
[43] "1"                 
 [1] "sigma:"              "0.99"                "0.99"               
 [4] "0.975330430444815"   "0.975330430444815"   "0.99"               
 [7] "0.99"                "0.99"                "0.99"               
[10] "0.99"                "0.99"                "0.99"               
[13] "0.99"                "0.99"                "0.99"               
[16] "0.99"                "0.99"                "0.99"               
[19] "0.99"                "0.99"                "0.99"               
[22] "0.982703416988586"   "0.982703416988586"   "0.99"               
[25] "0.99"                "0.99"                "0.99"               
[28] "0.9745773702598"     "0.9745773702598"     "0.99"               
[31] "0.99"                "0.644007451584931"   "0.644007451584931"  
[34] "0.532933066932319"   "0.532933066932319"   "0.0405365393899158" 
[37] "0.0405365393899158"  "0.00941954156744891" "0.00941954156744891"
[40] "0.0317065596391395"  "0.0317065596391395"  "beta :"             
[43] "1"                  
[1] " old Likelihood:  -6888864.13777039"
[1] "New Likelihood:  -6888740.56309113"
iter:  0  f-value:  8559.925  pgrad:  0.5454798 
iter:  10  f-value:  8559.81  pgrad:  0.6513449 
iter:  20  f-value:  8559.803  pgrad:  0.4751382 
iter:  30  f-value:  8559.802  pgrad:  0.6268965 
iter:  40  f-value:  8559.8  pgrad:  0.590353 
iter:  50  f-value:  8559.799  pgrad:  0.5348865 
  Unsuccessful convergence.
Time difference of 16.22265 mins
[1] "maxIt: 20"
[1] "It: 9"
 [1] "sigma:"             "0.99"               "0.99"              
 [4] "0.975908883191948"  "0.975908883191948"  "0.99"              
 [7] "0.99"               "0.99"               "0.99"              
[10] "0.99"               "0.99"               "0.99"              
[13] "0.99"               "0.99"               "0.99"              
[16] "0.99"               "0.99"               "0.99"              
[19] "0.99"               "0.99"               "0.99"              
[22] "0.982608377534524"  "0.982608377534524"  "0.99"              
[25] "0.99"               "0.99"               "0.99"              
[28] "0.976990264556499"  "0.976990264556499"  "0.99"              
[31] "0.99"               "0.642435302010527"  "0.642435302010527" 
[34] "0.532096158625926"  "0.532096158625926"  "0.0455159739500473"
[37] "0.0455159739500473" "0.0164094970436856" "0.0164094970436856"
[40] "0.0335947543892865" "0.0335947543892865" "beta :"            
[43] "1"                 
 [1] "sigma:"             "0.99"               "0.99"              
 [4] "0.975908883191948"  "0.975908883191948"  "0.99"              
 [7] "0.99"               "0.99"               "0.99"              
[10] "0.99"               "0.99"               "0.99"              
[13] "0.99"               "0.99"               "0.99"              
[16] "0.99"               "0.99"               "0.99"              
[19] "0.99"               "0.99"               "0.99"              
[22] "0.982608377534524"  "0.982608377534524"  "0.99"              
[25] "0.99"               "0.99"               "0.99"              
[28] "0.976990264556499"  "0.976990264556499"  "0.99"              
[31] "0.99"               "0.642435302010527"  "0.642435302010527" 
[34] "0.532096158625926"  "0.532096158625926"  "0.0455159739500473"
[37] "0.0455159739500473" "0.0164094970436855" "0.0164094970436855"
[40] "0.0335947543892865" "0.0335947543892865" "beta :"            
[43] "1"                 
[1] " old Likelihood:  -6888740.56309113"
[1] "New Likelihood:  -6888683.84907396"
iter:  0  f-value:  8551.286  pgrad:  0.5436885 
iter:  10  f-value:  8551.216  pgrad:  0.5711263 
iter:  20  f-value:  8551.214  pgrad:  0.5253787 
iter:  30  f-value:  8551.213  pgrad:  0.507207 
iter:  40  f-value:  8551.21  pgrad:  0.4206413 
iter:  50  f-value:  8551.21  pgrad:  0.4170943 
  Unsuccessful convergence.
Time difference of 15.38861 mins
[1] "maxIt: 20"
[1] "It: 10"
 [1] "sigma:"             "0.99"               "0.99"              
 [4] "0.976388229975733"  "0.976388229975733"  "0.99"              
 [7] "0.99"               "0.99"               "0.99"              
[10] "0.99"               "0.99"               "0.99"              
[13] "0.99"               "0.99"               "0.99"              
[16] "0.99"               "0.99"               "0.99"              
[19] "0.99"               "0.99"               "0.99"              
[22] "0.982333164366058"  "0.982333164366058"  "0.99"              
[25] "0.99"               "0.99"               "0.99"              
[28] "0.978508593252475"  "0.978508593252475"  "0.99"              
[31] "0.99"               "0.641080100989209"  "0.641080100989209" 
[34] "0.53071555171662"   "0.53071555171662"   "0.0497170888212243"
[37] "0.0497170888212243" "0.0224441801888056" "0.0224441801888056"
[40] "0.0353153195311746" "0.0353153195311746" "beta :"            
[43] "1"                 
 [1] "sigma:"               "0.99"                 "0.99"                
 [4] "0.976388229975733"    "0.976388229975733"    "0.99"                
 [7] "0.99"                 "0.99"                 "0.99"                
[10] "0.99"                 "0.99"                 "0.99"                
[13] "0.99"                 "0.99"                 "0.99"                
[16] "0.99"                 "0.99"                 "0.99"                
[19] "0.99"                 "0.99"                 "0.99"                
[22] "0.982333164366058"    "0.982333164366058"    "0.99"                
[25] "0.99"                 "0.99"                 "0.99"                
[28] "0.978508593252475"    "0.978508593252475"    "0.99"                
[31] "0.99"                 "0.641080100989209"    "0.641080100989209"   
[34] "0.53071555171662"     "0.53071555171662"     "0.000217088821224318"
[37] "0.000217088821224318" "0.0224441801888056"   "0.0224441801888056"  
[40] "0.0353153195311746"   "0.0353153195311746"   "beta :"              
[43] "1"                   
[1] " old Likelihood:  -6888683.84907396"
[1] "New Likelihood:  -6888648.159446"
iter:  0  f-value:  8608.916  pgrad:  0.5422979 
iter:  10  f-value:  8608.875  pgrad:  0.5367033 
iter:  20  f-value:  8608.873  pgrad:  0.4642689 
iter:  30  f-value:  8608.873  pgrad:  0.3479727 
iter:  40  f-value:  8608.872  pgrad:  0.320033 
iter:  50  f-value:  8608.871  pgrad:  0.3074274 
  Unsuccessful convergence.
Time difference of 15.70334 mins
[1] "maxIt: 20"
[1] "It: 11"
 [1] "sigma:"              "0.989985921627225"   "0.989985921627225"  
 [4] "0.976688938491658"   "0.976688938491658"   "0.99"               
 [7] "0.99"                "0.99"                "0.99"               
[10] "0.99"                "0.99"                "0.99"               
[13] "0.99"                "0.99"                "0.99"               
[16] "0.99"                "0.99"                "0.99"               
[19] "0.99"                "0.99"                "0.99"               
[22] "0.982096219012708"   "0.982096219012708"   "0.99"               
[25] "0.99"                "0.99"                "0.99"               
[28] "0.979517401338336"   "0.979517401338336"   "0.99"               
[31] "0.99"                "0.639606572073509"   "0.639606572073509"  
[34] "0.528570971464478"   "0.528570971464478"   "0.00210435833132105"
[37] "0.00210435833132105" "0.0254695629001491"  "0.0254695629001491" 
[40] "0.0362364692748371"  "0.0362364692748371"  "beta :"             
[43] "1"                  
 [1] "sigma:"              "0.989985921627225"   "0.989985921627225"  
 [4] "0.976688938491658"   "0.976688938491658"   "0.99"               
 [7] "0.99"                "0.99"                "0.99"               
[10] "0.99"                "0.99"                "0.99"               
[13] "0.99"                "0.99"                "0.99"               
[16] "0.99"                "0.99"                "0.99"               
[19] "0.99"                "0.99"                "0.99"               
[22] "0.982096219012708"   "0.982096219012708"   "0.99"               
[25] "0.99"                "0.99"                "0.99"               
[28] "0.979517401338336"   "0.979517401338336"   "0.99"               
[31] "0.99"                "0.639606572073509"   "0.639606572073509"  
[34] "0.528570971464478"   "0.528570971464478"   "0.00210435833132105"
[37] "0.00210435833132105" "0.0254695629001491"  "0.0254695629001491" 
[40] "0.0362364692748371"  "0.0362364692748371"  "beta :"             
[43] "1"                  
[1] " old Likelihood:  -6888648.159446"
[1] "New Likelihood:  -6888625.94689476"
iter:  0  f-value:  8603.025  pgrad:  0.6460672 
iter:  10  f-value:  8602.998  pgrad:  0.48929 
iter:  20  f-value:  8602.997  pgrad:  0.5391107 
iter:  30  f-value:  8602.997  pgrad:  0.294167 
iter:  40  f-value:  8602.996  pgrad:  0.2671004 
iter:  50  f-value:  8602.996  pgrad:  0.3975219 
  Unsuccessful convergence.
Time difference of 15.39711 mins
[1] "maxIt: 20"
[1] "It: 12"
 [1] "sigma:"              "0.98991722582738"    "0.98991722582738"   
 [4] "0.977035603494117"   "0.977035603494117"   "0.99"               
 [7] "0.99"                "0.99"                "0.99"               
[10] "0.99"                "0.99"                "0.99"               
[13] "0.99"                "0.99"                "0.99"               
[16] "0.99"                "0.99"                "0.99"               
[19] "0.99"                "0.99"                "0.99"               
[22] "0.98187538688962"    "0.98187538688962"    "0.99"               
[25] "0.99"                "0.99"                "0.99"               
[28] "0.980205079179556"   "0.980205079179556"   "0.99"               
[31] "0.99"                "0.638192828972415"   "0.638192828972415"  
[34] "0.52663775712341"    "0.52663775712341"    "0.00428021605447033"
[37] "0.00428021605447033" "0.02866209829534"    "0.02866209829534"   
[40] "0.0372470847649108"  "0.0372470847649108"  "beta :"             
[43] "1"                  
 [1] "sigma:"             "0.98991722582738"   "0.98991722582738"  
 [4] "0.977035603494117"  "0.977035603494117"  "0.99"              
 [7] "0.99"               "0.99"               "0.99"              
[10] "0.99"               "0.99"               "0.99"              
[13] "0.99"               "0.99"               "0.99"              
[16] "0.99"               "0.99"               "0.99"              
[19] "0.99"               "0.99"               "0.99"              
[22] "0.98187538688962"   "0.98187538688962"   "0.99"              
[25] "0.99"               "0.99"               "0.99"              
[28] "0.980205079179556"  "0.980205079179556"  "0.99"              
[31] "0.99"               "0.638192828972415"  "0.638192828972415" 
[34] "0.52663775712341"   "0.52663775712341"   "0.0537802160544703"
[37] "0.0537802160544703" "0.02866209829534"   "0.02866209829534"  
[40] "0.0372470847649108" "0.0372470847649108" "beta :"            
[43] "1"                 
[1] " old Likelihood:  -6888625.94689476"
[1] "New Likelihood:  -6888609.69233187"
iter:  0  f-value:  8537.415  pgrad:  0.6446392 
iter:  10  f-value:  8537.392  pgrad:  0.3364221 
iter:  20  f-value:  8537.392  pgrad:  0.3155401 
iter:  30  f-value:  8537.391  pgrad:  0.2908382 
iter:  40  f-value:  8537.391  pgrad:  0.2771048 
iter:  50  f-value:  8537.39  pgrad:  0.4600659 
  Unsuccessful convergence.
Time difference of 15.74488 mins
[1] "maxIt: 20"
[1] "It: 13"
 [1] "sigma:"             "0.989837283334207"  "0.989837283334207" 
 [4] "0.97730218424696"   "0.97730218424696"   "0.99"              
 [7] "0.99"               "0.99"               "0.99"              
[10] "0.99"               "0.99"               "0.99"              
[13] "0.99"               "0.99"               "0.99"              
[16] "0.99"               "0.99"               "0.99"              
[19] "0.99"               "0.99"               "0.99"              
[22] "0.981708398667621"  "0.981708398667621"  "0.99"              
[25] "0.99"               "0.99"               "0.99"              
[28] "0.980659041672825"  "0.980659041672825"  "0.99"              
[31] "0.99"               "0.636782412414014"  "0.636782412414014" 
[34] "0.526018849184498"  "0.526018849184498"  "0.056038861847745" 
[37] "0.056038861847745"  "0.0314566271786899" "0.0314566271786899"
[40] "0.0380668787906649" "0.0380668787906649" "beta :"            
[43] "1"                 
 [1] "sigma:"             "0.989837283334207"  "0.989837283334207" 
 [4] "0.97730218424696"   "0.97730218424696"   "0.99"              
 [7] "0.99"               "0.99"               "0.99"              
[10] "0.99"               "0.99"               "0.99"              
[13] "0.99"               "0.99"               "0.99"              
[16] "0.99"               "0.99"               "0.99"              
[19] "0.99"               "0.99"               "0.99"              
[22] "0.981708398667621"  "0.981708398667621"  "0.99"              
[25] "0.99"               "0.99"               "0.99"              
[28] "0.980659041672825"  "0.980659041672825"  "0.99"              
[31] "0.99"               "0.636782412414014"  "0.636782412414014" 
[34] "0.526018849184498"  "0.526018849184498"  "0.056038861847745" 
[37] "0.056038861847745"  "0.0314566271786899" "0.0314566271786899"
[40] "0.0380668787906649" "0.0380668787906649" "beta :"            
[43] "1"                 
[1] " old Likelihood:  -6888609.69233187"
[1] "New Likelihood:  -6888595.99033215"
iter:  0  f-value:  8540.756  pgrad:  0.6432146 
iter:  10  f-value:  8540.741  pgrad:  0.3264722 
iter:  20  f-value:  8540.741  pgrad:  0.2376328 
iter:  30  f-value:  8540.74  pgrad:  0.2178786 
iter:  40  f-value:  8540.74  pgrad:  0.202308 
iter:  50  f-value:  8540.739  pgrad:  0.4942376 
  Unsuccessful convergence.
Time difference of 15.79455 mins
[1] "maxIt: 20"
[1] "It: 14"
 [1] "sigma:"             "0.989710419380533"  "0.989710419380533" 
 [4] "0.977679282771683"  "0.977679282771683"  "0.99"              
 [7] "0.99"               "0.99"               "0.99"              
[10] "0.99"               "0.99"               "0.99"              
[13] "0.99"               "0.99"               "0.99"              
[16] "0.99"               "0.99"               "0.99"              
[19] "0.99"               "0.99"               "0.99"              
[22] "0.981581595094797"  "0.981581595094797"  "0.99"              
[25] "0.99"               "0.99"               "0.99"              
[28] "0.980973138241289"  "0.980973138241289"  "0.99"              
[31] "0.99"               "0.635511492444696"  "0.635511492444696" 
[34] "0.524703667310479"  "0.524703667310479"  "0.0583436578209388"
[37] "0.0583436578209388" "0.034450160842788"  "0.034450160842788" 
[40] "0.0390385588569505" "0.0390385588569505" "beta :"            
[43] "1"                 
 [1] "sigma:"             "0.989710419380533"  "0.989710419380533" 
 [4] "0.977679282771683"  "0.977679282771683"  "0.99"              
 [7] "0.99"               "0.99"               "0.99"              
[10] "0.99"               "0.99"               "0.99"              
[13] "0.99"               "0.99"               "0.99"              
[16] "0.99"               "0.99"               "0.99"              
[19] "0.99"               "0.99"               "0.99"              
[22] "0.981581595094797"  "0.981581595094797"  "0.99"              
[25] "0.99"               "0.99"               "0.99"              
[28] "0.980973138241289"  "0.980973138241289"  "0.99"              
[31] "0.99"               "0.635511492444696"  "0.635511492444696" 
[34] "0.524703667310479"  "0.524703667310479"  "0.0583436578209388"
[37] "0.0583436578209388" "0.034450160842788"  "0.034450160842788" 
[40] "0.0390385588569505" "0.0390385588569505" "beta :"            
[43] "1"                 
[1] " old Likelihood:  -6888595.99033215"
[1] "New Likelihood:  -6888585.65785975"
iter:  0  f-value:  8542.36  pgrad:  0.6419308 
iter:  10  f-value:  8542.349  pgrad:  0.2826891 
iter:  20  f-value:  8542.349  pgrad:  0.1800436 
iter:  30  f-value:  8542.349  pgrad:  0.1757508 
iter:  40  f-value:  8542.349  pgrad:  0.1642184 
iter:  50  f-value:  8542.349  pgrad:  0.1561966 
  Unsuccessful convergence.
Time difference of 15.79452 mins
[1] "maxIt: 20"
[1] "It: 15"
 [1] "sigma:"             "0.989620537107804"  "0.989620537107804" 
 [4] "0.977895117249354"  "0.977895117249354"  "0.99"              
 [7] "0.99"               "0.99"               "0.99"              
[10] "0.99"               "0.99"               "0.99"              
[13] "0.99"               "0.99"               "0.99"              
[16] "0.99"               "0.99"               "0.99"              
[19] "0.99"               "0.99"               "0.99"              
[22] "0.981503505517711"  "0.981503505517711"  "0.99"              
[25] "0.99"               "0.99"               "0.99"              
[28] "0.981185384158044"  "0.981185384158044"  "0.99"              
[31] "0.99"               "0.634261345889569"  "0.634261345889569" 
[34] "0.523390451683898"  "0.523390451683898"  "0.0595630550677293"
[37] "0.0595630550677293" "0.0358478708731646" "0.0358478708731646"
[40] "0.0394891097563094" "0.0394891097563094" "beta :"            
[43] "1"                 
 [1] "sigma:"             "0.989620537107804"  "0.989620537107804" 
 [4] "0.977895117249354"  "0.977895117249354"  "0.99"              
 [7] "0.99"               "0.99"               "0.99"              
[10] "0.99"               "0.99"               "0.99"              
[13] "0.99"               "0.99"               "0.99"              
[16] "0.99"               "0.99"               "0.99"              
[19] "0.99"               "0.99"               "0.99"              
[22] "0.981503505517711"  "0.981503505517711"  "0.99"              
[25] "0.99"               "0.99"               "0.99"              
[28] "0.981185384158044"  "0.981185384158044"  "0.99"              
[31] "0.99"               "0.634261345889569"  "0.634261345889569" 
[34] "0.523390451683898"  "0.523390451683898"  "0.109063055067729" 
[37] "0.109063055067729"  "0.0358478708731646" "0.0358478708731646"
[40] "0.0394891097563094" "0.0394891097563094" "beta :"            
[43] "1"                 
[1] " old Likelihood:  -6888585.65785975"
[1] "New Likelihood:  -6888577.55596932"
iter:  0  f-value:  8478.303  pgrad:  0.6318987 
iter:  10  f-value:  8478.292  pgrad:  0.2317211 
iter:  20  f-value:  8478.291  pgrad:  0.2171691 
iter:  30  f-value:  8478.291  pgrad:  0.2776142 
iter:  40  f-value:  8478.291  pgrad:  0.1698936 
iter:  50  f-value:  8478.291  pgrad:  0.1630542 
  Unsuccessful convergence.
Time difference of 15.7332 mins
[1] "maxIt: 20"
[1] "It: 16"
 [1] "sigma:"             "0.98950943831959"   "0.98950943831959"  
 [4] "0.978172059231327"  "0.978172059231327"  "0.99"              
 [7] "0.99"               "0.99"               "0.99"              
[10] "0.99"               "0.99"               "0.99"              
[13] "0.99"               "0.99"               "0.99"              
[16] "0.99"               "0.99"               "0.99"              
[19] "0.99"               "0.99"               "0.99"              
[22] "0.98143305865627"   "0.98143305865627"   "0.99"              
[25] "0.99"               "0.99"               "0.99"              
[28] "0.981318583283151"  "0.981318583283151"  "0.99"              
[31] "0.99"               "0.633077430627937"  "0.633077430627937" 
[34] "0.523103817845692"  "0.523103817845692"  "0.110993742661791" 
[37] "0.110993742661791"  "0.037836509853353"  "0.037836509853353" 
[40] "0.0400857298786981" "0.0400857298786981" "beta :"            
[43] "1"                 
 [1] "sigma:"             "0.98950943831959"   "0.98950943831959"  
 [4] "0.978172059231327"  "0.978172059231327"  "0.99"              
 [7] "0.99"               "0.99"               "0.99"              
[10] "0.99"               "0.99"               "0.99"              
[13] "0.99"               "0.99"               "0.99"              
[16] "0.99"               "0.99"               "0.99"              
[19] "0.99"               "0.99"               "0.99"              
[22] "0.98143305865627"   "0.98143305865627"   "0.99"              
[25] "0.99"               "0.99"               "0.99"              
[28] "0.981318583283151"  "0.981318583283151"  "0.99"              
[31] "0.99"               "0.633077430627937"  "0.633077430627937" 
[34] "0.523103817845692"  "0.523103817845692"  "0.110993742661791" 
[37] "0.110993742661791"  "0.037836509853353"  "0.037836509853353" 
[40] "0.0400857298786981" "0.0400857298786981" "beta :"            
[43] "1"                 
[1] " old Likelihood:  -6888577.55596932"
[1] "New Likelihood:  -6888569.80591481"
iter:  0  f-value:  8484.083  pgrad:  0.6097434 
iter:  10  f-value:  8484.076  pgrad:  0.173477 
iter:  20  f-value:  8484.076  pgrad:  0.1390799 
iter:  30  f-value:  8484.076  pgrad:  0.1347507 
iter:  40  f-value:  8484.075  pgrad:  0.1091576 
iter:  50  f-value:  8484.075  pgrad:  0.102682 
  Unsuccessful convergence.
Time difference of 15.81009 mins
[1] "maxIt: 20"
[1] "It: 17"
 [1] "sigma:"             "0.989382066751856"  "0.989382066751856" 
 [4] "0.978489593594345"  "0.978489593594345"  "0.99"              
 [7] "0.99"               "0.99"               "0.99"              
[10] "0.99"               "0.99"               "0.99"              
[13] "0.99"               "0.99"               "0.99"              
[16] "0.99"               "0.99"               "0.99"              
[19] "0.99"               "0.99"               "0.99"              
[22] "0.981392005853604"  "0.981392005853604"  "0.99"              
[25] "0.99"               "0.99"               "0.99"              
[28] "0.981418461665887"  "0.981418461665887"  "0.99"              
[31] "0.99"               "0.632044443255945"  "0.632044443255945" 
[34] "0.522019896062782"  "0.522019896062782"  "0.112519149860678" 
[37] "0.112519149860678"  "0.0394325299109893" "0.0394325299109893"
[40] "0.0406221546171675" "0.0406221546171675" "beta :"            
[43] "1"                 
 [1] "sigma:"             "0.989382066751856"  "0.989382066751856" 
 [4] "0.978489593594345"  "0.978489593594345"  "0.99"              
 [7] "0.99"               "0.99"               "0.99"              
[10] "0.99"               "0.99"               "0.99"              
[13] "0.99"               "0.99"               "0.99"              
[16] "0.99"               "0.99"               "0.99"              
[19] "0.99"               "0.99"               "0.99"              
[22] "0.981392005853604"  "0.981392005853604"  "0.99"              
[25] "0.99"               "0.99"               "0.99"              
[28] "0.981418461665887"  "0.981418461665887"  "0.99"              
[31] "0.99"               "0.632044443255945"  "0.632044443255945" 
[34] "0.522019896062782"  "0.522019896062782"  "0.112519149860678" 
[37] "0.112519149860678"  "0.0394325299109893" "0.0394325299109893"
[40] "0.0406221546171675" "0.0406221546171675" "beta :"            
[43] "1"                 
[1] " old Likelihood:  -6888569.80591481"
[1] "New Likelihood:  -6888564.14016343"
iter:  0  f-value:  8487.858  pgrad:  0.6046685 
iter:  10  f-value:  8487.853  pgrad:  0.3318019 
iter:  20  f-value:  8487.853  pgrad:  0.1095032 
iter:  30  f-value:  8487.853  pgrad:  0.2860543 
iter:  40  f-value:  8487.853  pgrad:  0.08525603 
iter:  50  f-value:  8487.853  pgrad:  0.1453918 
  Unsuccessful convergence.
Time difference of 15.82312 mins
[1] "maxIt: 20"
[1] "It: 18"
 [1] "sigma:"             "0.989238088601343"  "0.989238088601343" 
 [4] "0.978697320832406"  "0.978697320832406"  "0.99"              
 [7] "0.99"               "0.99"               "0.99"              
[10] "0.99"               "0.99"               "0.99"              
[13] "0.99"               "0.99"               "0.99"              
[16] "0.99"               "0.99"               "0.99"              
[19] "0.99"               "0.99"               "0.99"              
[22] "0.981326753801661"  "0.981326753801661"  "0.99"              
[25] "0.99"               "0.99"               "0.99"              
[28] "0.981496275550159"  "0.981496275550159"  "0.99"              
[31] "0.99"               "0.631076077480362"  "0.631076077480362" 
[34] "0.520814078134965"  "0.520814078134965"  "0.11330956792302"  
[37] "0.11330956792302"   "0.0402430967437386" "0.0402430967437386"
[40] "0.0409548439179429" "0.0409548439179429" "beta :"            
[43] "1"                 
 [1] "sigma:"             "0.989238088601343"  "0.989238088601343" 
 [4] "0.978697320832406"  "0.978697320832406"  "0.99"              
 [7] "0.99"               "0.99"               "0.99"              
[10] "0.99"               "0.99"               "0.99"              
[13] "0.99"               "0.99"               "0.99"              
[16] "0.99"               "0.99"               "0.99"              
[19] "0.99"               "0.99"               "0.99"              
[22] "0.981326753801661"  "0.981326753801661"  "0.99"              
[25] "0.99"               "0.99"               "0.99"              
[28] "0.981496275550159"  "0.981496275550159"  "0.99"              
[31] "0.99"               "0.631076077480362"  "0.631076077480362" 
[34] "0.520814078134965"  "0.520814078134965"  "0.11330956792302"  
[37] "0.11330956792302"   "0.0402430967437386" "0.0402430967437386"
[40] "0.0409548439179429" "0.0409548439179429" "beta :"            
[43] "1"                 
[1] " old Likelihood:  -6888564.14016343"
[1] "New Likelihood:  -6888559.76478567"
iter:  0  f-value:  8491.315  pgrad:  0.596774 
iter:  10  f-value:  8491.311  pgrad:  0.246273 
iter:  20  f-value:  8491.311  pgrad:  0.1194712 
iter:  30  f-value:  8491.311  pgrad:  0.07537892 
iter:  40  f-value:  8491.31  pgrad:  0.06219125 
iter:  50  f-value:  8491.31  pgrad:  0.1083754 
  Unsuccessful convergence.
Time difference of 15.74747 mins
[1] "maxIt: 20"
[1] "It: 19"
 [1] "sigma:"             "0.989112883585507"  "0.989112883585507" 
 [4] "0.978939246328828"  "0.978939246328828"  "0.99"              
 [7] "0.99"               "0.99"               "0.99"              
[10] "0.99"               "0.99"               "0.99"              
[13] "0.99"               "0.99"               "0.99"              
[16] "0.99"               "0.99"               "0.99"              
[19] "0.99"               "0.99"               "0.99"              
[22] "0.981339219968065"  "0.981339219968065"  "0.99"              
[25] "0.99"               "0.99"               "0.99"              
[28] "0.981540030771133"  "0.981540030771133"  "0.99"              
[31] "0.99"               "0.630182148879128"  "0.630182148879128" 
[34] "0.519464570153638"  "0.519464570153638"  "0.113985186410572" 
[37] "0.113985186410572"  "0.0408763399325988" "0.0408763399325988"
[40] "0.0412587894799216" "0.0412587894799216" "beta :"            
[43] "1"                 
 [1] "sigma:"             "0.989112883585507"  "0.989112883585507" 
 [4] "0.978939246328828"  "0.978939246328828"  "0.99"              
 [7] "0.99"               "0.99"               "0.99"              
[10] "0.99"               "0.99"               "0.99"              
[13] "0.99"               "0.99"               "0.99"              
[16] "0.99"               "0.99"               "0.99"              
[19] "0.99"               "0.99"               "0.99"              
[22] "0.981339219968065"  "0.981339219968065"  "0.99"              
[25] "0.99"               "0.99"               "0.99"              
[28] "0.981540030771133"  "0.981540030771133"  "0.99"              
[31] "0.99"               "0.630182148879128"  "0.630182148879128" 
[34] "0.519464570153638"  "0.519464570153638"  "0.113985186410572" 
[37] "0.113985186410572"  "0.0408763399325988" "0.0408763399325988"
[40] "0.0412587894799216" "0.0412587894799216" "beta :"            
[43] "1"                 
[1] " old Likelihood:  -6888559.76478567"
[1] "New Likelihood:  -6888556.18460107"
iter:  0  f-value:  8494.47  pgrad:  0.5814218 
iter:  10  f-value:  8494.467  pgrad:  0.2086563 
iter:  20  f-value:  8494.467  pgrad:  0.1240551 
iter:  30  f-value:  8494.467  pgrad:  0.07727067 
iter:  40  f-value:  8494.467  pgrad:  0.0806358 
iter:  50  f-value:  8494.467  pgrad:  0.06102709 
  Unsuccessful convergence.
Time difference of 15.8531 mins
[1] "maxIt: 20"
[1] "It: 20"
 [1] "sigma:"             "0.989000624513255"  "0.989000624513255" 
 [4] "0.979166058665794"  "0.979166058665794"  "0.99"              
 [7] "0.99"               "0.99"               "0.99"              
[10] "0.99"               "0.99"               "0.99"              
[13] "0.99"               "0.99"               "0.99"              
[16] "0.99"               "0.99"               "0.99"              
[19] "0.99"               "0.99"               "0.99"              
[22] "0.981331355152083"  "0.981331355152083"  "0.99"              
[25] "0.99"               "0.99"               "0.99"              
[28] "0.981582666710085"  "0.981582666710085"  "0.99"              
[31] "0.99"               "0.629340885354314"  "0.629340885354314" 
[34] "0.518141118022398"  "0.518141118022398"  "0.11449482865728"  
[37] "0.11449482865728"   "0.0412771338331485" "0.0412771338331485"
[40] "0.0414934684666537" "0.0414934684666537" "beta :"            
[43] "1"                 
 [1] "sigma:"             "0.989000624513255"  "0.989000624513255" 
 [4] "0.979166058665794"  "0.979166058665794"  "0.99"              
 [7] "0.99"               "0.99"               "0.99"              
[10] "0.99"               "0.99"               "0.99"              
[13] "0.99"               "0.99"               "0.99"              
[16] "0.99"               "0.99"               "0.99"              
[19] "0.99"               "0.99"               "0.99"              
[22] "0.981331355152083"  "0.981331355152083"  "0.99"              
[25] "0.99"               "0.99"               "0.99"              
[28] "0.981582666710085"  "0.981582666710085"  "0.99"              
[31] "0.99"               "0.629340885354314"  "0.629340885354314" 
[34] "0.518141118022398"  "0.518141118022398"  "0.16399482865728"  
[37] "0.16399482865728"   "0.0412771338331485" "0.0412771338331485"
[40] "0.0414934684666537" "0.0414934684666537" "beta :"            
[43] "1"                 
[1] " old Likelihood:  -6888556.18460107"
[1] "New Likelihood:  -6888553.13685193"
iter:  0  f-value:  8427.188  pgrad:  0.5233749 
iter:  10  f-value:  8427.183  pgrad:  0.166292 
iter:  20  f-value:  8427.182  pgrad:  0.1223088 
iter:  30  f-value:  8427.182  pgrad:  0.1092849 
iter:  40  f-value:  8427.182  pgrad:  0.09680662 
iter:  50  f-value:  8427.182  pgrad:  0.09091309 
  Unsuccessful convergence.
Time difference of 15.75094 mins
 [1] "sigma:"             "0.988891233837725"  "0.988891233837725" 
 [4] "0.979423758614373"  "0.979423758614373"  "0.99"              
 [7] "0.99"               "0.99"               "0.99"              
[10] "0.99"               "0.99"               "0.99"              
[13] "0.99"               "0.99"               "0.99"              
[16] "0.99"               "0.99"               "0.99"              
[19] "0.99"               "0.99"               "0.99"              
[22] "0.981310424563083"  "0.981310424563083"  "0.99"              
[25] "0.99"               "0.99"               "0.99"              
[28] "0.981601036856288"  "0.981601036856288"  "0.99"              
[31] "0.99"               "0.628479480831096"  "0.628479480831096" 
[34] "0.518056605506279"  "0.518056605506279"  "0.165190370360881" 
[37] "0.165190370360881"  "0.0421275109664786" "0.0421275109664786"
[40] "0.041795283426465"  "0.041795283426465"  "beta :"            
[43] "1"                 
[1] 1999626 1999340 1999516 1998950 1998558
[1] 1 1 1 1 1
saved RDS
inference successful
