[1] "Original length"
[1] 999385
[1] "Final length"
[1] 11882
[1] "sequence length : 999386" "sequence length : 999974"
[3] "sequence length : 999728" "sequence length : 999385"
[5] "sequence length : 999953"
[1] 1 1 1 1 1
[1] "Beta: 1"
[1] "Self: 0.5"
 [1] 0 0 0 0 0 0 0 0 0 0 0 0 0 0 0 0 0 0 0 0
[1] "maxIt: 20"
[1] "It: 1"
 [1] "sigma:" "0.5"    "0.5"    "0.5"    "0.5"    "0.5"    "0.5"    "0.5"   
 [9] "0.5"    "0.5"    "0.5"    "0.5"    "0.5"    "0.5"    "0.5"    "0.5"   
[17] "0.5"    "0.5"    "0.5"    "0"      "0"      "0"      "0"      "0"     
[25] "0"      "0"      "0"      "0"      "0"      "0"      "0"      "0"     
[33] "0"      "0"      "0"      "0"      "0"      "0"      "0"      "0"     
[41] "0"      "beta :" "1"     
[1] 7646492
[1] 7645993
[1] 7645742
[1] 7645370
[1] 7644824
[1] 7644025
[1] 7642863
[1] 7641195
[1] 7638905
[1] 7635949
[1] 7632205
[1] 7627656
[1] 7622583
[1] 7617211
[1] 7613439
[1] 7612942
[1] 7615771
[1] 7618695
[1] 7619784
[1] 7620522
[1] 7620714
 [1] "sigma:" "0.9655" "0.9655" "0.9655" "0.9655" "0.9655" "0.9655" "0.9655"
 [9] "0.9655" "0.9655" "0.9655" "0.9655" "0.9655" "0.9655" "0.9655" "0.9655"
[17] "0.9655" "0.9655" "0.9655" "0.9655" "0.9655" "0.9655" "0.9655" "0.9655"
[25] "0.9655" "0.9655" "0.9655" "0.9655" "0.9655" "0.9655" "0.9655" "0.475" 
[33] "0.475"  "0.475"  "0.475"  "0.475"  "0.475"  "0.475"  "0.475"  "0.475" 
[41] "0.475"  "beta :" "1"     
[1] "New Likelihood:  -7612942.08340535"
iter:  0  f-value:  9885.231  pgrad:  0.5 
iter:  10  f-value:  9878.59  pgrad:  0.9676094 
iter:  20  f-value:  9877.275  pgrad:  0.5003744 
iter:  30  f-value:  9877.229  pgrad:  0.492854 
  Unsuccessful convergence.
Time difference of 31.72912 mins
[1] "maxIt: 20"
[1] "It: 2"
 [1] "sigma:"            "0.974090290979915" "0.974090290979915"
 [4] "0.974090290979915" "0.974090290979915" "0.974090290979915"
 [7] "0.974090290979915" "0.974090290979915" "0.974090290979915"
[10] "0.974090290979915" "0.974090290979915" "0.974090290979915"
[13] "0.974090290979915" "0.974090290979915" "0.974090290979915"
[16] "0.974090290979915" "0.974090290979915" "0.974090290979915"
[19] "0.974090290979915" "0.974090290979915" "0.974090290979915"
[22] "0.974090290979915" "0.974090290979915" "0.974090290979915"
[25] "0.974090290979915" "0.974090290979915" "0.974090290979915"
[28] "0.974090290979915" "0.974090290979915" "0.974090290979915"
[31] "0.974090290979915" "0.473277598954311" "0.473277598954311"
[34] "0.473277598954311" "0.473277598954311" "0.473277598954311"
[37] "0.473277598954311" "0.473277598954311" "0.473277598954311"
[40] "0.473277598954311" "0.473277598954311" "beta :"           
[43] "1"                
[1] 7611472
[1] 7610649
[1] 7613655
 [1] "sigma:"            "0.974090290979915" "0.974090290979915"
 [4] "0.974090290979915" "0.974090290979915" "0.974090290979915"
 [7] "0.974090290979915" "0.974090290979915" "0.974090290979915"
[10] "0.974090290979915" "0.974090290979915" "0.974090290979915"
[13] "0.974090290979915" "0.974090290979915" "0.974090290979915"
[16] "0.974090290979915" "0.974090290979915" "0.974090290979915"
[19] "0.974090290979915" "0.974090290979915" "0.974090290979915"
[22] "0.974090290979915" "0.974090290979915" "0.974090290979915"
[25] "0.974090290979915" "0.974090290979915" "0.974090290979915"
[28] "0.974090290979915" "0.974090290979915" "0.974090290979915"
[31] "0.974090290979915" "0.498277598954311" "0.498277598954311"
[34] "0.498277598954311" "0.498277598954311" "0.498277598954311"
[37] "0.498277598954311" "0.498277598954311" "0.498277598954311"
[40] "0.498277598954311" "0.498277598954311" "beta :"           
[43] "1"                
[1] " old Likelihood:  -7612942.08340535"
[1] "New Likelihood:  -7610648.52719775"
iter:  0  f-value:  9438.843  pgrad:  0.513126 
iter:  10  f-value:  9436.656  pgrad:  0.9934285 
iter:  20  f-value:  9436.608  pgrad:  0.9906757 
iter:  30  f-value:  9436.591  pgrad:  0.6887967 
  Unsuccessful convergence.
Time difference of 7.722936 mins
[1] "maxIt: 20"
[1] "It: 3"
 [1] "sigma:"            "0.979197863799596" "0.979197863799596"
 [4] "0.979197863799596" "0.979197863799596" "0.979197863799596"
 [7] "0.979197863799596" "0.979197863799596" "0.979197863799596"
[10] "0.979197863799596" "0.979197863799596" "0.979197863799596"
[13] "0.979197863799596" "0.979197863799596" "0.979197863799596"
[16] "0.979197863799596" "0.979197863799596" "0.979197863799596"
[19] "0.979197863799596" "0.979197863799596" "0.979197863799596"
[22] "0.979197863799596" "0.979197863799596" "0.979197863799596"
[25] "0.979197863799596" "0.979197863799596" "0.979197863799596"
[28] "0.979197863799596" "0.979197863799596" "0.979197863799596"
[31] "0.979197863799596" "0.494046621671713" "0.494046621671713"
[34] "0.494046621671713" "0.494046621671713" "0.494046621671713"
[37] "0.494046621671713" "0.494046621671713" "0.494046621671713"
[40] "0.494046621671713" "0.494046621671713" "beta :"           
[43] "1"                
[1] 7610967
[1] 7609922
[1] 7613310
 [1] "sigma:"            "0.979197863799596" "0.979197863799596"
 [4] "0.979197863799596" "0.979197863799596" "0.979197863799596"
 [7] "0.979197863799596" "0.979197863799596" "0.979197863799596"
[10] "0.979197863799596" "0.979197863799596" "0.979197863799596"
[13] "0.979197863799596" "0.979197863799596" "0.979197863799596"
[16] "0.979197863799596" "0.979197863799596" "0.979197863799596"
[19] "0.979197863799596" "0.979197863799596" "0.979197863799596"
[22] "0.979197863799596" "0.979197863799596" "0.979197863799596"
[25] "0.979197863799596" "0.979197863799596" "0.979197863799596"
[28] "0.979197863799596" "0.979197863799596" "0.979197863799596"
[31] "0.979197863799596" "0.469046621671713" "0.469046621671713"
[34] "0.469046621671713" "0.469046621671713" "0.469046621671713"
[37] "0.469046621671713" "0.469046621671713" "0.469046621671713"
[40] "0.469046621671713" "0.469046621671713" "beta :"           
[43] "1"                
[1] " old Likelihood:  -7610648.52719775"
[1] "New Likelihood:  -7609921.91417804"
iter:  0  f-value:  9590.257  pgrad:  0.5122911 
iter:  10  f-value:  9589.2  pgrad:  0.9366453 
iter:  20  f-value:  9589.179  pgrad:  0.9323374 
iter:  30  f-value:  9589.168  pgrad:  0.8881398 
  Unsuccessful convergence.
Time difference of 7.718717 mins
[1] "maxIt: 20"
[1] "It: 4"
 [1] "sigma:"            "0.982548493859015" "0.982548493859015"
 [4] "0.982548493859015" "0.982548493859015" "0.982548493859015"
 [7] "0.982548493859015" "0.982548493859015" "0.982548493859015"
[10] "0.982548493859015" "0.982548493859015" "0.982548493859015"
[13] "0.982548493859015" "0.982548493859015" "0.982548493859015"
[16] "0.982548493859015" "0.982548493859015" "0.982548493859015"
[19] "0.982548493859015" "0.982548493859015" "0.982548493859015"
[22] "0.982548493859015" "0.982548493859015" "0.982548493859015"
[25] "0.982548493859015" "0.982548493859015" "0.982548493859015"
[28] "0.982548493859015" "0.982548493859015" "0.982548493859015"
[31] "0.982548493859015" "0.463887064589356" "0.463887064589356"
[34] "0.463887064589356" "0.463887064589356" "0.463887064589356"
[37] "0.463887064589356" "0.463887064589356" "0.463887064589356"
[40] "0.463887064589356" "0.463887064589356" "beta :"           
[43] "1"                
[1] 7610699
[1] 7609558
[1] 7613350
 [1] "sigma:"            "0.982548493859015" "0.982548493859015"
 [4] "0.982548493859015" "0.982548493859015" "0.982548493859015"
 [7] "0.982548493859015" "0.982548493859015" "0.982548493859015"
[10] "0.982548493859015" "0.982548493859015" "0.982548493859015"
[13] "0.982548493859015" "0.982548493859015" "0.982548493859015"
[16] "0.982548493859015" "0.982548493859015" "0.982548493859015"
[19] "0.982548493859015" "0.982548493859015" "0.982548493859015"
[22] "0.982548493859015" "0.982548493859015" "0.982548493859015"
[25] "0.982548493859015" "0.982548493859015" "0.982548493859015"
[28] "0.982548493859015" "0.982548493859015" "0.982548493859015"
[31] "0.982548493859015" "0.463887064589356" "0.463887064589356"
[34] "0.463887064589356" "0.463887064589356" "0.463887064589356"
[37] "0.463887064589356" "0.463887064589356" "0.463887064589356"
[40] "0.463887064589356" "0.463887064589356" "beta :"           
[43] "1"                
[1] " old Likelihood:  -7609921.91417804"
[1] "New Likelihood:  -7609558.30349087"
iter:  0  f-value:  9488.749  pgrad:  0.5498524 
iter:  10  f-value:  9488.223  pgrad:  0.9270026 
iter:  20  f-value:  9488.212  pgrad:  0.8135248 
iter:  30  f-value:  9488.209  pgrad:  0.7162453 
  Unsuccessful convergence.
Time difference of 7.680936 mins
[1] "maxIt: 20"
[1] "It: 5"
 [1] "sigma:"            "0.984599035509259" "0.984599035509259"
 [4] "0.984599035509259" "0.984599035509259" "0.984599035509259"
 [7] "0.984599035509259" "0.984599035509259" "0.984599035509259"
[10] "0.984599035509259" "0.984599035509259" "0.984599035509259"
[13] "0.984599035509259" "0.984599035509259" "0.984599035509259"
[16] "0.984599035509259" "0.984599035509259" "0.984599035509259"
[19] "0.984599035509259" "0.984599035509259" "0.984599035509259"
[22] "0.984599035509259" "0.984599035509259" "0.984599035509259"
[25] "0.984599035509259" "0.984599035509259" "0.984599035509259"
[28] "0.984599035509259" "0.984599035509259" "0.984599035509259"
[31] "0.984599035509259" "0.460654721891284" "0.460654721891284"
[34] "0.460654721891284" "0.460654721891284" "0.460654721891284"
[37] "0.460654721891284" "0.460654721891284" "0.460654721891284"
[40] "0.460654721891284" "0.460654721891284" "beta :"           
[43] "1"                
[1] 7610629
[1] 7609362
[1] 7613459
 [1] "sigma:"            "0.984599035509259" "0.984599035509259"
 [4] "0.984599035509259" "0.984599035509259" "0.984599035509259"
 [7] "0.984599035509259" "0.984599035509259" "0.984599035509259"
[10] "0.984599035509259" "0.984599035509259" "0.984599035509259"
[13] "0.984599035509259" "0.984599035509259" "0.984599035509259"
[16] "0.984599035509259" "0.984599035509259" "0.984599035509259"
[19] "0.984599035509259" "0.984599035509259" "0.984599035509259"
[22] "0.984599035509259" "0.984599035509259" "0.984599035509259"
[25] "0.984599035509259" "0.984599035509259" "0.984599035509259"
[28] "0.984599035509259" "0.984599035509259" "0.984599035509259"
[31] "0.984599035509259" "0.435654721891284" "0.435654721891284"
[34] "0.435654721891284" "0.435654721891284" "0.435654721891284"
[37] "0.435654721891284" "0.435654721891284" "0.435654721891284"
[40] "0.435654721891284" "0.435654721891284" "beta :"           
[43] "1"                
[1] " old Likelihood:  -7609558.30349087"
[1] "New Likelihood:  -7609361.52843051"
iter:  0  f-value:  9690.782  pgrad:  0.5473837 
iter:  10  f-value:  9690.476  pgrad:  0.87083 
iter:  20  f-value:  9690.47  pgrad:  0.8685302 
iter:  30  f-value:  9690.467  pgrad:  0.8668971 
  Unsuccessful convergence.
Time difference of 8.160107 mins
[1] "maxIt: 20"
[1] "It: 6"
 [1] "sigma:"            "0.985849835500685" "0.985849835500685"
 [4] "0.985849835500685" "0.985849835500685" "0.985849835500685"
 [7] "0.985849835500685" "0.985849835500685" "0.985849835500685"
[10] "0.985849835500685" "0.985849835500685" "0.985849835500685"
[13] "0.985849835500685" "0.985849835500685" "0.985849835500685"
[16] "0.985849835500685" "0.985849835500685" "0.985849835500685"
[19] "0.985849835500685" "0.985849835500685" "0.985849835500685"
[22] "0.985849835500685" "0.985849835500685" "0.985849835500685"
[25] "0.985849835500685" "0.985849835500685" "0.985849835500685"
[28] "0.985849835500685" "0.985849835500685" "0.985849835500685"
[31] "0.985849835500685" "0.433378172004139" "0.433378172004139"
[34] "0.433378172004139" "0.433378172004139" "0.433378172004139"
[37] "0.433378172004139" "0.433378172004139" "0.433378172004139"
[40] "0.433378172004139" "0.433378172004139" "beta :"           
[43] "1"                
[1] 7610574
[1] 7609247
[1] 7613558
 [1] "sigma:"            "0.985849835500685" "0.985849835500685"
 [4] "0.985849835500685" "0.985849835500685" "0.985849835500685"
 [7] "0.985849835500685" "0.985849835500685" "0.985849835500685"
[10] "0.985849835500685" "0.985849835500685" "0.985849835500685"
[13] "0.985849835500685" "0.985849835500685" "0.985849835500685"
[16] "0.985849835500685" "0.985849835500685" "0.985849835500685"
[19] "0.985849835500685" "0.985849835500685" "0.985849835500685"
[22] "0.985849835500685" "0.985849835500685" "0.985849835500685"
[25] "0.985849835500685" "0.985849835500685" "0.985849835500685"
[28] "0.985849835500685" "0.985849835500685" "0.985849835500685"
[31] "0.985849835500685" "0.433378172004139" "0.433378172004139"
[34] "0.433378172004139" "0.433378172004139" "0.433378172004139"
[37] "0.433378172004139" "0.433378172004139" "0.433378172004139"
[40] "0.433378172004139" "0.433378172004139" "beta :"           
[43] "1"                
[1] " old Likelihood:  -7609361.52843051"
[1] "New Likelihood:  -7609246.57451697"
iter:  0  f-value:  9629.599  pgrad:  0.5590402 
iter:  10  f-value:  9629.445  pgrad:  0.8665496 
iter:  20  f-value:  9629.438  pgrad:  0.6431401 
iter:  30  f-value:  9629.436  pgrad:  0.4431968 
  Unsuccessful convergence.
Time difference of 7.703661 mins
[1] "maxIt: 20"
[1] "It: 7"
 [1] "sigma:"            "0.986619783246744" "0.986619783246744"
 [4] "0.986619783246744" "0.986619783246744" "0.986619783246744"
 [7] "0.986619783246744" "0.986619783246744" "0.986619783246744"
[10] "0.986619783246744" "0.986619783246744" "0.986619783246744"
[13] "0.986619783246744" "0.986619783246744" "0.986619783246744"
[16] "0.986619783246744" "0.986619783246744" "0.986619783246744"
[19] "0.986619783246744" "0.986619783246744" "0.986619783246744"
[22] "0.986619783246744" "0.986619783246744" "0.986619783246744"
[25] "0.986619783246744" "0.986619783246744" "0.986619783246744"
[28] "0.986619783246744" "0.986619783246744" "0.986619783246744"
[31] "0.986619783246744" "0.431107393516777" "0.431107393516777"
[34] "0.431107393516777" "0.431107393516777" "0.431107393516777"
[37] "0.431107393516777" "0.431107393516777" "0.431107393516777"
[40] "0.431107393516777" "0.431107393516777" "beta :"           
[43] "1"                
[1] 7610617
[1] 7609177
[1] 7613648
 [1] "sigma:"            "0.986619783246744" "0.986619783246744"
 [4] "0.986619783246744" "0.986619783246744" "0.986619783246744"
 [7] "0.986619783246744" "0.986619783246744" "0.986619783246744"
[10] "0.986619783246744" "0.986619783246744" "0.986619783246744"
[13] "0.986619783246744" "0.986619783246744" "0.986619783246744"
[16] "0.986619783246744" "0.986619783246744" "0.986619783246744"
[19] "0.986619783246744" "0.986619783246744" "0.986619783246744"
[22] "0.986619783246744" "0.986619783246744" "0.986619783246744"
[25] "0.986619783246744" "0.986619783246744" "0.986619783246744"
[28] "0.986619783246744" "0.986619783246744" "0.986619783246744"
[31] "0.986619783246744" "0.406107393516777" "0.406107393516777"
[34] "0.406107393516777" "0.406107393516777" "0.406107393516777"
[37] "0.406107393516777" "0.406107393516777" "0.406107393516777"
[40] "0.406107393516777" "0.406107393516777" "beta :"           
[43] "1"                
[1] " old Likelihood:  -7609246.57451697"
[1] "New Likelihood:  -7609177.48593565"
iter:  0  f-value:  9854.374  pgrad:  0.5577042 
iter:  10  f-value:  9854.259  pgrad:  0.8121642 
iter:  20  f-value:  9854.255  pgrad:  0.797445 
iter:  30  f-value:  9854.253  pgrad:  0.9941938 
  Unsuccessful convergence.
Time difference of 8.133657 mins
[1] "maxIt: 20"
[1] "It: 8"
 [1] "sigma:"            "0.98708817519285"  "0.98708817519285" 
 [4] "0.98708817519285"  "0.98708817519285"  "0.98708817519285" 
 [7] "0.98708817519285"  "0.98708817519285"  "0.98708817519285" 
[10] "0.98708817519285"  "0.98708817519285"  "0.98708817519285" 
[13] "0.98708817519285"  "0.98708817519285"  "0.98708817519285" 
[16] "0.98708817519285"  "0.98708817519285"  "0.98708817519285" 
[19] "0.98708817519285"  "0.98708817519285"  "0.98708817519285" 
[22] "0.98708817519285"  "0.98708817519285"  "0.98708817519285" 
[25] "0.98708817519285"  "0.98708817519285"  "0.98708817519285" 
[28] "0.98708817519285"  "0.98708817519285"  "0.98708817519285" 
[31] "0.98708817519285"  "0.403683190528517" "0.403683190528517"
[34] "0.403683190528517" "0.403683190528517" "0.403683190528517"
[37] "0.403683190528517" "0.403683190528517" "0.403683190528517"
[40] "0.403683190528517" "0.403683190528517" "beta :"           
[43] "1"                
[1] 7610620
[1] 7609130
[1] 7613698
 [1] "sigma:"            "0.98708817519285"  "0.98708817519285" 
 [4] "0.98708817519285"  "0.98708817519285"  "0.98708817519285" 
 [7] "0.98708817519285"  "0.98708817519285"  "0.98708817519285" 
[10] "0.98708817519285"  "0.98708817519285"  "0.98708817519285" 
[13] "0.98708817519285"  "0.98708817519285"  "0.98708817519285" 
[16] "0.98708817519285"  "0.98708817519285"  "0.98708817519285" 
[19] "0.98708817519285"  "0.98708817519285"  "0.98708817519285" 
[22] "0.98708817519285"  "0.98708817519285"  "0.98708817519285" 
[25] "0.98708817519285"  "0.98708817519285"  "0.98708817519285" 
[28] "0.98708817519285"  "0.98708817519285"  "0.98708817519285" 
[31] "0.98708817519285"  "0.403683190528517" "0.403683190528517"
[34] "0.403683190528517" "0.403683190528517" "0.403683190528517"
[37] "0.403683190528517" "0.403683190528517" "0.403683190528517"
[40] "0.403683190528517" "0.403683190528517" "beta :"           
[43] "1"                
[1] " old Likelihood:  -7609177.48593565"
[1] "New Likelihood:  -7609130.1559533"
iter:  0  f-value:  9818.565  pgrad:  0.5562362 
iter:  10  f-value:  9818.506  pgrad:  0.5471884 
iter:  20  f-value:  9818.504  pgrad:  0.4924572 
iter:  30  f-value:  9818.504  pgrad:  0.1876651 
  Unsuccessful convergence.
Time difference of 7.705659 mins
[1] "maxIt: 20"
[1] "It: 9"
 [1] "sigma:"            "0.987357284807557" "0.987357284807557"
 [4] "0.987357284807557" "0.987357284807557" "0.987357284807557"
 [7] "0.987357284807557" "0.987357284807557" "0.987357284807557"
[10] "0.987357284807557" "0.987357284807557" "0.987357284807557"
[13] "0.987357284807557" "0.987357284807557" "0.987357284807557"
[16] "0.987357284807557" "0.987357284807557" "0.987357284807557"
[19] "0.987357284807557" "0.987357284807557" "0.987357284807557"
[22] "0.987357284807557" "0.987357284807557" "0.987357284807557"
[25] "0.987357284807557" "0.987357284807557" "0.987357284807557"
[28] "0.987357284807557" "0.987357284807557" "0.987357284807557"
[31] "0.987357284807557" "0.40293307398608"  "0.40293307398608" 
[34] "0.40293307398608"  "0.40293307398608"  "0.40293307398608" 
[37] "0.40293307398608"  "0.40293307398608"  "0.40293307398608" 
[40] "0.40293307398608"  "0.40293307398608"  "beta :"           
[43] "1"                
[1] 7610629
[1] 7609101
[1] 7613710
 [1] "sigma:"            "0.987357284807557" "0.987357284807557"
 [4] "0.987357284807557" "0.987357284807557" "0.987357284807557"
 [7] "0.987357284807557" "0.987357284807557" "0.987357284807557"
[10] "0.987357284807557" "0.987357284807557" "0.987357284807557"
[13] "0.987357284807557" "0.987357284807557" "0.987357284807557"
[16] "0.987357284807557" "0.987357284807557" "0.987357284807557"
[19] "0.987357284807557" "0.987357284807557" "0.987357284807557"
[22] "0.987357284807557" "0.987357284807557" "0.987357284807557"
[25] "0.987357284807557" "0.987357284807557" "0.987357284807557"
[28] "0.987357284807557" "0.987357284807557" "0.987357284807557"
[31] "0.987357284807557" "0.40293307398608"  "0.40293307398608" 
[34] "0.40293307398608"  "0.40293307398608"  "0.40293307398608" 
[37] "0.40293307398608"  "0.40293307398608"  "0.40293307398608" 
[40] "0.40293307398608"  "0.40293307398608"  "beta :"           
[43] "1"                
[1] " old Likelihood:  -7609130.1559533"
[1] "New Likelihood:  -7609100.59624275"
iter:  0  f-value:  9794.049  pgrad:  0.5552881 
iter:  10  f-value:  9794.014  pgrad:  0.4240812 
iter:  20  f-value:  9794.013  pgrad:  0.4810877 
iter:  30  f-value:  9794.013  pgrad:  0.1736043 
  Unsuccessful convergence.
Time difference of 7.703573 mins
[1] "maxIt: 20"
[1] "It: 10"
 [1] "sigma:"            "0.987524639301878" "0.987524639301878"
 [4] "0.987524639301878" "0.987524639301878" "0.987524639301878"
 [7] "0.987524639301878" "0.987524639301878" "0.987524639301878"
[10] "0.987524639301878" "0.987524639301878" "0.987524639301878"
[13] "0.987524639301878" "0.987524639301878" "0.987524639301878"
[16] "0.987524639301878" "0.987524639301878" "0.987524639301878"
[19] "0.987524639301878" "0.987524639301878" "0.987524639301878"
[22] "0.987524639301878" "0.987524639301878" "0.987524639301878"
[25] "0.987524639301878" "0.987524639301878" "0.987524639301878"
[28] "0.987524639301878" "0.987524639301878" "0.987524639301878"
[31] "0.987524639301878" "0.402754447575346" "0.402754447575346"
[34] "0.402754447575346" "0.402754447575346" "0.402754447575346"
[37] "0.402754447575346" "0.402754447575346" "0.402754447575346"
[40] "0.402754447575346" "0.402754447575346" "beta :"           
[43] "1"                
[1] 7610633
[1] 7609079
[1] 7613707
 [1] "sigma:"            "0.987524639301878" "0.987524639301878"
 [4] "0.987524639301878" "0.987524639301878" "0.987524639301878"
 [7] "0.987524639301878" "0.987524639301878" "0.987524639301878"
[10] "0.987524639301878" "0.987524639301878" "0.987524639301878"
[13] "0.987524639301878" "0.987524639301878" "0.987524639301878"
[16] "0.987524639301878" "0.987524639301878" "0.987524639301878"
[19] "0.987524639301878" "0.987524639301878" "0.987524639301878"
[22] "0.987524639301878" "0.987524639301878" "0.987524639301878"
[25] "0.987524639301878" "0.987524639301878" "0.987524639301878"
[28] "0.987524639301878" "0.987524639301878" "0.987524639301878"
[31] "0.987524639301878" "0.402754447575346" "0.402754447575346"
[34] "0.402754447575346" "0.402754447575346" "0.402754447575346"
[37] "0.402754447575346" "0.402754447575346" "0.402754447575346"
[40] "0.402754447575346" "0.402754447575346" "beta :"           
[43] "1"                
[1] " old Likelihood:  -7609100.59624275"
[1] "New Likelihood:  -7609078.93140071"
iter:  0  f-value:  9776.252  pgrad:  0.5543455 
iter:  10  f-value:  9776.228  pgrad:  0.4220905 
iter:  20  f-value:  9776.228  pgrad:  0.4149297 
iter:  30  f-value:  9776.227  pgrad:  0.1437729 
  Unsuccessful convergence.
Time difference of 7.698135 mins
[1] "maxIt: 20"
[1] "It: 11"
 [1] "sigma:"            "0.987633917370276" "0.987633917370276"
 [4] "0.987633917370276" "0.987633917370276" "0.987633917370276"
 [7] "0.987633917370276" "0.987633917370276" "0.987633917370276"
[10] "0.987633917370276" "0.987633917370276" "0.987633917370276"
[13] "0.987633917370276" "0.987633917370276" "0.987633917370276"
[16] "0.987633917370276" "0.987633917370276" "0.987633917370276"
[19] "0.987633917370276" "0.987633917370276" "0.987633917370276"
[22] "0.987633917370276" "0.987633917370276" "0.987633917370276"
[25] "0.987633917370276" "0.987633917370276" "0.987633917370276"
[28] "0.987633917370276" "0.987633917370276" "0.987633917370276"
[31] "0.987633917370276" "0.40272727367089"  "0.40272727367089" 
[34] "0.40272727367089"  "0.40272727367089"  "0.40272727367089" 
[37] "0.40272727367089"  "0.40272727367089"  "0.40272727367089" 
[40] "0.40272727367089"  "0.40272727367089"  "beta :"           
[43] "1"                
[1] 7610634
[1] 7609062
[1] 7613698
 [1] "sigma:"            "0.987633917370276" "0.987633917370276"
 [4] "0.987633917370276" "0.987633917370276" "0.987633917370276"
 [7] "0.987633917370276" "0.987633917370276" "0.987633917370276"
[10] "0.987633917370276" "0.987633917370276" "0.987633917370276"
[13] "0.987633917370276" "0.987633917370276" "0.987633917370276"
[16] "0.987633917370276" "0.987633917370276" "0.987633917370276"
[19] "0.987633917370276" "0.987633917370276" "0.987633917370276"
[22] "0.987633917370276" "0.987633917370276" "0.987633917370276"
[25] "0.987633917370276" "0.987633917370276" "0.987633917370276"
[28] "0.987633917370276" "0.987633917370276" "0.987633917370276"
[31] "0.987633917370276" "0.40272727367089"  "0.40272727367089" 
[34] "0.40272727367089"  "0.40272727367089"  "0.40272727367089" 
[37] "0.40272727367089"  "0.40272727367089"  "0.40272727367089" 
[40] "0.40272727367089"  "0.40272727367089"  "beta :"           
[43] "1"                
[1] " old Likelihood:  -7609078.93140071"
[1] "New Likelihood:  -7609062.47035336"
iter:  0  f-value:  9762.942  pgrad:  0.5535216 
iter:  10  f-value:  9762.925  pgrad:  0.4206253 
iter:  20  f-value:  9762.925  pgrad:  0.1408625 
iter:  30  f-value:  9762.925  pgrad:  0.1235458 
  Unsuccessful convergence.
Time difference of 7.702583 mins
[1] "maxIt: 20"
[1] "It: 12"
 [1] "sigma:"            "0.987705808642533" "0.987705808642533"
 [4] "0.987705808642533" "0.987705808642533" "0.987705808642533"
 [7] "0.987705808642533" "0.987705808642533" "0.987705808642533"
[10] "0.987705808642533" "0.987705808642533" "0.987705808642533"
[13] "0.987705808642533" "0.987705808642533" "0.987705808642533"
[16] "0.987705808642533" "0.987705808642533" "0.987705808642533"
[19] "0.987705808642533" "0.987705808642533" "0.987705808642533"
[22] "0.987705808642533" "0.987705808642533" "0.987705808642533"
[25] "0.987705808642533" "0.987705808642533" "0.987705808642533"
[28] "0.987705808642533" "0.987705808642533" "0.987705808642533"
[31] "0.987705808642533" "0.402829776630369" "0.402829776630369"
[34] "0.402829776630369" "0.402829776630369" "0.402829776630369"
[37] "0.402829776630369" "0.402829776630369" "0.402829776630369"
[40] "0.402829776630369" "0.402829776630369" "beta :"           
[43] "1"                
[1] 7610632
[1] 7609049
[1] 7613684
 [1] "sigma:"            "0.987705808642533" "0.987705808642533"
 [4] "0.987705808642533" "0.987705808642533" "0.987705808642533"
 [7] "0.987705808642533" "0.987705808642533" "0.987705808642533"
[10] "0.987705808642533" "0.987705808642533" "0.987705808642533"
[13] "0.987705808642533" "0.987705808642533" "0.987705808642533"
[16] "0.987705808642533" "0.987705808642533" "0.987705808642533"
[19] "0.987705808642533" "0.987705808642533" "0.987705808642533"
[22] "0.987705808642533" "0.987705808642533" "0.987705808642533"
[25] "0.987705808642533" "0.987705808642533" "0.987705808642533"
[28] "0.987705808642533" "0.987705808642533" "0.987705808642533"
[31] "0.987705808642533" "0.402829776630369" "0.402829776630369"
[34] "0.402829776630369" "0.402829776630369" "0.402829776630369"
[37] "0.402829776630369" "0.402829776630369" "0.402829776630369"
[40] "0.402829776630369" "0.402829776630369" "beta :"           
[43] "1"                
[1] " old Likelihood:  -7609062.47035336"
[1] "New Likelihood:  -7609048.96624708"
iter:  0  f-value:  9751.968  pgrad:  0.4982285 
iter:  10  f-value:  9751.956  pgrad:  0.2968409 
iter:  20  f-value:  9751.955  pgrad:  0.1258741 
iter:  30  f-value:  9751.955  pgrad:  0.1170338 
  Unsuccessful convergence.
Time difference of 7.693329 mins
[1] "maxIt: 20"
[1] "It: 13"
 [1] "sigma:"            "0.987753873064873" "0.987753873064873"
 [4] "0.987753873064873" "0.987753873064873" "0.987753873064873"
 [7] "0.987753873064873" "0.987753873064873" "0.987753873064873"
[10] "0.987753873064873" "0.987753873064873" "0.987753873064873"
[13] "0.987753873064873" "0.987753873064873" "0.987753873064873"
[16] "0.987753873064873" "0.987753873064873" "0.987753873064873"
[19] "0.987753873064873" "0.987753873064873" "0.987753873064873"
[22] "0.987753873064873" "0.987753873064873" "0.987753873064873"
[25] "0.987753873064873" "0.987753873064873" "0.987753873064873"
[28] "0.987753873064873" "0.987753873064873" "0.987753873064873"
[31] "0.987753873064873" "0.402957751836381" "0.402957751836381"
[34] "0.402957751836381" "0.402957751836381" "0.402957751836381"
[37] "0.402957751836381" "0.402957751836381" "0.402957751836381"
[40] "0.402957751836381" "0.402957751836381" "beta :"           
[43] "1"                
[1] 7610629
[1] 7609037
[1] 7613668
 [1] "sigma:"            "0.987753873064873" "0.987753873064873"
 [4] "0.987753873064873" "0.987753873064873" "0.987753873064873"
 [7] "0.987753873064873" "0.987753873064873" "0.987753873064873"
[10] "0.987753873064873" "0.987753873064873" "0.987753873064873"
[13] "0.987753873064873" "0.987753873064873" "0.987753873064873"
[16] "0.987753873064873" "0.987753873064873" "0.987753873064873"
[19] "0.987753873064873" "0.987753873064873" "0.987753873064873"
[22] "0.987753873064873" "0.987753873064873" "0.987753873064873"
[25] "0.987753873064873" "0.987753873064873" "0.987753873064873"
[28] "0.987753873064873" "0.987753873064873" "0.987753873064873"
[31] "0.987753873064873" "0.402957751836381" "0.402957751836381"
[34] "0.402957751836381" "0.402957751836381" "0.402957751836381"
[37] "0.402957751836381" "0.402957751836381" "0.402957751836381"
[40] "0.402957751836381" "0.402957751836381" "beta :"           
[43] "1"                
[1] " old Likelihood:  -7609048.96624708"
[1] "New Likelihood:  -7609037.33644325"
iter:  0  f-value:  9742.73  pgrad:  0.4981331 
iter:  10  f-value:  9742.72  pgrad:  0.2384331 
iter:  20  f-value:  9742.72  pgrad:  0.1157969 
iter:  30  f-value:  9742.72  pgrad:  0.1109947 
  Unsuccessful convergence.
Time difference of 7.715979 mins
[1] "maxIt: 20"
[1] "It: 14"
 [1] "sigma:"            "0.987786154135567" "0.987786154135567"
 [4] "0.987786154135567" "0.987786154135567" "0.987786154135567"
 [7] "0.987786154135567" "0.987786154135567" "0.987786154135567"
[10] "0.987786154135567" "0.987786154135567" "0.987786154135567"
[13] "0.987786154135567" "0.987786154135567" "0.987786154135567"
[16] "0.987786154135567" "0.987786154135567" "0.987786154135567"
[19] "0.987786154135567" "0.987786154135567" "0.987786154135567"
[22] "0.987786154135567" "0.987786154135567" "0.987786154135567"
[25] "0.987786154135567" "0.987786154135567" "0.987786154135567"
[28] "0.987786154135567" "0.987786154135567" "0.987786154135567"
[31] "0.987786154135567" "0.403088035118112" "0.403088035118112"
[34] "0.403088035118112" "0.403088035118112" "0.403088035118112"
[37] "0.403088035118112" "0.403088035118112" "0.403088035118112"
[40] "0.403088035118112" "0.403088035118112" "beta :"           
[43] "1"                
[1] 7610625
[1] 7609027
[1] 7613651
 [1] "sigma:"            "0.987786154135567" "0.987786154135567"
 [4] "0.987786154135567" "0.987786154135567" "0.987786154135567"
 [7] "0.987786154135567" "0.987786154135567" "0.987786154135567"
[10] "0.987786154135567" "0.987786154135567" "0.987786154135567"
[13] "0.987786154135567" "0.987786154135567" "0.987786154135567"
[16] "0.987786154135567" "0.987786154135567" "0.987786154135567"
[19] "0.987786154135567" "0.987786154135567" "0.987786154135567"
[22] "0.987786154135567" "0.987786154135567" "0.987786154135567"
[25] "0.987786154135567" "0.987786154135567" "0.987786154135567"
[28] "0.987786154135567" "0.987786154135567" "0.987786154135567"
[31] "0.987786154135567" "0.403088035118112" "0.403088035118112"
[34] "0.403088035118112" "0.403088035118112" "0.403088035118112"
[37] "0.403088035118112" "0.403088035118112" "0.403088035118112"
[40] "0.403088035118112" "0.403088035118112" "beta :"           
[43] "1"                
[1] " old Likelihood:  -7609037.33644325"
[1] "New Likelihood:  -7609027.23935197"
iter:  0  f-value:  9734.722  pgrad:  0.4980238 
iter:  10  f-value:  9734.714  pgrad:  0.1308035 
iter:  20  f-value:  9734.714  pgrad:  0.1110675 
iter:  30  f-value:  9734.713  pgrad:  0.1029184 
  Unsuccessful convergence.
Time difference of 7.713794 mins
[1] "maxIt: 20"
[1] "It: 15"
 [1] "sigma:"            "0.987807374029237" "0.987807374029237"
 [4] "0.987807374029237" "0.987807374029237" "0.987807374029237"
 [7] "0.987807374029237" "0.987807374029237" "0.987807374029237"
[10] "0.987807374029237" "0.987807374029237" "0.987807374029237"
[13] "0.987807374029237" "0.987807374029237" "0.987807374029237"
[16] "0.987807374029237" "0.987807374029237" "0.987807374029237"
[19] "0.987807374029237" "0.987807374029237" "0.987807374029237"
[22] "0.987807374029237" "0.987807374029237" "0.987807374029237"
[25] "0.987807374029237" "0.987807374029237" "0.987807374029237"
[28] "0.987807374029237" "0.987807374029237" "0.987807374029237"
[31] "0.987807374029237" "0.403218632972617" "0.403218632972617"
[34] "0.403218632972617" "0.403218632972617" "0.403218632972617"
[37] "0.403218632972617" "0.403218632972617" "0.403218632972617"
[40] "0.403218632972617" "0.403218632972617" "beta :"           
[43] "1"                
[1] 7610621
[1] 7609018
[1] 7613633
 [1] "sigma:"            "0.987807374029237" "0.987807374029237"
 [4] "0.987807374029237" "0.987807374029237" "0.987807374029237"
 [7] "0.987807374029237" "0.987807374029237" "0.987807374029237"
[10] "0.987807374029237" "0.987807374029237" "0.987807374029237"
[13] "0.987807374029237" "0.987807374029237" "0.987807374029237"
[16] "0.987807374029237" "0.987807374029237" "0.987807374029237"
[19] "0.987807374029237" "0.987807374029237" "0.987807374029237"
[22] "0.987807374029237" "0.987807374029237" "0.987807374029237"
[25] "0.987807374029237" "0.987807374029237" "0.987807374029237"
[28] "0.987807374029237" "0.987807374029237" "0.987807374029237"
[31] "0.987807374029237" "0.403218632972617" "0.403218632972617"
[34] "0.403218632972617" "0.403218632972617" "0.403218632972617"
[37] "0.403218632972617" "0.403218632972617" "0.403218632972617"
[40] "0.403218632972617" "0.403218632972617" "beta :"           
[43] "1"                
[1] " old Likelihood:  -7609027.23935197"
[1] "New Likelihood:  -7609018.38159445"
iter:  0  f-value:  9727.572  pgrad:  0.4979024 
iter:  10  f-value:  9727.565  pgrad:  0.1074659 
iter:  20  f-value:  9727.564  pgrad:  0.099717 
iter:  30  f-value:  9727.564  pgrad:  0.09622454 
  Unsuccessful convergence.
Time difference of 7.70687 mins
[1] "maxIt: 20"
[1] "It: 16"
 [1] "sigma:"            "0.987822752339936" "0.987822752339936"
 [4] "0.987822752339936" "0.987822752339936" "0.987822752339936"
 [7] "0.987822752339936" "0.987822752339936" "0.987822752339936"
[10] "0.987822752339936" "0.987822752339936" "0.987822752339936"
[13] "0.987822752339936" "0.987822752339936" "0.987822752339936"
[16] "0.987822752339936" "0.987822752339936" "0.987822752339936"
[19] "0.987822752339936" "0.987822752339936" "0.987822752339936"
[22] "0.987822752339936" "0.987822752339936" "0.987822752339936"
[25] "0.987822752339936" "0.987822752339936" "0.987822752339936"
[28] "0.987822752339936" "0.987822752339936" "0.987822752339936"
[31] "0.987822752339936" "0.403369740160762" "0.403369740160762"
[34] "0.403369740160762" "0.403369740160762" "0.403369740160762"
[37] "0.403369740160762" "0.403369740160762" "0.403369740160762"
[40] "0.403369740160762" "0.403369740160762" "beta :"           
[43] "1"                
[1] 7610617
[1] 7609011
[1] 7613616
 [1] "sigma:"            "0.987822752339936" "0.987822752339936"
 [4] "0.987822752339936" "0.987822752339936" "0.987822752339936"
 [7] "0.987822752339936" "0.987822752339936" "0.987822752339936"
[10] "0.987822752339936" "0.987822752339936" "0.987822752339936"
[13] "0.987822752339936" "0.987822752339936" "0.987822752339936"
[16] "0.987822752339936" "0.987822752339936" "0.987822752339936"
[19] "0.987822752339936" "0.987822752339936" "0.987822752339936"
[22] "0.987822752339936" "0.987822752339936" "0.987822752339936"
[25] "0.987822752339936" "0.987822752339936" "0.987822752339936"
[28] "0.987822752339936" "0.987822752339936" "0.987822752339936"
[31] "0.987822752339936" "0.403369740160762" "0.403369740160762"
[34] "0.403369740160762" "0.403369740160762" "0.403369740160762"
[37] "0.403369740160762" "0.403369740160762" "0.403369740160762"
[40] "0.403369740160762" "0.403369740160762" "beta :"           
[43] "1"                
[1] " old Likelihood:  -7609018.38159445"
[1] "New Likelihood:  -7609010.60392131"
iter:  0  f-value:  9720.821  pgrad:  0.5195777 
iter:  10  f-value:  9720.815  pgrad:  0.1008993 
iter:  20  f-value:  9720.815  pgrad:  0.09793439 
iter:  30  f-value:  9720.815  pgrad:  0.0851287 
  Unsuccessful convergence.
Time difference of 7.71021 mins
[1] "maxIt: 20"
[1] "It: 17"
 [1] "sigma:"            "0.987831006266501" "0.987831006266501"
 [4] "0.987831006266501" "0.987831006266501" "0.987831006266501"
 [7] "0.987831006266501" "0.987831006266501" "0.987831006266501"
[10] "0.987831006266501" "0.987831006266501" "0.987831006266501"
[13] "0.987831006266501" "0.987831006266501" "0.987831006266501"
[16] "0.987831006266501" "0.987831006266501" "0.987831006266501"
[19] "0.987831006266501" "0.987831006266501" "0.987831006266501"
[22] "0.987831006266501" "0.987831006266501" "0.987831006266501"
[25] "0.987831006266501" "0.987831006266501" "0.987831006266501"
[28] "0.987831006266501" "0.987831006266501" "0.987831006266501"
[31] "0.987831006266501" "0.403537272364868" "0.403537272364868"
[34] "0.403537272364868" "0.403537272364868" "0.403537272364868"
[37] "0.403537272364868" "0.403537272364868" "0.403537272364868"
[40] "0.403537272364868" "0.403537272364868" "beta :"           
[43] "1"                
[1] 7610613
[1] 7609004
[1] 7613599
 [1] "sigma:"            "0.987831006266501" "0.987831006266501"
 [4] "0.987831006266501" "0.987831006266501" "0.987831006266501"
 [7] "0.987831006266501" "0.987831006266501" "0.987831006266501"
[10] "0.987831006266501" "0.987831006266501" "0.987831006266501"
[13] "0.987831006266501" "0.987831006266501" "0.987831006266501"
[16] "0.987831006266501" "0.987831006266501" "0.987831006266501"
[19] "0.987831006266501" "0.987831006266501" "0.987831006266501"
[22] "0.987831006266501" "0.987831006266501" "0.987831006266501"
[25] "0.987831006266501" "0.987831006266501" "0.987831006266501"
[28] "0.987831006266501" "0.987831006266501" "0.987831006266501"
[31] "0.987831006266501" "0.403537272364868" "0.403537272364868"
[34] "0.403537272364868" "0.403537272364868" "0.403537272364868"
[37] "0.403537272364868" "0.403537272364868" "0.403537272364868"
[40] "0.403537272364868" "0.403537272364868" "beta :"           
[43] "1"                
[1] " old Likelihood:  -7609010.60392131"
[1] "New Likelihood:  -7609003.67851517"
iter:  0  f-value:  9714.505  pgrad:  0.5195259 
iter:  10  f-value:  9714.5  pgrad:  0.09302312 
iter:  20  f-value:  9714.5  pgrad:  0.09154974 
iter:  30  f-value:  9714.5  pgrad:  0.07972631 
  Unsuccessful convergence.
Time difference of 7.717031 mins
[1] "maxIt: 20"
[1] "It: 18"
 [1] "sigma:"            "0.987836378787535" "0.987836378787535"
 [4] "0.987836378787535" "0.987836378787535" "0.987836378787535"
 [7] "0.987836378787535" "0.987836378787535" "0.987836378787535"
[10] "0.987836378787535" "0.987836378787535" "0.987836378787535"
[13] "0.987836378787535" "0.987836378787535" "0.987836378787535"
[16] "0.987836378787535" "0.987836378787535" "0.987836378787535"
[19] "0.987836378787535" "0.987836378787535" "0.987836378787535"
[22] "0.987836378787535" "0.987836378787535" "0.987836378787535"
[25] "0.987836378787535" "0.987836378787535" "0.987836378787535"
[28] "0.987836378787535" "0.987836378787535" "0.987836378787535"
[31] "0.987836378787535" "0.403691702913645" "0.403691702913645"
[34] "0.403691702913645" "0.403691702913645" "0.403691702913645"
[37] "0.403691702913645" "0.403691702913645" "0.403691702913645"
[40] "0.403691702913645" "0.403691702913645" "beta :"           
[43] "1"                
[1] 7610609
[1] 7608997
[1] 7613583
 [1] "sigma:"            "0.987836378787535" "0.987836378787535"
 [4] "0.987836378787535" "0.987836378787535" "0.987836378787535"
 [7] "0.987836378787535" "0.987836378787535" "0.987836378787535"
[10] "0.987836378787535" "0.987836378787535" "0.987836378787535"
[13] "0.987836378787535" "0.987836378787535" "0.987836378787535"
[16] "0.987836378787535" "0.987836378787535" "0.987836378787535"
[19] "0.987836378787535" "0.987836378787535" "0.987836378787535"
[22] "0.987836378787535" "0.987836378787535" "0.987836378787535"
[25] "0.987836378787535" "0.987836378787535" "0.987836378787535"
[28] "0.987836378787535" "0.987836378787535" "0.987836378787535"
[31] "0.987836378787535" "0.403691702913645" "0.403691702913645"
[34] "0.403691702913645" "0.403691702913645" "0.403691702913645"
[37] "0.403691702913645" "0.403691702913645" "0.403691702913645"
[40] "0.403691702913645" "0.403691702913645" "beta :"           
[43] "1"                
[1] " old Likelihood:  -7609003.67851517"
[1] "New Likelihood:  -7608997.39687844"
iter:  0  f-value:  9708.622  pgrad:  0.5194649 
iter:  10  f-value:  9708.617  pgrad:  0.08758434 
iter:  20  f-value:  9708.617  pgrad:  0.08541974 
iter:  30  f-value:  9708.617  pgrad:  0.07148628 
  Unsuccessful convergence.
Time difference of 7.691079 mins
[1] "maxIt: 20"
[1] "It: 19"
 [1] "sigma:"            "0.98783903473241"  "0.98783903473241" 
 [4] "0.98783903473241"  "0.98783903473241"  "0.98783903473241" 
 [7] "0.98783903473241"  "0.98783903473241"  "0.98783903473241" 
[10] "0.98783903473241"  "0.98783903473241"  "0.98783903473241" 
[13] "0.98783903473241"  "0.98783903473241"  "0.98783903473241" 
[16] "0.98783903473241"  "0.98783903473241"  "0.98783903473241" 
[19] "0.98783903473241"  "0.98783903473241"  "0.98783903473241" 
[22] "0.98783903473241"  "0.98783903473241"  "0.98783903473241" 
[25] "0.98783903473241"  "0.98783903473241"  "0.98783903473241" 
[28] "0.98783903473241"  "0.98783903473241"  "0.98783903473241" 
[31] "0.98783903473241"  "0.403871089836136" "0.403871089836136"
[34] "0.403871089836136" "0.403871089836136" "0.403871089836136"
[37] "0.403871089836136" "0.403871089836136" "0.403871089836136"
[40] "0.403871089836136" "0.403871089836136" "beta :"           
[43] "1"                
[1] 7610605
[1] 7608992
[1] 7613568
 [1] "sigma:"            "0.98783903473241"  "0.98783903473241" 
 [4] "0.98783903473241"  "0.98783903473241"  "0.98783903473241" 
 [7] "0.98783903473241"  "0.98783903473241"  "0.98783903473241" 
[10] "0.98783903473241"  "0.98783903473241"  "0.98783903473241" 
[13] "0.98783903473241"  "0.98783903473241"  "0.98783903473241" 
[16] "0.98783903473241"  "0.98783903473241"  "0.98783903473241" 
[19] "0.98783903473241"  "0.98783903473241"  "0.98783903473241" 
[22] "0.98783903473241"  "0.98783903473241"  "0.98783903473241" 
[25] "0.98783903473241"  "0.98783903473241"  "0.98783903473241" 
[28] "0.98783903473241"  "0.98783903473241"  "0.98783903473241" 
[31] "0.98783903473241"  "0.403871089836136" "0.403871089836136"
[34] "0.403871089836136" "0.403871089836136" "0.403871089836136"
[37] "0.403871089836136" "0.403871089836136" "0.403871089836136"
[40] "0.403871089836136" "0.403871089836136" "beta :"           
[43] "1"                
[1] " old Likelihood:  -7608997.39687844"
[1] "New Likelihood:  -7608991.74922733"
iter:  0  f-value:  9702.889  pgrad:  0.5193962 
iter:  10  f-value:  9702.884  pgrad:  0.08139978 
iter:  20  f-value:  9702.884  pgrad:  0.07539711 
iter:  30  f-value:  9702.884  pgrad:  0.07357812 
  Unsuccessful convergence.
Time difference of 7.708186 mins
[1] "maxIt: 20"
[1] "It: 20"
 [1] "sigma:"            "0.987840427166221" "0.987840427166221"
 [4] "0.987840427166221" "0.987840427166221" "0.987840427166221"
 [7] "0.987840427166221" "0.987840427166221" "0.987840427166221"
[10] "0.987840427166221" "0.987840427166221" "0.987840427166221"
[13] "0.987840427166221" "0.987840427166221" "0.987840427166221"
[16] "0.987840427166221" "0.987840427166221" "0.987840427166221"
[19] "0.987840427166221" "0.987840427166221" "0.987840427166221"
[22] "0.987840427166221" "0.987840427166221" "0.987840427166221"
[25] "0.987840427166221" "0.987840427166221" "0.987840427166221"
[28] "0.987840427166221" "0.987840427166221" "0.987840427166221"
[31] "0.987840427166221" "0.403997066323464" "0.403997066323464"
[34] "0.403997066323464" "0.403997066323464" "0.403997066323464"
[37] "0.403997066323464" "0.403997066323464" "0.403997066323464"
[40] "0.403997066323464" "0.403997066323464" "beta :"           
[43] "1"                
[1] 7610602
[1] 7608986
[1] 7613553
 [1] "sigma:"            "0.987840427166221" "0.987840427166221"
 [4] "0.987840427166221" "0.987840427166221" "0.987840427166221"
 [7] "0.987840427166221" "0.987840427166221" "0.987840427166221"
[10] "0.987840427166221" "0.987840427166221" "0.987840427166221"
[13] "0.987840427166221" "0.987840427166221" "0.987840427166221"
[16] "0.987840427166221" "0.987840427166221" "0.987840427166221"
[19] "0.987840427166221" "0.987840427166221" "0.987840427166221"
[22] "0.987840427166221" "0.987840427166221" "0.987840427166221"
[25] "0.987840427166221" "0.987840427166221" "0.987840427166221"
[28] "0.987840427166221" "0.987840427166221" "0.987840427166221"
[31] "0.987840427166221" "0.403997066323464" "0.403997066323464"
[34] "0.403997066323464" "0.403997066323464" "0.403997066323464"
[37] "0.403997066323464" "0.403997066323464" "0.403997066323464"
[40] "0.403997066323464" "0.403997066323464" "beta :"           
[43] "1"                
[1] " old Likelihood:  -7608991.74922733"
[1] "New Likelihood:  -7608986.47389936"
iter:  0  f-value:  9697.792  pgrad:  0.5193297 
iter:  10  f-value:  9697.788  pgrad:  0.07812559 
iter:  20  f-value:  9697.788  pgrad:  0.4763388 
iter:  30  f-value:  9697.788  pgrad:  0.0732507 
  Unsuccessful convergence.
Time difference of 7.702277 mins
 [1] "sigma:"            "0.987843546039972" "0.987843546039972"
 [4] "0.987843546039972" "0.987843546039972" "0.987843546039972"
 [7] "0.987843546039972" "0.987843546039972" "0.987843546039972"
[10] "0.987843546039972" "0.987843546039972" "0.987843546039972"
[13] "0.987843546039972" "0.987843546039972" "0.987843546039972"
[16] "0.987843546039972" "0.987843546039972" "0.987843546039972"
[19] "0.987843546039972" "0.987843546039972" "0.987843546039972"
[22] "0.987843546039972" "0.987843546039972" "0.987843546039972"
[25] "0.987843546039972" "0.987843546039972" "0.987843546039972"
[28] "0.987843546039972" "0.987843546039972" "0.987843546039972"
[31] "0.987843546039972" "0.404110848603157" "0.404110848603157"
[34] "0.404110848603157" "0.404110848603157" "0.404110848603157"
[37] "0.404110848603157" "0.404110848603157" "0.404110848603157"
[40] "0.404110848603157" "0.404110848603157" "beta :"           
[43] "1"                
[1] 1998772 1999948 1999456 1998770 1999906
[1] 1 1 1 1 1
saved RDS
inference successful
