[1] "Original length"
[1] 999807
[1] "Final length"
[1] 18228
[1] "sequence length : 999808" "sequence length : 999924"
[3] "sequence length : 999830" "sequence length : 999750"
[5] "sequence length : 998668"
[1] 1 1 1 1 1
[1] "Beta: 1"
[1] "Self: 0.5"
 [1] 0 0 0 0 0 0 0 0 0 0 0 0 0 0 0 0 0 0 0 0
[1] "maxIt: 20"
[1] "It: 1"
 [1] "sigma:" "0.5"    "0.5"    "0.5"    "0.5"    "0.5"    "0.5"    "0.5"   
 [9] "0.5"    "0.5"    "0.5"    "0.5"    "0.5"    "0.5"    "0.5"    "0.5"   
[17] "0.5"    "0.5"    "0.5"    "0"      "0"      "0"      "0"      "0"     
[25] "0"      "0"      "0"      "0"      "0"      "0"      "0"      "0"     
[33] "0"      "0"      "0"      "0"      "0"      "0"      "0"      "0"     
[41] "0"      "beta :" "1"     
[1] 7430966
[1] 7430552
[1] 7430343
[1] 7430031
[1] 7429574
[1] 7428904
[1] 7427922
[1] 7426516
[1] 7424591
[1] 7422043
[1] 7418607
[1] 7413907
[1] 7407751
[1] 7400114
[1] 7392910
[1] 7389238
[1] 7389886
[1] 7392583
[1] 7394703
[1] 7395780
[1] 7396076
 [1] "sigma:" "0.9655" "0.9655" "0.9655" "0.9655" "0.9655" "0.9655" "0.9655"
 [9] "0.9655" "0.9655" "0.9655" "0.9655" "0.9655" "0.9655" "0.9655" "0.9655"
[17] "0.9655" "0.9655" "0.9655" "0.9655" "0.9655" "0.9655" "0.9655" "0.9655"
[25] "0.9655" "0.9655" "0.9655" "0.9655" "0.9655" "0.9655" "0.9655" "0.475" 
[33] "0.475"  "0.475"  "0.475"  "0.475"  "0.475"  "0.475"  "0.475"  "0.475" 
[41] "0.475"  "beta :" "1"     
[1] "New Likelihood:  -7389237.85006619"
iter:  0  f-value:  8716.074  pgrad:  0.95 
iter:  10  f-value:  8707.525  pgrad:  0.9717044 
iter:  20  f-value:  8707.223  pgrad:  0.5066145 
iter:  30  f-value:  8706.915  pgrad:  0.5080986 
  Unsuccessful convergence.
Time difference of 32.97218 mins
[1] "maxIt: 20"
[1] "It: 2"
 [1] "sigma:"            "0.976093645920385" "0.976093645920385"
 [4] "0.976093645920385" "0.976093645920385" "0.976093645920385"
 [7] "0.976093645920385" "0.976093645920385" "0.976093645920385"
[10] "0.976093645920385" "0.976093645920385" "0.976093645920385"
[13] "0.976093645920385" "0.976093645920385" "0.976093645920385"
[16] "0.976093645920385" "0.976093645920385" "0.976093645920385"
[19] "0.976093645920385" "0.976093645920385" "0.976093645920385"
[22] "0.976093645920385" "0.976093645920385" "0.976093645920385"
[25] "0.976093645920385" "0.976093645920385" "0.976093645920385"
[28] "0.976093645920385" "0.976093645920385" "0.976093645920385"
[31] "0.976093645920385" "0.493599564424239" "0.493599564424239"
[34] "0.493599564424239" "0.493599564424239" "0.493599564424239"
[37] "0.493599564424239" "0.493599564424239" "0.493599564424239"
[40] "0.493599564424239" "0.493599564424239" "beta :"           
[43] "1"                
[1] 7389766
[1] 7385996
[1] 7387540
 [1] "sigma:"            "0.976093645920385" "0.976093645920385"
 [4] "0.976093645920385" "0.976093645920385" "0.976093645920385"
 [7] "0.976093645920385" "0.976093645920385" "0.976093645920385"
[10] "0.976093645920385" "0.976093645920385" "0.976093645920385"
[13] "0.976093645920385" "0.976093645920385" "0.976093645920385"
[16] "0.976093645920385" "0.976093645920385" "0.976093645920385"
[19] "0.976093645920385" "0.976093645920385" "0.976093645920385"
[22] "0.976093645920385" "0.976093645920385" "0.976093645920385"
[25] "0.976093645920385" "0.976093645920385" "0.976093645920385"
[28] "0.976093645920385" "0.976093645920385" "0.976093645920385"
[31] "0.976093645920385" "0.293599564424239" "0.293599564424239"
[34] "0.293599564424239" "0.293599564424239" "0.293599564424239"
[37] "0.293599564424239" "0.293599564424239" "0.293599564424239"
[40] "0.293599564424239" "0.293599564424239" "beta :"           
[43] "1"                
[1] " old Likelihood:  -7389237.85006619"
[1] "New Likelihood:  -7385995.98245084"
iter:  0  f-value:  10343.91  pgrad:  0.50697 
iter:  10  f-value:  10341.21  pgrad:  0.4995362 
iter:  20  f-value:  10341.16  pgrad:  0.4897905 
iter:  30  f-value:  10341.11  pgrad:  0.4964722 
  Unsuccessful convergence.
Time difference of 11.21146 mins
[1] "maxIt: 20"
[1] "It: 3"
 [1] "sigma:"            "0.981855679925077" "0.981855679925077"
 [4] "0.981855679925077" "0.981855679925077" "0.981855679925077"
 [7] "0.981855679925077" "0.981855679925077" "0.981855679925077"
[10] "0.981855679925077" "0.981855679925077" "0.981855679925077"
[13] "0.981855679925077" "0.981855679925077" "0.981855679925077"
[16] "0.981855679925077" "0.981855679925077" "0.981855679925077"
[19] "0.981855679925077" "0.981855679925077" "0.981855679925077"
[22] "0.981855679925077" "0.981855679925077" "0.981855679925077"
[25] "0.981855679925077" "0.981855679925077" "0.981855679925077"
[28] "0.981855679925077" "0.981855679925077" "0.981855679925077"
[31] "0.981855679925077" "0.306323907632021" "0.306323907632021"
[34] "0.306323907632021" "0.306323907632021" "0.306323907632021"
[37] "0.306323907632021" "0.306323907632021" "0.306323907632021"
[40] "0.306323907632021" "0.306323907632021" "beta :"           
[43] "1"                
[1] 7388691
[1] 7385114
[1] 7387372
 [1] "sigma:"            "0.981855679925077" "0.981855679925077"
 [4] "0.981855679925077" "0.981855679925077" "0.981855679925077"
 [7] "0.981855679925077" "0.981855679925077" "0.981855679925077"
[10] "0.981855679925077" "0.981855679925077" "0.981855679925077"
[13] "0.981855679925077" "0.981855679925077" "0.981855679925077"
[16] "0.981855679925077" "0.981855679925077" "0.981855679925077"
[19] "0.981855679925077" "0.981855679925077" "0.981855679925077"
[22] "0.981855679925077" "0.981855679925077" "0.981855679925077"
[25] "0.981855679925077" "0.981855679925077" "0.981855679925077"
[28] "0.981855679925077" "0.981855679925077" "0.981855679925077"
[31] "0.981855679925077" "0.306323907632021" "0.306323907632021"
[34] "0.306323907632021" "0.306323907632021" "0.306323907632021"
[37] "0.306323907632021" "0.306323907632021" "0.306323907632021"
[40] "0.306323907632021" "0.306323907632021" "beta :"           
[43] "1"                
[1] " old Likelihood:  -7385995.98245084"
[1] "New Likelihood:  -7385114.18903275"
iter:  0  f-value:  10128.61  pgrad:  0.50383 
iter:  10  f-value:  10127.42  pgrad:  0.5027885 
iter:  20  f-value:  10127.41  pgrad:  0.4858008 
iter:  30  f-value:  10127.38  pgrad:  0.4833842 
  Unsuccessful convergence.
Time difference of 7.932751 mins
[1] "maxIt: 20"
[1] "It: 4"
 [1] "sigma:"            "0.984896246583538" "0.984896246583538"
 [4] "0.984896246583538" "0.984896246583538" "0.984896246583538"
 [7] "0.984896246583538" "0.984896246583538" "0.984896246583538"
[10] "0.984896246583538" "0.984896246583538" "0.984896246583538"
[13] "0.984896246583538" "0.984896246583538" "0.984896246583538"
[16] "0.984896246583538" "0.984896246583538" "0.984896246583538"
[19] "0.984896246583538" "0.984896246583538" "0.984896246583538"
[22] "0.984896246583538" "0.984896246583538" "0.984896246583538"
[25] "0.984896246583538" "0.984896246583538" "0.984896246583538"
[28] "0.984896246583538" "0.984896246583538" "0.984896246583538"
[31] "0.984896246583538" "0.315504213503122" "0.315504213503122"
[34] "0.315504213503122" "0.315504213503122" "0.315504213503122"
[37] "0.315504213503122" "0.315504213503122" "0.315504213503122"
[40] "0.315504213503122" "0.315504213503122" "beta :"           
[43] "1"                
[1] 7388199
[1] 7384712
[1] 7387449
 [1] "sigma:"            "0.984896246583538" "0.984896246583538"
 [4] "0.984896246583538" "0.984896246583538" "0.984896246583538"
 [7] "0.984896246583538" "0.984896246583538" "0.984896246583538"
[10] "0.984896246583538" "0.984896246583538" "0.984896246583538"
[13] "0.984896246583538" "0.984896246583538" "0.984896246583538"
[16] "0.984896246583538" "0.984896246583538" "0.984896246583538"
[19] "0.984896246583538" "0.984896246583538" "0.984896246583538"
[22] "0.984896246583538" "0.984896246583538" "0.984896246583538"
[25] "0.984896246583538" "0.984896246583538" "0.984896246583538"
[28] "0.984896246583538" "0.984896246583538" "0.984896246583538"
[31] "0.984896246583538" "0.315504213503122" "0.315504213503122"
[34] "0.315504213503122" "0.315504213503122" "0.315504213503122"
[37] "0.315504213503122" "0.315504213503122" "0.315504213503122"
[40] "0.315504213503122" "0.315504213503122" "beta :"           
[43] "1"                
[1] " old Likelihood:  -7385114.18903275"
[1] "New Likelihood:  -7384711.94173748"
iter:  0  f-value:  9997.316  pgrad:  0.5433717 
iter:  10  f-value:  9996.764  pgrad:  0.4998824 
iter:  20  f-value:  9996.724  pgrad:  0.9931498 
iter:  30  f-value:  9996.72  pgrad:  0.4766754 
  Unsuccessful convergence.
Time difference of 7.930987 mins
[1] "maxIt: 20"
[1] "It: 5"
 [1] "sigma:"            "0.986511296693459" "0.986511296693459"
 [4] "0.986511296693459" "0.986511296693459" "0.986511296693459"
 [7] "0.986511296693459" "0.986511296693459" "0.986511296693459"
[10] "0.986511296693459" "0.986511296693459" "0.986511296693459"
[13] "0.986511296693459" "0.986511296693459" "0.986511296693459"
[16] "0.986511296693459" "0.986511296693459" "0.986511296693459"
[19] "0.986511296693459" "0.986511296693459" "0.986511296693459"
[22] "0.986511296693459" "0.986511296693459" "0.986511296693459"
[25] "0.986511296693459" "0.986511296693459" "0.986511296693459"
[28] "0.986511296693459" "0.986511296693459" "0.986511296693459"
[31] "0.986511296693459" "0.324830227386179" "0.324830227386179"
[34] "0.324830227386179" "0.324830227386179" "0.324830227386179"
[37] "0.324830227386179" "0.324830227386179" "0.324830227386179"
[40] "0.324830227386179" "0.324830227386179" "beta :"           
[43] "1"                
[1] 7387882
[1] 7384505
[1] 7387537
 [1] "sigma:"            "0.986511296693459" "0.986511296693459"
 [4] "0.986511296693459" "0.986511296693459" "0.986511296693459"
 [7] "0.986511296693459" "0.986511296693459" "0.986511296693459"
[10] "0.986511296693459" "0.986511296693459" "0.986511296693459"
[13] "0.986511296693459" "0.986511296693459" "0.986511296693459"
[16] "0.986511296693459" "0.986511296693459" "0.986511296693459"
[19] "0.986511296693459" "0.986511296693459" "0.986511296693459"
[22] "0.986511296693459" "0.986511296693459" "0.986511296693459"
[25] "0.986511296693459" "0.986511296693459" "0.986511296693459"
[28] "0.986511296693459" "0.986511296693459" "0.986511296693459"
[31] "0.986511296693459" "0.349830227386179" "0.349830227386179"
[34] "0.349830227386179" "0.349830227386179" "0.349830227386179"
[37] "0.349830227386179" "0.349830227386179" "0.349830227386179"
[40] "0.349830227386179" "0.349830227386179" "beta :"           
[43] "1"                
[1] " old Likelihood:  -7384711.94173748"
[1] "New Likelihood:  -7384505.03966989"
iter:  0  f-value:  9688.328  pgrad:  0.5412942 
iter:  10  f-value:  9688.026  pgrad:  0.4986234 
iter:  20  f-value:  9687.99  pgrad:  0.9947006 
iter:  30  f-value:  9687.984  pgrad:  0.4709225 
  Unsuccessful convergence.
Time difference of 8.399171 mins
[1] "maxIt: 20"
[1] "It: 6"
 [1] "sigma:"            "0.987375386303041" "0.987375386303041"
 [4] "0.987375386303041" "0.987375386303041" "0.987375386303041"
 [7] "0.987375386303041" "0.987375386303041" "0.987375386303041"
[10] "0.987375386303041" "0.987375386303041" "0.987375386303041"
[13] "0.987375386303041" "0.987375386303041" "0.987375386303041"
[16] "0.987375386303041" "0.987375386303041" "0.987375386303041"
[19] "0.987375386303041" "0.987375386303041" "0.987375386303041"
[22] "0.987375386303041" "0.987375386303041" "0.987375386303041"
[25] "0.987375386303041" "0.987375386303041" "0.987375386303041"
[28] "0.987375386303041" "0.987375386303041" "0.987375386303041"
[31] "0.987375386303041" "0.361636699254451" "0.361636699254451"
[34] "0.361636699254451" "0.361636699254451" "0.361636699254451"
[37] "0.361636699254451" "0.361636699254451" "0.361636699254451"
[40] "0.361636699254451" "0.361636699254451" "beta :"           
[43] "1"                
[1] 7387677
[1] 7384377
[1] 7387618
 [1] "sigma:"            "0.987375386303041" "0.987375386303041"
 [4] "0.987375386303041" "0.987375386303041" "0.987375386303041"
 [7] "0.987375386303041" "0.987375386303041" "0.987375386303041"
[10] "0.987375386303041" "0.987375386303041" "0.987375386303041"
[13] "0.987375386303041" "0.987375386303041" "0.987375386303041"
[16] "0.987375386303041" "0.987375386303041" "0.987375386303041"
[19] "0.987375386303041" "0.987375386303041" "0.987375386303041"
[22] "0.987375386303041" "0.987375386303041" "0.987375386303041"
[25] "0.987375386303041" "0.987375386303041" "0.987375386303041"
[28] "0.987375386303041" "0.987375386303041" "0.987375386303041"
[31] "0.987375386303041" "0.361636699254451" "0.361636699254451"
[34] "0.361636699254451" "0.361636699254451" "0.361636699254451"
[37] "0.361636699254451" "0.361636699254451" "0.361636699254451"
[40] "0.361636699254451" "0.361636699254451" "beta :"           
[43] "1"                
[1] " old Likelihood:  -7384505.03966989"
[1] "New Likelihood:  -7384376.71298018"
iter:  0  f-value:  9603.611  pgrad:  0.5377426 
iter:  10  f-value:  9603.445  pgrad:  0.4994174 
iter:  20  f-value:  9603.446  pgrad:  0.995725 
iter:  30  f-value:  9603.41  pgrad:  0.4599315 
  Unsuccessful convergence.
Time difference of 7.923244 mins
[1] "maxIt: 20"
[1] "It: 7"
 [1] "sigma:"            "0.987841277903506" "0.987841277903506"
 [4] "0.987841277903506" "0.987841277903506" "0.987841277903506"
 [7] "0.987841277903506" "0.987841277903506" "0.987841277903506"
[10] "0.987841277903506" "0.987841277903506" "0.987841277903506"
[13] "0.987841277903506" "0.987841277903506" "0.987841277903506"
[16] "0.987841277903506" "0.987841277903506" "0.987841277903506"
[19] "0.987841277903506" "0.987841277903506" "0.987841277903506"
[22] "0.987841277903506" "0.987841277903506" "0.987841277903506"
[25] "0.987841277903506" "0.987841277903506" "0.987841277903506"
[28] "0.987841277903506" "0.987841277903506" "0.987841277903506"
[31] "0.987841277903506" "0.371893793798294" "0.371893793798294"
[34] "0.371893793798294" "0.371893793798294" "0.371893793798294"
[37] "0.371893793798294" "0.371893793798294" "0.371893793798294"
[40] "0.371893793798294" "0.371893793798294" "beta :"           
[43] "1"                
[1] 7387476
[1] 7384298
[1] 7387652
 [1] "sigma:"            "0.987841277903506" "0.987841277903506"
 [4] "0.987841277903506" "0.987841277903506" "0.987841277903506"
 [7] "0.987841277903506" "0.987841277903506" "0.987841277903506"
[10] "0.987841277903506" "0.987841277903506" "0.987841277903506"
[13] "0.987841277903506" "0.987841277903506" "0.987841277903506"
[16] "0.987841277903506" "0.987841277903506" "0.987841277903506"
[19] "0.987841277903506" "0.987841277903506" "0.987841277903506"
[22] "0.987841277903506" "0.987841277903506" "0.987841277903506"
[25] "0.987841277903506" "0.987841277903506" "0.987841277903506"
[28] "0.987841277903506" "0.987841277903506" "0.987841277903506"
[31] "0.987841277903506" "0.396893793798294" "0.396893793798294"
[34] "0.396893793798294" "0.396893793798294" "0.396893793798294"
[37] "0.396893793798294" "0.396893793798294" "0.396893793798294"
[40] "0.396893793798294" "0.396893793798294" "beta :"           
[43] "1"                
[1] " old Likelihood:  -7384376.71298018"
[1] "New Likelihood:  -7384297.50293185"
iter:  0  f-value:  9308.978  pgrad:  0.5344181 
iter:  10  f-value:  9308.862  pgrad:  0.5006384 
iter:  20  f-value:  9308.834  pgrad:  0.3529567 
iter:  30  f-value:  9308.828  pgrad:  0.3765672 
  Unsuccessful convergence.
Time difference of 8.433326 mins
[1] "maxIt: 20"
[1] "It: 8"
 [1] "sigma:"            "0.988115204043437" "0.988115204043437"
 [4] "0.988115204043437" "0.988115204043437" "0.988115204043437"
 [7] "0.988115204043437" "0.988115204043437" "0.988115204043437"
[10] "0.988115204043437" "0.988115204043437" "0.988115204043437"
[13] "0.988115204043437" "0.988115204043437" "0.988115204043437"
[16] "0.988115204043437" "0.988115204043437" "0.988115204043437"
[19] "0.988115204043437" "0.988115204043437" "0.988115204043437"
[22] "0.988115204043437" "0.988115204043437" "0.988115204043437"
[25] "0.988115204043437" "0.988115204043437" "0.988115204043437"
[28] "0.988115204043437" "0.988115204043437" "0.988115204043437"
[31] "0.988115204043437" "0.405007332586696" "0.405007332586696"
[34] "0.405007332586696" "0.405007332586696" "0.405007332586696"
[37] "0.405007332586696" "0.405007332586696" "0.405007332586696"
[40] "0.405007332586696" "0.405007332586696" "beta :"           
[43] "1"                
[1] 7387361
[1] 7384241
[1] 7387695
 [1] "sigma:"            "0.988115204043437" "0.988115204043437"
 [4] "0.988115204043437" "0.988115204043437" "0.988115204043437"
 [7] "0.988115204043437" "0.988115204043437" "0.988115204043437"
[10] "0.988115204043437" "0.988115204043437" "0.988115204043437"
[13] "0.988115204043437" "0.988115204043437" "0.988115204043437"
[16] "0.988115204043437" "0.988115204043437" "0.988115204043437"
[19] "0.988115204043437" "0.988115204043437" "0.988115204043437"
[22] "0.988115204043437" "0.988115204043437" "0.988115204043437"
[25] "0.988115204043437" "0.988115204043437" "0.988115204043437"
[28] "0.988115204043437" "0.988115204043437" "0.988115204043437"
[31] "0.988115204043437" "0.405007332586696" "0.405007332586696"
[34] "0.405007332586696" "0.405007332586696" "0.405007332586696"
[37] "0.405007332586696" "0.405007332586696" "0.405007332586696"
[40] "0.405007332586696" "0.405007332586696" "beta :"           
[43] "1"                
[1] " old Likelihood:  -7384297.50293185"
[1] "New Likelihood:  -7384241.03267394"
iter:  0  f-value:  9261.086  pgrad:  0.5317614 
iter:  10  f-value:  9261.021  pgrad:  0.5740731 
iter:  20  f-value:  9261.006  pgrad:  0.2897286 
iter:  30  f-value:  9261  pgrad:  0.2479283 
  Unsuccessful convergence.
Time difference of 7.965001 mins
[1] "maxIt: 20"
[1] "It: 9"
 [1] "sigma:"            "0.988281294270909" "0.988281294270909"
 [4] "0.988281294270909" "0.988281294270909" "0.988281294270909"
 [7] "0.988281294270909" "0.988281294270909" "0.988281294270909"
[10] "0.988281294270909" "0.988281294270909" "0.988281294270909"
[13] "0.988281294270909" "0.988281294270909" "0.988281294270909"
[16] "0.988281294270909" "0.988281294270909" "0.988281294270909"
[19] "0.988281294270909" "0.988281294270909" "0.988281294270909"
[22] "0.988281294270909" "0.988281294270909" "0.988281294270909"
[25] "0.988281294270909" "0.988281294270909" "0.988281294270909"
[28] "0.988281294270909" "0.988281294270909" "0.988281294270909"
[31] "0.988281294270909" "0.410815007584643" "0.410815007584643"
[34] "0.410815007584643" "0.410815007584643" "0.410815007584643"
[37] "0.410815007584643" "0.410815007584643" "0.410815007584643"
[40] "0.410815007584643" "0.410815007584643" "beta :"           
[43] "1"                
[1] 7387213
[1] 7384205
[1] 7387697
 [1] "sigma:"            "0.988281294270909" "0.988281294270909"
 [4] "0.988281294270909" "0.988281294270909" "0.988281294270909"
 [7] "0.988281294270909" "0.988281294270909" "0.988281294270909"
[10] "0.988281294270909" "0.988281294270909" "0.988281294270909"
[13] "0.988281294270909" "0.988281294270909" "0.988281294270909"
[16] "0.988281294270909" "0.988281294270909" "0.988281294270909"
[19] "0.988281294270909" "0.988281294270909" "0.988281294270909"
[22] "0.988281294270909" "0.988281294270909" "0.988281294270909"
[25] "0.988281294270909" "0.988281294270909" "0.988281294270909"
[28] "0.988281294270909" "0.988281294270909" "0.988281294270909"
[31] "0.988281294270909" "0.435815007584643" "0.435815007584643"
[34] "0.435815007584643" "0.435815007584643" "0.435815007584643"
[37] "0.435815007584643" "0.435815007584643" "0.435815007584643"
[40] "0.435815007584643" "0.435815007584643" "beta :"           
[43] "1"                
[1] " old Likelihood:  -7384241.03267394"
[1] "New Likelihood:  -7384204.99141711"
iter:  0  f-value:  8993.267  pgrad:  0.5298327 
iter:  10  f-value:  8993.207  pgrad:  0.3011155 
iter:  20  f-value:  8993.181  pgrad:  0.1898115 
iter:  30  f-value:  8993.18  pgrad:  0.1648914 
  Unsuccessful convergence.
Time difference of 8.430446 mins
[1] "maxIt: 20"
[1] "It: 10"
 [1] "sigma:"            "0.988373461046912" "0.988373461046912"
 [4] "0.988373461046912" "0.988373461046912" "0.988373461046912"
 [7] "0.988373461046912" "0.988373461046912" "0.988373461046912"
[10] "0.988373461046912" "0.988373461046912" "0.988373461046912"
[13] "0.988373461046912" "0.988373461046912" "0.988373461046912"
[16] "0.988373461046912" "0.988373461046912" "0.988373461046912"
[19] "0.988373461046912" "0.988373461046912" "0.988373461046912"
[22] "0.988373461046912" "0.988373461046912" "0.988373461046912"
[25] "0.988373461046912" "0.988373461046912" "0.988373461046912"
[28] "0.988373461046912" "0.988373461046912" "0.988373461046912"
[31] "0.988373461046912" "0.443205535452233" "0.443205535452233"
[34] "0.443205535452233" "0.443205535452233" "0.443205535452233"
[37] "0.443205535452233" "0.443205535452233" "0.443205535452233"
[40] "0.443205535452233" "0.443205535452233" "beta :"           
[43] "1"                
[1] 7387115
[1] 7384171
[1] 7387714
 [1] "sigma:"            "0.988373461046912" "0.988373461046912"
 [4] "0.988373461046912" "0.988373461046912" "0.988373461046912"
 [7] "0.988373461046912" "0.988373461046912" "0.988373461046912"
[10] "0.988373461046912" "0.988373461046912" "0.988373461046912"
[13] "0.988373461046912" "0.988373461046912" "0.988373461046912"
[16] "0.988373461046912" "0.988373461046912" "0.988373461046912"
[19] "0.988373461046912" "0.988373461046912" "0.988373461046912"
[22] "0.988373461046912" "0.988373461046912" "0.988373461046912"
[25] "0.988373461046912" "0.988373461046912" "0.988373461046912"
[28] "0.988373461046912" "0.988373461046912" "0.988373461046912"
[31] "0.988373461046912" "0.443205535452233" "0.443205535452233"
[34] "0.443205535452233" "0.443205535452233" "0.443205535452233"
[37] "0.443205535452233" "0.443205535452233" "0.443205535452233"
[40] "0.443205535452233" "0.443205535452233" "beta :"           
[43] "1"                
[1] " old Likelihood:  -7384204.99141711"
[1] "New Likelihood:  -7384170.59629873"
iter:  0  f-value:  8954.419  pgrad:  0.4981964 
iter:  10  f-value:  8954.388  pgrad:  0.398577 
iter:  20  f-value:  8954.374  pgrad:  0.5127336 
iter:  30  f-value:  8954.373  pgrad:  0.1917215 
  Unsuccessful convergence.
Time difference of 7.947585 mins
[1] "maxIt: 20"
[1] "It: 11"
 [1] "sigma:"            "0.988434720245463" "0.988434720245463"
 [4] "0.988434720245463" "0.988434720245463" "0.988434720245463"
 [7] "0.988434720245463" "0.988434720245463" "0.988434720245463"
[10] "0.988434720245463" "0.988434720245463" "0.988434720245463"
[13] "0.988434720245463" "0.988434720245463" "0.988434720245463"
[16] "0.988434720245463" "0.988434720245463" "0.988434720245463"
[19] "0.988434720245463" "0.988434720245463" "0.988434720245463"
[22] "0.988434720245463" "0.988434720245463" "0.988434720245463"
[25] "0.988434720245463" "0.988434720245463" "0.988434720245463"
[28] "0.988434720245463" "0.988434720245463" "0.988434720245463"
[31] "0.988434720245463" "0.448510872760509" "0.448510872760509"
[34] "0.448510872760509" "0.448510872760509" "0.448510872760509"
[37] "0.448510872760509" "0.448510872760509" "0.448510872760509"
[40] "0.448510872760509" "0.448510872760509" "beta :"           
[43] "1"                
[1] 7386971
[1] 7384150
[1] 7387696
 [1] "sigma:"            "0.988434720245463" "0.988434720245463"
 [4] "0.988434720245463" "0.988434720245463" "0.988434720245463"
 [7] "0.988434720245463" "0.988434720245463" "0.988434720245463"
[10] "0.988434720245463" "0.988434720245463" "0.988434720245463"
[13] "0.988434720245463" "0.988434720245463" "0.988434720245463"
[16] "0.988434720245463" "0.988434720245463" "0.988434720245463"
[19] "0.988434720245463" "0.988434720245463" "0.988434720245463"
[22] "0.988434720245463" "0.988434720245463" "0.988434720245463"
[25] "0.988434720245463" "0.988434720245463" "0.988434720245463"
[28] "0.988434720245463" "0.988434720245463" "0.988434720245463"
[31] "0.988434720245463" "0.473510872760509" "0.473510872760509"
[34] "0.473510872760509" "0.473510872760509" "0.473510872760509"
[37] "0.473510872760509" "0.473510872760509" "0.473510872760509"
[40] "0.473510872760509" "0.473510872760509" "beta :"           
[43] "1"                
[1] " old Likelihood:  -7384170.59629873"
[1] "New Likelihood:  -7384149.75028481"
iter:  0  f-value:  8681.699  pgrad:  0.5083394 
iter:  10  f-value:  8681.66  pgrad:  0.2182423 
iter:  20  f-value:  8681.643  pgrad:  0.9969256 
iter:  30  f-value:  8681.643  pgrad:  0.07996277 
  Unsuccessful convergence.
Time difference of 8.411161 mins
[1] "maxIt: 20"
[1] "It: 12"
 [1] "sigma:"            "0.988480040519637" "0.988480040519637"
 [4] "0.988480040519637" "0.988480040519637" "0.988480040519637"
 [7] "0.988480040519637" "0.988480040519637" "0.988480040519637"
[10] "0.988480040519637" "0.988480040519637" "0.988480040519637"
[13] "0.988480040519637" "0.988480040519637" "0.988480040519637"
[16] "0.988480040519637" "0.988480040519637" "0.988480040519637"
[19] "0.988480040519637" "0.988480040519637" "0.988480040519637"
[22] "0.988480040519637" "0.988480040519637" "0.988480040519637"
[25] "0.988480040519637" "0.988480040519637" "0.988480040519637"
[28] "0.988480040519637" "0.988480040519637" "0.988480040519637"
[31] "0.988480040519637" "0.479175002653992" "0.479175002653992"
[34] "0.479175002653992" "0.479175002653992" "0.479175002653992"
[37] "0.479175002653992" "0.479175002653992" "0.479175002653992"
[40] "0.479175002653992" "0.479175002653992" "beta :"           
[43] "1"                
[1] 7386889
[1] 7384127
[1] 7387702
 [1] "sigma:"            "0.988480040519637" "0.988480040519637"
 [4] "0.988480040519637" "0.988480040519637" "0.988480040519637"
 [7] "0.988480040519637" "0.988480040519637" "0.988480040519637"
[10] "0.988480040519637" "0.988480040519637" "0.988480040519637"
[13] "0.988480040519637" "0.988480040519637" "0.988480040519637"
[16] "0.988480040519637" "0.988480040519637" "0.988480040519637"
[19] "0.988480040519637" "0.988480040519637" "0.988480040519637"
[22] "0.988480040519637" "0.988480040519637" "0.988480040519637"
[25] "0.988480040519637" "0.988480040519637" "0.988480040519637"
[28] "0.988480040519637" "0.988480040519637" "0.988480040519637"
[31] "0.988480040519637" "0.479175002653992" "0.479175002653992"
[34] "0.479175002653992" "0.479175002653992" "0.479175002653992"
[37] "0.479175002653992" "0.479175002653992" "0.479175002653992"
[40] "0.479175002653992" "0.479175002653992" "beta :"           
[43] "1"                
[1] " old Likelihood:  -7384149.75028481"
[1] "New Likelihood:  -7384127.05592475"
iter:  0  f-value:  8653.831  pgrad:  0.4968314 
iter:  10  f-value:  8653.815  pgrad:  0.2536035 
iter:  20  f-value:  8653.806  pgrad:  0.9970531 
iter:  30  f-value:  8653.805  pgrad:  0.1097033 
  Unsuccessful convergence.
Time difference of 7.46668 mins
[1] "maxIt: 20"
[1] "It: 13"
 [1] "sigma:"            "0.988503756835258" "0.988503756835258"
 [4] "0.988503756835258" "0.988503756835258" "0.988503756835258"
 [7] "0.988503756835258" "0.988503756835258" "0.988503756835258"
[10] "0.988503756835258" "0.988503756835258" "0.988503756835258"
[13] "0.988503756835258" "0.988503756835258" "0.988503756835258"
[16] "0.988503756835258" "0.988503756835258" "0.988503756835258"
[19] "0.988503756835258" "0.988503756835258" "0.988503756835258"
[22] "0.988503756835258" "0.988503756835258" "0.988503756835258"
[25] "0.988503756835258" "0.988503756835258" "0.988503756835258"
[28] "0.988503756835258" "0.988503756835258" "0.988503756835258"
[31] "0.988503756835258" "0.483462745665728" "0.483462745665728"
[34] "0.483462745665728" "0.483462745665728" "0.483462745665728"
[37] "0.483462745665728" "0.483462745665728" "0.483462745665728"
[40] "0.483462745665728" "0.483462745665728" "beta :"           
[43] "1"                
[1] 7386844
[1] 7384116
[1] 7387713
 [1] "sigma:"            "0.988503756835258" "0.988503756835258"
 [4] "0.988503756835258" "0.988503756835258" "0.988503756835258"
 [7] "0.988503756835258" "0.988503756835258" "0.988503756835258"
[10] "0.988503756835258" "0.988503756835258" "0.988503756835258"
[13] "0.988503756835258" "0.988503756835258" "0.988503756835258"
[16] "0.988503756835258" "0.988503756835258" "0.988503756835258"
[19] "0.988503756835258" "0.988503756835258" "0.988503756835258"
[22] "0.988503756835258" "0.988503756835258" "0.988503756835258"
[25] "0.988503756835258" "0.988503756835258" "0.988503756835258"
[28] "0.988503756835258" "0.988503756835258" "0.988503756835258"
[31] "0.988503756835258" "0.483462745665728" "0.483462745665728"
[34] "0.483462745665728" "0.483462745665728" "0.483462745665728"
[37] "0.483462745665728" "0.483462745665728" "0.483462745665728"
[40] "0.483462745665728" "0.483462745665728" "beta :"           
[43] "1"                
[1] " old Likelihood:  -7384127.05592475"
[1] "New Likelihood:  -7384115.90640056"
iter:  0  f-value:  8625.113  pgrad:  0.4963153 
iter:  10  f-value:  8625.104  pgrad:  0.3131208 
iter:  20  f-value:  8625.098  pgrad:  0.5145263 
iter:  30  f-value:  8625.098  pgrad:  0.08218194 
  Unsuccessful convergence.
Time difference of 7.479306 mins
[1] "maxIt: 20"
[1] "It: 14"
 [1] "sigma:"            "0.988525525668217" "0.988525525668217"
 [4] "0.988525525668217" "0.988525525668217" "0.988525525668217"
 [7] "0.988525525668217" "0.988525525668217" "0.988525525668217"
[10] "0.988525525668217" "0.988525525668217" "0.988525525668217"
[13] "0.988525525668217" "0.988525525668217" "0.988525525668217"
[16] "0.988525525668217" "0.988525525668217" "0.988525525668217"
[19] "0.988525525668217" "0.988525525668217" "0.988525525668217"
[22] "0.988525525668217" "0.988525525668217" "0.988525525668217"
[25] "0.988525525668217" "0.988525525668217" "0.988525525668217"
[28] "0.988525525668217" "0.988525525668217" "0.988525525668217"
[31] "0.988525525668217" "0.486758931138412" "0.486758931138412"
[34] "0.486758931138412" "0.486758931138412" "0.486758931138412"
[37] "0.486758931138412" "0.486758931138412" "0.486758931138412"
[40] "0.486758931138412" "0.486758931138412" "beta :"           
[43] "1"                
[1] 7386817
[1] 7384109
[1] 7387720
 [1] "sigma:"            "0.988525525668217" "0.988525525668217"
 [4] "0.988525525668217" "0.988525525668217" "0.988525525668217"
 [7] "0.988525525668217" "0.988525525668217" "0.988525525668217"
[10] "0.988525525668217" "0.988525525668217" "0.988525525668217"
[13] "0.988525525668217" "0.988525525668217" "0.988525525668217"
[16] "0.988525525668217" "0.988525525668217" "0.988525525668217"
[19] "0.988525525668217" "0.988525525668217" "0.988525525668217"
[22] "0.988525525668217" "0.988525525668217" "0.988525525668217"
[25] "0.988525525668217" "0.988525525668217" "0.988525525668217"
[28] "0.988525525668217" "0.988525525668217" "0.988525525668217"
[31] "0.988525525668217" "0.486758931138412" "0.486758931138412"
[34] "0.486758931138412" "0.486758931138412" "0.486758931138412"
[37] "0.486758931138412" "0.486758931138412" "0.486758931138412"
[40] "0.486758931138412" "0.486758931138412" "beta :"           
[43] "1"                
[1] " old Likelihood:  -7384115.90640056"
[1] "New Likelihood:  -7384109.16271466"
iter:  0  f-value:  8599.002  pgrad:  0.5177399 
iter:  10  f-value:  8598.996  pgrad:  0.1159788 
iter:  20  f-value:  8598.991  pgrad:  0.9970394 
iter:  30  f-value:  8598.991  pgrad:  0.08159986 
  Unsuccessful convergence.
Time difference of 7.466628 mins
[1] "maxIt: 20"
[1] "It: 15"
 [1] "sigma:"            "0.98853753855315"  "0.98853753855315" 
 [4] "0.98853753855315"  "0.98853753855315"  "0.98853753855315" 
 [7] "0.98853753855315"  "0.98853753855315"  "0.98853753855315" 
[10] "0.98853753855315"  "0.98853753855315"  "0.98853753855315" 
[13] "0.98853753855315"  "0.98853753855315"  "0.98853753855315" 
[16] "0.98853753855315"  "0.98853753855315"  "0.98853753855315" 
[19] "0.98853753855315"  "0.98853753855315"  "0.98853753855315" 
[22] "0.98853753855315"  "0.98853753855315"  "0.98853753855315" 
[25] "0.98853753855315"  "0.98853753855315"  "0.98853753855315" 
[28] "0.98853753855315"  "0.98853753855315"  "0.98853753855315" 
[31] "0.98853753855315"  "0.489878034766814" "0.489878034766814"
[34] "0.489878034766814" "0.489878034766814" "0.489878034766814"
[37] "0.489878034766814" "0.489878034766814" "0.489878034766814"
[40] "0.489878034766814" "0.489878034766814" "beta :"           
[43] "1"                
[1] 7386796
[1] 7384104
[1] 7387723
 [1] "sigma:"            "0.98853753855315"  "0.98853753855315" 
 [4] "0.98853753855315"  "0.98853753855315"  "0.98853753855315" 
 [7] "0.98853753855315"  "0.98853753855315"  "0.98853753855315" 
[10] "0.98853753855315"  "0.98853753855315"  "0.98853753855315" 
[13] "0.98853753855315"  "0.98853753855315"  "0.98853753855315" 
[16] "0.98853753855315"  "0.98853753855315"  "0.98853753855315" 
[19] "0.98853753855315"  "0.98853753855315"  "0.98853753855315" 
[22] "0.98853753855315"  "0.98853753855315"  "0.98853753855315" 
[25] "0.98853753855315"  "0.98853753855315"  "0.98853753855315" 
[28] "0.98853753855315"  "0.98853753855315"  "0.98853753855315" 
[31] "0.98853753855315"  "0.489878034766814" "0.489878034766814"
[34] "0.489878034766814" "0.489878034766814" "0.489878034766814"
[37] "0.489878034766814" "0.489878034766814" "0.489878034766814"
[40] "0.489878034766814" "0.489878034766814" "beta :"           
[43] "1"                
[1] " old Likelihood:  -7384109.16271466"
[1] "New Likelihood:  -7384104.20747004"
iter:  0  f-value:  8572.484  pgrad:  0.5251261 
iter:  10  f-value:  8572.48  pgrad:  0.09044015 
iter:  20  f-value:  8572.476  pgrad:  0.528116 
iter:  30  f-value:  8572.476  pgrad:  0.07727067 
  Unsuccessful convergence.
Time difference of 7.473595 mins
[1] "maxIt: 20"
[1] "It: 16"
 [1] "sigma:"            "0.988549368646541" "0.988549368646541"
 [4] "0.988549368646541" "0.988549368646541" "0.988549368646541"
 [7] "0.988549368646541" "0.988549368646541" "0.988549368646541"
[10] "0.988549368646541" "0.988549368646541" "0.988549368646541"
[13] "0.988549368646541" "0.988549368646541" "0.988549368646541"
[16] "0.988549368646541" "0.988549368646541" "0.988549368646541"
[19] "0.988549368646541" "0.988549368646541" "0.988549368646541"
[22] "0.988549368646541" "0.988549368646541" "0.988549368646541"
[25] "0.988549368646541" "0.988549368646541" "0.988549368646541"
[28] "0.988549368646541" "0.988549368646541" "0.988549368646541"
[31] "0.988549368646541" "0.492723045242472" "0.492723045242472"
[34] "0.492723045242472" "0.492723045242472" "0.492723045242472"
[37] "0.492723045242472" "0.492723045242472" "0.492723045242472"
[40] "0.492723045242472" "0.492723045242472" "beta :"           
[43] "1"                
[1] 7386778
[1] 7384100
[1] 7387723
 [1] "sigma:"            "0.988549368646541" "0.988549368646541"
 [4] "0.988549368646541" "0.988549368646541" "0.988549368646541"
 [7] "0.988549368646541" "0.988549368646541" "0.988549368646541"
[10] "0.988549368646541" "0.988549368646541" "0.988549368646541"
[13] "0.988549368646541" "0.988549368646541" "0.988549368646541"
[16] "0.988549368646541" "0.988549368646541" "0.988549368646541"
[19] "0.988549368646541" "0.988549368646541" "0.988549368646541"
[22] "0.988549368646541" "0.988549368646541" "0.988549368646541"
[25] "0.988549368646541" "0.988549368646541" "0.988549368646541"
[28] "0.988549368646541" "0.988549368646541" "0.988549368646541"
[31] "0.988549368646541" "0.492723045242472" "0.492723045242472"
[34] "0.492723045242472" "0.492723045242472" "0.492723045242472"
[37] "0.492723045242472" "0.492723045242472" "0.492723045242472"
[40] "0.492723045242472" "0.492723045242472" "beta :"           
[43] "1"                
[1] " old Likelihood:  -7384104.20747004"
[1] "New Likelihood:  -7384100.35505057"
iter:  0  f-value:  8547.251  pgrad:  0.525301 
iter:  10  f-value:  8547.248  pgrad:  0.08554707 
iter:  20  f-value:  8547.244  pgrad:  0.07921699 
iter:  30  f-value:  8547.244  pgrad:  0.9970752 
  Unsuccessful convergence.
Time difference of 7.480136 mins
[1] "maxIt: 20"
[1] "It: 17"
 [1] "sigma:"            "0.988558573325231" "0.988558573325231"
 [4] "0.988558573325231" "0.988558573325231" "0.988558573325231"
 [7] "0.988558573325231" "0.988558573325231" "0.988558573325231"
[10] "0.988558573325231" "0.988558573325231" "0.988558573325231"
[13] "0.988558573325231" "0.988558573325231" "0.988558573325231"
[16] "0.988558573325231" "0.988558573325231" "0.988558573325231"
[19] "0.988558573325231" "0.988558573325231" "0.988558573325231"
[22] "0.988558573325231" "0.988558573325231" "0.988558573325231"
[25] "0.988558573325231" "0.988558573325231" "0.988558573325231"
[28] "0.988558573325231" "0.988558573325231" "0.988558573325231"
[31] "0.988558573325231" "0.495353264275379" "0.495353264275379"
[34] "0.495353264275379" "0.495353264275379" "0.495353264275379"
[37] "0.495353264275379" "0.495353264275379" "0.495353264275379"
[40] "0.495353264275379" "0.495353264275379" "beta :"           
[43] "1"                
[1] 7386761
[1] 7384097
[1] 7387722
 [1] "sigma:"            "0.988558573325231" "0.988558573325231"
 [4] "0.988558573325231" "0.988558573325231" "0.988558573325231"
 [7] "0.988558573325231" "0.988558573325231" "0.988558573325231"
[10] "0.988558573325231" "0.988558573325231" "0.988558573325231"
[13] "0.988558573325231" "0.988558573325231" "0.988558573325231"
[16] "0.988558573325231" "0.988558573325231" "0.988558573325231"
[19] "0.988558573325231" "0.988558573325231" "0.988558573325231"
[22] "0.988558573325231" "0.988558573325231" "0.988558573325231"
[25] "0.988558573325231" "0.988558573325231" "0.988558573325231"
[28] "0.988558573325231" "0.988558573325231" "0.988558573325231"
[31] "0.988558573325231" "0.495353264275379" "0.495353264275379"
[34] "0.495353264275379" "0.495353264275379" "0.495353264275379"
[37] "0.495353264275379" "0.495353264275379" "0.495353264275379"
[40] "0.495353264275379" "0.495353264275379" "beta :"           
[43] "1"                
[1] " old Likelihood:  -7384100.35505057"
[1] "New Likelihood:  -7384097.28868225"
iter:  0  f-value:  8523.274  pgrad:  0.5254165 
iter:  10  f-value:  8523.271  pgrad:  0.08229108 
iter:  20  f-value:  8523.268  pgrad:  0.5152428 
iter:  30  f-value:  8523.268  pgrad:  0.07084964 
  Unsuccessful convergence.
Time difference of 7.467506 mins
[1] "maxIt: 20"
[1] "It: 18"
 [1] "sigma:"            "0.988565069332762" "0.988565069332762"
 [4] "0.988565069332762" "0.988565069332762" "0.988565069332762"
 [7] "0.988565069332762" "0.988565069332762" "0.988565069332762"
[10] "0.988565069332762" "0.988565069332762" "0.988565069332762"
[13] "0.988565069332762" "0.988565069332762" "0.988565069332762"
[16] "0.988565069332762" "0.988565069332762" "0.988565069332762"
[19] "0.988565069332762" "0.988565069332762" "0.988565069332762"
[22] "0.988565069332762" "0.988565069332762" "0.988565069332762"
[25] "0.988565069332762" "0.988565069332762" "0.988565069332762"
[28] "0.988565069332762" "0.988565069332762" "0.988565069332762"
[31] "0.988565069332762" "0.497860421050909" "0.497860421050909"
[34] "0.497860421050909" "0.497860421050909" "0.497860421050909"
[37] "0.497860421050909" "0.497860421050909" "0.497860421050909"
[40] "0.497860421050909" "0.497860421050909" "beta :"           
[43] "1"                
[1] 7386746
[1] 7384095
[1] 7387719
 [1] "sigma:"            "0.988565069332762" "0.988565069332762"
 [4] "0.988565069332762" "0.988565069332762" "0.988565069332762"
 [7] "0.988565069332762" "0.988565069332762" "0.988565069332762"
[10] "0.988565069332762" "0.988565069332762" "0.988565069332762"
[13] "0.988565069332762" "0.988565069332762" "0.988565069332762"
[16] "0.988565069332762" "0.988565069332762" "0.988565069332762"
[19] "0.988565069332762" "0.988565069332762" "0.988565069332762"
[22] "0.988565069332762" "0.988565069332762" "0.988565069332762"
[25] "0.988565069332762" "0.988565069332762" "0.988565069332762"
[28] "0.988565069332762" "0.988565069332762" "0.988565069332762"
[31] "0.988565069332762" "0.497860421050909" "0.497860421050909"
[34] "0.497860421050909" "0.497860421050909" "0.497860421050909"
[37] "0.497860421050909" "0.497860421050909" "0.497860421050909"
[40] "0.497860421050909" "0.497860421050909" "beta :"           
[43] "1"                
[1] " old Likelihood:  -7384097.28868225"
[1] "New Likelihood:  -7384094.62073865"
iter:  0  f-value:  8500.214  pgrad:  0.5254945 
iter:  10  f-value:  8500.212  pgrad:  0.07996277 
iter:  20  f-value:  8500.209  pgrad:  0.07392373 
iter:  30  f-value:  8500.209  pgrad:  0.07215931 
  Unsuccessful convergence.
Time difference of 7.469576 mins
[1] "maxIt: 20"
[1] "It: 19"
 [1] "sigma:"            "0.988571048566831" "0.988571048566831"
 [4] "0.988571048566831" "0.988571048566831" "0.988571048566831"
 [7] "0.988571048566831" "0.988571048566831" "0.988571048566831"
[10] "0.988571048566831" "0.988571048566831" "0.988571048566831"
[13] "0.988571048566831" "0.988571048566831" "0.988571048566831"
[16] "0.988571048566831" "0.988571048566831" "0.988571048566831"
[19] "0.988571048566831" "0.988571048566831" "0.988571048566831"
[22] "0.988571048566831" "0.988571048566831" "0.988571048566831"
[25] "0.988571048566831" "0.988571048566831" "0.988571048566831"
[28] "0.988571048566831" "0.988571048566831" "0.988571048566831"
[31] "0.988571048566831" "0.5"               "0.5"              
[34] "0.5"               "0.5"               "0.5"              
[37] "0.5"               "0.5"               "0.5"              
[40] "0.5"               "0.5"               "beta :"           
[43] "1"                
[1] 7386733
[1] 7384092
[1] 7387716
 [1] "sigma:"            "0.988571048566831" "0.988571048566831"
 [4] "0.988571048566831" "0.988571048566831" "0.988571048566831"
 [7] "0.988571048566831" "0.988571048566831" "0.988571048566831"
[10] "0.988571048566831" "0.988571048566831" "0.988571048566831"
[13] "0.988571048566831" "0.988571048566831" "0.988571048566831"
[16] "0.988571048566831" "0.988571048566831" "0.988571048566831"
[19] "0.988571048566831" "0.988571048566831" "0.988571048566831"
[22] "0.988571048566831" "0.988571048566831" "0.988571048566831"
[25] "0.988571048566831" "0.988571048566831" "0.988571048566831"
[28] "0.988571048566831" "0.988571048566831" "0.988571048566831"
[31] "0.988571048566831" "0.5"               "0.5"              
[34] "0.5"               "0.5"               "0.5"              
[37] "0.5"               "0.5"               "0.5"              
[40] "0.5"               "0.5"               "beta :"           
[43] "1"                
[1] " old Likelihood:  -7384094.62073865"
[1] "New Likelihood:  -7384092.47250776"
iter:  0  f-value:  8479.944  pgrad:  0.5287036 
iter:  10  f-value:  8479.943  pgrad:  0.07717972 
iter:  20  f-value:  8479.943  pgrad:  0.07530616 
iter:  30  f-value:  8479.943  pgrad:  0.0737964 
  Unsuccessful convergence.
Time difference of 7.472911 mins
[1] "maxIt: 20"
[1] "It: 20"
 [1] "sigma:"           "0.98858429913055" "0.98858429913055" "0.98858429913055"
 [5] "0.98858429913055" "0.98858429913055" "0.98858429913055" "0.98858429913055"
 [9] "0.98858429913055" "0.98858429913055" "0.98858429913055" "0.98858429913055"
[13] "0.98858429913055" "0.98858429913055" "0.98858429913055" "0.98858429913055"
[17] "0.98858429913055" "0.98858429913055" "0.98858429913055" "0.98858429913055"
[21] "0.98858429913055" "0.98858429913055" "0.98858429913055" "0.98858429913055"
[25] "0.98858429913055" "0.98858429913055" "0.98858429913055" "0.98858429913055"
[29] "0.98858429913055" "0.98858429913055" "0.98858429913055" "0.5"             
[33] "0.5"              "0.5"              "0.5"              "0.5"             
[37] "0.5"              "0.5"              "0.5"              "0.5"             
[41] "0.5"              "beta :"           "1"               
[1] 7386735
[1] 7384092
[1] 7387714
 [1] "sigma:"           "0.98858429913055" "0.98858429913055" "0.98858429913055"
 [5] "0.98858429913055" "0.98858429913055" "0.98858429913055" "0.98858429913055"
 [9] "0.98858429913055" "0.98858429913055" "0.98858429913055" "0.98858429913055"
[13] "0.98858429913055" "0.98858429913055" "0.98858429913055" "0.98858429913055"
[17] "0.98858429913055" "0.98858429913055" "0.98858429913055" "0.98858429913055"
[21] "0.98858429913055" "0.98858429913055" "0.98858429913055" "0.98858429913055"
[25] "0.98858429913055" "0.98858429913055" "0.98858429913055" "0.98858429913055"
[29] "0.98858429913055" "0.98858429913055" "0.98858429913055" "0.5"             
[33] "0.5"              "0.5"              "0.5"              "0.5"             
[37] "0.5"              "0.5"              "0.5"              "0.5"             
[41] "0.5"              "beta :"           "1"               
[1] " old Likelihood:  -7384092.47250776"
[1] "New Likelihood:  -7384092.00437029"
iter:  0  f-value:  8476.158  pgrad:  0.5286886 
iter:  10  f-value:  8476.157  pgrad:  0.07572453 
iter:  20  f-value:  8476.157  pgrad:  0.1420085 
iter:  30  f-value:  8476.157  pgrad:  0.2639172 
  Unsuccessful convergence.
Time difference of 7.467208 mins
 [1] "sigma:"           "0.98859116749557" "0.98859116749557" "0.98859116749557"
 [5] "0.98859116749557" "0.98859116749557" "0.98859116749557" "0.98859116749557"
 [9] "0.98859116749557" "0.98859116749557" "0.98859116749557" "0.98859116749557"
[13] "0.98859116749557" "0.98859116749557" "0.98859116749557" "0.98859116749557"
[17] "0.98859116749557" "0.98859116749557" "0.98859116749557" "0.98859116749557"
[21] "0.98859116749557" "0.98859116749557" "0.98859116749557" "0.98859116749557"
[25] "0.98859116749557" "0.98859116749557" "0.98859116749557" "0.98859116749557"
[29] "0.98859116749557" "0.98859116749557" "0.98859116749557" "0.5"             
[33] "0.5"              "0.5"              "0.5"              "0.5"             
[37] "0.5"              "0.5"              "0.5"              "0.5"             
[41] "0.5"              "beta :"           "1"               
[1] 1999616 1999848 1999660 1999500 1997336
[1] 1 1 1 1 1
saved RDS
inference successful
