[1] "Original length"
[1] 999937
[1] "Final length"
[1] 14483
[1] "sequence length : 999938" "sequence length : 999879"
[3] "sequence length : 999270" "sequence length : 999869"
[5] "sequence length : 999691"
[1] 1 1 1 1 1
[1] "Beta: 1"
[1] "Self: 0"
[1] "maxIt: 20"
[1] "It: 1"
 [1] "sigma:" "0"      "0"      "0"      "0"      "0"      "0"      "0"     
 [9] "0"      "0"      "0"      "0"      "0"      "0"      "0"      "0"     
[17] "0"      "0"      "0"      "0"      "0"      "0"      "0"      "0"     
[25] "0"      "0"      "0"      "0"      "0"      "0"      "0"      "0"     
[33] "0"      "0"      "0"      "0"      "0"      "0"      "0"      "0"     
[41] "0"      "beta :" "1"     
 [1] "sigma:" "0.9405" "0.9405" "0.9405" "0.9405" "0.9405" "0.9405" "0.9405"
 [9] "0.9405" "0.9405" "0.9405" "0.9405" "0.9405" "0.9405" "0.9405" "0.9405"
[17] "0.9405" "0.9405" "0.9405" "0.9405" "0.9405" "0.9405" "0.9405" "0.9405"
[25] "0.9405" "0.9405" "0.9405" "0.9405" "0.9405" "0.9405" "0.9405" "0"     
[33] "0"      "0"      "0"      "0"      "0"      "0"      "0"      "0"     
[41] "0"      "beta :" "1"     
[1] "New Likelihood:  -8886435.7297104"
iter:  0  f-value:  15835.05  pgrad:  0.5 
iter:  10  f-value:  15815.66  pgrad:  0.9992457 
iter:  20  f-value:  15814.13  pgrad:  0.9979802 
iter:  30  f-value:  15813.74  pgrad:  0.9964833 
iter:  40  f-value:  15813.36  pgrad:  0.9916512 
iter:  50  f-value:  15813.31  pgrad:  0.9905022 
  Unsuccessful convergence.
Time difference of 2.568777 hours
[1] "maxIt: 20"
[1] "It: 2"
 [1] "sigma:"              "0.960954095726536"   "0.960954095726536"  
 [4] "0.950933097601038"   "0.950933097601038"   "0.955221835488514"  
 [7] "0.955221835488514"   "0.961007579657227"   "0.961007579657227"  
[10] "0.968455585302267"   "0.968455585302267"   "0.97544991175278"   
[13] "0.97544991175278"    "0.980257130922048"   "0.980257130922048"  
[16] "0.981914240782213"   "0.981914240782213"   "0.977882996926559"  
[19] "0.977882996926559"   "0.964110377294594"   "0.964110377294594"  
[22] "0.954680846543568"   "0.954680846543568"   "0.965004199800674"  
[25] "0.965004199800674"   "0.949257611840918"   "0.949257611840918"  
[28] "0.952589395318448"   "0.952589395318448"   "0.952737559498736"  
[31] "0.952737559498736"   "0.0162839293762602"  "0.0162839293762602" 
[34] "0.03297514735851"    "0.03297514735851"    "0.0247074767718714" 
[37] "0.0247074767718714"  "0.00944279427385217" "0.00944279427385217"
[40] "0.00124332194726307" "0.00124332194726307" "beta :"             
[43] "1"                  
 [1] "sigma:"              "0.960954095726536"   "0.960954095726536"  
 [4] "0.950933097601038"   "0.950933097601038"   "0.955221835488514"  
 [7] "0.955221835488514"   "0.961007579657227"   "0.961007579657227"  
[10] "0.968455585302267"   "0.968455585302267"   "0.97544991175278"   
[13] "0.97544991175278"    "0.980257130922048"   "0.980257130922048"  
[16] "0.981914240782213"   "0.981914240782213"   "0.977882996926559"  
[19] "0.977882996926559"   "0.964110377294594"   "0.964110377294594"  
[22] "0.954680846543568"   "0.954680846543568"   "0.965004199800674"  
[25] "0.965004199800674"   "0.949257611840918"   "0.949257611840918"  
[28] "0.952589395318448"   "0.952589395318448"   "0.952737559498736"  
[31] "0.952737559498736"   "0.0162839293762602"  "0.0162839293762602" 
[34] "0.03297514735851"    "0.03297514735851"    "0.0247074767718714" 
[37] "0.0247074767718714"  "0.00944279427385217" "0.00944279427385217"
[40] "0.00124332194726307" "0.00124332194726307" "beta :"             
[43] "1"                  
[1] " old Likelihood:  -8886435.7297104"
[1] "New Likelihood:  -8880341.99595767"
iter:  0  f-value:  15714.91  pgrad:  0.4981527 
iter:  10  f-value:  15707.99  pgrad:  0.9927444 
iter:  20  f-value:  15707.86  pgrad:  0.9891162 
iter:  30  f-value:  15707.8  pgrad:  0.9879836 
iter:  40  f-value:  15707.76  pgrad:  0.9871543 
iter:  50  f-value:  15707.74  pgrad:  0.9863964 
  Unsuccessful convergence.
Time difference of 17.64558 mins
[1] "maxIt: 20"
[1] "It: 3"
 [1] "sigma:"              "0.971647740643236"   "0.971647740643236"  
 [4] "0.956292281549781"   "0.956292281549781"   "0.962797475036172"  
 [7] "0.962797475036172"   "0.971571219068802"   "0.971571219068802"  
[10] "0.982962281141937"   "0.982962281141937"   "0.99"               
[13] "0.99"                "0.99"                "0.99"               
[16] "0.99"                "0.99"                "0.99"               
[19] "0.99"                "0.983485682575532"   "0.983485682575532"  
[22] "0.968987885377063"   "0.968987885377063"   "0.982116666837948"  
[25] "0.982116666837948"   "0.956295553079632"   "0.956295553079632"  
[28] "0.957606033731029"   "0.957606033731029"   "0.95268865602526"   
[31] "0.95268865602526"    "0.0209872559500475"  "0.0209872559500475" 
[34] "0.0431579262346949"  "0.0431579262346949"  "0.0349547337007625" 
[37] "0.0349547337007625"  "0.0138918620556972"  "0.0138918620556972" 
[40] "0.00183855104094928" "0.00183855104094928" "beta :"             
[43] "1"                  
 [1] "sigma:"              "0.971647740643236"   "0.971647740643236"  
 [4] "0.956292281549781"   "0.956292281549781"   "0.962797475036172"  
 [7] "0.962797475036172"   "0.971571219068802"   "0.971571219068802"  
[10] "0.982962281141937"   "0.982962281141937"   "0.99"               
[13] "0.99"                "0.99"                "0.99"               
[16] "0.99"                "0.99"                "0.99"               
[19] "0.99"                "0.983485682575532"   "0.983485682575532"  
[22] "0.968987885377063"   "0.968987885377063"   "0.982116666837948"  
[25] "0.982116666837948"   "0.956295553079632"   "0.956295553079632"  
[28] "0.957606033731029"   "0.957606033731029"   "0.95268865602526"   
[31] "0.95268865602526"    "0.169487255950047"   "0.169487255950047"  
[34] "0.0431579262346949"  "0.0431579262346949"  "0.0349547337007625" 
[37] "0.0349547337007625"  "0.0138918620556972"  "0.0138918620556972" 
[40] "0.00183855104094928" "0.00183855104094928" "beta :"             
[43] "1"                  
[1] " old Likelihood:  -8880341.99595767"
[1] "New Likelihood:  -8878215.99566158"
iter:  0  f-value:  15153.4  pgrad:  0.4967797 
iter:  10  f-value:  15150.56  pgrad:  0.9856507 
iter:  20  f-value:  15150.51  pgrad:  0.9849256 
iter:  30  f-value:  15150.48  pgrad:  0.964701 
iter:  40  f-value:  15150.46  pgrad:  0.9591161 
iter:  50  f-value:  15150.44  pgrad:  0.9571273 
  Unsuccessful convergence.
Time difference of 19.20971 mins
[1] "maxIt: 20"
[1] "It: 4"
 [1] "sigma:"              "0.981010158336336"   "0.981010158336336"  
 [4] "0.960994911223032"   "0.960994911223032"   "0.969462549183251"  
 [7] "0.969462549183251"   "0.980924362970013"   "0.980924362970013"  
[10] "0.99"                "0.99"                "0.99"               
[13] "0.99"                "0.99"                "0.99"               
[16] "0.99"                "0.99"                "0.99"               
[19] "0.99"                "0.99"                "0.99"               
[22] "0.979099206102849"   "0.979099206102849"   "0.989388906496797"  
[25] "0.989388906496797"   "0.965932081749946"   "0.965932081749946"  
[28] "0.964508683909532"   "0.964508683909532"   "0.948834446931182"  
[31] "0.948834446931182"   "0.170127512300432"   "0.170127512300432"  
[34] "0.0501186739123369"  "0.0501186739123369"  "0.0427591782014768" 
[37] "0.0427591782014768"  "0.0174341816693497"  "0.0174341816693497" 
[40] "0.00234405518630671" "0.00234405518630671" "beta :"             
[43] "1"                  
 [1] "sigma:"               "0.981010158336336"    "0.981010158336336"   
 [4] "0.960994911223032"    "0.960994911223032"    "0.969462549183251"   
 [7] "0.969462549183251"    "0.980924362970013"    "0.980924362970013"   
[10] "0.99"                 "0.99"                 "0.99"                
[13] "0.99"                 "0.99"                 "0.99"                
[16] "0.99"                 "0.99"                 "0.99"                
[19] "0.99"                 "0.99"                 "0.99"                
[22] "0.979099206102849"    "0.979099206102849"    "0.989388906496797"   
[25] "0.989388906496797"    "0.965932081749946"    "0.965932081749946"   
[28] "0.964508683909532"    "0.964508683909532"    "0.948834446931182"   
[31] "0.948834446931182"    "0.219627512300432"    "0.219627512300432"   
[34] "0.000618673912336884" "0.000618673912336884" "0.0427591782014768"  
[37] "0.0427591782014768"   "0.0174341816693497"   "0.0174341816693497"  
[40] "0.00234405518630671"  "0.00234405518630671"  "beta :"              
[43] "1"                   
[1] " old Likelihood:  -8878215.99566158"
[1] "New Likelihood:  -8877317.84096398"
iter:  0  f-value:  15083.32  pgrad:  0.5102843 
iter:  10  f-value:  15082.14  pgrad:  0.9566315 
iter:  20  f-value:  15082.1  pgrad:  0.9553771 
iter:  30  f-value:  15082.09  pgrad:  0.9539249 
iter:  40  f-value:  15082.07  pgrad:  0.951797 
iter:  50  f-value:  15082.06  pgrad:  0.9504876 
  Unsuccessful convergence.
Time difference of 18.60692 mins
[1] "maxIt: 20"
[1] "It: 5"
 [1] "sigma:"              "0.989163373736736"   "0.989163373736736"  
 [4] "0.965023973432504"   "0.965023973432504"   "0.975194875990333"  
 [7] "0.975194875990333"   "0.988902717793109"   "0.988902717793109"  
[10] "0.99"                "0.99"                "0.99"               
[13] "0.99"                "0.99"                "0.99"               
[16] "0.99"                "0.99"                "0.99"               
[19] "0.99"                "0.99"                "0.99"               
[22] "0.985256444279647"   "0.985256444279647"   "0.99"               
[25] "0.99"                "0.974201951445689"   "0.974201951445689"  
[28] "0.972511546856701"   "0.972511546856701"   "0.94351572552305"   
[31] "0.94351572552305"    "0.22013950038356"    "0.22013950038356"   
[34] "0.0043172724477418"  "0.0043172724477418"  "0.0490793089114983" 
[37] "0.0490793089114983"  "0.0206439296168661"  "0.0206439296168661" 
[40] "0.00277254694634148" "0.00277254694634148" "beta :"             
[43] "1"                  
 [1] "sigma:"              "0.989163373736736"   "0.989163373736736"  
 [4] "0.965023973432504"   "0.965023973432504"   "0.975194875990333"  
 [7] "0.975194875990333"   "0.988902717793109"   "0.988902717793109"  
[10] "0.99"                "0.99"                "0.99"               
[13] "0.99"                "0.99"                "0.99"               
[16] "0.99"                "0.99"                "0.99"               
[19] "0.99"                "0.99"                "0.99"               
[22] "0.985256444279647"   "0.985256444279647"   "0.99"               
[25] "0.99"                "0.974201951445689"   "0.974201951445689"  
[28] "0.972511546856701"   "0.972511546856701"   "0.94351572552305"   
[31] "0.94351572552305"    "0.26963950038356"    "0.26963950038356"   
[34] "0.0043172724477418"  "0.0043172724477418"  "0.0490793089114983" 
[37] "0.0490793089114983"  "0.0206439296168661"  "0.0206439296168661" 
[40] "0.00277254694634148" "0.00277254694634148" "beta :"             
[43] "1"                  
[1] " old Likelihood:  -8877317.84096398"
[1] "New Likelihood:  -8876927.91411404"
iter:  0  f-value:  14874.04  pgrad:  0.5450615 
iter:  10  f-value:  14873.43  pgrad:  0.9517099 
iter:  20  f-value:  14873.4  pgrad:  0.9492453 
iter:  30  f-value:  14873.39  pgrad:  0.9868381 
iter:  40  f-value:  14873.38  pgrad:  0.946006 
iter:  50  f-value:  14873.38  pgrad:  0.9437098 
  Unsuccessful convergence.
Time difference of 18.16188 mins
[1] "maxIt: 20"
[1] "It: 6"
 [1] "sigma:"              "0.99"                "0.99"               
 [4] "0.96878279461902"    "0.96878279461902"    "0.9804595462722"    
 [7] "0.9804595462722"     "0.99"                "0.99"               
[10] "0.99"                "0.99"                "0.99"               
[13] "0.99"                "0.99"                "0.99"               
[16] "0.99"                "0.99"                "0.99"               
[19] "0.99"                "0.99"                "0.99"               
[22] "0.986998193320028"   "0.986998193320028"   "0.99"               
[25] "0.99"                "0.978971467999773"   "0.978971467999773"  
[28] "0.980119688985876"   "0.980119688985876"   "0.938844691229844"  
[31] "0.938844691229844"   "0.266355263235219"   "0.266355263235219"  
[34] "0.00820312301453873" "0.00820312301453873" "0.0557604372103096" 
[37] "0.0557604372103096"  "0.0241072266847566"  "0.0241072266847566" 
[40] "0.00324200586916486" "0.00324200586916486" "beta :"             
[43] "1"                  
 [1] "sigma:"              "0.99"                "0.99"               
 [4] "0.96878279461902"    "0.96878279461902"    "0.9804595462722"    
 [7] "0.9804595462722"     "0.99"                "0.99"               
[10] "0.99"                "0.99"                "0.99"               
[13] "0.99"                "0.99"                "0.99"               
[16] "0.99"                "0.99"                "0.99"               
[19] "0.99"                "0.99"                "0.99"               
[22] "0.986998193320028"   "0.986998193320028"   "0.99"               
[25] "0.99"                "0.978971467999773"   "0.978971467999773"  
[28] "0.980119688985876"   "0.980119688985876"   "0.938844691229844"  
[31] "0.938844691229844"   "0.266355263235219"   "0.266355263235219"  
[34] "0.00820312301453873" "0.00820312301453873" "0.00626043721030956"
[37] "0.00626043721030956" "0.0241072266847566"  "0.0241072266847566" 
[40] "0.00324200586916486" "0.00324200586916486" "beta :"             
[43] "1"                  
[1] " old Likelihood:  -8876927.91411404"
[1] "New Likelihood:  -8876694.24235221"
iter:  0  f-value:  14970.06  pgrad:  0.5476174 
iter:  10  f-value:  14969.72  pgrad:  0.5352013 
iter:  20  f-value:  14969.72  pgrad:  0.7488779 
iter:  30  f-value:  14969.71  pgrad:  0.7082963 
iter:  40  f-value:  14969.71  pgrad:  0.6536538 
iter:  50  f-value:  14969.7  pgrad:  0.6247865 
  Unsuccessful convergence.
Time difference of 19.15797 mins
[1] "maxIt: 20"
[1] "It: 7"
 [1] "sigma:"              "0.99"                "0.99"               
 [4] "0.971700250735585"   "0.971700250735585"   "0.984530960686126"  
 [7] "0.984530960686126"   "0.99"                "0.99"               
[10] "0.99"                "0.99"                "0.99"               
[13] "0.99"                "0.99"                "0.99"               
[16] "0.99"                "0.99"                "0.99"               
[19] "0.99"                "0.99"                "0.99"               
[22] "0.987099426113534"   "0.987099426113534"   "0.99"               
[25] "0.99"                "0.981141751331515"   "0.981141751331515"  
[28] "0.986613897489492"   "0.986613897489492"   "0.935275783500085"  
[31] "0.935275783500085"   "0.262190277549177"   "0.262190277549177"  
[34] "0.00910533057103972" "0.00910533057103972" "0.0100633872819653" 
[37] "0.0100633872819653"  "0.0264209410718452"  "0.0264209410718452" 
[40] "0.0035477565852335"  "0.0035477565852335"  "beta :"             
[43] "1"                  
 [1] "sigma:"              "0.99"                "0.99"               
 [4] "0.971700250735585"   "0.971700250735585"   "0.984530960686126"  
 [7] "0.984530960686126"   "0.99"                "0.99"               
[10] "0.99"                "0.99"                "0.99"               
[13] "0.99"                "0.99"                "0.99"               
[16] "0.99"                "0.99"                "0.99"               
[19] "0.99"                "0.99"                "0.99"               
[22] "0.987099426113534"   "0.987099426113534"   "0.99"               
[25] "0.99"                "0.981141751331515"   "0.981141751331515"  
[28] "0.986613897489492"   "0.986613897489492"   "0.935275783500085"  
[31] "0.935275783500085"   "0.262190277549177"   "0.262190277549177"  
[34] "0.00910533057103972" "0.00910533057103972" "0.0100633872819653" 
[37] "0.0100633872819653"  "0.0264209410718452"  "0.0264209410718452" 
[40] "0.0035477565852335"  "0.0035477565852335"  "beta :"             
[43] "1"                  
[1] " old Likelihood:  -8876694.24235221"
[1] "New Likelihood:  -8876581.68162442"
iter:  0  f-value:  14960.57  pgrad:  0.5488808 
iter:  10  f-value:  14960.36  pgrad:  1 
iter:  20  f-value:  14960.36  pgrad:  0.6414848 
iter:  30  f-value:  14960.36  pgrad:  0.6454866 
iter:  40  f-value:  14960.35  pgrad:  0.6250048 
iter:  50  f-value:  14960.35  pgrad:  0.5719085 
  Unsuccessful convergence.
Time difference of 18.64843 mins
[1] "maxIt: 20"
[1] "It: 8"
 [1] "sigma:"              "0.99"                "0.99"               
 [4] "0.974193363186822"   "0.974193363186822"   "0.987978680440401"  
 [7] "0.987978680440401"   "0.99"                "0.99"               
[10] "0.99"                "0.99"                "0.99"               
[13] "0.99"                "0.99"                "0.99"               
[16] "0.99"                "0.99"                "0.99"               
[19] "0.99"                "0.99"                "0.99"               
[22] "0.986582398895779"   "0.986582398895779"   "0.99"               
[25] "0.99"                "0.983005132541348"   "0.983005132541348"  
[28] "0.99"                "0.99"                "0.93388119270512"   
[31] "0.93388119270512"    "0.256903026210077"   "0.256903026210077"  
[34] "0.00957173526355565" "0.00957173526355565" "0.0132746114819814" 
[37] "0.0132746114819814"  "0.0283739102443988"  "0.0283739102443988" 
[40] "0.00380816335039291" "0.00380816335039291" "beta :"             
[43] "1"                  
 [1] "sigma:"              "0.99"                "0.99"               
 [4] "0.974193363186822"   "0.974193363186822"   "0.987978680440401"  
 [7] "0.987978680440401"   "0.99"                "0.99"               
[10] "0.99"                "0.99"                "0.99"               
[13] "0.99"                "0.99"                "0.99"               
[16] "0.99"                "0.99"                "0.99"               
[19] "0.99"                "0.99"                "0.99"               
[22] "0.986582398895779"   "0.986582398895779"   "0.99"               
[25] "0.99"                "0.983005132541348"   "0.983005132541348"  
[28] "0.99"                "0.99"                "0.93388119270512"   
[31] "0.93388119270512"    "0.256903026210077"   "0.256903026210077"  
[34] "0.00957173526355565" "0.00957173526355565" "0.0132746114819814" 
[37] "0.0132746114819814"  "0.0283739102443988"  "0.0283739102443988" 
[40] "0.00380816335039291" "0.00380816335039291" "beta :"             
[43] "1"                  
[1] " old Likelihood:  -8876581.68162442"
[1] "New Likelihood:  -8876516.8265083"
iter:  0  f-value:  14958.87  pgrad:  0.5478225 
iter:  10  f-value:  14958.77  pgrad:  0.9998779 
iter:  20  f-value:  14958.77  pgrad:  0.5565744 
iter:  30  f-value:  14958.77  pgrad:  0.5405127 
iter:  40  f-value:  14958.76  pgrad:  0.4933827 
iter:  50  f-value:  14958.76  pgrad:  0.459986 
  Unsuccessful convergence.
Time difference of 18.6455 mins
[1] "maxIt: 20"
[1] "It: 9"
 [1] "sigma:"              "0.99"                "0.99"               
 [4] "0.976907787268058"   "0.976907787268058"   "0.99"               
 [7] "0.99"                "0.99"                "0.99"               
[10] "0.99"                "0.99"                "0.99"               
[13] "0.99"                "0.989911625276742"   "0.989911625276742"  
[16] "0.989892297688829"   "0.989892297688829"   "0.99"               
[19] "0.99"                "0.99"                "0.99"               
[22] "0.985801184922047"   "0.985801184922047"   "0.989888422460295"  
[25] "0.989888422460295"   "0.985720816772047"   "0.985720816772047"  
[28] "0.99"                "0.99"                "0.934925000216231"  
[31] "0.934925000216231"   "0.249161745608664"   "0.249161745608664"  
[34] "0.00993988258148013" "0.00993988258148013" "0.0167016422081345" 
[37] "0.0167016422081345"  "0.0304277592424114"  "0.0304277592424114" 
[40] "0.00407937722038426" "0.00407937722038426" "beta :"             
[43] "1"                  
 [1] "sigma:"              "0.99"                "0.99"               
 [4] "0.976907787268058"   "0.976907787268058"   "0.99"               
 [7] "0.99"                "0.99"                "0.99"               
[10] "0.99"                "0.99"                "0.99"               
[13] "0.99"                "0.989911625276742"   "0.989911625276742"  
[16] "0.989892297688829"   "0.989892297688829"   "0.99"               
[19] "0.99"                "0.99"                "0.99"               
[22] "0.985801184922047"   "0.985801184922047"   "0.989888422460295"  
[25] "0.989888422460295"   "0.985720816772047"   "0.985720816772047"  
[28] "0.99"                "0.99"                "0.934925000216231"  
[31] "0.934925000216231"   "0.249161745608664"   "0.249161745608664"  
[34] "0.00993988258148013" "0.00993988258148013" "0.0167016422081345" 
[37] "0.0167016422081345"  "0.0304277592424114"  "0.0304277592424114" 
[40] "0.00407937722038426" "0.00407937722038426" "beta :"             
[43] "1"                  
[1] " old Likelihood:  -8876516.8265083"
[1] "New Likelihood:  -8876481.39589673"
iter:  0  f-value:  14963.92  pgrad:  0.5447968 
iter:  10  f-value:  14963.86  pgrad:  0.9998428 
iter:  20  f-value:  14963.85  pgrad:  0.4659341 
iter:  30  f-value:  14963.85  pgrad:  0.9995911 
iter:  40  f-value:  14963.85  pgrad:  0.4286812 
iter:  50  f-value:  14963.84  pgrad:  0.3971945 
  Unsuccessful convergence.
Time difference of 18.55546 mins
[1] "maxIt: 20"
[1] "It: 10"
 [1] "sigma:"              "0.99"                "0.99"               
 [4] "0.980216341429596"   "0.980216341429596"   "0.99"               
 [7] "0.99"                "0.99"                "0.99"               
[10] "0.99"                "0.99"                "0.99"               
[13] "0.99"                "0.989833292135092"   "0.989833292135092"  
[16] "0.989796281250213"   "0.989796281250213"   "0.99"               
[19] "0.99"                "0.99"                "0.99"               
[22] "0.985258446769033"   "0.985258446769033"   "0.989541818844971"  
[25] "0.989541818844971"   "0.987547259230781"   "0.987547259230781"  
[28] "0.99"                "0.99"                "0.936410772206732"  
[31] "0.936410772206732"   "0.239708015251441"   "0.239708015251441"  
[34] "0.0103823055251057"  "0.0103823055251057"  "0.0204310005592099" 
[37] "0.0204310005592099"  "0.0325978270857925"  "0.0325978270857925" 
[40] "0.00436149523946435" "0.00436149523946435" "beta :"             
[43] "1"                  
 [1] "sigma:"              "0.99"                "0.99"               
 [4] "0.980216341429596"   "0.980216341429596"   "0.99"               
 [7] "0.99"                "0.99"                "0.99"               
[10] "0.99"                "0.99"                "0.99"               
[13] "0.99"                "0.989833292135092"   "0.989833292135092"  
[16] "0.989796281250213"   "0.989796281250213"   "0.99"               
[19] "0.99"                "0.99"                "0.99"               
[22] "0.985258446769033"   "0.985258446769033"   "0.989541818844971"  
[25] "0.989541818844971"   "0.987547259230781"   "0.987547259230781"  
[28] "0.99"                "0.99"                "0.936410772206732"  
[31] "0.936410772206732"   "0.239708015251441"   "0.239708015251441"  
[34] "0.0103823055251057"  "0.0103823055251057"  "0.0204310005592099" 
[37] "0.0204310005592099"  "0.0325978270857925"  "0.0325978270857925" 
[40] "0.00436149523946435" "0.00436149523946435" "beta :"             
[43] "1"                  
[1] " old Likelihood:  -8876481.39589673"
[1] "New Likelihood:  -8876457.12403165"
iter:  0  f-value:  14973.69  pgrad:  0.5429191 
iter:  10  f-value:  14973.65  pgrad:  0.9994142 
iter:  20  f-value:  14973.65  pgrad:  0.4240246 
iter:  30  f-value:  14973.64  pgrad:  0.9776852 
iter:  40  f-value:  14973.64  pgrad:  0.3901914 
iter:  50  f-value:  14973.64  pgrad:  0.3271271 
  Unsuccessful convergence.
Time difference of 18.6746 mins
[1] "maxIt: 20"
[1] "It: 11"
 [1] "sigma:"              "0.99"                "0.99"               
 [4] "0.983690852742173"   "0.983690852742173"   "0.99"               
 [7] "0.99"                "0.99"                "0.99"               
[10] "0.99"                "0.99"                "0.99"               
[13] "0.99"                "0.989674910512408"   "0.989674910512408"  
[16] "0.98975033920163"    "0.98975033920163"    "0.99"               
[19] "0.99"                "0.99"                "0.99"               
[22] "0.984908257148081"   "0.984908257148081"   "0.989147798177748"  
[25] "0.989147798177748"   "0.988754315299103"   "0.988754315299103"  
[28] "0.99"                "0.99"                "0.938080404828773"  
[31] "0.938080404828773"   "0.229167216452547"   "0.229167216452547"  
[34] "0.0106946019671097"  "0.0106946019671097"  "0.0240075153052587" 
[37] "0.0240075153052587"  "0.0345993917670603"  "0.0345993917670603" 
[40] "0.00459836832537557" "0.00459836832537557" "beta :"             
[43] "1"                  
 [1] "sigma:"              "0.99"                "0.99"               
 [4] "0.983690852742173"   "0.983690852742173"   "0.99"               
 [7] "0.99"                "0.99"                "0.99"               
[10] "0.99"                "0.99"                "0.99"               
[13] "0.99"                "0.989674910512408"   "0.989674910512408"  
[16] "0.98975033920163"    "0.98975033920163"    "0.99"               
[19] "0.99"                "0.99"                "0.99"               
[22] "0.984908257148081"   "0.984908257148081"   "0.989147798177748"  
[25] "0.989147798177748"   "0.988754315299103"   "0.988754315299103"  
[28] "0.99"                "0.99"                "0.938080404828773"  
[31] "0.938080404828773"   "0.179667216452547"   "0.179667216452547"  
[34] "0.0106946019671097"  "0.0106946019671097"  "0.0240075153052587" 
[37] "0.0240075153052587"  "0.0345993917670604"  "0.0345993917670604" 
[40] "0.00459836832537557" "0.00459836832537557" "beta :"             
[43] "1"                  
[1] " old Likelihood:  -8876457.12403165"
[1] "New Likelihood:  -8876438.30792914"
iter:  0  f-value:  15159.53  pgrad:  0.5416146 
iter:  10  f-value:  15159.49  pgrad:  0.5610822 
iter:  20  f-value:  15159.48  pgrad:  0.2948582 
iter:  30  f-value:  15159.48  pgrad:  0.4720096 
iter:  40  f-value:  15159.48  pgrad:  0.2893103 
iter:  50  f-value:  15159.48  pgrad:  0.4825111 
  Unsuccessful convergence.
Time difference of 19.04413 mins
[1] "maxIt: 20"
[1] "It: 12"
 [1] "sigma:"              "0.99"                "0.99"               
 [4] "0.985542993759705"   "0.985542993759705"   "0.99"               
 [7] "0.99"                "0.99"                "0.99"               
[10] "0.99"                "0.99"                "0.99"               
[13] "0.99"                "0.989549423883392"   "0.989549423883392"  
[16] "0.989730081883647"   "0.989730081883647"   "0.99"               
[19] "0.99"                "0.99"                "0.99"               
[22] "0.984858730614903"   "0.984858730614903"   "0.988708553938668"  
[25] "0.988708553938668"   "0.989567809145593"   "0.989567809145593"  
[28] "0.99"                "0.99"                "0.93948621244684"   
[31] "0.93948621244684"    "0.17429907910148"    "0.17429907910148"   
[34] "0.0096123771641332"  "0.0096123771641332"  "0.025437665567877"  
[37] "0.025437665567877"   "0.0355090254941034"  "0.0355090254941034" 
[40] "0.00470667768277029" "0.00470667768277029" "beta :"             
[43] "1"                  
 [1] "sigma:"              "0.99"                "0.99"               
 [4] "0.985542993759705"   "0.985542993759705"   "0.99"               
 [7] "0.99"                "0.99"                "0.99"               
[10] "0.99"                "0.99"                "0.99"               
[13] "0.99"                "0.989549423883392"   "0.989549423883392"  
[16] "0.989730081883647"   "0.989730081883647"   "0.99"               
[19] "0.99"                "0.99"                "0.99"               
[22] "0.984858730614903"   "0.984858730614903"   "0.988708553938668"  
[25] "0.988708553938668"   "0.989567809145593"   "0.989567809145593"  
[28] "0.99"                "0.99"                "0.93948621244684"   
[31] "0.93948621244684"    "0.17429907910148"    "0.17429907910148"   
[34] "0.0096123771641332"  "0.0096123771641332"  "0.0254376655678769" 
[37] "0.0254376655678769"  "0.0355090254941034"  "0.0355090254941034" 
[40] "0.00470667768277029" "0.00470667768277029" "beta :"             
[43] "1"                  
[1] " old Likelihood:  -8876438.30792914"
[1] "New Likelihood:  -8876419.5904206"
iter:  0  f-value:  15147.55  pgrad:  0.5404979 
iter:  10  f-value:  15147.52  pgrad:  0.4821085 
iter:  20  f-value:  15147.52  pgrad:  0.3238711 
iter:  30  f-value:  15147.51  pgrad:  0.5179583 
iter:  40  f-value:  15147.51  pgrad:  0.3053174 
iter:  50  f-value:  15147.51  pgrad:  0.5146088 
  Unsuccessful convergence.
Time difference of 18.6236 mins
[1] "maxIt: 20"
[1] "It: 13"
 [1] "sigma:"              "0.99"                "0.99"               
 [4] "0.987843904212128"   "0.987843904212128"   "0.99"               
 [7] "0.99"                "0.99"                "0.99"               
[10] "0.99"                "0.99"                "0.99"               
[13] "0.99"                "0.989378151787774"   "0.989378151787774"  
[16] "0.989689033621209"   "0.989689033621209"   "0.99"               
[19] "0.99"                "0.99"                "0.99"               
[22] "0.984839224508369"   "0.984839224508369"   "0.988426454437884"  
[25] "0.988426454437884"   "0.99"                "0.99"               
[28] "0.99"                "0.99"                "0.940949559683204"  
[31] "0.940949559683204"   "0.167562662545974"   "0.167562662545974"  
[34] "0.00904646631910859" "0.00904646631910859" "0.0273962706635116" 
[37] "0.0273962706635116"  "0.036553154575543"   "0.036553154575543"  
[40] "0.00482045672392525" "0.00482045672392525" "beta :"             
[43] "1"                  
 [1] "sigma:"              "0.99"                "0.99"               
 [4] "0.987843904212128"   "0.987843904212128"   "0.99"               
 [7] "0.99"                "0.99"                "0.99"               
[10] "0.99"                "0.99"                "0.99"               
[13] "0.99"                "0.989378151787774"   "0.989378151787774"  
[16] "0.989689033621209"   "0.989689033621209"   "0.99"               
[19] "0.99"                "0.99"                "0.99"               
[22] "0.984839224508369"   "0.984839224508369"   "0.988426454437884"  
[25] "0.988426454437884"   "0.99"                "0.99"               
[28] "0.99"                "0.99"                "0.940949559683204"  
[31] "0.940949559683204"   "0.167562662545974"   "0.167562662545974"  
[34] "0.00904646631910859" "0.00904646631910859" "0.0273962706635116" 
[37] "0.0273962706635116"  "0.036553154575543"   "0.036553154575543"  
[40] "0.00482045672392524" "0.00482045672392524" "beta :"             
[43] "1"                  
[1] " old Likelihood:  -8876419.5904206"
[1] "New Likelihood:  -8876407.28278745"
iter:  0  f-value:  15147.37  pgrad:  0.5397508 
iter:  10  f-value:  15147.34  pgrad:  0.4384045 
iter:  20  f-value:  15147.34  pgrad:  0.3155219 
iter:  30  f-value:  15147.34  pgrad:  0.2978777 
iter:  40  f-value:  15147.33  pgrad:  0.2815796 
iter:  50  f-value:  15147.33  pgrad:  0.2590241 
  Unsuccessful convergence.
Time difference of 18.19136 mins
[1] "maxIt: 20"
[1] "It: 14"
 [1] "sigma:"              "0.99"                "0.99"               
 [4] "0.99"                "0.99"                "0.99"               
 [7] "0.99"                "0.99"                "0.99"               
[10] "0.99"                "0.99"                "0.99"               
[13] "0.99"                "0.989164197043559"   "0.989164197043559"  
[16] "0.989647835384233"   "0.989647835384233"   "0.99"               
[19] "0.99"                "0.99"                "0.99"               
[22] "0.984795890317844"   "0.984795890317844"   "0.988447032382267"  
[25] "0.988447032382267"   "0.99"                "0.99"               
[28] "0.99"                "0.99"                "0.942539159147298"  
[31] "0.942539159147298"   "0.159290407481246"   "0.159290407481246"  
[34] "0.00884364848024136" "0.00884364848024136" "0.0298306352108579" 
[37] "0.0298306352108579"  "0.0377092031404714"  "0.0377092031404714" 
[40] "0.00493386954243376" "0.00493386954243376" "beta :"             
[43] "1"                  
 [1] "sigma:"              "0.99"                "0.99"               
 [4] "0.99"                "0.99"                "0.99"               
 [7] "0.99"                "0.99"                "0.99"               
[10] "0.99"                "0.99"                "0.99"               
[13] "0.99"                "0.989164197043559"   "0.989164197043559"  
[16] "0.989647835384233"   "0.989647835384233"   "0.99"               
[19] "0.99"                "0.99"                "0.99"               
[22] "0.984795890317844"   "0.984795890317844"   "0.988447032382267"  
[25] "0.988447032382267"   "0.99"                "0.99"               
[28] "0.99"                "0.99"                "0.942539159147298"  
[31] "0.942539159147298"   "0.159290407481246"   "0.159290407481246"  
[34] "0.00884364848024136" "0.00884364848024136" "0.0298306352108579" 
[37] "0.0298306352108579"  "0.0377092031404714"  "0.0377092031404714" 
[40] "0.00493386954243376" "0.00493386954243376" "beta :"             
[43] "1"                  
[1] " old Likelihood:  -8876407.28278745"
[1] "New Likelihood:  -8876397.725394"
iter:  0  f-value:  15153.43  pgrad:  0.5390448 
iter:  10  f-value:  15153.41  pgrad:  0.4379096 
iter:  20  f-value:  15153.41  pgrad:  0.2829802 
iter:  30  f-value:  15153.41  pgrad:  0.2795605 
iter:  40  f-value:  15153.4  pgrad:  0.6183109 
iter:  50  f-value:  15153.4  pgrad:  0.23756 
  Unsuccessful convergence.
Time difference of 18.09092 mins
[1] "maxIt: 20"
[1] "It: 15"
 [1] "sigma:"              "0.99"                "0.99"               
 [4] "0.99"                "0.99"                "0.99"               
 [7] "0.99"                "0.99"                "0.99"               
[10] "0.99"                "0.99"                "0.99"               
[13] "0.99"                "0.98912687745321"    "0.98912687745321"   
[16] "0.989690492517402"   "0.989690492517402"   "0.99"               
[19] "0.99"                "0.99"                "0.99"               
[22] "0.984757793315303"   "0.984757793315303"   "0.988425705335097"  
[25] "0.988425705335097"   "0.99"                "0.99"               
[28] "0.99"                "0.99"                "0.944083870698308"  
[31] "0.944083870698308"   "0.150905040812544"   "0.150905040812544"  
[34] "0.00883040936944988" "0.00883040936944988" "0.0321856199023376" 
[37] "0.0321856199023376"  "0.0387130175133083"  "0.0387130175133083" 
[40] "0.00502071493783187" "0.00502071493783187" "beta :"             
[43] "1"                  
 [1] "sigma:"              "0.99"                "0.99"               
 [4] "0.99"                "0.99"                "0.99"               
 [7] "0.99"                "0.99"                "0.99"               
[10] "0.99"                "0.99"                "0.99"               
[13] "0.99"                "0.98912687745321"    "0.98912687745321"   
[16] "0.989690492517402"   "0.989690492517402"   "0.99"               
[19] "0.99"                "0.99"                "0.99"               
[22] "0.984757793315303"   "0.984757793315303"   "0.988425705335097"  
[25] "0.988425705335097"   "0.99"                "0.99"               
[28] "0.99"                "0.99"                "0.944083870698308"  
[31] "0.944083870698308"   "0.101405040812544"   "0.101405040812544"  
[34] "0.00883040936944988" "0.00883040936944988" "0.0321856199023376" 
[37] "0.0321856199023376"  "0.0387130175133083"  "0.0387130175133083" 
[40] "0.00502071493783187" "0.00502071493783187" "beta :"             
[43] "1"                  
[1] " old Likelihood:  -8876397.725394"
[1] "New Likelihood:  -8876389.55910019"
iter:  0  f-value:  15323.8  pgrad:  0.5452966 
iter:  10  f-value:  15323.77  pgrad:  0.562081 
iter:  20  f-value:  15323.77  pgrad:  0.1795161 
iter:  30  f-value:  15323.77  pgrad:  0.188702 
iter:  40  f-value:  15323.76  pgrad:  0.1818989 
iter:  50  f-value:  15323.76  pgrad:  0.1780427 
  Unsuccessful convergence.
Time difference of 18.66815 mins
[1] "maxIt: 20"
[1] "It: 16"
 [1] "sigma:"              "0.99"                "0.99"               
 [4] "0.99"                "0.99"                "0.99"               
 [7] "0.99"                "0.99"                "0.99"               
[10] "0.99"                "0.99"                "0.99"               
[13] "0.99"                "0.989132438000136"   "0.989132438000136"  
[16] "0.989717522933244"   "0.989717522933244"   "0.99"               
[19] "0.99"                "0.99"                "0.99"               
[22] "0.984751870952458"   "0.984751870952458"   "0.988394349436659"  
[25] "0.988394349436659"   "0.99"                "0.99"               
[28] "0.99"                "0.99"                "0.945472520583137"  
[31] "0.945472520583137"   "0.0952030589595136"  "0.0952030589595136" 
[34] "0.0072629368666155"  "0.0072629368666155"  "0.033543198735173"  
[37] "0.033543198735173"   "0.0393682851500359"  "0.0393682851500359" 
[40] "0.00506954477354044" "0.00506954477354044" "beta :"             
[43] "1"                  
 [1] "sigma:"              "0.99"                "0.99"               
 [4] "0.99"                "0.99"                "0.99"               
 [7] "0.99"                "0.99"                "0.99"               
[10] "0.99"                "0.99"                "0.99"               
[13] "0.99"                "0.989132438000136"   "0.989132438000136"  
[16] "0.989717522933244"   "0.989717522933244"   "0.99"               
[19] "0.99"                "0.99"                "0.99"               
[22] "0.984751870952458"   "0.984751870952458"   "0.988394349436659"  
[25] "0.988394349436659"   "0.99"                "0.99"               
[28] "0.99"                "0.99"                "0.945472520583137"  
[31] "0.945472520583137"   "0.0952030589595135"  "0.0952030589595135" 
[34] "0.0072629368666155"  "0.0072629368666155"  "0.033543198735173"  
[37] "0.033543198735173"   "0.0393682851500359"  "0.0393682851500359" 
[40] "0.00506954477354044" "0.00506954477354044" "beta :"             
[43] "1"                  
[1] " old Likelihood:  -8876389.55910019"
[1] "New Likelihood:  -8876377.75171594"
iter:  0  f-value:  15313.31  pgrad:  0.4958842 
iter:  10  f-value:  15313.29  pgrad:  0.2435627 
iter:  20  f-value:  15313.29  pgrad:  0.5195674 
iter:  30  f-value:  15313.29  pgrad:  0.2255729 
iter:  40  f-value:  15313.29  pgrad:  0.1967965 
iter:  50  f-value:  15313.29  pgrad:  0.1820808 
  Unsuccessful convergence.
Time difference of 18.1298 mins
[1] "maxIt: 20"
[1] "It: 17"
 [1] "sigma:"              "0.99"                "0.99"               
 [4] "0.99"                "0.99"                "0.99"               
 [7] "0.99"                "0.99"                "0.99"               
[10] "0.99"                "0.99"                "0.99"               
[13] "0.99"                "0.989180539819579"   "0.989180539819579"  
[16] "0.989704107448611"   "0.989704107448611"   "0.99"               
[19] "0.99"                "0.99"                "0.99"               
[22] "0.984759475523349"   "0.984759475523349"   "0.988305075452069"  
[25] "0.988305075452069"   "0.99"                "0.99"               
[28] "0.99"                "0.99"                "0.946860664290656"  
[31] "0.946860664290656"   "0.0868502781661543"  "0.0868502781661543" 
[34] "0.00638201757301594" "0.00638201757301594" "0.0359173713198804" 
[37] "0.0359173713198804"  "0.040259513566175"   "0.040259513566175"  
[40] "0.00511513745414637" "0.00511513745414637" "beta :"             
[43] "1"                  
 [1] "sigma:"              "0.99"                "0.99"               
 [4] "0.99"                "0.99"                "0.99"               
 [7] "0.99"                "0.99"                "0.99"               
[10] "0.99"                "0.99"                "0.99"               
[13] "0.99"                "0.989180539819579"   "0.989180539819579"  
[16] "0.989704107448611"   "0.989704107448611"   "0.99"               
[19] "0.99"                "0.99"                "0.99"               
[22] "0.984759475523349"   "0.984759475523349"   "0.988305075452069"  
[25] "0.988305075452069"   "0.99"                "0.99"               
[28] "0.99"                "0.99"                "0.946860664290656"  
[31] "0.946860664290656"   "0.0868502781661543"  "0.0868502781661543" 
[34] "0.00638201757301594" "0.00638201757301594" "0.0359173713198804" 
[37] "0.0359173713198804"  "0.040259513566175"   "0.040259513566175"  
[40] "0.00511513745414637" "0.00511513745414637" "beta :"             
[43] "1"                  
[1] " old Likelihood:  -8876377.75171594"
[1] "New Likelihood:  -8876370.35613486"
iter:  0  f-value:  15315.79  pgrad:  0.4946869 
iter:  10  f-value:  15315.78  pgrad:  0.4376747 
iter:  20  f-value:  15315.78  pgrad:  0.2381603 
iter:  30  f-value:  15315.78  pgrad:  0.5158492 
iter:  40  f-value:  15315.78  pgrad:  0.2156594 
iter:  50  f-value:  15315.78  pgrad:  0.2056549 
  Unsuccessful convergence.
Time difference of 18.1698 mins
[1] "maxIt: 20"
[1] "It: 18"
 [1] "sigma:"              "0.99"                "0.99"               
 [4] "0.99"                "0.99"                "0.99"               
 [7] "0.99"                "0.99"                "0.99"               
[10] "0.99"                "0.99"                "0.99"               
[13] "0.99"                "0.989230326320486"   "0.989230326320486"  
[16] "0.989682683222491"   "0.989682683222491"   "0.99"               
[19] "0.99"                "0.99"                "0.99"               
[22] "0.984791217374887"   "0.984791217374887"   "0.988235667875249"  
[25] "0.988235667875249"   "0.99"                "0.99"               
[28] "0.99"                "0.99"                "0.947963417717511"  
[31] "0.947963417717511"   "0.0813265559245824"  "0.0813265559245824" 
[34] "0.00606059063937516" "0.00606059063937516" "0.0374325891201134" 
[37] "0.0374325891201134"  "0.0407364828217753"  "0.0407364828217753" 
[40] "0.00513340740319241" "0.00513340740319241" "beta :"             
[43] "1"                  
 [1] "sigma:"              "0.99"                "0.99"               
 [4] "0.99"                "0.99"                "0.99"               
 [7] "0.99"                "0.99"                "0.99"               
[10] "0.99"                "0.99"                "0.99"               
[13] "0.99"                "0.989230326320486"   "0.989230326320486"  
[16] "0.989682683222491"   "0.989682683222491"   "0.99"               
[19] "0.99"                "0.99"                "0.99"               
[22] "0.984791217374887"   "0.984791217374887"   "0.988235667875249"  
[25] "0.988235667875249"   "0.99"                "0.99"               
[28] "0.99"                "0.99"                "0.947963417717511"  
[31] "0.947963417717511"   "0.0813265559245824"  "0.0813265559245824" 
[34] "0.00606059063937516" "0.00606059063937516" "0.0374325891201134" 
[37] "0.0374325891201134"  "0.0407364828217752"  "0.0407364828217752" 
[40] "0.00513340740319241" "0.00513340740319241" "beta :"             
[43] "1"                  
[1] " old Likelihood:  -8876370.35613486"
[1] "New Likelihood:  -8876365.34789828"
iter:  0  f-value:  15317.48  pgrad:  0.4938268 
iter:  10  f-value:  15317.47  pgrad:  0.385171 
iter:  20  f-value:  15317.47  pgrad:  0.2260094 
iter:  30  f-value:  15317.47  pgrad:  0.9373434 
iter:  40  f-value:  15317.47  pgrad:  0.2004163 
iter:  50  f-value:  15317.46  pgrad:  0.1822627 
  Unsuccessful convergence.
Time difference of 18.15451 mins
[1] "maxIt: 20"
[1] "It: 19"
 [1] "sigma:"              "0.99"                "0.99"               
 [4] "0.99"                "0.99"                "0.99"               
 [7] "0.99"                "0.99"                "0.99"               
[10] "0.99"                "0.99"                "0.99"               
[13] "0.99"                "0.989311629229548"   "0.989311629229548"  
[16] "0.989632460159266"   "0.989632460159266"   "0.99"               
[19] "0.99"                "0.99"                "0.99"               
[22] "0.984824206926788"   "0.984824206926788"   "0.988147896738689"  
[25] "0.988147896738689"   "0.99"                "0.99"               
[28] "0.99"                "0.99"                "0.949131132150202"  
[31] "0.949131132150202"   "0.074177457961917"   "0.074177457961917"  
[34] "0.00589802856770369" "0.00589802856770369" "0.039395675004961"  
[37] "0.039395675004961"   "0.0412518117841012"  "0.0412518117841012" 
[40] "0.00511347574251709" "0.00511347574251709" "beta :"             
[43] "1"                  
 [1] "sigma:"              "0.99"                "0.99"               
 [4] "0.99"                "0.99"                "0.99"               
 [7] "0.99"                "0.99"                "0.99"               
[10] "0.99"                "0.99"                "0.99"               
[13] "0.99"                "0.989311629229548"   "0.989311629229548"  
[16] "0.989632460159266"   "0.989632460159266"   "0.99"               
[19] "0.99"                "0.99"                "0.99"               
[22] "0.984824206926788"   "0.984824206926788"   "0.988147896738689"  
[25] "0.988147896738689"   "0.99"                "0.99"               
[28] "0.99"                "0.99"                "0.949131132150202"  
[31] "0.949131132150202"   "0.074177457961917"   "0.074177457961917"  
[34] "0.00589802856770369" "0.00589802856770369" "0.039395675004961"  
[37] "0.039395675004961"   "0.0412518117841012"  "0.0412518117841012" 
[40] "0.0546134757425171"  "0.0546134757425171"  "beta :"             
[43] "1"                  
[1] " old Likelihood:  -8876365.34789828"
[1] "New Likelihood:  -8876360.71080744"
iter:  0  f-value:  15318.69  pgrad:  0.4930161 
iter:  10  f-value:  15318.68  pgrad:  0.4366237 
iter:  20  f-value:  15318.68  pgrad:  0.2529305 
iter:  30  f-value:  15318.68  pgrad:  0.2831257 
iter:  40  f-value:  15318.68  pgrad:  0.4846125 
iter:  50  f-value:  15318.68  pgrad:  0.2094748 
  Unsuccessful convergence.
Time difference of 18.65899 mins
[1] "maxIt: 20"
[1] "It: 20"
 [1] "sigma:"              "0.99"                "0.99"               
 [4] "0.99"                "0.99"                "0.99"               
 [7] "0.99"                "0.99"                "0.99"               
[10] "0.99"                "0.99"                "0.99"               
[13] "0.99"                "0.98938222808138"    "0.98938222808138"   
[16] "0.989584454868942"   "0.989584454868942"   "0.99"               
[19] "0.99"                "0.99"                "0.99"               
[22] "0.984863231358144"   "0.984863231358144"   "0.988062410559469"  
[25] "0.988062410559469"   "0.99"                "0.99"               
[28] "0.99"                "0.99"                "0.950150858055426"  
[31] "0.950150858055426"   "0.068222215018536"   "0.068222215018536"  
[34] "0.00593846347397461" "0.00593846347397461" "0.0412079206464686" 
[37] "0.0412079206464686"  "0.0418223917007012"  "0.0418223917007012" 
[40] "0.0546135669613596"  "0.0546135669613596"  "beta :"             
[43] "1"                  
 [1] "sigma:"              "0.99"                "0.99"               
 [4] "0.99"                "0.99"                "0.99"               
 [7] "0.99"                "0.99"                "0.99"               
[10] "0.99"                "0.99"                "0.99"               
[13] "0.99"                "0.98938222808138"    "0.98938222808138"   
[16] "0.989584454868942"   "0.989584454868942"   "0.99"               
[19] "0.99"                "0.99"                "0.99"               
[22] "0.984863231358144"   "0.984863231358144"   "0.988062410559469"  
[25] "0.988062410559469"   "0.99"                "0.99"               
[28] "0.99"                "0.99"                "0.950150858055426"  
[31] "0.950150858055426"   "0.068222215018536"   "0.068222215018536"  
[34] "0.00593846347397462" "0.00593846347397462" "0.0412079206464686" 
[37] "0.0412079206464686"  "0.0418223917007012"  "0.0418223917007012" 
[40] "0.0546135669613596"  "0.0546135669613596"  "beta :"             
[43] "1"                  
[1] " old Likelihood:  -8876360.71080744"
[1] "New Likelihood:  -8876356.67494601"
iter:  0  f-value:  15324.82  pgrad:  0.4923564 
iter:  10  f-value:  15324.81  pgrad:  0.4361374 
iter:  20  f-value:  15324.81  pgrad:  0.228174 
iter:  30  f-value:  15324.81  pgrad:  0.5165195 
iter:  40  f-value:  15324.81  pgrad:  0.1968692 
iter:  50  f-value:  15324.81  pgrad:  0.1886838 
  Unsuccessful convergence.
Time difference of 18.59604 mins
 [1] "sigma:"              "0.99"                "0.99"               
 [4] "0.99"                "0.99"                "0.99"               
 [7] "0.99"                "0.99"                "0.99"               
[10] "0.99"                "0.99"                "0.99"               
[13] "0.99"                "0.989460421858195"   "0.989460421858195"  
[16] "0.989529033275625"   "0.989529033275625"   "0.99"               
[19] "0.99"                "0.99"                "0.99"               
[22] "0.984909166157351"   "0.984909166157351"   "0.987972163593446"  
[25] "0.987972163593446"   "0.99"                "0.99"               
[28] "0.99"                "0.99"                "0.951126621695479"  
[31] "0.951126621695479"   "0.0621444242057336"  "0.0621444242057336" 
[34] "0.00592353219960257" "0.00592353219960257" "0.0428777078509704" 
[37] "0.0428777078509704"  "0.0422701655417081"  "0.0422701655417081" 
[40] "0.0545963540167435"  "0.0545963540167435"  "beta :"             
[43] "1"                  
[1] 1999876 1999758 1998540 1999738 1999382
[1] 1 1 1 1 1
saved RDS
inference successful
