[1] "Original length"
[1] 999967
[1] "Final length"
[1] 13900
[1] "sequence length : 999968" "sequence length : 999812"
[3] "sequence length : 999890" "sequence length : 999921"
[5] "sequence length : 999614"
[1] "former Rho:"
[1]  936.3095  995.2367 1261.5055  990.3584 1132.3065
[1] "old mu :"
[1] 0.0004681697 0.0004977119 0.0006308222 0.0004952183 0.0005663719
[1] "new mu :"
[1] 0.0005316588
[1] "new Rho:"
[1] 1063.284 1063.118 1063.201 1063.234 1062.907
[1] 1 1 1 1 1
[1] "Beta: 1"
[1] "Self: 0"
[1] 1
[1] "Rho"
[1] 1063.284 1063.118 1063.201 1063.234 1062.907
[1] "It: 1"
[1] "sigma:" "0"      "beta :" "1"     
[1] "rho/theta:" "1"         
[1] "sigma:" "0.9405" "beta :" "1"     
[1] "rho/theta:" "1"         
Time difference of 1.730969 secs
[1] "New Likelihood:  -7409055.27882455"
[1] 4999200
[1] 4999205
iter:  0  f-value:  3196.574  pgrad:  0.5 
iter:  10  f-value:  3147.647  pgrad:  0.8545749 
iter:  20  f-value:  3142.587  pgrad:  0.5704769 
iter:  30  f-value:  3142.278  pgrad:  0.5561478 
  Unsuccessful convergence.
[1] 0.96614
 [1] "Xi: 0.497682674001791" "Xi: 0.502594239389002" "Xi: 0.507972117292684"
 [4] "Xi: 0.52067637492785"  "Xi: 0.554195146660394" "Xi: 0.562742408648084"
 [7] "Xi: 0.562009715588727" "Xi: 0.561029515838004" "Xi: 0.556147794163143"
[10] "Xi: 0.549296913093319" "Xi: 0.53282316603871"  "Xi: 0.514464799123654"
[13] "Xi: 0.508976339791606" "Xi: 0.516274969881405" "Xi: 0.545443357261735"
[16] "Xi: 0.570285087075473" "Xi: 0.568467567579187" "Xi: 0.539788735812388"
[19] "Xi: 0.52143554129784"  "Xi: 0.519015446558965"
Time difference of 31.3111 mins
[1] "Rho"
[1] 1063.284 1063.118 1063.201 1063.234 1062.907
[1] "It: 2"
[1] "sigma:"           "0.95647862786445" "beta :"           "1"               
[1] "rho/theta:" "1"         
Time difference of 1.682916 secs
[1] " old Likelihood:  -7409055.27882455"
[1] "New Likelihood:  -7394578.08256466"
[1] 4999200
[1] 4999205
iter:  0  f-value:  3054.561  pgrad:  0.5089763 
iter:  10  f-value:  3048.454  pgrad:  0.5913221 
iter:  20  f-value:  3047.527  pgrad:  0.560667 
iter:  30  f-value:  3047.467  pgrad:  0.559737 
  Unsuccessful convergence.
[1] 0.9693636
 [1] "Xi: 0.495896480743391" "Xi: 0.503210825077126" "Xi: 0.509844444060324"
 [4] "Xi: 0.52444888494715"  "Xi: 0.561318000870804" "Xi: 0.572512462641485"
 [7] "Xi: 0.549380316504152" "Xi: 0.546477797111628" "Xi: 0.527732840850434"
[10] "Xi: 0.559694478390134" "Xi: 0.550544682695541" "Xi: 0.521776300104635"
[13] "Xi: 0.512194677744822" "Xi: 0.524590552670843" "Xi: 0.572891985662664"
[16] "Xi: 0.601034614912643" "Xi: 0.59101243356433"  "Xi: 0.555919399679232"
[19] "Xi: 0.531578477194357" "Xi: 0.526236210918912"
Time difference of 3.623783 mins
[1] "Rho"
[1] 1063.284 1063.118 1063.201 1063.234 1062.907
[1] "It: 3"
[1] "sigma:"            "0.959669963973109" "beta :"           
[4] "1"                
[1] "rho/theta:" "1"         
Time difference of 1.672113 secs
[1] " old Likelihood:  -7394578.08256466"
[1] "New Likelihood:  -7392677.62124506"
[1] 4999200
[1] 4999205
iter:  0  f-value:  3024.506  pgrad:  0.5245906 
iter:  10  f-value:  3023.435  pgrad:  0.5305918 
iter:  20  f-value:  3023.421  pgrad:  0.9703703 
iter:  30  f-value:  3023.42  pgrad:  0.4457949 
  Unsuccessful convergence.
[1] 0.9702608
 [1] "Xi: 0.495386322162711" "Xi: 0.503321819864747" "Xi: 0.510235936829709"
 [4] "Xi: 0.525258610019678" "Xi: 0.562983305632967" "Xi: 0.57512018822731" 
 [7] "Xi: 0.548856054897105" "Xi: 0.550655725050739" "Xi: 0.527566941339114"
[10] "Xi: 0.554500023283576" "Xi: 0.551777772325797" "Xi: 0.522030457578566"
[13] "Xi: 0.510828492441553" "Xi: 0.524813934693951" "Xi: 0.585433563430329"
[16] "Xi: 0.613080619211553" "Xi: 0.597722746774811" "Xi: 0.562815733688456"
[19] "Xi: 0.537174522222404" "Xi: 0.529894906986717"
Time difference of 3.609761 mins
[1] "Rho"
[1] 1063.284 1063.118 1063.201 1063.234 1062.907
[1] "It: 4"
[1] "sigma:"            "0.960558219578392" "beta :"           
[4] "1"                
[1] "rho/theta:" "1"         
Time difference of 1.755681 secs
[1] " old Likelihood:  -7392677.62124506"
[1] "New Likelihood:  -7392371.64796835"
[1] 4999200
[1] 4999205
iter:  0  f-value:  3017.808  pgrad:  0.5248139 
iter:  10  f-value:  3017.568  pgrad:  0.5989815 
iter:  20  f-value:  3017.576  pgrad:  0.9709488 
iter:  30  f-value:  3017.566  pgrad:  0.125151 
  Unsuccessful convergence.
[1] 0.9705931
 [1] "Xi: 0.495082827906954" "Xi: 0.503377297573625" "Xi: 0.510446110722618"
 [4] "Xi: 0.52568863120952"  "Xi: 0.563878150073393" "Xi: 0.576507657125832"
 [7] "Xi: 0.548241468337474" "Xi: 0.552398160553575" "Xi: 0.528087130919"   
[10] "Xi: 0.553214516766677" "Xi: 0.553003611761231" "Xi: 0.522055820932494"
[13] "Xi: 0.50936579232054"  "Xi: 0.522824179877433" "Xi: 0.591998137883438"
[16] "Xi: 0.618188646835734" "Xi: 0.598859191800193" "Xi: 0.565971185647804"
[19] "Xi: 0.540709584757124" "Xi: 0.532108367104642"
Time difference of 3.612354 mins
[1] "Rho"
[1] 1063.284 1063.118 1063.201 1063.234 1062.907
[1] "It: 5"
[1] "sigma:"            "0.960887142065123" "beta :"           
[4] "1"                
[1] "rho/theta:" "1"         
Time difference of 1.683322 secs
[1] " old Likelihood:  -7392371.64796835"
[1] "New Likelihood:  -7392293.3436564"
[1] 4999200
[1] 4999205
iter:  0  f-value:  3016.027  pgrad:  0.9705931 
iter:  10  f-value:  3015.939  pgrad:  0.4794401 
iter:  20  f-value:  3015.938  pgrad:  0.1159469 
iter:  30  f-value:  3015.938  pgrad:  0.1701164 
  Unsuccessful convergence.
[1] 0.9706939
 [1] "Xi: 0.495032478329377" "Xi: 0.503388119416928" "Xi: 0.5104823333828"  
 [4] "Xi: 0.5257615140139"   "Xi: 0.564029105198933" "Xi: 0.576737843927425"
 [7] "Xi: 0.548117400782248" "Xi: 0.552666861010447" "Xi: 0.528173640767097"
[10] "Xi: 0.55293768718042"  "Xi: 0.55333487035042"  "Xi: 0.522173487182121"
[13] "Xi: 0.508509042036569" "Xi: 0.520605465067215" "Xi: 0.596140543346412"
[16] "Xi: 0.620741385614491" "Xi: 0.59814136346858"  "Xi: 0.567518139443804"
[19] "Xi: 0.543129438002741" "Xi: 0.533512536901114"
Time difference of 3.612435 mins
[1] "Rho"
[1] 1063.284 1063.118 1063.201 1063.234 1062.907
[1] "It: 6"
[1] "sigma:"            "0.960986996058859" "beta :"           
[4] "1"                
[1] "rho/theta:" "1"         
Time difference of 1.69297 secs
[1] " old Likelihood:  -7392293.3436564"
[1] "New Likelihood:  -7392259.90099165"
[1] 4999200
[1] 4999205
iter:  0  f-value:  3017.633  pgrad:  0.9706939 
iter:  10  f-value:  3017.586  pgrad:  0.4031498 
iter:  20  f-value:  3017.586  pgrad:  0.08778443 
iter:  30  f-value:  3017.586  pgrad:  0.07614744 
  Unsuccessful convergence.
[1] 0.970712
 [1] "Xi: 0.494992026115483" "Xi: 0.503396670454184" "Xi: 0.510510855840299"
 [4] "Xi: 0.52581924179399"  "Xi: 0.564149214289231" "Xi: 0.57692166585666" 
 [7] "Xi: 0.548014031985614" "Xi: 0.552874850721274" "Xi: 0.528231778588288"
[10] "Xi: 0.552691615102031" "Xi: 0.553560550488605" "Xi: 0.5223838328725"  
[13] "Xi: 0.508202317213824" "Xi: 0.518668980550773" "Xi: 0.599163351375517"
[16] "Xi: 0.622321961669358" "Xi: 0.596936084334504" "Xi: 0.568343147132055"
[19] "Xi: 0.54487495296527"  "Xi: 0.534410611923584"
Time difference of 3.615997 mins
[1] "Rho"
[1] 1063.284 1063.118 1063.201 1063.234 1062.907
[1] "It: 7"
[1] "sigma:"            "0.961004863267784" "beta :"           
[4] "1"                
[1] "rho/theta:" "1"         
Time difference of 1.672036 secs
[1] " old Likelihood:  -7392259.90099165"
[1] "New Likelihood:  -7392240.73806975"
[1] 4999200
[1] 4999205
iter:  0  f-value:  3020.064  pgrad:  0.970712 
iter:  10  f-value:  3020.035  pgrad:  0.5688747 
iter:  20  f-value:  3020.035  pgrad:  0.1097442 
iter:  30  f-value:  3020.035  pgrad:  0.07572453 
  Unsuccessful convergence.
[1] 0.9706957
 [1] "Xi: 0.4949508260722"   "Xi: 0.503405172419963" "Xi: 0.51054012113181" 
 [4] "Xi: 0.52587741386372"  "Xi: 0.564269492481966" "Xi: 0.57710551328831" 
 [7] "Xi: 0.547908951399537" "Xi: 0.55308074996035"  "Xi: 0.528289228717536"
[10] "Xi: 0.552443154513426" "Xi: 0.553732037983636" "Xi: 0.522589501802834"
[13] "Xi: 0.508247294740564" "Xi: 0.517058202830319" "Xi: 0.601536245890714"
[16] "Xi: 0.623491942281068" "Xi: 0.595727412136735" "Xi: 0.568825641969578"
[19] "Xi: 0.546176966514674" "Xi: 0.534972324310938"
Time difference of 3.617056 mins
[1] "Rho"
[1] 1063.284 1063.118 1063.201 1063.234 1062.907
[1] "It: 8"
[1] "sigma:"            "0.960988767377225" "beta :"           
[4] "1"                
[1] "rho/theta:" "1"         
Time difference of 1.681295 secs
[1] " old Likelihood:  -7392240.73806975"
[1] "New Likelihood:  -7392228.47671374"
[1] 4999200
[1] 4999205
iter:  0  f-value:  3022.693  pgrad:  0.9706957 
iter:  10  f-value:  3022.675  pgrad:  0.5604124 
iter:  20  f-value:  3022.674  pgrad:  0.08483767 
iter:  30  f-value:  2669.497  pgrad:  0.9998655 
  Unsuccessful convergence.
[1] 0.9848044
 [1] "Xi: 5.52626978089753e-06" "Xi: 0.999998551558349"   
 [3] "Xi: 0.99999614074259"     "Xi: 0.99999375009159"    
 [5] "Xi: 0.999990307782247"    "Xi: 0.999986323332036"   
 [7] "Xi: 0.00288550981606915"  "Xi: 0.999853539960629"   
 [9] "Xi: 0.999515547775498"    "Xi: 0.0660426897733357"  
[11] "Xi: 0.998284255726129"    "Xi: 0.994675917340968"   
[13] "Xi: 0.988055403161186"    "Xi: 0.981015564182686"   
[15] "Xi: 0.9869836041404"      "Xi: 0.978916847878805"   
[17] "Xi: 0.950434437686024"    "Xi: 6.21658013925799e-06"
[19] "Xi: 0"                    "Xi: 0.999322086129975"   
Time difference of 3.61225 mins
[1] "Rho"
[1] 1063.284 1063.118 1063.201 1063.234 1062.907
[1] "It: 9"
[1] "sigma:"            "0.974956361261368" "beta :"           
[4] "1"                
[1] "rho/theta:" "1"         
Time difference of 1.685283 secs
[1] " old Likelihood:  -7392228.47671374"
[1] "New Likelihood:  -7493143.8882946"
Time difference of 3.260849 mins
[1] 1 1 1 1 1
[1] 1 1 1 1 1
saved RDS
inference successful
