[1] "Original length"
[1] 999368
[1] "Final length"
[1] 18079
[1] "sequence length : 999369" "sequence length : 999909"
[3] "sequence length : 999734" "sequence length : 999851"
[5] "sequence length : 999894"
[1] 1 1 1 1 1
[1] "Beta: 1"
[1] "Self: 0"
[1] "maxIt: 20"
[1] "It: 1"
 [1] "sigma:" "0"      "0"      "0"      "0"      "0"      "0"      "0"     
 [9] "0"      "0"      "0"      "0"      "0"      "0"      "0"      "0"     
[17] "0"      "0"      "0"      "0"      "0"      "0"      "0"      "0"     
[25] "0"      "0"      "0"      "0"      "0"      "0"      "0"      "0"     
[33] "0"      "0"      "0"      "0"      "0"      "0"      "0"      "0"     
[41] "0"      "beta :" "1"     
 [1] "sigma:" "0.9405" "0.9405" "0.9405" "0.9405" "0.9405" "0.9405" "0.9405"
 [9] "0.9405" "0.9405" "0.9405" "0.9405" "0.9405" "0.9405" "0.9405" "0.9405"
[17] "0.9405" "0.9405" "0.9405" "0.9405" "0.9405" "0"      "0"      "0.099" 
[25] "0.099"  "0.0495" "0.0495" "0"      "0"      "0"      "0"      "0"     
[33] "0"      "0"      "0"      "0"      "0"      "0"      "0"      "0"     
[41] "0"      "beta :" "1"     
[1] "New Likelihood:  -10196825.5156666"
iter:  0  f-value:  38521.46  pgrad:  0.5 
iter:  10  f-value:  38520.63  pgrad:  0.9997114 
iter:  20  f-value:  38520.08  pgrad:  0.9978804 
iter:  30  f-value:  38519.83  pgrad:  0.9976766 
iter:  40  f-value:  38519.65  pgrad:  0.9952273 
iter:  50  f-value:  38519.58  pgrad:  0.9962635 
  Unsuccessful convergence.
Time difference of 2.146349 hours
[1] "maxIt: 20"
[1] "It: 2"
 [1] "sigma:"               "0.951348346952958"    "0.951348346952958"   
 [4] "0.945893400317992"    "0.945893400317992"    "0.948314035440416"   
 [7] "0.948314035440416"    "0.951597066680133"    "0.951597066680133"   
[10] "0.955703500894998"    "0.955703500894998"    "0.960154573890085"   
[13] "0.960154573890085"    "0.962256739256713"    "0.962256739256713"   
[16] "0.957274273164299"    "0.957274273164299"    "0.941477469618008"   
[19] "0.941477469618008"    "0.928161576553543"    "0.928161576553543"   
[22] "0"                    "0"                    "0.0991078370960169"  
[25] "0.0991078370960169"   "0.0525460999182813"   "0.0525460999182813"  
[28] "0.00532474427763601"  "0.00532474427763601"  "0.00803076223372627" 
[31] "0.00803076223372627"  "0.00925956322458473"  "0.00925956322458473" 
[34] "0.00714066380366533"  "0.00714066380366533"  "0.00370667766099342" 
[37] "0.00370667766099342"  "0.00141425543230092"  "0.00141425543230092" 
[40] "0.000267491689482651" "0.000267491689482651" "beta :"              
[43] "1"                   
 [1] "sigma:"               "0.951348346952958"    "0.951348346952958"   
 [4] "0.945893400317992"    "0.945893400317992"    "0.948314035440416"   
 [7] "0.948314035440416"    "0.951597066680133"    "0.951597066680133"   
[10] "0.955703500894998"    "0.955703500894998"    "0.960154573890085"   
[13] "0.960154573890085"    "0.962256739256713"    "0.962256739256713"   
[16] "0.957274273164299"    "0.957274273164299"    "0.941477469618008"   
[19] "0.941477469618008"    "0.878661576553543"    "0.878661576553543"   
[22] "0.099"                "0.099"                "0.148607837096017"   
[25] "0.148607837096017"    "0.151546099918281"    "0.151546099918281"   
[28] "0.00532474427763602"  "0.00532474427763602"  "0.00803076223372627" 
[31] "0.00803076223372627"  "0.00925956322458473"  "0.00925956322458473" 
[34] "0.00714066380366534"  "0.00714066380366534"  "0.00370667766099342" 
[37] "0.00370667766099342"  "0.00141425543230092"  "0.00141425543230092" 
[40] "0.000267491689482651" "0.000267491689482651" "beta :"              
[43] "1"                   
[1] " old Likelihood:  -10196825.5156666"
[1] "New Likelihood:  -10196330.4810798"
iter:  0  f-value:  38327.62  pgrad:  0.4996071 
iter:  10  f-value:  38327.27  pgrad:  0.9960702 
iter:  20  f-value:  38326.89  pgrad:  0.9921841 
iter:  30  f-value:  38326.73  pgrad:  0.9918733 
iter:  40  f-value:  38326.6  pgrad:  0.9934853 
iter:  50  f-value:  38326.56  pgrad:  0.9902466 
  Unsuccessful convergence.
Time difference of 24.32601 mins
[1] "maxIt: 20"
[1] "It: 3"
 [1] "sigma:"               "0.962477904500895"    "0.962477904500895"   
 [4] "0.951295337670774"    "0.951295337670774"    "0.956214029058668"   
 [7] "0.956214029058668"    "0.96290884351172"     "0.96290884351172"    
[10] "0.971263890705469"    "0.971263890705469"    "0.980358742496695"   
[13] "0.980358742496695"    "0.984605509379437"    "0.984605509379437"   
[16] "0.974605539732938"    "0.974605539732938"    "0.941482850902855"   
[19] "0.941482850902855"    "0.865935864028764"    "0.865935864028764"   
[22] "0.0964662736782948"   "0.0964662736782948"   "0.147743268022466"   
[25] "0.147743268022466"    "0.154275140425873"    "0.154275140425873"   
[28] "0.00967011949730095"  "0.00967011949730095"  "0.014646193984128"   
[31] "0.014646193984128"    "0.0167685523237738"   "0.0167685523237738"  
[34] "0.0128265007592472"   "0.0128265007592472"   "0.00674197359213951" 
[37] "0.00674197359213951"  "0.00268061712789305"  "0.00268061712789305" 
[40] "0.000503848538903615" "0.000503848538903615" "beta :"              
[43] "1"                   
 [1] "sigma:"               "0.962477904500895"    "0.962477904500895"   
 [4] "0.951295337670774"    "0.951295337670774"    "0.956214029058668"   
 [7] "0.956214029058668"    "0.96290884351172"     "0.96290884351172"    
[10] "0.971263890705469"    "0.971263890705469"    "0.980358742496695"   
[13] "0.980358742496695"    "0.984605509379437"    "0.984605509379437"   
[16] "0.974605539732938"    "0.974605539732938"    "0.941482850902855"   
[19] "0.941482850902855"    "0.766935864028764"    "0.766935864028764"   
[22] "0.195466273678295"    "0.195466273678295"    "0.147743268022466"   
[25] "0.147743268022466"    "0.203775140425873"    "0.203775140425873"   
[28] "0.00967011949730095"  "0.00967011949730095"  "0.014646193984128"   
[31] "0.014646193984128"    "0.0167685523237738"   "0.0167685523237738"  
[34] "0.0128265007592472"   "0.0128265007592472"   "0.00674197359213951" 
[37] "0.00674197359213951"  "0.00268061712789305"  "0.00268061712789305" 
[40] "0.000503848538903612" "0.000503848538903612" "beta :"              
[43] "1"                   
[1] " old Likelihood:  -10196330.4810798"
[1] "New Likelihood:  -10196043.7925407"
iter:  0  f-value:  38318.23  pgrad:  0.4993199 
iter:  10  f-value:  38318.03  pgrad:  0.9896674 
iter:  20  f-value:  38317.9  pgrad:  0.9890473 
iter:  30  f-value:  38317.73  pgrad:  0.9835093 
iter:  40  f-value:  38317.72  pgrad:  0.9833174 
iter:  50  f-value:  38317.62  pgrad:  0.9373616 
  Unsuccessful convergence.
Time difference of 24.35706 mins
[1] "maxIt: 20"
[1] "It: 4"
 [1] "sigma:"             "0.979799923855376"  "0.979799923855376" 
 [4] "0.959427707454427"  "0.959427707454427"  "0.968183552275826" 
 [7] "0.968183552275826"  "0.980097234818684"  "0.980097234818684" 
[10] "0.99"               "0.99"               "0.99"              
[13] "0.99"               "0.99"               "0.99"              
[16] "0.99"               "0.99"               "0.940361388352242" 
[19] "0.940361388352242"  "0.750314440604448"  "0.750314440604448" 
[22] "0.191003553695415"  "0.191003553695415"  "0.145796403557107" 
[25] "0.145796403557107"  "0.208125941612875"  "0.208125941612875" 
[28] "0.0163937267676505" "0.0163937267676505" "0.0243096956322497"
[31] "0.0243096956322497" "0.0273494508622951" "0.0273494508622951"
[34] "0.0205693895859581" "0.0205693895859581" "0.0111112211205848"
[37] "0.0111112211205848" "0.0047903618497957" "0.0047903618497957"
[40] "0.0009117859645181" "0.0009117859645181" "beta :"            
[43] "1"                 
 [1] "sigma:"             "0.979799923855376"  "0.979799923855376" 
 [4] "0.959427707454427"  "0.959427707454427"  "0.968183552275826" 
 [7] "0.968183552275826"  "0.980097234818684"  "0.980097234818684" 
[10] "0.99"               "0.99"               "0.99"              
[13] "0.99"               "0.99"               "0.99"              
[16] "0.99"               "0.99"               "0.989861388352242" 
[19] "0.989861388352242"  "0.651314440604448"  "0.651314440604448" 
[22] "0.290003553695415"  "0.290003553695415"  "0.145796403557107" 
[25] "0.145796403557107"  "0.257625941612875"  "0.257625941612875" 
[28] "0.0658937267676505" "0.0658937267676505" "0.0243096956322497"
[31] "0.0243096956322497" "0.0273494508622951" "0.0273494508622951"
[34] "0.0205693895859581" "0.0205693895859581" "0.0111112211205848"
[37] "0.0111112211205848" "0.0047903618497957" "0.0047903618497957"
[40] "0.0009117859645181" "0.0009117859645181" "beta :"            
[43] "1"                 
[1] " old Likelihood:  -10196043.7925407"
[1] "New Likelihood:  -10195841.0143434"
iter:  0  f-value:  37967.87  pgrad:  0.4990473 
iter:  10  f-value:  37967.8  pgrad:  0.9790505 
iter:  20  f-value:  37967.78  pgrad:  0.9732886 
iter:  30  f-value:  37967.76  pgrad:  0.9774854 
iter:  40  f-value:  37967.74  pgrad:  0.9708578 
iter:  50  f-value:  37967.73  pgrad:  0.9701252 
  Unsuccessful convergence.
Time difference of 24.80199 mins
[1] "maxIt: 20"
[1] "It: 5"
 [1] "sigma:"              "0.987454134964433"   "0.987454134964433"  
 [4] "0.963012907675909"   "0.963012907675909"   "0.97358252755415"   
 [7] "0.97358252755415"    "0.988154187120134"   "0.988154187120134"  
[10] "0.99"                "0.99"                "0.99"               
[13] "0.99"                "0.99"                "0.99"               
[16] "0.99"                "0.99"                "0.99"               
[19] "0.99"                "0.648404164948827"   "0.648404164948827"  
[22] "0.288662440001889"   "0.288662440001889"   "0.144982582453139"  
[25] "0.144982582453139"   "0.259447655597961"   "0.259447655597961"  
[28] "0.0693513820302502"  "0.0693513820302502"  "0.0295860727830025" 
[31] "0.0295860727830025"  "0.0323452151694211"  "0.0323452151694211" 
[34] "0.0238658170330286"  "0.0238658170330286"  "0.0128662898135882" 
[37] "0.0128662898135882"  "0.00567137321959776" "0.00567137321959776"
[40] "0.00109675001923226" "0.00109675001923226" "beta :"             
[43] "1"                  
 [1] "sigma:"              "0.987454134964433"   "0.987454134964433"  
 [4] "0.963012907675909"   "0.963012907675909"   "0.97358252755415"   
 [7] "0.97358252755415"    "0.988154187120134"   "0.988154187120134"  
[10] "0.99"                "0.99"                "0.99"               
[13] "0.99"                "0.99"                "0.99"               
[16] "0.99"                "0.99"                "0.99"               
[19] "0.99"                "0.598904164948827"   "0.598904164948827"  
[22] "0.338162440001889"   "0.338162440001889"   "0.0954825824531391" 
[25] "0.0954825824531391"  "0.308947655597961"   "0.308947655597961"  
[28] "0.0693513820302502"  "0.0693513820302502"  "0.0790860727830025" 
[31] "0.0790860727830025"  "0.0323452151694211"  "0.0323452151694211" 
[34] "0.0238658170330286"  "0.0238658170330286"  "0.0128662898135882" 
[37] "0.0128662898135882"  "0.00567137321959776" "0.00567137321959776"
[40] "0.00109675001923226" "0.00109675001923226" "beta :"             
[43] "1"                  
[1] " old Likelihood:  -10195841.0143434"
[1] "New Likelihood:  -10195796.9763808"
iter:  0  f-value:  37737.08  pgrad:  0.546216 
iter:  10  f-value:  37737.03  pgrad:  0.9757344 
iter:  20  f-value:  37737.01  pgrad:  0.9662219 
iter:  30  f-value:  37737  pgrad:  0.9647307 
iter:  40  f-value:  37736.99  pgrad:  0.9633357 
iter:  50  f-value:  37736.99  pgrad:  0.9629907 
  Unsuccessful convergence.
Time difference of 24.78171 mins
[1] "maxIt: 20"
[1] "It: 6"
 [1] "sigma:"              "0.99"                "0.99"               
 [4] "0.965788299964401"   "0.965788299964401"   "0.977835934551489"  
 [7] "0.977835934551489"   "0.99"                "0.99"               
[10] "0.99"                "0.99"                "0.99"               
[13] "0.99"                "0.99"                "0.99"               
[16] "0.99"                "0.99"                "0.99"               
[19] "0.99"                "0.597548066143098"   "0.597548066143098"  
[22] "0.337430572207746"   "0.337430572207746"   "0.0948428636861811" 
[25] "0.0948428636861811"  "0.31028561027309"    "0.31028561027309"   
[28] "0.0721564773912232"  "0.0721564773912232"  "0.0836229663113037" 
[31] "0.0836229663113037"  "0.0368049709409744"  "0.0368049709409744" 
[34] "0.0266926576621487"  "0.0266926576621487"  "0.0142897297389252" 
[37] "0.0142897297389252"  "0.00649346480022847" "0.00649346480022847"
[40] "0.00125778096232147" "0.00125778096232147" "beta :"             
[43] "1"                  
 [1] "sigma:"              "0.99"                "0.99"               
 [4] "0.965788299964401"   "0.965788299964401"   "0.977835934551489"  
 [7] "0.977835934551489"   "0.99"                "0.99"               
[10] "0.99"                "0.99"                "0.99"               
[13] "0.99"                "0.99"                "0.99"               
[16] "0.99"                "0.99"                "0.99"               
[19] "0.99"                "0.548048066143098"   "0.548048066143098"  
[22] "0.386930572207746"   "0.386930572207746"   "0.0453428636861811" 
[25] "0.0453428636861811"  "0.35978561027309"    "0.35978561027309"   
[28] "0.0721564773912232"  "0.0721564773912232"  "0.133122966311304"  
[31] "0.133122966311304"   "0.0368049709409744"  "0.0368049709409744" 
[34] "0.0266926576621487"  "0.0266926576621487"  "0.0142897297389252" 
[37] "0.0142897297389252"  "0.0559934648002285"  "0.0559934648002285" 
[40] "0.00125778096232147" "0.00125778096232147" "beta :"             
[43] "1"                  
[1] " old Likelihood:  -10195796.9763808"
[1] "New Likelihood:  -10195767.3404326"
iter:  0  f-value:  37424.91  pgrad:  0.5452534 
iter:  10  f-value:  37424.85  pgrad:  0.972893 
iter:  20  f-value:  37424.83  pgrad:  0.9603708 
iter:  30  f-value:  37424.83  pgrad:  0.9600384 
iter:  40  f-value:  37424.8  pgrad:  0.8325878 
iter:  50  f-value:  37424.8  pgrad:  0.8023926 
  Unsuccessful convergence.
Time difference of 24.73347 mins
[1] "maxIt: 20"
[1] "It: 7"
 [1] "sigma:"              "0.99"                "0.99"               
 [4] "0.970994086433142"   "0.970994086433142"   "0.985934833782412"  
 [7] "0.985934833782412"   "0.99"                "0.99"               
[10] "0.99"                "0.99"                "0.99"               
[13] "0.99"                "0.99"                "0.99"               
[16] "0.99"                "0.99"                "0.99"               
[19] "0.99"                "0.546125182249768"   "0.546125182249768"  
[22] "0.385176205397597"   "0.385176205397597"   "0.0439194052812685" 
[25] "0.0439194052812685"  "0.361832050777347"   "0.361832050777347"  
[28] "0.0769727144292044"  "0.0769727144292044"  "0.141762454432036"  
[31] "0.141762454432036"   "0.0452552976041326"  "0.0452552976041326" 
[34] "0.0321493553136908"  "0.0321493553136908"  "0.0171751615468248" 
[37] "0.0171751615468248"  "0.0576087350514043"  "0.0576087350514043" 
[40] "0.00159541930360652" "0.00159541930360652" "beta :"             
[43] "1"                  
 [1] "sigma:"              "0.99"                "0.99"               
 [4] "0.970994086433142"   "0.970994086433142"   "0.985934833782412"  
 [7] "0.985934833782412"   "0.99"                "0.99"               
[10] "0.99"                "0.99"                "0.99"               
[13] "0.99"                "0.99"                "0.99"               
[16] "0.99"                "0.99"                "0.99"               
[19] "0.99"                "0.546125182249768"   "0.546125182249768"  
[22] "0.385176205397597"   "0.385176205397597"   "0.0439194052812685" 
[25] "0.0439194052812685"  "0.361832050777347"   "0.361832050777347"  
[28] "0.0769727144292043"  "0.0769727144292043"  "0.191262454432037"  
[31] "0.191262454432037"   "0.0452552976041326"  "0.0452552976041326" 
[34] "0.0321493553136909"  "0.0321493553136909"  "0.0171751615468248" 
[37] "0.0171751615468248"  "0.0576087350514043"  "0.0576087350514043" 
[40] "0.00159541930360652" "0.00159541930360652" "beta :"             
[43] "1"                  
[1] " old Likelihood:  -10195767.3404326"
[1] "New Likelihood:  -10195736.7889321"
iter:  0  f-value:  37212.28  pgrad:  0.5433378 
iter:  10  f-value:  37212.24  pgrad:  0.9673921 
iter:  20  f-value:  37212.24  pgrad:  0.9531331 
iter:  30  f-value:  37212.21  pgrad:  0.8440838 
iter:  40  f-value:  37212.21  pgrad:  0.7641211 
iter:  50  f-value:  37212.21  pgrad:  0.7317431 
  Unsuccessful convergence.
Time difference of 23.67442 mins
[1] "maxIt: 20"
[1] "It: 8"
 [1] "sigma:"              "0.99"                "0.99"               
 [4] "0.975038018304617"   "0.975038018304617"   "0.99"               
 [7] "0.99"                "0.99"                "0.99"               
[10] "0.99"                "0.99"                "0.99"               
[13] "0.99"                "0.99"                "0.99"               
[16] "0.99"                "0.99"                "0.99"               
[19] "0.99"                "0.54463896103424"    "0.54463896103424"   
[22] "0.384448576632531"   "0.384448576632531"   "0.0429816450479116" 
[25] "0.0429816450479116"  "0.363557065608163"   "0.363557065608163"  
[28] "0.080209899769922"   "0.080209899769922"   "0.198060159847442"  
[31] "0.198060159847442"   "0.0521071477199949"  "0.0521071477199949" 
[34] "0.0364413711323413"  "0.0364413711323413"  "0.0194077975334543" 
[37] "0.0194077975334543"  "0.0591404064598957"  "0.0591404064598957" 
[40] "0.00189029077124585" "0.00189029077124585" "beta :"             
[43] "1"                  
 [1] "sigma:"              "0.99"                "0.99"               
 [4] "0.975038018304617"   "0.975038018304617"   "0.99"               
 [7] "0.99"                "0.99"                "0.99"               
[10] "0.99"                "0.99"                "0.99"               
[13] "0.99"                "0.99"                "0.99"               
[16] "0.99"                "0.99"                "0.99"               
[19] "0.99"                "0.49513896103424"    "0.49513896103424"   
[22] "0.433948576632531"   "0.433948576632531"   "0.0429816450479116" 
[25] "0.0429816450479116"  "0.363557065608163"   "0.363557065608163"  
[28] "0.080209899769922"   "0.080209899769922"   "0.247560159847442"  
[31] "0.247560159847442"   "0.0521071477199949"  "0.0521071477199949" 
[34] "0.0364413711323413"  "0.0364413711323413"  "0.0194077975334543" 
[37] "0.0194077975334543"  "0.108640406459896"   "0.108640406459896"  
[40] "0.00189029077124585" "0.00189029077124585" "beta :"             
[43] "1"                  
[1] " old Likelihood:  -10195736.7889321"
[1] "New Likelihood:  -10195716.7470444"
iter:  0  f-value:  36908.87  pgrad:  0.5409008 
iter:  10  f-value:  36908.83  pgrad:  0.9630524 
iter:  20  f-value:  36908.83  pgrad:  0.946502 
iter:  30  f-value:  36908.8  pgrad:  0.6725895 
iter:  40  f-value:  36908.8  pgrad:  0.6405753 
iter:  50  f-value:  36908.8  pgrad:  0.5199399 
  Unsuccessful convergence.
Time difference of 24.9625 mins
[1] "maxIt: 20"
[1] "It: 9"
 [1] "sigma:"              "0.99"                "0.99"               
 [4] "0.979796972111032"   "0.979796972111032"   "0.99"               
 [7] "0.99"                "0.99"                "0.99"               
[10] "0.99"                "0.99"                "0.99"               
[13] "0.99"                "0.99"                "0.99"               
[16] "0.99"                "0.99"                "0.99"               
[19] "0.99"                "0.49323510630116"    "0.49323510630116"   
[22] "0.431942968678396"   "0.431942968678396"   "0.0416025127500092" 
[25] "0.0416025127500092"  "0.365257122259879"   "0.365257122259879"  
[28] "0.0836367304926505"  "0.0836367304926505"  "0.255792938100839"  
[31] "0.255792938100839"   "0.0602189620262134"  "0.0602189620262134" 
[34] "0.0417472416140388"  "0.0417472416140388"  "0.0223552521678537" 
[37] "0.0223552521678537"  "0.110641243986381"   "0.110641243986381"  
[40] "0.00229449592760453" "0.00229449592760453" "beta :"             
[43] "1"                  
 [1] "sigma:"              "0.99"                "0.99"               
 [4] "0.979796972111032"   "0.979796972111032"   "0.99"               
 [7] "0.99"                "0.99"                "0.99"               
[10] "0.99"                "0.99"                "0.99"               
[13] "0.99"                "0.99"                "0.99"               
[16] "0.99"                "0.99"                "0.99"               
[19] "0.99"                "0.44373510630116"    "0.44373510630116"   
[22] "0.431942968678396"   "0.431942968678396"   "0.0416025127500092" 
[25] "0.0416025127500092"  "0.414757122259879"   "0.414757122259879"  
[28] "0.0341367304926505"  "0.0341367304926505"  "0.305292938100839"  
[31] "0.305292938100839"   "0.0602189620262134"  "0.0602189620262134" 
[34] "0.0417472416140388"  "0.0417472416140388"  "0.0223552521678537" 
[37] "0.0223552521678537"  "0.110641243986381"   "0.110641243986381"  
[40] "0.00229449592760453" "0.00229449592760453" "beta :"             
[43] "1"                  
[1] " old Likelihood:  -10195716.7470444"
[1] "New Likelihood:  -10195695.4465941"
iter:  0  f-value:  36695.84  pgrad:  0.539137 
iter:  10  f-value:  36695.8  pgrad:  0.9388256 
iter:  20  f-value:  36695.8  pgrad:  0.9378646 
iter:  30  f-value:  36695.79  pgrad:  0.9369619 
iter:  40  f-value:  36695.79  pgrad:  0.9366198 
iter:  50  f-value:  36695.78  pgrad:  0.8018105 
  Unsuccessful convergence.
Time difference of 24.90651 mins
[1] "maxIt: 20"
[1] "It: 10"
 [1] "sigma:"              "0.99"                "0.99"               
 [4] "0.982476923031708"   "0.982476923031708"   "0.99"               
 [7] "0.99"                "0.99"                "0.99"               
[10] "0.99"                "0.99"                "0.99"               
[13] "0.99"                "0.99"                "0.99"               
[16] "0.99"                "0.99"                "0.99"               
[19] "0.99"                "0.443499924336407"   "0.443499924336407"  
[22] "0.431090463383123"   "0.431090463383123"   "0.0406665776618057" 
[25] "0.0406665776618057"  "0.4154673207953"     "0.4154673207953"    
[28] "0.0361971284726209"  "0.0361971284726209"  "0.310731180026471"  
[31] "0.310731180026471"   "0.0654083096520188"  "0.0654083096520188" 
[34] "0.0448843746058889"  "0.0448843746058889"  "0.0239778822360145" 
[37] "0.0239778822360145"  "0.11198189820423"    "0.11198189820423"   
[40] "0.00253319443856796" "0.00253319443856796" "beta :"             
[43] "1"                  
 [1] "sigma:"              "0.99"                "0.99"               
 [4] "0.982476923031708"   "0.982476923031708"   "0.99"               
 [7] "0.99"                "0.99"                "0.99"               
[10] "0.99"                "0.99"                "0.99"               
[13] "0.99"                "0.99"                "0.99"               
[16] "0.99"                "0.99"                "0.99"               
[19] "0.99"                "0.443499924336407"   "0.443499924336407"  
[22] "0.431090463383123"   "0.431090463383123"   "0.0406665776618057" 
[25] "0.0406665776618057"  "0.4154673207953"     "0.4154673207953"    
[28] "0.0361971284726209"  "0.0361971284726209"  "0.310731180026471"  
[31] "0.310731180026471"   "0.114908309652019"   "0.114908309652019"  
[34] "0.0448843746058889"  "0.0448843746058889"  "0.0239778822360145" 
[37] "0.0239778822360145"  "0.16148189820423"    "0.16148189820423"   
[40] "0.00253319443856796" "0.00253319443856796" "beta :"             
[43] "1"                  
[1] " old Likelihood:  -10195695.4465941"
[1] "New Likelihood:  -10195678.5401489"
iter:  0  f-value:  36442.8  pgrad:  0.5366659 
iter:  10  f-value:  36442.77  pgrad:  0.9545243 
iter:  20  f-value:  36442.76  pgrad:  0.9311043 
iter:  30  f-value:  36442.75  pgrad:  0.8790137 
iter:  40  f-value:  36442.75  pgrad:  0.8099596 
iter:  50  f-value:  36442.75  pgrad:  0.6970367 
  Unsuccessful convergence.
Time difference of 23.70406 mins
[1] "maxIt: 20"
[1] "It: 11"
 [1] "sigma:"             "0.99"               "0.99"              
 [4] "0.98577498385625"   "0.98577498385625"   "0.99"              
 [7] "0.99"               "0.99"               "0.99"              
[10] "0.99"               "0.99"               "0.99"              
[13] "0.99"               "0.99"               "0.99"              
[16] "0.99"               "0.99"               "0.99"              
[19] "0.99"               "0.442980920558325"  "0.442980920558325" 
[22] "0.430261136576059"  "0.430261136576059"  "0.0396598937234604"
[25] "0.0396598937234604" "0.41674447187238"   "0.41674447187238"  
[28] "0.0380031260804864" "0.0380031260804864" "0.316552962547788" 
[31] "0.316552962547788"  "0.121322305967673"  "0.121322305967673" 
[34] "0.0491004007946882" "0.0491004007946882" "0.0264462719566945"
[37] "0.0264462719566945" "0.163159680425954"  "0.163159680425954" 
[40] "0.0028701427604328" "0.0028701427604328" "beta :"            
[43] "1"                 
 [1] "sigma:"              "0.99"                "0.99"               
 [4] "0.98577498385625"    "0.98577498385625"    "0.99"               
 [7] "0.99"                "0.99"                "0.99"               
[10] "0.99"                "0.99"                "0.99"               
[13] "0.99"                "0.99"                "0.99"               
[16] "0.99"                "0.99"                "0.99"               
[19] "0.99"                "0.442980920558325"   "0.442980920558325"  
[22] "0.430261136576059"   "0.430261136576059"   "0.0396598937234604" 
[25] "0.0396598937234604"  "0.46624447187238"    "0.46624447187238"   
[28] "0.0380031260804864"  "0.0380031260804864"  "0.316552962547788"  
[31] "0.316552962547788"   "0.121322305967673"   "0.121322305967673"  
[34] "0.0491004007946882"  "0.0491004007946882"  "0.0264462719566945" 
[37] "0.0264462719566945"  "0.163159680425954"   "0.163159680425954"  
[40] "0.00287014276043281" "0.00287014276043281" "beta :"             
[43] "1"                  
[1] " old Likelihood:  -10195678.5401489"
[1] "New Likelihood:  -10195662.071619"
iter:  0  f-value:  36259.26  pgrad:  0.5342851 
iter:  10  f-value:  36259.24  pgrad:  0.8768904 
iter:  20  f-value:  36259.23  pgrad:  0.8762411 
iter:  30  f-value:  36259.22  pgrad:  0.9715216 
iter:  40  f-value:  36259.22  pgrad:  0.5242327 
iter:  50  f-value:  36259.22  pgrad:  0.4047615 
  Unsuccessful convergence.
Time difference of 23.64959 mins
[1] "maxIt: 20"
[1] "It: 12"
 [1] "sigma:"              "0.99"                "0.99"               
 [4] "0.989406378686266"   "0.989406378686266"   "0.99"               
 [7] "0.99"                "0.99"                "0.99"               
[10] "0.99"                "0.99"                "0.99"               
[13] "0.99"                "0.99"                "0.99"               
[16] "0.99"                "0.99"                "0.99"               
[19] "0.99"                "0.441324203732064"   "0.441324203732064"  
[22] "0.427896976616773"   "0.427896976616773"   "0.037698147378333"  
[25] "0.037698147378333"   "0.466281969369135"   "0.466281969369135"  
[28] "0.0400177025195591"  "0.0400177025195591"  "0.322939911585631"  
[31] "0.322939911585631"   "0.12802239486952"    "0.12802239486952"   
[34] "0.0527995340051152"  "0.0527995340051152"  "0.0286618019086576" 
[37] "0.0286618019086576"  "0.165147462010644"   "0.165147462010644"  
[40] "0.00324757244984885" "0.00324757244984885" "beta :"             
[43] "1"                  
 [1] "sigma:"              "0.99"                "0.99"               
 [4] "0.989406378686266"   "0.989406378686266"   "0.99"               
 [7] "0.99"                "0.99"                "0.99"               
[10] "0.99"                "0.99"                "0.99"               
[13] "0.99"                "0.99"                "0.99"               
[16] "0.99"                "0.99"                "0.99"               
[19] "0.99"                "0.391824203732064"   "0.391824203732064"  
[22] "0.427896976616773"   "0.427896976616773"   "0.037698147378333"  
[25] "0.037698147378333"   "0.466281969369135"   "0.466281969369135"  
[28] "0.0400177025195591"  "0.0400177025195591"  "0.322939911585631"  
[31] "0.322939911585631"   "0.17752239486952"    "0.17752239486952"   
[34] "0.00329953400511522" "0.00329953400511522" "0.0286618019086576" 
[37] "0.0286618019086576"  "0.214647462010644"   "0.214647462010644"  
[40] "0.00324757244984886" "0.00324757244984886" "beta :"             
[43] "1"                  
[1] " old Likelihood:  -10195662.071619"
[1] "New Likelihood:  -10195641.3500219"
iter:  0  f-value:  36196.11  pgrad:  0.562286 
iter:  10  f-value:  36196.1  pgrad:  0.8201113 
iter:  20  f-value:  36196.1  pgrad:  0.8192774 
iter:  30  f-value:  36196.1  pgrad:  0.8188083 
iter:  40  f-value:  36196.09  pgrad:  0.5905895 
iter:  50  f-value:  36196.09  pgrad:  0.5369657 
  Unsuccessful convergence.
Time difference of 24.76258 mins
[1] "maxIt: 20"
[1] "It: 13"
 [1] "sigma:"              "0.99"                "0.99"               
 [4] "0.99"                "0.99"                "0.99"               
 [7] "0.99"                "0.99"                "0.99"               
[10] "0.99"                "0.99"                "0.99"               
[13] "0.99"                "0.99"                "0.99"               
[16] "0.99"                "0.99"                "0.99"               
[19] "0.99"                "0.391730010327219"   "0.391730010327219"  
[22] "0.427060632759307"   "0.427060632759307"   "0.0365989519565229" 
[25] "0.0365989519565229"  "0.466641468329782"   "0.466641468329782"  
[28] "0.041258544996543"   "0.041258544996543"   "0.327444230075611"  
[31] "0.327444230075611"   "0.182794861691338"   "0.182794861691338"  
[34] "0.00583194200356049" "0.00583194200356049" "0.0303497758729986" 
[37] "0.0303497758729986"  "0.216349550402443"   "0.216349550402443"  
[40] "0.00355184998462205" "0.00355184998462205" "beta :"             
[43] "1"                  
 [1] "sigma:"              "0.99"                "0.99"               
 [4] "0.99"                "0.99"                "0.99"               
 [7] "0.99"                "0.99"                "0.99"               
[10] "0.99"                "0.99"                "0.99"               
[13] "0.99"                "0.99"                "0.99"               
[16] "0.99"                "0.99"                "0.99"               
[19] "0.99"                "0.391730010327219"   "0.391730010327219"  
[22] "0.427060632759307"   "0.427060632759307"   "0.0365989519565229" 
[25] "0.0365989519565229"  "0.466641468329782"   "0.466641468329782"  
[28] "0.041258544996543"   "0.041258544996543"   "0.327444230075611"  
[31] "0.327444230075611"   "0.232294861691338"   "0.232294861691338"  
[34] "0.00583194200356049" "0.00583194200356049" "0.0303497758729985" 
[37] "0.0303497758729985"  "0.216349550402443"   "0.216349550402443"  
[40] "0.00355184998462205" "0.00355184998462205" "beta :"             
[43] "1"                  
[1] " old Likelihood:  -10195641.3500219"
[1] "New Likelihood:  -10195629.8435404"
iter:  0  f-value:  35948.52  pgrad:  0.529935 
iter:  10  f-value:  35948.5  pgrad:  0.7721246 
iter:  20  f-value:  35948.5  pgrad:  0.7631908 
iter:  30  f-value:  35948.5  pgrad:  0.7628643 
iter:  40  f-value:  35948.49  pgrad:  0.5200715 
iter:  50  f-value:  35948.49  pgrad:  0.3222522 
  Unsuccessful convergence.
Time difference of 23.73019 mins
[1] "maxIt: 20"
[1] "It: 14"
 [1] "sigma:"              "0.99"                "0.99"               
 [4] "0.99"                "0.99"                "0.99"               
 [7] "0.99"                "0.99"                "0.99"               
[10] "0.99"                "0.99"                "0.99"               
[13] "0.99"                "0.99"                "0.99"               
[16] "0.99"                "0.99"                "0.99"               
[19] "0.99"                "0.3911880605017"     "0.3911880605017"    
[22] "0.42571227683318"    "0.42571227683318"    "0.0349837435242408" 
[25] "0.0349837435242408"  "0.466846289074069"   "0.466846289074069"  
[28] "0.0424272076129787"  "0.0424272076129787"  "0.333117036255699"  
[31] "0.333117036255699"   "0.239773729340675"   "0.239773729340675"  
[34] "0.00972867156958048" "0.00972867156958048" "0.0329721568990247" 
[37] "0.0329721568990247"  "0.218840581076608"   "0.218840581076608"  
[40] "0.00400943885469983" "0.00400943885469983" "beta :"             
[43] "1"                  
 [1] "sigma:"              "0.99"                "0.99"               
 [4] "0.99"                "0.99"                "0.99"               
 [7] "0.99"                "0.99"                "0.99"               
[10] "0.99"                "0.99"                "0.99"               
[13] "0.99"                "0.99"                "0.99"               
[16] "0.99"                "0.99"                "0.99"               
[19] "0.99"                "0.3911880605017"     "0.3911880605017"    
[22] "0.42571227683318"    "0.42571227683318"    "0.0349837435242408" 
[25] "0.0349837435242408"  "0.466846289074069"   "0.466846289074069"  
[28] "0.0424272076129787"  "0.0424272076129787"  "0.333117036255699"  
[31] "0.333117036255699"   "0.289273729340675"   "0.289273729340675"  
[34] "0.00972867156958048" "0.00972867156958048" "0.0329721568990247" 
[37] "0.0329721568990247"  "0.218840581076608"   "0.218840581076608"  
[40] "0.00400943885469983" "0.00400943885469983" "beta :"             
[43] "1"                  
[1] " old Likelihood:  -10195629.8435404"
[1] "New Likelihood:  -10195619.2048335"
iter:  0  f-value:  35683.18  pgrad:  0.5281987 
iter:  10  f-value:  35683.16  pgrad:  0.8389907 
iter:  20  f-value:  35683.15  pgrad:  0.7063857 
iter:  30  f-value:  35683.15  pgrad:  0.7059225 
iter:  40  f-value:  35683.15  pgrad:  0.7044262 
iter:  50  f-value:  35683.14  pgrad:  0.7037929 
  Unsuccessful convergence.
Time difference of 23.68197 mins
[1] "maxIt: 20"
[1] "It: 15"
 [1] "sigma:"              "0.99"                "0.99"               
 [4] "0.99"                "0.99"                "0.99"               
 [7] "0.99"                "0.99"                "0.99"               
[10] "0.99"                "0.99"                "0.99"               
[13] "0.99"                "0.99"                "0.99"               
[16] "0.99"                "0.99"                "0.99"               
[19] "0.99"                "0.39094245871558"    "0.39094245871558"   
[22] "0.4253858736739"     "0.4253858736739"     "0.0344757931265472" 
[25] "0.0344757931265472"  "0.467595368966535"   "0.467595368966535"  
[28] "0.04303906972978"    "0.04303906972978"    "0.335814204291953"  
[31] "0.335814204291953"   "0.293256164875373"   "0.293256164875373"  
[34] "0.0118124522412721"  "0.0118124522412721"  "0.0341971022931039" 
[37] "0.0341971022931039"  "0.21999547815404"    "0.21999547815404"   
[40] "0.00419421300458195" "0.00419421300458195" "beta :"             
[43] "1"                  
 [1] "sigma:"              "0.99"                "0.99"               
 [4] "0.99"                "0.99"                "0.99"               
 [7] "0.99"                "0.99"                "0.99"               
[10] "0.99"                "0.99"                "0.99"               
[13] "0.99"                "0.99"                "0.99"               
[16] "0.99"                "0.99"                "0.99"               
[19] "0.99"                "0.34144245871558"    "0.34144245871558"   
[22] "0.4253858736739"     "0.4253858736739"     "0.0344757931265472" 
[25] "0.0344757931265472"  "0.517095368966535"   "0.517095368966535"  
[28] "0.04303906972978"    "0.04303906972978"    "0.286314204291953"  
[31] "0.286314204291953"   "0.342756164875373"   "0.342756164875373"  
[34] "0.0118124522412721"  "0.0118124522412721"  "0.0341971022931039" 
[37] "0.0341971022931039"  "0.21999547815404"    "0.21999547815404"   
[40] "0.00419421300458195" "0.00419421300458195" "beta :"             
[43] "1"                  
[1] " old Likelihood:  -10195619.2048335"
[1] "New Likelihood:  -10195603.7538335"
iter:  0  f-value:  35528.86  pgrad:  0.5268 
iter:  10  f-value:  35528.84  pgrad:  0.7706694 
iter:  20  f-value:  35528.83  pgrad:  0.6493214 
iter:  30  f-value:  35528.83  pgrad:  0.6491018 
iter:  40  f-value:  35528.82  pgrad:  0.6482887 
iter:  50  f-value:  35528.82  pgrad:  0.647838 
  Unsuccessful convergence.
Time difference of 24.94178 mins
[1] "maxIt: 20"
[1] "It: 16"
 [1] "sigma:"              "0.99"                "0.99"               
 [4] "0.99"                "0.99"                "0.99"               
 [7] "0.99"                "0.99"                "0.99"               
[10] "0.99"                "0.99"                "0.99"               
[13] "0.99"                "0.99"                "0.99"               
[16] "0.99"                "0.99"                "0.99"               
[19] "0.99"                "0.341223720743813"   "0.341223720743813"  
[22] "0.424134907668935"   "0.424134907668935"   "0.0331592544865375" 
[25] "0.0331592544865375"  "0.517005725545606"   "0.517005725545606"  
[28] "0.0441538438664852"  "0.0441538438664852"  "0.290316854325232"  
[31] "0.290316854325232"   "0.348645575732481"   "0.348645575732481"  
[34] "0.0144879025349992"  "0.0144879025349992"  "0.0358913688986889" 
[37] "0.0358913688986889"  "0.221608757129429"   "0.221608757129429"  
[40] "0.00447121883212271" "0.00447121883212271" "beta :"             
[43] "1"                  
 [1] "sigma:"              "0.99"                "0.99"               
 [4] "0.99"                "0.99"                "0.99"               
 [7] "0.99"                "0.99"                "0.99"               
[10] "0.99"                "0.99"                "0.99"               
[13] "0.99"                "0.99"                "0.99"               
[16] "0.99"                "0.99"                "0.99"               
[19] "0.99"                "0.341223720743813"   "0.341223720743813"  
[22] "0.424134907668935"   "0.424134907668935"   "0.0331592544865375" 
[25] "0.0331592544865375"  "0.517005725545606"   "0.517005725545606"  
[28] "0.0441538438664852"  "0.0441538438664852"  "0.290316854325232"  
[31] "0.290316854325232"   "0.348645575732481"   "0.348645575732481"  
[34] "0.0144879025349992"  "0.0144879025349992"  "0.0358913688986889" 
[37] "0.0358913688986889"  "0.271108757129429"   "0.271108757129429"  
[40] "0.00447121883212271" "0.00447121883212271" "beta :"             
[43] "1"                  
[1] " old Likelihood:  -10195603.7538335"
[1] "New Likelihood:  -10195592.056922"
iter:  0  f-value:  35474.98  pgrad:  0.5251675 
iter:  10  f-value:  35474.97  pgrad:  0.7065248 
iter:  20  f-value:  35474.97  pgrad:  0.7059539 
iter:  30  f-value:  35474.96  pgrad:  0.5059238 
iter:  40  f-value:  35474.96  pgrad:  0.2985325 
iter:  50  f-value:  35474.96  pgrad:  0.2841261 
  Unsuccessful convergence.
Time difference of 23.71106 mins
[1] "maxIt: 20"
[1] "It: 17"
 [1] "sigma:"              "0.99"                "0.99"               
 [4] "0.99"                "0.99"                "0.99"               
 [7] "0.99"                "0.99"                "0.99"               
[10] "0.99"                "0.99"                "0.99"               
[13] "0.99"                "0.99"                "0.99"               
[16] "0.99"                "0.99"                "0.99"               
[19] "0.99"                "0.340841744068919"   "0.340841744068919"  
[22] "0.422484472457175"   "0.422484472457175"   "0.0312916226639621" 
[25] "0.0312916226639621"  "0.516728240191932"   "0.516728240191932"  
[28] "0.0448023335095216"  "0.0448023335095216"  "0.294110976627649"  
[31] "0.294110976627649"   "0.355106688328034"   "0.355106688328034"  
[34] "0.0175301564492052"  "0.0175301564492052"  "0.0384418150123458" 
[37] "0.0384418150123458"  "0.27392006149913"    "0.27392006149913"   
[40] "0.00496728312141232" "0.00496728312141232" "beta :"             
[43] "1"                  
 [1] "sigma:"              "0.99"                "0.99"               
 [4] "0.99"                "0.99"                "0.99"               
 [7] "0.99"                "0.99"                "0.99"               
[10] "0.99"                "0.99"                "0.99"               
[13] "0.99"                "0.99"                "0.99"               
[16] "0.99"                "0.99"                "0.99"               
[19] "0.99"                "0.340841744068919"   "0.340841744068919"  
[22] "0.372984472457175"   "0.372984472457175"   "0.0312916226639621" 
[25] "0.0312916226639621"  "0.566228240191932"   "0.566228240191932"  
[28] "0.0448023335095216"  "0.0448023335095216"  "0.294110976627649"  
[31] "0.294110976627649"   "0.355106688328034"   "0.355106688328034"  
[34] "0.0175301564492052"  "0.0175301564492052"  "0.0384418150123458" 
[37] "0.0384418150123458"  "0.27392006149913"    "0.27392006149913"   
[40] "0.00496728312141232" "0.00496728312141232" "beta :"             
[43] "1"                  
[1] " old Likelihood:  -10195592.056922"
[1] "New Likelihood:  -10195585.1036496"
iter:  0  f-value:  35334.17  pgrad:  0.6004848 
iter:  10  f-value:  35334.15  pgrad:  0.7027735 
iter:  20  f-value:  35334.15  pgrad:  0.7023526 
iter:  30  f-value:  35334.15  pgrad:  0.6875052 
iter:  40  f-value:  35334.15  pgrad:  0.6328628 
iter:  50  f-value:  35334.15  pgrad:  0.5523179 
  Unsuccessful convergence.
Time difference of 24.13603 mins
[1] "maxIt: 20"
[1] "It: 18"
 [1] "sigma:"             "0.99"               "0.99"              
 [4] "0.99"               "0.99"               "0.99"              
 [7] "0.99"               "0.99"               "0.99"              
[10] "0.99"               "0.99"               "0.99"              
[13] "0.99"               "0.99"               "0.99"              
[16] "0.99"               "0.99"               "0.99"              
[19] "0.99"               "0.340782413439114"  "0.340782413439114" 
[22] "0.372020712720129"  "0.372020712720129"  "0.0298394400700118"
[25] "0.0298394400700118" "0.56524149978432"   "0.56524149978432"  
[28] "0.0455219373939617" "0.0455219373939617" "0.29712770222368"  
[31] "0.29712770222368"   "0.35957086279529"   "0.35957086279529"  
[34] "0.0191887426047201" "0.0191887426047201" "0.0396550682947233"
[37] "0.0396550682947233" "0.275471273342329"  "0.275471273342329" 
[40] "0.0052244874747022" "0.0052244874747022" "beta :"            
[43] "1"                 
 [1] "sigma:"             "0.99"               "0.99"              
 [4] "0.99"               "0.99"               "0.99"              
 [7] "0.99"               "0.99"               "0.99"              
[10] "0.99"               "0.99"               "0.99"              
[13] "0.99"               "0.99"               "0.99"              
[16] "0.99"               "0.99"               "0.99"              
[19] "0.99"               "0.340782413439114"  "0.340782413439114" 
[22] "0.372020712720129"  "0.372020712720129"  "0.0298394400700118"
[25] "0.0298394400700118" "0.56524149978432"   "0.56524149978432"  
[28] "0.0455219373939617" "0.0455219373939617" "0.29712770222368"  
[31] "0.29712770222368"   "0.40907086279529"   "0.40907086279529"  
[34] "0.0191887426047201" "0.0191887426047201" "0.0396550682947233"
[37] "0.0396550682947233" "0.275471273342329"  "0.275471273342329" 
[40] "0.0052244874747022" "0.0052244874747022" "beta :"            
[43] "1"                 
[1] " old Likelihood:  -10195585.1036496"
[1] "New Likelihood:  -10195576.4550981"
iter:  0  f-value:  35042.51  pgrad:  0.5217698 
iter:  10  f-value:  35042.49  pgrad:  0.722066 
iter:  20  f-value:  35042.48  pgrad:  0.6985258 
iter:  30  f-value:  35042.48  pgrad:  0.5819906 
iter:  40  f-value:  35042.47  pgrad:  0.5816304 
iter:  50  f-value:  35042.47  pgrad:  0.5378388 
  Unsuccessful convergence.
Time difference of 23.45516 mins
[1] "maxIt: 20"
[1] "It: 19"
 [1] "sigma:"              "0.99"                "0.99"               
 [4] "0.99"                "0.99"                "0.99"               
 [7] "0.99"                "0.99"                "0.99"               
[10] "0.99"                "0.99"                "0.99"               
[13] "0.99"                "0.99"                "0.99"               
[16] "0.99"                "0.99"                "0.99"               
[19] "0.99"                "0.340596333326413"   "0.340596333326413"  
[22] "0.370998003684692"   "0.370998003684692"   "0.0282340554471201" 
[25] "0.0282340554471201"  "0.564046924322242"   "0.564046924322242"  
[28] "0.046154731652354"   "0.046154731652354"   "0.300673102033747"  
[31] "0.300673102033747"   "0.415033917189068"   "0.415033917189068"  
[34] "0.0217070240307627"  "0.0217070240307627"  "0.0413861932165446" 
[37] "0.0413861932165446"  "0.277325267380702"   "0.277325267380702"  
[40] "0.00553197903642892" "0.00553197903642892" "beta :"             
[43] "1"                  
 [1] "sigma:"              "0.99"                "0.99"               
 [4] "0.99"                "0.99"                "0.99"               
 [7] "0.99"                "0.99"                "0.99"               
[10] "0.99"                "0.99"                "0.99"               
[13] "0.99"                "0.99"                "0.99"               
[16] "0.99"                "0.99"                "0.99"               
[19] "0.99"                "0.340596333326413"   "0.340596333326413"  
[22] "0.370998003684692"   "0.370998003684692"   "0.0282340554471201" 
[25] "0.0282340554471201"  "0.564046924322242"   "0.564046924322242"  
[28] "0.046154731652354"   "0.046154731652354"   "0.300673102033747"  
[31] "0.300673102033747"   "0.415033917189068"   "0.415033917189068"  
[34] "0.0217070240307627"  "0.0217070240307627"  "0.0413861932165446" 
[37] "0.0413861932165446"  "0.326825267380702"   "0.326825267380702"  
[40] "0.00553197903642892" "0.00553197903642892" "beta :"             
[43] "1"                  
[1] " old Likelihood:  -10195576.4550981"
[1] "New Likelihood:  -10195565.3929837"
iter:  0  f-value:  34989.1  pgrad:  0.5215153 
iter:  10  f-value:  34989.09  pgrad:  0.6962002 
iter:  20  f-value:  34989.09  pgrad:  0.6673508 
iter:  30  f-value:  34989.09  pgrad:  0.577121 
iter:  40  f-value:  34989.08  pgrad:  0.5767297 
iter:  50  f-value:  34989.08  pgrad:  0.5292532 
  Unsuccessful convergence.
Time difference of 23.47405 mins
[1] "maxIt: 20"
[1] "It: 20"
 [1] "sigma:"              "0.99"                "0.99"               
 [4] "0.99"                "0.99"                "0.99"               
 [7] "0.99"                "0.99"                "0.99"               
[10] "0.99"                "0.99"                "0.99"               
[13] "0.99"                "0.99"                "0.99"               
[16] "0.99"                "0.99"                "0.99"               
[19] "0.99"                "0.340377397309288"   "0.340377397309288"  
[22] "0.370309176743715"   "0.370309176743715"   "0.0271519867684159" 
[25] "0.0271519867684159"  "0.563353416951057"   "0.563353416951057"  
[28] "0.0463614469686225"  "0.0463614469686225"  "0.302798230503511"  
[31] "0.302798230503511"   "0.419366946225905"   "0.419366946225905"  
[34] "0.0235131807993591"  "0.0235131807993591"  "0.0428401432508833" 
[37] "0.0428401432508833"  "0.32849652182125"    "0.32849652182125"   
[40] "0.00579549003111754" "0.00579549003111754" "beta :"             
[43] "1"                  
 [1] "sigma:"              "0.99"                "0.99"               
 [4] "0.99"                "0.99"                "0.99"               
 [7] "0.99"                "0.99"                "0.99"               
[10] "0.99"                "0.99"                "0.99"               
[13] "0.99"                "0.99"                "0.99"               
[16] "0.99"                "0.99"                "0.99"               
[19] "0.99"                "0.290877397309288"   "0.290877397309288"  
[22] "0.370309176743715"   "0.370309176743715"   "0.0271519867684159" 
[25] "0.0271519867684159"  "0.563353416951057"   "0.563353416951057"  
[28] "0.0463614469686225"  "0.0463614469686225"  "0.302798230503511"  
[31] "0.302798230503511"   "0.419366946225905"   "0.419366946225905"  
[34] "0.0235131807993591"  "0.0235131807993591"  "0.0428401432508832" 
[37] "0.0428401432508832"  "0.32849652182125"    "0.32849652182125"   
[40] "0.00579549003111754" "0.00579549003111754" "beta :"             
[43] "1"                  
[1] " old Likelihood:  -10195565.3929837"
[1] "New Likelihood:  -10195559.5602345"
iter:  0  f-value:  35036.45  pgrad:  0.576397 
iter:  10  f-value:  35036.44  pgrad:  0.6276969 
iter:  20  f-value:  35036.44  pgrad:  0.5751184 
iter:  30  f-value:  35036.44  pgrad:  0.5741101 
iter:  40  f-value:  35036.44  pgrad:  0.4932298 
iter:  50  f-value:  35036.43  pgrad:  0.4343747 
  Unsuccessful convergence.
Time difference of 24.24195 mins
 [1] "sigma:"              "0.99"                "0.99"               
 [4] "0.99"                "0.99"                "0.99"               
 [7] "0.99"                "0.99"                "0.99"               
[10] "0.99"                "0.99"                "0.99"               
[13] "0.99"                "0.99"                "0.99"               
[16] "0.99"                "0.99"                "0.99"               
[19] "0.99"                "0.291211564767283"   "0.291211564767283"  
[22] "0.369909208214698"   "0.369909208214698"   "0.0261663013788418" 
[25] "0.0261663013788418"  "0.562858060466835"   "0.562858060466835"  
[28] "0.0465149131729462"  "0.0465149131729462"  "0.304773388057451"  
[31] "0.304773388057451"   "0.423118276361475"   "0.423118276361475"  
[34] "0.0249509418052672"  "0.0249509418052672"  "0.0440705275925794" 
[37] "0.0440705275925794"  "0.330221799838796"   "0.330221799838796"  
[40] "0.00606734288750554" "0.00606734288750554" "beta :"             
[43] "1"                  
[1] 1998738 1999818 1999468 1999702 1999788
[1] 1 1 1 1 1
saved RDS
inference successful
