[1] "Original length"
[1] 999888
[1] "Final length"
[1] 16226
[1] "sequence length : 999889" "sequence length : 999941"
[3] "sequence length : 999985" "sequence length : 999860"
[5] "sequence length : 999945"
[1] 1 1 1 1 1
[1] "Beta: 1"
[1] "Self: 0"
[1] "maxIt: 20"
[1] "It: 1"
 [1] "sigma:" "0"      "0"      "0"      "0"      "0"      "0"      "0"     
 [9] "0"      "0"      "0"      "0"      "0"      "0"      "0"      "0"     
[17] "0"      "0"      "0"      "0"      "0"      "0"      "0"      "0"     
[25] "0"      "0"      "0"      "0"      "0"      "0"      "0"      "0"     
[33] "0"      "0"      "0"      "0"      "0"      "0"      "0"      "0"     
[41] "0"      "beta :" "1"     
 [1] "sigma:" "0.9405" "0.9405" "0.9405" "0.9405" "0.9405" "0.9405" "0.9405"
 [9] "0.9405" "0.9405" "0.9405" "0.9405" "0.9405" "0.9405" "0.9405" "0.9405"
[17] "0.9405" "0.9405" "0.9405" "0.9405" "0.9405" "0.099"  "0.099"  "0.2475"
[25] "0.2475" "0.0495" "0.0495" "0"      "0"      "0"      "0"      "0"     
[33] "0"      "0"      "0"      "0"      "0"      "0"      "0"      "0"     
[41] "0"      "beta :" "1"     
[1] "New Likelihood:  -9968935.86197814"
iter:  0  f-value:  36978.27  pgrad:  0.5 
iter:  10  f-value:  36976.95  pgrad:  0.9995607 
iter:  20  f-value:  36976.07  pgrad:  0.9977537 
iter:  30  f-value:  36975.77  pgrad:  0.9962012 
iter:  40  f-value:  36975.62  pgrad:  0.9950919 
iter:  50  f-value:  36975.5  pgrad:  0.9939884 
  Unsuccessful convergence.
Time difference of 2.111264 hours
[1] "maxIt: 20"
[1] "It: 2"
 [1] "sigma:"               "0.953734011293041"    "0.953734011293041"   
 [4] "0.947183722729304"    "0.947183722729304"    "0.950096395893189"   
 [7] "0.950096395893189"    "0.953940567228117"    "0.953940567228117"   
[10] "0.959166952567616"    "0.959166952567616"    "0.965177362323526"   
[13] "0.965177362323526"    "0.968654466890878"    "0.968654466890878"   
[16] "0.961443068656876"    "0.961443068656876"    "0.943046950823261"   
[19] "0.943046950823261"    "0.925263547486232"    "0.925263547486232"   
[22] "0.0942768119070662"   "0.0942768119070662"   "0.248423487144554"   
[25] "0.248423487144554"    "0.0556553481133361"   "0.0556553481133361"  
[28] "0.00917667140379792"  "0.00917667140379792"  "0.0109976755826973"  
[31] "0.0109976755826973"   "0.0110110891629809"   "0.0110110891629809"  
[34] "0.00910096718885659"  "0.00910096718885659"  "0.00596581539405056" 
[37] "0.00596581539405056"  "0.00294533476747023"  "0.00294533476747023" 
[40] "0.000494910615864604" "0.000494910615864604" "beta :"              
[43] "1"                   
 [1] "sigma:"               "0.953734011293041"    "0.953734011293041"   
 [4] "0.947183722729304"    "0.947183722729304"    "0.950096395893189"   
 [7] "0.950096395893189"    "0.953940567228117"    "0.953940567228117"   
[10] "0.959166952567616"    "0.959166952567616"    "0.965177362323526"   
[13] "0.965177362323526"    "0.968654466890878"    "0.968654466890878"   
[16] "0.961443068656876"    "0.961443068656876"    "0.943046950823261"   
[19] "0.943046950823261"    "0.974763547486232"    "0.974763547486232"   
[22] "0.0447768119070662"   "0.0447768119070662"   "0.396923487144554"   
[25] "0.396923487144554"    "0.204155348113336"    "0.204155348113336"   
[28] "0.00917667140379792"  "0.00917667140379792"  "0.0109976755826973"  
[31] "0.0109976755826973"   "0.0110110891629809"   "0.0110110891629809"  
[34] "0.00910096718885659"  "0.00910096718885659"  "0.00596581539405056" 
[37] "0.00596581539405056"  "0.00294533476747022"  "0.00294533476747022" 
[40] "0.000494910615864606" "0.000494910615864606" "beta :"              
[43] "1"                   
[1] " old Likelihood:  -9968935.86197814"
[1] "New Likelihood:  -9968177.93513478"
iter:  0  f-value:  36383.49  pgrad:  0.4989298 
iter:  10  f-value:  36383.04  pgrad:  0.9936732 
iter:  20  f-value:  36382.64  pgrad:  0.9960273 
iter:  30  f-value:  36382.61  pgrad:  0.9918836 
iter:  40  f-value:  36382.4  pgrad:  0.9896599 
iter:  50  f-value:  36382.38  pgrad:  0.9862561 
  Unsuccessful convergence.
Time difference of 23.3211 mins
[1] "maxIt: 20"
[1] "It: 3"
 [1] "sigma:"               "0.964686554212497"    "0.964686554212497"   
 [4] "0.95260780385762"     "0.95260780385762"     "0.957862888267472"   
 [7] "0.957862888267472"    "0.964698005405275"    "0.964698005405275"   
[10] "0.974046693407071"    "0.974046693407071"    "0.985027388961652"   
[13] "0.985027388961652"    "0.99"                 "0.99"                
[16] "0.977511678826395"    "0.977511678826395"    "0.943050892010867"   
[19] "0.943050892010867"    "0.959358055207708"    "0.959358055207708"   
[22] "0.0400946784509956"   "0.0400946784509956"   "0.395043916005752"   
[25] "0.395043916005752"    "0.208593566864618"    "0.208593566864618"   
[28] "0.0162398819258271"   "0.0162398819258271"   "0.0189492280196238"  
[31] "0.0189492280196238"   "0.0183602665071105"   "0.0183602665071105"  
[34] "0.0154403004187378"   "0.0154403004187378"   "0.0107629531634459"  
[37] "0.0107629531634459"   "0.00566840659663435"  "0.00566840659663435" 
[40] "0.000959949867971108" "0.000959949867971108" "beta :"              
[43] "1"                   
 [1] "sigma:"              "0.964686554212497"   "0.964686554212497"  
 [4] "0.95260780385762"    "0.95260780385762"    "0.957862888267472"  
 [7] "0.957862888267472"   "0.964698005405275"   "0.964698005405275"  
[10] "0.974046693407071"   "0.974046693407071"   "0.985027388961652"  
[13] "0.985027388961652"   "0.99"                "0.99"               
[16] "0.977511678826395"   "0.977511678826395"   "0.943050892010867"  
[19] "0.943050892010867"   "0.959358055207708"   "0.959358055207708"  
[22] "0.0400946784509956"  "0.0400946784509956"  "0.444543916005752"  
[25] "0.444543916005752"   "0.258093566864618"   "0.258093566864618"  
[28] "0.115239881925827"   "0.115239881925827"   "0.0189492280196238" 
[31] "0.0189492280196238"  "0.0183602665071105"  "0.0183602665071105" 
[34] "0.0154403004187378"  "0.0154403004187378"  "0.0107629531634459" 
[37] "0.0107629531634459"  "0.00566840659663434" "0.00566840659663434"
[40] "0.00095994986797111" "0.00095994986797111" "beta :"             
[43] "1"                  
[1] " old Likelihood:  -9968177.93513478"
[1] "New Likelihood:  -9967882.94387251"
iter:  0  f-value:  35894.16  pgrad:  0.4982008 
iter:  10  f-value:  35893.93  pgrad:  0.9889216 
iter:  20  f-value:  35893.83  pgrad:  0.9832168 
iter:  30  f-value:  35893.78  pgrad:  0.9823833 
iter:  40  f-value:  35893.7  pgrad:  0.9765512 
iter:  50  f-value:  35893.69  pgrad:  0.9762346 
  Unsuccessful convergence.
Time difference of 21.64605 mins
[1] "maxIt: 20"
[1] "It: 4"
 [1] "sigma:"              "0.972188472604869"   "0.972188472604869"  
 [4] "0.956314156918359"   "0.956314156918359"   "0.963134737068784"  
 [7] "0.963134737068784"   "0.971923061737718"   "0.971923061737718"  
[10] "0.984138214853081"   "0.984138214853081"   "0.99"               
[13] "0.99"                "0.99"                "0.99"               
[16] "0.99"                "0.99"                "0.944327187045499"  
[19] "0.944327187045499"   "0.9490839684551"     "0.9490839684551"    
[22] "0.0370283128300488"  "0.0370283128300488"  "0.442255403531936"  
[25] "0.442255403531936"   "0.260929962570358"   "0.260929962570358"  
[28] "0.120998225801775"   "0.120998225801775"   "0.0249936193692308" 
[31] "0.0249936193692308"  "0.0235361241101398"  "0.0235361241101398" 
[34] "0.0197213338995955"  "0.0197213338995955"  "0.0141988162794542" 
[37] "0.0141988162794542"  "0.00780174251654257" "0.00780174251654257"
[40] "0.00134177882443674" "0.00134177882443674" "beta :"             
[43] "1"                  
 [1] "sigma:"              "0.972188472604869"   "0.972188472604869"  
 [4] "0.956314156918359"   "0.956314156918359"   "0.963134737068784"  
 [7] "0.963134737068784"   "0.971923061737718"   "0.971923061737718"  
[10] "0.984138214853081"   "0.984138214853081"   "0.99"               
[13] "0.99"                "0.99"                "0.99"               
[16] "0.99"                "0.99"                "0.944327187045499"  
[19] "0.944327187045499"   "0.8500839684551"     "0.8500839684551"    
[22] "0.0865283128300488"  "0.0865283128300488"  "0.442255403531936"  
[25] "0.442255403531936"   "0.310429962570358"   "0.310429962570358"  
[28] "0.170498225801775"   "0.170498225801775"   "0.0249936193692308" 
[31] "0.0249936193692308"  "0.0235361241101398"  "0.0235361241101398" 
[34] "0.0197213338995955"  "0.0197213338995955"  "0.0141988162794542" 
[37] "0.0141988162794542"  "0.00780174251654257" "0.00780174251654257"
[40] "0.00134177882443674" "0.00134177882443674" "beta :"             
[43] "1"                  
[1] " old Likelihood:  -9967882.94387251"
[1] "New Likelihood:  -9967757.79747685"
iter:  0  f-value:  35799.65  pgrad:  0.4976989 
iter:  10  f-value:  35799.5  pgrad:  0.9798913 
iter:  20  f-value:  35799.45  pgrad:  0.9744314 
iter:  30  f-value:  35799.4  pgrad:  0.972582 
iter:  40  f-value:  35799.37  pgrad:  0.9678572 
iter:  50  f-value:  35799.36  pgrad:  0.9642827 
  Unsuccessful convergence.
Time difference of 22.61535 mins
[1] "maxIt: 20"
[1] "It: 5"
 [1] "sigma:"              "0.980963971400767"   "0.980963971400767"  
 [4] "0.960645837316688"   "0.960645837316688"   "0.969334557624526"  
 [7] "0.969334557624526"   "0.980438587440438"   "0.980438587440438"  
[10] "0.99"                "0.99"                "0.99"               
[13] "0.99"                "0.99"                "0.99"               
[16] "0.99"                "0.99"                "0.950807275558783"  
[19] "0.950807275558783"   "0.84121462908522"    "0.84121462908522"   
[22] "0.0838823564883329"  "0.0838823564883329"  "0.440644432711594"  
[25] "0.440644432711594"   "0.314295672702655"   "0.314295672702655"  
[28] "0.178152395531347"   "0.178152395531347"   "0.0324258504120469" 
[31] "0.0324258504120469"  "0.0293690366925664"  "0.0293690366925664" 
[34] "0.0242937401288501"  "0.0242937401288501"  "0.0181687764354869" 
[37] "0.0181687764354869"  "0.0105368227279429"  "0.0105368227279429" 
[40] "0.00184634392196706" "0.00184634392196706" "beta :"             
[43] "1"                  
 [1] "sigma:"              "0.980963971400767"   "0.980963971400767"  
 [4] "0.960645837316688"   "0.960645837316688"   "0.969334557624526"  
 [7] "0.969334557624526"   "0.980438587440438"   "0.980438587440438"  
[10] "0.99"                "0.99"                "0.99"               
[13] "0.99"                "0.99"                "0.99"               
[16] "0.99"                "0.99"                "0.950807275558783"  
[19] "0.950807275558783"   "0.79171462908522"    "0.79171462908522"   
[22] "0.182882356488333"   "0.182882356488333"   "0.440644432711594"  
[25] "0.440644432711594"   "0.314295672702655"   "0.314295672702655"  
[28] "0.227652395531347"   "0.227652395531347"   "0.0324258504120469" 
[31] "0.0324258504120469"  "0.0293690366925664"  "0.0293690366925664" 
[34] "0.0242937401288501"  "0.0242937401288501"  "0.0181687764354868" 
[37] "0.0181687764354868"  "0.0105368227279429"  "0.0105368227279429" 
[40] "0.00184634392196706" "0.00184634392196706" "beta :"             
[43] "1"                  
[1] " old Likelihood:  -9967757.79747685"
[1] "New Likelihood:  -9967679.5539949"
iter:  0  f-value:  35623.55  pgrad:  0.4972946 
iter:  10  f-value:  35623.48  pgrad:  0.9701689 
iter:  20  f-value:  35623.46  pgrad:  0.9654752 
iter:  30  f-value:  35623.45  pgrad:  0.9651185 
iter:  40  f-value:  35623.42  pgrad:  0.7935329 
iter:  50  f-value:  35623.42  pgrad:  0.7931372 
  Unsuccessful convergence.
Time difference of 23.19612 mins
[1] "maxIt: 20"
[1] "It: 6"
 [1] "sigma:"              "0.987273823607502"   "0.987273823607502"  
 [4] "0.963857886252809"   "0.963857886252809"   "0.973918042813433"  
 [7] "0.973918042813433"   "0.986645110627551"   "0.986645110627551"  
[10] "0.99"                "0.99"                "0.99"               
[13] "0.99"                "0.99"                "0.99"               
[16] "0.99"                "0.99"                "0.957730502795989"  
[19] "0.957730502795989"   "0.784862324515474"   "0.784862324515474"  
[22] "0.180529182742912"   "0.180529182742912"   "0.43947983198208"   
[25] "0.43947983198208"    "0.317474724879102"   "0.317474724879102"  
[28] "0.234690218701543"   "0.234690218701543"   "0.0385737844873147" 
[31] "0.0385737844873147"  "0.033514957408719"   "0.033514957408719"  
[34] "0.0280583575661662"  "0.0280583575661662"  "0.0215420667864456" 
[37] "0.0215420667864456"  "0.0131428980095292"  "0.0131428980095292" 
[40] "0.00234603718465139" "0.00234603718465139" "beta :"             
[43] "1"                  
 [1] "sigma:"              "0.987273823607502"   "0.987273823607502"  
 [4] "0.963857886252809"   "0.963857886252809"   "0.973918042813433"  
 [7] "0.973918042813433"   "0.986645110627551"   "0.986645110627551"  
[10] "0.99"                "0.99"                "0.99"               
[13] "0.99"                "0.99"                "0.99"               
[16] "0.99"                "0.99"                "0.957730502795989"  
[19] "0.957730502795989"   "0.735362324515474"   "0.735362324515474"  
[22] "0.230029182742912"   "0.230029182742912"   "0.43947983198208"   
[25] "0.43947983198208"    "0.366974724879102"   "0.366974724879102"  
[28] "0.284190218701543"   "0.284190218701543"   "0.0385737844873147" 
[31] "0.0385737844873147"  "0.033514957408719"   "0.033514957408719"  
[34] "0.0775583575661662"  "0.0775583575661662"  "0.0215420667864456" 
[37] "0.0215420667864456"  "0.0131428980095292"  "0.0131428980095292" 
[40] "0.00234603718465139" "0.00234603718465139" "beta :"             
[43] "1"                  
[1] " old Likelihood:  -9967679.5539949"
[1] "New Likelihood:  -9967636.36996846"
iter:  0  f-value:  35120.78  pgrad:  0.4970106 
iter:  10  f-value:  35120.68  pgrad:  0.9659644 
iter:  20  f-value:  35120.67  pgrad:  0.9648489 
iter:  30  f-value:  35120.66  pgrad:  0.9646127 
iter:  40  f-value:  35120.65  pgrad:  0.9573884 
iter:  50  f-value:  35120.64  pgrad:  0.956525 
  Unsuccessful convergence.
Time difference of 23.32655 mins
[1] "maxIt: 20"
[1] "It: 7"
 [1] "sigma:"             "0.989807707250461"  "0.989807707250461" 
 [4] "0.965237076566946"  "0.965237076566946"  "0.975862742881145" 
 [7] "0.975862742881145"  "0.989176529838639"  "0.989176529838639" 
[10] "0.99"               "0.99"               "0.99"              
[13] "0.99"               "0.99"               "0.99"              
[16] "0.99"               "0.99"               "0.962151418127524" 
[19] "0.962151418127524"  "0.732198256393839"  "0.732198256393839" 
[22] "0.228487437304253"  "0.228487437304253"  "0.437879987803467" 
[25] "0.437879987803467"  "0.368422106163944"  "0.368422106163944" 
[28] "0.288779894336774"  "0.288779894336774"  "0.0430512933925331"
[31] "0.0430512933925331" "0.0370515670735878" "0.0370515670735878"
[34] "0.0803959026871502" "0.0803959026871502" "0.0239420140713195"
[37] "0.0239420140713195" "0.014838244079798"  "0.014838244079798" 
[40] "0.0026560993311692" "0.0026560993311692" "beta :"            
[43] "1"                 
 [1] "sigma:"             "0.989807707250461"  "0.989807707250461" 
 [4] "0.965237076566946"  "0.965237076566946"  "0.975862742881145" 
 [7] "0.975862742881145"  "0.989176529838639"  "0.989176529838639" 
[10] "0.99"               "0.99"               "0.99"              
[13] "0.99"               "0.99"               "0.99"              
[16] "0.99"               "0.99"               "0.962151418127524" 
[19] "0.962151418127524"  "0.682698256393839"  "0.682698256393839" 
[22] "0.277987437304254"  "0.277987437304254"  "0.437879987803467" 
[25] "0.437879987803467"  "0.368422106163944"  "0.368422106163944" 
[28] "0.338279894336774"  "0.338279894336774"  "0.0430512933925331"
[31] "0.0430512933925331" "0.0370515670735878" "0.0370515670735878"
[34] "0.0803959026871502" "0.0803959026871502" "0.0239420140713195"
[37] "0.0239420140713195" "0.014838244079798"  "0.014838244079798" 
[40] "0.0026560993311692" "0.0026560993311692" "beta :"            
[43] "1"                 
[1] " old Likelihood:  -9967636.36996846"
[1] "New Likelihood:  -9967595.28583657"
iter:  0  f-value:  34961.87  pgrad:  0.4967364 
iter:  10  f-value:  34961.8  pgrad:  0.9624311 
iter:  20  f-value:  34961.79  pgrad:  0.9609601 
iter:  30  f-value:  34961.79  pgrad:  0.9541343 
iter:  40  f-value:  34961.78  pgrad:  0.8977077 
iter:  50  f-value:  34961.78  pgrad:  0.6897608 
  Unsuccessful convergence.
Time difference of 23.2957 mins
[1] "maxIt: 20"
[1] "It: 8"
 [1] "sigma:"              "0.99"                "0.99"               
 [4] "0.966608994779157"   "0.966608994779157"   "0.977771824643332"  
 [7] "0.977771824643332"   "0.99"                "0.99"               
[10] "0.99"                "0.99"                "0.99"               
[13] "0.99"                "0.99"                "0.99"               
[16] "0.99"                "0.99"                "0.967558380820733"  
[19] "0.967558380820733"   "0.679484733515642"   "0.679484733515642"  
[22] "0.276158889583474"   "0.276158889583474"   "0.435985408827331"  
[25] "0.435985408827331"   "0.369666754933014"   "0.369666754933014"  
[28] "0.34341322075209"    "0.34341322075209"    "0.0478165960176781" 
[31] "0.0478165960176781"  "0.0404619138725596"  "0.0404619138725596" 
[34] "0.0836482185806401"  "0.0836482185806401"  "0.0265792947751728" 
[37] "0.0265792947751728"  "0.0169572522390041"  "0.0169572522390041" 
[40] "0.00306655771475292" "0.00306655771475292" "beta :"             
[43] "1"                  
 [1] "sigma:"              "0.99"                "0.99"               
 [4] "0.966608994779157"   "0.966608994779157"   "0.977771824643332"  
 [7] "0.977771824643332"   "0.99"                "0.99"               
[10] "0.99"                "0.99"                "0.99"               
[13] "0.99"                "0.99"                "0.99"               
[16] "0.99"                "0.99"                "0.967558380820733"  
[19] "0.967558380820733"   "0.679484733515642"   "0.679484733515642"  
[22] "0.276158889583474"   "0.276158889583474"   "0.435985408827331"  
[25] "0.435985408827331"   "0.369666754933014"   "0.369666754933014"  
[28] "0.39291322075209"    "0.39291322075209"    "0.0478165960176781" 
[31] "0.0478165960176781"  "0.0404619138725596"  "0.0404619138725596" 
[34] "0.13314821858064"    "0.13314821858064"    "0.0265792947751728" 
[37] "0.0265792947751728"  "0.0169572522390041"  "0.0169572522390041" 
[40] "0.00306655771475292" "0.00306655771475292" "beta :"             
[43] "1"                  
[1] " old Likelihood:  -9967595.28583657"
[1] "New Likelihood:  -9967564.98250855"
iter:  0  f-value:  34565.99  pgrad:  0.4965191 
iter:  10  f-value:  34565.92  pgrad:  0.9589822 
iter:  20  f-value:  34565.92  pgrad:  0.9582284 
iter:  30  f-value:  34565.91  pgrad:  0.9495378 
iter:  40  f-value:  34565.9  pgrad:  0.8293864 
iter:  50  f-value:  34565.9  pgrad:  0.6935443 
  Unsuccessful convergence.
Time difference of 22.74126 mins
[1] "maxIt: 20"
[1] "It: 9"
 [1] "sigma:"              "0.99"                "0.99"               
 [4] "0.967621556338859"   "0.967621556338859"   "0.979158602767799"  
 [7] "0.979158602767799"   "0.99"                "0.99"               
[10] "0.99"                "0.99"                "0.99"               
[13] "0.99"                "0.99"                "0.99"               
[16] "0.99"                "0.99"                "0.971885279832997"  
[19] "0.971885279832997"   "0.67678544271453"    "0.67678544271453"   
[22] "0.274951086368619"   "0.274951086368619"   "0.43458598676334"   
[25] "0.43458598676334"    "0.370150093069136"   "0.370150093069136"  
[28] "0.397137650833617"   "0.397137650833617"   "0.052114176581353"  
[31] "0.052114176581353"   "0.0440334836261271"  "0.0440334836261271" 
[34] "0.136304361939185"   "0.136304361939185"   "0.0292629753499539" 
[37] "0.0292629753499539"  "0.0189237194733928"  "0.0189237194733928" 
[40] "0.00343581704231968" "0.00343581704231968" "beta :"             
[43] "1"                  
 [1] "sigma:"              "0.99"                "0.99"               
 [4] "0.967621556338859"   "0.967621556338859"   "0.979158602767799"  
 [7] "0.979158602767799"   "0.99"                "0.99"               
[10] "0.99"                "0.99"                "0.99"               
[13] "0.99"                "0.99"                "0.99"               
[16] "0.99"                "0.99"                "0.971885279832997"  
[19] "0.971885279832997"   "0.62728544271453"    "0.62728544271453"   
[22] "0.324451086368619"   "0.324451086368619"   "0.43458598676334"   
[25] "0.43458598676334"    "0.370150093069136"   "0.370150093069136"  
[28] "0.397137650833617"   "0.397137650833617"   "0.101614176581353"  
[31] "0.101614176581353"   "0.0440334836261271"  "0.0440334836261271" 
[34] "0.136304361939185"   "0.136304361939185"   "0.0292629753499539" 
[37] "0.0292629753499539"  "0.0189237194733928"  "0.0189237194733928" 
[40] "0.00343581704231968" "0.00343581704231968" "beta :"             
[43] "1"                  
[1] " old Likelihood:  -9967564.98250855"
[1] "New Likelihood:  -9967535.24231168"
iter:  0  f-value:  34399.73  pgrad:  0.5448237 
iter:  10  f-value:  34399.68  pgrad:  0.9325595 
iter:  20  f-value:  34399.68  pgrad:  0.8962406 
iter:  30  f-value:  34399.68  pgrad:  0.8957063 
iter:  40  f-value:  34399.67  pgrad:  0.7174094 
iter:  50  f-value:  34399.67  pgrad:  0.6228947 
  Unsuccessful convergence.
Time difference of 23.92937 mins
[1] "maxIt: 20"
[1] "It: 10"
 [1] "sigma:"              "0.99"                "0.99"               
 [4] "0.968442539154733"   "0.968442539154733"   "0.980262921401104"  
 [7] "0.980262921401104"   "0.99"                "0.99"               
[10] "0.99"                "0.99"                "0.99"               
[13] "0.99"                "0.99"                "0.99"               
[16] "0.99"                "0.99"                "0.975698297290315"  
[19] "0.975698297290315"   "0.625361581560816"   "0.625361581560816"  
[22] "0.323310888981354"   "0.323310888981354"   "0.4337117753492"    
[25] "0.4337117753492"     "0.37059364451806"    "0.37059364451806"   
[28] "0.400601063908891"   "0.400601063908891"   "0.105317463140471"  
[31] "0.105317463140471"   "0.0469145084891727"  "0.0469145084891727" 
[34] "0.13894825576651"    "0.13894825576651"    "0.0315326472601952" 
[37] "0.0315326472601952"  "0.0206721580601757"  "0.0206721580601757" 
[40] "0.00377129643023281" "0.00377129643023281" "beta :"             
[43] "1"                  
 [1] "sigma:"              "0.99"                "0.99"               
 [4] "0.968442539154733"   "0.968442539154733"   "0.980262921401104"  
 [7] "0.980262921401104"   "0.99"                "0.99"               
[10] "0.99"                "0.99"                "0.99"               
[13] "0.99"                "0.99"                "0.99"               
[16] "0.99"                "0.99"                "0.975698297290315"  
[19] "0.975698297290315"   "0.575861581560816"   "0.575861581560816"  
[22] "0.372810888981354"   "0.372810888981354"   "0.4337117753492"    
[25] "0.4337117753492"     "0.37059364451806"    "0.37059364451806"   
[28] "0.400601063908891"   "0.400601063908891"   "0.105317463140471"  
[31] "0.105317463140471"   "0.0469145084891727"  "0.0469145084891727" 
[34] "0.18844825576651"    "0.18844825576651"    "0.0315326472601952" 
[37] "0.0315326472601952"  "0.0206721580601757"  "0.0206721580601757" 
[40] "0.00377129643023281" "0.00377129643023281" "beta :"             
[43] "1"                  
[1] " old Likelihood:  -9967535.24231168"
[1] "New Likelihood:  -9967513.11413723"
iter:  0  f-value:  34205.58  pgrad:  0.5815754 
iter:  10  f-value:  34205.55  pgrad:  0.8935507 
iter:  20  f-value:  34205.54  pgrad:  0.7852213 
iter:  30  f-value:  34205.54  pgrad:  0.6974005 
iter:  40  f-value:  34205.53  pgrad:  0.5912443 
iter:  50  f-value:  34205.53  pgrad:  0.4700996 
  Unsuccessful convergence.
Time difference of 23.86716 mins
[1] "maxIt: 20"
[1] "It: 11"
 [1] "sigma:"              "0.99"                "0.99"               
 [4] "0.969227139448754"   "0.969227139448754"   "0.981292614371985"  
 [7] "0.981292614371985"   "0.99"                "0.99"               
[10] "0.99"                "0.99"                "0.99"               
[13] "0.99"                "0.99"                "0.99"               
[16] "0.99"                "0.99"                "0.979275366386353"  
[19] "0.979275366386353"   "0.573831086274731"   "0.573831086274731"  
[22] "0.371105045733865"   "0.371105045733865"   "0.432827918790636"  
[25] "0.432827918790636"   "0.371623318597151"   "0.371623318597151"  
[28] "0.404501754974627"   "0.404501754974627"   "0.108889709030621"  
[31] "0.108889709030621"   "0.0499446710355488"  "0.0499446710355488" 
[34] "0.191774694535979"   "0.191774694535979"   "0.0344124498352291" 
[37] "0.0344124498352291"  "0.0228016214581416"  "0.0228016214581416" 
[40] "0.00417508099699801" "0.00417508099699801" "beta :"             
[43] "1"                  
 [1] "sigma:"               "0.99"                 "0.99"                
 [4] "0.969227139448754"    "0.969227139448754"    "0.981292614371985"   
 [7] "0.981292614371985"    "0.99"                 "0.99"                
[10] "0.99"                 "0.99"                 "0.99"                
[13] "0.99"                 "0.99"                 "0.99"                
[16] "0.99"                 "0.99"                 "0.979275366386353"   
[19] "0.979275366386353"    "0.524331086274731"    "0.524331086274731"   
[22] "0.371105045733865"    "0.371105045733865"    "0.482327918790636"   
[25] "0.482327918790636"    "0.371623318597151"    "0.371623318597151"   
[28] "0.404501754974627"    "0.404501754974627"    "0.158389709030621"   
[31] "0.158389709030621"    "0.000444671035548811" "0.000444671035548811"
[34] "0.191774694535979"    "0.191774694535979"    "0.0344124498352291"  
[37] "0.0344124498352291"   "0.0228016214581416"   "0.0228016214581416"  
[40] "0.00417508099699801"  "0.00417508099699801"  "beta :"              
[43] "1"                   
[1] " old Likelihood:  -9967513.11413723"
[1] "New Likelihood:  -9967490.82837887"
iter:  0  f-value:  34132.2  pgrad:  0.5794217 
iter:  10  f-value:  34132.18  pgrad:  0.8396877 
iter:  20  f-value:  34132.18  pgrad:  0.805358 
iter:  30  f-value:  34132.17  pgrad:  0.746295 
iter:  40  f-value:  34132.17  pgrad:  0.5095745 
iter:  50  f-value:  34132.17  pgrad:  0.4449976 
  Unsuccessful convergence.
Time difference of 24.28222 mins
[1] "maxIt: 20"
[1] "It: 12"
 [1] "sigma:"              "0.99"                "0.99"               
 [4] "0.969817701479547"   "0.969817701479547"   "0.982046456576591"  
 [7] "0.982046456576591"   "0.99"                "0.99"               
[10] "0.99"                "0.99"                "0.99"               
[13] "0.99"                "0.99"                "0.99"               
[16] "0.99"                "0.99"                "0.981907313059562"  
[19] "0.981907313059562"   "0.522648411802386"   "0.522648411802386"  
[22] "0.368937672904488"   "0.368937672904488"   "0.480477095920157"  
[25] "0.480477095920157"   "0.372301540326415"   "0.372301540326415"  
[28] "0.408352903072948"   "0.408352903072948"   "0.162020557757138"  
[31] "0.162020557757138"   "0.00234599696358046" "0.00234599696358046"
[34] "0.194080970572423"   "0.194080970572423"   "0.036691581510145"  
[37] "0.036691581510145"   "0.024611050992329"   "0.024611050992329"  
[40] "0.0045266372532055"  "0.0045266372532055"  "beta :"             
[43] "1"                  
 [1] "sigma:"              "0.99"                "0.99"               
 [4] "0.969817701479547"   "0.969817701479547"   "0.982046456576591"  
 [7] "0.982046456576591"   "0.99"                "0.99"               
[10] "0.99"                "0.99"                "0.99"               
[13] "0.99"                "0.99"                "0.99"               
[16] "0.99"                "0.99"                "0.981907313059562"  
[19] "0.981907313059562"   "0.473148411802386"   "0.473148411802386"  
[22] "0.368937672904488"   "0.368937672904488"   "0.480477095920157"  
[25] "0.480477095920157"   "0.372301540326415"   "0.372301540326415"  
[28] "0.408352903072948"   "0.408352903072948"   "0.211520557757138"  
[31] "0.211520557757138"   "0.00234599696358046" "0.00234599696358046"
[34] "0.194080970572423"   "0.194080970572423"   "0.086191581510145"  
[37] "0.086191581510145"   "0.024611050992329"   "0.024611050992329"  
[40] "0.0045266372532055"  "0.0045266372532055"  "beta :"             
[43] "1"                  
[1] " old Likelihood:  -9967490.82837887"
[1] "New Likelihood:  -9967475.04402361"
iter:  0  f-value:  33861.78  pgrad:  0.5769643 
iter:  10  f-value:  33861.74  pgrad:  0.8191273 
iter:  20  f-value:  33861.73  pgrad:  0.803437 
iter:  30  f-value:  33861.73  pgrad:  0.7853556 
iter:  40  f-value:  33861.73  pgrad:  0.7841759 
iter:  50  f-value:  33861.73  pgrad:  0.7452036 
  Unsuccessful convergence.
Time difference of 24.45233 mins
[1] "maxIt: 20"
[1] "It: 13"
 [1] "sigma:"              "0.99"                "0.99"               
 [4] "0.970111434632221"   "0.970111434632221"   "0.982399486782055"  
 [7] "0.982399486782055"   "0.99"                "0.99"               
[10] "0.99"                "0.99"                "0.99"               
[13] "0.99"                "0.99"                "0.99"               
[16] "0.99"                "0.99"                "0.983461002307955"  
[19] "0.983461002307955"   "0.473030059526965"   "0.473030059526965"  
[22] "0.368426357087423"   "0.368426357087423"   "0.480023574566804"  
[25] "0.480023574566804"   "0.372703244976226"   "0.372703244976226"  
[28] "0.410282962697271"   "0.410282962697271"   "0.213916808334178"  
[31] "0.213916808334178"   "0.00413869505132909" "0.00413869505132909"
[34] "0.195940149441153"   "0.195940149441153"   "0.0877877194755524" 
[37] "0.0877877194755524"  "0.0257159534465677"  "0.0257159534465677" 
[40] "0.0047266909658362"  "0.0047266909658362"  "beta :"             
[43] "1"                  
 [1] "sigma:"              "0.99"                "0.99"               
 [4] "0.970111434632221"   "0.970111434632221"   "0.982399486782055"  
 [7] "0.982399486782055"   "0.99"                "0.99"               
[10] "0.99"                "0.99"                "0.99"               
[13] "0.99"                "0.99"                "0.99"               
[16] "0.99"                "0.99"                "0.983461002307955"  
[19] "0.983461002307955"   "0.473030059526965"   "0.473030059526965"  
[22] "0.368426357087423"   "0.368426357087423"   "0.480023574566804"  
[25] "0.480023574566804"   "0.372703244976226"   "0.372703244976226"  
[28] "0.410282962697271"   "0.410282962697271"   "0.213916808334178"  
[31] "0.213916808334178"   "0.00413869505132909" "0.00413869505132909"
[34] "0.195940149441153"   "0.195940149441153"   "0.0877877194755524" 
[37] "0.0877877194755524"  "0.0257159534465677"  "0.0257159534465677" 
[40] "0.0047266909658362"  "0.0047266909658362"  "beta :"             
[43] "1"                  
[1] " old Likelihood:  -9967475.04402361"
[1] "New Likelihood:  -9967457.72144283"
iter:  0  f-value:  33881.94  pgrad:  0.5744036 
iter:  10  f-value:  33881.93  pgrad:  0.7754716 
iter:  20  f-value:  33881.92  pgrad:  0.6684422 
iter:  30  f-value:  33881.92  pgrad:  0.6023765 
iter:  40  f-value:  33881.92  pgrad:  0.5256879 
iter:  50  f-value:  33881.92  pgrad:  0.4628237 
  Unsuccessful convergence.
Time difference of 23.91013 mins
[1] "maxIt: 20"
[1] "It: 14"
 [1] "sigma:"              "0.99"                "0.99"               
 [4] "0.970636304200674"   "0.970636304200674"   "0.983020077934471"  
 [7] "0.983020077934471"   "0.99"                "0.99"               
[10] "0.99"                "0.99"                "0.99"               
[13] "0.99"                "0.99"                "0.99"               
[16] "0.99"                "0.99"                "0.986054615998643"  
[19] "0.986054615998643"   "0.472303400071533"   "0.472303400071533"  
[22] "0.367115007385072"   "0.367115007385072"   "0.479044440083951"  
[25] "0.479044440083951"   "0.373510895555009"   "0.373510895555009"  
[28] "0.413691958524265"   "0.413691958524265"   "0.217380784310514"  
[31] "0.217380784310514"   "0.00606297789878759" "0.00606297789878759"
[34] "0.198667473727829"   "0.198667473727829"   "0.0907898795235213" 
[37] "0.0907898795235213"  "0.0280306302388483"  "0.0280306302388483" 
[40] "0.00517631789520902" "0.00517631789520902" "beta :"             
[43] "1"                  
 [1] "sigma:"              "0.99"                "0.99"               
 [4] "0.970636304200674"   "0.970636304200674"   "0.983020077934471"  
 [7] "0.983020077934471"   "0.99"                "0.99"               
[10] "0.99"                "0.99"                "0.99"               
[13] "0.99"                "0.99"                "0.99"               
[16] "0.99"                "0.99"                "0.986054615998643"  
[19] "0.986054615998643"   "0.472303400071533"   "0.472303400071533"  
[22] "0.367115007385072"   "0.367115007385072"   "0.479044440083951"  
[25] "0.479044440083951"   "0.373510895555009"   "0.373510895555009"  
[28] "0.463191958524265"   "0.463191958524265"   "0.217380784310514"  
[31] "0.217380784310514"   "0.00606297789878759" "0.00606297789878759"
[34] "0.198667473727829"   "0.198667473727829"   "0.140289879523521"  
[37] "0.140289879523521"   "0.0280306302388483"  "0.0280306302388483" 
[40] "0.00517631789520902" "0.00517631789520902" "beta :"             
[43] "1"                  
[1] " old Likelihood:  -9967457.72144283"
[1] "New Likelihood:  -9967445.10827485"
iter:  0  f-value:  33513.44  pgrad:  0.5704426 
iter:  10  f-value:  33513.4  pgrad:  0.799362 
iter:  20  f-value:  33513.4  pgrad:  0.7795635 
iter:  30  f-value:  33513.4  pgrad:  0.7725612 
iter:  40  f-value:  33513.4  pgrad:  0.7008202 
iter:  50  f-value:  33513.39  pgrad:  0.472719 
  Unsuccessful convergence.
Time difference of 23.84621 mins
[1] "maxIt: 20"
[1] "It: 15"
 [1] "sigma:"              "0.99"                "0.99"               
 [4] "0.970981513761376"   "0.970981513761376"   "0.983394110297301"  
 [7] "0.983394110297301"   "0.989988206644568"   "0.989988206644568"  
[10] "0.99"                "0.99"                "0.99"               
[13] "0.99"                "0.99"                "0.99"               
[16] "0.99"                "0.99"                "0.987266201440714"  
[19] "0.987266201440714"   "0.471195327359105"   "0.471195327359105"  
[22] "0.365485612028575"   "0.365485612028575"   "0.477416985585149"  
[25] "0.477416985585149"   "0.373279491292987"   "0.373279491292987"  
[28] "0.465954027748471"   "0.465954027748471"   "0.220930765806767"  
[31] "0.220930765806767"   "0.00857867317991961" "0.00857867317991961"
[34] "0.20151907769969"    "0.20151907769969"    "0.143139772285335"  
[37] "0.143139772285335"   "0.0300062692309038"  "0.0300062692309038" 
[40] "0.00555020180870146" "0.00555020180870146" "beta :"             
[43] "1"                  
 [1] "sigma:"              "0.99"                "0.99"               
 [4] "0.970981513761376"   "0.970981513761376"   "0.983394110297301"  
 [7] "0.983394110297301"   "0.989988206644568"   "0.989988206644568"  
[10] "0.99"                "0.99"                "0.99"               
[13] "0.99"                "0.99"                "0.99"               
[16] "0.99"                "0.99"                "0.987266201440714"  
[19] "0.987266201440714"   "0.421695327359105"   "0.421695327359105"  
[22] "0.365485612028575"   "0.365485612028575"   "0.477416985585149"  
[25] "0.477416985585149"   "0.373279491292987"   "0.373279491292987"  
[28] "0.465954027748471"   "0.465954027748471"   "0.220930765806767"  
[31] "0.220930765806767"   "0.00857867317991961" "0.00857867317991961"
[34] "0.20151907769969"    "0.20151907769969"    "0.143139772285335"  
[37] "0.143139772285335"   "0.0300062692309038"  "0.0300062692309038" 
[40] "0.00555020180870146" "0.00555020180870146" "beta :"             
[43] "1"                  
[1] " old Likelihood:  -9967445.10827485"
[1] "New Likelihood:  -9967428.64793423"
iter:  0  f-value:  33579.63  pgrad:  0.5681 
iter:  10  f-value:  33579.62  pgrad:  0.7250492 
iter:  20  f-value:  33579.62  pgrad:  0.6340269 
iter:  30  f-value:  33579.61  pgrad:  0.5663025 
iter:  40  f-value:  33579.61  pgrad:  0.5470793 
iter:  50  f-value:  33579.61  pgrad:  0.4729372 
  Unsuccessful convergence.
Time difference of 24.35395 mins
[1] "maxIt: 20"
[1] "It: 16"
 [1] "sigma:"              "0.989999690102282"   "0.989999690102282"  
 [4] "0.971247305422203"   "0.971247305422203"   "0.983675427081429"  
 [7] "0.983675427081429"   "0.989956689806603"   "0.989956689806603"  
[10] "0.99"                "0.99"                "0.99"               
[13] "0.99"                "0.99"                "0.99"               
[16] "0.99"                "0.99"                "0.98848978970415"   
[19] "0.98848978970415"    "0.421582285783377"   "0.421582285783377"  
[22] "0.364879714998541"   "0.364879714998541"   "0.476845881885647"  
[25] "0.476845881885647"   "0.373510706887973"   "0.373510706887973"  
[28] "0.468170441290604"   "0.468170441290604"   "0.22341301361429"   
[31] "0.22341301361429"    "0.00993155690890995" "0.00993155690890995"
[34] "0.203473271920168"   "0.203473271920168"   "0.145373711349784"  
[37] "0.145373711349784"   "0.0316117846945132"  "0.0316117846945132" 
[40] "0.00585192858329329" "0.00585192858329329" "beta :"             
[43] "1"                  
 [1] "sigma:"              "0.989999690102282"   "0.989999690102282"  
 [4] "0.971247305422203"   "0.971247305422203"   "0.983675427081429"  
 [7] "0.983675427081429"   "0.989956689806603"   "0.989956689806603"  
[10] "0.99"                "0.99"                "0.99"               
[13] "0.99"                "0.99"                "0.99"               
[16] "0.99"                "0.99"                "0.98848978970415"   
[19] "0.98848978970415"    "0.421582285783377"   "0.421582285783377"  
[22] "0.364879714998541"   "0.364879714998541"   "0.476845881885647"  
[25] "0.476845881885647"   "0.373510706887973"   "0.373510706887973"  
[28] "0.468170441290604"   "0.468170441290604"   "0.27291301361429"   
[31] "0.27291301361429"    "0.00993155690890995" "0.00993155690890995"
[34] "0.203473271920168"   "0.203473271920168"   "0.145373711349784"  
[37] "0.145373711349784"   "0.0316117846945132"  "0.0316117846945132" 
[40] "0.00585192858329329" "0.00585192858329329" "beta :"             
[43] "1"                  
[1] " old Likelihood:  -9967428.64793423"
[1] "New Likelihood:  -9967417.99072559"
iter:  0  f-value:  33349.05  pgrad:  0.5650018 
iter:  10  f-value:  33349.03  pgrad:  0.7243377 
iter:  20  f-value:  33349.03  pgrad:  0.722174 
iter:  30  f-value:  33349.02  pgrad:  0.4914182 
iter:  40  f-value:  33349.02  pgrad:  0.4217873 
iter:  50  f-value:  33349.02  pgrad:  0.3669265 
  Unsuccessful convergence.
Time difference of 23.83107 mins
[1] "maxIt: 20"
[1] "It: 17"
 [1] "sigma:"              "0.989995258182476"   "0.989995258182476"  
 [4] "0.971563412922215"   "0.971563412922215"   "0.983997725403659"  
 [7] "0.983997725403659"   "0.989845005217372"   "0.989845005217372"  
[10] "0.99"                "0.99"                "0.99"               
[13] "0.99"                "0.99"                "0.99"               
[16] "0.99"                "0.99"                "0.989473031874925"  
[19] "0.989473031874925"   "0.421075862056424"   "0.421075862056424"  
[22] "0.363766104569265"   "0.363766104569265"   "0.47574318156179"   
[25] "0.47574318156179"    "0.373306872431929"   "0.373306872431929"  
[28] "0.470498515337665"   "0.470498515337665"   "0.276301784980313"  
[31] "0.276301784980313"   "0.0120447481302671"  "0.0120447481302671" 
[34] "0.205938724458539"   "0.205938724458539"   "0.14810843372169"   
[37] "0.14810843372169"    "0.0335883231125409"  "0.0335883231125409" 
[40] "0.00623781088228525" "0.00623781088228525" "beta :"             
[43] "1"                  
 [1] "sigma:"              "0.989995258182476"   "0.989995258182476"  
 [4] "0.971563412922215"   "0.971563412922215"   "0.983997725403659"  
 [7] "0.983997725403659"   "0.989845005217372"   "0.989845005217372"  
[10] "0.99"                "0.99"                "0.99"               
[13] "0.99"                "0.99"                "0.99"               
[16] "0.99"                "0.99"                "0.989473031874925"  
[19] "0.989473031874925"   "0.421075862056424"   "0.421075862056424"  
[22] "0.363766104569265"   "0.363766104569265"   "0.47574318156179"   
[25] "0.47574318156179"    "0.373306872431929"   "0.373306872431929"  
[28] "0.470498515337665"   "0.470498515337665"   "0.276301784980313"  
[31] "0.276301784980313"   "0.0120447481302671"  "0.0120447481302671" 
[34] "0.205938724458539"   "0.205938724458539"   "0.19760843372169"   
[37] "0.19760843372169"    "0.0335883231125409"  "0.0335883231125409" 
[40] "0.00623781088228525" "0.00623781088228525" "beta :"             
[43] "1"                  
[1] " old Likelihood:  -9967417.99072559"
[1] "New Likelihood:  -9967405.5319804"
iter:  0  f-value:  33225.8  pgrad:  0.5625192 
iter:  10  f-value:  33225.78  pgrad:  0.7208716 
iter:  20  f-value:  33225.78  pgrad:  0.6349001 
iter:  30  f-value:  33225.78  pgrad:  0.613436 
iter:  40  f-value:  33225.78  pgrad:  0.5339825 
iter:  50  f-value:  33225.78  pgrad:  0.5124457 
  Unsuccessful convergence.
Time difference of 23.89503 mins
[1] "maxIt: 20"
[1] "It: 18"
 [1] "sigma:"              "0.99"                "0.99"               
 [4] "0.971764192844147"   "0.971764192844147"   "0.984204726470433"  
 [7] "0.984204726470433"   "0.98978970746651"    "0.98978970746651"   
[10] "0.99"                "0.99"                "0.99"               
[13] "0.99"                "0.99"                "0.99"               
[16] "0.99"                "0.99"                "0.99"               
[19] "0.99"                "0.420749686313941"   "0.420749686313941"  
[22] "0.363225913911471"   "0.363225913911471"   "0.475465465025232"  
[25] "0.475465465025232"   "0.373522309018196"   "0.373522309018196"  
[28] "0.4719876963259"     "0.4719876963259"     "0.278187135916783"  
[31] "0.278187135916783"   "0.0133420520864909"  "0.0133420520864909" 
[34] "0.207765896316814"   "0.207765896316814"   "0.199684019698451"  
[37] "0.199684019698451"   "0.0349249311086897"  "0.0349249311086897" 
[40] "0.00647825071583621" "0.00647825071583621" "beta :"             
[43] "1"                  
 [1] "sigma:"              "0.99"                "0.99"               
 [4] "0.971764192844147"   "0.971764192844147"   "0.984204726470433"  
 [7] "0.984204726470433"   "0.98978970746651"    "0.98978970746651"   
[10] "0.99"                "0.99"                "0.99"               
[13] "0.99"                "0.99"                "0.99"               
[16] "0.99"                "0.99"                "0.99"               
[19] "0.99"                "0.420749686313941"   "0.420749686313941"  
[22] "0.363225913911471"   "0.363225913911471"   "0.475465465025232"  
[25] "0.475465465025232"   "0.373522309018196"   "0.373522309018196"  
[28] "0.4719876963259"     "0.4719876963259"     "0.278187135916783"  
[31] "0.278187135916783"   "0.0133420520864909"  "0.0133420520864909" 
[34] "0.207765896316814"   "0.207765896316814"   "0.199684019698451"  
[37] "0.199684019698451"   "0.0349249311086897"  "0.0349249311086897" 
[40] "0.00647825071583621" "0.00647825071583621" "beta :"             
[43] "1"                  
[1] " old Likelihood:  -9967405.5319804"
[1] "New Likelihood:  -9967395.29464672"
iter:  0  f-value:  33231.02  pgrad:  0.5608036 
iter:  10  f-value:  33231.01  pgrad:  0.5787297 
iter:  20  f-value:  33231.01  pgrad:  0.534128 
iter:  30  f-value:  33231.01  pgrad:  0.5251786 
iter:  40  f-value:  33231.01  pgrad:  0.6284972 
iter:  50  f-value:  33231.01  pgrad:  0.3832974 
  Unsuccessful convergence.
Time difference of 23.90024 mins
[1] "maxIt: 20"
[1] "It: 19"
 [1] "sigma:"              "0.99"                "0.99"               
 [4] "0.972045766069153"   "0.972045766069153"   "0.984511726750015"  
 [7] "0.984511726750015"   "0.989777370942359"   "0.989777370942359"  
[10] "0.99"                "0.99"                "0.99"               
[13] "0.99"                "0.99"                "0.99"               
[16] "0.99"                "0.99"                "0.99"               
[19] "0.99"                "0.42025163994526"    "0.42025163994526"   
[22] "0.362488320265409"   "0.362488320265409"   "0.475155602228335"  
[25] "0.475155602228335"   "0.373860712157959"   "0.373860712157959"  
[28] "0.473716732721829"   "0.473716732721829"   "0.28017700081403"   
[31] "0.28017700081403"    "0.0142912485102857"  "0.0142912485102857" 
[34] "0.20950859993218"    "0.20950859993218"    "0.202032933513128"  
[37] "0.202032933513128"   "0.0365092205897142"  "0.0365092205897142" 
[40] "0.00677543115684546" "0.00677543115684546" "beta :"             
[43] "1"                  
 [1] "sigma:"              "0.99"                "0.99"               
 [4] "0.972045766069153"   "0.972045766069153"   "0.984511726750015"  
 [7] "0.984511726750015"   "0.989777370942359"   "0.989777370942359"  
[10] "0.99"                "0.99"                "0.99"               
[13] "0.99"                "0.99"                "0.99"               
[16] "0.99"                "0.99"                "0.99"               
[19] "0.99"                "0.37075163994526"    "0.37075163994526"   
[22] "0.362488320265409"   "0.362488320265409"   "0.475155602228335"  
[25] "0.475155602228335"   "0.373860712157959"   "0.373860712157959"  
[28] "0.473716732721829"   "0.473716732721829"   "0.28017700081403"   
[31] "0.28017700081403"    "0.0142912485102857"  "0.0142912485102857" 
[34] "0.20950859993218"    "0.20950859993218"    "0.202032933513128"  
[37] "0.202032933513128"   "0.0365092205897142"  "0.0365092205897142" 
[40] "0.00677543115684545" "0.00677543115684545" "beta :"             
[43] "1"                  
[1] " old Likelihood:  -9967395.29464672"
[1] "New Likelihood:  -9967387.83852248"
iter:  0  f-value:  33273.88  pgrad:  0.5592834 
iter:  10  f-value:  33273.87  pgrad:  0.5589016 
iter:  20  f-value:  33273.87  pgrad:  0.5587016 
iter:  30  f-value:  33273.86  pgrad:  0.3224704 
iter:  40  f-value:  33273.86  pgrad:  0.3106834 
iter:  50  f-value:  33273.86  pgrad:  0.3019522 
  Unsuccessful convergence.
Time difference of 24.35135 mins
[1] "maxIt: 20"
[1] "It: 20"
 [1] "sigma:"              "0.99"                "0.99"               
 [4] "0.972376573628937"   "0.972376573628937"   "0.984875250861771"  
 [7] "0.984875250861771"   "0.989771126393817"   "0.989771126393817"  
[10] "0.99"                "0.99"                "0.99"               
[13] "0.99"                "0.99"                "0.99"               
[16] "0.99"                "0.99"                "0.99"               
[19] "0.99"                "0.370820786371368"   "0.370820786371368"  
[22] "0.362073143025181"   "0.362073143025181"   "0.475071269324781"  
[25] "0.475071269324781"   "0.374376037284872"   "0.374376037284872"  
[28] "0.475686284820941"   "0.475686284820941"   "0.282332808226138"  
[31] "0.282332808226138"   "0.0150663955131223"  "0.0150663955131223" 
[34] "0.211159006354228"   "0.211159006354228"   "0.204562407048012"  
[37] "0.204562407048012"   "0.038242582409064"   "0.038242582409064"  
[40] "0.00711038822338263" "0.00711038822338263" "beta :"             
[43] "1"                  
 [1] "sigma:"              "0.99"                "0.99"               
 [4] "0.972376573628937"   "0.972376573628937"   "0.984875250861771"  
 [7] "0.984875250861771"   "0.989771126393817"   "0.989771126393817"  
[10] "0.99"                "0.99"                "0.99"               
[13] "0.99"                "0.99"                "0.99"               
[16] "0.99"                "0.99"                "0.99"               
[19] "0.99"                "0.370820786371368"   "0.370820786371368"  
[22] "0.362073143025181"   "0.362073143025181"   "0.475071269324781"  
[25] "0.475071269324781"   "0.374376037284872"   "0.374376037284872"  
[28] "0.475686284820941"   "0.475686284820941"   "0.331832808226138"  
[31] "0.331832808226138"   "0.0150663955131223"  "0.0150663955131223" 
[34] "0.211159006354228"   "0.211159006354228"   "0.204562407048012"  
[37] "0.204562407048012"   "0.038242582409064"   "0.038242582409064"  
[40] "0.00711038822338263" "0.00711038822338263" "beta :"             
[43] "1"                  
[1] " old Likelihood:  -9967387.83852248"
[1] "New Likelihood:  -9967380.95530564"
iter:  0  f-value:  33017.53  pgrad:  0.5571754 
iter:  10  f-value:  33017.51  pgrad:  0.6648531 
iter:  20  f-value:  33017.51  pgrad:  0.6644412 
iter:  30  f-value:  33017.51  pgrad:  0.6641519 
iter:  40  f-value:  33017.5  pgrad:  0.5091645 
iter:  50  f-value:  33017.5  pgrad:  0.3382593 
  Unsuccessful convergence.
Time difference of 23.63835 mins
 [1] "sigma:"              "0.99"                "0.99"               
 [4] "0.972632103384828"   "0.972632103384828"   "0.985156010316737"  
 [7] "0.985156010316737"   "0.989765961790692"   "0.989765961790692"  
[10] "0.99"                "0.99"                "0.99"               
[13] "0.99"                "0.99"                "0.99"               
[16] "0.99"                "0.99"                "0.99"               
[19] "0.99"                "0.370637220303785"   "0.370637220303785"  
[22] "0.361494699211862"   "0.361494699211862"   "0.474735703917861"  
[25] "0.474735703917861"   "0.374494045933507"   "0.374494045933507"  
[28] "0.477295085913005"   "0.477295085913005"   "0.33433674945428"   
[31] "0.33433674945428"    "0.0165468008006355"  "0.0165468008006355" 
[34] "0.212907754987608"   "0.212907754987608"   "0.206659543518465"  
[37] "0.206659543518465"   "0.0395429303312336"  "0.0395429303312336" 
[40] "0.00735805916712879" "0.00735805916712879" "beta :"             
[43] "1"                  
[1] 1999778 1999882 1999970 1999720 1999890
[1] 1 1 1 1 1
saved RDS
inference successful
