[1] "Original length"
[1] 999914
[1] "Final length"
[1] 19839
[1] "sequence length : 999915" "sequence length : 999006"
[3] "sequence length : 999240" "sequence length : 999810"
[5] "sequence length : 999889"
[1] 1 1 1 1 1
[1] "Beta: 1"
[1] "Self: 0.5"
 [1] 0 0 0 0 0 0 0 0 0 0 0 0 0 0 0 0 0 0 0 0
[1] "maxIt: 20"
[1] "It: 1"
 [1] "sigma:" "0.5"    "0.5"    "0.5"    "0.5"    "0.5"    "0.5"    "0.5"   
 [9] "0.5"    "0.5"    "0.5"    "0.5"    "0.5"    "0.5"    "0.5"    "0.5"   
[17] "0.5"    "0.5"    "0.5"    "0"      "0"      "0"      "0"      "0"     
[25] "0"      "0"      "0"      "0"      "0"      "0"      "0"      "0"     
[33] "0"      "0"      "0"      "0"      "0"      "0"      "0"      "0"     
[41] "0"      "beta :" "1"     
[1] 10325110
[1] 10324827
[1] 10324690
[1] 10324492
[1] 10324215
[1] 10323845
[1] 10323371
[1] 10322821
[1] 10322341
[1] 10322198
[1] 10322754
[1] 10324559
[1] 10328482
[1] 10335600
[1] 10346238
[1] 10358369
[1] 10367412
[1] 10371595
[1] 10373401
[1] 10373833
[1] 10373864
 [1] "sigma:" "0.9655" "0.9655" "0.9655" "0.9655" "0.9655" "0.9655" "0.9655"
 [9] "0.9655" "0.9655" "0.9655" "0.9655" "0.9655" "0.9655" "0.9655" "0.9655"
[17] "0.9655" "0.9655" "0.9655" "0.425"  "0.425"  "0.425"  "0.425"  "0.425" 
[25] "0.425"  "0.425"  "0.425"  "0.425"  "0.425"  "0.425"  "0.425"  "0.425" 
[33] "0.425"  "0.425"  "0.425"  "0.425"  "0.425"  "0.425"  "0.425"  "0.425" 
[41] "0.425"  "beta :" "1"     
[1] "New Likelihood:  -10322197.7178911"
iter:  0  f-value:  31847.16  pgrad:  0.5 
iter:  10  f-value:  31846.76  pgrad:  0.8481066 
iter:  20  f-value:  31846.55  pgrad:  0.839776 
iter:  30  f-value:  31846.46  pgrad:  0.8323819 
  Unsuccessful convergence.
Time difference of 41.96634 mins
[1] "maxIt: 20"
[1] "It: 2"
 [1] "sigma:"            "0.975199571156975" "0.975199571156975"
 [4] "0.975199571156975" "0.975199571156975" "0.975199571156975"
 [7] "0.975199571156975" "0.975199571156975" "0.975199571156975"
[10] "0.975199571156975" "0.975199571156975" "0.975199571156975"
[13] "0.975199571156975" "0.975199571156975" "0.975199571156975"
[16] "0.975199571156975" "0.975199571156975" "0.975199571156975"
[19] "0.975199571156975" "0.416110271749331" "0.416110271749331"
[22] "0.416110271749331" "0.416110271749331" "0.416110271749331"
[25] "0.416110271749331" "0.416110271749331" "0.416110271749331"
[28] "0.416110271749331" "0.416110271749331" "0.416110271749331"
[31] "0.416110271749331" "0.416110271749331" "0.416110271749331"
[34] "0.416110271749331" "0.416110271749331" "0.416110271749331"
[37] "0.416110271749331" "0.416110271749331" "0.416110271749331"
[40] "0.416110271749331" "0.416110271749331" "beta :"           
[43] "1"                
[1] 10322143
[1] 10321987
[1] 10322565
 [1] "sigma:"            "0.975199571156975" "0.975199571156975"
 [4] "0.975199571156975" "0.975199571156975" "0.975199571156975"
 [7] "0.975199571156975" "0.975199571156975" "0.975199571156975"
[10] "0.975199571156975" "0.975199571156975" "0.975199571156975"
[13] "0.975199571156975" "0.975199571156975" "0.975199571156975"
[16] "0.975199571156975" "0.975199571156975" "0.975199571156975"
[19] "0.975199571156975" "0.416110271749331" "0.416110271749331"
[22] "0.416110271749331" "0.416110271749331" "0.416110271749331"
[25] "0.416110271749331" "0.416110271749331" "0.416110271749331"
[28] "0.416110271749331" "0.416110271749331" "0.416110271749331"
[31] "0.416110271749331" "0.416110271749331" "0.416110271749331"
[34] "0.416110271749331" "0.416110271749331" "0.416110271749331"
[37] "0.416110271749331" "0.416110271749331" "0.416110271749331"
[40] "0.416110271749331" "0.416110271749331" "beta :"           
[43] "1"                
[1] " old Likelihood:  -10322197.7178911"
[1] "New Likelihood:  -10321986.5377505"
iter:  0  f-value:  31920.5  pgrad:  0.8322205 
iter:  10  f-value:  31920.31  pgrad:  0.8288349 
iter:  20  f-value:  31920.18  pgrad:  0.8185403 
iter:  30  f-value:  31920.17  pgrad:  0.6337723 
  Unsuccessful convergence.
Time difference of 9.979855 mins
[1] "maxIt: 20"
[1] "It: 3"
 [1] "sigma:"            "0.981804129456873" "0.981804129456873"
 [4] "0.981804129456873" "0.981804129456873" "0.981804129456873"
 [7] "0.981804129456873" "0.981804129456873" "0.981804129456873"
[10] "0.981804129456873" "0.981804129456873" "0.981804129456873"
[13] "0.981804129456873" "0.981804129456873" "0.981804129456873"
[16] "0.981804129456873" "0.981804129456873" "0.981804129456873"
[19] "0.981804129456873" "0.407925088821375" "0.407925088821375"
[22] "0.407925088821375" "0.407925088821375" "0.407925088821375"
[25] "0.407925088821375" "0.407925088821375" "0.407925088821375"
[28] "0.407925088821375" "0.407925088821375" "0.407925088821375"
[31] "0.407925088821375" "0.407925088821375" "0.407925088821375"
[34] "0.407925088821375" "0.407925088821375" "0.407925088821375"
[37] "0.407925088821375" "0.407925088821375" "0.407925088821375"
[40] "0.407925088821375" "0.407925088821375" "beta :"           
[43] "1"                
[1] 10322047
[1] 10321873
[1] 10322475
 [1] "sigma:"            "0.981804129456873" "0.981804129456873"
 [4] "0.981804129456873" "0.981804129456873" "0.981804129456873"
 [7] "0.981804129456873" "0.981804129456873" "0.981804129456873"
[10] "0.981804129456873" "0.981804129456873" "0.981804129456873"
[13] "0.981804129456873" "0.981804129456873" "0.981804129456873"
[16] "0.981804129456873" "0.981804129456873" "0.981804129456873"
[19] "0.981804129456873" "0.382925088821375" "0.382925088821375"
[22] "0.382925088821375" "0.382925088821375" "0.382925088821375"
[25] "0.382925088821375" "0.382925088821375" "0.382925088821375"
[28] "0.382925088821375" "0.382925088821375" "0.382925088821375"
[31] "0.382925088821375" "0.382925088821375" "0.382925088821375"
[34] "0.382925088821375" "0.382925088821375" "0.382925088821375"
[37] "0.382925088821375" "0.382925088821375" "0.382925088821375"
[40] "0.382925088821375" "0.382925088821375" "beta :"           
[43] "1"                
[1] " old Likelihood:  -10321986.5377505"
[1] "New Likelihood:  -10321872.7814115"
iter:  0  f-value:  32872.88  pgrad:  0.5008202 
iter:  10  f-value:  32872.69  pgrad:  0.7642891 
iter:  20  f-value:  32872.62  pgrad:  0.7572046 
iter:  30  f-value:  32872.61  pgrad:  0.7550177 
  Unsuccessful convergence.
Time difference of 10.66446 mins
[1] "maxIt: 20"
[1] "It: 4"
 [1] "sigma:"            "0.985047850301939" "0.985047850301939"
 [4] "0.985047850301939" "0.985047850301939" "0.985047850301939"
 [7] "0.985047850301939" "0.985047850301939" "0.985047850301939"
[10] "0.985047850301939" "0.985047850301939" "0.985047850301939"
[13] "0.985047850301939" "0.985047850301939" "0.985047850301939"
[16] "0.985047850301939" "0.985047850301939" "0.985047850301939"
[19] "0.985047850301939" "0.377430292169425" "0.377430292169425"
[22] "0.377430292169425" "0.377430292169425" "0.377430292169425"
[25] "0.377430292169425" "0.377430292169425" "0.377430292169425"
[28] "0.377430292169425" "0.377430292169425" "0.377430292169425"
[31] "0.377430292169425" "0.377430292169425" "0.377430292169425"
[34] "0.377430292169425" "0.377430292169425" "0.377430292169425"
[37] "0.377430292169425" "0.377430292169425" "0.377430292169425"
[40] "0.377430292169425" "0.377430292169425" "beta :"           
[43] "1"                
[1] 10321987
[1] 10321792
[1] 10322383
 [1] "sigma:"            "0.985047850301939" "0.985047850301939"
 [4] "0.985047850301939" "0.985047850301939" "0.985047850301939"
 [7] "0.985047850301939" "0.985047850301939" "0.985047850301939"
[10] "0.985047850301939" "0.985047850301939" "0.985047850301939"
[13] "0.985047850301939" "0.985047850301939" "0.985047850301939"
[16] "0.985047850301939" "0.985047850301939" "0.985047850301939"
[19] "0.985047850301939" "0.377430292169425" "0.377430292169425"
[22] "0.377430292169425" "0.377430292169425" "0.377430292169425"
[25] "0.377430292169425" "0.377430292169425" "0.377430292169425"
[28] "0.377430292169425" "0.377430292169425" "0.377430292169425"
[31] "0.377430292169425" "0.377430292169425" "0.377430292169425"
[34] "0.377430292169425" "0.377430292169425" "0.377430292169425"
[37] "0.377430292169425" "0.377430292169425" "0.377430292169425"
[40] "0.377430292169425" "0.377430292169425" "beta :"           
[43] "1"                
[1] " old Likelihood:  -10321872.7814115"
[1] "New Likelihood:  -10321792.1554162"
iter:  0  f-value:  32896.57  pgrad:  0.7548606 
iter:  10  f-value:  32896.49  pgrad:  0.7530902 
iter:  20  f-value:  32896.46  pgrad:  0.7475282 
iter:  30  f-value:  32896.45  pgrad:  0.7287599 
  Unsuccessful convergence.
Time difference of 10.01485 mins
[1] "maxIt: 20"
[1] "It: 5"
 [1] "sigma:"            "0.986871834733831" "0.986871834733831"
 [4] "0.986871834733831" "0.986871834733831" "0.986871834733831"
 [7] "0.986871834733831" "0.986871834733831" "0.986871834733831"
[10] "0.986871834733831" "0.986871834733831" "0.986871834733831"
[13] "0.986871834733831" "0.986871834733831" "0.986871834733831"
[16] "0.986871834733831" "0.986871834733831" "0.986871834733831"
[19] "0.986871834733831" "0.371324606188323" "0.371324606188323"
[22] "0.371324606188323" "0.371324606188323" "0.371324606188323"
[25] "0.371324606188323" "0.371324606188323" "0.371324606188323"
[28] "0.371324606188323" "0.371324606188323" "0.371324606188323"
[31] "0.371324606188323" "0.371324606188323" "0.371324606188323"
[34] "0.371324606188323" "0.371324606188323" "0.371324606188323"
[37] "0.371324606188323" "0.371324606188323" "0.371324606188323"
[40] "0.371324606188323" "0.371324606188323" "beta :"           
[43] "1"                
[1] 10321958
[1] 10321750
[1] 10322335
 [1] "sigma:"            "0.986871834733831" "0.986871834733831"
 [4] "0.986871834733831" "0.986871834733831" "0.986871834733831"
 [7] "0.986871834733831" "0.986871834733831" "0.986871834733831"
[10] "0.986871834733831" "0.986871834733831" "0.986871834733831"
[13] "0.986871834733831" "0.986871834733831" "0.986871834733831"
[16] "0.986871834733831" "0.986871834733831" "0.986871834733831"
[19] "0.986871834733831" "0.371324606188323" "0.371324606188323"
[22] "0.371324606188323" "0.371324606188323" "0.371324606188323"
[25] "0.371324606188323" "0.371324606188323" "0.371324606188323"
[28] "0.371324606188323" "0.371324606188323" "0.371324606188323"
[31] "0.371324606188323" "0.371324606188323" "0.371324606188323"
[34] "0.371324606188323" "0.371324606188323" "0.371324606188323"
[37] "0.371324606188323" "0.371324606188323" "0.371324606188323"
[40] "0.371324606188323" "0.371324606188323" "beta :"           
[43] "1"                
[1] " old Likelihood:  -10321792.1554162"
[1] "New Likelihood:  -10321750.090244"
iter:  0  f-value:  32986.1  pgrad:  0.7426492 
iter:  10  f-value:  32986.06  pgrad:  0.7406027 
iter:  20  f-value:  32986.04  pgrad:  0.7375111 
iter:  30  f-value:  32986.03  pgrad:  0.7344129 
  Unsuccessful convergence.
Time difference of 10.01088 mins
[1] "maxIt: 20"
[1] "It: 6"
 [1] "sigma:"            "0.9876231849858"   "0.9876231849858"  
 [4] "0.9876231849858"   "0.9876231849858"   "0.9876231849858"  
 [7] "0.9876231849858"   "0.9876231849858"   "0.9876231849858"  
[10] "0.9876231849858"   "0.9876231849858"   "0.9876231849858"  
[13] "0.9876231849858"   "0.9876231849858"   "0.9876231849858"  
[16] "0.9876231849858"   "0.9876231849858"   "0.9876231849858"  
[19] "0.9876231849858"   "0.367168057360015" "0.367168057360015"
[22] "0.367168057360015" "0.367168057360015" "0.367168057360015"
[25] "0.367168057360015" "0.367168057360015" "0.367168057360015"
[28] "0.367168057360015" "0.367168057360015" "0.367168057360015"
[31] "0.367168057360015" "0.367168057360015" "0.367168057360015"
[34] "0.367168057360015" "0.367168057360015" "0.367168057360015"
[37] "0.367168057360015" "0.367168057360015" "0.367168057360015"
[40] "0.367168057360015" "0.367168057360015" "beta :"           
[43] "1"                
[1] 10321948
[1] 10321726
[1] 10322309
 [1] "sigma:"            "0.9876231849858"   "0.9876231849858"  
 [4] "0.9876231849858"   "0.9876231849858"   "0.9876231849858"  
 [7] "0.9876231849858"   "0.9876231849858"   "0.9876231849858"  
[10] "0.9876231849858"   "0.9876231849858"   "0.9876231849858"  
[13] "0.9876231849858"   "0.9876231849858"   "0.9876231849858"  
[16] "0.9876231849858"   "0.9876231849858"   "0.9876231849858"  
[19] "0.9876231849858"   "0.342168057360015" "0.342168057360015"
[22] "0.342168057360015" "0.342168057360015" "0.342168057360015"
[25] "0.342168057360015" "0.342168057360015" "0.342168057360015"
[28] "0.342168057360015" "0.342168057360015" "0.342168057360015"
[31] "0.342168057360015" "0.342168057360015" "0.342168057360015"
[34] "0.342168057360015" "0.342168057360015" "0.342168057360015"
[37] "0.342168057360015" "0.342168057360015" "0.342168057360015"
[40] "0.342168057360015" "0.342168057360015" "beta :"           
[43] "1"                
[1] " old Likelihood:  -10321750.090244"
[1] "New Likelihood:  -10321725.9714851"
iter:  0  f-value:  33859.59  pgrad:  0.5074047 
iter:  10  f-value:  33859.49  pgrad:  0.684029 
iter:  20  f-value:  33859.46  pgrad:  0.6792144 
iter:  30  f-value:  33859.46  pgrad:  0.6761091 
  Unsuccessful convergence.
Time difference of 10.59792 mins
[1] "maxIt: 20"
[1] "It: 7"
 [1] "sigma:"            "0.988217257864224" "0.988217257864224"
 [4] "0.988217257864224" "0.988217257864224" "0.988217257864224"
 [7] "0.988217257864224" "0.988217257864224" "0.988217257864224"
[10] "0.988217257864224" "0.988217257864224" "0.988217257864224"
[13] "0.988217257864224" "0.988217257864224" "0.988217257864224"
[16] "0.988217257864224" "0.988217257864224" "0.988217257864224"
[19] "0.988217257864224" "0.337978046275351" "0.337978046275351"
[22] "0.337978046275351" "0.337978046275351" "0.337978046275351"
[25] "0.337978046275351" "0.337978046275351" "0.337978046275351"
[28] "0.337978046275351" "0.337978046275351" "0.337978046275351"
[31] "0.337978046275351" "0.337978046275351" "0.337978046275351"
[34] "0.337978046275351" "0.337978046275351" "0.337978046275351"
[37] "0.337978046275351" "0.337978046275351" "0.337978046275351"
[40] "0.337978046275351" "0.337978046275351" "beta :"           
[43] "1"                
[1] 10321933
[1] 10321685
[1] 10322240
 [1] "sigma:"            "0.988217257864224" "0.988217257864224"
 [4] "0.988217257864224" "0.988217257864224" "0.988217257864224"
 [7] "0.988217257864224" "0.988217257864224" "0.988217257864224"
[10] "0.988217257864224" "0.988217257864224" "0.988217257864224"
[13] "0.988217257864224" "0.988217257864224" "0.988217257864224"
[16] "0.988217257864224" "0.988217257864224" "0.988217257864224"
[19] "0.988217257864224" "0.337978046275351" "0.337978046275351"
[22] "0.337978046275351" "0.337978046275351" "0.337978046275351"
[25] "0.337978046275351" "0.337978046275351" "0.337978046275351"
[28] "0.337978046275351" "0.337978046275351" "0.337978046275351"
[31] "0.337978046275351" "0.337978046275351" "0.337978046275351"
[34] "0.337978046275351" "0.337978046275351" "0.337978046275351"
[37] "0.337978046275351" "0.337978046275351" "0.337978046275351"
[40] "0.337978046275351" "0.337978046275351" "beta :"           
[43] "1"                
[1] " old Likelihood:  -10321725.9714851"
[1] "New Likelihood:  -10321685.4702164"
iter:  0  f-value:  33877.07  pgrad:  0.5027465 
iter:  10  f-value:  33877.03  pgrad:  0.6744316 
iter:  20  f-value:  33877.02  pgrad:  0.6718341 
iter:  30  f-value:  33877.02  pgrad:  0.5045074 
  Unsuccessful convergence.
Time difference of 10.00394 mins
[1] "maxIt: 20"
[1] "It: 8"
 [1] "sigma:"            "0.988463875997483" "0.988463875997483"
 [4] "0.988463875997483" "0.988463875997483" "0.988463875997483"
 [7] "0.988463875997483" "0.988463875997483" "0.988463875997483"
[10] "0.988463875997483" "0.988463875997483" "0.988463875997483"
[13] "0.988463875997483" "0.988463875997483" "0.988463875997483"
[16] "0.988463875997483" "0.988463875997483" "0.988463875997483"
[19] "0.988463875997483" "0.334221551199272" "0.334221551199272"
[22] "0.334221551199272" "0.334221551199272" "0.334221551199272"
[25] "0.334221551199272" "0.334221551199272" "0.334221551199272"
[28] "0.334221551199272" "0.334221551199272" "0.334221551199272"
[31] "0.334221551199272" "0.334221551199272" "0.334221551199272"
[34] "0.334221551199272" "0.334221551199272" "0.334221551199272"
[37] "0.334221551199272" "0.334221551199272" "0.334221551199272"
[40] "0.334221551199272" "0.334221551199272" "beta :"           
[43] "1"                
[1] 10321927
[1] 10321667
[1] 10322207
 [1] "sigma:"            "0.988463875997483" "0.988463875997483"
 [4] "0.988463875997483" "0.988463875997483" "0.988463875997483"
 [7] "0.988463875997483" "0.988463875997483" "0.988463875997483"
[10] "0.988463875997483" "0.988463875997483" "0.988463875997483"
[13] "0.988463875997483" "0.988463875997483" "0.988463875997483"
[16] "0.988463875997483" "0.988463875997483" "0.988463875997483"
[19] "0.988463875997483" "0.334221551199272" "0.334221551199272"
[22] "0.334221551199272" "0.334221551199272" "0.334221551199272"
[25] "0.334221551199272" "0.334221551199272" "0.334221551199272"
[28] "0.334221551199272" "0.334221551199272" "0.334221551199272"
[31] "0.334221551199272" "0.334221551199272" "0.334221551199272"
[34] "0.334221551199272" "0.334221551199272" "0.334221551199272"
[37] "0.334221551199272" "0.334221551199272" "0.334221551199272"
[40] "0.334221551199272" "0.334221551199272" "beta :"           
[43] "1"                
[1] " old Likelihood:  -10321685.4702164"
[1] "New Likelihood:  -10321666.697963"
iter:  0  f-value:  33924.77  pgrad:  0.6684431 
iter:  10  f-value:  33924.75  pgrad:  0.6674963 
iter:  20  f-value:  33924.74  pgrad:  0.6642873 
iter:  30  f-value:  33924.74  pgrad:  0.663513 
  Unsuccessful convergence.
Time difference of 9.997076 mins
[1] "maxIt: 20"
[1] "It: 9"
 [1] "sigma:"            "0.988509839804167" "0.988509839804167"
 [4] "0.988509839804167" "0.988509839804167" "0.988509839804167"
 [7] "0.988509839804167" "0.988509839804167" "0.988509839804167"
[10] "0.988509839804167" "0.988509839804167" "0.988509839804167"
[13] "0.988509839804167" "0.988509839804167" "0.988509839804167"
[16] "0.988509839804167" "0.988509839804167" "0.988509839804167"
[19] "0.988509839804167" "0.331409177422098" "0.331409177422098"
[22] "0.331409177422098" "0.331409177422098" "0.331409177422098"
[25] "0.331409177422098" "0.331409177422098" "0.331409177422098"
[28] "0.331409177422098" "0.331409177422098" "0.331409177422098"
[31] "0.331409177422098" "0.331409177422098" "0.331409177422098"
[34] "0.331409177422098" "0.331409177422098" "0.331409177422098"
[37] "0.331409177422098" "0.331409177422098" "0.331409177422098"
[40] "0.331409177422098" "0.331409177422098" "beta :"           
[43] "1"                
[1] 10321922
[1] 10321656
[1] 10322189
 [1] "sigma:"            "0.988509839804167" "0.988509839804167"
 [4] "0.988509839804167" "0.988509839804167" "0.988509839804167"
 [7] "0.988509839804167" "0.988509839804167" "0.988509839804167"
[10] "0.988509839804167" "0.988509839804167" "0.988509839804167"
[13] "0.988509839804167" "0.988509839804167" "0.988509839804167"
[16] "0.988509839804167" "0.988509839804167" "0.988509839804167"
[19] "0.988509839804167" "0.331409177422098" "0.331409177422098"
[22] "0.331409177422098" "0.331409177422098" "0.331409177422098"
[25] "0.331409177422098" "0.331409177422098" "0.331409177422098"
[28] "0.331409177422098" "0.331409177422098" "0.331409177422098"
[31] "0.331409177422098" "0.331409177422098" "0.331409177422098"
[34] "0.331409177422098" "0.331409177422098" "0.331409177422098"
[37] "0.331409177422098" "0.331409177422098" "0.331409177422098"
[40] "0.331409177422098" "0.331409177422098" "beta :"           
[43] "1"                
[1] " old Likelihood:  -10321666.697963"
[1] "New Likelihood:  -10321655.9111702"
iter:  0  f-value:  33970.41  pgrad:  0.6628184 
iter:  10  f-value:  33970.39  pgrad:  0.6620362 
iter:  20  f-value:  33970.39  pgrad:  0.6599084 
iter:  30  f-value:  33970.38  pgrad:  0.6584544 
  Unsuccessful convergence.
Time difference of 9.995424 mins
[1] "maxIt: 20"
[1] "It: 10"
 [1] "sigma:"            "0.988502521464533" "0.988502521464533"
 [4] "0.988502521464533" "0.988502521464533" "0.988502521464533"
 [7] "0.988502521464533" "0.988502521464533" "0.988502521464533"
[10] "0.988502521464533" "0.988502521464533" "0.988502521464533"
[13] "0.988502521464533" "0.988502521464533" "0.988502521464533"
[16] "0.988502521464533" "0.988502521464533" "0.988502521464533"
[19] "0.988502521464533" "0.329138419020967" "0.329138419020967"
[22] "0.329138419020967" "0.329138419020967" "0.329138419020967"
[25] "0.329138419020967" "0.329138419020967" "0.329138419020967"
[28] "0.329138419020967" "0.329138419020967" "0.329138419020967"
[31] "0.329138419020967" "0.329138419020967" "0.329138419020967"
[34] "0.329138419020967" "0.329138419020967" "0.329138419020967"
[37] "0.329138419020967" "0.329138419020967" "0.329138419020967"
[40] "0.329138419020967" "0.329138419020967" "beta :"           
[43] "1"                
[1] 10321918
[1] 10321648
[1] 10322177
 [1] "sigma:"            "0.988502521464533" "0.988502521464533"
 [4] "0.988502521464533" "0.988502521464533" "0.988502521464533"
 [7] "0.988502521464533" "0.988502521464533" "0.988502521464533"
[10] "0.988502521464533" "0.988502521464533" "0.988502521464533"
[13] "0.988502521464533" "0.988502521464533" "0.988502521464533"
[16] "0.988502521464533" "0.988502521464533" "0.988502521464533"
[19] "0.988502521464533" "0.329138419020967" "0.329138419020967"
[22] "0.329138419020967" "0.329138419020967" "0.329138419020967"
[25] "0.329138419020967" "0.329138419020967" "0.329138419020967"
[28] "0.329138419020967" "0.329138419020967" "0.329138419020967"
[31] "0.329138419020967" "0.329138419020967" "0.329138419020967"
[34] "0.329138419020967" "0.329138419020967" "0.329138419020967"
[37] "0.329138419020967" "0.329138419020967" "0.329138419020967"
[40] "0.329138419020967" "0.329138419020967" "beta :"           
[43] "1"                
[1] " old Likelihood:  -10321655.9111702"
[1] "New Likelihood:  -10321648.2280309"
iter:  0  f-value:  34011.93  pgrad:  0.6582768 
iter:  10  f-value:  34011.92  pgrad:  0.6574732 
iter:  20  f-value:  34011.92  pgrad:  0.6552842 
iter:  30  f-value:  34011.91  pgrad:  0.654257 
  Unsuccessful convergence.
Time difference of 9.994509 mins
[1] "maxIt: 20"
[1] "It: 11"
 [1] "sigma:"            "0.988501057926603" "0.988501057926603"
 [4] "0.988501057926603" "0.988501057926603" "0.988501057926603"
 [7] "0.988501057926603" "0.988501057926603" "0.988501057926603"
[10] "0.988501057926603" "0.988501057926603" "0.988501057926603"
[13] "0.988501057926603" "0.988501057926603" "0.988501057926603"
[16] "0.988501057926603" "0.988501057926603" "0.988501057926603"
[19] "0.988501057926603" "0.327034763521397" "0.327034763521397"
[22] "0.327034763521397" "0.327034763521397" "0.327034763521397"
[25] "0.327034763521397" "0.327034763521397" "0.327034763521397"
[28] "0.327034763521397" "0.327034763521397" "0.327034763521397"
[31] "0.327034763521397" "0.327034763521397" "0.327034763521397"
[34] "0.327034763521397" "0.327034763521397" "0.327034763521397"
[37] "0.327034763521397" "0.327034763521397" "0.327034763521397"
[40] "0.327034763521397" "0.327034763521397" "beta :"           
[43] "1"                
[1] 10321914
[1] 10321642
[1] 10322168
 [1] "sigma:"            "0.988501057926603" "0.988501057926603"
 [4] "0.988501057926603" "0.988501057926603" "0.988501057926603"
 [7] "0.988501057926603" "0.988501057926603" "0.988501057926603"
[10] "0.988501057926603" "0.988501057926603" "0.988501057926603"
[13] "0.988501057926603" "0.988501057926603" "0.988501057926603"
[16] "0.988501057926603" "0.988501057926603" "0.988501057926603"
[19] "0.988501057926603" "0.327034763521397" "0.327034763521397"
[22] "0.327034763521397" "0.327034763521397" "0.327034763521397"
[25] "0.327034763521397" "0.327034763521397" "0.327034763521397"
[28] "0.327034763521397" "0.327034763521397" "0.327034763521397"
[31] "0.327034763521397" "0.327034763521397" "0.327034763521397"
[34] "0.327034763521397" "0.327034763521397" "0.327034763521397"
[37] "0.327034763521397" "0.327034763521397" "0.327034763521397"
[40] "0.327034763521397" "0.327034763521397" "beta :"           
[43] "1"                
[1] " old Likelihood:  -10321648.2280309"
[1] "New Likelihood:  -10321642.1201732"
iter:  0  f-value:  34053.92  pgrad:  0.6540695 
iter:  10  f-value:  34053.91  pgrad:  0.6533009 
iter:  20  f-value:  34053.9  pgrad:  0.6513346 
iter:  30  f-value:  34053.9  pgrad:  0.6505566 
  Unsuccessful convergence.
Time difference of 10.01641 mins
[1] "maxIt: 20"
[1] "It: 12"
 [1] "sigma:"            "0.9884867761529"   "0.9884867761529"  
 [4] "0.9884867761529"   "0.9884867761529"   "0.9884867761529"  
 [7] "0.9884867761529"   "0.9884867761529"   "0.9884867761529"  
[10] "0.9884867761529"   "0.9884867761529"   "0.9884867761529"  
[13] "0.9884867761529"   "0.9884867761529"   "0.9884867761529"  
[16] "0.9884867761529"   "0.9884867761529"   "0.9884867761529"  
[19] "0.9884867761529"   "0.325240486580812" "0.325240486580812"
[22] "0.325240486580812" "0.325240486580812" "0.325240486580812"
[25] "0.325240486580812" "0.325240486580812" "0.325240486580812"
[28] "0.325240486580812" "0.325240486580812" "0.325240486580812"
[31] "0.325240486580812" "0.325240486580812" "0.325240486580812"
[34] "0.325240486580812" "0.325240486580812" "0.325240486580812"
[37] "0.325240486580812" "0.325240486580812" "0.325240486580812"
[40] "0.325240486580812" "0.325240486580812" "beta :"           
[43] "1"                
[1] 10321912
[1] 10321637
[1] 10322161
 [1] "sigma:"            "0.9884867761529"   "0.9884867761529"  
 [4] "0.9884867761529"   "0.9884867761529"   "0.9884867761529"  
 [7] "0.9884867761529"   "0.9884867761529"   "0.9884867761529"  
[10] "0.9884867761529"   "0.9884867761529"   "0.9884867761529"  
[13] "0.9884867761529"   "0.9884867761529"   "0.9884867761529"  
[16] "0.9884867761529"   "0.9884867761529"   "0.9884867761529"  
[19] "0.9884867761529"   "0.325240486580812" "0.325240486580812"
[22] "0.325240486580812" "0.325240486580812" "0.325240486580812"
[25] "0.325240486580812" "0.325240486580812" "0.325240486580812"
[28] "0.325240486580812" "0.325240486580812" "0.325240486580812"
[31] "0.325240486580812" "0.325240486580812" "0.325240486580812"
[34] "0.325240486580812" "0.325240486580812" "0.325240486580812"
[37] "0.325240486580812" "0.325240486580812" "0.325240486580812"
[40] "0.325240486580812" "0.325240486580812" "beta :"           
[43] "1"                
[1] " old Likelihood:  -10321642.1201732"
[1] "New Likelihood:  -10321637.236"
iter:  0  f-value:  34091.55  pgrad:  0.650481 
iter:  10  f-value:  34091.54  pgrad:  0.6497754 
iter:  20  f-value:  34091.54  pgrad:  0.6478342 
iter:  30  f-value:  34091.53  pgrad:  0.6472698 
  Unsuccessful convergence.
Time difference of 9.997009 mins
[1] "maxIt: 20"
[1] "It: 13"
 [1] "sigma:"            "0.988476571042855" "0.988476571042855"
 [4] "0.988476571042855" "0.988476571042855" "0.988476571042855"
 [7] "0.988476571042855" "0.988476571042855" "0.988476571042855"
[10] "0.988476571042855" "0.988476571042855" "0.988476571042855"
[13] "0.988476571042855" "0.988476571042855" "0.988476571042855"
[16] "0.988476571042855" "0.988476571042855" "0.988476571042855"
[19] "0.988476571042855" "0.323611867624923" "0.323611867624923"
[22] "0.323611867624923" "0.323611867624923" "0.323611867624923"
[25] "0.323611867624923" "0.323611867624923" "0.323611867624923"
[28] "0.323611867624923" "0.323611867624923" "0.323611867624923"
[31] "0.323611867624923" "0.323611867624923" "0.323611867624923"
[34] "0.323611867624923" "0.323611867624923" "0.323611867624923"
[37] "0.323611867624923" "0.323611867624923" "0.323611867624923"
[40] "0.323611867624923" "0.323611867624923" "beta :"           
[43] "1"                
[1] 10321910
[1] 10321633
[1] 10322154
 [1] "sigma:"            "0.988476571042855" "0.988476571042855"
 [4] "0.988476571042855" "0.988476571042855" "0.988476571042855"
 [7] "0.988476571042855" "0.988476571042855" "0.988476571042855"
[10] "0.988476571042855" "0.988476571042855" "0.988476571042855"
[13] "0.988476571042855" "0.988476571042855" "0.988476571042855"
[16] "0.988476571042855" "0.988476571042855" "0.988476571042855"
[19] "0.988476571042855" "0.323611867624923" "0.323611867624923"
[22] "0.323611867624923" "0.323611867624923" "0.323611867624923"
[25] "0.323611867624923" "0.323611867624923" "0.323611867624923"
[28] "0.323611867624923" "0.323611867624923" "0.323611867624923"
[31] "0.323611867624923" "0.323611867624923" "0.323611867624923"
[34] "0.323611867624923" "0.323611867624923" "0.323611867624923"
[37] "0.323611867624923" "0.323611867624923" "0.323611867624923"
[40] "0.323611867624923" "0.323611867624923" "beta :"           
[43] "1"                
[1] " old Likelihood:  -10321637.236"
[1] "New Likelihood:  -10321633.0961839"
iter:  0  f-value:  34126.88  pgrad:  0.6472237 
iter:  10  f-value:  34126.87  pgrad:  0.6466236 
iter:  20  f-value:  34126.87  pgrad:  0.6436472 
iter:  30  f-value:  34126.87  pgrad:  0.6316986 
  Unsuccessful convergence.
Time difference of 10.03383 mins
[1] "maxIt: 20"
[1] "It: 14"
 [1] "sigma:"            "0.988559935862254" "0.988559935862254"
 [4] "0.988559935862254" "0.988559935862254" "0.988559935862254"
 [7] "0.988559935862254" "0.988559935862254" "0.988559935862254"
[10] "0.988559935862254" "0.988559935862254" "0.988559935862254"
[13] "0.988559935862254" "0.988559935862254" "0.988559935862254"
[16] "0.988559935862254" "0.988559935862254" "0.988559935862254"
[19] "0.988559935862254" "0.321271624430764" "0.321271624430764"
[22] "0.321271624430764" "0.321271624430764" "0.321271624430764"
[25] "0.321271624430764" "0.321271624430764" "0.321271624430764"
[28] "0.321271624430764" "0.321271624430764" "0.321271624430764"
[31] "0.321271624430764" "0.321271624430764" "0.321271624430764"
[34] "0.321271624430764" "0.321271624430764" "0.321271624430764"
[37] "0.321271624430764" "0.321271624430764" "0.321271624430764"
[40] "0.321271624430764" "0.321271624430764" "beta :"           
[43] "1"                
[1] 10321909
[1] 10321629
[1] 10322146
 [1] "sigma:"            "0.988559935862254" "0.988559935862254"
 [4] "0.988559935862254" "0.988559935862254" "0.988559935862254"
 [7] "0.988559935862254" "0.988559935862254" "0.988559935862254"
[10] "0.988559935862254" "0.988559935862254" "0.988559935862254"
[13] "0.988559935862254" "0.988559935862254" "0.988559935862254"
[16] "0.988559935862254" "0.988559935862254" "0.988559935862254"
[19] "0.988559935862254" "0.321271624430764" "0.321271624430764"
[22] "0.321271624430764" "0.321271624430764" "0.321271624430764"
[25] "0.321271624430764" "0.321271624430764" "0.321271624430764"
[28] "0.321271624430764" "0.321271624430764" "0.321271624430764"
[31] "0.321271624430764" "0.321271624430764" "0.321271624430764"
[34] "0.321271624430764" "0.321271624430764" "0.321271624430764"
[37] "0.321271624430764" "0.321271624430764" "0.321271624430764"
[40] "0.321271624430764" "0.321271624430764" "beta :"           
[43] "1"                
[1] " old Likelihood:  -10321633.0961839"
[1] "New Likelihood:  -10321628.5461065"
iter:  0  f-value:  34178.45  pgrad:  0.6425432 
iter:  10  f-value:  34178.45  pgrad:  0.6420497 
iter:  20  f-value:  34178.44  pgrad:  0.6405422 
iter:  30  f-value:  34178.44  pgrad:  0.510486 
  Unsuccessful convergence.
Time difference of 10.01027 mins
[1] "maxIt: 20"
[1] "It: 15"
 [1] "sigma:"            "0.988545362600955" "0.988545362600955"
 [4] "0.988545362600955" "0.988545362600955" "0.988545362600955"
 [7] "0.988545362600955" "0.988545362600955" "0.988545362600955"
[10] "0.988545362600955" "0.988545362600955" "0.988545362600955"
[13] "0.988545362600955" "0.988545362600955" "0.988545362600955"
[16] "0.988545362600955" "0.988545362600955" "0.988545362600955"
[19] "0.988545362600955" "0.319490341411347" "0.319490341411347"
[22] "0.319490341411347" "0.319490341411347" "0.319490341411347"
[25] "0.319490341411347" "0.319490341411347" "0.319490341411347"
[28] "0.319490341411347" "0.319490341411347" "0.319490341411347"
[31] "0.319490341411347" "0.319490341411347" "0.319490341411347"
[34] "0.319490341411347" "0.319490341411347" "0.319490341411347"
[37] "0.319490341411347" "0.319490341411347" "0.319490341411347"
[40] "0.319490341411347" "0.319490341411347" "beta :"           
[43] "1"                
[1] 10321908
[1] 10321625
[1] 10322140
 [1] "sigma:"            "0.988545362600955" "0.988545362600955"
 [4] "0.988545362600955" "0.988545362600955" "0.988545362600955"
 [7] "0.988545362600955" "0.988545362600955" "0.988545362600955"
[10] "0.988545362600955" "0.988545362600955" "0.988545362600955"
[13] "0.988545362600955" "0.988545362600955" "0.988545362600955"
[16] "0.988545362600955" "0.988545362600955" "0.988545362600955"
[19] "0.988545362600955" "0.319490341411347" "0.319490341411347"
[22] "0.319490341411347" "0.319490341411347" "0.319490341411347"
[25] "0.319490341411347" "0.319490341411347" "0.319490341411347"
[28] "0.319490341411347" "0.319490341411347" "0.319490341411347"
[31] "0.319490341411347" "0.319490341411347" "0.319490341411347"
[34] "0.319490341411347" "0.319490341411347" "0.319490341411347"
[37] "0.319490341411347" "0.319490341411347" "0.319490341411347"
[40] "0.319490341411347" "0.319490341411347" "beta :"           
[43] "1"                
[1] " old Likelihood:  -10321628.5461065"
[1] "New Likelihood:  -10321624.9865175"
iter:  0  f-value:  34219.86  pgrad:  0.6389807 
iter:  10  f-value:  34219.86  pgrad:  0.6385088 
iter:  20  f-value:  34219.85  pgrad:  0.6366004 
iter:  30  f-value:  34219.85  pgrad:  0.6357836 
  Unsuccessful convergence.
Time difference of 9.99711 mins
[1] "maxIt: 20"
[1] "It: 16"
 [1] "sigma:"            "0.988534906342519" "0.988534906342519"
 [4] "0.988534906342519" "0.988534906342519" "0.988534906342519"
 [7] "0.988534906342519" "0.988534906342519" "0.988534906342519"
[10] "0.988534906342519" "0.988534906342519" "0.988534906342519"
[13] "0.988534906342519" "0.988534906342519" "0.988534906342519"
[16] "0.988534906342519" "0.988534906342519" "0.988534906342519"
[19] "0.988534906342519" "0.317874978591413" "0.317874978591413"
[22] "0.317874978591413" "0.317874978591413" "0.317874978591413"
[25] "0.317874978591413" "0.317874978591413" "0.317874978591413"
[28] "0.317874978591413" "0.317874978591413" "0.317874978591413"
[31] "0.317874978591413" "0.317874978591413" "0.317874978591413"
[34] "0.317874978591413" "0.317874978591413" "0.317874978591413"
[37] "0.317874978591413" "0.317874978591413" "0.317874978591413"
[40] "0.317874978591413" "0.317874978591413" "beta :"           
[43] "1"                
[1] 10321907
[1] 10321622
[1] 10322134
 [1] "sigma:"            "0.988534906342519" "0.988534906342519"
 [4] "0.988534906342519" "0.988534906342519" "0.988534906342519"
 [7] "0.988534906342519" "0.988534906342519" "0.988534906342519"
[10] "0.988534906342519" "0.988534906342519" "0.988534906342519"
[13] "0.988534906342519" "0.988534906342519" "0.988534906342519"
[16] "0.988534906342519" "0.988534906342519" "0.988534906342519"
[19] "0.988534906342519" "0.317874978591413" "0.317874978591413"
[22] "0.317874978591413" "0.317874978591413" "0.317874978591413"
[25] "0.317874978591413" "0.317874978591413" "0.317874978591413"
[28] "0.317874978591413" "0.317874978591413" "0.317874978591413"
[31] "0.317874978591413" "0.317874978591413" "0.317874978591413"
[34] "0.317874978591413" "0.317874978591413" "0.317874978591413"
[37] "0.317874978591413" "0.317874978591413" "0.317874978591413"
[40] "0.317874978591413" "0.317874978591413" "beta :"           
[43] "1"                
[1] " old Likelihood:  -10321624.9865175"
[1] "New Likelihood:  -10321621.8353284"
iter:  0  f-value:  34257.6  pgrad:  0.63575 
iter:  10  f-value:  34257.59  pgrad:  0.6352458 
iter:  20  f-value:  34257.59  pgrad:  0.633129 
iter:  30  f-value:  34257.59  pgrad:  0.3338209 
  Unsuccessful convergence.
Time difference of 9.988147 mins
[1] "maxIt: 20"
[1] "It: 17"
 [1] "sigma:"            "0.988559595322095" "0.988559595322095"
 [4] "0.988559595322095" "0.988559595322095" "0.988559595322095"
 [7] "0.988559595322095" "0.988559595322095" "0.988559595322095"
[10] "0.988559595322095" "0.988559595322095" "0.988559595322095"
[13] "0.988559595322095" "0.988559595322095" "0.988559595322095"
[16] "0.988559595322095" "0.988559595322095" "0.988559595322095"
[19] "0.988559595322095" "0.316012416081338" "0.316012416081338"
[22] "0.316012416081338" "0.316012416081338" "0.316012416081338"
[25] "0.316012416081338" "0.316012416081338" "0.316012416081338"
[28] "0.316012416081338" "0.316012416081338" "0.316012416081338"
[31] "0.316012416081338" "0.316012416081338" "0.316012416081338"
[34] "0.316012416081338" "0.316012416081338" "0.316012416081338"
[37] "0.316012416081338" "0.316012416081338" "0.316012416081338"
[40] "0.316012416081338" "0.316012416081338" "beta :"           
[43] "1"                
[1] 10321907
[1] 10321619
[1] 10322128
 [1] "sigma:"            "0.988559595322095" "0.988559595322095"
 [4] "0.988559595322095" "0.988559595322095" "0.988559595322095"
 [7] "0.988559595322095" "0.988559595322095" "0.988559595322095"
[10] "0.988559595322095" "0.988559595322095" "0.988559595322095"
[13] "0.988559595322095" "0.988559595322095" "0.988559595322095"
[16] "0.988559595322095" "0.988559595322095" "0.988559595322095"
[19] "0.988559595322095" "0.316012416081338" "0.316012416081338"
[22] "0.316012416081338" "0.316012416081338" "0.316012416081338"
[25] "0.316012416081338" "0.316012416081338" "0.316012416081338"
[28] "0.316012416081338" "0.316012416081338" "0.316012416081338"
[31] "0.316012416081338" "0.316012416081338" "0.316012416081338"
[34] "0.316012416081338" "0.316012416081338" "0.316012416081338"
[37] "0.316012416081338" "0.316012416081338" "0.316012416081338"
[40] "0.316012416081338" "0.316012416081338" "beta :"           
[43] "1"                
[1] " old Likelihood:  -10321621.8353284"
[1] "New Likelihood:  -10321618.6507622"
iter:  0  f-value:  34300.85  pgrad:  0.6320248 
iter:  10  f-value:  34300.85  pgrad:  0.6315919 
iter:  20  f-value:  34300.84  pgrad:  0.6296148 
iter:  30  f-value:  34300.84  pgrad:  0.5502079 
  Unsuccessful convergence.
Time difference of 9.954835 mins
[1] "maxIt: 20"
[1] "It: 18"
 [1] "sigma:"            "0.988561268550337" "0.988561268550337"
 [4] "0.988561268550337" "0.988561268550337" "0.988561268550337"
 [7] "0.988561268550337" "0.988561268550337" "0.988561268550337"
[10] "0.988561268550337" "0.988561268550337" "0.988561268550337"
[13] "0.988561268550337" "0.988561268550337" "0.988561268550337"
[16] "0.988561268550337" "0.988561268550337" "0.988561268550337"
[19] "0.988561268550337" "0.314388434113269" "0.314388434113269"
[22] "0.314388434113269" "0.314388434113269" "0.314388434113269"
[25] "0.314388434113269" "0.314388434113269" "0.314388434113269"
[28] "0.314388434113269" "0.314388434113269" "0.314388434113269"
[31] "0.314388434113269" "0.314388434113269" "0.314388434113269"
[34] "0.314388434113269" "0.314388434113269" "0.314388434113269"
[37] "0.314388434113269" "0.314388434113269" "0.314388434113269"
[40] "0.314388434113269" "0.314388434113269" "beta :"           
[43] "1"                
[1] 10321907
[1] 10321616
[1] 10322122
 [1] "sigma:"            "0.988561268550337" "0.988561268550337"
 [4] "0.988561268550337" "0.988561268550337" "0.988561268550337"
 [7] "0.988561268550337" "0.988561268550337" "0.988561268550337"
[10] "0.988561268550337" "0.988561268550337" "0.988561268550337"
[13] "0.988561268550337" "0.988561268550337" "0.988561268550337"
[16] "0.988561268550337" "0.988561268550337" "0.988561268550337"
[19] "0.988561268550337" "0.314388434113269" "0.314388434113269"
[22] "0.314388434113269" "0.314388434113269" "0.314388434113269"
[25] "0.314388434113269" "0.314388434113269" "0.314388434113269"
[28] "0.314388434113269" "0.314388434113269" "0.314388434113269"
[31] "0.314388434113269" "0.314388434113269" "0.314388434113269"
[34] "0.314388434113269" "0.314388434113269" "0.314388434113269"
[37] "0.314388434113269" "0.314388434113269" "0.314388434113269"
[40] "0.314388434113269" "0.314388434113269" "beta :"           
[43] "1"                
[1] " old Likelihood:  -10321618.6507622"
[1] "New Likelihood:  -10321615.870067"
iter:  0  f-value:  34339.38  pgrad:  0.6287769 
iter:  10  f-value:  34339.37  pgrad:  0.6283607 
iter:  20  f-value:  34339.37  pgrad:  0.626463 
iter:  30  f-value:  34339.37  pgrad:  0.4920325 
  Unsuccessful convergence.
Time difference of 10.02291 mins
[1] "maxIt: 20"
[1] "It: 19"
 [1] "sigma:"            "0.988565917394602" "0.988565917394602"
 [4] "0.988565917394602" "0.988565917394602" "0.988565917394602"
 [7] "0.988565917394602" "0.988565917394602" "0.988565917394602"
[10] "0.988565917394602" "0.988565917394602" "0.988565917394602"
[13] "0.988565917394602" "0.988565917394602" "0.988565917394602"
[16] "0.988565917394602" "0.988565917394602" "0.988565917394602"
[19] "0.988565917394602" "0.312823828219413" "0.312823828219413"
[22] "0.312823828219413" "0.312823828219413" "0.312823828219413"
[25] "0.312823828219413" "0.312823828219413" "0.312823828219413"
[28] "0.312823828219413" "0.312823828219413" "0.312823828219413"
[31] "0.312823828219413" "0.312823828219413" "0.312823828219413"
[34] "0.312823828219413" "0.312823828219413" "0.312823828219413"
[37] "0.312823828219413" "0.312823828219413" "0.312823828219413"
[40] "0.312823828219413" "0.312823828219413" "beta :"           
[43] "1"                
[1] 10321906
[1] 10321613
[1] 10322117
 [1] "sigma:"            "0.988565917394602" "0.988565917394602"
 [4] "0.988565917394602" "0.988565917394602" "0.988565917394602"
 [7] "0.988565917394602" "0.988565917394602" "0.988565917394602"
[10] "0.988565917394602" "0.988565917394602" "0.988565917394602"
[13] "0.988565917394602" "0.988565917394602" "0.988565917394602"
[16] "0.988565917394602" "0.988565917394602" "0.988565917394602"
[19] "0.988565917394602" "0.312823828219413" "0.312823828219413"
[22] "0.312823828219413" "0.312823828219413" "0.312823828219413"
[25] "0.312823828219413" "0.312823828219413" "0.312823828219413"
[28] "0.312823828219413" "0.312823828219413" "0.312823828219413"
[31] "0.312823828219413" "0.312823828219413" "0.312823828219413"
[34] "0.312823828219413" "0.312823828219413" "0.312823828219413"
[37] "0.312823828219413" "0.312823828219413" "0.312823828219413"
[40] "0.312823828219413" "0.312823828219413" "beta :"           
[43] "1"                
[1] " old Likelihood:  -10321615.870067"
[1] "New Likelihood:  -10321613.2884297"
iter:  0  f-value:  34376.68  pgrad:  0.6256477 
iter:  10  f-value:  34376.67  pgrad:  0.6252383 
iter:  20  f-value:  34376.67  pgrad:  0.6233792 
iter:  30  f-value:  34376.67  pgrad:  0.3894093 
  Unsuccessful convergence.
Time difference of 9.962531 mins
[1] "maxIt: 20"
[1] "It: 20"
 [1] "sigma:"            "0.988578733537306" "0.988578733537306"
 [4] "0.988578733537306" "0.988578733537306" "0.988578733537306"
 [7] "0.988578733537306" "0.988578733537306" "0.988578733537306"
[10] "0.988578733537306" "0.988578733537306" "0.988578733537306"
[13] "0.988578733537306" "0.988578733537306" "0.988578733537306"
[16] "0.988578733537306" "0.988578733537306" "0.988578733537306"
[19] "0.988578733537306" "0.311236286234812" "0.311236286234812"
[22] "0.311236286234812" "0.311236286234812" "0.311236286234812"
[25] "0.311236286234812" "0.311236286234812" "0.311236286234812"
[28] "0.311236286234812" "0.311236286234812" "0.311236286234812"
[31] "0.311236286234812" "0.311236286234812" "0.311236286234812"
[34] "0.311236286234812" "0.311236286234812" "0.311236286234812"
[37] "0.311236286234812" "0.311236286234812" "0.311236286234812"
[40] "0.311236286234812" "0.311236286234812" "beta :"           
[43] "1"                
[1] 10321906
[1] 10321611
[1] 10322112
 [1] "sigma:"            "0.988578733537306" "0.988578733537306"
 [4] "0.988578733537306" "0.988578733537306" "0.988578733537306"
 [7] "0.988578733537306" "0.988578733537306" "0.988578733537306"
[10] "0.988578733537306" "0.988578733537306" "0.988578733537306"
[13] "0.988578733537306" "0.988578733537306" "0.988578733537306"
[16] "0.988578733537306" "0.988578733537306" "0.988578733537306"
[19] "0.988578733537306" "0.311236286234812" "0.311236286234812"
[22] "0.311236286234812" "0.311236286234812" "0.311236286234812"
[25] "0.311236286234812" "0.311236286234812" "0.311236286234812"
[28] "0.311236286234812" "0.311236286234812" "0.311236286234812"
[31] "0.311236286234812" "0.311236286234812" "0.311236286234812"
[34] "0.311236286234812" "0.311236286234812" "0.311236286234812"
[37] "0.311236286234812" "0.311236286234812" "0.311236286234812"
[40] "0.311236286234812" "0.311236286234812" "beta :"           
[43] "1"                
[1] " old Likelihood:  -10321613.2884297"
[1] "New Likelihood:  -10321610.8174043"
iter:  0  f-value:  34414.5  pgrad:  0.6224726 
iter:  10  f-value:  34414.49  pgrad:  0.622063 
iter:  20  f-value:  34414.49  pgrad:  0.6201985 
iter:  30  f-value:  34414.49  pgrad:  0.554719 
  Unsuccessful convergence.
Time difference of 9.937867 mins
 [1] "sigma:"            "0.988579662569465" "0.988579662569465"
 [4] "0.988579662569465" "0.988579662569465" "0.988579662569465"
 [7] "0.988579662569465" "0.988579662569465" "0.988579662569465"
[10] "0.988579662569465" "0.988579662569465" "0.988579662569465"
[13] "0.988579662569465" "0.988579662569465" "0.988579662569465"
[16] "0.988579662569465" "0.988579662569465" "0.988579662569465"
[19] "0.988579662569465" "0.309803358889513" "0.309803358889513"
[22] "0.309803358889513" "0.309803358889513" "0.309803358889513"
[25] "0.309803358889513" "0.309803358889513" "0.309803358889513"
[28] "0.309803358889513" "0.309803358889513" "0.309803358889513"
[31] "0.309803358889513" "0.309803358889513" "0.309803358889513"
[34] "0.309803358889513" "0.309803358889513" "0.309803358889513"
[37] "0.309803358889513" "0.309803358889513" "0.309803358889513"
[40] "0.309803358889513" "0.309803358889513" "beta :"           
[43] "1"                
[1] 1999830 1998012 1998480 1999620 1999778
[1] 1 1 1 1 1
saved RDS
inference successful
