[1] "Original length"
[1] 999767
[1] "Final length"
[1] 17056
[1] "sequence length : 999768" "sequence length : 999675"
[3] "sequence length : 999934" "sequence length : 999475"
[5] "sequence length : 999956"
[1] "former Rho:"
[1] 1345.238 1535.160 1472.812 1509.529 1379.562
[1] "old mu :"
[1] 0.0006727749 0.0007678297 0.0007364544 0.0007551611 0.0006898114
[1] "new mu :"
[1] 0.0007244063
[1] "new Rho:"
[1] 1448.476 1448.342 1448.717 1448.052 1448.749
[1] 1 1 1 1 1
[1] "Beta: 1"
[1] "Self: 0"
[1] 1
[1] "Rho"
[1] 1448.476 1448.342 1448.717 1448.052 1448.749
[1] "It: 1"
[1] "sigma:" "0"      "beta :" "1"     
[1] "rho/theta:" "1"         
[1] "sigma:" "0"      "beta :" "1"     
[1] "rho/theta:" "1"         
Time difference of 1.535613 secs
[1] "New Likelihood:  -9949661.12632673"
[1] 4998803
[1] 4998808
iter:  0  f-value:  41590.37  pgrad:  0.5 
iter:  10  f-value:  41588.14  pgrad:  0.9955643 
iter:  20  f-value:  41587.44  pgrad:  0.9808637 
iter:  30  f-value:  41587.06  pgrad:  0.9623004 
  Unsuccessful convergence.
[1] 0.03771303
 [1] "Xi: 0.502202190179646" "Xi: 0.502144579117599" "Xi: 0.502820371017615"
 [4] "Xi: 0.503704155470167" "Xi: 0.506255462884465" "Xi: 0.510786915429867"
 [7] "Xi: 0.515409559857045" "Xi: 0.518768651274632" "Xi: 0.520353473435184"
[10] "Xi: 0.515944219525251" "Xi: 0.51264420262821"  "Xi: 0.509491051447254"
[13] "Xi: 0.506850537891076" "Xi: 0.504911536122262" "Xi: 0.503716413146137"
[16] "Xi: 0.503082805799383" "Xi: 0.502710603358131" "Xi: 0.502379684642823"
[19] "Xi: 0.502068418468892" "Xi: 0.501742360481349"
Time difference of 8.063984 mins
[1] "Rho"
[1] 1448.476 1448.342 1448.717 1448.052 1448.749
[1] "It: 2"
[1] "sigma:"             "0.0373359044950249" "beta :"            
[4] "1"                 
[1] "rho/theta:" "1"         
Time difference of 1.542363 secs
[1] " old Likelihood:  -9949661.12632673"
[1] "New Likelihood:  -9948769.12017666"
[1] 4998803
[1] 4998808
iter:  0  f-value:  41361.24  pgrad:  0.962287 
iter:  10  f-value:  41360.74  pgrad:  0.9564483 
iter:  20  f-value:  41360.38  pgrad:  0.9403484 
iter:  30  f-value:  41360.3  pgrad:  0.5189846 
  Unsuccessful convergence.
[1] 0.06588833
 [1] "Xi: 0.503177369358508" "Xi: 0.503109247805724" "Xi: 0.504549311444935"
 [4] "Xi: 0.506463620277396" "Xi: 0.51135253855249"  "Xi: 0.51936345380651" 
 [7] "Xi: 0.525946193713543" "Xi: 0.528727996869452" "Xi: 0.531001127353976"
[10] "Xi: 0.524200335894722" "Xi: 0.518977956672361" "Xi: 0.513661211840225"
[13] "Xi: 0.510080190726677" "Xi: 0.507194933562299" "Xi: 0.505596056658906"
[16] "Xi: 0.504865427202356" "Xi: 0.504479184863137" "Xi: 0.504041519956393"
[19] "Xi: 0.503547959789514" "Xi: 0.502725843587341"
Time difference of 4.568009 mins
[1] "Rho"
[1] 1448.476 1448.342 1448.717 1448.052 1448.749
[1] "It: 3"
[1] "sigma:"             "0.0652294511912803" "beta :"            
[4] "1"                 
[1] "rho/theta:" "1"         
Time difference of 1.568429 secs
[1] " old Likelihood:  -9948769.12017666"
[1] "New Likelihood:  -9948498.14645018"
[1] 4998803
[1] 4998808
iter:  0  f-value:  41018.41  pgrad:  0.9341117 
iter:  10  f-value:  41018.25  pgrad:  0.9298927 
iter:  20  f-value:  41017.98  pgrad:  0.9141557 
iter:  30  f-value:  41017.96  pgrad:  0.9130405 
  Unsuccessful convergence.
[1] 0.08701604
 [1] "Xi: 0.503722326498364" "Xi: 0.503650333838059" "Xi: 0.505501846526855"
 [4] "Xi: 0.507960204989071" "Xi: 0.514089311441014" "Xi: 0.523810092705873"
 [7] "Xi: 0.531093706567044" "Xi: 0.532822361344528" "Xi: 0.536174128892316"
[10] "Xi: 0.528530093690795" "Xi: 0.522225200284409" "Xi: 0.5161123868416"  
[13] "Xi: 0.511749520978961" "Xi: 0.508334873158999" "Xi: 0.506573220224683"
[16] "Xi: 0.505945320446248" "Xi: 0.50568786530525"  "Xi: 0.505239823351226"
[19] "Xi: 0.504630296669178" "Xi: 0.503595421174681"
Time difference of 4.576522 mins
[1] "Rho"
[1] 1448.476 1448.342 1448.717 1448.052 1448.749
[1] "It: 4"
[1] "sigma:"             "0.0861458747279147" "beta :"            
[4] "1"                 
[1] "rho/theta:" "1"         
Time difference of 1.624375 secs
[1] " old Likelihood:  -9948498.14645018"
[1] "New Likelihood:  -9948363.81344072"
[1] 4998803
[1] 4998808
iter:  0  f-value:  40690.25  pgrad:  0.912984 
iter:  10  f-value:  40690.11  pgrad:  0.9080194 
iter:  20  f-value:  40689.93  pgrad:  0.8962193 
iter:  30  f-value:  40689.91  pgrad:  0.894544 
  Unsuccessful convergence.
[1] 0.105694
 [1] "Xi: 0.504244799329504" "Xi: 0.504170101139566" "Xi: 0.506407610323716"
 [4] "Xi: 0.509335623781934" "Xi: 0.51650731271161"  "Xi: 0.527581855907199"
 [7] "Xi: 0.535248601698819" "Xi: 0.535502963033159" "Xi: 0.539470153259331"
[10] "Xi: 0.531237156156853" "Xi: 0.524280477504524" "Xi: 0.517700794586298"
[13] "Xi: 0.512802390132005" "Xi: 0.509016174487975" "Xi: 0.507198094158767"
[16] "Xi: 0.506742949667288" "Xi: 0.506601453907713" "Xi: 0.506256990083398"
[19] "Xi: 0.505551494993184" "Xi: 0.504322114352849"
Time difference of 4.573773 mins
[1] "Rho"
[1] 1448.476 1448.342 1448.717 1448.052 1448.749
[1] "It: 5"
[1] "sigma:"            "0.104637069349641" "beta :"           
[4] "1"                
[1] "rho/theta:" "1"         
Time difference of 1.559297 secs
[1] " old Likelihood:  -9948363.81344072"
[1] "New Likelihood:  -9948258.39591909"
[1] 4998803
[1] 4998808
iter:  0  f-value:  40354.88  pgrad:  0.894306 
iter:  10  f-value:  40354.74  pgrad:  0.8888449 
iter:  20  f-value:  40354.59  pgrad:  0.8781274 
iter:  30  f-value:  40354.56  pgrad:  0.5138491 
  Unsuccessful convergence.
[1] 0.1259507
 [1] "Xi: 0.504963732384871" "Xi: 0.504888467443395" "Xi: 0.507644138185146"
 [4] "Xi: 0.511254856871957" "Xi: 0.520017770553224" "Xi: 0.533012891153313"
 [7] "Xi: 0.540969024829278" "Xi: 0.538447339046195" "Xi: 0.542709977068571"
[10] "Xi: 0.533495228370474" "Xi: 0.525986298446546" "Xi: 0.519110344160666"
[13] "Xi: 0.51383062533681"  "Xi: 0.509685494652642" "Xi: 0.507835227564251"
[16] "Xi: 0.50756652543005"  "Xi: 0.507604670796169" "Xi: 0.507294788357872"
[19] "Xi: 0.506508847454738" "Xi: 0.505099713953759"
Time difference of 4.5734 mins
[1] "Rho"
[1] 1448.476 1448.342 1448.717 1448.052 1448.749
[1] "It: 6"
[1] "sigma:"            "0.124691175985689" "beta :"           
[4] "1"                
[1] "rho/theta:" "1"         
Time difference of 1.62126 secs
[1] " old Likelihood:  -9948258.39591909"
[1] "New Likelihood:  -9948147.6086755"
[1] 4998803
[1] 4998808
iter:  0  f-value:  39970.22  pgrad:  0.8740493 
iter:  10  f-value:  39970.04  pgrad:  0.8666129 
iter:  20  f-value:  39969.94  pgrad:  0.8558356 
iter:  30  f-value:  39969.94  pgrad:  0.698783 
  Unsuccessful convergence.
[1] 0.1444109
 [1] "Xi: 0.505454525892783" "Xi: 0.505380434418284" "Xi: 0.508482728729337"
 [4] "Xi: 0.512565721045709" "Xi: 0.522459451410475" "Xi: 0.536774465056624"
 [7] "Xi: 0.544948568990808" "Xi: 0.540150970580298" "Xi: 0.544845420636652"
[10] "Xi: 0.535105577993351" "Xi: 0.527295658123027" "Xi: 0.520256732781616"
[13] "Xi: 0.514627400041936" "Xi: 0.510205343182049" "Xi: 0.508334735314657"
[16] "Xi: 0.508256015730011" "Xi: 0.508481066853678" "Xi: 0.508208681845828"
[19] "Xi: 0.507356245148989" "Xi: 0.505777116774752"
Time difference of 4.571174 mins
[1] "Rho"
[1] 1448.476 1448.342 1448.717 1448.052 1448.749
[1] "It: 7"
[1] "sigma:"            "0.142966837253125" "beta :"           
[4] "1"                
[1] "rho/theta:" "1"         
Time difference of 1.559713 secs
[1] " old Likelihood:  -9948147.6086755"
[1] "New Likelihood:  -9948048.46872837"
[1] 4998803
[1] 4998808
iter:  0  f-value:  39598.4  pgrad:  0.8555891 
iter:  10  f-value:  39598.25  pgrad:  0.8498395 
iter:  20  f-value:  39598.15  pgrad:  0.8406745 
iter:  30  f-value:  39598.13  pgrad:  0.4856486 
  Unsuccessful convergence.
[1] 0.1622836
 [1] "Xi: 0.506170211908457" "Xi: 0.506098919959252" "Xi: 0.509697272143445"
 [4] "Xi: 0.514363937541027" "Xi: 0.525576243902631" "Xi: 0.541346723741866"
 [7] "Xi: 0.549665808307317" "Xi: 0.541894564840686" "Xi: 0.54690452062927" 
[10] "Xi: 0.53654511137052"  "Xi: 0.528517651199684" "Xi: 0.521341688660856"
[13] "Xi: 0.515410457516198" "Xi: 0.510710724395176" "Xi: 0.508807298292296"
[16] "Xi: 0.508904034657248" "Xi: 0.509307275970226" "Xi: 0.509070197207017"
[19] "Xi: 0.508156841397602" "Xi: 0.506409957069021"
Time difference of 4.576155 mins
[1] "Rho"
[1] 1448.476 1448.342 1448.717 1448.052 1448.749
[1] "It: 8"
[1] "sigma:"            "0.160660722852481" "beta :"           
[4] "1"                
[1] "rho/theta:" "1"         
Time difference of 1.565161 secs
[1] " old Likelihood:  -9948048.46872837"
[1] "New Likelihood:  -9947952.98746897"
[1] 4998803
[1] 4998808
iter:  0  f-value:  39226.62  pgrad:  0.8377164 
iter:  10  f-value:  39226.46  pgrad:  0.8311107 
iter:  20  f-value:  39226.37  pgrad:  0.5111853 
iter:  30  f-value:  39226.37  pgrad:  0.4843343 
  Unsuccessful convergence.
[1] 0.1789784
 [1] "Xi: 0.506688373644717" "Xi: 0.506620031776663" "Xi: 0.510571206794595"
 [4] "Xi: 0.515675435438146" "Xi: 0.527917877483315" "Xi: 0.544804032673732"
 [7] "Xi: 0.553306395262671" "Xi: 0.543030006738256" "Xi: 0.548469602206542"
[10] "Xi: 0.537749627231769" "Xi: 0.529574969912801" "Xi: 0.522370250220507"
[13] "Xi: 0.516151836353046" "Xi: 0.511179336922125" "Xi: 0.509230259404585"
[16] "Xi: 0.509489139425087" "Xi: 0.510060626834316" "Xi: 0.509856558894133"
[19] "Xi: 0.508887177553006" "Xi: 0.506984261523949"
Time difference of 4.584873 mins
[1] "Rho"
[1] 1448.476 1448.342 1448.717 1448.052 1448.749
[1] "It: 9"
[1] "sigma:"            "0.177188567800428" "beta :"           
[4] "1"                
[1] "rho/theta:" "1"         
Time difference of 1.547552 secs
[1] " old Likelihood:  -9947952.98746897"
[1] "New Likelihood:  -9947864.7417191"
[1] 4998803
[1] 4998808
iter:  0  f-value:  38868.26  pgrad:  0.8210216 
iter:  10  f-value:  38868.11  pgrad:  0.8150649 
iter:  20  f-value:  38868.04  pgrad:  0.8079401 
iter:  30  f-value:  38868.03  pgrad:  0.8065474 
  Unsuccessful convergence.
[1] 0.1934689
 [1] "Xi: 0.507081490180316" "Xi: 0.507016015951392" "Xi: 0.511230954173492"
 [4] "Xi: 0.516626234389631" "Xi: 0.529529882652336" "Xi: 0.54712217097993" 
 [7] "Xi: 0.55578764472936"  "Xi: 0.54372945735303"  "Xi: 0.549522212554805"
[10] "Xi: 0.538590436751417" "Xi: 0.530444507842676" "Xi: 0.523282021812792"
[13] "Xi: 0.516805365836751" "Xi: 0.51156102054451"  "Xi: 0.509554788473566"
[16] "Xi: 0.509963693971421" "Xi: 0.510695266562497" "Xi: 0.510522760344194"
[19] "Xi: 0.509502944314054" "Xi: 0.507447072530949"
Time difference of 4.581198 mins
[1] "Rho"
[1] 1448.476 1448.342 1448.717 1448.052 1448.749
[1] "It: 10"
[1] "sigma:"            "0.191534205769686" "beta :"           
[4] "1"                
[1] "rho/theta:" "1"         
Time difference of 1.568602 secs
[1] " old Likelihood:  -9947864.7417191"
[1] "New Likelihood:  -9947788.36129321"
[1] 4998803
[1] 4998808
iter:  0  f-value:  38546.65  pgrad:  0.8065311 
iter:  10  f-value:  38546.51  pgrad:  0.8006399 
iter:  20  f-value:  38546.45  pgrad:  0.7952165 
iter:  30  f-value:  38546.43  pgrad:  0.4822015 
  Unsuccessful convergence.
[1] 0.2086007
 [1] "Xi: 0.507567966494532" "Xi: 0.507507601604918" "Xi: 0.51204622394897" 
 [4] "Xi: 0.517805428849968" "Xi: 0.531554835435553" "Xi: 0.550028483320371"
 [7] "Xi: 0.558919311815233" "Xi: 0.544570185557252" "Xi: 0.550787453582806"
[10] "Xi: 0.539594654522596" "Xi: 0.531415784885459" "Xi: 0.524298833913455"
[13] "Xi: 0.517563655868004" "Xi: 0.512035674767628" "Xi: 0.509952239672214"
[16] "Xi: 0.510489538456281" "Xi: 0.511364150249855" "Xi: 0.511213646089942"
[19] "Xi: 0.510142215448882" "Xi: 0.507938337880047"
Time difference of 4.587202 mins
[1] "Rho"
[1] 1448.476 1448.342 1448.717 1448.052 1448.749
[1] "It: 11"
[1] "sigma:"            "0.206514700483054" "beta :"           
[4] "1"                
[1] "rho/theta:" "1"         
Time difference of 1.55023 secs
[1] " old Likelihood:  -9947788.36129321"
[1] "New Likelihood:  -9947709.90260408"
[1] 4998803
[1] 4998808
iter:  0  f-value:  38208.96  pgrad:  0.7913993 
iter:  10  f-value:  38208.83  pgrad:  0.7856326 
iter:  20  f-value:  38208.77  pgrad:  0.7804045 
iter:  30  f-value:  38208.76  pgrad:  0.7778114 
  Unsuccessful convergence.
[1] 0.2222011
 [1] "Xi: 0.507994213262406" "Xi: 0.507939845777246" "Xi: 0.512759925134229"
 [4] "Xi: 0.518809856682076" "Xi: 0.533224027946958" "Xi: 0.552380525078218"
 [7] "Xi: 0.56148591906773"  "Xi: 0.545191328813596" "Xi: 0.551785170445161"
[10] "Xi: 0.540379963319005" "Xi: 0.532246318319675" "Xi: 0.525222392379754"
[13] "Xi: 0.518254867449786" "Xi: 0.512461930316539" "Xi: 0.510282780765441"
[16] "Xi: 0.510939299654433" "Xi: 0.511949275533614" "Xi: 0.511819388577096"
[19] "Xi: 0.510701296884023" "Xi: 0.50835232494174" 
Time difference of 4.592272 mins
[1] "Rho"
[1] 1448.476 1448.342 1448.717 1448.052 1448.749
[1] "It: 12"
[1] "sigma:"            "0.219979092894044" "beta :"           
[4] "1"                
[1] "rho/theta:" "1"         
Time difference of 1.56804 secs
[1] " old Likelihood:  -9947709.90260408"
[1] "New Likelihood:  -9947639.66662062"
[1] 4998803
[1] 4998808
iter:  0  f-value:  37896.95  pgrad:  0.7777989 
iter:  10  f-value:  37896.82  pgrad:  0.7720287 
iter:  20  f-value:  37896.77  pgrad:  0.7667931 
iter:  30  f-value:  37896.76  pgrad:  0.7650933 
  Unsuccessful convergence.
[1] 0.2349192
 [1] "Xi: 0.508390446770282" "Xi: 0.50834219748187"  "Xi: 0.513420474757695"
 [4] "Xi: 0.519721756913374" "Xi: 0.534705114426235" "Xi: 0.554440353940996"
 [7] "Xi: 0.563766153047546" "Xi: 0.545724799297779" "Xi: 0.552671439924256"
[10] "Xi: 0.541074105524304" "Xi: 0.533015041413139" "Xi: 0.526113559175295"
[13] "Xi: 0.518930761610641" "Xi: 0.512856829728094" "Xi: 0.510588096818732"
[16] "Xi: 0.511353997620359" "Xi: 0.512491070656999" "Xi: 0.512376991887051"
[19] "Xi: 0.511213796120971" "Xi: 0.508722140061835"
Time difference of 4.59711 mins
[1] "Rho"
[1] 1448.476 1448.342 1448.717 1448.052 1448.749
[1] "It: 13"
[1] "sigma:"            "0.232569993089567" "beta :"           
[4] "1"                
[1] "rho/theta:" "1"         
Time difference of 1.654279 secs
[1] " old Likelihood:  -9947639.66662062"
[1] "New Likelihood:  -9947574.48530935"
[1] 4998803
[1] 4998808
iter:  0  f-value:  37599.47  pgrad:  0.7650808 
iter:  10  f-value:  37599.33  pgrad:  0.758333 
iter:  20  f-value:  37599.3  pgrad:  0.7543787 
iter:  30  f-value:  37599.29  pgrad:  0.7520066 
  Unsuccessful convergence.
[1] 0.2480089
 [1] "Xi: 0.50892516715455"  "Xi: 0.508886551768901" "Xi: 0.514310441143735"
 [4] "Xi: 0.520963168558434" "Xi: 0.536766396114185" "Xi: 0.557315681974863"
 [7] "Xi: 0.566965657405901" "Xi: 0.546462208725824" "Xi: 0.553815748511647"
[10] "Xi: 0.541926516884391" "Xi: 0.533847359430028" "Xi: 0.527066354439163"
[13] "Xi: 0.519676292477204" "Xi: 0.51329286330039"  "Xi: 0.510936062695225"
[16] "Xi: 0.511804762082979" "Xi: 0.513045762521248" "Xi: 0.512948262131336"
[19] "Xi: 0.511743077437816" "Xi: 0.509112976034624"
Time difference of 4.585879 mins
[1] "Rho"
[1] 1448.476 1448.342 1448.717 1448.052 1448.749
[1] "It: 14"
[1] "sigma:"            "0.245528844518761" "beta :"           
[4] "1"                
[1] "rho/theta:" "1"         
Time difference of 1.573562 secs
[1] " old Likelihood:  -9947574.48530935"
[1] "New Likelihood:  -9947508.32463338"
[1] 4998803
[1] 4998808
iter:  0  f-value:  37290.65  pgrad:  0.7519911 
iter:  10  f-value:  37290.51  pgrad:  0.744936 
iter:  20  f-value:  37290.49  pgrad:  0.7413276 
iter:  30  f-value:  37290.48  pgrad:  0.5136044 
  Unsuccessful convergence.
[1] 0.2603915
 [1] "Xi: 0.509373475973945" "Xi: 0.509343163281151" "Xi: 0.515051599876169"
 [4] "Xi: 0.521968585334115" "Xi: 0.538378815505691" "Xi: 0.559524800318027"
 [7] "Xi: 0.569465462216026" "Xi: 0.546969827913324" "Xi: 0.554699858469528"
[10] "Xi: 0.542606026636269" "Xi: 0.534590496730993" "Xi: 0.527966224404437"
[13] "Xi: 0.52039213928772"  "Xi: 0.513736124919916" "Xi: 0.511273135016268"
[16] "Xi: 0.512228504786675" "Xi: 0.51360439324188"  "Xi: 0.513491287263394"
[19] "Xi: 0.512234129411562" "Xi: 0.509469096367851"
Time difference of 4.591074 mins
[1] "Rho"
[1] 1448.476 1448.342 1448.717 1448.052 1448.749
[1] "It: 15"
[1] "sigma:"            "0.257787563076005" "beta :"           
[4] "1"                
[1] "rho/theta:" "1"         
Time difference of 1.570793 secs
[1] " old Likelihood:  -9947508.32463338"
[1] "New Likelihood:  -9947446.74911395"
[1] 4998803
[1] 4998808
iter:  0  f-value:  36994.8  pgrad:  0.7396085 
iter:  10  f-value:  36994.68  pgrad:  0.7336567 
iter:  20  f-value:  36994.65  pgrad:  0.7296056 
iter:  30  f-value:  36994.64  pgrad:  0.7286208 
  Unsuccessful convergence.
[1] 0.2713953
 [1] "Xi: 0.509745515103068" "Xi: 0.509722855570934" "Xi: 0.515665962993711"
 [4] "Xi: 0.522777591116041" "Xi: 0.539627633888347" "Xi: 0.561203415994377"
 [7] "Xi: 0.571392573505081" "Xi: 0.547355878094315" "Xi: 0.555396812349316"
[10] "Xi: 0.543101904388853" "Xi: 0.535199672808193" "Xi: 0.528770341656983"
[13] "Xi: 0.521034531992253" "Xi: 0.514114205153227" "Xi: 0.511542720320327"
[16] "Xi: 0.512579278212414" "Xi: 0.514058013189264" "Xi: 0.513950258948044"
[19] "Xi: 0.51265264126862"  "Xi: 0.509754874887231"
Time difference of 4.593616 mins
[1] "Rho"
[1] 1448.476 1448.342 1448.717 1448.052 1448.749
[1] "It: 16"
[1] "sigma:"            "0.268681320091379" "beta :"           
[4] "1"                
[1] "rho/theta:" "1"         
Time difference of 1.564687 secs
[1] " old Likelihood:  -9947446.74911395"
[1] "New Likelihood:  -9947392.10782378"
[1] 4998803
[1] 4998808
iter:  0  f-value:  36723.71  pgrad:  0.7286047 
iter:  10  f-value:  36723.6  pgrad:  0.7232627 
iter:  20  f-value:  36723.56  pgrad:  0.7175725 
iter:  30  f-value:  36723.56  pgrad:  0.4691537 
  Unsuccessful convergence.
[1] 0.2825277
 [1] "Xi: 0.510147026601491" "Xi: 0.510132828665743" "Xi: 0.516326817335379"
 [4] "Xi: 0.523645103123988" "Xi: 0.54096936015028"  "Xi: 0.563005767718255"
 [7] "Xi: 0.573492445972986" "Xi: 0.547812575626695" "Xi: 0.556169813859998"
[10] "Xi: 0.543675397349818" "Xi: 0.53585527514642"  "Xi: 0.52961340345284" 
[13] "Xi: 0.521720854680184" "Xi: 0.514535550395732" "Xi: 0.511848478340801"
[16] "Xi: 0.512955538014405" "Xi: 0.514527497683123" "Xi: 0.514418384679366"
[19] "Xi: 0.513079561247178" "Xi: 0.510052353576273"
Time difference of 4.593689 mins
[1] "Rho"
[1] 1448.476 1448.342 1448.717 1448.052 1448.749
[1] "It: 17"
[1] "sigma:"            "0.279702432302078" "beta :"           
[4] "1"                
[1] "rho/theta:" "1"         
Time difference of 1.565683 secs
[1] " old Likelihood:  -9947392.10782378"
[1] "New Likelihood:  -9947337.92271483"
[1] 4998803
[1] 4998808
iter:  0  f-value:  36448.32  pgrad:  0.7174723 
iter:  10  f-value:  36448.21  pgrad:  0.712144 
iter:  20  f-value:  36448.18  pgrad:  0.7071647 
iter:  30  f-value:  36448.18  pgrad:  0.5588663 
  Unsuccessful convergence.
[1] 0.2930126
 [1] "Xi: 0.510538650276679" "Xi: 0.510533419316556" "Xi: 0.516969067983984"
 [4] "Xi: 0.524476199998706" "Xi: 0.542236478313309" "Xi: 0.564693749890649"
 [7] "Xi: 0.575482497410345" "Xi: 0.548260102043683" "Xi: 0.556901914411044"
[10] "Xi: 0.544190663937209" "Xi: 0.53644802650893"  "Xi: 0.530410862402315"
[13] "Xi: 0.522378400180018" "Xi: 0.514935474280798" "Xi: 0.512132024589187"
[16] "Xi: 0.513304960411738" "Xi: 0.514965241404979" "Xi: 0.514852420584844"
[19] "Xi: 0.513474200541576" "Xi: 0.510319619436237"
Time difference of 4.591244 mins
[1] "Rho"
[1] 1448.476 1448.342 1448.717 1448.052 1448.749
[1] "It: 18"
[1] "sigma:"            "0.290082425880104" "beta :"           
[4] "1"                
[1] "rho/theta:" "1"         
Time difference of 1.545792 secs
[1] " old Likelihood:  -9947337.92271483"
[1] "New Likelihood:  -9947287.48613733"
[1] 4998803
[1] 4998808
iter:  0  f-value:  36184.55  pgrad:  0.7069874 
iter:  10  f-value:  36184.45  pgrad:  0.7016617 
iter:  20  f-value:  36184.42  pgrad:  0.6975717 
iter:  30  f-value:  36184.42  pgrad:  0.6471237 
  Unsuccessful convergence.
[1] 0.3030069
 [1] "Xi: 0.510949445331715" "Xi: 0.510954216076674" "Xi: 0.517641430473425"
 [4] "Xi: 0.525342055320306" "Xi: 0.543551866215502" "Xi: 0.566439550406891"
 [7] "Xi: 0.577562623360859" "Xi: 0.548745783556349" "Xi: 0.557654287194979"
[10] "Xi: 0.544695467840064" "Xi: 0.537000804178299" "Xi: 0.531179034135658"
[13] "Xi: 0.523020492825991" "Xi: 0.515322280392776" "Xi: 0.51240607221728" 
[16] "Xi: 0.513638337787969" "Xi: 0.515380127131421" "Xi: 0.515261848960299"
[19] "Xi: 0.513838976250236" "Xi: 0.51056543312363" 
Time difference of 4.593106 mins
[1] "Rho"
[1] 1448.476 1448.342 1448.717 1448.052 1448.749
[1] "It: 19"
[1] "sigma:"            "0.299976823715619" "beta :"           
[4] "1"                
[1] "rho/theta:" "1"         
Time difference of 1.571169 secs
[1] " old Likelihood:  -9947287.48613733"
[1] "New Likelihood:  -9947240.07418839"
[1] 4998803
[1] 4998808
iter:  0  f-value:  35929.62  pgrad:  0.6969931 
iter:  10  f-value:  35929.52  pgrad:  0.6917183 
iter:  20  f-value:  35929.5  pgrad:  0.6881101 
iter:  30  f-value:  35929.5  pgrad:  0.6876253 
  Unsuccessful convergence.
[1] 0.3123833
 [1] "Xi: 0.511324798923335" "Xi: 0.51133920969507"  "Xi: 0.518254000333194"
 [4] "Xi: 0.526115767664494" "Xi: 0.544699880212437" "Xi: 0.567944259624312"
 [7] "Xi: 0.579374034668764" "Xi: 0.549182032647618" "Xi: 0.558325106621463"
[10] "Xi: 0.545123010488139" "Xi: 0.537491430564178" "Xi: 0.531903057156586"
[13] "Xi: 0.523634690925132" "Xi: 0.515692519642477" "Xi: 0.512658717925662"
[16] "Xi: 0.513947711021775" "Xi: 0.515766852458467" "Xi: 0.51564036391465" 
[19] "Xi: 0.514180333318296" "Xi: 0.510783358332197"
Time difference of 4.592568 mins
[1] "Rho"
[1] 1448.476 1448.342 1448.717 1448.052 1448.749
[1] "It: 20"
[1] "sigma:"            "0.309259437364165" "beta :"           
[4] "1"                
[1] "rho/theta:" "1"         
Time difference of 1.546539 secs
[1] " old Likelihood:  -9947240.07418839"
[1] "New Likelihood:  -9947196.22289024"
[1] 4998803
[1] 4998808
iter:  0  f-value:  35686.96  pgrad:  0.6876167 
iter:  10  f-value:  35686.87  pgrad:  0.682403 
iter:  20  f-value:  35686.85  pgrad:  0.6791179 
iter:  30  f-value:  35686.84  pgrad:  0.6785843 
  Unsuccessful convergence.
[1] 0.3214211
 [1] "Xi: 0.511705690683603" "Xi: 0.511730615759501" "Xi: 0.518876092177258"
 [4] "Xi: 0.526895028178574" "Xi: 0.545848352444984" "Xi: 0.569443434406283"
 [7] "Xi: 0.581198455665229" "Xi: 0.549644217310985" "Xi: 0.559006699273395"
[10] "Xi: 0.545551479393388" "Xi: 0.537961469709599" "Xi: 0.532610245026862"
[13] "Xi: 0.524242690385517" "Xi: 0.516061585447478" "Xi: 0.51290959293296" 
[16] "Xi: 0.514250491775694" "Xi: 0.516142554653207" "Xi: 0.516004069368886"
[19] "Xi: 0.514506444113222" "Xi: 0.510988798193161"
Time difference of 4.594175 mins
[1] 1 1 1 1 1
[1] 1 1 1 1 1
saved RDS
inference successful
