[1] "Original length"
[1] 999828
[1] "Final length"
[1] 19359
[1] "sequence length : 999829" "sequence length : 999981"
[3] "sequence length : 999855" "sequence length : 999511"
[5] "sequence length : 999525"
[1] "former Rho:"
[1] 1524.421 1264.677 1320.121 1404.894 1549.540
[1] "old mu :"
[1] 0.0007623409 0.0006323506 0.0006601562 0.0007027905 0.0007751382
[1] "new mu :"
[1] 0.0007065553
[1] "new Rho:"
[1] 1412.869 1413.084 1412.906 1412.420 1412.439
[1] 1 1 1 1 1
[1] "Beta: 1"
[1] "Self: 0"
[1] 1
[1] "Rho"
[1] 1412.869 1413.084 1412.906 1412.420 1412.439
[1] "It: 1"
[1] "sigma:" "0"      "beta :" "1"     
[1] "rho/theta:" "1"         
[1] "sigma:" "0"      "beta :" "1"     
[1] "rho/theta:" "1"         
Time difference of 1.671771 secs
[1] "New Likelihood:  -9739658.84814099"
[1] 4998696
[1] 4998701
iter:  0  f-value:  39927.58  pgrad:  0.5 
iter:  10  f-value:  39923.97  pgrad:  0.9926979 
iter:  20  f-value:  39922.95  pgrad:  0.9632683 
iter:  30  f-value:  39922.86  pgrad:  0.9589531 
  Unsuccessful convergence.
[1] 0.04233133
 [1] "Xi: 0.503212212305414" "Xi: 0.503219614873808" "Xi: 0.504412265787033"
 [4] "Xi: 0.504891954845135" "Xi: 0.505520945703652" "Xi: 0.506839561860144"
 [7] "Xi: 0.508061037468022" "Xi: 0.512082916204194" "Xi: 0.515448368003292"
[10] "Xi: 0.513357334358379" "Xi: 0.510903739962674" "Xi: 0.509127232538457"
[13] "Xi: 0.507755095912957" "Xi: 0.506642929076597" "Xi: 0.505730700533287"
[16] "Xi: 0.504842762338848" "Xi: 0.50396539876461"  "Xi: 0.503198737886434"
[19] "Xi: 0.502750710042977" "Xi: 0.502473442000122"
Time difference of 8.388612 mins
[1] "Rho"
[1] 1412.869 1413.084 1412.906 1412.420 1412.439
[1] "It: 2"
[1] "sigma:"             "0.0419080121010716" "beta :"            
[4] "1"                 
[1] "rho/theta:" "1"         
Time difference of 1.654725 secs
[1] " old Likelihood:  -9739658.84814099"
[1] "New Likelihood:  -9738375.85807282"
[1] 4998696
[1] 4998701
iter:  0  f-value:  39802.19  pgrad:  0.4975266 
iter:  10  f-value:  39801.29  pgrad:  0.9512188 
iter:  20  f-value:  39800.71  pgrad:  0.9237739 
iter:  30  f-value:  39800.69  pgrad:  0.5203885 
  Unsuccessful convergence.
[1] 0.08011374
 [1] "Xi: 0.505120938736053" "Xi: 0.505125959198006" "Xi: 0.507197005125971"
 [4] "Xi: 0.508453172626956" "Xi: 0.5100338226828"   "Xi: 0.513068934067615"
 [7] "Xi: 0.514707629153943" "Xi: 0.520926624304594" "Xi: 0.525067431493137"
[10] "Xi: 0.52037065927365"  "Xi: 0.516183968420466" "Xi: 0.513439340616677"
[13] "Xi: 0.511698390700402" "Xi: 0.510386524360238" "Xi: 0.509299952712743"
[16] "Xi: 0.508149051118862" "Xi: 0.506874011799034" "Xi: 0.505675213590143"
[19] "Xi: 0.504925922848105" "Xi: 0.504511630275956"
Time difference of 4.746231 mins
[1] "Rho"
[1] 1412.869 1413.084 1412.906 1412.420 1412.439
[1] "It: 3"
[1] "sigma:"             "0.0793126034302102" "beta :"            
[4] "1"                 
[1] "rho/theta:" "1"         
Time difference of 1.58908 secs
[1] " old Likelihood:  -9738375.85807282"
[1] "New Likelihood:  -9737916.26416405"
[1] 4998696
[1] 4998701
iter:  0  f-value:  39416.93  pgrad:  0.9198863 
iter:  10  f-value:  39416.58  pgrad:  0.9131438 
iter:  20  f-value:  39416.26  pgrad:  0.8942785 
iter:  30  f-value:  39416.24  pgrad:  0.8929572 
  Unsuccessful convergence.
[1] 0.1083232
 [1] "Xi: 0.505833961280973" "Xi: 0.505836945587824" "Xi: 0.508414809120834"
 [4] "Xi: 0.510489982154286" "Xi: 0.512643737929609" "Xi: 0.516647191363007"
 [7] "Xi: 0.518133450709456" "Xi: 0.525176397219215" "Xi: 0.530258376007014"
[10] "Xi: 0.523534383403241" "Xi: 0.518187437622522" "Xi: 0.515186183907786"
[13] "Xi: 0.513490784112107" "Xi: 0.51236115080198"  "Xi: 0.511414893068212"
[16] "Xi: 0.510290458021743" "Xi: 0.508861525899109" "Xi: 0.50741288938393" 
[19] "Xi: 0.506487825299365" "Xi: 0.506050977895089"
Time difference of 4.742879 mins
[1] "Rho"
[1] 1412.869 1413.084 1412.906 1412.420 1412.439
[1] "It: 4"
[1] "sigma:"            "0.107239946841315" "beta :"           
[4] "1"                
[1] "rho/theta:" "1"         
Time difference of 1.679111 secs
[1] " old Likelihood:  -9737916.26416405"
[1] "New Likelihood:  -9737694.56761012"
[1] 4998696
[1] 4998701
iter:  0  f-value:  39027.39  pgrad:  0.8916768 
iter:  10  f-value:  39027.2  pgrad:  0.8866954 
iter:  20  f-value:  39026.91  pgrad:  0.5194331 
iter:  30  f-value:  39026.9  pgrad:  0.4879596 
  Unsuccessful convergence.
[1] 0.1340874
 [1] "Xi: 0.506372356179071" "Xi: 0.506376282279242" "Xi: 0.509327278334951"
 [4] "Xi: 0.512053599484872" "Xi: 0.514762771246094" "Xi: 0.519672307752442"
 [7] "Xi: 0.520900556058868" "Xi: 0.52844884726515"  "Xi: 0.534485162601075"
[10] "Xi: 0.525799434582905" "Xi: 0.519314722713116" "Xi: 0.516120469524803"
[13] "Xi: 0.514535898254103" "Xi: 0.513663498974031" "Xi: 0.51295817610295" 
[16] "Xi: 0.511954174333669" "Xi: 0.510468392134664" "Xi: 0.508856812407321"
[19] "Xi: 0.507822051709305" "Xi: 0.507404606079247"
Time difference of 4.749848 mins
[1] "Rho"
[1] 1412.869 1413.084 1412.906 1412.420 1412.439
[1] "It: 5"
[1] "sigma:"            "0.132746497765402" "beta :"           
[4] "1"                
[1] "rho/theta:" "1"         
Time difference of 1.651735 secs
[1] " old Likelihood:  -9737694.56761012"
[1] "New Likelihood:  -9737525.1748943"
[1] 4998696
[1] 4998701
iter:  0  f-value:  38602.49  pgrad:  0.8659126 
iter:  10  f-value:  38602.26  pgrad:  0.8577216 
iter:  20  f-value:  38602.14  pgrad:  0.8503092 
iter:  30  f-value:  38602.1  pgrad:  0.5071342 
  Unsuccessful convergence.
[1] 0.1566724
 [1] "Xi: 0.506899566391101" "Xi: 0.506905867284796" "Xi: 0.510216345933325"
 [4] "Xi: 0.51354866619622"  "Xi: 0.516749170237141" "Xi: 0.522427792185222"
 [7] "Xi: 0.523320833324926" "Xi: 0.531058404274144" "Xi: 0.537990605206511"
[10] "Xi: 0.527532135207871" "Xi: 0.520055384098832" "Xi: 0.51668406192411" 
[13] "Xi: 0.515186202558698" "Xi: 0.514555072464932" "Xi: 0.514101783436041"
[16] "Xi: 0.513253190922097" "Xi: 0.511757577165411" "Xi: 0.510033359751951"
[19] "Xi: 0.508933649621997" "Xi: 0.508561343803347"
Time difference of 4.741618 mins
[1] "Rho"
[1] 1412.869 1413.084 1412.906 1412.420 1412.439
[1] "It: 6"
[1] "sigma:"            "0.155105627203115" "beta :"           
[4] "1"                
[1] "rho/theta:" "1"         
Time difference of 1.682961 secs
[1] " old Likelihood:  -9737525.1748943"
[1] "New Likelihood:  -9737386.04995782"
[1] 4998696
[1] 4998701
iter:  0  f-value:  38189.67  pgrad:  0.8433276 
iter:  10  f-value:  38189.48  pgrad:  0.8364511 
iter:  20  f-value:  38189.38  pgrad:  0.8301518 
iter:  30  f-value:  38189.33  pgrad:  0.4852995 
  Unsuccessful convergence.
[1] 0.1777072
 [1] "Xi: 0.507304264036144" "Xi: 0.507312145790772" "Xi: 0.510896774696647"
 [4] "Xi: 0.514710739119727" "Xi: 0.518346652817502" "Xi: 0.524694052581324"
 [7] "Xi: 0.525299385023899" "Xi: 0.533149085762327" "Xi: 0.541156538362431"
[10] "Xi: 0.529175688265292" "Xi: 0.52077393254813"  "Xi: 0.517198358273286"
[13] "Xi: 0.515741558061729" "Xi: 0.515293862985127" "Xi: 0.515060363388659"
[16] "Xi: 0.514359733445825" "Xi: 0.512869486248996" "Xi: 0.51105905707848" 
[19] "Xi: 0.509918407031643" "Xi: 0.509613213706639"
Time difference of 4.733421 mins
[1] "Rho"
[1] 1412.869 1413.084 1412.906 1412.420 1412.439
[1] "It: 7"
[1] "sigma:"            "0.175930171880022" "beta :"           
[4] "1"                
[1] "rho/theta:" "1"         
Time difference of 1.687748 secs
[1] " old Likelihood:  -9737386.04995782"
[1] "New Likelihood:  -9737260.42036821"
[1] 4998696
[1] 4998701
iter:  0  f-value:  37779.3  pgrad:  0.8222928 
iter:  10  f-value:  37779.13  pgrad:  0.8160843 
iter:  20  f-value:  37779  pgrad:  0.8056795 
iter:  30  f-value:  37778.99  pgrad:  0.8039168 
  Unsuccessful convergence.
[1] 0.1960965
 [1] "Xi: 0.507684158486412" "Xi: 0.507695359583291" "Xi: 0.511533861571819"
 [4] "Xi: 0.515781457448792" "Xi: 0.519797334890032" "Xi: 0.526711376895634"
 [7] "Xi: 0.527053944490729" "Xi: 0.53489537183717"  "Xi: 0.543958716959136"
[10] "Xi: 0.530704472195131" "Xi: 0.521431030299951" "Xi: 0.517647958144271"
[13] "Xi: 0.516173672008467" "Xi: 0.515866485498979" "Xi: 0.515821986634345"
[16] "Xi: 0.515257488878343" "Xi: 0.513780136826661" "Xi: 0.511901845545449"
[19] "Xi: 0.510741439595932" "Xi: 0.510514573601986"
Time difference of 4.734947 mins
[1] "Rho"
[1] 1412.869 1413.084 1412.906 1412.420 1412.439
[1] "It: 8"
[1] "sigma:"            "0.194135583852186" "beta :"           
[4] "1"                
[1] "rho/theta:" "1"         
Time difference of 1.59374 secs
[1] " old Likelihood:  -9737260.42036821"
[1] "New Likelihood:  -9737152.12787739"
[1] 4998696
[1] 4998701
iter:  0  f-value:  37401.15  pgrad:  0.8039035 
iter:  10  f-value:  37400.99  pgrad:  0.7978334 
iter:  20  f-value:  37401.11  pgrad:  0.7880033 
iter:  30  f-value:  37400.87  pgrad:  0.7875459 
  Unsuccessful convergence.
[1] 0.2130677
 [1] "Xi: 0.508030703376669" "Xi: 0.508045433854248" "Xi: 0.512114000618088"
 [4] "Xi: 0.516738250106179" "Xi: 0.521073858580792" "Xi: 0.528455405426909"
 [7] "Xi: 0.528574869840788" "Xi: 0.53633705014504"  "Xi: 0.546462510364002"
[10] "Xi: 0.532197365134511" "Xi: 0.522141281445267" "Xi: 0.518140638312652"
[13] "Xi: 0.516603720084844" "Xi: 0.516386470038509" "Xi: 0.516492994065512"
[16] "Xi: 0.516044920654892" "Xi: 0.514575014413212" "Xi: 0.51263870738843" 
[19] "Xi: 0.511472310997724" "Xi: 0.511333297058997"
Time difference of 4.734772 mins
[1] "Rho"
[1] 1412.869 1413.084 1412.906 1412.420 1412.439
[1] "It: 9"
[1] "sigma:"            "0.210937059865325" "beta :"           
[4] "1"                
[1] "rho/theta:" "1"         
Time difference of 1.665563 secs
[1] " old Likelihood:  -9737152.12787739"
[1] "New Likelihood:  -9737053.3587695"
[1] 4998696
[1] 4998701
iter:  0  f-value:  37039.31  pgrad:  0.7869323 
iter:  10  f-value:  37039.16  pgrad:  0.7808962 
iter:  20  f-value:  37039.23  pgrad:  0.7725069 
iter:  30  f-value:  37039.05  pgrad:  0.7704252 
  Unsuccessful convergence.
[1] 0.229587
 [1] "Xi: 0.508422181598581" "Xi: 0.508442321454884" "Xi: 0.512768138840209"
 [4] "Xi: 0.517815894909397" "Xi: 0.522515577849745" "Xi: 0.530410615002288"
 [7] "Xi: 0.530275127069868" "Xi: 0.537846146616946" "Xi: 0.549115099418908"
[10] "Xi: 0.533800150159429" "Xi: 0.522958407753783" "Xi: 0.518731183419753"
[13] "Xi: 0.517091222541885" "Xi: 0.516923830069296" "Xi: 0.517142496608284"
[16] "Xi: 0.516789814610593" "Xi: 0.515324815168416" "Xi: 0.513332299350903"
[19] "Xi: 0.512165786712618" "Xi: 0.512122842042959"
Time difference of 4.742944 mins
[1] "Rho"
[1] 1412.869 1413.084 1412.906 1412.420 1412.439
[1] "It: 10"
[1] "sigma:"            "0.227291128700897" "beta :"           
[4] "1"                
[1] "rho/theta:" "1"         
Time difference of 1.596465 secs
[1] " old Likelihood:  -9737053.3587695"
[1] "New Likelihood:  -9736958.51721429"
[1] 4998696
[1] 4998701
iter:  0  f-value:  36678.4  pgrad:  0.770413 
iter:  10  f-value:  36678.25  pgrad:  0.76447 
iter:  20  f-value:  36678.17  pgrad:  0.7581705 
iter:  30  f-value:  36678.15  pgrad:  0.4825584 
  Unsuccessful convergence.
[1] 0.2454985
 [1] "Xi: 0.508855853703786" "Xi: 0.508882455977116" "Xi: 0.513491055808624"
 [4] "Xi: 0.519000129136577" "Xi: 0.524095501760109" "Xi: 0.532531107281988"
 [7] "Xi: 0.532103641866524" "Xi: 0.539338380764317" "Xi: 0.551830740413846"
[10] "Xi: 0.535434246379798" "Xi: 0.523813279120917" "Xi: 0.519369676476055"
[13] "Xi: 0.517606737628095" "Xi: 0.517450725326597" "Xi: 0.517760589125001"
[16] "Xi: 0.517487606935795" "Xi: 0.516022986864344" "Xi: 0.51397766015601" 
[19] "Xi: 0.512816455838727" "Xi: 0.512877597399702"
Time difference of 4.74217 mins
[1] "Rho"
[1] 1412.869 1413.084 1412.906 1412.420 1412.439
[1] "It: 11"
[1] "sigma:"            "0.243043488181398" "beta :"           
[4] "1"                
[1] "rho/theta:" "1"         
Time difference of 1.653392 secs
[1] " old Likelihood:  -9736958.51721429"
[1] "New Likelihood:  -9736868.17451498"
[1] 4998696
[1] 4998701
iter:  0  f-value:  36321.64  pgrad:  0.7545015 
iter:  10  f-value:  36321.48  pgrad:  0.7482645 
iter:  20  f-value:  36321.41  pgrad:  0.7403097 
iter:  30  f-value:  36321.4  pgrad:  0.4798063 
  Unsuccessful convergence.
[1] 0.2604578
 [1] "Xi: 0.50931426848684"  "Xi: 0.50934801429899"  "Xi: 0.5142511754099"  
 [4] "Xi: 0.520235794468314" "Xi: 0.52573022294597"  "Xi: 0.534689987215309"
 [7] "Xi: 0.533937031986903" "Xi: 0.54067894380286"  "Xi: 0.554399178669251"
[10] "Xi: 0.536960422076618" "Xi: 0.524638959091237" "Xi: 0.520008985642812"
[13] "Xi: 0.518115788696243" "Xi: 0.517950448390778" "Xi: 0.518328947072809"
[16] "Xi: 0.518126046909988" "Xi: 0.516657203251649" "Xi: 0.514562221981199"
[19] "Xi: 0.513412916081938" "Xi: 0.513582397501874"
Time difference of 4.74893 mins
[1] "Rho"
[1] 1412.869 1413.084 1412.906 1412.420 1412.439
[1] "It: 12"
[1] "sigma:"            "0.257853217130927" "beta :"           
[4] "1"                
[1] "rho/theta:" "1"         
Time difference of 1.660494 secs
[1] " old Likelihood:  -9736868.17451498"
[1] "New Likelihood:  -9736784.08867887"
[1] 4998696
[1] 4998701
iter:  0  f-value:  35977.3  pgrad:  0.7395422 
iter:  10  f-value:  35977.13  pgrad:  0.7318876 
iter:  20  f-value:  35977.09  pgrad:  0.7265743 
iter:  30  f-value:  35977.09  pgrad:  0.7260997 
  Unsuccessful convergence.
[1] 0.2739247
 [1] "Xi: 0.509760369654481" "Xi: 0.509801004318563" "Xi: 0.51498525369805" 
 [4] "Xi: 0.52133862360055"  "Xi: 0.52707070376889"  "Xi: 0.53633278130496" 
 [7] "Xi: 0.535350077967034" "Xi: 0.541635307422723" "Xi: 0.556299784489289"
[10] "Xi: 0.538212628881405" "Xi: 0.525366738758674" "Xi: 0.520598175771061"
[13] "Xi: 0.518578421716409" "Xi: 0.51839074805693"  "Xi: 0.518823678342239"
[16] "Xi: 0.518677527441018" "Xi: 0.517204009494852" "Xi: 0.515062741494086"
[19] "Xi: 0.513930294239146" "Xi: 0.514212385732011"
Time difference of 4.733411 mins
[1] "Rho"
[1] 1412.869 1413.084 1412.906 1412.420 1412.439
[1] "It: 13"
[1] "sigma:"            "0.271185478078186" "beta :"           
[4] "1"                
[1] "rho/theta:" "1"         
Time difference of 1.60568 secs
[1] " old Likelihood:  -9736784.08867887"
[1] "New Likelihood:  -9736708.80790128"
[1] 4998696
[1] 4998701
iter:  0  f-value:  35658.46  pgrad:  0.7260753 
iter:  10  f-value:  35658.31  pgrad:  0.719055 
iter:  20  f-value:  35658.27  pgrad:  0.7141992 
iter:  30  f-value:  35658.26  pgrad:  0.5191251 
  Unsuccessful convergence.
[1] 0.2872554
 [1] "Xi: 0.51027120111582"  "Xi: 0.510321036094171" "Xi: 0.515822365674548"
 [4] "Xi: 0.522603943438712" "Xi: 0.528626504631268" "Xi: 0.538246517126313"
 [7] "Xi: 0.536986902652646" "Xi: 0.542646928460517" "Xi: 0.558396948345519"
[10] "Xi: 0.539561666052085" "Xi: 0.526166567327139" "Xi: 0.521259234688306"
[13] "Xi: 0.519113825567727" "Xi: 0.518868121043798" "Xi: 0.51933424514409" 
[16] "Xi: 0.519230012309455" "Xi: 0.517744289724519" "Xi: 0.515555239046309"
[19] "Xi: 0.514440949032509" "Xi: 0.514839710565971"
Time difference of 4.746314 mins
[1] "Rho"
[1] 1412.869 1413.084 1412.906 1412.420 1412.439
[1] "It: 14"
[1] "sigma:"            "0.284382802414185" "beta :"           
[4] "1"                
[1] "rho/theta:" "1"         
Time difference of 1.596779 secs
[1] " old Likelihood:  -9736708.80790128"
[1] "New Likelihood:  -9736635.59675331"
[1] 4998696
[1] 4998701
iter:  0  f-value:  35339.24  pgrad:  0.7127446 
iter:  10  f-value:  35339.09  pgrad:  0.7061349 
iter:  20  f-value:  35339.05  pgrad:  0.7013703 
iter:  30  f-value:  35339.05  pgrad:  0.4698363 
  Unsuccessful convergence.
[1] 0.2998764
 [1] "Xi: 0.510795786051126" "Xi: 0.510853791941095" "Xi: 0.516673920636708"
 [4] "Xi: 0.523883338004438" "Xi: 0.530190279042766" "Xi: 0.540148052828798"
 [7] "Xi: 0.538610571158392" "Xi: 0.543497264074311" "Xi: 0.560385671837368"
[10] "Xi: 0.540829028050318" "Xi: 0.526926159547737" "Xi: 0.521908221072499"
[13] "Xi: 0.519624258490704" "Xi: 0.519325152254845" "Xi: 0.519814383561115"
[16] "Xi: 0.519742506384076" "Xi: 0.5182445016725"   "Xi: 0.516009912837854"
[19] "Xi: 0.514913818921218" "Xi: 0.515436307394132"
Time difference of 4.749841 mins
[1] "Rho"
[1] 1412.869 1413.084 1412.906 1412.420 1412.439
[1] "It: 15"
[1] "sigma:"           "0.29687760413698" "beta :"           "1"               
[1] "rho/theta:" "1"         
Time difference of 1.584391 secs
[1] " old Likelihood:  -9736635.59675331"
[1] "New Likelihood:  -9736567.08912254"
[1] 4998696
[1] 4998701
iter:  0  f-value:  35030.7  pgrad:  0.7001236 
iter:  10  f-value:  35030.56  pgrad:  0.6929349 
iter:  20  f-value:  35030.53  pgrad:  0.6888169 
iter:  30  f-value:  35030.53  pgrad:  0.4686324 
  Unsuccessful convergence.
[1] 0.3116563
 [1] "Xi: 0.511171435601784" "Xi: 0.511236289471026" "Xi: 0.517282247829645"
 [4] "Xi: 0.524821796025886" "Xi: 0.531372657794"    "Xi: 0.541617735655301"
 [7] "Xi: 0.539880109789025" "Xi: 0.544054553387438" "Xi: 0.562039383254634"
[10] "Xi: 0.54195209412644"  "Xi: 0.527627093971183" "Xi: 0.522531368676472"
[13] "Xi: 0.520115158589911" "Xi: 0.519754276119901" "Xi: 0.520259789196359"
[16] "Xi: 0.520215517627207" "Xi: 0.518700769565839" "Xi: 0.516420516767365"
[19] "Xi: 0.515347686749265" "Xi: 0.515990990762527"
Time difference of 4.742008 mins
[1] "Rho"
[1] 1412.869 1413.084 1412.906 1412.420 1412.439
[1] "It: 16"
[1] "sigma:"            "0.308539769536013" "beta :"           
[4] "1"                
[1] "rho/theta:" "1"         
Time difference of 1.598459 secs
[1] " old Likelihood:  -9736567.08912254"
[1] "New Likelihood:  -9736503.72563107"
[1] 4998696
[1] 4998701
iter:  0  f-value:  34737.08  pgrad:  0.6883437 
iter:  10  f-value:  34736.94  pgrad:  0.6811829 
iter:  20  f-value:  34736.92  pgrad:  0.6784682 
iter:  30  f-value:  34736.92  pgrad:  0.4674432 
  Unsuccessful convergence.
[1] 0.3229753
 [1] "Xi: 0.51155789115642"  "Xi: 0.511630663795938" "Xi: 0.517905664675443"
 [4] "Xi: 0.525776534581321" "Xi: 0.532571892528553" "Xi: 0.543095797100446"
 [7] "Xi: 0.541175004355288" "Xi: 0.544558541383218" "Xi: 0.563663633354149"
[10] "Xi: 0.543058101143947" "Xi: 0.528325805903873" "Xi: 0.523165363342479"
[13] "Xi: 0.520614816871278" "Xi: 0.520183972290215" "Xi: 0.520695424780405"
[16] "Xi: 0.520671009029824" "Xi: 0.519136704698083" "Xi: 0.516810142828933"
[19] "Xi: 0.515761649669662" "Xi: 0.516531025651538"
Time difference of 4.748843 mins
[1] "Rho"
[1] 1412.869 1413.084 1412.906 1412.420 1412.439
[1] "It: 17"
[1] "sigma:"            "0.319745504011515" "beta :"           
[4] "1"                
[1] "rho/theta:" "1"         
Time difference of 1.591758 secs
[1] " old Likelihood:  -9736503.72563107"
[1] "New Likelihood:  -9736443.84902993"
[1] 4998696
[1] 4998701
iter:  0  f-value:  34451.06  pgrad:  0.6770247 
iter:  10  f-value:  34450.92  pgrad:  0.6700294 
iter:  20  f-value:  34450.91  pgrad:  0.6682477 
iter:  30  f-value:  34450.9  pgrad:  0.4663173 
  Unsuccessful convergence.
[1] 0.3336645
 [1] "Xi: 0.511927899807438" "Xi: 0.512007487205167" "Xi: 0.518498844412773"
 [4] "Xi: 0.526674881043954" "Xi: 0.533689197760551" "Xi: 0.544456955407321"
 [7] "Xi: 0.542389781428034" "Xi: 0.544962932460536" "Xi: 0.565146740108232"
[10] "Xi: 0.544089714400012" "Xi: 0.528985863714946" "Xi: 0.523781069730172"
[13] "Xi: 0.521100679012307" "Xi: 0.520595365498152" "Xi: 0.521106946950347"
[16] "Xi: 0.521097685723453" "Xi: 0.519542072976159" "Xi: 0.517169975304302"
[19] "Xi: 0.516146743475219" "Xi: 0.517044502737295"
Time difference of 4.748985 mins
[1] "Rho"
[1] 1412.869 1413.084 1412.906 1412.420 1412.439
[1] "It: 18"
[1] "sigma:"            "0.330327814506484" "beta :"           
[4] "1"                
[1] "rho/theta:" "1"         
Time difference of 1.589859 secs
[1] " old Likelihood:  -9736443.84902993"
[1] "New Likelihood:  -9736388.14119583"
[1] 4998696
[1] 4998701
iter:  0  f-value:  34176.54  pgrad:  0.6663355 
iter:  10  f-value:  34176.42  pgrad:  0.6593886 
iter:  20  f-value:  34176.41  pgrad:  0.6577764 
iter:  30  f-value:  34176.4  pgrad:  0.5199342 
  Unsuccessful convergence.
[1] 0.3438233
 [1] "Xi: 0.512313130889019" "Xi: 0.512401586884717" "Xi: 0.519115830745781"
 [4] "Xi: 0.52760404610052"  "Xi: 0.534841993864976" "Xi: 0.545849973845874"
 [7] "Xi: 0.543648450892106" "Xi: 0.545331697362598" "Xi: 0.566603758016487"
[10] "Xi: 0.545077738418436" "Xi: 0.529617932312641" "Xi: 0.524385416987265"
[13] "Xi: 0.521578515148882" "Xi: 0.520993931330865" "Xi: 0.521500855071412"
[16] "Xi: 0.521502589327061" "Xi: 0.519916255647977" "Xi: 0.517501596117535"
[19] "Xi: 0.516508754589122" "Xi: 0.51753722187633" 
Time difference of 4.74577 mins
[1] "Rho"
[1] 1412.869 1413.084 1412.906 1412.420 1412.439
[1] "It: 19"
[1] "sigma:"            "0.340385107704243" "beta :"           
[4] "1"                
[1] "rho/theta:" "1"         
Time difference of 1.586941 secs
[1] " old Likelihood:  -9736388.14119583"
[1] "New Likelihood:  -9736336.11226878"
[1] 4998696
[1] 4998701
iter:  0  f-value:  33911.63  pgrad:  0.6561767 
iter:  10  f-value:  33911.51  pgrad:  0.649157 
iter:  20  f-value:  33911.5  pgrad:  0.6476954 
iter:  30  f-value:  33911.5  pgrad:  0.4641393 
  Unsuccessful convergence.
[1] 0.3534518
 [1] "Xi: 0.51266676541999"  "Xi: 0.512762768211586" "Xi: 0.519679420876468"
 [4] "Xi: 0.528441076335052" "Xi: 0.535867884057736" "Xi: 0.547073955199789"
 [7] "Xi: 0.544777994935838" "Xi: 0.545603017279043" "Xi: 0.567888772845435"
[10] "Xi: 0.545979790458534" "Xi: 0.530212960270315" "Xi: 0.524971584824841"
[13] "Xi: 0.522043641721466" "Xi: 0.521378567840671" "Xi: 0.521877009972514"
[16] "Xi: 0.521886366586444" "Xi: 0.520274484899888" "Xi: 0.51781500484577" 
[19] "Xi: 0.516849038829901" "Xi: 0.518009594216316"
Time difference of 4.74226 mins
[1] "Rho"
[1] 1412.869 1413.084 1412.906 1412.420 1412.439
[1] "It: 20"
[1] "sigma:"            "0.349917331210074" "beta :"           
[4] "1"                
[1] "rho/theta:" "1"         
Time difference of 1.585176 secs
[1] " old Likelihood:  -9736336.11226878"
[1] "New Likelihood:  -9736287.69653761"
[1] 4998696
[1] 4998701
iter:  0  f-value:  33657.41  pgrad:  0.6465482 
iter:  10  f-value:  33657.29  pgrad:  0.6395227 
iter:  20  f-value:  33657.29  pgrad:  0.6382356 
iter:  30  f-value:  33657.29  pgrad:  0.5206209 
  Unsuccessful convergence.
[1] 0.3625992
 [1] "Xi: 0.513051440409161" "Xi: 0.51315610026015"  "Xi: 0.520290380512711"
 [4] "Xi: 0.529348039226285" "Xi: 0.536980727605662" "Xi: 0.548394409523905"
 [7] "Xi: 0.546012043713133" "Xi: 0.545877594564442" "Xi: 0.569213562054813"
[10] "Xi: 0.546867159156445" "Xi: 0.530782704041436" "Xi: 0.525544169011759"
[13] "Xi: 0.522498033823493" "Xi: 0.521751901251302" "Xi: 0.522236899367066"
[16] "Xi: 0.522250853341721" "Xi: 0.520607294876296" "Xi: 0.518105546447131"
[19] "Xi: 0.517169369445296" "Xi: 0.518463763857891"
Time difference of 4.753154 mins
[1] 1 1 1 1 1
[1] 1 1 1 1 1
saved RDS
inference successful
