[1] "Original length"
[1] 999669
[1] "Final length"
[1] 17072
[1] "sequence length : 999670" "sequence length : 999712"
[3] "sequence length : 999969" "sequence length : 999956"
[5] "sequence length : 999532"
[1] 1 1 1 1 1
[1] "Beta: 1"
[1] "Self: 0.5"
 [1] 0 0 0 0 0 0 0 0 0 0 0 0 0 0 0 0 0 0 0 0
[1] "maxIt: 20"
[1] "It: 1"
 [1] "sigma:" "0.5"    "0.5"    "0.5"    "0.5"    "0.5"    "0.5"    "0.5"   
 [9] "0.5"    "0.5"    "0.5"    "0.5"    "0.5"    "0.5"    "0.5"    "0.5"   
[17] "0.5"    "0.5"    "0.5"    "0"      "0"      "0"      "0"      "0"     
[25] "0"      "0"      "0"      "0"      "0"      "0"      "0"      "0"     
[33] "0"      "0"      "0"      "0"      "0"      "0"      "0"      "0"     
[41] "0"      "beta :" "1"     
[1] 10243074
[1] 10242789
[1] 10242651
[1] 10242451
[1] 10242169
[1] 10241793
[1] 10241332
[1] 10240842
[1] 10240462
[1] 10240439
[1] 10241120
[1] 10243023
[1] 10246936
[1] 10253788
[1] 10264095
[1] 10276294
[1] 10286185
[1] 10291107
[1] 10292792
[1] 10293190
[1] 10293238
 [1] "sigma:" "0.9655" "0.9655" "0.9655" "0.9655" "0.9655" "0.9655" "0.9655"
 [9] "0.9655" "0.9655" "0.9655" "0.9655" "0.9655" "0.9655" "0.9655" "0.9655"
[17] "0.9655" "0.9655" "0.9655" "0.425"  "0.425"  "0.425"  "0.425"  "0.425" 
[25] "0.425"  "0.425"  "0.425"  "0.425"  "0.425"  "0.425"  "0.425"  "0.425" 
[33] "0.425"  "0.425"  "0.425"  "0.425"  "0.425"  "0.425"  "0.425"  "0.425" 
[41] "0.425"  "beta :" "1"     
[1] "New Likelihood:  -10240438.7446932"
iter:  0  f-value:  31481.56  pgrad:  0.5 
iter:  10  f-value:  31481.25  pgrad:  0.8482542 
iter:  20  f-value:  31481.02  pgrad:  0.8392971 
iter:  30  f-value:  31480.99  pgrad:  0.6216942 
  Unsuccessful convergence.
Time difference of 41.3377 mins
[1] "maxIt: 20"
[1] "It: 2"
 [1] "sigma:"            "0.976215112624921" "0.976215112624921"
 [4] "0.976215112624921" "0.976215112624921" "0.976215112624921"
 [7] "0.976215112624921" "0.976215112624921" "0.976215112624921"
[10] "0.976215112624921" "0.976215112624921" "0.976215112624921"
[13] "0.976215112624921" "0.976215112624921" "0.976215112624921"
[16] "0.976215112624921" "0.976215112624921" "0.976215112624921"
[19] "0.976215112624921" "0.417110025176415" "0.417110025176415"
[22] "0.417110025176415" "0.417110025176415" "0.417110025176415"
[25] "0.417110025176415" "0.417110025176415" "0.417110025176415"
[28] "0.417110025176415" "0.417110025176415" "0.417110025176415"
[31] "0.417110025176415" "0.417110025176415" "0.417110025176415"
[34] "0.417110025176415" "0.417110025176415" "0.417110025176415"
[37] "0.417110025176415" "0.417110025176415" "0.417110025176415"
[40] "0.417110025176415" "0.417110025176415" "beta :"           
[43] "1"                
[1] 10240321
[1] 10240268
[1] 10240933
 [1] "sigma:"            "0.976215112624921" "0.976215112624921"
 [4] "0.976215112624921" "0.976215112624921" "0.976215112624921"
 [7] "0.976215112624921" "0.976215112624921" "0.976215112624921"
[10] "0.976215112624921" "0.976215112624921" "0.976215112624921"
[13] "0.976215112624921" "0.976215112624921" "0.976215112624921"
[16] "0.976215112624921" "0.976215112624921" "0.976215112624921"
[19] "0.976215112624921" "0.417110025176415" "0.417110025176415"
[22] "0.417110025176415" "0.417110025176415" "0.417110025176415"
[25] "0.417110025176415" "0.417110025176415" "0.417110025176415"
[28] "0.417110025176415" "0.417110025176415" "0.417110025176415"
[31] "0.417110025176415" "0.417110025176415" "0.417110025176415"
[34] "0.417110025176415" "0.417110025176415" "0.417110025176415"
[37] "0.417110025176415" "0.417110025176415" "0.417110025176415"
[40] "0.417110025176415" "0.417110025176415" "beta :"           
[43] "1"                
[1] " old Likelihood:  -10240438.7446932"
[1] "New Likelihood:  -10240268.1919946"
iter:  0  f-value:  31536.68  pgrad:  0.8342201 
iter:  10  f-value:  31536.57  pgrad:  0.8318317 
iter:  20  f-value:  31536.48  pgrad:  0.8258907 
iter:  30  f-value:  31536.48  pgrad:  0.5042948 
  Unsuccessful convergence.
Time difference of 9.872944 mins
[1] "maxIt: 20"
[1] "It: 3"
 [1] "sigma:"            "0.981682433569871" "0.981682433569871"
 [4] "0.981682433569871" "0.981682433569871" "0.981682433569871"
 [7] "0.981682433569871" "0.981682433569871" "0.981682433569871"
[10] "0.981682433569871" "0.981682433569871" "0.981682433569871"
[13] "0.981682433569871" "0.981682433569871" "0.981682433569871"
[16] "0.981682433569871" "0.981682433569871" "0.981682433569871"
[19] "0.981682433569871" "0.411244893534123" "0.411244893534123"
[22] "0.411244893534123" "0.411244893534123" "0.411244893534123"
[25] "0.411244893534123" "0.411244893534123" "0.411244893534123"
[28] "0.411244893534123" "0.411244893534123" "0.411244893534123"
[31] "0.411244893534123" "0.411244893534123" "0.411244893534123"
[34] "0.411244893534123" "0.411244893534123" "0.411244893534123"
[37] "0.411244893534123" "0.411244893534123" "0.411244893534123"
[40] "0.411244893534123" "0.411244893534123" "beta :"           
[43] "1"                
[1] 10240269
[1] 10240197
[1] 10240852
 [1] "sigma:"            "0.981682433569871" "0.981682433569871"
 [4] "0.981682433569871" "0.981682433569871" "0.981682433569871"
 [7] "0.981682433569871" "0.981682433569871" "0.981682433569871"
[10] "0.981682433569871" "0.981682433569871" "0.981682433569871"
[13] "0.981682433569871" "0.981682433569871" "0.981682433569871"
[16] "0.981682433569871" "0.981682433569871" "0.981682433569871"
[19] "0.981682433569871" "0.386244893534123" "0.386244893534123"
[22] "0.386244893534123" "0.386244893534123" "0.386244893534123"
[25] "0.386244893534123" "0.386244893534123" "0.386244893534123"
[28] "0.386244893534123" "0.386244893534123" "0.386244893534123"
[31] "0.386244893534123" "0.386244893534123" "0.386244893534123"
[34] "0.386244893534123" "0.386244893534123" "0.386244893534123"
[37] "0.386244893534123" "0.386244893534123" "0.386244893534123"
[40] "0.386244893534123" "0.386244893534123" "beta :"           
[43] "1"                
[1] " old Likelihood:  -10240268.1919946"
[1] "New Likelihood:  -10240197.1262457"
iter:  0  f-value:  32448.35  pgrad:  0.4988373 
iter:  10  f-value:  32448.21  pgrad:  0.7712487 
iter:  20  f-value:  32448.16  pgrad:  0.7659288 
iter:  30  f-value:  32448.16  pgrad:  0.4949393 
  Unsuccessful convergence.
Time difference of 10.51808 mins
[1] "maxIt: 20"
[1] "It: 4"
 [1] "sigma:"            "0.984562457343018" "0.984562457343018"
 [4] "0.984562457343018" "0.984562457343018" "0.984562457343018"
 [7] "0.984562457343018" "0.984562457343018" "0.984562457343018"
[10] "0.984562457343018" "0.984562457343018" "0.984562457343018"
[13] "0.984562457343018" "0.984562457343018" "0.984562457343018"
[16] "0.984562457343018" "0.984562457343018" "0.984562457343018"
[19] "0.984562457343018" "0.381084395930104" "0.381084395930104"
[22] "0.381084395930104" "0.381084395930104" "0.381084395930104"
[25] "0.381084395930104" "0.381084395930104" "0.381084395930104"
[28] "0.381084395930104" "0.381084395930104" "0.381084395930104"
[31] "0.381084395930104" "0.381084395930104" "0.381084395930104"
[34] "0.381084395930104" "0.381084395930104" "0.381084395930104"
[37] "0.381084395930104" "0.381084395930104" "0.381084395930104"
[40] "0.381084395930104" "0.381084395930104" "beta :"           
[43] "1"                
[1] 10240234
[1] 10240140
[1] 10240763
 [1] "sigma:"            "0.984562457343018" "0.984562457343018"
 [4] "0.984562457343018" "0.984562457343018" "0.984562457343018"
 [7] "0.984562457343018" "0.984562457343018" "0.984562457343018"
[10] "0.984562457343018" "0.984562457343018" "0.984562457343018"
[13] "0.984562457343018" "0.984562457343018" "0.984562457343018"
[16] "0.984562457343018" "0.984562457343018" "0.984562457343018"
[19] "0.984562457343018" "0.381084395930104" "0.381084395930104"
[22] "0.381084395930104" "0.381084395930104" "0.381084395930104"
[25] "0.381084395930104" "0.381084395930104" "0.381084395930104"
[28] "0.381084395930104" "0.381084395930104" "0.381084395930104"
[31] "0.381084395930104" "0.381084395930104" "0.381084395930104"
[34] "0.381084395930104" "0.381084395930104" "0.381084395930104"
[37] "0.381084395930104" "0.381084395930104" "0.381084395930104"
[40] "0.381084395930104" "0.381084395930104" "beta :"           
[43] "1"                
[1] " old Likelihood:  -10240197.1262457"
[1] "New Likelihood:  -10240139.9787998"
iter:  0  f-value:  32485.31  pgrad:  0.7313065 
iter:  10  f-value:  32485.26  pgrad:  0.7603095 
iter:  20  f-value:  32485.25  pgrad:  0.7583775 
iter:  30  f-value:  32485.25  pgrad:  0.7565208 
  Unsuccessful convergence.
Time difference of 9.927991 mins
[1] "maxIt: 20"
[1] "It: 5"
 [1] "sigma:"            "0.985622564108036" "0.985622564108036"
 [4] "0.985622564108036" "0.985622564108036" "0.985622564108036"
 [7] "0.985622564108036" "0.985622564108036" "0.985622564108036"
[10] "0.985622564108036" "0.985622564108036" "0.985622564108036"
[13] "0.985622564108036" "0.985622564108036" "0.985622564108036"
[16] "0.985622564108036" "0.985622564108036" "0.985622564108036"
[19] "0.985622564108036" "0.37822418"        "0.37822418"       
[22] "0.37822418"        "0.37822418"        "0.37822418"       
[25] "0.37822418"        "0.37822418"        "0.37822418"       
[28] "0.37822418"        "0.37822418"        "0.37822418"       
[31] "0.37822418"        "0.37822418"        "0.37822418"       
[34] "0.37822418"        "0.37822418"        "0.37822418"       
[37] "0.37822418"        "0.37822418"        "0.37822418"       
[40] "0.37822418"        "0.37822418"        "beta :"           
[43] "1"                
[1] 10240221
[1] 10240119
[1] 10240728
 [1] "sigma:"            "0.985622564108036" "0.985622564108036"
 [4] "0.985622564108036" "0.985622564108036" "0.985622564108036"
 [7] "0.985622564108036" "0.985622564108036" "0.985622564108036"
[10] "0.985622564108036" "0.985622564108036" "0.985622564108036"
[13] "0.985622564108036" "0.985622564108036" "0.985622564108036"
[16] "0.985622564108036" "0.985622564108036" "0.985622564108036"
[19] "0.985622564108036" "0.37822418"        "0.37822418"       
[22] "0.37822418"        "0.37822418"        "0.37822418"       
[25] "0.37822418"        "0.37822418"        "0.37822418"       
[28] "0.37822418"        "0.37822418"        "0.37822418"       
[31] "0.37822418"        "0.37822418"        "0.37822418"       
[34] "0.37822418"        "0.37822418"        "0.37822418"       
[37] "0.37822418"        "0.37822418"        "0.37822418"       
[40] "0.37822418"        "0.37822418"        "beta :"           
[43] "1"                
[1] " old Likelihood:  -10240139.9787998"
[1] "New Likelihood:  -10240118.724988"
iter:  0  f-value:  32518.28  pgrad:  0.7564484 
iter:  10  f-value:  32518.25  pgrad:  0.7554465 
iter:  20  f-value:  32518.24  pgrad:  0.7522989 
iter:  30  f-value:  32518.24  pgrad:  0.7518213 
  Unsuccessful convergence.
Time difference of 9.923071 mins
[1] "maxIt: 20"
[1] "It: 6"
 [1] "sigma:"            "0.986055421073097" "0.986055421073097"
 [4] "0.986055421073097" "0.986055421073097" "0.986055421073097"
 [7] "0.986055421073097" "0.986055421073097" "0.986055421073097"
[10] "0.986055421073097" "0.986055421073097" "0.986055421073097"
[13] "0.986055421073097" "0.986055421073097" "0.986055421073097"
[16] "0.986055421073097" "0.986055421073097" "0.986055421073097"
[19] "0.986055421073097" "0.375801687532591" "0.375801687532591"
[22] "0.375801687532591" "0.375801687532591" "0.375801687532591"
[25] "0.375801687532591" "0.375801687532591" "0.375801687532591"
[28] "0.375801687532591" "0.375801687532591" "0.375801687532591"
[31] "0.375801687532591" "0.375801687532591" "0.375801687532591"
[34] "0.375801687532591" "0.375801687532591" "0.375801687532591"
[37] "0.375801687532591" "0.375801687532591" "0.375801687532591"
[40] "0.375801687532591" "0.375801687532591" "beta :"           
[43] "1"                
[1] 10240210
[1] 10240105
[1] 10240705
 [1] "sigma:"            "0.986055421073097" "0.986055421073097"
 [4] "0.986055421073097" "0.986055421073097" "0.986055421073097"
 [7] "0.986055421073097" "0.986055421073097" "0.986055421073097"
[10] "0.986055421073097" "0.986055421073097" "0.986055421073097"
[13] "0.986055421073097" "0.986055421073097" "0.986055421073097"
[16] "0.986055421073097" "0.986055421073097" "0.986055421073097"
[19] "0.986055421073097" "0.375801687532591" "0.375801687532591"
[22] "0.375801687532591" "0.375801687532591" "0.375801687532591"
[25] "0.375801687532591" "0.375801687532591" "0.375801687532591"
[28] "0.375801687532591" "0.375801687532591" "0.375801687532591"
[31] "0.375801687532591" "0.375801687532591" "0.375801687532591"
[34] "0.375801687532591" "0.375801687532591" "0.375801687532591"
[37] "0.375801687532591" "0.375801687532591" "0.375801687532591"
[40] "0.375801687532591" "0.375801687532591" "beta :"           
[43] "1"                
[1] " old Likelihood:  -10240118.724988"
[1] "New Likelihood:  -10240104.7988813"
iter:  0  f-value:  32561.47  pgrad:  0.7516034 
iter:  10  f-value:  32561.45  pgrad:  0.7507021 
iter:  20  f-value:  32561.44  pgrad:  0.7475949 
iter:  30  f-value:  32561.44  pgrad:  0.4942032 
  Unsuccessful convergence.
Time difference of 9.906997 mins
[1] "maxIt: 20"
[1] "It: 7"
 [1] "sigma:"            "0.986238238201821" "0.986238238201821"
 [4] "0.986238238201821" "0.986238238201821" "0.986238238201821"
 [7] "0.986238238201821" "0.986238238201821" "0.986238238201821"
[10] "0.986238238201821" "0.986238238201821" "0.986238238201821"
[13] "0.986238238201821" "0.986238238201821" "0.986238238201821"
[16] "0.986238238201821" "0.986238238201821" "0.986238238201821"
[19] "0.986238238201821" "0.373205714242824" "0.373205714242824"
[22] "0.373205714242824" "0.373205714242824" "0.373205714242824"
[25] "0.373205714242824" "0.373205714242824" "0.373205714242824"
[28] "0.373205714242824" "0.373205714242824" "0.373205714242824"
[31] "0.373205714242824" "0.373205714242824" "0.373205714242824"
[34] "0.373205714242824" "0.373205714242824" "0.373205714242824"
[37] "0.373205714242824" "0.373205714242824" "0.373205714242824"
[40] "0.373205714242824" "0.373205714242824" "beta :"           
[43] "1"                
[1] 10240201
[1] 10240093
[1] 10240685
 [1] "sigma:"            "0.986238238201821" "0.986238238201821"
 [4] "0.986238238201821" "0.986238238201821" "0.986238238201821"
 [7] "0.986238238201821" "0.986238238201821" "0.986238238201821"
[10] "0.986238238201821" "0.986238238201821" "0.986238238201821"
[13] "0.986238238201821" "0.986238238201821" "0.986238238201821"
[16] "0.986238238201821" "0.986238238201821" "0.986238238201821"
[19] "0.986238238201821" "0.373205714242824" "0.373205714242824"
[22] "0.373205714242824" "0.373205714242824" "0.373205714242824"
[25] "0.373205714242824" "0.373205714242824" "0.373205714242824"
[28] "0.373205714242824" "0.373205714242824" "0.373205714242824"
[31] "0.373205714242824" "0.373205714242824" "0.373205714242824"
[34] "0.373205714242824" "0.373205714242824" "0.373205714242824"
[37] "0.373205714242824" "0.373205714242824" "0.373205714242824"
[40] "0.373205714242824" "0.373205714242824" "beta :"           
[43] "1"                
[1] " old Likelihood:  -10240104.7988813"
[1] "New Likelihood:  -10240092.9336032"
iter:  0  f-value:  32618.09  pgrad:  0.7464114 
iter:  10  f-value:  32618.07  pgrad:  0.745596 
iter:  20  f-value:  32618.06  pgrad:  0.7427501 
iter:  30  f-value:  32618.06  pgrad:  0.4927278 
  Unsuccessful convergence.
Time difference of 9.88134 mins
[1] "maxIt: 20"
[1] "It: 8"
 [1] "sigma:"            "0.986284907517647" "0.986284907517647"
 [4] "0.986284907517647" "0.986284907517647" "0.986284907517647"
 [7] "0.986284907517647" "0.986284907517647" "0.986284907517647"
[10] "0.986284907517647" "0.986284907517647" "0.986284907517647"
[13] "0.986284907517647" "0.986284907517647" "0.986284907517647"
[16] "0.986284907517647" "0.986284907517647" "0.986284907517647"
[19] "0.986284907517647" "0.371077021961003" "0.371077021961003"
[22] "0.371077021961003" "0.371077021961003" "0.371077021961003"
[25] "0.371077021961003" "0.371077021961003" "0.371077021961003"
[28] "0.371077021961003" "0.371077021961003" "0.371077021961003"
[31] "0.371077021961003" "0.371077021961003" "0.371077021961003"
[34] "0.371077021961003" "0.371077021961003" "0.371077021961003"
[37] "0.371077021961003" "0.371077021961003" "0.371077021961003"
[40] "0.371077021961003" "0.371077021961003" "beta :"           
[43] "1"                
[1] 10240194
[1] 10240083
[1] 10240670
 [1] "sigma:"            "0.986284907517647" "0.986284907517647"
 [4] "0.986284907517647" "0.986284907517647" "0.986284907517647"
 [7] "0.986284907517647" "0.986284907517647" "0.986284907517647"
[10] "0.986284907517647" "0.986284907517647" "0.986284907517647"
[13] "0.986284907517647" "0.986284907517647" "0.986284907517647"
[16] "0.986284907517647" "0.986284907517647" "0.986284907517647"
[19] "0.986284907517647" "0.371077021961003" "0.371077021961003"
[22] "0.371077021961003" "0.371077021961003" "0.371077021961003"
[25] "0.371077021961003" "0.371077021961003" "0.371077021961003"
[28] "0.371077021961003" "0.371077021961003" "0.371077021961003"
[31] "0.371077021961003" "0.371077021961003" "0.371077021961003"
[34] "0.371077021961003" "0.371077021961003" "0.371077021961003"
[37] "0.371077021961003" "0.371077021961003" "0.371077021961003"
[40] "0.371077021961003" "0.371077021961003" "beta :"           
[43] "1"                
[1] " old Likelihood:  -10240092.9336032"
[1] "New Likelihood:  -10240083.3401163"
iter:  0  f-value:  32668.14  pgrad:  0.742154 
iter:  10  f-value:  32668.13  pgrad:  0.7413829 
iter:  20  f-value:  32668.12  pgrad:  0.739232 
iter:  30  f-value:  32668.12  pgrad:  0.4661342 
  Unsuccessful convergence.
Time difference of 9.854695 mins
[1] "maxIt: 20"
[1] "It: 9"
 [1] "sigma:"            "0.986320310816141" "0.986320310816141"
 [4] "0.986320310816141" "0.986320310816141" "0.986320310816141"
 [7] "0.986320310816141" "0.986320310816141" "0.986320310816141"
[10] "0.986320310816141" "0.986320310816141" "0.986320310816141"
[13] "0.986320310816141" "0.986320310816141" "0.986320310816141"
[16] "0.986320310816141" "0.986320310816141" "0.986320310816141"
[19] "0.986320310816141" "0.368824662569383" "0.368824662569383"
[22] "0.368824662569383" "0.368824662569383" "0.368824662569383"
[25] "0.368824662569383" "0.368824662569383" "0.368824662569383"
[28] "0.368824662569383" "0.368824662569383" "0.368824662569383"
[31] "0.368824662569383" "0.368824662569383" "0.368824662569383"
[34] "0.368824662569383" "0.368824662569383" "0.368824662569383"
[37] "0.368824662569383" "0.368824662569383" "0.368824662569383"
[40] "0.368824662569383" "0.368824662569383" "beta :"           
[43] "1"                
[1] 10240187
[1] 10240075
[1] 10240656
 [1] "sigma:"            "0.986320310816141" "0.986320310816141"
 [4] "0.986320310816141" "0.986320310816141" "0.986320310816141"
 [7] "0.986320310816141" "0.986320310816141" "0.986320310816141"
[10] "0.986320310816141" "0.986320310816141" "0.986320310816141"
[13] "0.986320310816141" "0.986320310816141" "0.986320310816141"
[16] "0.986320310816141" "0.986320310816141" "0.986320310816141"
[19] "0.986320310816141" "0.368824662569383" "0.368824662569383"
[22] "0.368824662569383" "0.368824662569383" "0.368824662569383"
[25] "0.368824662569383" "0.368824662569383" "0.368824662569383"
[28] "0.368824662569383" "0.368824662569383" "0.368824662569383"
[31] "0.368824662569383" "0.368824662569383" "0.368824662569383"
[34] "0.368824662569383" "0.368824662569383" "0.368824662569383"
[37] "0.368824662569383" "0.368824662569383" "0.368824662569383"
[40] "0.368824662569383" "0.368824662569383" "beta :"           
[43] "1"                
[1] " old Likelihood:  -10240083.3401163"
[1] "New Likelihood:  -10240074.5197405"
iter:  0  f-value:  32723.19  pgrad:  0.7376493 
iter:  10  f-value:  32723.18  pgrad:  0.7368971 
iter:  20  f-value:  32723.18  pgrad:  0.7350504 
iter:  30  f-value:  32723.17  pgrad:  0.5754191 
  Unsuccessful convergence.
Time difference of 9.879327 mins
[1] "maxIt: 20"
[1] "It: 10"
 [1] "sigma:"            "0.986343992383846" "0.986343992383846"
 [4] "0.986343992383846" "0.986343992383846" "0.986343992383846"
 [7] "0.986343992383846" "0.986343992383846" "0.986343992383846"
[10] "0.986343992383846" "0.986343992383846" "0.986343992383846"
[13] "0.986343992383846" "0.986343992383846" "0.986343992383846"
[16] "0.986343992383846" "0.986343992383846" "0.986343992383846"
[19] "0.986343992383846" "0.366706020007758" "0.366706020007758"
[22] "0.366706020007758" "0.366706020007758" "0.366706020007758"
[25] "0.366706020007758" "0.366706020007758" "0.366706020007758"
[28] "0.366706020007758" "0.366706020007758" "0.366706020007758"
[31] "0.366706020007758" "0.366706020007758" "0.366706020007758"
[34] "0.366706020007758" "0.366706020007758" "0.366706020007758"
[37] "0.366706020007758" "0.366706020007758" "0.366706020007758"
[40] "0.366706020007758" "0.366706020007758" "beta :"           
[43] "1"                
[1] 10240181
[1] 10240067
[1] 10240645
 [1] "sigma:"            "0.986343992383846" "0.986343992383846"
 [4] "0.986343992383846" "0.986343992383846" "0.986343992383846"
 [7] "0.986343992383846" "0.986343992383846" "0.986343992383846"
[10] "0.986343992383846" "0.986343992383846" "0.986343992383846"
[13] "0.986343992383846" "0.986343992383846" "0.986343992383846"
[16] "0.986343992383846" "0.986343992383846" "0.986343992383846"
[19] "0.986343992383846" "0.366706020007758" "0.366706020007758"
[22] "0.366706020007758" "0.366706020007758" "0.366706020007758"
[25] "0.366706020007758" "0.366706020007758" "0.366706020007758"
[28] "0.366706020007758" "0.366706020007758" "0.366706020007758"
[31] "0.366706020007758" "0.366706020007758" "0.366706020007758"
[34] "0.366706020007758" "0.366706020007758" "0.366706020007758"
[37] "0.366706020007758" "0.366706020007758" "0.366706020007758"
[40] "0.366706020007758" "0.366706020007758" "beta :"           
[43] "1"                
[1] " old Likelihood:  -10240074.5197405"
[1] "New Likelihood:  -10240066.5879778"
iter:  0  f-value:  32775.64  pgrad:  0.733412 
iter:  10  f-value:  32775.63  pgrad:  0.7326836 
iter:  20  f-value:  32775.63  pgrad:  0.7309597 
iter:  30  f-value:  32775.62  pgrad:  0.5086445 
  Unsuccessful convergence.
Time difference of 9.89071 mins
[1] "maxIt: 20"
[1] "It: 11"
 [1] "sigma:"            "0.986348596389945" "0.986348596389945"
 [4] "0.986348596389945" "0.986348596389945" "0.986348596389945"
 [7] "0.986348596389945" "0.986348596389945" "0.986348596389945"
[10] "0.986348596389945" "0.986348596389945" "0.986348596389945"
[13] "0.986348596389945" "0.986348596389945" "0.986348596389945"
[16] "0.986348596389945" "0.986348596389945" "0.986348596389945"
[19] "0.986348596389945" "0.364799474668276" "0.364799474668276"
[22] "0.364799474668276" "0.364799474668276" "0.364799474668276"
[25] "0.364799474668276" "0.364799474668276" "0.364799474668276"
[28] "0.364799474668276" "0.364799474668276" "0.364799474668276"
[31] "0.364799474668276" "0.364799474668276" "0.364799474668276"
[34] "0.364799474668276" "0.364799474668276" "0.364799474668276"
[37] "0.364799474668276" "0.364799474668276" "0.364799474668276"
[40] "0.364799474668276" "0.364799474668276" "beta :"           
[43] "1"                
[1] 10240176
[1] 10240060
[1] 10240634
 [1] "sigma:"            "0.986348596389945" "0.986348596389945"
 [4] "0.986348596389945" "0.986348596389945" "0.986348596389945"
 [7] "0.986348596389945" "0.986348596389945" "0.986348596389945"
[10] "0.986348596389945" "0.986348596389945" "0.986348596389945"
[13] "0.986348596389945" "0.986348596389945" "0.986348596389945"
[16] "0.986348596389945" "0.986348596389945" "0.986348596389945"
[19] "0.986348596389945" "0.364799474668276" "0.364799474668276"
[22] "0.364799474668276" "0.364799474668276" "0.364799474668276"
[25] "0.364799474668276" "0.364799474668276" "0.364799474668276"
[28] "0.364799474668276" "0.364799474668276" "0.364799474668276"
[31] "0.364799474668276" "0.364799474668276" "0.364799474668276"
[34] "0.364799474668276" "0.364799474668276" "0.364799474668276"
[37] "0.364799474668276" "0.364799474668276" "0.364799474668276"
[40] "0.364799474668276" "0.364799474668276" "beta :"           
[43] "1"                
[1] " old Likelihood:  -10240066.5879778"
[1] "New Likelihood:  -10240059.725823"
iter:  0  f-value:  32823.75  pgrad:  0.7295989 
iter:  10  f-value:  32823.74  pgrad:  0.7288899 
iter:  20  f-value:  32823.74  pgrad:  0.727236 
iter:  30  f-value:  32823.74  pgrad:  0.2988236 
  Unsuccessful convergence.
Time difference of 9.894157 mins
[1] "maxIt: 20"
[1] "It: 12"
 [1] "sigma:"            "0.986356189154057" "0.986356189154057"
 [4] "0.986356189154057" "0.986356189154057" "0.986356189154057"
 [7] "0.986356189154057" "0.986356189154057" "0.986356189154057"
[10] "0.986356189154057" "0.986356189154057" "0.986356189154057"
[13] "0.986356189154057" "0.986356189154057" "0.986356189154057"
[16] "0.986356189154057" "0.986356189154057" "0.986356189154057"
[19] "0.986356189154057" "0.36297801034296"  "0.36297801034296" 
[22] "0.36297801034296"  "0.36297801034296"  "0.36297801034296" 
[25] "0.36297801034296"  "0.36297801034296"  "0.36297801034296" 
[28] "0.36297801034296"  "0.36297801034296"  "0.36297801034296" 
[31] "0.36297801034296"  "0.36297801034296"  "0.36297801034296" 
[34] "0.36297801034296"  "0.36297801034296"  "0.36297801034296" 
[37] "0.36297801034296"  "0.36297801034296"  "0.36297801034296" 
[40] "0.36297801034296"  "0.36297801034296"  "beta :"           
[43] "1"                
[1] 10240172
[1] 10240054
[1] 10240624
 [1] "sigma:"            "0.986356189154057" "0.986356189154057"
 [4] "0.986356189154057" "0.986356189154057" "0.986356189154057"
 [7] "0.986356189154057" "0.986356189154057" "0.986356189154057"
[10] "0.986356189154057" "0.986356189154057" "0.986356189154057"
[13] "0.986356189154057" "0.986356189154057" "0.986356189154057"
[16] "0.986356189154057" "0.986356189154057" "0.986356189154057"
[19] "0.986356189154057" "0.36297801034296"  "0.36297801034296" 
[22] "0.36297801034296"  "0.36297801034296"  "0.36297801034296" 
[25] "0.36297801034296"  "0.36297801034296"  "0.36297801034296" 
[28] "0.36297801034296"  "0.36297801034296"  "0.36297801034296" 
[31] "0.36297801034296"  "0.36297801034296"  "0.36297801034296" 
[34] "0.36297801034296"  "0.36297801034296"  "0.36297801034296" 
[37] "0.36297801034296"  "0.36297801034296"  "0.36297801034296" 
[40] "0.36297801034296"  "0.36297801034296"  "beta :"           
[43] "1"                
[1] " old Likelihood:  -10240059.725823"
[1] "New Likelihood:  -10240053.5433908"
iter:  0  f-value:  32870.32  pgrad:  0.725956 
iter:  10  f-value:  32870.31  pgrad:  0.7252658 
iter:  20  f-value:  32870.3  pgrad:  0.7237209 
iter:  30  f-value:  32870.3  pgrad:  0.2892921 
  Unsuccessful convergence.
Time difference of 9.864333 mins
[1] "maxIt: 20"
[1] "It: 13"
 [1] "sigma:"            "0.986363388822562" "0.986363388822562"
 [4] "0.986363388822562" "0.986363388822562" "0.986363388822562"
 [7] "0.986363388822562" "0.986363388822562" "0.986363388822562"
[10] "0.986363388822562" "0.986363388822562" "0.986363388822562"
[13] "0.986363388822562" "0.986363388822562" "0.986363388822562"
[16] "0.986363388822562" "0.986363388822562" "0.986363388822562"
[19] "0.986363388822562" "0.361261922872894" "0.361261922872894"
[22] "0.361261922872894" "0.361261922872894" "0.361261922872894"
[25] "0.361261922872894" "0.361261922872894" "0.361261922872894"
[28] "0.361261922872894" "0.361261922872894" "0.361261922872894"
[31] "0.361261922872894" "0.361261922872894" "0.361261922872894"
[34] "0.361261922872894" "0.361261922872894" "0.361261922872894"
[37] "0.361261922872894" "0.361261922872894" "0.361261922872894"
[40] "0.361261922872894" "0.361261922872894" "beta :"           
[43] "1"                
[1] 10240169
[1] 10240048
[1] 10240616
 [1] "sigma:"            "0.986363388822562" "0.986363388822562"
 [4] "0.986363388822562" "0.986363388822562" "0.986363388822562"
 [7] "0.986363388822562" "0.986363388822562" "0.986363388822562"
[10] "0.986363388822562" "0.986363388822562" "0.986363388822562"
[13] "0.986363388822562" "0.986363388822562" "0.986363388822562"
[16] "0.986363388822562" "0.986363388822562" "0.986363388822562"
[19] "0.986363388822562" "0.361261922872894" "0.361261922872894"
[22] "0.361261922872894" "0.361261922872894" "0.361261922872894"
[25] "0.361261922872894" "0.361261922872894" "0.361261922872894"
[28] "0.361261922872894" "0.361261922872894" "0.361261922872894"
[31] "0.361261922872894" "0.361261922872894" "0.361261922872894"
[34] "0.361261922872894" "0.361261922872894" "0.361261922872894"
[37] "0.361261922872894" "0.361261922872894" "0.361261922872894"
[40] "0.361261922872894" "0.361261922872894" "beta :"           
[43] "1"                
[1] " old Likelihood:  -10240053.5433908"
[1] "New Likelihood:  -10240047.9660516"
iter:  0  f-value:  32914.49  pgrad:  0.7225238 
iter:  10  f-value:  32914.48  pgrad:  0.7218511 
iter:  20  f-value:  32914.48  pgrad:  0.720387 
iter:  30  f-value:  32914.48  pgrad:  0.3196328 
  Unsuccessful convergence.
Time difference of 9.874373 mins
[1] "maxIt: 20"
[1] "It: 14"
 [1] "sigma:"            "0.986379539241099" "0.986379539241099"
 [4] "0.986379539241099" "0.986379539241099" "0.986379539241099"
 [7] "0.986379539241099" "0.986379539241099" "0.986379539241099"
[10] "0.986379539241099" "0.986379539241099" "0.986379539241099"
[13] "0.986379539241099" "0.986379539241099" "0.986379539241099"
[16] "0.986379539241099" "0.986379539241099" "0.986379539241099"
[19] "0.986379539241099" "0.359584146020686" "0.359584146020686"
[22] "0.359584146020686" "0.359584146020686" "0.359584146020686"
[25] "0.359584146020686" "0.359584146020686" "0.359584146020686"
[28] "0.359584146020686" "0.359584146020686" "0.359584146020686"
[31] "0.359584146020686" "0.359584146020686" "0.359584146020686"
[34] "0.359584146020686" "0.359584146020686" "0.359584146020686"
[37] "0.359584146020686" "0.359584146020686" "0.359584146020686"
[40] "0.359584146020686" "0.359584146020686" "beta :"           
[43] "1"                
[1] 10240166
[1] 10240043
[1] 10240608
 [1] "sigma:"            "0.986379539241099" "0.986379539241099"
 [4] "0.986379539241099" "0.986379539241099" "0.986379539241099"
 [7] "0.986379539241099" "0.986379539241099" "0.986379539241099"
[10] "0.986379539241099" "0.986379539241099" "0.986379539241099"
[13] "0.986379539241099" "0.986379539241099" "0.986379539241099"
[16] "0.986379539241099" "0.986379539241099" "0.986379539241099"
[19] "0.986379539241099" "0.359584146020686" "0.359584146020686"
[22] "0.359584146020686" "0.359584146020686" "0.359584146020686"
[25] "0.359584146020686" "0.359584146020686" "0.359584146020686"
[28] "0.359584146020686" "0.359584146020686" "0.359584146020686"
[31] "0.359584146020686" "0.359584146020686" "0.359584146020686"
[34] "0.359584146020686" "0.359584146020686" "0.359584146020686"
[37] "0.359584146020686" "0.359584146020686" "0.359584146020686"
[40] "0.359584146020686" "0.359584146020686" "beta :"           
[43] "1"                
[1] " old Likelihood:  -10240047.9660516"
[1] "New Likelihood:  -10240042.8289774"
iter:  0  f-value:  32957.64  pgrad:  0.7191683 
iter:  10  f-value:  32957.63  pgrad:  0.7185121 
iter:  20  f-value:  32957.63  pgrad:  0.7171915 
iter:  30  f-value:  32957.62  pgrad:  0.2904562 
  Unsuccessful convergence.
Time difference of 9.88567 mins
[1] "maxIt: 20"
[1] "It: 15"
 [1] "sigma:"            "0.986386474332379" "0.986386474332379"
 [4] "0.986386474332379" "0.986386474332379" "0.986386474332379"
 [7] "0.986386474332379" "0.986386474332379" "0.986386474332379"
[10] "0.986386474332379" "0.986386474332379" "0.986386474332379"
[13] "0.986386474332379" "0.986386474332379" "0.986386474332379"
[16] "0.986386474332379" "0.986386474332379" "0.986386474332379"
[19] "0.986386474332379" "0.35805108122167"  "0.35805108122167" 
[22] "0.35805108122167"  "0.35805108122167"  "0.35805108122167" 
[25] "0.35805108122167"  "0.35805108122167"  "0.35805108122167" 
[28] "0.35805108122167"  "0.35805108122167"  "0.35805108122167" 
[31] "0.35805108122167"  "0.35805108122167"  "0.35805108122167" 
[34] "0.35805108122167"  "0.35805108122167"  "0.35805108122167" 
[37] "0.35805108122167"  "0.35805108122167"  "0.35805108122167" 
[40] "0.35805108122167"  "0.35805108122167"  "beta :"           
[43] "1"                
[1] 10240163
[1] 10240038
[1] 10240601
 [1] "sigma:"            "0.986386474332379" "0.986386474332379"
 [4] "0.986386474332379" "0.986386474332379" "0.986386474332379"
 [7] "0.986386474332379" "0.986386474332379" "0.986386474332379"
[10] "0.986386474332379" "0.986386474332379" "0.986386474332379"
[13] "0.986386474332379" "0.986386474332379" "0.986386474332379"
[16] "0.986386474332379" "0.986386474332379" "0.986386474332379"
[19] "0.986386474332379" "0.35805108122167"  "0.35805108122167" 
[22] "0.35805108122167"  "0.35805108122167"  "0.35805108122167" 
[25] "0.35805108122167"  "0.35805108122167"  "0.35805108122167" 
[28] "0.35805108122167"  "0.35805108122167"  "0.35805108122167" 
[31] "0.35805108122167"  "0.35805108122167"  "0.35805108122167" 
[34] "0.35805108122167"  "0.35805108122167"  "0.35805108122167" 
[37] "0.35805108122167"  "0.35805108122167"  "0.35805108122167" 
[40] "0.35805108122167"  "0.35805108122167"  "beta :"           
[43] "1"                
[1] " old Likelihood:  -10240042.8289774"
[1] "New Likelihood:  -10240038.2264061"
iter:  0  f-value:  32997.34  pgrad:  0.7161022 
iter:  10  f-value:  32997.34  pgrad:  0.7154603 
iter:  20  f-value:  32997.33  pgrad:  0.7141666 
iter:  30  f-value:  32997.33  pgrad:  0.2609158 
  Unsuccessful convergence.
Time difference of 9.854647 mins
[1] "maxIt: 20"
[1] "It: 16"
 [1] "sigma:"            "0.986404369394909" "0.986404369394909"
 [4] "0.986404369394909" "0.986404369394909" "0.986404369394909"
 [7] "0.986404369394909" "0.986404369394909" "0.986404369394909"
[10] "0.986404369394909" "0.986404369394909" "0.986404369394909"
[13] "0.986404369394909" "0.986404369394909" "0.986404369394909"
[16] "0.986404369394909" "0.986404369394909" "0.986404369394909"
[19] "0.986404369394909" "0.356537941484493" "0.356537941484493"
[22] "0.356537941484493" "0.356537941484493" "0.356537941484493"
[25] "0.356537941484493" "0.356537941484493" "0.356537941484493"
[28] "0.356537941484493" "0.356537941484493" "0.356537941484493"
[31] "0.356537941484493" "0.356537941484493" "0.356537941484493"
[34] "0.356537941484493" "0.356537941484493" "0.356537941484493"
[37] "0.356537941484493" "0.356537941484493" "0.356537941484493"
[40] "0.356537941484493" "0.356537941484493" "beta :"           
[43] "1"                
[1] 10240160
[1] 10240034
[1] 10240595
 [1] "sigma:"            "0.986404369394909" "0.986404369394909"
 [4] "0.986404369394909" "0.986404369394909" "0.986404369394909"
 [7] "0.986404369394909" "0.986404369394909" "0.986404369394909"
[10] "0.986404369394909" "0.986404369394909" "0.986404369394909"
[13] "0.986404369394909" "0.986404369394909" "0.986404369394909"
[16] "0.986404369394909" "0.986404369394909" "0.986404369394909"
[19] "0.986404369394909" "0.356537941484493" "0.356537941484493"
[22] "0.356537941484493" "0.356537941484493" "0.356537941484493"
[25] "0.356537941484493" "0.356537941484493" "0.356537941484493"
[28] "0.356537941484493" "0.356537941484493" "0.356537941484493"
[31] "0.356537941484493" "0.356537941484493" "0.356537941484493"
[34] "0.356537941484493" "0.356537941484493" "0.356537941484493"
[37] "0.356537941484493" "0.356537941484493" "0.356537941484493"
[40] "0.356537941484493" "0.356537941484493" "beta :"           
[43] "1"                
[1] " old Likelihood:  -10240038.2264061"
[1] "New Likelihood:  -10240033.9754844"
iter:  0  f-value:  33036.29  pgrad:  0.7130759 
iter:  10  f-value:  33036.28  pgrad:  0.7124486 
iter:  20  f-value:  33036.28  pgrad:  0.7111785 
iter:  30  f-value:  33036.28  pgrad:  0.423388 
  Unsuccessful convergence.
Time difference of 9.896154 mins
[1] "maxIt: 20"
[1] "It: 17"
 [1] "sigma:"            "0.986422154897452" "0.986422154897452"
 [4] "0.986422154897452" "0.986422154897452" "0.986422154897452"
 [7] "0.986422154897452" "0.986422154897452" "0.986422154897452"
[10] "0.986422154897452" "0.986422154897452" "0.986422154897452"
[13] "0.986422154897452" "0.986422154897452" "0.986422154897452"
[16] "0.986422154897452" "0.986422154897452" "0.986422154897452"
[19] "0.986422154897452" "0.355089319648053" "0.355089319648053"
[22] "0.355089319648053" "0.355089319648053" "0.355089319648053"
[25] "0.355089319648053" "0.355089319648053" "0.355089319648053"
[28] "0.355089319648053" "0.355089319648053" "0.355089319648053"
[31] "0.355089319648053" "0.355089319648053" "0.355089319648053"
[34] "0.355089319648053" "0.355089319648053" "0.355089319648053"
[37] "0.355089319648053" "0.355089319648053" "0.355089319648053"
[40] "0.355089319648053" "0.355089319648053" "beta :"           
[43] "1"                
[1] 10240158
[1] 10240030
[1] 10240589
 [1] "sigma:"            "0.986422154897452" "0.986422154897452"
 [4] "0.986422154897452" "0.986422154897452" "0.986422154897452"
 [7] "0.986422154897452" "0.986422154897452" "0.986422154897452"
[10] "0.986422154897452" "0.986422154897452" "0.986422154897452"
[13] "0.986422154897452" "0.986422154897452" "0.986422154897452"
[16] "0.986422154897452" "0.986422154897452" "0.986422154897452"
[19] "0.986422154897452" "0.355089319648053" "0.355089319648053"
[22] "0.355089319648053" "0.355089319648053" "0.355089319648053"
[25] "0.355089319648053" "0.355089319648053" "0.355089319648053"
[28] "0.355089319648053" "0.355089319648053" "0.355089319648053"
[31] "0.355089319648053" "0.355089319648053" "0.355089319648053"
[34] "0.355089319648053" "0.355089319648053" "0.355089319648053"
[37] "0.355089319648053" "0.355089319648053" "0.355089319648053"
[40] "0.355089319648053" "0.355089319648053" "beta :"           
[43] "1"                
[1] " old Likelihood:  -10240033.9754844"
[1] "New Likelihood:  -10240030.0697124"
iter:  0  f-value:  33073.52  pgrad:  0.7101786 
iter:  10  f-value:  33073.51  pgrad:  0.7095645 
iter:  20  f-value:  33073.51  pgrad:  0.7082092 
iter:  30  f-value:  33073.51  pgrad:  0.4502363 
  Unsuccessful convergence.
Time difference of 9.857301 mins
[1] "maxIt: 20"
[1] "It: 18"
 [1] "sigma:"            "0.986441041368702" "0.986441041368702"
 [4] "0.986441041368702" "0.986441041368702" "0.986441041368702"
 [7] "0.986441041368702" "0.986441041368702" "0.986441041368702"
[10] "0.986441041368702" "0.986441041368702" "0.986441041368702"
[13] "0.986441041368702" "0.986441041368702" "0.986441041368702"
[16] "0.986441041368702" "0.986441041368702" "0.986441041368702"
[19] "0.986441041368702" "0.353705181623922" "0.353705181623922"
[22] "0.353705181623922" "0.353705181623922" "0.353705181623922"
[25] "0.353705181623922" "0.353705181623922" "0.353705181623922"
[28] "0.353705181623922" "0.353705181623922" "0.353705181623922"
[31] "0.353705181623922" "0.353705181623922" "0.353705181623922"
[34] "0.353705181623922" "0.353705181623922" "0.353705181623922"
[37] "0.353705181623922" "0.353705181623922" "0.353705181623922"
[40] "0.353705181623922" "0.353705181623922" "beta :"           
[43] "1"                
[1] 10240156
[1] 10240027
[1] 10240583
 [1] "sigma:"            "0.986441041368702" "0.986441041368702"
 [4] "0.986441041368702" "0.986441041368702" "0.986441041368702"
 [7] "0.986441041368702" "0.986441041368702" "0.986441041368702"
[10] "0.986441041368702" "0.986441041368702" "0.986441041368702"
[13] "0.986441041368702" "0.986441041368702" "0.986441041368702"
[16] "0.986441041368702" "0.986441041368702" "0.986441041368702"
[19] "0.986441041368702" "0.353705181623922" "0.353705181623922"
[22] "0.353705181623922" "0.353705181623922" "0.353705181623922"
[25] "0.353705181623922" "0.353705181623922" "0.353705181623922"
[28] "0.353705181623922" "0.353705181623922" "0.353705181623922"
[31] "0.353705181623922" "0.353705181623922" "0.353705181623922"
[34] "0.353705181623922" "0.353705181623922" "0.353705181623922"
[37] "0.353705181623922" "0.353705181623922" "0.353705181623922"
[40] "0.353705181623922" "0.353705181623922" "beta :"           
[43] "1"                
[1] " old Likelihood:  -10240030.0697124"
[1] "New Likelihood:  -10240026.5254167"
iter:  0  f-value:  33108.52  pgrad:  0.7074104 
iter:  10  f-value:  33108.52  pgrad:  0.7069018 
iter:  20  f-value:  33108.52  pgrad:  0.4987847 
iter:  30  f-value:  33108.52  pgrad:  0.6931805 
  Unsuccessful convergence.
Time difference of 9.914419 mins
[1] "maxIt: 20"
[1] "It: 19"
 [1] "sigma:"            "0.986424863013056" "0.986424863013056"
 [4] "0.986424863013056" "0.986424863013056" "0.986424863013056"
 [7] "0.986424863013056" "0.986424863013056" "0.986424863013056"
[10] "0.986424863013056" "0.986424863013056" "0.986424863013056"
[13] "0.986424863013056" "0.986424863013056" "0.986424863013056"
[16] "0.986424863013056" "0.986424863013056" "0.986424863013056"
[19] "0.986424863013056" "0.352656834109549" "0.352656834109549"
[22] "0.352656834109549" "0.352656834109549" "0.352656834109549"
[25] "0.352656834109549" "0.352656834109549" "0.352656834109549"
[28] "0.352656834109549" "0.352656834109549" "0.352656834109549"
[31] "0.352656834109549" "0.352656834109549" "0.352656834109549"
[34] "0.352656834109549" "0.352656834109549" "0.352656834109549"
[37] "0.352656834109549" "0.352656834109549" "0.352656834109549"
[40] "0.352656834109549" "0.352656834109549" "beta :"           
[43] "1"                
[1] 10240154
[1] 10240023
[1] 10240580
 [1] "sigma:"            "0.986424863013056" "0.986424863013056"
 [4] "0.986424863013056" "0.986424863013056" "0.986424863013056"
 [7] "0.986424863013056" "0.986424863013056" "0.986424863013056"
[10] "0.986424863013056" "0.986424863013056" "0.986424863013056"
[13] "0.986424863013056" "0.986424863013056" "0.986424863013056"
[16] "0.986424863013056" "0.986424863013056" "0.986424863013056"
[19] "0.986424863013056" "0.352656834109549" "0.352656834109549"
[22] "0.352656834109549" "0.352656834109549" "0.352656834109549"
[25] "0.352656834109549" "0.352656834109549" "0.352656834109549"
[28] "0.352656834109549" "0.352656834109549" "0.352656834109549"
[31] "0.352656834109549" "0.352656834109549" "0.352656834109549"
[34] "0.352656834109549" "0.352656834109549" "0.352656834109549"
[37] "0.352656834109549" "0.352656834109549" "0.352656834109549"
[40] "0.352656834109549" "0.352656834109549" "beta :"           
[43] "1"                
[1] " old Likelihood:  -10240026.5254167"
[1] "New Likelihood:  -10240023.3977878"
iter:  0  f-value:  33136.45  pgrad:  0.7053137 
iter:  10  f-value:  33136.45  pgrad:  0.7047156 
iter:  20  f-value:  33136.44  pgrad:  0.6004848 
iter:  30  f-value:  33136.44  pgrad:  0.4316826 
  Unsuccessful convergence.
Time difference of 9.871353 mins
[1] "maxIt: 20"
[1] "It: 20"
 [1] "sigma:"            "0.986453521836678" "0.986453521836678"
 [4] "0.986453521836678" "0.986453521836678" "0.986453521836678"
 [7] "0.986453521836678" "0.986453521836678" "0.986453521836678"
[10] "0.986453521836678" "0.986453521836678" "0.986453521836678"
[13] "0.986453521836678" "0.986453521836678" "0.986453521836678"
[16] "0.986453521836678" "0.986453521836678" "0.986453521836678"
[19] "0.986453521836678" "0.35140252631684"  "0.35140252631684" 
[22] "0.35140252631684"  "0.35140252631684"  "0.35140252631684" 
[25] "0.35140252631684"  "0.35140252631684"  "0.35140252631684" 
[28] "0.35140252631684"  "0.35140252631684"  "0.35140252631684" 
[31] "0.35140252631684"  "0.35140252631684"  "0.35140252631684" 
[34] "0.35140252631684"  "0.35140252631684"  "0.35140252631684" 
[37] "0.35140252631684"  "0.35140252631684"  "0.35140252631684" 
[40] "0.35140252631684"  "0.35140252631684"  "beta :"           
[43] "1"                
[1] 10240153
[1] 10240020
[1] 10240575
 [1] "sigma:"            "0.986453521836678" "0.986453521836678"
 [4] "0.986453521836678" "0.986453521836678" "0.986453521836678"
 [7] "0.986453521836678" "0.986453521836678" "0.986453521836678"
[10] "0.986453521836678" "0.986453521836678" "0.986453521836678"
[13] "0.986453521836678" "0.986453521836678" "0.986453521836678"
[16] "0.986453521836678" "0.986453521836678" "0.986453521836678"
[19] "0.986453521836678" "0.35140252631684"  "0.35140252631684" 
[22] "0.35140252631684"  "0.35140252631684"  "0.35140252631684" 
[25] "0.35140252631684"  "0.35140252631684"  "0.35140252631684" 
[28] "0.35140252631684"  "0.35140252631684"  "0.35140252631684" 
[31] "0.35140252631684"  "0.35140252631684"  "0.35140252631684" 
[34] "0.35140252631684"  "0.35140252631684"  "0.35140252631684" 
[37] "0.35140252631684"  "0.35140252631684"  "0.35140252631684" 
[40] "0.35140252631684"  "0.35140252631684"  "beta :"           
[43] "1"                
[1] " old Likelihood:  -10240023.3977878"
[1] "New Likelihood:  -10240020.3425634"
iter:  0  f-value:  33168.36  pgrad:  0.7028051 
iter:  10  f-value:  33168.36  pgrad:  0.7022127 
iter:  20  f-value:  33168.35  pgrad:  0.6666232 
iter:  30  f-value:  33168.35  pgrad:  0.2261368 
  Unsuccessful convergence.
Time difference of 9.876543 mins
 [1] "sigma:"            "0.986517684517604" "0.986517684517604"
 [4] "0.986517684517604" "0.986517684517604" "0.986517684517604"
 [7] "0.986517684517604" "0.986517684517604" "0.986517684517604"
[10] "0.986517684517604" "0.986517684517604" "0.986517684517604"
[13] "0.986517684517604" "0.986517684517604" "0.986517684517604"
[16] "0.986517684517604" "0.986517684517604" "0.986517684517604"
[19] "0.986517684517604" "0.34993782207205"  "0.34993782207205" 
[22] "0.34993782207205"  "0.34993782207205"  "0.34993782207205" 
[25] "0.34993782207205"  "0.34993782207205"  "0.34993782207205" 
[28] "0.34993782207205"  "0.34993782207205"  "0.34993782207205" 
[31] "0.34993782207205"  "0.34993782207205"  "0.34993782207205" 
[34] "0.34993782207205"  "0.34993782207205"  "0.34993782207205" 
[37] "0.34993782207205"  "0.34993782207205"  "0.34993782207205" 
[40] "0.34993782207205"  "0.34993782207205"  "beta :"           
[43] "1"                
[1] 1999340 1999424 1999938 1999912 1999064
[1] 1 1 1 1 1
saved RDS
inference successful
