[1] "Original length"
[1] 999828
[1] "Final length"
[1] 19359
[1] "sequence length : 999829" "sequence length : 999981"
[3] "sequence length : 999855" "sequence length : 999511"
[5] "sequence length : 999525"
[1] 1 1 1 1 1
[1] "Beta: 1"
[1] "Self: 0.5"
 [1] 0 0 0 0 0 0 0 0 0 0 0 0 0 0 0 0 0 0 0 0
[1] "maxIt: 20"
[1] "It: 1"
 [1] "sigma:" "0.5"    "0.5"    "0.5"    "0.5"    "0.5"    "0.5"    "0.5"   
 [9] "0.5"    "0.5"    "0.5"    "0.5"    "0.5"    "0.5"    "0.5"    "0.5"   
[17] "0.5"    "0.5"    "0.5"    "0"      "0"      "0"      "0"      "0"     
[25] "0"      "0"      "0"      "0"      "0"      "0"      "0"      "0"     
[33] "0"      "0"      "0"      "0"      "0"      "0"      "0"      "0"     
[41] "0"      "beta :" "1"     
[1] 9736622
[1] 9736243
[1] 9736054
[1] 9735780
[1] 9735388
[1] 9734841
[1] 9734126
[1] 9733293
[1] 9732526
[1] 9732190
[1] 9732646
[1] 9734300
[1] 9737960
[1] 9744673
[1] 9755016
[1] 9767385
[1] 9777450
[1] 9782907
[1] 9785158
[1] 9785788
[1] 9785912
 [1] "sigma:" "0.9655" "0.9655" "0.9655" "0.9655" "0.9655" "0.9655" "0.9655"
 [9] "0.9655" "0.9655" "0.9655" "0.9655" "0.9655" "0.9655" "0.9655" "0.9655"
[17] "0.9655" "0.9655" "0.9655" "0.35"   "0.35"   "0.35"   "0.35"   "0.35"  
[25] "0.35"   "0.35"   "0.35"   "0.35"   "0.35"   "0.35"   "0.35"   "0.35"  
[33] "0.35"   "0.35"   "0.35"   "0.35"   "0.35"   "0.35"   "0.35"   "0.35"  
[41] "0.35"   "beta :" "1"     
[1] "New Likelihood:  -9732189.74212237"
iter:  0  f-value:  31838.64  pgrad:  0.5 
iter:  10  f-value:  31838.26  pgrad:  0.6982456 
iter:  20  f-value:  31837.86  pgrad:  0.6871809 
iter:  30  f-value:  31837.84  pgrad:  0.6846752 
  Unsuccessful convergence.
Time difference of 38.15601 mins
[1] "maxIt: 20"
[1] "It: 2"
 [1] "sigma:"            "0.980309306844027" "0.980309306844027"
 [4] "0.980309306844027" "0.980309306844027" "0.980309306844027"
 [7] "0.980309306844027" "0.980309306844027" "0.980309306844027"
[10] "0.980309306844027" "0.980309306844027" "0.980309306844027"
[13] "0.980309306844027" "0.980309306844027" "0.980309306844027"
[16] "0.980309306844027" "0.980309306844027" "0.980309306844027"
[19] "0.980309306844027" "0.342080641650053" "0.342080641650053"
[22] "0.342080641650053" "0.342080641650053" "0.342080641650053"
[25] "0.342080641650053" "0.342080641650053" "0.342080641650053"
[28] "0.342080641650053" "0.342080641650053" "0.342080641650053"
[31] "0.342080641650053" "0.342080641650053" "0.342080641650053"
[34] "0.342080641650053" "0.342080641650053" "0.342080641650053"
[37] "0.342080641650053" "0.342080641650053" "0.342080641650053"
[40] "0.342080641650053" "0.342080641650053" "beta :"           
[43] "1"                
[1] 9732344
[1] 9731973
[1] 9732432
 [1] "sigma:"            "0.980309306844027" "0.980309306844027"
 [4] "0.980309306844027" "0.980309306844027" "0.980309306844027"
 [7] "0.980309306844027" "0.980309306844027" "0.980309306844027"
[10] "0.980309306844027" "0.980309306844027" "0.980309306844027"
[13] "0.980309306844027" "0.980309306844027" "0.980309306844027"
[16] "0.980309306844027" "0.980309306844027" "0.980309306844027"
[19] "0.980309306844027" "0.342080641650053" "0.342080641650053"
[22] "0.342080641650053" "0.342080641650053" "0.342080641650053"
[25] "0.342080641650053" "0.342080641650053" "0.342080641650053"
[28] "0.342080641650053" "0.342080641650053" "0.342080641650053"
[31] "0.342080641650053" "0.342080641650053" "0.342080641650053"
[34] "0.342080641650053" "0.342080641650053" "0.342080641650053"
[37] "0.342080641650053" "0.342080641650053" "0.342080641650053"
[40] "0.342080641650053" "0.342080641650053" "beta :"           
[43] "1"                
[1] " old Likelihood:  -9732189.74212237"
[1] "New Likelihood:  -9731972.91759474"
iter:  0  f-value:  31841.89  pgrad:  0.6841613 
iter:  10  f-value:  31841.73  pgrad:  0.6809903 
iter:  20  f-value:  31841.67  pgrad:  0.6774866 
iter:  30  f-value:  31841.67  pgrad:  0.6763439 
  Unsuccessful convergence.
Time difference of 9.720236 mins
[1] "maxIt: 20"
[1] "It: 3"
 [1] "sigma:"            "0.986502226520845" "0.986502226520845"
 [4] "0.986502226520845" "0.986502226520845" "0.986502226520845"
 [7] "0.986502226520845" "0.986502226520845" "0.986502226520845"
[10] "0.986502226520845" "0.986502226520845" "0.986502226520845"
[13] "0.986502226520845" "0.986502226520845" "0.986502226520845"
[16] "0.986502226520845" "0.986502226520845" "0.986502226520845"
[19] "0.986502226520845" "0.336174024417424" "0.336174024417424"
[22] "0.336174024417424" "0.336174024417424" "0.336174024417424"
[25] "0.336174024417424" "0.336174024417424" "0.336174024417424"
[28] "0.336174024417424" "0.336174024417424" "0.336174024417424"
[31] "0.336174024417424" "0.336174024417424" "0.336174024417424"
[34] "0.336174024417424" "0.336174024417424" "0.336174024417424"
[37] "0.336174024417424" "0.336174024417424" "0.336174024417424"
[40] "0.336174024417424" "0.336174024417424" "beta :"           
[43] "1"                
[1] 9732291
[1] 9731907
[1] 9732372
 [1] "sigma:"            "0.986502226520845" "0.986502226520845"
 [4] "0.986502226520845" "0.986502226520845" "0.986502226520845"
 [7] "0.986502226520845" "0.986502226520845" "0.986502226520845"
[10] "0.986502226520845" "0.986502226520845" "0.986502226520845"
[13] "0.986502226520845" "0.986502226520845" "0.986502226520845"
[16] "0.986502226520845" "0.986502226520845" "0.986502226520845"
[19] "0.986502226520845" "0.311174024417424" "0.311174024417424"
[22] "0.311174024417424" "0.311174024417424" "0.311174024417424"
[25] "0.311174024417424" "0.311174024417424" "0.311174024417424"
[28] "0.311174024417424" "0.311174024417424" "0.311174024417424"
[31] "0.311174024417424" "0.311174024417424" "0.311174024417424"
[34] "0.311174024417424" "0.311174024417424" "0.311174024417424"
[37] "0.311174024417424" "0.311174024417424" "0.311174024417424"
[40] "0.311174024417424" "0.311174024417424" "beta :"           
[43] "1"                
[1] " old Likelihood:  -9731972.91759474"
[1] "New Likelihood:  -9731907.46619574"
iter:  0  f-value:  32619.97  pgrad:  0.4989692 
iter:  10  f-value:  32619.85  pgrad:  0.6216769 
iter:  20  f-value:  32619.81  pgrad:  0.6158129 
iter:  30  f-value:  32619.81  pgrad:  0.6140485 
  Unsuccessful convergence.
Time difference of 10.29475 mins
[1] "maxIt: 20"
[1] "It: 4"
 [1] "sigma:"            "0.988477294609892" "0.988477294609892"
 [4] "0.988477294609892" "0.988477294609892" "0.988477294609892"
 [7] "0.988477294609892" "0.988477294609892" "0.988477294609892"
[10] "0.988477294609892" "0.988477294609892" "0.988477294609892"
[13] "0.988477294609892" "0.988477294609892" "0.988477294609892"
[16] "0.988477294609892" "0.988477294609892" "0.988477294609892"
[19] "0.988477294609892" "0.306910778606055" "0.306910778606055"
[22] "0.306910778606055" "0.306910778606055" "0.306910778606055"
[25] "0.306910778606055" "0.306910778606055" "0.306910778606055"
[28] "0.306910778606055" "0.306910778606055" "0.306910778606055"
[31] "0.306910778606055" "0.306910778606055" "0.306910778606055"
[34] "0.306910778606055" "0.306910778606055" "0.306910778606055"
[37] "0.306910778606055" "0.306910778606055" "0.306910778606055"
[40] "0.306910778606055" "0.306910778606055" "beta :"           
[43] "1"                
[1] 9732265
[1] 9731864
[1] 9732299
 [1] "sigma:"            "0.988477294609892" "0.988477294609892"
 [4] "0.988477294609892" "0.988477294609892" "0.988477294609892"
 [7] "0.988477294609892" "0.988477294609892" "0.988477294609892"
[10] "0.988477294609892" "0.988477294609892" "0.988477294609892"
[13] "0.988477294609892" "0.988477294609892" "0.988477294609892"
[16] "0.988477294609892" "0.988477294609892" "0.988477294609892"
[19] "0.988477294609892" "0.306910778606055" "0.306910778606055"
[22] "0.306910778606055" "0.306910778606055" "0.306910778606055"
[25] "0.306910778606055" "0.306910778606055" "0.306910778606055"
[28] "0.306910778606055" "0.306910778606055" "0.306910778606055"
[31] "0.306910778606055" "0.306910778606055" "0.306910778606055"
[34] "0.306910778606055" "0.306910778606055" "0.306910778606055"
[37] "0.306910778606055" "0.306910778606055" "0.306910778606055"
[40] "0.306910778606055" "0.306910778606055" "beta :"           
[43] "1"                
[1] " old Likelihood:  -9731907.46619574"
[1] "New Likelihood:  -9731863.65722329"
iter:  0  f-value:  32619.11  pgrad:  0.501991 
iter:  10  f-value:  32619.07  pgrad:  0.6128478 
iter:  20  f-value:  32619.06  pgrad:  0.6089894 
iter:  30  f-value:  32619.05  pgrad:  0.6063619 
  Unsuccessful convergence.
Time difference of 9.693459 mins
[1] "maxIt: 20"
[1] "It: 5"
 [1] "sigma:"            "0.989096082056795" "0.989096082056795"
 [4] "0.989096082056795" "0.989096082056795" "0.989096082056795"
 [7] "0.989096082056795" "0.989096082056795" "0.989096082056795"
[10] "0.989096082056795" "0.989096082056795" "0.989096082056795"
[13] "0.989096082056795" "0.989096082056795" "0.989096082056795"
[16] "0.989096082056795" "0.989096082056795" "0.989096082056795"
[19] "0.989096082056795" "0.30312837979982"  "0.30312837979982" 
[22] "0.30312837979982"  "0.30312837979982"  "0.30312837979982" 
[25] "0.30312837979982"  "0.30312837979982"  "0.30312837979982" 
[28] "0.30312837979982"  "0.30312837979982"  "0.30312837979982" 
[31] "0.30312837979982"  "0.30312837979982"  "0.30312837979982" 
[34] "0.30312837979982"  "0.30312837979982"  "0.30312837979982" 
[37] "0.30312837979982"  "0.30312837979982"  "0.30312837979982" 
[40] "0.30312837979982"  "0.30312837979982"  "beta :"           
[43] "1"                
[1] 9732256
[1] 9731848
[1] 9732267
 [1] "sigma:"            "0.989096082056795" "0.989096082056795"
 [4] "0.989096082056795" "0.989096082056795" "0.989096082056795"
 [7] "0.989096082056795" "0.989096082056795" "0.989096082056795"
[10] "0.989096082056795" "0.989096082056795" "0.989096082056795"
[13] "0.989096082056795" "0.989096082056795" "0.989096082056795"
[16] "0.989096082056795" "0.989096082056795" "0.989096082056795"
[19] "0.989096082056795" "0.30312837979982"  "0.30312837979982" 
[22] "0.30312837979982"  "0.30312837979982"  "0.30312837979982" 
[25] "0.30312837979982"  "0.30312837979982"  "0.30312837979982" 
[28] "0.30312837979982"  "0.30312837979982"  "0.30312837979982" 
[31] "0.30312837979982"  "0.30312837979982"  "0.30312837979982" 
[34] "0.30312837979982"  "0.30312837979982"  "0.30312837979982" 
[37] "0.30312837979982"  "0.30312837979982"  "0.30312837979982" 
[40] "0.30312837979982"  "0.30312837979982"  "beta :"           
[43] "1"                
[1] " old Likelihood:  -9731863.65722329"
[1] "New Likelihood:  -9731847.58210199"
iter:  0  f-value:  32656.16  pgrad:  0.6062568 
iter:  10  f-value:  32656.15  pgrad:  0.6053827 
iter:  20  f-value:  32656.14  pgrad:  0.6028998 
iter:  30  f-value:  32656.13  pgrad:  0.5036441 
  Unsuccessful convergence.
Time difference of 9.693891 mins
[1] "maxIt: 20"
[1] "It: 6"
 [1] "sigma:"            "0.989276294578282" "0.989276294578282"
 [4] "0.989276294578282" "0.989276294578282" "0.989276294578282"
 [7] "0.989276294578282" "0.989276294578282" "0.989276294578282"
[10] "0.989276294578282" "0.989276294578282" "0.989276294578282"
[13] "0.989276294578282" "0.989276294578282" "0.989276294578282"
[16] "0.989276294578282" "0.989276294578282" "0.989276294578282"
[19] "0.989276294578282" "0.299758327874512" "0.299758327874512"
[22] "0.299758327874512" "0.299758327874512" "0.299758327874512"
[25] "0.299758327874512" "0.299758327874512" "0.299758327874512"
[28] "0.299758327874512" "0.299758327874512" "0.299758327874512"
[31] "0.299758327874512" "0.299758327874512" "0.299758327874512"
[34] "0.299758327874512" "0.299758327874512" "0.299758327874512"
[37] "0.299758327874512" "0.299758327874512" "0.299758327874512"
[40] "0.299758327874512" "0.299758327874512" "beta :"           
[43] "1"                
[1] 9732251
[1] 9731839
[1] 9732248
 [1] "sigma:"            "0.989276294578282" "0.989276294578282"
 [4] "0.989276294578282" "0.989276294578282" "0.989276294578282"
 [7] "0.989276294578282" "0.989276294578282" "0.989276294578282"
[10] "0.989276294578282" "0.989276294578282" "0.989276294578282"
[13] "0.989276294578282" "0.989276294578282" "0.989276294578282"
[16] "0.989276294578282" "0.989276294578282" "0.989276294578282"
[19] "0.989276294578282" "0.299758327874512" "0.299758327874512"
[22] "0.299758327874512" "0.299758327874512" "0.299758327874512"
[25] "0.299758327874512" "0.299758327874512" "0.299758327874512"
[28] "0.299758327874512" "0.299758327874512" "0.299758327874512"
[31] "0.299758327874512" "0.299758327874512" "0.299758327874512"
[34] "0.299758327874512" "0.299758327874512" "0.299758327874512"
[37] "0.299758327874512" "0.299758327874512" "0.299758327874512"
[40] "0.299758327874512" "0.299758327874512" "beta :"           
[43] "1"                
[1] " old Likelihood:  -9731847.58210199"
[1] "New Likelihood:  -9731838.92792227"
iter:  0  f-value:  32706.07  pgrad:  0.5995167 
iter:  10  f-value:  32706.06  pgrad:  0.5987691 
iter:  20  f-value:  32706.05  pgrad:  0.5966571 
iter:  30  f-value:  32706.05  pgrad:  0.5037749 
  Unsuccessful convergence.
Time difference of 9.631158 mins
[1] "maxIt: 20"
[1] "It: 7"
 [1] "sigma:"            "0.989293967935707" "0.989293967935707"
 [4] "0.989293967935707" "0.989293967935707" "0.989293967935707"
 [7] "0.989293967935707" "0.989293967935707" "0.989293967935707"
[10] "0.989293967935707" "0.989293967935707" "0.989293967935707"
[13] "0.989293967935707" "0.989293967935707" "0.989293967935707"
[16] "0.989293967935707" "0.989293967935707" "0.989293967935707"
[19] "0.989293967935707" "0.297395808839242" "0.297395808839242"
[22] "0.297395808839242" "0.297395808839242" "0.297395808839242"
[25] "0.297395808839242" "0.297395808839242" "0.297395808839242"
[28] "0.297395808839242" "0.297395808839242" "0.297395808839242"
[31] "0.297395808839242" "0.297395808839242" "0.297395808839242"
[34] "0.297395808839242" "0.297395808839242" "0.297395808839242"
[37] "0.297395808839242" "0.297395808839242" "0.297395808839242"
[40] "0.297395808839242" "0.297395808839242" "beta :"           
[43] "1"                
[1] 9732248
[1] 9731834
[1] 9732237
 [1] "sigma:"            "0.989293967935707" "0.989293967935707"
 [4] "0.989293967935707" "0.989293967935707" "0.989293967935707"
 [7] "0.989293967935707" "0.989293967935707" "0.989293967935707"
[10] "0.989293967935707" "0.989293967935707" "0.989293967935707"
[13] "0.989293967935707" "0.989293967935707" "0.989293967935707"
[16] "0.989293967935707" "0.989293967935707" "0.989293967935707"
[19] "0.989293967935707" "0.297395808839242" "0.297395808839242"
[22] "0.297395808839242" "0.297395808839242" "0.297395808839242"
[25] "0.297395808839242" "0.297395808839242" "0.297395808839242"
[28] "0.297395808839242" "0.297395808839242" "0.297395808839242"
[31] "0.297395808839242" "0.297395808839242" "0.297395808839242"
[34] "0.297395808839242" "0.297395808839242" "0.297395808839242"
[37] "0.297395808839242" "0.297395808839242" "0.297395808839242"
[40] "0.297395808839242" "0.297395808839242" "beta :"           
[43] "1"                
[1] " old Likelihood:  -9731838.92792227"
[1] "New Likelihood:  -9731833.84899332"
iter:  0  f-value:  32745.6  pgrad:  0.5947916 
iter:  10  f-value:  32745.59  pgrad:  0.594049 
iter:  20  f-value:  32745.58  pgrad:  0.5061986 
iter:  30  f-value:  32745.58  pgrad:  0.30308 
  Unsuccessful convergence.
Time difference of 9.585401 mins
[1] "maxIt: 20"
[1] "It: 8"
 [1] "sigma:"            "0.989314088614593" "0.989314088614593"
 [4] "0.989314088614593" "0.989314088614593" "0.989314088614593"
 [7] "0.989314088614593" "0.989314088614593" "0.989314088614593"
[10] "0.989314088614593" "0.989314088614593" "0.989314088614593"
[13] "0.989314088614593" "0.989314088614593" "0.989314088614593"
[16] "0.989314088614593" "0.989314088614593" "0.989314088614593"
[19] "0.989314088614593" "0.294413286305802" "0.294413286305802"
[22] "0.294413286305802" "0.294413286305802" "0.294413286305802"
[25] "0.294413286305802" "0.294413286305802" "0.294413286305802"
[28] "0.294413286305802" "0.294413286305802" "0.294413286305802"
[31] "0.294413286305802" "0.294413286305802" "0.294413286305802"
[34] "0.294413286305802" "0.294413286305802" "0.294413286305802"
[37] "0.294413286305802" "0.294413286305802" "0.294413286305802"
[40] "0.294413286305802" "0.294413286305802" "beta :"           
[43] "1"                
[1] 9732246
[1] 9731829
[1] 9732226
 [1] "sigma:"            "0.989314088614593" "0.989314088614593"
 [4] "0.989314088614593" "0.989314088614593" "0.989314088614593"
 [7] "0.989314088614593" "0.989314088614593" "0.989314088614593"
[10] "0.989314088614593" "0.989314088614593" "0.989314088614593"
[13] "0.989314088614593" "0.989314088614593" "0.989314088614593"
[16] "0.989314088614593" "0.989314088614593" "0.989314088614593"
[19] "0.989314088614593" "0.294413286305802" "0.294413286305802"
[22] "0.294413286305802" "0.294413286305802" "0.294413286305802"
[25] "0.294413286305802" "0.294413286305802" "0.294413286305802"
[28] "0.294413286305802" "0.294413286305802" "0.294413286305802"
[31] "0.294413286305802" "0.294413286305802" "0.294413286305802"
[34] "0.294413286305802" "0.294413286305802" "0.294413286305802"
[37] "0.294413286305802" "0.294413286305802" "0.294413286305802"
[40] "0.294413286305802" "0.294413286305802" "beta :"           
[43] "1"                
[1] " old Likelihood:  -9731833.84899332"
[1] "New Likelihood:  -9731829.10784311"
iter:  0  f-value:  32801.8  pgrad:  0.5888266 
iter:  10  f-value:  32801.79  pgrad:  0.5881417 
iter:  20  f-value:  32801.79  pgrad:  0.5863432 
iter:  30  f-value:  32801.78  pgrad:  0.2934394 
  Unsuccessful convergence.
Time difference of 9.639003 mins
[1] "maxIt: 20"
[1] "It: 9"
 [1] "sigma:"            "0.989301994578002" "0.989301994578002"
 [4] "0.989301994578002" "0.989301994578002" "0.989301994578002"
 [7] "0.989301994578002" "0.989301994578002" "0.989301994578002"
[10] "0.989301994578002" "0.989301994578002" "0.989301994578002"
[13] "0.989301994578002" "0.989301994578002" "0.989301994578002"
[16] "0.989301994578002" "0.989301994578002" "0.989301994578002"
[19] "0.989301994578002" "0.291740641890558" "0.291740641890558"
[22] "0.291740641890558" "0.291740641890558" "0.291740641890558"
[25] "0.291740641890558" "0.291740641890558" "0.291740641890558"
[28] "0.291740641890558" "0.291740641890558" "0.291740641890558"
[31] "0.291740641890558" "0.291740641890558" "0.291740641890558"
[34] "0.291740641890558" "0.291740641890558" "0.291740641890558"
[37] "0.291740641890558" "0.291740641890558" "0.291740641890558"
[40] "0.291740641890558" "0.291740641890558" "beta :"           
[43] "1"                
[1] 9732251
[1] 9731825
[1] 9732220
 [1] "sigma:"            "0.989301994578002" "0.989301994578002"
 [4] "0.989301994578002" "0.989301994578002" "0.989301994578002"
 [7] "0.989301994578002" "0.989301994578002" "0.989301994578002"
[10] "0.989301994578002" "0.989301994578002" "0.989301994578002"
[13] "0.989301994578002" "0.989301994578002" "0.989301994578002"
[16] "0.989301994578002" "0.989301994578002" "0.989301994578002"
[19] "0.989301994578002" "0.266740641890558" "0.266740641890558"
[22] "0.266740641890558" "0.266740641890558" "0.266740641890558"
[25] "0.266740641890558" "0.266740641890558" "0.266740641890558"
[28] "0.266740641890558" "0.266740641890558" "0.266740641890558"
[31] "0.266740641890558" "0.266740641890558" "0.266740641890558"
[34] "0.266740641890558" "0.266740641890558" "0.266740641890558"
[37] "0.266740641890558" "0.266740641890558" "0.266740641890558"
[40] "0.266740641890558" "0.266740641890558" "beta :"           
[43] "1"                
[1] " old Likelihood:  -9731829.10784311"
[1] "New Likelihood:  -9731824.78519503"
iter:  0  f-value:  33549.17  pgrad:  0.5979382 
iter:  10  f-value:  33549.11  pgrad:  0.5332543 
iter:  20  f-value:  33549.11  pgrad:  0.5313394 
iter:  30  f-value:  33549.1  pgrad:  0.5285503 
  Unsuccessful convergence.
Time difference of 10.21981 mins
[1] "maxIt: 20"
[1] "It: 10"
 [1] "sigma:"            "0.989414403408629" "0.989414403408629"
 [4] "0.989414403408629" "0.989414403408629" "0.989414403408629"
 [7] "0.989414403408629" "0.989414403408629" "0.989414403408629"
[10] "0.989414403408629" "0.989414403408629" "0.989414403408629"
[13] "0.989414403408629" "0.989414403408629" "0.989414403408629"
[16] "0.989414403408629" "0.989414403408629" "0.989414403408629"
[19] "0.989414403408629" "0.264017864443694" "0.264017864443694"
[22] "0.264017864443694" "0.264017864443694" "0.264017864443694"
[25] "0.264017864443694" "0.264017864443694" "0.264017864443694"
[28] "0.264017864443694" "0.264017864443694" "0.264017864443694"
[31] "0.264017864443694" "0.264017864443694" "0.264017864443694"
[34] "0.264017864443694" "0.264017864443694" "0.264017864443694"
[37] "0.264017864443694" "0.264017864443694" "0.264017864443694"
[40] "0.264017864443694" "0.264017864443694" "beta :"           
[43] "1"                
[1] 9732254
[1] 9731808
[1] 9732174
 [1] "sigma:"            "0.989414403408629" "0.989414403408629"
 [4] "0.989414403408629" "0.989414403408629" "0.989414403408629"
 [7] "0.989414403408629" "0.989414403408629" "0.989414403408629"
[10] "0.989414403408629" "0.989414403408629" "0.989414403408629"
[13] "0.989414403408629" "0.989414403408629" "0.989414403408629"
[16] "0.989414403408629" "0.989414403408629" "0.989414403408629"
[19] "0.989414403408629" "0.264017864443694" "0.264017864443694"
[22] "0.264017864443694" "0.264017864443694" "0.264017864443694"
[25] "0.264017864443694" "0.264017864443694" "0.264017864443694"
[28] "0.264017864443694" "0.264017864443694" "0.264017864443694"
[31] "0.264017864443694" "0.264017864443694" "0.264017864443694"
[34] "0.264017864443694" "0.264017864443694" "0.264017864443694"
[37] "0.264017864443694" "0.264017864443694" "0.264017864443694"
[40] "0.264017864443694" "0.264017864443694" "beta :"           
[43] "1"                
[1] " old Likelihood:  -9731824.78519503"
[1] "New Likelihood:  -9731807.79758878"
iter:  0  f-value:  33543.77  pgrad:  0.5820038 
iter:  10  f-value:  33543.75  pgrad:  0.5277962 
iter:  20  f-value:  33543.75  pgrad:  0.5258786 
iter:  30  f-value:  33543.75  pgrad:  0.5243876 
  Unsuccessful convergence.
Time difference of 9.625819 mins
[1] "maxIt: 20"
[1] "It: 11"
 [1] "sigma:"            "0.989400662852725" "0.989400662852725"
 [4] "0.989400662852725" "0.989400662852725" "0.989400662852725"
 [7] "0.989400662852725" "0.989400662852725" "0.989400662852725"
[10] "0.989400662852725" "0.989400662852725" "0.989400662852725"
[13] "0.989400662852725" "0.989400662852725" "0.989400662852725"
[16] "0.989400662852725" "0.989400662852725" "0.989400662852725"
[19] "0.989400662852725" "0.262154697229412" "0.262154697229412"
[22] "0.262154697229412" "0.262154697229412" "0.262154697229412"
[25] "0.262154697229412" "0.262154697229412" "0.262154697229412"
[28] "0.262154697229412" "0.262154697229412" "0.262154697229412"
[31] "0.262154697229412" "0.262154697229412" "0.262154697229412"
[34] "0.262154697229412" "0.262154697229412" "0.262154697229412"
[37] "0.262154697229412" "0.262154697229412" "0.262154697229412"
[40] "0.262154697229412" "0.262154697229412" "beta :"           
[43] "1"                
[1] 9732257
[1] 9731803
[1] 9732156
 [1] "sigma:"            "0.989400662852725" "0.989400662852725"
 [4] "0.989400662852725" "0.989400662852725" "0.989400662852725"
 [7] "0.989400662852725" "0.989400662852725" "0.989400662852725"
[10] "0.989400662852725" "0.989400662852725" "0.989400662852725"
[13] "0.989400662852725" "0.989400662852725" "0.989400662852725"
[16] "0.989400662852725" "0.989400662852725" "0.989400662852725"
[19] "0.989400662852725" "0.262154697229412" "0.262154697229412"
[22] "0.262154697229412" "0.262154697229412" "0.262154697229412"
[25] "0.262154697229412" "0.262154697229412" "0.262154697229412"
[28] "0.262154697229412" "0.262154697229412" "0.262154697229412"
[31] "0.262154697229412" "0.262154697229412" "0.262154697229412"
[34] "0.262154697229412" "0.262154697229412" "0.262154697229412"
[37] "0.262154697229412" "0.262154697229412" "0.262154697229412"
[40] "0.262154697229412" "0.262154697229412" "beta :"           
[43] "1"                
[1] " old Likelihood:  -9731807.79758878"
[1] "New Likelihood:  -9731802.73768789"
iter:  0  f-value:  33553.4  pgrad:  0.4961762 
iter:  10  f-value:  33553.4  pgrad:  0.523761 
iter:  20  f-value:  33553.4  pgrad:  0.5226182 
iter:  30  f-value:  33553.4  pgrad:  0.5218608 
  Unsuccessful convergence.
Time difference of 9.641825 mins
[1] "maxIt: 20"
[1] "It: 12"
 [1] "sigma:"            "0.989380757013822" "0.989380757013822"
 [4] "0.989380757013822" "0.989380757013822" "0.989380757013822"
 [7] "0.989380757013822" "0.989380757013822" "0.989380757013822"
[10] "0.989380757013822" "0.989380757013822" "0.989380757013822"
[13] "0.989380757013822" "0.989380757013822" "0.989380757013822"
[16] "0.989380757013822" "0.989380757013822" "0.989380757013822"
[19] "0.989380757013822" "0.260572829521562" "0.260572829521562"
[22] "0.260572829521562" "0.260572829521562" "0.260572829521562"
[25] "0.260572829521562" "0.260572829521562" "0.260572829521562"
[28] "0.260572829521562" "0.260572829521562" "0.260572829521562"
[31] "0.260572829521562" "0.260572829521562" "0.260572829521562"
[34] "0.260572829521562" "0.260572829521562" "0.260572829521562"
[37] "0.260572829521562" "0.260572829521562" "0.260572829521562"
[40] "0.260572829521562" "0.260572829521562" "beta :"           
[43] "1"                
[1] 9732257
[1] 9731800
[1] 9732147
 [1] "sigma:"            "0.989380757013822" "0.989380757013822"
 [4] "0.989380757013822" "0.989380757013822" "0.989380757013822"
 [7] "0.989380757013822" "0.989380757013822" "0.989380757013822"
[10] "0.989380757013822" "0.989380757013822" "0.989380757013822"
[13] "0.989380757013822" "0.989380757013822" "0.989380757013822"
[16] "0.989380757013822" "0.989380757013822" "0.989380757013822"
[19] "0.989380757013822" "0.260572829521562" "0.260572829521562"
[22] "0.260572829521562" "0.260572829521562" "0.260572829521562"
[25] "0.260572829521562" "0.260572829521562" "0.260572829521562"
[28] "0.260572829521562" "0.260572829521562" "0.260572829521562"
[31] "0.260572829521562" "0.260572829521562" "0.260572829521562"
[34] "0.260572829521562" "0.260572829521562" "0.260572829521562"
[37] "0.260572829521562" "0.260572829521562" "0.260572829521562"
[40] "0.260572829521562" "0.260572829521562" "beta :"           
[43] "1"                
[1] " old Likelihood:  -9731802.73768789"
[1] "New Likelihood:  -9731800.13635472"
iter:  0  f-value:  33572.49  pgrad:  0.5211457 
iter:  10  f-value:  33572.48  pgrad:  0.5207642 
iter:  20  f-value:  33572.48  pgrad:  0.5192619 
iter:  30  f-value:  33572.48  pgrad:  0.5087017 
  Unsuccessful convergence.
Time difference of 9.639854 mins
[1] "maxIt: 20"
[1] "It: 13"
 [1] "sigma:"            "0.989389460128768" "0.989389460128768"
 [4] "0.989389460128768" "0.989389460128768" "0.989389460128768"
 [7] "0.989389460128768" "0.989389460128768" "0.989389460128768"
[10] "0.989389460128768" "0.989389460128768" "0.989389460128768"
[13] "0.989389460128768" "0.989389460128768" "0.989389460128768"
[16] "0.989389460128768" "0.989389460128768" "0.989389460128768"
[19] "0.989389460128768" "0.258639176408256" "0.258639176408256"
[22] "0.258639176408256" "0.258639176408256" "0.258639176408256"
[25] "0.258639176408256" "0.258639176408256" "0.258639176408256"
[28] "0.258639176408256" "0.258639176408256" "0.258639176408256"
[31] "0.258639176408256" "0.258639176408256" "0.258639176408256"
[34] "0.258639176408256" "0.258639176408256" "0.258639176408256"
[37] "0.258639176408256" "0.258639176408256" "0.258639176408256"
[40] "0.258639176408256" "0.258639176408256" "beta :"           
[43] "1"                
[1] 9732258
[1] 9731798
[1] 9732140
 [1] "sigma:"            "0.989389460128768" "0.989389460128768"
 [4] "0.989389460128768" "0.989389460128768" "0.989389460128768"
 [7] "0.989389460128768" "0.989389460128768" "0.989389460128768"
[10] "0.989389460128768" "0.989389460128768" "0.989389460128768"
[13] "0.989389460128768" "0.989389460128768" "0.989389460128768"
[16] "0.989389460128768" "0.989389460128768" "0.989389460128768"
[19] "0.989389460128768" "0.258639176408256" "0.258639176408256"
[22] "0.258639176408256" "0.258639176408256" "0.258639176408256"
[25] "0.258639176408256" "0.258639176408256" "0.258639176408256"
[28] "0.258639176408256" "0.258639176408256" "0.258639176408256"
[31] "0.258639176408256" "0.258639176408256" "0.258639176408256"
[34] "0.258639176408256" "0.258639176408256" "0.258639176408256"
[37] "0.258639176408256" "0.258639176408256" "0.258639176408256"
[40] "0.258639176408256" "0.258639176408256" "beta :"           
[43] "1"                
[1] " old Likelihood:  -9731800.13635472"
[1] "New Likelihood:  -9731798.07908837"
iter:  0  f-value:  33602.47  pgrad:  0.5172784 
iter:  10  f-value:  33602.47  pgrad:  0.5169492 
iter:  20  f-value:  33602.47  pgrad:  0.5158602 
iter:  30  f-value:  33602.47  pgrad:  0.4949793 
  Unsuccessful convergence.
Time difference of 9.643912 mins
[1] "maxIt: 20"
[1] "It: 14"
 [1] "sigma:"            "0.989391113608687" "0.989391113608687"
 [4] "0.989391113608687" "0.989391113608687" "0.989391113608687"
 [7] "0.989391113608687" "0.989391113608687" "0.989391113608687"
[10] "0.989391113608687" "0.989391113608687" "0.989391113608687"
[13] "0.989391113608687" "0.989391113608687" "0.989391113608687"
[16] "0.989391113608687" "0.989391113608687" "0.989391113608687"
[19] "0.989391113608687" "0.256864138953141" "0.256864138953141"
[22] "0.256864138953141" "0.256864138953141" "0.256864138953141"
[25] "0.256864138953141" "0.256864138953141" "0.256864138953141"
[28] "0.256864138953141" "0.256864138953141" "0.256864138953141"
[31] "0.256864138953141" "0.256864138953141" "0.256864138953141"
[34] "0.256864138953141" "0.256864138953141" "0.256864138953141"
[37] "0.256864138953141" "0.256864138953141" "0.256864138953141"
[40] "0.256864138953141" "0.256864138953141" "beta :"           
[43] "1"                
[1] 9732259
[1] 9731796
[1] 9732135
 [1] "sigma:"            "0.989391113608687" "0.989391113608687"
 [4] "0.989391113608687" "0.989391113608687" "0.989391113608687"
 [7] "0.989391113608687" "0.989391113608687" "0.989391113608687"
[10] "0.989391113608687" "0.989391113608687" "0.989391113608687"
[13] "0.989391113608687" "0.989391113608687" "0.989391113608687"
[16] "0.989391113608687" "0.989391113608687" "0.989391113608687"
[19] "0.989391113608687" "0.256864138953141" "0.256864138953141"
[22] "0.256864138953141" "0.256864138953141" "0.256864138953141"
[25] "0.256864138953141" "0.256864138953141" "0.256864138953141"
[28] "0.256864138953141" "0.256864138953141" "0.256864138953141"
[31] "0.256864138953141" "0.256864138953141" "0.256864138953141"
[34] "0.256864138953141" "0.256864138953141" "0.256864138953141"
[37] "0.256864138953141" "0.256864138953141" "0.256864138953141"
[40] "0.256864138953141" "0.256864138953141" "beta :"           
[43] "1"                
[1] " old Likelihood:  -9731798.07908837"
[1] "New Likelihood:  -9731796.47265643"
iter:  0  f-value:  33633.9  pgrad:  0.5137283 
iter:  10  f-value:  33633.89  pgrad:  0.5134052 
iter:  20  f-value:  33633.89  pgrad:  0.5122875 
iter:  30  f-value:  33633.89  pgrad:  0.4909089 
  Unsuccessful convergence.
Time difference of 9.642109 mins
[1] "maxIt: 20"
[1] "It: 15"
 [1] "sigma:"            "0.989371560027514" "0.989371560027514"
 [4] "0.989371560027514" "0.989371560027514" "0.989371560027514"
 [7] "0.989371560027514" "0.989371560027514" "0.989371560027514"
[10] "0.989371560027514" "0.989371560027514" "0.989371560027514"
[13] "0.989371560027514" "0.989371560027514" "0.989371560027514"
[16] "0.989371560027514" "0.989371560027514" "0.989371560027514"
[19] "0.989371560027514" "0.255757990312186" "0.255757990312186"
[22] "0.255757990312186" "0.255757990312186" "0.255757990312186"
[25] "0.255757990312186" "0.255757990312186" "0.255757990312186"
[28] "0.255757990312186" "0.255757990312186" "0.255757990312186"
[31] "0.255757990312186" "0.255757990312186" "0.255757990312186"
[34] "0.255757990312186" "0.255757990312186" "0.255757990312186"
[37] "0.255757990312186" "0.255757990312186" "0.255757990312186"
[40] "0.255757990312186" "0.255757990312186" "beta :"           
[43] "1"                
[1] 9732259
[1] 9731795
[1] 9732133
 [1] "sigma:"            "0.989371560027514" "0.989371560027514"
 [4] "0.989371560027514" "0.989371560027514" "0.989371560027514"
 [7] "0.989371560027514" "0.989371560027514" "0.989371560027514"
[10] "0.989371560027514" "0.989371560027514" "0.989371560027514"
[13] "0.989371560027514" "0.989371560027514" "0.989371560027514"
[16] "0.989371560027514" "0.989371560027514" "0.989371560027514"
[19] "0.989371560027514" "0.255757990312186" "0.255757990312186"
[22] "0.255757990312186" "0.255757990312186" "0.255757990312186"
[25] "0.255757990312186" "0.255757990312186" "0.255757990312186"
[28] "0.255757990312186" "0.255757990312186" "0.255757990312186"
[31] "0.255757990312186" "0.255757990312186" "0.255757990312186"
[34] "0.255757990312186" "0.255757990312186" "0.255757990312186"
[37] "0.255757990312186" "0.255757990312186" "0.255757990312186"
[40] "0.255757990312186" "0.255757990312186" "beta :"           
[43] "1"                
[1] " old Likelihood:  -9731796.47265643"
[1] "New Likelihood:  -9731795.35221069"
iter:  0  f-value:  33654.38  pgrad:  0.511516 
iter:  10  f-value:  33654.38  pgrad:  0.5112065 
iter:  20  f-value:  33654.38  pgrad:  0.5103616 
iter:  30  f-value:  33654.38  pgrad:  0.506499 
  Unsuccessful convergence.
Time difference of 9.625248 mins
[1] "maxIt: 20"
[1] "It: 16"
 [1] "sigma:"            "0.989379667231819" "0.989379667231819"
 [4] "0.989379667231819" "0.989379667231819" "0.989379667231819"
 [7] "0.989379667231819" "0.989379667231819" "0.989379667231819"
[10] "0.989379667231819" "0.989379667231819" "0.989379667231819"
[13] "0.989379667231819" "0.989379667231819" "0.989379667231819"
[16] "0.989379667231819" "0.989379667231819" "0.989379667231819"
[19] "0.989379667231819" "0.254392482914545" "0.254392482914545"
[22] "0.254392482914545" "0.254392482914545" "0.254392482914545"
[25] "0.254392482914545" "0.254392482914545" "0.254392482914545"
[28] "0.254392482914545" "0.254392482914545" "0.254392482914545"
[31] "0.254392482914545" "0.254392482914545" "0.254392482914545"
[34] "0.254392482914545" "0.254392482914545" "0.254392482914545"
[37] "0.254392482914545" "0.254392482914545" "0.254392482914545"
[40] "0.254392482914545" "0.254392482914545" "beta :"           
[43] "1"                
[1] 9732259
[1] 9731794
[1] 9732129
 [1] "sigma:"            "0.989379667231819" "0.989379667231819"
 [4] "0.989379667231819" "0.989379667231819" "0.989379667231819"
 [7] "0.989379667231819" "0.989379667231819" "0.989379667231819"
[10] "0.989379667231819" "0.989379667231819" "0.989379667231819"
[13] "0.989379667231819" "0.989379667231819" "0.989379667231819"
[16] "0.989379667231819" "0.989379667231819" "0.989379667231819"
[19] "0.989379667231819" "0.254392482914545" "0.254392482914545"
[22] "0.254392482914545" "0.254392482914545" "0.254392482914545"
[25] "0.254392482914545" "0.254392482914545" "0.254392482914545"
[28] "0.254392482914545" "0.254392482914545" "0.254392482914545"
[31] "0.254392482914545" "0.254392482914545" "0.254392482914545"
[34] "0.254392482914545" "0.254392482914545" "0.254392482914545"
[37] "0.254392482914545" "0.254392482914545" "0.254392482914545"
[40] "0.254392482914545" "0.254392482914545" "beta :"           
[43] "1"                
[1] " old Likelihood:  -9731795.35221069"
[1] "New Likelihood:  -9731794.25504204"
iter:  0  f-value:  33680.44  pgrad:  0.508785 
iter:  10  f-value:  33680.44  pgrad:  0.5084997 
iter:  20  f-value:  33680.44  pgrad:  0.5074817 
iter:  30  f-value:  33680.44  pgrad:  0.507299 
  Unsuccessful convergence.
Time difference of 9.650922 mins
[1] "maxIt: 20"
[1] "It: 17"
 [1] "sigma:"            "0.989376327515269" "0.989376327515269"
 [4] "0.989376327515269" "0.989376327515269" "0.989376327515269"
 [7] "0.989376327515269" "0.989376327515269" "0.989376327515269"
[10] "0.989376327515269" "0.989376327515269" "0.989376327515269"
[13] "0.989376327515269" "0.989376327515269" "0.989376327515269"
[16] "0.989376327515269" "0.989376327515269" "0.989376327515269"
[19] "0.989376327515269" "0.253317974189342" "0.253317974189342"
[22] "0.253317974189342" "0.253317974189342" "0.253317974189342"
[25] "0.253317974189342" "0.253317974189342" "0.253317974189342"
[28] "0.253317974189342" "0.253317974189342" "0.253317974189342"
[31] "0.253317974189342" "0.253317974189342" "0.253317974189342"
[34] "0.253317974189342" "0.253317974189342" "0.253317974189342"
[37] "0.253317974189342" "0.253317974189342" "0.253317974189342"
[40] "0.253317974189342" "0.253317974189342" "beta :"           
[43] "1"                
[1] 9732259
[1] 9731793
[1] 9732127
 [1] "sigma:"            "0.989376327515269" "0.989376327515269"
 [4] "0.989376327515269" "0.989376327515269" "0.989376327515269"
 [7] "0.989376327515269" "0.989376327515269" "0.989376327515269"
[10] "0.989376327515269" "0.989376327515269" "0.989376327515269"
[13] "0.989376327515269" "0.989376327515269" "0.989376327515269"
[16] "0.989376327515269" "0.989376327515269" "0.989376327515269"
[19] "0.989376327515269" "0.253317974189342" "0.253317974189342"
[22] "0.253317974189342" "0.253317974189342" "0.253317974189342"
[25] "0.253317974189342" "0.253317974189342" "0.253317974189342"
[28] "0.253317974189342" "0.253317974189342" "0.253317974189342"
[31] "0.253317974189342" "0.253317974189342" "0.253317974189342"
[34] "0.253317974189342" "0.253317974189342" "0.253317974189342"
[37] "0.253317974189342" "0.253317974189342" "0.253317974189342"
[40] "0.253317974189342" "0.253317974189342" "beta :"           
[43] "1"                
[1] " old Likelihood:  -9731794.25504204"
[1] "New Likelihood:  -9731793.35821545"
iter:  0  f-value:  33701.7  pgrad:  0.5066359 
iter:  10  f-value:  33701.7  pgrad:  0.5064178 
iter:  20  f-value:  33701.7  pgrad:  0.5051301 
iter:  30  f-value:  33701.7  pgrad:  0.408545 
  Unsuccessful convergence.
Time difference of 9.639966 mins
[1] "maxIt: 20"
[1] "It: 18"
 [1] "sigma:"            "0.989388698869486" "0.989388698869486"
 [4] "0.989388698869486" "0.989388698869486" "0.989388698869486"
 [7] "0.989388698869486" "0.989388698869486" "0.989388698869486"
[10] "0.989388698869486" "0.989388698869486" "0.989388698869486"
[13] "0.989388698869486" "0.989388698869486" "0.989388698869486"
[16] "0.989388698869486" "0.989388698869486" "0.989388698869486"
[19] "0.989388698869486" "0.252084421396424" "0.252084421396424"
[22] "0.252084421396424" "0.252084421396424" "0.252084421396424"
[25] "0.252084421396424" "0.252084421396424" "0.252084421396424"
[28] "0.252084421396424" "0.252084421396424" "0.252084421396424"
[31] "0.252084421396424" "0.252084421396424" "0.252084421396424"
[34] "0.252084421396424" "0.252084421396424" "0.252084421396424"
[37] "0.252084421396424" "0.252084421396424" "0.252084421396424"
[40] "0.252084421396424" "0.252084421396424" "beta :"           
[43] "1"                
[1] 9732259
[1] 9731792
[1] 9732125
 [1] "sigma:"            "0.989388698869486" "0.989388698869486"
 [4] "0.989388698869486" "0.989388698869486" "0.989388698869486"
 [7] "0.989388698869486" "0.989388698869486" "0.989388698869486"
[10] "0.989388698869486" "0.989388698869486" "0.989388698869486"
[13] "0.989388698869486" "0.989388698869486" "0.989388698869486"
[16] "0.989388698869486" "0.989388698869486" "0.989388698869486"
[19] "0.989388698869486" "0.252084421396424" "0.252084421396424"
[22] "0.252084421396424" "0.252084421396424" "0.252084421396424"
[25] "0.252084421396424" "0.252084421396424" "0.252084421396424"
[28] "0.252084421396424" "0.252084421396424" "0.252084421396424"
[31] "0.252084421396424" "0.252084421396424" "0.252084421396424"
[34] "0.252084421396424" "0.252084421396424" "0.252084421396424"
[37] "0.252084421396424" "0.252084421396424" "0.252084421396424"
[40] "0.252084421396424" "0.252084421396424" "beta :"           
[43] "1"                
[1] " old Likelihood:  -9731793.35821545"
[1] "New Likelihood:  -9731792.46839193"
iter:  0  f-value:  33726.55  pgrad:  0.5065203 
iter:  10  f-value:  33726.55  pgrad:  0.5039719 
iter:  20  f-value:  33726.55  pgrad:  0.5031117 
iter:  30  f-value:  33726.55  pgrad:  0.5052647 
  Unsuccessful convergence.
Time difference of 9.619118 mins
[1] "maxIt: 20"
[1] "It: 19"
 [1] "sigma:"            "0.989397346165749" "0.989397346165749"
 [4] "0.989397346165749" "0.989397346165749" "0.989397346165749"
 [7] "0.989397346165749" "0.989397346165749" "0.989397346165749"
[10] "0.989397346165749" "0.989397346165749" "0.989397346165749"
[13] "0.989397346165749" "0.989397346165749" "0.989397346165749"
[16] "0.989397346165749" "0.989397346165749" "0.989397346165749"
[19] "0.989397346165749" "0.250860970240107" "0.250860970240107"
[22] "0.250860970240107" "0.250860970240107" "0.250860970240107"
[25] "0.250860970240107" "0.250860970240107" "0.250860970240107"
[28] "0.250860970240107" "0.250860970240107" "0.250860970240107"
[31] "0.250860970240107" "0.250860970240107" "0.250860970240107"
[34] "0.250860970240107" "0.250860970240107" "0.250860970240107"
[37] "0.250860970240107" "0.250860970240107" "0.250860970240107"
[40] "0.250860970240107" "0.250860970240107" "beta :"           
[43] "1"                
[1] 9732260
[1] 9731792
[1] 9732122
 [1] "sigma:"            "0.989397346165749" "0.989397346165749"
 [4] "0.989397346165749" "0.989397346165749" "0.989397346165749"
 [7] "0.989397346165749" "0.989397346165749" "0.989397346165749"
[10] "0.989397346165749" "0.989397346165749" "0.989397346165749"
[13] "0.989397346165749" "0.989397346165749" "0.989397346165749"
[16] "0.989397346165749" "0.989397346165749" "0.989397346165749"
[19] "0.989397346165749" "0.250860970240107" "0.250860970240107"
[22] "0.250860970240107" "0.250860970240107" "0.250860970240107"
[25] "0.250860970240107" "0.250860970240107" "0.250860970240107"
[28] "0.250860970240107" "0.250860970240107" "0.250860970240107"
[31] "0.250860970240107" "0.250860970240107" "0.250860970240107"
[34] "0.250860970240107" "0.250860970240107" "0.250860970240107"
[37] "0.250860970240107" "0.250860970240107" "0.250860970240107"
[40] "0.250860970240107" "0.250860970240107" "beta :"           
[43] "1"                
[1] " old Likelihood:  -9731792.46839193"
[1] "New Likelihood:  -9731791.64422214"
iter:  0  f-value:  33751.06  pgrad:  0.5065636 
iter:  10  f-value:  33751.06  pgrad:  0.5015257 
iter:  20  f-value:  33751.06  pgrad:  0.508533 
iter:  30  f-value:  33751.06  pgrad:  0.2482557 
  Unsuccessful convergence.
Time difference of 9.616384 mins
[1] "maxIt: 20"
[1] "It: 20"
 [1] "sigma:"            "0.989406425380648" "0.989406425380648"
 [4] "0.989406425380648" "0.989406425380648" "0.989406425380648"
 [7] "0.989406425380648" "0.989406425380648" "0.989406425380648"
[10] "0.989406425380648" "0.989406425380648" "0.989406425380648"
[13] "0.989406425380648" "0.989406425380648" "0.989406425380648"
[16] "0.989406425380648" "0.989406425380648" "0.989406425380648"
[19] "0.989406425380648" "0.249728809403177" "0.249728809403177"
[22] "0.249728809403177" "0.249728809403177" "0.249728809403177"
[25] "0.249728809403177" "0.249728809403177" "0.249728809403177"
[28] "0.249728809403177" "0.249728809403177" "0.249728809403177"
[31] "0.249728809403177" "0.249728809403177" "0.249728809403177"
[34] "0.249728809403177" "0.249728809403177" "0.249728809403177"
[37] "0.249728809403177" "0.249728809403177" "0.249728809403177"
[40] "0.249728809403177" "0.249728809403177" "beta :"           
[43] "1"                
[1] 9732260
[1] 9731791
[1] 9732119
 [1] "sigma:"            "0.989406425380648" "0.989406425380648"
 [4] "0.989406425380648" "0.989406425380648" "0.989406425380648"
 [7] "0.989406425380648" "0.989406425380648" "0.989406425380648"
[10] "0.989406425380648" "0.989406425380648" "0.989406425380648"
[13] "0.989406425380648" "0.989406425380648" "0.989406425380648"
[16] "0.989406425380648" "0.989406425380648" "0.989406425380648"
[19] "0.989406425380648" "0.249728809403177" "0.249728809403177"
[22] "0.249728809403177" "0.249728809403177" "0.249728809403177"
[25] "0.249728809403177" "0.249728809403177" "0.249728809403177"
[28] "0.249728809403177" "0.249728809403177" "0.249728809403177"
[31] "0.249728809403177" "0.249728809403177" "0.249728809403177"
[34] "0.249728809403177" "0.249728809403177" "0.249728809403177"
[37] "0.249728809403177" "0.249728809403177" "0.249728809403177"
[40] "0.249728809403177" "0.249728809403177" "beta :"           
[43] "1"                
[1] " old Likelihood:  -9731791.64422214"
[1] "New Likelihood:  -9731790.89162235"
iter:  0  f-value:  33774.16  pgrad:  0.5066071 
iter:  10  f-value:  33774.16  pgrad:  0.4992426 
iter:  20  f-value:  33774.16  pgrad:  0.3270543 
iter:  30  f-value:  33774.16  pgrad:  0.2435991 
  Unsuccessful convergence.
Time difference of 9.595904 mins
 [1] "sigma:"            "0.989410758940111" "0.989410758940111"
 [4] "0.989410758940111" "0.989410758940111" "0.989410758940111"
 [7] "0.989410758940111" "0.989410758940111" "0.989410758940111"
[10] "0.989410758940111" "0.989410758940111" "0.989410758940111"
[13] "0.989410758940111" "0.989410758940111" "0.989410758940111"
[16] "0.989410758940111" "0.989410758940111" "0.989410758940111"
[19] "0.989410758940111" "0.248633928980318" "0.248633928980318"
[22] "0.248633928980318" "0.248633928980318" "0.248633928980318"
[25] "0.248633928980318" "0.248633928980318" "0.248633928980318"
[28] "0.248633928980318" "0.248633928980318" "0.248633928980318"
[31] "0.248633928980318" "0.248633928980318" "0.248633928980318"
[34] "0.248633928980318" "0.248633928980318" "0.248633928980318"
[37] "0.248633928980318" "0.248633928980318" "0.248633928980318"
[40] "0.248633928980318" "0.248633928980318" "beta :"           
[43] "1"                
[1] 1999658 1999962 1999710 1999022 1999050
[1] 1 1 1 1 1
saved RDS
inference successful
