[1] "Original length"
[1] 999252
[1] "Final length"
[1] 14341
[1] "sequence length : 999253" "sequence length : 999981"
[3] "sequence length : 999878" "sequence length : 999871"
[5] "sequence length : 999832"
[1] 1 1 1 1 1
[1] "Beta: 1"
[1] "Self: 0"
[1] "maxIt: 20"
[1] "It: 1"
 [1] "sigma:" "0"      "0"      "0"      "0"      "0"      "0"      "0"     
 [9] "0"      "0"      "0"      "0"      "0"      "0"      "0"      "0"     
[17] "0"      "0"      "0"      "0"      "0"      "0"      "0"      "0"     
[25] "0"      "0"      "0"      "0"      "0"      "0"      "0"      "0"     
[33] "0"      "0"      "0"      "0"      "0"      "0"      "0"      "0"     
[41] "0"      "beta :" "1"     
 [1] "sigma:" "0.9405" "0.9405" "0.9405" "0.9405" "0.9405" "0.9405" "0.9405"
 [9] "0.9405" "0.9405" "0.9405" "0.9405" "0.9405" "0.9405" "0.9405" "0.9405"
[17] "0.9405" "0.9405" "0.9405" "0.9405" "0.9405" "0.9405" "0.9405" "0.9405"
[25] "0.9405" "0.9405" "0.9405" "0.9405" "0.9405" "0.9405" "0.9405" "0.9405"
[33] "0.9405" "0"      "0"      "0"      "0"      "0"      "0"      "0"     
[41] "0"      "beta :" "1"     
[1] "New Likelihood:  -7747607.75012318"
iter:  0  f-value:  9208.15  pgrad:  0.5 
iter:  10  f-value:  9186.806  pgrad:  0.9984382 
iter:  20  f-value:  9186.057  pgrad:  0.9963652 
iter:  30  f-value:  9185.731  pgrad:  0.9919727 
iter:  40  f-value:  9185.667  pgrad:  0.9905692 
iter:  50  f-value:  9185.556  pgrad:  0.9864271 
  Unsuccessful convergence.
Time difference of 2.579903 hours
[1] "maxIt: 20"
[1] "It: 2"
 [1] "sigma:"              "0.958546556615041"   "0.958546556615041"  
 [4] "0.949815429776759"   "0.949815429776759"   "0.953878520272531"  
 [7] "0.953878520272531"   "0.959422035640046"   "0.959422035640046"  
[10] "0.9661396680291"     "0.9661396680291"     "0.972852091180766"  
[13] "0.972852091180766"   "0.978308102579033"   "0.978308102579033"  
[16] "0.980274867320912"   "0.980274867320912"   "0.977840911051783"  
[19] "0.977840911051783"   "0.969099498289359"   "0.969099498289359"  
[22] "0.959946569147767"   "0.959946569147767"   "0.955208599188878"  
[25] "0.955208599188878"   "0.959010511075085"   "0.959010511075085"  
[28] "0.957528492453407"   "0.957528492453407"   "0.96381767490588"   
[31] "0.96381767490588"    "0.951107515825536"   "0.951107515825536"  
[34] "0.0177056556456589"  "0.0177056556456589"  "0.0268813438717784" 
[37] "0.0268813438717784"  "0.013792594007538"   "0.013792594007538"  
[40] "0.00229163768993575" "0.00229163768993575" "beta :"             
[43] "1"                  
 [1] "sigma:"              "0.958546556615041"   "0.958546556615041"  
 [4] "0.949815429776759"   "0.949815429776759"   "0.953878520272531"  
 [7] "0.953878520272531"   "0.959422035640046"   "0.959422035640046"  
[10] "0.9661396680291"     "0.9661396680291"     "0.972852091180766"  
[13] "0.972852091180766"   "0.978308102579033"   "0.978308102579033"  
[16] "0.980274867320912"   "0.980274867320912"   "0.977840911051783"  
[19] "0.977840911051783"   "0.969099498289359"   "0.969099498289359"  
[22] "0.959946569147767"   "0.959946569147767"   "0.955208599188878"  
[25] "0.955208599188878"   "0.959010511075085"   "0.959010511075085"  
[28] "0.957528492453407"   "0.957528492453407"   "0.96381767490588"   
[31] "0.96381767490588"    "0.951107515825536"   "0.951107515825536"  
[34] "0.0177056556456589"  "0.0177056556456589"  "0.0268813438717784" 
[37] "0.0268813438717784"  "0.013792594007538"   "0.013792594007538"  
[40] "0.00229163768993575" "0.00229163768993575" "beta :"             
[43] "1"                  
[1] " old Likelihood:  -7747607.75012318"
[1] "New Likelihood:  -7741070.10465659"
iter:  0  f-value:  8920.091  pgrad:  0.5172653 
iter:  10  f-value:  8911.886  pgrad:  0.9871331 
iter:  20  f-value:  8911.763  pgrad:  0.9835944 
iter:  30  f-value:  8911.688  pgrad:  0.9806608 
iter:  40  f-value:  8911.636  pgrad:  0.9770186 
iter:  50  f-value:  8911.616  pgrad:  0.9750214 
  Unsuccessful convergence.
Time difference of 16.86378 mins
[1] "maxIt: 20"
[1] "It: 3"
 [1] "sigma:"              "0.972003733608694"   "0.972003733608694"  
 [4] "0.956689888422717"   "0.956689888422717"   "0.963646847978199"  
 [7] "0.963646847978199"   "0.973062415209277"   "0.973062415209277"  
[10] "0.984170897602305"   "0.984170897602305"   "0.99"               
[13] "0.99"                "0.99"                "0.99"               
[16] "0.99"                "0.99"                "0.98991709497617"   
[19] "0.98991709497617"    "0.985373443265071"   "0.985373443265071"  
[22] "0.976291018077338"   "0.976291018077338"   "0.96902874967303"   
[25] "0.96902874967303"    "0.97251619495537"    "0.97251619495537"   
[28] "0.963731018698076"   "0.963731018698076"   "0.975208341205036"  
[31] "0.975208341205036"   "0.949265959897562"   "0.949265959897562"  
[34] "0.0297469390211218"  "0.0297469390211218"  "0.0451721006116736" 
[37] "0.0451721006116736"  "0.0257238573930596"  "0.0257238573930596" 
[40] "0.00454227602556435" "0.00454227602556435" "beta :"             
[43] "1"                  
 [1] "sigma:"              "0.972003733608694"   "0.972003733608694"  
 [4] "0.956689888422717"   "0.956689888422717"   "0.963646847978199"  
 [7] "0.963646847978199"   "0.973062415209277"   "0.973062415209277"  
[10] "0.984170897602305"   "0.984170897602305"   "0.99"               
[13] "0.99"                "0.99"                "0.99"               
[16] "0.99"                "0.99"                "0.98991709497617"   
[19] "0.98991709497617"    "0.985373443265071"   "0.985373443265071"  
[22] "0.976291018077338"   "0.976291018077338"   "0.96902874967303"   
[25] "0.96902874967303"    "0.97251619495537"    "0.97251619495537"   
[28] "0.963731018698076"   "0.963731018698076"   "0.975208341205036"  
[31] "0.975208341205036"   "0.949265959897562"   "0.949265959897562"  
[34] "0.128746939021122"   "0.128746939021122"   "0.0451721006116736" 
[37] "0.0451721006116736"  "0.0257238573930596"  "0.0257238573930596" 
[40] "0.00454227602556435" "0.00454227602556435" "beta :"             
[43] "1"                  
[1] " old Likelihood:  -7741070.10465659"
[1] "New Likelihood:  -7738424.16315182"
iter:  0  f-value:  8482.985  pgrad:  0.5380075 
iter:  10  f-value:  8478.971  pgrad:  0.9889569 
iter:  20  f-value:  8478.91  pgrad:  0.9869776 
iter:  30  f-value:  8478.883  pgrad:  0.9693745 
iter:  40  f-value:  8478.849  pgrad:  0.9659456 
iter:  50  f-value:  8478.842  pgrad:  0.964978 
  Unsuccessful convergence.
Time difference of 17.75326 mins
[1] "maxIt: 20"
[1] "It: 4"
 [1] "sigma:"              "0.981975178512782"   "0.981975178512782"  
 [4] "0.961655176235572"   "0.961655176235572"   "0.970894399769194"  
 [7] "0.970894399769194"   "0.983533235012844"   "0.983533235012844"  
[10] "0.99"                "0.99"                "0.99"               
[13] "0.99"                "0.99"                "0.99"               
[16] "0.99"                "0.99"                "0.99"               
[19] "0.99"                "0.99"                "0.99"               
[22] "0.98785299955023"    "0.98785299955023"    "0.975767305189667"  
[25] "0.975767305189667"   "0.984203885211761"   "0.984203885211761"  
[28] "0.969154823677778"   "0.969154823677778"   "0.9832918229698"    
[31] "0.9832918229698"     "0.944151994199081"   "0.944151994199081"  
[34] "0.138316092322827"   "0.138316092322827"   "0.0576567399093737" 
[37] "0.0576567399093737"  "0.0348292704439937"  "0.0348292704439937" 
[40] "0.00627977977810869" "0.00627977977810869" "beta :"             
[43] "1"                  
 [1] "sigma:"              "0.981975178512782"   "0.981975178512782"  
 [4] "0.961655176235572"   "0.961655176235572"   "0.970894399769194"  
 [7] "0.970894399769194"   "0.983533235012844"   "0.983533235012844"  
[10] "0.99"                "0.99"                "0.99"               
[13] "0.99"                "0.99"                "0.99"               
[16] "0.99"                "0.99"                "0.99"               
[19] "0.99"                "0.99"                "0.99"               
[22] "0.98785299955023"    "0.98785299955023"    "0.975767305189667"  
[25] "0.975767305189667"   "0.984203885211761"   "0.984203885211761"  
[28] "0.969154823677778"   "0.969154823677778"   "0.9832918229698"    
[31] "0.9832918229698"     "0.944151994199081"   "0.944151994199081"  
[34] "0.237316092322827"   "0.237316092322827"   "0.00815673990937367"
[37] "0.00815673990937367" "0.0348292704439937"  "0.0348292704439937" 
[40] "0.00627977977810869" "0.00627977977810869" "beta :"             
[43] "1"                  
[1] " old Likelihood:  -7738424.16315182"
[1] "New Likelihood:  -7737064.94204402"
iter:  0  f-value:  8194.636  pgrad:  0.5403642 
iter:  10  f-value:  8192.607  pgrad:  0.9911369 
iter:  20  f-value:  8192.565  pgrad:  0.9889162 
iter:  30  f-value:  8192.539  pgrad:  0.9861279 
iter:  40  f-value:  8192.531  pgrad:  0.9847876 
iter:  50  f-value:  8192.521  pgrad:  0.982846 
  Unsuccessful convergence.
Time difference of 18.32457 mins
[1] "maxIt: 20"
[1] "It: 5"
 [1] "sigma:"              "0.988946567119056"   "0.988946567119056"  
 [4] "0.965157765487813"   "0.965157765487813"   "0.976026527914749"  
 [7] "0.976026527914749"   "0.99"                "0.99"               
[10] "0.99"                "0.99"                "0.99"               
[13] "0.99"                "0.99"                "0.99"               
[16] "0.99"                "0.99"                "0.99"               
[19] "0.99"                "0.99"                "0.99"               
[22] "0.99"                "0.99"                "0.980723982366258"  
[25] "0.980723982366258"   "0.99"                "0.99"               
[28] "0.97499622886289"    "0.97499622886289"    "0.989431238931596"  
[31] "0.989431238931596"   "0.937942840836474"   "0.937942840836474"  
[34] "0.24575734569642"    "0.24575734569642"    "0.0170034959716758" 
[37] "0.0170034959716758"  "0.0425919623731345"  "0.0425919623731345" 
[40] "0.00788337177769683" "0.00788337177769683" "beta :"             
[43] "1"                  
 [1] "sigma:"              "0.988946567119056"   "0.988946567119056"  
 [4] "0.965157765487813"   "0.965157765487813"   "0.976026527914749"  
 [7] "0.976026527914749"   "0.99"                "0.99"               
[10] "0.99"                "0.99"                "0.99"               
[13] "0.99"                "0.99"                "0.99"               
[16] "0.99"                "0.99"                "0.99"               
[19] "0.99"                "0.99"                "0.99"               
[22] "0.99"                "0.99"                "0.980723982366258"  
[25] "0.980723982366258"   "0.99"                "0.99"               
[28] "0.97499622886289"    "0.97499622886289"    "0.989431238931596"  
[31] "0.989431238931596"   "0.937942840836474"   "0.937942840836474"  
[34] "0.29525734569642"    "0.29525734569642"    "0.0170034959716758" 
[37] "0.0170034959716758"  "0.0425919623731345"  "0.0425919623731345" 
[40] "0.00788337177769683" "0.00788337177769683" "beta :"             
[43] "1"                  
[1] " old Likelihood:  -7737064.94204402"
[1] "New Likelihood:  -7736376.64139328"
iter:  0  f-value:  8000.977  pgrad:  0.947417 
iter:  10  f-value:  7999.961  pgrad:  0.9695123 
iter:  20  f-value:  7999.95  pgrad:  0.980606 
iter:  30  f-value:  7999.944  pgrad:  0.9534484 
iter:  40  f-value:  7999.936  pgrad:  0.9296127 
iter:  50  f-value:  7999.931  pgrad:  0.886339 
  Unsuccessful convergence.
Time difference of 17.81793 mins
[1] "maxIt: 20"
[1] "It: 6"
 [1] "sigma:"              "0.99"                "0.99"               
 [4] "0.967613602906623"   "0.967613602906623"   "0.979691923988594"  
 [7] "0.979691923988594"   "0.99"                "0.99"               
[10] "0.99"                "0.99"                "0.99"               
[13] "0.99"                "0.99"                "0.99"               
[16] "0.99"                "0.99"                "0.99"               
[19] "0.99"                "0.99"                "0.99"               
[22] "0.99"                "0.99"                "0.984417254343176"  
[25] "0.984417254343176"   "0.99"                "0.99"               
[28] "0.983770669551092"   "0.983770669551092"   "0.99"               
[31] "0.99"                "0.933723728588979"   "0.933723728588979"  
[34] "0.301669418606758"   "0.301669418606758"   "0.0246257200677102" 
[37] "0.0246257200677102"  "0.0504859722093923"  "0.0504859722093923" 
[40] "0.00957427410750589" "0.00957427410750589" "beta :"             
[43] "1"                  
 [1] "sigma:"               "0.99"                 "0.99"                
 [4] "0.967613602906623"    "0.967613602906623"    "0.979691923988594"   
 [7] "0.979691923988594"    "0.99"                 "0.99"                
[10] "0.99"                 "0.99"                 "0.99"                
[13] "0.99"                 "0.99"                 "0.99"                
[16] "0.99"                 "0.99"                 "0.99"                
[19] "0.99"                 "0.99"                 "0.99"                
[22] "0.99"                 "0.99"                 "0.984417254343176"   
[25] "0.984417254343176"    "0.99"                 "0.99"                
[28] "0.983770669551092"    "0.983770669551092"    "0.99"                
[31] "0.99"                 "0.933723728588979"    "0.933723728588979"   
[34] "0.351169418606758"    "0.351169418606758"    "0.0246257200677102"  
[37] "0.0246257200677102"   "0.000985972209392298" "0.000985972209392298"
[40] "0.0095742741075059"   "0.0095742741075059"   "beta :"              
[43] "1"                   
[1] " old Likelihood:  -7736376.64139328"
[1] "New Likelihood:  -7736000.52320783"
iter:  0  f-value:  7871.323  pgrad:  0.9431553 
iter:  10  f-value:  7870.82  pgrad:  0.7437393 
iter:  20  f-value:  7870.813  pgrad:  0.7393737 
iter:  30  f-value:  7870.808  pgrad:  0.7099607 
iter:  40  f-value:  7870.805  pgrad:  0.6755545 
iter:  50  f-value:  7870.804  pgrad:  0.6560185 
  Unsuccessful convergence.
Time difference of 18.29408 mins
[1] "maxIt: 20"
[1] "It: 7"
 [1] "sigma:"              "0.99"                "0.99"               
 [4] "0.969241172579812"   "0.969241172579812"   "0.982090368635365"  
 [7] "0.982090368635365"   "0.99"                "0.99"               
[10] "0.99"                "0.99"                "0.99"               
[13] "0.99"                "0.99"                "0.99"               
[16] "0.99"                "0.99"                "0.99"               
[19] "0.99"                "0.99"                "0.99"               
[22] "0.99"                "0.99"                "0.985064852911099"  
[25] "0.985064852911099"   "0.99"                "0.99"               
[28] "0.99"                "0.99"                "0.99"               
[31] "0.99"                "0.930360179441519"   "0.930360179441519"  
[34] "0.353577495536878"   "0.353577495536878"   "0.0294101535052297" 
[37] "0.0294101535052297"  "0.00640268762147425" "0.00640268762147425"
[40] "0.0108972382463709"  "0.0108972382463709"  "beta :"             
[43] "1"                  
 [1] "sigma:"              "0.99"                "0.99"               
 [4] "0.969241172579812"   "0.969241172579812"   "0.982090368635365"  
 [7] "0.982090368635365"   "0.99"                "0.99"               
[10] "0.99"                "0.99"                "0.99"               
[13] "0.99"                "0.99"                "0.99"               
[16] "0.99"                "0.99"                "0.99"               
[19] "0.99"                "0.99"                "0.99"               
[22] "0.99"                "0.99"                "0.985064852911099"  
[25] "0.985064852911099"   "0.99"                "0.99"               
[28] "0.99"                "0.99"                "0.99"               
[31] "0.99"                "0.930360179441519"   "0.930360179441519"  
[34] "0.353577495536878"   "0.353577495536878"   "0.0294101535052297" 
[37] "0.0294101535052297"  "0.00640268762147425" "0.00640268762147425"
[40] "0.0108972382463709"  "0.0108972382463709"  "beta :"             
[43] "1"                  
[1] " old Likelihood:  -7736000.52320783"
[1] "New Likelihood:  -7735823.22274382"
iter:  0  f-value:  7869.766  pgrad:  0.9397578 
iter:  10  f-value:  7869.616  pgrad:  0.6015762 
iter:  20  f-value:  7869.611  pgrad:  0.578757 
iter:  30  f-value:  7869.607  pgrad:  0.5845322 
iter:  40  f-value:  7869.605  pgrad:  0.5675065 
iter:  50  f-value:  7869.604  pgrad:  0.5577385 
  Unsuccessful convergence.
Time difference of 17.81781 mins
[1] "maxIt: 20"
[1] "It: 8"
 [1] "sigma:"              "0.99"                "0.99"               
 [4] "0.969950090438842"   "0.969950090438842"   "0.983087491229625"  
 [7] "0.983087491229625"   "0.99"                "0.99"               
[10] "0.99"                "0.99"                "0.99"               
[13] "0.99"                "0.99"                "0.99"               
[16] "0.98983505249176"    "0.98983505249176"    "0.99"               
[19] "0.99"                "0.99"                "0.99"               
[22] "0.989995007376949"   "0.989995007376949"   "0.987981781086419"  
[25] "0.987981781086419"   "0.99"                "0.99"               
[28] "0.99"                "0.99"                "0.99"               
[31] "0.99"                "0.928519471555144"   "0.928519471555144"  
[34] "0.353474943415996"   "0.353474943415996"   "0.0310046483566377" 
[37] "0.0310046483566377"  "0.00878547021123927" "0.00878547021123927"
[40] "0.011498520691598"   "0.011498520691598"   "beta :"             
[43] "1"                  
 [1] "sigma:"              "0.99"                "0.99"               
 [4] "0.969950090438842"   "0.969950090438842"   "0.983087491229625"  
 [7] "0.983087491229625"   "0.99"                "0.99"               
[10] "0.99"                "0.99"                "0.99"               
[13] "0.99"                "0.99"                "0.99"               
[16] "0.98983505249176"    "0.98983505249176"    "0.99"               
[19] "0.99"                "0.99"                "0.99"               
[22] "0.989995007376949"   "0.989995007376949"   "0.987981781086419"  
[25] "0.987981781086419"   "0.99"                "0.99"               
[28] "0.99"                "0.99"                "0.99"               
[31] "0.99"                "0.928519471555144"   "0.928519471555144"  
[34] "0.353474943415996"   "0.353474943415996"   "0.0310046483566377" 
[37] "0.0310046483566377"  "0.00878547021123927" "0.00878547021123927"
[40] "0.011498520691598"   "0.011498520691598"   "beta :"             
[43] "1"                  
[1] " old Likelihood:  -7735823.22274382"
[1] "New Likelihood:  -7735769.01778081"
iter:  0  f-value:  7882.928  pgrad:  0.9378985 
iter:  10  f-value:  7882.847  pgrad:  0.536227 
iter:  20  f-value:  7882.845  pgrad:  0.5355955 
iter:  30  f-value:  7882.844  pgrad:  0.4846515 
iter:  40  f-value:  7882.844  pgrad:  0.4748017 
iter:  50  f-value:  7882.843  pgrad:  0.4499816 
  Unsuccessful convergence.
Time difference of 17.82296 mins
[1] "maxIt: 20"
[1] "It: 9"
 [1] "sigma:"             "0.99"               "0.99"              
 [4] "0.970572325742525"  "0.970572325742525"  "0.984001888751309" 
 [7] "0.984001888751309"  "0.99"               "0.99"              
[10] "0.99"               "0.99"               "0.99"              
[13] "0.99"               "0.99"               "0.99"              
[16] "0.989309256897845"  "0.989309256897845"  "0.99"              
[19] "0.99"               "0.99"               "0.99"              
[22] "0.989563571386099"  "0.989563571386099"  "0.989556225299601" 
[25] "0.989556225299601"  "0.99"               "0.99"              
[28] "0.99"               "0.99"               "0.99"              
[31] "0.99"               "0.927095094342926"  "0.927095094342926" 
[34] "0.352293607439529"  "0.352293607439529"  "0.0320445505426476"
[37] "0.0320445505426476" "0.0107898397703733" "0.0107898397703733"
[40] "0.0120382840228603" "0.0120382840228603" "beta :"            
[43] "1"                 
 [1] "sigma:"             "0.99"               "0.99"              
 [4] "0.970572325742525"  "0.970572325742525"  "0.984001888751309" 
 [7] "0.984001888751309"  "0.99"               "0.99"              
[10] "0.99"               "0.99"               "0.99"              
[13] "0.99"               "0.99"               "0.99"              
[16] "0.989309256897845"  "0.989309256897845"  "0.99"              
[19] "0.99"               "0.99"               "0.99"              
[22] "0.989563571386099"  "0.989563571386099"  "0.989556225299601" 
[25] "0.989556225299601"  "0.99"               "0.99"              
[28] "0.99"               "0.99"               "0.99"              
[31] "0.99"               "0.927095094342926"  "0.927095094342926" 
[34] "0.352293607439529"  "0.352293607439529"  "0.0320445505426476"
[37] "0.0320445505426476" "0.0107898397703733" "0.0107898397703733"
[40] "0.0120382840228603" "0.0120382840228603" "beta :"            
[43] "1"                 
[1] " old Likelihood:  -7735769.01778081"
[1] "New Likelihood:  -7735733.86020188"
iter:  0  f-value:  7893.534  pgrad:  0.9364597 
iter:  10  f-value:  7893.478  pgrad:  0.388136 
iter:  20  f-value:  7893.477  pgrad:  0.480218 
iter:  30  f-value:  7893.476  pgrad:  0.3628793 
iter:  40  f-value:  7893.475  pgrad:  0.3309287 
iter:  50  f-value:  7893.475  pgrad:  0.5246075 
  Unsuccessful convergence.
Time difference of 17.80107 mins
[1] "maxIt: 20"
[1] "It: 10"
 [1] "sigma:"             "0.99"               "0.99"              
 [4] "0.971757410273036"  "0.971757410273036"  "0.985798051593975" 
 [7] "0.985798051593975"  "0.99"               "0.99"              
[10] "0.99"               "0.99"               "0.99"              
[13] "0.99"               "0.99"               "0.99"              
[16] "0.98834713265157"   "0.98834713265157"   "0.99"              
[19] "0.99"               "0.99"               "0.99"              
[22] "0.989656645405937"  "0.989656645405937"  "0.99"              
[25] "0.99"               "0.99"               "0.99"              
[28] "0.99"               "0.99"               "0.99"              
[31] "0.99"               "0.926091501653856"  "0.926091501653856" 
[34] "0.34907728414731"   "0.34907728414731"   "0.0336849698452568"
[37] "0.0336849698452568" "0.0143855038440412" "0.0143855038440412"
[40] "0.0133055528460504" "0.0133055528460504" "beta :"            
[43] "1"                 
 [1] "sigma:"             "0.99"               "0.99"              
 [4] "0.971757410273036"  "0.971757410273036"  "0.985798051593975" 
 [7] "0.985798051593975"  "0.99"               "0.99"              
[10] "0.99"               "0.99"               "0.99"              
[13] "0.99"               "0.99"               "0.99"              
[16] "0.98834713265157"   "0.98834713265157"   "0.99"              
[19] "0.99"               "0.99"               "0.99"              
[22] "0.989656645405937"  "0.989656645405937"  "0.99"              
[25] "0.99"               "0.99"               "0.99"              
[28] "0.99"               "0.99"               "0.99"              
[31] "0.99"               "0.926091501653856"  "0.926091501653856" 
[34] "0.34907728414731"   "0.34907728414731"   "0.0336849698452568"
[37] "0.0336849698452568" "0.0143855038440412" "0.0143855038440412"
[40] "0.0133055528460504" "0.0133055528460504" "beta :"            
[43] "1"                 
[1] " old Likelihood:  -7735733.86020188"
[1] "New Likelihood:  -7735705.68272747"
iter:  0  f-value:  7903.03  pgrad:  0.935446 
iter:  10  f-value:  7902.989  pgrad:  0.5394512 
iter:  20  f-value:  7902.988  pgrad:  0.4896801 
iter:  30  f-value:  7902.988  pgrad:  0.2987781 
iter:  40  f-value:  7902.987  pgrad:  0.2796878 
iter:  50  f-value:  7902.986  pgrad:  0.5102484 
  Unsuccessful convergence.
Time difference of 17.83331 mins
[1] "maxIt: 20"
[1] "It: 11"
 [1] "sigma:"             "0.99"               "0.99"              
 [4] "0.972955929940018"  "0.972955929940018"  "0.987657235763093" 
 [7] "0.987657235763093"  "0.99"               "0.99"              
[10] "0.99"               "0.99"               "0.99"              
[13] "0.99"               "0.99"               "0.99"              
[16] "0.987785390769403"  "0.987785390769403"  "0.99"              
[19] "0.99"               "0.99"               "0.99"              
[22] "0.989990069418228"  "0.989990069418228"  "0.99"              
[25] "0.99"               "0.99"               "0.99"              
[28] "0.99"               "0.99"               "0.99"              
[31] "0.99"               "0.92530172834592"   "0.92530172834592"  
[34] "0.345155035138727"  "0.345155035138727"  "0.0347473443983546"
[37] "0.0347473443983546" "0.0174985470844173" "0.0174985470844173"
[40] "0.0143455516052071" "0.0143455516052071" "beta :"            
[43] "1"                 
 [1] "sigma:"             "0.99"               "0.99"              
 [4] "0.972955929940018"  "0.972955929940018"  "0.987657235763093" 
 [7] "0.987657235763093"  "0.99"               "0.99"              
[10] "0.99"               "0.99"               "0.99"              
[13] "0.99"               "0.99"               "0.99"              
[16] "0.987785390769403"  "0.987785390769403"  "0.99"              
[19] "0.99"               "0.99"               "0.99"              
[22] "0.989990069418228"  "0.989990069418228"  "0.99"              
[25] "0.99"               "0.99"               "0.99"              
[28] "0.99"               "0.99"               "0.99"              
[31] "0.99"               "0.92530172834592"   "0.92530172834592"  
[34] "0.345155035138727"  "0.345155035138727"  "0.0347473443983546"
[37] "0.0347473443983546" "0.0174985470844173" "0.0174985470844173"
[40] "0.0143455516052071" "0.0143455516052071" "beta :"            
[43] "1"                 
[1] " old Likelihood:  -7735705.68272747"
[1] "New Likelihood:  -7735683.34124263"
iter:  0  f-value:  7912.87  pgrad:  0.9346482 
iter:  10  f-value:  7912.84  pgrad:  0.441114 
iter:  20  f-value:  7912.839  pgrad:  0.4793904 
iter:  30  f-value:  7912.838  pgrad:  0.2169782 
iter:  40  f-value:  7912.838  pgrad:  0.2115303 
iter:  50  f-value:  7912.838  pgrad:  0.1973604 
  Unsuccessful convergence.
Time difference of 17.80735 mins
[1] "maxIt: 20"
[1] "It: 12"
 [1] "sigma:"             "0.99"               "0.99"              
 [4] "0.974062419216689"  "0.974062419216689"  "0.989416527791841" 
 [7] "0.989416527791841"  "0.99"               "0.99"              
[10] "0.99"               "0.99"               "0.99"              
[13] "0.99"               "0.99"               "0.99"              
[16] "0.987463849109562"  "0.987463849109562"  "0.99"              
[19] "0.99"               "0.99"               "0.99"              
[22] "0.99"               "0.99"               "0.99"              
[25] "0.99"               "0.99"               "0.99"              
[28] "0.99"               "0.99"               "0.99"              
[31] "0.99"               "0.924727774371183"  "0.924727774371183" 
[34] "0.340542590188341"  "0.340542590188341"  "0.0354353086395399"
[37] "0.0354353086395399" "0.0202247709563457" "0.0202247709563457"
[40] "0.0153438395278645" "0.0153438395278645" "beta :"            
[43] "1"                 
 [1] "sigma:"             "0.99"               "0.99"              
 [4] "0.974062419216689"  "0.974062419216689"  "0.989416527791841" 
 [7] "0.989416527791841"  "0.99"               "0.99"              
[10] "0.99"               "0.99"               "0.99"              
[13] "0.99"               "0.99"               "0.99"              
[16] "0.987463849109562"  "0.987463849109562"  "0.99"              
[19] "0.99"               "0.99"               "0.99"              
[22] "0.99"               "0.99"               "0.99"              
[25] "0.99"               "0.99"               "0.99"              
[28] "0.99"               "0.99"               "0.99"              
[31] "0.99"               "0.924727774371183"  "0.924727774371183" 
[34] "0.340542590188341"  "0.340542590188341"  "0.0354353086395399"
[37] "0.0354353086395399" "0.0202247709563457" "0.0202247709563457"
[40] "0.0153438395278645" "0.0153438395278645" "beta :"            
[43] "1"                 
[1] " old Likelihood:  -7735683.34124263"
[1] "New Likelihood:  -7735665.3975535"
iter:  0  f-value:  7922.519  pgrad:  0.9340685 
iter:  10  f-value:  7922.497  pgrad:  0.3430417 
iter:  20  f-value:  7922.496  pgrad:  0.5281687 
iter:  30  f-value:  7922.495  pgrad:  0.3409439 
iter:  40  f-value:  7922.495  pgrad:  0.303462 
iter:  50  f-value:  7922.494  pgrad:  0.1578519 
  Unsuccessful convergence.
Time difference of 17.80198 mins
[1] "maxIt: 20"
[1] "It: 13"
 [1] "sigma:"             "0.99"               "0.99"              
 [4] "0.974910814750111"  "0.974910814750111"  "0.99"              
 [7] "0.99"               "0.99"               "0.99"              
[10] "0.99"               "0.99"               "0.99"              
[13] "0.99"               "0.99"               "0.99"              
[16] "0.987301819319096"  "0.987301819319096"  "0.99"              
[19] "0.99"               "0.99"               "0.99"              
[22] "0.99"               "0.99"               "0.99"              
[25] "0.99"               "0.99"               "0.99"              
[28] "0.99"               "0.99"               "0.99"              
[31] "0.99"               "0.924293612988381"  "0.924293612988381" 
[34] "0.335779997914009"  "0.335779997914009"  "0.035665922247061" 
[37] "0.035665922247061"  "0.0221523762417862" "0.0221523762417862"
[40] "0.0161155621390024" "0.0161155621390024" "beta :"            
[43] "1"                 
 [1] "sigma:"             "0.99"               "0.99"              
 [4] "0.974910814750111"  "0.974910814750111"  "0.99"              
 [7] "0.99"               "0.99"               "0.99"              
[10] "0.99"               "0.99"               "0.99"              
[13] "0.99"               "0.99"               "0.99"              
[16] "0.987301819319096"  "0.987301819319096"  "0.99"              
[19] "0.99"               "0.99"               "0.99"              
[22] "0.99"               "0.99"               "0.99"              
[25] "0.99"               "0.99"               "0.99"              
[28] "0.99"               "0.99"               "0.99"              
[31] "0.99"               "0.924293612988381"  "0.924293612988381" 
[34] "0.335779997914009"  "0.335779997914009"  "0.035665922247061" 
[37] "0.035665922247061"  "0.0221523762417862" "0.0221523762417862"
[40] "0.0161155621390024" "0.0161155621390024" "beta :"            
[43] "1"                 
[1] " old Likelihood:  -7735665.3975535"
[1] "New Likelihood:  -7735650.93290704"
iter:  0  f-value:  7931.899  pgrad:  0.9336299 
iter:  10  f-value:  7931.882  pgrad:  0.3385661 
iter:  20  f-value:  7931.88  pgrad:  0.3365953 
iter:  30  f-value:  7931.88  pgrad:  0.3861351 
iter:  40  f-value:  7931.88  pgrad:  0.2603883 
iter:  50  f-value:  7931.879  pgrad:  0.2144498 
  Unsuccessful convergence.
Time difference of 17.79279 mins
[1] "maxIt: 20"
[1] "It: 14"
 [1] "sigma:"             "0.99"               "0.99"              
 [4] "0.975559853222348"  "0.975559853222348"  "0.99"              
 [7] "0.99"               "0.99"               "0.99"              
[10] "0.99"               "0.99"               "0.99"              
[13] "0.99"               "0.99"               "0.99"              
[16] "0.987239107771755"  "0.987239107771755"  "0.99"              
[19] "0.99"               "0.99"               "0.99"              
[22] "0.99"               "0.99"               "0.99"              
[25] "0.99"               "0.99"               "0.99"              
[28] "0.99"               "0.99"               "0.99"              
[31] "0.99"               "0.923933972860411"  "0.923933972860411" 
[34] "0.331480221043959"  "0.331480221043959"  "0.0355510713947557"
[37] "0.0355510713947557" "0.0233224767540315" "0.0233224767540315"
[40] "0.0166391879047911" "0.0166391879047911" "beta :"            
[43] "1"                 
 [1] "sigma:"             "0.99"               "0.99"              
 [4] "0.975559853222348"  "0.975559853222348"  "0.99"              
 [7] "0.99"               "0.99"               "0.99"              
[10] "0.99"               "0.99"               "0.99"              
[13] "0.99"               "0.99"               "0.99"              
[16] "0.987239107771755"  "0.987239107771755"  "0.99"              
[19] "0.99"               "0.99"               "0.99"              
[22] "0.99"               "0.99"               "0.99"              
[25] "0.99"               "0.99"               "0.99"              
[28] "0.99"               "0.99"               "0.99"              
[31] "0.99"               "0.923933972860411"  "0.923933972860411" 
[34] "0.331480221043959"  "0.331480221043959"  "0.0355510713947557"
[37] "0.0355510713947557" "0.0233224767540315" "0.0233224767540315"
[40] "0.0166391879047911" "0.0166391879047911" "beta :"            
[43] "1"                 
[1] " old Likelihood:  -7735650.93290704"
[1] "New Likelihood:  -7735639.23666568"
iter:  0  f-value:  7940.314  pgrad:  0.9332666 
iter:  10  f-value:  7940.301  pgrad:  0.3342367 
iter:  20  f-value:  7940.299  pgrad:  0.3316244 
iter:  30  f-value:  7940.299  pgrad:  0.3313505 
iter:  40  f-value:  7940.299  pgrad:  0.1678382 
iter:  50  f-value:  7940.299  pgrad:  0.4050344 
  Unsuccessful convergence.
Time difference of 17.79075 mins
[1] "maxIt: 20"
[1] "It: 15"
 [1] "sigma:"             "0.99"               "0.99"              
 [4] "0.976505501193744"  "0.976505501193744"  "0.99"              
 [7] "0.99"               "0.99"               "0.99"              
[10] "0.99"               "0.99"               "0.99"              
[13] "0.99"               "0.99"               "0.99"              
[16] "0.987163513455001"  "0.987163513455001"  "0.99"              
[19] "0.99"               "0.99"               "0.99"              
[22] "0.99"               "0.99"               "0.99"              
[25] "0.99"               "0.99"               "0.99"              
[28] "0.99"               "0.99"               "0.99"              
[31] "0.99"               "0.923756282169286"  "0.923756282169286" 
[34] "0.326079533016659"  "0.326079533016659"  "0.0352552277746132"
[37] "0.0352552277746132" "0.0246240541462934" "0.0246240541462934"
[40] "0.0173555943390655" "0.0173555943390655" "beta :"            
[43] "1"                 
 [1] "sigma:"             "0.99"               "0.99"              
 [4] "0.976505501193744"  "0.976505501193744"  "0.99"              
 [7] "0.99"               "0.99"               "0.99"              
[10] "0.99"               "0.99"               "0.99"              
[13] "0.99"               "0.99"               "0.99"              
[16] "0.987163513455001"  "0.987163513455001"  "0.99"              
[19] "0.99"               "0.99"               "0.99"              
[22] "0.99"               "0.99"               "0.99"              
[25] "0.99"               "0.99"               "0.99"              
[28] "0.99"               "0.99"               "0.99"              
[31] "0.99"               "0.923756282169286"  "0.923756282169286" 
[34] "0.276579533016659"  "0.276579533016659"  "0.0352552277746132"
[37] "0.0352552277746132" "0.0246240541462934" "0.0246240541462934"
[40] "0.0173555943390655" "0.0173555943390655" "beta :"            
[43] "1"                 
[1] " old Likelihood:  -7735639.23666568"
[1] "New Likelihood:  -7735629.2162606"
iter:  0  f-value:  8092.638  pgrad:  0.9330872 
iter:  10  f-value:  8092.617  pgrad:  0.2794888 
iter:  20  f-value:  8092.616  pgrad:  0.5272873 
iter:  30  f-value:  8092.614  pgrad:  0.2757226 
iter:  40  f-value:  8092.614  pgrad:  0.2750669 
iter:  50  f-value:  8092.614  pgrad:  0.2623801 
  Unsuccessful convergence.
Time difference of 18.24765 mins
[1] "maxIt: 20"
[1] "It: 16"
 [1] "sigma:"             "0.99"               "0.99"              
 [4] "0.977112413822221"  "0.977112413822221"  "0.99"              
 [7] "0.99"               "0.99"               "0.99"              
[10] "0.99"               "0.99"               "0.99"              
[13] "0.99"               "0.99"               "0.99"              
[16] "0.9871566826792"    "0.9871566826792"    "0.99"              
[19] "0.99"               "0.99"               "0.99"              
[22] "0.99"               "0.99"               "0.99"              
[25] "0.99"               "0.99"               "0.99"              
[28] "0.99"               "0.99"               "0.99"              
[31] "0.99"               "0.923530387384924"  "0.923530387384924" 
[34] "0.271844787013599"  "0.271844787013599"  "0.0334266083704222"
[37] "0.0334266083704222" "0.0249162991459119" "0.0249162991459119"
[40] "0.0177385616648022" "0.0177385616648022" "beta :"            
[43] "1"                 
 [1] "sigma:"             "0.99"               "0.99"              
 [4] "0.977112413822221"  "0.977112413822221"  "0.99"              
 [7] "0.99"               "0.99"               "0.99"              
[10] "0.99"               "0.99"               "0.99"              
[13] "0.99"               "0.99"               "0.99"              
[16] "0.9871566826792"    "0.9871566826792"    "0.99"              
[19] "0.99"               "0.99"               "0.99"              
[22] "0.99"               "0.99"               "0.99"              
[25] "0.99"               "0.99"               "0.99"              
[28] "0.99"               "0.99"               "0.99"              
[31] "0.99"               "0.923530387384924"  "0.923530387384924" 
[34] "0.271844787013599"  "0.271844787013599"  "0.0334266083704222"
[37] "0.0334266083704222" "0.0249162991459119" "0.0249162991459119"
[40] "0.0177385616648022" "0.0177385616648022" "beta :"            
[43] "1"                 
[1] " old Likelihood:  -7735629.2162606"
[1] "New Likelihood:  -7735616.85687837"
iter:  0  f-value:  8087.198  pgrad:  0.932859 
iter:  10  f-value:  8087.186  pgrad:  0.2743629 
iter:  20  f-value:  8087.186  pgrad:  0.5210512 
iter:  30  f-value:  8087.184  pgrad:  0.3288642 
iter:  40  f-value:  8087.184  pgrad:  0.2342131 
iter:  50  f-value:  8087.184  pgrad:  0.1484932 
  Unsuccessful convergence.
Time difference of 17.80497 mins
[1] "maxIt: 20"
[1] "It: 17"
 [1] "sigma:"             "0.99"               "0.99"              
 [4] "0.977820178712964"  "0.977820178712964"  "0.99"              
 [7] "0.99"               "0.99"               "0.99"              
[10] "0.99"               "0.99"               "0.99"              
[13] "0.99"               "0.99"               "0.99"              
[16] "0.98710053777879"   "0.98710053777879"   "0.99"              
[19] "0.99"               "0.99"               "0.99"              
[22] "0.99"               "0.99"               "0.99"              
[25] "0.99"               "0.99"               "0.99"              
[28] "0.99"               "0.99"               "0.99"              
[31] "0.99"               "0.923389028867354"  "0.923389028867354" 
[34] "0.267387759280891"  "0.267387759280891"  "0.032075135391064" 
[37] "0.032075135391064"  "0.0253253149527096" "0.0253253149527096"
[40] "0.0181904621939862" "0.0181904621939862" "beta :"            
[43] "1"                 
 [1] "sigma:"             "0.99"               "0.99"              
 [4] "0.977820178712964"  "0.977820178712964"  "0.99"              
 [7] "0.99"               "0.99"               "0.99"              
[10] "0.99"               "0.99"               "0.99"              
[13] "0.99"               "0.99"               "0.99"              
[16] "0.98710053777879"   "0.98710053777879"   "0.99"              
[19] "0.99"               "0.99"               "0.99"              
[22] "0.99"               "0.99"               "0.99"              
[25] "0.99"               "0.99"               "0.99"              
[28] "0.99"               "0.99"               "0.99"              
[31] "0.99"               "0.923389028867354"  "0.923389028867354" 
[34] "0.267387759280891"  "0.267387759280891"  "0.032075135391064" 
[37] "0.032075135391064"  "0.0253253149527096" "0.0253253149527096"
[40] "0.0181904621939862" "0.0181904621939862" "beta :"            
[43] "1"                 
[1] " old Likelihood:  -7735616.85687837"
[1] "New Likelihood:  -7735608.95157744"
iter:  0  f-value:  8088.175  pgrad:  0.9327162 
iter:  10  f-value:  8088.167  pgrad:  0.2696685 
iter:  20  f-value:  8088.167  pgrad:  0.5204856 
iter:  30  f-value:  8088.166  pgrad:  0.2035995 
iter:  40  f-value:  8088.165  pgrad:  0.4068534 
iter:  50  f-value:  8088.165  pgrad:  0.1286026 
  Unsuccessful convergence.
Time difference of 17.78965 mins
[1] "maxIt: 20"
[1] "It: 18"
 [1] "sigma:"             "0.99"               "0.99"              
 [4] "0.978478033411326"  "0.978478033411326"  "0.99"              
 [7] "0.99"               "0.99"               "0.99"              
[10] "0.99"               "0.99"               "0.99"              
[13] "0.99"               "0.99"               "0.99"              
[16] "0.987048505578706"  "0.987048505578706"  "0.99"              
[19] "0.99"               "0.99"               "0.99"              
[22] "0.99"               "0.99"               "0.99"              
[25] "0.99"               "0.99"               "0.99"              
[28] "0.99"               "0.99"               "0.99"              
[31] "0.99"               "0.923317106208838"  "0.923317106208838" 
[34] "0.263192446284605"  "0.263192446284605"  "0.0309980948798633"
[37] "0.0309980948798633" "0.025592299362519"  "0.025592299362519" 
[40] "0.018585462016535"  "0.018585462016535"  "beta :"            
[43] "1"                 
 [1] "sigma:"             "0.99"               "0.99"              
 [4] "0.978478033411326"  "0.978478033411326"  "0.99"              
 [7] "0.99"               "0.99"               "0.99"              
[10] "0.99"               "0.99"               "0.99"              
[13] "0.99"               "0.99"               "0.99"              
[16] "0.987048505578706"  "0.987048505578706"  "0.99"              
[19] "0.99"               "0.99"               "0.99"              
[22] "0.99"               "0.99"               "0.99"              
[25] "0.99"               "0.99"               "0.99"              
[28] "0.99"               "0.99"               "0.99"              
[31] "0.99"               "0.923317106208838"  "0.923317106208838" 
[34] "0.263192446284605"  "0.263192446284605"  "0.0309980948798633"
[37] "0.0309980948798633" "0.0255922993625191" "0.0255922993625191"
[40] "0.018585462016535"  "0.018585462016535"  "beta :"            
[43] "1"                 
[1] " old Likelihood:  -7735608.95157744"
[1] "New Likelihood:  -7735602.73921292"
iter:  0  f-value:  8091.567  pgrad:  0.9326435 
iter:  10  f-value:  8091.561  pgrad:  0.2654882 
iter:  20  f-value:  8091.561  pgrad:  0.2639457 
iter:  30  f-value:  8091.56  pgrad:  0.4956507 
iter:  40  f-value:  8091.56  pgrad:  0.2422075 
iter:  50  f-value:  8091.56  pgrad:  0.08140887 
  Unsuccessful convergence.
Time difference of 17.79071 mins
[1] "maxIt: 20"
[1] "It: 19"
 [1] "sigma:"             "0.99"               "0.99"              
 [4] "0.979194682515783"  "0.979194682515783"  "0.99"              
 [7] "0.99"               "0.99"               "0.99"              
[10] "0.99"               "0.99"               "0.99"              
[13] "0.99"               "0.99"               "0.99"              
[16] "0.986986867519663"  "0.986986867519663"  "0.99"              
[19] "0.99"               "0.99"               "0.99"              
[22] "0.99"               "0.99"               "0.99"              
[25] "0.99"               "0.99"               "0.99"              
[28] "0.99"               "0.99"               "0.99"              
[31] "0.99"               "0.923338844940172"  "0.923338844940172" 
[34] "0.258741998124827"  "0.258741998124827"  "0.0298768367036663"
[37] "0.0298768367036663" "0.0256957748654711" "0.0256957748654711"
[40] "0.0189938790227103" "0.0189938790227103" "beta :"            
[43] "1"                 
 [1] "sigma:"             "0.99"               "0.99"              
 [4] "0.979194682515783"  "0.979194682515783"  "0.99"              
 [7] "0.99"               "0.99"               "0.99"              
[10] "0.99"               "0.99"               "0.99"              
[13] "0.99"               "0.99"               "0.99"              
[16] "0.986986867519663"  "0.986986867519663"  "0.99"              
[19] "0.99"               "0.99"               "0.99"              
[22] "0.99"               "0.99"               "0.99"              
[25] "0.99"               "0.99"               "0.99"              
[28] "0.99"               "0.99"               "0.99"              
[31] "0.99"               "0.923338844940172"  "0.923338844940172" 
[34] "0.258741998124827"  "0.258741998124827"  "0.0298768367036663"
[37] "0.0298768367036663" "0.0256957748654711" "0.0256957748654711"
[40] "0.0189938790227103" "0.0189938790227103" "beta :"            
[43] "1"                 
[1] " old Likelihood:  -7735602.73921292"
[1] "New Likelihood:  -7735597.4920834"
iter:  0  f-value:  8096.595  pgrad:  0.8292955 
iter:  10  f-value:  8096.59  pgrad:  0.2610269 
iter:  20  f-value:  8096.589  pgrad:  0.2597397 
iter:  30  f-value:  8096.589  pgrad:  0.2591807 
iter:  40  f-value:  8096.589  pgrad:  0.4716332 
iter:  50  f-value:  8096.589  pgrad:  0.163509 
  Unsuccessful convergence.
Time difference of 17.74879 mins
[1] "maxIt: 20"
[1] "It: 20"
 [1] "sigma:"             "0.99"               "0.99"              
 [4] "0.979680596161342"  "0.979680596161342"  "0.99"              
 [7] "0.99"               "0.99"               "0.99"              
[10] "0.99"               "0.99"               "0.99"              
[13] "0.99"               "0.99"               "0.99"              
[16] "0.986945887616157"  "0.986945887616157"  "0.99"              
[19] "0.99"               "0.99"               "0.99"              
[22] "0.99"               "0.99"               "0.99"              
[25] "0.99"               "0.99"               "0.99"              
[28] "0.99"               "0.99"               "0.99"              
[31] "0.99"               "0.923359572555209"  "0.923359572555209" 
[34] "0.255131565008798"  "0.255131565008798"  "0.0289546194897533"
[37] "0.0289546194897533" "0.0255921937588934" "0.0255921937588934"
[40] "0.0192380248318388" "0.0192380248318388" "beta :"            
[43] "1"                 
 [1] "sigma:"             "0.99"               "0.99"              
 [4] "0.979680596161342"  "0.979680596161342"  "0.99"              
 [7] "0.99"               "0.99"               "0.99"              
[10] "0.99"               "0.99"               "0.99"              
[13] "0.99"               "0.99"               "0.99"              
[16] "0.986945887616157"  "0.986945887616157"  "0.99"              
[19] "0.99"               "0.99"               "0.99"              
[22] "0.99"               "0.99"               "0.99"              
[25] "0.99"               "0.99"               "0.99"              
[28] "0.99"               "0.99"               "0.99"              
[31] "0.99"               "0.923359572555209"  "0.923359572555209" 
[34] "0.255131565008798"  "0.255131565008798"  "0.0289546194897533"
[37] "0.0289546194897533" "0.0255921937588934" "0.0255921937588934"
[40] "0.0192380248318388" "0.0192380248318388" "beta :"            
[43] "1"                 
[1] " old Likelihood:  -7735597.4920834"
[1] "New Likelihood:  -7735593.11053622"
iter:  0  f-value:  8101.021  pgrad:  0.6158552 
iter:  10  f-value:  8101.018  pgrad:  0.2573906 
iter:  20  f-value:  8101.017  pgrad:  0.5219772 
iter:  30  f-value:  8101.017  pgrad:  0.2551439 
iter:  40  f-value:  8101.016  pgrad:  0.06603841 
iter:  50  f-value:  8101.017  pgrad:  0.5337814 
  Unsuccessful convergence.
Time difference of 17.82083 mins
 [1] "sigma:"             "0.99"               "0.99"              
 [4] "0.980395773882592"  "0.980395773882592"  "0.99"              
 [7] "0.99"               "0.99"               "0.99"              
[10] "0.99"               "0.99"               "0.99"              
[13] "0.99"               "0.99"               "0.99"              
[16] "0.986878822207099"  "0.986878822207099"  "0.99"              
[19] "0.99"               "0.99"               "0.99"              
[22] "0.99"               "0.99"               "0.99"              
[25] "0.99"               "0.99"               "0.99"              
[28] "0.99"               "0.99"               "0.99"              
[31] "0.99"               "0.923501806384359"  "0.923501806384359" 
[34] "0.250517173496944"  "0.250517173496944"  "0.027660883510109" 
[37] "0.027660883510109"  "0.0252102549219586" "0.0252102549219586"
[40] "0.0195708749585724" "0.0195708749585724" "beta :"            
[43] "1"                 
[1] 1998506 1999962 1999756 1999742 1999664
[1] 1 1 1 1 1
saved RDS
inference successful
