[1] "Original length"
[1] 999311
[1] "Final length"
[1] 17316
[1] "sequence length : 999312" "sequence length : 999844"
[3] "sequence length : 999467" "sequence length : 999896"
[5] "sequence length : 998998"
[1] 1 1 1 1 1
[1] "Beta: 1"
[1] "Self: 0"
[1] "maxIt: 20"
[1] "It: 1"
 [1] "sigma:" "0"      "0"      "0"      "0"      "0"      "0"      "0"     
 [9] "0"      "0"      "0"      "0"      "0"      "0"      "0"      "0"     
[17] "0"      "0"      "0"      "0"      "0"      "0"      "0"      "0"     
[25] "0"      "0"      "0"      "0"      "0"      "0"      "0"      "0"     
[33] "0"      "0"      "0"      "0"      "0"      "0"      "0"      "0"     
[41] "0"      "beta :" "1"     
 [1] "sigma:" "0.9405" "0.9405" "0.9405" "0.9405" "0.9405" "0.9405" "0.9405"
 [9] "0.9405" "0.9405" "0.9405" "0.9405" "0.9405" "0.9405" "0.9405" "0.9405"
[17] "0.9405" "0.9405" "0.9405" "0.9405" "0.9405" "0.9405" "0.9405" "0.9405"
[25] "0.9405" "0.9405" "0.9405" "0.9405" "0.9405" "0.9405" "0.9405" "0.9405"
[33] "0.9405" "0"      "0"      "0"      "0"      "0"      "0"      "0"     
[41] "0"      "beta :" "1"     
[1] "New Likelihood:  -6883735.54955859"
iter:  0  f-value:  8781.016  pgrad:  0.5 
iter:  10  f-value:  8758.594  pgrad:  0.9977538 
iter:  20  f-value:  8757.06  pgrad:  0.9905674 
iter:  30  f-value:  8756.783  pgrad:  0.9844895 
iter:  40  f-value:  8756.417  pgrad:  0.9887149 
iter:  50  f-value:  8756.256  pgrad:  0.9663277 
  Unsuccessful convergence.
Time difference of 2.337447 hours
[1] "maxIt: 20"
[1] "It: 2"
 [1] "sigma:"              "0.960776370573151"   "0.960776370573151"  
 [4] "0.951041371387971"   "0.951041371387971"   "0.955161204144405"  
 [7] "0.955161204144405"   "0.960962721314564"   "0.960962721314564"  
[10] "0.967942355360524"   "0.967942355360524"   "0.974334580300553"  
[13] "0.974334580300553"   "0.979527599234552"   "0.979527599234552"  
[16] "0.97888555079388"    "0.97888555079388"    "0.976860293651927"  
[19] "0.976860293651927"   "0.969375462275245"   "0.969375462275245"  
[22] "0.962061244001358"   "0.962061244001358"   "0.966744991077085"  
[25] "0.966744991077085"   "0.941603154263418"   "0.941603154263418"  
[28] "0.953670004904446"   "0.953670004904446"   "0.955048709581691"  
[31] "0.955048709581691"   "0.950657688378215"   "0.950657688378215"  
[34] "0.0571300924582957"  "0.0571300924582957"  "0.0659962152483157" 
[37] "0.0659962152483157"  "0.0333970147608134"  "0.0333970147608134" 
[40] "0.00555413370679519" "0.00555413370679519" "beta :"             
[43] "1"                  
 [1] "sigma:"              "0.960776370573151"   "0.960776370573151"  
 [4] "0.951041371387971"   "0.951041371387971"   "0.955161204144405"  
 [7] "0.955161204144405"   "0.960962721314564"   "0.960962721314564"  
[10] "0.967942355360524"   "0.967942355360524"   "0.974334580300553"  
[13] "0.974334580300553"   "0.979527599234552"   "0.979527599234552"  
[16] "0.97888555079388"    "0.97888555079388"    "0.976860293651927"  
[19] "0.976860293651927"   "0.969375462275245"   "0.969375462275245"  
[22] "0.962061244001358"   "0.962061244001358"   "0.966744991077085"  
[25] "0.966744991077085"   "0.941603154263418"   "0.941603154263418"  
[28] "0.953670004904446"   "0.953670004904446"   "0.955048709581691"  
[31] "0.955048709581691"   "0.950657688378215"   "0.950657688378215"  
[34] "0.00763009245829571" "0.00763009245829571" "0.0164962152483157" 
[37] "0.0164962152483157"  "0.0333970147608133"  "0.0333970147608133" 
[40] "0.00555413370679519" "0.00555413370679519" "beta :"             
[43] "1"                  
[1] " old Likelihood:  -6883735.54955859"
[1] "New Likelihood:  -6876643.84778219"
iter:  0  f-value:  8915.794  pgrad:  0.9602603 
iter:  10  f-value:  8909.289  pgrad:  0.9943641 
iter:  20  f-value:  8909.122  pgrad:  0.986203 
iter:  30  f-value:  8909.03  pgrad:  0.9776605 
iter:  40  f-value:  8908.926  pgrad:  1 
iter:  50  f-value:  8908.809  pgrad:  0.9608279 
  Unsuccessful convergence.
Time difference of 16.37284 mins
[1] "maxIt: 20"
[1] "It: 3"
 [1] "sigma:"              "0.973123179387946"   "0.973123179387946"  
 [4] "0.957192172488338"   "0.957192172488338"   "0.963775071578622"  
 [7] "0.963775071578622"   "0.973095280404512"   "0.973095280404512"  
[10] "0.984277619362252"   "0.984277619362252"   "0.99"               
[13] "0.99"                "0.99"                "0.99"               
[16] "0.989837493374119"   "0.989837493374119"   "0.989063776541263"  
[19] "0.989063776541263"   "0.980978205320178"   "0.980978205320178"  
[22] "0.974919873189514"   "0.974919873189514"   "0.988530693062719"  
[25] "0.988530693062719"   "0.94630314361637"    "0.94630314361637"   
[28] "0.962343778294179"   "0.962343778294179"   "0.956088793956063"  
[31] "0.956088793956063"   "0.945979028031462"   "0.945979028031462"  
[34] "0.0389045725989285"  "0.0389045725989285"  "0.0498273979402326" 
[37] "0.0498273979402326"  "0.0543223506579345"  "0.0543223506579345" 
[40] "0.00920745924278445" "0.00920745924278445" "beta :"             
[43] "1"                  
 [1] "sigma:"               "0.973123179387946"    "0.973123179387946"   
 [4] "0.957192172488338"    "0.957192172488338"    "0.963775071578622"   
 [7] "0.963775071578622"    "0.973095280404512"    "0.973095280404512"   
[10] "0.984277619362252"    "0.984277619362252"    "0.99"                
[13] "0.99"                 "0.99"                 "0.99"                
[16] "0.989837493374119"    "0.989837493374119"    "0.989063776541263"   
[19] "0.989063776541263"    "0.980978205320178"    "0.980978205320178"   
[22] "0.974919873189514"    "0.974919873189514"    "0.988530693062719"   
[25] "0.988530693062719"    "0.94630314361637"     "0.94630314361637"    
[28] "0.962343778294179"    "0.962343778294179"    "0.956088793956063"   
[31] "0.956088793956063"    "0.896479028031462"    "0.896479028031462"   
[34] "0.236904572598928"    "0.236904572598928"    "0.000327397940232636"
[37] "0.000327397940232636" "0.00482235065793444"  "0.00482235065793444" 
[40] "0.00920745924278445"  "0.00920745924278445"  "beta :"              
[43] "1"                   
[1] " old Likelihood:  -6876643.84778219"
[1] "New Likelihood:  -6874386.83156088"
iter:  0  f-value:  8815.438  pgrad:  0.493958 
iter:  10  f-value:  8812.687  pgrad:  0.9974678 
iter:  20  f-value:  8812.573  pgrad:  0.991125 
iter:  30  f-value:  8812.477  pgrad:  0.9789235 
iter:  40  f-value:  8812.404  pgrad:  0.9779177 
iter:  50  f-value:  8812.285  pgrad:  0.9581271 
  Unsuccessful convergence.
Time difference of 18.54238 mins
[1] "maxIt: 20"
[1] "It: 4"
 [1] "sigma:"             "0.99"               "0.99"              
 [4] "0.966431920284456"  "0.966431920284456"  "0.977222912016636" 
 [7] "0.977222912016636"  "0.99"               "0.99"              
[10] "0.99"               "0.99"               "0.99"              
[13] "0.99"               "0.99"               "0.99"              
[16] "0.99"               "0.99"               "0.99"              
[19] "0.99"               "0.983701609345268"  "0.983701609345268" 
[22] "0.987066617644513"  "0.987066617644513"  "0.99"              
[25] "0.99"               "0.961710514793885"  "0.961710514793885" 
[28] "0.969009412564272"  "0.969009412564272"  "0.958933539585767" 
[31] "0.958933539585767"  "0.887400794519155"  "0.887400794519155" 
[34] "0.278944463468983"  "0.278944463468983"  "0.0496415368451019"
[37] "0.0496415368451019" "0.0414881109784992" "0.0414881109784992"
[40] "0.0164435346782759" "0.0164435346782759" "beta :"            
[43] "1"                 
 [1] "sigma:"               "0.99"                 "0.99"                
 [4] "0.966431920284456"    "0.966431920284456"    "0.977222912016636"   
 [7] "0.977222912016636"    "0.99"                 "0.99"                
[10] "0.99"                 "0.99"                 "0.99"                
[13] "0.99"                 "0.99"                 "0.99"                
[16] "0.99"                 "0.99"                 "0.99"                
[19] "0.99"                 "0.983701609345268"    "0.983701609345268"   
[22] "0.987066617644513"    "0.987066617644513"    "0.99"                
[25] "0.99"                 "0.961710514793885"    "0.961710514793885"   
[28] "0.969009412564272"    "0.969009412564272"    "0.958933539585767"   
[31] "0.958933539585767"    "0.887400794519155"    "0.887400794519155"   
[34] "0.476944463468983"    "0.476944463468983"    "0.000141536845101917"
[37] "0.000141536845101917" "0.0414881109784992"   "0.0414881109784992"  
[40] "0.0164435346782759"   "0.0164435346782759"   "beta :"              
[43] "1"                   
[1] " old Likelihood:  -6874386.83156088"
[1] "New Likelihood:  -6873343.06298712"
iter:  0  f-value:  8230.171  pgrad:  0.5014324 
iter:  10  f-value:  8228.91  pgrad:  0.9982063 
iter:  20  f-value:  8228.84  pgrad:  0.9937833 
iter:  30  f-value:  8228.772  pgrad:  0.9866707 
iter:  40  f-value:  8228.742  pgrad:  0.981798 
iter:  50  f-value:  8228.692  pgrad:  0.9691632 
  Unsuccessful convergence.
Time difference of 18.12082 mins
[1] "maxIt: 20"
[1] "It: 5"
 [1] "sigma:"             "0.99"               "0.99"              
 [4] "0.971939282922464"  "0.971939282922464"  "0.985233967232232" 
 [7] "0.985233967232232"  "0.99"               "0.99"              
[10] "0.99"               "0.99"               "0.99"              
[13] "0.99"               "0.99"               "0.99"              
[16] "0.99"               "0.99"               "0.99"              
[19] "0.99"               "0.985797252075517"  "0.985797252075517" 
[22] "0.99"               "0.99"               "0.99"              
[25] "0.99"               "0.973006643539497"  "0.973006643539497" 
[28] "0.973535526329379"  "0.973535526329379"  "0.960847953319996" 
[31] "0.960847953319996"  "0.878694283093211"  "0.878694283093211" 
[34] "0.50362391410224"   "0.50362391410224"   "0.0305591753185335"
[37] "0.0305591753185335" "0.0655092702375316" "0.0655092702375316"
[40] "0.0212322613560247" "0.0212322613560247" "beta :"            
[43] "1"                 
 [1] "sigma:"             "0.99"               "0.99"              
 [4] "0.971939282922464"  "0.971939282922464"  "0.985233967232232" 
 [7] "0.985233967232232"  "0.99"               "0.99"              
[10] "0.99"               "0.99"               "0.99"              
[13] "0.99"               "0.99"               "0.99"              
[16] "0.99"               "0.99"               "0.99"              
[19] "0.99"               "0.985797252075517"  "0.985797252075517" 
[22] "0.99"               "0.99"               "0.99"              
[25] "0.99"               "0.973006643539497"  "0.973006643539497" 
[28] "0.973535526329379"  "0.973535526329379"  "0.960847953319996" 
[31] "0.960847953319996"  "0.878694283093211"  "0.878694283093211" 
[34] "0.60262391410224"   "0.60262391410224"   "0.0305591753185335"
[37] "0.0305591753185335" "0.0160092702375316" "0.0160092702375316"
[40] "0.0212322613560247" "0.0212322613560247" "beta :"            
[43] "1"                 
[1] " old Likelihood:  -6873343.06298712"
[1] "New Likelihood:  -6872824.14437692"
iter:  0  f-value:  7884.881  pgrad:  0.88757 
iter:  10  f-value:  7884.31  pgrad:  0.9870135 
iter:  20  f-value:  7884.231  pgrad:  0.9794632 
iter:  30  f-value:  7884.205  pgrad:  1 
iter:  40  f-value:  7884.182  pgrad:  0.9685859 
iter:  50  f-value:  7884.179  pgrad:  0.9671614 
  Unsuccessful convergence.
Time difference of 17.20711 mins
[1] "maxIt: 20"
[1] "It: 6"
 [1] "sigma:"             "0.99"               "0.99"              
 [4] "0.975621167629884"  "0.975621167629884"  "0.99"              
 [7] "0.99"               "0.99"               "0.99"              
[10] "0.99"               "0.99"               "0.99"              
[13] "0.99"               "0.99"               "0.99"              
[16] "0.99"               "0.99"               "0.99"              
[19] "0.99"               "0.986600544570987"  "0.986600544570987" 
[22] "0.99"               "0.99"               "0.99"              
[25] "0.99"               "0.980369009610921"  "0.980369009610921" 
[28] "0.976432246549391"  "0.976432246549391"  "0.962303875641752" 
[31] "0.962303875641752"  "0.870664258990341"  "0.870664258990341" 
[34] "0.618475286244251"  "0.618475286244251"  "0.0524119655488118"
[37] "0.0524119655488118" "0.0329348999788785" "0.0329348999788785"
[40] "0.0250311044620754" "0.0250311044620754" "beta :"            
[43] "1"                 
 [1] "sigma:"             "0.99"               "0.99"              
 [4] "0.975621167629884"  "0.975621167629884"  "0.99"              
 [7] "0.99"               "0.99"               "0.99"              
[10] "0.99"               "0.99"               "0.99"              
[13] "0.99"               "0.99"               "0.99"              
[16] "0.99"               "0.99"               "0.99"              
[19] "0.99"               "0.986600544570987"  "0.986600544570987" 
[22] "0.99"               "0.99"               "0.99"              
[25] "0.99"               "0.980369009610921"  "0.980369009610921" 
[28] "0.976432246549391"  "0.976432246549391"  "0.962303875641752" 
[31] "0.962303875641752"  "0.870664258990341"  "0.870664258990341" 
[34] "0.667975286244251"  "0.667975286244251"  "0.151411965548812" 
[37] "0.151411965548812"  "0.0329348999788785" "0.0329348999788785"
[40] "0.0250311044620754" "0.0250311044620754" "beta :"            
[43] "1"                 
[1] " old Likelihood:  -6872824.14437692"
[1] "New Likelihood:  -6872582.42074659"
iter:  0  f-value:  7509.002  pgrad:  0.8794588 
iter:  10  f-value:  7508.634  pgrad:  0.845253 
iter:  20  f-value:  7508.594  pgrad:  0.9633041 
iter:  30  f-value:  7508.572  pgrad:  0.959338 
iter:  40  f-value:  7508.555  pgrad:  0.9318319 
iter:  50  f-value:  7508.552  pgrad:  0.8946699 
  Unsuccessful convergence.
Time difference of 17.2256 mins
[1] "maxIt: 20"
[1] "It: 7"
 [1] "sigma:"             "0.99"               "0.99"              
 [4] "0.978699745257765"  "0.978699745257765"  "0.99"              
 [7] "0.99"               "0.99"               "0.99"              
[10] "0.99"               "0.99"               "0.99"              
[13] "0.99"               "0.99"               "0.99"              
[16] "0.99"               "0.99"               "0.99"              
[19] "0.99"               "0.986264088690913"  "0.986264088690913" 
[22] "0.99"               "0.99"               "0.99"              
[25] "0.99"               "0.984865118380755"  "0.984865118380755" 
[28] "0.978361088287185"  "0.978361088287185"  "0.963292818562054" 
[31] "0.963292818562054"  "0.863452205294223"  "0.863452205294223" 
[34] "0.678875587099042"  "0.678875587099042"  "0.172786443722076" 
[37] "0.172786443722076"  "0.0477407619112121" "0.0477407619112121"
[40] "0.0285191796943609" "0.0285191796943609" "beta :"            
[43] "1"                 
 [1] "sigma:"             "0.99"               "0.99"              
 [4] "0.978699745257765"  "0.978699745257765"  "0.99"              
 [7] "0.99"               "0.99"               "0.99"              
[10] "0.99"               "0.99"               "0.99"              
[13] "0.99"               "0.99"               "0.99"              
[16] "0.99"               "0.99"               "0.99"              
[19] "0.99"               "0.986264088690913"  "0.986264088690913" 
[22] "0.99"               "0.99"               "0.99"              
[25] "0.99"               "0.984865118380755"  "0.984865118380755" 
[28] "0.978361088287185"  "0.978361088287185"  "0.963292818562054" 
[31] "0.963292818562054"  "0.863452205294223"  "0.863452205294223" 
[34] "0.678875587099042"  "0.678875587099042"  "0.321286443722076" 
[37] "0.321286443722076"  "0.0477407619112121" "0.0477407619112121"
[40] "0.0285191796943609" "0.0285191796943609" "beta :"            
[43] "1"                 
[1] " old Likelihood:  -6872582.42074659"
[1] "New Likelihood:  -6872413.4064483"
iter:  0  f-value:  7225.924  pgrad:  0.8721739 
iter:  10  f-value:  7225.664  pgrad:  0.951408 
iter:  20  f-value:  7225.613  pgrad:  0.9473364 
iter:  30  f-value:  7225.628  pgrad:  1 
iter:  40  f-value:  7225.593  pgrad:  0.8740153 
iter:  50  f-value:  7225.578  pgrad:  0.9979798 
  Unsuccessful convergence.
Time difference of 17.63213 mins
[1] "maxIt: 20"
[1] "It: 8"
 [1] "sigma:"             "0.99"               "0.99"              
 [4] "0.984272900080469"  "0.984272900080469"  "0.99"              
 [7] "0.99"               "0.99"               "0.99"              
[10] "0.99"               "0.99"               "0.99"              
[13] "0.99"               "0.99"               "0.99"              
[16] "0.99"               "0.99"               "0.99"              
[19] "0.99"               "0.985597785081657"  "0.985597785081657" 
[22] "0.989936926348594"  "0.989936926348594"  "0.99"              
[25] "0.99"               "0.987957142841869"  "0.987957142841869" 
[28] "0.979598563801907"  "0.979598563801907"  "0.963731040014482" 
[31] "0.963731040014482"  "0.857252809204823"  "0.857252809204823" 
[34] "0.685082633174863"  "0.685082633174863"  "0.350236803920486" 
[37] "0.350236803920486"  "0.0713411974966098" "0.0713411974966098"
[40] "0.0352033330537474" "0.0352033330537474" "beta :"            
[43] "1"                 
 [1] "sigma:"             "0.99"               "0.99"              
 [4] "0.984272900080469"  "0.984272900080469"  "0.99"              
 [7] "0.99"               "0.99"               "0.99"              
[10] "0.99"               "0.99"               "0.99"              
[13] "0.99"               "0.99"               "0.99"              
[16] "0.99"               "0.99"               "0.99"              
[19] "0.99"               "0.985597785081657"  "0.985597785081657" 
[22] "0.989936926348594"  "0.989936926348594"  "0.99"              
[25] "0.99"               "0.987957142841869"  "0.987957142841869" 
[28] "0.979598563801907"  "0.979598563801907"  "0.963731040014482" 
[31] "0.963731040014482"  "0.857252809204823"  "0.857252809204823" 
[34] "0.685082633174863"  "0.685082633174863"  "0.449236803920486" 
[37] "0.449236803920486"  "0.0218411974966098" "0.0218411974966098"
[40] "0.0352033330537474" "0.0352033330537474" "beta :"            
[43] "1"                 
[1] " old Likelihood:  -6872413.4064483"
[1] "New Likelihood:  -6872258.58504689"
iter:  0  f-value:  7035.903  pgrad:  0.8659119 
iter:  10  f-value:  7035.728  pgrad:  0.9411178 
iter:  20  f-value:  7035.705  pgrad:  0.7404469 
iter:  30  f-value:  7035.696  pgrad:  0.6347091 
iter:  40  f-value:  7035.695  pgrad:  0.6147002 
iter:  50  f-value:  7035.689  pgrad:  0.4459525 
  Unsuccessful convergence.
Time difference of 17.61971 mins
[1] "maxIt: 20"
[1] "It: 9"
 [1] "sigma:"             "0.99"               "0.99"              
 [4] "0.987515219814857"  "0.987515219814857"  "0.99"              
 [7] "0.99"               "0.99"               "0.99"              
[10] "0.99"               "0.99"               "0.99"              
[13] "0.99"               "0.99"               "0.99"              
[16] "0.99"               "0.99"               "0.99"              
[19] "0.99"               "0.984830915390486"  "0.984830915390486" 
[22] "0.99"               "0.99"               "0.99"              
[25] "0.99"               "0.98952155578627"   "0.98952155578627"  
[28] "0.980708099493039"  "0.980708099493039"  "0.963973663627568" 
[31] "0.963973663627568"  "0.852472350173633"  "0.852472350173633" 
[34] "0.689861018136207"  "0.689861018136207"  "0.46956915013644"  
[37] "0.46956915013644"   "0.0344250714408728" "0.0344250714408728"
[40] "0.039072888832991"  "0.039072888832991"  "beta :"            
[43] "1"                 
 [1] "sigma:"             "0.99"               "0.99"              
 [4] "0.987515219814857"  "0.987515219814857"  "0.99"              
 [7] "0.99"               "0.99"               "0.99"              
[10] "0.99"               "0.99"               "0.99"              
[13] "0.99"               "0.99"               "0.99"              
[16] "0.99"               "0.99"               "0.99"              
[19] "0.99"               "0.984830915390486"  "0.984830915390486" 
[22] "0.99"               "0.99"               "0.99"              
[25] "0.99"               "0.98952155578627"   "0.98952155578627"  
[28] "0.980708099493039"  "0.980708099493039"  "0.963973663627568" 
[31] "0.963973663627568"  "0.852472350173633"  "0.852472350173633" 
[34] "0.689861018136207"  "0.689861018136207"  "0.56856915013644"  
[37] "0.56856915013644"   "0.0344250714408728" "0.0344250714408728"
[40] "0.039072888832991"  "0.039072888832991"  "beta :"            
[43] "1"                 
[1] " old Likelihood:  -6872258.58504689"
[1] "New Likelihood:  -6872163.85716227"
iter:  0  f-value:  6769.618  pgrad:  0.8610832 
iter:  10  f-value:  6769.452  pgrad:  0.8197912 
iter:  20  f-value:  6769.432  pgrad:  0.5445327 
iter:  30  f-value:  6769.425  pgrad:  0.4870344 
iter:  40  f-value:  6769.424  pgrad:  0.4742833 
iter:  50  f-value:  6769.423  pgrad:  0.4330377 
  Unsuccessful convergence.
Time difference of 17.15826 mins
[1] "maxIt: 20"
[1] "It: 10"
 [1] "sigma:"             "0.99"               "0.99"              
 [4] "0.989676998059543"  "0.989676998059543"  "0.99"              
 [7] "0.99"               "0.99"               "0.99"              
[10] "0.99"               "0.99"               "0.99"              
[13] "0.99"               "0.99"               "0.99"              
[16] "0.99"               "0.99"               "0.99"              
[19] "0.99"               "0.984374495064853"  "0.984374495064853" 
[22] "0.99"               "0.99"               "0.99"              
[25] "0.99"               "0.99"               "0.99"              
[28] "0.981915100568837"  "0.981915100568837"  "0.963994195950918" 
[31] "0.963994195950918"  "0.847961412172139"  "0.847961412172139" 
[34] "0.69423530700652"   "0.69423530700652"   "0.585139375263428" 
[37] "0.585139375263428"  "0.0427204595817308" "0.0427204595817308"
[40] "0.0416586983294759" "0.0416586983294759" "beta :"            
[43] "1"                 
 [1] "sigma:"             "0.99"               "0.99"              
 [4] "0.989676998059543"  "0.989676998059543"  "0.99"              
 [7] "0.99"               "0.99"               "0.99"              
[10] "0.99"               "0.99"               "0.99"              
[13] "0.99"               "0.99"               "0.99"              
[16] "0.99"               "0.99"               "0.99"              
[19] "0.99"               "0.984374495064853"  "0.984374495064853" 
[22] "0.99"               "0.99"               "0.99"              
[25] "0.99"               "0.99"               "0.99"              
[28] "0.981915100568837"  "0.981915100568837"  "0.963994195950918" 
[31] "0.963994195950918"  "0.847961412172139"  "0.847961412172139" 
[34] "0.69423530700652"   "0.69423530700652"   "0.684139375263428" 
[37] "0.684139375263428"  "0.0427204595817308" "0.0427204595817308"
[40] "0.0416586983294759" "0.0416586983294759" "beta :"            
[43] "1"                 
[1] " old Likelihood:  -6872163.85716227"
[1] "New Likelihood:  -6872083.92347059"
iter:  0  f-value:  6468.299  pgrad:  0.9472114 
iter:  10  f-value:  6468.142  pgrad:  0.7533254 
iter:  20  f-value:  6468.105  pgrad:  0.4772755 
iter:  30  f-value:  6468.104  pgrad:  0.4289086 
iter:  40  f-value:  6468.102  pgrad:  0.4618301 
iter:  50  f-value:  6468.102  pgrad:  0.3304467 
  Unsuccessful convergence.
Time difference of 17.22457 mins
[1] "maxIt: 20"
[1] "It: 11"
 [1] "sigma:"             "0.99"               "0.99"              
 [4] "0.99"               "0.99"               "0.99"              
 [7] "0.99"               "0.99"               "0.99"              
[10] "0.99"               "0.99"               "0.99"              
[13] "0.99"               "0.99"               "0.99"              
[16] "0.99"               "0.99"               "0.99"              
[19] "0.99"               "0.98412273108992"   "0.98412273108992"  
[22] "0.99"               "0.99"               "0.99"              
[25] "0.99"               "0.99"               "0.99"              
[28] "0.98307486086133"   "0.98307486086133"   "0.963868373445012" 
[31] "0.963868373445012"  "0.843569779199742"  "0.843569779199742" 
[34] "0.697883609141646"  "0.697883609141646"  "0.697954224879949" 
[37] "0.697954224879949"  "0.0495633048704361" "0.0495633048704361"
[40] "0.0440958319775945" "0.0440958319775945" "beta :"            
[43] "1"                 
 [1] "sigma:"               "0.99"                 "0.99"                
 [4] "0.99"                 "0.99"                 "0.99"                
 [7] "0.99"                 "0.99"                 "0.99"                
[10] "0.99"                 "0.99"                 "0.99"                
[13] "0.99"                 "0.99"                 "0.99"                
[16] "0.99"                 "0.99"                 "0.99"                
[19] "0.99"                 "0.98412273108992"     "0.98412273108992"    
[22] "0.99"                 "0.99"                 "0.99"                
[25] "0.99"                 "0.99"                 "0.99"                
[28] "0.98307486086133"     "0.98307486086133"     "0.963868373445012"   
[31] "0.963868373445012"    "0.843569779199742"    "0.843569779199742"   
[34] "0.697883609141646"    "0.697883609141646"    "0.747454224879949"   
[37] "0.747454224879949"    "6.33048704361269e-05" "6.33048704361269e-05"
[40] "0.0440958319775945"   "0.0440958319775945"   "beta :"              
[43] "1"                   
[1] " old Likelihood:  -6872083.92347059"
[1] "New Likelihood:  -6872002.71252859"
iter:  0  f-value:  6341.763  pgrad:  0.9736044 
iter:  10  f-value:  6341.661  pgrad:  0.8498932 
iter:  20  f-value:  6341.649  pgrad:  0.2802608 
iter:  30  f-value:  6341.648  pgrad:  0.2440538 
iter:  40  f-value:  6341.647  pgrad:  0.2242086 
iter:  50  f-value:  6341.647  pgrad:  0.2055003 
  Unsuccessful convergence.
Time difference of 17.11382 mins
[1] "maxIt: 20"
[1] "It: 12"
 [1] "sigma:"              "0.99"                "0.99"               
 [4] "0.99"                "0.99"                "0.99"               
 [7] "0.99"                "0.99"                "0.99"               
[10] "0.99"                "0.99"                "0.99"               
[13] "0.99"                "0.99"                "0.99"               
[16] "0.99"                "0.99"                "0.99"               
[19] "0.99"                "0.983936879810932"   "0.983936879810932"  
[22] "0.99"                "0.99"                "0.99"               
[25] "0.99"                "0.99"                "0.99"               
[28] "0.984006811495283"   "0.984006811495283"   "0.963734914942817"  
[31] "0.963734914942817"   "0.839364085610129"   "0.839364085610129"  
[34] "0.700342348906134"   "0.700342348906134"   "0.756791329876651"  
[37] "0.756791329876651"   "0.00337105220733636" "0.00337105220733636"
[40] "0.0455969996804616"  "0.0455969996804616"  "beta :"             
[43] "1"                  
 [1] "sigma:"              "0.99"                "0.99"               
 [4] "0.99"                "0.99"                "0.99"               
 [7] "0.99"                "0.99"                "0.99"               
[10] "0.99"                "0.99"                "0.99"               
[13] "0.99"                "0.99"                "0.99"               
[16] "0.99"                "0.99"                "0.99"               
[19] "0.99"                "0.983936879810932"   "0.983936879810932"  
[22] "0.99"                "0.99"                "0.99"               
[25] "0.99"                "0.99"                "0.99"               
[28] "0.984006811495283"   "0.984006811495283"   "0.963734914942817"  
[31] "0.963734914942817"   "0.789864085610129"   "0.789864085610129"  
[34] "0.700342348906134"   "0.700342348906134"   "0.806291329876651"  
[37] "0.806291329876651"   "0.00337105220733636" "0.00337105220733636"
[40] "0.0455969996804616"  "0.0455969996804616"  "beta :"             
[43] "1"                  
[1] " old Likelihood:  -6872002.71252859"
[1] "New Likelihood:  -6871954.3433032"
iter:  0  f-value:  6416.668  pgrad:  0.5675394 
iter:  10  f-value:  6416.549  pgrad:  0.5306083 
iter:  20  f-value:  6416.532  pgrad:  0.3982223 
iter:  30  f-value:  6416.532  pgrad:  0.1832541 
iter:  40  f-value:  6416.532  pgrad:  0.4627152 
iter:  50  f-value:  6416.531  pgrad:  0.1670742 
  Unsuccessful convergence.
Time difference of 17.2277 mins
[1] "maxIt: 20"
[1] "It: 13"
 [1] "sigma:"              "0.99"                "0.99"               
 [4] "0.99"                "0.99"                "0.99"               
 [7] "0.99"                "0.99"                "0.99"               
[10] "0.99"                "0.99"                "0.99"               
[13] "0.99"                "0.99"                "0.99"               
[16] "0.99"                "0.99"                "0.99"               
[19] "0.99"                "0.983874662046372"   "0.983874662046372"  
[22] "0.99"                "0.99"                "0.99"               
[25] "0.99"                "0.99"                "0.99"               
[28] "0.984895609891664"   "0.984895609891664"   "0.964253537119936"  
[31] "0.964253537119936"   "0.789143398950238"   "0.789143398950238"  
[34] "0.699959650478757"   "0.699959650478757"   "0.815146831883579"  
[37] "0.815146831883579"   "0.00577696659538662" "0.00577696659538662"
[40] "0.0469048538811667"  "0.0469048538811667"  "beta :"             
[43] "1"                  
 [1] "sigma:"              "0.99"                "0.99"               
 [4] "0.99"                "0.99"                "0.99"               
 [7] "0.99"                "0.99"                "0.99"               
[10] "0.99"                "0.99"                "0.99"               
[13] "0.99"                "0.99"                "0.99"               
[16] "0.99"                "0.99"                "0.99"               
[19] "0.99"                "0.983874662046372"   "0.983874662046372"  
[22] "0.99"                "0.99"                "0.99"               
[25] "0.99"                "0.99"                "0.99"               
[28] "0.984895609891664"   "0.984895609891664"   "0.964253537119936"  
[31] "0.964253537119936"   "0.789143398950238"   "0.789143398950238"  
[34] "0.699959650478757"   "0.699959650478757"   "0.815146831883579"  
[37] "0.815146831883579"   "0.00577696659538662" "0.00577696659538662"
[40] "0.0469048538811667"  "0.0469048538811667"  "beta :"             
[43] "1"                  
[1] " old Likelihood:  -6871954.3433032"
[1] "New Likelihood:  -6871910.01489178"
iter:  0  f-value:  6409.568  pgrad:  0.5645332 
iter:  10  f-value:  6409.501  pgrad:  0.6773189 
iter:  20  f-value:  6409.498  pgrad:  0.1941498 
iter:  30  f-value:  6409.498  pgrad:  0.1854187 
iter:  40  f-value:  6409.497  pgrad:  0.1685021 
iter:  50  f-value:  6409.497  pgrad:  0.1635726 
  Unsuccessful convergence.
Time difference of 16.69165 mins
[1] "maxIt: 20"
[1] "It: 14"
 [1] "sigma:"              "0.99"                "0.99"               
 [4] "0.99"                "0.99"                "0.99"               
 [7] "0.99"                "0.99"                "0.99"               
[10] "0.99"                "0.99"                "0.99"               
[13] "0.99"                "0.99"                "0.99"               
[16] "0.99"                "0.99"                "0.99"               
[19] "0.99"                "0.983740127075777"   "0.983740127075777"  
[22] "0.99"                "0.99"                "0.99"               
[25] "0.99"                "0.99"                "0.99"               
[28] "0.985406993860901"   "0.985406993860901"   "0.964835105985384"  
[31] "0.964835105985384"   "0.788333387907461"   "0.788333387907461"  
[34] "0.699398831380352"   "0.699398831380352"   "0.821444821290007"  
[37] "0.821444821290007"   "0.00690253553593571" "0.00690253553593571"
[40] "0.0478553146432418"  "0.0478553146432418"  "beta :"             
[43] "1"                  
 [1] "sigma:"              "0.99"                "0.99"               
 [4] "0.99"                "0.99"                "0.99"               
 [7] "0.99"                "0.99"                "0.99"               
[10] "0.99"                "0.99"                "0.99"               
[13] "0.99"                "0.99"                "0.99"               
[16] "0.99"                "0.99"                "0.99"               
[19] "0.99"                "0.983740127075777"   "0.983740127075777"  
[22] "0.99"                "0.99"                "0.99"               
[25] "0.99"                "0.99"                "0.99"               
[28] "0.985406993860901"   "0.985406993860901"   "0.964835105985384"  
[31] "0.964835105985384"   "0.788333387907461"   "0.788333387907461"  
[34] "0.699398831380352"   "0.699398831380352"   "0.870944821290007"  
[37] "0.870944821290007"   "0.00690253553593571" "0.00690253553593571"
[40] "0.0478553146432418"  "0.0478553146432418"  "beta :"             
[43] "1"                  
[1] " old Likelihood:  -6871910.01489178"
[1] "New Likelihood:  -6871879.12243436"
iter:  0  f-value:  6190.06  pgrad:  0.7064635 
iter:  10  f-value:  6189.979  pgrad:  0.7956119 
iter:  20  f-value:  6189.978  pgrad:  0.1859826 
iter:  30  f-value:  6189.978  pgrad:  0.1791796 
iter:  40  f-value:  6189.978  pgrad:  0.175387 
iter:  50  f-value:  6189.977  pgrad:  0.1582794 
  Unsuccessful convergence.
Time difference of 16.80382 mins
[1] "maxIt: 20"
[1] "It: 15"
 [1] "sigma:"              "0.99"                "0.99"               
 [4] "0.99"                "0.99"                "0.99"               
 [7] "0.99"                "0.99"                "0.99"               
[10] "0.99"                "0.99"                "0.99"               
[13] "0.99"                "0.99"                "0.99"               
[16] "0.99"                "0.99"                "0.99"               
[19] "0.99"                "0.983627152968831"   "0.983627152968831"  
[22] "0.99"                "0.99"                "0.99"               
[25] "0.99"                "0.99"                "0.99"               
[28] "0.985711240934533"   "0.985711240934533"   "0.965460012179198"  
[31] "0.965460012179198"   "0.786571572521508"   "0.786571572521508"  
[34] "0.699536303240683"   "0.699536303240683"   "0.876833380792587"  
[37] "0.876833380792587"   "0.00717838106949739" "0.00717838106949739"
[40] "0.0486592038206584"  "0.0486592038206584"  "beta :"             
[43] "1"                  
 [1] "sigma:"              "0.99"                "0.99"               
 [4] "0.99"                "0.99"                "0.99"               
 [7] "0.99"                "0.99"                "0.99"               
[10] "0.99"                "0.99"                "0.99"               
[13] "0.99"                "0.99"                "0.99"               
[16] "0.99"                "0.99"                "0.99"               
[19] "0.99"                "0.983627152968831"   "0.983627152968831"  
[22] "0.99"                "0.99"                "0.99"               
[25] "0.99"                "0.99"                "0.99"               
[28] "0.985711240934533"   "0.985711240934533"   "0.965460012179198"  
[31] "0.965460012179198"   "0.786571572521508"   "0.786571572521508"  
[34] "0.650036303240683"   "0.650036303240683"   "0.926333380792587"  
[37] "0.926333380792587"   "0.00717838106949739" "0.00717838106949739"
[40] "0.0486592038206584"  "0.0486592038206584"  "beta :"             
[43] "1"                  
[1] " old Likelihood:  -6871879.12243436"
[1] "New Likelihood:  -6871843.12101907"
iter:  0  f-value:  6158.022  pgrad:  0.6566023 
iter:  10  f-value:  6157.945  pgrad:  0.7939345 
iter:  20  f-value:  6157.944  pgrad:  0.2140951 
iter:  30  f-value:  6157.944  pgrad:  0.1726494 
iter:  40  f-value:  6157.944  pgrad:  0.1645367 
iter:  50  f-value:  6157.944  pgrad:  0.158052 
  Unsuccessful convergence.
Time difference of 17.20775 mins
[1] "maxIt: 20"
[1] "It: 16"
 [1] "sigma:"              "0.99"                "0.99"               
 [4] "0.99"                "0.99"                "0.99"               
 [7] "0.99"                "0.99"                "0.99"               
[10] "0.99"                "0.99"                "0.99"               
[13] "0.99"                "0.99"                "0.99"               
[16] "0.99"                "0.99"                "0.99"               
[19] "0.99"                "0.983543538551914"   "0.983543538551914"  
[22] "0.99"                "0.99"                "0.99"               
[25] "0.99"                "0.99"                "0.99"               
[28] "0.985946938185001"   "0.985946938185001"   "0.966008652603847"  
[31] "0.966008652603847"   "0.785103036480787"   "0.785103036480787"  
[34] "0.649367844283749"   "0.649367844283749"   "0.931284335883545"  
[37] "0.931284335883545"   "0.00678485372660421" "0.00678485372660421"
[40] "0.0491713225030409"  "0.0491713225030409"  "beta :"             
[43] "1"                  
 [1] "sigma:"              "0.99"                "0.99"               
 [4] "0.99"                "0.99"                "0.99"               
 [7] "0.99"                "0.99"                "0.99"               
[10] "0.99"                "0.99"                "0.99"               
[13] "0.99"                "0.99"                "0.99"               
[16] "0.99"                "0.99"                "0.99"               
[19] "0.99"                "0.983543538551914"   "0.983543538551914"  
[22] "0.99"                "0.99"                "0.99"               
[25] "0.99"                "0.99"                "0.99"               
[28] "0.985946938185001"   "0.985946938185001"   "0.966008652603847"  
[31] "0.966008652603847"   "0.785103036480787"   "0.785103036480787"  
[34] "0.649367844283749"   "0.649367844283749"   "0.931284335883545"  
[37] "0.931284335883545"   "0.00678485372660421" "0.00678485372660421"
[40] "0.0491713225030409"  "0.0491713225030409"  "beta :"             
[43] "1"                  
[1] " old Likelihood:  -6871843.12101907"
[1] "New Likelihood:  -6871816.70870396"
iter:  0  f-value:  6157.248  pgrad:  0.6559271 
iter:  10  f-value:  6157.205  pgrad:  0.6004666 
iter:  20  f-value:  6157.202  pgrad:  0.1717126 
iter:  30  f-value:  6157.202  pgrad:  0.167056 
iter:  40  f-value:  6157.202  pgrad:  0.1588251 
iter:  50  f-value:  6157.202  pgrad:  0.5473238 
  Unsuccessful convergence.
Time difference of 16.8098 mins
[1] "maxIt: 20"
[1] "It: 17"
 [1] "sigma:"              "0.99"                "0.99"               
 [4] "0.99"                "0.99"                "0.99"               
 [7] "0.99"                "0.99"                "0.99"               
[10] "0.99"                "0.99"                "0.99"               
[13] "0.99"                "0.99"                "0.99"               
[16] "0.99"                "0.99"                "0.99"               
[19] "0.99"                "0.983475995168468"   "0.983475995168468"  
[22] "0.99"                "0.99"                "0.99"               
[25] "0.99"                "0.99"                "0.99"               
[28] "0.986081364121887"   "0.986081364121887"   "0.966682046031721"  
[31] "0.966682046031721"   "0.783188852497054"   "0.783188852497054"  
[34] "0.648838557777338"   "0.648838557777338"   "0.934905198555853"  
[37] "0.934905198555853"   "0.00606010053817706" "0.00606010053817706"
[40] "0.0493649467826474"  "0.0493649467826474"  "beta :"             
[43] "1"                  
 [1] "sigma:"              "0.99"                "0.99"               
 [4] "0.99"                "0.99"                "0.99"               
 [7] "0.99"                "0.99"                "0.99"               
[10] "0.99"                "0.99"                "0.99"               
[13] "0.99"                "0.99"                "0.99"               
[16] "0.99"                "0.99"                "0.99"               
[19] "0.99"                "0.983475995168468"   "0.983475995168468"  
[22] "0.99"                "0.99"                "0.99"               
[25] "0.99"                "0.99"                "0.99"               
[28] "0.986081364121887"   "0.986081364121887"   "0.966682046031721"  
[31] "0.966682046031721"   "0.783188852497054"   "0.783188852497054"  
[34] "0.648838557777338"   "0.648838557777338"   "0.934905198555853"  
[37] "0.934905198555853"   "0.00606010053817706" "0.00606010053817706"
[40] "0.0493649467826474"  "0.0493649467826474"  "beta :"             
[43] "1"                  
[1] " old Likelihood:  -6871816.70870396"
[1] "New Likelihood:  -6871800.43981281"
iter:  0  f-value:  6154.852  pgrad:  0.7052859 
iter:  10  f-value:  6154.821  pgrad:  0.3852165 
iter:  20  f-value:  6154.82  pgrad:  0.2277648 
iter:  30  f-value:  6154.82  pgrad:  0.1626813 
iter:  40  f-value:  6154.82  pgrad:  0.1587432 
iter:  50  f-value:  6154.82  pgrad:  0.1565786 
  Unsuccessful convergence.
Time difference of 16.85643 mins
[1] "maxIt: 20"
[1] "It: 18"
 [1] "sigma:"              "0.99"                "0.99"               
 [4] "0.99"                "0.99"                "0.99"               
 [7] "0.99"                "0.99"                "0.99"               
[10] "0.99"                "0.99"                "0.99"               
[13] "0.99"                "0.99"                "0.99"               
[16] "0.99"                "0.99"                "0.99"               
[19] "0.99"                "0.983382438493627"   "0.983382438493627"  
[22] "0.99"                "0.99"                "0.99"               
[25] "0.99"                "0.99"                "0.99"               
[28] "0.986132048914815"   "0.986132048914815"   "0.967470974815303"  
[31] "0.967470974815303"   "0.78078860610194"    "0.78078860610194"   
[34] "0.648695485286503"   "0.648695485286503"   "0.937714251812694"  
[37] "0.937714251812694"   "0.00533008020065909" "0.00533008020065909"
[40] "0.0495233259328873"  "0.0495233259328873"  "beta :"             
[43] "1"                  
 [1] "sigma:"               "0.99"                 "0.99"                
 [4] "0.99"                 "0.99"                 "0.99"                
 [7] "0.99"                 "0.99"                 "0.99"                
[10] "0.99"                 "0.99"                 "0.99"                
[13] "0.99"                 "0.99"                 "0.99"                
[16] "0.99"                 "0.99"                 "0.99"                
[19] "0.99"                 "0.983382438493627"    "0.983382438493627"   
[22] "0.99"                 "0.99"                 "0.99"                
[25] "0.99"                 "0.99"                 "0.99"                
[28] "0.986132048914815"    "0.986132048914815"    "0.967470974815303"   
[31] "0.967470974815303"    "0.78078860610194"     "0.78078860610194"    
[34] "0.648695485286503"    "0.648695485286503"    "0.937714251812694"   
[37] "0.937714251812694"    "0.00533008020065908"  "0.00533008020065908" 
[40] "2.33259328873103e-05" "2.33259328873103e-05" "beta :"              
[43] "1"                   
[1] " old Likelihood:  -6871800.43981281"
[1] "New Likelihood:  -6871783.9290924"
iter:  0  f-value:  6152.854  pgrad:  0.7886754 
iter:  10  f-value:  6152.83  pgrad:  0.7873912 
iter:  20  f-value:  6152.828  pgrad:  0.5481368 
iter:  30  f-value:  6152.828  pgrad:  0.1607714 
iter:  40  f-value:  6152.828  pgrad:  0.1534227 
iter:  50  f-value:  6152.828  pgrad:  0.1478747 
  Unsuccessful convergence.
Time difference of 17.18442 mins
[1] "maxIt: 20"
[1] "It: 19"
 [1] "sigma:"              "0.99"                "0.99"               
 [4] "0.99"                "0.99"                "0.99"               
 [7] "0.99"                "0.99"                "0.99"               
[10] "0.99"                "0.99"                "0.99"               
[13] "0.99"                "0.99"                "0.99"               
[16] "0.99"                "0.99"                "0.99"               
[19] "0.99"                "0.983360167024222"   "0.983360167024222"  
[22] "0.99"                "0.99"                "0.99"               
[25] "0.99"                "0.99"                "0.99"               
[28] "0.986109155732958"   "0.986109155732958"   "0.968331211888287"  
[31] "0.968331211888287"   "0.778086054667033"   "0.778086054667033"  
[34] "0.648936219431951"   "0.648936219431951"   "0.939889912954529"  
[37] "0.939889912954529"   "0.00363551671730812" "0.00363551671730812"
[40] "0"                   "0"                   "beta :"             
[43] "1"                  
 [1] "sigma:"             "0.99"               "0.99"              
 [4] "0.99"               "0.99"               "0.99"              
 [7] "0.99"               "0.99"               "0.99"              
[10] "0.99"               "0.99"               "0.99"              
[13] "0.99"               "0.99"               "0.99"              
[16] "0.99"               "0.99"               "0.99"              
[19] "0.99"               "0.983360167024222"  "0.983360167024222" 
[22] "0.99"               "0.99"               "0.99"              
[25] "0.99"               "0.99"               "0.99"              
[28] "0.986109155732958"  "0.986109155732958"  "0.968331211888287" 
[31] "0.968331211888287"  "0.778086054667033"  "0.778086054667033" 
[34] "0.648936219431951"  "0.648936219431951"  "0.939889912954529" 
[37] "0.939889912954529"  "0.0531355167173081" "0.0531355167173081"
[40] "0"                  "0"                  "beta :"            
[43] "1"                 
[1] " old Likelihood:  -6871783.9290924"
[1] "New Likelihood:  -6871773.83731305"
iter:  0  f-value:  6113.883  pgrad:  0.7859455 
iter:  10  f-value:  6113.861  pgrad:  0.7846065 
iter:  20  f-value:  6113.859  pgrad:  0.1596163 
iter:  30  f-value:  6113.859  pgrad:  0.162272 
iter:  40  f-value:  6113.858  pgrad:  0.1442822 
iter:  50  f-value:  6113.858  pgrad:  0.1420631 
  Unsuccessful convergence.
Time difference of 17.19715 mins
[1] "maxIt: 20"
[1] "It: 20"
 [1] "sigma:"              "0.99"                "0.99"               
 [4] "0.99"                "0.99"                "0.99"               
 [7] "0.99"                "0.99"                "0.99"               
[10] "0.99"                "0.99"                "0.99"               
[13] "0.99"                "0.99"                "0.99"               
[16] "0.99"                "0.99"                "0.99"               
[19] "0.99"                "0.983329098992965"   "0.983329098992965"  
[22] "0.99"                "0.99"                "0.99"               
[25] "0.99"                "0.99"                "0.99"               
[28] "0.9860141388681"     "0.9860141388681"     "0.969234334527839"  
[31] "0.969234334527839"   "0.775018721772029"   "0.775018721772029"  
[34] "0.64962661234088"    "0.64962661234088"    "0.942422293303167"  
[37] "0.942422293303167"   "0.0513744235362415"  "0.0513744235362415" 
[40] "8.4880571496843e-05" "8.4880571496843e-05" "beta :"             
[43] "1"                  
 [1] "sigma:"               "0.99"                 "0.99"                
 [4] "0.99"                 "0.99"                 "0.99"                
 [7] "0.99"                 "0.99"                 "0.99"                
[10] "0.99"                 "0.99"                 "0.99"                
[13] "0.99"                 "0.99"                 "0.99"                
[16] "0.99"                 "0.99"                 "0.99"                
[19] "0.99"                 "0.983329098992965"    "0.983329098992965"   
[22] "0.99"                 "0.99"                 "0.99"                
[25] "0.99"                 "0.99"                 "0.99"                
[28] "0.9860141388681"      "0.9860141388681"      "0.969234334527839"   
[31] "0.969234334527839"    "0.775018721772029"    "0.775018721772029"   
[34] "0.64962661234088"     "0.64962661234088"     "0.942422293303167"   
[37] "0.942422293303167"    "0.0513744235362415"   "0.0513744235362415"  
[40] "8.48805714968454e-05" "8.48805714968454e-05" "beta :"              
[43] "1"                   
[1] " old Likelihood:  -6871773.83731305"
[1] "New Likelihood:  -6871765.14691063"
iter:  0  f-value:  6111.905  pgrad:  0.7828472 
iter:  10  f-value:  6111.887  pgrad:  0.7812843 
iter:  20  f-value:  6111.885  pgrad:  0.2816978 
iter:  30  f-value:  6111.885  pgrad:  0.1477474 
iter:  40  f-value:  6111.885  pgrad:  0.1421813 
iter:  50  f-value:  6111.884  pgrad:  0.1316403 
  Unsuccessful convergence.
Time difference of 16.71893 mins
 [1] "sigma:"              "0.99"                "0.99"               
 [4] "0.99"                "0.99"                "0.99"               
 [7] "0.99"                "0.99"                "0.99"               
[10] "0.99"                "0.99"                "0.99"               
[13] "0.99"                "0.99"                "0.99"               
[16] "0.99"                "0.99"                "0.99"               
[19] "0.99"                "0.983307520759173"   "0.983307520759173"  
[22] "0.99"                "0.99"                "0.99"               
[25] "0.99"                "0.99"                "0.99"               
[28] "0.985867526639805"   "0.985867526639805"   "0.970160863710412"  
[31] "0.970160863710412"   "0.771767537991347"   "0.771767537991347"  
[34] "0.650458251762496"   "0.650458251762496"   "0.944601564797045"  
[37] "0.944601564797045"   "0.0491875488513195"  "0.0491875488513195" 
[40] "0.00012369952156464" "0.00012369952156464" "beta :"             
[43] "1"                  
[1] 1998624 1999688 1998934 1999792 1997996
[1] 1 1 1 1 1
saved RDS
inference successful
