[1] "Original length"
[1] 999311
[1] "Final length"
[1] 17316
[1] "sequence length : 999312" "sequence length : 999844"
[3] "sequence length : 999467" "sequence length : 999896"
[5] "sequence length : 998998"
[1] 1 1 1 1 1
[1] "Beta: 1"
[1] "Self: 0.5"
 [1] 0 0 0 0 0 0 0 0 0 0 0 0 0 0 0 0 0 0 0 0
[1] "maxIt: 20"
[1] "It: 1"
 [1] "sigma:" "0.5"    "0.5"    "0.5"    "0.5"    "0.5"    "0.5"    "0.5"   
 [9] "0.5"    "0.5"    "0.5"    "0.5"    "0.5"    "0.5"    "0.5"    "0.5"   
[17] "0.5"    "0.5"    "0.5"    "0"      "0"      "0"      "0"      "0"     
[25] "0"      "0"      "0"      "0"      "0"      "0"      "0"      "0"     
[33] "0"      "0"      "0"      "0"      "0"      "0"      "0"      "0"     
[41] "0"      "beta :" "1"     
[1] 6920595
[1] 6920131
[1] 6919896
[1] 6919542
[1] 6919010
[1] 6918222
[1] 6917064
[1] 6915374
[1] 6912945
[1] 6909593
[1] 6905267
[1] 6899935
[1] 6894286
[1] 6888903
[1] 6882944
[1] 6878247
[1] 6877460
[1] 6879370
[1] 6881227
[1] 6881960
[1] 6882198
 [1] "sigma:" "0.9655" "0.9655" "0.9655" "0.9655" "0.9655" "0.9655" "0.9655"
 [9] "0.9655" "0.9655" "0.9655" "0.9655" "0.9655" "0.9655" "0.9655" "0.9655"
[17] "0.9655" "0.9655" "0.9655" "0.9655" "0.9655" "0.9655" "0.9655" "0.9655"
[25] "0.9655" "0.9655" "0.9655" "0.9655" "0.9655" "0.9655" "0.9655" "0.9655"
[33] "0.9655" "0.475"  "0.475"  "0.475"  "0.475"  "0.475"  "0.475"  "0.475" 
[41] "0.475"  "beta :" "1"     
[1] "New Likelihood:  -6877459.6662032"
iter:  0  f-value:  6488.235  pgrad:  0.95 
iter:  10  f-value:  6479.333  pgrad:  0.5146788 
iter:  20  f-value:  6478.73  pgrad:  0.5116823 
iter:  30  f-value:  6478.251  pgrad:  0.5298201 
  Unsuccessful convergence.
Time difference of 30.48771 mins
[1] "maxIt: 20"
[1] "It: 2"
 [1] "sigma:"            "0.971964311859167" "0.971964311859167"
 [4] "0.971964311859167" "0.971964311859167" "0.971964311859167"
 [7] "0.971964311859167" "0.971964311859167" "0.971964311859167"
[10] "0.971964311859167" "0.971964311859167" "0.971964311859167"
[13] "0.971964311859167" "0.971964311859167" "0.971964311859167"
[16] "0.971964311859167" "0.971964311859167" "0.971964311859167"
[19] "0.971964311859167" "0.971964311859167" "0.971964311859167"
[22] "0.971964311859167" "0.971964311859167" "0.971964311859167"
[25] "0.971964311859167" "0.971964311859167" "0.971964311859167"
[28] "0.971964311859167" "0.971964311859167" "0.971964311859167"
[31] "0.971964311859167" "0.971964311859167" "0.971964311859167"
[34] "0.5"               "0.5"               "0.5"              
[37] "0.5"               "0.5"               "0.5"              
[40] "0.5"               "0.5"               "beta :"           
[43] "1"                
[1] 6875204
[1] 6874331
[1] 6876211
 [1] "sigma:"            "0.971964311859167" "0.971964311859167"
 [4] "0.971964311859167" "0.971964311859167" "0.971964311859167"
 [7] "0.971964311859167" "0.971964311859167" "0.971964311859167"
[10] "0.971964311859167" "0.971964311859167" "0.971964311859167"
[13] "0.971964311859167" "0.971964311859167" "0.971964311859167"
[16] "0.971964311859167" "0.971964311859167" "0.971964311859167"
[19] "0.971964311859167" "0.971964311859167" "0.971964311859167"
[22] "0.971964311859167" "0.971964311859167" "0.971964311859167"
[25] "0.971964311859167" "0.971964311859167" "0.971964311859167"
[28] "0.971964311859167" "0.971964311859167" "0.971964311859167"
[31] "0.971964311859167" "0.971964311859167" "0.971964311859167"
[34] "0.275"             "0.275"             "0.275"            
[37] "0.275"             "0.275"             "0.275"            
[40] "0.275"             "0.275"             "beta :"           
[43] "1"                
[1] " old Likelihood:  -6877459.6662032"
[1] "New Likelihood:  -6874330.87670602"
iter:  0  f-value:  7888.324  pgrad:  0.5109764 
iter:  10  f-value:  7887.106  pgrad:  0.5083416 
iter:  20  f-value:  7887.067  pgrad:  0.4911831 
iter:  30  f-value:  7887.053  pgrad:  0.4375299 
  Unsuccessful convergence.
Time difference of 10.89992 mins
[1] "maxIt: 20"
[1] "It: 3"
 [1] "sigma:"            "0.975311539255166" "0.975311539255166"
 [4] "0.975311539255166" "0.975311539255166" "0.975311539255166"
 [7] "0.975311539255166" "0.975311539255166" "0.975311539255166"
[10] "0.975311539255166" "0.975311539255166" "0.975311539255166"
[13] "0.975311539255166" "0.975311539255166" "0.975311539255166"
[16] "0.975311539255166" "0.975311539255166" "0.975311539255166"
[19] "0.975311539255166" "0.975311539255166" "0.975311539255166"
[22] "0.975311539255166" "0.975311539255166" "0.975311539255166"
[25] "0.975311539255166" "0.975311539255166" "0.975311539255166"
[28] "0.975311539255166" "0.975311539255166" "0.975311539255166"
[31] "0.975311539255166" "0.975311539255166" "0.975311539255166"
[34] "0.281913127481367" "0.281913127481367" "0.281913127481367"
[37] "0.281913127481367" "0.281913127481367" "0.281913127481367"
[40] "0.281913127481367" "0.281913127481367" "beta :"           
[43] "1"                
[1] 6874782
[1] 6873887
[1] 6876018
 [1] "sigma:"            "0.975311539255166" "0.975311539255166"
 [4] "0.975311539255166" "0.975311539255166" "0.975311539255166"
 [7] "0.975311539255166" "0.975311539255166" "0.975311539255166"
[10] "0.975311539255166" "0.975311539255166" "0.975311539255166"
[13] "0.975311539255166" "0.975311539255166" "0.975311539255166"
[16] "0.975311539255166" "0.975311539255166" "0.975311539255166"
[19] "0.975311539255166" "0.975311539255166" "0.975311539255166"
[22] "0.975311539255166" "0.975311539255166" "0.975311539255166"
[25] "0.975311539255166" "0.975311539255166" "0.975311539255166"
[28] "0.975311539255166" "0.975311539255166" "0.975311539255166"
[31] "0.975311539255166" "0.975311539255166" "0.975311539255166"
[34] "0.281913127481367" "0.281913127481367" "0.281913127481367"
[37] "0.281913127481367" "0.281913127481367" "0.281913127481367"
[40] "0.281913127481367" "0.281913127481367" "beta :"           
[43] "1"                
[1] " old Likelihood:  -6874330.87670602"
[1] "New Likelihood:  -6873886.70768173"
iter:  0  f-value:  7769.452  pgrad:  0.5347311 
iter:  10  f-value:  7768.858  pgrad:  0.4982552 
iter:  20  f-value:  7768.833  pgrad:  0.4471455 
iter:  30  f-value:  7768.821  pgrad:  0.4224459 
  Unsuccessful convergence.
Time difference of 7.441817 mins
[1] "maxIt: 20"
[1] "It: 4"
 [1] "sigma:"            "0.977378714792359" "0.977378714792359"
 [4] "0.977378714792359" "0.977378714792359" "0.977378714792359"
 [7] "0.977378714792359" "0.977378714792359" "0.977378714792359"
[10] "0.977378714792359" "0.977378714792359" "0.977378714792359"
[13] "0.977378714792359" "0.977378714792359" "0.977378714792359"
[16] "0.977378714792359" "0.977378714792359" "0.977378714792359"
[19] "0.977378714792359" "0.977378714792359" "0.977378714792359"
[22] "0.977378714792359" "0.977378714792359" "0.977378714792359"
[25] "0.977378714792359" "0.977378714792359" "0.977378714792359"
[28] "0.977378714792359" "0.977378714792359" "0.977378714792359"
[31] "0.977378714792359" "0.977378714792359" "0.977378714792359"
[34] "0.289099550170932" "0.289099550170932" "0.289099550170932"
[37] "0.289099550170932" "0.289099550170932" "0.289099550170932"
[40] "0.289099550170932" "0.289099550170932" "beta :"           
[43] "1"                
[1] 6874462
[1] 6873647
[1] 6876037
 [1] "sigma:"            "0.977378714792359" "0.977378714792359"
 [4] "0.977378714792359" "0.977378714792359" "0.977378714792359"
 [7] "0.977378714792359" "0.977378714792359" "0.977378714792359"
[10] "0.977378714792359" "0.977378714792359" "0.977378714792359"
[13] "0.977378714792359" "0.977378714792359" "0.977378714792359"
[16] "0.977378714792359" "0.977378714792359" "0.977378714792359"
[19] "0.977378714792359" "0.977378714792359" "0.977378714792359"
[22] "0.977378714792359" "0.977378714792359" "0.977378714792359"
[25] "0.977378714792359" "0.977378714792359" "0.977378714792359"
[28] "0.977378714792359" "0.977378714792359" "0.977378714792359"
[31] "0.977378714792359" "0.977378714792359" "0.977378714792359"
[34] "0.314099550170932" "0.314099550170932" "0.314099550170932"
[37] "0.314099550170932" "0.314099550170932" "0.314099550170932"
[40] "0.314099550170932" "0.314099550170932" "beta :"           
[43] "1"                
[1] " old Likelihood:  -6873886.70768173"
[1] "New Likelihood:  -6873646.77126858"
iter:  0  f-value:  7528.634  pgrad:  0.5357333 
iter:  10  f-value:  7528.265  pgrad:  0.5039442 
iter:  20  f-value:  7528.25  pgrad:  0.440531 
iter:  30  f-value:  7528.241  pgrad:  0.3604509 
  Unsuccessful convergence.
Time difference of 7.848933 mins
[1] "maxIt: 20"
[1] "It: 5"
 [1] "sigma:"            "0.978655299319803" "0.978655299319803"
 [4] "0.978655299319803" "0.978655299319803" "0.978655299319803"
 [7] "0.978655299319803" "0.978655299319803" "0.978655299319803"
[10] "0.978655299319803" "0.978655299319803" "0.978655299319803"
[13] "0.978655299319803" "0.978655299319803" "0.978655299319803"
[16] "0.978655299319803" "0.978655299319803" "0.978655299319803"
[19] "0.978655299319803" "0.978655299319803" "0.978655299319803"
[22] "0.978655299319803" "0.978655299319803" "0.978655299319803"
[25] "0.978655299319803" "0.978655299319803" "0.978655299319803"
[28] "0.978655299319803" "0.978655299319803" "0.978655299319803"
[31] "0.978655299319803" "0.978655299319803" "0.978655299319803"
[34] "0.322816354353334" "0.322816354353334" "0.322816354353334"
[37] "0.322816354353334" "0.322816354353334" "0.322816354353334"
[40] "0.322816354353334" "0.322816354353334" "beta :"           
[43] "1"                
[1] 6874269
[1] 6873489
[1] 6876062
 [1] "sigma:"            "0.978655299319803" "0.978655299319803"
 [4] "0.978655299319803" "0.978655299319803" "0.978655299319803"
 [7] "0.978655299319803" "0.978655299319803" "0.978655299319803"
[10] "0.978655299319803" "0.978655299319803" "0.978655299319803"
[13] "0.978655299319803" "0.978655299319803" "0.978655299319803"
[16] "0.978655299319803" "0.978655299319803" "0.978655299319803"
[19] "0.978655299319803" "0.978655299319803" "0.978655299319803"
[22] "0.978655299319803" "0.978655299319803" "0.978655299319803"
[25] "0.978655299319803" "0.978655299319803" "0.978655299319803"
[28] "0.978655299319803" "0.978655299319803" "0.978655299319803"
[31] "0.978655299319803" "0.978655299319803" "0.978655299319803"
[34] "0.322816354353334" "0.322816354353334" "0.322816354353334"
[37] "0.322816354353334" "0.322816354353334" "0.322816354353334"
[40] "0.322816354353334" "0.322816354353334" "beta :"           
[43] "1"                
[1] " old Likelihood:  -6873646.77126858"
[1] "New Likelihood:  -6873488.6382602"
iter:  0  f-value:  7453.182  pgrad:  0.5349131 
iter:  10  f-value:  7452.937  pgrad:  0.4980381 
iter:  20  f-value:  7452.93  pgrad:  0.3640798 
iter:  30  f-value:  7452.925  pgrad:  0.344912 
  Unsuccessful convergence.
Time difference of 7.442804 mins
[1] "maxIt: 20"
[1] "It: 6"
 [1] "sigma:"            "0.979490006343198" "0.979490006343198"
 [4] "0.979490006343198" "0.979490006343198" "0.979490006343198"
 [7] "0.979490006343198" "0.979490006343198" "0.979490006343198"
[10] "0.979490006343198" "0.979490006343198" "0.979490006343198"
[13] "0.979490006343198" "0.979490006343198" "0.979490006343198"
[16] "0.979490006343198" "0.979490006343198" "0.979490006343198"
[19] "0.979490006343198" "0.979490006343198" "0.979490006343198"
[22] "0.979490006343198" "0.979490006343198" "0.979490006343198"
[25] "0.979490006343198" "0.979490006343198" "0.979490006343198"
[28] "0.979490006343198" "0.979490006343198" "0.979490006343198"
[31] "0.979490006343198" "0.979490006343198" "0.979490006343198"
[34] "0.327635242245149" "0.327635242245149" "0.327635242245149"
[37] "0.327635242245149" "0.327635242245149" "0.327635242245149"
[40] "0.327635242245149" "0.327635242245149" "beta :"           
[43] "1"                
[1] 6874104
[1] 6873381
[1] 6876125
 [1] "sigma:"            "0.979490006343198" "0.979490006343198"
 [4] "0.979490006343198" "0.979490006343198" "0.979490006343198"
 [7] "0.979490006343198" "0.979490006343198" "0.979490006343198"
[10] "0.979490006343198" "0.979490006343198" "0.979490006343198"
[13] "0.979490006343198" "0.979490006343198" "0.979490006343198"
[16] "0.979490006343198" "0.979490006343198" "0.979490006343198"
[19] "0.979490006343198" "0.979490006343198" "0.979490006343198"
[22] "0.979490006343198" "0.979490006343198" "0.979490006343198"
[25] "0.979490006343198" "0.979490006343198" "0.979490006343198"
[28] "0.979490006343198" "0.979490006343198" "0.979490006343198"
[31] "0.979490006343198" "0.979490006343198" "0.979490006343198"
[34] "0.352635242245149" "0.352635242245149" "0.352635242245149"
[37] "0.352635242245149" "0.352635242245149" "0.352635242245149"
[40] "0.352635242245149" "0.352635242245149" "beta :"           
[43] "1"                
[1] " old Likelihood:  -6873488.6382602"
[1] "New Likelihood:  -6873381.43985791"
iter:  0  f-value:  7251.869  pgrad:  0.5333203 
iter:  10  f-value:  7251.684  pgrad:  0.4876504 
iter:  20  f-value:  7251.669  pgrad:  0.3400783 
iter:  30  f-value:  7251.661  pgrad:  0.5013258 
  Unsuccessful convergence.
Time difference of 7.871955 mins
[1] "maxIt: 20"
[1] "It: 7"
 [1] "sigma:"            "0.980028753243948" "0.980028753243948"
 [4] "0.980028753243948" "0.980028753243948" "0.980028753243948"
 [7] "0.980028753243948" "0.980028753243948" "0.980028753243948"
[10] "0.980028753243948" "0.980028753243948" "0.980028753243948"
[13] "0.980028753243948" "0.980028753243948" "0.980028753243948"
[16] "0.980028753243948" "0.980028753243948" "0.980028753243948"
[19] "0.980028753243948" "0.980028753243948" "0.980028753243948"
[22] "0.980028753243948" "0.980028753243948" "0.980028753243948"
[25] "0.980028753243948" "0.980028753243948" "0.980028753243948"
[28] "0.980028753243948" "0.980028753243948" "0.980028753243948"
[31] "0.980028753243948" "0.980028753243948" "0.980028753243948"
[34] "0.360970690447368" "0.360970690447368" "0.360970690447368"
[37] "0.360970690447368" "0.360970690447368" "0.360970690447368"
[40] "0.360970690447368" "0.360970690447368" "beta :"           
[43] "1"                
[1] 6874003
[1] 6873295
[1] 6876140
 [1] "sigma:"            "0.980028753243948" "0.980028753243948"
 [4] "0.980028753243948" "0.980028753243948" "0.980028753243948"
 [7] "0.980028753243948" "0.980028753243948" "0.980028753243948"
[10] "0.980028753243948" "0.980028753243948" "0.980028753243948"
[13] "0.980028753243948" "0.980028753243948" "0.980028753243948"
[16] "0.980028753243948" "0.980028753243948" "0.980028753243948"
[19] "0.980028753243948" "0.980028753243948" "0.980028753243948"
[22] "0.980028753243948" "0.980028753243948" "0.980028753243948"
[25] "0.980028753243948" "0.980028753243948" "0.980028753243948"
[28] "0.980028753243948" "0.980028753243948" "0.980028753243948"
[31] "0.980028753243948" "0.980028753243948" "0.980028753243948"
[34] "0.360970690447368" "0.360970690447368" "0.360970690447368"
[37] "0.360970690447368" "0.360970690447368" "0.360970690447368"
[40] "0.360970690447368" "0.360970690447368" "beta :"           
[43] "1"                
[1] " old Likelihood:  -6873381.43985791"
[1] "New Likelihood:  -6873294.51907205"
iter:  0  f-value:  7201.24  pgrad:  0.5316735 
iter:  10  f-value:  7201.11  pgrad:  0.3300647 
iter:  20  f-value:  7201.105  pgrad:  0.3135301 
iter:  30  f-value:  7201.099  pgrad:  0.9804455 
  Unsuccessful convergence.
Time difference of 7.46777 mins
[1] "maxIt: 20"
[1] "It: 8"
 [1] "sigma:"            "0.980400258529194" "0.980400258529194"
 [4] "0.980400258529194" "0.980400258529194" "0.980400258529194"
 [7] "0.980400258529194" "0.980400258529194" "0.980400258529194"
[10] "0.980400258529194" "0.980400258529194" "0.980400258529194"
[13] "0.980400258529194" "0.980400258529194" "0.980400258529194"
[16] "0.980400258529194" "0.980400258529194" "0.980400258529194"
[19] "0.980400258529194" "0.980400258529194" "0.980400258529194"
[22] "0.980400258529194" "0.980400258529194" "0.980400258529194"
[25] "0.980400258529194" "0.980400258529194" "0.980400258529194"
[28] "0.980400258529194" "0.980400258529194" "0.980400258529194"
[31] "0.980400258529194" "0.980400258529194" "0.980400258529194"
[34] "0.36611095744138"  "0.36611095744138"  "0.36611095744138" 
[37] "0.36611095744138"  "0.36611095744138"  "0.36611095744138" 
[40] "0.36611095744138"  "0.36611095744138"  "beta :"           
[43] "1"                
[1] 6873890
[1] 6873233
[1] 6876179
 [1] "sigma:"            "0.980400258529194" "0.980400258529194"
 [4] "0.980400258529194" "0.980400258529194" "0.980400258529194"
 [7] "0.980400258529194" "0.980400258529194" "0.980400258529194"
[10] "0.980400258529194" "0.980400258529194" "0.980400258529194"
[13] "0.980400258529194" "0.980400258529194" "0.980400258529194"
[16] "0.980400258529194" "0.980400258529194" "0.980400258529194"
[19] "0.980400258529194" "0.980400258529194" "0.980400258529194"
[22] "0.980400258529194" "0.980400258529194" "0.980400258529194"
[25] "0.980400258529194" "0.980400258529194" "0.980400258529194"
[28] "0.980400258529194" "0.980400258529194" "0.980400258529194"
[31] "0.980400258529194" "0.980400258529194" "0.980400258529194"
[34] "0.39111095744138"  "0.39111095744138"  "0.39111095744138" 
[37] "0.39111095744138"  "0.39111095744138"  "0.39111095744138" 
[40] "0.39111095744138"  "0.39111095744138"  "beta :"           
[43] "1"                
[1] " old Likelihood:  -6873294.51907205"
[1] "New Likelihood:  -6873233.48805897"
iter:  0  f-value:  7008.847  pgrad:  0.52987 
iter:  10  f-value:  7008.739  pgrad:  0.3648893 
iter:  20  f-value:  7008.734  pgrad:  0.3059631 
iter:  30  f-value:  7008.719  pgrad:  0.4852386 
  Unsuccessful convergence.
Time difference of 7.83523 mins
[1] "maxIt: 20"
[1] "It: 9"
 [1] "sigma:"            "0.980646997061698" "0.980646997061698"
 [4] "0.980646997061698" "0.980646997061698" "0.980646997061698"
 [7] "0.980646997061698" "0.980646997061698" "0.980646997061698"
[10] "0.980646997061698" "0.980646997061698" "0.980646997061698"
[13] "0.980646997061698" "0.980646997061698" "0.980646997061698"
[16] "0.980646997061698" "0.980646997061698" "0.980646997061698"
[19] "0.980646997061698" "0.980646997061698" "0.980646997061698"
[22] "0.980646997061698" "0.980646997061698" "0.980646997061698"
[25] "0.980646997061698" "0.980646997061698" "0.980646997061698"
[28] "0.980646997061698" "0.980646997061698" "0.980646997061698"
[31] "0.980646997061698" "0.980646997061698" "0.980646997061698"
[34] "0.40035494731896"  "0.40035494731896"  "0.40035494731896" 
[37] "0.40035494731896"  "0.40035494731896"  "0.40035494731896" 
[40] "0.40035494731896"  "0.40035494731896"  "beta :"           
[43] "1"                
[1] 6873818
[1] 6873178
[1] 6876170
 [1] "sigma:"            "0.980646997061698" "0.980646997061698"
 [4] "0.980646997061698" "0.980646997061698" "0.980646997061698"
 [7] "0.980646997061698" "0.980646997061698" "0.980646997061698"
[10] "0.980646997061698" "0.980646997061698" "0.980646997061698"
[13] "0.980646997061698" "0.980646997061698" "0.980646997061698"
[16] "0.980646997061698" "0.980646997061698" "0.980646997061698"
[19] "0.980646997061698" "0.980646997061698" "0.980646997061698"
[22] "0.980646997061698" "0.980646997061698" "0.980646997061698"
[25] "0.980646997061698" "0.980646997061698" "0.980646997061698"
[28] "0.980646997061698" "0.980646997061698" "0.980646997061698"
[31] "0.980646997061698" "0.980646997061698" "0.980646997061698"
[34] "0.40035494731896"  "0.40035494731896"  "0.40035494731896" 
[37] "0.40035494731896"  "0.40035494731896"  "0.40035494731896" 
[40] "0.40035494731896"  "0.40035494731896"  "beta :"           
[43] "1"                
[1] " old Likelihood:  -6873233.48805897"
[1] "New Likelihood:  -6873178.4390482"
iter:  0  f-value:  6963.984  pgrad:  0.5283604 
iter:  10  f-value:  6963.913  pgrad:  0.3535843 
iter:  20  f-value:  6963.904  pgrad:  0.9813494 
iter:  30  f-value:  6963.9  pgrad:  0.224245 
  Unsuccessful convergence.
Time difference of 7.39001 mins
[1] "maxIt: 20"
[1] "It: 10"
 [1] "sigma:"            "0.980827168954618" "0.980827168954618"
 [4] "0.980827168954618" "0.980827168954618" "0.980827168954618"
 [7] "0.980827168954618" "0.980827168954618" "0.980827168954618"
[10] "0.980827168954618" "0.980827168954618" "0.980827168954618"
[13] "0.980827168954618" "0.980827168954618" "0.980827168954618"
[16] "0.980827168954618" "0.980827168954618" "0.980827168954618"
[19] "0.980827168954618" "0.980827168954618" "0.980827168954618"
[22] "0.980827168954618" "0.980827168954618" "0.980827168954618"
[25] "0.980827168954618" "0.980827168954618" "0.980827168954618"
[28] "0.980827168954618" "0.980827168954618" "0.980827168954618"
[31] "0.980827168954618" "0.980827168954618" "0.980827168954618"
[34] "0.407085977746332" "0.407085977746332" "0.407085977746332"
[37] "0.407085977746332" "0.407085977746332" "0.407085977746332"
[40] "0.407085977746332" "0.407085977746332" "beta :"           
[43] "1"                
[1] 6873715
[1] 6873139
[1] 6876180
 [1] "sigma:"            "0.980827168954618" "0.980827168954618"
 [4] "0.980827168954618" "0.980827168954618" "0.980827168954618"
 [7] "0.980827168954618" "0.980827168954618" "0.980827168954618"
[10] "0.980827168954618" "0.980827168954618" "0.980827168954618"
[13] "0.980827168954618" "0.980827168954618" "0.980827168954618"
[16] "0.980827168954618" "0.980827168954618" "0.980827168954618"
[19] "0.980827168954618" "0.980827168954618" "0.980827168954618"
[22] "0.980827168954618" "0.980827168954618" "0.980827168954618"
[25] "0.980827168954618" "0.980827168954618" "0.980827168954618"
[28] "0.980827168954618" "0.980827168954618" "0.980827168954618"
[31] "0.980827168954618" "0.980827168954618" "0.980827168954618"
[34] "0.432085977746332" "0.432085977746332" "0.432085977746332"
[37] "0.432085977746332" "0.432085977746332" "0.432085977746332"
[40] "0.432085977746332" "0.432085977746332" "beta :"           
[43] "1"                
[1] " old Likelihood:  -6873178.4390482"
[1] "New Likelihood:  -6873138.87198157"
iter:  0  f-value:  6764.304  pgrad:  0.5268015 
iter:  10  f-value:  6764.243  pgrad:  0.4317566 
iter:  20  f-value:  6764.243  pgrad:  0.9823652 
iter:  30  f-value:  6764.23  pgrad:  0.2438264 
  Unsuccessful convergence.
Time difference of 7.787243 mins
[1] "maxIt: 20"
[1] "It: 11"
 [1] "sigma:"            "0.98098561830429"  "0.98098561830429" 
 [4] "0.98098561830429"  "0.98098561830429"  "0.98098561830429" 
 [7] "0.98098561830429"  "0.98098561830429"  "0.98098561830429" 
[10] "0.98098561830429"  "0.98098561830429"  "0.98098561830429" 
[13] "0.98098561830429"  "0.98098561830429"  "0.98098561830429" 
[16] "0.98098561830429"  "0.98098561830429"  "0.98098561830429" 
[19] "0.98098561830429"  "0.98098561830429"  "0.98098561830429" 
[22] "0.98098561830429"  "0.98098561830429"  "0.98098561830429" 
[25] "0.98098561830429"  "0.98098561830429"  "0.98098561830429" 
[28] "0.98098561830429"  "0.98098561830429"  "0.98098561830429" 
[31] "0.98098561830429"  "0.98098561830429"  "0.98098561830429" 
[34] "0.437617532602285" "0.437617532602285" "0.437617532602285"
[37] "0.437617532602285" "0.437617532602285" "0.437617532602285"
[40] "0.437617532602285" "0.437617532602285" "beta :"           
[43] "1"                
[1] 6873671
[1] 6873107
[1] 6876170
 [1] "sigma:"            "0.98098561830429"  "0.98098561830429" 
 [4] "0.98098561830429"  "0.98098561830429"  "0.98098561830429" 
 [7] "0.98098561830429"  "0.98098561830429"  "0.98098561830429" 
[10] "0.98098561830429"  "0.98098561830429"  "0.98098561830429" 
[13] "0.98098561830429"  "0.98098561830429"  "0.98098561830429" 
[16] "0.98098561830429"  "0.98098561830429"  "0.98098561830429" 
[19] "0.98098561830429"  "0.98098561830429"  "0.98098561830429" 
[22] "0.98098561830429"  "0.98098561830429"  "0.98098561830429" 
[25] "0.98098561830429"  "0.98098561830429"  "0.98098561830429" 
[28] "0.98098561830429"  "0.98098561830429"  "0.98098561830429" 
[31] "0.98098561830429"  "0.98098561830429"  "0.98098561830429" 
[34] "0.437617532602285" "0.437617532602285" "0.437617532602285"
[37] "0.437617532602285" "0.437617532602285" "0.437617532602285"
[40] "0.437617532602285" "0.437617532602285" "beta :"           
[43] "1"                
[1] " old Likelihood:  -6873138.87198157"
[1] "New Likelihood:  -6873106.93751213"
iter:  0  f-value:  6739.31  pgrad:  0.5254858 
iter:  10  f-value:  6739.272  pgrad:  0.3690093 
iter:  20  f-value:  6739.267  pgrad:  0.2545585 
iter:  30  f-value:  6739.265  pgrad:  0.236696 
  Unsuccessful convergence.
Time difference of 7.400341 mins
[1] "maxIt: 20"
[1] "It: 12"
 [1] "sigma:"            "0.981099458183178" "0.981099458183178"
 [4] "0.981099458183178" "0.981099458183178" "0.981099458183178"
 [7] "0.981099458183178" "0.981099458183178" "0.981099458183178"
[10] "0.981099458183178" "0.981099458183178" "0.981099458183178"
[13] "0.981099458183178" "0.981099458183178" "0.981099458183178"
[16] "0.981099458183178" "0.981099458183178" "0.981099458183178"
[19] "0.981099458183178" "0.981099458183178" "0.981099458183178"
[22] "0.981099458183178" "0.981099458183178" "0.981099458183178"
[25] "0.981099458183178" "0.981099458183178" "0.981099458183178"
[28] "0.981099458183178" "0.981099458183178" "0.981099458183178"
[31] "0.981099458183178" "0.981099458183178" "0.981099458183178"
[34] "0.441370808363425" "0.441370808363425" "0.441370808363425"
[37] "0.441370808363425" "0.441370808363425" "0.441370808363425"
[40] "0.441370808363425" "0.441370808363425" "beta :"           
[43] "1"                
[1] 6873646
[1] 6873086
[1] 6876185
 [1] "sigma:"            "0.981099458183178" "0.981099458183178"
 [4] "0.981099458183178" "0.981099458183178" "0.981099458183178"
 [7] "0.981099458183178" "0.981099458183178" "0.981099458183178"
[10] "0.981099458183178" "0.981099458183178" "0.981099458183178"
[13] "0.981099458183178" "0.981099458183178" "0.981099458183178"
[16] "0.981099458183178" "0.981099458183178" "0.981099458183178"
[19] "0.981099458183178" "0.981099458183178" "0.981099458183178"
[22] "0.981099458183178" "0.981099458183178" "0.981099458183178"
[25] "0.981099458183178" "0.981099458183178" "0.981099458183178"
[28] "0.981099458183178" "0.981099458183178" "0.981099458183178"
[31] "0.981099458183178" "0.981099458183178" "0.981099458183178"
[34] "0.441370808363425" "0.441370808363425" "0.441370808363425"
[37] "0.441370808363425" "0.441370808363425" "0.441370808363425"
[40] "0.441370808363425" "0.441370808363425" "beta :"           
[43] "1"                
[1] " old Likelihood:  -6873106.93751213"
[1] "New Likelihood:  -6873086.47727145"
iter:  0  f-value:  6715.903  pgrad:  0.524273 
iter:  10  f-value:  6715.876  pgrad:  0.2597972 
iter:  20  f-value:  6715.872  pgrad:  0.2419165 
iter:  30  f-value:  6715.87  pgrad:  0.8746429 
  Unsuccessful convergence.
Time difference of 7.392789 mins
[1] "maxIt: 20"
[1] "It: 13"
 [1] "sigma:"            "0.981178116823232" "0.981178116823232"
 [4] "0.981178116823232" "0.981178116823232" "0.981178116823232"
 [7] "0.981178116823232" "0.981178116823232" "0.981178116823232"
[10] "0.981178116823232" "0.981178116823232" "0.981178116823232"
[13] "0.981178116823232" "0.981178116823232" "0.981178116823232"
[16] "0.981178116823232" "0.981178116823232" "0.981178116823232"
[19] "0.981178116823232" "0.981178116823232" "0.981178116823232"
[22] "0.981178116823232" "0.981178116823232" "0.981178116823232"
[25] "0.981178116823232" "0.981178116823232" "0.981178116823232"
[28] "0.981178116823232" "0.981178116823232" "0.981178116823232"
[31] "0.981178116823232" "0.981178116823232" "0.981178116823232"
[34] "0.445714274464994" "0.445714274464994" "0.445714274464994"
[37] "0.445714274464994" "0.445714274464994" "0.445714274464994"
[40] "0.445714274464994" "0.445714274464994" "beta :"           
[43] "1"                
[1] 6873568
[1] 6873070
[1] 6876189
 [1] "sigma:"            "0.981178116823232" "0.981178116823232"
 [4] "0.981178116823232" "0.981178116823232" "0.981178116823232"
 [7] "0.981178116823232" "0.981178116823232" "0.981178116823232"
[10] "0.981178116823232" "0.981178116823232" "0.981178116823232"
[13] "0.981178116823232" "0.981178116823232" "0.981178116823232"
[16] "0.981178116823232" "0.981178116823232" "0.981178116823232"
[19] "0.981178116823232" "0.981178116823232" "0.981178116823232"
[22] "0.981178116823232" "0.981178116823232" "0.981178116823232"
[25] "0.981178116823232" "0.981178116823232" "0.981178116823232"
[28] "0.981178116823232" "0.981178116823232" "0.981178116823232"
[31] "0.981178116823232" "0.981178116823232" "0.981178116823232"
[34] "0.470714274464994" "0.470714274464994" "0.470714274464994"
[37] "0.470714274464994" "0.470714274464994" "0.470714274464994"
[40] "0.470714274464994" "0.470714274464994" "beta :"           
[43] "1"                
[1] " old Likelihood:  -6873086.47727145"
[1] "New Likelihood:  -6873070.43792591"
iter:  0  f-value:  6522.924  pgrad:  0.5233243 
iter:  10  f-value:  6522.894  pgrad:  0.4262404 
iter:  20  f-value:  6522.888  pgrad:  0.2292472 
iter:  30  f-value:  6522.886  pgrad:  0.2140041 
  Unsuccessful convergence.
Time difference of 7.864595 mins
[1] "maxIt: 20"
[1] "It: 14"
 [1] "sigma:"            "0.981251095834025" "0.981251095834025"
 [4] "0.981251095834025" "0.981251095834025" "0.981251095834025"
 [7] "0.981251095834025" "0.981251095834025" "0.981251095834025"
[10] "0.981251095834025" "0.981251095834025" "0.981251095834025"
[13] "0.981251095834025" "0.981251095834025" "0.981251095834025"
[16] "0.981251095834025" "0.981251095834025" "0.981251095834025"
[19] "0.981251095834025" "0.981251095834025" "0.981251095834025"
[22] "0.981251095834025" "0.981251095834025" "0.981251095834025"
[25] "0.981251095834025" "0.981251095834025" "0.981251095834025"
[28] "0.981251095834025" "0.981251095834025" "0.981251095834025"
[31] "0.981251095834025" "0.981251095834025" "0.981251095834025"
[34] "0.474511814059041" "0.474511814059041" "0.474511814059041"
[37] "0.474511814059041" "0.474511814059041" "0.474511814059041"
[40] "0.474511814059041" "0.474511814059041" "beta :"           
[43] "1"                
[1] 6873544
[1] 6873054
[1] 6876168
 [1] "sigma:"            "0.981251095834025" "0.981251095834025"
 [4] "0.981251095834025" "0.981251095834025" "0.981251095834025"
 [7] "0.981251095834025" "0.981251095834025" "0.981251095834025"
[10] "0.981251095834025" "0.981251095834025" "0.981251095834025"
[13] "0.981251095834025" "0.981251095834025" "0.981251095834025"
[16] "0.981251095834025" "0.981251095834025" "0.981251095834025"
[19] "0.981251095834025" "0.981251095834025" "0.981251095834025"
[22] "0.981251095834025" "0.981251095834025" "0.981251095834025"
[25] "0.981251095834025" "0.981251095834025" "0.981251095834025"
[28] "0.981251095834025" "0.981251095834025" "0.981251095834025"
[31] "0.981251095834025" "0.981251095834025" "0.981251095834025"
[34] "0.474511814059041" "0.474511814059041" "0.474511814059041"
[37] "0.474511814059041" "0.474511814059041" "0.474511814059041"
[40] "0.474511814059041" "0.474511814059041" "beta :"           
[43] "1"                
[1] " old Likelihood:  -6873070.43792591"
[1] "New Likelihood:  -6873054.44362744"
iter:  0  f-value:  6509.42  pgrad:  0.5225201 
iter:  10  f-value:  6509.404  pgrad:  0.424866 
iter:  20  f-value:  6509.401  pgrad:  0.2314482 
iter:  30  f-value:  6509.4  pgrad:  0.2127672 
  Unsuccessful convergence.
Time difference of 7.426393 mins
[1] "maxIt: 20"
[1] "It: 15"
 [1] "sigma:"            "0.981308189394466" "0.981308189394466"
 [4] "0.981308189394466" "0.981308189394466" "0.981308189394466"
 [7] "0.981308189394466" "0.981308189394466" "0.981308189394466"
[10] "0.981308189394466" "0.981308189394466" "0.981308189394466"
[13] "0.981308189394466" "0.981308189394466" "0.981308189394466"
[16] "0.981308189394466" "0.981308189394466" "0.981308189394466"
[19] "0.981308189394466" "0.981308189394466" "0.981308189394466"
[22] "0.981308189394466" "0.981308189394466" "0.981308189394466"
[25] "0.981308189394466" "0.981308189394466" "0.981308189394466"
[28] "0.981308189394466" "0.981308189394466" "0.981308189394466"
[31] "0.981308189394466" "0.981308189394466" "0.981308189394466"
[34] "0.477550347760938" "0.477550347760938" "0.477550347760938"
[37] "0.477550347760938" "0.477550347760938" "0.477550347760938"
[40] "0.477550347760938" "0.477550347760938" "beta :"           
[43] "1"                
[1] 6873527
[1] 6873045
[1] 6876168
 [1] "sigma:"            "0.981308189394466" "0.981308189394466"
 [4] "0.981308189394466" "0.981308189394466" "0.981308189394466"
 [7] "0.981308189394466" "0.981308189394466" "0.981308189394466"
[10] "0.981308189394466" "0.981308189394466" "0.981308189394466"
[13] "0.981308189394466" "0.981308189394466" "0.981308189394466"
[16] "0.981308189394466" "0.981308189394466" "0.981308189394466"
[19] "0.981308189394466" "0.981308189394466" "0.981308189394466"
[22] "0.981308189394466" "0.981308189394466" "0.981308189394466"
[25] "0.981308189394466" "0.981308189394466" "0.981308189394466"
[28] "0.981308189394466" "0.981308189394466" "0.981308189394466"
[31] "0.981308189394466" "0.981308189394466" "0.981308189394466"
[34] "0.477550347760938" "0.477550347760938" "0.477550347760938"
[37] "0.477550347760938" "0.477550347760938" "0.477550347760938"
[40] "0.477550347760938" "0.477550347760938" "beta :"           
[43] "1"                
[1] " old Likelihood:  -6873054.44362744"
[1] "New Likelihood:  -6873045.00821539"
iter:  0  f-value:  6492.998  pgrad:  0.5217093 
iter:  10  f-value:  6492.988  pgrad:  0.2671368 
iter:  20  f-value:  6492.985  pgrad:  0.5306979 
iter:  30  f-value:  6492.985  pgrad:  0.2151683 
  Unsuccessful convergence.
Time difference of 6.974026 mins
[1] "maxIt: 20"
[1] "It: 16"
 [1] "sigma:"            "0.98136114472839"  "0.98136114472839" 
 [4] "0.98136114472839"  "0.98136114472839"  "0.98136114472839" 
 [7] "0.98136114472839"  "0.98136114472839"  "0.98136114472839" 
[10] "0.98136114472839"  "0.98136114472839"  "0.98136114472839" 
[13] "0.98136114472839"  "0.98136114472839"  "0.98136114472839" 
[16] "0.98136114472839"  "0.98136114472839"  "0.98136114472839" 
[19] "0.98136114472839"  "0.98136114472839"  "0.98136114472839" 
[22] "0.98136114472839"  "0.98136114472839"  "0.98136114472839" 
[25] "0.98136114472839"  "0.98136114472839"  "0.98136114472839" 
[28] "0.98136114472839"  "0.98136114472839"  "0.98136114472839" 
[31] "0.98136114472839"  "0.98136114472839"  "0.98136114472839" 
[34] "0.479655712941326" "0.479655712941326" "0.479655712941326"
[37] "0.479655712941326" "0.479655712941326" "0.479655712941326"
[40] "0.479655712941326" "0.479655712941326" "beta :"           
[43] "1"                
[1] 6873519
[1] 6873039
[1] 6876178
 [1] "sigma:"            "0.98136114472839"  "0.98136114472839" 
 [4] "0.98136114472839"  "0.98136114472839"  "0.98136114472839" 
 [7] "0.98136114472839"  "0.98136114472839"  "0.98136114472839" 
[10] "0.98136114472839"  "0.98136114472839"  "0.98136114472839" 
[13] "0.98136114472839"  "0.98136114472839"  "0.98136114472839" 
[16] "0.98136114472839"  "0.98136114472839"  "0.98136114472839" 
[19] "0.98136114472839"  "0.98136114472839"  "0.98136114472839" 
[22] "0.98136114472839"  "0.98136114472839"  "0.98136114472839" 
[25] "0.98136114472839"  "0.98136114472839"  "0.98136114472839" 
[28] "0.98136114472839"  "0.98136114472839"  "0.98136114472839" 
[31] "0.98136114472839"  "0.98136114472839"  "0.98136114472839" 
[34] "0.479655712941326" "0.479655712941326" "0.479655712941326"
[37] "0.479655712941326" "0.479655712941326" "0.479655712941326"
[40] "0.479655712941326" "0.479655712941326" "beta :"           
[43] "1"                
[1] " old Likelihood:  -6873045.00821539"
[1] "New Likelihood:  -6873038.61672923"
iter:  0  f-value:  6477.885  pgrad:  0.5210458 
iter:  10  f-value:  6477.878  pgrad:  0.2287925 
iter:  20  f-value:  6477.877  pgrad:  0.2236357 
iter:  30  f-value:  6477.876  pgrad:  0.4305002 
  Unsuccessful convergence.
Time difference of 6.96696 mins
[1] "maxIt: 20"
[1] "It: 17"
 [1] "sigma:"            "0.981393325441136" "0.981393325441136"
 [4] "0.981393325441136" "0.981393325441136" "0.981393325441136"
 [7] "0.981393325441136" "0.981393325441136" "0.981393325441136"
[10] "0.981393325441136" "0.981393325441136" "0.981393325441136"
[13] "0.981393325441136" "0.981393325441136" "0.981393325441136"
[16] "0.981393325441136" "0.981393325441136" "0.981393325441136"
[19] "0.981393325441136" "0.981393325441136" "0.981393325441136"
[22] "0.981393325441136" "0.981393325441136" "0.981393325441136"
[25] "0.981393325441136" "0.981393325441136" "0.981393325441136"
[28] "0.981393325441136" "0.981393325441136" "0.981393325441136"
[31] "0.981393325441136" "0.981393325441136" "0.981393325441136"
[34] "0.481841523733747" "0.481841523733747" "0.481841523733747"
[37] "0.481841523733747" "0.481841523733747" "0.481841523733747"
[40] "0.481841523733747" "0.481841523733747" "beta :"           
[43] "1"                
[1] 6873513
[1] 6873034
[1] 6876183
 [1] "sigma:"            "0.981393325441136" "0.981393325441136"
 [4] "0.981393325441136" "0.981393325441136" "0.981393325441136"
 [7] "0.981393325441136" "0.981393325441136" "0.981393325441136"
[10] "0.981393325441136" "0.981393325441136" "0.981393325441136"
[13] "0.981393325441136" "0.981393325441136" "0.981393325441136"
[16] "0.981393325441136" "0.981393325441136" "0.981393325441136"
[19] "0.981393325441136" "0.981393325441136" "0.981393325441136"
[22] "0.981393325441136" "0.981393325441136" "0.981393325441136"
[25] "0.981393325441136" "0.981393325441136" "0.981393325441136"
[28] "0.981393325441136" "0.981393325441136" "0.981393325441136"
[31] "0.981393325441136" "0.981393325441136" "0.981393325441136"
[34] "0.481841523733747" "0.481841523733747" "0.481841523733747"
[37] "0.481841523733747" "0.481841523733747" "0.481841523733747"
[40] "0.481841523733747" "0.481841523733747" "beta :"           
[43] "1"                
[1] " old Likelihood:  -6873038.61672923"
[1] "New Likelihood:  -6873033.81798461"
iter:  0  f-value:  6462.515  pgrad:  0.520543 
iter:  10  f-value:  6462.51  pgrad:  0.2192974 
iter:  20  f-value:  6462.509  pgrad:  0.2125216 
iter:  30  f-value:  6462.509  pgrad:  0.2043998 
  Unsuccessful convergence.
Time difference of 6.992576 mins
[1] "maxIt: 20"
[1] "It: 18"
 [1] "sigma:"            "0.981423201834427" "0.981423201834427"
 [4] "0.981423201834427" "0.981423201834427" "0.981423201834427"
 [7] "0.981423201834427" "0.981423201834427" "0.981423201834427"
[10] "0.981423201834427" "0.981423201834427" "0.981423201834427"
[13] "0.981423201834427" "0.981423201834427" "0.981423201834427"
[16] "0.981423201834427" "0.981423201834427" "0.981423201834427"
[19] "0.981423201834427" "0.981423201834427" "0.981423201834427"
[22] "0.981423201834427" "0.981423201834427" "0.981423201834427"
[25] "0.981423201834427" "0.981423201834427" "0.981423201834427"
[28] "0.981423201834427" "0.981423201834427" "0.981423201834427"
[31] "0.981423201834427" "0.981423201834427" "0.981423201834427"
[34] "0.483339319170103" "0.483339319170103" "0.483339319170103"
[37] "0.483339319170103" "0.483339319170103" "0.483339319170103"
[40] "0.483339319170103" "0.483339319170103" "beta :"           
[43] "1"                
[1] 6873511
[1] 6873030
[1] 6876190
 [1] "sigma:"            "0.981423201834427" "0.981423201834427"
 [4] "0.981423201834427" "0.981423201834427" "0.981423201834427"
 [7] "0.981423201834427" "0.981423201834427" "0.981423201834427"
[10] "0.981423201834427" "0.981423201834427" "0.981423201834427"
[13] "0.981423201834427" "0.981423201834427" "0.981423201834427"
[16] "0.981423201834427" "0.981423201834427" "0.981423201834427"
[19] "0.981423201834427" "0.981423201834427" "0.981423201834427"
[22] "0.981423201834427" "0.981423201834427" "0.981423201834427"
[25] "0.981423201834427" "0.981423201834427" "0.981423201834427"
[28] "0.981423201834427" "0.981423201834427" "0.981423201834427"
[31] "0.981423201834427" "0.981423201834427" "0.981423201834427"
[34] "0.483339319170103" "0.483339319170103" "0.483339319170103"
[37] "0.483339319170103" "0.483339319170103" "0.483339319170103"
[40] "0.483339319170103" "0.483339319170103" "beta :"           
[43] "1"                
[1] " old Likelihood:  -6873033.81798461"
[1] "New Likelihood:  -6873030.38589088"
iter:  0  f-value:  6450.364  pgrad:  0.5201006 
iter:  10  f-value:  6450.36  pgrad:  0.2209254 
iter:  20  f-value:  6450.359  pgrad:  0.2070738 
iter:  30  f-value:  6450.359  pgrad:  0.2031084 
  Unsuccessful convergence.
Time difference of 6.975444 mins
[1] "maxIt: 20"
[1] "It: 19"
 [1] "sigma:"            "0.981459391062566" "0.981459391062566"
 [4] "0.981459391062566" "0.981459391062566" "0.981459391062566"
 [7] "0.981459391062566" "0.981459391062566" "0.981459391062566"
[10] "0.981459391062566" "0.981459391062566" "0.981459391062566"
[13] "0.981459391062566" "0.981459391062566" "0.981459391062566"
[16] "0.981459391062566" "0.981459391062566" "0.981459391062566"
[19] "0.981459391062566" "0.981459391062566" "0.981459391062566"
[22] "0.981459391062566" "0.981459391062566" "0.981459391062566"
[25] "0.981459391062566" "0.981459391062566" "0.981459391062566"
[28] "0.981459391062566" "0.981459391062566" "0.981459391062566"
[31] "0.981459391062566" "0.981459391062566" "0.981459391062566"
[34] "0.484870059477394" "0.484870059477394" "0.484870059477394"
[37] "0.484870059477394" "0.484870059477394" "0.484870059477394"
[40] "0.484870059477394" "0.484870059477394" "beta :"           
[43] "1"                
[1] 6873508
[1] 6873028
[1] 6876196
 [1] "sigma:"            "0.981459391062566" "0.981459391062566"
 [4] "0.981459391062566" "0.981459391062566" "0.981459391062566"
 [7] "0.981459391062566" "0.981459391062566" "0.981459391062566"
[10] "0.981459391062566" "0.981459391062566" "0.981459391062566"
[13] "0.981459391062566" "0.981459391062566" "0.981459391062566"
[16] "0.981459391062566" "0.981459391062566" "0.981459391062566"
[19] "0.981459391062566" "0.981459391062566" "0.981459391062566"
[22] "0.981459391062566" "0.981459391062566" "0.981459391062566"
[25] "0.981459391062566" "0.981459391062566" "0.981459391062566"
[28] "0.981459391062566" "0.981459391062566" "0.981459391062566"
[31] "0.981459391062566" "0.981459391062566" "0.981459391062566"
[34] "0.484870059477394" "0.484870059477394" "0.484870059477394"
[37] "0.484870059477394" "0.484870059477394" "0.484870059477394"
[40] "0.484870059477394" "0.484870059477394" "beta :"           
[43] "1"                
[1] " old Likelihood:  -6873030.38589088"
[1] "New Likelihood:  -6873027.588094"
iter:  0  f-value:  6438.009  pgrad:  0.519748 
iter:  10  f-value:  6438.006  pgrad:  0.2153683 
iter:  20  f-value:  6438.005  pgrad:  0.2819525 
iter:  30  f-value:  6438.005  pgrad:  0.1913122 
  Unsuccessful convergence.
Time difference of 6.983749 mins
[1] "maxIt: 20"
[1] "It: 20"
 [1] "sigma:"            "0.981471296771571" "0.981471296771571"
 [4] "0.981471296771571" "0.981471296771571" "0.981471296771571"
 [7] "0.981471296771571" "0.981471296771571" "0.981471296771571"
[10] "0.981471296771571" "0.981471296771571" "0.981471296771571"
[13] "0.981471296771571" "0.981471296771571" "0.981471296771571"
[16] "0.981471296771571" "0.981471296771571" "0.981471296771571"
[19] "0.981471296771571" "0.981471296771571" "0.981471296771571"
[22] "0.981471296771571" "0.981471296771571" "0.981471296771571"
[25] "0.981471296771571" "0.981471296771571" "0.981471296771571"
[28] "0.981471296771571" "0.981471296771571" "0.981471296771571"
[31] "0.981471296771571" "0.981471296771571" "0.981471296771571"
[34] "0.486489834083789" "0.486489834083789" "0.486489834083789"
[37] "0.486489834083789" "0.486489834083789" "0.486489834083789"
[40] "0.486489834083789" "0.486489834083789" "beta :"           
[43] "1"                
[1] 6873507
[1] 6873025
[1] 6876197
 [1] "sigma:"            "0.981471296771571" "0.981471296771571"
 [4] "0.981471296771571" "0.981471296771571" "0.981471296771571"
 [7] "0.981471296771571" "0.981471296771571" "0.981471296771571"
[10] "0.981471296771571" "0.981471296771571" "0.981471296771571"
[13] "0.981471296771571" "0.981471296771571" "0.981471296771571"
[16] "0.981471296771571" "0.981471296771571" "0.981471296771571"
[19] "0.981471296771571" "0.981471296771571" "0.981471296771571"
[22] "0.981471296771571" "0.981471296771571" "0.981471296771571"
[25] "0.981471296771571" "0.981471296771571" "0.981471296771571"
[28] "0.981471296771571" "0.981471296771571" "0.981471296771571"
[31] "0.981471296771571" "0.981471296771571" "0.981471296771571"
[34] "0.486489834083789" "0.486489834083789" "0.486489834083789"
[37] "0.486489834083789" "0.486489834083789" "0.486489834083789"
[40] "0.486489834083789" "0.486489834083789" "beta :"           
[43] "1"                
[1] " old Likelihood:  -6873027.588094"
[1] "New Likelihood:  -6873025.44368716"
iter:  0  f-value:  6426.275  pgrad:  0.5194566 
iter:  10  f-value:  6426.272  pgrad:  0.2068737 
iter:  20  f-value:  6426.272  pgrad:  0.198479 
iter:  30  f-value:  6426.271  pgrad:  0.1867556 
  Unsuccessful convergence.
Time difference of 6.987028 mins
 [1] "sigma:"            "0.981486659215414" "0.981486659215414"
 [4] "0.981486659215414" "0.981486659215414" "0.981486659215414"
 [7] "0.981486659215414" "0.981486659215414" "0.981486659215414"
[10] "0.981486659215414" "0.981486659215414" "0.981486659215414"
[13] "0.981486659215414" "0.981486659215414" "0.981486659215414"
[16] "0.981486659215414" "0.981486659215414" "0.981486659215414"
[19] "0.981486659215414" "0.981486659215414" "0.981486659215414"
[22] "0.981486659215414" "0.981486659215414" "0.981486659215414"
[25] "0.981486659215414" "0.981486659215414" "0.981486659215414"
[28] "0.981486659215414" "0.981486659215414" "0.981486659215414"
[31] "0.981486659215414" "0.981486659215414" "0.981486659215414"
[34] "0.487921325019233" "0.487921325019233" "0.487921325019233"
[37] "0.487921325019233" "0.487921325019233" "0.487921325019233"
[40] "0.487921325019233" "0.487921325019233" "beta :"           
[43] "1"                
[1] 1998624 1999688 1998934 1999792 1997996
[1] 1 1 1 1 1
saved RDS
inference successful
