[1] "Original length"
[1] 998964
[1] "Final length"
[1] 14820
[1] "sequence length : 998965" "sequence length : 999877"
[3] "sequence length : 999964" "sequence length : 999799"
[5] "sequence length : 999060"
[1] 1 1 1 1 1
[1] "Beta: 1"
[1] "Self: 0"
[1] "maxIt: 20"
[1] "It: 1"
 [1] "sigma:" "0"      "0"      "0"      "0"      "0"      "0"      "0"     
 [9] "0"      "0"      "0"      "0"      "0"      "0"      "0"      "0"     
[17] "0"      "0"      "0"      "0"      "0"      "0"      "0"      "0"     
[25] "0"      "0"      "0"      "0"      "0"      "0"      "0"      "0"     
[33] "0"      "0"      "0"      "0"      "0"      "0"      "0"      "0"     
[41] "0"      "beta :" "1"     
 [1] "sigma:" "0.9405" "0.9405" "0.9405" "0.9405" "0.9405" "0.9405" "0.9405"
 [9] "0.9405" "0.9405" "0.9405" "0.9405" "0.9405" "0.9405" "0.9405" "0.9405"
[17] "0.9405" "0.9405" "0.9405" "0.9405" "0.9405" "0.9405" "0.9405" "0.9405"
[25] "0.9405" "0"      "0"      "0"      "0"      "0"      "0"      "0"     
[33] "0"      "0"      "0"      "0"      "0"      "0"      "0"      "0"     
[41] "0"      "beta :" "1"     
[1] "New Likelihood:  -8311375.97308849"
iter:  0  f-value:  25780.31  pgrad:  0.5 
iter:  10  f-value:  25769.15  pgrad:  0.9994648 
iter:  20  f-value:  25767.16  pgrad:  0.9978032 
iter:  30  f-value:  25768.43  pgrad:  0.9942019 
iter:  40  f-value:  25765.86  pgrad:  0.9932047 
iter:  50  f-value:  25765.78  pgrad:  0.9925655 
  Unsuccessful convergence.
Time difference of 2.232112 hours
[1] "maxIt: 20"
[1] "It: 2"
 [1] "sigma:"              "0.954469138203869"   "0.954469138203869"  
 [4] "0.947680038501554"   "0.947680038501554"   "0.950642633208982"  
 [7] "0.950642633208982"   "0.954811807270888"   "0.954811807270888"  
[10] "0.960064835999617"   "0.960064835999617"   "0.966465134515264"  
[13] "0.966465134515264"   "0.972844406565015"   "0.972844406565015"  
[16] "0.976742884976035"   "0.976742884976035"   "0.976075822632472"  
[19] "0.976075822632472"   "0.975810344067065"   "0.975810344067065"  
[22] "0.960384708090814"   "0.960384708090814"   "0.900166238490981"  
[25] "0.900166238490981"   "0"                   "0"                  
[28] "0.00737544708548554" "0.00737544708548554" "0.0251474757739289" 
[31] "0.0251474757739289"  "0.039524842905993"   "0.039524842905993"  
[34] "0.0416543272962354"  "0.0416543272962354"  "0.0285192324017263" 
[37] "0.0285192324017263"  "0.0117470478861573"  "0.0117470478861573" 
[40] "0.00167932235201867" "0.00167932235201867" "beta :"             
[43] "1"                  
 [1] "sigma:"              "0.954469138203869"   "0.954469138203869"  
 [4] "0.947680038501554"   "0.947680038501554"   "0.950642633208982"  
 [7] "0.950642633208982"   "0.954811807270888"   "0.954811807270888"  
[10] "0.960064835999617"   "0.960064835999617"   "0.966465134515264"  
[13] "0.966465134515264"   "0.972844406565015"   "0.972844406565015"  
[16] "0.976742884976035"   "0.976742884976035"   "0.976075822632472"  
[19] "0.976075822632472"   "0.975810344067065"   "0.975810344067065"  
[22] "0.960384708090814"   "0.960384708090814"   "0.949666238490981"  
[25] "0.949666238490981"   "0"                   "0"                  
[28] "0.106375447085486"   "0.106375447085486"   "0.0251474757739289" 
[31] "0.0251474757739289"  "0.039524842905993"   "0.039524842905993"  
[34] "0.0416543272962354"  "0.0416543272962354"  "0.0285192324017262" 
[37] "0.0285192324017262"  "0.0117470478861573"  "0.0117470478861573" 
[40] "0.00167932235201867" "0.00167932235201867" "beta :"             
[43] "1"                  
[1] " old Likelihood:  -8311375.97308849"
[1] "New Likelihood:  -8307110.23604058"
iter:  0  f-value:  25950.54  pgrad:  0.5201178 
iter:  10  f-value:  25946.53  pgrad:  0.9872861 
iter:  20  f-value:  25946.32  pgrad:  0.9983842 
iter:  30  f-value:  25945.97  pgrad:  0.997911 
iter:  40  f-value:  25945.87  pgrad:  0.9799422 
iter:  50  f-value:  25945.74  pgrad:  0.976314 
  Unsuccessful convergence.
Time difference of 19.4216 mins
[1] "maxIt: 20"
[1] "It: 3"
 [1] "sigma:"              "0.964353275287171"   "0.964353275287171"  
 [4] "0.95244230052677"    "0.95244230052677"    "0.957280735502987"  
 [7] "0.957280735502987"   "0.963991106134005"   "0.963991106134005"  
[10] "0.971986306891515"   "0.971986306891515"   "0.981004077581576"  
[13] "0.981004077581576"   "0.988724545107077"   "0.988724545107077"  
[16] "0.989223439165698"   "0.989223439165698"   "0.985088029191032"  
[19] "0.985088029191032"   "0.985228615057172"   "0.985228615057172"  
[22] "0.975739840587955"   "0.975739840587955"   "0.9178008300781"    
[25] "0.9178008300781"     "0"                   "0"                  
[28] "0.112988855108137"   "0.112988855108137"   "0.0388332409619764" 
[31] "0.0388332409619764"  "0.0641501330078534"  "0.0641501330078534" 
[34] "0.07296740909033"    "0.07296740909033"    "0.0536846147896926" 
[37] "0.0536846147896926"  "0.0234690011699291"  "0.0234690011699291" 
[40] "0.00337835362079989" "0.00337835362079989" "beta :"             
[43] "1"                  
 [1] "sigma:"              "0.964353275287171"   "0.964353275287171"  
 [4] "0.95244230052677"    "0.95244230052677"    "0.957280735502987"  
 [7] "0.957280735502987"   "0.963991106134005"   "0.963991106134005"  
[10] "0.971986306891515"   "0.971986306891515"   "0.981004077581576"  
[13] "0.981004077581576"   "0.988724545107077"   "0.988724545107077"  
[16] "0.989223439165698"   "0.989223439165698"   "0.985088029191032"  
[19] "0.985088029191032"   "0.985228615057172"   "0.985228615057172"  
[22] "0.975739840587955"   "0.975739840587955"   "0.6703008300781"    
[25] "0.6703008300781"     "0.099"               "0.099"              
[28] "0.162488855108137"   "0.162488855108137"   "0.0388332409619764" 
[31] "0.0388332409619764"  "0.0146501330078534"  "0.0146501330078534" 
[34] "0.02346740909033"    "0.02346740909033"    "0.00418461478969264"
[37] "0.00418461478969264" "0.0234690011699291"  "0.0234690011699291" 
[40] "0.00337835362079989" "0.00337835362079989" "beta :"             
[43] "1"                  
[1] " old Likelihood:  -8307110.23604058"
[1] "New Likelihood:  -8305378.62978942"
iter:  0  f-value:  26941.35  pgrad:  0.5331611 
iter:  10  f-value:  26939.96  pgrad:  0.9951558 
iter:  20  f-value:  26939.83  pgrad:  0.9923972 
iter:  30  f-value:  26939.79  pgrad:  0.9910923 
iter:  40  f-value:  26939.68  pgrad:  0.9848253 
iter:  50  f-value:  26939.64  pgrad:  0.9816328 
  Unsuccessful convergence.
Time difference of 24.61109 mins
[1] "maxIt: 20"
[1] "It: 4"
 [1] "sigma:"              "0.970975973655289"   "0.970975973655289"  
 [4] "0.955641884558353"   "0.955641884558353"   "0.961681371933482"  
 [7] "0.961681371933482"   "0.970082982599123"   "0.970082982599123"  
[10] "0.98003350347768"    "0.98003350347768"    "0.99"               
[13] "0.99"                "0.99"                "0.99"               
[16] "0.99"                "0.99"                "0.99"               
[19] "0.99"                "0.99"                "0.99"               
[22] "0.984468480702659"   "0.984468480702659"   "0.651919682384029"  
[25] "0.651919682384029"   "0.0965891590822805"  "0.0965891590822805" 
[28] "0.170817241035698"   "0.170817241035698"   "0.0466993286303842" 
[31] "0.0466993286303842"  "0.0269621537507179"  "0.0269621537507179" 
[34] "0.0393479067815688"  "0.0393479067815688"  "0.0182030551902213" 
[37] "0.0182030551902213"  "0.0308664178239636"  "0.0308664178239636" 
[40] "0.00453785393545326" "0.00453785393545326" "beta :"             
[43] "1"                  
 [1] "sigma:"              "0.970975973655289"   "0.970975973655289"  
 [4] "0.955641884558353"   "0.955641884558353"   "0.961681371933482"  
 [7] "0.961681371933482"   "0.970082982599123"   "0.970082982599123"  
[10] "0.98003350347768"    "0.98003350347768"    "0.99"               
[13] "0.99"                "0.99"                "0.99"               
[16] "0.99"                "0.99"                "0.99"               
[19] "0.99"                "0.99"                "0.99"               
[22] "0.984468480702659"   "0.984468480702659"   "0.552919682384028"  
[25] "0.552919682384028"   "0.195589159082281"   "0.195589159082281"  
[28] "0.220317241035698"   "0.220317241035698"   "0.0466993286303842" 
[31] "0.0466993286303842"  "0.0269621537507179"  "0.0269621537507179" 
[34] "0.0393479067815688"  "0.0393479067815688"  "0.0182030551902213" 
[37] "0.0182030551902213"  "0.0308664178239636"  "0.0308664178239636" 
[40] "0.00453785393545326" "0.00453785393545326" "beta :"             
[43] "1"                  
[1] " old Likelihood:  -8305378.62978942"
[1] "New Likelihood:  -8304848.67199804"
iter:  0  f-value:  26980.22  pgrad:  0.4989617 
iter:  10  f-value:  26979.66  pgrad:  0.9811503 
iter:  20  f-value:  26979.63  pgrad:  0.9795483 
iter:  30  f-value:  26979.61  pgrad:  0.9781408 
iter:  40  f-value:  26979.6  pgrad:  0.9773607 
iter:  50  f-value:  26979.56  pgrad:  0.9727319 
  Unsuccessful convergence.
Time difference of 21.41441 mins
[1] "maxIt: 20"
[1] "It: 5"
 [1] "sigma:"              "0.975552928120484"   "0.975552928120484"  
 [4] "0.95778881554236"    "0.95778881554236"    "0.964667891530995"  
 [7] "0.964667891530995"   "0.974315693227794"   "0.974315693227794"  
[10] "0.985857938984654"   "0.985857938984654"   "0.99"               
[13] "0.99"                "0.99"                "0.99"               
[16] "0.99"                "0.99"                "0.99"               
[19] "0.99"                "0.99"                "0.99"               
[22] "0.988802930313228"   "0.988802930313228"   "0.546424839262547"  
[25] "0.546424839262547"   "0.193280736517422"   "0.193280736517422"  
[28] "0.224540179797962"   "0.224540179797962"   "0.054180891210128"  
[31] "0.054180891210128"   "0.0340525768827781"  "0.0340525768827781" 
[34] "0.0487108190548024"  "0.0487108190548024"  "0.0270147468112254" 
[37] "0.0270147468112254"  "0.0358245731939275"  "0.0358245731939275" 
[40] "0.00531140676851135" "0.00531140676851135" "beta :"             
[43] "1"                  
 [1] "sigma:"              "0.975552928120484"   "0.975552928120484"  
 [4] "0.95778881554236"    "0.95778881554236"    "0.964667891530995"  
 [7] "0.964667891530995"   "0.974315693227794"   "0.974315693227794"  
[10] "0.985857938984654"   "0.985857938984654"   "0.99"               
[13] "0.99"                "0.99"                "0.99"               
[16] "0.99"                "0.99"                "0.99"               
[19] "0.99"                "0.99"                "0.99"               
[22] "0.988802930313228"   "0.988802930313228"   "0.496924839262547"  
[25] "0.496924839262547"   "0.193280736517422"   "0.193280736517422"  
[28] "0.274040179797962"   "0.274040179797962"   "0.103680891210128"  
[31] "0.103680891210128"   "0.0340525768827781"  "0.0340525768827781" 
[34] "0.0487108190548024"  "0.0487108190548024"  "0.0270147468112254" 
[37] "0.0270147468112254"  "0.0358245731939275"  "0.0358245731939275" 
[40] "0.00531140676851135" "0.00531140676851135" "beta :"             
[43] "1"                  
[1] " old Likelihood:  -8304848.67199804"
[1] "New Likelihood:  -8304618.45611277"
iter:  0  f-value:  26890.85  pgrad:  0.4930668 
iter:  10  f-value:  26890.53  pgrad:  0.9725043 
iter:  20  f-value:  26890.51  pgrad:  0.9712238 
iter:  30  f-value:  26890.49  pgrad:  0.9688613 
iter:  40  f-value:  26890.49  pgrad:  0.9676302 
iter:  50  f-value:  26890.48  pgrad:  0.9664578 
  Unsuccessful convergence.
Time difference of 20.90451 mins
[1] "maxIt: 20"
[1] "It: 6"
 [1] "sigma:"              "0.978115540788301"   "0.978115540788301"  
 [4] "0.958962367928935"   "0.958962367928935"   "0.966205329080559"  
 [7] "0.966205329080559"   "0.976404575464354"   "0.976404575464354"  
[10] "0.988593230555653"   "0.988593230555653"   "0.99"               
[13] "0.99"                "0.99"                "0.99"               
[16] "0.99"                "0.99"                "0.99"               
[19] "0.99"                "0.99"                "0.99"               
[22] "0.99"                "0.99"                "0.49555243798354"   
[25] "0.49555243798354"    "0.191348976262781"   "0.191348976262781"  
[28] "0.274872963060055"   "0.274872963060055"   "0.110200119694244"  
[31] "0.110200119694244"   "0.0391658014902522"  "0.0391658014902522" 
[34] "0.0551764270461892"  "0.0551764270461892"  "0.0332190922276265" 
[37] "0.0332190922276265"  "0.039458102118814"   "0.039458102118814"  
[40] "0.00590817516939177" "0.00590817516939177" "beta :"             
[43] "1"                  
 [1] "sigma:"              "0.978115540788301"   "0.978115540788301"  
 [4] "0.958962367928935"   "0.958962367928935"   "0.966205329080559"  
 [7] "0.966205329080559"   "0.976404575464354"   "0.976404575464354"  
[10] "0.988593230555653"   "0.988593230555653"   "0.99"               
[13] "0.99"                "0.99"                "0.99"               
[16] "0.99"                "0.99"                "0.99"               
[19] "0.99"                "0.99"                "0.99"               
[22] "0.99"                "0.99"                "0.49555243798354"   
[25] "0.49555243798354"    "0.141848976262781"   "0.141848976262781"  
[28] "0.324372963060055"   "0.324372963060055"   "0.159700119694244"  
[31] "0.159700119694244"   "0.0391658014902522"  "0.0391658014902522" 
[34] "0.00567642704618923" "0.00567642704618923" "0.0332190922276265" 
[37] "0.0332190922276265"  "0.039458102118814"   "0.039458102118814"  
[40] "0.00590817516939177" "0.00590817516939177" "beta :"             
[43] "1"                  
[1] " old Likelihood:  -8304618.45611277"
[1] "New Likelihood:  -8304464.22764573"
iter:  0  f-value:  26907.84  pgrad:  0.489232 
iter:  10  f-value:  26907.68  pgrad:  0.9940044 
iter:  20  f-value:  26907.67  pgrad:  0.9927279 
iter:  30  f-value:  26907.67  pgrad:  0.9917553 
iter:  40  f-value:  26907.66  pgrad:  0.9911721 
iter:  50  f-value:  26907.66  pgrad:  0.9902052 
  Unsuccessful convergence.
Time difference of 21.54281 mins
[1] "maxIt: 20"
[1] "It: 7"
 [1] "sigma:"              "0.979806609255645"   "0.979806609255645"  
 [4] "0.95966829547499"    "0.95966829547499"    "0.967090658071252"  
 [7] "0.967090658071252"   "0.977573806559627"   "0.977573806559627"  
[10] "0.99"                "0.99"                "0.99"               
[13] "0.99"                "0.99"                "0.99"               
[16] "0.99"                "0.99"                "0.99"               
[19] "0.99"                "0.99"                "0.99"               
[22] "0.99"                "0.99"                "0.494938470549907"  
[25] "0.494938470549907"   "0.140599100306084"   "0.140599100306084"  
[28] "0.324429406854165"   "0.324429406854165"   "0.164402116964702"  
[31] "0.164402116964702"   "0.0427793311372392"  "0.0427793311372392" 
[34] "0.00977722833121112" "0.00977722833121112" "0.0374996624682451" 
[37] "0.0374996624682451"  "0.0421915744432253"  "0.0421915744432253" 
[40] "0.00636320847142284" "0.00636320847142284" "beta :"             
[43] "1"                  
 [1] "sigma:"              "0.979806609255645"   "0.979806609255645"  
 [4] "0.95966829547499"    "0.95966829547499"    "0.967090658071252"  
 [7] "0.967090658071252"   "0.977573806559627"   "0.977573806559627"  
[10] "0.99"                "0.99"                "0.99"               
[13] "0.99"                "0.99"                "0.99"               
[16] "0.99"                "0.99"                "0.99"               
[19] "0.99"                "0.99"                "0.99"               
[22] "0.99"                "0.99"                "0.494938470549907"  
[25] "0.494938470549907"   "0.0910991003060839"  "0.0910991003060839" 
[28] "0.324429406854165"   "0.324429406854165"   "0.213902116964702"  
[31] "0.213902116964702"   "0.0427793311372392"  "0.0427793311372392" 
[34] "0.00977722833121112" "0.00977722833121112" "0.0374996624682451" 
[37] "0.0374996624682451"  "0.0421915744432253"  "0.0421915744432253" 
[40] "0.00636320847142284" "0.00636320847142284" "beta :"             
[43] "1"                  
[1] " old Likelihood:  -8304464.22764573"
[1] "New Likelihood:  -8304391.10524652"
iter:  0  f-value:  26878.96  pgrad:  0.5573613 
iter:  10  f-value:  26878.85  pgrad:  0.9899593 
iter:  20  f-value:  26878.84  pgrad:  0.960328 
iter:  30  f-value:  26878.84  pgrad:  0.6923074 
iter:  40  f-value:  26878.84  pgrad:  0.9016367 
iter:  50  f-value:  26878.83  pgrad:  0.5750189 
  Unsuccessful convergence.
Time difference of 20.91914 mins
[1] "maxIt: 20"
[1] "It: 8"
 [1] "sigma:"              "0.981784910745453"   "0.981784910745453"  
 [4] "0.960400119114448"   "0.960400119114448"   "0.967927446389464"  
 [7] "0.967927446389464"   "0.978608844241324"   "0.978608844241324"  
[10] "0.99"                "0.99"                "0.99"               
[13] "0.99"                "0.99"                "0.99"               
[16] "0.99"                "0.99"                "0.99"               
[19] "0.99"                "0.99"                "0.99"               
[22] "0.99"                "0.99"                "0.495284731301134"  
[25] "0.495284731301134"   "0.0901651415016651"  "0.0901651415016651" 
[28] "0.324052636918115"   "0.324052636918115"   "0.219207591790006"  
[31] "0.219207591790006"   "0.047808890279007"   "0.047808890279007"  
[34] "0.0149407230835756"  "0.0149407230835756"  "0.0431432462115219" 
[37] "0.0431432462115219"  "0.0460533202672478"  "0.0460533202672478" 
[40] "0.00704839825984553" "0.00704839825984553" "beta :"             
[43] "1"                  
 [1] "sigma:"              "0.981784910745453"   "0.981784910745453"  
 [4] "0.960400119114448"   "0.960400119114448"   "0.967927446389464"  
 [7] "0.967927446389464"   "0.978608844241324"   "0.978608844241324"  
[10] "0.99"                "0.99"                "0.99"               
[13] "0.99"                "0.99"                "0.99"               
[16] "0.99"                "0.99"                "0.99"               
[19] "0.99"                "0.99"                "0.99"               
[22] "0.99"                "0.99"                "0.495284731301134"  
[25] "0.495284731301134"   "0.0901651415016651"  "0.0901651415016651" 
[28] "0.324052636918115"   "0.324052636918115"   "0.268707591790006"  
[31] "0.268707591790006"   "0.047808890279007"   "0.047808890279007"  
[34] "0.0149407230835756"  "0.0149407230835756"  "0.0431432462115219" 
[37] "0.0431432462115219"  "0.0460533202672478"  "0.0460533202672478" 
[40] "0.00704839825984553" "0.00704839825984553" "beta :"             
[43] "1"                  
[1] " old Likelihood:  -8304391.10524652"
[1] "New Likelihood:  -8304340.28491451"
iter:  0  f-value:  26731.79  pgrad:  0.5561733 
iter:  10  f-value:  26731.71  pgrad:  0.9693758 
iter:  20  f-value:  26731.71  pgrad:  0.8835559 
iter:  30  f-value:  26731.7  pgrad:  0.6089977 
iter:  40  f-value:  26731.7  pgrad:  0.6718983 
iter:  50  f-value:  26731.69  pgrad:  0.5861511 
  Unsuccessful convergence.
Time difference of 20.48581 mins
[1] "maxIt: 20"
[1] "It: 9"
 [1] "sigma:"             "0.983453649172148"  "0.983453649172148" 
 [4] "0.960938627479731"  "0.960938627479731"  "0.968434650617602" 
 [7] "0.968434650617602"  "0.979133713857842"  "0.979133713857842" 
[10] "0.98993499985773"   "0.98993499985773"   "0.989827890574526" 
[13] "0.989827890574526"  "0.99"               "0.99"              
[16] "0.99"               "0.99"               "0.99"              
[19] "0.99"               "0.99"               "0.99"              
[22] "0.99"               "0.99"               "0.494867535510649" 
[25] "0.494867535510649"  "0.088384647727924"  "0.088384647727924" 
[28] "0.323289049378517"  "0.323289049378517"  "0.273748635325561" 
[31] "0.273748635325561"  "0.053346436270837"  "0.053346436270837" 
[34] "0.0200837539860173" "0.0200837539860173" "0.0485705207799776"
[37] "0.0485705207799776" "0.0498919298816601" "0.0498919298816601"
[40] "0.0077560742649386" "0.0077560742649386" "beta :"            
[43] "1"                 
 [1] "sigma:"               "0.983453649172148"    "0.983453649172148"   
 [4] "0.960938627479731"    "0.960938627479731"    "0.968434650617602"   
 [7] "0.968434650617602"    "0.979133713857842"    "0.979133713857842"   
[10] "0.98993499985773"     "0.98993499985773"     "0.989827890574526"   
[13] "0.989827890574526"    "0.99"                 "0.99"                
[16] "0.99"                 "0.99"                 "0.99"                
[19] "0.99"                 "0.99"                 "0.99"                
[22] "0.99"                 "0.99"                 "0.494867535510649"   
[25] "0.494867535510649"    "0.088384647727924"    "0.088384647727924"   
[28] "0.273789049378517"    "0.273789049378517"    "0.323248635325561"   
[31] "0.323248635325561"    "0.053346436270837"    "0.053346436270837"   
[34] "0.0200837539860174"   "0.0200837539860174"   "0.0485705207799776"  
[37] "0.0485705207799776"   "0.000391929881660111" "0.000391929881660111"
[40] "0.0077560742649386"   "0.0077560742649386"   "beta :"              
[43] "1"                   
[1] " old Likelihood:  -8304340.28491451"
[1] "New Likelihood:  -8304279.29192313"
iter:  0  f-value:  26764.04  pgrad:  0.5553442 
iter:  10  f-value:  26764.01  pgrad:  0.6641858 
iter:  20  f-value:  26764.01  pgrad:  0.6113987 
iter:  30  f-value:  26764  pgrad:  0.559703 
iter:  40  f-value:  26764  pgrad:  0.5209236 
iter:  50  f-value:  26764  pgrad:  0.452892 
  Unsuccessful convergence.
Time difference of 22.00326 mins
[1] "maxIt: 20"
[1] "It: 10"
 [1] "sigma:"              "0.984542304214389"   "0.984542304214389"  
 [4] "0.961237402185453"   "0.961237402185453"   "0.968662323715766"  
 [7] "0.968662323715766"   "0.979310433563208"   "0.979310433563208"  
[10] "0.989895800014177"   "0.989895800014177"   "0.989612041955982"  
[13] "0.989612041955982"   "0.99"                "0.99"               
[16] "0.99"                "0.99"                "0.99"               
[19] "0.99"                "0.99"                "0.99"               
[22] "0.99"                "0.99"                "0.495186236093211"  
[25] "0.495186236093211"   "0.0879865070230606"  "0.0879865070230606" 
[28] "0.273369444348631"   "0.273369444348631"   "0.326521875363735"  
[31] "0.326521875363735"   "0.0568293838207604"  "0.0568293838207604" 
[34] "0.0229165438898262"  "0.0229165438898262"  "0.0515884494599649" 
[37] "0.0515884494599649"  "0.0025720037578335"  "0.0025720037578335" 
[40] "0.00819671622885439" "0.00819671622885439" "beta :"             
[43] "1"                  
 [1] "sigma:"              "0.984542304214389"   "0.984542304214389"  
 [4] "0.961237402185453"   "0.961237402185453"   "0.968662323715766"  
 [7] "0.968662323715766"   "0.979310433563208"   "0.979310433563208"  
[10] "0.989895800014177"   "0.989895800014177"   "0.989612041955982"  
[13] "0.989612041955982"   "0.99"                "0.99"               
[16] "0.99"                "0.99"                "0.99"               
[19] "0.99"                "0.99"                "0.99"               
[22] "0.99"                "0.99"                "0.495186236093211"  
[25] "0.495186236093211"   "0.0879865070230606"  "0.0879865070230606" 
[28] "0.273369444348631"   "0.273369444348631"   "0.326521875363735"  
[31] "0.326521875363735"   "0.10632938382076"    "0.10632938382076"   
[34] "0.0229165438898262"  "0.0229165438898262"  "0.00208844945996485"
[37] "0.00208844945996485" "0.0025720037578335"  "0.0025720037578335" 
[40] "0.00819671622885438" "0.00819671622885438" "beta :"             
[43] "1"                  
[1] " old Likelihood:  -8304279.29192313"
[1] "New Likelihood:  -8304251.50865581"
iter:  0  f-value:  26722.15  pgrad:  0.5539521 
iter:  10  f-value:  26722.13  pgrad:  0.6304617 
iter:  20  f-value:  26722.13  pgrad:  0.5362381 
iter:  30  f-value:  26722.12  pgrad:  0.4474714 
iter:  40  f-value:  26722.12  pgrad:  0.5217466 
iter:  50  f-value:  26722.12  pgrad:  0.2427987 
  Unsuccessful convergence.
Time difference of 21.31486 mins
[1] "maxIt: 20"
[1] "It: 11"
 [1] "sigma:"              "0.985991812319003"   "0.985991812319003"  
 [4] "0.9616030990673"     "0.9616030990673"     "0.968900359376937"  
 [7] "0.968900359376937"   "0.979460028561667"   "0.979460028561667"  
[10] "0.98973284941677"    "0.98973284941677"    "0.989195489878314"  
[13] "0.989195489878314"   "0.99"                "0.99"               
[16] "0.99"                "0.99"                "0.99"               
[19] "0.99"                "0.99"                "0.99"               
[22] "0.99"                "0.99"                "0.495046637831658"  
[25] "0.495046637831658"   "0.0870363150426062"  "0.0870363150426062" 
[28] "0.272730029878609"   "0.272730029878609"   "0.330360615255086"  
[31] "0.330360615255086"   "0.11064013386876"    "0.11064013386876"   
[34] "0.0263306119686346"  "0.0263306119686346"  "0.00491992900753624"
[37] "0.00491992900753624" "0.00491372409239636" "0.00491372409239636"
[40] "0.00871285379115603" "0.00871285379115603" "beta :"             
[43] "1"                  
 [1] "sigma:"              "0.985991812319003"   "0.985991812319003"  
 [4] "0.9616030990673"     "0.9616030990673"     "0.968900359376937"  
 [7] "0.968900359376937"   "0.979460028561667"   "0.979460028561667"  
[10] "0.98973284941677"    "0.98973284941677"    "0.989195489878314"  
[13] "0.989195489878314"   "0.99"                "0.99"               
[16] "0.99"                "0.99"                "0.99"               
[19] "0.99"                "0.99"                "0.99"               
[22] "0.99"                "0.99"                "0.495046637831658"  
[25] "0.495046637831658"   "0.0870363150426062"  "0.0870363150426062" 
[28] "0.272730029878609"   "0.272730029878609"   "0.330360615255086"  
[31] "0.330360615255086"   "0.16014013386876"    "0.16014013386876"   
[34] "0.0263306119686346"  "0.0263306119686346"  "0.00491992900753624"
[37] "0.00491992900753624" "0.00491372409239636" "0.00491372409239636"
[40] "0.00871285379115602" "0.00871285379115602" "beta :"             
[43] "1"                  
[1] " old Likelihood:  -8304251.50865581"
[1] "New Likelihood:  -8304238.50297867"
iter:  0  f-value:  26551.86  pgrad:  0.5530931 
iter:  10  f-value:  26551.84  pgrad:  0.8004281 
iter:  20  f-value:  26551.84  pgrad:  0.7071503 
iter:  30  f-value:  26551.84  pgrad:  0.6326445 
iter:  40  f-value:  26551.84  pgrad:  0.4770118 
iter:  50  f-value:  26551.84  pgrad:  0.447908 
  Unsuccessful convergence.
Time difference of 20.90912 mins
[1] "maxIt: 20"
[1] "It: 12"
 [1] "sigma:"              "0.986834657936015"   "0.986834657936015"  
 [4] "0.961819891716233"   "0.961819891716233"   "0.969033971427661"  
 [7] "0.969033971427661"   "0.979536946417865"   "0.979536946417865"  
[10] "0.989618881239756"   "0.989618881239756"   "0.98893919452112"   
[13] "0.98893919452112"    "0.99"                "0.99"               
[16] "0.99"                "0.99"                "0.99"               
[19] "0.99"                "0.99"                "0.99"               
[22] "0.99"                "0.99"                "0.494904638245963"  
[25] "0.494904638245963"   "0.0865389314079654"  "0.0865389314079654" 
[28] "0.272378579484608"   "0.272378579484608"   "0.332791557083658"  
[31] "0.332791557083658"   "0.163162135413027"   "0.163162135413027"  
[34] "0.028715219820607"   "0.028715219820607"   "0.00681515518538596"
[37] "0.00681515518538596" "0.00627836324502358" "0.00627836324502358"
[40] "0.00900076086138806" "0.00900076086138806" "beta :"             
[43] "1"                  
 [1] "sigma:"              "0.986834657936015"   "0.986834657936015"  
 [4] "0.961819891716233"   "0.961819891716233"   "0.969033971427661"  
 [7] "0.969033971427661"   "0.979536946417865"   "0.979536946417865"  
[10] "0.989618881239756"   "0.989618881239756"   "0.98893919452112"   
[13] "0.98893919452112"    "0.99"                "0.99"               
[16] "0.99"                "0.99"                "0.99"               
[19] "0.99"                "0.99"                "0.99"               
[22] "0.99"                "0.99"                "0.494904638245963"  
[25] "0.494904638245963"   "0.0865389314079654"  "0.0865389314079654" 
[28] "0.272378579484608"   "0.272378579484608"   "0.332791557083658"  
[31] "0.332791557083658"   "0.163162135413027"   "0.163162135413027"  
[34] "0.028715219820607"   "0.028715219820607"   "0.00681515518538596"
[37] "0.00681515518538596" "0.00627836324502359" "0.00627836324502359"
[40] "0.00900076086138806" "0.00900076086138806" "beta :"             
[43] "1"                  
[1] " old Likelihood:  -8304238.50297867"
[1] "New Likelihood:  -8304226.74640618"
iter:  0  f-value:  26560.1  pgrad:  0.552393 
iter:  10  f-value:  26560.08  pgrad:  0.5665424 
iter:  20  f-value:  26560.08  pgrad:  0.5007678 
iter:  30  f-value:  26560.08  pgrad:  0.4762842 
iter:  40  f-value:  26560.08  pgrad:  0.5206741 
iter:  50  f-value:  26560.08  pgrad:  0.3403693 
  Unsuccessful convergence.
Time difference of 20.89854 mins
[1] "maxIt: 20"
[1] "It: 13"
 [1] "sigma:"              "0.987526423723322"   "0.987526423723322"  
 [4] "0.961986377956942"   "0.961986377956942"   "0.969130412166113"  
 [7] "0.969130412166113"   "0.979590472795546"   "0.979590472795546"  
[10] "0.989522320494361"   "0.989522320494361"   "0.988757334129098"  
[13] "0.988757334129098"   "0.99"                "0.99"               
[16] "0.99"                "0.99"                "0.99"               
[19] "0.99"                "0.99"                "0.99"               
[22] "0.99"                "0.99"                "0.494711258697718"  
[25] "0.494711258697718"   "0.0862066614447757"  "0.0862066614447757" 
[28] "0.272136741794476"   "0.272136741794476"   "0.334650160339278"  
[31] "0.334650160339278"   "0.165327792705151"   "0.165327792705151"  
[34] "0.0303805666556368"  "0.0303805666556368"  "0.00799446853097304"
[37] "0.00799446853097304" "0.00723396784598891" "0.00723396784598891"
[40] "0.00920910037365336" "0.00920910037365336" "beta :"             
[43] "1"                  
 [1] "sigma:"              "0.987526423723322"   "0.987526423723322"  
 [4] "0.961986377956942"   "0.961986377956942"   "0.969130412166113"  
 [7] "0.969130412166113"   "0.979590472795546"   "0.979590472795546"  
[10] "0.989522320494361"   "0.989522320494361"   "0.988757334129098"  
[13] "0.988757334129098"   "0.99"                "0.99"               
[16] "0.99"                "0.99"                "0.99"               
[19] "0.99"                "0.99"                "0.99"               
[22] "0.99"                "0.99"                "0.494711258697718"  
[25] "0.494711258697718"   "0.0862066614447757"  "0.0862066614447757" 
[28] "0.272136741794476"   "0.272136741794476"   "0.334650160339278"  
[31] "0.334650160339278"   "0.165327792705151"   "0.165327792705151"  
[34] "0.0798805666556368"  "0.0798805666556368"  "0.00799446853097304"
[37] "0.00799446853097304" "0.00723396784598891" "0.00723396784598891"
[40] "0.00920910037365336" "0.00920910037365336" "beta :"             
[43] "1"                  
[1] " old Likelihood:  -8304226.74640618"
[1] "New Likelihood:  -8304219.18949624"
iter:  0  f-value:  26414.61  pgrad:  0.551662 
iter:  10  f-value:  26414.6  pgrad:  0.712389 
iter:  20  f-value:  26414.59  pgrad:  0.6982737 
iter:  30  f-value:  26414.59  pgrad:  0.5223008 
iter:  40  f-value:  26414.59  pgrad:  0.3268724 
iter:  50  f-value:  26414.59  pgrad:  0.2911474 
  Unsuccessful convergence.
Time difference of 21.52523 mins
[1] "maxIt: 20"
[1] "It: 14"
 [1] "sigma:"              "0.98857365551581"    "0.98857365551581"   
 [4] "0.962231630719193"   "0.962231630719193"   "0.969252686122701"  
 [7] "0.969252686122701"   "0.979637661459408"   "0.979637661459408"  
[10] "0.989340497682935"   "0.989340497682935"   "0.988475325415181"  
[13] "0.988475325415181"   "0.99"                "0.99"               
[16] "0.99"                "0.99"                "0.99"               
[19] "0.99"                "0.99"                "0.99"               
[22] "0.99"                "0.99"                "0.49416434281261"   
[25] "0.49416434281261"    "0.0856507334423637"  "0.0856507334423637" 
[28] "0.27173180947467"    "0.27173180947467"    "0.337550812893993"  
[31] "0.337550812893993"   "0.168653775128408"   "0.168653775128408"  
[34] "0.0827676351593413"  "0.0827676351593413"  "0.0102581076886864" 
[37] "0.0102581076886864"  "0.00886060200878604" "0.00886060200878604"
[40] "0.00956057814348422" "0.00956057814348422" "beta :"             
[43] "1"                  
 [1] "sigma:"              "0.98857365551581"    "0.98857365551581"   
 [4] "0.962231630719193"   "0.962231630719193"   "0.969252686122701"  
 [7] "0.969252686122701"   "0.979637661459408"   "0.979637661459408"  
[10] "0.989340497682935"   "0.989340497682935"   "0.988475325415181"  
[13] "0.988475325415181"   "0.99"                "0.99"               
[16] "0.99"                "0.99"                "0.99"               
[19] "0.99"                "0.99"                "0.99"               
[22] "0.99"                "0.99"                "0.49416434281261"   
[25] "0.49416434281261"    "0.0856507334423637"  "0.0856507334423637" 
[28] "0.27173180947467"    "0.27173180947467"    "0.337550812893993"  
[31] "0.337550812893993"   "0.168653775128408"   "0.168653775128408"  
[34] "0.0827676351593413"  "0.0827676351593413"  "0.0102581076886864" 
[37] "0.0102581076886864"  "0.00886060200878604" "0.00886060200878604"
[40] "0.00956057814348422" "0.00956057814348422" "beta :"             
[43] "1"                  
[1] " old Likelihood:  -8304219.18949624"
[1] "New Likelihood:  -8304209.64208525"
iter:  0  f-value:  26416.09  pgrad:  0.5511832 
iter:  10  f-value:  26416.08  pgrad:  0.5061156 
iter:  20  f-value:  26416.08  pgrad:  0.4365575 
iter:  30  f-value:  26416.08  pgrad:  0.3751484 
iter:  40  f-value:  26416.08  pgrad:  0.2582965 
iter:  50  f-value:  26416.08  pgrad:  0.2102024 
  Unsuccessful convergence.
Time difference of 21.52784 mins
[1] "maxIt: 20"
[1] "It: 15"
 [1] "sigma:"              "0.989514429209553"   "0.989514429209553"  
 [4] "0.96243380653193"    "0.96243380653193"    "0.969336894005675"  
 [7] "0.969336894005675"   "0.979656959543437"   "0.979656959543437"  
[10] "0.989166741800176"   "0.989166741800176"   "0.988252496289966"  
[13] "0.988252496289966"   "0.99"                "0.99"               
[16] "0.99"                "0.99"                "0.99"               
[19] "0.99"                "0.99"                "0.99"               
[22] "0.99"                "0.99"                "0.493602603492096"  
[25] "0.493602603492096"   "0.0851272181389097"  "0.0851272181389097" 
[28] "0.271510188176757"   "0.271510188176757"   "0.339947545969941"  
[31] "0.339947545969941"   "0.171212029450236"   "0.171212029450236"  
[34] "0.0848426791057497"  "0.0848426791057497"  "0.0118174161767371" 
[37] "0.0118174161767371"  "0.0101113995035173"  "0.0101113995035173" 
[40] "0.00984405950124845" "0.00984405950124845" "beta :"             
[43] "1"                  
 [1] "sigma:"              "0.989514429209553"   "0.989514429209553"  
 [4] "0.96243380653193"    "0.96243380653193"    "0.969336894005675"  
 [7] "0.969336894005675"   "0.979656959543437"   "0.979656959543437"  
[10] "0.989166741800176"   "0.989166741800176"   "0.988252496289966"  
[13] "0.988252496289966"   "0.99"                "0.99"               
[16] "0.99"                "0.99"                "0.99"               
[19] "0.99"                "0.99"                "0.99"               
[22] "0.99"                "0.99"                "0.444102603492096"  
[25] "0.444102603492096"   "0.13462721813891"    "0.13462721813891"   
[28] "0.222010188176757"   "0.222010188176757"   "0.389447545969941"  
[31] "0.389447545969941"   "0.171212029450236"   "0.171212029450236"  
[34] "0.0848426791057497"  "0.0848426791057497"  "0.0118174161767371" 
[37] "0.0118174161767371"  "0.0101113995035173"  "0.0101113995035173" 
[40] "0.00984405950124845" "0.00984405950124845" "beta :"             
[43] "1"                  
[1] " old Likelihood:  -8304209.64208525"
[1] "New Likelihood:  -8304202.12089095"
iter:  0  f-value:  26349.06  pgrad:  0.5507241 
iter:  10  f-value:  26349.05  pgrad:  0.6760092 
iter:  20  f-value:  26349.05  pgrad:  0.6195842 
iter:  30  f-value:  26349.04  pgrad:  0.4578033 
iter:  40  f-value:  26349.04  pgrad:  0.3187597 
iter:  50  f-value:  26349.04  pgrad:  0.4800054 
  Unsuccessful convergence.
Time difference of 22.5576 mins
[1] "maxIt: 20"
[1] "It: 16"
 [1] "sigma:"             "0.99"               "0.99"              
 [4] "0.962737875980791"  "0.962737875980791"  "0.969437842853442" 
 [7] "0.969437842853442"  "0.979656283547329"  "0.979656283547329" 
[10] "0.988896300895782"  "0.988896300895782"  "0.98791327134024"  
[13] "0.98791327134024"   "0.99"               "0.99"              
[16] "0.99"               "0.99"               "0.99"              
[19] "0.99"               "0.99"               "0.99"              
[22] "0.99"               "0.99"               "0.443921683795211" 
[25] "0.443921683795211"  "0.133228823853528"  "0.133228823853528" 
[28] "0.221401364489303"  "0.221401364489303"  "0.39332969069809"  
[31] "0.39332969069809"   "0.175402178109565"  "0.175402178109565" 
[34] "0.0881359250661548" "0.0881359250661548" "0.0140390954552348"
[37] "0.0140390954552348" "0.0118208718051604" "0.0118208718051604"
[40] "0.0102547017124187" "0.0102547017124187" "beta :"            
[43] "1"                 
 [1] "sigma:"             "0.99"               "0.99"              
 [4] "0.962737875980791"  "0.962737875980791"  "0.969437842853442" 
 [7] "0.969437842853442"  "0.979656283547329"  "0.979656283547329" 
[10] "0.988896300895782"  "0.988896300895782"  "0.98791327134024"  
[13] "0.98791327134024"   "0.99"               "0.99"              
[16] "0.99"               "0.99"               "0.99"              
[19] "0.99"               "0.99"               "0.99"              
[22] "0.99"               "0.99"               "0.443921683795211" 
[25] "0.443921683795211"  "0.133228823853528"  "0.133228823853528" 
[28] "0.221401364489303"  "0.221401364489303"  "0.39332969069809"  
[31] "0.39332969069809"   "0.175402178109565"  "0.175402178109565" 
[34] "0.0881359250661548" "0.0881359250661548" "0.0140390954552348"
[37] "0.0140390954552348" "0.0118208718051604" "0.0118208718051604"
[40] "0.0102547017124187" "0.0102547017124187" "beta :"            
[43] "1"                 
[1] " old Likelihood:  -8304202.12089095"
[1] "New Likelihood:  -8304194.21767683"
iter:  0  f-value:  26342.39  pgrad:  0.5502891 
iter:  10  f-value:  26342.38  pgrad:  0.4957838 
iter:  20  f-value:  26342.38  pgrad:  0.4787354 
iter:  30  f-value:  26342.38  pgrad:  0.3897367 
iter:  40  f-value:  26342.38  pgrad:  0.5212893 
iter:  50  f-value:  26342.38  pgrad:  0.2970773 
  Unsuccessful convergence.
Time difference of 21.3524 mins
[1] "maxIt: 20"
[1] "It: 17"
 [1] "sigma:"             "0.99"               "0.99"              
 [4] "0.96286168244852"   "0.96286168244852"   "0.96950071295304"  
 [7] "0.96950071295304"   "0.979691993767684"  "0.979691993767684" 
[10] "0.988844970518776"  "0.988844970518776"  "0.987851790015435" 
[13] "0.987851790015435"  "0.99"               "0.99"              
[16] "0.99"               "0.99"               "0.99"              
[19] "0.99"               "0.99"               "0.99"              
[22] "0.99"               "0.99"               "0.44401116787074"  
[25] "0.44401116787074"   "0.132989552896601"  "0.132989552896601" 
[28] "0.221380509227505"  "0.221380509227505"  "0.394808933485186" 
[31] "0.394808933485186"  "0.176860369060118"  "0.176860369060118" 
[34] "0.0892362234529375" "0.0892362234529375" "0.0147242665518105"
[37] "0.0147242665518105" "0.0123247421148087" "0.0123247421148087"
[40] "0.0103718370815591" "0.0103718370815591" "beta :"            
[43] "1"                 
 [1] "sigma:"             "0.99"               "0.99"              
 [4] "0.96286168244852"   "0.96286168244852"   "0.96950071295304"  
 [7] "0.96950071295304"   "0.979691993767684"  "0.979691993767684" 
[10] "0.988844970518776"  "0.988844970518776"  "0.987851790015435" 
[13] "0.987851790015435"  "0.99"               "0.99"              
[16] "0.99"               "0.99"               "0.99"              
[19] "0.99"               "0.99"               "0.99"              
[22] "0.99"               "0.99"               "0.44401116787074"  
[25] "0.44401116787074"   "0.132989552896601"  "0.132989552896601" 
[28] "0.221380509227505"  "0.221380509227505"  "0.394808933485186" 
[31] "0.394808933485186"  "0.176860369060118"  "0.176860369060118" 
[34] "0.0892362234529375" "0.0892362234529375" "0.0147242665518105"
[37] "0.0147242665518105" "0.0123247421148087" "0.0123247421148087"
[40] "0.0103718370815591" "0.0103718370815591" "beta :"            
[43] "1"                 
[1] " old Likelihood:  -8304194.21767683"
[1] "New Likelihood:  -8304190.28957323"
iter:  0  f-value:  26338.31  pgrad:  0.526993 
iter:  10  f-value:  26338.3  pgrad:  0.455766 
iter:  20  f-value:  26338.3  pgrad:  0.4292451 
iter:  30  f-value:  26338.3  pgrad:  0.3265814 
iter:  40  f-value:  26338.3  pgrad:  0.2961679 
iter:  50  f-value:  26338.3  pgrad:  0.4795938 
  Unsuccessful convergence.
Time difference of 21.46894 mins
[1] "maxIt: 20"
[1] "It: 18"
 [1] "sigma:"             "0.99"               "0.99"              
 [4] "0.963040199446408"  "0.963040199446408"  "0.969596504709947" 
 [7] "0.969596504709947"  "0.97975948156302"   "0.97975948156302"  
[10] "0.988810722963605"  "0.988810722963605"  "0.987827774173025" 
[13] "0.987827774173025"  "0.99"               "0.99"              
[16] "0.99"               "0.99"               "0.99"              
[19] "0.99"               "0.99"               "0.99"              
[22] "0.99"               "0.99"               "0.443984097028816" 
[25] "0.443984097028816"  "0.132587795924866"  "0.132587795924866" 
[28] "0.221338862213372"  "0.221338862213372"  "0.396650750050975" 
[31] "0.396650750050975"  "0.178558505301089"  "0.178558505301089" 
[34] "0.0904326705792702" "0.0904326705792702" "0.0154706152787809"
[37] "0.0154706152787809" "0.0129212436412513" "0.0129212436412513"
[40] "0.010524851200644"  "0.010524851200644"  "beta :"            
[43] "1"                 
 [1] "sigma:"             "0.99"               "0.99"              
 [4] "0.963040199446408"  "0.963040199446408"  "0.969596504709947" 
 [7] "0.969596504709947"  "0.97975948156302"   "0.97975948156302"  
[10] "0.988810722963605"  "0.988810722963605"  "0.987827774173025" 
[13] "0.987827774173025"  "0.99"               "0.99"              
[16] "0.99"               "0.99"               "0.99"              
[19] "0.99"               "0.99"               "0.99"              
[22] "0.99"               "0.99"               "0.443984097028816" 
[25] "0.443984097028816"  "0.132587795924866"  "0.132587795924866" 
[28] "0.221338862213372"  "0.221338862213372"  "0.396650750050975" 
[31] "0.396650750050975"  "0.178558505301089"  "0.178558505301089" 
[34] "0.13993267057927"   "0.13993267057927"   "0.0154706152787809"
[37] "0.0154706152787809" "0.0129212436412513" "0.0129212436412513"
[40] "0.010524851200644"  "0.010524851200644"  "beta :"            
[43] "1"                 
[1] " old Likelihood:  -8304190.28957323"
[1] "New Likelihood:  -8304186.74366545"
iter:  0  f-value:  26175.14  pgrad:  0.5266933 
iter:  10  f-value:  26175.13  pgrad:  0.6028131 
iter:  20  f-value:  26175.13  pgrad:  0.4991671 
iter:  30  f-value:  26175.13  pgrad:  0.4388494 
iter:  40  f-value:  26175.13  pgrad:  0.3113382 
iter:  50  f-value:  26175.13  pgrad:  0.1328129 
  Unsuccessful convergence.
Time difference of 21.32036 mins
[1] "maxIt: 20"
[1] "It: 19"
 [1] "sigma:"             "0.99"               "0.99"              
 [4] "0.963380789039553"  "0.963380789039553"  "0.969766508540341" 
 [7] "0.969766508540341"  "0.97986833554417"   "0.97986833554417"  
[10] "0.988721630690991"  "0.988721630690991"  "0.987763407524315" 
[13] "0.987763407524315"  "0.99"               "0.99"              
[16] "0.99"               "0.99"               "0.99"              
[19] "0.99"               "0.99"               "0.99"              
[22] "0.99"               "0.99"               "0.443486043243438" 
[25] "0.443486043243438"  "0.131483202207283"  "0.131483202207283" 
[28] "0.221017376231315"  "0.221017376231315"  "0.400135831893315" 
[31] "0.400135831893315"  "0.182239768668815"  "0.182239768668815" 
[34] "0.143194565741717"  "0.143194565741717"  "0.0176216071907429"
[37] "0.0176216071907429" "0.0144055412746913" "0.0144055412746913"
[40] "0.0108693666847243" "0.0108693666847243" "beta :"            
[43] "1"                 
 [1] "sigma:"             "0.99"               "0.99"              
 [4] "0.963380789039553"  "0.963380789039553"  "0.969766508540341" 
 [7] "0.969766508540341"  "0.97986833554417"   "0.97986833554417"  
[10] "0.988721630690991"  "0.988721630690991"  "0.987763407524315" 
[13] "0.987763407524315"  "0.99"               "0.99"              
[16] "0.99"               "0.99"               "0.99"              
[19] "0.99"               "0.99"               "0.99"              
[22] "0.99"               "0.99"               "0.443486043243438" 
[25] "0.443486043243438"  "0.131483202207283"  "0.131483202207283" 
[28] "0.221017376231315"  "0.221017376231315"  "0.400135831893315" 
[31] "0.400135831893315"  "0.182239768668815"  "0.182239768668815" 
[34] "0.143194565741717"  "0.143194565741717"  "0.0176216071907429"
[37] "0.0176216071907429" "0.0144055412746913" "0.0144055412746913"
[40] "0.0108693666847243" "0.0108693666847243" "beta :"            
[43] "1"                 
[1] " old Likelihood:  -8304186.74366545"
[1] "New Likelihood:  -8304180.57542524"
iter:  0  f-value:  26168.52  pgrad:  0.5265411 
iter:  10  f-value:  26168.52  pgrad:  0.4484536 
iter:  20  f-value:  26168.52  pgrad:  0.3872992 
iter:  30  f-value:  26168.52  pgrad:  0.521281 
iter:  40  f-value:  26168.52  pgrad:  0.126347 
iter:  50  f-value:  26168.52  pgrad:  0.1215449 
  Unsuccessful convergence.
Time difference of 21.37408 mins
[1] "maxIt: 20"
[1] "It: 20"
 [1] "sigma:"             "0.99"               "0.99"              
 [4] "0.963646156764087"  "0.963646156764087"  "0.969900983660877" 
 [7] "0.969900983660877"  "0.979959594834822"  "0.979959594834822" 
[10] "0.988669233174927"  "0.988669233174927"  "0.987743739784835" 
[13] "0.987743739784835"  "0.99"               "0.99"              
[16] "0.99"               "0.99"               "0.99"              
[19] "0.99"               "0.99"               "0.99"              
[22] "0.99"               "0.99"               "0.443259253251766" 
[25] "0.443259253251766"  "0.130840362001335"  "0.130840362001335" 
[28] "0.220952357987771"  "0.220952357987771"  "0.402610495603325" 
[31] "0.402610495603325"  "0.184565318431906"  "0.184565318431906" 
[34] "0.145123816550289"  "0.145123816550289"  "0.0188341388644597"
[37] "0.0188341388644597" "0.0153032476634893" "0.0153032476634893"
[40] "0.0110905189972308" "0.0110905189972308" "beta :"            
[43] "1"                 
 [1] "sigma:"             "0.99"               "0.99"              
 [4] "0.963646156764087"  "0.963646156764087"  "0.969900983660877" 
 [7] "0.969900983660877"  "0.979959594834822"  "0.979959594834822" 
[10] "0.988669233174927"  "0.988669233174927"  "0.987743739784835" 
[13] "0.987743739784835"  "0.99"               "0.99"              
[16] "0.99"               "0.99"               "0.99"              
[19] "0.99"               "0.99"               "0.99"              
[22] "0.99"               "0.99"               "0.443259253251766" 
[25] "0.443259253251766"  "0.130840362001335"  "0.130840362001335" 
[28] "0.220952357987771"  "0.220952357987771"  "0.402610495603325" 
[31] "0.402610495603325"  "0.184565318431906"  "0.184565318431906" 
[34] "0.145123816550289"  "0.145123816550289"  "0.0188341388644597"
[37] "0.0188341388644597" "0.0153032476634893" "0.0153032476634893"
[40] "0.0110905189972308" "0.0110905189972308" "beta :"            
[43] "1"                 
[1] " old Likelihood:  -8304180.57542524"
[1] "New Likelihood:  -8304177.14254744"
iter:  0  f-value:  26158.6  pgrad:  0.5261807 
iter:  10  f-value:  26158.6  pgrad:  0.4243702 
iter:  20  f-value:  26158.6  pgrad:  0.4535104 
iter:  30  f-value:  26158.6  pgrad:  0.2451998 
iter:  40  f-value:  26158.6  pgrad:  0.1946682 
iter:  50  f-value:  26158.6  pgrad:  0.1092849 
  Unsuccessful convergence.
Time difference of 21.36142 mins
 [1] "sigma:"             "0.99"               "0.99"              
 [4] "0.96392317170378"   "0.96392317170378"   "0.970034094231047" 
 [7] "0.970034094231047"  "0.980046423733531"  "0.980046423733531" 
[10] "0.988603221321783"  "0.988603221321783"  "0.987716491183681" 
[13] "0.987716491183681"  "0.99"               "0.99"              
[16] "0.99"               "0.99"               "0.99"              
[19] "0.99"               "0.99"               "0.99"              
[22] "0.99"               "0.99"               "0.4428725258246"   
[25] "0.4428725258246"    "0.130091982585712"  "0.130091982585712" 
[28] "0.220847577479575"  "0.220847577479575"  "0.404918783797143" 
[31] "0.404918783797143"  "0.18654178377233"   "0.18654178377233"  
[34] "0.146622395904219"  "0.146622395904219"  "0.0197674359045267"
[37] "0.0197674359045267" "0.016053950134762"  "0.016053950134762" 
[40] "0.0112953496664812" "0.0112953496664812" "beta :"            
[43] "1"                 
[1] 1997930 1999754 1999928 1999598 1998120
[1] 1 1 1 1 1
saved RDS
inference successful
