[1] "Original length"
[1] 998964
[1] "Final length"
[1] 14820
[1] "sequence length : 998965" "sequence length : 999877"
[3] "sequence length : 999964" "sequence length : 999799"
[5] "sequence length : 999060"
[1] "former Rho:"
[1] 1150.5774  980.5694 1266.1578 1100.9028 1518.3012
[1] "old mu :"
[1] 0.0005758847 0.0004903450 0.0006331017 0.0005505621 0.0007598649
[1] "new mu :"
[1] 0.0006019517
[1] "new Rho:"
[1] 1202.657 1203.755 1203.860 1203.661 1202.772
[1] 1 1 1 1 1
[1] "Beta: 1"
[1] "Self: 0"
[1] 1
[1] "Rho"
[1] 1202.657 1203.755 1203.860 1203.661 1202.772
[1] "It: 1"
[1] "sigma:" "0"      "beta :" "1"     
[1] "rho/theta:" "1"         
[1] "sigma:" "0"      "beta :" "1"     
[1] "rho/theta:" "1"         
Time difference of 1.597083 secs
[1] "New Likelihood:  -8335222.50952473"
[1] 4997660
[1] 4997665
iter:  0  f-value:  31100.85  pgrad:  0.5 
iter:  10  f-value:  31081.98  pgrad:  0.9813415 
iter:  20  f-value:  31075.08  pgrad:  0.8848462 
iter:  30  f-value:  31074.88  pgrad:  0.8759613 
  Unsuccessful convergence.
[1] 0.1292782
 [1] "Xi: 0.502937333254559" "Xi: 0.503234161701135" "Xi: 0.504418289976124"
 [4] "Xi: 0.503114066542079" "Xi: 0.495421515986645" "Xi: 0.492327567407569"
 [7] "Xi: 0.485594984486368" "Xi: 0.471718934737776" "Xi: 0.470517197974866"
[10] "Xi: 0.492351437969313" "Xi: 0.510577497715999" "Xi: 0.518048530303954"
[13] "Xi: 0.519774303004477" "Xi: 0.518939953131987" "Xi: 0.516391319977107"
[16] "Xi: 0.514700142175782" "Xi: 0.512623455093"    "Xi: 0.510886090445546"
[19] "Xi: 0.509667340694366" "Xi: 0.5086304964744"  
Time difference of 7.58874 mins
[1] "Rho"
[1] 1202.657 1203.755 1203.860 1203.661 1202.772
[1] "It: 2"
[1] "sigma:"            "0.127985429239536" "beta :"           
[4] "1"                
[1] "rho/theta:" "1"         
Time difference of 1.610102 secs
[1] " old Likelihood:  -8335222.50952473"
[1] "New Likelihood:  -8327396.18131555"
[1] 4997660
[1] 4997665
iter:  0  f-value:  30425.89  pgrad:  0.8707218 
iter:  10  f-value:  30417.45  pgrad:  0.8358979 
iter:  20  f-value:  30415.62  pgrad:  0.791591 
iter:  30  f-value:  30415.59  pgrad:  0.7892135 
  Unsuccessful convergence.
[1] 0.2121614
 [1] "Xi: 0.504669242380905" "Xi: 0.505278903169078" "Xi: 0.507574753874626"
 [4] "Xi: 0.507270115042239" "Xi: 0.500778896568165" "Xi: 0.498002026836199"
 [7] "Xi: 0.478929940652775" "Xi: 0.456982846581664" "Xi: 0.448970307605382"
[10] "Xi: 0.483235189307966" "Xi: 0.515908127782113" "Xi: 0.52905396568738" 
[13] "Xi: 0.531815308776513" "Xi: 0.530226842081775" "Xi: 0.52649558866989" 
[16] "Xi: 0.523669985797197" "Xi: 0.520585478429517" "Xi: 0.518045536057982"
[19] "Xi: 0.516221768821301" "Xi: 0.514645182993539"
Time difference of 4.263793 mins
[1] "Rho"
[1] 1202.657 1203.755 1203.860 1203.661 1202.772
[1] "It: 3"
[1] "sigma:"            "0.210039813925082" "beta :"           
[4] "1"                
[1] "rho/theta:" "1"         
Time difference of 1.607532 secs
[1] " old Likelihood:  -8327396.18131555"
[1] "New Likelihood:  -8324161.72374044"
[1] 4997660
[1] 4997665
iter:  0  f-value:  29664.34  pgrad:  0.7878386 
iter:  10  f-value:  29660.23  pgrad:  0.7552943 
iter:  20  f-value:  29659.56  pgrad:  0.7356621 
iter:  30  f-value:  29659.48  pgrad:  0.7289702 
  Unsuccessful convergence.
[1] 0.2710889
 [1] "Xi: 0.505651299259382" "Xi: 0.506484456277788" "Xi: 0.509455365074275"
 [4] "Xi: 0.509929164580721" "Xi: 0.505071738119365" "Xi: 0.502896403496267"
 [7] "Xi: 0.48312079944254"  "Xi: 0.451342621021356" "Xi: 0.434219941711268"
[10] "Xi: 0.474661361086446" "Xi: 0.518727319706675" "Xi: 0.536050768938223"
[13] "Xi: 0.539216782355098" "Xi: 0.536924851974221" "Xi: 0.532525254518157"
[16] "Xi: 0.529190461147231" "Xi: 0.525776338814073" "Xi: 0.523002947467792"
[19] "Xi: 0.520979374083773" "Xi: 0.519118721172535"
Time difference of 4.263155 mins
[1] "Rho"
[1] 1202.657 1203.755 1203.860 1203.661 1202.772
[1] "It: 4"
[1] "sigma:"            "0.268378021486802" "beta :"           
[4] "1"                
[1] "rho/theta:" "1"         
Time difference of 1.590628 secs
[1] " old Likelihood:  -8324161.72374044"
[1] "New Likelihood:  -8322581.30475006"
[1] 4997660
[1] 4997665
iter:  0  f-value:  28903.01  pgrad:  0.7289111 
iter:  10  f-value:  28900.75  pgrad:  0.7051267 
iter:  20  f-value:  28900.16  pgrad:  0.6873097 
iter:  30  f-value:  28900.11  pgrad:  0.682409 
  Unsuccessful convergence.
[1] 0.3176421
 [1] "Xi: 0.506218511924306" "Xi: 0.507188732994742" "Xi: 0.510560691072091"
 [4] "Xi: 0.51150261062144"  "Xi: 0.50751276544515"  "Xi: 0.506024806860611"
 [7] "Xi: 0.487128066801194" "Xi: 0.450897142757571" "Xi: 0.424574468626163"
[10] "Xi: 0.467439201603258" "Xi: 0.5207784406285"   "Xi: 0.541142348588559"
[13] "Xi: 0.544148032528053" "Xi: 0.541082471695175" "Xi: 0.536156510579664"
[16] "Xi: 0.532735972196242" "Xi: 0.529360557504833" "Xi: 0.526674258628452"
[19] "Xi: 0.524685863290205" "Xi: 0.522689682847103"
Time difference of 4.266833 mins
[1] "Rho"
[1] 1202.657 1203.755 1203.860 1203.661 1202.772
[1] "It: 5"
[1] "sigma:"            "0.314465679038072" "beta :"           
[4] "1"                
[1] "rho/theta:" "1"         
Time difference of 1.602183 secs
[1] " old Likelihood:  -8322581.30475006"
[1] "New Likelihood:  -8321604.22010348"
[1] 4997660
[1] 4997665
iter:  0  f-value:  28150.1  pgrad:  0.6823579 
iter:  10  f-value:  28148.45  pgrad:  0.6614192 
iter:  20  f-value:  28147.98  pgrad:  0.6418747 
iter:  30  f-value:  28147.96  pgrad:  0.6409836 
  Unsuccessful convergence.
[1] 0.3590306
 [1] "Xi: 0.506831183504268" "Xi: 0.507967513851257" "Xi: 0.511791994515539"
 [4] "Xi: 0.513263625119143" "Xi: 0.510109203853502" "Xi: 0.509576741186425"
 [7] "Xi: 0.492557360894013" "Xi: 0.455304149915192" "Xi: 0.419332880911837"
[10] "Xi: 0.462123995666394" "Xi: 0.523252015890631" "Xi: 0.545715686879118"
[13] "Xi: 0.548030105469463" "Xi: 0.54402536688385"  "Xi: 0.538640887015158"
[16] "Xi: 0.535263343145134" "Xi: 0.532102505404194" "Xi: 0.529665760568574"
[19] "Xi: 0.527841753282504" "Xi: 0.52579700355209" 
Time difference of 4.264324 mins
[1] "Rho"
[1] 1202.657 1203.755 1203.860 1203.661 1202.772
[1] "It: 6"
[1] "sigma:"            "0.355440255278017" "beta :"           
[4] "1"                
[1] "rho/theta:" "1"         
Time difference of 1.607306 secs
[1] " old Likelihood:  -8321604.22010348"
[1] "New Likelihood:  -8320839.74757777"
[1] 4997660
[1] 4997665
iter:  0  f-value:  27372.56  pgrad:  0.6409694 
iter:  10  f-value:  27370.92  pgrad:  0.6137309 
iter:  20  f-value:  27370.8  pgrad:  0.6053482 
iter:  30  f-value:  27370.8  pgrad:  0.5382922 
  Unsuccessful convergence.
[1] 0.3952256
 [1] "Xi: 0.507237641685666" "Xi: 0.508487618289001" "Xi: 0.512619826950503"
 [4] "Xi: 0.514441571000345" "Xi: 0.511848867038454" "Xi: 0.512420355194099"
 [7] "Xi: 0.49791784227667"  "Xi: 0.461721998264384" "Xi: 0.416904891580766"
[10] "Xi: 0.457893728991504" "Xi: 0.525923062749793" "Xi: 0.549927777830816"
[13] "Xi: 0.551221590916504" "Xi: 0.546178827431692" "Xi: 0.540337929161016"
[16] "Xi: 0.537065114535896" "Xi: 0.534202538900924" "Xi: 0.53210237540818" 
[19] "Xi: 0.530521700426092" "Xi: 0.528485973713386"
Time difference of 4.269273 mins
[1] "Rho"
[1] 1202.657 1203.755 1203.860 1203.661 1202.772
[1] "It: 7"
[1] "sigma:"            "0.391273363559296" "beta :"           
[4] "1"                
[1] "rho/theta:" "1"         
Time difference of 1.61479 secs
[1] " old Likelihood:  -8320839.74757777"
[1] "New Likelihood:  -8320194.90465218"
[1] 4997660
[1] 4997665
iter:  0  f-value:  26616.83  pgrad:  0.6047744 
iter:  10  f-value:  26615.33  pgrad:  0.5852148 
iter:  20  f-value:  26615.29  pgrad:  0.5841479 
iter:  30  f-value:  26615.27  pgrad:  0.5301086 
  Unsuccessful convergence.
[1] 0.4273678
 [1] "Xi: 0.507701671256431" "Xi: 0.509086956001586" "Xi: 0.51357418842237" 
 [4] "Xi: 0.515800853069938" "Xi: 0.513797494252959" "Xi: 0.515703886477666"
 [7] "Xi: 0.504325973747904" "Xi: 0.470159483509909" "Xi: 0.416478049400922"
[10] "Xi: 0.454384536402947" "Xi: 0.528765375941157" "Xi: 0.553967152154002"
[13] "Xi: 0.554028768525653" "Xi: 0.54788725215461"  "Xi: 0.541564415761523"
[16] "Xi: 0.538433607014065" "Xi: 0.535865742943728" "Xi: 0.534133738382913"
[19] "Xi: 0.532832515833964" "Xi: 0.530847042235863"
Time difference of 4.277796 mins
[1] "Rho"
[1] 1202.657 1203.755 1203.860 1203.661 1202.772
[1] "It: 8"
[1] "sigma:"           "0.42309409839222" "beta :"           "1"               
[1] "rho/theta:" "1"         
Time difference of 1.71263 secs
[1] " old Likelihood:  -8320194.90465218"
[1] "New Likelihood:  -8319621.5389394"
[1] 4997660
[1] 4997665
iter:  0  f-value:  25891.38  pgrad:  0.5726322 
iter:  10  f-value:  25890.01  pgrad:  0.5843575 
iter:  20  f-value:  25889.98  pgrad:  0.5832842 
iter:  30  f-value:  25889.97  pgrad:  0.5222277 
  Unsuccessful convergence.
[1] 0.4561245
 [1] "Xi: 0.508129647952902" "Xi: 0.50964042573758"  "Xi: 0.514459781265199"
 [4] "Xi: 0.517046082352997" "Xi: 0.515477844438455" "Xi: 0.518326876855079"
 [7] "Xi: 0.50931261711578"  "Xi: 0.477795069058708" "Xi: 0.417199263916828"
[10] "Xi: 0.451163921755903" "Xi: 0.531585992140071" "Xi: 0.557848174073547"
[13] "Xi: 0.55659213437721"  "Xi: 0.549331081224067" "Xi: 0.542469884418145"
[16] "Xi: 0.539470488608812" "Xi: 0.537211136579128" "Xi: 0.535854618585797"
[19] "Xi: 0.534857604362124" "Xi: 0.532942576562431"
Time difference of 4.276321 mins
[1] "Rho"
[1] 1202.657 1203.755 1203.860 1203.661 1202.772
[1] "It: 9"
[1] "sigma:"            "0.451563257667091" "beta :"           
[4] "1"                
[1] "rho/theta:" "1"         
Time difference of 1.623394 secs
[1] " old Likelihood:  -8319621.5389394"
[1] "New Likelihood:  -8319103.08313161"
[1] 4997660
[1] 4997665
iter:  0  f-value:  25199.32  pgrad:  0.5493311 
iter:  10  f-value:  25198.07  pgrad:  0.5828018 
iter:  20  f-value:  25198.03  pgrad:  0.5433222 
iter:  30  f-value:  25198.02  pgrad:  0.5432828 
  Unsuccessful convergence.
[1] 0.4821615
 [1] "Xi: 0.508578165161622" "Xi: 0.510221054644468" "Xi: 0.515389472972801"
 [4] "Xi: 0.518350772146809" "Xi: 0.517190985395893" "Xi: 0.520976379825489"
 [7] "Xi: 0.514349457230519" "Xi: 0.485841943413793" "Xi: 0.419006694077452"
[10] "Xi: 0.448228151750358" "Xi: 0.534445800398437" "Xi: 0.561661015260422"
[13] "Xi: 0.559030101199969" "Xi: 0.550653683093531" "Xi: 0.543271256856508"
[16] "Xi: 0.540330317249864" "Xi: 0.538340745895457" "Xi: 0.537340460787406"
[19] "Xi: 0.536650967583228" "Xi: 0.534816871644059"
Time difference of 4.277615 mins
[1] "Rho"
[1] 1202.657 1203.755 1203.860 1203.661 1202.772
[1] "It: 10"
[1] "sigma:"            "0.477339874042367" "beta :"           
[4] "1"                
[1] "rho/theta:" "1"         
Time difference of 1.69876 secs
[1] " old Likelihood:  -8319103.08313161"
[1] "New Likelihood:  -8318628.80246843"
[1] 4997660
[1] 4997665
iter:  0  f-value:  24541.24  pgrad:  0.5506537 
iter:  10  f-value:  24540.1  pgrad:  0.5798431 
iter:  20  f-value:  24540.07  pgrad:  0.57888 
iter:  30  f-value:  24540.06  pgrad:  0.5068852 
  Unsuccessful convergence.
[1] 0.5058641
 [1] "Xi: 0.509002251936251" "Xi: 0.510768784605547" "Xi: 0.516275368755562"
 [4] "Xi: 0.519580792445622" "Xi: 0.518796418959651" "Xi: 0.52334696841121" 
 [7] "Xi: 0.518740906174379" "Xi: 0.493260069437348" "Xi: 0.421594904265498"
[10] "Xi: 0.445425661058348" "Xi: 0.537266109095224" "Xi: 0.565382187677145"
[13] "Xi: 0.561358266627401" "Xi: 0.551899322681728" "Xi: 0.543980838103625"
[16] "Xi: 0.541069251663887" "Xi: 0.539306871242131" "Xi: 0.538635975512029"
[19] "Xi: 0.538249393477598" "Xi: 0.536503346509943"
Time difference of 4.277963 mins
[1] "Rho"
[1] 1202.657 1203.755 1203.860 1203.661 1202.772
[1] "It: 11"
[1] "sigma:"            "0.500805465566053" "beta :"           
[4] "1"                
[1] "rho/theta:" "1"         
Time difference of 1.689963 secs
[1] " old Likelihood:  -8318628.80246843"
[1] "New Likelihood:  -8318193.86045413"
[1] 4997660
[1] 4997665
iter:  0  f-value:  23915.76  pgrad:  0.5784051 
iter:  10  f-value:  23914.71  pgrad:  0.5767466 
iter:  20  f-value:  23914.68  pgrad:  0.5446709 
iter:  30  f-value:  23914.67  pgrad:  0.5001854 
  Unsuccessful convergence.
[1] 0.527477
 [1] "Xi: 0.509390687992169" "Xi: 0.511276192623618" "Xi: 0.517091130218312"
 [4] "Xi: 0.520710793738207" "Xi: 0.520306684745109" "Xi: 0.525478240950532"
 [7] "Xi: 0.522564477086694" "Xi: 0.499892879506101" "Xi: 0.424773444772888"
[10] "Xi: 0.442669377460641" "Xi: 0.53996214628391"  "Xi: 0.568978266169686"
[13] "Xi: 0.563578002732233" "Xi: 0.553090542823239" "Xi: 0.544632223184668"
[16] "Xi: 0.541724016284671" "Xi: 0.540144055030608" "Xi: 0.539770669247745"
[19] "Xi: 0.539677287408909" "Xi: 0.538025498061515"
Time difference of 4.275753 mins
[1] "Rho"
[1] 1202.657 1203.755 1203.860 1203.661 1202.772
[1] "It: 12"
[1] "sigma:"            "0.522202220853442" "beta :"           
[4] "1"                
[1] "rho/theta:" "1"         
Time difference of 1.691938 secs
[1] " old Likelihood:  -8318193.86045413"
[1] "New Likelihood:  -8317795.58658716"
[1] 4997660
[1] 4997665
iter:  0  f-value:  23323.32  pgrad:  0.5752266 
iter:  10  f-value:  23322.36  pgrad:  0.5731338 
iter:  20  f-value:  23322.33  pgrad:  0.5716923 
iter:  30  f-value:  23322.32  pgrad:  0.4930431 
  Unsuccessful convergence.
[1] 0.5472821
 [1] "Xi: 0.509806894453222" "Xi: 0.511814664693732" "Xi: 0.517959925914378"
 [4] "Xi: 0.521908868882036" "Xi: 0.521898929517717" "Xi: 0.527736726606316"
 [7] "Xi: 0.526655269351632" "Xi: 0.507022312327795" "Xi: 0.428663814228462"
[10] "Xi: 0.440042776599913" "Xi: 0.542648827056111" "Xi: 0.572483963424447"
[13] "Xi: 0.565709975022652" "Xi: 0.554251328425232" "Xi: 0.545260370329405"
[16] "Xi: 0.542326011184093" "Xi: 0.540882244004627" "Xi: 0.540772046868069"
[19] "Xi: 0.54095953602623"  "Xi: 0.539405663634803"
Time difference of 4.278828 mins
[1] "Rho"
[1] 1202.657 1203.755 1203.860 1203.661 1202.772
[1] "It: 13"
[1] "sigma:"            "0.541809290416304" "beta :"           
[4] "1"                
[1] "rho/theta:" "1"         
Time difference of 1.679635 secs
[1] " old Likelihood:  -8317795.58658716"
[1] "New Likelihood:  -8317429.87699639"
[1] 4997660
[1] 4997665
iter:  0  f-value:  22762.38  pgrad:  0.5713362 
iter:  10  f-value:  22761.49  pgrad:  0.5689225 
iter:  20  f-value:  22761.48  pgrad:  0.5674518 
iter:  30  f-value:  22761.47  pgrad:  0.4866071 
  Unsuccessful convergence.
[1] 0.5654432
 [1] "Xi: 0.510213877763928" "Xi: 0.51234184839973"  "Xi: 0.51881491291522" 
 [4] "Xi: 0.523074827244887" "Xi: 0.523412159945085" "Xi: 0.529844294885949"
 [7] "Xi: 0.530365883080017" "Xi: 0.513492277442743" "Xi: 0.432931132491283"
[10] "Xi: 0.437418564717345" "Xi: 0.545177781637719" "Xi: 0.575847932605077"
[13] "Xi: 0.567728932742195" "Xi: 0.555373985007151" "Xi: 0.545867382873997"
[16] "Xi: 0.542888510180186" "Xi: 0.541538856346263" "Xi: 0.541657248680527"
[19] "Xi: 0.542111934588246" "Xi: 0.540658685363557"
Time difference of 4.279211 mins
[1] "Rho"
[1] 1202.657 1203.755 1203.860 1203.661 1202.772
[1] "It: 14"
[1] "sigma:"           "0.55978874444601" "beta :"           "1"               
[1] "rho/theta:" "1"         
Time difference of 1.609314 secs
[1] " old Likelihood:  -8317429.87699639"
[1] "New Likelihood:  -8317095.64385418"
[1] 4997660
[1] 4997665
iter:  0  f-value:  22232.01  pgrad:  0.5670689 
iter:  10  f-value:  22231.2  pgrad:  0.5657189 
iter:  20  f-value:  22231.19  pgrad:  0.5627844 
iter:  30  f-value:  22231.18  pgrad:  0.481142 
  Unsuccessful convergence.
[1] 0.5820962
 [1] "Xi: 0.510599155168479" "Xi: 0.512841052030198" "Xi: 0.519618217248144"
 [4] "Xi: 0.524171285616889" "Xi: 0.524785142356256" "Xi: 0.531720673944932"
 [7] "Xi: 0.533534741609592" "Xi: 0.519034694638792" "Xi: 0.437538335851438"
[10] "Xi: 0.43484262128384"  "Xi: 0.547566381050466" "Xi: 0.579067975349475"
[13] "Xi: 0.569632200742748" "Xi: 0.556455874137976" "Xi: 0.546457574334791"
[16] "Xi: 0.543418883713881" "Xi: 0.542124660921764" "Xi: 0.542438816780734"
[19] "Xi: 0.54314623264342"  "Xi: 0.541802863685759"
Time difference of 4.285673 mins
[1] "Rho"
[1] 1202.657 1203.755 1203.860 1203.661 1202.772
[1] "It: 15"
[1] "sigma:"            "0.576275231032312" "beta :"           
[4] "1"                
[1] "rho/theta:" "1"         
Time difference of 1.712724 secs
[1] " old Likelihood:  -8317095.64385418"
[1] "New Likelihood:  -8316791.50201063"
[1] 4997660
[1] 4997665
iter:  0  f-value:  21731.84  pgrad:  0.5624617 
iter:  10  f-value:  21731.11  pgrad:  0.5656693 
iter:  20  f-value:  21731.09  pgrad:  0.5578069 
iter:  30  f-value:  21731.09  pgrad:  0.4759379 
  Unsuccessful convergence.
[1] 0.5974164
 [1] "Xi: 0.511005694933545" "Xi: 0.513368540397952" "Xi: 0.520469337399337"
 [4] "Xi: 0.525324206138601" "Xi: 0.526183676270121" "Xi: 0.53366740842032" 
 [7] "Xi: 0.536845683227748" "Xi: 0.524808019692499" "Xi: 0.442656299541572"
[10] "Xi: 0.432410201618894" "Xi: 0.549918701520219" "Xi: 0.582178916229577"
[13] "Xi: 0.571430898223247" "Xi: 0.557507985737899" "Xi: 0.546951944432725"
[16] "Xi: 0.543907746696777" "Xi: 0.542651763853617" "Xi: 0.543133424846822"
[19] "Xi: 0.544080753884699" "Xi: 0.542845738201107"
Time difference of 4.285993 mins
[1] "Rho"
[1] 1202.657 1203.755 1203.860 1203.661 1202.772
[1] "It: 16"
[1] "sigma:"            "0.591442251356413" "beta :"           
[4] "1"                
[1] "rho/theta:" "1"         
Time difference of 1.61149 secs
[1] " old Likelihood:  -8316791.50201063"
[1] "New Likelihood:  -8316514.07376621"
[1] 4997660
[1] 4997665
iter:  0  f-value:  21259.16  pgrad:  0.557508 
iter:  10  f-value:  21258.49  pgrad:  0.5543642 
iter:  20  f-value:  21258.47  pgrad:  0.5523812 
iter:  30  f-value:  21258.47  pgrad:  0.4704057 
  Unsuccessful convergence.
[1] 0.6114973
 [1] "Xi: 0.511422033845879" "Xi: 0.513906215401905" "Xi: 0.521338848794173"
 [4] "Xi: 0.526497729241835" "Xi: 0.527556855632361" "Xi: 0.535594847754939"
 [7] "Xi: 0.54009185850166"  "Xi: 0.530440950640433" "Xi: 0.448136009709423"
[10] "Xi: 0.430088620305898" "Xi: 0.55219589993879"  "Xi: 0.585166018600947"
[13] "Xi: 0.573123955279375" "Xi: 0.558534990619394" "Xi: 0.547530859884554"
[16] "Xi: 0.544407159214187" "Xi: 0.543135329361176" "Xi: 0.543750188192428"
[19] "Xi: 0.544919403652616" "Xi: 0.54378950671927" 
Time difference of 4.283615 mins
[1] "Rho"
[1] 1202.657 1203.755 1203.860 1203.661 1202.772
[1] "It: 17"
[1] "sigma:"            "0.605382298861269" "beta :"           
[4] "1"                
[1] "rho/theta:" "1"         
Time difference of 1.624648 secs
[1] " old Likelihood:  -8316514.07376621"
[1] "New Likelihood:  -8316263.50511756"
[1] 4997660
[1] 4997665
iter:  0  f-value:  20815.87  pgrad:  0.558535 
iter:  10  f-value:  20815.26  pgrad:  0.5487792 
iter:  20  f-value:  20815.25  pgrad:  0.5467533 
iter:  30  f-value:  20815.25  pgrad:  0.5443129 
  Unsuccessful convergence.
[1] 0.6244147
 [1] "Xi: 0.511803876650302" "Xi: 0.51439972777392"  "Xi: 0.522130264611881"
 [4] "Xi: 0.527558523952156" "Xi: 0.528753526047803" "Xi: 0.537258929006312"
 [7] "Xi: 0.542741356768977" "Xi: 0.534980839089661" "Xi: 0.453724962037919"
[10] "Xi: 0.427845761371516" "Xi: 0.55432346137923"  "Xi: 0.587985541174029"
[13] "Xi: 0.57467264350765"  "Xi: 0.559501049349034" "Xi: 0.548087529392558"
[16] "Xi: 0.544880861693878" "Xi: 0.54356385116046"  "Xi: 0.544285191801012"
[19] "Xi: 0.545670123937574" "Xi: 0.544647584163379"
Time difference of 4.285096 mins
[1] "Rho"
[1] 1202.657 1203.755 1203.860 1203.661 1202.772
[1] "It: 18"
[1] "sigma:"           "0.61817059952057" "beta :"           "1"               
[1] "rho/theta:" "1"         
Time difference of 1.698309 secs
[1] " old Likelihood:  -8316263.50511756"
[1] "New Likelihood:  -8316038.07807976"
[1] 4997660
[1] 4997665
iter:  0  f-value:  20399.62  pgrad:  0.559501 
iter:  10  f-value:  20399.08  pgrad:  0.5613765 
iter:  20  f-value:  20399.07  pgrad:  0.5409543 
iter:  30  f-value:  20399.07  pgrad:  0.4604238 
  Unsuccessful convergence.
[1] 0.6363103
 [1] "Xi: 0.512259629585722" "Xi: 0.514990399733752" "Xi: 0.523073744491899"
 [4] "Xi: 0.528818292341935" "Xi: 0.530139694958245" "Xi: 0.539230924254272"
 [7] "Xi: 0.54604860920441"  "Xi: 0.540620179243287" "Xi: 0.459859881676872"
[10] "Xi: 0.42581959477158"  "Xi: 0.556455992734308" "Xi: 0.590700331439557"
[13] "Xi: 0.576109241109389" "Xi: 0.560396862068059" "Xi: 0.548613713029746"
[16] "Xi: 0.545340809343295" "Xi: 0.54393742935477"  "Xi: 0.544675240600274"
[19] "Xi: 0.546337650060123" "Xi: 0.545549422577204"
Time difference of 4.290043 mins
[1] "Rho"
[1] 1202.657 1203.755 1203.860 1203.661 1202.772
[1] "It: 19"
[1] "sigma:"            "0.629947201461898" "beta :"           
[4] "1"                
[1] "rho/theta:" "1"         
Time difference of 1.631244 secs
[1] " old Likelihood:  -8316038.07807976"
[1] "New Likelihood:  -8315834.26546433"
[1] 4997660
[1] 4997665
iter:  0  f-value:  20007.12  pgrad:  0.5603969 
iter:  10  f-value:  20006.63  pgrad:  0.537044 
iter:  20  f-value:  20006.62  pgrad:  0.5451164 
iter:  30  f-value:  20006.62  pgrad:  0.5344823 
  Unsuccessful convergence.
[1] 0.6472529
 [1] "Xi: 0.51267244772673"  "Xi: 0.515521173569004" "Xi: 0.523922420193352"
 [4] "Xi: 0.529939087147797" "Xi: 0.531315043145815" "Xi: 0.540901274188758"
 [7] "Xi: 0.548697947690766" "Xi: 0.545117755225493" "Xi: 0.466229222319106"
[10] "Xi: 0.423915267925598" "Xi: 0.558517360161052" "Xi: 0.593292929002287"
[13] "Xi: 0.577418306287825" "Xi: 0.561271185482476" "Xi: 0.549159838779194"
[16] "Xi: 0.545787223767821" "Xi: 0.544297995478644" "Xi: 0.545091917624549"
[19] "Xi: 0.546949690503083" "Xi: 0.54626861506335" 
Time difference of 4.290022 mins
[1] "Rho"
[1] 1202.657 1203.755 1203.860 1203.661 1202.772
[1] "It: 20"
[1] "sigma:"            "0.640780363473526" "beta :"           
[4] "1"                
[1] "rho/theta:" "1"         
Time difference of 1.604638 secs
[1] " old Likelihood:  -8315834.26546433"
[1] "New Likelihood:  -8315652.72135624"
[1] 4997660
[1] 4997665
iter:  0  f-value:  19641.22  pgrad:  0.5612712 
iter:  10  f-value:  19640.79  pgrad:  0.5306919 
iter:  20  f-value:  19640.78  pgrad:  0.5454826 
iter:  30  f-value:  19640.78  pgrad:  0.4511845 
  Unsuccessful convergence.
[1] 0.6573107
 [1] "Xi: 0.513131004611044" "Xi: 0.516107853526308" "Xi: 0.524859029292258"
 [4] "Xi: 0.531173084207227" "Xi: 0.532561579863842" "Xi: 0.542595220326824"
 [7] "Xi: 0.551532830535687" "Xi: 0.549861384969541" "Xi: 0.472715706353259"
[10] "Xi: 0.422143644185706" "Xi: 0.560463861643579" "Xi: 0.595711487284597"
[13] "Xi: 0.578590184608643" "Xi: 0.562093206149095" "Xi: 0.549545626085088"
[16] "Xi: 0.546222635491001" "Xi: 0.544625822555376" "Xi: 0.545463042245296"
[19] "Xi: 0.547484347824989" "Xi: 0.54692576601148" 
Time difference of 4.27853 mins
[1] "Rho"
[1] 1202.657 1203.755 1203.860 1203.661 1202.772
[1] "It: 21"
[1] "sigma:"           "0.65073756201718" "beta :"           "1"               
[1] "rho/theta:" "1"         
Time difference of 1.68843 secs
[1] " old Likelihood:  -8315652.72135624"
[1] "New Likelihood:  -8315490.81573795"
[1] 4997660
[1] 4997665
iter:  0  f-value:  19297.99  pgrad:  0.5620932 
iter:  10  f-value:  19297.61  pgrad:  0.5243114 
iter:  20  f-value:  19297.6  pgrad:  0.5223907 
iter:  30  f-value:  19297.59  pgrad:  0.4463162 
  Unsuccessful convergence.
[1] 0.6665437
 [1] "Xi: 0.513564108762759" "Xi: 0.516659483855948" "Xi: 0.525737463221035"
 [4] "Xi: 0.532316253466029" "Xi: 0.533668794671843" "Xi: 0.543983415868662"
 [7] "Xi: 0.553944100400236" "Xi: 0.553826245965389" "Xi: 0.479273988790354"
[10] "Xi: 0.420532356918821" "Xi: 0.562339411989501" "Xi: 0.59801164404453" 
[13] "Xi: 0.57965648510621"  "Xi: 0.562872605074249" "Xi: 0.550048802880358"
[16] "Xi: 0.546643928590683" "Xi: 0.544935269189237" "Xi: 0.545806840560958"
[19] "Xi: 0.547981672765136" "Xi: 0.547530754880747"
Time difference of 4.280744 mins
[1] 1 1 1 1 1
[1] 1 1 1 1 1
saved RDS
inference successful
