[1] "Original length"
[1] 999429
[1] "Final length"
[1] 14891
[1] "sequence length : 999430" "sequence length : 999752"
[3] "sequence length : 999888" "sequence length : 999638"
[5] "sequence length : 999993"
[1] 1 1 1 1 1
[1] "Beta: 1"
[1] "Self: 0.5"
 [1] 0 0 0 0 0 0 0 0 0 0 0 0 0 0 0 0 0 0 0 0
[1] "maxIt: 20"
[1] "It: 1"
 [1] "sigma:" "0.5"    "0.5"    "0.5"    "0.5"    "0.5"    "0.5"    "0.5"   
 [9] "0.5"    "0.5"    "0.5"    "0.5"    "0.5"    "0.5"    "0.5"    "0.5"   
[17] "0.5"    "0.5"    "0.5"    "0"      "0"      "0"      "0"      "0"     
[25] "0"      "0"      "0"      "0"      "0"      "0"      "0"      "0"     
[33] "0"      "0"      "0"      "0"      "0"      "0"      "0"      "0"     
[41] "0"      "beta :" "1"     
[1] 8505357
[1] 8504718
[1] 8504392
[1] 8503906
[1] 8503183
[1] 8502118
[1] 8500586
[1] 8498413
[1] 8495356
[1] 8491317
[1] 8487386
[1] 8485349
[1] 8485610
[1] 8487890
[1] 8493184
[1] 8501970
[1] 8512085
[1] 8519838
[1] 8524268
[1] 8525867
[1] 8526090
 [1] "sigma:" "0.9655" "0.9655" "0.9655" "0.9655" "0.9655" "0.9655" "0.9655"
 [9] "0.9655" "0.9655" "0.9655" "0.9655" "0.9655" "0.9655" "0.9655" "0.9655"
[17] "0.9655" "0.9655" "0.9655" "0.9655" "0.9655" "0.9655" "0.9655" "0.2"   
[25] "0.2"    "0.2"    "0.2"    "0.2"    "0.2"    "0.2"    "0.2"    "0.2"   
[33] "0.2"    "0.2"    "0.2"    "0.2"    "0.2"    "0.2"    "0.2"    "0.2"   
[41] "0.2"    "beta :" "1"     
[1] "New Likelihood:  -8485349.34570143"
iter:  0  f-value:  27090.29  pgrad:  0.5 
iter:  10  f-value:  27086.9  pgrad:  0.5997583 
iter:  20  f-value:  27086.61  pgrad:  0.5982683 
iter:  30  f-value:  27086.5  pgrad:  0.5974835 
  Unsuccessful convergence.
Time difference of 31.01271 mins
[1] "maxIt: 20"
[1] "It: 2"
 [1] "sigma:"            "0.98478252720003"  "0.98478252720003" 
 [4] "0.98478252720003"  "0.98478252720003"  "0.98478252720003" 
 [7] "0.98478252720003"  "0.98478252720003"  "0.98478252720003" 
[10] "0.98478252720003"  "0.98478252720003"  "0.98478252720003" 
[13] "0.98478252720003"  "0.98478252720003"  "0.98478252720003" 
[16] "0.98478252720003"  "0.98478252720003"  "0.98478252720003" 
[19] "0.98478252720003"  "0.98478252720003"  "0.98478252720003" 
[22] "0.98478252720003"  "0.98478252720003"  "0.201858319356788"
[25] "0.201858319356788" "0.201858319356788" "0.201858319356788"
[28] "0.201858319356788" "0.201858319356788" "0.201858319356788"
[31] "0.201858319356788" "0.201858319356788" "0.201858319356788"
[34] "0.201858319356788" "0.201858319356788" "0.201858319356788"
[37] "0.201858319356788" "0.201858319356788" "0.201858319356788"
[40] "0.201858319356788" "0.201858319356788" "beta :"           
[43] "1"                
[1] 8486539
[1] 8484276
[1] 8484733
 [1] "sigma:"            "0.98478252720003"  "0.98478252720003" 
 [4] "0.98478252720003"  "0.98478252720003"  "0.98478252720003" 
 [7] "0.98478252720003"  "0.98478252720003"  "0.98478252720003" 
[10] "0.98478252720003"  "0.98478252720003"  "0.98478252720003" 
[13] "0.98478252720003"  "0.98478252720003"  "0.98478252720003" 
[16] "0.98478252720003"  "0.98478252720003"  "0.98478252720003" 
[19] "0.98478252720003"  "0.98478252720003"  "0.98478252720003" 
[22] "0.98478252720003"  "0.98478252720003"  "0.176858319356788"
[25] "0.176858319356788" "0.176858319356788" "0.176858319356788"
[28] "0.176858319356788" "0.176858319356788" "0.176858319356788"
[31] "0.176858319356788" "0.176858319356788" "0.176858319356788"
[34] "0.176858319356788" "0.176858319356788" "0.176858319356788"
[37] "0.176858319356788" "0.176858319356788" "0.176858319356788"
[40] "0.176858319356788" "0.176858319356788" "beta :"           
[43] "1"                
[1] " old Likelihood:  -8485349.34570143"
[1] "New Likelihood:  -8484276.35063698"
iter:  0  f-value:  27450.5  pgrad:  0.6462834 
iter:  10  f-value:  27449.71  pgrad:  0.6440532 
iter:  20  f-value:  27449.64  pgrad:  0.6409539 
iter:  30  f-value:  27449.63  pgrad:  0.6402941 
  Unsuccessful convergence.
Time difference of 9.129688 mins
[1] "maxIt: 20"
[1] "It: 3"
 [1] "sigma:"            "0.99"              "0.99"             
 [4] "0.99"              "0.99"              "0.99"             
 [7] "0.99"              "0.99"              "0.99"             
[10] "0.99"              "0.99"              "0.99"             
[13] "0.99"              "0.99"              "0.99"             
[16] "0.99"              "0.99"              "0.99"             
[19] "0.99"              "0.99"              "0.99"             
[22] "0.99"              "0.99"              "0.179916562707861"
[25] "0.179916562707861" "0.179916562707861" "0.179916562707861"
[28] "0.179916562707861" "0.179916562707861" "0.179916562707861"
[31] "0.179916562707861" "0.179916562707861" "0.179916562707861"
[34] "0.179916562707861" "0.179916562707861" "0.179916562707861"
[37] "0.179916562707861" "0.179916562707861" "0.179916562707861"
[40] "0.179916562707861" "0.179916562707861" "beta :"           
[43] "1"                
[1] 8486362
[1] 8484033
[1] 8484506
 [1] "sigma:"            "0.99"              "0.99"             
 [4] "0.99"              "0.99"              "0.99"             
 [7] "0.99"              "0.99"              "0.99"             
[10] "0.99"              "0.99"              "0.99"             
[13] "0.99"              "0.99"              "0.99"             
[16] "0.99"              "0.99"              "0.99"             
[19] "0.99"              "0.99"              "0.99"             
[22] "0.99"              "0.99"              "0.179916562707861"
[25] "0.179916562707861" "0.179916562707861" "0.179916562707861"
[28] "0.179916562707861" "0.179916562707861" "0.179916562707861"
[31] "0.179916562707861" "0.179916562707861" "0.179916562707861"
[34] "0.179916562707861" "0.179916562707861" "0.179916562707861"
[37] "0.179916562707861" "0.179916562707861" "0.179916562707861"
[40] "0.179916562707861" "0.179916562707861" "beta :"           
[43] "1"                
[1] " old Likelihood:  -8484276.35063698"
[1] "New Likelihood:  -8484032.65851201"
iter:  0  f-value:  27365.6  pgrad:  0.6401669 
iter:  10  f-value:  27365.44  pgrad:  0.6381062 
iter:  20  f-value:  27365.42  pgrad:  0.6334801 
iter:  30  f-value:  27365.41  pgrad:  0.6303316 
  Unsuccessful convergence.
Time difference of 8.618651 mins
[1] "maxIt: 20"
[1] "It: 4"
 [1] "sigma:"          "0.99"            "0.99"            "0.99"           
 [5] "0.99"            "0.99"            "0.99"            "0.99"           
 [9] "0.99"            "0.99"            "0.99"            "0.99"           
[13] "0.99"            "0.99"            "0.99"            "0.99"           
[17] "0.99"            "0.99"            "0.99"            "0.99"           
[21] "0.99"            "0.99"            "0.99"            "0.1851570538484"
[25] "0.1851570538484" "0.1851570538484" "0.1851570538484" "0.1851570538484"
[29] "0.1851570538484" "0.1851570538484" "0.1851570538484" "0.1851570538484"
[33] "0.1851570538484" "0.1851570538484" "0.1851570538484" "0.1851570538484"
[37] "0.1851570538484" "0.1851570538484" "0.1851570538484" "0.1851570538484"
[41] "0.1851570538484" "beta :"          "1"              
[1] 8486333
[1] 8483965
[1] 8484412
 [1] "sigma:"          "0.99"            "0.99"            "0.99"           
 [5] "0.99"            "0.99"            "0.99"            "0.99"           
 [9] "0.99"            "0.99"            "0.99"            "0.99"           
[13] "0.99"            "0.99"            "0.99"            "0.99"           
[17] "0.99"            "0.99"            "0.99"            "0.99"           
[21] "0.99"            "0.99"            "0.99"            "0.1851570538484"
[25] "0.1851570538484" "0.1851570538484" "0.1851570538484" "0.1851570538484"
[29] "0.1851570538484" "0.1851570538484" "0.1851570538484" "0.1851570538484"
[33] "0.1851570538484" "0.1851570538484" "0.1851570538484" "0.1851570538484"
[37] "0.1851570538484" "0.1851570538484" "0.1851570538484" "0.1851570538484"
[41] "0.1851570538484" "beta :"          "1"              
[1] " old Likelihood:  -8484032.65851201"
[1] "New Likelihood:  -8483964.62227564"
iter:  0  f-value:  27300.08  pgrad:  0.6296859 
iter:  10  f-value:  27299.97  pgrad:  0.627598 
iter:  20  f-value:  27299.95  pgrad:  0.6212833 
iter:  30  f-value:  27299.95  pgrad:  0.6203241 
  Unsuccessful convergence.
Time difference of 8.623359 mins
[1] "maxIt: 20"
[1] "It: 5"
 [1] "sigma:"           "0.99"             "0.99"             "0.99"            
 [5] "0.99"             "0.99"             "0.99"             "0.99"            
 [9] "0.99"             "0.99"             "0.99"             "0.99"            
[13] "0.99"             "0.99"             "0.99"             "0.99"            
[17] "0.99"             "0.99"             "0.99"             "0.99"            
[21] "0.99"             "0.99"             "0.99"             "0.18986875583098"
[25] "0.18986875583098" "0.18986875583098" "0.18986875583098" "0.18986875583098"
[29] "0.18986875583098" "0.18986875583098" "0.18986875583098" "0.18986875583098"
[33] "0.18986875583098" "0.18986875583098" "0.18986875583098" "0.18986875583098"
[37] "0.18986875583098" "0.18986875583098" "0.18986875583098" "0.18986875583098"
[41] "0.18986875583098" "beta :"           "1"               
[1] 8486302
[1] 8483916
[1] 8484344
 [1] "sigma:"           "0.99"             "0.99"             "0.99"            
 [5] "0.99"             "0.99"             "0.99"             "0.99"            
 [9] "0.99"             "0.99"             "0.99"             "0.99"            
[13] "0.99"             "0.99"             "0.99"             "0.99"            
[17] "0.99"             "0.99"             "0.99"             "0.99"            
[21] "0.99"             "0.99"             "0.99"             "0.18986875583098"
[25] "0.18986875583098" "0.18986875583098" "0.18986875583098" "0.18986875583098"
[29] "0.18986875583098" "0.18986875583098" "0.18986875583098" "0.18986875583098"
[33] "0.18986875583098" "0.18986875583098" "0.18986875583098" "0.18986875583098"
[37] "0.18986875583098" "0.18986875583098" "0.18986875583098" "0.18986875583098"
[41] "0.18986875583098" "beta :"           "1"               
[1] " old Likelihood:  -8483964.62227564"
[1] "New Likelihood:  -8483916.44908282"
iter:  0  f-value:  27241.14  pgrad:  0.6202625 
iter:  10  f-value:  27241.07  pgrad:  0.6189474 
iter:  20  f-value:  27241.06  pgrad:  0.6149543 
iter:  30  f-value:  27241.04  pgrad:  0.6094632 
  Unsuccessful convergence.
Time difference of 8.631607 mins
[1] "maxIt: 20"
[1] "It: 6"
 [1] "sigma:"            "0.99"              "0.99"             
 [4] "0.99"              "0.99"              "0.99"             
 [7] "0.99"              "0.99"              "0.99"             
[10] "0.99"              "0.99"              "0.99"             
[13] "0.99"              "0.99"              "0.99"             
[16] "0.99"              "0.99"              "0.99"             
[19] "0.99"              "0.99"              "0.99"             
[22] "0.99"              "0.99"              "0.195391067119051"
[25] "0.195391067119051" "0.195391067119051" "0.195391067119051"
[28] "0.195391067119051" "0.195391067119051" "0.195391067119051"
[31] "0.195391067119051" "0.195391067119051" "0.195391067119051"
[34] "0.195391067119051" "0.195391067119051" "0.195391067119051"
[37] "0.195391067119051" "0.195391067119051" "0.195391067119051"
[40] "0.195391067119051" "0.195391067119051" "beta :"           
[43] "1"                
[1] 8486273
[1] 8483879
[1] 8484296
 [1] "sigma:"            "0.99"              "0.99"             
 [4] "0.99"              "0.99"              "0.99"             
 [7] "0.99"              "0.99"              "0.99"             
[10] "0.99"              "0.99"              "0.99"             
[13] "0.99"              "0.99"              "0.99"             
[16] "0.99"              "0.99"              "0.99"             
[19] "0.99"              "0.99"              "0.99"             
[22] "0.99"              "0.99"              "0.195391067119051"
[25] "0.195391067119051" "0.195391067119051" "0.195391067119051"
[28] "0.195391067119051" "0.195391067119051" "0.195391067119051"
[31] "0.195391067119051" "0.195391067119051" "0.195391067119051"
[34] "0.195391067119051" "0.195391067119051" "0.195391067119051"
[37] "0.195391067119051" "0.195391067119051" "0.195391067119051"
[40] "0.195391067119051" "0.195391067119051" "beta :"           
[43] "1"                
[1] " old Likelihood:  -8483916.44908282"
[1] "New Likelihood:  -8483879.49055527"
iter:  0  f-value:  27168.18  pgrad:  0.6092179 
iter:  10  f-value:  27168.12  pgrad:  0.6078876 
iter:  20  f-value:  27168.11  pgrad:  0.6041613 
iter:  30  f-value:  27168.11  pgrad:  0.6011472 
  Unsuccessful convergence.
Time difference of 8.608494 mins
[1] "maxIt: 20"
[1] "It: 7"
 [1] "sigma:"            "0.99"              "0.99"             
 [4] "0.99"              "0.99"              "0.99"             
 [7] "0.99"              "0.99"              "0.99"             
[10] "0.99"              "0.99"              "0.99"             
[13] "0.99"              "0.99"              "0.99"             
[16] "0.99"              "0.99"              "0.99"             
[19] "0.99"              "0.99"              "0.99"             
[22] "0.99"              "0.99"              "0.199471039142606"
[25] "0.199471039142606" "0.199471039142606" "0.199471039142606"
[28] "0.199471039142606" "0.199471039142606" "0.199471039142606"
[31] "0.199471039142606" "0.199471039142606" "0.199471039142606"
[34] "0.199471039142606" "0.199471039142606" "0.199471039142606"
[37] "0.199471039142606" "0.199471039142606" "0.199471039142606"
[40] "0.199471039142606" "0.199471039142606" "beta :"           
[43] "1"                
[1] 8486247
[1] 8483852
[1] 8484240
 [1] "sigma:"            "0.99"              "0.99"             
 [4] "0.99"              "0.99"              "0.99"             
 [7] "0.99"              "0.99"              "0.99"             
[10] "0.99"              "0.99"              "0.99"             
[13] "0.99"              "0.99"              "0.99"             
[16] "0.99"              "0.99"              "0.99"             
[19] "0.99"              "0.99"              "0.99"             
[22] "0.99"              "0.99"              "0.224471039142606"
[25] "0.224471039142606" "0.224471039142606" "0.224471039142606"
[28] "0.224471039142606" "0.224471039142606" "0.224471039142606"
[31] "0.224471039142606" "0.224471039142606" "0.224471039142606"
[34] "0.224471039142606" "0.224471039142606" "0.224471039142606"
[37] "0.224471039142606" "0.224471039142606" "0.224471039142606"
[40] "0.224471039142606" "0.224471039142606" "beta :"           
[43] "1"                
[1] " old Likelihood:  -8483879.49055527"
[1] "New Likelihood:  -8483851.55389624"
iter:  0  f-value:  26614.46  pgrad:  0.5055448 
iter:  10  f-value:  26614.38  pgrad:  0.5510879 
iter:  20  f-value:  26614.36  pgrad:  0.5455945 
iter:  30  f-value:  26614.35  pgrad:  0.5439264 
  Unsuccessful convergence.
Time difference of 9.126974 mins
[1] "maxIt: 20"
[1] "It: 8"
 [1] "sigma:"            "0.99"              "0.99"             
 [4] "0.99"              "0.99"              "0.99"             
 [7] "0.99"              "0.99"              "0.99"             
[10] "0.99"              "0.99"              "0.99"             
[13] "0.99"              "0.99"              "0.99"             
[16] "0.99"              "0.99"              "0.99"             
[19] "0.99"              "0.99"              "0.99"             
[22] "0.99"              "0.99"              "0.229071945996175"
[25] "0.229071945996175" "0.229071945996175" "0.229071945996175"
[28] "0.229071945996175" "0.229071945996175" "0.229071945996175"
[31] "0.229071945996175" "0.229071945996175" "0.229071945996175"
[34] "0.229071945996175" "0.229071945996175" "0.229071945996175"
[37] "0.229071945996175" "0.229071945996175" "0.229071945996175"
[40] "0.229071945996175" "0.229071945996175" "beta :"           
[43] "1"                
[1] 8486170
[1] 8483815
[1] 8484234
 [1] "sigma:"            "0.99"              "0.99"             
 [4] "0.99"              "0.99"              "0.99"             
 [7] "0.99"              "0.99"              "0.99"             
[10] "0.99"              "0.99"              "0.99"             
[13] "0.99"              "0.99"              "0.99"             
[16] "0.99"              "0.99"              "0.99"             
[19] "0.99"              "0.99"              "0.99"             
[22] "0.99"              "0.99"              "0.229071945996175"
[25] "0.229071945996175" "0.229071945996175" "0.229071945996175"
[28] "0.229071945996175" "0.229071945996175" "0.229071945996175"
[31] "0.229071945996175" "0.229071945996175" "0.229071945996175"
[34] "0.229071945996175" "0.229071945996175" "0.229071945996175"
[37] "0.229071945996175" "0.229071945996175" "0.229071945996175"
[40] "0.229071945996175" "0.229071945996175" "beta :"           
[43] "1"                
[1] " old Likelihood:  -8483851.55389624"
[1] "New Likelihood:  -8483815.32043124"
iter:  0  f-value:  26595.06  pgrad:  0.5418561 
iter:  10  f-value:  26595.02  pgrad:  0.5403145 
iter:  20  f-value:  26595.01  pgrad:  0.5379137 
iter:  30  f-value:  26595  pgrad:  0.5096164 
  Unsuccessful convergence.
Time difference of 8.581869 mins
[1] "maxIt: 20"
[1] "It: 9"
 [1] "sigma:"            "0.99"              "0.99"             
 [4] "0.99"              "0.99"              "0.99"             
 [7] "0.99"              "0.99"              "0.99"             
[10] "0.99"              "0.99"              "0.99"             
[13] "0.99"              "0.99"              "0.99"             
[16] "0.99"              "0.99"              "0.99"             
[19] "0.99"              "0.99"              "0.99"             
[22] "0.99"              "0.99"              "0.234907706707508"
[25] "0.234907706707508" "0.234907706707508" "0.234907706707508"
[28] "0.234907706707508" "0.234907706707508" "0.234907706707508"
[31] "0.234907706707508" "0.234907706707508" "0.234907706707508"
[34] "0.234907706707508" "0.234907706707508" "0.234907706707508"
[37] "0.234907706707508" "0.234907706707508" "0.234907706707508"
[40] "0.234907706707508" "0.234907706707508" "beta :"           
[43] "1"                
[1] 8486128
[1] 8483792
[1] 8484225
 [1] "sigma:"            "0.99"              "0.99"             
 [4] "0.99"              "0.99"              "0.99"             
 [7] "0.99"              "0.99"              "0.99"             
[10] "0.99"              "0.99"              "0.99"             
[13] "0.99"              "0.99"              "0.99"             
[16] "0.99"              "0.99"              "0.99"             
[19] "0.99"              "0.99"              "0.99"             
[22] "0.99"              "0.99"              "0.234907706707508"
[25] "0.234907706707508" "0.234907706707508" "0.234907706707508"
[28] "0.234907706707508" "0.234907706707508" "0.234907706707508"
[31] "0.234907706707508" "0.234907706707508" "0.234907706707508"
[34] "0.234907706707508" "0.234907706707508" "0.234907706707508"
[37] "0.234907706707508" "0.234907706707508" "0.234907706707508"
[40] "0.234907706707508" "0.234907706707508" "beta :"           
[43] "1"                
[1] " old Likelihood:  -8483815.32043124"
[1] "New Likelihood:  -8483791.79069861"
iter:  0  f-value:  26529.39  pgrad:  0.5301846 
iter:  10  f-value:  26529.37  pgrad:  0.5291101 
iter:  20  f-value:  26529.36  pgrad:  0.525361 
iter:  30  f-value:  26529.35  pgrad:  0.5238951 
  Unsuccessful convergence.
Time difference of 8.590844 mins
[1] "maxIt: 20"
[1] "It: 10"
 [1] "sigma:"            "0.99"              "0.99"             
 [4] "0.99"              "0.99"              "0.99"             
 [7] "0.99"              "0.99"              "0.99"             
[10] "0.99"              "0.99"              "0.99"             
[13] "0.99"              "0.99"              "0.99"             
[16] "0.99"              "0.99"              "0.99"             
[19] "0.99"              "0.99"              "0.99"             
[22] "0.99"              "0.99"              "0.238087557983745"
[25] "0.238087557983745" "0.238087557983745" "0.238087557983745"
[28] "0.238087557983745" "0.238087557983745" "0.238087557983745"
[31] "0.238087557983745" "0.238087557983745" "0.238087557983745"
[34] "0.238087557983745" "0.238087557983745" "0.238087557983745"
[37] "0.238087557983745" "0.238087557983745" "0.238087557983745"
[40] "0.238087557983745" "0.238087557983745" "beta :"           
[43] "1"                
[1] 8486105
[1] 8483777
[1] 8484212
 [1] "sigma:"            "0.99"              "0.99"             
 [4] "0.99"              "0.99"              "0.99"             
 [7] "0.99"              "0.99"              "0.99"             
[10] "0.99"              "0.99"              "0.99"             
[13] "0.99"              "0.99"              "0.99"             
[16] "0.99"              "0.99"              "0.99"             
[19] "0.99"              "0.99"              "0.99"             
[22] "0.99"              "0.99"              "0.238087557983745"
[25] "0.238087557983745" "0.238087557983745" "0.238087557983745"
[28] "0.238087557983745" "0.238087557983745" "0.238087557983745"
[31] "0.238087557983745" "0.238087557983745" "0.238087557983745"
[34] "0.238087557983745" "0.238087557983745" "0.238087557983745"
[37] "0.238087557983745" "0.238087557983745" "0.238087557983745"
[40] "0.238087557983745" "0.238087557983745" "beta :"           
[43] "1"                
[1] " old Likelihood:  -8483791.79069861"
[1] "New Likelihood:  -8483777.34251302"
iter:  0  f-value:  26489.54  pgrad:  0.5238249 
iter:  10  f-value:  26489.52  pgrad:  0.5230065 
iter:  20  f-value:  26489.51  pgrad:  0.5201181 
iter:  30  f-value:  26489.51  pgrad:  0.5188834 
  Unsuccessful convergence.
Time difference of 8.596117 mins
[1] "maxIt: 20"
[1] "It: 11"
 [1] "sigma:"            "0.99"              "0.99"             
 [4] "0.99"              "0.99"              "0.99"             
 [7] "0.99"              "0.99"              "0.99"             
[10] "0.99"              "0.99"              "0.99"             
[13] "0.99"              "0.99"              "0.99"             
[16] "0.99"              "0.99"              "0.99"             
[19] "0.99"              "0.99"              "0.99"             
[22] "0.99"              "0.99"              "0.240706113924573"
[25] "0.240706113924573" "0.240706113924573" "0.240706113924573"
[28] "0.240706113924573" "0.240706113924573" "0.240706113924573"
[31] "0.240706113924573" "0.240706113924573" "0.240706113924573"
[34] "0.240706113924573" "0.240706113924573" "0.240706113924573"
[37] "0.240706113924573" "0.240706113924573" "0.240706113924573"
[40] "0.240706113924573" "0.240706113924573" "beta :"           
[43] "1"                
[1] 8486089
[1] 8483767
[1] 8484199
 [1] "sigma:"            "0.99"              "0.99"             
 [4] "0.99"              "0.99"              "0.99"             
 [7] "0.99"              "0.99"              "0.99"             
[10] "0.99"              "0.99"              "0.99"             
[13] "0.99"              "0.99"              "0.99"             
[16] "0.99"              "0.99"              "0.99"             
[19] "0.99"              "0.99"              "0.99"             
[22] "0.99"              "0.99"              "0.240706113924573"
[25] "0.240706113924573" "0.240706113924573" "0.240706113924573"
[28] "0.240706113924573" "0.240706113924573" "0.240706113924573"
[31] "0.240706113924573" "0.240706113924573" "0.240706113924573"
[34] "0.240706113924573" "0.240706113924573" "0.240706113924573"
[37] "0.240706113924573" "0.240706113924573" "0.240706113924573"
[40] "0.240706113924573" "0.240706113924573" "beta :"           
[43] "1"                
[1] " old Likelihood:  -8483777.34251302"
[1] "New Likelihood:  -8483766.60266745"
iter:  0  f-value:  26452.71  pgrad:  0.5185878 
iter:  10  f-value:  26452.69  pgrad:  0.5178051 
iter:  20  f-value:  26452.68  pgrad:  0.5146196 
iter:  30  f-value:  26452.68  pgrad:  0.5139021 
  Unsuccessful convergence.
Time difference of 8.600774 mins
[1] "maxIt: 20"
[1] "It: 12"
 [1] "sigma:"            "0.99"              "0.99"             
 [4] "0.99"              "0.99"              "0.99"             
 [7] "0.99"              "0.99"              "0.99"             
[10] "0.99"              "0.99"              "0.99"             
[13] "0.99"              "0.99"              "0.99"             
[16] "0.99"              "0.99"              "0.99"             
[19] "0.99"              "0.99"              "0.99"             
[22] "0.99"              "0.99"              "0.244045770596805"
[25] "0.244045770596805" "0.244045770596805" "0.244045770596805"
[28] "0.244045770596805" "0.244045770596805" "0.244045770596805"
[31] "0.244045770596805" "0.244045770596805" "0.244045770596805"
[34] "0.244045770596805" "0.244045770596805" "0.244045770596805"
[37] "0.244045770596805" "0.244045770596805" "0.244045770596805"
[40] "0.244045770596805" "0.244045770596805" "beta :"           
[43] "1"                
[1] 8486069
[1] 8483756
[1] 8484179
 [1] "sigma:"            "0.99"              "0.99"             
 [4] "0.99"              "0.99"              "0.99"             
 [7] "0.99"              "0.99"              "0.99"             
[10] "0.99"              "0.99"              "0.99"             
[13] "0.99"              "0.99"              "0.99"             
[16] "0.99"              "0.99"              "0.99"             
[19] "0.99"              "0.99"              "0.99"             
[22] "0.99"              "0.99"              "0.269045770596805"
[25] "0.269045770596805" "0.269045770596805" "0.269045770596805"
[28] "0.269045770596805" "0.269045770596805" "0.269045770596805"
[31] "0.269045770596805" "0.269045770596805" "0.269045770596805"
[34] "0.269045770596805" "0.269045770596805" "0.269045770596805"
[37] "0.269045770596805" "0.269045770596805" "0.269045770596805"
[40] "0.269045770596805" "0.269045770596805" "beta :"           
[43] "1"                
[1] " old Likelihood:  -8483766.60266745"
[1] "New Likelihood:  -8483756.08790095"
iter:  0  f-value:  25884.49  pgrad:  0.5380915 
iter:  10  f-value:  25884.44  pgrad:  0.4794981 
iter:  20  f-value:  25884.42  pgrad:  0.5054811 
iter:  30  f-value:  25884.42  pgrad:  0.4545653 
  Unsuccessful convergence.
Time difference of 9.122584 mins
[1] "maxIt: 20"
[1] "It: 13"
 [1] "sigma:"            "0.99"              "0.99"             
 [4] "0.99"              "0.99"              "0.99"             
 [7] "0.99"              "0.99"              "0.99"             
[10] "0.99"              "0.99"              "0.99"             
[13] "0.99"              "0.99"              "0.99"             
[16] "0.99"              "0.99"              "0.99"             
[19] "0.99"              "0.99"              "0.99"             
[22] "0.99"              "0.99"              "0.272793108287124"
[25] "0.272793108287124" "0.272793108287124" "0.272793108287124"
[28] "0.272793108287124" "0.272793108287124" "0.272793108287124"
[31] "0.272793108287124" "0.272793108287124" "0.272793108287124"
[34] "0.272793108287124" "0.272793108287124" "0.272793108287124"
[37] "0.272793108287124" "0.272793108287124" "0.272793108287124"
[40] "0.272793108287124" "0.272793108287124" "beta :"           
[43] "1"                
[1] 8486001
[1] 8483734
[1] 8484194
 [1] "sigma:"            "0.99"              "0.99"             
 [4] "0.99"              "0.99"              "0.99"             
 [7] "0.99"              "0.99"              "0.99"             
[10] "0.99"              "0.99"              "0.99"             
[13] "0.99"              "0.99"              "0.99"             
[16] "0.99"              "0.99"              "0.99"             
[19] "0.99"              "0.99"              "0.99"             
[22] "0.99"              "0.99"              "0.272793108287124"
[25] "0.272793108287124" "0.272793108287124" "0.272793108287124"
[28] "0.272793108287124" "0.272793108287124" "0.272793108287124"
[31] "0.272793108287124" "0.272793108287124" "0.272793108287124"
[34] "0.272793108287124" "0.272793108287124" "0.272793108287124"
[37] "0.272793108287124" "0.272793108287124" "0.272793108287124"
[40] "0.272793108287124" "0.272793108287124" "beta :"           
[43] "1"                
[1] " old Likelihood:  -8483756.08790095"
[1] "New Likelihood:  -8483733.94531664"
iter:  0  f-value:  25871.96  pgrad:  0.503451 
iter:  10  f-value:  25871.94  pgrad:  0.4774392 
iter:  20  f-value:  25871.93  pgrad:  0.5057338 
iter:  30  f-value:  25871.93  pgrad:  0.4482173 
  Unsuccessful convergence.
Time difference of 8.5879 mins
[1] "maxIt: 20"
[1] "It: 14"
 [1] "sigma:"            "0.99"              "0.99"             
 [4] "0.99"              "0.99"              "0.99"             
 [7] "0.99"              "0.99"              "0.99"             
[10] "0.99"              "0.99"              "0.99"             
[13] "0.99"              "0.99"              "0.99"             
[16] "0.99"              "0.99"              "0.99"             
[19] "0.99"              "0.99"              "0.99"             
[22] "0.99"              "0.99"              "0.275919920145221"
[25] "0.275919920145221" "0.275919920145221" "0.275919920145221"
[28] "0.275919920145221" "0.275919920145221" "0.275919920145221"
[31] "0.275919920145221" "0.275919920145221" "0.275919920145221"
[34] "0.275919920145221" "0.275919920145221" "0.275919920145221"
[37] "0.275919920145221" "0.275919920145221" "0.275919920145221"
[40] "0.275919920145221" "0.275919920145221" "beta :"           
[43] "1"                
[1] 8485974
[1] 8483724
[1] 8484199
 [1] "sigma:"            "0.99"              "0.99"             
 [4] "0.99"              "0.99"              "0.99"             
 [7] "0.99"              "0.99"              "0.99"             
[10] "0.99"              "0.99"              "0.99"             
[13] "0.99"              "0.99"              "0.99"             
[16] "0.99"              "0.99"              "0.99"             
[19] "0.99"              "0.99"              "0.99"             
[22] "0.99"              "0.99"              "0.275919920145221"
[25] "0.275919920145221" "0.275919920145221" "0.275919920145221"
[28] "0.275919920145221" "0.275919920145221" "0.275919920145221"
[31] "0.275919920145221" "0.275919920145221" "0.275919920145221"
[34] "0.275919920145221" "0.275919920145221" "0.275919920145221"
[37] "0.275919920145221" "0.275919920145221" "0.275919920145221"
[40] "0.275919920145221" "0.275919920145221" "beta :"           
[43] "1"                
[1] " old Likelihood:  -8483733.94531664"
[1] "New Likelihood:  -8483723.75281115"
iter:  0  f-value:  25841.75  pgrad:  0.5030286 
iter:  10  f-value:  25841.74  pgrad:  0.447515 
iter:  20  f-value:  25841.73  pgrad:  0.4454585 
iter:  30  f-value:  25841.73  pgrad:  0.4259346 
  Unsuccessful convergence.
Time difference of 8.595153 mins
[1] "maxIt: 20"
[1] "It: 15"
 [1] "sigma:"            "0.99"              "0.99"             
 [4] "0.99"              "0.99"              "0.99"             
 [7] "0.99"              "0.99"              "0.99"             
[10] "0.99"              "0.99"              "0.99"             
[13] "0.99"              "0.99"              "0.99"             
[16] "0.99"              "0.99"              "0.99"             
[19] "0.99"              "0.99"              "0.99"             
[22] "0.99"              "0.99"              "0.278785990943022"
[25] "0.278785990943022" "0.278785990943022" "0.278785990943022"
[28] "0.278785990943022" "0.278785990943022" "0.278785990943022"
[31] "0.278785990943022" "0.278785990943022" "0.278785990943022"
[34] "0.278785990943022" "0.278785990943022" "0.278785990943022"
[37] "0.278785990943022" "0.278785990943022" "0.278785990943022"
[40] "0.278785990943022" "0.278785990943022" "beta :"           
[43] "1"                
[1] 8485959
[1] 8483717
[1] 8484199
 [1] "sigma:"            "0.99"              "0.99"             
 [4] "0.99"              "0.99"              "0.99"             
 [7] "0.99"              "0.99"              "0.99"             
[10] "0.99"              "0.99"              "0.99"             
[13] "0.99"              "0.99"              "0.99"             
[16] "0.99"              "0.99"              "0.99"             
[19] "0.99"              "0.99"              "0.99"             
[22] "0.99"              "0.99"              "0.278785990943022"
[25] "0.278785990943022" "0.278785990943022" "0.278785990943022"
[28] "0.278785990943022" "0.278785990943022" "0.278785990943022"
[31] "0.278785990943022" "0.278785990943022" "0.278785990943022"
[34] "0.278785990943022" "0.278785990943022" "0.278785990943022"
[37] "0.278785990943022" "0.278785990943022" "0.278785990943022"
[40] "0.278785990943022" "0.278785990943022" "beta :"           
[43] "1"                
[1] " old Likelihood:  -8483723.75281115"
[1] "New Likelihood:  -8483716.90784242"
iter:  0  f-value:  25803.66  pgrad:  0.5059803 
iter:  10  f-value:  25803.65  pgrad:  0.4418471 
iter:  20  f-value:  25803.65  pgrad:  0.4939824 
iter:  30  f-value:  25803.65  pgrad:  0.4390616 
  Unsuccessful convergence.
Time difference of 8.606521 mins
[1] "maxIt: 20"
[1] "It: 16"
 [1] "sigma:"            "0.99"              "0.99"             
 [4] "0.99"              "0.99"              "0.99"             
 [7] "0.99"              "0.99"              "0.99"             
[10] "0.99"              "0.99"              "0.99"             
[13] "0.99"              "0.99"              "0.99"             
[16] "0.99"              "0.99"              "0.99"             
[19] "0.99"              "0.99"              "0.99"             
[22] "0.99"              "0.99"              "0.280522010601896"
[25] "0.280522010601896" "0.280522010601896" "0.280522010601896"
[28] "0.280522010601896" "0.280522010601896" "0.280522010601896"
[31] "0.280522010601896" "0.280522010601896" "0.280522010601896"
[34] "0.280522010601896" "0.280522010601896" "0.280522010601896"
[37] "0.280522010601896" "0.280522010601896" "0.280522010601896"
[40] "0.280522010601896" "0.280522010601896" "beta :"           
[43] "1"                
[1] 8485951
[1] 8483712
[1] 8484196
 [1] "sigma:"            "0.99"              "0.99"             
 [4] "0.99"              "0.99"              "0.99"             
 [7] "0.99"              "0.99"              "0.99"             
[10] "0.99"              "0.99"              "0.99"             
[13] "0.99"              "0.99"              "0.99"             
[16] "0.99"              "0.99"              "0.99"             
[19] "0.99"              "0.99"              "0.99"             
[22] "0.99"              "0.99"              "0.280522010601896"
[25] "0.280522010601896" "0.280522010601896" "0.280522010601896"
[28] "0.280522010601896" "0.280522010601896" "0.280522010601896"
[31] "0.280522010601896" "0.280522010601896" "0.280522010601896"
[34] "0.280522010601896" "0.280522010601896" "0.280522010601896"
[37] "0.280522010601896" "0.280522010601896" "0.280522010601896"
[40] "0.280522010601896" "0.280522010601896" "beta :"           
[43] "1"                
[1] " old Likelihood:  -8483716.90784242"
[1] "New Likelihood:  -8483712.39412597"
iter:  0  f-value:  25777.55  pgrad:  0.5060443 
iter:  10  f-value:  25777.54  pgrad:  0.4383252 
iter:  20  f-value:  25777.54  pgrad:  0.4904376 
iter:  30  f-value:  25777.54  pgrad:  0.4355574 
  Unsuccessful convergence.
Time difference of 8.596382 mins
[1] "maxIt: 20"
[1] "It: 17"
 [1] "sigma:"            "0.99"              "0.99"             
 [4] "0.99"              "0.99"              "0.99"             
 [7] "0.99"              "0.99"              "0.99"             
[10] "0.99"              "0.99"              "0.99"             
[13] "0.99"              "0.99"              "0.99"             
[16] "0.99"              "0.99"              "0.99"             
[19] "0.99"              "0.99"              "0.99"             
[22] "0.99"              "0.99"              "0.282899022782114"
[25] "0.282899022782114" "0.282899022782114" "0.282899022782114"
[28] "0.282899022782114" "0.282899022782114" "0.282899022782114"
[31] "0.282899022782114" "0.282899022782114" "0.282899022782114"
[34] "0.282899022782114" "0.282899022782114" "0.282899022782114"
[37] "0.282899022782114" "0.282899022782114" "0.282899022782114"
[40] "0.282899022782114" "0.282899022782114" "beta :"           
[43] "1"                
[1] 8485943
[1] 8483708
[1] 8484195
 [1] "sigma:"            "0.99"              "0.99"             
 [4] "0.99"              "0.99"              "0.99"             
 [7] "0.99"              "0.99"              "0.99"             
[10] "0.99"              "0.99"              "0.99"             
[13] "0.99"              "0.99"              "0.99"             
[16] "0.99"              "0.99"              "0.99"             
[19] "0.99"              "0.99"              "0.99"             
[22] "0.99"              "0.99"              "0.282899022782114"
[25] "0.282899022782114" "0.282899022782114" "0.282899022782114"
[28] "0.282899022782114" "0.282899022782114" "0.282899022782114"
[31] "0.282899022782114" "0.282899022782114" "0.282899022782114"
[34] "0.282899022782114" "0.282899022782114" "0.282899022782114"
[37] "0.282899022782114" "0.282899022782114" "0.282899022782114"
[40] "0.282899022782114" "0.282899022782114" "beta :"           
[43] "1"                
[1] " old Likelihood:  -8483712.39412597"
[1] "New Likelihood:  -8483708.05065139"
iter:  0  f-value:  25739.39  pgrad:  0.5061236 
iter:  10  f-value:  25739.38  pgrad:  0.4337249 
iter:  20  f-value:  25739.38  pgrad:  0.4310286 
iter:  30  f-value:  25739.38  pgrad:  0.5061849 
  Unsuccessful convergence.
Time difference of 8.604115 mins
[1] "maxIt: 20"
[1] "It: 18"
 [1] "sigma:"            "0.99"              "0.99"             
 [4] "0.99"              "0.99"              "0.99"             
 [7] "0.99"              "0.99"              "0.99"             
[10] "0.99"              "0.99"              "0.99"             
[13] "0.99"              "0.99"              "0.99"             
[16] "0.99"              "0.99"              "0.99"             
[19] "0.99"              "0.99"              "0.99"             
[22] "0.99"              "0.99"              "0.284981975793305"
[25] "0.284981975793305" "0.284981975793305" "0.284981975793305"
[28] "0.284981975793305" "0.284981975793305" "0.284981975793305"
[31] "0.284981975793305" "0.284981975793305" "0.284981975793305"
[34] "0.284981975793305" "0.284981975793305" "0.284981975793305"
[37] "0.284981975793305" "0.284981975793305" "0.284981975793305"
[40] "0.284981975793305" "0.284981975793305" "beta :"           
[43] "1"                
[1] 8485935
[1] 8483705
[1] 8484194
 [1] "sigma:"            "0.99"              "0.99"             
 [4] "0.99"              "0.99"              "0.99"             
 [7] "0.99"              "0.99"              "0.99"             
[10] "0.99"              "0.99"              "0.99"             
[13] "0.99"              "0.99"              "0.99"             
[16] "0.99"              "0.99"              "0.99"             
[19] "0.99"              "0.99"              "0.99"             
[22] "0.99"              "0.99"              "0.284981975793305"
[25] "0.284981975793305" "0.284981975793305" "0.284981975793305"
[28] "0.284981975793305" "0.284981975793305" "0.284981975793305"
[31] "0.284981975793305" "0.284981975793305" "0.284981975793305"
[34] "0.284981975793305" "0.284981975793305" "0.284981975793305"
[37] "0.284981975793305" "0.284981975793305" "0.284981975793305"
[40] "0.284981975793305" "0.284981975793305" "beta :"           
[43] "1"                
[1] " old Likelihood:  -8483708.05065139"
[1] "New Likelihood:  -8483704.53798116"
iter:  0  f-value:  25704.23  pgrad:  0.5097603 
iter:  10  f-value:  25704.23  pgrad:  0.4295942 
iter:  20  f-value:  25704.22  pgrad:  0.4269039 
iter:  30  f-value:  25704.22  pgrad:  0.3255263 
  Unsuccessful convergence.
Time difference of 8.631011 mins
[1] "maxIt: 20"
[1] "It: 19"
 [1] "sigma:"            "0.99"              "0.99"             
 [4] "0.99"              "0.99"              "0.99"             
 [7] "0.99"              "0.99"              "0.99"             
[10] "0.99"              "0.99"              "0.99"             
[13] "0.99"              "0.99"              "0.99"             
[16] "0.99"              "0.99"              "0.99"             
[19] "0.99"              "0.99"              "0.99"             
[22] "0.99"              "0.99"              "0.287131235307396"
[25] "0.287131235307396" "0.287131235307396" "0.287131235307396"
[28] "0.287131235307396" "0.287131235307396" "0.287131235307396"
[31] "0.287131235307396" "0.287131235307396" "0.287131235307396"
[34] "0.287131235307396" "0.287131235307396" "0.287131235307396"
[37] "0.287131235307396" "0.287131235307396" "0.287131235307396"
[40] "0.287131235307396" "0.287131235307396" "beta :"           
[43] "1"                
[1] 8485928
[1] 8483701
[1] 8484193
 [1] "sigma:"            "0.99"              "0.99"             
 [4] "0.99"              "0.99"              "0.99"             
 [7] "0.99"              "0.99"              "0.99"             
[10] "0.99"              "0.99"              "0.99"             
[13] "0.99"              "0.99"              "0.99"             
[16] "0.99"              "0.99"              "0.99"             
[19] "0.99"              "0.99"              "0.99"             
[22] "0.99"              "0.99"              "0.287131235307396"
[25] "0.287131235307396" "0.287131235307396" "0.287131235307396"
[28] "0.287131235307396" "0.287131235307396" "0.287131235307396"
[31] "0.287131235307396" "0.287131235307396" "0.287131235307396"
[34] "0.287131235307396" "0.287131235307396" "0.287131235307396"
[37] "0.287131235307396" "0.287131235307396" "0.287131235307396"
[40] "0.287131235307396" "0.287131235307396" "beta :"           
[43] "1"                
[1] " old Likelihood:  -8483704.53798116"
[1] "New Likelihood:  -8483701.37555692"
iter:  0  f-value:  25667.26  pgrad:  0.5098657 
iter:  10  f-value:  25667.26  pgrad:  0.4253122 
iter:  20  f-value:  25667.25  pgrad:  0.4228214 
iter:  30  f-value:  25667.25  pgrad:  0.4221668 
  Unsuccessful convergence.
Time difference of 8.620363 mins
[1] "maxIt: 20"
[1] "It: 20"
 [1] "sigma:"            "0.99"              "0.99"             
 [4] "0.99"              "0.99"              "0.99"             
 [7] "0.99"              "0.99"              "0.99"             
[10] "0.99"              "0.99"              "0.99"             
[13] "0.99"              "0.99"              "0.99"             
[16] "0.99"              "0.99"              "0.99"             
[19] "0.99"              "0.99"              "0.99"             
[22] "0.99"              "0.99"              "0.289011286968191"
[25] "0.289011286968191" "0.289011286968191" "0.289011286968191"
[28] "0.289011286968191" "0.289011286968191" "0.289011286968191"
[31] "0.289011286968191" "0.289011286968191" "0.289011286968191"
[34] "0.289011286968191" "0.289011286968191" "0.289011286968191"
[37] "0.289011286968191" "0.289011286968191" "0.289011286968191"
[40] "0.289011286968191" "0.289011286968191" "beta :"           
[43] "1"                
[1] 8485922
[1] 8483699
[1] 8484193
 [1] "sigma:"            "0.99"              "0.99"             
 [4] "0.99"              "0.99"              "0.99"             
 [7] "0.99"              "0.99"              "0.99"             
[10] "0.99"              "0.99"              "0.99"             
[13] "0.99"              "0.99"              "0.99"             
[16] "0.99"              "0.99"              "0.99"             
[19] "0.99"              "0.99"              "0.99"             
[22] "0.99"              "0.99"              "0.289011286968191"
[25] "0.289011286968191" "0.289011286968191" "0.289011286968191"
[28] "0.289011286968191" "0.289011286968191" "0.289011286968191"
[31] "0.289011286968191" "0.289011286968191" "0.289011286968191"
[34] "0.289011286968191" "0.289011286968191" "0.289011286968191"
[37] "0.289011286968191" "0.289011286968191" "0.289011286968191"
[40] "0.289011286968191" "0.289011286968191" "beta :"           
[43] "1"                
[1] " old Likelihood:  -8483701.37555692"
[1] "New Likelihood:  -8483698.72570978"
iter:  0  f-value:  25633.86  pgrad:  0.5099385 
iter:  10  f-value:  25633.86  pgrad:  0.4215641 
iter:  20  f-value:  25633.86  pgrad:  0.4193171 
iter:  30  f-value:  25633.85  pgrad:  0.4188195 
  Unsuccessful convergence.
Time difference of 8.593104 mins
 [1] "sigma:"            "0.99"              "0.99"             
 [4] "0.99"              "0.99"              "0.99"             
 [7] "0.99"              "0.99"              "0.99"             
[10] "0.99"              "0.99"              "0.99"             
[13] "0.99"              "0.99"              "0.99"             
[16] "0.99"              "0.99"              "0.99"             
[19] "0.99"              "0.99"              "0.99"             
[22] "0.99"              "0.99"              "0.290750380803324"
[25] "0.290750380803324" "0.290750380803324" "0.290750380803324"
[28] "0.290750380803324" "0.290750380803324" "0.290750380803324"
[31] "0.290750380803324" "0.290750380803324" "0.290750380803324"
[34] "0.290750380803324" "0.290750380803324" "0.290750380803324"
[37] "0.290750380803324" "0.290750380803324" "0.290750380803324"
[40] "0.290750380803324" "0.290750380803324" "beta :"           
[43] "1"                
[1] 1998860 1999504 1999776 1999276 1999986
[1] 1 1 1 1 1
saved RDS
inference successful
