[1] "Original length"
[1] 999996
[1] "Final length"
[1] 17362
[1] "sequence length : 999997" "sequence length : 999586"
[3] "sequence length : 999868" "sequence length : 999993"
[5] "sequence length : 999961"
[1] "former Rho:"
[1] 1326.445 1326.030 1385.592 1145.122 1576.188
[1] "old mu :"
[1] 0.0006632244 0.0006632896 0.0006928872 0.0005725650 0.0007881249
[1] "new mu :"
[1] 0.0006760182
[1] "new Rho:"
[1] 1352.032 1351.477 1351.858 1352.027 1351.984
[1] 1 1 1 1 1
[1] "Beta: 1"
[1] "Self: 0"
[1] 1
[1] "Rho"
[1] 1352.032 1351.477 1351.858 1352.027 1351.984
[1] "It: 1"
[1] "sigma:" "0"      "beta :" "1"     
[1] "rho/theta:" "1"         
[1] "sigma:" "0"      "beta :" "1"     
[1] "rho/theta:" "1"         
Time difference of 1.548461 secs
[1] "New Likelihood:  -9324275.43071662"
[1] 4999400
[1] 4999405
iter:  0  f-value:  37112.13  pgrad:  0.5 
iter:  10  f-value:  37106.37  pgrad:  0.989427 
iter:  20  f-value:  37103.9  pgrad:  0.943182 
iter:  30  f-value:  37103.55  pgrad:  0.9349347 
  Unsuccessful convergence.
[1] 0.06568666
 [1] "Xi: 0.502412690143486" "Xi: 0.503249792853889" "Xi: 0.504415095743319"
 [4] "Xi: 0.504800976624184" "Xi: 0.505599885059089" "Xi: 0.506669095977704"
 [7] "Xi: 0.505052281199865" "Xi: 0.496760052978104" "Xi: 0.49909160677622" 
[10] "Xi: 0.506722353429135" "Xi: 0.511610136853266" "Xi: 0.51290026837328" 
[13] "Xi: 0.512079385243148" "Xi: 0.510330070652132" "Xi: 0.508384018127075"
[16] "Xi: 0.506579690327031" "Xi: 0.505224270585574" "Xi: 0.50443002129836" 
[19] "Xi: 0.503925429500466" "Xi: 0.503380986946852"
Time difference of 8.115226 mins
[1] "Rho"
[1] 1352.032 1351.477 1351.858 1352.027 1351.984
[1] "It: 2"
[1] "sigma:"             "0.0650297906910231" "beta :"            
[4] "1"                 
[1] "rho/theta:" "1"         
Time difference of 1.555528 secs
[1] " old Likelihood:  -9324275.43071662"
[1] "New Likelihood:  -9321929.71051689"
[1] 4999400
[1] 4999405
iter:  0  f-value:  36719.05  pgrad:  0.9343133 
iter:  10  f-value:  36716.57  pgrad:  0.91436 
iter:  20  f-value:  36715.33  pgrad:  0.8760204 
iter:  30  f-value:  36715.21  pgrad:  0.8710855 
  Unsuccessful convergence.
[1] 0.1289877
 [1] "Xi: 0.503837795115108" "Xi: 0.505137323283725" "Xi: 0.508322712197219"
 [4] "Xi: 0.509862206550245" "Xi: 0.511710937715746" "Xi: 0.514328016266073"
 [7] "Xi: 0.511277317588652" "Xi: 0.494675440872473" "Xi: 0.496826850936448"
[10] "Xi: 0.509572857290632" "Xi: 0.518489613383633" "Xi: 0.521119115388659"
[13] "Xi: 0.519981505762941" "Xi: 0.517228837057582" "Xi: 0.514169792217461"
[16] "Xi: 0.511355930383464" "Xi: 0.509249558174333" "Xi: 0.508124643319005"
[19] "Xi: 0.50739995427395"  "Xi: 0.50649154917299" 
Time difference of 4.550126 mins
[1] "Rho"
[1] 1352.032 1351.477 1351.858 1352.027 1351.984
[1] "It: 3"
[1] "sigma:"            "0.127697785328181" "beta :"           
[4] "1"                
[1] "rho/theta:" "1"         
Time difference of 1.569853 secs
[1] " old Likelihood:  -9321929.71051689"
[1] "New Likelihood:  -9320742.54903563"
[1] 4999400
[1] 4999405
iter:  0  f-value:  35947.52  pgrad:  0.8710123 
iter:  10  f-value:  35946.17  pgrad:  0.8526558 
iter:  20  f-value:  35945.42  pgrad:  0.8305119 
iter:  30  f-value:  35945.25  pgrad:  0.5059616 
  Unsuccessful convergence.
[1] 0.1826274
 [1] "Xi: 0.504707193123505" "Xi: 0.506278917230102" "Xi: 0.510640918119246"
 [4] "Xi: 0.512933953707304" "Xi: 0.515795160675856" "Xi: 0.520058418645469"
 [7] "Xi: 0.516555018722639" "Xi: 0.494175682561875" "Xi: 0.494046373127751"
[10] "Xi: 0.510236652772913" "Xi: 0.522515298521707" "Xi: 0.526373475168388"
[13] "Xi: 0.525159956153652" "Xi: 0.521778270054205" "Xi: 0.517983961842143"
[16] "Xi: 0.514696050774462" "Xi: 0.51221075316495"  "Xi: 0.51101682284167" 
[19] "Xi: 0.510240898737982" "Xi: 0.509077457987637"
Time difference of 4.557045 mins
[1] "Rho"
[1] 1352.032 1351.477 1351.858 1352.027 1351.984
[1] "It: 4"
[1] "sigma:"            "0.180801121536069" "beta :"           
[4] "1"                
[1] "rho/theta:" "1"         
Time difference of 1.580829 secs
[1] " old Likelihood:  -9320742.54903563"
[1] "New Likelihood:  -9319966.41149641"
[1] 4999400
[1] 4999405
iter:  0  f-value:  35093.83  pgrad:  0.8173726 
iter:  10  f-value:  35092.57  pgrad:  0.7950089 
iter:  20  f-value:  35092.13  pgrad:  0.7776583 
iter:  30  f-value:  35092.09  pgrad:  0.7736338 
  Unsuccessful convergence.
[1] 0.2264877
 [1] "Xi: 0.505086411861889" "Xi: 0.506772616238213" "Xi: 0.511640304564196"
 [4] "Xi: 0.514395053293732" "Xi: 0.518107230874519" "Xi: 0.523831416345721"
 [7] "Xi: 0.520539326719671" "Xi: 0.495187748572789" "Xi: 0.491787146378317"
[10] "Xi: 0.509909923426369" "Xi: 0.524968849988303" "Xi: 0.529897751840143"
[13] "Xi: 0.528669258663824" "Xi: 0.524872078124988" "Xi: 0.520652812808714"
[16] "Xi: 0.517021177849026" "Xi: 0.514346695433495" "Xi: 0.513230230658298"
[19] "Xi: 0.512522639633095" "Xi: 0.511151478653754"
Time difference of 4.560348 mins
[1] "Rho"
[1] 1352.032 1351.477 1351.858 1352.027 1351.984
[1] "It: 5"
[1] "sigma:"            "0.224222814005123" "beta :"           
[4] "1"                
[1] "rho/theta:" "1"         
Time difference of 1.562812 secs
[1] " old Likelihood:  -9319966.41149641"
[1] "New Likelihood:  -9319368.25432414"
[1] 4999400
[1] 4999405
iter:  0  f-value:  34280.67  pgrad:  0.7735123 
iter:  10  f-value:  34279.71  pgrad:  0.7574604 
iter:  20  f-value:  34279.14  pgrad:  0.7347384 
iter:  30  f-value:  34279.13  pgrad:  0.7335342 
  Unsuccessful convergence.
[1] 0.2664982
 [1] "Xi: 0.505463022061374" "Xi: 0.507260618472308" "Xi: 0.51262851523135" 
 [4] "Xi: 0.515796055193146" "Xi: 0.520284699911692" "Xi: 0.527372416917253"
 [7] "Xi: 0.524532048768205" "Xi: 0.497442827097904" "Xi: 0.490405799905699"
[10] "Xi: 0.509624347379646" "Xi: 0.526981825259384" "Xi: 0.532754228945581"
[13] "Xi: 0.531461050671455" "Xi: 0.527302086528954" "Xi: 0.522752647979405"
[16] "Xi: 0.518883153214281" "Xi: 0.516110665418703" "Xi: 0.515153307761006"
[19] "Xi: 0.514566029201809" "Xi: 0.513018560270036"
Time difference of 4.553839 mins
[1] "Rho"
[1] 1352.032 1351.477 1351.858 1352.027 1351.984
[1] "It: 6"
[1] "sigma:"            "0.263833259683629" "beta :"           
[4] "1"                
[1] "rho/theta:" "1"         
Time difference of 1.554072 secs
[1] " old Likelihood:  -9319368.25432414"
[1] "New Likelihood:  -9318816.13935987"
[1] 4999400
[1] 4999405
iter:  0  f-value:  33457.11  pgrad:  0.7335018 
iter:  10  f-value:  33456.08  pgrad:  0.7160173 
iter:  20  f-value:  33455.71  pgrad:  0.7018008 
iter:  30  f-value:  33455.66  pgrad:  0.4984954 
  Unsuccessful convergence.
[1] 0.303724
 [1] "Xi: 0.506109305976762" "Xi: 0.508092477743776" "Xi: 0.514310761821814"
 [4] "Xi: 0.518346039257017" "Xi: 0.524486115701918" "Xi: 0.534374468453717"
 [7] "Xi: 0.532444710207183" "Xi: 0.502533563416777" "Xi: 0.490600883114007"
[10] "Xi: 0.509912543196162" "Xi: 0.528960635185676" "Xi: 0.535407719646185"
[13] "Xi: 0.533772160431972" "Xi: 0.529300659640851" "Xi: 0.524533081558124"
[16] "Xi: 0.520498926301193" "Xi: 0.517607091111106" "Xi: 0.516776230159534"
[19] "Xi: 0.516440726582472" "Xi: 0.515124018166192"
Time difference of 4.552854 mins
[1] "Rho"
[1] 1352.032 1351.477 1351.858 1352.027 1351.984
[1] "It: 7"
[1] "sigma:"           "0.30068674743391" "beta :"           "1"               
[1] "rho/theta:" "1"         
Time difference of 1.651347 secs
[1] " old Likelihood:  -9318816.13935987"
[1] "New Likelihood:  -9318283.25951208"
[1] 4999400
[1] 4999405
iter:  0  f-value:  32626.88  pgrad:  0.696276 
iter:  10  f-value:  32625.94  pgrad:  0.6812661 
iter:  20  f-value:  32626.35  pgrad:  0.6637516 
iter:  30  f-value:  32625.52  pgrad:  0.6627514 
  Unsuccessful convergence.
[1] 0.3372608
 [1] "Xi: 0.506691356414347" "Xi: 0.508839885729085" "Xi: 0.515801400608688"
 [4] "Xi: 0.520201902227581" "Xi: 0.527021987993866" "Xi: 0.538082024894778"
 [7] "Xi: 0.536662676281765" "Xi: 0.50605995172441"  "Xi: 0.490643603832685"
[10] "Xi: 0.510082206833552" "Xi: 0.530694259473748" "Xi: 0.537680828623526"
[13] "Xi: 0.535882178248968" "Xi: 0.531057631270416" "Xi: 0.526019895294945"
[16] "Xi: 0.521820146329311" "Xi: 0.518897969142274" "Xi: 0.518289991094306"
[19] "Xi: 0.518127455964005" "Xi: 0.516655507095422"
Time difference of 4.562343 mins
[1] "Rho"
[1] 1352.032 1351.477 1351.858 1352.027 1351.984
[1] "It: 8"
[1] "sigma:"            "0.333888223265721" "beta :"           
[4] "1"                
[1] "rho/theta:" "1"         
Time difference of 1.572532 secs
[1] " old Likelihood:  -9318283.25951208"
[1] "New Likelihood:  -9317786.81109597"
[1] 4999400
[1] 4999405
iter:  0  f-value:  31832.47  pgrad:  0.6627392 
iter:  10  f-value:  31831.46  pgrad:  0.6460134 
iter:  20  f-value:  31831.2  pgrad:  0.6331296 
iter:  30  f-value:  31831.18  pgrad:  0.5326809 
  Unsuccessful convergence.
[1] 0.368324
 [1] "Xi: 0.507341791004919" "Xi: 0.509665643792024" "Xi: 0.51741161697283" 
 [4] "Xi: 0.522257238700133" "Xi: 0.529879118975467" "Xi: 0.542323408001441"
 [7] "Xi: 0.541571634387241" "Xi: 0.510555496487753" "Xi: 0.491556114589895"
[10] "Xi: 0.510605759145511" "Xi: 0.532452885430038" "Xi: 0.53985684669501" 
[13] "Xi: 0.537842707901546" "Xi: 0.532673465545781" "Xi: 0.527370464002388"
[16] "Xi: 0.522992000319961" "Xi: 0.52004179267391"  "Xi: 0.519665865024258"
[19] "Xi: 0.519694166827655" "Xi: 0.518063664502463"
Time difference of 4.563491 mins
[1] "Rho"
[1] 1352.032 1351.477 1351.858 1352.027 1351.984
[1] "It: 9"
[1] "sigma:"            "0.364640746151462" "beta :"           
[4] "1"                
[1] "rho/theta:" "1"         
Time difference of 1.56603 secs
[1] " old Likelihood:  -9317786.81109597"
[1] "New Likelihood:  -9317312.0704772"
[1] 4999400
[1] 4999405
iter:  0  f-value:  31058.52  pgrad:  0.631676 
iter:  10  f-value:  31057.5  pgrad:  0.6143623 
iter:  20  f-value:  31057.31  pgrad:  0.6033062 
iter:  30  f-value:  31057.3  pgrad:  0.5075123 
  Unsuccessful convergence.
[1] 0.3968459
 [1] "Xi: 0.507935747071089" "Xi: 0.510419573188921" "Xi: 0.518843957042815"
 [4] "Xi: 0.524009097627443" "Xi: 0.53219334851635"  "Xi: 0.545620017666116"
 [7] "Xi: 0.545397887615151" "Xi: 0.514449721181084" "Xi: 0.492493675655482"
[10] "Xi: 0.511082262595096" "Xi: 0.534097689275534" "Xi: 0.541886577915055"
[13] "Xi: 0.539652651474452" "Xi: 0.534124812338559" "Xi: 0.528562836770767"
[16] "Xi: 0.524026234804139" "Xi: 0.521048054125118" "Xi: 0.520907882823794"
[19] "Xi: 0.521128871955587" "Xi: 0.519346257583121"
Time difference of 4.56506 mins
[1] "Rho"
[1] 1352.032 1351.477 1351.858 1352.027 1351.984
[1] "It: 10"
[1] "sigma:"            "0.392877397576793" "beta :"           
[4] "1"                
[1] "rho/theta:" "1"         
Time difference of 1.575933 secs
[1] " old Likelihood:  -9317312.0704772"
[1] "New Likelihood:  -9316863.37118405"
[1] 4999400
[1] 4999405
iter:  0  f-value:  30313.18  pgrad:  0.6031541 
iter:  10  f-value:  30312.16  pgrad:  0.585579 
iter:  20  f-value:  30312.02  pgrad:  0.5297411 
iter:  30  f-value:  30312.01  pgrad:  0.4824324 
  Unsuccessful convergence.
[1] 0.4233331
 [1] "Xi: 0.508573098654774" "Xi: 0.511225200338376" "Xi: 0.520348839062865"
 [4] "Xi: 0.525880654087489" "Xi: 0.534690490548836" "Xi: 0.549214030698253"
 [7] "Xi: 0.549612156030984" "Xi: 0.518929686776819" "Xi: 0.494005697664546"
[10] "Xi: 0.511774472645155" "Xi: 0.535744221328247" "Xi: 0.543856723262971"
[13] "Xi: 0.541401994782931" "Xi: 0.535496223263761" "Xi: 0.52967629092992" 
[16] "Xi: 0.524974624037744" "Xi: 0.521958226545518" "Xi: 0.522050330690365"
[19] "Xi: 0.522467051499348" "Xi: 0.520543241483882"
Time difference of 4.571428 mins
[1] "Rho"
[1] 1352.032 1351.477 1351.858 1352.027 1351.984
[1] "It: 11"
[1] "sigma:"           "0.41909980528411" "beta :"           "1"               
[1] "rho/theta:" "1"         
Time difference of 1.571063 secs
[1] " old Likelihood:  -9316863.37118405"
[1] "New Likelihood:  -9316436.90552464"
[1] 4999400
[1] 4999405
iter:  0  f-value:  29593.19  pgrad:  0.5766669 
iter:  10  f-value:  29592.2  pgrad:  0.5590668 
iter:  20  f-value:  29592.1  pgrad:  0.5524856 
iter:  30  f-value:  29592.09  pgrad:  0.5430862 
  Unsuccessful convergence.
[1] 0.4479329
 [1] "Xi: 0.509299837214031" "Xi: 0.512139580482797" "Xi: 0.522036008538072"
 [4] "Xi: 0.528049801848865" "Xi: 0.537655338890795" "Xi: 0.553567923879057"
 [7] "Xi: 0.554729851079351" "Xi: 0.524386408040178" "Xi: 0.496087666096788"
[10] "Xi: 0.512590165959142" "Xi: 0.537332604469471" "Xi: 0.545746271757305"
[13] "Xi: 0.543086197541176" "Xi: 0.536745350020522" "Xi: 0.530627189004408"
[16] "Xi: 0.525855061011365" "Xi: 0.522766723759966" "Xi: 0.523155308769828"
[19] "Xi: 0.523742367954703" "Xi: 0.521654511729887"
Time difference of 4.565924 mins
[1] "Rho"
[1] 1352.032 1351.477 1351.858 1352.027 1351.984
[1] "It: 12"
[1] "sigma:"            "0.443453582414929" "beta :"           
[4] "1"                
[1] "rho/theta:" "1"         
Time difference of 1.583482 secs
[1] " old Likelihood:  -9316436.90552464"
[1] "New Likelihood:  -9316032.30115184"
[1] 4999400
[1] 4999405
iter:  0  f-value:  28898.89  pgrad:  0.5520671 
iter:  10  f-value:  28897.92  pgrad:  0.5347894 
iter:  20  f-value:  28897.86  pgrad:  0.5250599 
iter:  30  f-value:  28897.85  pgrad:  0.502187 
  Unsuccessful convergence.
[1] 0.4707474
 [1] "Xi: 0.509928740656928" "Xi: 0.512926689650596" "Xi: 0.523454123011906"
 [4] "Xi: 0.529768450641199" "Xi: 0.539856053244376" "Xi: 0.55661846301218" 
 [7] "Xi: 0.558264395553596" "Xi: 0.528402235174317" "Xi: 0.497827999972246"
[10] "Xi: 0.513242446394309" "Xi: 0.538792076470948" "Xi: 0.547530717139998"
[13] "Xi: 0.544665287728032" "Xi: 0.537997444938668" "Xi: 0.531624048522955"
[16] "Xi: 0.526672544896807" "Xi: 0.523516845410416" "Xi: 0.524120895612774"
[19] "Xi: 0.524903185788631" "Xi: 0.522650023773377"
Time difference of 4.564867 mins
[1] "Rho"
[1] 1352.032 1351.477 1351.858 1352.027 1351.984
[1] "It: 13"
[1] "sigma:"            "0.466039914448844" "beta :"           
[4] "1"                
[1] "rho/theta:" "1"         
Time difference of 1.566555 secs
[1] " old Likelihood:  -9316032.30115184"
[1] "New Likelihood:  -9315652.3538437"
[1] 4999400
[1] 4999405
iter:  0  f-value:  28233.32  pgrad:  0.5446653 
iter:  10  f-value:  28232.39  pgrad:  0.5123746 
iter:  20  f-value:  28232.35  pgrad:  0.5082536 
iter:  30  f-value:  28232.34  pgrad:  0.4685245 
  Unsuccessful convergence.
[1] 0.4919744
 [1] "Xi: 0.510566902412105" "Xi: 0.513719771321258" "Xi: 0.524894035884126"
 [4] "Xi: 0.531521605775566" "Xi: 0.542097056739597" "Xi: 0.559725415150861"
 [7] "Xi: 0.561879959477341" "Xi: 0.532605867165845" "Xi: 0.49990459955264" 
[10] "Xi: 0.513969220954727" "Xi: 0.540192747063842" "Xi: 0.549235394317231"
[13] "Xi: 0.546172644716952" "Xi: 0.539192042039042" "Xi: 0.532570355877629"
[16] "Xi: 0.527436320172827" "Xi: 0.524203275959067" "Xi: 0.525013861226406"
[19] "Xi: 0.525988495005653" "Xi: 0.523565294927737"
Time difference of 4.569408 mins
[1] "Rho"
[1] 1352.032 1351.477 1351.858 1352.027 1351.984
[1] "It: 14"
[1] "sigma:"            "0.487054609538255" "beta :"           
[4] "1"                
[1] "rho/theta:" "1"         
Time difference of 1.556664 secs
[1] " old Likelihood:  -9315652.3538437"
[1] "New Likelihood:  -9315294.74132657"
[1] 4999400
[1] 4999405
iter:  0  f-value:  27594.26  pgrad:  0.5461726 
iter:  10  f-value:  27593.38  pgrad:  0.4990673 
iter:  20  f-value:  27593.34  pgrad:  0.4982238 
iter:  30  f-value:  27593.33  pgrad:  0.4890535 
  Unsuccessful convergence.
[1] 0.511765
 [1] "Xi: 0.511333760270874" "Xi: 0.514669399114033" "Xi: 0.526652825088199"
 [4] "Xi: 0.533790980302266" "Xi: 0.545134472323815" "Xi: 0.564119600023894"
 [7] "Xi: 0.567015816848476" "Xi: 0.538391608563463" "Xi: 0.502477996183642"
[10] "Xi: 0.514813939715794" "Xi: 0.541534550968277" "Xi: 0.550864637554283"
[13] "Xi: 0.54763197044682"  "Xi: 0.540334822843003" "Xi: 0.533474053696866"
[16] "Xi: 0.52815540367052"  "Xi: 0.524833412676673" "Xi: 0.525841886831201"
[19] "Xi: 0.527008855266655" "Xi: 0.524424531890595"
Time difference of 4.563709 mins
[1] "Rho"
[1] 1352.032 1351.477 1351.858 1352.027 1351.984
[1] "It: 15"
[1] "sigma:"            "0.506647322106829" "beta :"           
[4] "1"                
[1] "rho/theta:" "1"         
Time difference of 1.581792 secs
[1] " old Likelihood:  -9315294.74132657"
[1] "New Likelihood:  -9314958.18417418"
[1] 4999400
[1] 4999405
iter:  0  f-value:  26980.94  pgrad:  0.547632 
iter:  10  f-value:  26980.11  pgrad:  0.4964959 
iter:  20  f-value:  26980.09  pgrad:  0.526609 
iter:  30  f-value:  26980.08  pgrad:  0.4579797 
  Unsuccessful convergence.
[1] 0.530153
 [1] "Xi: 0.51193556769549"  "Xi: 0.515407394931952" "Xi: 0.528032708075641"
 [4] "Xi: 0.535437208818192" "Xi: 0.547167306260394" "Xi: 0.56684539424057" 
 [7] "Xi: 0.570124676665117" "Xi: 0.542064739740035" "Xi: 0.504527994143769"
[10] "Xi: 0.515430969608175" "Xi: 0.542716109537722" "Xi: 0.55236611086185" 
[13] "Xi: 0.548981622293749" "Xi: 0.541416234837156" "Xi: 0.53433159985885" 
[16] "Xi: 0.52882836264431"  "Xi: 0.525404233802359" "Xi: 0.52660447307167" 
[19] "Xi: 0.527961642771783" "Xi: 0.525192954730333"
Time difference of 4.568904 mins
[1] "Rho"
[1] 1352.032 1351.477 1351.858 1352.027 1351.984
[1] "It: 16"
[1] "sigma:"            "0.524851443049645" "beta :"           
[4] "1"                
[1] "rho/theta:" "1"         
Time difference of 1.577743 secs
[1] " old Likelihood:  -9314958.18417418"
[1] "New Likelihood:  -9314644.36935269"
[1] 4999400
[1] 4999405
iter:  0  f-value:  26394.2  pgrad:  0.5489816 
iter:  10  f-value:  26393.42  pgrad:  0.4943781 
iter:  20  f-value:  26393.4  pgrad:  0.5273253 
iter:  30  f-value:  26393.4  pgrad:  0.4763933 
  Unsuccessful convergence.
[1] 0.5472657
 [1] "Xi: 0.512503243908308" "Xi: 0.516106620679208" "Xi: 0.529350223697555"
 [4] "Xi: 0.536981055405513" "Xi: 0.54903109103598"  "Xi: 0.569291540969589"
 [7] "Xi: 0.572909890936504" "Xi: 0.54541443286025"  "Xi: 0.506594177981391"
[10] "Xi: 0.51601255078531"  "Xi: 0.543808194711637" "Xi: 0.553789236436077"
[13] "Xi: 0.550267464697757" "Xi: 0.542450412258688" "Xi: 0.535151976903557"
[16] "Xi: 0.529463389870854" "Xi: 0.525926501087343" "Xi: 0.527309687226325"
[19] "Xi: 0.528852613067726" "Xi: 0.525894302998768"
Time difference of 4.566316 mins
[1] "Rho"
[1] 1352.032 1351.477 1351.858 1352.027 1351.984
[1] "It: 17"
[1] "sigma:"            "0.541793073460212" "beta :"           
[4] "1"                
[1] "rho/theta:" "1"         
Time difference of 1.559381 secs
[1] " old Likelihood:  -9314644.36935269"
[1] "New Likelihood:  -9314352.00727755"
[1] 4999400
[1] 4999405
iter:  0  f-value:  25833.8  pgrad:  0.5502675 
iter:  10  f-value:  25833.08  pgrad:  0.5432958 
iter:  20  f-value:  25833.06  pgrad:  0.5279657 
iter:  30  f-value:  25833.06  pgrad:  0.4913777 
  Unsuccessful convergence.
[1] 0.5632286
 [1] "Xi: 0.51308261571537"  "Xi: 0.516813875309052" "Xi: 0.530696885412586"
 [4] "Xi: 0.538587622389889" "Xi: 0.550980822690688" "Xi: 0.571873016536102"
 [7] "Xi: 0.575871286667029" "Xi: 0.549012397458829" "Xi: 0.508894617394101"
[10] "Xi: 0.516710961905058" "Xi: 0.54487962533454"  "Xi: 0.555152573244799"
[13] "Xi: 0.551498249663575" "Xi: 0.543443692576044" "Xi: 0.53594260560206" 
[16] "Xi: 0.530066000922466" "Xi: 0.526392784013293" "Xi: 0.527960097193219"
[19] "Xi: 0.529690222292238" "Xi: 0.526535163164522"
Time difference of 4.558768 mins
[1] "Rho"
[1] 1352.032 1351.477 1351.858 1352.027 1351.984
[1] "It: 18"
[1] "sigma:"            "0.557596306263421" "beta :"           
[4] "1"                
[1] "rho/theta:" "1"         
Time difference of 1.581048 secs
[1] " old Likelihood:  -9314352.00727755"
[1] "New Likelihood:  -9314079.70164838"
[1] 4999400
[1] 4999405
iter:  0  f-value:  25298.1  pgrad:  0.5514982 
iter:  10  f-value:  25297.43  pgrad:  0.5442795 
iter:  20  f-value:  25297.41  pgrad:  0.5268371 
iter:  30  f-value:  25297.41  pgrad:  0.4734466 
  Unsuccessful convergence.
[1] 0.5781441
 [1] "Xi: 0.513783867461351" "Xi: 0.517662907717667" "Xi: 0.532307698822638"
 [4] "Xi: 0.540657135355791" "Xi: 0.553611861653206" "Xi: 0.575539250427735"
 [7] "Xi: 0.58013067498018"  "Xi: 0.554096929910549" "Xi: 0.511774733585698"
[10] "Xi: 0.517601100623689" "Xi: 0.545909263252398" "Xi: 0.55645210264578" 
[13] "Xi: 0.55267349838952"  "Xi: 0.544408841693098" "Xi: 0.536688524234799"
[16] "Xi: 0.530661483324278" "Xi: 0.52681136055866"  "Xi: 0.528561902678291"
[19] "Xi: 0.530481153395439" "Xi: 0.527121054908091"
Time difference of 4.564016 mins
[1] "Rho"
[1] 1352.032 1351.477 1351.858 1352.027 1351.984
[1] "It: 19"
[1] "sigma:"            "0.572362680138573" "beta :"           
[4] "1"                
[1] "rho/theta:" "1"         
Time difference of 1.568847 secs
[1] " old Likelihood:  -9314079.70164838"
[1] "New Likelihood:  -9313826.43035704"
[1] 4999400
[1] 4999405
iter:  0  f-value:  24786.35  pgrad:  0.5526735 
iter:  10  f-value:  24785.72  pgrad:  0.5452129 
iter:  20  f-value:  24785.71  pgrad:  0.4865066 
iter:  30  f-value:  24785.71  pgrad:  0.4460526 
  Unsuccessful convergence.
[1] 0.5920044
 [1] "Xi: 0.514331062158943" "Xi: 0.518322824551013" "Xi: 0.533548416923427"
 [4] "Xi: 0.542174320751506" "Xi: 0.555399080751877" "Xi: 0.577836435221731"
 [7] "Xi: 0.582716404916506" "Xi: 0.557190203140294" "Xi: 0.513878779247804"
[10] "Xi: 0.518130742041995" "Xi: 0.546743634667814" "Xi: 0.55762328436763" 
[13] "Xi: 0.553759294757782" "Xi: 0.545296289508483" "Xi: 0.537410499859361"
[16] "Xi: 0.531204823664321" "Xi: 0.527213526475298" "Xi: 0.529125085645469"
[19] "Xi: 0.531221255997775" "Xi: 0.527649832056849"
Time difference of 4.555341 mins
[1] "Rho"
[1] 1352.032 1351.477 1351.858 1352.027 1351.984
[1] "It: 20"
[1] "sigma:"            "0.586084367297651" "beta :"           
[4] "1"                
[1] "rho/theta:" "1"         
Time difference of 1.576199 secs
[1] " old Likelihood:  -9313826.43035704"
[1] "New Likelihood:  -9313593.14389056"
[1] 4999400
[1] 4999405
iter:  0  f-value:  24300.08  pgrad:  0.5537593 
iter:  10  f-value:  24299.5  pgrad:  0.5460897 
iter:  20  f-value:  24299.49  pgrad:  0.4843139 
iter:  30  f-value:  24299.49  pgrad:  0.44638 
  Unsuccessful convergence.
[1] 0.6049269
 [1] "Xi: 0.514872371953223" "Xi: 0.51897487389441"  "Xi: 0.534770433804701"
 [4] "Xi: 0.543697995396002" "Xi: 0.557186354744218" "Xi: 0.580130230306785"
 [7] "Xi: 0.585308124449577" "Xi: 0.560305820095355" "Xi: 0.51609086384358" 
[10] "Xi: 0.518724072199309" "Xi: 0.547546023639724" "Xi: 0.558743319813892"
[13] "Xi: 0.55479553781857"  "Xi: 0.546155378339497" "Xi: 0.53810844625292" 
[16] "Xi: 0.531720216096511" "Xi: 0.527566666992936" "Xi: 0.5296427579553"  
[19] "Xi: 0.53191982920449"  "Xi: 0.528127573862928"
Time difference of 4.561571 mins
[1] "Rho"
[1] 1352.032 1351.477 1351.858 1352.027 1351.984
[1] "It: 21"
[1] "sigma:"           "0.59887759564231" "beta :"           "1"               
[1] "rho/theta:" "1"         
Time difference of 1.566795 secs
[1] " old Likelihood:  -9313593.14389056"
[1] "New Likelihood:  -9313377.93050497"
[1] 4999400
[1] 4999405
iter:  0  f-value:  23837.31  pgrad:  0.5547955 
iter:  10  f-value:  23836.78  pgrad:  0.5469222 
iter:  20  f-value:  23836.77  pgrad:  0.4821136 
iter:  30  f-value:  23836.76  pgrad:  0.4721042 
  Unsuccessful convergence.
[1] 0.6169762
 [1] "Xi: 0.515451786885891" "Xi: 0.519668559527669" "Xi: 0.536066969037453"
 [4] "Xi: 0.545365282140758" "Xi: 0.559170392087797" "Xi: 0.582729183739869"
 [7] "Xi: 0.588266455181676" "Xi: 0.563837414605474" "Xi: 0.518519784581893"
[10] "Xi: 0.519400501126743" "Xi: 0.548311727191316" "Xi: 0.559806221035622"
[13] "Xi: 0.555778310514328" "Xi: 0.546973175653135" "Xi: 0.538771904922549"
[16] "Xi: 0.532214421111299" "Xi: 0.52794862295701"  "Xi: 0.530129344411461"
[19] "Xi: 0.532575701047313" "Xi: 0.528557958020244"
Time difference of 4.552679 mins
[1] "Rho"
[1] 1352.032 1351.477 1351.858 1352.027 1351.984
[1] "It: 22"
[1] "sigma:"            "0.610806470149134" "beta :"           
[4] "1"                
[1] "rho/theta:" "1"         
Time difference of 1.548172 secs
[1] " old Likelihood:  -9313377.93050497"
[1] "New Likelihood:  -9313180.75027245"
[1] 4999400
[1] 4999405
iter:  0  f-value:  23399.03  pgrad:  0.5557783 
iter:  10  f-value:  23398.54  pgrad:  0.5477089 
iter:  20  f-value:  23398.53  pgrad:  0.4803716 
iter:  30  f-value:  23398.53  pgrad:  0.6282254 
  Unsuccessful convergence.
[1] 0.6282083
 [1] "Xi: 0.516083066627335" "Xi: 0.520416319317681" "Xi: 0.537458351350797"
 [4] "Xi: 0.547222734744113" "Xi: 0.561408053311043" "Xi: 0.585715549767544"
 [7] "Xi: 0.591669209926373" "Xi: 0.567817054640656" "Xi: 0.521082420239739"
[10] "Xi: 0.520080424167326" "Xi: 0.549004950593514" "Xi: 0.560800752795351"
[13] "Xi: 0.556699813205766" "Xi: 0.547764340169759" "Xi: 0.539396588077734"
[16] "Xi: 0.532686054328007" "Xi: 0.528255555667158" "Xi: 0.530573853406056"
[19] "Xi: 0.533185168030709" "Xi: 0.528942210227358"
Time difference of 4.54659 mins
[1] "Rho"
[1] 1352.032 1351.477 1351.858 1352.027 1351.984
[1] "It: 23"
[1] "sigma:"            "0.621926255372037" "beta :"           
[4] "1"                
[1] "rho/theta:" "1"         
Time difference of 1.579059 secs
[1] " old Likelihood:  -9313180.75027245"
[1] "New Likelihood:  -9312999.43670336"
[1] 4999400
[1] 4999405
iter:  0  f-value:  22982.01  pgrad:  0.5566998 
iter:  10  f-value:  22981.56  pgrad:  0.5338562 
iter:  20  f-value:  22981.55  pgrad:  0.479626 
iter:  30  f-value:  22981.55  pgrad:  0.4407775 
  Unsuccessful convergence.
[1] 0.6386701
 [1] "Xi: 0.516446534794242" "Xi: 0.520847485300758" "Xi: 0.538257068242987"
 [4] "Xi: 0.548323213444466" "Xi: 0.562760885925547" "Xi: 0.587572397239447"
 [7] "Xi: 0.593820384960286" "Xi: 0.570470790228016" "Xi: 0.523210205304088"
[10] "Xi: 0.520693118075179" "Xi: 0.549624645988928" "Xi: 0.56171908150619" 
[13] "Xi: 0.557558875685786" "Xi: 0.548489734277928" "Xi: 0.539996498539509"
[16] "Xi: 0.533122819475819" "Xi: 0.52853002688428"  "Xi: 0.530982333141473"
[19] "Xi: 0.533767516535257" "Xi: 0.529283717329905"
Time difference of 4.541148 mins
[1] "Rho"
[1] 1352.032 1351.477 1351.858 1352.027 1351.984
[1] "It: 24"
[1] "sigma:"            "0.632283436441378" "beta :"           
[4] "1"                
[1] "rho/theta:" "1"         
Time difference of 1.558042 secs
[1] " old Likelihood:  -9312999.43670336"
[1] "New Likelihood:  -9312833.68262053"
[1] 4999400
[1] 4999405
iter:  0  f-value:  22586.42  pgrad:  0.5575589 
iter:  10  f-value:  22586.01  pgrad:  0.5343338 
iter:  20  f-value:  22586  pgrad:  0.4751715 
iter:  30  f-value:  22586  pgrad:  0.4357925 
  Unsuccessful convergence.
[1] 0.6484621
 [1] "Xi: 0.517077726759316" "Xi: 0.521595255089477" "Xi: 0.539630125423032"
 [4] "Xi: 0.550317347254806" "Xi: 0.56533014178965"  "Xi: 0.59129776050344" 
 [7] "Xi: 0.598161644438554" "Xi: 0.575482725666084" "Xi: 0.526128070985127"
[10] "Xi: 0.521401572854712" "Xi: 0.550235887282352" "Xi: 0.562606199704073"
[13] "Xi: 0.55837781839362"  "Xi: 0.549180274537109" "Xi: 0.540618299939707"
[16] "Xi: 0.533574186912443" "Xi: 0.528824124025429" "Xi: 0.531413339837088"
[19] "Xi: 0.534240122964729" "Xi: 0.529591602366766"
Time difference of 4.552956 mins
[1] "Rho"
[1] 1352.032 1351.477 1351.858 1352.027 1351.984
[1] "It: 25"
[1] "sigma:"            "0.641977434539197" "beta :"           
[4] "1"                
[1] "rho/theta:" "1"         
Time difference of 1.566873 secs
[1] " old Likelihood:  -9312833.68262053"
[1] "New Likelihood:  -9312682.9895257"
[1] 4999400
[1] 4999405
iter:  0  f-value:  22212.73  pgrad:  0.5626062 
iter:  10  f-value:  22212.35  pgrad:  0.5347546 
iter:  20  f-value:  22212.35  pgrad:  0.4723858 
iter:  30  f-value:  22212.35  pgrad:  0.4222597 
  Unsuccessful convergence.
[1] 0.6575431
 [1] "Xi: 0.517517565932837" "Xi: 0.522115937902259" "Xi: 0.540580176545094"
 [4] "Xi: 0.551667237229348" "Xi: 0.566985969684209" "Xi: 0.593584774374288"
 [7] "Xi: 0.600755057843307" "Xi: 0.578478755602554" "Xi: 0.528310723832422"
[10] "Xi: 0.521992534452264" "Xi: 0.55074108134903"  "Xi: 0.563403372985517"
[13] "Xi: 0.559128290303766" "Xi: 0.549805582963493" "Xi: 0.541157346626508"
[16] "Xi: 0.53397503946144"  "Xi: 0.529037058800378" "Xi: 0.531754218012477"
[19] "Xi: 0.53480330229019"  "Xi: 0.529858211265752"
Time difference of 4.558647 mins
[1] 1 1 1 1 1
[1] 1 1 1 1 1
saved RDS
inference successful
