[1] "Original length"
[1] 999974
[1] "Final length"
[1] 17033
[1] "sequence length : 999975" "sequence length : 999944"
[3] "sequence length : 999968" "sequence length : 999194"
[5] "sequence length : 999945"
[1] 1 1 1 1 1
[1] "Beta: 1"
[1] "Self: 0"
[1] "maxIt: 20"
[1] "It: 1"
 [1] "sigma:" "0"      "0"      "0"      "0"      "0"      "0"      "0"     
 [9] "0"      "0"      "0"      "0"      "0"      "0"      "0"      "0"     
[17] "0"      "0"      "0"      "0"      "0"      "0"      "0"      "0"     
[25] "0"      "0"      "0"      "0"      "0"      "0"      "0"      "0"     
[33] "0"      "0"      "0"      "0"      "0"      "0"      "0"      "0"     
[41] "0"      "beta :" "1"     
 [1] "sigma:" "0.9405" "0.9405" "0.9405" "0.9405" "0.9405" "0.9405" "0.9405"
 [9] "0.9405" "0.9405" "0.9405" "0.9405" "0.9405" "0.9405" "0.9405" "0.9405"
[17] "0.9405" "0.9405" "0.9405" "0.9405" "0.9405" "0.9405" "0.9405" "0.9405"
[25] "0.9405" "0.0495" "0.0495" "0"      "0"      "0"      "0"      "0"     
[33] "0"      "0"      "0"      "0"      "0"      "0"      "0"      "0"     
[41] "0"      "beta :" "1"     
[1] "New Likelihood:  -8936674.24841622"
iter:  0  f-value:  28708.11  pgrad:  0.5 
iter:  10  f-value:  28704.72  pgrad:  0.9996484 
iter:  20  f-value:  28703.48  pgrad:  0.9987106 
iter:  30  f-value:  28702.88  pgrad:  0.9930654 
iter:  40  f-value:  28702.81  pgrad:  0.9916763 
iter:  50  f-value:  28702.74  pgrad:  0.9903449 
  Unsuccessful convergence.
Time difference of 2.163348 hours
[1] "maxIt: 20"
[1] "It: 2"
 [1] "sigma:"               "0.956722148759186"    "0.956722148759186"   
 [4] "0.948502447872867"    "0.948502447872867"    "0.951833519239877"   
 [7] "0.951833519239877"    "0.956211431176547"    "0.956211431176547"   
[10] "0.961480183021089"    "0.961480183021089"    "0.966843538504697"   
[13] "0.966843538504697"    "0.972284072518874"    "0.972284072518874"   
[16] "0.975286557749998"    "0.975286557749998"    "0.96612393827046"    
[19] "0.96612393827046"     "0.951376782941074"    "0.951376782941074"   
[22] "0.938229351198318"    "0.938229351198318"    "0.915193287564104"   
[25] "0.915193287564104"    "0.0553477160056781"   "0.0553477160056781"  
[28] "0.00957735721948965"  "0.00957735721948965"  "0.0145110995731191"  
[31] "0.0145110995731191"   "0.0189444929815279"   "0.0189444929815279"  
[34] "0.0180621069908567"   "0.0180621069908567"   "0.0114603526355457"  
[37] "0.0114603526355457"   "0.00426802212366174"  "0.00426802212366174" 
[40] "0.000557255597427393" "0.000557255597427393" "beta :"              
[43] "1"                   
 [1] "sigma:"               "0.956722148759186"    "0.956722148759186"   
 [4] "0.948502447872867"    "0.948502447872867"    "0.951833519239877"   
 [7] "0.951833519239877"    "0.956211431176547"    "0.956211431176547"   
[10] "0.961480183021089"    "0.961480183021089"    "0.966843538504697"   
[13] "0.966843538504697"    "0.972284072518874"    "0.972284072518874"   
[16] "0.975286557749998"    "0.975286557749998"    "0.96612393827046"    
[19] "0.96612393827046"     "0.951376782941074"    "0.951376782941074"   
[22] "0.987729351198318"    "0.987729351198318"    "0.766693287564104"   
[25] "0.766693287564104"    "0.302847716005678"    "0.302847716005678"   
[28] "0.0590773572194897"   "0.0590773572194897"   "0.0145110995731191"  
[31] "0.0145110995731191"   "0.0189444929815279"   "0.0189444929815279"  
[34] "0.0180621069908567"   "0.0180621069908567"   "0.0114603526355457"  
[37] "0.0114603526355457"   "0.00426802212366174"  "0.00426802212366174" 
[40] "0.000557255597427393" "0.000557255597427393" "beta :"              
[43] "1"                   
[1] " old Likelihood:  -8936674.24841622"
[1] "New Likelihood:  -8934822.20525093"
iter:  0  f-value:  28658.42  pgrad:  0.7744377 
iter:  10  f-value:  28656.85  pgrad:  0.9878138 
iter:  20  f-value:  28656.38  pgrad:  0.9989624 
iter:  30  f-value:  28656.11  pgrad:  0.9956058 
iter:  40  f-value:  28656.05  pgrad:  0.9806641 
iter:  50  f-value:  28656.02  pgrad:  0.9797402 
  Unsuccessful convergence.
Time difference of 23.08265 mins
[1] "maxIt: 20"
[1] "It: 3"
 [1] "sigma:"               "0.970353246648818"    "0.970353246648818"   
 [4] "0.954957326556179"    "0.954957326556179"    "0.960935186121262"   
 [7] "0.960935186121262"    "0.968665365376385"    "0.968665365376385"   
[10] "0.977669281635743"    "0.977669281635743"    "0.98607148301844"    
[13] "0.98607148301844"     "0.99"                 "0.99"                
[16] "0.99"                 "0.99"                 "0.98462435887245"    
[19] "0.98462435887245"     "0.960667850893765"    "0.960667850893765"   
[22] "0.987195163322847"    "0.987195163322847"    "0.740071873826593"   
[25] "0.740071873826593"    "0.303333453238534"    "0.303333453238534"   
[28] "0.0651543677132464"   "0.0651543677132464"   "0.0243849279683379"  
[31] "0.0243849279683379"   "0.0318009233419421"   "0.0318009233419421"  
[34] "0.030737380082143"    "0.030737380082143"    "0.0200892648206558"  
[37] "0.0200892648206558"   "0.00768001381291074"  "0.00768001381291074" 
[40] "0.000976571693798796" "0.000976571693798796" "beta :"              
[43] "1"                   
 [1] "sigma:"               "0.970353246648818"    "0.970353246648818"   
 [4] "0.954957326556179"    "0.954957326556179"    "0.960935186121262"   
 [7] "0.960935186121262"    "0.968665365376385"    "0.968665365376385"   
[10] "0.977669281635743"    "0.977669281635743"    "0.98607148301844"    
[13] "0.98607148301844"     "0.99"                 "0.99"                
[16] "0.99"                 "0.99"                 "0.98462435887245"    
[19] "0.98462435887245"     "0.960667850893765"    "0.960667850893765"   
[22] "0.987195163322847"    "0.987195163322847"    "0.641071873826593"   
[25] "0.641071873826593"    "0.451833453238534"    "0.451833453238534"   
[28] "0.0651543677132464"   "0.0651543677132464"   "0.0243849279683379"  
[31] "0.0243849279683379"   "0.0318009233419421"   "0.0318009233419421"  
[34] "0.030737380082143"    "0.030737380082143"    "0.0200892648206558"  
[37] "0.0200892648206558"   "0.00768001381291074"  "0.00768001381291074" 
[40] "0.000976571693798796" "0.000976571693798796" "beta :"              
[43] "1"                   
[1] " old Likelihood:  -8934822.20525093"
[1] "New Likelihood:  -8934119.29480089"
iter:  0  f-value:  28681.58  pgrad:  0.6475473 
iter:  10  f-value:  28680.98  pgrad:  0.9793688 
iter:  20  f-value:  28680.85  pgrad:  0.9781223 
iter:  30  f-value:  28680.81  pgrad:  0.9995722 
iter:  40  f-value:  28680.7  pgrad:  0.9750052 
iter:  50  f-value:  28680.69  pgrad:  0.9744691 
  Unsuccessful convergence.
Time difference of 21.58753 mins
[1] "maxIt: 20"
[1] "It: 4"
 [1] "sigma:"              "0.981979008883359"   "0.981979008883359"  
 [4] "0.960413344778238"   "0.960413344778238"   "0.968665610175853"  
 [7] "0.968665610175853"   "0.979344869048865"   "0.979344869048865"  
[10] "0.99"                "0.99"                "0.99"               
[13] "0.99"                "0.99"                "0.99"               
[16] "0.99"                "0.99"                "0.99"               
[19] "0.99"                "0.972716093907182"   "0.972716093907182"  
[22] "0.987619229013847"   "0.987619229013847"   "0.627377452442671"  
[25] "0.627377452442671"   "0.44884176662517"    "0.44884176662517"   
[28] "0.0704562950884738"  "0.0704562950884738"  "0.0306021684326963" 
[31] "0.0306021684326963"  "0.039202756034698"   "0.039202756034698"  
[34] "0.0380790446751938"  "0.0380790446751938"  "0.0254918416117273" 
[37] "0.0254918416117273"  "0.00997402881385549" "0.00997402881385549"
[40] "0.00128131130310214" "0.00128131130310214" "beta :"             
[43] "1"                  
 [1] "sigma:"              "0.981979008883359"   "0.981979008883359"  
 [4] "0.960413344778238"   "0.960413344778238"   "0.968665610175853"  
 [7] "0.968665610175853"   "0.979344869048865"   "0.979344869048865"  
[10] "0.99"                "0.99"                "0.99"               
[13] "0.99"                "0.99"                "0.99"               
[16] "0.99"                "0.99"                "0.99"               
[19] "0.99"                "0.972716093907182"   "0.972716093907182"  
[22] "0.987619229013847"   "0.987619229013847"   "0.577877452442671"  
[25] "0.577877452442671"   "0.49834176662517"    "0.49834176662517"   
[28] "0.119956295088474"   "0.119956295088474"   "0.0306021684326963" 
[31] "0.0306021684326963"  "0.039202756034698"   "0.039202756034698"  
[34] "0.0380790446751938"  "0.0380790446751938"  "0.0254918416117273" 
[37] "0.0254918416117273"  "0.00997402881385549" "0.00997402881385549"
[40] "0.00128131130310214" "0.00128131130310214" "beta :"             
[43] "1"                  
[1] " old Likelihood:  -8934119.29480089"
[1] "New Likelihood:  -8933866.77392635"
iter:  0  f-value:  28618.9  pgrad:  0.5837146 
iter:  10  f-value:  28618.68  pgrad:  0.9740159 
iter:  20  f-value:  28618.64  pgrad:  0.9996038 
iter:  30  f-value:  28618.6  pgrad:  0.9984734 
iter:  40  f-value:  28618.58  pgrad:  0.9717328 
iter:  50  f-value:  28618.52  pgrad:  0.9626328 
  Unsuccessful convergence.
Time difference of 19.85621 mins
[1] "maxIt: 20"
[1] "It: 5"
 [1] "sigma:"             "0.99"               "0.99"              
 [4] "0.966006066103103"  "0.966006066103103"  "0.976578475158222" 
 [7] "0.976578475158222"  "0.99"               "0.99"              
[10] "0.99"               "0.99"               "0.99"              
[13] "0.99"               "0.99"               "0.99"              
[16] "0.99"               "0.99"               "0.99"              
[19] "0.99"               "0.982004308479189"  "0.982004308479189" 
[22] "0.986425638833284"  "0.986425638833284"  "0.569026616190602" 
[25] "0.569026616190602"  "0.495523984060093"  "0.495523984060093" 
[28] "0.124345746778144"  "0.124345746778144"  "0.0370035842885174"
[31] "0.0370035842885174" "0.0454705046847763" "0.0454705046847763"
[34] "0.0441497325380335" "0.0441497325380335" "0.0303292052177762"
[37] "0.0303292052177762" "0.0121794945677746" "0.0121794945677746"
[40] "0.0015558853138395" "0.0015558853138395" "beta :"            
[43] "1"                 
 [1] "sigma:"             "0.99"               "0.99"              
 [4] "0.966006066103103"  "0.966006066103103"  "0.976578475158222" 
 [7] "0.976578475158222"  "0.99"               "0.99"              
[10] "0.99"               "0.99"               "0.99"              
[13] "0.99"               "0.99"               "0.99"              
[16] "0.99"               "0.99"               "0.99"              
[19] "0.99"               "0.982004308479189"  "0.982004308479189" 
[22] "0.986425638833284"  "0.986425638833284"  "0.519526616190602" 
[25] "0.519526616190602"  "0.495523984060093"  "0.495523984060093" 
[28] "0.173845746778144"  "0.173845746778144"  "0.0865035842885173"
[31] "0.0865035842885173" "0.0454705046847763" "0.0454705046847763"
[34] "0.0441497325380335" "0.0441497325380335" "0.0303292052177762"
[37] "0.0303292052177762" "0.0121794945677746" "0.0121794945677746"
[40] "0.0015558853138395" "0.0015558853138395" "beta :"            
[43] "1"                 
[1] " old Likelihood:  -8933866.77392635"
[1] "New Likelihood:  -8933757.64560109"
iter:  0  f-value:  28491.83  pgrad:  0.5384855 
iter:  10  f-value:  28491.7  pgrad:  0.9691708 
iter:  20  f-value:  28491.69  pgrad:  0.9970438 
iter:  30  f-value:  28491.68  pgrad:  0.9965652 
iter:  40  f-value:  28491.66  pgrad:  0.9526092 
iter:  50  f-value:  28491.65  pgrad:  0.9491083 
  Unsuccessful convergence.
Time difference of 20.51747 mins
[1] "maxIt: 20"
[1] "It: 6"
 [1] "sigma:"              "0.99"                "0.99"               
 [4] "0.970323997100075"   "0.970323997100075"   "0.982640246672401"  
 [7] "0.982640246672401"   "0.99"                "0.99"               
[10] "0.99"                "0.99"                "0.99"               
[13] "0.99"                "0.99"                "0.99"               
[16] "0.99"                "0.99"                "0.99"               
[19] "0.99"                "0.987479433693254"   "0.987479433693254"  
[22] "0.984841628911807"   "0.984841628911807"   "0.517337229274059"  
[25] "0.517337229274059"   "0.494078694852899"   "0.494078694852899"  
[28] "0.175972095764917"   "0.175972095764917"   "0.0912870746321784" 
[31] "0.0912870746321784"  "0.0503954917115226"  "0.0503954917115226" 
[34] "0.0485408986776865"  "0.0485408986776865"  "0.0337524311830918" 
[37] "0.0337524311830918"  "0.0137713471354612"  "0.0137713471354612" 
[40] "0.00176089550447018" "0.00176089550447018" "beta :"             
[43] "1"                  
 [1] "sigma:"               "0.99"                 "0.99"                
 [4] "0.970323997100075"    "0.970323997100075"    "0.982640246672401"   
 [7] "0.982640246672401"    "0.99"                 "0.99"                
[10] "0.99"                 "0.99"                 "0.99"                
[13] "0.99"                 "0.99"                 "0.99"                
[16] "0.99"                 "0.99"                 "0.99"                
[19] "0.99"                 "0.987479433693254"    "0.987479433693254"   
[22] "0.984841628911807"    "0.984841628911807"    "0.517337229274059"   
[25] "0.517337229274059"    "0.494078694852899"    "0.494078694852899"   
[28] "0.225472095764917"    "0.225472095764917"    "0.0912870746321784"  
[31] "0.0912870746321784"   "0.000895491711522624" "0.000895491711522624"
[34] "0.0485408986776865"   "0.0485408986776865"   "0.0337524311830917"  
[37] "0.0337524311830917"   "0.0137713471354612"   "0.0137713471354612"  
[40] "0.00176089550447018"  "0.00176089550447018"  "beta :"              
[43] "1"                   
[1] " old Likelihood:  -8933757.64560109"
[1] "New Likelihood:  -8933702.37822233"
iter:  0  f-value:  28561.79  pgrad:  0.8022835 
iter:  10  f-value:  28561.75  pgrad:  0.9067207 
iter:  20  f-value:  28561.74  pgrad:  0.9170981 
iter:  30  f-value:  28561.74  pgrad:  0.9052329 
iter:  40  f-value:  28561.73  pgrad:  0.9046264 
iter:  50  f-value:  28561.72  pgrad:  0.7428025 
  Unsuccessful convergence.
Time difference of 20.36099 mins
[1] "maxIt: 20"
[1] "It: 7"
 [1] "sigma:"              "0.99"                "0.99"               
 [4] "0.975304163850294"   "0.975304163850294"   "0.989621995038919"  
 [7] "0.989621995038919"   "0.99"                "0.99"               
[10] "0.99"                "0.99"                "0.99"               
[13] "0.99"                "0.99"                "0.99"               
[16] "0.99"                "0.99"                "0.99"               
[19] "0.99"                "0.99"                "0.99"               
[22] "0.983747548029888"   "0.983747548029888"   "0.514445499522979"  
[25] "0.514445499522979"   "0.492169741495367"   "0.492169741495367"  
[28] "0.227984772495519"   "0.227984772495519"   "0.0966467562894302" 
[31] "0.0966467562894302"  "0.00450409396631446" "0.00450409396631446"
[34] "0.0514875392244568"  "0.0514875392244568"  "0.0366101678936984" 
[37] "0.0366101678936984"  "0.0153312487329825"  "0.0153312487329825" 
[40] "0.00195814148180467" "0.00195814148180467" "beta :"             
[43] "1"                  
 [1] "sigma:"              "0.99"                "0.99"               
 [4] "0.975304163850294"   "0.975304163850294"   "0.989621995038919"  
 [7] "0.989621995038919"   "0.99"                "0.99"               
[10] "0.99"                "0.99"                "0.99"               
[13] "0.99"                "0.99"                "0.99"               
[16] "0.99"                "0.99"                "0.99"               
[19] "0.99"                "0.99"                "0.99"               
[22] "0.983747548029888"   "0.983747548029888"   "0.514445499522979"  
[25] "0.514445499522979"   "0.492169741495367"   "0.492169741495367"  
[28] "0.227984772495519"   "0.227984772495519"   "0.19564675628943"   
[31] "0.19564675628943"    "0.00450409396631446" "0.00450409396631446"
[34] "0.00198753922445676" "0.00198753922445676" "0.0366101678936984" 
[37] "0.0366101678936984"  "0.0153312487329825"  "0.0153312487329825" 
[40] "0.00195814148180467" "0.00195814148180467" "beta :"             
[43] "1"                  
[1] " old Likelihood:  -8933702.37822233"
[1] "New Likelihood:  -8933664.87359701"
iter:  0  f-value:  28386.1  pgrad:  0.5360401 
iter:  10  f-value:  28386.07  pgrad:  0.8887218 
iter:  20  f-value:  28386.07  pgrad:  0.921209 
iter:  30  f-value:  28386.06  pgrad:  0.8004109 
iter:  40  f-value:  28386.06  pgrad:  0.7987295 
iter:  50  f-value:  28386.05  pgrad:  0.7979544 
  Unsuccessful convergence.
Time difference of 20.96384 mins
[1] "maxIt: 20"
[1] "It: 8"
 [1] "sigma:"              "0.99"                "0.99"               
 [4] "0.979301755925266"   "0.979301755925266"   "0.99"               
 [7] "0.99"                "0.99"                "0.99"               
[10] "0.99"                "0.99"                "0.99"               
[13] "0.99"                "0.99"                "0.99"               
[16] "0.99"                "0.99"                "0.99"               
[19] "0.99"                "0.99"                "0.99"               
[22] "0.984147436637084"   "0.984147436637084"   "0.512127302496946"  
[25] "0.512127302496946"   "0.490273019907045"   "0.490273019907045"  
[28] "0.229342067406156"   "0.229342067406156"   "0.200035786815612"  
[31] "0.200035786815612"   "0.00750471329233908" "0.00750471329233908"
[34] "0.00387892431021907" "0.00387892431021907" "0.0383455851061824" 
[37] "0.0383455851061824"  "0.0163339526156246"  "0.0163339526156246" 
[40] "0.0020903156854754"  "0.0020903156854754"  "beta :"             
[43] "1"                  
 [1] "sigma:"              "0.99"                "0.99"               
 [4] "0.979301755925266"   "0.979301755925266"   "0.99"               
 [7] "0.99"                "0.99"                "0.99"               
[10] "0.99"                "0.99"                "0.99"               
[13] "0.99"                "0.99"                "0.99"               
[16] "0.99"                "0.99"                "0.99"               
[19] "0.99"                "0.99"                "0.99"               
[22] "0.984147436637084"   "0.984147436637084"   "0.512127302496946"  
[25] "0.512127302496946"   "0.490273019907045"   "0.490273019907045"  
[28] "0.229342067406156"   "0.229342067406156"   "0.249535786815612"  
[31] "0.249535786815612"   "0.00750471329233908" "0.00750471329233908"
[34] "0.00387892431021907" "0.00387892431021907" "0.0383455851061824" 
[37] "0.0383455851061824"  "0.0163339526156246"  "0.0163339526156246" 
[40] "0.0020903156854754"  "0.0020903156854754"  "beta :"             
[43] "1"                  
[1] " old Likelihood:  -8933664.87359701"
[1] "New Likelihood:  -8933647.51584118"
iter:  0  f-value:  28221.62  pgrad:  0.5347133 
iter:  10  f-value:  28221.59  pgrad:  0.881555 
iter:  20  f-value:  28221.59  pgrad:  0.7979543 
iter:  30  f-value:  28221.58  pgrad:  0.9600101 
iter:  40  f-value:  28221.58  pgrad:  0.7445302 
iter:  50  f-value:  28221.57  pgrad:  0.6732807 
  Unsuccessful convergence.
Time difference of 19.92116 mins
[1] "maxIt: 20"
[1] "It: 9"
 [1] "sigma:"              "0.99"                "0.99"               
 [4] "0.985399777440776"   "0.985399777440776"   "0.99"               
 [7] "0.99"                "0.99"                "0.99"               
[10] "0.99"                "0.99"                "0.99"               
[13] "0.99"                "0.99"                "0.99"               
[16] "0.99"                "0.99"                "0.99"               
[19] "0.99"                "0.99"                "0.99"               
[22] "0.984448168611251"   "0.984448168611251"   "0.508933306857849"  
[25] "0.508933306857849"   "0.487774836869563"   "0.487774836869563"  
[28] "0.230930580042425"   "0.230930580042425"   "0.255289330990158"  
[31] "0.255289330990158"   "0.0115078235445003"  "0.0115078235445003" 
[34] "0.00639762989926061" "0.00639762989926061" "0.0406717779993294" 
[37] "0.0406717779993294"  "0.0177384675357985"  "0.0177384675357985" 
[40] "0.0022778781097874"  "0.0022778781097874"  "beta :"             
[43] "1"                  
 [1] "sigma:"              "0.99"                "0.99"               
 [4] "0.985399777440776"   "0.985399777440776"   "0.99"               
 [7] "0.99"                "0.99"                "0.99"               
[10] "0.99"                "0.99"                "0.99"               
[13] "0.99"                "0.99"                "0.99"               
[16] "0.99"                "0.99"                "0.99"               
[19] "0.99"                "0.99"                "0.99"               
[22] "0.984448168611251"   "0.984448168611251"   "0.508933306857849"  
[25] "0.508933306857849"   "0.487774836869563"   "0.487774836869563"  
[28] "0.230930580042425"   "0.230930580042425"   "0.255289330990158"  
[31] "0.255289330990158"   "0.0610078235445003"  "0.0610078235445003" 
[34] "0.00639762989926061" "0.00639762989926061" "0.0406717779993294" 
[37] "0.0406717779993294"  "0.0177384675357985"  "0.0177384675357985" 
[40] "0.0022778781097874"  "0.0022778781097874"  "beta :"             
[43] "1"                  
[1] " old Likelihood:  -8933647.51584118"
[1] "New Likelihood:  -8933631.62268082"
iter:  0  f-value:  28072.37  pgrad:  0.5331855 
iter:  10  f-value:  28072.35  pgrad:  0.8852294 
iter:  20  f-value:  28072.34  pgrad:  0.7410224 
iter:  30  f-value:  28072.34  pgrad:  0.7399088 
iter:  40  f-value:  28072.33  pgrad:  0.7392588 
iter:  50  f-value:  28072.33  pgrad:  0.7387219 
  Unsuccessful convergence.
Time difference of 20.24369 mins
[1] "maxIt: 20"
[1] "It: 10"
 [1] "sigma:"              "0.99"                "0.99"               
 [4] "0.989084719248359"   "0.989084719248359"   "0.99"               
 [7] "0.99"                "0.99"                "0.99"               
[10] "0.99"                "0.99"                "0.99"               
[13] "0.99"                "0.99"                "0.99"               
[16] "0.99"                "0.99"                "0.99"               
[19] "0.99"                "0.99"                "0.99"               
[22] "0.984585652800427"   "0.984585652800427"   "0.506925462438119"  
[25] "0.506925462438119"   "0.486813086832043"   "0.486813086832043"  
[28] "0.231787432018174"   "0.231787432018174"   "0.258671606541985"  
[31] "0.258671606541985"   "0.0636304181079558"  "0.0636304181079558" 
[34] "0.00808831433743426" "0.00808831433743426" "0.0421599105147836" 
[37] "0.0421599105147836"  "0.0185862405840708"  "0.0185862405840708" 
[40] "0.00239006176873729" "0.00239006176873729" "beta :"             
[43] "1"                  
 [1] "sigma:"              "0.99"                "0.99"               
 [4] "0.989084719248359"   "0.989084719248359"   "0.99"               
 [7] "0.99"                "0.99"                "0.99"               
[10] "0.99"                "0.99"                "0.99"               
[13] "0.99"                "0.99"                "0.99"               
[16] "0.99"                "0.99"                "0.99"               
[19] "0.99"                "0.99"                "0.99"               
[22] "0.984585652800427"   "0.984585652800427"   "0.457425462438119"  
[25] "0.457425462438119"   "0.486813086832043"   "0.486813086832043"  
[28] "0.231787432018174"   "0.231787432018174"   "0.258671606541985"  
[31] "0.258671606541985"   "0.0636304181079558"  "0.0636304181079558" 
[34] "0.00808831433743425" "0.00808831433743425" "0.0421599105147836" 
[37] "0.0421599105147836"  "0.0185862405840708"  "0.0185862405840708" 
[40] "0.00239006176873729" "0.00239006176873729" "beta :"             
[43] "1"                  
[1] " old Likelihood:  -8933631.62268082"
[1] "New Likelihood:  -8933619.73910091"
iter:  0  f-value:  28188.69  pgrad:  0.5314031 
iter:  10  f-value:  28188.67  pgrad:  0.7382691 
iter:  20  f-value:  28188.67  pgrad:  0.7374595 
iter:  30  f-value:  28188.67  pgrad:  0.736756 
iter:  40  f-value:  28188.67  pgrad:  0.6720802 
iter:  50  f-value:  28188.67  pgrad:  0.6052505 
  Unsuccessful convergence.
Time difference of 20.87078 mins
[1] "maxIt: 20"
[1] "It: 11"
 [1] "sigma:"              "0.99"                "0.99"               
 [4] "0.99"                "0.99"                "0.99"               
 [7] "0.99"                "0.99"                "0.99"               
[10] "0.99"                "0.99"                "0.99"               
[13] "0.99"                "0.99"                "0.99"               
[16] "0.99"                "0.99"                "0.99"               
[19] "0.99"                "0.99"                "0.99"               
[22] "0.984825986918517"   "0.984825986918517"   "0.457589649496398"  
[25] "0.457589649496398"   "0.486697512074321"   "0.486697512074321"  
[28] "0.232630851372625"   "0.232630851372625"   "0.261862084336692"  
[31] "0.261862084336692"   "0.0658277459083126"  "0.0658277459083126" 
[34] "0.00933121967987693" "0.00933121967987693" "0.0433990746618589" 
[37] "0.0433990746618589"  "0.0193496958447195"  "0.0193496958447195" 
[40] "0.00248562740204268" "0.00248562740204268" "beta :"             
[43] "1"                  
 [1] "sigma:"              "0.99"                "0.99"               
 [4] "0.99"                "0.99"                "0.99"               
 [7] "0.99"                "0.99"                "0.99"               
[10] "0.99"                "0.99"                "0.99"               
[13] "0.99"                "0.99"                "0.99"               
[16] "0.99"                "0.99"                "0.99"               
[19] "0.99"                "0.99"                "0.99"               
[22] "0.984825986918517"   "0.984825986918517"   "0.457589649496398"  
[25] "0.457589649496398"   "0.486697512074321"   "0.486697512074321"  
[28] "0.232630851372625"   "0.232630851372625"   "0.311362084336692"  
[31] "0.311362084336692"   "0.0658277459083126"  "0.0658277459083126" 
[34] "0.00933121967987692" "0.00933121967987692" "0.0433990746618589" 
[37] "0.0433990746618589"  "0.0193496958447195"  "0.0193496958447195" 
[40] "0.00248562740204268" "0.00248562740204268" "beta :"             
[43] "1"                  
[1] " old Likelihood:  -8933619.73910091"
[1] "New Likelihood:  -8933610.73201926"
iter:  0  f-value:  27988.92  pgrad:  0.5287255 
iter:  10  f-value:  27988.9  pgrad:  0.8404095 
iter:  20  f-value:  27988.9  pgrad:  0.749933 
iter:  30  f-value:  27988.89  pgrad:  0.6837037 
iter:  40  f-value:  27988.89  pgrad:  0.681778 
iter:  50  f-value:  27988.89  pgrad:  0.6813318 
  Unsuccessful convergence.
Time difference of 20.22111 mins
[1] "maxIt: 20"
[1] "It: 12"
 [1] "sigma:"             "0.99"               "0.99"              
 [4] "0.99"               "0.99"               "0.99"              
 [7] "0.99"               "0.99"               "0.99"              
[10] "0.99"               "0.99"               "0.99"              
[13] "0.99"               "0.99"               "0.99"              
[16] "0.99"               "0.99"               "0.99"              
[19] "0.99"               "0.99"               "0.99"              
[22] "0.985018011775277"  "0.985018011775277"  "0.456720096195294" 
[25] "0.456720096195294"  "0.485902057521584"  "0.485902057521584" 
[28] "0.233665054521861"  "0.233665054521861"  "0.315488620236309" 
[31] "0.315488620236309"  "0.068984769791699"  "0.068984769791699" 
[34] "0.0112189500232182" "0.0112189500232182" "0.0450451193816591"
[37] "0.0450451193816591" "0.0204393537351483" "0.0204393537351483"
[40] "0.0028348073451589" "0.0028348073451589" "beta :"            
[43] "1"                 
 [1] "sigma:"             "0.99"               "0.99"              
 [4] "0.99"               "0.99"               "0.99"              
 [7] "0.99"               "0.99"               "0.99"              
[10] "0.99"               "0.99"               "0.99"              
[13] "0.99"               "0.99"               "0.99"              
[16] "0.99"               "0.99"               "0.99"              
[19] "0.99"               "0.99"               "0.99"              
[22] "0.985018011775277"  "0.985018011775277"  "0.456720096195294" 
[25] "0.456720096195294"  "0.485902057521584"  "0.485902057521584" 
[28] "0.233665054521861"  "0.233665054521861"  "0.315488620236309" 
[31] "0.315488620236309"  "0.068984769791699"  "0.068984769791699" 
[34] "0.0112189500232182" "0.0112189500232182" "0.0450451193816591"
[37] "0.0450451193816591" "0.0204393537351483" "0.0204393537351483"
[40] "0.0028348073451589" "0.0028348073451589" "beta :"            
[43] "1"                 
[1] " old Likelihood:  -8933610.73201926"
[1] "New Likelihood:  -8933599.55620988"
iter:  0  f-value:  27998.18  pgrad:  0.5270545 
iter:  10  f-value:  27998.17  pgrad:  0.6810201 
iter:  20  f-value:  27998.17  pgrad:  0.6802976 
iter:  30  f-value:  27998.17  pgrad:  0.6579648 
iter:  40  f-value:  27998.17  pgrad:  0.5321635 
iter:  50  f-value:  27998.17  pgrad:  0.492183 
  Unsuccessful convergence.
Time difference of 20.51294 mins
[1] "maxIt: 20"
[1] "It: 13"
 [1] "sigma:"              "0.99"                "0.99"               
 [4] "0.99"                "0.99"                "0.99"               
 [7] "0.99"                "0.99"                "0.99"               
[10] "0.99"                "0.99"                "0.99"               
[13] "0.99"                "0.99"                "0.99"               
[16] "0.99"                "0.99"                "0.99"               
[19] "0.99"                "0.99"                "0.99"               
[22] "0.985243615667219"   "0.985243615667219"   "0.455703222916915"  
[25] "0.455703222916915"   "0.485445636292384"   "0.485445636292384"  
[28] "0.234518887157604"   "0.234518887157604"   "0.319021029467949"  
[31] "0.319021029467949"   "0.0711944051815944"  "0.0711944051815944" 
[34] "0.0122300418924673"  "0.0122300418924673"  "0.0462823013081653" 
[37] "0.0462823013081653"  "0.0212719332850091"  "0.0212719332850091" 
[40] "0.00293899716539581" "0.00293899716539581" "beta :"             
[43] "1"                  
 [1] "sigma:"              "0.99"                "0.99"               
 [4] "0.99"                "0.99"                "0.99"               
 [7] "0.99"                "0.99"                "0.99"               
[10] "0.99"                "0.99"                "0.99"               
[13] "0.99"                "0.99"                "0.99"               
[16] "0.99"                "0.99"                "0.99"               
[19] "0.99"                "0.99"                "0.99"               
[22] "0.985243615667219"   "0.985243615667219"   "0.455703222916915"  
[25] "0.455703222916915"   "0.485445636292384"   "0.485445636292384"  
[28] "0.234518887157604"   "0.234518887157604"   "0.319021029467949"  
[31] "0.319021029467949"   "0.120694405181594"   "0.120694405181594"  
[34] "0.0122300418924673"  "0.0122300418924673"  "0.0462823013081653" 
[37] "0.0462823013081653"  "0.0212719332850091"  "0.0212719332850091" 
[40] "0.00293899716539581" "0.00293899716539581" "beta :"             
[43] "1"                  
[1] " old Likelihood:  -8933599.55620988"
[1] "New Likelihood:  -8933593.94359532"
iter:  0  f-value:  27817.21  pgrad:  0.5252149 
iter:  10  f-value:  27817.19  pgrad:  0.7678682 
iter:  20  f-value:  27817.19  pgrad:  0.6760392 
iter:  30  f-value:  27817.19  pgrad:  0.6758917 
iter:  40  f-value:  27817.18  pgrad:  0.4847476 
iter:  50  f-value:  27817.18  pgrad:  0.3614332 
  Unsuccessful convergence.
Time difference of 20.38224 mins
[1] "maxIt: 20"
[1] "It: 14"
 [1] "sigma:"              "0.99"                "0.99"               
 [4] "0.99"                "0.99"                "0.99"               
 [7] "0.99"                "0.99"                "0.99"               
[10] "0.99"                "0.99"                "0.99"               
[13] "0.99"                "0.99"                "0.99"               
[16] "0.99"                "0.99"                "0.99"               
[19] "0.99"                "0.99"                "0.99"               
[22] "0.985472369982193"   "0.985472369982193"   "0.453396984230417"  
[25] "0.453396984230417"   "0.484627439358227"   "0.484627439358227"  
[28] "0.235743298842473"   "0.235743298842473"   "0.324411739221897"  
[31] "0.324411739221897"   "0.124738040601686"   "0.124738040601686"  
[34] "0.014387827357418"   "0.014387827357418"   "0.0484315857589591" 
[37] "0.0484315857589591"  "0.022610063294404"   "0.022610063294404"  
[40] "0.00310703160746541" "0.00310703160746541" "beta :"             
[43] "1"                  
 [1] "sigma:"              "0.99"                "0.99"               
 [4] "0.99"                "0.99"                "0.99"               
 [7] "0.99"                "0.99"                "0.99"               
[10] "0.99"                "0.99"                "0.99"               
[13] "0.99"                "0.99"                "0.99"               
[16] "0.99"                "0.99"                "0.99"               
[19] "0.99"                "0.99"                "0.99"               
[22] "0.985472369982193"   "0.985472369982193"   "0.453396984230417"  
[25] "0.453396984230417"   "0.484627439358227"   "0.484627439358227"  
[28] "0.235743298842473"   "0.235743298842473"   "0.324411739221897"  
[31] "0.324411739221897"   "0.124738040601686"   "0.124738040601686"  
[34] "0.014387827357418"   "0.014387827357418"   "0.0484315857589591" 
[37] "0.0484315857589591"  "0.022610063294404"   "0.022610063294404"  
[40] "0.00310703160746541" "0.00310703160746541" "beta :"             
[43] "1"                  
[1] " old Likelihood:  -8933593.94359532"
[1] "New Likelihood:  -8933585.53908353"
iter:  0  f-value:  27813.29  pgrad:  0.5238355 
iter:  10  f-value:  27813.28  pgrad:  0.6720251 
iter:  20  f-value:  27813.28  pgrad:  0.6713152 
iter:  30  f-value:  27813.28  pgrad:  0.6251503 
iter:  40  f-value:  27813.28  pgrad:  0.5920083 
iter:  50  f-value:  27813.28  pgrad:  0.5114271 
  Unsuccessful convergence.
Time difference of 20.45357 mins
[1] "maxIt: 20"
[1] "It: 15"
 [1] "sigma:"              "0.99"                "0.99"               
 [4] "0.99"                "0.99"                "0.99"               
 [7] "0.99"                "0.99"                "0.99"               
[10] "0.99"                "0.99"                "0.99"               
[13] "0.99"                "0.99"                "0.99"               
[16] "0.99"                "0.99"                "0.99"               
[19] "0.99"                "0.99"                "0.99"               
[22] "0.985646797361093"   "0.985646797361093"   "0.452421628279441"  
[25] "0.452421628279441"   "0.484611893097466"   "0.484611893097466"  
[28] "0.236473551829727"   "0.236473551829727"   "0.326642856313193"  
[31] "0.326642856313193"   "0.126148404245299"   "0.126148404245299"  
[34] "0.0149930021406092"  "0.0149930021406092"  "0.0492262160302183" 
[37] "0.0492262160302183"  "0.0230947872750268"  "0.0230947872750268" 
[40] "0.00316457088004556" "0.00316457088004556" "beta :"             
[43] "1"                  
 [1] "sigma:"              "0.99"                "0.99"               
 [4] "0.99"                "0.99"                "0.99"               
 [7] "0.99"                "0.99"                "0.99"               
[10] "0.99"                "0.99"                "0.99"               
[13] "0.99"                "0.99"                "0.99"               
[16] "0.99"                "0.99"                "0.99"               
[19] "0.99"                "0.99"                "0.99"               
[22] "0.985646797361093"   "0.985646797361093"   "0.452421628279441"  
[25] "0.452421628279441"   "0.484611893097466"   "0.484611893097466"  
[28] "0.236473551829727"   "0.236473551829727"   "0.326642856313193"  
[31] "0.326642856313193"   "0.126148404245299"   "0.126148404245299"  
[34] "0.0149930021406092"  "0.0149930021406092"  "0.0987262160302183" 
[37] "0.0987262160302183"  "0.0230947872750268"  "0.0230947872750268" 
[40] "0.00316457088004556" "0.00316457088004556" "beta :"             
[43] "1"                  
[1] " old Likelihood:  -8933585.53908353"
[1] "New Likelihood:  -8933581.62587551"
iter:  0  f-value:  27696.83  pgrad:  0.5224425 
iter:  10  f-value:  27696.82  pgrad:  0.6695279 
iter:  20  f-value:  27696.82  pgrad:  0.6688417 
iter:  30  f-value:  27696.82  pgrad:  0.6686749 
iter:  40  f-value:  27696.82  pgrad:  0.802429 
iter:  50  f-value:  27696.82  pgrad:  0.4911647 
  Unsuccessful convergence.
Time difference of 20.77094 mins
[1] "maxIt: 20"
[1] "It: 16"
 [1] "sigma:"              "0.99"                "0.99"               
 [4] "0.99"                "0.99"                "0.99"               
 [7] "0.99"                "0.99"                "0.99"               
[10] "0.99"                "0.99"                "0.99"               
[13] "0.99"                "0.99"                "0.99"               
[16] "0.99"                "0.99"                "0.99"               
[19] "0.99"                "0.99"                "0.99"               
[22] "0.985833616691276"   "0.985833616691276"   "0.450148736898772"  
[25] "0.450148736898772"   "0.484404760749769"   "0.484404760749769"  
[28] "0.237721862439194"   "0.237721862439194"   "0.330378278090278"  
[31] "0.330378278090278"   "0.128539123246338"   "0.128539123246338"  
[34] "0.0164950991765572"  "0.0164950991765572"  "0.100611408776293"  
[37] "0.100611408776293"   "0.0242270749746985"  "0.0242270749746985" 
[40] "0.00330625151232327" "0.00330625151232327" "beta :"             
[43] "1"                  
 [1] "sigma:"              "0.99"                "0.99"               
 [4] "0.99"                "0.99"                "0.99"               
 [7] "0.99"                "0.99"                "0.99"               
[10] "0.99"                "0.99"                "0.99"               
[13] "0.99"                "0.99"                "0.99"               
[16] "0.99"                "0.99"                "0.99"               
[19] "0.99"                "0.99"                "0.99"               
[22] "0.985833616691276"   "0.985833616691276"   "0.400648736898772"  
[25] "0.400648736898772"   "0.533904760749769"   "0.533904760749769"  
[28] "0.237721862439194"   "0.237721862439194"   "0.330378278090278"  
[31] "0.330378278090278"   "0.128539123246338"   "0.128539123246338"  
[34] "0.0164950991765572"  "0.0164950991765572"  "0.100611408776293"  
[37] "0.100611408776293"   "0.0242270749746985"  "0.0242270749746985" 
[40] "0.00330625151232327" "0.00330625151232327" "beta :"             
[43] "1"                  
[1] " old Likelihood:  -8933581.62587551"
[1] "New Likelihood:  -8933574.43058639"
iter:  0  f-value:  27636.27  pgrad:  0.5214104 
iter:  10  f-value:  27636.26  pgrad:  0.6657859 
iter:  20  f-value:  27636.26  pgrad:  0.6649329 
iter:  30  f-value:  27636.26  pgrad:  0.6647049 
iter:  40  f-value:  27636.25  pgrad:  0.4083631 
iter:  50  f-value:  27636.25  pgrad:  0.2852539 
  Unsuccessful convergence.
Time difference of 21.44468 mins
[1] "maxIt: 20"
[1] "It: 17"
 [1] "sigma:"              "0.99"                "0.99"               
 [4] "0.99"                "0.99"                "0.99"               
 [7] "0.99"                "0.99"                "0.99"               
[10] "0.99"                "0.99"                "0.99"               
[13] "0.99"                "0.99"                "0.99"               
[16] "0.99"                "0.99"                "0.99"               
[19] "0.99"                "0.99"                "0.99"               
[22] "0.98596708117172"    "0.98596708117172"    "0.397474820238505"  
[25] "0.397474820238505"   "0.531445135160738"   "0.531445135160738"  
[28] "0.239593798698778"   "0.239593798698778"   "0.336496621507815"  
[31] "0.336496621507815"   "0.131972638175735"   "0.131972638175735"  
[34] "0.0179447459669155"  "0.0179447459669155"  "0.102818740873288"  
[37] "0.102818740873288"   "0.0257042897284079"  "0.0257042897284079" 
[40] "0.00349387686924492" "0.00349387686924492" "beta :"             
[43] "1"                  
 [1] "sigma:"              "0.99"                "0.99"               
 [4] "0.99"                "0.99"                "0.99"               
 [7] "0.99"                "0.99"                "0.99"               
[10] "0.99"                "0.99"                "0.99"               
[13] "0.99"                "0.99"                "0.99"               
[16] "0.99"                "0.99"                "0.99"               
[19] "0.99"                "0.99"                "0.99"               
[22] "0.98596708117172"    "0.98596708117172"    "0.397474820238505"  
[25] "0.397474820238505"   "0.531445135160738"   "0.531445135160738"  
[28] "0.239593798698778"   "0.239593798698778"   "0.385996621507815"  
[31] "0.385996621507815"   "0.131972638175735"   "0.131972638175735"  
[34] "0.0179447459669155"  "0.0179447459669155"  "0.102818740873288"  
[37] "0.102818740873288"   "0.0257042897284079"  "0.0257042897284079" 
[40] "0.00349387686924492" "0.00349387686924492" "beta :"             
[43] "1"                  
[1] " old Likelihood:  -8933574.43058639"
[1] "New Likelihood:  -8933567.79765303"
iter:  0  f-value:  27413.03  pgrad:  0.5208971 
iter:  10  f-value:  27413.01  pgrad:  0.7065682 
iter:  20  f-value:  27413.01  pgrad:  0.6122718 
iter:  30  f-value:  27413.01  pgrad:  0.6087963 
iter:  40  f-value:  27413.01  pgrad:  0.6081032 
iter:  50  f-value:  27413  pgrad:  0.4800677 
  Unsuccessful convergence.
Time difference of 20.97854 mins
[1] "maxIt: 20"
[1] "It: 18"
 [1] "sigma:"              "0.99"                "0.99"               
 [4] "0.99"                "0.99"                "0.99"               
 [7] "0.99"                "0.99"                "0.99"               
[10] "0.99"                "0.99"                "0.99"               
[13] "0.99"                "0.99"                "0.99"               
[16] "0.99"                "0.99"                "0.99"               
[19] "0.99"                "0.99"                "0.99"               
[22] "0.985925173175134"   "0.985925173175134"   "0.395556541020749"  
[25] "0.395556541020749"   "0.529634121310206"   "0.529634121310206"  
[28] "0.240356738877421"   "0.240356738877421"   "0.390062785130997"  
[31] "0.390062785130997"   "0.134710396738758"   "0.134710396738758"  
[34] "0.019229795276601"   "0.019229795276601"   "0.104225211091147"  
[37] "0.104225211091147"   "0.0265435538655113"  "0.0265435538655113" 
[40] "0.00359859281449692" "0.00359859281449692" "beta :"             
[43] "1"                  
 [1] "sigma:"              "0.99"                "0.99"               
 [4] "0.99"                "0.99"                "0.99"               
 [7] "0.99"                "0.99"                "0.99"               
[10] "0.99"                "0.99"                "0.99"               
[13] "0.99"                "0.99"                "0.99"               
[16] "0.99"                "0.99"                "0.99"               
[19] "0.99"                "0.99"                "0.99"               
[22] "0.985925173175134"   "0.985925173175134"   "0.395556541020749"  
[25] "0.395556541020749"   "0.529634121310206"   "0.529634121310206"  
[28] "0.240356738877421"   "0.240356738877421"   "0.390062785130997"  
[31] "0.390062785130997"   "0.134710396738758"   "0.134710396738758"  
[34] "0.019229795276601"   "0.019229795276601"   "0.104225211091147"  
[37] "0.104225211091147"   "0.0265435538655113"  "0.0265435538655113" 
[40] "0.00359859281449692" "0.00359859281449692" "beta :"             
[43] "1"                  
[1] " old Likelihood:  -8933567.79765303"
[1] "New Likelihood:  -8933560.63800353"
iter:  0  f-value:  27422.53  pgrad:  0.5203362 
iter:  10  f-value:  27422.52  pgrad:  0.605785 
iter:  20  f-value:  27422.52  pgrad:  0.6051632 
iter:  30  f-value:  27422.52  pgrad:  0.5905167 
iter:  40  f-value:  27422.52  pgrad:  0.4005778 
iter:  50  f-value:  27422.52  pgrad:  0.3454625 
  Unsuccessful convergence.
Time difference of 21.06492 mins
[1] "maxIt: 20"
[1] "It: 19"
 [1] "sigma:"              "0.99"                "0.99"               
 [4] "0.99"                "0.99"                "0.99"               
 [7] "0.99"                "0.99"                "0.99"               
[10] "0.99"                "0.99"                "0.99"               
[13] "0.99"                "0.99"                "0.99"               
[16] "0.99"                "0.99"                "0.99"               
[19] "0.99"                "0.99"                "0.99"               
[22] "0.985981533777826"   "0.985981533777826"   "0.393652509626428"  
[25] "0.393652509626428"   "0.528139631959454"   "0.528139631959454"  
[28] "0.240916091040924"   "0.240916091040924"   "0.393544721077545"  
[31] "0.393544721077545"   "0.136644320864483"   "0.136644320864483"  
[34] "0.0198541670981093"  "0.0198541670981093"  "0.105469215860992"  
[37] "0.105469215860992"   "0.0274330025876578"  "0.0274330025876578" 
[40] "0.00370908137478778" "0.00370908137478778" "beta :"             
[43] "1"                  
 [1] "sigma:"              "0.99"                "0.99"               
 [4] "0.99"                "0.99"                "0.99"               
 [7] "0.99"                "0.99"                "0.99"               
[10] "0.99"                "0.99"                "0.99"               
[13] "0.99"                "0.99"                "0.99"               
[16] "0.99"                "0.99"                "0.99"               
[19] "0.99"                "0.99"                "0.99"               
[22] "0.985981533777826"   "0.985981533777826"   "0.393652509626428"  
[25] "0.393652509626428"   "0.528139631959454"   "0.528139631959454"  
[28] "0.240916091040924"   "0.240916091040924"   "0.393544721077545"  
[31] "0.393544721077545"   "0.136644320864483"   "0.136644320864483"  
[34] "0.0198541670981093"  "0.0198541670981093"  "0.154969215860992"  
[37] "0.154969215860992"   "0.0274330025876578"  "0.0274330025876578" 
[40] "0.00370908137478778" "0.00370908137478778" "beta :"             
[43] "1"                  
[1] " old Likelihood:  -8933560.63800353"
[1] "New Likelihood:  -8933556.99085211"
iter:  0  f-value:  27300.17  pgrad:  0.5193629 
iter:  10  f-value:  27300.16  pgrad:  0.6020176 
iter:  20  f-value:  27300.16  pgrad:  0.601677 
iter:  30  f-value:  27300.16  pgrad:  0.6012752 
iter:  40  f-value:  27300.16  pgrad:  0.5379115 
iter:  50  f-value:  27300.16  pgrad:  0.4036337 
  Unsuccessful convergence.
Time difference of 20.97714 mins
[1] "maxIt: 20"
[1] "It: 20"
 [1] "sigma:"              "0.99"                "0.99"               
 [4] "0.99"                "0.99"                "0.99"               
 [7] "0.99"                "0.99"                "0.99"               
[10] "0.99"                "0.99"                "0.99"               
[13] "0.99"                "0.99"                "0.99"               
[16] "0.99"                "0.99"                "0.99"               
[19] "0.99"                "0.99"                "0.99"               
[22] "0.986009894293353"   "0.986009894293353"   "0.392049202785644"  
[25] "0.392049202785644"   "0.527204337051483"   "0.527204337051483"  
[28] "0.241451486842863"   "0.241451486842863"   "0.396458922926035"  
[31] "0.396458922926035"   "0.138372520948848"   "0.138372520948848"  
[34] "0.0208967877094527"  "0.0208967877094527"  "0.156489647958889"  
[37] "0.156489647958889"   "0.028325381340648"   "0.028325381340648"  
[40] "0.00381976370696155" "0.00381976370696155" "beta :"             
[43] "1"                  
 [1] "sigma:"              "0.99"                "0.99"               
 [4] "0.99"                "0.99"                "0.99"               
 [7] "0.99"                "0.99"                "0.99"               
[10] "0.99"                "0.99"                "0.99"               
[13] "0.99"                "0.99"                "0.99"               
[16] "0.99"                "0.99"                "0.99"               
[19] "0.99"                "0.99"                "0.99"               
[22] "0.986009894293353"   "0.986009894293353"   "0.342549202785644"  
[25] "0.342549202785644"   "0.527204337051483"   "0.527204337051483"  
[28] "0.241451486842863"   "0.241451486842863"   "0.396458922926035"  
[31] "0.396458922926035"   "0.138372520948848"   "0.138372520948848"  
[34] "0.0208967877094527"  "0.0208967877094527"  "0.156489647958889"  
[37] "0.156489647958889"   "0.028325381340648"   "0.028325381340648"  
[40] "0.00381976370696155" "0.00381976370696155" "beta :"             
[43] "1"                  
[1] " old Likelihood:  -8933556.99085211"
[1] "New Likelihood:  -8933552.45715122"
iter:  0  f-value:  27389.37  pgrad:  0.5236191 
iter:  10  f-value:  27389.36  pgrad:  0.5990143 
iter:  20  f-value:  27389.36  pgrad:  0.5987652 
iter:  30  f-value:  27389.36  pgrad:  0.5304901 
iter:  40  f-value:  27389.36  pgrad:  0.4464164 
iter:  50  f-value:  27389.36  pgrad:  0.3947207 
  Unsuccessful convergence.
Time difference of 21.45992 mins
 [1] "sigma:"              "0.99"                "0.99"               
 [4] "0.99"                "0.99"                "0.99"               
 [7] "0.99"                "0.99"                "0.99"               
[10] "0.99"                "0.99"                "0.99"               
[13] "0.99"                "0.99"                "0.99"               
[16] "0.99"                "0.99"                "0.99"               
[19] "0.99"                "0.99"                "0.99"               
[22] "0.986104491958813"   "0.986104491958813"   "0.342821874597591"  
[25] "0.342821874597591"   "0.527233970156486"   "0.527233970156486"  
[28] "0.241899273844352"   "0.241899273844352"   "0.398466252126196"  
[31] "0.398466252126196"   "0.139557178535043"   "0.139557178535043"  
[34] "0.0214667304136446"  "0.0214667304136446"  "0.157363524745134"  
[37] "0.157363524745134"   "0.0288710100014346"  "0.0288710100014346" 
[40] "0.00388660880076315" "0.00388660880076315" "beta :"             
[43] "1"                  
[1] 1999950 1999888 1999936 1998388 1999890
[1] 1 1 1 1 1
saved RDS
inference successful
