[1] "Original length"
[1] 999910
[1] "Final length"
[1] 18806
[1] "sequence length : 999911" "sequence length : 999335"
[3] "sequence length : 999509" "sequence length : 999464"
[5] "sequence length : 999952"
[1] 1 1 1 1 1
[1] "Beta: 1"
[1] "Self: 0"
[1] "maxIt: 20"
[1] "It: 1"
 [1] "sigma:" "0"      "0"      "0"      "0"      "0"      "0"      "0"     
 [9] "0"      "0"      "0"      "0"      "0"      "0"      "0"      "0"     
[17] "0"      "0"      "0"      "0"      "0"      "0"      "0"      "0"     
[25] "0"      "0"      "0"      "0"      "0"      "0"      "0"      "0"     
[33] "0"      "0"      "0"      "0"      "0"      "0"      "0"      "0"     
[41] "0"      "beta :" "1"     
 [1] "sigma:" "0.9405" "0.9405" "0.9405" "0.9405" "0.9405" "0.9405" "0.9405"
 [9] "0.9405" "0.9405" "0.9405" "0.9405" "0.9405" "0.9405" "0.9405" "0.9405"
[17] "0.9405" "0.9405" "0.9405" "0.9405" "0.9405" "0.9405" "0.9405" "0"     
[25] "0"      "0"      "0"      "0"      "0"      "0"      "0"      "0"     
[33] "0"      "0"      "0"      "0"      "0"      "0"      "0"      "0"     
[41] "0"      "beta :" "1"     
[1] "New Likelihood:  -9363179.19729484"
iter:  0  f-value:  33336.2  pgrad:  0.5 
iter:  10  f-value:  33333.51  pgrad:  0.9996904 
iter:  20  f-value:  33332.33  pgrad:  0.9988609 
iter:  30  f-value:  33332.2  pgrad:  0.9972025 
iter:  40  f-value:  33331.55  pgrad:  0.9998055 
iter:  50  f-value:  33331.49  pgrad:  0.9955955 
  Unsuccessful convergence.
Time difference of 2.058707 hours
[1] "maxIt: 20"
[1] "It: 2"
 [1] "sigma:"               "0.957588996226647"    "0.957588996226647"   
 [4] "0.949283805800785"    "0.949283805800785"    "0.953197010750298"   
 [7] "0.953197010750298"    "0.958792308282692"    "0.958792308282692"   
[10] "0.966279140740266"    "0.966279140740266"    "0.972962854827724"   
[13] "0.972962854827724"    "0.975086020043019"    "0.975086020043019"   
[16] "0.974288040688033"    "0.974288040688033"    "0.962431601481544"   
[19] "0.962431601481544"    "0.9230130755308"      "0.9230130755308"     
[22] "0.904378371131786"    "0.904378371131786"    "0.000623028869360729"
[25] "0.000623028869360729" "0.00437006669542501"  "0.00437006669542501" 
[28] "0.0109185275258477"   "0.0109185275258477"   "0.018533396865598"   
[31] "0.018533396865598"    "0.0221363556979969"   "0.0221363556979969"  
[34] "0.0179789248439646"   "0.0179789248439646"   "0.0105903343336765"  
[37] "0.0105903343336765"   "0.0048171164631259"   "0.0048171164631259"  
[40] "0.000805022114910733" "0.000805022114910733" "beta :"              
[43] "1"                   
 [1] "sigma:"               "0.957588996226647"    "0.957588996226647"   
 [4] "0.949283805800785"    "0.949283805800785"    "0.953197010750298"   
 [7] "0.953197010750298"    "0.958792308282692"    "0.958792308282692"   
[10] "0.966279140740266"    "0.966279140740266"    "0.972962854827724"   
[13] "0.972962854827724"    "0.975086020043019"    "0.975086020043019"   
[16] "0.974288040688033"    "0.974288040688033"    "0.962431601481544"   
[19] "0.962431601481544"    "0.9725130755308"      "0.9725130755308"     
[22] "0.904378371131786"    "0.904378371131786"    "0.248123028869361"   
[25] "0.248123028869361"    "0.103370066695425"    "0.103370066695425"   
[28] "0.0109185275258477"   "0.0109185275258477"   "0.018533396865598"   
[31] "0.018533396865598"    "0.0221363556979969"   "0.0221363556979969"  
[34] "0.0179789248439646"   "0.0179789248439646"   "0.0105903343336765"  
[37] "0.0105903343336765"   "0.0048171164631259"   "0.0048171164631259"  
[40] "0.000805022114910731" "0.000805022114910731" "beta :"              
[43] "1"                   
[1] " old Likelihood:  -9363179.19729484"
[1] "New Likelihood:  -9361833.76621289"
iter:  0  f-value:  32963.61  pgrad:  0.5643233 
iter:  10  f-value:  32962.93  pgrad:  0.9888617 
iter:  20  f-value:  32962.72  pgrad:  0.9880919 
iter:  30  f-value:  32962.65  pgrad:  0.9874013 
iter:  40  f-value:  32962.57  pgrad:  0.9862939 
iter:  50  f-value:  32962.55  pgrad:  0.985914 
  Unsuccessful convergence.
Time difference of 22.74318 mins
[1] "maxIt: 20"
[1] "It: 3"
 [1] "sigma:"              "0.963797185150194"   "0.963797185150194"  
 [4] "0.952487533699929"   "0.952487533699929"   "0.957826651578786"  
 [7] "0.957826651578786"   "0.96546747917894"    "0.96546747917894"   
[10] "0.975760636047284"   "0.975760636047284"   "0.984832631008338"  
[13] "0.984832631008338"   "0.987038157162681"   "0.987038157162681"  
[16] "0.985983651686173"   "0.985983651686173"   "0.973702347625038"  
[19] "0.973702347625038"   "0.97101617658041"    "0.97101617658041"   
[22] "0.887796940393726"   "0.887796940393726"   "0.245356182215753"  
[25] "0.245356182215753"   "0.103634516381296"   "0.103634516381296"  
[28] "0.0129851140823359"  "0.0129851140823359"  "0.0223357763941981" 
[31] "0.0223357763941981"  "0.0272969852679388"  "0.0272969852679388" 
[34] "0.0228482687406323"  "0.0228482687406323"  "0.0139982209514259" 
[37] "0.0139982209514259"  "0.00663726945416967" "0.00663726945416967"
[40] "0.0011225323984511"  "0.0011225323984511"  "beta :"             
[43] "1"                  
 [1] "sigma:"              "0.963797185150194"   "0.963797185150194"  
 [4] "0.952487533699929"   "0.952487533699929"   "0.957826651578786"  
 [7] "0.957826651578786"   "0.96546747917894"    "0.96546747917894"   
[10] "0.975760636047284"   "0.975760636047284"   "0.984832631008338"  
[13] "0.984832631008338"   "0.987038157162681"   "0.987038157162681"  
[16] "0.985983651686173"   "0.985983651686173"   "0.973702347625038"  
[19] "0.973702347625038"   "0.97101617658041"    "0.97101617658041"   
[22] "0.788796940393726"   "0.788796940393726"   "0.294856182215753"  
[25] "0.294856182215753"   "0.153134516381296"   "0.153134516381296"  
[28] "0.0129851140823359"  "0.0129851140823359"  "0.0223357763941981" 
[31] "0.0223357763941981"  "0.0272969852679388"  "0.0272969852679388" 
[34] "0.0228482687406323"  "0.0228482687406323"  "0.0139982209514259" 
[37] "0.0139982209514259"  "0.00663726945416967" "0.00663726945416967"
[40] "0.0011225323984511"  "0.0011225323984511"  "beta :"             
[43] "1"                  
[1] " old Likelihood:  -9361833.76621289"
[1] "New Likelihood:  -9361533.26136772"
iter:  0  f-value:  33153.28  pgrad:  0.4974924 
iter:  10  f-value:  33153.02  pgrad:  0.9771872 
iter:  20  f-value:  33152.96  pgrad:  0.9758119 
iter:  30  f-value:  33152.94  pgrad:  0.9752489 
iter:  40  f-value:  33152.93  pgrad:  0.9747123 
iter:  50  f-value:  33152.92  pgrad:  0.9744707 
  Unsuccessful convergence.
Time difference of 20.90146 mins
[1] "maxIt: 20"
[1] "It: 4"
 [1] "sigma:"              "0.969947684646252"   "0.969947684646252"  
 [4] "0.955622679631679"   "0.955622679631679"   "0.962349669655934"  
 [7] "0.962349669655934"   "0.971906108970013"   "0.971906108970013"  
[10] "0.984699941529098"   "0.984699941529098"   "0.99"               
[13] "0.99"                "0.99"                "0.99"               
[16] "0.988797493761169"   "0.988797493761169"   "0.981609684886181"  
[19] "0.981609684886181"   "0.970408282687581"   "0.970408282687581"  
[22] "0.776199215675348"   "0.776199215675348"   "0.29278984850959"   
[25] "0.29278984850959"    "0.153336230922821"   "0.153336230922821"  
[28] "0.0155123787921808"  "0.0155123787921808"  "0.0266670586293692" 
[31] "0.0266670586293692"  "0.0328272547707025"  "0.0328272547707025" 
[34] "0.0281016482830322"  "0.0281016482830322"  "0.018056753854974"  
[37] "0.018056753854974"   "0.00910468305162486" "0.00910468305162486"
[40] "0.00154868600666266" "0.00154868600666266" "beta :"             
[43] "1"                  
 [1] "sigma:"              "0.969947684646252"   "0.969947684646252"  
 [4] "0.955622679631679"   "0.955622679631679"   "0.962349669655934"  
 [7] "0.962349669655934"   "0.971906108970013"   "0.971906108970013"  
[10] "0.984699941529098"   "0.984699941529098"   "0.99"               
[13] "0.99"                "0.99"                "0.99"               
[16] "0.988797493761169"   "0.988797493761169"   "0.981609684886181"  
[19] "0.981609684886181"   "0.970408282687581"   "0.970408282687581"  
[22] "0.726699215675348"   "0.726699215675348"   "0.34228984850959"   
[25] "0.34228984850959"    "0.153336230922821"   "0.153336230922821"  
[28] "0.0155123787921809"  "0.0155123787921809"  "0.0266670586293692" 
[31] "0.0266670586293692"  "0.0328272547707025"  "0.0328272547707025" 
[34] "0.0281016482830322"  "0.0281016482830322"  "0.018056753854974"  
[37] "0.018056753854974"   "0.00910468305162486" "0.00910468305162486"
[40] "0.00154868600666266" "0.00154868600666266" "beta :"             
[43] "1"                  
[1] " old Likelihood:  -9361533.26136772"
[1] "New Likelihood:  -9361415.27950027"
iter:  0  f-value:  33254.3  pgrad:  0.4968174 
iter:  10  f-value:  33254.22  pgrad:  0.8022471 
iter:  20  f-value:  33254.21  pgrad:  0.7327696 
iter:  30  f-value:  33254.19  pgrad:  0.9041105 
iter:  40  f-value:  33254.16  pgrad:  0.7259803 
iter:  50  f-value:  33254.16  pgrad:  0.725416 
  Unsuccessful convergence.
Time difference of 20.52395 mins
[1] "maxIt: 20"
[1] "It: 5"
 [1] "sigma:"              "0.976175361200065"   "0.976175361200065"  
 [4] "0.958891472195955"   "0.958891472195955"   "0.967112116118842"  
 [7] "0.967112116118842"   "0.978660224796735"   "0.978660224796735"  
[10] "0.99"                "0.99"                "0.99"               
[13] "0.99"                "0.99"                "0.99"               
[16] "0.985153182504496"   "0.985153182504496"   "0.987339021257926"  
[19] "0.987339021257926"   "0.972024207056821"   "0.972024207056821"  
[22] "0.718122882399104"   "0.718122882399104"   "0.341950193623294"  
[25] "0.341950193623294"   "0.154500803868177"   "0.154500803868177"  
[28] "0.0182558675152094"  "0.0182558675152094"  "0.0303818629497991" 
[31] "0.0303818629497991"  "0.0373316784273882"  "0.0373316784273882" 
[34] "0.0328457872830411"  "0.0328457872830411"  "0.0226539514210204" 
[37] "0.0226539514210204"  "0.012521639129768"   "0.012521639129768"  
[40] "0.00218171039245477" "0.00218171039245477" "beta :"             
[43] "1"                  
 [1] "sigma:"              "0.976175361200065"   "0.976175361200065"  
 [4] "0.958891472195955"   "0.958891472195955"   "0.967112116118842"  
 [7] "0.967112116118842"   "0.978660224796735"   "0.978660224796735"  
[10] "0.99"                "0.99"                "0.99"               
[13] "0.99"                "0.99"                "0.99"               
[16] "0.985153182504496"   "0.985153182504496"   "0.987339021257926"  
[19] "0.987339021257926"   "0.972024207056821"   "0.972024207056821"  
[22] "0.668622882399104"   "0.668622882399104"   "0.391450193623294"  
[25] "0.391450193623294"   "0.154500803868177"   "0.154500803868177"  
[28] "0.0182558675152094"  "0.0182558675152094"  "0.0303818629497991" 
[31] "0.0303818629497991"  "0.0373316784273882"  "0.0373316784273882" 
[34] "0.0328457872830411"  "0.0328457872830411"  "0.0226539514210204" 
[37] "0.0226539514210204"  "0.012521639129768"   "0.012521639129768"  
[40] "0.00218171039245477" "0.00218171039245477" "beta :"             
[43] "1"                  
[1] " old Likelihood:  -9361415.27950027"
[1] "New Likelihood:  -9361367.06794513"
iter:  0  f-value:  33284.17  pgrad:  0.5002221 
iter:  10  f-value:  33284.13  pgrad:  0.5394395 
iter:  20  f-value:  33284.12  pgrad:  0.761429 
iter:  30  f-value:  33284.11  pgrad:  0.618893 
iter:  40  f-value:  33284.11  pgrad:  0.5833135 
iter:  50  f-value:  33284.11  pgrad:  0.5463517 
  Unsuccessful convergence.
Time difference of 20.53058 mins
[1] "maxIt: 20"
[1] "It: 6"
 [1] "sigma:"              "0.979180504407711"   "0.979180504407711"  
 [4] "0.960579554993492"   "0.960579554993492"   "0.969634400559921"  
 [7] "0.969634400559921"   "0.982312507808843"   "0.982312507808843"  
[10] "0.99"                "0.99"                "0.99"               
[13] "0.99"                "0.99"                "0.99"               
[16] "0.982461553332148"   "0.982461553332148"   "0.99"               
[19] "0.99"                "0.973428842126489"   "0.973428842126489"  
[22] "0.665857653369657"   "0.665857653369657"   "0.391439264428994"  
[25] "0.391439264428994"   "0.15525604489787"    "0.15525604489787"   
[28] "0.020111187259912"   "0.020111187259912"   "0.0321778226582721" 
[31] "0.0321778226582721"  "0.0392040145551828"  "0.0392040145551828" 
[34] "0.0349107021205885"  "0.0349107021205885"  "0.0249982816532507" 
[37] "0.0249982816532507"  "0.0144528870441458"  "0.0144528870441458" 
[40] "0.00254476123123274" "0.00254476123123274" "beta :"             
[43] "1"                  
 [1] "sigma:"              "0.979180504407711"   "0.979180504407711"  
 [4] "0.960579554993492"   "0.960579554993492"   "0.969634400559921"  
 [7] "0.969634400559921"   "0.982312507808843"   "0.982312507808843"  
[10] "0.99"                "0.99"                "0.99"               
[13] "0.99"                "0.99"                "0.99"               
[16] "0.982461553332148"   "0.982461553332148"   "0.99"               
[19] "0.99"                "0.973428842126489"   "0.973428842126489"  
[22] "0.665857653369657"   "0.665857653369657"   "0.391439264428994"  
[25] "0.391439264428994"   "0.20475604489787"    "0.20475604489787"   
[28] "0.0201111872599119"  "0.0201111872599119"  "0.0321778226582721" 
[31] "0.0321778226582721"  "0.0392040145551828"  "0.0392040145551828" 
[34] "0.0349107021205885"  "0.0349107021205885"  "0.0249982816532507" 
[37] "0.0249982816532507"  "0.0144528870441458"  "0.0144528870441458" 
[40] "0.00254476123123274" "0.00254476123123274" "beta :"             
[43] "1"                  
[1] " old Likelihood:  -9361367.06794513"
[1] "New Likelihood:  -9361344.5050587"
iter:  0  f-value:  33185.99  pgrad:  0.4959315 
iter:  10  f-value:  33185.96  pgrad:  0.4798173 
iter:  20  f-value:  33185.96  pgrad:  0.4952786 
iter:  30  f-value:  33185.95  pgrad:  0.5010224 
iter:  40  f-value:  33185.95  pgrad:  0.5087511 
iter:  50  f-value:  33185.95  pgrad:  0.4912719 
  Unsuccessful convergence.
Time difference of 20.05382 mins
[1] "maxIt: 20"
[1] "It: 7"
 [1] "sigma:"              "0.981597918880549"   "0.981597918880549"  
 [4] "0.962029189422724"   "0.962029189422724"   "0.971877281971322"  
 [7] "0.971877281971322"   "0.985643441825541"   "0.985643441825541"  
[10] "0.99"                "0.99"                "0.99"               
[13] "0.99"                "0.99"                "0.99"               
[16] "0.980548070301049"   "0.980548070301049"   "0.99"               
[19] "0.99"                "0.974979904330949"   "0.974979904330949"  
[22] "0.66337058086272"    "0.66337058086272"    "0.390758913084947"  
[25] "0.390758913084947"   "0.204866557727812"   "0.204866557727812"  
[28] "0.0217921301071227"  "0.0217921301071227"  "0.0338789419215925" 
[31] "0.0338789419215925"  "0.0405581859965513"  "0.0405581859965513" 
[34] "0.0363803140219039"  "0.0363803140219039"  "0.0268776521662243" 
[37] "0.0268776521662243"  "0.0162111763738638"  "0.0162111763738638" 
[40] "0.00288168003931477" "0.00288168003931477" "beta :"             
[43] "1"                  
 [1] "sigma:"              "0.981597918880549"   "0.981597918880549"  
 [4] "0.962029189422724"   "0.962029189422724"   "0.971877281971322"  
 [7] "0.971877281971322"   "0.985643441825541"   "0.985643441825541"  
[10] "0.99"                "0.99"                "0.99"               
[13] "0.99"                "0.99"                "0.99"               
[16] "0.980548070301049"   "0.980548070301049"   "0.99"               
[19] "0.99"                "0.974979904330949"   "0.974979904330949"  
[22] "0.66337058086272"    "0.66337058086272"    "0.390758913084947"  
[25] "0.390758913084947"   "0.204866557727812"   "0.204866557727812"  
[28] "0.0712921301071227"  "0.0712921301071227"  "0.0338789419215925" 
[31] "0.0338789419215925"  "0.0405581859965513"  "0.0405581859965513" 
[34] "0.0363803140219039"  "0.0363803140219039"  "0.0268776521662243" 
[37] "0.0268776521662243"  "0.0162111763738638"  "0.0162111763738638" 
[40] "0.00288168003931477" "0.00288168003931477" "beta :"             
[43] "1"                  
[1] " old Likelihood:  -9361344.5050587"
[1] "New Likelihood:  -9361328.35723354"
iter:  0  f-value:  33063.82  pgrad:  0.504776 
iter:  10  f-value:  33063.8  pgrad:  0.4791672 
iter:  20  f-value:  33063.79  pgrad:  0.6940536 
iter:  30  f-value:  33063.79  pgrad:  0.4111037 
iter:  40  f-value:  33063.79  pgrad:  0.3713649 
iter:  50  f-value:  33063.79  pgrad:  0.3695459 
  Unsuccessful convergence.
Time difference of 20.44486 mins
[1] "maxIt: 20"
[1] "It: 8"
 [1] "sigma:"              "0.983368328807732"   "0.983368328807732"  
 [4] "0.963230440702145"   "0.963230440702145"   "0.973812406769291"  
 [7] "0.973812406769291"   "0.988598713901515"   "0.988598713901515"  
[10] "0.99"                "0.99"                "0.99"               
[13] "0.99"                "0.99"                "0.99"               
[16] "0.978694173554901"   "0.978694173554901"   "0.99"               
[19] "0.99"                "0.976152264233617"   "0.976152264233617"  
[22] "0.661402587720459"   "0.661402587720459"   "0.390181919771182"  
[25] "0.390181919771182"   "0.204518068951385"   "0.204518068951385"  
[28] "0.0726969108889592"  "0.0726969108889592"  "0.0355760011855813" 
[31] "0.0355760011855813"  "0.0418845156226237"  "0.0418845156226237" 
[34] "0.0377362593793276"  "0.0377362593793276"  "0.028491139677917"  
[37] "0.028491139677917"   "0.0178675810443921"  "0.0178675810443921" 
[40] "0.00320963962590769" "0.00320963962590769" "beta :"             
[43] "1"                  
 [1] "sigma:"              "0.983368328807732"   "0.983368328807732"  
 [4] "0.963230440702145"   "0.963230440702145"   "0.973812406769291"  
 [7] "0.973812406769291"   "0.988598713901515"   "0.988598713901515"  
[10] "0.99"                "0.99"                "0.99"               
[13] "0.99"                "0.99"                "0.99"               
[16] "0.978694173554901"   "0.978694173554901"   "0.99"               
[19] "0.99"                "0.976152264233617"   "0.976152264233617"  
[22] "0.661402587720459"   "0.661402587720459"   "0.390181919771182"  
[25] "0.390181919771182"   "0.204518068951385"   "0.204518068951385"  
[28] "0.0726969108889592"  "0.0726969108889592"  "0.0355760011855813" 
[31] "0.0355760011855813"  "0.0418845156226237"  "0.0418845156226237" 
[34] "0.0872362593793276"  "0.0872362593793276"  "0.028491139677917"  
[37] "0.028491139677917"   "0.0178675810443921"  "0.0178675810443921" 
[40] "0.00320963962590769" "0.00320963962590769" "beta :"             
[43] "1"                  
[1] " old Likelihood:  -9361328.35723354"
[1] "New Likelihood:  -9361313.7265461"
iter:  0  f-value:  32907.92  pgrad:  0.5210567 
iter:  10  f-value:  32907.9  pgrad:  0.4792009 
iter:  20  f-value:  32907.9  pgrad:  0.4249159 
iter:  30  f-value:  32907.89  pgrad:  0.384025 
iter:  40  f-value:  32907.89  pgrad:  0.3739115 
iter:  50  f-value:  32907.89  pgrad:  0.3539753 
  Unsuccessful convergence.
Time difference of 21.00318 mins
[1] "maxIt: 20"
[1] "It: 9"
 [1] "sigma:"              "0.984279929236831"   "0.984279929236831"  
 [4] "0.963951635792139"   "0.963951635792139"   "0.975005682920791"  
 [7] "0.975005682920791"   "0.99"                "0.99"               
[10] "0.99"                "0.99"                "0.99"               
[13] "0.99"                "0.99"                "0.99"               
[16] "0.977389876594008"   "0.977389876594008"   "0.99"               
[19] "0.99"                "0.977037280041148"   "0.977037280041148"  
[22] "0.660493717563158"   "0.660493717563158"   "0.390435131134625"  
[25] "0.390435131134625"   "0.204298080720625"   "0.204298080720625"  
[28] "0.073536212532214"   "0.073536212532214"   "0.0366965838494084" 
[31] "0.0366965838494084"  "0.0430627818817893"  "0.0430627818817893" 
[34] "0.0885083240686355"  "0.0885083240686355"  "0.0298878399305195" 
[37] "0.0298878399305195"  "0.0190595876859581"  "0.0190595876859581" 
[40] "0.00343555856815242" "0.00343555856815242" "beta :"             
[43] "1"                  
 [1] "sigma:"              "0.984279929236831"   "0.984279929236831"  
 [4] "0.963951635792139"   "0.963951635792139"   "0.975005682920791"  
 [7] "0.975005682920791"   "0.99"                "0.99"               
[10] "0.99"                "0.99"                "0.99"               
[13] "0.99"                "0.99"                "0.99"               
[16] "0.977389876594008"   "0.977389876594008"   "0.99"               
[19] "0.99"                "0.977037280041148"   "0.977037280041148"  
[22] "0.660493717563158"   "0.660493717563158"   "0.390435131134625"  
[25] "0.390435131134625"   "0.204298080720625"   "0.204298080720625"  
[28] "0.073536212532214"   "0.073536212532214"   "0.0366965838494084" 
[31] "0.0366965838494084"  "0.0430627818817893"  "0.0430627818817893" 
[34] "0.0885083240686356"  "0.0885083240686356"  "0.0298878399305195" 
[37] "0.0298878399305195"  "0.0190595876859581"  "0.0190595876859581" 
[40] "0.00343555856815242" "0.00343555856815242" "beta :"             
[43] "1"                  
[1] " old Likelihood:  -9361313.7265461"
[1] "New Likelihood:  -9361300.70419562"
iter:  0  f-value:  32929.14  pgrad:  0.5210058 
iter:  10  f-value:  32929.12  pgrad:  0.4083992 
iter:  20  f-value:  32929.12  pgrad:  0.3597233 
iter:  30  f-value:  32929.12  pgrad:  0.3181776 
iter:  40  f-value:  32929.12  pgrad:  0.4712638 
iter:  50  f-value:  32929.12  pgrad:  0.3034074 
  Unsuccessful convergence.
Time difference of 21.03146 mins
[1] "maxIt: 20"
[1] "It: 10"
 [1] "sigma:"              "0.984819110456631"   "0.984819110456631"  
 [4] "0.964419916857915"   "0.964419916857915"   "0.975808757907463"  
 [7] "0.975808757907463"   "0.99"                "0.99"               
[10] "0.99"                "0.99"                "0.99"               
[13] "0.99"                "0.99"                "0.99"               
[16] "0.976693327392175"   "0.976693327392175"   "0.99"               
[19] "0.99"                "0.977635192063264"   "0.977635192063264"  
[22] "0.659967258531964"   "0.659967258531964"   "0.39066979311915"   
[25] "0.39066979311915"    "0.204302024084974"   "0.204302024084974"  
[28] "0.0742049363868542"  "0.0742049363868542"  "0.037228617799723"  
[31] "0.037228617799723"   "0.043523888246149"   "0.043523888246149"  
[34] "0.0891598828108939"  "0.0891598828108939"  "0.0306860790934788" 
[37] "0.0306860790934788"  "0.0198243904871033"  "0.0198243904871033" 
[40] "0.00357489021450914" "0.00357489021450914" "beta :"             
[43] "1"                  
 [1] "sigma:"              "0.984819110456631"   "0.984819110456631"  
 [4] "0.964419916857915"   "0.964419916857915"   "0.975808757907463"  
 [7] "0.975808757907463"   "0.99"                "0.99"               
[10] "0.99"                "0.99"                "0.99"               
[13] "0.99"                "0.99"                "0.99"               
[16] "0.976693327392175"   "0.976693327392175"   "0.99"               
[19] "0.99"                "0.977635192063264"   "0.977635192063264"  
[22] "0.659967258531964"   "0.659967258531964"   "0.39066979311915"   
[25] "0.39066979311915"    "0.204302024084974"   "0.204302024084974"  
[28] "0.123704936386854"   "0.123704936386854"   "0.037228617799723"  
[31] "0.037228617799723"   "0.043523888246149"   "0.043523888246149"  
[34] "0.0891598828108939"  "0.0891598828108939"  "0.0306860790934788" 
[37] "0.0306860790934788"  "0.0198243904871033"  "0.0198243904871033" 
[40] "0.00357489021450914" "0.00357489021450914" "beta :"             
[43] "1"                  
[1] " old Likelihood:  -9361300.70419562"
[1] "New Likelihood:  -9361291.37467243"
iter:  0  f-value:  32794.61  pgrad:  0.5050094 
iter:  10  f-value:  32794.59  pgrad:  0.4074233 
iter:  20  f-value:  32794.59  pgrad:  0.5050193 
iter:  30  f-value:  32794.59  pgrad:  0.2903107 
iter:  40  f-value:  32794.59  pgrad:  0.4949799 
iter:  50  f-value:  32794.58  pgrad:  0.2665911 
  Unsuccessful convergence.
Time difference of 20.98455 mins
[1] "maxIt: 20"
[1] "It: 11"
 [1] "sigma:"              "0.985534952177595"   "0.985534952177595"  
 [4] "0.965127207445001"   "0.965127207445001"   "0.977069504048974"  
 [7] "0.977069504048974"   "0.99"                "0.99"               
[10] "0.99"                "0.99"                "0.99"               
[13] "0.99"                "0.99"                "0.99"               
[16] "0.975931184923482"   "0.975931184923482"   "0.99"               
[19] "0.99"                "0.978113503597356"   "0.978113503597356"  
[22] "0.65885260231514"    "0.65885260231514"    "0.390400825219079"  
[25] "0.390400825219079"   "0.203738202153959"   "0.203738202153959"  
[28] "0.124549297613636"   "0.124549297613636"   "0.0384252461654243" 
[31] "0.0384252461654243"  "0.0445255037204515"  "0.0445255037204515" 
[34] "0.0901666569775452"  "0.0901666569775452"  "0.0317906232358614" 
[37] "0.0317906232358614"  "0.0209918059257359"  "0.0209918059257359" 
[40] "0.00380777609558202" "0.00380777609558202" "beta :"             
[43] "1"                  
 [1] "sigma:"              "0.985534952177595"   "0.985534952177595"  
 [4] "0.965127207445001"   "0.965127207445001"   "0.977069504048974"  
 [7] "0.977069504048974"   "0.99"                "0.99"               
[10] "0.99"                "0.99"                "0.99"               
[13] "0.99"                "0.99"                "0.99"               
[16] "0.975931184923482"   "0.975931184923482"   "0.99"               
[19] "0.99"                "0.978113503597356"   "0.978113503597356"  
[22] "0.65885260231514"    "0.65885260231514"    "0.390400825219079"  
[25] "0.390400825219079"   "0.203738202153959"   "0.203738202153959"  
[28] "0.124549297613636"   "0.124549297613636"   "0.0384252461654243" 
[31] "0.0384252461654243"  "0.0445255037204515"  "0.0445255037204515" 
[34] "0.0901666569775452"  "0.0901666569775452"  "0.0317906232358614" 
[37] "0.0317906232358614"  "0.0209918059257359"  "0.0209918059257359" 
[40] "0.00380777609558201" "0.00380777609558201" "beta :"             
[43] "1"                  
[1] " old Likelihood:  -9361291.37467243"
[1] "New Likelihood:  -9361282.14035394"
iter:  0  f-value:  32811.37  pgrad:  0.5207806 
iter:  10  f-value:  32811.36  pgrad:  0.3352034 
iter:  20  f-value:  32811.36  pgrad:  0.3106106 
iter:  30  f-value:  32811.36  pgrad:  0.2617162 
iter:  40  f-value:  32811.36  pgrad:  0.2515299 
iter:  50  f-value:  32811.36  pgrad:  0.505098 
  Unsuccessful convergence.
Time difference of 20.89936 mins
[1] "maxIt: 20"
[1] "It: 12"
 [1] "sigma:"              "0.986019474381722"   "0.986019474381722"  
 [4] "0.965719654762397"   "0.965719654762397"   "0.978167009770319"  
 [7] "0.978167009770319"   "0.99"                "0.99"               
[10] "0.99"                "0.99"                "0.99"               
[13] "0.99"                "0.99"                "0.99"               
[16] "0.97533885705287"    "0.97533885705287"    "0.99"               
[19] "0.99"                "0.978540930197103"   "0.978540930197103"  
[22] "0.658097746036961"   "0.658097746036961"   "0.390464384784926"  
[25] "0.390464384784926"   "0.203306269431619"   "0.203306269431619"  
[28] "0.12515912301082"    "0.12515912301082"    "0.0391070381961337" 
[31] "0.0391070381961337"  "0.0449135847378804"  "0.0449135847378804" 
[34] "0.0908661400068705"  "0.0908661400068705"  "0.0325932288179839" 
[37] "0.0325932288179839"  "0.0219816295438156"  "0.0219816295438156" 
[40] "0.00401043484034601" "0.00401043484034601" "beta :"             
[43] "1"                  
 [1] "sigma:"              "0.986019474381722"   "0.986019474381722"  
 [4] "0.965719654762397"   "0.965719654762397"   "0.978167009770319"  
 [7] "0.978167009770319"   "0.99"                "0.99"               
[10] "0.99"                "0.99"                "0.99"               
[13] "0.99"                "0.99"                "0.99"               
[16] "0.97533885705287"    "0.97533885705287"    "0.99"               
[19] "0.99"                "0.978540930197103"   "0.978540930197103"  
[22] "0.658097746036961"   "0.658097746036961"   "0.390464384784926"  
[25] "0.390464384784926"   "0.203306269431619"   "0.203306269431619"  
[28] "0.12515912301082"    "0.12515912301082"    "0.0391070381961337" 
[31] "0.0391070381961337"  "0.0449135847378804"  "0.0449135847378804" 
[34] "0.140366140006871"   "0.140366140006871"   "0.032593228817984"  
[37] "0.032593228817984"   "0.0219816295438156"  "0.0219816295438156" 
[40] "0.00401043484034601" "0.00401043484034601" "beta :"             
[43] "1"                  
[1] " old Likelihood:  -9361282.14035394"
[1] "New Likelihood:  -9361274.0612776"
iter:  0  f-value:  32634.85  pgrad:  0.5204879 
iter:  10  f-value:  32634.83  pgrad:  0.381151 
iter:  20  f-value:  32634.83  pgrad:  0.3560126 
iter:  30  f-value:  32634.82  pgrad:  0.4883491 
iter:  40  f-value:  32634.82  pgrad:  0.2600791 
iter:  50  f-value:  32634.82  pgrad:  0.2582965 
  Unsuccessful convergence.
Time difference of 20.91873 mins
[1] "maxIt: 20"
[1] "It: 13"
 [1] "sigma:"              "0.986453307281025"   "0.986453307281025"  
 [4] "0.966427088217953"   "0.966427088217953"   "0.979539449749055"  
 [7] "0.979539449749055"   "0.99"                "0.99"               
[10] "0.99"                "0.99"                "0.99"               
[13] "0.99"                "0.99"                "0.99"               
[16] "0.974734657218038"   "0.974734657218038"   "0.99"               
[19] "0.99"                "0.978917902849825"   "0.978917902849825"  
[22] "0.657193723809784"   "0.657193723809784"   "0.390585309020101"  
[25] "0.390585309020101"   "0.202859806843413"   "0.202859806843413"  
[28] "0.12610152193785"    "0.12610152193785"    "0.0403791343666541" 
[31] "0.0403791343666541"  "0.0462847463777408"  "0.0462847463777408" 
[34] "0.141954082800191"   "0.141954082800191"   "0.0342158063652938" 
[37] "0.0342158063652938"  "0.0234420746741041"  "0.0234420746741041" 
[40] "0.00429647153946682" "0.00429647153946682" "beta :"             
[43] "1"                  
 [1] "sigma:"              "0.986453307281025"   "0.986453307281025"  
 [4] "0.966427088217953"   "0.966427088217953"   "0.979539449749055"  
 [7] "0.979539449749055"   "0.99"                "0.99"               
[10] "0.99"                "0.99"                "0.99"               
[13] "0.99"                "0.99"                "0.99"               
[16] "0.974734657218038"   "0.974734657218038"   "0.99"               
[19] "0.99"                "0.978917902849825"   "0.978917902849825"  
[22] "0.657193723809784"   "0.657193723809784"   "0.390585309020101"  
[25] "0.390585309020101"   "0.202859806843413"   "0.202859806843413"  
[28] "0.12610152193785"    "0.12610152193785"    "0.0403791343666541" 
[31] "0.0403791343666541"  "0.0462847463777408"  "0.0462847463777408" 
[34] "0.141954082800191"   "0.141954082800191"   "0.0342158063652938" 
[37] "0.0342158063652938"  "0.0234420746741041"  "0.0234420746741041" 
[40] "0.00429647153946682" "0.00429647153946682" "beta :"             
[43] "1"                  
[1] " old Likelihood:  -9361274.0612776"
[1] "New Likelihood:  -9361264.93034175"
iter:  0  f-value:  32649.99  pgrad:  0.5201798 
iter:  10  f-value:  32649.97  pgrad:  0.5188485 
iter:  20  f-value:  32649.97  pgrad:  0.254222 
iter:  30  f-value:  32649.97  pgrad:  0.2521119 
iter:  40  f-value:  32649.97  pgrad:  0.2423621 
iter:  50  f-value:  32649.97  pgrad:  0.2385059 
  Unsuccessful convergence.
Time difference of 21.00204 mins
[1] "maxIt: 20"
[1] "It: 14"
 [1] "sigma:"              "0.98660765794458"    "0.98660765794458"   
 [4] "0.966879554870447"   "0.966879554870447"   "0.980460066542205"  
 [7] "0.980460066542205"   "0.99"                "0.99"               
[10] "0.99"                "0.99"                "0.99"               
[13] "0.99"                "0.99"                "0.99"               
[16] "0.974362123104419"   "0.974362123104419"   "0.99"               
[19] "0.99"                "0.979153121582807"   "0.979153121582807"  
[22] "0.656553639936784"   "0.656553639936784"   "0.39076791213789"   
[25] "0.39076791213789"    "0.202619691251179"   "0.202619691251179"  
[28] "0.126806406006905"   "0.126806406006905"   "0.0409523583973508" 
[31] "0.0409523583973508"  "0.0467591859135597"  "0.0467591859135597" 
[34] "0.142602173760909"   "0.142602173760909"   "0.0351099462604463" 
[37] "0.0351099462604463"  "0.0243778880945227"  "0.0243778880945227" 
[40] "0.00448280578151107" "0.00448280578151107" "beta :"             
[43] "1"                  
 [1] "sigma:"              "0.98660765794458"    "0.98660765794458"   
 [4] "0.966879554870447"   "0.966879554870447"   "0.980460066542205"  
 [7] "0.980460066542205"   "0.99"                "0.99"               
[10] "0.99"                "0.99"                "0.99"               
[13] "0.99"                "0.99"                "0.99"               
[16] "0.974362123104419"   "0.974362123104419"   "0.99"               
[19] "0.99"                "0.979153121582807"   "0.979153121582807"  
[22] "0.656553639936784"   "0.656553639936784"   "0.39076791213789"   
[25] "0.39076791213789"    "0.202619691251179"   "0.202619691251179"  
[28] "0.126806406006905"   "0.126806406006905"   "0.0409523583973508" 
[31] "0.0409523583973508"  "0.0467591859135597"  "0.0467591859135597" 
[34] "0.142602173760909"   "0.142602173760909"   "0.0351099462604463" 
[37] "0.0351099462604463"  "0.0243778880945227"  "0.0243778880945227" 
[40] "0.00448280578151107" "0.00448280578151107" "beta :"             
[43] "1"                  
[1] " old Likelihood:  -9361264.93034175"
[1] "New Likelihood:  -9361258.51909465"
iter:  0  f-value:  32658.07  pgrad:  0.5197108 
iter:  10  f-value:  32658.06  pgrad:  0.5194001 
iter:  20  f-value:  32658.06  pgrad:  0.2385059 
iter:  30  f-value:  32658.06  pgrad:  0.2316665 
iter:  40  f-value:  32658.06  pgrad:  0.5078538 
iter:  50  f-value:  32658.06  pgrad:  0.2202432 
  Unsuccessful convergence.
Time difference of 21.00938 mins
[1] "maxIt: 20"
[1] "It: 15"
 [1] "sigma:"              "0.986662222304749"   "0.986662222304749"  
 [4] "0.967264992234751"   "0.967264992234751"   "0.981282842588075"  
 [7] "0.981282842588075"   "0.99"                "0.99"               
[10] "0.99"                "0.99"                "0.99"               
[13] "0.99"                "0.99"                "0.99"               
[16] "0.974083313701903"   "0.974083313701903"   "0.99"               
[19] "0.99"                "0.979300879445397"   "0.979300879445397"  
[22] "0.655979660633327"   "0.655979660633327"   "0.390836658602604"  
[25] "0.390836658602604"   "0.20242176191905"    "0.20242176191905"   
[28] "0.127452368172379"   "0.127452368172379"   "0.0413852116308688" 
[31] "0.0413852116308688"  "0.0469805311972618"  "0.0469805311972618" 
[34] "0.143014890803975"   "0.143014890803975"   "0.0357853981217846" 
[37] "0.0357853981217846"  "0.0251830784282096"  "0.0251830784282096" 
[40] "0.00464379169781927" "0.00464379169781927" "beta :"             
[43] "1"                  
 [1] "sigma:"              "0.986662222304749"   "0.986662222304749"  
 [4] "0.967264992234751"   "0.967264992234751"   "0.981282842588075"  
 [7] "0.981282842588075"   "0.99"                "0.99"               
[10] "0.99"                "0.99"                "0.99"               
[13] "0.99"                "0.99"                "0.99"               
[16] "0.974083313701903"   "0.974083313701903"   "0.99"               
[19] "0.99"                "0.979300879445397"   "0.979300879445397"  
[22] "0.655979660633327"   "0.655979660633327"   "0.390836658602604"  
[25] "0.390836658602604"   "0.20242176191905"    "0.20242176191905"   
[28] "0.127452368172379"   "0.127452368172379"   "0.0413852116308688" 
[31] "0.0413852116308688"  "0.0469805311972618"  "0.0469805311972618" 
[34] "0.143014890803975"   "0.143014890803975"   "0.0357853981217847" 
[37] "0.0357853981217847"  "0.0251830784282096"  "0.0251830784282096" 
[40] "0.00464379169781927" "0.00464379169781927" "beta :"             
[43] "1"                  
[1] " old Likelihood:  -9361258.51909465"
[1] "New Likelihood:  -9361253.26797042"
iter:  0  f-value:  32661.9  pgrad:  0.5192725 
iter:  10  f-value:  32661.89  pgrad:  0.5189934 
iter:  20  f-value:  32661.89  pgrad:  0.2337038 
iter:  30  f-value:  32661.89  pgrad:  0.2117304 
iter:  40  f-value:  32661.89  pgrad:  0.5051995 
iter:  50  f-value:  32661.89  pgrad:  0.2047454 
  Unsuccessful convergence.
Time difference of 21.0842 mins
[1] "maxIt: 20"
[1] "It: 16"
 [1] "sigma:"              "0.986660327485761"   "0.986660327485761"  
 [4] "0.967520778633417"   "0.967520778633417"   "0.981840504819102"  
 [7] "0.981840504819102"   "0.99"                "0.99"               
[10] "0.99"                "0.99"                "0.99"               
[13] "0.99"                "0.99"                "0.99"               
[16] "0.973900641344607"   "0.973900641344607"   "0.99"               
[19] "0.99"                "0.979370391335311"   "0.979370391335311"  
[22] "0.655513761823594"   "0.655513761823594"   "0.390849653692872"  
[25] "0.390849653692872"   "0.202286621036217"   "0.202286621036217"  
[28] "0.127957982184327"   "0.127957982184327"   "0.0416627383622401" 
[31] "0.0416627383622401"  "0.0470526837024028"  "0.0470526837024028" 
[34] "0.143263632277961"   "0.143263632277961"   "0.0362171587108167" 
[37] "0.0362171587108167"  "0.0257021694361514"  "0.0257021694361514" 
[40] "0.00474455753647159" "0.00474455753647159" "beta :"             
[43] "1"                  
 [1] "sigma:"             "0.986660327485761"  "0.986660327485761" 
 [4] "0.967520778633417"  "0.967520778633417"  "0.981840504819102" 
 [7] "0.981840504819102"  "0.99"               "0.99"              
[10] "0.99"               "0.99"               "0.99"              
[13] "0.99"               "0.99"               "0.99"              
[16] "0.973900641344607"  "0.973900641344607"  "0.99"              
[19] "0.99"               "0.979370391335311"  "0.979370391335311" 
[22] "0.655513761823594"  "0.655513761823594"  "0.390849653692872" 
[25] "0.390849653692872"  "0.202286621036217"  "0.202286621036217" 
[28] "0.127957982184327"  "0.127957982184327"  "0.0416627383622401"
[31] "0.0416627383622401" "0.0470526837024028" "0.0470526837024028"
[34] "0.143263632277961"  "0.143263632277961"  "0.0362171587108167"
[37] "0.0362171587108167" "0.0257021694361514" "0.0257021694361514"
[40] "0.0047445575364716" "0.0047445575364716" "beta :"            
[43] "1"                 
[1] " old Likelihood:  -9361253.26797042"
[1] "New Likelihood:  -9361248.75751818"
iter:  0  f-value:  32663.71  pgrad:  0.5188924 
iter:  10  f-value:  32663.7  pgrad:  0.41975 
iter:  20  f-value:  32663.7  pgrad:  0.2390152 
iter:  30  f-value:  32663.7  pgrad:  0.2004526 
iter:  40  f-value:  32663.7  pgrad:  0.1892477 
iter:  50  f-value:  32663.7  pgrad:  0.1873559 
  Unsuccessful convergence.
Time difference of 21.07375 mins
[1] "maxIt: 20"
[1] "It: 17"
 [1] "sigma:"              "0.986617882636467"   "0.986617882636467"  
 [4] "0.967804052015721"   "0.967804052015721"   "0.982475227989547"  
 [7] "0.982475227989547"   "0.99"                "0.99"               
[10] "0.99"                "0.99"                "0.99"               
[13] "0.99"                "0.99"                "0.99"               
[16] "0.973723492438916"   "0.973723492438916"   "0.99"               
[19] "0.99"                "0.979414854255438"   "0.979414854255438"  
[22] "0.654961105544325"   "0.654961105544325"   "0.390813647638406"  
[25] "0.390813647638406"   "0.202128816034709"   "0.202128816034709"  
[28] "0.128545565185795"   "0.128545565185795"   "0.0419728165476313" 
[31] "0.0419728165476313"  "0.0470740813580128"  "0.0470740813580128" 
[34] "0.143461735932041"   "0.143461735932041"   "0.0366624436483698" 
[37] "0.0366624436483698"  "0.0262660868214052"  "0.0262660868214052" 
[40] "0.00485952738390041" "0.00485952738390041" "beta :"             
[43] "1"                  
 [1] "sigma:"              "0.986617882636467"   "0.986617882636467"  
 [4] "0.967804052015721"   "0.967804052015721"   "0.982475227989547"  
 [7] "0.982475227989547"   "0.99"                "0.99"               
[10] "0.99"                "0.99"                "0.99"               
[13] "0.99"                "0.99"                "0.99"               
[16] "0.973723492438916"   "0.973723492438916"   "0.99"               
[19] "0.99"                "0.979414854255438"   "0.979414854255438"  
[22] "0.654961105544325"   "0.654961105544325"   "0.390813647638406"  
[25] "0.390813647638406"   "0.202128816034709"   "0.202128816034709"  
[28] "0.128545565185795"   "0.128545565185795"   "0.0419728165476313" 
[31] "0.0419728165476313"  "0.0470740813580128"  "0.0470740813580128" 
[34] "0.143461735932041"   "0.143461735932041"   "0.0366624436483698" 
[37] "0.0366624436483698"  "0.0262660868214052"  "0.0262660868214052" 
[40] "0.00485952738390041" "0.00485952738390041" "beta :"             
[43] "1"                  
[1] " old Likelihood:  -9361248.75751818"
[1] "New Likelihood:  -9361244.69903213"
iter:  0  f-value:  32663.8  pgrad:  0.5185828 
iter:  10  f-value:  32663.79  pgrad:  0.34408 
iter:  20  f-value:  32663.79  pgrad:  0.2394881 
iter:  30  f-value:  32663.79  pgrad:  0.1795706 
iter:  40  f-value:  32663.79  pgrad:  0.1760054 
iter:  50  f-value:  32663.79  pgrad:  0.5041875 
  Unsuccessful convergence.
Time difference of 21.07094 mins
[1] "maxIt: 20"
[1] "It: 18"
 [1] "sigma:"              "0.986530427494375"   "0.986530427494375"  
 [4] "0.968094925219501"   "0.968094925219501"   "0.983142736604679"  
 [7] "0.983142736604679"   "0.99"                "0.99"               
[10] "0.99"                "0.99"                "0.99"               
[13] "0.99"                "0.99"                "0.99"               
[16] "0.973558567149495"   "0.973558567149495"   "0.99"               
[19] "0.99"                "0.979433761753409"   "0.979433761753409"  
[22] "0.654367357906981"   "0.654367357906981"   "0.390745286725541"  
[25] "0.390745286725541"   "0.201961634945379"   "0.201961634945379"  
[28] "0.129186555280375"   "0.129186555280375"   "0.0423055375366375" 
[31] "0.0423055375366375"  "0.0470548620935445"  "0.0470548620935445" 
[34] "0.143606906703953"   "0.143606906703953"   "0.0370994522809976" 
[37] "0.0370994522809976"  "0.0268365339555186"  "0.0268365339555186" 
[40] "0.00497943409171798" "0.00497943409171798" "beta :"             
[43] "1"                  
 [1] "sigma:"              "0.986530427494375"   "0.986530427494375"  
 [4] "0.968094925219501"   "0.968094925219501"   "0.983142736604679"  
 [7] "0.983142736604679"   "0.99"                "0.99"               
[10] "0.99"                "0.99"                "0.99"               
[13] "0.99"                "0.99"                "0.99"               
[16] "0.973558567149495"   "0.973558567149495"   "0.99"               
[19] "0.99"                "0.979433761753409"   "0.979433761753409"  
[22] "0.654367357906981"   "0.654367357906981"   "0.390745286725541"  
[25] "0.390745286725541"   "0.201961634945379"   "0.201961634945379"  
[28] "0.178686555280375"   "0.178686555280375"   "0.0423055375366375" 
[31] "0.0423055375366375"  "0.0470548620935445"  "0.0470548620935445" 
[34] "0.143606906703953"   "0.143606906703953"   "0.0865994522809976" 
[37] "0.0865994522809976"  "0.0268365339555186"  "0.0268365339555186" 
[40] "0.00497943409171798" "0.00497943409171798" "beta :"             
[43] "1"                  
[1] " old Likelihood:  -9361244.69903213"
[1] "New Likelihood:  -9361240.88241455"
iter:  0  f-value:  32397.79  pgrad:  0.4949186 
iter:  10  f-value:  32397.77  pgrad:  0.3338209 
iter:  20  f-value:  32397.77  pgrad:  0.51127 
iter:  30  f-value:  32397.77  pgrad:  0.304899 
iter:  40  f-value:  32397.77  pgrad:  0.5130164 
iter:  50  f-value:  32397.77  pgrad:  0.263426 
  Unsuccessful convergence.
Time difference of 21.62001 mins
[1] "maxIt: 20"
[1] "It: 19"
 [1] "sigma:"             "0.986393845349485"  "0.986393845349485" 
 [4] "0.968376354751526"  "0.968376354751526"  "0.983792666203342" 
 [7] "0.983792666203342"  "0.99"               "0.99"              
[10] "0.99"               "0.99"               "0.99"              
[13] "0.99"               "0.99"               "0.99"              
[16] "0.973397437979232"  "0.973397437979232"  "0.99"              
[19] "0.99"               "0.97927016458274"   "0.97927016458274"  
[22] "0.653430043552186"  "0.653430043552186"  "0.390218181232927" 
[25] "0.390218181232927"  "0.201357786632817"  "0.201357786632817" 
[28] "0.179286732863421"  "0.179286732863421"  "0.043263258892298" 
[31] "0.043263258892298"  "0.0479508089741553" "0.0479508089741553"
[34] "0.144413593629182"  "0.144413593629182"  "0.087398361219668" 
[37] "0.087398361219668"  "0.0275528794580955" "0.0275528794580955"
[40] "0.0051173382250343" "0.0051173382250343" "beta :"            
[43] "1"                 
 [1] "sigma:"              "0.986393845349485"   "0.986393845349485"  
 [4] "0.968376354751526"   "0.968376354751526"   "0.983792666203342"  
 [7] "0.983792666203342"   "0.99"                "0.99"               
[10] "0.99"                "0.99"                "0.99"               
[13] "0.99"                "0.99"                "0.99"               
[16] "0.973397437979232"   "0.973397437979232"   "0.99"               
[19] "0.99"                "0.97927016458274"    "0.97927016458274"   
[22] "0.653430043552186"   "0.653430043552186"   "0.390218181232927"  
[25] "0.390218181232927"   "0.201357786632817"   "0.201357786632817"  
[28] "0.179286732863421"   "0.179286732863421"   "0.043263258892298"  
[31] "0.043263258892298"   "0.0479508089741553"  "0.0479508089741553" 
[34] "0.144413593629182"   "0.144413593629182"   "0.087398361219668"  
[37] "0.087398361219668"   "0.0275528794580955"  "0.0275528794580955" 
[40] "0.00511733822503431" "0.00511733822503431" "beta :"             
[43] "1"                  
[1] " old Likelihood:  -9361240.88241455"
[1] "New Likelihood:  -9361233.82841884"
iter:  0  f-value:  32422.37  pgrad:  0.5186192 
iter:  10  f-value:  32422.37  pgrad:  0.2068191 
iter:  20  f-value:  32422.37  pgrad:  0.2065281 
iter:  30  f-value:  32422.37  pgrad:  0.1915396 
iter:  40  f-value:  32422.36  pgrad:  0.192922 
iter:  50  f-value:  32422.36  pgrad:  0.1932858 
  Unsuccessful convergence.
Time difference of 21.56073 mins
[1] "maxIt: 20"
[1] "It: 20"
 [1] "sigma:"              "0.986157504448766"   "0.986157504448766"  
 [4] "0.968782718774474"   "0.968782718774474"   "0.984762017951971"  
 [7] "0.984762017951971"   "0.99"                "0.99"               
[10] "0.99"                "0.99"                "0.99"               
[13] "0.99"                "0.99"                "0.99"               
[16] "0.973238441753446"   "0.973238441753446"   "0.99"               
[19] "0.99"                "0.979232567484287"   "0.979232567484287"  
[22] "0.65249480299111"    "0.65249480299111"    "0.389886731987063"  
[25] "0.389886731987063"   "0.200632521591963"   "0.200632521591963"  
[28] "0.179959772144956"   "0.179959772144956"   "0.0440540317123947" 
[31] "0.0440540317123947"  "0.0484622803281423"  "0.0484622803281423" 
[34] "0.14498568280458"    "0.14498568280458"    "0.0882500006856462" 
[37] "0.0882500006856462"  "0.0285156942716671"  "0.0285156942716671" 
[40] "0.00531922103348125" "0.00531922103348125" "beta :"             
[43] "1"                  
 [1] "sigma:"              "0.986157504448766"   "0.986157504448766"  
 [4] "0.968782718774474"   "0.968782718774474"   "0.984762017951971"  
 [7] "0.984762017951971"   "0.99"                "0.99"               
[10] "0.99"                "0.99"                "0.99"               
[13] "0.99"                "0.99"                "0.99"               
[16] "0.973238441753446"   "0.973238441753446"   "0.99"               
[19] "0.99"                "0.979232567484287"   "0.979232567484287"  
[22] "0.65249480299111"    "0.65249480299111"    "0.389886731987063"  
[25] "0.389886731987063"   "0.200632521591963"   "0.200632521591963"  
[28] "0.179959772144956"   "0.179959772144956"   "0.0440540317123947" 
[31] "0.0440540317123947"  "0.0484622803281423"  "0.0484622803281423" 
[34] "0.14498568280458"    "0.14498568280458"    "0.0882500006856462" 
[37] "0.0882500006856462"  "0.0285156942716671"  "0.0285156942716671" 
[40] "0.00531922103348125" "0.00531922103348125" "beta :"             
[43] "1"                  
[1] " old Likelihood:  -9361233.82841884"
[1] "New Likelihood:  -9361229.34719855"
iter:  0  f-value:  32432.39  pgrad:  0.5184556 
iter:  10  f-value:  32432.38  pgrad:  0.4547837 
iter:  20  f-value:  32432.38  pgrad:  0.1820808 
iter:  30  f-value:  32432.38  pgrad:  0.180662 
iter:  40  f-value:  32432.38  pgrad:  0.1719673 
iter:  50  f-value:  32432.38  pgrad:  0.2438537 
  Unsuccessful convergence.
Time difference of 21.52698 mins
 [1] "sigma:"              "0.985741203839207"   "0.985741203839207"  
 [4] "0.969334699153533"   "0.969334699153533"   "0.98614987216109"   
 [7] "0.98614987216109"    "0.99"                "0.99"               
[10] "0.99"                "0.99"                "0.99"               
[13] "0.99"                "0.99"                "0.99"               
[16] "0.973049419884206"   "0.973049419884206"   "0.99"               
[19] "0.99"                "0.979263870003622"   "0.979263870003622"  
[22] "0.651439975776786"   "0.651439975776786"   "0.389553674457925"  
[25] "0.389553674457925"   "0.199712689903276"   "0.199712689903276"  
[28] "0.180914393501272"   "0.180914393501272"   "0.0448262289431443" 
[31] "0.0448262289431443"  "0.0486588144217303"  "0.0486588144217303" 
[34] "0.14529493562135"    "0.14529493562135"    "0.0892429077648834" 
[37] "0.0892429077648834"  "0.0298233270526525"  "0.0298233270526525" 
[40] "0.00560710333609196" "0.00560710333609196" "beta :"             
[43] "1"                  
[1] 1999822 1998670 1999018 1998928 1999904
[1] 1 1 1 1 1
saved RDS
inference successful
