[1] "Original length"
[1] 999930
[1] "Final length"
[1] 16669
[1] "sequence length : 999931" "sequence length : 999905"
[3] "sequence length : 999851" "sequence length : 997599"
[5] "sequence length : 999890"
[1] 1 1 1 1 1
[1] "Beta: 1"
[1] "Self: 0.5"
 [1] 0 0 0 0 0 0 0 0 0 0 0 0 0 0 0 0 0 0 0 0
[1] "maxIt: 20"
[1] "It: 1"
 [1] "sigma:" "0.5"    "0.5"    "0.5"    "0.5"    "0.5"    "0.5"    "0.5"   
 [9] "0.5"    "0.5"    "0.5"    "0.5"    "0.5"    "0.5"    "0.5"    "0.5"   
[17] "0.5"    "0.5"    "0.5"    "0"      "0"      "0"      "0"      "0"     
[25] "0"      "0"      "0"      "0"      "0"      "0"      "0"      "0"     
[33] "0"      "0"      "0"      "0"      "0"      "0"      "0"      "0"     
[41] "0"      "beta :" "1"     
[1] 9467155
[1] 9466665
[1] 9466419
[1] 9466057
[1] 9465532
[1] 9464783
[1] 9463733
[1] 9462272
[1] 9460348
[1] 9458370
[1] 9457132
[1] 9457102
[1] 9458646
[1] 9462666
[1] 9470180
[1] 9480581
[1] 9489838
[1] 9495020
[1] 9497096
[1] 9497798
[1] 9497852
 [1] "sigma:" "0.9655" "0.9655" "0.9655" "0.9655" "0.9655" "0.9655" "0.9655"
 [9] "0.9655" "0.9655" "0.9655" "0.9655" "0.9655" "0.9655" "0.9655" "0.9655"
[17] "0.9655" "0.9655" "0.9655" "0.9655" "0.9655" "0.9655" "0.9655" "0.375" 
[25] "0.375"  "0.375"  "0.375"  "0.375"  "0.375"  "0.375"  "0.375"  "0.375" 
[33] "0.375"  "0.375"  "0.375"  "0.375"  "0.375"  "0.375"  "0.375"  "0.375" 
[41] "0.375"  "beta :" "1"     
[1] "New Likelihood:  -9457102.24420201"
iter:  0  f-value:  27252.15  pgrad:  0.5 
iter:  10  f-value:  27251.43  pgrad:  0.7475292 
iter:  20  f-value:  27251.39  pgrad:  0.7444463 
iter:  30  f-value:  27251.36  pgrad:  0.7402337 
  Unsuccessful convergence.
Time difference of 39.53331 mins
[1] "maxIt: 20"
[1] "It: 2"
 [1] "sigma:"            "0.975220065330266" "0.975220065330266"
 [4] "0.975220065330266" "0.975220065330266" "0.975220065330266"
 [7] "0.975220065330266" "0.975220065330266" "0.975220065330266"
[10] "0.975220065330266" "0.975220065330266" "0.975220065330266"
[13] "0.975220065330266" "0.975220065330266" "0.975220065330266"
[16] "0.975220065330266" "0.975220065330266" "0.975220065330266"
[19] "0.975220065330266" "0.975220065330266" "0.975220065330266"
[22] "0.975220065330266" "0.975220065330266" "0.369785735657854"
[25] "0.369785735657854" "0.369785735657854" "0.369785735657854"
[28] "0.369785735657854" "0.369785735657854" "0.369785735657854"
[31] "0.369785735657854" "0.369785735657854" "0.369785735657854"
[34] "0.369785735657854" "0.369785735657854" "0.369785735657854"
[37] "0.369785735657854" "0.369785735657854" "0.369785735657854"
[40] "0.369785735657854" "0.369785735657854" "beta :"           
[43] "1"                
[1] 9456880
[1] 9456853
[1] 9458681
 [1] "sigma:"            "0.975220065330266" "0.975220065330266"
 [4] "0.975220065330266" "0.975220065330266" "0.975220065330266"
 [7] "0.975220065330266" "0.975220065330266" "0.975220065330266"
[10] "0.975220065330266" "0.975220065330266" "0.975220065330266"
[13] "0.975220065330266" "0.975220065330266" "0.975220065330266"
[16] "0.975220065330266" "0.975220065330266" "0.975220065330266"
[19] "0.975220065330266" "0.975220065330266" "0.975220065330266"
[22] "0.975220065330266" "0.975220065330266" "0.369785735657854"
[25] "0.369785735657854" "0.369785735657854" "0.369785735657854"
[28] "0.369785735657854" "0.369785735657854" "0.369785735657854"
[31] "0.369785735657854" "0.369785735657854" "0.369785735657854"
[34] "0.369785735657854" "0.369785735657854" "0.369785735657854"
[37] "0.369785735657854" "0.369785735657854" "0.369785735657854"
[40] "0.369785735657854" "0.369785735657854" "beta :"           
[43] "1"                
[1] " old Likelihood:  -9457102.24420201"
[1] "New Likelihood:  -9456852.7837522"
iter:  0  f-value:  27241.36  pgrad:  0.7395715 
iter:  10  f-value:  27240.94  pgrad:  0.7376219 
iter:  20  f-value:  27240.91  pgrad:  0.7345443 
iter:  30  f-value:  27240.9  pgrad:  0.7331854 
  Unsuccessful convergence.
Time difference of 9.741298 mins
[1] "maxIt: 20"
[1] "It: 3"
 [1] "sigma:"            "0.981717286522486" "0.981717286522486"
 [4] "0.981717286522486" "0.981717286522486" "0.981717286522486"
 [7] "0.981717286522486" "0.981717286522486" "0.981717286522486"
[10] "0.981717286522486" "0.981717286522486" "0.981717286522486"
[13] "0.981717286522486" "0.981717286522486" "0.981717286522486"
[16] "0.981717286522486" "0.981717286522486" "0.981717286522486"
[19] "0.981717286522486" "0.981717286522486" "0.981717286522486"
[22] "0.981717286522486" "0.981717286522486" "0.366243711621273"
[25] "0.366243711621273" "0.366243711621273" "0.366243711621273"
[28] "0.366243711621273" "0.366243711621273" "0.366243711621273"
[31] "0.366243711621273" "0.366243711621273" "0.366243711621273"
[34] "0.366243711621273" "0.366243711621273" "0.366243711621273"
[37] "0.366243711621273" "0.366243711621273" "0.366243711621273"
[40] "0.366243711621273" "0.366243711621273" "beta :"           
[43] "1"                
[1] 9456736
[1] 9456708
[1] 9458787
 [1] "sigma:"            "0.981717286522486" "0.981717286522486"
 [4] "0.981717286522486" "0.981717286522486" "0.981717286522486"
 [7] "0.981717286522486" "0.981717286522486" "0.981717286522486"
[10] "0.981717286522486" "0.981717286522486" "0.981717286522486"
[13] "0.981717286522486" "0.981717286522486" "0.981717286522486"
[16] "0.981717286522486" "0.981717286522486" "0.981717286522486"
[19] "0.981717286522486" "0.981717286522486" "0.981717286522486"
[22] "0.981717286522486" "0.981717286522486" "0.366243711621273"
[25] "0.366243711621273" "0.366243711621273" "0.366243711621273"
[28] "0.366243711621273" "0.366243711621273" "0.366243711621273"
[31] "0.366243711621273" "0.366243711621273" "0.366243711621273"
[34] "0.366243711621273" "0.366243711621273" "0.366243711621273"
[37] "0.366243711621273" "0.366243711621273" "0.366243711621273"
[40] "0.366243711621273" "0.366243711621273" "beta :"           
[43] "1"                
[1] " old Likelihood:  -9456852.7837522"
[1] "New Likelihood:  -9456707.76130081"
iter:  0  f-value:  27235.05  pgrad:  0.7324874 
iter:  10  f-value:  27234.81  pgrad:  0.7307416 
iter:  20  f-value:  27234.79  pgrad:  0.7281908 
iter:  30  f-value:  27234.78  pgrad:  0.726333 
  Unsuccessful convergence.
Time difference of 9.743678 mins
[1] "maxIt: 20"
[1] "It: 4"
 [1] "sigma:"            "0.985837562235853" "0.985837562235853"
 [4] "0.985837562235853" "0.985837562235853" "0.985837562235853"
 [7] "0.985837562235853" "0.985837562235853" "0.985837562235853"
[10] "0.985837562235853" "0.985837562235853" "0.985837562235853"
[13] "0.985837562235853" "0.985837562235853" "0.985837562235853"
[16] "0.985837562235853" "0.985837562235853" "0.985837562235853"
[19] "0.985837562235853" "0.985837562235853" "0.985837562235853"
[22] "0.985837562235853" "0.985837562235853" "0.362550434206425"
[25] "0.362550434206425" "0.362550434206425" "0.362550434206425"
[28] "0.362550434206425" "0.362550434206425" "0.362550434206425"
[31] "0.362550434206425" "0.362550434206425" "0.362550434206425"
[34] "0.362550434206425" "0.362550434206425" "0.362550434206425"
[37] "0.362550434206425" "0.362550434206425" "0.362550434206425"
[40] "0.362550434206425" "0.362550434206425" "beta :"           
[43] "1"                
[1] 9456659
[1] 9456622
[1] 9458930
 [1] "sigma:"            "0.985837562235853" "0.985837562235853"
 [4] "0.985837562235853" "0.985837562235853" "0.985837562235853"
 [7] "0.985837562235853" "0.985837562235853" "0.985837562235853"
[10] "0.985837562235853" "0.985837562235853" "0.985837562235853"
[13] "0.985837562235853" "0.985837562235853" "0.985837562235853"
[16] "0.985837562235853" "0.985837562235853" "0.985837562235853"
[19] "0.985837562235853" "0.985837562235853" "0.985837562235853"
[22] "0.985837562235853" "0.985837562235853" "0.337550434206424"
[25] "0.337550434206424" "0.337550434206424" "0.337550434206424"
[28] "0.337550434206424" "0.337550434206424" "0.337550434206424"
[31] "0.337550434206424" "0.337550434206424" "0.337550434206424"
[34] "0.337550434206424" "0.337550434206424" "0.337550434206424"
[37] "0.337550434206424" "0.337550434206424" "0.337550434206424"
[40] "0.337550434206424" "0.337550434206424" "beta :"           
[43] "1"                
[1] " old Likelihood:  -9456707.76130081"
[1] "New Likelihood:  -9456622.05247466"
iter:  0  f-value:  27916.49  pgrad:  0.5001913 
iter:  10  f-value:  27916.32  pgrad:  0.6740382 
iter:  20  f-value:  27916.31  pgrad:  0.6721748 
iter:  30  f-value:  27916.29  pgrad:  0.6687516 
  Unsuccessful convergence.
Time difference of 10.35942 mins
[1] "maxIt: 20"
[1] "It: 5"
 [1] "sigma:"            "0.988483538148757" "0.988483538148757"
 [4] "0.988483538148757" "0.988483538148757" "0.988483538148757"
 [7] "0.988483538148757" "0.988483538148757" "0.988483538148757"
[10] "0.988483538148757" "0.988483538148757" "0.988483538148757"
[13] "0.988483538148757" "0.988483538148757" "0.988483538148757"
[16] "0.988483538148757" "0.988483538148757" "0.988483538148757"
[19] "0.988483538148757" "0.988483538148757" "0.988483538148757"
[22] "0.988483538148757" "0.988483538148757" "0.334298492754017"
[25] "0.334298492754017" "0.334298492754017" "0.334298492754017"
[28] "0.334298492754017" "0.334298492754017" "0.334298492754017"
[31] "0.334298492754017" "0.334298492754017" "0.334298492754017"
[34] "0.334298492754017" "0.334298492754017" "0.334298492754017"
[37] "0.334298492754017" "0.334298492754017" "0.334298492754017"
[40] "0.334298492754017" "0.334298492754017" "beta :"           
[43] "1"                
[1] 9456656
[1] 9456565
[1] 9458975
 [1] "sigma:"            "0.988483538148757" "0.988483538148757"
 [4] "0.988483538148757" "0.988483538148757" "0.988483538148757"
 [7] "0.988483538148757" "0.988483538148757" "0.988483538148757"
[10] "0.988483538148757" "0.988483538148757" "0.988483538148757"
[13] "0.988483538148757" "0.988483538148757" "0.988483538148757"
[16] "0.988483538148757" "0.988483538148757" "0.988483538148757"
[19] "0.988483538148757" "0.988483538148757" "0.988483538148757"
[22] "0.988483538148757" "0.988483538148757" "0.334298492754017"
[25] "0.334298492754017" "0.334298492754017" "0.334298492754017"
[28] "0.334298492754017" "0.334298492754017" "0.334298492754017"
[31] "0.334298492754017" "0.334298492754017" "0.334298492754017"
[34] "0.334298492754017" "0.334298492754017" "0.334298492754017"
[37] "0.334298492754017" "0.334298492754017" "0.334298492754017"
[40] "0.334298492754017" "0.334298492754017" "beta :"           
[43] "1"                
[1] " old Likelihood:  -9456622.05247466"
[1] "New Likelihood:  -9456564.65570663"
iter:  0  f-value:  27898.25  pgrad:  0.5003608 
iter:  10  f-value:  27898.19  pgrad:  0.6679484 
iter:  20  f-value:  27898.18  pgrad:  0.6660727 
iter:  30  f-value:  27898.17  pgrad:  0.6644852 
  Unsuccessful convergence.
Time difference of 9.717355 mins
[1] "maxIt: 20"
[1] "It: 6"
 [1] "sigma:"            "0.989989598610898" "0.989989598610898"
 [4] "0.989989598610898" "0.989989598610898" "0.989989598610898"
 [7] "0.989989598610898" "0.989989598610898" "0.989989598610898"
[10] "0.989989598610898" "0.989989598610898" "0.989989598610898"
[13] "0.989989598610898" "0.989989598610898" "0.989989598610898"
[16] "0.989989598610898" "0.989989598610898" "0.989989598610898"
[19] "0.989989598610898" "0.989989598610898" "0.989989598610898"
[22] "0.989989598610898" "0.989989598610898" "0.331926497353191"
[25] "0.331926497353191" "0.331926497353191" "0.331926497353191"
[28] "0.331926497353191" "0.331926497353191" "0.331926497353191"
[31] "0.331926497353191" "0.331926497353191" "0.331926497353191"
[34] "0.331926497353191" "0.331926497353191" "0.331926497353191"
[37] "0.331926497353191" "0.331926497353191" "0.331926497353191"
[40] "0.331926497353191" "0.331926497353191" "beta :"           
[43] "1"                
[1] 9456658
[1] 9456541
[1] 9459026
 [1] "sigma:"            "0.989989598610898" "0.989989598610898"
 [4] "0.989989598610898" "0.989989598610898" "0.989989598610898"
 [7] "0.989989598610898" "0.989989598610898" "0.989989598610898"
[10] "0.989989598610898" "0.989989598610898" "0.989989598610898"
[13] "0.989989598610898" "0.989989598610898" "0.989989598610898"
[16] "0.989989598610898" "0.989989598610898" "0.989989598610898"
[19] "0.989989598610898" "0.989989598610898" "0.989989598610898"
[22] "0.989989598610898" "0.989989598610898" "0.331926497353191"
[25] "0.331926497353191" "0.331926497353191" "0.331926497353191"
[28] "0.331926497353191" "0.331926497353191" "0.331926497353191"
[31] "0.331926497353191" "0.331926497353191" "0.331926497353191"
[34] "0.331926497353191" "0.331926497353191" "0.331926497353191"
[37] "0.331926497353191" "0.331926497353191" "0.331926497353191"
[40] "0.331926497353191" "0.331926497353191" "beta :"           
[43] "1"                
[1] " old Likelihood:  -9456564.65570663"
[1] "New Likelihood:  -9456540.58335596"
iter:  0  f-value:  27902.78  pgrad:  0.663853 
iter:  10  f-value:  27902.76  pgrad:  0.6630307 
iter:  20  f-value:  27902.75  pgrad:  0.6617167 
iter:  30  f-value:  27902.74  pgrad:  0.4798973 
  Unsuccessful convergence.
Time difference of 9.754047 mins
[1] "maxIt: 20"
[1] "It: 7"
 [1] "sigma:"            "0.99"              "0.99"             
 [4] "0.99"              "0.99"              "0.99"             
 [7] "0.99"              "0.99"              "0.99"             
[10] "0.99"              "0.99"              "0.99"             
[13] "0.99"              "0.99"              "0.99"             
[16] "0.99"              "0.99"              "0.99"             
[19] "0.99"              "0.99"              "0.99"             
[22] "0.99"              "0.99"              "0.329935227614486"
[25] "0.329935227614486" "0.329935227614486" "0.329935227614486"
[28] "0.329935227614486" "0.329935227614486" "0.329935227614486"
[31] "0.329935227614486" "0.329935227614486" "0.329935227614486"
[34] "0.329935227614486" "0.329935227614486" "0.329935227614486"
[37] "0.329935227614486" "0.329935227614486" "0.329935227614486"
[40] "0.329935227614486" "0.329935227614486" "beta :"           
[43] "1"                
[1] 9456667
[1] 9456531
[1] 9459029
 [1] "sigma:"            "0.99"              "0.99"             
 [4] "0.99"              "0.99"              "0.99"             
 [7] "0.99"              "0.99"              "0.99"             
[10] "0.99"              "0.99"              "0.99"             
[13] "0.99"              "0.99"              "0.99"             
[16] "0.99"              "0.99"              "0.99"             
[19] "0.99"              "0.99"              "0.99"             
[22] "0.99"              "0.99"              "0.329935227614486"
[25] "0.329935227614486" "0.329935227614486" "0.329935227614486"
[28] "0.329935227614486" "0.329935227614486" "0.329935227614486"
[31] "0.329935227614486" "0.329935227614486" "0.329935227614486"
[34] "0.329935227614486" "0.329935227614486" "0.329935227614486"
[37] "0.329935227614486" "0.329935227614486" "0.329935227614486"
[40] "0.329935227614486" "0.329935227614486" "beta :"           
[43] "1"                
[1] " old Likelihood:  -9456540.58335596"
[1] "New Likelihood:  -9456530.668084"
iter:  0  f-value:  27929.52  pgrad:  0.6598705 
iter:  10  f-value:  27929.5  pgrad:  0.6591277 
iter:  20  f-value:  27929.5  pgrad:  0.6575142 
iter:  30  f-value:  27929.49  pgrad:  0.6571869 
  Unsuccessful convergence.
Time difference of 9.738563 mins
[1] "maxIt: 20"
[1] "It: 8"
 [1] "sigma:"            "0.99"              "0.99"             
 [4] "0.99"              "0.99"              "0.99"             
 [7] "0.99"              "0.99"              "0.99"             
[10] "0.99"              "0.99"              "0.99"             
[13] "0.99"              "0.99"              "0.99"             
[16] "0.99"              "0.99"              "0.99"             
[19] "0.99"              "0.99"              "0.99"             
[22] "0.99"              "0.99"              "0.328313524268587"
[25] "0.328313524268587" "0.328313524268587" "0.328313524268587"
[28] "0.328313524268587" "0.328313524268587" "0.328313524268587"
[31] "0.328313524268587" "0.328313524268587" "0.328313524268587"
[34] "0.328313524268587" "0.328313524268587" "0.328313524268587"
[37] "0.328313524268587" "0.328313524268587" "0.328313524268587"
[40] "0.328313524268587" "0.328313524268587" "beta :"           
[43] "1"                
[1] 9456673
[1] 9456524
[1] 9459036
 [1] "sigma:"            "0.99"              "0.99"             
 [4] "0.99"              "0.99"              "0.99"             
 [7] "0.99"              "0.99"              "0.99"             
[10] "0.99"              "0.99"              "0.99"             
[13] "0.99"              "0.99"              "0.99"             
[16] "0.99"              "0.99"              "0.99"             
[19] "0.99"              "0.99"              "0.99"             
[22] "0.99"              "0.99"              "0.328313524268587"
[25] "0.328313524268587" "0.328313524268587" "0.328313524268587"
[28] "0.328313524268587" "0.328313524268587" "0.328313524268587"
[31] "0.328313524268587" "0.328313524268587" "0.328313524268587"
[34] "0.328313524268587" "0.328313524268587" "0.328313524268587"
[37] "0.328313524268587" "0.328313524268587" "0.328313524268587"
[40] "0.328313524268587" "0.328313524268587" "beta :"           
[43] "1"                
[1] " old Likelihood:  -9456530.668084"
[1] "New Likelihood:  -9456524.12625797"
iter:  0  f-value:  27953.93  pgrad:  0.656627 
iter:  10  f-value:  27953.92  pgrad:  0.655962 
iter:  20  f-value:  27953.92  pgrad:  0.6549145 
iter:  30  f-value:  27953.91  pgrad:  0.4537535 
  Unsuccessful convergence.
Time difference of 9.733615 mins
[1] "maxIt: 20"
[1] "It: 9"
 [1] "sigma:"            "0.99"              "0.99"             
 [4] "0.99"              "0.99"              "0.99"             
 [7] "0.99"              "0.99"              "0.99"             
[10] "0.99"              "0.99"              "0.99"             
[13] "0.99"              "0.99"              "0.99"             
[16] "0.99"              "0.99"              "0.99"             
[19] "0.99"              "0.99"              "0.99"             
[22] "0.99"              "0.99"              "0.326472376481547"
[25] "0.326472376481547" "0.326472376481547" "0.326472376481547"
[28] "0.326472376481547" "0.326472376481547" "0.326472376481547"
[31] "0.326472376481547" "0.326472376481547" "0.326472376481547"
[34] "0.326472376481547" "0.326472376481547" "0.326472376481547"
[37] "0.326472376481547" "0.326472376481547" "0.326472376481547"
[40] "0.326472376481547" "0.326472376481547" "beta :"           
[43] "1"                
[1] 9456680
[1] 9456519
[1] 9459043
 [1] "sigma:"            "0.99"              "0.99"             
 [4] "0.99"              "0.99"              "0.99"             
 [7] "0.99"              "0.99"              "0.99"             
[10] "0.99"              "0.99"              "0.99"             
[13] "0.99"              "0.99"              "0.99"             
[16] "0.99"              "0.99"              "0.99"             
[19] "0.99"              "0.99"              "0.99"             
[22] "0.99"              "0.99"              "0.326472376481547"
[25] "0.326472376481547" "0.326472376481547" "0.326472376481547"
[28] "0.326472376481547" "0.326472376481547" "0.326472376481547"
[31] "0.326472376481547" "0.326472376481547" "0.326472376481547"
[34] "0.326472376481547" "0.326472376481547" "0.326472376481547"
[37] "0.326472376481547" "0.326472376481547" "0.326472376481547"
[40] "0.326472376481547" "0.326472376481547" "beta :"           
[43] "1"                
[1] " old Likelihood:  -9456524.12625797"
[1] "New Likelihood:  -9456518.61145995"
iter:  0  f-value:  27985.69  pgrad:  0.6529448 
iter:  10  f-value:  27985.68  pgrad:  0.6522952 
iter:  20  f-value:  27985.68  pgrad:  0.651229 
iter:  30  f-value:  27985.67  pgrad:  0.4501794 
  Unsuccessful convergence.
Time difference of 9.731984 mins
[1] "maxIt: 20"
[1] "It: 10"
 [1] "sigma:"            "0.99"              "0.99"             
 [4] "0.99"              "0.99"              "0.99"             
 [7] "0.99"              "0.99"              "0.99"             
[10] "0.99"              "0.99"              "0.99"             
[13] "0.99"              "0.99"              "0.99"             
[16] "0.99"              "0.99"              "0.99"             
[19] "0.99"              "0.99"              "0.99"             
[22] "0.99"              "0.99"              "0.325098620294375"
[25] "0.325098620294375" "0.325098620294375" "0.325098620294375"
[28] "0.325098620294375" "0.325098620294375" "0.325098620294375"
[31] "0.325098620294375" "0.325098620294375" "0.325098620294375"
[34] "0.325098620294375" "0.325098620294375" "0.325098620294375"
[37] "0.325098620294375" "0.325098620294375" "0.325098620294375"
[40] "0.325098620294375" "0.325098620294375" "beta :"           
[43] "1"                
[1] 9456683
[1] 9456515
[1] 9459050
 [1] "sigma:"            "0.99"              "0.99"             
 [4] "0.99"              "0.99"              "0.99"             
 [7] "0.99"              "0.99"              "0.99"             
[10] "0.99"              "0.99"              "0.99"             
[13] "0.99"              "0.99"              "0.99"             
[16] "0.99"              "0.99"              "0.99"             
[19] "0.99"              "0.99"              "0.99"             
[22] "0.99"              "0.99"              "0.325098620294375"
[25] "0.325098620294375" "0.325098620294375" "0.325098620294375"
[28] "0.325098620294375" "0.325098620294375" "0.325098620294375"
[31] "0.325098620294375" "0.325098620294375" "0.325098620294375"
[34] "0.325098620294375" "0.325098620294375" "0.325098620294375"
[37] "0.325098620294375" "0.325098620294375" "0.325098620294375"
[40] "0.325098620294375" "0.325098620294375" "beta :"           
[43] "1"                
[1] " old Likelihood:  -9456518.61145995"
[1] "New Likelihood:  -9456515.16880631"
iter:  0  f-value:  28010.44  pgrad:  0.6501972 
iter:  10  f-value:  28010.43  pgrad:  0.649766 
iter:  20  f-value:  28010.43  pgrad:  0.648601 
iter:  30  f-value:  28010.42  pgrad:  0.4459645 
  Unsuccessful convergence.
Time difference of 9.767686 mins
[1] "maxIt: 20"
[1] "It: 11"
 [1] "sigma:"            "0.99"              "0.99"             
 [4] "0.99"              "0.99"              "0.99"             
 [7] "0.99"              "0.99"              "0.99"             
[10] "0.99"              "0.99"              "0.99"             
[13] "0.99"              "0.99"              "0.99"             
[16] "0.99"              "0.99"              "0.99"             
[19] "0.99"              "0.99"              "0.99"             
[22] "0.99"              "0.99"              "0.323397128342652"
[25] "0.323397128342652" "0.323397128342652" "0.323397128342652"
[28] "0.323397128342652" "0.323397128342652" "0.323397128342652"
[31] "0.323397128342652" "0.323397128342652" "0.323397128342652"
[34] "0.323397128342652" "0.323397128342652" "0.323397128342652"
[37] "0.323397128342652" "0.323397128342652" "0.323397128342652"
[40] "0.323397128342652" "0.323397128342652" "beta :"           
[43] "1"                
[1] 9456689
[1] 9456512
[1] 9459055
 [1] "sigma:"            "0.99"              "0.99"             
 [4] "0.99"              "0.99"              "0.99"             
 [7] "0.99"              "0.99"              "0.99"             
[10] "0.99"              "0.99"              "0.99"             
[13] "0.99"              "0.99"              "0.99"             
[16] "0.99"              "0.99"              "0.99"             
[19] "0.99"              "0.99"              "0.99"             
[22] "0.99"              "0.99"              "0.323397128342652"
[25] "0.323397128342652" "0.323397128342652" "0.323397128342652"
[28] "0.323397128342652" "0.323397128342652" "0.323397128342652"
[31] "0.323397128342652" "0.323397128342652" "0.323397128342652"
[34] "0.323397128342652" "0.323397128342652" "0.323397128342652"
[37] "0.323397128342652" "0.323397128342652" "0.323397128342652"
[40] "0.323397128342652" "0.323397128342652" "beta :"           
[43] "1"                
[1] " old Likelihood:  -9456515.16880631"
[1] "New Likelihood:  -9456511.93594145"
iter:  0  f-value:  28041.87  pgrad:  0.6467943 
iter:  10  f-value:  28041.86  pgrad:  0.6463786 
iter:  20  f-value:  28041.86  pgrad:  0.6451695 
iter:  30  f-value:  28041.86  pgrad:  0.4616231 
  Unsuccessful convergence.
Time difference of 9.716722 mins
[1] "maxIt: 20"
[1] "It: 12"
 [1] "sigma:"            "0.99"              "0.99"             
 [4] "0.99"              "0.99"              "0.99"             
 [7] "0.99"              "0.99"              "0.99"             
[10] "0.99"              "0.99"              "0.99"             
[13] "0.99"              "0.99"              "0.99"             
[16] "0.99"              "0.99"              "0.99"             
[19] "0.99"              "0.99"              "0.99"             
[22] "0.99"              "0.99"              "0.322196535718228"
[25] "0.322196535718228" "0.322196535718228" "0.322196535718228"
[28] "0.322196535718228" "0.322196535718228" "0.322196535718228"
[31] "0.322196535718228" "0.322196535718228" "0.322196535718228"
[34] "0.322196535718228" "0.322196535718228" "0.322196535718228"
[37] "0.322196535718228" "0.322196535718228" "0.322196535718228"
[40] "0.322196535718228" "0.322196535718228" "beta :"           
[43] "1"                
[1] 9456692
[1] 9456510
[1] 9459060
 [1] "sigma:"            "0.99"              "0.99"             
 [4] "0.99"              "0.99"              "0.99"             
 [7] "0.99"              "0.99"              "0.99"             
[10] "0.99"              "0.99"              "0.99"             
[13] "0.99"              "0.99"              "0.99"             
[16] "0.99"              "0.99"              "0.99"             
[19] "0.99"              "0.99"              "0.99"             
[22] "0.99"              "0.99"              "0.322196535718228"
[25] "0.322196535718228" "0.322196535718228" "0.322196535718228"
[28] "0.322196535718228" "0.322196535718228" "0.322196535718228"
[31] "0.322196535718228" "0.322196535718228" "0.322196535718228"
[34] "0.322196535718228" "0.322196535718228" "0.322196535718228"
[37] "0.322196535718228" "0.322196535718228" "0.322196535718228"
[40] "0.322196535718228" "0.322196535718228" "beta :"           
[43] "1"                
[1] " old Likelihood:  -9456511.93594145"
[1] "New Likelihood:  -9456509.69446303"
iter:  0  f-value:  28064.73  pgrad:  0.6443931 
iter:  10  f-value:  28064.72  pgrad:  0.6439625 
iter:  20  f-value:  28064.72  pgrad:  0.6427874 
iter:  30  f-value:  28064.72  pgrad:  0.4402236 
  Unsuccessful convergence.
Time difference of 9.758454 mins
[1] "maxIt: 20"
[1] "It: 13"
 [1] "sigma:"            "0.99"              "0.99"             
 [4] "0.99"              "0.99"              "0.99"             
 [7] "0.99"              "0.99"              "0.99"             
[10] "0.99"              "0.99"              "0.99"             
[13] "0.99"              "0.99"              "0.99"             
[16] "0.99"              "0.99"              "0.99"             
[19] "0.99"              "0.99"              "0.99"             
[22] "0.99"              "0.99"              "0.320667310590004"
[25] "0.320667310590004" "0.320667310590004" "0.320667310590004"
[28] "0.320667310590004" "0.320667310590004" "0.320667310590004"
[31] "0.320667310590004" "0.320667310590004" "0.320667310590004"
[34] "0.320667310590004" "0.320667310590004" "0.320667310590004"
[37] "0.320667310590004" "0.320667310590004" "0.320667310590004"
[40] "0.320667310590004" "0.320667310590004" "beta :"           
[43] "1"                
[1] 9456696
[1] 9456507
[1] 9459062
 [1] "sigma:"            "0.99"              "0.99"             
 [4] "0.99"              "0.99"              "0.99"             
 [7] "0.99"              "0.99"              "0.99"             
[10] "0.99"              "0.99"              "0.99"             
[13] "0.99"              "0.99"              "0.99"             
[16] "0.99"              "0.99"              "0.99"             
[19] "0.99"              "0.99"              "0.99"             
[22] "0.99"              "0.99"              "0.320667310590004"
[25] "0.320667310590004" "0.320667310590004" "0.320667310590004"
[28] "0.320667310590004" "0.320667310590004" "0.320667310590004"
[31] "0.320667310590004" "0.320667310590004" "0.320667310590004"
[34] "0.320667310590004" "0.320667310590004" "0.320667310590004"
[37] "0.320667310590004" "0.320667310590004" "0.320667310590004"
[40] "0.320667310590004" "0.320667310590004" "beta :"           
[43] "1"                
[1] " old Likelihood:  -9456509.69446303"
[1] "New Likelihood:  -9456507.45591194"
iter:  0  f-value:  28093.8  pgrad:  0.6413346 
iter:  10  f-value:  28093.79  pgrad:  0.6409056 
iter:  20  f-value:  28093.79  pgrad:  0.6111441 
iter:  30  f-value:  28093.79  pgrad:  0.4372578 
  Unsuccessful convergence.
Time difference of 9.727883 mins
[1] "maxIt: 20"
[1] "It: 14"
 [1] "sigma:"            "0.99"              "0.99"             
 [4] "0.99"              "0.99"              "0.99"             
 [7] "0.99"              "0.99"              "0.99"             
[10] "0.99"              "0.99"              "0.99"             
[13] "0.99"              "0.99"              "0.99"             
[16] "0.99"              "0.99"              "0.99"             
[19] "0.99"              "0.99"              "0.99"             
[22] "0.99"              "0.99"              "0.319191655862593"
[25] "0.319191655862593" "0.319191655862593" "0.319191655862593"
[28] "0.319191655862593" "0.319191655862593" "0.319191655862593"
[31] "0.319191655862593" "0.319191655862593" "0.319191655862593"
[34] "0.319191655862593" "0.319191655862593" "0.319191655862593"
[37] "0.319191655862593" "0.319191655862593" "0.319191655862593"
[40] "0.319191655862593" "0.319191655862593" "beta :"           
[43] "1"                
[1] 9456701
[1] 9456505
[1] 9459063
 [1] "sigma:"            "0.99"              "0.99"             
 [4] "0.99"              "0.99"              "0.99"             
 [7] "0.99"              "0.99"              "0.99"             
[10] "0.99"              "0.99"              "0.99"             
[13] "0.99"              "0.99"              "0.99"             
[16] "0.99"              "0.99"              "0.99"             
[19] "0.99"              "0.99"              "0.99"             
[22] "0.99"              "0.99"              "0.319191655862593"
[25] "0.319191655862593" "0.319191655862593" "0.319191655862593"
[28] "0.319191655862593" "0.319191655862593" "0.319191655862593"
[31] "0.319191655862593" "0.319191655862593" "0.319191655862593"
[34] "0.319191655862593" "0.319191655862593" "0.319191655862593"
[37] "0.319191655862593" "0.319191655862593" "0.319191655862593"
[40] "0.319191655862593" "0.319191655862593" "beta :"           
[43] "1"                
[1] " old Likelihood:  -9456507.45591194"
[1] "New Likelihood:  -9456505.4658613"
iter:  0  f-value:  28122.16  pgrad:  0.6383833 
iter:  10  f-value:  28122.16  pgrad:  0.637943 
iter:  20  f-value:  28122.16  pgrad:  0.5201218 
iter:  30  f-value:  28122.16  pgrad:  0.4355484 
  Unsuccessful convergence.
Time difference of 9.707127 mins
[1] "maxIt: 20"
[1] "It: 15"
 [1] "sigma:"           "0.99"             "0.99"             "0.99"            
 [5] "0.99"             "0.99"             "0.99"             "0.99"            
 [9] "0.99"             "0.99"             "0.99"             "0.99"            
[13] "0.99"             "0.99"             "0.99"             "0.99"            
[17] "0.99"             "0.99"             "0.99"             "0.99"            
[21] "0.99"             "0.99"             "0.99"             "0.31799216029771"
[25] "0.31799216029771" "0.31799216029771" "0.31799216029771" "0.31799216029771"
[29] "0.31799216029771" "0.31799216029771" "0.31799216029771" "0.31799216029771"
[33] "0.31799216029771" "0.31799216029771" "0.31799216029771" "0.31799216029771"
[37] "0.31799216029771" "0.31799216029771" "0.31799216029771" "0.31799216029771"
[41] "0.31799216029771" "beta :"           "1"               
[1] 9456704
[1] 9456504
[1] 9459065
 [1] "sigma:"           "0.99"             "0.99"             "0.99"            
 [5] "0.99"             "0.99"             "0.99"             "0.99"            
 [9] "0.99"             "0.99"             "0.99"             "0.99"            
[13] "0.99"             "0.99"             "0.99"             "0.99"            
[17] "0.99"             "0.99"             "0.99"             "0.99"            
[21] "0.99"             "0.99"             "0.99"             "0.31799216029771"
[25] "0.31799216029771" "0.31799216029771" "0.31799216029771" "0.31799216029771"
[29] "0.31799216029771" "0.31799216029771" "0.31799216029771" "0.31799216029771"
[33] "0.31799216029771" "0.31799216029771" "0.31799216029771" "0.31799216029771"
[37] "0.31799216029771" "0.31799216029771" "0.31799216029771" "0.31799216029771"
[41] "0.31799216029771" "beta :"           "1"               
[1] " old Likelihood:  -9456505.4658613"
[1] "New Likelihood:  -9456503.81055627"
iter:  0  f-value:  28146.21  pgrad:  0.6359843 
iter:  10  f-value:  28146.21  pgrad:  0.6354982 
iter:  20  f-value:  28146.21  pgrad:  0.6346416 
iter:  30  f-value:  28146.2  pgrad:  0.5003676 
  Unsuccessful convergence.
Time difference of 9.721279 mins
[1] "maxIt: 20"
[1] "It: 16"
 [1] "sigma:"            "0.99"              "0.99"             
 [4] "0.99"              "0.99"              "0.99"             
 [7] "0.99"              "0.99"              "0.99"             
[10] "0.99"              "0.99"              "0.99"             
[13] "0.99"              "0.99"              "0.99"             
[16] "0.99"              "0.99"              "0.99"             
[19] "0.99"              "0.99"              "0.99"             
[22] "0.99"              "0.99"              "0.317037281509425"
[25] "0.317037281509425" "0.317037281509425" "0.317037281509425"
[28] "0.317037281509425" "0.317037281509425" "0.317037281509425"
[31] "0.317037281509425" "0.317037281509425" "0.317037281509425"
[34] "0.317037281509425" "0.317037281509425" "0.317037281509425"
[37] "0.317037281509425" "0.317037281509425" "0.317037281509425"
[40] "0.317037281509425" "0.317037281509425" "beta :"           
[43] "1"                
[1] 9456706
[1] 9456502
[1] 9459066
 [1] "sigma:"            "0.99"              "0.99"             
 [4] "0.99"              "0.99"              "0.99"             
 [7] "0.99"              "0.99"              "0.99"             
[10] "0.99"              "0.99"              "0.99"             
[13] "0.99"              "0.99"              "0.99"             
[16] "0.99"              "0.99"              "0.99"             
[19] "0.99"              "0.99"              "0.99"             
[22] "0.99"              "0.99"              "0.317037281509425"
[25] "0.317037281509425" "0.317037281509425" "0.317037281509425"
[28] "0.317037281509425" "0.317037281509425" "0.317037281509425"
[31] "0.317037281509425" "0.317037281509425" "0.317037281509425"
[34] "0.317037281509425" "0.317037281509425" "0.317037281509425"
[37] "0.317037281509425" "0.317037281509425" "0.317037281509425"
[40] "0.317037281509425" "0.317037281509425" "beta :"           
[43] "1"                
[1] " old Likelihood:  -9456503.81055627"
[1] "New Likelihood:  -9456502.44484147"
iter:  0  f-value:  28165.44  pgrad:  0.6340746 
iter:  10  f-value:  28165.43  pgrad:  0.633591 
iter:  20  f-value:  28165.43  pgrad:  0.6328878 
iter:  30  f-value:  28165.43  pgrad:  0.357395 
  Unsuccessful convergence.
Time difference of 9.738034 mins
[1] "maxIt: 20"
[1] "It: 17"
 [1] "sigma:"            "0.99"              "0.99"             
 [4] "0.99"              "0.99"              "0.99"             
 [7] "0.99"              "0.99"              "0.99"             
[10] "0.99"              "0.99"              "0.99"             
[13] "0.99"              "0.99"              "0.99"             
[16] "0.99"              "0.99"              "0.99"             
[19] "0.99"              "0.99"              "0.99"             
[22] "0.99"              "0.99"              "0.315777471238627"
[25] "0.315777471238627" "0.315777471238627" "0.315777471238627"
[28] "0.315777471238627" "0.315777471238627" "0.315777471238627"
[31] "0.315777471238627" "0.315777471238627" "0.315777471238627"
[34] "0.315777471238627" "0.315777471238627" "0.315777471238627"
[37] "0.315777471238627" "0.315777471238627" "0.315777471238627"
[40] "0.315777471238627" "0.315777471238627" "beta :"           
[43] "1"                
[1] 9456709
[1] 9456501
[1] 9459065
 [1] "sigma:"            "0.99"              "0.99"             
 [4] "0.99"              "0.99"              "0.99"             
 [7] "0.99"              "0.99"              "0.99"             
[10] "0.99"              "0.99"              "0.99"             
[13] "0.99"              "0.99"              "0.99"             
[16] "0.99"              "0.99"              "0.99"             
[19] "0.99"              "0.99"              "0.99"             
[22] "0.99"              "0.99"              "0.315777471238627"
[25] "0.315777471238627" "0.315777471238627" "0.315777471238627"
[28] "0.315777471238627" "0.315777471238627" "0.315777471238627"
[31] "0.315777471238627" "0.315777471238627" "0.315777471238627"
[34] "0.315777471238627" "0.315777471238627" "0.315777471238627"
[37] "0.315777471238627" "0.315777471238627" "0.315777471238627"
[40] "0.315777471238627" "0.315777471238627" "beta :"           
[43] "1"                
[1] " old Likelihood:  -9456502.44484147"
[1] "New Likelihood:  -9456500.9512734"
iter:  0  f-value:  28190.09  pgrad:  0.6315549 
iter:  10  f-value:  28190.09  pgrad:  0.6311432 
iter:  20  f-value:  28190.09  pgrad:  0.3516107 
iter:  30  f-value:  28190.09  pgrad:  0.331529 
  Unsuccessful convergence.
Time difference of 9.726363 mins
[1] "maxIt: 20"
[1] "It: 18"
 [1] "sigma:"            "0.99"              "0.99"             
 [4] "0.99"              "0.99"              "0.99"             
 [7] "0.99"              "0.99"              "0.99"             
[10] "0.99"              "0.99"              "0.99"             
[13] "0.99"              "0.99"              "0.99"             
[16] "0.99"              "0.99"              "0.99"             
[19] "0.99"              "0.99"              "0.99"             
[22] "0.99"              "0.99"              "0.314621176663647"
[25] "0.314621176663647" "0.314621176663647" "0.314621176663647"
[28] "0.314621176663647" "0.314621176663647" "0.314621176663647"
[31] "0.314621176663647" "0.314621176663647" "0.314621176663647"
[34] "0.314621176663647" "0.314621176663647" "0.314621176663647"
[37] "0.314621176663647" "0.314621176663647" "0.314621176663647"
[40] "0.314621176663647" "0.314621176663647" "beta :"           
[43] "1"                
[1] 9456712
[1] 9456500
[1] 9459064
 [1] "sigma:"            "0.99"              "0.99"             
 [4] "0.99"              "0.99"              "0.99"             
 [7] "0.99"              "0.99"              "0.99"             
[10] "0.99"              "0.99"              "0.99"             
[13] "0.99"              "0.99"              "0.99"             
[16] "0.99"              "0.99"              "0.99"             
[19] "0.99"              "0.99"              "0.99"             
[22] "0.99"              "0.99"              "0.314621176663647"
[25] "0.314621176663647" "0.314621176663647" "0.314621176663647"
[28] "0.314621176663647" "0.314621176663647" "0.314621176663647"
[31] "0.314621176663647" "0.314621176663647" "0.314621176663647"
[34] "0.314621176663647" "0.314621176663647" "0.314621176663647"
[37] "0.314621176663647" "0.314621176663647" "0.314621176663647"
[40] "0.314621176663647" "0.314621176663647" "beta :"           
[43] "1"                
[1] " old Likelihood:  -9456500.9512734"
[1] "New Likelihood:  -9456499.57694951"
iter:  0  f-value:  28213.14  pgrad:  0.6292424 
iter:  10  f-value:  28213.14  pgrad:  0.6288764 
iter:  20  f-value:  28213.14  pgrad:  0.3794776 
iter:  30  f-value:  28213.14  pgrad:  0.2664456 
  Unsuccessful convergence.
Time difference of 9.731076 mins
[1] "maxIt: 20"
[1] "It: 19"
 [1] "sigma:"            "0.99"              "0.99"             
 [4] "0.99"              "0.99"              "0.99"             
 [7] "0.99"              "0.99"              "0.99"             
[10] "0.99"              "0.99"              "0.99"             
[13] "0.99"              "0.99"              "0.99"             
[16] "0.99"              "0.99"              "0.99"             
[19] "0.99"              "0.99"              "0.99"             
[22] "0.99"              "0.99"              "0.313454211105204"
[25] "0.313454211105204" "0.313454211105204" "0.313454211105204"
[28] "0.313454211105204" "0.313454211105204" "0.313454211105204"
[31] "0.313454211105204" "0.313454211105204" "0.313454211105204"
[34] "0.313454211105204" "0.313454211105204" "0.313454211105204"
[37] "0.313454211105204" "0.313454211105204" "0.313454211105204"
[40] "0.313454211105204" "0.313454211105204" "beta :"           
[43] "1"                
[1] 9456715
[1] 9456498
[1] 9459063
 [1] "sigma:"            "0.99"              "0.99"             
 [4] "0.99"              "0.99"              "0.99"             
 [7] "0.99"              "0.99"              "0.99"             
[10] "0.99"              "0.99"              "0.99"             
[13] "0.99"              "0.99"              "0.99"             
[16] "0.99"              "0.99"              "0.99"             
[19] "0.99"              "0.99"              "0.99"             
[22] "0.99"              "0.99"              "0.313454211105204"
[25] "0.313454211105204" "0.313454211105204" "0.313454211105204"
[28] "0.313454211105204" "0.313454211105204" "0.313454211105204"
[31] "0.313454211105204" "0.313454211105204" "0.313454211105204"
[34] "0.313454211105204" "0.313454211105204" "0.313454211105204"
[37] "0.313454211105204" "0.313454211105204" "0.313454211105204"
[40] "0.313454211105204" "0.313454211105204" "beta :"           
[43] "1"                
[1] " old Likelihood:  -9456499.57694951"
[1] "New Likelihood:  -9456498.22514554"
iter:  0  f-value:  28236.41  pgrad:  0.6269084 
iter:  10  f-value:  28236.4  pgrad:  0.6265664 
iter:  20  f-value:  28236.4  pgrad:  0.3932655 
iter:  30  f-value:  28236.4  pgrad:  0.2413071 
  Unsuccessful convergence.
Time difference of 9.74805 mins
[1] "maxIt: 20"
[1] "It: 20"
 [1] "sigma:"            "0.99"              "0.99"             
 [4] "0.99"              "0.99"              "0.99"             
 [7] "0.99"              "0.99"              "0.99"             
[10] "0.99"              "0.99"              "0.99"             
[13] "0.99"              "0.99"              "0.99"             
[16] "0.99"              "0.99"              "0.99"             
[19] "0.99"              "0.99"              "0.99"             
[22] "0.99"              "0.99"              "0.312423452910133"
[25] "0.312423452910133" "0.312423452910133" "0.312423452910133"
[28] "0.312423452910133" "0.312423452910133" "0.312423452910133"
[31] "0.312423452910133" "0.312423452910133" "0.312423452910133"
[34] "0.312423452910133" "0.312423452910133" "0.312423452910133"
[37] "0.312423452910133" "0.312423452910133" "0.312423452910133"
[40] "0.312423452910133" "0.312423452910133" "beta :"           
[43] "1"                
[1] 9456717
[1] 9456497
[1] 9459061
 [1] "sigma:"            "0.99"              "0.99"             
 [4] "0.99"              "0.99"              "0.99"             
 [7] "0.99"              "0.99"              "0.99"             
[10] "0.99"              "0.99"              "0.99"             
[13] "0.99"              "0.99"              "0.99"             
[16] "0.99"              "0.99"              "0.99"             
[19] "0.99"              "0.99"              "0.99"             
[22] "0.99"              "0.99"              "0.312423452910133"
[25] "0.312423452910133" "0.312423452910133" "0.312423452910133"
[28] "0.312423452910133" "0.312423452910133" "0.312423452910133"
[31] "0.312423452910133" "0.312423452910133" "0.312423452910133"
[34] "0.312423452910133" "0.312423452910133" "0.312423452910133"
[37] "0.312423452910133" "0.312423452910133" "0.312423452910133"
[40] "0.312423452910133" "0.312423452910133" "beta :"           
[43] "1"                
[1] " old Likelihood:  -9456498.22514554"
[1] "New Likelihood:  -9456496.99136549"
iter:  0  f-value:  28257.29  pgrad:  0.6248469 
iter:  10  f-value:  28257.29  pgrad:  0.624521 
iter:  20  f-value:  28257.29  pgrad:  0.3810419 
iter:  30  f-value:  28257.29  pgrad:  0.504194 
  Unsuccessful convergence.
Time difference of 9.704893 mins
 [1] "sigma:"            "0.99"              "0.99"             
 [4] "0.99"              "0.99"              "0.99"             
 [7] "0.99"              "0.99"              "0.99"             
[10] "0.99"              "0.99"              "0.99"             
[13] "0.99"              "0.99"              "0.99"             
[16] "0.99"              "0.99"              "0.99"             
[19] "0.99"              "0.99"              "0.99"             
[22] "0.99"              "0.99"              "0.311219194217615"
[25] "0.311219194217615" "0.311219194217615" "0.311219194217615"
[28] "0.311219194217615" "0.311219194217615" "0.311219194217615"
[31] "0.311219194217615" "0.311219194217615" "0.311219194217615"
[34] "0.311219194217615" "0.311219194217615" "0.311219194217615"
[37] "0.311219194217615" "0.311219194217615" "0.311219194217615"
[40] "0.311219194217615" "0.311219194217615" "beta :"           
[43] "1"                
[1] 1999862 1999810 1999702 1995198 1999780
[1] 1 1 1 1 1
saved RDS
inference successful
