[1] "Original length"
[1] 999786
[1] "Final length"
[1] 16441
[1] "sequence length : 999787" "sequence length : 999866"
[3] "sequence length : 999981" "sequence length : 999827"
[5] "sequence length : 999568"
[1] "former Rho:"
[1] 1259.1507  993.3903 1208.5753 1369.2525 1400.2471
[1] "old mu :"
[1] 0.0006297095 0.0004967617 0.0006042991 0.0006847447 0.0007004261
[1] "new mu :"
[1] 0.0006231882
[1] "new Rho:"
[1] 1246.111 1246.209 1246.353 1246.161 1245.838
[1] 1 1 1 1 1
[1] "Beta: 1"
[1] "Self: 0"
[1] 1
[1] "Rho"
[1] 1246.111 1246.209 1246.353 1246.161 1245.838
[1] "It: 1"
[1] "sigma:" "0"      "beta :" "1"     
[1] "rho/theta:" "1"         
[1] "sigma:" "0"      "beta :" "1"     
[1] "rho/theta:" "1"         
Time difference of 1.669972 secs
[1] "New Likelihood:  -8617087.04386941"
[1] 4999024
[1] 4999029
iter:  0  f-value:  33269.27  pgrad:  0.5 
iter:  10  f-value:  33256.81  pgrad:  0.9843414 
iter:  20  f-value:  33253.11  pgrad:  0.9123234 
iter:  30  f-value:  33252.91  pgrad:  0.8989293 
  Unsuccessful convergence.
[1] 0.1011687
 [1] "Xi: 0.504509950422479" "Xi: 0.504638052324636" "Xi: 0.507911016632573"
 [4] "Xi: 0.508367869735271" "Xi: 0.504707644275694" "Xi: 0.491351148158677"
 [7] "Xi: 0.487831111454054" "Xi: 0.488658643033739" "Xi: 0.496386706120209"
[10] "Xi: 0.509062169347991" "Xi: 0.515470855651674" "Xi: 0.517061983646679"
[13] "Xi: 0.516666942991629" "Xi: 0.514956936004733" "Xi: 0.512941618548693"
[16] "Xi: 0.51097770498617"  "Xi: 0.509518272182522" "Xi: 0.508631110276895"
[19] "Xi: 0.507801099594382" "Xi: 0.507102971714118"
Time difference of 7.744578 mins
[1] "Rho"
[1] 1246.111 1246.209 1246.353 1246.161 1245.838
[1] "It: 2"
[1] "sigma:"            "0.100156989938193" "beta :"           
[4] "1"                
[1] "rho/theta:" "1"         
Time difference of 1.679166 secs
[1] " old Likelihood:  -8617087.04386941"
[1] "New Likelihood:  -8612247.48277151"
[1] 4999024
[1] 4999029
iter:  0  f-value:  32812.44  pgrad:  0.5090622 
iter:  10  f-value:  32808.34  pgrad:  0.8822236 
iter:  20  f-value:  32806.7  pgrad:  0.8320797 
iter:  30  f-value:  32806.69  pgrad:  0.8305635 
  Unsuccessful convergence.
[1] 0.1694931
 [1] "Xi: 0.506814567527529" "Xi: 0.50705494670127"  "Xi: 0.512038483110834"
 [4] "Xi: 0.512896839502873" "Xi: 0.509401650166165" "Xi: 0.487810903528269"
 [7] "Xi: 0.480975795052162" "Xi: 0.480381233926308" "Xi: 0.489850932185292"
[10] "Xi: 0.511596805998819" "Xi: 0.523193968773412" "Xi: 0.526271049540963"
[13] "Xi: 0.525813271535503" "Xi: 0.523328287524813" "Xi: 0.520361215761404"
[16] "Xi: 0.517523608186827" "Xi: 0.515556266183203" "Xi: 0.514508335921212"
[19] "Xi: 0.513359791294088" "Xi: 0.512263085778039"
Time difference of 4.352087 mins
[1] "Rho"
[1] 1246.111 1246.209 1246.353 1246.161 1245.838
[1] "It: 3"
[1] "sigma:"            "0.167798149203884" "beta :"           
[4] "1"                
[1] "rho/theta:" "1"         
Time difference of 1.684662 secs
[1] " old Likelihood:  -8612247.48277151"
[1] "New Likelihood:  -8610417.36120134"
[1] 4999024
[1] 4999029
iter:  0  f-value:  32195.69  pgrad:  0.8305069 
iter:  10  f-value:  32193.8  pgrad:  0.8122365 
iter:  20  f-value:  32193.04  pgrad:  0.7811831 
iter:  30  f-value:  32193.03  pgrad:  0.7802396 
  Unsuccessful convergence.
[1] 0.2197688
 [1] "Xi: 0.508278091172143" "Xi: 0.508604517246151" "Xi: 0.514665781308149"
 [4] "Xi: 0.516607711585706" "Xi: 0.514050828475942" "Xi: 0.488901833246483"
 [7] "Xi: 0.476621189784479" "Xi: 0.475077843583969" "Xi: 0.483413305340384"
[10] "Xi: 0.511469018942085" "Xi: 0.527094740599299" "Xi: 0.531295921451"   
[13] "Xi: 0.530920069932461" "Xi: 0.528086167727798" "Xi: 0.524701533215017"
[16] "Xi: 0.52153467050604"  "Xi: 0.519549429159151" "Xi: 0.518737658422071"
[19] "Xi: 0.517558315946762" "Xi: 0.516233225941686"
Time difference of 4.350404 mins
[1] "Rho"
[1] 1246.111 1246.209 1246.353 1246.161 1245.838
[1] "It: 4"
[1] "sigma:"            "0.217571120562119" "beta :"           
[4] "1"                
[1] "rho/theta:" "1"         
Time difference of 1.703699 secs
[1] " old Likelihood:  -8610417.36120134"
[1] "New Likelihood:  -8609516.10939177"
[1] 4999024
[1] 4999029
iter:  0  f-value:  31554.18  pgrad:  0.7802312 
iter:  10  f-value:  31553.14  pgrad:  0.766119 
iter:  20  f-value:  31552.55  pgrad:  0.7410918 
iter:  30  f-value:  31552.54  pgrad:  0.7403676 
  Unsuccessful convergence.
[1] 0.2608051
 [1] "Xi: 0.509197220000936" "Xi: 0.50958185600322"  "Xi: 0.51631547064717" 
 [4] "Xi: 0.518959349986184" "Xi: 0.517023697026618" "Xi: 0.491762591741072"
 [7] "Xi: 0.474908546611156" "Xi: 0.472783959158739" "Xi: 0.478604391026241"
[10] "Xi: 0.510984532874411" "Xi: 0.529595602473966" "Xi: 0.534459457118931"
[13] "Xi: 0.534089045776479" "Xi: 0.531010108019066" "Xi: 0.527422016314939"
[16] "Xi: 0.524158134919605" "Xi: 0.522382969802061" "Xi: 0.52201298098452" 
[19] "Xi: 0.52096202540125"  "Xi: 0.519504633267437"
Time difference of 4.353155 mins
[1] "Rho"
[1] 1246.111 1246.209 1246.353 1246.161 1245.838
[1] "It: 5"
[1] "sigma:"            "0.258197036647797" "beta :"           
[4] "1"                
[1] "rho/theta:" "1"         
Time difference of 1.679277 secs
[1] " old Likelihood:  -8609516.10939177"
[1] "New Likelihood:  -8608928.18146284"
[1] 4999024
[1] 4999029
iter:  0  f-value:  30905.73  pgrad:  0.7391949 
iter:  10  f-value:  30904.93  pgrad:  0.726001 
iter:  20  f-value:  30904.5  pgrad:  0.5363561 
iter:  30  f-value:  30904.49  pgrad:  0.5060092 
  Unsuccessful convergence.
[1] 0.2957056
 [1] "Xi: 0.509809452589831" "Xi: 0.510235641645446" "Xi: 0.517416302299763"
 [4] "Xi: 0.520545531898411" "Xi: 0.519105204208037" "Xi: 0.494177541020939"
 [7] "Xi: 0.474753576159974" "Xi: 0.472593908123453" "Xi: 0.475172542820074"
[10] "Xi: 0.510636564888439" "Xi: 0.531647084777615" "Xi: 0.536822577879569"
[13] "Xi: 0.536299638062423" "Xi: 0.532975948210325" "Xi: 0.529229854840324"
[16] "Xi: 0.525946560533536" "Xi: 0.524476680270747" "Xi: 0.524653036709142"
[19] "Xi: 0.523817853496529" "Xi: 0.522284267708077"
Time difference of 4.351884 mins
[1] "Rho"
[1] 1246.111 1246.209 1246.353 1246.161 1245.838
[1] "It: 6"
[1] "sigma:"            "0.292748505240274" "beta :"           
[4] "1"                
[1] "rho/theta:" "1"         
Time difference of 1.677251 secs
[1] " old Likelihood:  -8608928.18146284"
[1] "New Likelihood:  -8608474.1324385"
[1] 4999024
[1] 4999029
iter:  0  f-value:  30272.96  pgrad:  0.7042944 
iter:  10  f-value:  30272.15  pgrad:  0.6882946 
iter:  20  f-value:  30271.94  pgrad:  0.6776804 
iter:  30  f-value:  30271.92  pgrad:  0.6741686 
  Unsuccessful convergence.
[1] 0.3258411
 [1] "Xi: 0.510368887828369" "Xi: 0.510836049187655" "Xi: 0.518428184602263"
 [4] "Xi: 0.522010708267518" "Xi: 0.520922570161189" "Xi: 0.496441405216664"
 [7] "Xi: 0.475705140460419" "Xi: 0.473608931312925" "Xi: 0.472728824713873"
[10] "Xi: 0.510436768397894" "Xi: 0.533531462921382" "Xi: 0.538797791768861"
[13] "Xi: 0.538031070999921" "Xi: 0.534346301823991" "Xi: 0.530490228811793"
[16] "Xi: 0.527193369043407" "Xi: 0.526055841542865" "Xi: 0.526825803050997"
[19] "Xi: 0.526254063535613" "Xi: 0.524673536325647"
Time difference of 4.353563 mins
[1] "Rho"
[1] 1246.111 1246.209 1246.353 1246.161 1245.838
[1] "It: 7"
[1] "sigma:"            "0.322582697536367" "beta :"           
[4] "1"                
[1] "rho/theta:" "1"         
Time difference of 1.776045 secs
[1] " old Likelihood:  -8608474.1324385"
[1] "New Likelihood:  -8608095.48728576"
[1] 4999024
[1] 4999029
iter:  0  f-value:  29671.25  pgrad:  0.6741589 
iter:  10  f-value:  29670.45  pgrad:  0.6570196 
iter:  20  f-value:  29670.34  pgrad:  0.6489856 
iter:  30  f-value:  29670.33  pgrad:  0.6473919 
  Unsuccessful convergence.
[1] 0.3526227
 [1] "Xi: 0.51091830100766"  "Xi: 0.511425885466555" "Xi: 0.519422596351694"
 [4] "Xi: 0.523435030656765" "Xi: 0.522645521814606" "Xi: 0.498676531259078"
 [7] "Xi: 0.477369296268577" "Xi: 0.475701739487812" "Xi: 0.471142244874947"
[10] "Xi: 0.510493854806442" "Xi: 0.535434110401491" "Xi: 0.540650539464384"
[13] "Xi: 0.539559061932012" "Xi: 0.535528600683461" "Xi: 0.531463980901509"
[16] "Xi: 0.528123053324828" "Xi: 0.527298458533816" "Xi: 0.52867366998914" 
[19] "Xi: 0.528384379343291" "Xi: 0.526773751538355"
Time difference of 4.355529 mins
[1] "Rho"
[1] 1246.111 1246.209 1246.353 1246.161 1245.838
[1] "It: 8"
[1] "sigma:"            "0.349096478380396" "beta :"           
[4] "1"                
[1] "rho/theta:" "1"         
Time difference of 1.673461 secs
[1] " old Likelihood:  -8608095.48728576"
[1] "New Likelihood:  -8607764.04022659"
[1] 4999024
[1] 4999029
iter:  0  f-value:  29099.14  pgrad:  0.6473773 
iter:  10  f-value:  29098.4  pgrad:  0.6304635 
iter:  20  f-value:  29098.32  pgrad:  0.5410164 
iter:  30  f-value:  29098.31  pgrad:  0.6226206 
  Unsuccessful convergence.
[1] 0.3773876
 [1] "Xi: 0.511491725904264" "Xi: 0.512044973529411" "Xi: 0.520463916546491"
 [4] "Xi: 0.524895092579747" "Xi: 0.524424414321823" "Xi: 0.501073920817011"
 [7] "Xi: 0.479282764403534" "Xi: 0.478427355907966" "Xi: 0.470237596335025"
[10] "Xi: 0.510838577993858" "Xi: 0.537446244354477" "Xi: 0.542499508352018"
[13] "Xi: 0.541034398703411" "Xi: 0.536624681705744" "Xi: 0.532315956588641"
[16] "Xi: 0.528884668437977" "Xi: 0.528338142972015" "Xi: 0.530310210960409"
[19] "Xi: 0.530307621997252" "Xi: 0.528674598525351"
Time difference of 4.355108 mins
[1] "Rho"
[1] 1246.111 1246.209 1246.353 1246.161 1245.838
[1] "It: 9"
[1] "sigma:"           "0.37361367853037" "beta :"           "1"               
[1] "rho/theta:" "1"         
Time difference of 1.67442 secs
[1] " old Likelihood:  -8607764.04022659"
[1] "New Likelihood:  -8607460.42675263"
[1] 4999024
[1] 4999029
iter:  0  f-value:  28541.78  pgrad:  0.6226124 
iter:  10  f-value:  28541.09  pgrad:  0.6064873 
iter:  20  f-value:  28541.03  pgrad:  0.6003084 
iter:  30  f-value:  28541.03  pgrad:  0.5999714 
  Unsuccessful convergence.
[1] 0.4001203
 [1] "Xi: 0.512065435484305" "Xi: 0.512667108549173" "Xi: 0.521510023766985"
 [4] "Xi: 0.526330077048917" "Xi: 0.526159888981034" "Xi: 0.50345159222544" 
 [7] "Xi: 0.481253120553288" "Xi: 0.481428694984904" "Xi: 0.46972290274013" 
[10] "Xi: 0.511238493314895" "Xi: 0.539433461987453" "Xi: 0.544288097969485"
[13] "Xi: 0.542447642107135" "Xi: 0.537655963596426" "Xi: 0.533077867324156"
[16] "Xi: 0.529514062414258" "Xi: 0.529206140059741" "Xi: 0.531759530064169"
[19] "Xi: 0.532039655754354" "Xi: 0.530387599025595"
Time difference of 4.351411 mins
[1] "Rho"
[1] 1246.111 1246.209 1246.353 1246.161 1245.838
[1] "It: 10"
[1] "sigma:"           "0.39611909383434" "beta :"           "1"               
[1] "rho/theta:" "1"         
Time difference of 1.683453 secs
[1] " old Likelihood:  -8607460.42675263"
[1] "New Likelihood:  -8607183.21420944"
[1] 4999024
[1] 4999029
iter:  0  f-value:  28006.73  pgrad:  0.5998797 
iter:  10  f-value:  28006.1  pgrad:  0.5846473 
iter:  20  f-value:  28006.05  pgrad:  0.5799593 
iter:  30  f-value:  28006.04  pgrad:  0.5792761 
  Unsuccessful convergence.
[1] 0.4212644
 [1] "Xi: 0.512665821295856" "Xi: 0.513320729615672" "Xi: 0.5226035802319"  
 [4] "Xi: 0.527806387197556" "Xi: 0.527956921870087" "Xi: 0.505978304821006"
 [7] "Xi: 0.48336472750809"  "Xi: 0.484811252668212" "Xi: 0.469589326430902"
[10] "Xi: 0.511721193434856" "Xi: 0.541419815943847" "Xi: 0.546038347703712"
[13] "Xi: 0.543833147978055" "Xi: 0.53866584937662"  "Xi: 0.533801799762711"
[16] "Xi: 0.530085279270186" "Xi: 0.529954175009463" "Xi: 0.533065863947758"
[19] "Xi: 0.533607766959234" "Xi: 0.53194804269605" 
Time difference of 4.353412 mins
[1] "Rho"
[1] 1246.111 1246.209 1246.353 1246.161 1245.838
[1] "It: 11"
[1] "sigma:"            "0.417051751159464" "beta :"           
[4] "1"                
[1] "rho/theta:" "1"         
Time difference of 1.687778 secs
[1] " old Likelihood:  -8607183.21420944"
[1] "New Likelihood:  -8606927.69056197"
[1] 4999024
[1] 4999029
iter:  0  f-value:  27490.53  pgrad:  0.5787356 
iter:  10  f-value:  27489.94  pgrad:  0.5644766 
iter:  20  f-value:  27489.9  pgrad:  0.5599871 
iter:  30  f-value:  27489.9  pgrad:  0.5146805 
  Unsuccessful convergence.
[1] 0.4405642
 [1] "Xi: 0.513249004621089" "Xi: 0.51395697379089"  "Xi: 0.52366261671038" 
 [4] "Xi: 0.529207075926571" "Xi: 0.529629711723792" "Xi: 0.508312726563114"
 [7] "Xi: 0.485329988722499" "Xi: 0.488033660192737" "Xi: 0.469521987693103"
[10] "Xi: 0.512012789179351" "Xi: 0.543226590698602" "Xi: 0.547654888932427"
[13] "Xi: 0.545134783599036" "Xi: 0.539620795163282" "Xi: 0.534468242382506"
[16] "Xi: 0.530550936474326" "Xi: 0.530573131703263" "Xi: 0.534222410063042"
[19] "Xi: 0.535028571736767" "Xi: 0.533348177894756"
Time difference of 4.357727 mins
[1] "Rho"
[1] 1246.111 1246.209 1246.353 1246.161 1245.838
[1] "It: 12"
[1] "sigma:"            "0.436158587652147" "beta :"           
[4] "1"                
[1] "rho/theta:" "1"         
Time difference of 1.680055 secs
[1] " old Likelihood:  -8606927.69056197"
[1] "New Likelihood:  -8606695.48936424"
[1] 4999024
[1] 4999029
iter:  0  f-value:  27001.83  pgrad:  0.5594358 
iter:  10  f-value:  27001.29  pgrad:  0.5461586 
iter:  20  f-value:  27001.25  pgrad:  0.541732 
iter:  30  f-value:  27001.25  pgrad:  0.5124257 
  Unsuccessful convergence.
[1] 0.4585575
 [1] "Xi: 0.513896530841042" "Xi: 0.51466391472924"  "Xi: 0.524835921241632"
 [4] "Xi: 0.530748180893816" "Xi: 0.531515851307896" "Xi: 0.511059615275781"
 [7] "Xi: 0.487582296232321" "Xi: 0.491855734684388" "Xi: 0.469834035892412"
[10] "Xi: 0.512384970620398" "Xi: 0.545017267733512" "Xi: 0.549220710161364"
[13] "Xi: 0.54641267414623"  "Xi: 0.540582203478212" "Xi: 0.535130045844921"
[16] "Xi: 0.530983500616074" "Xi: 0.531119540476528" "Xi: 0.535280382389445"
[19] "Xi: 0.536331415809908" "Xi: 0.534636821887749"
Time difference of 4.357103 mins
[1] "Rho"
[1] 1246.111 1246.209 1246.353 1246.161 1245.838
[1] "It: 13"
[1] "sigma:"            "0.453971887989097" "beta :"           
[4] "1"                
[1] "rho/theta:" "1"         
Time difference of 1.682607 secs
[1] " old Likelihood:  -8606695.48936424"
[1] "New Likelihood:  -8606481.88454405"
[1] 4999024
[1] 4999029
iter:  0  f-value:  26533.55  pgrad:  0.5414425 
iter:  10  f-value:  26533.06  pgrad:  0.5412029 
iter:  20  f-value:  26533.02  pgrad:  0.5357642 
iter:  30  f-value:  26533.02  pgrad:  0.5103295 
  Unsuccessful convergence.
[1] 0.4752063
 [1] "Xi: 0.514535096141376" "Xi: 0.5153596507013"   "Xi: 0.525985456227253"
 [4] "Xi: 0.532236311569316" "Xi: 0.533311462905445" "Xi: 0.51365867574899" 
 [7] "Xi: 0.489677328730035" "Xi: 0.49551579748442"  "Xi: 0.470187060717528"
[10] "Xi: 0.512600520289421" "Xi: 0.546661663758416" "Xi: 0.550664966895125"
[13] "Xi: 0.547623079695043" "Xi: 0.541505740251034" "Xi: 0.535772738966233"
[16] "Xi: 0.531377991983388" "Xi: 0.531592183606645" "Xi: 0.536238001350699"
[19] "Xi: 0.537518621599615" "Xi: 0.535794678924772"
Time difference of 4.357393 mins
[1] "Rho"
[1] 1246.111 1246.209 1246.353 1246.161 1245.838
[1] "It: 14"
[1] "sigma:"            "0.470454215396034" "beta :"           
[4] "1"                
[1] "rho/theta:" "1"         
Time difference of 1.662396 secs
[1] " old Likelihood:  -8606481.88454405"
[1] "New Likelihood:  -8606286.65561095"
[1] 4999024
[1] 4999029
iter:  0  f-value:  26088.08  pgrad:  0.5415057 
iter:  10  f-value:  26087.63  pgrad:  0.5361295 
iter:  20  f-value:  26087.59  pgrad:  0.5371352 
iter:  30  f-value:  26087.59  pgrad:  0.5008532 
  Unsuccessful convergence.
[1] 0.4906713
 [1] "Xi: 0.515171616659228" "Xi: 0.516052258616263" "Xi: 0.527127686545905"
 [4] "Xi: 0.533725688598938" "Xi: 0.53510045053095"  "Xi: 0.516257583515025"
 [7] "Xi: 0.491720536252233" "Xi: 0.499157439570193" "Xi: 0.470618880628878"
[10] "Xi: 0.512685250536023" "Xi: 0.548173136343379" "Xi: 0.552005662530873"
[13] "Xi: 0.548776197221487" "Xi: 0.542409464131061" "Xi: 0.536409951447647"
[16] "Xi: 0.531748478306503" "Xi: 0.532006753530368" "Xi: 0.537112217771558"
[19] "Xi: 0.538604712704641" "Xi: 0.536846973271698"
Time difference of 4.364532 mins
[1] "Rho"
[1] 1246.111 1246.209 1246.353 1246.161 1245.838
[1] "It: 15"
[1] "sigma:"            "0.485764599208639" "beta :"           
[4] "1"                
[1] "rho/theta:" "1"         
Time difference of 1.686761 secs
[1] " old Likelihood:  -8606286.65561095"
[1] "New Likelihood:  -8606108.11227691"
[1] 4999024
[1] 4999029
iter:  0  f-value:  25664.14  pgrad:  0.5424095 
iter:  10  f-value:  25663.7  pgrad:  0.529681 
iter:  20  f-value:  25663.69  pgrad:  0.5261973 
iter:  30  f-value:  25663.69  pgrad:  0.5068431 
  Unsuccessful convergence.
[1] 0.5050407
 [1] "Xi: 0.515611357889364" "Xi: 0.516533146714353" "Xi: 0.527918009434716"
 [4] "Xi: 0.534797429420599" "Xi: 0.536489149645213" "Xi: 0.518516026227799"
 [7] "Xi: 0.493433805863324" "Xi: 0.502684865140334" "Xi: 0.471170356941753"
[10] "Xi: 0.512676862747882" "Xi: 0.549578024495618" "Xi: 0.553245514101786"
[13] "Xi: 0.549867898074429" "Xi: 0.543314744520823" "Xi: 0.537090275219711"
[16] "Xi: 0.532102160796699" "Xi: 0.53237395537773"  "Xi: 0.537912138331323"
[19] "Xi: 0.539604443888216" "Xi: 0.537802700432409"
Time difference of 4.363113 mins
[1] "Rho"
[1] 1246.111 1246.209 1246.353 1246.161 1245.838
[1] "It: 16"
[1] "sigma:"           "0.49999027152326" "beta :"           "1"               
[1] "rho/theta:" "1"         
Time difference of 1.772601 secs
[1] " old Likelihood:  -8606108.11227691"
[1] "New Likelihood:  -8605945.25175159"
[1] 4999024
[1] 4999029
iter:  0  f-value:  25262.21  pgrad:  0.5433147 
iter:  10  f-value:  25261.81  pgrad:  0.5290527 
iter:  20  f-value:  25261.8  pgrad:  0.5285903 
iter:  30  f-value:  25261.8  pgrad:  0.4938896 
  Unsuccessful convergence.
[1] 0.5183995
 [1] "Xi: 0.51612328192975"  "Xi: 0.517096585913182" "Xi: 0.528838242320489"
 [4] "Xi: 0.536059150576128" "Xi: 0.538152833015346" "Xi: 0.521291698003791"
 [7] "Xi: 0.49542120650765"  "Xi: 0.506767502805"    "Xi: 0.471877586452254"
[10] "Xi: 0.512583811503763" "Xi: 0.550855565390932" "Xi: 0.554374844547423"
[13] "Xi: 0.550886603276713" "Xi: 0.544152208244379" "Xi: 0.537716544176887"
[16] "Xi: 0.53242745757723"  "Xi: 0.532691376726736" "Xi: 0.53864362815609" 
[19] "Xi: 0.540508047907393" "Xi: 0.538662759290921"
Time difference of 4.36402 mins
[1] "Rho"
[1] 1246.111 1246.209 1246.353 1246.161 1245.838
[1] "It: 17"
[1] "sigma:"            "0.513215514654289" "beta :"           
[4] "1"                
[1] "rho/theta:" "1"         
Time difference of 1.672801 secs
[1] " old Likelihood:  -8605945.25175159"
[1] "New Likelihood:  -8605796.73971199"
[1] 4999024
[1] 4999029
iter:  0  f-value:  24879.49  pgrad:  0.5441522 
iter:  10  f-value:  24879.13  pgrad:  0.5282765 
iter:  20  f-value:  24879.12  pgrad:  0.5278495 
iter:  30  f-value:  24879.12  pgrad:  0.5451842 
  Unsuccessful convergence.
[1] 0.5308217
 [1] "Xi: 0.516797650581723" "Xi: 0.51783754329684"  "Xi: 0.530040687656095"
 [4] "Xi: 0.537724873348404" "Xi: 0.540389444849333" "Xi: 0.525097130393484"
 [7] "Xi: 0.497843974493127" "Xi: 0.511662618422225" "Xi: 0.47250027163081" 
[10] "Xi: 0.512282753553112" "Xi: 0.551908545563965" "Xi: 0.555406919371091"
[13] "Xi: 0.551848060738777" "Xi: 0.54507141517631"  "Xi: 0.538306445867451"
[16] "Xi: 0.532713781666406" "Xi: 0.532867264048959" "Xi: 0.539357258145533"
[19] "Xi: 0.541335520537692" "Xi: 0.539447512937587"
Time difference of 4.357157 mins
[1] "Rho"
[1] 1246.111 1246.209 1246.353 1246.161 1245.838
[1] "It: 18"
[1] "sigma:"            "0.525513441672994" "beta :"           
[4] "1"                
[1] "rho/theta:" "1"         
Time difference of 1.68625 secs
[1] " old Likelihood:  -8605796.73971199"
[1] "New Likelihood:  -8605660.82438387"
[1] 4999024
[1] 4999029
iter:  0  f-value:  24515  pgrad:  0.5450714 
iter:  10  f-value:  24514.67  pgrad:  0.5276153 
iter:  20  f-value:  24514.67  pgrad:  0.5271444 
iter:  30  f-value:  24514.66  pgrad:  0.533137 
  Unsuccessful convergence.
[1] 0.5424326
 [1] "Xi: 0.51724195087224"  "Xi: 0.518325142050459" "Xi: 0.530831060269501"
 [4] "Xi: 0.538807590938445" "Xi: 0.541751648828903" "Xi: 0.52728074700467" 
 [7] "Xi: 0.499234257072047" "Xi: 0.514863157745772" "Xi: 0.47322339817329" 
[10] "Xi: 0.511995867397593" "Xi: 0.553015740898485" "Xi: 0.556359933653713"
[13] "Xi: 0.55274900388101"  "Xi: 0.545877043815254" "Xi: 0.538924377109198"
[16] "Xi: 0.533036538719929" "Xi: 0.5330751642561"   "Xi: 0.539971971870827"
[19] "Xi: 0.542104090029262" "Xi: 0.540145948014863"
Time difference of 4.362075 mins
[1] "Rho"
[1] 1246.111 1246.209 1246.353 1246.161 1245.838
[1] "It: 19"
[1] "sigma:"            "0.537008283262823" "beta :"           
[4] "1"                
[1] "rho/theta:" "1"         
Time difference of 1.67457 secs
[1] " old Likelihood:  -8605660.82438387"
[1] "New Likelihood:  -8605537.11380251"
[1] 4999024
[1] 4999029
iter:  0  f-value:  24169.5  pgrad:  0.552749 
iter:  10  f-value:  24169.2  pgrad:  0.5332756 
iter:  20  f-value:  24169.19  pgrad:  0.5263685 
iter:  30  f-value:  24169.19  pgrad:  0.540883 
  Unsuccessful convergence.
[1] 0.5532838
 [1] "Xi: 0.517858031756602" "Xi: 0.519005069630672" "Xi: 0.531924712652201"
 [4] "Xi: 0.540323607654265" "Xi: 0.543719470649171" "Xi: 0.53057164456619" 
 [7] "Xi: 0.501108692308481" "Xi: 0.519170765104329" "Xi: 0.474079487819012"
[10] "Xi: 0.511649302390055" "Xi: 0.554037553049594" "Xi: 0.557257731034286"
[13] "Xi: 0.553604152152872" "Xi: 0.546620337712446" "Xi: 0.539526334550333"
[16] "Xi: 0.53335196706145"  "Xi: 0.533316353254804" "Xi: 0.540563650238537"
[19] "Xi: 0.542818578064545" "Xi: 0.540864370039675"
Time difference of 4.359258 mins
[1] "Rho"
[1] 1246.111 1246.209 1246.353 1246.161 1245.838
[1] "It: 20"
[1] "sigma:"           "0.54775096364957" "beta :"           "1"               
[1] "rho/theta:" "1"         
Time difference of 1.681231 secs
[1] " old Likelihood:  -8605537.11380251"
[1] "New Likelihood:  -8605425.48775244"
[1] 4999024
[1] 4999029
iter:  0  f-value:  23842.66  pgrad:  0.5536042 
iter:  10  f-value:  23842.38  pgrad:  0.5260037 
iter:  20  f-value:  23842.38  pgrad:  0.5473719 
iter:  30  f-value:  23842.38  pgrad:  0.4776178 
  Unsuccessful convergence.
[1] 0.5633561
 [1] "Xi: 0.518321192370962" "Xi: 0.519515490529752" "Xi: 0.532741938700976"
 [4] "Xi: 0.541454982100346" "Xi: 0.5451225967398"   "Xi: 0.532829942640788"
 [7] "Xi: 0.502361067405613" "Xi: 0.522382197937638" "Xi: 0.475039293054457"
[10] "Xi: 0.511269446057847" "Xi: 0.555016540307812" "Xi: 0.558046767738741"
[13] "Xi: 0.554381325168648" "Xi: 0.547342211950656" "Xi: 0.540104933642119"
[16] "Xi: 0.533648547058524" "Xi: 0.533524340676296" "Xi: 0.541105965272279"
[19] "Xi: 0.543469203325967" "Xi: 0.541450907978874"
Time difference of 4.360791 mins
[1] "Rho"
[1] 1246.111 1246.209 1246.353 1246.161 1245.838
[1] "It: 21"
[1] "sigma:"            "0.557722527624478" "beta :"           
[4] "1"                
[1] "rho/theta:" "1"         
Time difference of 1.690623 secs
[1] " old Likelihood:  -8605425.48775244"
[1] "New Likelihood:  -8605324.34867858"
[1] 4999024
[1] 4999029
iter:  0  f-value:  23534.12  pgrad:  0.5543813 
iter:  10  f-value:  23533.87  pgrad:  0.5248337 
iter:  20  f-value:  23533.87  pgrad:  0.5337167 
iter:  30  f-value:  23533.87  pgrad:  0.4749525 
  Unsuccessful convergence.
[1] 0.5727367
 [1] "Xi: 0.518744404273132" "Xi: 0.519982346459471" "Xi: 0.533487170112668"
 [4] "Xi: 0.542484171491218" "Xi: 0.546378069984372" "Xi: 0.534817013493827"
 [7] "Xi: 0.503428727827555" "Xi: 0.525173523455111" "Xi: 0.47598950235218" 
[10] "Xi: 0.510809263143703" "Xi: 0.555923682100517" "Xi: 0.558761166272768"
[13] "Xi: 0.55509802991363"  "Xi: 0.548028857249778" "Xi: 0.540662044909564"
[16] "Xi: 0.533931537873495" "Xi: 0.533706207953734" "Xi: 0.541607605846749"
[19] "Xi: 0.5440658347428"   "Xi: 0.541979892991588"
Time difference of 4.362483 mins
[1] 1 1 1 1 1
[1] 1 1 1 1 1
saved RDS
inference successful
