[1] "Original length"
[1] 999776
[1] "Final length"
[1] 18938
[1] "sequence length : 999777" "sequence length : 999849"
[3] "sequence length : 999548" "sequence length : 999987"
[5] "sequence length : 999828"
[1] 1 1 1 1 1
[1] "Beta: 1"
[1] "Self: 0.5"
 [1] 0 0 0 0 0 0 0 0 0 0 0 0 0 0 0 0 0 0 0 0
[1] "maxIt: 20"
[1] "It: 1"
 [1] "sigma:" "0.5"    "0.5"    "0.5"    "0.5"    "0.5"    "0.5"    "0.5"   
 [9] "0.5"    "0.5"    "0.5"    "0.5"    "0.5"    "0.5"    "0.5"    "0.5"   
[17] "0.5"    "0.5"    "0.5"    "0"      "0"      "0"      "0"      "0"     
[25] "0"      "0"      "0"      "0"      "0"      "0"      "0"      "0"     
[33] "0"      "0"      "0"      "0"      "0"      "0"      "0"      "0"     
[41] "0"      "beta :" "1"     
[1] 8752364
[1] 8751809
[1] 8751530
[1] 8751120
[1] 8750515
[1] 8749626
[1] 8748334
[1] 8746546
[1] 8744275
[1] 8741882
[1] 8740127
[1] 8739665
[1] 8740948
[1] 8744758
[1] 8751938
[1] 8762055
[1] 8772361
[1] 8779325
[1] 8782328
[1] 8783280
[1] 8783410
 [1] "sigma:" "0.9655" "0.9655" "0.9655" "0.9655" "0.9655" "0.9655" "0.9655"
 [9] "0.9655" "0.9655" "0.9655" "0.9655" "0.9655" "0.9655" "0.9655" "0.9655"
[17] "0.9655" "0.9655" "0.9655" "0.9655" "0.9655" "0.9655" "0.9655" "0.275" 
[25] "0.275"  "0.275"  "0.275"  "0.275"  "0.275"  "0.275"  "0.275"  "0.275" 
[33] "0.275"  "0.275"  "0.275"  "0.275"  "0.275"  "0.275"  "0.275"  "0.275" 
[41] "0.275"  "beta :" "1"     
[1] "New Likelihood:  -8739664.62696028"
iter:  0  f-value:  27112.63  pgrad:  0.55 
iter:  10  f-value:  27111.64  pgrad:  0.5485692 
iter:  20  f-value:  27111.53  pgrad:  0.5466912 
iter:  30  f-value:  27111.51  pgrad:  0.5442748 
  Unsuccessful convergence.
Time difference of 31.21778 mins
[1] "maxIt: 20"
[1] "It: 2"
 [1] "sigma:"            "0.977828697639113" "0.977828697639113"
 [4] "0.977828697639113" "0.977828697639113" "0.977828697639113"
 [7] "0.977828697639113" "0.977828697639113" "0.977828697639113"
[10] "0.977828697639113" "0.977828697639113" "0.977828697639113"
[13] "0.977828697639113" "0.977828697639113" "0.977828697639113"
[16] "0.977828697639113" "0.977828697639113" "0.977828697639113"
[19] "0.977828697639113" "0.977828697639113" "0.977828697639113"
[22] "0.977828697639113" "0.977828697639113" "0.271585247550098"
[25] "0.271585247550098" "0.271585247550098" "0.271585247550098"
[28] "0.271585247550098" "0.271585247550098" "0.271585247550098"
[31] "0.271585247550098" "0.271585247550098" "0.271585247550098"
[34] "0.271585247550098" "0.271585247550098" "0.271585247550098"
[37] "0.271585247550098" "0.271585247550098" "0.271585247550098"
[40] "0.271585247550098" "0.271585247550098" "beta :"           
[43] "1"                
[1] 8739798
[1] 8739318
[1] 8740767
 [1] "sigma:"            "0.977828697639113" "0.977828697639113"
 [4] "0.977828697639113" "0.977828697639113" "0.977828697639113"
 [7] "0.977828697639113" "0.977828697639113" "0.977828697639113"
[10] "0.977828697639113" "0.977828697639113" "0.977828697639113"
[13] "0.977828697639113" "0.977828697639113" "0.977828697639113"
[16] "0.977828697639113" "0.977828697639113" "0.977828697639113"
[19] "0.977828697639113" "0.977828697639113" "0.977828697639113"
[22] "0.977828697639113" "0.977828697639113" "0.246585247550098"
[25] "0.246585247550098" "0.246585247550098" "0.246585247550098"
[28] "0.246585247550098" "0.246585247550098" "0.246585247550098"
[31] "0.246585247550098" "0.246585247550098" "0.246585247550098"
[34] "0.246585247550098" "0.246585247550098" "0.246585247550098"
[37] "0.246585247550098" "0.246585247550098" "0.246585247550098"
[40] "0.246585247550098" "0.246585247550098" "beta :"           
[43] "1"                
[1] " old Likelihood:  -8739664.62696028"
[1] "New Likelihood:  -8739318.3055795"
iter:  0  f-value:  27609.93  pgrad:  0.504536 
iter:  10  f-value:  27609.53  pgrad:  0.5038683 
iter:  20  f-value:  27609.51  pgrad:  0.4997541 
iter:  30  f-value:  27609.5  pgrad:  0.4992083 
  Unsuccessful convergence.
Time difference of 8.99276 mins
[1] "maxIt: 20"
[1] "It: 3"
 [1] "sigma:"            "0.9834931946659"   "0.9834931946659"  
 [4] "0.9834931946659"   "0.9834931946659"   "0.9834931946659"  
 [7] "0.9834931946659"   "0.9834931946659"   "0.9834931946659"  
[10] "0.9834931946659"   "0.9834931946659"   "0.9834931946659"  
[13] "0.9834931946659"   "0.9834931946659"   "0.9834931946659"  
[16] "0.9834931946659"   "0.9834931946659"   "0.9834931946659"  
[19] "0.9834931946659"   "0.9834931946659"   "0.9834931946659"  
[22] "0.9834931946659"   "0.9834931946659"   "0.244602664225375"
[25] "0.244602664225375" "0.244602664225375" "0.244602664225375"
[28] "0.244602664225375" "0.244602664225375" "0.244602664225375"
[31] "0.244602664225375" "0.244602664225375" "0.244602664225375"
[34] "0.244602664225375" "0.244602664225375" "0.244602664225375"
[37] "0.244602664225375" "0.244602664225375" "0.244602664225375"
[40] "0.244602664225375" "0.244602664225375" "beta :"           
[43] "1"                
[1] 8739705
[1] 8739195
[1] 8740675
 [1] "sigma:"            "0.9834931946659"   "0.9834931946659"  
 [4] "0.9834931946659"   "0.9834931946659"   "0.9834931946659"  
 [7] "0.9834931946659"   "0.9834931946659"   "0.9834931946659"  
[10] "0.9834931946659"   "0.9834931946659"   "0.9834931946659"  
[13] "0.9834931946659"   "0.9834931946659"   "0.9834931946659"  
[16] "0.9834931946659"   "0.9834931946659"   "0.9834931946659"  
[19] "0.9834931946659"   "0.9834931946659"   "0.9834931946659"  
[22] "0.9834931946659"   "0.9834931946659"   "0.244602664225375"
[25] "0.244602664225375" "0.244602664225375" "0.244602664225375"
[28] "0.244602664225375" "0.244602664225375" "0.244602664225375"
[31] "0.244602664225375" "0.244602664225375" "0.244602664225375"
[34] "0.244602664225375" "0.244602664225375" "0.244602664225375"
[37] "0.244602664225375" "0.244602664225375" "0.244602664225375"
[40] "0.244602664225375" "0.244602664225375" "beta :"           
[43] "1"                
[1] " old Likelihood:  -8739318.3055795"
[1] "New Likelihood:  -8739195.45129317"
iter:  0  f-value:  27555.63  pgrad:  0.5062785 
iter:  10  f-value:  27555.51  pgrad:  0.4997115 
iter:  20  f-value:  27555.51  pgrad:  0.4989543 
iter:  30  f-value:  27555.51  pgrad:  0.4984459 
  Unsuccessful convergence.
Time difference of 8.518761 mins
[1] "maxIt: 20"
[1] "It: 4"
 [1] "sigma:"            "0.986062301203613" "0.986062301203613"
 [4] "0.986062301203613" "0.986062301203613" "0.986062301203613"
 [7] "0.986062301203613" "0.986062301203613" "0.986062301203613"
[10] "0.986062301203613" "0.986062301203613" "0.986062301203613"
[13] "0.986062301203613" "0.986062301203613" "0.986062301203613"
[16] "0.986062301203613" "0.986062301203613" "0.986062301203613"
[19] "0.986062301203613" "0.986062301203613" "0.986062301203613"
[22] "0.986062301203613" "0.986062301203613" "0.242572650370658"
[25] "0.242572650370658" "0.242572650370658" "0.242572650370658"
[28] "0.242572650370658" "0.242572650370658" "0.242572650370658"
[31] "0.242572650370658" "0.242572650370658" "0.242572650370658"
[34] "0.242572650370658" "0.242572650370658" "0.242572650370658"
[37] "0.242572650370658" "0.242572650370658" "0.242572650370658"
[40] "0.242572650370658" "0.242572650370658" "beta :"           
[43] "1"                
[1] 8739678
[1] 8739158
[1] 8740641
 [1] "sigma:"            "0.986062301203613" "0.986062301203613"
 [4] "0.986062301203613" "0.986062301203613" "0.986062301203613"
 [7] "0.986062301203613" "0.986062301203613" "0.986062301203613"
[10] "0.986062301203613" "0.986062301203613" "0.986062301203613"
[13] "0.986062301203613" "0.986062301203613" "0.986062301203613"
[16] "0.986062301203613" "0.986062301203613" "0.986062301203613"
[19] "0.986062301203613" "0.986062301203613" "0.986062301203613"
[22] "0.986062301203613" "0.986062301203613" "0.242572650370658"
[25] "0.242572650370658" "0.242572650370658" "0.242572650370658"
[28] "0.242572650370658" "0.242572650370658" "0.242572650370658"
[31] "0.242572650370658" "0.242572650370658" "0.242572650370658"
[34] "0.242572650370658" "0.242572650370658" "0.242572650370658"
[37] "0.242572650370658" "0.242572650370658" "0.242572650370658"
[40] "0.242572650370658" "0.242572650370658" "beta :"           
[43] "1"                
[1] " old Likelihood:  -8739195.45129317"
[1] "New Likelihood:  -8739157.83010926"
iter:  0  f-value:  27553.15  pgrad:  0.50757 
iter:  10  f-value:  27553.11  pgrad:  0.4998808 
iter:  20  f-value:  27553.11  pgrad:  0.4839763 
iter:  30  f-value:  27553.11  pgrad:  0.482284 
  Unsuccessful convergence.
Time difference of 8.502154 mins
[1] "maxIt: 20"
[1] "It: 5"
 [1] "sigma:"            "0.987151598809012" "0.987151598809012"
 [4] "0.987151598809012" "0.987151598809012" "0.987151598809012"
 [7] "0.987151598809012" "0.987151598809012" "0.987151598809012"
[10] "0.987151598809012" "0.987151598809012" "0.987151598809012"
[13] "0.987151598809012" "0.987151598809012" "0.987151598809012"
[16] "0.987151598809012" "0.987151598809012" "0.987151598809012"
[19] "0.987151598809012" "0.987151598809012" "0.987151598809012"
[22] "0.987151598809012" "0.987151598809012" "0.241120810935685"
[25] "0.241120810935685" "0.241120810935685" "0.241120810935685"
[28] "0.241120810935685" "0.241120810935685" "0.241120810935685"
[31] "0.241120810935685" "0.241120810935685" "0.241120810935685"
[34] "0.241120810935685" "0.241120810935685" "0.241120810935685"
[37] "0.241120810935685" "0.241120810935685" "0.241120810935685"
[40] "0.241120810935685" "0.241120810935685" "beta :"           
[43] "1"                
[1] 8739656
[1] 8739143
[1] 8740649
 [1] "sigma:"            "0.987151598809012" "0.987151598809012"
 [4] "0.987151598809012" "0.987151598809012" "0.987151598809012"
 [7] "0.987151598809012" "0.987151598809012" "0.987151598809012"
[10] "0.987151598809012" "0.987151598809012" "0.987151598809012"
[13] "0.987151598809012" "0.987151598809012" "0.987151598809012"
[16] "0.987151598809012" "0.987151598809012" "0.987151598809012"
[19] "0.987151598809012" "0.987151598809012" "0.987151598809012"
[22] "0.987151598809012" "0.987151598809012" "0.216120810935685"
[25] "0.216120810935685" "0.216120810935685" "0.216120810935685"
[28] "0.216120810935685" "0.216120810935685" "0.216120810935685"
[31] "0.216120810935685" "0.216120810935685" "0.216120810935685"
[34] "0.216120810935685" "0.216120810935685" "0.216120810935685"
[37] "0.216120810935685" "0.216120810935685" "0.216120810935685"
[40] "0.216120810935685" "0.216120810935685" "beta :"           
[43] "1"                
[1] " old Likelihood:  -8739157.83010926"
[1] "New Likelihood:  -8739143.38440767"
iter:  0  f-value:  28097.39  pgrad:  0.5677584 
iter:  10  f-value:  28097.34  pgrad:  0.5008189 
iter:  20  f-value:  28097.33  pgrad:  0.4313801 
iter:  30  f-value:  28097.33  pgrad:  0.4271478 
  Unsuccessful convergence.
Time difference of 8.990658 mins
[1] "maxIt: 20"
[1] "It: 6"
 [1] "sigma:"            "0.987681177690784" "0.987681177690784"
 [4] "0.987681177690784" "0.987681177690784" "0.987681177690784"
 [7] "0.987681177690784" "0.987681177690784" "0.987681177690784"
[10] "0.987681177690784" "0.987681177690784" "0.987681177690784"
[13] "0.987681177690784" "0.987681177690784" "0.987681177690784"
[16] "0.987681177690784" "0.987681177690784" "0.987681177690784"
[19] "0.987681177690784" "0.987681177690784" "0.987681177690784"
[22] "0.987681177690784" "0.987681177690784" "0.213565785831834"
[25] "0.213565785831834" "0.213565785831834" "0.213565785831834"
[28] "0.213565785831834" "0.213565785831834" "0.213565785831834"
[31] "0.213565785831834" "0.213565785831834" "0.213565785831834"
[34] "0.213565785831834" "0.213565785831834" "0.213565785831834"
[37] "0.213565785831834" "0.213565785831834" "0.213565785831834"
[40] "0.213565785831834" "0.213565785831834" "beta :"           
[43] "1"                
[1] 8739675
[1] 8739125
[1] 8740580
 [1] "sigma:"            "0.987681177690784" "0.987681177690784"
 [4] "0.987681177690784" "0.987681177690784" "0.987681177690784"
 [7] "0.987681177690784" "0.987681177690784" "0.987681177690784"
[10] "0.987681177690784" "0.987681177690784" "0.987681177690784"
[13] "0.987681177690784" "0.987681177690784" "0.987681177690784"
[16] "0.987681177690784" "0.987681177690784" "0.987681177690784"
[19] "0.987681177690784" "0.987681177690784" "0.987681177690784"
[22] "0.987681177690784" "0.987681177690784" "0.213565785831834"
[25] "0.213565785831834" "0.213565785831834" "0.213565785831834"
[28] "0.213565785831834" "0.213565785831834" "0.213565785831834"
[31] "0.213565785831834" "0.213565785831834" "0.213565785831834"
[34] "0.213565785831834" "0.213565785831834" "0.213565785831834"
[37] "0.213565785831834" "0.213565785831834" "0.213565785831834"
[40] "0.213565785831834" "0.213565785831834" "beta :"           
[43] "1"                
[1] " old Likelihood:  -8739143.38440767"
[1] "New Likelihood:  -8739125.24209955"
iter:  0  f-value:  28085.04  pgrad:  0.5002955 
iter:  10  f-value:  28085.02  pgrad:  0.4990441 
iter:  20  f-value:  28085.02  pgrad:  0.5029324 
iter:  30  f-value:  28085.02  pgrad:  0.4248124 
  Unsuccessful convergence.
Time difference of 8.49692 mins
[1] "maxIt: 20"
[1] "It: 7"
 [1] "sigma:"            "0.987874890600617" "0.987874890600617"
 [4] "0.987874890600617" "0.987874890600617" "0.987874890600617"
 [7] "0.987874890600617" "0.987874890600617" "0.987874890600617"
[10] "0.987874890600617" "0.987874890600617" "0.987874890600617"
[13] "0.987874890600617" "0.987874890600617" "0.987874890600617"
[16] "0.987874890600617" "0.987874890600617" "0.987874890600617"
[19] "0.987874890600617" "0.987874890600617" "0.987874890600617"
[22] "0.987874890600617" "0.987874890600617" "0.212390941041208"
[25] "0.212390941041208" "0.212390941041208" "0.212390941041208"
[28] "0.212390941041208" "0.212390941041208" "0.212390941041208"
[31] "0.212390941041208" "0.212390941041208" "0.212390941041208"
[34] "0.212390941041208" "0.212390941041208" "0.212390941041208"
[37] "0.212390941041208" "0.212390941041208" "0.212390941041208"
[40] "0.212390941041208" "0.212390941041208" "beta :"           
[43] "1"                
[1] 8739681
[1] 8739119
[1] 8740547
 [1] "sigma:"            "0.987874890600617" "0.987874890600617"
 [4] "0.987874890600617" "0.987874890600617" "0.987874890600617"
 [7] "0.987874890600617" "0.987874890600617" "0.987874890600617"
[10] "0.987874890600617" "0.987874890600617" "0.987874890600617"
[13] "0.987874890600617" "0.987874890600617" "0.987874890600617"
[16] "0.987874890600617" "0.987874890600617" "0.987874890600617"
[19] "0.987874890600617" "0.987874890600617" "0.987874890600617"
[22] "0.987874890600617" "0.987874890600617" "0.212390941041208"
[25] "0.212390941041208" "0.212390941041208" "0.212390941041208"
[28] "0.212390941041208" "0.212390941041208" "0.212390941041208"
[31] "0.212390941041208" "0.212390941041208" "0.212390941041208"
[34] "0.212390941041208" "0.212390941041208" "0.212390941041208"
[37] "0.212390941041208" "0.212390941041208" "0.212390941041208"
[40] "0.212390941041208" "0.212390941041208" "beta :"           
[43] "1"                
[1] " old Likelihood:  -8739125.24209955"
[1] "New Likelihood:  -8739119.3656173"
iter:  0  f-value:  28082.39  pgrad:  0.500216 
iter:  10  f-value:  28082.39  pgrad:  0.4979188 
iter:  20  f-value:  28082.39  pgrad:  0.499983 
iter:  30  f-value:  28082.39  pgrad:  0.4236519 
  Unsuccessful convergence.
Time difference of 8.469683 mins
[1] "maxIt: 20"
[1] "It: 8"
 [1] "sigma:"            "0.987942548932945" "0.987942548932945"
 [4] "0.987942548932945" "0.987942548932945" "0.987942548932945"
 [7] "0.987942548932945" "0.987942548932945" "0.987942548932945"
[10] "0.987942548932945" "0.987942548932945" "0.987942548932945"
[13] "0.987942548932945" "0.987942548932945" "0.987942548932945"
[16] "0.987942548932945" "0.987942548932945" "0.987942548932945"
[19] "0.987942548932945" "0.987942548932945" "0.987942548932945"
[22] "0.987942548932945" "0.987942548932945" "0.211541240780739"
[25] "0.211541240780739" "0.211541240780739" "0.211541240780739"
[28] "0.211541240780739" "0.211541240780739" "0.211541240780739"
[31] "0.211541240780739" "0.211541240780739" "0.211541240780739"
[34] "0.211541240780739" "0.211541240780739" "0.211541240780739"
[37] "0.211541240780739" "0.211541240780739" "0.211541240780739"
[40] "0.211541240780739" "0.211541240780739" "beta :"           
[43] "1"                
[1] 8739681
[1] 8739116
[1] 8740528
 [1] "sigma:"            "0.987942548932945" "0.987942548932945"
 [4] "0.987942548932945" "0.987942548932945" "0.987942548932945"
 [7] "0.987942548932945" "0.987942548932945" "0.987942548932945"
[10] "0.987942548932945" "0.987942548932945" "0.987942548932945"
[13] "0.987942548932945" "0.987942548932945" "0.987942548932945"
[16] "0.987942548932945" "0.987942548932945" "0.987942548932945"
[19] "0.987942548932945" "0.987942548932945" "0.987942548932945"
[22] "0.987942548932945" "0.987942548932945" "0.211541240780739"
[25] "0.211541240780739" "0.211541240780739" "0.211541240780739"
[28] "0.211541240780739" "0.211541240780739" "0.211541240780739"
[31] "0.211541240780739" "0.211541240780739" "0.211541240780739"
[34] "0.211541240780739" "0.211541240780739" "0.211541240780739"
[37] "0.211541240780739" "0.211541240780739" "0.211541240780739"
[40] "0.211541240780739" "0.211541240780739" "beta :"           
[43] "1"                
[1] " old Likelihood:  -8739119.3656173"
[1] "New Likelihood:  -8739115.98437989"
iter:  0  f-value:  28087.25  pgrad:  0.5029362 
iter:  10  f-value:  28087.25  pgrad:  0.514645 
iter:  20  f-value:  28087.25  pgrad:  0.4223353 
iter:  30  f-value:  28087.25  pgrad:  0.4218264 
  Unsuccessful convergence.
Time difference of 8.47154 mins
[1] "maxIt: 20"
[1] "It: 9"
 [1] "sigma:"            "0.987958513947726" "0.987958513947726"
 [4] "0.987958513947726" "0.987958513947726" "0.987958513947726"
 [7] "0.987958513947726" "0.987958513947726" "0.987958513947726"
[10] "0.987958513947726" "0.987958513947726" "0.987958513947726"
[13] "0.987958513947726" "0.987958513947726" "0.987958513947726"
[16] "0.987958513947726" "0.987958513947726" "0.987958513947726"
[19] "0.987958513947726" "0.987958513947726" "0.987958513947726"
[22] "0.987958513947726" "0.987958513947726" "0.210703404802918"
[25] "0.210703404802918" "0.210703404802918" "0.210703404802918"
[28] "0.210703404802918" "0.210703404802918" "0.210703404802918"
[31] "0.210703404802918" "0.210703404802918" "0.210703404802918"
[34] "0.210703404802918" "0.210703404802918" "0.210703404802918"
[37] "0.210703404802918" "0.210703404802918" "0.210703404802918"
[40] "0.210703404802918" "0.210703404802918" "beta :"           
[43] "1"                
[1] 8739680
[1] 8739113
[1] 8740513
 [1] "sigma:"            "0.987958513947726" "0.987958513947726"
 [4] "0.987958513947726" "0.987958513947726" "0.987958513947726"
 [7] "0.987958513947726" "0.987958513947726" "0.987958513947726"
[10] "0.987958513947726" "0.987958513947726" "0.987958513947726"
[13] "0.987958513947726" "0.987958513947726" "0.987958513947726"
[16] "0.987958513947726" "0.987958513947726" "0.987958513947726"
[19] "0.987958513947726" "0.987958513947726" "0.987958513947726"
[22] "0.987958513947726" "0.987958513947726" "0.210703404802918"
[25] "0.210703404802918" "0.210703404802918" "0.210703404802918"
[28] "0.210703404802918" "0.210703404802918" "0.210703404802918"
[31] "0.210703404802918" "0.210703404802918" "0.210703404802918"
[34] "0.210703404802918" "0.210703404802918" "0.210703404802918"
[37] "0.210703404802918" "0.210703404802918" "0.210703404802918"
[40] "0.210703404802918" "0.210703404802918" "beta :"           
[43] "1"                
[1] " old Likelihood:  -8739115.98437989"
[1] "New Likelihood:  -8739113.3932835"
iter:  0  f-value:  28095.84  pgrad:  0.502942 
iter:  10  f-value:  28095.84  pgrad:  0.4957023 
iter:  20  f-value:  28095.84  pgrad:  0.499791 
iter:  30  f-value:  28095.84  pgrad:  0.4204112 
  Unsuccessful convergence.
Time difference of 8.461871 mins
[1] "maxIt: 20"
[1] "It: 10"
 [1] "sigma:"            "0.987950654485695" "0.987950654485695"
 [4] "0.987950654485695" "0.987950654485695" "0.987950654485695"
 [7] "0.987950654485695" "0.987950654485695" "0.987950654485695"
[10] "0.987950654485695" "0.987950654485695" "0.987950654485695"
[13] "0.987950654485695" "0.987950654485695" "0.987950654485695"
[16] "0.987950654485695" "0.987950654485695" "0.987950654485695"
[19] "0.987950654485695" "0.987950654485695" "0.987950654485695"
[22] "0.987950654485695" "0.987950654485695" "0.210166397464647"
[25] "0.210166397464647" "0.210166397464647" "0.210166397464647"
[28] "0.210166397464647" "0.210166397464647" "0.210166397464647"
[31] "0.210166397464647" "0.210166397464647" "0.210166397464647"
[34] "0.210166397464647" "0.210166397464647" "0.210166397464647"
[37] "0.210166397464647" "0.210166397464647" "0.210166397464647"
[40] "0.210166397464647" "0.210166397464647" "beta :"           
[43] "1"                
[1] 8739678
[1] 8739111
[1] 8740502
 [1] "sigma:"            "0.987950654485695" "0.987950654485695"
 [4] "0.987950654485695" "0.987950654485695" "0.987950654485695"
 [7] "0.987950654485695" "0.987950654485695" "0.987950654485695"
[10] "0.987950654485695" "0.987950654485695" "0.987950654485695"
[13] "0.987950654485695" "0.987950654485695" "0.987950654485695"
[16] "0.987950654485695" "0.987950654485695" "0.987950654485695"
[19] "0.987950654485695" "0.987950654485695" "0.987950654485695"
[22] "0.987950654485695" "0.987950654485695" "0.210166397464647"
[25] "0.210166397464647" "0.210166397464647" "0.210166397464647"
[28] "0.210166397464647" "0.210166397464647" "0.210166397464647"
[31] "0.210166397464647" "0.210166397464647" "0.210166397464647"
[34] "0.210166397464647" "0.210166397464647" "0.210166397464647"
[37] "0.210166397464647" "0.210166397464647" "0.210166397464647"
[40] "0.210166397464647" "0.210166397464647" "beta :"           
[43] "1"                
[1] " old Likelihood:  -8739113.3932835"
[1] "New Likelihood:  -8739111.48766878"
iter:  0  f-value:  28102.78  pgrad:  0.5028886 
iter:  10  f-value:  28102.78  pgrad:  0.4948825 
iter:  20  f-value:  28102.78  pgrad:  0.419544 
iter:  30  f-value:  28102.78  pgrad:  0.2975867 
  Unsuccessful convergence.
Time difference of 8.469408 mins
[1] "maxIt: 20"
[1] "It: 11"
 [1] "sigma:"            "0.987942595295006" "0.987942595295006"
 [4] "0.987942595295006" "0.987942595295006" "0.987942595295006"
 [7] "0.987942595295006" "0.987942595295006" "0.987942595295006"
[10] "0.987942595295006" "0.987942595295006" "0.987942595295006"
[13] "0.987942595295006" "0.987942595295006" "0.987942595295006"
[16] "0.987942595295006" "0.987942595295006" "0.987942595295006"
[19] "0.987942595295006" "0.987942595295006" "0.987942595295006"
[22] "0.987942595295006" "0.987942595295006" "0.209466934301878"
[25] "0.209466934301878" "0.209466934301878" "0.209466934301878"
[28] "0.209466934301878" "0.209466934301878" "0.209466934301878"
[31] "0.209466934301878" "0.209466934301878" "0.209466934301878"
[34] "0.209466934301878" "0.209466934301878" "0.209466934301878"
[37] "0.209466934301878" "0.209466934301878" "0.209466934301878"
[40] "0.209466934301878" "0.209466934301878" "beta :"           
[43] "1"                
[1] 8739676
[1] 8739110
[1] 8740493
 [1] "sigma:"            "0.987942595295006" "0.987942595295006"
 [4] "0.987942595295006" "0.987942595295006" "0.987942595295006"
 [7] "0.987942595295006" "0.987942595295006" "0.987942595295006"
[10] "0.987942595295006" "0.987942595295006" "0.987942595295006"
[13] "0.987942595295006" "0.987942595295006" "0.987942595295006"
[16] "0.987942595295006" "0.987942595295006" "0.987942595295006"
[19] "0.987942595295006" "0.987942595295006" "0.987942595295006"
[22] "0.987942595295006" "0.987942595295006" "0.209466934301878"
[25] "0.209466934301878" "0.209466934301878" "0.209466934301878"
[28] "0.209466934301878" "0.209466934301878" "0.209466934301878"
[31] "0.209466934301878" "0.209466934301878" "0.209466934301878"
[34] "0.209466934301878" "0.209466934301878" "0.209466934301878"
[37] "0.209466934301878" "0.209466934301878" "0.209466934301878"
[40] "0.209466934301878" "0.209466934301878" "beta :"           
[43] "1"                
[1] " old Likelihood:  -8739111.48766878"
[1] "New Likelihood:  -8739109.75671225"
iter:  0  f-value:  28112.87  pgrad:  0.5028294 
iter:  10  f-value:  28112.87  pgrad:  0.4940739 
iter:  20  f-value:  28112.87  pgrad:  0.4182308 
iter:  30  f-value:  28112.87  pgrad:  0.2815068 
  Unsuccessful convergence.
Time difference of 8.480046 mins
[1] "maxIt: 20"
[1] "It: 12"
 [1] "sigma:"            "0.987931941699869" "0.987931941699869"
 [4] "0.987931941699869" "0.987931941699869" "0.987931941699869"
 [7] "0.987931941699869" "0.987931941699869" "0.987931941699869"
[10] "0.987931941699869" "0.987931941699869" "0.987931941699869"
[13] "0.987931941699869" "0.987931941699869" "0.987931941699869"
[16] "0.987931941699869" "0.987931941699869" "0.987931941699869"
[19] "0.987931941699869" "0.987931941699869" "0.987931941699869"
[22] "0.987931941699869" "0.987931941699869" "0.208763908978184"
[25] "0.208763908978184" "0.208763908978184" "0.208763908978184"
[28] "0.208763908978184" "0.208763908978184" "0.208763908978184"
[31] "0.208763908978184" "0.208763908978184" "0.208763908978184"
[34] "0.208763908978184" "0.208763908978184" "0.208763908978184"
[37] "0.208763908978184" "0.208763908978184" "0.208763908978184"
[40] "0.208763908978184" "0.208763908978184" "beta :"           
[43] "1"                
[1] 8739675
[1] 8739108
[1] 8740485
 [1] "sigma:"            "0.987931941699869" "0.987931941699869"
 [4] "0.987931941699869" "0.987931941699869" "0.987931941699869"
 [7] "0.987931941699869" "0.987931941699869" "0.987931941699869"
[10] "0.987931941699869" "0.987931941699869" "0.987931941699869"
[13] "0.987931941699869" "0.987931941699869" "0.987931941699869"
[16] "0.987931941699869" "0.987931941699869" "0.987931941699869"
[19] "0.987931941699869" "0.987931941699869" "0.987931941699869"
[22] "0.987931941699869" "0.987931941699869" "0.208763908978184"
[25] "0.208763908978184" "0.208763908978184" "0.208763908978184"
[28] "0.208763908978184" "0.208763908978184" "0.208763908978184"
[31] "0.208763908978184" "0.208763908978184" "0.208763908978184"
[34] "0.208763908978184" "0.208763908978184" "0.208763908978184"
[37] "0.208763908978184" "0.208763908978184" "0.208763908978184"
[40] "0.208763908978184" "0.208763908978184" "beta :"           
[43] "1"                
[1] " old Likelihood:  -8739109.75671225"
[1] "New Likelihood:  -8739108.25761093"
iter:  0  f-value:  28123.5  pgrad:  0.5027616 
iter:  10  f-value:  28123.5  pgrad:  0.4933527 
iter:  20  f-value:  28123.5  pgrad:  0.5026895 
iter:  30  f-value:  28123.5  pgrad:  0.3332389 
  Unsuccessful convergence.
Time difference of 8.471188 mins
[1] "maxIt: 20"
[1] "It: 13"
 [1] "sigma:"            "0.987929565342724" "0.987929565342724"
 [4] "0.987929565342724" "0.987929565342724" "0.987929565342724"
 [7] "0.987929565342724" "0.987929565342724" "0.987929565342724"
[10] "0.987929565342724" "0.987929565342724" "0.987929565342724"
[13] "0.987929565342724" "0.987929565342724" "0.987929565342724"
[16] "0.987929565342724" "0.987929565342724" "0.987929565342724"
[19] "0.987929565342724" "0.987929565342724" "0.987929565342724"
[22] "0.987929565342724" "0.987929565342724" "0.207816814300786"
[25] "0.207816814300786" "0.207816814300786" "0.207816814300786"
[28] "0.207816814300786" "0.207816814300786" "0.207816814300786"
[31] "0.207816814300786" "0.207816814300786" "0.207816814300786"
[34] "0.207816814300786" "0.207816814300786" "0.207816814300786"
[37] "0.207816814300786" "0.207816814300786" "0.207816814300786"
[40] "0.207816814300786" "0.207816814300786" "beta :"           
[43] "1"                
[1] 8739673
[1] 8739107
[1] 8740479
 [1] "sigma:"            "0.987929565342724" "0.987929565342724"
 [4] "0.987929565342724" "0.987929565342724" "0.987929565342724"
 [7] "0.987929565342724" "0.987929565342724" "0.987929565342724"
[10] "0.987929565342724" "0.987929565342724" "0.987929565342724"
[13] "0.987929565342724" "0.987929565342724" "0.987929565342724"
[16] "0.987929565342724" "0.987929565342724" "0.987929565342724"
[19] "0.987929565342724" "0.987929565342724" "0.987929565342724"
[22] "0.987929565342724" "0.987929565342724" "0.207816814300786"
[25] "0.207816814300786" "0.207816814300786" "0.207816814300786"
[28] "0.207816814300786" "0.207816814300786" "0.207816814300786"
[31] "0.207816814300786" "0.207816814300786" "0.207816814300786"
[34] "0.207816814300786" "0.207816814300786" "0.207816814300786"
[37] "0.207816814300786" "0.207816814300786" "0.207816814300786"
[40] "0.207816814300786" "0.207816814300786" "beta :"           
[43] "1"                
[1] " old Likelihood:  -8739108.25761093"
[1] "New Likelihood:  -8739106.83107335"
iter:  0  f-value:  28138.64  pgrad:  0.5027286 
iter:  10  f-value:  28138.64  pgrad:  0.4927067 
iter:  20  f-value:  28138.63  pgrad:  0.5011451 
iter:  30  f-value:  28138.63  pgrad:  0.3515015 
  Unsuccessful convergence.
Time difference of 8.477696 mins
[1] "maxIt: 20"
[1] "It: 14"
 [1] "sigma:"            "0.98792704002167"  "0.98792704002167" 
 [4] "0.98792704002167"  "0.98792704002167"  "0.98792704002167" 
 [7] "0.98792704002167"  "0.98792704002167"  "0.98792704002167" 
[10] "0.98792704002167"  "0.98792704002167"  "0.98792704002167" 
[13] "0.98792704002167"  "0.98792704002167"  "0.98792704002167" 
[16] "0.98792704002167"  "0.98792704002167"  "0.98792704002167" 
[19] "0.98792704002167"  "0.98792704002167"  "0.98792704002167" 
[22] "0.98792704002167"  "0.98792704002167"  "0.206911157981619"
[25] "0.206911157981619" "0.206911157981619" "0.206911157981619"
[28] "0.206911157981619" "0.206911157981619" "0.206911157981619"
[31] "0.206911157981619" "0.206911157981619" "0.206911157981619"
[34] "0.206911157981619" "0.206911157981619" "0.206911157981619"
[37] "0.206911157981619" "0.206911157981619" "0.206911157981619"
[40] "0.206911157981619" "0.206911157981619" "beta :"           
[43] "1"                
[1] 8739673
[1] 8739106
[1] 8740473
 [1] "sigma:"            "0.98792704002167"  "0.98792704002167" 
 [4] "0.98792704002167"  "0.98792704002167"  "0.98792704002167" 
 [7] "0.98792704002167"  "0.98792704002167"  "0.98792704002167" 
[10] "0.98792704002167"  "0.98792704002167"  "0.98792704002167" 
[13] "0.98792704002167"  "0.98792704002167"  "0.98792704002167" 
[16] "0.98792704002167"  "0.98792704002167"  "0.98792704002167" 
[19] "0.98792704002167"  "0.98792704002167"  "0.98792704002167" 
[22] "0.98792704002167"  "0.98792704002167"  "0.206911157981619"
[25] "0.206911157981619" "0.206911157981619" "0.206911157981619"
[28] "0.206911157981619" "0.206911157981619" "0.206911157981619"
[31] "0.206911157981619" "0.206911157981619" "0.206911157981619"
[34] "0.206911157981619" "0.206911157981619" "0.206911157981619"
[37] "0.206911157981619" "0.206911157981619" "0.206911157981619"
[40] "0.206911157981619" "0.206911157981619" "beta :"           
[43] "1"                
[1] " old Likelihood:  -8739106.83107335"
[1] "New Likelihood:  -8739105.62996273"
iter:  0  f-value:  28152.64  pgrad:  0.5026922 
iter:  10  f-value:  28152.64  pgrad:  0.4922121 
iter:  20  f-value:  28152.64  pgrad:  0.500125 
iter:  30  f-value:  28152.64  pgrad:  0.3203968 
  Unsuccessful convergence.
Time difference of 8.477732 mins
[1] "maxIt: 20"
[1] "It: 15"
 [1] "sigma:"            "0.987910440726996" "0.987910440726996"
 [4] "0.987910440726996" "0.987910440726996" "0.987910440726996"
 [7] "0.987910440726996" "0.987910440726996" "0.987910440726996"
[10] "0.987910440726996" "0.987910440726996" "0.987910440726996"
[13] "0.987910440726996" "0.987910440726996" "0.987910440726996"
[16] "0.987910440726996" "0.987910440726996" "0.987910440726996"
[19] "0.987910440726996" "0.987910440726996" "0.987910440726996"
[22] "0.987910440726996" "0.987910440726996" "0.206351007496229"
[25] "0.206351007496229" "0.206351007496229" "0.206351007496229"
[28] "0.206351007496229" "0.206351007496229" "0.206351007496229"
[31] "0.206351007496229" "0.206351007496229" "0.206351007496229"
[34] "0.206351007496229" "0.206351007496229" "0.206351007496229"
[37] "0.206351007496229" "0.206351007496229" "0.206351007496229"
[40] "0.206351007496229" "0.206351007496229" "beta :"           
[43] "1"                
[1] 8739672
[1] 8739105
[1] 8740468
 [1] "sigma:"            "0.987910440726996" "0.987910440726996"
 [4] "0.987910440726996" "0.987910440726996" "0.987910440726996"
 [7] "0.987910440726996" "0.987910440726996" "0.987910440726996"
[10] "0.987910440726996" "0.987910440726996" "0.987910440726996"
[13] "0.987910440726996" "0.987910440726996" "0.987910440726996"
[16] "0.987910440726996" "0.987910440726996" "0.987910440726996"
[19] "0.987910440726996" "0.987910440726996" "0.987910440726996"
[22] "0.987910440726996" "0.987910440726996" "0.206351007496229"
[25] "0.206351007496229" "0.206351007496229" "0.206351007496229"
[28] "0.206351007496229" "0.206351007496229" "0.206351007496229"
[31] "0.206351007496229" "0.206351007496229" "0.206351007496229"
[34] "0.206351007496229" "0.206351007496229" "0.206351007496229"
[37] "0.206351007496229" "0.206351007496229" "0.206351007496229"
[40] "0.206351007496229" "0.206351007496229" "beta :"           
[43] "1"                
[1] " old Likelihood:  -8739105.62996273"
[1] "New Likelihood:  -8739104.66494635"
iter:  0  f-value:  28161.59  pgrad:  0.5026077 
iter:  10  f-value:  28161.58  pgrad:  0.4917238 
iter:  20  f-value:  28161.58  pgrad:  0.5011547 
iter:  30  f-value:  28161.58  pgrad:  0.3270907 
  Unsuccessful convergence.
Time difference of 8.473182 mins
[1] "maxIt: 20"
[1] "It: 16"
 [1] "sigma:"            "0.987905725005443" "0.987905725005443"
 [4] "0.987905725005443" "0.987905725005443" "0.987905725005443"
 [7] "0.987905725005443" "0.987905725005443" "0.987905725005443"
[10] "0.987905725005443" "0.987905725005443" "0.987905725005443"
[13] "0.987905725005443" "0.987905725005443" "0.987905725005443"
[16] "0.987905725005443" "0.987905725005443" "0.987905725005443"
[19] "0.987905725005443" "0.987905725005443" "0.987905725005443"
[22] "0.987905725005443" "0.987905725005443" "0.205559468835566"
[25] "0.205559468835566" "0.205559468835566" "0.205559468835566"
[28] "0.205559468835566" "0.205559468835566" "0.205559468835566"
[31] "0.205559468835566" "0.205559468835566" "0.205559468835566"
[34] "0.205559468835566" "0.205559468835566" "0.205559468835566"
[37] "0.205559468835566" "0.205559468835566" "0.205559468835566"
[40] "0.205559468835566" "0.205559468835566" "beta :"           
[43] "1"                
[1] 8739672
[1] 8739104
[1] 8740463
 [1] "sigma:"            "0.987905725005443" "0.987905725005443"
 [4] "0.987905725005443" "0.987905725005443" "0.987905725005443"
 [7] "0.987905725005443" "0.987905725005443" "0.987905725005443"
[10] "0.987905725005443" "0.987905725005443" "0.987905725005443"
[13] "0.987905725005443" "0.987905725005443" "0.987905725005443"
[16] "0.987905725005443" "0.987905725005443" "0.987905725005443"
[19] "0.987905725005443" "0.987905725005443" "0.987905725005443"
[22] "0.987905725005443" "0.987905725005443" "0.205559468835566"
[25] "0.205559468835566" "0.205559468835566" "0.205559468835566"
[28] "0.205559468835566" "0.205559468835566" "0.205559468835566"
[31] "0.205559468835566" "0.205559468835566" "0.205559468835566"
[34] "0.205559468835566" "0.205559468835566" "0.205559468835566"
[37] "0.205559468835566" "0.205559468835566" "0.205559468835566"
[40] "0.205559468835566" "0.205559468835566" "beta :"           
[43] "1"                
[1] " old Likelihood:  -8739104.66494635"
[1] "New Likelihood:  -8739103.7256501"
iter:  0  f-value:  28173.04  pgrad:  0.5025617 
iter:  10  f-value:  28173.04  pgrad:  0.4913252 
iter:  20  f-value:  28173.04  pgrad:  0.5011926 
iter:  30  f-value:  28173.04  pgrad:  0.3243986 
  Unsuccessful convergence.
Time difference of 8.479461 mins
[1] "maxIt: 20"
[1] "It: 17"
 [1] "sigma:"            "0.987898832534486" "0.987898832534486"
 [4] "0.987898832534486" "0.987898832534486" "0.987898832534486"
 [7] "0.987898832534486" "0.987898832534486" "0.987898832534486"
[10] "0.987898832534486" "0.987898832534486" "0.987898832534486"
[13] "0.987898832534486" "0.987898832534486" "0.987898832534486"
[16] "0.987898832534486" "0.987898832534486" "0.987898832534486"
[19] "0.987898832534486" "0.987898832534486" "0.987898832534486"
[22] "0.987898832534486" "0.987898832534486" "0.204747513466176"
[25] "0.204747513466176" "0.204747513466176" "0.204747513466176"
[28] "0.204747513466176" "0.204747513466176" "0.204747513466176"
[31] "0.204747513466176" "0.204747513466176" "0.204747513466176"
[34] "0.204747513466176" "0.204747513466176" "0.204747513466176"
[37] "0.204747513466176" "0.204747513466176" "0.204747513466176"
[40] "0.204747513466176" "0.204747513466176" "beta :"           
[43] "1"                
[1] 8739672
[1] 8739103
[1] 8740459
 [1] "sigma:"            "0.987898832534486" "0.987898832534486"
 [4] "0.987898832534486" "0.987898832534486" "0.987898832534486"
 [7] "0.987898832534486" "0.987898832534486" "0.987898832534486"
[10] "0.987898832534486" "0.987898832534486" "0.987898832534486"
[13] "0.987898832534486" "0.987898832534486" "0.987898832534486"
[16] "0.987898832534486" "0.987898832534486" "0.987898832534486"
[19] "0.987898832534486" "0.987898832534486" "0.987898832534486"
[22] "0.987898832534486" "0.987898832534486" "0.204747513466176"
[25] "0.204747513466176" "0.204747513466176" "0.204747513466176"
[28] "0.204747513466176" "0.204747513466176" "0.204747513466176"
[31] "0.204747513466176" "0.204747513466176" "0.204747513466176"
[34] "0.204747513466176" "0.204747513466176" "0.204747513466176"
[37] "0.204747513466176" "0.204747513466176" "0.204747513466176"
[40] "0.204747513466176" "0.204747513466176" "beta :"           
[43] "1"                
[1] " old Likelihood:  -8739103.7256501"
[1] "New Likelihood:  -8739102.79947263"
iter:  0  f-value:  28184.84  pgrad:  0.5024927 
iter:  10  f-value:  28184.84  pgrad:  0.4909318 
iter:  20  f-value:  28184.84  pgrad:  0.3576861 
iter:  30  f-value:  28184.84  pgrad:  0.3078094 
  Unsuccessful convergence.
Time difference of 8.483527 mins
[1] "maxIt: 20"
[1] "It: 18"
 [1] "sigma:"            "0.987886062361343" "0.987886062361343"
 [4] "0.987886062361343" "0.987886062361343" "0.987886062361343"
 [7] "0.987886062361343" "0.987886062361343" "0.987886062361343"
[10] "0.987886062361343" "0.987886062361343" "0.987886062361343"
[13] "0.987886062361343" "0.987886062361343" "0.987886062361343"
[16] "0.987886062361343" "0.987886062361343" "0.987886062361343"
[19] "0.987886062361343" "0.987886062361343" "0.987886062361343"
[22] "0.987886062361343" "0.987886062361343" "0.204325967280665"
[25] "0.204325967280665" "0.204325967280665" "0.204325967280665"
[28] "0.204325967280665" "0.204325967280665" "0.204325967280665"
[31] "0.204325967280665" "0.204325967280665" "0.204325967280665"
[34] "0.204325967280665" "0.204325967280665" "0.204325967280665"
[37] "0.204325967280665" "0.204325967280665" "0.204325967280665"
[40] "0.204325967280665" "0.204325967280665" "beta :"           
[43] "1"                
[1] 8739671
[1] 8739102
[1] 8740457
 [1] "sigma:"            "0.987886062361343" "0.987886062361343"
 [4] "0.987886062361343" "0.987886062361343" "0.987886062361343"
 [7] "0.987886062361343" "0.987886062361343" "0.987886062361343"
[10] "0.987886062361343" "0.987886062361343" "0.987886062361343"
[13] "0.987886062361343" "0.987886062361343" "0.987886062361343"
[16] "0.987886062361343" "0.987886062361343" "0.987886062361343"
[19] "0.987886062361343" "0.987886062361343" "0.987886062361343"
[22] "0.987886062361343" "0.987886062361343" "0.204325967280665"
[25] "0.204325967280665" "0.204325967280665" "0.204325967280665"
[28] "0.204325967280665" "0.204325967280665" "0.204325967280665"
[31] "0.204325967280665" "0.204325967280665" "0.204325967280665"
[34] "0.204325967280665" "0.204325967280665" "0.204325967280665"
[37] "0.204325967280665" "0.204325967280665" "0.204325967280665"
[40] "0.204325967280665" "0.204325967280665" "beta :"           
[43] "1"                
[1] " old Likelihood:  -8739102.79947263"
[1] "New Likelihood:  -8739102.11429059"
iter:  0  f-value:  28192.32  pgrad:  0.5024005 
iter:  10  f-value:  28192.32  pgrad:  0.4254616 
iter:  20  f-value:  28192.32  pgrad:  0.5012368 
iter:  30  f-value:  28192.32  pgrad:  0.3034074 
  Unsuccessful convergence.
Time difference of 8.48921 mins
[1] "maxIt: 20"
[1] "It: 19"
 [1] "sigma:"            "0.987880386714914" "0.987880386714914"
 [4] "0.987880386714914" "0.987880386714914" "0.987880386714914"
 [7] "0.987880386714914" "0.987880386714914" "0.987880386714914"
[10] "0.987880386714914" "0.987880386714914" "0.987880386714914"
[13] "0.987880386714914" "0.987880386714914" "0.987880386714914"
[16] "0.987880386714914" "0.987880386714914" "0.987880386714914"
[19] "0.987880386714914" "0.987880386714914" "0.987880386714914"
[22] "0.987880386714914" "0.987880386714914" "0.203765216425026"
[25] "0.203765216425026" "0.203765216425026" "0.203765216425026"
[28] "0.203765216425026" "0.203765216425026" "0.203765216425026"
[31] "0.203765216425026" "0.203765216425026" "0.203765216425026"
[34] "0.203765216425026" "0.203765216425026" "0.203765216425026"
[37] "0.203765216425026" "0.203765216425026" "0.203765216425026"
[40] "0.203765216425026" "0.203765216425026" "beta :"           
[43] "1"                
[1] 8739670
[1] 8739101
[1] 8740454
 [1] "sigma:"            "0.987880386714914" "0.987880386714914"
 [4] "0.987880386714914" "0.987880386714914" "0.987880386714914"
 [7] "0.987880386714914" "0.987880386714914" "0.987880386714914"
[10] "0.987880386714914" "0.987880386714914" "0.987880386714914"
[13] "0.987880386714914" "0.987880386714914" "0.987880386714914"
[16] "0.987880386714914" "0.987880386714914" "0.987880386714914"
[19] "0.987880386714914" "0.987880386714914" "0.987880386714914"
[22] "0.987880386714914" "0.987880386714914" "0.203765216425026"
[25] "0.203765216425026" "0.203765216425026" "0.203765216425026"
[28] "0.203765216425026" "0.203765216425026" "0.203765216425026"
[31] "0.203765216425026" "0.203765216425026" "0.203765216425026"
[34] "0.203765216425026" "0.203765216425026" "0.203765216425026"
[37] "0.203765216425026" "0.203765216425026" "0.203765216425026"
[40] "0.203765216425026" "0.203765216425026" "beta :"           
[43] "1"                
[1] " old Likelihood:  -8739102.11429059"
[1] "New Likelihood:  -8739101.45670963"
iter:  0  f-value:  28200.83  pgrad:  0.5023372 
iter:  10  f-value:  28200.83  pgrad:  0.4073769 
iter:  20  f-value:  28200.83  pgrad:  0.5012107 
iter:  30  f-value:  28200.83  pgrad:  0.260261 
  Unsuccessful convergence.
Time difference of 8.489242 mins
[1] "maxIt: 20"
[1] "It: 20"
 [1] "sigma:"            "0.987873776029691" "0.987873776029691"
 [4] "0.987873776029691" "0.987873776029691" "0.987873776029691"
 [7] "0.987873776029691" "0.987873776029691" "0.987873776029691"
[10] "0.987873776029691" "0.987873776029691" "0.987873776029691"
[13] "0.987873776029691" "0.987873776029691" "0.987873776029691"
[16] "0.987873776029691" "0.987873776029691" "0.987873776029691"
[19] "0.987873776029691" "0.987873776029691" "0.987873776029691"
[22] "0.987873776029691" "0.987873776029691" "0.203275042280494"
[25] "0.203275042280494" "0.203275042280494" "0.203275042280494"
[28] "0.203275042280494" "0.203275042280494" "0.203275042280494"
[31] "0.203275042280494" "0.203275042280494" "0.203275042280494"
[34] "0.203275042280494" "0.203275042280494" "0.203275042280494"
[37] "0.203275042280494" "0.203275042280494" "0.203275042280494"
[40] "0.203275042280494" "0.203275042280494" "beta :"           
[43] "1"                
[1] 8739670
[1] 8739101
[1] 8740452
 [1] "sigma:"            "0.987873776029691" "0.987873776029691"
 [4] "0.987873776029691" "0.987873776029691" "0.987873776029691"
 [7] "0.987873776029691" "0.987873776029691" "0.987873776029691"
[10] "0.987873776029691" "0.987873776029691" "0.987873776029691"
[13] "0.987873776029691" "0.987873776029691" "0.987873776029691"
[16] "0.987873776029691" "0.987873776029691" "0.987873776029691"
[19] "0.987873776029691" "0.987873776029691" "0.987873776029691"
[22] "0.987873776029691" "0.987873776029691" "0.203275042280494"
[25] "0.203275042280494" "0.203275042280494" "0.203275042280494"
[28] "0.203275042280494" "0.203275042280494" "0.203275042280494"
[31] "0.203275042280494" "0.203275042280494" "0.203275042280494"
[34] "0.203275042280494" "0.203275042280494" "0.203275042280494"
[37] "0.203275042280494" "0.203275042280494" "0.203275042280494"
[40] "0.203275042280494" "0.203275042280494" "beta :"           
[43] "1"                
[1] " old Likelihood:  -8739101.45670963"
[1] "New Likelihood:  -8739100.8653894"
iter:  0  f-value:  28208.64  pgrad:  0.5022609 
iter:  10  f-value:  28208.64  pgrad:  0.4063973 
iter:  20  f-value:  28208.64  pgrad:  0.5012317 
iter:  30  f-value:  28208.64  pgrad:  0.2852539 
  Unsuccessful convergence.
Time difference of 8.475618 mins
 [1] "sigma:"            "0.987867375068205" "0.987867375068205"
 [4] "0.987867375068205" "0.987867375068205" "0.987867375068205"
 [7] "0.987867375068205" "0.987867375068205" "0.987867375068205"
[10] "0.987867375068205" "0.987867375068205" "0.987867375068205"
[13] "0.987867375068205" "0.987867375068205" "0.987867375068205"
[16] "0.987867375068205" "0.987867375068205" "0.987867375068205"
[19] "0.987867375068205" "0.987867375068205" "0.987867375068205"
[22] "0.987867375068205" "0.987867375068205" "0.202828967304078"
[25] "0.202828967304078" "0.202828967304078" "0.202828967304078"
[28] "0.202828967304078" "0.202828967304078" "0.202828967304078"
[31] "0.202828967304078" "0.202828967304078" "0.202828967304078"
[34] "0.202828967304078" "0.202828967304078" "0.202828967304078"
[37] "0.202828967304078" "0.202828967304078" "0.202828967304078"
[40] "0.202828967304078" "0.202828967304078" "beta :"           
[43] "1"                
[1] 1999554 1999698 1999096 1999974 1999656
[1] 1 1 1 1 1
saved RDS
inference successful
