[1] "Original length"
[1] 999987
[1] "Final length"
[1] 19491
[1] "sequence length : 999988" "sequence length : 999518"
[3] "sequence length : 999970" "sequence length : 999764"
[5] "sequence length : 999980"
[1] 1 1 1 1 1
[1] "Beta: 1"
[1] "Self: 0"
[1] "maxIt: 20"
[1] "It: 1"
 [1] "sigma:" "0"      "0"      "0"      "0"      "0"      "0"      "0"     
 [9] "0"      "0"      "0"      "0"      "0"      "0"      "0"      "0"     
[17] "0"      "0"      "0"      "0"      "0"      "0"      "0"      "0"     
[25] "0"      "0"      "0"      "0"      "0"      "0"      "0"      "0"     
[33] "0"      "0"      "0"      "0"      "0"      "0"      "0"      "0"     
[41] "0"      "beta :" "1"     
 [1] "sigma:" "0.9405" "0.9405" "0.9405" "0.9405" "0.9405" "0.9405" "0.9405"
 [9] "0.9405" "0.9405" "0.9405" "0.9405" "0.9405" "0.9405" "0.9405" "0.9405"
[17] "0.9405" "0.9405" "0.9405" "0.9405" "0.9405" "0.9405" "0.9405" "0.099" 
[25] "0.099"  "0.0495" "0.0495" "0"      "0"      "0"      "0"      "0"     
[33] "0"      "0"      "0"      "0"      "0"      "0"      "0"      "0"     
[41] "0"      "beta :" "1"     
[1] "New Likelihood:  -9618018.95863762"
iter:  0  f-value:  33509.78  pgrad:  0.5 
iter:  10  f-value:  33507.26  pgrad:  0.9996862 
iter:  20  f-value:  33506.05  pgrad:  0.9989423 
iter:  30  f-value:  33505.52  pgrad:  0.9947335 
iter:  40  f-value:  33505.24  pgrad:  0.991725 
iter:  50  f-value:  33505.18  pgrad:  0.9907239 
  Unsuccessful convergence.
Time difference of 2.155276 hours
[1] "maxIt: 20"
[1] "It: 2"
 [1] "sigma:"               "0.956762731382875"    "0.956762731382875"   
 [4] "0.94862379321462"     "0.94862379321462"     "0.952256354894668"   
 [7] "0.952256354894668"    "0.957073664065254"    "0.957073664065254"   
[10] "0.962968935137614"    "0.962968935137614"    "0.97054529393861"    
[13] "0.97054529393861"     "0.977512836871702"    "0.977512836871702"   
[16] "0.975220938316732"    "0.975220938316732"    "0.964693778021403"   
[19] "0.964693778021403"    "0.950760971268941"    "0.950760971268941"   
[22] "0.930554463635375"    "0.930554463635375"    "0.0915935035184632"  
[25] "0.0915935035184632"   "0.0548174112536079"   "0.0548174112536079"  
[28] "0.009208868968867"    "0.009208868968867"    "0.0144980237456154"  
[31] "0.0144980237456154"   "0.0172166921631083"   "0.0172166921631083"  
[34] "0.0157471337420315"   "0.0157471337420315"   "0.0102670712693124"  
[37] "0.0102670712693124"   "0.00430351933493358"  "0.00430351933493358" 
[40] "0.000668706067535762" "0.000668706067535762" "beta :"              
[43] "1"                   
 [1] "sigma:"              "0.956762731382875"   "0.956762731382875"  
 [4] "0.94862379321462"    "0.94862379321462"    "0.952256354894668"  
 [7] "0.952256354894668"   "0.957073664065254"   "0.957073664065254"  
[10] "0.962968935137614"   "0.962968935137614"   "0.97054529393861"   
[13] "0.97054529393861"    "0.977512836871702"   "0.977512836871702"  
[16] "0.975220938316732"   "0.975220938316732"   "0.964693778021403"  
[19] "0.964693778021403"   "0.950760971268941"   "0.950760971268941"  
[22] "0.980054463635375"   "0.980054463635375"   "0.141093503518463"  
[25] "0.141093503518463"   "0.302317411253608"   "0.302317411253608"  
[28] "0.009208868968867"   "0.009208868968867"   "0.0144980237456154" 
[31] "0.0144980237456154"  "0.0172166921631083"  "0.0172166921631083" 
[34] "0.0157471337420315"  "0.0157471337420315"  "0.0102670712693124" 
[37] "0.0102670712693124"  "0.00430351933493358" "0.00430351933493358"
[40] "0.00066870606753576" "0.00066870606753576" "beta :"             
[43] "1"                  
[1] " old Likelihood:  -9618018.95863762"
[1] "New Likelihood:  -9616542.43299929"
iter:  0  f-value:  32827.75  pgrad:  0.498366 
iter:  10  f-value:  32826.66  pgrad:  0.9894018 
iter:  20  f-value:  32826.22  pgrad:  0.9918968 
iter:  30  f-value:  32826.15  pgrad:  0.9895799 
iter:  40  f-value:  32826.09  pgrad:  0.987579 
iter:  50  f-value:  32825.96  pgrad:  0.983259 
  Unsuccessful convergence.
Time difference of 22.29557 mins
[1] "maxIt: 20"
[1] "It: 3"
 [1] "sigma:"              "0.972614522116259"   "0.972614522116259"  
 [4] "0.956175268669744"   "0.956175268669744"   "0.963207393384807"  
 [7] "0.963207393384807"   "0.972348538539822"   "0.972348538539822"  
[10] "0.983015307301108"   "0.983015307301108"   "0.99"               
[13] "0.99"                "0.99"                "0.99"               
[16] "0.99"                "0.99"                "0.978760408226301"  
[19] "0.978760408226301"   "0.957578661474639"   "0.957578661474639"  
[22] "0.972361397758231"   "0.972361397758231"   "0.129164077690721"  
[25] "0.129164077690721"   "0.302464161644631"   "0.302464161644631"  
[28] "0.0182308893231235"  "0.0182308893231235"  "0.026804527923724"  
[31] "0.026804527923724"   "0.0309419867672681"  "0.0309419867672681" 
[34] "0.0290799521415921"  "0.0290799521415921"  "0.0201551627308455" 
[37] "0.0201551627308455"  "0.00897065043695346" "0.00897065043695346"
[40] "0.00138834412205461" "0.00138834412205461" "beta :"             
[43] "1"                  
 [1] "sigma:"              "0.972614522116259"   "0.972614522116259"  
 [4] "0.956175268669744"   "0.956175268669744"   "0.963207393384807"  
 [7] "0.963207393384807"   "0.972348538539822"   "0.972348538539822"  
[10] "0.983015307301108"   "0.983015307301108"   "0.99"               
[13] "0.99"                "0.99"                "0.99"               
[16] "0.99"                "0.99"                "0.978760408226301"  
[19] "0.978760408226301"   "0.957578661474639"   "0.957578661474639"  
[22] "0.972361397758231"   "0.972361397758231"   "0.0796640776907215" 
[25] "0.0796640776907215"  "0.401464161644631"   "0.401464161644631"  
[28] "0.0677308893231235"  "0.0677308893231235"  "0.076304527923724"  
[31] "0.076304527923724"   "0.0309419867672681"  "0.0309419867672681" 
[34] "0.0290799521415921"  "0.0290799521415921"  "0.0201551627308455" 
[37] "0.0201551627308455"  "0.00897065043695346" "0.00897065043695346"
[40] "0.0013883441220546"  "0.0013883441220546"  "beta :"             
[43] "1"                  
[1] " old Likelihood:  -9616542.43299929"
[1] "New Likelihood:  -9616020.45636527"
iter:  0  f-value:  32338.96  pgrad:  0.4970176 
iter:  10  f-value:  32338.46  pgrad:  0.9793185 
iter:  20  f-value:  32338.32  pgrad:  0.9851086 
iter:  30  f-value:  32338.27  pgrad:  0.9838375 
iter:  40  f-value:  32338.2  pgrad:  0.974572 
iter:  50  f-value:  32338.2  pgrad:  0.9743168 
  Unsuccessful convergence.
Time difference of 22.24169 mins
[1] "maxIt: 20"
[1] "It: 4"
 [1] "sigma:"              "0.982268108299903"   "0.982268108299903"  
 [4] "0.960761328773089"   "0.960761328773089"   "0.969905842954123"  
 [7] "0.969905842954123"   "0.981861523376415"   "0.981861523376415"  
[10] "0.99"                "0.99"                "0.99"               
[13] "0.99"                "0.99"                "0.99"               
[16] "0.99"                "0.99"                "0.99"               
[19] "0.99"                "0.966726864131334"   "0.966726864131334"  
[22] "0.971492043311722"   "0.971492043311722"   "0.073380329541907"  
[25] "0.073380329541907"   "0.398883638384006"   "0.398883638384006"  
[28] "0.0723887581602234"  "0.0723887581602234"  "0.0840536326334009" 
[31] "0.0840536326334009"  "0.0388706222246925"  "0.0388706222246925" 
[34] "0.0363106284439702"  "0.0363106284439702"  "0.0254364818861859" 
[37] "0.0254364818861859"  "0.0115147550029414"  "0.0115147550029414" 
[40] "0.00180371539482043" "0.00180371539482043" "beta :"             
[43] "1"                  
 [1] "sigma:"              "0.982268108299903"   "0.982268108299903"  
 [4] "0.960761328773089"   "0.960761328773089"   "0.969905842954123"  
 [7] "0.969905842954123"   "0.981861523376415"   "0.981861523376415"  
[10] "0.99"                "0.99"                "0.99"               
[13] "0.99"                "0.99"                "0.99"               
[16] "0.99"                "0.99"                "0.99"               
[19] "0.99"                "0.966726864131334"   "0.966726864131334"  
[22] "0.971492043311722"   "0.971492043311722"   "0.023880329541907"  
[25] "0.023880329541907"   "0.448383638384007"   "0.448383638384007"  
[28] "0.121888758160223"   "0.121888758160223"   "0.133553632633401"  
[31] "0.133553632633401"   "0.0388706222246925"  "0.0388706222246925" 
[34] "0.0363106284439702"  "0.0363106284439702"  "0.0254364818861859" 
[37] "0.0254364818861859"  "0.0115147550029414"  "0.0115147550029414" 
[40] "0.00180371539482043" "0.00180371539482043" "beta :"             
[43] "1"                  
[1] " old Likelihood:  -9616020.45636527"
[1] "New Likelihood:  -9615800.44727703"
iter:  0  f-value:  31985  pgrad:  0.4958467 
iter:  10  f-value:  31984.75  pgrad:  0.9741245 
iter:  20  f-value:  31984.67  pgrad:  0.9731996 
iter:  30  f-value:  31984.65  pgrad:  0.9722196 
iter:  40  f-value:  31984.62  pgrad:  0.9557874 
iter:  50  f-value:  31984.61  pgrad:  0.9706173 
  Unsuccessful convergence.
Time difference of 21.19129 mins
[1] "maxIt: 20"
[1] "It: 5"
 [1] "sigma:"              "0.989302672598472"   "0.989302672598472"  
 [4] "0.964036029261971"   "0.964036029261971"   "0.974747889434588"  
 [7] "0.974747889434588"   "0.988833805809338"   "0.988833805809338"  
[10] "0.99"                "0.99"                "0.99"               
[13] "0.99"                "0.99"                "0.99"               
[16] "0.99"                "0.99"                "0.99"               
[19] "0.99"                "0.976333055591883"   "0.976333055591883"  
[22] "0.973305191239808"   "0.973305191239808"   "0.0198303172063925" 
[25] "0.0198303172063925"  "0.445807606778339"   "0.445807606778339"  
[28] "0.125140808023404"   "0.125140808023404"   "0.139611138773684"  
[31] "0.139611138773684"   "0.0445946053819913"  "0.0445946053819913" 
[34] "0.0413145400515995"  "0.0413145400515995"  "0.029105427262124"  
[37] "0.029105427262124"   "0.0133498738542941"  "0.0133498738542941" 
[40] "0.00209584590189715" "0.00209584590189715" "beta :"             
[43] "1"                  
 [1] "sigma:"              "0.989302672598472"   "0.989302672598472"  
 [4] "0.964036029261971"   "0.964036029261971"   "0.974747889434588"  
 [7] "0.974747889434588"   "0.988833805809338"   "0.988833805809338"  
[10] "0.99"                "0.99"                "0.99"               
[13] "0.99"                "0.99"                "0.99"               
[16] "0.99"                "0.99"                "0.99"               
[19] "0.99"                "0.976333055591883"   "0.976333055591883"  
[22] "0.973305191239808"   "0.973305191239808"   "0.0198303172063925" 
[25] "0.0198303172063925"  "0.445807606778339"   "0.445807606778339"  
[28] "0.174640808023404"   "0.174640808023404"   "0.189111138773684"  
[31] "0.189111138773684"   "0.0445946053819913"  "0.0445946053819913" 
[34] "0.0413145400515995"  "0.0413145400515995"  "0.029105427262124"  
[37] "0.029105427262124"   "0.0133498738542941"  "0.0133498738542941" 
[40] "0.00209584590189715" "0.00209584590189715" "beta :"             
[43] "1"                  
[1] " old Likelihood:  -9615800.44727703"
[1] "New Likelihood:  -9615683.74075797"
iter:  0  f-value:  31689.01  pgrad:  0.51572 
iter:  10  f-value:  31688.83  pgrad:  0.9704371 
iter:  20  f-value:  31688.8  pgrad:  0.9697725 
iter:  30  f-value:  31688.79  pgrad:  0.9600626 
iter:  40  f-value:  31688.76  pgrad:  0.9485571 
iter:  50  f-value:  31688.75  pgrad:  0.8853749 
  Unsuccessful convergence.
Time difference of 20.62957 mins
[1] "maxIt: 20"
[1] "It: 6"
 [1] "sigma:"              "0.99"                "0.99"               
 [4] "0.967975814431194"   "0.967975814431194"   "0.980574939145849"  
 [7] "0.980574939145849"   "0.99"                "0.99"               
[10] "0.99"                "0.99"                "0.99"               
[13] "0.99"                "0.99"                "0.99"               
[16] "0.99"                "0.99"                "0.99"               
[19] "0.99"                "0.98252012679487"    "0.98252012679487"   
[22] "0.975566992243876"   "0.975566992243876"   "0.0137628417900063" 
[25] "0.0137628417900063"  "0.441552425558648"   "0.441552425558648"  
[28] "0.178837505837618"   "0.178837505837618"   "0.197805342368714"  
[31] "0.197805342368714"   "0.0523666198255604"  "0.0523666198255604" 
[34] "0.0477846852546181"  "0.0477846852546181"  "0.034018940708142"  
[37] "0.034018940708142"   "0.0159998706795508"  "0.0159998706795508" 
[40] "0.00254771460046233" "0.00254771460046233" "beta :"             
[43] "1"                  
 [1] "sigma:"              "0.99"                "0.99"               
 [4] "0.967975814431194"   "0.967975814431194"   "0.980574939145849"  
 [7] "0.980574939145849"   "0.99"                "0.99"               
[10] "0.99"                "0.99"                "0.99"               
[13] "0.99"                "0.99"                "0.99"               
[16] "0.99"                "0.99"                "0.99"               
[19] "0.99"                "0.98252012679487"    "0.98252012679487"   
[22] "0.975566992243876"   "0.975566992243876"   "0.0137628417900063" 
[25] "0.0137628417900063"  "0.441552425558648"   "0.441552425558648"  
[28] "0.178837505837618"   "0.178837505837618"   "0.247305342368714"  
[31] "0.247305342368714"   "0.0523666198255604"  "0.0523666198255604" 
[34] "0.0477846852546181"  "0.0477846852546181"  "0.034018940708142"  
[37] "0.034018940708142"   "0.0159998706795508"  "0.0159998706795508" 
[40] "0.00254771460046232" "0.00254771460046232" "beta :"             
[43] "1"                  
[1] " old Likelihood:  -9615683.74075797"
[1] "New Likelihood:  -9615604.42431342"
iter:  0  f-value:  31501.18  pgrad:  0.5146519 
iter:  10  f-value:  31501.07  pgrad:  0.9514723 
iter:  20  f-value:  31501.06  pgrad:  0.9508318 
iter:  30  f-value:  31501.05  pgrad:  0.9499593 
iter:  40  f-value:  31501.04  pgrad:  0.9494541 
iter:  50  f-value:  31501.04  pgrad:  0.9425706 
  Unsuccessful convergence.
Time difference of 21.13228 mins
[1] "maxIt: 20"
[1] "It: 7"
 [1] "sigma:"              "0.99"                "0.99"               
 [4] "0.969532083814913"   "0.969532083814913"   "0.982854732810532"  
 [7] "0.982854732810532"   "0.99"                "0.99"               
[10] "0.99"                "0.99"                "0.99"               
[13] "0.99"                "0.99"                "0.99"               
[16] "0.99"                "0.99"                "0.99"               
[19] "0.99"                "0.985785134182341"   "0.985785134182341"  
[22] "0.978398905655433"   "0.978398905655433"   "0.0115135598099754" 
[25] "0.0115135598099754"  "0.43956015933198"    "0.43956015933198"   
[28] "0.180344408196768"   "0.180344408196768"   "0.251646359596493"  
[31] "0.251646359596493"   "0.0568664053783339"  "0.0568664053783339" 
[34] "0.0503706638825718"  "0.0503706638825718"  "0.0359917455485802" 
[37] "0.0359917455485802"  "0.0170761240217239"  "0.0170761240217239" 
[40] "0.00273795752278398" "0.00273795752278398" "beta :"             
[43] "1"                  
 [1] "sigma:"              "0.99"                "0.99"               
 [4] "0.969532083814913"   "0.969532083814913"   "0.982854732810532"  
 [7] "0.982854732810532"   "0.99"                "0.99"               
[10] "0.99"                "0.99"                "0.99"               
[13] "0.99"                "0.99"                "0.99"               
[16] "0.99"                "0.99"                "0.99"               
[19] "0.99"                "0.985785134182341"   "0.985785134182341"  
[22] "0.978398905655433"   "0.978398905655433"   "0.0115135598099754" 
[25] "0.0115135598099754"  "0.43956015933198"    "0.43956015933198"   
[28] "0.180344408196768"   "0.180344408196768"   "0.301146359596493"  
[31] "0.301146359596493"   "0.0568664053783339"  "0.0568664053783339" 
[34] "0.0503706638825718"  "0.0503706638825718"  "0.0359917455485802" 
[37] "0.0359917455485802"  "0.0170761240217239"  "0.0170761240217239" 
[40] "0.00273795752278398" "0.00273795752278398" "beta :"             
[43] "1"                  
[1] " old Likelihood:  -9615604.42431342"
[1] "New Likelihood:  -9615556.3475549"
iter:  0  f-value:  31304.27  pgrad:  0.5125753 
iter:  10  f-value:  31304.19  pgrad:  0.9489159 
iter:  20  f-value:  31304.18  pgrad:  0.9481977 
iter:  30  f-value:  31304.17  pgrad:  0.9396684 
iter:  40  f-value:  31304.16  pgrad:  0.9390329 
iter:  50  f-value:  31304.14  pgrad:  0.6880107 
  Unsuccessful convergence.
Time difference of 21.70816 mins
[1] "maxIt: 20"
[1] "It: 8"
 [1] "sigma:"              "0.99"                "0.99"               
 [4] "0.97239360262454"    "0.97239360262454"    "0.987096720494361"  
 [7] "0.987096720494361"   "0.99"                "0.99"               
[10] "0.99"                "0.99"                "0.99"               
[13] "0.99"                "0.99"                "0.99"               
[16] "0.99"                "0.99"                "0.99"               
[19] "0.99"                "0.987165711894486"   "0.987165711894486"  
[22] "0.982015062572807"   "0.982015062572807"   "0.00599894535164376"
[25] "0.00599894535164376" "0.435827361846256"   "0.435827361846256"  
[28] "0.183284773324259"   "0.183284773324259"   "0.30890951612172"   
[31] "0.30890951612172"    "0.0634421227477808"  "0.0634421227477808" 
[34] "0.0552452738421705"  "0.0552452738421705"  "0.0397599146148088" 
[37] "0.0397599146148088"  "0.0192721262404185"  "0.0192721262404185" 
[40] "0.00313236506908321" "0.00313236506908321" "beta :"             
[43] "1"                  
 [1] "sigma:"              "0.99"                "0.99"               
 [4] "0.97239360262454"    "0.97239360262454"    "0.987096720494361"  
 [7] "0.987096720494361"   "0.99"                "0.99"               
[10] "0.99"                "0.99"                "0.99"               
[13] "0.99"                "0.99"                "0.99"               
[16] "0.99"                "0.99"                "0.99"               
[19] "0.99"                "0.987165711894486"   "0.987165711894486"  
[22] "0.982015062572807"   "0.982015062572807"   "0.00599894535164377"
[25] "0.00599894535164377" "0.435827361846256"   "0.435827361846256"  
[28] "0.183284773324259"   "0.183284773324259"   "0.35840951612172"   
[31] "0.35840951612172"    "0.0634421227477808"  "0.0634421227477808" 
[34] "0.0552452738421705"  "0.0552452738421705"  "0.0397599146148088" 
[37] "0.0397599146148088"  "0.0192721262404185"  "0.0192721262404185" 
[40] "0.00313236506908321" "0.00313236506908321" "beta :"             
[43] "1"                  
[1] " old Likelihood:  -9615556.3475549"
[1] "New Likelihood:  -9615515.3491039"
iter:  0  f-value:  31066.9  pgrad:  0.510212 
iter:  10  f-value:  31066.83  pgrad:  0.9440033 
iter:  20  f-value:  31066.82  pgrad:  0.9340636 
iter:  30  f-value:  31066.82  pgrad:  0.9337222 
iter:  40  f-value:  31066.8  pgrad:  0.6309291 
iter:  50  f-value:  31066.8  pgrad:  0.6304355 
  Unsuccessful convergence.
Time difference of 21.7351 mins
[1] "maxIt: 20"
[1] "It: 9"
 [1] "sigma:"               "0.99"                 "0.99"                
 [4] "0.974623225387144"    "0.974623225387144"    "0.99"                
 [7] "0.99"                 "0.99"                 "0.99"                
[10] "0.99"                 "0.99"                 "0.99"                
[13] "0.99"                 "0.99"                 "0.99"                
[16] "0.99"                 "0.99"                 "0.99"                
[19] "0.99"                 "0.98734547045138"     "0.98734547045138"    
[22] "0.985752136358752"    "0.985752136358752"    "0.000530123582154093"
[25] "0.000530123582154093" "0.432143003947297"    "0.432143003947297"   
[28] "0.185786567417669"    "0.185786567417669"    "0.365888791895787"   
[31] "0.365888791895787"    "0.0695969610188193"   "0.0695969610188193"  
[34] "0.0596605454714262"   "0.0596605454714262"   "0.0429810337212728"  
[37] "0.0429810337212728"   "0.0211936039795128"   "0.0211936039795128"  
[40] "0.00349047129366662"  "0.00349047129366662"  "beta :"              
[43] "1"                   
 [1] "sigma:"               "0.99"                 "0.99"                
 [4] "0.974623225387144"    "0.974623225387144"    "0.99"                
 [7] "0.99"                 "0.99"                 "0.99"                
[10] "0.99"                 "0.99"                 "0.99"                
[13] "0.99"                 "0.99"                 "0.99"                
[16] "0.99"                 "0.99"                 "0.99"                
[19] "0.99"                 "0.98734547045138"     "0.98734547045138"    
[22] "0.985752136358752"    "0.985752136358752"    "0.000530123582154091"
[25] "0.000530123582154091" "0.432143003947297"    "0.432143003947297"   
[28] "0.185786567417669"    "0.185786567417669"    "0.365888791895787"   
[31] "0.365888791895787"    "0.119096961018819"    "0.119096961018819"   
[34] "0.0596605454714262"   "0.0596605454714262"   "0.0429810337212728"  
[37] "0.0429810337212728"   "0.0211936039795128"   "0.0211936039795128"  
[40] "0.00349047129366662"  "0.00349047129366662"  "beta :"              
[43] "1"                   
[1] " old Likelihood:  -9615515.3491039"
[1] "New Likelihood:  -9615477.33803128"
iter:  0  f-value:  30873.89  pgrad:  0.5078268 
iter:  10  f-value:  30873.84  pgrad:  0.911532 
iter:  20  f-value:  30873.83  pgrad:  0.8781266 
iter:  30  f-value:  30873.83  pgrad:  0.877656 
iter:  40  f-value:  30873.82  pgrad:  0.5921174 
iter:  50  f-value:  30873.82  pgrad:  0.5511174 
  Unsuccessful convergence.
Time difference of 21.71908 mins
[1] "maxIt: 20"
[1] "It: 10"
 [1] "sigma:"             "0.99"               "0.99"              
 [4] "0.97645456002429"   "0.97645456002429"   "0.99"              
 [7] "0.99"               "0.99"               "0.99"              
[10] "0.99"               "0.99"               "0.99"              
[13] "0.99"               "0.99"               "0.99"              
[16] "0.99"               "0.99"               "0.99"              
[19] "0.99"               "0.987140150578022"  "0.987140150578022" 
[22] "0.989070911906962"  "0.989070911906962"  "0"                 
[25] "0"                  "0.428996148829635"  "0.428996148829635" 
[28] "0.187732320045267"  "0.187732320045267"  "0.372102636531365" 
[31] "0.372102636531365"  "0.124586809153616"  "0.124586809153616" 
[34] "0.0635631151990841" "0.0635631151990841" "0.0458289474145395"
[37] "0.0458289474145395" "0.022877521758578"  "0.022877521758578" 
[40] "0.0038102371920037" "0.0038102371920037" "beta :"            
[43] "1"                 
 [1] "sigma:"             "0.99"               "0.99"              
 [4] "0.97645456002429"   "0.97645456002429"   "0.99"              
 [7] "0.99"               "0.99"               "0.99"              
[10] "0.99"               "0.99"               "0.99"              
[13] "0.99"               "0.99"               "0.99"              
[16] "0.99"               "0.99"               "0.99"              
[19] "0.99"               "0.987140150578022"  "0.987140150578022" 
[22] "0.989070911906962"  "0.989070911906962"  "0"                 
[25] "0"                  "0.428996148829635"  "0.428996148829635" 
[28] "0.187732320045267"  "0.187732320045267"  "0.372102636531365" 
[31] "0.372102636531365"  "0.174086809153616"  "0.174086809153616" 
[34] "0.0635631151990841" "0.0635631151990841" "0.0458289474145395"
[37] "0.0458289474145395" "0.022877521758578"  "0.022877521758578" 
[40] "0.0038102371920037" "0.0038102371920037" "beta :"            
[43] "1"                 
[1] " old Likelihood:  -9615477.33803128"
[1] "New Likelihood:  -9615448.38086647"
iter:  0  f-value:  30663.96  pgrad:  0.5054195 
iter:  10  f-value:  30663.91  pgrad:  0.9007272 
iter:  20  f-value:  30663.9  pgrad:  0.8402276 
iter:  30  f-value:  30663.9  pgrad:  0.8215499 
iter:  40  f-value:  30663.89  pgrad:  0.7773269 
iter:  50  f-value:  30663.89  pgrad:  0.6271148 
  Unsuccessful convergence.
Time difference of 21.61551 mins
[1] "maxIt: 20"
[1] "It: 11"
 [1] "sigma:"              "0.99"                "0.99"               
 [4] "0.977764259707197"   "0.977764259707197"   "0.99"               
 [7] "0.99"                "0.99"                "0.99"               
[10] "0.99"                "0.99"                "0.99"               
[13] "0.99"                "0.99"                "0.99"               
[16] "0.99"                "0.99"                "0.989900566951718"  
[19] "0.989900566951718"   "0.987967919433473"   "0.987967919433473"  
[22] "0.99"                "0.99"                "0"                  
[25] "0"                   "0.427082361320904"   "0.427082361320904"  
[28] "0.189300189283858"   "0.189300189283858"   "0.376794436631916"  
[31] "0.376794436631916"   "0.178267290388169"   "0.178267290388169"  
[34] "0.0666039144216112"  "0.0666039144216112"  "0.0479267596752049" 
[37] "0.0479267596752049"  "0.0240763930971383"  "0.0240763930971383" 
[40] "0.00403987199995437" "0.00403987199995437" "beta :"             
[43] "1"                  
 [1] "sigma:"              "0.99"                "0.99"               
 [4] "0.977764259707197"   "0.977764259707197"   "0.99"               
 [7] "0.99"                "0.99"                "0.99"               
[10] "0.99"                "0.99"                "0.99"               
[13] "0.99"                "0.99"                "0.99"               
[16] "0.99"                "0.99"                "0.989900566951718"  
[19] "0.989900566951718"   "0.987967919433473"   "0.987967919433473"  
[22] "0.99"                "0.99"                "0"                  
[25] "0"                   "0.427082361320904"   "0.427082361320904"  
[28] "0.189300189283858"   "0.189300189283858"   "0.376794436631916"  
[31] "0.376794436631916"   "0.227767290388169"   "0.227767290388169"  
[34] "0.0171039144216112"  "0.0171039144216112"  "0.0479267596752049" 
[37] "0.0479267596752049"  "0.0240763930971383"  "0.0240763930971383" 
[40] "0.00403987199995437" "0.00403987199995437" "beta :"             
[43] "1"                  
[1] " old Likelihood:  -9615448.38086647"
[1] "New Likelihood:  -9615426.1926468"
iter:  0  f-value:  30612.12  pgrad:  0.5034091 
iter:  10  f-value:  30612.1  pgrad:  0.7689841 
iter:  20  f-value:  30612.09  pgrad:  0.7685618 
iter:  30  f-value:  30612.09  pgrad:  0.74946 
iter:  40  f-value:  30612.08  pgrad:  0.4911538 
iter:  50  f-value:  30612.08  pgrad:  0.4392496 
  Unsuccessful convergence.
Time difference of 21.7243 mins
[1] "maxIt: 20"
[1] "It: 12"
 [1] "sigma:"              "0.99"                "0.99"               
 [4] "0.979315071510267"   "0.979315071510267"   "0.99"               
 [7] "0.99"                "0.99"                "0.99"               
[10] "0.99"                "0.99"                "0.99"               
[13] "0.99"                "0.99"                "0.99"               
[16] "0.99"                "0.99"                "0.989351333023196"  
[19] "0.989351333023196"   "0.98925367648978"    "0.98925367648978"   
[22] "0.99"                "0.99"                "0"                  
[25] "0"                   "0.424851297979085"   "0.424851297979085"  
[28] "0.19112599298519"    "0.19112599298519"    "0.381657073415364"  
[31] "0.381657073415364"   "0.232364685126245"   "0.232364685126245"  
[34] "0.0201066785854399"  "0.0201066785854399"  "0.0497187349585331" 
[37] "0.0497187349585331"  "0.0252760162186527"  "0.0252760162186527" 
[40] "0.00429768829355675" "0.00429768829355675" "beta :"             
[43] "1"                  
 [1] "sigma:"              "0.99"                "0.99"               
 [4] "0.979315071510267"   "0.979315071510267"   "0.99"               
 [7] "0.99"                "0.99"                "0.99"               
[10] "0.99"                "0.99"                "0.99"               
[13] "0.99"                "0.99"                "0.99"               
[16] "0.99"                "0.99"                "0.989351333023196"  
[19] "0.989351333023196"   "0.98925367648978"    "0.98925367648978"   
[22] "0.99"                "0.99"                "0"                  
[25] "0"                   "0.424851297979085"   "0.424851297979085"  
[28] "0.19112599298519"    "0.19112599298519"    "0.381657073415364"  
[31] "0.381657073415364"   "0.281864685126245"   "0.281864685126245"  
[34] "0.0201066785854399"  "0.0201066785854399"  "0.00021873495853315"
[37] "0.00021873495853315" "0.0252760162186527"  "0.0252760162186527" 
[40] "0.00429768829355675" "0.00429768829355675" "beta :"             
[43] "1"                  
[1] " old Likelihood:  -9615426.1926468"
[1] "New Likelihood:  -9615406.4501393"
iter:  0  f-value:  30479.44  pgrad:  0.5088587 
iter:  10  f-value:  30479.41  pgrad:  0.7150526 
iter:  20  f-value:  30479.41  pgrad:  0.7142844 
iter:  30  f-value:  30479.4  pgrad:  0.6111404 
iter:  40  f-value:  30479.4  pgrad:  0.4861765 
iter:  50  f-value:  30479.4  pgrad:  0.4299 
  Unsuccessful convergence.
Time difference of 21.70991 mins
[1] "maxIt: 20"
[1] "It: 13"
 [1] "sigma:"              "0.99"                "0.99"               
 [4] "0.980719309951648"   "0.980719309951648"   "0.99"               
 [7] "0.99"                "0.99"                "0.99"               
[10] "0.99"                "0.99"                "0.99"               
[13] "0.99"                "0.99"                "0.99"               
[16] "0.99"                "0.99"                "0.989060699021857"  
[19] "0.989060699021857"   "0.99"                "0.99"               
[22] "0.99"                "0.99"                "0"                  
[25] "0"                   "0.422667044758109"   "0.422667044758109"  
[28] "0.192833039348488"   "0.192833039348488"   "0.386270907075392"  
[31] "0.386270907075392"   "0.285882206217157"   "0.285882206217157"  
[34] "0.0224731285599885"  "0.0224731285599885"  "0.00134383828870186"
[37] "0.00134383828870186" "0.0261028481820398"  "0.0261028481820398" 
[40] "0.004494242427792"   "0.004494242427792"   "beta :"             
[43] "1"                  
 [1] "sigma:"              "0.99"                "0.99"               
 [4] "0.980719309951648"   "0.980719309951648"   "0.99"               
 [7] "0.99"                "0.99"                "0.99"               
[10] "0.99"                "0.99"                "0.99"               
[13] "0.99"                "0.99"                "0.99"               
[16] "0.99"                "0.99"                "0.989060699021857"  
[19] "0.989060699021857"   "0.99"                "0.99"               
[22] "0.99"                "0.99"                "0"                  
[25] "0"                   "0.422667044758109"   "0.422667044758109"  
[28] "0.192833039348488"   "0.192833039348488"   "0.386270907075392"  
[31] "0.386270907075392"   "0.285882206217157"   "0.285882206217157"  
[34] "0.0719731285599885"  "0.0719731285599885"  "0.00134383828870186"
[37] "0.00134383828870186" "0.0261028481820398"  "0.0261028481820398" 
[40] "0.004494242427792"   "0.004494242427792"   "beta :"             
[43] "1"                  
[1] " old Likelihood:  -9615406.4501393"
[1] "New Likelihood:  -9615391.67564044"
iter:  0  f-value:  30309.98  pgrad:  0.5001881 
iter:  10  f-value:  30309.95  pgrad:  0.711176 
iter:  20  f-value:  30309.95  pgrad:  0.7101358 
iter:  30  f-value:  30309.95  pgrad:  0.7093808 
iter:  40  f-value:  30309.94  pgrad:  0.4893651 
iter:  50  f-value:  30309.94  pgrad:  0.4900419 
  Unsuccessful convergence.
Time difference of 21.67316 mins
[1] "maxIt: 20"
[1] "It: 14"
 [1] "sigma:"              "0.99"                "0.99"               
 [4] "0.982205685560243"   "0.982205685560243"   "0.99"               
 [7] "0.99"                "0.99"                "0.99"               
[10] "0.99"                "0.99"                "0.99"               
[13] "0.99"                "0.99"                "0.99"               
[16] "0.99"                "0.99"                "0.989264559114581"  
[19] "0.989264559114581"   "0.99"                "0.99"               
[22] "0.99"                "0.99"                "0"                  
[25] "0"                   "0.420473160998134"   "0.420473160998134"  
[28] "0.194776241897543"   "0.194776241897543"   "0.390934334409127"  
[31] "0.390934334409127"   "0.29012925559295"    "0.29012925559295"   
[34] "0.0747605000920639"  "0.0747605000920639"  "0.00295669638424037"
[37] "0.00295669638424037" "0.0271451315018506"  "0.0271451315018506" 
[40] "0.00472445562279366" "0.00472445562279366" "beta :"             
[43] "1"                  
 [1] "sigma:"              "0.99"                "0.99"               
 [4] "0.982205685560243"   "0.982205685560243"   "0.99"               
 [7] "0.99"                "0.99"                "0.99"               
[10] "0.99"                "0.99"                "0.99"               
[13] "0.99"                "0.99"                "0.99"               
[16] "0.99"                "0.99"                "0.989264559114581"  
[19] "0.989264559114581"   "0.99"                "0.99"               
[22] "0.99"                "0.99"                "0"                  
[25] "0"                   "0.420473160998134"   "0.420473160998134"  
[28] "0.194776241897543"   "0.194776241897543"   "0.390934334409127"  
[31] "0.390934334409127"   "0.29012925559295"    "0.29012925559295"   
[34] "0.0747605000920639"  "0.0747605000920639"  "0.00295669638424037"
[37] "0.00295669638424037" "0.0271451315018506"  "0.0271451315018506" 
[40] "0.00472445562279366" "0.00472445562279366" "beta :"             
[43] "1"                  
[1] " old Likelihood:  -9615391.67564044"
[1] "New Likelihood:  -9615380.64872622"
iter:  0  f-value:  30301.92  pgrad:  0.518281 
iter:  10  f-value:  30301.91  pgrad:  0.706414 
iter:  20  f-value:  30301.91  pgrad:  0.7057052 
iter:  30  f-value:  30301.91  pgrad:  0.6035163 
iter:  40  f-value:  30301.91  pgrad:  0.5752736 
iter:  50  f-value:  30301.9  pgrad:  0.4337926 
  Unsuccessful convergence.
Time difference of 21.64881 mins
[1] "maxIt: 20"
[1] "It: 15"
 [1] "sigma:"             "0.99"               "0.99"              
 [4] "0.983201434203748"  "0.983201434203748"  "0.99"              
 [7] "0.99"               "0.99"               "0.99"              
[10] "0.99"               "0.99"               "0.99"              
[13] "0.99"               "0.99"               "0.99"              
[16] "0.99"               "0.99"               "0.989442115332285" 
[19] "0.989442115332285"  "0.99"               "0.99"              
[22] "0.99"               "0.99"               "0"                 
[25] "0"                  "0.419162095750893"  "0.419162095750893" 
[28] "0.196449426723972"  "0.196449426723972"  "0.394081071289378" 
[31] "0.394081071289378"  "0.292812060357981"  "0.292812060357981" 
[34] "0.0765395448912358" "0.0765395448912358" "0.0038087688460775"
[37] "0.0038087688460775" "0.0277692491681061" "0.0277692491681061"
[40] "0.00487229596222"   "0.00487229596222"   "beta :"            
[43] "1"                 
 [1] "sigma:"              "0.99"                "0.99"               
 [4] "0.983201434203748"   "0.983201434203748"   "0.99"               
 [7] "0.99"                "0.99"                "0.99"               
[10] "0.99"                "0.99"                "0.99"               
[13] "0.99"                "0.99"                "0.99"               
[16] "0.99"                "0.99"                "0.989442115332285"  
[19] "0.989442115332285"   "0.99"                "0.99"               
[22] "0.99"                "0.99"                "0"                  
[25] "0"                   "0.419162095750893"   "0.419162095750893"  
[28] "0.245949426723972"   "0.245949426723972"   "0.394081071289378"  
[31] "0.394081071289378"   "0.292812060357981"   "0.292812060357981"  
[34] "0.126039544891236"   "0.126039544891236"   "0.00380876884607749"
[37] "0.00380876884607749" "0.0277692491681061"  "0.0277692491681061" 
[40] "0.00487229596222"    "0.00487229596222"    "beta :"             
[43] "1"                  
[1] " old Likelihood:  -9615380.64872622"
[1] "New Likelihood:  -9615372.66780265"
iter:  0  f-value:  29956.27  pgrad:  0.4975849 
iter:  10  f-value:  29956.24  pgrad:  0.7562994 
iter:  20  f-value:  29956.24  pgrad:  0.7023974 
iter:  30  f-value:  29956.24  pgrad:  0.8837378 
iter:  40  f-value:  29956.23  pgrad:  0.4203029 
iter:  50  f-value:  29956.23  pgrad:  0.4182775 
  Unsuccessful convergence.
Time difference of 21.64247 mins
[1] "maxIt: 20"
[1] "It: 16"
 [1] "sigma:"              "0.99"                "0.99"               
 [4] "0.985059519276553"   "0.985059519276553"   "0.99"               
 [7] "0.99"                "0.99"                "0.99"               
[10] "0.99"                "0.99"                "0.99"               
[13] "0.99"                "0.99"                "0.99"               
[16] "0.99"                "0.99"                "0.989406905801837"  
[19] "0.989406905801837"   "0.99"                "0.99"               
[22] "0.99"                "0.99"                "0"                  
[25] "0"                   "0.41399690685989"    "0.41399690685989"   
[28] "0.248239030876635"   "0.248239030876635"   "0.400335379656602"  
[31] "0.400335379656602"   "0.298318388344557"   "0.298318388344557"  
[34] "0.129868640955523"   "0.129868640955523"   "0.00604658467394042"
[37] "0.00604658467394042" "0.0292039271318267"  "0.0292039271318267" 
[40] "0.00520128824860615" "0.00520128824860615" "beta :"             
[43] "1"                  
 [1] "sigma:"              "0.99"                "0.99"               
 [4] "0.985059519276553"   "0.985059519276553"   "0.99"               
 [7] "0.99"                "0.99"                "0.99"               
[10] "0.99"                "0.99"                "0.99"               
[13] "0.99"                "0.99"                "0.99"               
[16] "0.99"                "0.99"                "0.989406905801837"  
[19] "0.989406905801837"   "0.99"                "0.99"               
[22] "0.99"                "0.99"                "0"                  
[25] "0"                   "0.41399690685989"    "0.41399690685989"   
[28] "0.248239030876635"   "0.248239030876635"   "0.400335379656602"  
[31] "0.400335379656602"   "0.298318388344557"   "0.298318388344557"  
[34] "0.129868640955523"   "0.129868640955523"   "0.00604658467394042"
[37] "0.00604658467394042" "0.0292039271318267"  "0.0292039271318267" 
[40] "0.00520128824860616" "0.00520128824860616" "beta :"             
[43] "1"                  
[1] " old Likelihood:  -9615372.66780265"
[1] "New Likelihood:  -9615359.7693316"
iter:  0  f-value:  29953.73  pgrad:  0.4971258 
iter:  10  f-value:  29953.72  pgrad:  0.6982493 
iter:  20  f-value:  29953.72  pgrad:  0.6045229 
iter:  30  f-value:  29953.72  pgrad:  0.516553 
iter:  40  f-value:  29953.72  pgrad:  0.4164868 
iter:  50  f-value:  29953.72  pgrad:  0.5105037 
  Unsuccessful convergence.
Time difference of 21.65845 mins
[1] "maxIt: 20"
[1] "It: 17"
 [1] "sigma:"              "0.99"                "0.99"               
 [4] "0.986018870610685"   "0.986018870610685"   "0.99"               
 [7] "0.99"                "0.99"                "0.99"               
[10] "0.99"                "0.99"                "0.99"               
[13] "0.99"                "0.99"                "0.99"               
[16] "0.99"                "0.99"                "0.989443854705605"  
[19] "0.989443854705605"   "0.99"                "0.99"               
[22] "0.99"                "0.99"                "0"                  
[25] "0"                   "0.411691155960519"   "0.411691155960519"  
[28] "0.249814894731541"   "0.249814894731541"   "0.403564435735067"  
[31] "0.403564435735067"   "0.300988465885638"   "0.300988465885638"  
[34] "0.131743561587755"   "0.131743561587755"   "0.00695812780929048"
[37] "0.00695812780929048" "0.0298636027642903"  "0.0298636027642903" 
[40] "0.00536208120184431" "0.00536208120184431" "beta :"             
[43] "1"                  
 [1] "sigma:"              "0.99"                "0.99"               
 [4] "0.986018870610685"   "0.986018870610685"   "0.99"               
 [7] "0.99"                "0.99"                "0.99"               
[10] "0.99"                "0.99"                "0.99"               
[13] "0.99"                "0.99"                "0.99"               
[16] "0.99"                "0.99"                "0.989443854705605"  
[19] "0.989443854705605"   "0.99"                "0.99"               
[22] "0.99"                "0.99"                "0"                  
[25] "0"                   "0.411691155960519"   "0.411691155960519"  
[28] "0.249814894731541"   "0.249814894731541"   "0.403564435735067"  
[31] "0.403564435735067"   "0.300988465885638"   "0.300988465885638"  
[34] "0.181243561587755"   "0.181243561587755"   "0.00695812780929049"
[37] "0.00695812780929049" "0.0298636027642903"  "0.0298636027642903" 
[40] "0.00536208120184431" "0.00536208120184431" "beta :"             
[43] "1"                  
[1] " old Likelihood:  -9615359.7693316"
[1] "New Likelihood:  -9615354.45731681"
iter:  0  f-value:  29765.65  pgrad:  0.4962764 
iter:  10  f-value:  29765.64  pgrad:  0.7034032 
iter:  20  f-value:  29765.64  pgrad:  0.6952007 
iter:  30  f-value:  29765.63  pgrad:  0.4139461 
iter:  40  f-value:  29765.63  pgrad:  0.4901024 
iter:  50  f-value:  29765.63  pgrad:  0.4133296 
  Unsuccessful convergence.
Time difference of 21.73926 mins
[1] "maxIt: 20"
[1] "It: 18"
 [1] "sigma:"              "0.99"                "0.99"               
 [4] "0.987036527778732"   "0.987036527778732"   "0.99"               
 [7] "0.99"                "0.99"                "0.99"               
[10] "0.99"                "0.99"                "0.99"               
[13] "0.99"                "0.99"                "0.99"               
[16] "0.99"                "0.99"                "0.989443951512098"  
[19] "0.989443951512098"   "0.99"                "0.99"               
[22] "0.99"                "0.99"                "0"                  
[25] "0"                   "0.409189325942712"   "0.409189325942712"  
[28] "0.251784386683419"   "0.251784386683419"   "0.407572220761821"  
[31] "0.407572220761821"   "0.304731798190704"   "0.304731798190704"  
[34] "0.184202887293965"   "0.184202887293965"   "0.0085229824971466" 
[37] "0.0085229824971466"  "0.0307720227904687"  "0.0307720227904687" 
[40] "0.00555594084538771" "0.00555594084538771" "beta :"             
[43] "1"                  
 [1] "sigma:"              "0.99"                "0.99"               
 [4] "0.987036527778732"   "0.987036527778732"   "0.99"               
 [7] "0.99"                "0.99"                "0.99"               
[10] "0.99"                "0.99"                "0.99"               
[13] "0.99"                "0.99"                "0.99"               
[16] "0.99"                "0.99"                "0.989443951512098"  
[19] "0.989443951512098"   "0.99"                "0.99"               
[22] "0.99"                "0.99"                "0"                  
[25] "0"                   "0.409189325942712"   "0.409189325942712"  
[28] "0.301284386683419"   "0.301284386683419"   "0.407572220761821"  
[31] "0.407572220761821"   "0.304731798190704"   "0.304731798190704"  
[34] "0.184202887293965"   "0.184202887293965"   "0.0085229824971466" 
[37] "0.0085229824971466"  "0.0307720227904687"  "0.0307720227904687" 
[40] "0.00555594084538771" "0.00555594084538771" "beta :"             
[43] "1"                  
[1] " old Likelihood:  -9615354.45731681"
[1] "New Likelihood:  -9615345.89907287"
iter:  0  f-value:  29586.36  pgrad:  0.4955878 
iter:  10  f-value:  29586.35  pgrad:  0.6921911 
iter:  20  f-value:  29586.35  pgrad:  0.6912363 
iter:  30  f-value:  29586.35  pgrad:  0.6279515 
iter:  40  f-value:  29586.34  pgrad:  0.4096757 
iter:  50  f-value:  29586.34  pgrad:  0.4079496 
  Unsuccessful convergence.
Time difference of 21.70948 mins
[1] "maxIt: 20"
[1] "It: 19"
 [1] "sigma:"              "0.99"                "0.99"               
 [4] "0.988394641225364"   "0.988394641225364"   "0.99"               
 [7] "0.99"                "0.99"                "0.99"               
[10] "0.99"                "0.99"                "0.99"               
[13] "0.99"                "0.99"                "0.99"               
[16] "0.99"                "0.99"                "0.989374414922254"  
[19] "0.989374414922254"   "0.99"                "0.99"               
[22] "0.99"                "0.99"                "0"                  
[25] "0"                   "0.403853972814619"   "0.403853972814619"  
[28] "0.303032476495521"   "0.303032476495521"   "0.412405021856182"  
[31] "0.412405021856182"   "0.308528715008708"   "0.308528715008708"  
[34] "0.186927903341893"   "0.186927903341893"   "0.00994631302250879"
[37] "0.00994631302250879" "0.0317802619552803"  "0.0317802619552803" 
[40] "0.00580911968402169" "0.00580911968402169" "beta :"             
[43] "1"                  
 [1] "sigma:"              "0.99"                "0.99"               
 [4] "0.988394641225364"   "0.988394641225364"   "0.99"               
 [7] "0.99"                "0.99"                "0.99"               
[10] "0.99"                "0.99"                "0.99"               
[13] "0.99"                "0.99"                "0.99"               
[16] "0.99"                "0.99"                "0.989374414922254"  
[19] "0.989374414922254"   "0.99"                "0.99"               
[22] "0.99"                "0.99"                "0"                  
[25] "0"                   "0.403853972814619"   "0.403853972814619"  
[28] "0.303032476495521"   "0.303032476495521"   "0.412405021856182"  
[31] "0.412405021856182"   "0.308528715008708"   "0.308528715008708"  
[34] "0.186927903341893"   "0.186927903341893"   "0.00994631302250879"
[37] "0.00994631302250879" "0.0317802619552803"  "0.0317802619552803" 
[40] "0.00580911968402168" "0.00580911968402168" "beta :"             
[43] "1"                  
[1] " old Likelihood:  -9615345.89907287"
[1] "New Likelihood:  -9615338.84618742"
iter:  0  f-value:  29584.69  pgrad:  0.5101109 
iter:  10  f-value:  29584.68  pgrad:  0.5832448 
iter:  20  f-value:  29584.68  pgrad:  0.5827978 
iter:  30  f-value:  29584.68  pgrad:  0.5183173 
iter:  40  f-value:  29584.68  pgrad:  0.4048368 
iter:  50  f-value:  29584.68  pgrad:  0.4043481 
  Unsuccessful convergence.
Time difference of 21.79209 mins
[1] "maxIt: 20"
[1] "It: 20"
 [1] "sigma:"              "0.99"                "0.99"               
 [4] "0.989338281269038"   "0.989338281269038"   "0.99"               
 [7] "0.99"                "0.99"                "0.99"               
[10] "0.99"                "0.99"                "0.99"               
[13] "0.99"                "0.99"                "0.99"               
[16] "0.99"                "0.99"                "0.989347898720558"  
[19] "0.989347898720558"   "0.99"                "0.99"               
[22] "0.99"                "0.99"                "0"                  
[25] "0"                   "0.400296878045384"   "0.400296878045384"  
[28] "0.304453410482539"   "0.304453410482539"   "0.415694025151813"  
[31] "0.415694025151813"   "0.310902751714263"   "0.310902751714263"  
[34] "0.188586566789217"   "0.188586566789217"   "0.0107231472248961" 
[37] "0.0107231472248961"  "0.0324112179973782"  "0.0324112179973782" 
[40] "0.00597972317058333" "0.00597972317058333" "beta :"             
[43] "1"                  
 [1] "sigma:"              "0.99"                "0.99"               
 [4] "0.989338281269038"   "0.989338281269038"   "0.99"               
 [7] "0.99"                "0.99"                "0.99"               
[10] "0.99"                "0.99"                "0.99"               
[13] "0.99"                "0.99"                "0.99"               
[16] "0.99"                "0.99"                "0.989347898720558"  
[19] "0.989347898720558"   "0.99"                "0.99"               
[22] "0.99"                "0.99"                "0"                  
[25] "0"                   "0.400296878045384"   "0.400296878045384"  
[28] "0.304453410482539"   "0.304453410482539"   "0.415694025151813"  
[31] "0.415694025151813"   "0.310902751714263"   "0.310902751714263"  
[34] "0.188586566789217"   "0.188586566789217"   "0.0107231472248961" 
[37] "0.0107231472248961"  "0.0324112179973782"  "0.0324112179973782" 
[40] "0.00597972317058333" "0.00597972317058333" "beta :"             
[43] "1"                  
[1] " old Likelihood:  -9615338.84618742"
[1] "New Likelihood:  -9615335.46646748"
iter:  0  f-value:  29574.71  pgrad:  0.5189901 
iter:  10  f-value:  29574.71  pgrad:  0.5798404 
iter:  20  f-value:  29574.71  pgrad:  0.5120939 
iter:  30  f-value:  29574.71  pgrad:  0.4029404 
iter:  40  f-value:  29574.7  pgrad:  0.4014948 
iter:  50  f-value:  29574.7  pgrad:  0.4011891 
  Unsuccessful convergence.
Time difference of 21.7718 mins
 [1] "sigma:"              "0.99"                "0.99"               
 [4] "0.99"                "0.99"                "0.99"               
 [7] "0.99"                "0.99"                "0.99"               
[10] "0.99"                "0.99"                "0.99"               
[13] "0.99"                "0.99"                "0.99"               
[16] "0.99"                "0.99"                "0.989348223667159"  
[19] "0.989348223667159"   "0.99"                "0.99"               
[22] "0.99"                "0.99"                "0"                  
[25] "0"                   "0.397170196427097"   "0.397170196427097"  
[28] "0.305734203119285"   "0.305734203119285"   "0.418266020336161"  
[31] "0.418266020336161"   "0.312473722116439"   "0.312473722116439"  
[34] "0.189708420500414"   "0.189708420500414"   "0.0112294696747797" 
[37] "0.0112294696747797"  "0.0328996477166202"  "0.0328996477166202" 
[40] "0.00612480377252686" "0.00612480377252686" "beta :"             
[43] "1"                  
[1] 1999976 1999036 1999940 1999528 1999960
[1] 1 1 1 1 1
saved RDS
inference successful
