[1] "Original length"
[1] 999998
[1] "Final length"
[1] 17909
[1] "sequence length : 999999" "sequence length : 999911"
[3] "sequence length : 999978" "sequence length : 999835"
[5] "sequence length : 999905"
[1] "former Rho:"
[1] 1392.790 1245.809 1123.100 1331.896 1306.482
[1] "old mu :"
[1] 0.0006963959 0.0006229601 0.0005615622 0.0006660578 0.0006533030
[1] "new mu :"
[1] 0.0006400558
[1] "new Rho:"
[1] 1280.110 1279.998 1280.083 1279.900 1279.990
[1] 1 1 1 1 1
[1] "Beta: 1"
[1] "Self: 0"
[1] 1
[1] "Rho"
[1] 1280.110 1279.998 1280.083 1279.900 1279.990
[1] "It: 1"
[1] "sigma:" "0"      "beta :" "1"     
[1] "rho/theta:" "1"         
[1] "sigma:" "0"      "beta :" "1"     
[1] "rho/theta:" "1"         
Time difference of 1.642921 secs
[1] "New Likelihood:  -8839307.47103207"
[1] 4999623
[1] 4999628
iter:  0  f-value:  34748.9  pgrad:  0.5 
iter:  10  f-value:  34738.75  pgrad:  0.9860712 
iter:  20  f-value:  34735.92  pgrad:  0.9289958 
iter:  30  f-value:  34735.67  pgrad:  0.9144636 
  Unsuccessful convergence.
[1] 0.08561423
 [1] "Xi: 0.503846364896286" "Xi: 0.503144754774853" "Xi: 0.504890626868335"
 [4] "Xi: 0.508441007402505" "Xi: 0.508731066920056" "Xi: 0.493945862213271"
 [7] "Xi: 0.491588322090755" "Xi: 0.494638467575144" "Xi: 0.503717254471983"
[10] "Xi: 0.513608604349052" "Xi: 0.517524526373254" "Xi: 0.517402828708565"
[13] "Xi: 0.515757741667716" "Xi: 0.513652925190197" "Xi: 0.511512504315888"
[16] "Xi: 0.509541661803162" "Xi: 0.50771732325235"  "Xi: 0.50615309093714" 
[19] "Xi: 0.505219927739946" "Xi: 0.504820423100207"
Time difference of 7.513079 mins
[1] "Rho"
[1] 1280.110 1279.998 1280.083 1279.900 1279.990
[1] "It: 2"
[1] "sigma:"             "0.0847580864296201" "beta :"            
[4] "1"                 
[1] "rho/theta:" "1"         
Time difference of 1.64045 secs
[1] " old Likelihood:  -8839307.47103207"
[1] "New Likelihood:  -8835554.36032765"
[1] 4999623
[1] 4999628
iter:  0  f-value:  34371.4  pgrad:  0.9143858 
iter:  10  f-value:  34368.26  pgrad:  0.8966567 
iter:  20  f-value:  34367.1  pgrad:  0.8563176 
iter:  30  f-value:  34367.08  pgrad:  0.8542205 
  Unsuccessful convergence.
[1] 0.147989
 [1] "Xi: 0.505108436892303" "Xi: 0.504229955768544" "Xi: 0.506550177294023"
 [4] "Xi: 0.512329099901254" "Xi: 0.514267652505866" "Xi: 0.498176985767801"
 [7] "Xi: 0.487620516030003" "Xi: 0.49056316812404"  "Xi: 0.502892647592614"
[10] "Xi: 0.519825708193313" "Xi: 0.52689064556572"  "Xi: 0.52677743963591" 
[13] "Xi: 0.52440561083808"  "Xi: 0.521480670479548" "Xi: 0.51799485901415" 
[16] "Xi: 0.515467477816946" "Xi: 0.512833622057621" "Xi: 0.510396069310248"
[19] "Xi: 0.508875560160342" "Xi: 0.508349158273589"
Time difference of 4.225642 mins
[1] "Rho"
[1] 1280.110 1279.998 1280.083 1279.900 1279.990
[1] "It: 3"
[1] "sigma:"            "0.146509088826097" "beta :"           
[4] "1"                
[1] "rho/theta:" "1"         
Time difference of 1.665567 secs
[1] " old Likelihood:  -8835554.36032765"
[1] "New Likelihood:  -8834220.59111093"
[1] 4999623
[1] 4999628
iter:  0  f-value:  33764.99  pgrad:  0.852011 
iter:  10  f-value:  33763.68  pgrad:  0.834738 
iter:  20  f-value:  33763.15  pgrad:  0.8164268 
iter:  30  f-value:  33763.05  pgrad:  0.807279 
  Unsuccessful convergence.
[1] 0.1927489
 [1] "Xi: 0.505806109669608" "Xi: 0.50484484300758"  "Xi: 0.507480400760035"
 [4] "Xi: 0.514459353315983" "Xi: 0.517346727669092" "Xi: 0.501261214733466"
 [7] "Xi: 0.485667646879263" "Xi: 0.487350953318534" "Xi: 0.499681639880752"
[10] "Xi: 0.521893701577274" "Xi: 0.531755543304112" "Xi: 0.53166956022023" 
[13] "Xi: 0.52902640450108"  "Xi: 0.525729448543523" "Xi: 0.521920020142901"
[16] "Xi: 0.519155454269958" "Xi: 0.516152377207198" "Xi: 0.513213291595279"
[19] "Xi: 0.511431092383355" "Xi: 0.510893966163398"
Time difference of 4.22394 mins
[1] "Rho"
[1] 1280.110 1279.998 1280.083 1279.900 1279.990
[1] "It: 4"
[1] "sigma:"            "0.190821441222785" "beta :"           
[4] "1"                
[1] "rho/theta:" "1"         
Time difference of 1.659097 secs
[1] " old Likelihood:  -8834220.59111093"
[1] "New Likelihood:  -8833594.76598911"
[1] 4999623
[1] 4999628
iter:  0  f-value:  33166.71  pgrad:  0.8072511 
iter:  10  f-value:  33165.87  pgrad:  0.7909136 
iter:  20  f-value:  33165.49  pgrad:  0.7745146 
iter:  30  f-value:  33165.47  pgrad:  0.7722645 
  Unsuccessful convergence.
[1] 0.2278084
 [1] "Xi: 0.506217104743448" "Xi: 0.505210351422497" "Xi: 0.508031257126088"
 [4] "Xi: 0.515684330896489" "Xi: 0.519180055776032" "Xi: 0.503313333053695"
 [7] "Xi: 0.484976850196435" "Xi: 0.485550416139014" "Xi: 0.496634241613299"
[10] "Xi: 0.52245289030741"  "Xi: 0.534673735102493" "Xi: 0.534469932271986"
[13] "Xi: 0.531654064003202" "Xi: 0.528206155725329" "Xi: 0.52434375291841" 
[16] "Xi: 0.521610181064897" "Xi: 0.518488287155389" "Xi: 0.515243847081165"
[19] "Xi: 0.513337081149954" "Xi: 0.512865241111927"
Time difference of 4.221471 mins
[1] "Rho"
[1] 1280.110 1279.998 1280.083 1279.900 1279.990
[1] "It: 5"
[1] "sigma:"            "0.225530294180593" "beta :"           
[4] "1"                
[1] "rho/theta:" "1"         
Time difference of 1.727203 secs
[1] " old Likelihood:  -8833594.76598911"
[1] "New Likelihood:  -8833190.15414311"
[1] 4999623
[1] 4999628
iter:  0  f-value:  32597.69  pgrad:  0.7721916 
iter:  10  f-value:  32596.99  pgrad:  0.7566178 
iter:  20  f-value:  32596.69  pgrad:  0.7426897 
iter:  30  f-value:  32596.66  pgrad:  0.4940747 
  Unsuccessful convergence.
[1] 0.2625908
 [1] "Xi: 0.506597984174819" "Xi: 0.505560431847355" "Xi: 0.50855886765118" 
 [4] "Xi: 0.516832175106379" "Xi: 0.521213654459549" "Xi: 0.5059397941914"  
 [7] "Xi: 0.486020967287421" "Xi: 0.485198793413251" "Xi: 0.494648959615648"
[10] "Xi: 0.523554513274749" "Xi: 0.537464534223983" "Xi: 0.536801289338694"
[13] "Xi: 0.53373067198605"  "Xi: 0.530133886654682" "Xi: 0.526285986334922"
[16] "Xi: 0.523684043543623" "Xi: 0.520547722205587" "Xi: 0.517085518406156"
[19] "Xi: 0.515118573429775" "Xi: 0.51477697310517" 
Time difference of 4.227404 mins
[1] "Rho"
[1] 1280.110 1279.998 1280.083 1279.900 1279.990
[1] "It: 6"
[1] "sigma:"            "0.259964877783821" "beta :"           
[4] "1"                
[1] "rho/theta:" "1"         
Time difference of 1.655761 secs
[1] " old Likelihood:  -8833190.15414311"
[1] "New Likelihood:  -8832814.19080439"
[1] 4999623
[1] 4999628
iter:  0  f-value:  31956.03  pgrad:  0.7374092 
iter:  10  f-value:  31955.23  pgrad:  0.7165492 
iter:  20  f-value:  31955.13  pgrad:  0.7083656 
iter:  30  f-value:  31955.12  pgrad:  0.7071482 
  Unsuccessful convergence.
[1] 0.2931929
 [1] "Xi: 0.506963345025626" "Xi: 0.505901766927069" "Xi: 0.50906960594387" 
 [4] "Xi: 0.517920999429649" "Xi: 0.523099415329621" "Xi: 0.508469616242628"
 [7] "Xi: 0.487668115047882" "Xi: 0.48563263770067"  "Xi: 0.493189645871249"
[10] "Xi: 0.524499474439054" "Xi: 0.539913551257439" "Xi: 0.538650220011194"
[13] "Xi: 0.535248460418011" "Xi: 0.53151591350219"  "Xi: 0.527711320262431"
[16] "Xi: 0.525300546669105" "Xi: 0.522216397376014" "Xi: 0.518597224722368"
[19] "Xi: 0.516616954297475" "Xi: 0.516424844612177"
Time difference of 4.227527 mins
[1] "Rho"
[1] 1280.110 1279.998 1280.083 1279.900 1279.990
[1] "It: 7"
[1] "sigma:"            "0.290260983538898" "beta :"           
[4] "1"                
[1] "rho/theta:" "1"         
Time difference of 1.66108 secs
[1] " old Likelihood:  -8832814.19080439"
[1] "New Likelihood:  -8832484.34649456"
[1] 4999623
[1] 4999628
iter:  0  f-value:  31338.01  pgrad:  0.7068071 
iter:  10  f-value:  31337.28  pgrad:  0.6882973 
iter:  20  f-value:  31337.2  pgrad:  0.6788729 
iter:  30  f-value:  31337.18  pgrad:  0.513211 
  Unsuccessful convergence.
[1] 0.3212045
 [1] "Xi: 0.507314016908844" "Xi: 0.506231483117068" "Xi: 0.509561064968184"
 [4] "Xi: 0.518950460795393" "Xi: 0.524841840082891" "Xi: 0.510866487829975"
 [7] "Xi: 0.489523194091442" "Xi: 0.486793965379629" "Xi: 0.492274019429793"
[10] "Xi: 0.525569732866347" "Xi: 0.542350098356603" "Xi: 0.54034853440315" 
[13] "Xi: 0.536551980206843" "Xi: 0.532648155842815" "Xi: 0.528867762675675"
[16] "Xi: 0.526654790399802" "Xi: 0.52365009253335"  "Xi: 0.51989995829116" 
[19] "Xi: 0.517936395838754" "Xi: 0.517918858238748"
Time difference of 4.234093 mins
[1] "Rho"
[1] 1280.110 1279.998 1280.083 1279.900 1279.990
[1] "It: 8"
[1] "sigma:"            "0.317992426833928" "beta :"           
[4] "1"                
[1] "rho/theta:" "1"         
Time difference of 1.734679 secs
[1] " old Likelihood:  -8832484.34649456"
[1] "New Likelihood:  -8832178.7804376"
[1] 4999623
[1] 4999628
iter:  0  f-value:  30734.5  pgrad:  0.6787955 
iter:  10  f-value:  30733.84  pgrad:  0.6624236 
iter:  20  f-value:  30733.75  pgrad:  0.6562656 
iter:  30  f-value:  30733.73  pgrad:  0.5113454 
  Unsuccessful convergence.
[1] 0.3469652
 [1] "Xi: 0.507689687401601" "Xi: 0.506589414448084" "Xi: 0.510092856983312"
 [4] "Xi: 0.520043718426616" "Xi: 0.526701915673416" "Xi: 0.513492863182648"
 [7] "Xi: 0.491751257426617" "Xi: 0.488696279730095" "Xi: 0.491884044046991"
[10] "Xi: 0.526795924474079" "Xi: 0.544818715043716" "Xi: 0.541987534410911"
[13] "Xi: 0.537745406270429" "Xi: 0.533635662615395" "Xi: 0.529848019069419"
[16] "Xi: 0.527825368353707" "Xi: 0.524909582779564" "Xi: 0.521040013349049"
[19] "Xi: 0.519110651779176" "Xi: 0.519285391349553"
Time difference of 4.235512 mins
[1] "Rho"
[1] 1280.110 1279.998 1280.083 1279.900 1279.990
[1] "It: 9"
[1] "sigma:"            "0.343495549625399" "beta :"           
[4] "1"                
[1] "rho/theta:" "1"         
Time difference of 1.742244 secs
[1] " old Likelihood:  -8832178.7804376"
[1] "New Likelihood:  -8831893.94194153"
[1] 4999623
[1] 4999628
iter:  0  f-value:  30150.57  pgrad:  0.6530348 
iter:  10  f-value:  30149.94  pgrad:  0.6375206 
iter:  20  f-value:  30149.85  pgrad:  0.6308623 
iter:  30  f-value:  30149.85  pgrad:  0.5092239 
  Unsuccessful convergence.
[1] 0.3707441
 [1] "Xi: 0.508056443220829" "Xi: 0.506943835611347" "Xi: 0.510617179621485"
 [4] "Xi: 0.521098545101799" "Xi: 0.528462908391354" "Xi: 0.51599859002953" 
 [7] "Xi: 0.493986133088327" "Xi: 0.49081340049639"  "Xi: 0.491720714366148"
[10] "Xi: 0.527966984727842" "Xi: 0.547255006549739" "Xi: 0.543579145485158"
[13] "Xi: 0.538870234155135" "Xi: 0.53453208595569"  "Xi: 0.530706449681489"
[16] "Xi: 0.528859768198827" "Xi: 0.526032263982746" "Xi: 0.522047420843331"
[19] "Xi: 0.520161489541521" "Xi: 0.520544552074456"
Time difference of 4.235143 mins
[1] "Rho"
[1] 1280.110 1279.998 1280.083 1279.900 1279.990
[1] "It: 10"
[1] "sigma:"            "0.367036648246633" "beta :"           
[4] "1"                
[1] "rho/theta:" "1"         
Time difference of 1.74624 secs
[1] " old Likelihood:  -8831893.94194153"
[1] "New Likelihood:  -8831627.39593211"
[1] 4999623
[1] 4999628
iter:  0  f-value:  29587.9  pgrad:  0.6292559 
iter:  10  f-value:  29587.3  pgrad:  0.6146277 
iter:  20  f-value:  29587.23  pgrad:  0.6075056 
iter:  30  f-value:  29587.22  pgrad:  0.5071822 
  Unsuccessful convergence.
[1] 0.3928253
 [1] "Xi: 0.508445593540083" "Xi: 0.507322121041115" "Xi: 0.511172131661416"
 [4] "Xi: 0.522196345762925" "Xi: 0.530299022461874" "Xi: 0.518642970965278"
 [7] "Xi: 0.496409111618066" "Xi: 0.493252128254604" "Xi: 0.491822549020899"
[10] "Xi: 0.529144295922431" "Xi: 0.549684897852247" "Xi: 0.54514497793193" 
[13] "Xi: 0.539960710309097" "Xi: 0.535374285256776" "Xi: 0.531520716670453"
[16] "Xi: 0.529797684731969" "Xi: 0.527043812951073" "Xi: 0.522931993383679"
[19] "Xi: 0.521117546163122" "Xi: 0.521715247042182"
Time difference of 4.235248 mins
[1] "Rho"
[1] 1280.110 1279.998 1280.083 1279.900 1279.990
[1] "It: 11"
[1] "sigma:"            "0.388897071969031" "beta :"           
[4] "1"                
[1] "rho/theta:" "1"         
Time difference of 1.648823 secs
[1] " old Likelihood:  -8831627.39593211"
[1] "New Likelihood:  -8831377.68087936"
[1] 4999623
[1] 4999628
iter:  0  f-value:  29046.08  pgrad:  0.6071747 
iter:  10  f-value:  29045.5  pgrad:  0.592886 
iter:  20  f-value:  29045.45  pgrad:  0.5877271 
iter:  30  f-value:  29045.44  pgrad:  0.5869679 
  Unsuccessful convergence.
[1] 0.4130588
 [1] "Xi: 0.508767517510324" "Xi: 0.507637842402915" "Xi: 0.511632226300644"
 [4] "Xi: 0.523087841660282" "Xi: 0.531684684908371" "Xi: 0.520595163636721"
 [7] "Xi: 0.498251387985656" "Xi: 0.495241533234369" "Xi: 0.491787503936454"
[10] "Xi: 0.529963410274896" "Xi: 0.551938275398218" "Xi: 0.546618958747893"
[13] "Xi: 0.54098115558541"  "Xi: 0.536150504012613" "Xi: 0.532206544221832"
[16] "Xi: 0.530629311487199" "Xi: 0.527954681647515" "Xi: 0.523722934447046"
[19] "Xi: 0.521963696410825" "Xi: 0.522789917620911"
Time difference of 4.231406 mins
[1] "Rho"
[1] 1280.110 1279.998 1280.083 1279.900 1279.990
[1] "It: 12"
[1] "sigma:"            "0.408928165429918" "beta :"           
[4] "1"                
[1] "rho/theta:" "1"         
Time difference of 1.660996 secs
[1] " old Likelihood:  -8831377.68087936"
[1] "New Likelihood:  -8831146.25714361"
[1] 4999623
[1] 4999628
iter:  0  f-value:  28531.72  pgrad:  0.5869412 
iter:  10  f-value:  28531.16  pgrad:  0.5722035 
iter:  20  f-value:  28531.13  pgrad:  0.568028 
iter:  30  f-value:  28531.12  pgrad:  0.5288154 
  Unsuccessful convergence.
[1] 0.4321098
 [1] "Xi: 0.50910787967358"  "Xi: 0.507975561241085" "Xi: 0.512123493997906"
 [4] "Xi: 0.524018309547655" "Xi: 0.533156917150755" "Xi: 0.52270639629418" 
 [7] "Xi: 0.500289414974403" "Xi: 0.497530479354968" "Xi: 0.492043559394728"
[10] "Xi: 0.530853628750749" "Xi: 0.554242998590217" "Xi: 0.548110843135037"
[13] "Xi: 0.542013765897983" "Xi: 0.536927555031852" "Xi: 0.532866664350103"
[16] "Xi: 0.531413821209467" "Xi: 0.528806077150841" "Xi: 0.524445028980123"
[19] "Xi: 0.522745217638493" "Xi: 0.523809566119992"
Time difference of 4.239268 mins
[1] "Rho"
[1] 1280.110 1279.998 1280.083 1279.900 1279.990
[1] "It: 13"
[1] "sigma:"           "0.42778869494931" "beta :"           "1"               
[1] "rho/theta:" "1"         
Time difference of 1.654986 secs
[1] " old Likelihood:  -8831146.25714361"
[1] "New Likelihood:  -8830928.17490579"
[1] 4999623
[1] 4999628
iter:  0  f-value:  28034.05  pgrad:  0.5678902 
iter:  10  f-value:  28033.52  pgrad:  0.5541601 
iter:  20  f-value:  28033.49  pgrad:  0.5502326 
iter:  30  f-value:  28033.49  pgrad:  0.4999886 
  Unsuccessful convergence.
[1] 0.4499346
 [1] "Xi: 0.509469544929405" "Xi: 0.508335760457048" "Xi: 0.512644365277872"
 [4] "Xi: 0.524982697259816" "Xi: 0.534703617811573" "Xi: 0.52495058854321" 
 [7] "Xi: 0.502471064795656" "Xi: 0.500027076719103" "Xi: 0.492480019231854"
[10] "Xi: 0.531701229834362" "Xi: 0.556510173041898" "Xi: 0.549565657249281"
[13] "Xi: 0.543024114016453" "Xi: 0.537685199790133" "Xi: 0.533489311672901"
[16] "Xi: 0.532145988671262" "Xi: 0.529600008314443" "Xi: 0.525104740919053"
[19] "Xi: 0.523461116210826" "Xi: 0.524774495223609"
Time difference of 4.235507 mins
[1] "Rho"
[1] 1280.110 1279.998 1280.083 1279.900 1279.990
[1] "It: 14"
[1] "sigma:"            "0.445435257305435" "beta :"           
[4] "1"                
[1] "rho/theta:" "1"         
Time difference of 1.755165 secs
[1] " old Likelihood:  -8830928.17490579"
[1] "New Likelihood:  -8830724.2729324"
[1] 4999623
[1] 4999628
iter:  0  f-value:  27555.9  pgrad:  0.5500654 
iter:  10  f-value:  27555.41  pgrad:  0.5368179 
iter:  20  f-value:  27555.38  pgrad:  0.5074867 
iter:  30  f-value:  27555.38  pgrad:  0.5328441 
  Unsuccessful convergence.
[1] 0.4666142
 [1] "Xi: 0.50988644642809"  "Xi: 0.508753386683117" "Xi: 0.513246283967781"
 [4] "Xi: 0.526074437775107" "Xi: 0.536523921604227" "Xi: 0.527640198510878"
 [7] "Xi: 0.505052448936898" "Xi: 0.502964455070704" "Xi: 0.493144154336867"
[10] "Xi: 0.532525585232397" "Xi: 0.558718490286608" "Xi: 0.550970228623251"
[13] "Xi: 0.544005041648413" "Xi: 0.538424980717298" "Xi: 0.534076045858904"
[16] "Xi: 0.532825546969876" "Xi: 0.530339441485861" "Xi: 0.525704764659186"
[19] "Xi: 0.524118172053765" "Xi: 0.525683646251713"
Time difference of 4.236163 mins
[1] "Rho"
[1] 1280.110 1279.998 1280.083 1279.900 1279.990
[1] "It: 15"
[1] "sigma:"            "0.461948102339434" "beta :"           
[4] "1"                
[1] "rho/theta:" "1"         
Time difference of 1.668234 secs
[1] " old Likelihood:  -8830724.2729324"
[1] "New Likelihood:  -8830534.2521415"
[1] 4999623
[1] 4999628
iter:  0  f-value:  27097.03  pgrad:  0.544005 
iter:  10  f-value:  27096.56  pgrad:  0.5204193 
iter:  20  f-value:  27096.54  pgrad:  0.5262488 
iter:  30  f-value:  27096.54  pgrad:  0.4948101 
  Unsuccessful convergence.
[1] 0.4821883
 [1] "Xi: 0.510252516570504" "Xi: 0.509121492080816" "Xi: 0.513773615995085"
 [4] "Xi: 0.527023242098826" "Xi: 0.538033426573967" "Xi: 0.529826358472457"
 [7] "Xi: 0.507139604880842" "Xi: 0.50541707159074"  "Xi: 0.493648379233301"
[10] "Xi: 0.533072993177199" "Xi: 0.56079305911033"  "Xi: 0.552295722698237"
[13] "Xi: 0.544942148643573" "Xi: 0.539139895451764" "Xi: 0.534631053132948"
[16] "Xi: 0.533464317990486" "Xi: 0.531027863573465" "Xi: 0.526245739373446"
[19] "Xi: 0.524716551231796" "Xi: 0.526542625211893"
Time difference of 4.241591 mins
[1] "Rho"
[1] 1280.110 1279.998 1280.083 1279.900 1279.990
[1] "It: 16"
[1] "sigma:"            "0.477366376174166" "beta :"           
[4] "1"                
[1] "rho/theta:" "1"         
Time difference of 1.669443 secs
[1] " old Likelihood:  -8830534.2521415"
[1] "New Likelihood:  -8830357.23684336"
[1] 4999623
[1] 4999628
iter:  0  f-value:  26658.07  pgrad:  0.5449421 
iter:  10  f-value:  26657.63  pgrad:  0.5315442 
iter:  20  f-value:  26657.62  pgrad:  0.5316765 
iter:  30  f-value:  26657.61  pgrad:  0.4919116 
  Unsuccessful convergence.
[1] 0.4967749
 [1] "Xi: 0.510645455536605" "Xi: 0.509521898063135" "Xi: 0.514341911343569"
 [4] "Xi: 0.528036955754003" "Xi: 0.53969191058164"  "Xi: 0.532256582477143"
 [7] "Xi: 0.509431750999002" "Xi: 0.508114483217122" "Xi: 0.494324241736753"
[10] "Xi: 0.533563530266104" "Xi: 0.562811477106252" "Xi: 0.553573670336928"
[13] "Xi: 0.545851006914708" "Xi: 0.539840003864163" "Xi: 0.535157307577052"
[16] "Xi: 0.534064952169884" "Xi: 0.53167387862729"  "Xi: 0.526738543275218"
[19] "Xi: 0.525265469021096" "Xi: 0.527358469468864"
Time difference of 4.235368 mins
[1] "Rho"
[1] 1280.110 1279.998 1280.083 1279.900 1279.990
[1] "It: 17"
[1] "sigma:"          "0.4918071066386" "beta :"          "1"              
[1] "rho/theta:" "1"         
Time difference of 1.657376 secs
[1] " old Likelihood:  -8830357.23684336"
[1] "New Likelihood:  -8830192.95974626"
[1] 4999623
[1] 4999628
iter:  0  f-value:  26237.93  pgrad:  0.545851 
iter:  10  f-value:  26237.52  pgrad:  0.5321785 
iter:  20  f-value:  26237.51  pgrad:  0.5053614 
iter:  30  f-value:  26237.51  pgrad:  0.4894235 
  Unsuccessful convergence.
[1] 0.5104328
 [1] "Xi: 0.511043779095148" "Xi: 0.509928945789052" "Xi: 0.514914880663548"
 [4] "Xi: 0.529040237912887" "Xi: 0.541355549785358" "Xi: 0.534690082565071"
 [7] "Xi: 0.51168264970677"  "Xi: 0.510770639226352" "Xi: 0.49502654330991" 
[10] "Xi: 0.533906065326128" "Xi: 0.56473525578548"  "Xi: 0.554786238011798"
[13] "Xi: 0.546721765620811" "Xi: 0.54050792498636"  "Xi: 0.535654971133059"
[16] "Xi: 0.534627672166765" "Xi: 0.532279869694195" "Xi: 0.527165782278165"
[19] "Xi: 0.525767015251718" "Xi: 0.528130248268878"
Time difference of 4.24383 mins
[1] "Rho"
[1] 1280.110 1279.998 1280.083 1279.900 1279.990
[1] "It: 18"
[1] "sigma:"            "0.505328473124839" "beta :"           
[4] "1"                
[1] "rho/theta:" "1"         
Time difference of 1.734095 secs
[1] " old Likelihood:  -8830192.95974626"
[1] "New Likelihood:  -8830040.42969926"
[1] 4999623
[1] 4999628
iter:  0  f-value:  25835.67  pgrad:  0.5467218 
iter:  10  f-value:  25835.29  pgrad:  0.5327659 
iter:  20  f-value:  25835.29  pgrad:  0.5046293 
iter:  30  f-value:  25835.28  pgrad:  0.4870277 
  Unsuccessful convergence.
[1] 0.5232287
 [1] "Xi: 0.511448635706108" "Xi: 0.51034366193685"  "Xi: 0.515495684853378"
 [4] "Xi: 0.530040511010806" "Xi: 0.543042399292539" "Xi: 0.537157223467534"
 [7] "Xi: 0.513921386539948" "Xi: 0.513433399858318" "Xi: 0.495800965165797"
[10] "Xi: 0.534138751344118" "Xi: 0.566585433831594" "Xi: 0.555943183997398"
[13] "Xi: 0.547561175021047" "Xi: 0.541174160946775" "Xi: 0.536152168226068"
[16] "Xi: 0.535163151110207" "Xi: 0.532853910920435" "Xi: 0.527580567442075"
[19] "Xi: 0.526228743169182" "Xi: 0.528871144418468"
Time difference of 4.236157 mins
[1] "Rho"
[1] 1280.110 1279.998 1280.083 1279.900 1279.990
[1] "It: 19"
[1] "sigma:"            "0.517996449741517" "beta :"           
[4] "1"                
[1] "rho/theta:" "1"         
Time difference of 1.657283 secs
[1] " old Likelihood:  -8830040.42969926"
[1] "New Likelihood:  -8829899.77697844"
[1] 4999623
[1] 4999628
iter:  0  f-value:  25452.6  pgrad:  0.5475612 
iter:  10  f-value:  25452.24  pgrad:  0.5333255 
iter:  20  f-value:  25452.24  pgrad:  0.5038621 
iter:  30  f-value:  25452.24  pgrad:  0.4844759 
  Unsuccessful convergence.
[1] 0.5352005
 [1] "Xi: 0.511808630331961" "Xi: 0.510713963236092" "Xi: 0.516011307919443"
 [4] "Xi: 0.530912748977599" "Xi: 0.544483355404146" "Xi: 0.53922717847359" 
 [7] "Xi: 0.515788645318707" "Xi: 0.515708120714655" "Xi: 0.496498970350782"
[10] "Xi: 0.534193973585818" "Xi: 0.568324654037836" "Xi: 0.557028327946675"
[13] "Xi: 0.548354739672928" "Xi: 0.541814520604839" "Xi: 0.536598437527947"
[16] "Xi: 0.535659559491554" "Xi: 0.533387602303336" "Xi: 0.527945359531251"
[19] "Xi: 0.526652564847683" "Xi: 0.529577688113218"
Time difference of 4.241731 mins
[1] "Rho"
[1] 1280.110 1279.998 1280.083 1279.900 1279.990
[1] "It: 20"
[1] "sigma:"            "0.529848494116941" "beta :"           
[4] "1"                
[1] "rho/theta:" "1"         
Time difference of 1.663887 secs
[1] " old Likelihood:  -8829899.77697844"
[1] "New Likelihood:  -8829769.50911646"
[1] 4999623
[1] 4999628
iter:  0  f-value:  25086.6  pgrad:  0.5483547 
iter:  10  f-value:  25086.27  pgrad:  0.5338432 
iter:  20  f-value:  25086.27  pgrad:  0.5030946 
iter:  30  f-value:  25086.26  pgrad:  0.5339144 
  Unsuccessful convergence.
[1] 0.5464266
 [1] "Xi: 0.512176119680582" "Xi: 0.511094661952415" "Xi: 0.516536621286921"
 [4] "Xi: 0.53178855000045"  "Xi: 0.545953329425076" "Xi: 0.541344665179038"
 [7] "Xi: 0.517674175710113" "Xi: 0.518011763034772" "Xi: 0.497306862720024"
[10] "Xi: 0.53417598564052"  "Xi: 0.57000842822505"  "Xi: 0.558066667768232"
[13] "Xi: 0.549117969939335" "Xi: 0.5424393862365"   "Xi: 0.537023399759694"
[16] "Xi: 0.536128426085324" "Xi: 0.533890417440494" "Xi: 0.528275723107829"
[19] "Xi: 0.527039467578323" "Xi: 0.530250213585965"
Time difference of 4.254173 mins
[1] "Rho"
[1] 1280.110 1279.998 1280.083 1279.900 1279.990
[1] "It: 21"
[1] "sigma:"            "0.540962357726585" "beta :"           
[4] "1"                
[1] "rho/theta:" "1"         
Time difference of 1.663895 secs
[1] " old Likelihood:  -8829769.50911646"
[1] "New Likelihood:  -8829649.49653829"
[1] 4999623
[1] 4999628
iter:  0  f-value:  24737.47  pgrad:  0.549118 
iter:  10  f-value:  24737.17  pgrad:  0.5343325 
iter:  20  f-value:  24737.17  pgrad:  0.5021765 
iter:  30  f-value:  24737.17  pgrad:  0.4808154 
  Unsuccessful convergence.
[1] 0.5569377
 [1] "Xi: 0.512493806116053" "Xi: 0.511422699028158" "Xi: 0.516986731341081"
 [4] "Xi: 0.532527824305312" "Xi: 0.547156101149842" "Xi: 0.543034191409261"
 [7] "Xi: 0.519191078539239" "Xi: 0.519898145280478" "Xi: 0.498050377417447"
[10] "Xi: 0.534008016724379" "Xi: 0.571580821554543" "Xi: 0.559045346145569"
[13] "Xi: 0.549843598022153" "Xi: 0.54304767053929"  "Xi: 0.537425645509564"
[16] "Xi: 0.536569307998686" "Xi: 0.534367437971998" "Xi: 0.528577873009623"
[19] "Xi: 0.527394486887403" "Xi: 0.530899601175778"
Time difference of 4.238206 mins
[1] "Rho"
[1] 1280.110 1279.998 1280.083 1279.900 1279.990
[1] "It: 22"
[1] "sigma:"            "0.551368330001208" "beta :"           
[4] "1"                
[1] "rho/theta:" "1"         
Time difference of 1.663831 secs
[1] " old Likelihood:  -8829649.49653829"
[1] "New Likelihood:  -8829538.96783195"
[1] 4999623
[1] 4999628
iter:  0  f-value:  24405.27  pgrad:  0.5498436 
iter:  10  f-value:  24405  pgrad:  0.5016536 
iter:  20  f-value:  24404.99  pgrad:  0.4796431 
iter:  30  f-value:  24404.99  pgrad:  0.479061 
  Unsuccessful convergence.
[1] 0.566839
 [1] "Xi: 0.512967642517783" "Xi: 0.511917273578395" "Xi: 0.517662683954322"
 [4] "Xi: 0.533617482770092" "Xi: 0.549125953384953" "Xi: 0.545954165567575"
 [7] "Xi: 0.521660416753212" "Xi: 0.5228283574062"   "Xi: 0.499229660576448"
[10] "Xi: 0.533901074803835" "Xi: 0.573159375282082" "Xi: 0.559996399929377"
[13] "Xi: 0.550547610601317" "Xi: 0.543688597359253" "Xi: 0.537838073623087"
[16] "Xi: 0.536950321216131" "Xi: 0.534723196712508" "Xi: 0.528702259033367"
[19] "Xi: 0.527720211160371" "Xi: 0.531526955985612"
Time difference of 4.231863 mins
[1] "Rho"
[1] 1280.110 1279.998 1280.083 1279.900 1279.990
[1] "It: 23"
[1] "sigma:"            "0.561170640532218" "beta :"           
[4] "1"                
[1] "rho/theta:" "1"         
Time difference of 1.65455 secs
[1] " old Likelihood:  -8829538.96783195"
[1] "New Likelihood:  -8829436.50837915"
[1] 4999623
[1] 4999628
iter:  0  f-value:  24083.07  pgrad:  0.5505476 
iter:  10  f-value:  24082.82  pgrad:  0.5005018 
iter:  20  f-value:  24082.81  pgrad:  0.538228 
iter:  30  f-value:  24082.81  pgrad:  0.4769077 
  Unsuccessful convergence.
[1] 0.5761323
 [1] "Xi: 0.513307744634501" "Xi: 0.512270828712424" "Xi: 0.51814231930341" 
 [4] "Xi: 0.534374108335503" "Xi: 0.550421841226586" "Xi: 0.547782287238075"
 [7] "Xi: 0.523207709972614" "Xi: 0.524744381011274" "Xi: 0.500158292131416"
[10] "Xi: 0.53359194486608"  "Xi: 0.574628419894948" "Xi: 0.560869545719058"
[13] "Xi: 0.551202906202868" "Xi: 0.544270399077317" "Xi: 0.538215694457427"
[16] "Xi: 0.537365222187083" "Xi: 0.535177580680855" "Xi: 0.528973255868329"
[19] "Xi: 0.52803658644025"  "Xi: 0.532142762149042"
Time difference of 4.22373 mins
[1] 1 1 1 1 1
[1] 1 1 1 1 1
saved RDS
inference successful
