[1] "Original length"
[1] 999131
[1] "Final length"
[1] 16757
[1] "sequence length : 999132" "sequence length : 999857"
[3] "sequence length : 999899" "sequence length : 999814"
[5] "sequence length : 999413"
[1] 1 1 1 1 1
[1] "Beta: 1"
[1] "Self: 0"
[1] "maxIt: 20"
[1] "It: 1"
 [1] "sigma:" "0"      "0"      "0"      "0"      "0"      "0"      "0"     
 [9] "0"      "0"      "0"      "0"      "0"      "0"      "0"      "0"     
[17] "0"      "0"      "0"      "0"      "0"      "0"      "0"      "0"     
[25] "0"      "0"      "0"      "0"      "0"      "0"      "0"      "0"     
[33] "0"      "0"      "0"      "0"      "0"      "0"      "0"      "0"     
[41] "0"      "beta :" "1"     
 [1] "sigma:" "0.9405" "0.9405" "0.9405" "0.9405" "0.9405" "0.9405" "0.9405"
 [9] "0.9405" "0.9405" "0.9405" "0.9405" "0.9405" "0.9405" "0.9405" "0.9405"
[17] "0.9405" "0.9405" "0.9405" "0.9405" "0.9405" "0.9405" "0.9405" "0.9405"
[25] "0.9405" "0"      "0"      "0"      "0"      "0"      "0"      "0"     
[33] "0"      "0"      "0"      "0"      "0"      "0"      "0"      "0"     
[41] "0"      "beta :" "1"     
[1] "New Likelihood:  -8706414.93457508"
iter:  0  f-value:  27817.25  pgrad:  0.5 
iter:  10  f-value:  27810.17  pgrad:  0.999437 
iter:  20  f-value:  27808.27  pgrad:  0.9970602 
iter:  30  f-value:  27810.02  pgrad:  0.9996134 
iter:  40  f-value:  27807.21  pgrad:  0.9992055 
iter:  50  f-value:  27807.09  pgrad:  0.9986672 
  Unsuccessful convergence.
Time difference of 2.241659 hours
[1] "maxIt: 20"
[1] "It: 2"
 [1] "sigma:"              "0.954266741531592"   "0.954266741531592"  
 [4] "0.947701831551782"   "0.947701831551782"   "0.950871931005031"  
 [7] "0.950871931005031"   "0.955435293380625"   "0.955435293380625"  
[10] "0.961631679469665"   "0.961631679469665"   "0.968821884483919"  
[13] "0.968821884483919"   "0.975472086978662"   "0.975472086978662"  
[16] "0.979715566891228"   "0.979715566891228"   "0.971737953208688"  
[19] "0.971737953208688"   "0.954719529764947"   "0.954719529764947"  
[22] "0.922267428044206"   "0.922267428044206"   "0.909842559488582"  
[25] "0.909842559488582"   "0.00138540947639752" "0.00138540947639752"
[28] "0.0113509749007051"  "0.0113509749007051"  "0.0183253509953223" 
[31] "0.0183253509953223"  "0.0255644130968039"  "0.0255644130968039" 
[34] "0.0269472818323587"  "0.0269472818323587"  "0.018576126083315"  
[37] "0.018576126083315"   "0.00776529002057239" "0.00776529002057239"
[40] "0.00120831209002054" "0.00120831209002054" "beta :"             
[43] "1"                  
 [1] "sigma:"              "0.954266741531592"   "0.954266741531592"  
 [4] "0.947701831551782"   "0.947701831551782"   "0.950871931005031"  
 [7] "0.950871931005031"   "0.955435293380625"   "0.955435293380625"  
[10] "0.961631679469665"   "0.961631679469665"   "0.968821884483919"  
[13] "0.968821884483919"   "0.975472086978662"   "0.975472086978662"  
[16] "0.979715566891228"   "0.979715566891228"   "0.971737953208688"  
[19] "0.971737953208688"   "0.954719529764947"   "0.954719529764947"  
[22] "0.971767428044206"   "0.971767428044206"   "0.662342559488581"  
[25] "0.662342559488581"   "0.248885409476398"   "0.248885409476398"  
[28] "0.0608509749007051"  "0.0608509749007051"  "0.0183253509953223" 
[31] "0.0183253509953223"  "0.0255644130968039"  "0.0255644130968039" 
[34] "0.0269472818323587"  "0.0269472818323587"  "0.018576126083315"  
[37] "0.018576126083315"   "0.00776529002057239" "0.00776529002057239"
[40] "0.00120831209002054" "0.00120831209002054" "beta :"             
[43] "1"                  
[1] " old Likelihood:  -8706414.93457508"
[1] "New Likelihood:  -8703373.37444078"
iter:  0  f-value:  28325.96  pgrad:  0.6690329 
iter:  10  f-value:  28323.27  pgrad:  0.9917709 
iter:  20  f-value:  28322.74  pgrad:  0.9905991 
iter:  30  f-value:  28322.53  pgrad:  0.9886777 
iter:  40  f-value:  28322.46  pgrad:  0.9876664 
iter:  50  f-value:  28322.31  pgrad:  0.9851171 
  Unsuccessful convergence.
Time difference of 24.91476 mins
[1] "maxIt: 20"
[1] "It: 3"
 [1] "sigma:"              "0.964169434908974"   "0.964169434908974"  
 [4] "0.952659937121377"   "0.952659937121377"   "0.958106745562474"  
 [7] "0.958106745562474"   "0.966001792147974"   "0.966001792147974"  
[10] "0.976696522295497"   "0.976696522295497"   "0.988779883548559"  
[13] "0.988779883548559"   "0.99"                "0.99"               
[16] "0.99"                "0.99"                "0.989818062563528"  
[19] "0.989818062563528"   "0.969258920744332"   "0.969258920744332"  
[22] "0.962296053884505"   "0.962296053884505"   "0.639422209555709"  
[25] "0.639422209555709"   "0.245981111117143"   "0.245981111117143"  
[28] "0.0671868169300167"  "0.0671868169300167"  "0.0293913332982024" 
[31] "0.0293913332982024"  "0.0425872556597742"  "0.0425872556597742" 
[34] "0.0472568325974594"  "0.0472568325974594"  "0.034152818071529"  
[37] "0.034152818071529"   "0.0148503676361274"  "0.0148503676361274" 
[40] "0.00227915195603352" "0.00227915195603352" "beta :"             
[43] "1"                  
 [1] "sigma:"              "0.964169434908974"   "0.964169434908974"  
 [4] "0.952659937121377"   "0.952659937121377"   "0.958106745562474"  
 [7] "0.958106745562474"   "0.966001792147974"   "0.966001792147974"  
[10] "0.976696522295497"   "0.976696522295497"   "0.988779883548559"  
[13] "0.988779883548559"   "0.99"                "0.99"               
[16] "0.99"                "0.99"                "0.989818062563528"  
[19] "0.989818062563528"   "0.969258920744332"   "0.969258920744332"  
[22] "0.962296053884505"   "0.962296053884505"   "0.490922209555708"  
[25] "0.490922209555708"   "0.394481111117143"   "0.394481111117143"  
[28] "0.166186816930017"   "0.166186816930017"   "0.0293913332982024" 
[31] "0.0293913332982024"  "0.0425872556597742"  "0.0425872556597742" 
[34] "0.0472568325974594"  "0.0472568325974594"  "0.034152818071529"  
[37] "0.034152818071529"   "0.0148503676361274"  "0.0148503676361274" 
[40] "0.00227915195603352" "0.00227915195603352" "beta :"             
[43] "1"                  
[1] " old Likelihood:  -8703373.37444078"
[1] "New Likelihood:  -8702297.94895459"
iter:  0  f-value:  28305.26  pgrad:  0.495881 
iter:  10  f-value:  28304.16  pgrad:  0.9848054 
iter:  20  f-value:  28303.99  pgrad:  0.9835184 
iter:  30  f-value:  28303.94  pgrad:  0.9827257 
iter:  40  f-value:  28303.83  pgrad:  0.9804031 
iter:  50  f-value:  28303.79  pgrad:  0.9792085 
  Unsuccessful convergence.
Time difference of 23.23758 mins
[1] "maxIt: 20"
[1] "It: 4"
 [1] "sigma:"              "0.972796619124547"   "0.972796619124547"  
 [4] "0.956967705884773"   "0.956967705884773"   "0.964476811469165"  
 [7] "0.964476811469165"   "0.975624554594162"   "0.975624554594162"  
[10] "0.99"                "0.99"                "0.99"               
[13] "0.99"                "0.99"                "0.99"               
[16] "0.99"                "0.99"                "0.99"               
[19] "0.99"                "0.986728253804859"   "0.986728253804859"  
[22] "0.956537882583295"   "0.956537882583295"   "0.47864147262531"   
[25] "0.47864147262531"    "0.389399164475874"   "0.389399164475874"  
[28] "0.17007747040357"    "0.17007747040357"    "0.036978687987419"  
[31] "0.036978687987419"   "0.0537192699124798"  "0.0537192699124798" 
[34] "0.0611794604755517"  "0.0611794604755517"  "0.0457460306326025" 
[37] "0.0457460306326025"  "0.0206073184199095"  "0.0206073184199095" 
[40] "0.00322158060714853" "0.00322158060714853" "beta :"             
[43] "1"                  
 [1] "sigma:"              "0.972796619124547"   "0.972796619124547"  
 [4] "0.956967705884773"   "0.956967705884773"   "0.964476811469165"  
 [7] "0.964476811469165"   "0.975624554594162"   "0.975624554594162"  
[10] "0.99"                "0.99"                "0.99"               
[13] "0.99"                "0.99"                "0.99"               
[16] "0.99"                "0.99"                "0.99"               
[19] "0.99"                "0.986728253804859"   "0.986728253804859"  
[22] "0.956537882583295"   "0.956537882583295"   "0.379641472625311"  
[25] "0.379641472625311"   "0.438899164475874"   "0.438899164475874"  
[28] "0.21957747040357"    "0.21957747040357"    "0.036978687987419"  
[31] "0.036978687987419"   "0.00421926991247982" "0.00421926991247982"
[34] "0.0116794604755517"  "0.0116794604755517"  "0.0457460306326025" 
[37] "0.0457460306326025"  "0.0206073184199095"  "0.0206073184199095" 
[40] "0.00322158060714852" "0.00322158060714852" "beta :"             
[43] "1"                  
[1] " old Likelihood:  -8702297.94895459"
[1] "New Likelihood:  -8701801.81647768"
iter:  0  f-value:  28702.37  pgrad:  0.4931046 
iter:  10  f-value:  28702.02  pgrad:  0.9954968 
iter:  20  f-value:  28701.99  pgrad:  0.9946541 
iter:  30  f-value:  28701.95  pgrad:  0.992409 
iter:  40  f-value:  28701.94  pgrad:  0.9823553 
iter:  50  f-value:  28701.93  pgrad:  0.9814997 
  Unsuccessful convergence.
Time difference of 22.18515 mins
[1] "maxIt: 20"
[1] "It: 5"
 [1] "sigma:"              "0.978848998948515"   "0.978848998948515"  
 [4] "0.959910882248196"   "0.959910882248196"   "0.968957021303218"  
 [7] "0.968957021303218"   "0.982754365425732"   "0.982754365425732"  
[10] "0.99"                "0.99"                "0.99"               
[13] "0.99"                "0.99"                "0.99"               
[16] "0.99"                "0.99"                "0.99"               
[19] "0.99"                "0.99"                "0.99"               
[22] "0.957515802570586"   "0.957515802570586"   "0.374371211996231"  
[25] "0.374371211996231"   "0.435002585193555"   "0.435002585193555"  
[28] "0.224887548849127"   "0.224887548849127"   "0.0419161806894898" 
[31] "0.0419161806894898"  "0.00868127931777104" "0.00868127931777104"
[34] "0.0183751016074509"  "0.0183751016074509"  "0.0527293506161766" 
[37] "0.0527293506161766"  "0.0245670975423823"  "0.0245670975423823" 
[40] "0.00388686171715555" "0.00388686171715555" "beta :"             
[43] "1"                  
 [1] "sigma:"              "0.978848998948515"   "0.978848998948515"  
 [4] "0.959910882248196"   "0.959910882248196"   "0.968957021303218"  
 [7] "0.968957021303218"   "0.982754365425732"   "0.982754365425732"  
[10] "0.99"                "0.99"                "0.99"               
[13] "0.99"                "0.99"                "0.99"               
[16] "0.99"                "0.99"                "0.99"               
[19] "0.99"                "0.99"                "0.99"               
[22] "0.957515802570586"   "0.957515802570586"   "0.324871211996231"  
[25] "0.324871211996231"   "0.435002585193555"   "0.435002585193555"  
[28] "0.274387548849127"   "0.274387548849127"   "0.0914161806894898" 
[31] "0.0914161806894898"  "0.00868127931777104" "0.00868127931777104"
[34] "0.0183751016074509"  "0.0183751016074509"  "0.00322935061617658"
[37] "0.00322935061617658" "0.0245670975423823"  "0.0245670975423823" 
[40] "0.00388686171715555" "0.00388686171715555" "beta :"             
[43] "1"                  
[1] " old Likelihood:  -8701801.81647768"
[1] "New Likelihood:  -8701615.16764136"
iter:  0  f-value:  28676.49  pgrad:  0.5587496 
iter:  10  f-value:  28676.31  pgrad:  0.9964863 
iter:  20  f-value:  28676.29  pgrad:  0.9953565 
iter:  30  f-value:  28676.28  pgrad:  0.9942417 
iter:  40  f-value:  28676.28  pgrad:  0.9937195 
iter:  50  f-value:  28676.27  pgrad:  0.9931132 
  Unsuccessful convergence.
Time difference of 21.64156 mins
[1] "maxIt: 20"
[1] "It: 6"
 [1] "sigma:"              "0.982336564966074"   "0.982336564966074"  
 [4] "0.961569718399744"   "0.961569718399744"   "0.971547404214252"  
 [7] "0.971547404214252"   "0.987097796732613"   "0.987097796732613"  
[10] "0.99"                "0.99"                "0.99"               
[13] "0.99"                "0.99"                "0.99"               
[16] "0.99"                "0.99"                "0.99"               
[19] "0.99"                "0.99"                "0.99"               
[22] "0.960058353387818"   "0.960058353387818"   "0.322546557462918"  
[25] "0.322546557462918"   "0.432645081043918"   "0.432645081043918"  
[28] "0.275516879020375"   "0.275516879020375"   "0.0940105176634512" 
[31] "0.0940105176634512"  "0.0114626050127192"  "0.0114626050127192" 
[34] "0.0221231976413178"  "0.0221231976413178"  "0.00708028399267811"
[37] "0.00708028399267811" "0.0269948722975795"  "0.0269948722975795" 
[40] "0.00429555800320877" "0.00429555800320877" "beta :"             
[43] "1"                  
 [1] "sigma:"              "0.982336564966074"   "0.982336564966074"  
 [4] "0.961569718399744"   "0.961569718399744"   "0.971547404214252"  
 [7] "0.971547404214252"   "0.987097796732613"   "0.987097796732613"  
[10] "0.99"                "0.99"                "0.99"               
[13] "0.99"                "0.99"                "0.99"               
[16] "0.99"                "0.99"                "0.99"               
[19] "0.99"                "0.99"                "0.99"               
[22] "0.960058353387818"   "0.960058353387818"   "0.273046557462918"  
[25] "0.273046557462918"   "0.432645081043918"   "0.432645081043918"  
[28] "0.325016879020375"   "0.325016879020375"   "0.0940105176634512" 
[31] "0.0940105176634512"  "0.0114626050127192"  "0.0114626050127192" 
[34] "0.0221231976413178"  "0.0221231976413178"  "0.00708028399267811"
[37] "0.00708028399267811" "0.0269948722975795"  "0.0269948722975795" 
[40] "0.00429555800320877" "0.00429555800320877" "beta :"             
[43] "1"                  
[1] " old Likelihood:  -8701615.16764136"
[1] "New Likelihood:  -8701542.96447014"
iter:  0  f-value:  28660.13  pgrad:  0.5572522 
iter:  10  f-value:  28660.01  pgrad:  0.9926982 
iter:  20  f-value:  28660.01  pgrad:  0.9919614 
iter:  30  f-value:  28660  pgrad:  0.9910264 
iter:  40  f-value:  28659.99  pgrad:  0.9903129 
iter:  50  f-value:  28659.99  pgrad:  0.9321957 
  Unsuccessful convergence.
Time difference of 21.11408 mins
[1] "maxIt: 20"
[1] "It: 7"
 [1] "sigma:"              "0.985188240680992"   "0.985188240680992"  
 [4] "0.96288820696895"    "0.96288820696895"    "0.973685082262979"  
 [7] "0.973685082262979"   "0.99"                "0.99"               
[10] "0.99"                "0.99"                "0.99"               
[13] "0.99"                "0.99"                "0.99"               
[16] "0.99"                "0.99"                "0.99"               
[19] "0.99"                "0.99"                "0.99"               
[22] "0.96218113851258"    "0.96218113851258"    "0.271429630889442"  
[25] "0.271429630889442"   "0.42985390739433"    "0.42985390739433"   
[28] "0.325964350939446"   "0.325964350939446"   "0.0969707569291302" 
[31] "0.0969707569291302"  "0.0140580170926871"  "0.0140580170926871" 
[34] "0.0256058366019312"  "0.0256058366019312"  "0.0109150450580187" 
[37] "0.0109150450580187"  "0.0296139429326371"  "0.0296139429326371" 
[40] "0.00476340191283385" "0.00476340191283385" "beta :"             
[43] "1"                  
 [1] "sigma:"              "0.985188240680992"   "0.985188240680992"  
 [4] "0.96288820696895"    "0.96288820696895"    "0.973685082262979"  
 [7] "0.973685082262979"   "0.99"                "0.99"               
[10] "0.99"                "0.99"                "0.99"               
[13] "0.99"                "0.99"                "0.99"               
[16] "0.99"                "0.99"                "0.99"               
[19] "0.99"                "0.99"                "0.99"               
[22] "0.96218113851258"    "0.96218113851258"    "0.271429630889442"  
[25] "0.271429630889442"   "0.38035390739433"    "0.38035390739433"   
[28] "0.375464350939446"   "0.375464350939446"   "0.14647075692913"   
[31] "0.14647075692913"    "0.0140580170926871"  "0.0140580170926871" 
[34] "0.0256058366019312"  "0.0256058366019312"  "0.0109150450580187" 
[37] "0.0109150450580187"  "0.0296139429326371"  "0.0296139429326371" 
[40] "0.00476340191283385" "0.00476340191283385" "beta :"             
[43] "1"                  
[1] " old Likelihood:  -8701542.96447014"
[1] "New Likelihood:  -8701489.60848202"
iter:  0  f-value:  28508.09  pgrad:  0.554999 
iter:  10  f-value:  28507.99  pgrad:  0.9888416 
iter:  20  f-value:  28507.98  pgrad:  0.9591167 
iter:  30  f-value:  28507.98  pgrad:  0.9807991 
iter:  40  f-value:  28507.98  pgrad:  0.8772622 
iter:  50  f-value:  28507.98  pgrad:  0.8389179 
  Unsuccessful convergence.
Time difference of 20.98972 mins
[1] "maxIt: 20"
[1] "It: 8"
 [1] "sigma:"             "0.987162901982828"  "0.987162901982828" 
 [4] "0.963784524868018"  "0.963784524868018"  "0.975202849960775" 
 [7] "0.975202849960775"  "0.99"               "0.99"              
[10] "0.99"               "0.99"               "0.99"              
[13] "0.99"               "0.99"               "0.99"              
[16] "0.99"               "0.99"               "0.99"              
[19] "0.99"               "0.99"               "0.99"              
[22] "0.963868666491435"  "0.963868666491435"  "0.270982334483349" 
[25] "0.270982334483349"  "0.378061139025142"  "0.378061139025142" 
[28] "0.375843709766953"  "0.375843709766953"  "0.148587604939419" 
[31] "0.148587604939419"  "0.0164885275961241" "0.0164885275961241"
[34] "0.0285871428259875" "0.0285871428259875" "0.0140613513911346"
[37] "0.0140613513911346" "0.0318060656090434" "0.0318060656090434"
[40] "0.0051691266340971" "0.0051691266340971" "beta :"            
[43] "1"                 
 [1] "sigma:"             "0.987162901982828"  "0.987162901982828" 
 [4] "0.963784524868018"  "0.963784524868018"  "0.975202849960775" 
 [7] "0.975202849960775"  "0.99"               "0.99"              
[10] "0.99"               "0.99"               "0.99"              
[13] "0.99"               "0.99"               "0.99"              
[16] "0.99"               "0.99"               "0.99"              
[19] "0.99"               "0.99"               "0.99"              
[22] "0.963868666491435"  "0.963868666491435"  "0.270982334483349" 
[25] "0.270982334483349"  "0.328561139025142"  "0.328561139025142" 
[28] "0.375843709766953"  "0.375843709766953"  "0.198087604939419" 
[31] "0.198087604939419"  "0.0164885275961241" "0.0164885275961241"
[34] "0.0285871428259875" "0.0285871428259875" "0.0140613513911346"
[37] "0.0140613513911346" "0.0318060656090435" "0.0318060656090435"
[40] "0.0051691266340971" "0.0051691266340971" "beta :"            
[43] "1"                 
[1] " old Likelihood:  -8701489.60848202"
[1] "New Likelihood:  -8701449.31440581"
iter:  0  f-value:  28502.85  pgrad:  0.5522195 
iter:  10  f-value:  28502.79  pgrad:  0.8625284 
iter:  20  f-value:  28502.78  pgrad:  0.8215648 
iter:  30  f-value:  28502.78  pgrad:  0.7906056 
iter:  40  f-value:  28502.77  pgrad:  0.7214476 
iter:  50  f-value:  28502.77  pgrad:  0.6919799 
  Unsuccessful convergence.
Time difference of 21.09502 mins
[1] "maxIt: 20"
[1] "It: 9"
 [1] "sigma:"             "0.988806503971897"  "0.988806503971897" 
 [4] "0.964473842067992"  "0.964473842067992"  "0.97648145387478"  
 [7] "0.97648145387478"   "0.99"               "0.99"              
[10] "0.99"               "0.99"               "0.99"              
[13] "0.99"               "0.99"               "0.99"              
[16] "0.99"               "0.99"               "0.99"              
[19] "0.99"               "0.99"               "0.99"              
[22] "0.965667421386108"  "0.965667421386108"  "0.271268828482862" 
[25] "0.271268828482862"  "0.327812962573966"  "0.327812962573966" 
[28] "0.376189830541446"  "0.376189830541446"  "0.199807193664057" 
[31] "0.199807193664057"  "0.0185562779502694" "0.0185562779502694"
[34] "0.0313821873592492" "0.0313821873592492" "0.0171380796863083"
[37] "0.0171380796863083" "0.0340755288873028" "0.0340755288873028"
[40] "0.005592171825929"  "0.005592171825929"  "beta :"            
[43] "1"                 
 [1] "sigma:"             "0.988806503971897"  "0.988806503971897" 
 [4] "0.964473842067992"  "0.964473842067992"  "0.97648145387478"  
 [7] "0.97648145387478"   "0.99"               "0.99"              
[10] "0.99"               "0.99"               "0.99"              
[13] "0.99"               "0.99"               "0.99"              
[16] "0.99"               "0.99"               "0.99"              
[19] "0.99"               "0.99"               "0.99"              
[22] "0.965667421386108"  "0.965667421386108"  "0.320768828482862" 
[25] "0.320768828482862"  "0.327812962573966"  "0.327812962573966" 
[28] "0.376189830541446"  "0.376189830541446"  "0.199807193664057" 
[31] "0.199807193664057"  "0.0680562779502694" "0.0680562779502694"
[34] "0.0313821873592492" "0.0313821873592492" "0.0171380796863083"
[37] "0.0171380796863083" "0.0340755288873028" "0.0340755288873028"
[40] "0.005592171825929"  "0.005592171825929"  "beta :"            
[43] "1"                 
[1] " old Likelihood:  -8701449.31440581"
[1] "New Likelihood:  -8701417.22802068"
iter:  0  f-value:  28293.99  pgrad:  0.5483903 
iter:  10  f-value:  28293.94  pgrad:  0.7913332 
iter:  20  f-value:  28293.93  pgrad:  0.7301423 
iter:  30  f-value:  28293.93  pgrad:  0.6932896 
iter:  40  f-value:  28293.93  pgrad:  0.643995 
iter:  50  f-value:  28293.93  pgrad:  0.6300252 
  Unsuccessful convergence.
Time difference of 21.09917 mins
[1] "maxIt: 20"
[1] "It: 10"
 [1] "sigma:"              "0.989952364460272"   "0.989952364460272"  
 [4] "0.96493030806628"    "0.96493030806628"    "0.977395470083789"  
 [7] "0.977395470083789"   "0.99"                "0.99"               
[10] "0.99"                "0.99"                "0.99"               
[13] "0.99"                "0.99"                "0.99"               
[16] "0.99"                "0.99"                "0.99"               
[19] "0.99"                "0.99"                "0.99"               
[22] "0.967104265703563"   "0.967104265703563"   "0.319351325140872"  
[25] "0.319351325140872"   "0.326424015177533"   "0.326424015177533"  
[28] "0.376561070490423"   "0.376561070490423"   "0.201245905469594"  
[31] "0.201245905469594"   "0.0697895094779676"  "0.0697895094779676" 
[34] "0.0336922112035819"  "0.0336922112035819"  "0.0196890678743809" 
[37] "0.0196890678743809"  "0.035975061732817"   "0.035975061732817"  
[40] "0.00595221852630035" "0.00595221852630035" "beta :"             
[43] "1"                  
 [1] "sigma:"              "0.989952364460272"   "0.989952364460272"  
 [4] "0.96493030806628"    "0.96493030806628"    "0.977395470083789"  
 [7] "0.977395470083789"   "0.99"                "0.99"               
[10] "0.99"                "0.99"                "0.99"               
[13] "0.99"                "0.99"                "0.99"               
[16] "0.99"                "0.99"                "0.99"               
[19] "0.99"                "0.99"                "0.99"               
[22] "0.967104265703563"   "0.967104265703563"   "0.319351325140872"  
[25] "0.319351325140872"   "0.326424015177533"   "0.326424015177533"  
[28] "0.376561070490423"   "0.376561070490423"   "0.201245905469594"  
[31] "0.201245905469594"   "0.0697895094779676"  "0.0697895094779676" 
[34] "0.0336922112035819"  "0.0336922112035819"  "0.0196890678743809" 
[37] "0.0196890678743809"  "0.035975061732817"   "0.035975061732817"  
[40] "0.00595221852630035" "0.00595221852630035" "beta :"             
[43] "1"                  
[1] " old Likelihood:  -8701417.22802068"
[1] "New Likelihood:  -8701395.47887819"
iter:  0  f-value:  28322.38  pgrad:  0.5458958 
iter:  10  f-value:  28322.35  pgrad:  0.6271875 
iter:  20  f-value:  28322.35  pgrad:  0.5890251 
iter:  30  f-value:  28322.34  pgrad:  0.5165505 
iter:  40  f-value:  28322.34  pgrad:  0.5156107 
iter:  50  f-value:  28322.34  pgrad:  0.4855515 
  Unsuccessful convergence.
Time difference of 21.068 mins
[1] "maxIt: 20"
[1] "It: 11"
 [1] "sigma:"              "0.99"                "0.99"               
 [4] "0.965354537436608"   "0.965354537436608"   "0.978327578789301"  
 [7] "0.978327578789301"   "0.99"                "0.99"               
[10] "0.99"                "0.99"                "0.99"               
[13] "0.99"                "0.99"                "0.99"               
[16] "0.99"                "0.99"                "0.99"               
[19] "0.99"                "0.99"                "0.99"               
[22] "0.968628725281506"   "0.968628725281506"   "0.317378499106965"  
[25] "0.317378499106965"   "0.324917153198063"   "0.324917153198063"  
[28] "0.377098580346899"   "0.377098580346899"   "0.202526392179239"  
[31] "0.202526392179239"   "0.0711442460415714"  "0.0711442460415714" 
[34] "0.0355746434146658"  "0.0355746434146658"  "0.0222084786088398" 
[37] "0.0222084786088398"  "0.0380790930026483"  "0.0380790930026483" 
[40] "0.00637591514695338" "0.00637591514695338" "beta :"             
[43] "1"                  
 [1] "sigma:"              "0.99"                "0.99"               
 [4] "0.965354537436608"   "0.965354537436608"   "0.978327578789301"  
 [7] "0.978327578789301"   "0.99"                "0.99"               
[10] "0.99"                "0.99"                "0.99"               
[13] "0.99"                "0.99"                "0.99"               
[16] "0.99"                "0.99"                "0.99"               
[19] "0.99"                "0.99"                "0.99"               
[22] "0.968628725281506"   "0.968628725281506"   "0.267878499106965"  
[25] "0.267878499106965"   "0.324917153198063"   "0.324917153198063"  
[28] "0.377098580346899"   "0.377098580346899"   "0.202526392179239"  
[31] "0.202526392179239"   "0.0711442460415714"  "0.0711442460415714" 
[34] "0.0355746434146658"  "0.0355746434146658"  "0.0222084786088398" 
[37] "0.0222084786088398"  "0.0380790930026483"  "0.0380790930026483" 
[40] "0.00637591514695338" "0.00637591514695338" "beta :"             
[43] "1"                  
[1] " old Likelihood:  -8701395.47887819"
[1] "New Likelihood:  -8701380.50958851"
iter:  0  f-value:  28405.85  pgrad:  0.5434177 
iter:  10  f-value:  28405.83  pgrad:  0.5420611 
iter:  20  f-value:  28405.82  pgrad:  0.4977846 
iter:  30  f-value:  28405.82  pgrad:  0.4828689 
iter:  40  f-value:  28405.82  pgrad:  0.4559479 
iter:  50  f-value:  28405.82  pgrad:  0.3974492 
  Unsuccessful convergence.
Time difference of 21.64663 mins
[1] "maxIt: 20"
[1] "It: 12"
 [1] "sigma:"              "0.99"                "0.99"               
 [4] "0.965621955087031"   "0.965621955087031"   "0.979000205296874"  
 [7] "0.979000205296874"   "0.99"                "0.99"               
[10] "0.99"                "0.99"                "0.99"               
[13] "0.99"                "0.99"                "0.99"               
[16] "0.99"                "0.99"                "0.99"               
[19] "0.99"                "0.99"                "0.99"               
[22] "0.970228058515242"   "0.970228058515242"   "0.267239590050199"  
[25] "0.267239590050199"   "0.324221833133361"   "0.324221833133361"  
[28] "0.37774723638921"    "0.37774723638921"    "0.203526837601783"  
[31] "0.203526837601783"   "0.0720893015381463"  "0.0720893015381463" 
[34] "0.0370211793916589"  "0.0370211793916589"  "0.0240996233265041" 
[37] "0.0240996233265041"  "0.0397513946557426"  "0.0397513946557426" 
[40] "0.00671408407723422" "0.00671408407723422" "beta :"             
[43] "1"                  
 [1] "sigma:"              "0.99"                "0.99"               
 [4] "0.965621955087031"   "0.965621955087031"   "0.979000205296874"  
 [7] "0.979000205296874"   "0.99"                "0.99"               
[10] "0.99"                "0.99"                "0.99"               
[13] "0.99"                "0.99"                "0.99"               
[16] "0.99"                "0.99"                "0.99"               
[19] "0.99"                "0.99"                "0.99"               
[22] "0.970228058515242"   "0.970228058515242"   "0.267239590050199"  
[25] "0.267239590050199"   "0.324221833133361"   "0.324221833133361"  
[28] "0.37774723638921"    "0.37774723638921"    "0.203526837601783"  
[31] "0.203526837601783"   "0.121589301538146"   "0.121589301538146"  
[34] "0.0370211793916589"  "0.0370211793916589"  "0.0240996233265041" 
[37] "0.0240996233265041"  "0.0397513946557426"  "0.0397513946557426" 
[40] "0.00671408407723422" "0.00671408407723422" "beta :"             
[43] "1"                  
[1] " old Likelihood:  -8701380.50958851"
[1] "New Likelihood:  -8701366.00177797"
iter:  0  f-value:  28236.84  pgrad:  0.5404463 
iter:  10  f-value:  28236.81  pgrad:  0.5680704 
iter:  20  f-value:  28236.81  pgrad:  0.5279799 
iter:  30  f-value:  28236.81  pgrad:  0.4939648 
iter:  40  f-value:  28236.81  pgrad:  0.5166563 
iter:  50  f-value:  28236.81  pgrad:  0.427608 
  Unsuccessful convergence.
Time difference of 21.08153 mins
[1] "maxIt: 20"
[1] "It: 13"
 [1] "sigma:"              "0.99"                "0.99"               
 [4] "0.965859592511911"   "0.965859592511911"   "0.979637138645245"  
 [7] "0.979637138645245"   "0.99"                "0.99"               
[10] "0.99"                "0.99"                "0.99"               
[13] "0.99"                "0.99"                "0.99"               
[16] "0.99"                "0.99"                "0.99"               
[19] "0.99"                "0.99"                "0.99"               
[22] "0.971629973937334"   "0.971629973937334"   "0.266156071529371"  
[25] "0.266156071529371"   "0.323318794172077"   "0.323318794172077"  
[28] "0.378357344811299"   "0.378357344811299"   "0.204801359029329"  
[31] "0.204801359029329"   "0.123021951594772"   "0.123021951594772"  
[34] "0.0389242644278876"  "0.0389242644278876"  "0.0262505753842523" 
[37] "0.0262505753842523"  "0.0414679306984893"  "0.0414679306984893" 
[40] "0.00706569865500777" "0.00706569865500777" "beta :"             
[43] "1"                  
 [1] "sigma:"              "0.99"                "0.99"               
 [4] "0.965859592511911"   "0.965859592511911"   "0.979637138645245"  
 [7] "0.979637138645245"   "0.99"                "0.99"               
[10] "0.99"                "0.99"                "0.99"               
[13] "0.99"                "0.99"                "0.99"               
[16] "0.99"                "0.99"                "0.99"               
[19] "0.99"                "0.99"                "0.99"               
[22] "0.971629973937334"   "0.971629973937334"   "0.266156071529371"  
[25] "0.266156071529371"   "0.323318794172077"   "0.323318794172077"  
[28] "0.378357344811299"   "0.378357344811299"   "0.204801359029329"  
[31] "0.204801359029329"   "0.123021951594772"   "0.123021951594772"  
[34] "0.0389242644278876"  "0.0389242644278876"  "0.0262505753842523" 
[37] "0.0262505753842523"  "0.0414679306984893"  "0.0414679306984893" 
[40] "0.00706569865500777" "0.00706569865500777" "beta :"             
[43] "1"                  
[1] " old Likelihood:  -8701366.00177797"
[1] "New Likelihood:  -8701353.51537416"
iter:  0  f-value:  28250.17  pgrad:  0.5381703 
iter:  10  f-value:  28250.16  pgrad:  0.5373083 
iter:  20  f-value:  28250.15  pgrad:  0.4206595 
iter:  30  f-value:  28250.15  pgrad:  0.3980313 
iter:  40  f-value:  28250.15  pgrad:  0.3919195 
iter:  50  f-value:  28250.15  pgrad:  0.3495006 
  Unsuccessful convergence.
Time difference of 21.09468 mins
[1] "maxIt: 20"
[1] "It: 14"
 [1] "sigma:"              "0.99"                "0.99"               
 [4] "0.966023154410616"   "0.966023154410616"   "0.980155887510142"  
 [7] "0.980155887510142"   "0.99"                "0.99"               
[10] "0.99"                "0.99"                "0.99"               
[13] "0.99"                "0.99"                "0.99"               
[16] "0.99"                "0.99"                "0.99"               
[19] "0.99"                "0.99"                "0.99"               
[22] "0.972926668309789"   "0.972926668309789"   "0.264963739629948"  
[25] "0.264963739629948"   "0.322563879616126"   "0.322563879616126"  
[28] "0.379142721493735"   "0.379142721493735"   "0.205660409900975"  
[31] "0.205660409900975"   "0.123808139836034"   "0.123808139836034"  
[34] "0.0402192061341454"  "0.0402192061341454"  "0.0278417574923078" 
[37] "0.0278417574923078"  "0.0428828004832619"  "0.0428828004832619" 
[40] "0.00736096058916148" "0.00736096058916148" "beta :"             
[43] "1"                  
 [1] "sigma:"              "0.99"                "0.99"               
 [4] "0.966023154410616"   "0.966023154410616"   "0.980155887510142"  
 [7] "0.980155887510142"   "0.99"                "0.99"               
[10] "0.99"                "0.99"                "0.99"               
[13] "0.99"                "0.99"                "0.99"               
[16] "0.99"                "0.99"                "0.99"               
[19] "0.99"                "0.99"                "0.99"               
[22] "0.972926668309789"   "0.972926668309789"   "0.264963739629948"  
[25] "0.264963739629948"   "0.322563879616126"   "0.322563879616126"  
[28] "0.379142721493735"   "0.379142721493735"   "0.205660409900975"  
[31] "0.205660409900975"   "0.123808139836034"   "0.123808139836034"  
[34] "0.0897192061341455"  "0.0897192061341455"  "0.0278417574923078" 
[37] "0.0278417574923078"  "0.0428828004832619"  "0.0428828004832619" 
[40] "0.00736096058916148" "0.00736096058916148" "beta :"             
[43] "1"                  
[1] " old Likelihood:  -8701353.51537416"
[1] "New Likelihood:  -8701344.80292021"
iter:  0  f-value:  28098.84  pgrad:  0.5360746 
iter:  10  f-value:  28098.82  pgrad:  0.5444599 
iter:  20  f-value:  28098.81  pgrad:  0.5060065 
iter:  30  f-value:  28098.81  pgrad:  0.4858521 
iter:  40  f-value:  28098.81  pgrad:  0.4659159 
iter:  50  f-value:  28098.81  pgrad:  0.4138928 
  Unsuccessful convergence.
Time difference of 21.64544 mins
[1] "maxIt: 20"
[1] "It: 15"
 [1] "sigma:"              "0.99"                "0.99"               
 [4] "0.966177600852193"   "0.966177600852193"   "0.980760942169838"  
 [7] "0.980760942169838"   "0.99"                "0.99"               
[10] "0.99"                "0.99"                "0.99"               
[13] "0.99"                "0.99"                "0.99"               
[16] "0.99"                "0.99"                "0.99"               
[19] "0.99"                "0.99"                "0.99"               
[22] "0.974124618197836"   "0.974124618197836"   "0.262961116033378"  
[25] "0.262961116033378"   "0.32154208115274"    "0.32154208115274"   
[28] "0.380460801017023"   "0.380460801017023"   "0.206982848378062"  
[31] "0.206982848378062"   "0.125272135685928"   "0.125272135685928"  
[34] "0.0920314469090327"  "0.0920314469090327"  "0.0304037811559638" 
[37] "0.0304037811559638"  "0.0449006109377431"  "0.0449006109377431" 
[40] "0.00777815325406126" "0.00777815325406126" "beta :"             
[43] "1"                  
 [1] "sigma:"              "0.99"                "0.99"               
 [4] "0.966177600852193"   "0.966177600852193"   "0.980760942169838"  
 [7] "0.980760942169838"   "0.99"                "0.99"               
[10] "0.99"                "0.99"                "0.99"               
[13] "0.99"                "0.99"                "0.99"               
[16] "0.99"                "0.99"                "0.99"               
[19] "0.99"                "0.99"                "0.99"               
[22] "0.974124618197836"   "0.974124618197836"   "0.262961116033378"  
[25] "0.262961116033378"   "0.32154208115274"    "0.32154208115274"   
[28] "0.380460801017023"   "0.380460801017023"   "0.206982848378062"  
[31] "0.206982848378062"   "0.125272135685928"   "0.125272135685928"  
[34] "0.0920314469090327"  "0.0920314469090327"  "0.0304037811559638" 
[37] "0.0304037811559638"  "0.0449006109377431"  "0.0449006109377431" 
[40] "0.00777815325406126" "0.00777815325406126" "beta :"             
[43] "1"                  
[1] " old Likelihood:  -8701344.80292021"
[1] "New Likelihood:  -8701335.01468464"
iter:  0  f-value:  28108.3  pgrad:  0.5343099 
iter:  10  f-value:  28108.29  pgrad:  0.5336756 
iter:  20  f-value:  28108.29  pgrad:  0.3997047 
iter:  30  f-value:  28108.29  pgrad:  0.4613321 
iter:  40  f-value:  28108.28  pgrad:  0.3566674 
iter:  50  f-value:  28108.28  pgrad:  0.3230889 
  Unsuccessful convergence.
Time difference of 21.63256 mins
[1] "maxIt: 20"
[1] "It: 16"
 [1] "sigma:"              "0.99"                "0.99"               
 [4] "0.966250643700134"   "0.966250643700134"   "0.981176466945259"  
 [7] "0.981176466945259"   "0.99"                "0.99"               
[10] "0.99"                "0.99"                "0.99"               
[13] "0.99"                "0.99"                "0.99"               
[16] "0.99"                "0.99"                "0.99"               
[19] "0.99"                "0.99"                "0.99"               
[22] "0.975184915878588"   "0.975184915878588"   "0.261371262679647"  
[25] "0.261371262679647"   "0.320812491332789"   "0.320812491332789"  
[28] "0.381570540543099"   "0.381570540543099"   "0.207840212876812"  
[31] "0.207840212876812"   "0.12585637607252"    "0.12585637607252"   
[34] "0.0932922583040941"  "0.0932922583040941"  "0.0320381285392864" 
[37] "0.0320381285392864"  "0.0463129423040391"  "0.0463129423040391" 
[40] "0.00807548660271672" "0.00807548660271672" "beta :"             
[43] "1"                  
 [1] "sigma:"              "0.99"                "0.99"               
 [4] "0.966250643700134"   "0.966250643700134"   "0.981176466945259"  
 [7] "0.981176466945259"   "0.99"                "0.99"               
[10] "0.99"                "0.99"                "0.99"               
[13] "0.99"                "0.99"                "0.99"               
[16] "0.99"                "0.99"                "0.99"               
[19] "0.99"                "0.99"                "0.99"               
[22] "0.975184915878588"   "0.975184915878588"   "0.211871262679647"  
[25] "0.211871262679647"   "0.320812491332789"   "0.320812491332789"  
[28] "0.381570540543099"   "0.381570540543099"   "0.207840212876812"  
[31] "0.207840212876812"   "0.12585637607252"    "0.12585637607252"   
[34] "0.0932922583040941"  "0.0932922583040941"  "0.0320381285392864" 
[37] "0.0320381285392864"  "0.0463129423040391"  "0.0463129423040391" 
[40] "0.00807548660271672" "0.00807548660271672" "beta :"             
[43] "1"                  
[1] " old Likelihood:  -8701335.01468464"
[1] "New Likelihood:  -8701328.54224417"
iter:  0  f-value:  28179.37  pgrad:  0.5326789 
iter:  10  f-value:  28179.36  pgrad:  0.5318724 
iter:  20  f-value:  28179.36  pgrad:  0.3431705 
iter:  30  f-value:  28179.36  pgrad:  0.309592 
iter:  40  f-value:  28179.36  pgrad:  0.3123205 
iter:  50  f-value:  28179.36  pgrad:  0.2720117 
  Unsuccessful convergence.
Time difference of 22.15441 mins
[1] "maxIt: 20"
[1] "It: 17"
 [1] "sigma:"              "0.99"                "0.99"               
 [4] "0.966253945413431"   "0.966253945413431"   "0.981529548293744"  
 [7] "0.981529548293744"   "0.99"                "0.99"               
[10] "0.99"                "0.99"                "0.99"               
[13] "0.99"                "0.99"                "0.99"               
[16] "0.99"                "0.99"                "0.99"               
[19] "0.99"                "0.99"                "0.99"               
[22] "0.976328710220995"   "0.976328710220995"   "0.21113159415866"   
[25] "0.21113159415866"    "0.320515184938992"   "0.320515184938992"  
[28] "0.382883279272952"   "0.382883279272952"   "0.208708277072645"  
[31] "0.208708277072645"   "0.126379305527283"   "0.126379305527283"  
[34] "0.0945538422843815"  "0.0945538422843815"  "0.0336286802326633" 
[37] "0.0336286802326633"  "0.0477671188654479"  "0.0477671188654479" 
[40] "0.00839281102327215" "0.00839281102327215" "beta :"             
[43] "1"                  
 [1] "sigma:"              "0.99"                "0.99"               
 [4] "0.966253945413431"   "0.966253945413431"   "0.981529548293744"  
 [7] "0.981529548293744"   "0.99"                "0.99"               
[10] "0.99"                "0.99"                "0.99"               
[13] "0.99"                "0.99"                "0.99"               
[16] "0.99"                "0.99"                "0.99"               
[19] "0.99"                "0.99"                "0.99"               
[22] "0.976328710220995"   "0.976328710220995"   "0.21113159415866"   
[25] "0.21113159415866"    "0.320515184938992"   "0.320515184938992"  
[28] "0.382883279272952"   "0.382883279272952"   "0.208708277072645"  
[31] "0.208708277072645"   "0.126379305527283"   "0.126379305527283"  
[34] "0.0945538422843815"  "0.0945538422843815"  "0.0336286802326632" 
[37] "0.0336286802326632"  "0.0477671188654479"  "0.0477671188654479" 
[40] "0.00839281102327215" "0.00839281102327215" "beta :"             
[43] "1"                  
[1] " old Likelihood:  -8701328.54224417"
[1] "New Likelihood:  -8701321.56293923"
iter:  0  f-value:  28173.91  pgrad:  0.5305303 
iter:  10  f-value:  28173.91  pgrad:  0.5295383 
iter:  20  f-value:  28173.9  pgrad:  0.2862362 
iter:  30  f-value:  28173.9  pgrad:  0.2829256 
iter:  40  f-value:  28173.9  pgrad:  0.2647721 
iter:  50  f-value:  28173.9  pgrad:  0.2593151 
  Unsuccessful convergence.
Time difference of 21.60532 mins
[1] "maxIt: 20"
[1] "It: 18"
 [1] "sigma:"              "0.99"                "0.99"               
 [4] "0.96624200041358"    "0.96624200041358"    "0.981795034878251"  
 [7] "0.981795034878251"   "0.99"                "0.99"               
[10] "0.99"                "0.99"                "0.99"               
[13] "0.99"                "0.99"                "0.99"               
[16] "0.99"                "0.99"                "0.99"               
[19] "0.99"                "0.99"                "0.99"               
[22] "0.977252110008842"   "0.977252110008842"   "0.210310101832544"  
[25] "0.210310101832544"   "0.320244019356947"   "0.320244019356947"  
[28] "0.384038047037268"   "0.384038047037268"   "0.209447901625892"  
[31] "0.209447901625892"   "0.126710518590934"   "0.126710518590934"  
[34] "0.0953851174545204"  "0.0953851174545204"  "0.0347288631286687" 
[37] "0.0347288631286687"  "0.0488313639591508"  "0.0488313639591508" 
[40] "0.00862637175368305" "0.00862637175368305" "beta :"             
[43] "1"                  
 [1] "sigma:"              "0.99"                "0.99"               
 [4] "0.96624200041358"    "0.96624200041358"    "0.981795034878251"  
 [7] "0.981795034878251"   "0.99"                "0.99"               
[10] "0.99"                "0.99"                "0.99"               
[13] "0.99"                "0.99"                "0.99"               
[16] "0.99"                "0.99"                "0.99"               
[19] "0.99"                "0.99"                "0.99"               
[22] "0.977252110008842"   "0.977252110008842"   "0.210310101832544"  
[25] "0.210310101832544"   "0.320244019356947"   "0.320244019356947"  
[28] "0.384038047037268"   "0.384038047037268"   "0.209447901625892"  
[31] "0.209447901625892"   "0.126710518590934"   "0.126710518590934"  
[34] "0.14488511745452"    "0.14488511745452"    "0.0347288631286687" 
[37] "0.0347288631286687"  "0.0488313639591508"  "0.0488313639591508" 
[40] "0.00862637175368305" "0.00862637175368305" "beta :"             
[43] "1"                  
[1] " old Likelihood:  -8701321.56293923"
[1] "New Likelihood:  -8701316.67781283"
iter:  0  f-value:  28004.47  pgrad:  0.5288878 
iter:  10  f-value:  28004.46  pgrad:  0.5283109 
iter:  20  f-value:  28004.46  pgrad:  0.4148387 
iter:  30  f-value:  28004.45  pgrad:  0.3613604 
iter:  40  f-value:  28004.45  pgrad:  0.4825397 
iter:  50  f-value:  28004.45  pgrad:  0.2789966 
  Unsuccessful convergence.
Time difference of 21.67043 mins
[1] "maxIt: 20"
[1] "It: 19"
 [1] "sigma:"              "0.99"                "0.99"               
 [4] "0.966175121091871"   "0.966175121091871"   "0.982161615236714"  
 [7] "0.982161615236714"   "0.99"                "0.99"               
[10] "0.99"                "0.99"                "0.99"               
[13] "0.99"                "0.99"                "0.99"               
[16] "0.99"                "0.99"                "0.99"               
[19] "0.99"                "0.99"                "0.99"               
[22] "0.978019065102873"   "0.978019065102873"   "0.208558103758238"  
[25] "0.208558103758238"   "0.31962456281272"    "0.31962456281272"   
[28] "0.385996753332591"   "0.385996753332591"   "0.210844210132743"  
[31] "0.210844210132743"   "0.127965991508041"   "0.127965991508041"  
[34] "0.147152110535893"   "0.147152110535893"   "0.037102717558139"  
[37] "0.037102717558139"   "0.0507256661987357"  "0.0507256661987357" 
[40] "0.00902887141875525" "0.00902887141875525" "beta :"             
[43] "1"                  
 [1] "sigma:"              "0.99"                "0.99"               
 [4] "0.966175121091871"   "0.966175121091871"   "0.982161615236714"  
 [7] "0.982161615236714"   "0.99"                "0.99"               
[10] "0.99"                "0.99"                "0.99"               
[13] "0.99"                "0.99"                "0.99"               
[16] "0.99"                "0.99"                "0.99"               
[19] "0.99"                "0.99"                "0.99"               
[22] "0.978019065102873"   "0.978019065102873"   "0.208558103758238"  
[25] "0.208558103758238"   "0.31962456281272"    "0.31962456281272"   
[28] "0.435496753332591"   "0.435496753332591"   "0.161344210132743"  
[31] "0.161344210132743"   "0.127965991508041"   "0.127965991508041"  
[34] "0.147152110535893"   "0.147152110535893"   "0.037102717558139"  
[37] "0.037102717558139"   "0.00122566619873567" "0.00122566619873567"
[40] "0.00902887141875526" "0.00902887141875526" "beta :"             
[43] "1"                  
[1] " old Likelihood:  -8701316.67781283"
[1] "New Likelihood:  -8701306.31341575"
iter:  0  f-value:  28053.84  pgrad:  0.5276388 
iter:  10  f-value:  28053.83  pgrad:  0.5273045 
iter:  20  f-value:  28053.83  pgrad:  0.5182626 
iter:  30  f-value:  28053.83  pgrad:  0.2758679 
iter:  40  f-value:  28053.83  pgrad:  0.255859 
iter:  50  f-value:  28053.83  pgrad:  0.2460365 
  Unsuccessful convergence.
Time difference of 22.73185 mins
[1] "maxIt: 20"
[1] "It: 20"
 [1] "sigma:"              "0.99"                "0.99"               
 [4] "0.966125757847937"   "0.966125757847937"   "0.982376906687413"  
 [7] "0.982376906687413"   "0.99"                "0.99"               
[10] "0.99"                "0.99"                "0.99"               
[13] "0.99"                "0.99"                "0.99"               
[16] "0.99"                "0.99"                "0.99"               
[19] "0.99"                "0.99"                "0.99"               
[22] "0.97858510062551"    "0.97858510062551"    "0.207107854741491"  
[25] "0.207107854741491"   "0.318751373908396"   "0.318751373908396"  
[28] "0.436618220653567"   "0.436618220653567"   "0.162173423283639"  
[31] "0.162173423283639"   "0.128156279303734"   "0.128156279303734"  
[34] "0.147640656031583"   "0.147640656031583"   "0.0378467085650396" 
[37] "0.0378467085650396"  "0.00193990660989477" "0.00193990660989477"
[40] "0.00921103596437568" "0.00921103596437568" "beta :"             
[43] "1"                  
 [1] "sigma:"              "0.99"                "0.99"               
 [4] "0.966125757847937"   "0.966125757847937"   "0.982376906687413"  
 [7] "0.982376906687413"   "0.99"                "0.99"               
[10] "0.99"                "0.99"                "0.99"               
[13] "0.99"                "0.99"                "0.99"               
[16] "0.99"                "0.99"                "0.99"               
[19] "0.99"                "0.99"                "0.99"               
[22] "0.97858510062551"    "0.97858510062551"    "0.157607854741491"  
[25] "0.157607854741491"   "0.318751373908396"   "0.318751373908396"  
[28] "0.436618220653567"   "0.436618220653567"   "0.162173423283639"  
[31] "0.162173423283639"   "0.128156279303734"   "0.128156279303734"  
[34] "0.147640656031583"   "0.147640656031583"   "0.0378467085650396" 
[37] "0.0378467085650396"  "0.00193990660989477" "0.00193990660989477"
[40] "0.00921103596437568" "0.00921103596437568" "beta :"             
[43] "1"                  
[1] " old Likelihood:  -8701306.31341575"
[1] "New Likelihood:  -8701304.17208319"
iter:  0  f-value:  28114.01  pgrad:  0.526881 
iter:  10  f-value:  28114  pgrad:  0.5262433 
iter:  20  f-value:  28114  pgrad:  0.3010064 
iter:  30  f-value:  28114  pgrad:  0.2787783 
iter:  40  f-value:  28114  pgrad:  0.2527304 
iter:  50  f-value:  28114  pgrad:  0.2128945 
  Unsuccessful convergence.
Time difference of 22.16689 mins
 [1] "sigma:"              "0.99"                "0.99"               
 [4] "0.966017976751414"   "0.966017976751414"   "0.982529983806575"  
 [7] "0.982529983806575"   "0.99"                "0.99"               
[10] "0.99"                "0.99"                "0.99"               
[13] "0.99"                "0.99"                "0.99"               
[16] "0.99"                "0.99"                "0.99"               
[19] "0.99"                "0.99"                "0.99"               
[22] "0.979262326387713"   "0.979262326387713"   "0.157010113257561"  
[25] "0.157010113257561"   "0.318335598376815"   "0.318335598376815"  
[28] "0.437876143530591"   "0.437876143530591"   "0.162977580151648"  
[31] "0.162977580151648"   "0.128354152820528"   "0.128354152820528"  
[34] "0.148179703379264"   "0.148179703379264"   "0.0386238666903977" 
[37] "0.0386238666903977"  "0.00266219144814568" "0.00266219144814568"
[40] "0.00939607413196418" "0.00939607413196418" "beta :"             
[43] "1"                  
[1] 1998264 1999714 1999798 1999628 1998826
[1] 1 1 1 1 1
saved RDS
inference successful
