[1] "Original length"
[1] 999870
[1] "Final length"
[1] 10722
[1] "sequence length : 999871" "sequence length : 998624"
[3] "sequence length : 999887" "sequence length : 999885"
[5] "sequence length : 999666"
[1] 1 1 1 1 1
[1] "Beta: 1"
[1] "Self: 0"
[1] "maxIt: 20"
[1] "It: 1"
 [1] "sigma:" "0"      "0"      "0"      "0"      "0"      "0"      "0"     
 [9] "0"      "0"      "0"      "0"      "0"      "0"      "0"      "0"     
[17] "0"      "0"      "0"      "0"      "0"      "0"      "0"      "0"     
[25] "0"      "0"      "0"      "0"      "0"      "0"      "0"      "0"     
[33] "0"      "0"      "0"      "0"      "0"      "0"      "0"      "0"     
[41] "0"      "beta :" "1"     
 [1] "sigma:" "0.9405" "0.9405" "0.9405" "0.9405" "0.9405" "0.9405" "0.9405"
 [9] "0.9405" "0.9405" "0.9405" "0.9405" "0.9405" "0.9405" "0.9405" "0.9405"
[17] "0.9405" "0.9405" "0.9405" "0.9405" "0.9405" "0.9405" "0.9405" "0.9405"
[25] "0.9405" "0.9405" "0.9405" "0.9405" "0.9405" "0.9405" "0.9405" "0.9405"
[33] "0.9405" "0"      "0"      "0"      "0"      "0"      "0"      "0"     
[41] "0"      "beta :" "1"     
[1] "New Likelihood:  -6621442.09619639"
iter:  0  f-value:  7265.03  pgrad:  0.5 
iter:  10  f-value:  7240.234  pgrad:  0.9949767 
iter:  20  f-value:  7239.248  pgrad:  0.9836757 
iter:  30  f-value:  7238.313  pgrad:  0.9818144 
iter:  40  f-value:  7237.534  pgrad:  0.941565 
iter:  50  f-value:  7237.03  pgrad:  0.9202206 
  Unsuccessful convergence.
Time difference of 2.435803 hours
[1] "maxIt: 20"
[1] "It: 2"
 [1] "sigma:"             "0.969827167912892"  "0.969827167912892" 
 [4] "0.955739309857852"  "0.955739309857852"  "0.962142315236245" 
 [7] "0.962142315236245"  "0.970436748627319"  "0.970436748627319" 
[10] "0.979368989382876"  "0.979368989382876"  "0.987415995973183" 
[13] "0.987415995973183"  "0.99"               "0.99"              
[16] "0.980026245938165"  "0.980026245938165"  "0.958605378674328" 
[19] "0.958605378674328"  "0.956217024758032"  "0.956217024758032" 
[22] "0.974942209548253"  "0.974942209548253"  "0.966491508794841" 
[25] "0.966491508794841"  "0.947005832240487"  "0.947005832240487" 
[28] "0.962286050077561"  "0.962286050077561"  "0.963443342685213" 
[31] "0.963443342685213"  "0.965820034365745"  "0.965820034365745" 
[34] "0.101806788186171"  "0.101806788186171"  "0.143272387005081" 
[37] "0.143272387005081"  "0.0806404560051077" "0.0806404560051077"
[40] "0.0129962610016782" "0.0129962610016782" "beta :"            
[43] "1"                 
 [1] "sigma:"             "0.969827167912892"  "0.969827167912892" 
 [4] "0.955739309857852"  "0.955739309857852"  "0.962142315236245" 
 [7] "0.962142315236245"  "0.970436748627319"  "0.970436748627319" 
[10] "0.979368989382876"  "0.979368989382876"  "0.987415995973183" 
[13] "0.987415995973183"  "0.99"               "0.99"              
[16] "0.980026245938165"  "0.980026245938165"  "0.958605378674328" 
[19] "0.958605378674328"  "0.956217024758032"  "0.956217024758032" 
[22] "0.974942209548253"  "0.974942209548253"  "0.966491508794841" 
[25] "0.966491508794841"  "0.947005832240487"  "0.947005832240487" 
[28] "0.962286050077561"  "0.962286050077561"  "0.963443342685213" 
[31] "0.963443342685213"  "0.965820034365745"  "0.965820034365745" 
[34] "0.943306788186172"  "0.943306788186172"  "0.0442723870050811"
[37] "0.0442723870050811" "0.0311404560051077" "0.0311404560051077"
[40] "0.0129962610016782" "0.0129962610016782" "beta :"            
[43] "1"                 
[1] " old Likelihood:  -6621442.09619639"
[1] "New Likelihood:  -6609942.500209"
iter:  0  f-value:  5077.117  pgrad:  0.4998828 
iter:  10  f-value:  5066.701  pgrad:  0.9815605 
iter:  20  f-value:  5066.483  pgrad:  0.9857307 
iter:  30  f-value:  5066.441  pgrad:  0.9849584 
iter:  40  f-value:  5066.165  pgrad:  0.9284372 
iter:  50  f-value:  5066.108  pgrad:  0.9186699 
  Unsuccessful convergence.
Time difference of 24.38236 mins
[1] "maxIt: 20"
[1] "It: 3"
 [1] "sigma:"             "0.99"               "0.99"              
 [4] "0.969010903365909"  "0.969010903365909"  "0.981367156052092" 
 [7] "0.981367156052092"  "0.99"               "0.99"              
[10] "0.99"               "0.99"               "0.99"              
[13] "0.99"               "0.99"               "0.99"              
[16] "0.99"               "0.99"               "0.983795602013001" 
[19] "0.983795602013001"  "0.968494176880378"  "0.968494176880378" 
[22] "0.99"               "0.99"               "0.982736697920386" 
[25] "0.982736697920386"  "0.954402151514588"  "0.954402151514588" 
[28] "0.973705687941182"  "0.973705687941182"  "0.970873403411832" 
[31] "0.970873403411832"  "0.978011267318933"  "0.978011267318933" 
[34] "0.951749502038018"  "0.951749502038018"  "0.0972532787264731"
[37] "0.0972532787264731" "0.08432847171941"   "0.08432847171941"  
[40] "0.0234037673126814" "0.0234037673126814" "beta :"            
[43] "1"                 
 [1] "sigma:"             "0.99"               "0.99"              
 [4] "0.969010903365909"  "0.969010903365909"  "0.981367156052092" 
 [7] "0.981367156052092"  "0.99"               "0.99"              
[10] "0.99"               "0.99"               "0.99"              
[13] "0.99"               "0.99"               "0.99"              
[16] "0.99"               "0.99"               "0.983795602013001" 
[19] "0.983795602013001"  "0.968494176880378"  "0.968494176880378" 
[22] "0.99"               "0.99"               "0.982736697920386" 
[25] "0.982736697920386"  "0.954402151514588"  "0.954402151514588" 
[28] "0.973705687941182"  "0.973705687941182"  "0.970873403411832" 
[31] "0.970873403411832"  "0.978011267318933"  "0.978011267318933" 
[34] "0.951749502038018"  "0.951749502038018"  "0.394253278726473" 
[37] "0.394253278726473"  "0.0348284717194099" "0.0348284717194099"
[40] "0.0234037673126814" "0.0234037673126814" "beta :"            
[43] "1"                 
[1] " old Likelihood:  -6609942.500209"
[1] "New Likelihood:  -6606474.10710183"
iter:  0  f-value:  4402.742  pgrad:  0.4919844 
iter:  10  f-value:  4398.286  pgrad:  0.984791 
iter:  20  f-value:  4398.223  pgrad:  0.9609749 
iter:  30  f-value:  4398.086  pgrad:  0.9950635 
iter:  40  f-value:  4398.026  pgrad:  0.9268217 
iter:  50  f-value:  4398.012  pgrad:  0.9214283 
  Unsuccessful convergence.
Time difference of 19.06945 mins
[1] "maxIt: 20"
[1] "It: 4"
 [1] "sigma:"             "0.99"               "0.99"              
 [4] "0.982722499198891"  "0.982722499198891"  "0.99"              
 [7] "0.99"               "0.99"               "0.99"              
[10] "0.99"               "0.99"               "0.99"              
[13] "0.99"               "0.99"               "0.99"              
[16] "0.99"               "0.99"               "0.99"              
[19] "0.99"               "0.984730992759557"  "0.984730992759557" 
[22] "0.99"               "0.99"               "0.99"              
[25] "0.99"               "0.965161861968556"  "0.965161861968556" 
[28] "0.981569487099705"  "0.981569487099705"  "0.974389256852752" 
[31] "0.974389256852752"  "0.984642954592993"  "0.984642954592993" 
[34] "0.954312511681766"  "0.954312511681766"  "0.436316941793454" 
[37] "0.436316941793454"  "0.0792636438332612" "0.0792636438332612"
[40] "0.0340170367201581" "0.0340170367201581" "beta :"            
[43] "1"                 
 [1] "sigma:"             "0.99"               "0.99"              
 [4] "0.982722499198891"  "0.982722499198891"  "0.99"              
 [7] "0.99"               "0.99"               "0.99"              
[10] "0.99"               "0.99"               "0.99"              
[13] "0.99"               "0.99"               "0.99"              
[16] "0.99"               "0.99"               "0.99"              
[19] "0.99"               "0.984730992759557"  "0.984730992759557" 
[22] "0.99"               "0.99"               "0.99"              
[25] "0.99"               "0.965161861968556"  "0.965161861968556" 
[28] "0.981569487099705"  "0.981569487099705"  "0.974389256852752" 
[31] "0.974389256852752"  "0.984642954592993"  "0.984642954592993" 
[34] "0.954312511681766"  "0.954312511681766"  "0.634316941793454" 
[37] "0.634316941793454"  "0.0297636438332612" "0.0297636438332612"
[40] "0.0340170367201581" "0.0340170367201581" "beta :"            
[43] "1"                 
[1] " old Likelihood:  -6606474.10710183"
[1] "New Likelihood:  -6604870.87582678"
iter:  0  f-value:  3829.97  pgrad:  0.5463959 
iter:  10  f-value:  3828.04  pgrad:  0.995988 
iter:  20  f-value:  3827.978  pgrad:  0.9635692 
iter:  30  f-value:  3827.96  pgrad:  0.9592211 
iter:  40  f-value:  3827.95  pgrad:  0.9555848 
iter:  50  f-value:  3827.94  pgrad:  0.9506952 
  Unsuccessful convergence.
Time difference of 18.22401 mins
[1] "maxIt: 20"
[1] "It: 5"
 [1] "sigma:"             "0.99"               "0.99"              
 [4] "0.99"               "0.99"               "0.99"              
 [7] "0.99"               "0.99"               "0.99"              
[10] "0.99"               "0.99"               "0.99"              
[13] "0.99"               "0.99"               "0.99"              
[16] "0.99"               "0.99"               "0.99"              
[19] "0.99"               "0.99"               "0.99"              
[22] "0.99"               "0.99"               "0.99"              
[25] "0.99"               "0.975238003271233"  "0.975238003271233" 
[28] "0.985846004618471"  "0.985846004618471"  "0.976624196807897" 
[31] "0.976624196807897"  "0.988966372203749"  "0.988966372203749" 
[34] "0.955858129011492"  "0.955858129011492"  "0.650435269964177" 
[37] "0.650435269964177"  "0.0488799014730501" "0.0488799014730501"
[40] "0.0390205819636"    "0.0390205819636"    "beta :"            
[43] "1"                 
 [1] "sigma:"             "0.99"               "0.99"              
 [4] "0.99"               "0.99"               "0.99"              
 [7] "0.99"               "0.99"               "0.99"              
[10] "0.99"               "0.99"               "0.99"              
[13] "0.99"               "0.99"               "0.99"              
[16] "0.99"               "0.99"               "0.99"              
[19] "0.99"               "0.99"               "0.99"              
[22] "0.99"               "0.99"               "0.99"              
[25] "0.99"               "0.975238003271233"  "0.975238003271233" 
[28] "0.985846004618471"  "0.985846004618471"  "0.976624196807897" 
[31] "0.976624196807897"  "0.988966372203749"  "0.988966372203749" 
[34] "0.955858129011492"  "0.955858129011492"  "0.699935269964177" 
[37] "0.699935269964177"  "0.0488799014730501" "0.0488799014730501"
[40] "0.0390205819636"    "0.0390205819636"    "beta :"            
[43] "1"                 
[1] " old Likelihood:  -6604870.87582678"
[1] "New Likelihood:  -6604195.17065355"
iter:  0  f-value:  3612.127  pgrad:  0.5496812 
iter:  10  f-value:  3611.378  pgrad:  0.9497814 
iter:  20  f-value:  3611.362  pgrad:  0.9469571 
iter:  30  f-value:  3611.356  pgrad:  0.9445999 
iter:  40  f-value:  3611.351  pgrad:  0.942279 
iter:  50  f-value:  3611.34  pgrad:  0.9351658 
  Unsuccessful convergence.
Time difference of 16.39243 mins
[1] "maxIt: 20"
[1] "It: 6"
 [1] "sigma:"             "0.99"               "0.99"              
 [4] "0.99"               "0.99"               "0.99"              
 [7] "0.99"               "0.99"               "0.99"              
[10] "0.99"               "0.99"               "0.99"              
[13] "0.99"               "0.99"               "0.99"              
[16] "0.99"               "0.99"               "0.99"              
[19] "0.99"               "0.99"               "0.99"              
[22] "0.99"               "0.99"               "0.99"              
[25] "0.99"               "0.981237717305281"  "0.981237717305281" 
[28] "0.987820282841447"  "0.987820282841447"  "0.979378899721011" 
[31] "0.979378899721011"  "0.99"               "0.99"              
[34] "0.957980881686644"  "0.957980881686644"  "0.705076669322525" 
[37] "0.705076669322525"  "0.0642284800960701" "0.0642284800960701"
[40] "0.0434088809176924" "0.0434088809176924" "beta :"            
[43] "1"                 
 [1] "sigma:"             "0.99"               "0.99"              
 [4] "0.99"               "0.99"               "0.99"              
 [7] "0.99"               "0.99"               "0.99"              
[10] "0.99"               "0.99"               "0.99"              
[13] "0.99"               "0.99"               "0.99"              
[16] "0.99"               "0.99"               "0.99"              
[19] "0.99"               "0.99"               "0.99"              
[22] "0.99"               "0.99"               "0.99"              
[25] "0.99"               "0.981237717305281"  "0.981237717305281" 
[28] "0.987820282841447"  "0.987820282841447"  "0.979378899721011" 
[31] "0.979378899721011"  "0.99"               "0.99"              
[34] "0.957980881686644"  "0.957980881686644"  "0.754576669322525" 
[37] "0.754576669322525"  "0.0147284800960701" "0.0147284800960701"
[40] "0.0434088809176924" "0.0434088809176924" "beta :"            
[43] "1"                 
[1] " old Likelihood:  -6604195.17065355"
[1] "New Likelihood:  -6603909.59412381"
iter:  0  f-value:  3444.263  pgrad:  0.7621987 
iter:  10  f-value:  3443.969  pgrad:  0.9841898 
iter:  20  f-value:  3443.961  pgrad:  0.9823194 
iter:  30  f-value:  3443.959  pgrad:  0.9374571 
iter:  40  f-value:  3443.955  pgrad:  0.8673487 
iter:  50  f-value:  3443.953  pgrad:  0.830214 
  Unsuccessful convergence.
Time difference of 16.82079 mins
[1] "maxIt: 20"
[1] "It: 7"
 [1] "sigma:"             "0.99"               "0.99"              
 [4] "0.99"               "0.99"               "0.99"              
 [7] "0.99"               "0.99"               "0.99"              
[10] "0.99"               "0.99"               "0.99"              
[13] "0.99"               "0.99"               "0.99"              
[16] "0.99"               "0.99"               "0.99"              
[19] "0.99"               "0.99"               "0.99"              
[22] "0.99"               "0.99"               "0.99"              
[25] "0.99"               "0.984234288524597"  "0.984234288524597" 
[28] "0.988649809249969"  "0.988649809249969"  "0.981665940160388" 
[31] "0.981665940160388"  "0.99"               "0.99"              
[34] "0.960352980974396"  "0.960352980974396"  "0.753321837720431" 
[37] "0.753321837720431"  "0.0233685789255389" "0.0233685789255389"
[40] "0.0457314584870696" "0.0457314584870696" "beta :"            
[43] "1"                 
 [1] "sigma:"             "0.99"               "0.99"              
 [4] "0.99"               "0.99"               "0.99"              
 [7] "0.99"               "0.99"               "0.99"              
[10] "0.99"               "0.99"               "0.99"              
[13] "0.99"               "0.99"               "0.99"              
[16] "0.99"               "0.99"               "0.99"              
[19] "0.99"               "0.99"               "0.99"              
[22] "0.99"               "0.99"               "0.99"              
[25] "0.99"               "0.984234288524597"  "0.984234288524597" 
[28] "0.988649809249969"  "0.988649809249969"  "0.981665940160388" 
[31] "0.981665940160388"  "0.99"               "0.99"              
[34] "0.960352980974396"  "0.960352980974396"  "0.753321837720431" 
[37] "0.753321837720431"  "0.0233685789255389" "0.0233685789255389"
[40] "0.0457314584870696" "0.0457314584870696" "beta :"            
[43] "1"                 
[1] " old Likelihood:  -6603909.59412381"
[1] "New Likelihood:  -6603788.62981609"
iter:  0  f-value:  3414.596  pgrad:  0.6078017 
iter:  10  f-value:  3414.46  pgrad:  0.7688004 
iter:  20  f-value:  3414.457  pgrad:  0.7476365 
iter:  30  f-value:  3414.455  pgrad:  0.7149856 
iter:  40  f-value:  3414.453  pgrad:  0.9061387 
iter:  50  f-value:  3414.452  pgrad:  0.617265 
  Unsuccessful convergence.
Time difference of 16.34191 mins
[1] "maxIt: 20"
[1] "It: 8"
 [1] "sigma:"             "0.99"               "0.99"              
 [4] "0.99"               "0.99"               "0.99"              
 [7] "0.99"               "0.99"               "0.99"              
[10] "0.99"               "0.99"               "0.99"              
[13] "0.99"               "0.99"               "0.99"              
[16] "0.99"               "0.99"               "0.99"              
[19] "0.99"               "0.99"               "0.99"              
[22] "0.99"               "0.99"               "0.99"              
[25] "0.99"               "0.985705935687605"  "0.985705935687605" 
[28] "0.989032263701903"  "0.989032263701903"  "0.983191764506248" 
[31] "0.983191764506248"  "0.99"               "0.99"              
[34] "0.962811128587179"  "0.962811128587179"  "0.749659669898287" 
[37] "0.749659669898287"  "0.0304555204840151" "0.0304555204840151"
[40] "0.04774232484453"   "0.04774232484453"   "beta :"            
[43] "1"                 
 [1] "sigma:"             "0.99"               "0.99"              
 [4] "0.99"               "0.99"               "0.99"              
 [7] "0.99"               "0.99"               "0.99"              
[10] "0.99"               "0.99"               "0.99"              
[13] "0.99"               "0.99"               "0.99"              
[16] "0.99"               "0.99"               "0.99"              
[19] "0.99"               "0.99"               "0.99"              
[22] "0.99"               "0.99"               "0.99"              
[25] "0.99"               "0.985705935687605"  "0.985705935687605" 
[28] "0.989032263701903"  "0.989032263701903"  "0.983191764506248" 
[31] "0.983191764506248"  "0.99"               "0.99"              
[34] "0.962811128587179"  "0.962811128587179"  "0.749659669898287" 
[37] "0.749659669898287"  "0.0304555204840151" "0.0304555204840151"
[40] "0.04774232484453"   "0.04774232484453"   "beta :"            
[43] "1"                 
[1] " old Likelihood:  -6603788.62981609"
[1] "New Likelihood:  -6603721.3452712"
iter:  0  f-value:  3389.552  pgrad:  0.5778384 
iter:  10  f-value:  3389.471  pgrad:  0.6693426 
iter:  20  f-value:  3389.468  pgrad:  0.6095297 
iter:  30  f-value:  3389.467  pgrad:  0.5843958 
iter:  40  f-value:  3389.465  pgrad:  0.5359743 
iter:  50  f-value:  3389.464  pgrad:  0.5009406 
  Unsuccessful convergence.
Time difference of 16.39913 mins
[1] "maxIt: 20"
[1] "It: 9"
 [1] "sigma:"             "0.99"               "0.99"              
 [4] "0.99"               "0.99"               "0.99"              
 [7] "0.99"               "0.99"               "0.99"              
[10] "0.99"               "0.99"               "0.99"              
[13] "0.99"               "0.99"               "0.99"              
[16] "0.99"               "0.99"               "0.99"              
[19] "0.99"               "0.99"               "0.99"              
[22] "0.99"               "0.99"               "0.99"              
[25] "0.99"               "0.986420292885557"  "0.986420292885557" 
[28] "0.989199391127396"  "0.989199391127396"  "0.984160474972565" 
[31] "0.984160474972565"  "0.99"               "0.99"              
[34] "0.965348915171642"  "0.965348915171642"  "0.744768591118669" 
[37] "0.744768591118669"  "0.0367115369133803" "0.0367115369133803"
[40] "0.049451183777103"  "0.049451183777103"  "beta :"            
[43] "1"                 
 [1] "sigma:"             "0.99"               "0.99"              
 [4] "0.99"               "0.99"               "0.99"              
 [7] "0.99"               "0.99"               "0.99"              
[10] "0.99"               "0.99"               "0.99"              
[13] "0.99"               "0.99"               "0.99"              
[16] "0.99"               "0.99"               "0.99"              
[19] "0.99"               "0.99"               "0.99"              
[22] "0.99"               "0.99"               "0.99"              
[25] "0.99"               "0.986420292885557"  "0.986420292885557" 
[28] "0.989199391127396"  "0.989199391127396"  "0.984160474972565" 
[31] "0.984160474972565"  "0.99"               "0.99"              
[34] "0.965348915171642"  "0.965348915171642"  "0.744768591118669" 
[37] "0.744768591118669"  "0.0367115369133803" "0.0367115369133803"
[40] "0.049451183777103"  "0.049451183777103"  "beta :"            
[43] "1"                 
[1] " old Likelihood:  -6603721.3452712"
[1] "New Likelihood:  -6603674.95395439"
iter:  0  f-value:  3369.198  pgrad:  0.7176868 
iter:  10  f-value:  3369.139  pgrad:  0.7486523 
iter:  20  f-value:  3369.137  pgrad:  0.5224092 
iter:  30  f-value:  3369.135  pgrad:  0.504142 
iter:  40  f-value:  3369.134  pgrad:  0.4683625 
iter:  50  f-value:  3369.134  pgrad:  0.4454523 
  Unsuccessful convergence.
Time difference of 16.42117 mins
[1] "maxIt: 20"
[1] "It: 10"
 [1] "sigma:"             "0.99"               "0.99"              
 [4] "0.99"               "0.99"               "0.99"              
 [7] "0.99"               "0.99"               "0.99"              
[10] "0.99"               "0.99"               "0.99"              
[13] "0.99"               "0.99"               "0.99"              
[16] "0.99"               "0.99"               "0.99"              
[19] "0.99"               "0.99"               "0.99"              
[22] "0.99"               "0.99"               "0.99"              
[25] "0.99"               "0.986750916083902"  "0.986750916083902" 
[28] "0.989274266187815"  "0.989274266187815"  "0.984747691687895" 
[31] "0.984747691687895"  "0.99"               "0.99"              
[34] "0.967927456304886"  "0.967927456304886"  "0.739211574207768" 
[37] "0.739211574207768"  "0.0416757671371262" "0.0416757671371262"
[40] "0.0506979026480762" "0.0506979026480762" "beta :"            
[43] "1"                 
 [1] "sigma:"              "0.99"                "0.99"               
 [4] "0.99"                "0.99"                "0.99"               
 [7] "0.99"                "0.99"                "0.99"               
[10] "0.99"                "0.99"                "0.99"               
[13] "0.99"                "0.99"                "0.99"               
[16] "0.99"                "0.99"                "0.99"               
[19] "0.99"                "0.99"                "0.99"               
[22] "0.99"                "0.99"                "0.99"               
[25] "0.99"                "0.986750916083902"   "0.986750916083902"  
[28] "0.989274266187815"   "0.989274266187815"   "0.984747691687895"  
[31] "0.984747691687895"   "0.99"                "0.99"               
[34] "0.967927456304886"   "0.967927456304886"   "0.739211574207768"  
[37] "0.739211574207768"   "0.0416757671371262"  "0.0416757671371262" 
[40] "0.00119790264807618" "0.00119790264807618" "beta :"             
[43] "1"                  
[1] " old Likelihood:  -6603674.95395439"
[1] "New Likelihood:  -6603619.77589247"
iter:  0  f-value:  3352.434  pgrad:  0.7466784 
iter:  10  f-value:  3352.391  pgrad:  0.7440089 
iter:  20  f-value:  3352.387  pgrad:  0.384166 
iter:  30  f-value:  3352.386  pgrad:  0.3689138 
iter:  40  f-value:  3352.386  pgrad:  0.3453533 
iter:  50  f-value:  3352.385  pgrad:  0.3319929 
  Unsuccessful convergence.
Time difference of 16.84109 mins
[1] "maxIt: 20"
[1] "It: 11"
 [1] "sigma:"              "0.99"                "0.99"               
 [4] "0.99"                "0.99"                "0.99"               
 [7] "0.99"                "0.99"                "0.99"               
[10] "0.99"                "0.99"                "0.99"               
[13] "0.99"                "0.99"                "0.99"               
[16] "0.99"                "0.99"                "0.99"               
[19] "0.99"                "0.99"                "0.99"               
[22] "0.99"                "0.99"                "0.99"               
[25] "0.99"                "0.986890611601486"   "0.986890611601486"  
[28] "0.989320679103171"   "0.989320679103171"   "0.985081539230503"  
[31] "0.985081539230503"   "0.99"                "0.99"               
[34] "0.970556276081699"   "0.970556276081699"   "0.732901220707709"  
[37] "0.732901220707709"   "0.045832768386912"   "0.045832768386912"  
[40] "0.00208404153687811" "0.00208404153687811" "beta :"             
[43] "1"                  
 [1] "sigma:"              "0.99"                "0.99"               
 [4] "0.99"                "0.99"                "0.99"               
 [7] "0.99"                "0.99"                "0.99"               
[10] "0.99"                "0.99"                "0.99"               
[13] "0.99"                "0.99"                "0.99"               
[16] "0.99"                "0.99"                "0.99"               
[19] "0.99"                "0.99"                "0.99"               
[22] "0.99"                "0.99"                "0.99"               
[25] "0.99"                "0.986890611601486"   "0.986890611601486"  
[28] "0.989320679103171"   "0.989320679103171"   "0.985081539230503"  
[31] "0.985081539230503"   "0.99"                "0.99"               
[34] "0.970556276081699"   "0.970556276081699"   "0.732901220707709"  
[37] "0.732901220707709"   "0.095332768386912"   "0.095332768386912"  
[40] "0.00208404153687812" "0.00208404153687812" "beta :"             
[43] "1"                  
[1] " old Likelihood:  -6603619.77589247"
[1] "New Likelihood:  -6603591.83397649"
iter:  0  f-value:  3306.984  pgrad:  0.7403043 
iter:  10  f-value:  3306.945  pgrad:  0.7374916 
iter:  20  f-value:  3306.943  pgrad:  0.4917729 
iter:  30  f-value:  3306.942  pgrad:  0.4229605 
iter:  40  f-value:  3306.941  pgrad:  0.3981722 
iter:  50  f-value:  3306.94  pgrad:  0.4393814 
  Unsuccessful convergence.
Time difference of 16.79554 mins
[1] "maxIt: 20"
[1] "It: 12"
 [1] "sigma:"              "0.99"                "0.99"               
 [4] "0.99"                "0.99"                "0.99"               
 [7] "0.99"                "0.99"                "0.99"               
[10] "0.99"                "0.99"                "0.99"               
[13] "0.99"                "0.99"                "0.99"               
[16] "0.99"                "0.99"                "0.99"               
[19] "0.99"                "0.99"                "0.99"               
[22] "0.99"                "0.99"                "0.99"               
[25] "0.99"                "0.986936286046563"   "0.986936286046563"  
[28] "0.989363947035675"   "0.989363947035675"   "0.985229407196734"  
[31] "0.985229407196734"   "0.99"                "0.99"               
[34] "0.973127514657327"   "0.973127514657327"   "0.727102410029337"  
[37] "0.727102410029337"   "0.101111861223892"   "0.101111861223892"  
[40] "0.00334117771159181" "0.00334117771159181" "beta :"             
[43] "1"                  
 [1] "sigma:"              "0.99"                "0.99"               
 [4] "0.99"                "0.99"                "0.99"               
 [7] "0.99"                "0.99"                "0.99"               
[10] "0.99"                "0.99"                "0.99"               
[13] "0.99"                "0.99"                "0.99"               
[16] "0.99"                "0.99"                "0.99"               
[19] "0.99"                "0.99"                "0.99"               
[22] "0.99"                "0.99"                "0.99"               
[25] "0.99"                "0.986936286046563"   "0.986936286046563"  
[28] "0.989363947035675"   "0.989363947035675"   "0.985229407196734"  
[31] "0.985229407196734"   "0.99"                "0.99"               
[34] "0.973127514657327"   "0.973127514657327"   "0.727102410029337"  
[37] "0.727102410029337"   "0.150611861223892"   "0.150611861223892"  
[40] "0.00334117771159181" "0.00334117771159181" "beta :"             
[43] "1"                  
[1] " old Likelihood:  -6603591.83397649"
[1] "New Likelihood:  -6603567.21008841"
iter:  0  f-value:  3263.691  pgrad:  0.7344469 
iter:  10  f-value:  3263.655  pgrad:  0.7316878 
iter:  20  f-value:  3263.653  pgrad:  0.4686717 
iter:  30  f-value:  3263.652  pgrad:  0.4470985 
iter:  40  f-value:  3263.65  pgrad:  0.3479545 
iter:  50  f-value:  3263.649  pgrad:  0.4540365 
  Unsuccessful convergence.
Time difference of 16.85216 mins
[1] "maxIt: 20"
[1] "It: 13"
 [1] "sigma:"              "0.99"                "0.99"               
 [4] "0.99"                "0.99"                "0.99"               
 [7] "0.99"                "0.99"                "0.99"               
[10] "0.99"                "0.99"                "0.99"               
[13] "0.99"                "0.99"                "0.99"               
[16] "0.99"                "0.99"                "0.99"               
[19] "0.99"                "0.99"                "0.99"               
[22] "0.99"                "0.99"                "0.99"               
[25] "0.99"                "0.986944227450327"   "0.986944227450327"  
[28] "0.989415897834151"   "0.989415897834151"   "0.985238324038626"  
[31] "0.985238324038626"   "0.99"                "0.99"               
[34] "0.975591908976592"   "0.975591908976592"   "0.721556074012638"  
[37] "0.721556074012638"   "0.158204965229696"   "0.158204965229696"  
[40] "0.00493218597886096" "0.00493218597886096" "beta :"             
[43] "1"                  
 [1] "sigma:"              "0.99"                "0.99"               
 [4] "0.99"                "0.99"                "0.99"               
 [7] "0.99"                "0.99"                "0.99"               
[10] "0.99"                "0.99"                "0.99"               
[13] "0.99"                "0.99"                "0.99"               
[16] "0.99"                "0.99"                "0.99"               
[19] "0.99"                "0.99"                "0.99"               
[22] "0.99"                "0.99"                "0.99"               
[25] "0.99"                "0.986944227450327"   "0.986944227450327"  
[28] "0.989415897834151"   "0.989415897834151"   "0.985238324038626"  
[31] "0.985238324038626"   "0.99"                "0.99"               
[34] "0.975591908976592"   "0.975591908976592"   "0.721556074012638"  
[37] "0.721556074012638"   "0.158204965229696"   "0.158204965229696"  
[40] "0.00493218597886097" "0.00493218597886097" "beta :"             
[43] "1"                  
[1] " old Likelihood:  -6603567.21008841"
[1] "New Likelihood:  -6603544.54649013"
iter:  0  f-value:  3255.83  pgrad:  0.7288445 
iter:  10  f-value:  3255.799  pgrad:  0.7262418 
iter:  20  f-value:  3255.797  pgrad:  0.5428774 
iter:  30  f-value:  3255.796  pgrad:  0.3493005 
iter:  40  f-value:  3255.795  pgrad:  0.3373634 
iter:  50  f-value:  3255.795  pgrad:  0.3197738 
  Unsuccessful convergence.
Time difference of 16.84773 mins
[1] "maxIt: 20"
[1] "It: 14"
 [1] "sigma:"              "0.99"                "0.99"               
 [4] "0.99"                "0.99"                "0.99"               
 [7] "0.99"                "0.99"                "0.99"               
[10] "0.99"                "0.99"                "0.99"               
[13] "0.99"                "0.99"                "0.99"               
[16] "0.99"                "0.99"                "0.99"               
[19] "0.99"                "0.99"                "0.99"               
[22] "0.99"                "0.99"                "0.99"               
[25] "0.99"                "0.986927234274332"   "0.986927234274332"  
[28] "0.989486902180916"   "0.989486902180916"   "0.985178781804696"  
[31] "0.985178781804696"   "0.99"                "0.99"               
[34] "0.977968259964952"   "0.977968259964952"   "0.715715914813195"  
[37] "0.715715914813195"   "0.161257724486987"   "0.161257724486987"  
[40] "0.00548749323157793" "0.00548749323157793" "beta :"             
[43] "1"                  
 [1] "sigma:"              "0.99"                "0.99"               
 [4] "0.99"                "0.99"                "0.99"               
 [7] "0.99"                "0.99"                "0.99"               
[10] "0.99"                "0.99"                "0.99"               
[13] "0.99"                "0.99"                "0.99"               
[16] "0.99"                "0.99"                "0.99"               
[19] "0.99"                "0.99"                "0.99"               
[22] "0.99"                "0.99"                "0.99"               
[25] "0.99"                "0.986927234274332"   "0.986927234274332"  
[28] "0.989486902180916"   "0.989486902180916"   "0.985178781804696"  
[31] "0.985178781804696"   "0.99"                "0.99"               
[34] "0.977968259964952"   "0.977968259964952"   "0.715715914813195"  
[37] "0.715715914813195"   "0.161257724486987"   "0.161257724486987"  
[40] "0.00548749323157793" "0.00548749323157793" "beta :"             
[43] "1"                  
[1] " old Likelihood:  -6603544.54649013"
[1] "New Likelihood:  -6603525.33390866"
iter:  0  f-value:  3249.743  pgrad:  0.7229454 
iter:  10  f-value:  3249.715  pgrad:  0.7201326 
iter:  20  f-value:  3249.712  pgrad:  0.4789808 
iter:  30  f-value:  3249.712  pgrad:  0.2970683 
iter:  40  f-value:  3249.711  pgrad:  0.9996132 
iter:  50  f-value:  3249.711  pgrad:  0.2390061 
  Unsuccessful convergence.
Time difference of 16.88583 mins
[1] "maxIt: 20"
[1] "It: 15"
 [1] "sigma:"              "0.99"                "0.99"               
 [4] "0.99"                "0.99"                "0.99"               
 [7] "0.99"                "0.99"                "0.99"               
[10] "0.99"                "0.99"                "0.99"               
[13] "0.99"                "0.99"                "0.99"               
[16] "0.99"                "0.99"                "0.99"               
[19] "0.99"                "0.99"                "0.99"               
[22] "0.99"                "0.99"                "0.99"               
[25] "0.99"                "0.986896114509789"   "0.986896114509789"  
[28] "0.989568898651973"   "0.989568898651973"   "0.985065045608444"  
[31] "0.985065045608444"   "0.99"                "0.99"               
[34] "0.980261350269701"   "0.980261350269701"   "0.709653013122393"  
[37] "0.709653013122393"   "0.165138706940532"   "0.165138706940532"  
[40] "0.00613197257939166" "0.00613197257939166" "beta :"             
[43] "1"                  
 [1] "sigma:"              "0.99"                "0.99"               
 [4] "0.99"                "0.99"                "0.99"               
 [7] "0.99"                "0.99"                "0.99"               
[10] "0.99"                "0.99"                "0.99"               
[13] "0.99"                "0.99"                "0.99"               
[16] "0.99"                "0.99"                "0.99"               
[19] "0.99"                "0.99"                "0.99"               
[22] "0.99"                "0.99"                "0.99"               
[25] "0.99"                "0.986896114509789"   "0.986896114509789"  
[28] "0.989568898651973"   "0.989568898651973"   "0.985065045608444"  
[31] "0.985065045608444"   "0.99"                "0.99"               
[34] "0.980261350269701"   "0.980261350269701"   "0.709653013122393"  
[37] "0.709653013122393"   "0.214638706940532"   "0.214638706940532"  
[40] "0.00613197257939166" "0.00613197257939166" "beta :"             
[43] "1"                  
[1] " old Likelihood:  -6603525.33390866"
[1] "New Likelihood:  -6603508.30854334"
iter:  0  f-value:  3208.785  pgrad:  0.7168212 
iter:  10  f-value:  3208.757  pgrad:  0.9997181 
iter:  20  f-value:  3208.756  pgrad:  0.5776519 
iter:  30  f-value:  3208.755  pgrad:  0.3391415 
iter:  40  f-value:  3208.753  pgrad:  0.1629951 
iter:  50  f-value:  3208.753  pgrad:  0.1372109 
  Unsuccessful convergence.
Time difference of 16.83999 mins
[1] "maxIt: 20"
[1] "It: 16"
 [1] "sigma:"             "0.99"               "0.99"              
 [4] "0.99"               "0.99"               "0.99"              
 [7] "0.99"               "0.99"               "0.99"              
[10] "0.99"               "0.99"               "0.99"              
[13] "0.99"               "0.99"               "0.99"              
[16] "0.99"               "0.99"               "0.99"              
[19] "0.99"               "0.99"               "0.99"              
[22] "0.99"               "0.99"               "0.99"              
[25] "0.99"               "0.986868989977931"  "0.986868989977931" 
[28] "0.989665223939382"  "0.989665223939382"  "0.984891620796748" 
[31] "0.984891620796748"  "0.99"               "0.99"              
[34] "0.982429161248647"  "0.982429161248647"  "0.704145542826358" 
[37] "0.704145542826358"  "0.222043303602504"  "0.222043303602504" 
[40] "0.0074492830340469" "0.0074492830340469" "beta :"            
[43] "1"                 
 [1] "sigma:"             "0.99"               "0.99"              
 [4] "0.99"               "0.99"               "0.99"              
 [7] "0.99"               "0.99"               "0.99"              
[10] "0.99"               "0.99"               "0.99"              
[13] "0.99"               "0.99"               "0.99"              
[16] "0.99"               "0.99"               "0.99"              
[19] "0.99"               "0.99"               "0.99"              
[22] "0.99"               "0.99"               "0.99"              
[25] "0.99"               "0.986868989977931"  "0.986868989977931" 
[28] "0.989665223939382"  "0.989665223939382"  "0.984891620796748" 
[31] "0.984891620796748"  "0.99"               "0.99"              
[34] "0.982429161248647"  "0.982429161248647"  "0.704145542826358" 
[37] "0.704145542826358"  "0.222043303602504"  "0.222043303602504" 
[40] "0.0074492830340469" "0.0074492830340469" "beta :"            
[43] "1"                 
[1] " old Likelihood:  -6603508.30854334"
[1] "New Likelihood:  -6603492.55380361"
iter:  0  f-value:  3204.101  pgrad:  0.7112581 
iter:  10  f-value:  3204.077  pgrad:  0.7082737 
iter:  20  f-value:  3204.078  pgrad:  1 
iter:  30  f-value:  3204.075  pgrad:  0.2608977 
iter:  40  f-value:  3204.075  pgrad:  0.2340266 
iter:  50  f-value:  3204.075  pgrad:  0.2239676 
  Unsuccessful convergence.
Time difference of 16.83596 mins
[1] "maxIt: 20"
[1] "It: 17"
 [1] "sigma:"              "0.99"                "0.99"               
 [4] "0.99"                "0.99"                "0.99"               
 [7] "0.99"                "0.99"                "0.99"               
[10] "0.99"                "0.99"                "0.99"               
[13] "0.99"                "0.99"                "0.99"               
[16] "0.99"                "0.99"                "0.99"               
[19] "0.99"                "0.99"                "0.99"               
[22] "0.99"                "0.99"                "0.99"               
[25] "0.99"                "0.986825387769536"   "0.986825387769536"  
[28] "0.989778860623582"   "0.989778860623582"   "0.984709013201621"  
[31] "0.984709013201621"   "0.99"                "0.99"               
[34] "0.984468897840728"   "0.984468897840728"   "0.69847325754784"   
[37] "0.69847325754784"    "0.22458199960127"    "0.22458199960127"   
[40] "0.00805434606771097" "0.00805434606771097" "beta :"             
[43] "1"                  
 [1] "sigma:"              "0.99"                "0.99"               
 [4] "0.99"                "0.99"                "0.99"               
 [7] "0.99"                "0.99"                "0.99"               
[10] "0.99"                "0.99"                "0.99"               
[13] "0.99"                "0.99"                "0.99"               
[16] "0.99"                "0.99"                "0.99"               
[19] "0.99"                "0.99"                "0.99"               
[22] "0.99"                "0.99"                "0.99"               
[25] "0.99"                "0.986825387769536"   "0.986825387769536"  
[28] "0.989778860623582"   "0.989778860623582"   "0.984709013201621"  
[31] "0.984709013201621"   "0.99"                "0.99"               
[34] "0.984468897840728"   "0.984468897840728"   "0.69847325754784"   
[37] "0.69847325754784"    "0.22458199960127"    "0.22458199960127"   
[40] "0.00805434606771097" "0.00805434606771097" "beta :"             
[43] "1"                  
[1] " old Likelihood:  -6603492.55380361"
[1] "New Likelihood:  -6603478.8873541"
iter:  0  f-value:  3201.233  pgrad:  0.7055285 
iter:  10  f-value:  3201.212  pgrad:  0.7032675 
iter:  20  f-value:  3201.21  pgrad:  0.6282471 
iter:  30  f-value:  3201.209  pgrad:  0.2133629 
iter:  40  f-value:  3201.209  pgrad:  0.2075831 
iter:  50  f-value:  3201.209  pgrad:  0.1924809 
  Unsuccessful convergence.
Time difference of 16.83092 mins
[1] "maxIt: 20"
[1] "It: 18"
 [1] "sigma:"             "0.99"               "0.99"              
 [4] "0.99"               "0.99"               "0.99"              
 [7] "0.99"               "0.99"               "0.99"              
[10] "0.99"               "0.99"               "0.99"              
[13] "0.99"               "0.99"               "0.99"              
[16] "0.99"               "0.99"               "0.99"              
[19] "0.99"               "0.99"               "0.99"              
[22] "0.99"               "0.99"               "0.99"              
[25] "0.99"               "0.986790554720988"  "0.986790554720988" 
[28] "0.989894720622001"  "0.989894720622001"  "0.98448957578254"  
[31] "0.98448957578254"   "0.99"               "0.99"              
[34] "0.986380799803371"  "0.986380799803371"  "0.693016293844415" 
[37] "0.693016293844415"  "0.226364299539316"  "0.226364299539316" 
[40] "0.0082999721877844" "0.0082999721877844" "beta :"            
[43] "1"                 
 [1] "sigma:"             "0.99"               "0.99"              
 [4] "0.99"               "0.99"               "0.99"              
 [7] "0.99"               "0.99"               "0.99"              
[10] "0.99"               "0.99"               "0.99"              
[13] "0.99"               "0.99"               "0.99"              
[16] "0.99"               "0.99"               "0.99"              
[19] "0.99"               "0.99"               "0.99"              
[22] "0.99"               "0.99"               "0.99"              
[25] "0.99"               "0.986790554720988"  "0.986790554720988" 
[28] "0.989894720622001"  "0.989894720622001"  "0.98448957578254"  
[31] "0.98448957578254"   "0.99"               "0.99"              
[34] "0.986380799803371"  "0.986380799803371"  "0.693016293844415" 
[37] "0.693016293844415"  "0.226364299539316"  "0.226364299539316" 
[40] "0.0082999721877844" "0.0082999721877844" "beta :"            
[43] "1"                 
[1] " old Likelihood:  -6603478.8873541"
[1] "New Likelihood:  -6603466.91841892"
iter:  0  f-value:  3198.868  pgrad:  0.7000165 
iter:  10  f-value:  3198.849  pgrad:  0.6974643 
iter:  20  f-value:  3198.847  pgrad:  0.525356 
iter:  30  f-value:  3198.847  pgrad:  0.2319211 
iter:  40  f-value:  3198.846  pgrad:  0.1773242 
iter:  50  f-value:  3198.846  pgrad:  0.1692251 
  Unsuccessful convergence.
Time difference of 16.86191 mins
[1] "maxIt: 20"
[1] "It: 19"
 [1] "sigma:"              "0.99"                "0.99"               
 [4] "0.99"                "0.99"                "0.99"               
 [7] "0.99"                "0.99"                "0.99"               
[10] "0.99"                "0.99"                "0.99"               
[13] "0.99"                "0.99"                "0.99"               
[16] "0.99"                "0.99"                "0.99"               
[19] "0.99"                "0.99"                "0.99"               
[22] "0.99"                "0.99"                "0.99"               
[25] "0.99"                "0.986762107036679"   "0.986762107036679"  
[28] "0.99"                "0.99"                "0.984269869050823"  
[31] "0.984269869050823"   "0.99"                "0.99"               
[34] "0.988168529242689"   "0.988168529242689"   "0.687728500680544"  
[37] "0.687728500680544"   "0.227822012980237"   "0.227822012980237"  
[40] "0.00848363129147751" "0.00848363129147751" "beta :"             
[43] "1"                  
 [1] "sigma:"              "0.99"                "0.99"               
 [4] "0.99"                "0.99"                "0.99"               
 [7] "0.99"                "0.99"                "0.99"               
[10] "0.99"                "0.99"                "0.99"               
[13] "0.99"                "0.99"                "0.99"               
[16] "0.99"                "0.99"                "0.99"               
[19] "0.99"                "0.99"                "0.99"               
[22] "0.99"                "0.99"                "0.99"               
[25] "0.99"                "0.986762107036679"   "0.986762107036679"  
[28] "0.99"                "0.99"                "0.984269869050823"  
[31] "0.984269869050823"   "0.99"                "0.99"               
[34] "0.988168529242689"   "0.988168529242689"   "0.687728500680544"  
[37] "0.687728500680544"   "0.227822012980237"   "0.227822012980237"  
[40] "0.00848363129147751" "0.00848363129147751" "beta :"             
[43] "1"                  
[1] " old Likelihood:  -6603466.91841892"
[1] "New Likelihood:  -6603456.29915944"
iter:  0  f-value:  3197.148  pgrad:  0.6946753 
iter:  10  f-value:  3197.13  pgrad:  0.6926135 
iter:  20  f-value:  3197.128  pgrad:  0.5522204 
iter:  30  f-value:  3197.128  pgrad:  0.558116 
iter:  40  f-value:  3197.128  pgrad:  0.13521 
iter:  50  f-value:  3197.127  pgrad:  0.1318585 
  Unsuccessful convergence.
Time difference of 16.85973 mins
[1] "maxIt: 20"
[1] "It: 20"
 [1] "sigma:"              "0.99"                "0.99"               
 [4] "0.99"                "0.99"                "0.99"               
 [7] "0.99"                "0.99"                "0.99"               
[10] "0.99"                "0.99"                "0.99"               
[13] "0.99"                "0.99"                "0.99"               
[16] "0.99"                "0.99"                "0.99"               
[19] "0.99"                "0.99"                "0.99"               
[22] "0.99"                "0.99"                "0.99"               
[25] "0.99"                "0.986814155347396"   "0.986814155347396"  
[28] "0.99"                "0.99"                "0.984084375193215"  
[31] "0.984084375193215"   "0.99"                "0.99"               
[34] "0.989833914177725"   "0.989833914177725"   "0.682553877426954"  
[37] "0.682553877426954"   "0.229511312836334"   "0.229511312836334"  
[40] "0.00868264297222013" "0.00868264297222013" "beta :"             
[43] "1"                  
 [1] "sigma:"              "0.99"                "0.99"               
 [4] "0.99"                "0.99"                "0.99"               
 [7] "0.99"                "0.99"                "0.99"               
[10] "0.99"                "0.99"                "0.99"               
[13] "0.99"                "0.99"                "0.99"               
[16] "0.99"                "0.99"                "0.99"               
[19] "0.99"                "0.99"                "0.99"               
[22] "0.99"                "0.99"                "0.99"               
[25] "0.99"                "0.986814155347396"   "0.986814155347396"  
[28] "0.99"                "0.99"                "0.984084375193215"  
[31] "0.984084375193215"   "0.99"                "0.99"               
[34] "0.989833914177725"   "0.989833914177725"   "0.682553877426954"  
[37] "0.682553877426954"   "0.229511312836334"   "0.229511312836334"  
[40] "0.00868264297222013" "0.00868264297222013" "beta :"             
[43] "1"                  
[1] " old Likelihood:  -6603456.29915944"
[1] "New Likelihood:  -6603447.04359983"
iter:  0  f-value:  3195.98  pgrad:  0.6894484 
iter:  10  f-value:  3195.973  pgrad:  0.414866 
iter:  20  f-value:  3195.973  pgrad:  0.1494436 
iter:  30  f-value:  3195.973  pgrad:  0.1340459 
iter:  40  f-value:  3195.973  pgrad:  0.1309309 
iter:  50  f-value:  3195.973  pgrad:  0.1299213 
  Unsuccessful convergence.
Time difference of 16.82193 mins
 [1] "sigma:"              "0.99"                "0.99"               
 [4] "0.99"                "0.99"                "0.99"               
 [7] "0.99"                "0.99"                "0.99"               
[10] "0.99"                "0.99"                "0.99"               
[13] "0.99"                "0.99"                "0.99"               
[16] "0.99"                "0.99"                "0.99"               
[19] "0.99"                "0.99"                "0.99"               
[22] "0.99"                "0.99"                "0.99"               
[25] "0.99"                "0.986839422320004"   "0.986839422320004"  
[28] "0.99"                "0.99"                "0.984071242657155"  
[31] "0.984071242657155"   "0.99"                "0.99"               
[34] "0.99"                "0.99"                "0.679685307357834"  
[37] "0.679685307357834"   "0.23051312271251"    "0.23051312271251"   
[40] "0.00881316268969491" "0.00881316268969491" "beta :"             
[43] "1"                  
[1] 1999742 1997248 1999774 1999770 1999332
[1] 1 1 1 1 1
saved RDS
inference successful
