[1] "Original length"
[1] 999861
[1] "Final length"
[1] 14232
[1] "sequence length : 999862" "sequence length : 999790"
[3] "sequence length : 999583" "sequence length : 999858"
[5] "sequence length : 998891"
[1] 1 1 1 1 1
[1] "Beta: 1"
[1] "Self: 0.5"
 [1] 0 0 0 0 0 0 0 0 0 0 0 0 0 0 0 0 0 0 0 0
[1] "maxIt: 20"
[1] "It: 1"
 [1] "sigma:" "0.5"    "0.5"    "0.5"    "0.5"    "0.5"    "0.5"    "0.5"   
 [9] "0.5"    "0.5"    "0.5"    "0.5"    "0.5"    "0.5"    "0.5"    "0.5"   
[17] "0.5"    "0.5"    "0.5"    "0"      "0"      "0"      "0"      "0"     
[25] "0"      "0"      "0"      "0"      "0"      "0"      "0"      "0"     
[33] "0"      "0"      "0"      "0"      "0"      "0"      "0"      "0"     
[41] "0"      "beta :" "1"     
[1] 7446115
[1] 7445653
[1] 7445417
[1] 7445064
[1] 7444537
[1] 7443761
[1] 7442629
[1] 7441002
[1] 7438720
[1] 7435578
[1] 7431355
[1] 7425931
[1] 7419177
[1] 7411629
[1] 7404197
[1] 7397923
[1] 7393302
[1] 7392079
[1] 7393228
[1] 7394371
[1] 7394744
 [1] "sigma:" "0.9655" "0.9655" "0.9655" "0.9655" "0.9655" "0.9655" "0.9655"
 [9] "0.9655" "0.9655" "0.9655" "0.9655" "0.9655" "0.9655" "0.9655" "0.9655"
[17] "0.9655" "0.9655" "0.9655" "0.9655" "0.9655" "0.9655" "0.9655" "0.9655"
[25] "0.9655" "0.9655" "0.9655" "0.9655" "0.9655" "0.9655" "0.9655" "0.9655"
[33] "0.9655" "0.9655" "0.9655" "0.475"  "0.475"  "0.475"  "0.475"  "0.475" 
[41] "0.475"  "beta :" "1"     
[1] "New Likelihood:  -7392079.22893932"
iter:  0  f-value:  4110.908  pgrad:  0.95 
iter:  10  f-value:  4101.198  pgrad:  0.5053866 
iter:  20  f-value:  4101.037  pgrad:  0.5053519 
iter:  30  f-value:  4100.73  pgrad:  0.9682773 
  Unsuccessful convergence.
Time difference of 31.20485 mins
[1] "maxIt: 20"
[1] "It: 2"
 [1] "sigma:"           "0.97434121534843" "0.97434121534843" "0.97434121534843"
 [5] "0.97434121534843" "0.97434121534843" "0.97434121534843" "0.97434121534843"
 [9] "0.97434121534843" "0.97434121534843" "0.97434121534843" "0.97434121534843"
[13] "0.97434121534843" "0.97434121534843" "0.97434121534843" "0.97434121534843"
[17] "0.97434121534843" "0.97434121534843" "0.97434121534843" "0.97434121534843"
[21] "0.97434121534843" "0.97434121534843" "0.97434121534843" "0.97434121534843"
[25] "0.97434121534843" "0.97434121534843" "0.97434121534843" "0.97434121534843"
[29] "0.97434121534843" "0.97434121534843" "0.97434121534843" "0.97434121534843"
[33] "0.97434121534843" "0.97434121534843" "0.97434121534843" "0.5"             
[37] "0.5"              "0.5"              "0.5"              "0.5"             
[41] "0.5"              "beta :"           "1"               
[1] 7391132
[1] 7388844
[1] 7389970
 [1] "sigma:"           "0.97434121534843" "0.97434121534843" "0.97434121534843"
 [5] "0.97434121534843" "0.97434121534843" "0.97434121534843" "0.97434121534843"
 [9] "0.97434121534843" "0.97434121534843" "0.97434121534843" "0.97434121534843"
[13] "0.97434121534843" "0.97434121534843" "0.97434121534843" "0.97434121534843"
[17] "0.97434121534843" "0.97434121534843" "0.97434121534843" "0.97434121534843"
[21] "0.97434121534843" "0.97434121534843" "0.97434121534843" "0.97434121534843"
[25] "0.97434121534843" "0.97434121534843" "0.97434121534843" "0.97434121534843"
[29] "0.97434121534843" "0.97434121534843" "0.97434121534843" "0.97434121534843"
[33] "0.97434121534843" "0.97434121534843" "0.97434121534843" "0.175"           
[37] "0.175"            "0.175"            "0.175"            "0.175"           
[41] "0.175"            "beta :"           "1"               
[1] " old Likelihood:  -7392079.22893932"
[1] "New Likelihood:  -7388843.71210958"
iter:  0  f-value:  4781.067  pgrad:  0.65 
iter:  10  f-value:  4778.835  pgrad:  0.4930037 
iter:  20  f-value:  4778.757  pgrad:  0.9774306 
iter:  30  f-value:  4778.753  pgrad:  0.4818586 
  Unsuccessful convergence.
Time difference of 13.04101 mins
[1] "maxIt: 20"
[1] "It: 3"
 [1] "sigma:"            "0.978945460222398" "0.978945460222398"
 [4] "0.978945460222398" "0.978945460222398" "0.978945460222398"
 [7] "0.978945460222398" "0.978945460222398" "0.978945460222398"
[10] "0.978945460222398" "0.978945460222398" "0.978945460222398"
[13] "0.978945460222398" "0.978945460222398" "0.978945460222398"
[16] "0.978945460222398" "0.978945460222398" "0.978945460222398"
[19] "0.978945460222398" "0.978945460222398" "0.978945460222398"
[22] "0.978945460222398" "0.978945460222398" "0.978945460222398"
[25] "0.978945460222398" "0.978945460222398" "0.978945460222398"
[28] "0.978945460222398" "0.978945460222398" "0.978945460222398"
[31] "0.978945460222398" "0.978945460222398" "0.978945460222398"
[34] "0.978945460222398" "0.978945460222398" "0.17796363641751" 
[37] "0.17796363641751"  "0.17796363641751"  "0.17796363641751" 
[40] "0.17796363641751"  "0.17796363641751"  "beta :"           
[43] "1"                
[1] 7390474
[1] 7388129
[1] 7389465
 [1] "sigma:"            "0.978945460222398" "0.978945460222398"
 [4] "0.978945460222398" "0.978945460222398" "0.978945460222398"
 [7] "0.978945460222398" "0.978945460222398" "0.978945460222398"
[10] "0.978945460222398" "0.978945460222398" "0.978945460222398"
[13] "0.978945460222398" "0.978945460222398" "0.978945460222398"
[16] "0.978945460222398" "0.978945460222398" "0.978945460222398"
[19] "0.978945460222398" "0.978945460222398" "0.978945460222398"
[22] "0.978945460222398" "0.978945460222398" "0.978945460222398"
[25] "0.978945460222398" "0.978945460222398" "0.978945460222398"
[28] "0.978945460222398" "0.978945460222398" "0.978945460222398"
[31] "0.978945460222398" "0.978945460222398" "0.978945460222398"
[34] "0.978945460222398" "0.978945460222398" "0.17796363641751" 
[37] "0.17796363641751"  "0.17796363641751"  "0.17796363641751" 
[40] "0.17796363641751"  "0.17796363641751"  "beta :"           
[43] "1"                
[1] " old Likelihood:  -7388843.71210958"
[1] "New Likelihood:  -7388128.75546692"
iter:  0  f-value:  4583.332  pgrad:  0.6440727 
iter:  10  f-value:  4582.37  pgrad:  0.4909498 
iter:  20  f-value:  4582.359  pgrad:  0.4798684 
iter:  30  f-value:  4582.355  pgrad:  0.4739256 
  Unsuccessful convergence.
Time difference of 7.672626 mins
[1] "maxIt: 20"
[1] "It: 4"
 [1] "sigma:"            "0.981658259276983" "0.981658259276983"
 [4] "0.981658259276983" "0.981658259276983" "0.981658259276983"
 [7] "0.981658259276983" "0.981658259276983" "0.981658259276983"
[10] "0.981658259276983" "0.981658259276983" "0.981658259276983"
[13] "0.981658259276983" "0.981658259276983" "0.981658259276983"
[16] "0.981658259276983" "0.981658259276983" "0.981658259276983"
[19] "0.981658259276983" "0.981658259276983" "0.981658259276983"
[22] "0.981658259276983" "0.981658259276983" "0.981658259276983"
[25] "0.981658259276983" "0.981658259276983" "0.981658259276983"
[28] "0.981658259276983" "0.981658259276983" "0.981658259276983"
[31] "0.981658259276983" "0.981658259276983" "0.981658259276983"
[34] "0.981658259276983" "0.981658259276983" "0.179925616355424"
[37] "0.179925616355424" "0.179925616355424" "0.179925616355424"
[40] "0.179925616355424" "0.179925616355424" "beta :"           
[43] "1"                
[1] 7390140
[1] 7387822
[1] 7389335
 [1] "sigma:"            "0.981658259276983" "0.981658259276983"
 [4] "0.981658259276983" "0.981658259276983" "0.981658259276983"
 [7] "0.981658259276983" "0.981658259276983" "0.981658259276983"
[10] "0.981658259276983" "0.981658259276983" "0.981658259276983"
[13] "0.981658259276983" "0.981658259276983" "0.981658259276983"
[16] "0.981658259276983" "0.981658259276983" "0.981658259276983"
[19] "0.981658259276983" "0.981658259276983" "0.981658259276983"
[22] "0.981658259276983" "0.981658259276983" "0.981658259276983"
[25] "0.981658259276983" "0.981658259276983" "0.981658259276983"
[28] "0.981658259276983" "0.981658259276983" "0.981658259276983"
[31] "0.981658259276983" "0.981658259276983" "0.981658259276983"
[34] "0.981658259276983" "0.981658259276983" "0.179925616355424"
[37] "0.179925616355424" "0.179925616355424" "0.179925616355424"
[40] "0.179925616355424" "0.179925616355424" "beta :"           
[43] "1"                
[1] " old Likelihood:  -7388128.75546692"
[1] "New Likelihood:  -7387822.04054515"
iter:  0  f-value:  4457.597  pgrad:  0.6401488 
iter:  10  f-value:  4457.189  pgrad:  0.5479069 
iter:  20  f-value:  4457.181  pgrad:  0.4878348 
iter:  30  f-value:  4457.18  pgrad:  0.4900772 
  Unsuccessful convergence.
Time difference of 7.68015 mins
[1] "maxIt: 20"
[1] "It: 5"
 [1] "sigma:"            "0.983244404520913" "0.983244404520913"
 [4] "0.983244404520913" "0.983244404520913" "0.983244404520913"
 [7] "0.983244404520913" "0.983244404520913" "0.983244404520913"
[10] "0.983244404520913" "0.983244404520913" "0.983244404520913"
[13] "0.983244404520913" "0.983244404520913" "0.983244404520913"
[16] "0.983244404520913" "0.983244404520913" "0.983244404520913"
[19] "0.983244404520913" "0.983244404520913" "0.983244404520913"
[22] "0.983244404520913" "0.983244404520913" "0.983244404520913"
[25] "0.983244404520913" "0.983244404520913" "0.983244404520913"
[28] "0.983244404520913" "0.983244404520913" "0.983244404520913"
[31] "0.983244404520913" "0.983244404520913" "0.983244404520913"
[34] "0.983244404520913" "0.983244404520913" "0.182149464051686"
[37] "0.182149464051686" "0.182149464051686" "0.182149464051686"
[40] "0.182149464051686" "0.182149464051686" "beta :"           
[43] "1"                
[1] 7389974
[1] 7387685
[1] 7389333
 [1] "sigma:"            "0.983244404520913" "0.983244404520913"
 [4] "0.983244404520913" "0.983244404520913" "0.983244404520913"
 [7] "0.983244404520913" "0.983244404520913" "0.983244404520913"
[10] "0.983244404520913" "0.983244404520913" "0.983244404520913"
[13] "0.983244404520913" "0.983244404520913" "0.983244404520913"
[16] "0.983244404520913" "0.983244404520913" "0.983244404520913"
[19] "0.983244404520913" "0.983244404520913" "0.983244404520913"
[22] "0.983244404520913" "0.983244404520913" "0.983244404520913"
[25] "0.983244404520913" "0.983244404520913" "0.983244404520913"
[28] "0.983244404520913" "0.983244404520913" "0.983244404520913"
[31] "0.983244404520913" "0.983244404520913" "0.983244404520913"
[34] "0.983244404520913" "0.983244404520913" "0.182149464051686"
[37] "0.182149464051686" "0.182149464051686" "0.182149464051686"
[40] "0.182149464051686" "0.182149464051686" "beta :"           
[43] "1"                
[1] " old Likelihood:  -7387822.04054515"
[1] "New Likelihood:  -7387684.62505626"
iter:  0  f-value:  4377.609  pgrad:  0.6357011 
iter:  10  f-value:  4377.424  pgrad:  0.6139908 
iter:  20  f-value:  4377.42  pgrad:  0.5389848 
iter:  30  f-value:  4377.419  pgrad:  0.5797665 
  Unsuccessful convergence.
Time difference of 7.672836 mins
[1] "maxIt: 20"
[1] "It: 6"
 [1] "sigma:"            "0.984174038749135" "0.984174038749135"
 [4] "0.984174038749135" "0.984174038749135" "0.984174038749135"
 [7] "0.984174038749135" "0.984174038749135" "0.984174038749135"
[10] "0.984174038749135" "0.984174038749135" "0.984174038749135"
[13] "0.984174038749135" "0.984174038749135" "0.984174038749135"
[16] "0.984174038749135" "0.984174038749135" "0.984174038749135"
[19] "0.984174038749135" "0.984174038749135" "0.984174038749135"
[22] "0.984174038749135" "0.984174038749135" "0.984174038749135"
[25] "0.984174038749135" "0.984174038749135" "0.984174038749135"
[28] "0.984174038749135" "0.984174038749135" "0.984174038749135"
[31] "0.984174038749135" "0.984174038749135" "0.984174038749135"
[34] "0.984174038749135" "0.984174038749135" "0.185495530686148"
[37] "0.185495530686148" "0.185495530686148" "0.185495530686148"
[40] "0.185495530686148" "0.185495530686148" "beta :"           
[43] "1"                
[1] 7389883
[1] 7387615
[1] 7389367
 [1] "sigma:"            "0.984174038749135" "0.984174038749135"
 [4] "0.984174038749135" "0.984174038749135" "0.984174038749135"
 [7] "0.984174038749135" "0.984174038749135" "0.984174038749135"
[10] "0.984174038749135" "0.984174038749135" "0.984174038749135"
[13] "0.984174038749135" "0.984174038749135" "0.984174038749135"
[16] "0.984174038749135" "0.984174038749135" "0.984174038749135"
[19] "0.984174038749135" "0.984174038749135" "0.984174038749135"
[22] "0.984174038749135" "0.984174038749135" "0.984174038749135"
[25] "0.984174038749135" "0.984174038749135" "0.984174038749135"
[28] "0.984174038749135" "0.984174038749135" "0.984174038749135"
[31] "0.984174038749135" "0.984174038749135" "0.984174038749135"
[34] "0.984174038749135" "0.984174038749135" "0.185495530686148"
[37] "0.185495530686148" "0.185495530686148" "0.185495530686148"
[40] "0.185495530686148" "0.185495530686148" "beta :"           
[43] "1"                
[1] " old Likelihood:  -7387684.62505626"
[1] "New Likelihood:  -7387615.16129588"
iter:  0  f-value:  4323.383  pgrad:  0.6290089 
iter:  10  f-value:  4323.291  pgrad:  0.6263484 
iter:  20  f-value:  4323.287  pgrad:  0.6256776 
iter:  30  f-value:  4323.286  pgrad:  0.5841594 
  Unsuccessful convergence.
Time difference of 7.66859 mins
[1] "maxIt: 20"
[1] "It: 7"
 [1] "sigma:"            "0.984715156517873" "0.984715156517873"
 [4] "0.984715156517873" "0.984715156517873" "0.984715156517873"
 [7] "0.984715156517873" "0.984715156517873" "0.984715156517873"
[10] "0.984715156517873" "0.984715156517873" "0.984715156517873"
[13] "0.984715156517873" "0.984715156517873" "0.984715156517873"
[16] "0.984715156517873" "0.984715156517873" "0.984715156517873"
[19] "0.984715156517873" "0.984715156517873" "0.984715156517873"
[22] "0.984715156517873" "0.984715156517873" "0.984715156517873"
[25] "0.984715156517873" "0.984715156517873" "0.984715156517873"
[28] "0.984715156517873" "0.984715156517873" "0.984715156517873"
[31] "0.984715156517873" "0.984715156517873" "0.984715156517873"
[34] "0.984715156517873" "0.984715156517873" "0.187785714324447"
[37] "0.187785714324447" "0.187785714324447" "0.187785714324447"
[40] "0.187785714324447" "0.187785714324447" "beta :"           
[43] "1"                
[1] 7389831
[1] 7387574
[1] 7389408
 [1] "sigma:"            "0.984715156517873" "0.984715156517873"
 [4] "0.984715156517873" "0.984715156517873" "0.984715156517873"
 [7] "0.984715156517873" "0.984715156517873" "0.984715156517873"
[10] "0.984715156517873" "0.984715156517873" "0.984715156517873"
[13] "0.984715156517873" "0.984715156517873" "0.984715156517873"
[16] "0.984715156517873" "0.984715156517873" "0.984715156517873"
[19] "0.984715156517873" "0.984715156517873" "0.984715156517873"
[22] "0.984715156517873" "0.984715156517873" "0.984715156517873"
[25] "0.984715156517873" "0.984715156517873" "0.984715156517873"
[28] "0.984715156517873" "0.984715156517873" "0.984715156517873"
[31] "0.984715156517873" "0.984715156517873" "0.984715156517873"
[34] "0.984715156517873" "0.984715156517873" "0.187785714324447"
[37] "0.187785714324447" "0.187785714324447" "0.187785714324447"
[40] "0.187785714324447" "0.187785714324447" "beta :"           
[43] "1"                
[1] " old Likelihood:  -7387615.16129588"
[1] "New Likelihood:  -7387573.94755502"
iter:  0  f-value:  4287.083  pgrad:  0.6244286 
iter:  10  f-value:  4287.029  pgrad:  0.6218076 
iter:  20  f-value:  4287.025  pgrad:  0.6210785 
iter:  30  f-value:  4287.024  pgrad:  0.6190658 
  Unsuccessful convergence.
Time difference of 7.653881 mins
[1] "maxIt: 20"
[1] "It: 8"
 [1] "sigma:"            "0.985033109239226" "0.985033109239226"
 [4] "0.985033109239226" "0.985033109239226" "0.985033109239226"
 [7] "0.985033109239226" "0.985033109239226" "0.985033109239226"
[10] "0.985033109239226" "0.985033109239226" "0.985033109239226"
[13] "0.985033109239226" "0.985033109239226" "0.985033109239226"
[16] "0.985033109239226" "0.985033109239226" "0.985033109239226"
[19] "0.985033109239226" "0.985033109239226" "0.985033109239226"
[22] "0.985033109239226" "0.985033109239226" "0.985033109239226"
[25] "0.985033109239226" "0.985033109239226" "0.985033109239226"
[28] "0.985033109239226" "0.985033109239226" "0.985033109239226"
[31] "0.985033109239226" "0.985033109239226" "0.985033109239226"
[34] "0.985033109239226" "0.985033109239226" "0.190449253464176"
[37] "0.190449253464176" "0.190449253464176" "0.190449253464176"
[40] "0.190449253464176" "0.190449253464176" "beta :"           
[43] "1"                
[1] 7389795
[1] 7387545
[1] 7389446
 [1] "sigma:"            "0.985033109239226" "0.985033109239226"
 [4] "0.985033109239226" "0.985033109239226" "0.985033109239226"
 [7] "0.985033109239226" "0.985033109239226" "0.985033109239226"
[10] "0.985033109239226" "0.985033109239226" "0.985033109239226"
[13] "0.985033109239226" "0.985033109239226" "0.985033109239226"
[16] "0.985033109239226" "0.985033109239226" "0.985033109239226"
[19] "0.985033109239226" "0.985033109239226" "0.985033109239226"
[22] "0.985033109239226" "0.985033109239226" "0.985033109239226"
[25] "0.985033109239226" "0.985033109239226" "0.985033109239226"
[28] "0.985033109239226" "0.985033109239226" "0.985033109239226"
[31] "0.985033109239226" "0.985033109239226" "0.985033109239226"
[34] "0.985033109239226" "0.985033109239226" "0.190449253464176"
[37] "0.190449253464176" "0.190449253464176" "0.190449253464176"
[40] "0.190449253464176" "0.190449253464176" "beta :"           
[43] "1"                
[1] " old Likelihood:  -7387573.94755502"
[1] "New Likelihood:  -7387544.95031017"
iter:  0  f-value:  4260.052  pgrad:  0.6191015 
iter:  10  f-value:  4260.013  pgrad:  0.6177011 
iter:  20  f-value:  4260.012  pgrad:  0.6165064 
iter:  30  f-value:  4260.01  pgrad:  0.5822403 
  Unsuccessful convergence.
Time difference of 7.645591 mins
[1] "maxIt: 20"
[1] "It: 9"
 [1] "sigma:"            "0.985226919919315" "0.985226919919315"
 [4] "0.985226919919315" "0.985226919919315" "0.985226919919315"
 [7] "0.985226919919315" "0.985226919919315" "0.985226919919315"
[10] "0.985226919919315" "0.985226919919315" "0.985226919919315"
[13] "0.985226919919315" "0.985226919919315" "0.985226919919315"
[16] "0.985226919919315" "0.985226919919315" "0.985226919919315"
[19] "0.985226919919315" "0.985226919919315" "0.985226919919315"
[22] "0.985226919919315" "0.985226919919315" "0.985226919919315"
[25] "0.985226919919315" "0.985226919919315" "0.985226919919315"
[28] "0.985226919919315" "0.985226919919315" "0.985226919919315"
[31] "0.985226919919315" "0.985226919919315" "0.985226919919315"
[34] "0.985226919919315" "0.985226919919315" "0.193151851157584"
[37] "0.193151851157584" "0.193151851157584" "0.193151851157584"
[40] "0.193151851157584" "0.193151851157584" "beta :"           
[43] "1"                
[1] 7389766
[1] 7387522
[1] 7389480
 [1] "sigma:"            "0.985226919919315" "0.985226919919315"
 [4] "0.985226919919315" "0.985226919919315" "0.985226919919315"
 [7] "0.985226919919315" "0.985226919919315" "0.985226919919315"
[10] "0.985226919919315" "0.985226919919315" "0.985226919919315"
[13] "0.985226919919315" "0.985226919919315" "0.985226919919315"
[16] "0.985226919919315" "0.985226919919315" "0.985226919919315"
[19] "0.985226919919315" "0.985226919919315" "0.985226919919315"
[22] "0.985226919919315" "0.985226919919315" "0.985226919919315"
[25] "0.985226919919315" "0.985226919919315" "0.985226919919315"
[28] "0.985226919919315" "0.985226919919315" "0.985226919919315"
[31] "0.985226919919315" "0.985226919919315" "0.985226919919315"
[34] "0.985226919919315" "0.985226919919315" "0.193151851157584"
[37] "0.193151851157584" "0.193151851157584" "0.193151851157584"
[40] "0.193151851157584" "0.193151851157584" "beta :"           
[43] "1"                
[1] " old Likelihood:  -7387544.95031017"
[1] "New Likelihood:  -7387522.30204312"
iter:  0  f-value:  4238.505  pgrad:  0.6136963 
iter:  10  f-value:  4238.475  pgrad:  0.6120534 
iter:  20  f-value:  4238.475  pgrad:  0.6117162 
iter:  30  f-value:  4238.474  pgrad:  0.6104924 
  Unsuccessful convergence.
Time difference of 7.67296 mins
[1] "maxIt: 20"
[1] "It: 10"
 [1] "sigma:"            "0.985347688283613" "0.985347688283613"
 [4] "0.985347688283613" "0.985347688283613" "0.985347688283613"
 [7] "0.985347688283613" "0.985347688283613" "0.985347688283613"
[10] "0.985347688283613" "0.985347688283613" "0.985347688283613"
[13] "0.985347688283613" "0.985347688283613" "0.985347688283613"
[16] "0.985347688283613" "0.985347688283613" "0.985347688283613"
[19] "0.985347688283613" "0.985347688283613" "0.985347688283613"
[22] "0.985347688283613" "0.985347688283613" "0.985347688283613"
[25] "0.985347688283613" "0.985347688283613" "0.985347688283613"
[28] "0.985347688283613" "0.985347688283613" "0.985347688283613"
[31] "0.985347688283613" "0.985347688283613" "0.985347688283613"
[34] "0.985347688283613" "0.985347688283613" "0.194813932334655"
[37] "0.194813932334655" "0.194813932334655" "0.194813932334655"
[40] "0.194813932334655" "0.194813932334655" "beta :"           
[43] "1"                
[1] 7389745
[1] 7387504
[1] 7389512
 [1] "sigma:"            "0.985347688283613" "0.985347688283613"
 [4] "0.985347688283613" "0.985347688283613" "0.985347688283613"
 [7] "0.985347688283613" "0.985347688283613" "0.985347688283613"
[10] "0.985347688283613" "0.985347688283613" "0.985347688283613"
[13] "0.985347688283613" "0.985347688283613" "0.985347688283613"
[16] "0.985347688283613" "0.985347688283613" "0.985347688283613"
[19] "0.985347688283613" "0.985347688283613" "0.985347688283613"
[22] "0.985347688283613" "0.985347688283613" "0.985347688283613"
[25] "0.985347688283613" "0.985347688283613" "0.985347688283613"
[28] "0.985347688283613" "0.985347688283613" "0.985347688283613"
[31] "0.985347688283613" "0.985347688283613" "0.985347688283613"
[34] "0.985347688283613" "0.985347688283613" "0.194813932334655"
[37] "0.194813932334655" "0.194813932334655" "0.194813932334655"
[40] "0.194813932334655" "0.194813932334655" "beta :"           
[43] "1"                
[1] " old Likelihood:  -7387522.30204312"
[1] "New Likelihood:  -7387504.26740241"
iter:  0  f-value:  4222.238  pgrad:  0.6103721 
iter:  10  f-value:  4222.215  pgrad:  0.6086202 
iter:  20  f-value:  4222.214  pgrad:  0.6078701 
iter:  30  f-value:  4222.213  pgrad:  0.990687 
  Unsuccessful convergence.
Time difference of 7.674322 mins
[1] "maxIt: 20"
[1] "It: 11"
 [1] "sigma:"            "0.985425345305143" "0.985425345305143"
 [4] "0.985425345305143" "0.985425345305143" "0.985425345305143"
 [7] "0.985425345305143" "0.985425345305143" "0.985425345305143"
[10] "0.985425345305143" "0.985425345305143" "0.985425345305143"
[13] "0.985425345305143" "0.985425345305143" "0.985425345305143"
[16] "0.985425345305143" "0.985425345305143" "0.985425345305143"
[19] "0.985425345305143" "0.985425345305143" "0.985425345305143"
[22] "0.985425345305143" "0.985425345305143" "0.985425345305143"
[25] "0.985425345305143" "0.985425345305143" "0.985425345305143"
[28] "0.985425345305143" "0.985425345305143" "0.985425345305143"
[31] "0.985425345305143" "0.985425345305143" "0.985425345305143"
[34] "0.985425345305143" "0.985425345305143" "0.196877515546916"
[37] "0.196877515546916" "0.196877515546916" "0.196877515546916"
[40] "0.196877515546916" "0.196877515546916" "beta :"           
[43] "1"                
[1] 7389727
[1] 7387489
[1] 7389539
 [1] "sigma:"            "0.985425345305143" "0.985425345305143"
 [4] "0.985425345305143" "0.985425345305143" "0.985425345305143"
 [7] "0.985425345305143" "0.985425345305143" "0.985425345305143"
[10] "0.985425345305143" "0.985425345305143" "0.985425345305143"
[13] "0.985425345305143" "0.985425345305143" "0.985425345305143"
[16] "0.985425345305143" "0.985425345305143" "0.985425345305143"
[19] "0.985425345305143" "0.985425345305143" "0.985425345305143"
[22] "0.985425345305143" "0.985425345305143" "0.985425345305143"
[25] "0.985425345305143" "0.985425345305143" "0.985425345305143"
[28] "0.985425345305143" "0.985425345305143" "0.985425345305143"
[31] "0.985425345305143" "0.985425345305143" "0.985425345305143"
[34] "0.985425345305143" "0.985425345305143" "0.196877515546916"
[37] "0.196877515546916" "0.196877515546916" "0.196877515546916"
[40] "0.196877515546916" "0.196877515546916" "beta :"           
[43] "1"                
[1] " old Likelihood:  -7387504.26740241"
[1] "New Likelihood:  -7387489.12939464"
iter:  0  f-value:  4207.863  pgrad:  0.606245 
iter:  10  f-value:  4207.845  pgrad:  0.9908214 
iter:  20  f-value:  4207.844  pgrad:  0.6039512 
iter:  30  f-value:  4207.844  pgrad:  0.6031169 
  Unsuccessful convergence.
Time difference of 7.674132 mins
[1] "maxIt: 20"
[1] "It: 12"
 [1] "sigma:"            "0.985477505477253" "0.985477505477253"
 [4] "0.985477505477253" "0.985477505477253" "0.985477505477253"
 [7] "0.985477505477253" "0.985477505477253" "0.985477505477253"
[10] "0.985477505477253" "0.985477505477253" "0.985477505477253"
[13] "0.985477505477253" "0.985477505477253" "0.985477505477253"
[16] "0.985477505477253" "0.985477505477253" "0.985477505477253"
[19] "0.985477505477253" "0.985477505477253" "0.985477505477253"
[22] "0.985477505477253" "0.985477505477253" "0.985477505477253"
[25] "0.985477505477253" "0.985477505477253" "0.985477505477253"
[28] "0.985477505477253" "0.985477505477253" "0.985477505477253"
[31] "0.985477505477253" "0.985477505477253" "0.985477505477253"
[34] "0.985477505477253" "0.985477505477253" "0.198455716099046"
[37] "0.198455716099046" "0.198455716099046" "0.198455716099046"
[40] "0.198455716099046" "0.198455716099046" "beta :"           
[43] "1"                
[1] 7389712
[1] 7387477
[1] 7389564
 [1] "sigma:"            "0.985477505477253" "0.985477505477253"
 [4] "0.985477505477253" "0.985477505477253" "0.985477505477253"
 [7] "0.985477505477253" "0.985477505477253" "0.985477505477253"
[10] "0.985477505477253" "0.985477505477253" "0.985477505477253"
[13] "0.985477505477253" "0.985477505477253" "0.985477505477253"
[16] "0.985477505477253" "0.985477505477253" "0.985477505477253"
[19] "0.985477505477253" "0.985477505477253" "0.985477505477253"
[22] "0.985477505477253" "0.985477505477253" "0.985477505477253"
[25] "0.985477505477253" "0.985477505477253" "0.985477505477253"
[28] "0.985477505477253" "0.985477505477253" "0.985477505477253"
[31] "0.985477505477253" "0.985477505477253" "0.985477505477253"
[34] "0.985477505477253" "0.985477505477253" "0.198455716099046"
[37] "0.198455716099046" "0.198455716099046" "0.198455716099046"
[40] "0.198455716099046" "0.198455716099046" "beta :"           
[43] "1"                
[1] " old Likelihood:  -7387489.12939464"
[1] "New Likelihood:  -7387476.64583484"
iter:  0  f-value:  4195.869  pgrad:  0.6030886 
iter:  10  f-value:  4195.854  pgrad:  0.6013376 
iter:  20  f-value:  4195.854  pgrad:  0.6008096 
iter:  30  f-value:  4195.853  pgrad:  0.6000942 
  Unsuccessful convergence.
Time difference of 7.6731 mins
[1] "maxIt: 20"
[1] "It: 13"
 [1] "sigma:"            "0.98551449107964"  "0.98551449107964" 
 [4] "0.98551449107964"  "0.98551449107964"  "0.98551449107964" 
 [7] "0.98551449107964"  "0.98551449107964"  "0.98551449107964" 
[10] "0.98551449107964"  "0.98551449107964"  "0.98551449107964" 
[13] "0.98551449107964"  "0.98551449107964"  "0.98551449107964" 
[16] "0.98551449107964"  "0.98551449107964"  "0.98551449107964" 
[19] "0.98551449107964"  "0.98551449107964"  "0.98551449107964" 
[22] "0.98551449107964"  "0.98551449107964"  "0.98551449107964" 
[25] "0.98551449107964"  "0.98551449107964"  "0.98551449107964" 
[28] "0.98551449107964"  "0.98551449107964"  "0.98551449107964" 
[31] "0.98551449107964"  "0.98551449107964"  "0.98551449107964" 
[34] "0.98551449107964"  "0.98551449107964"  "0.200125934026129"
[37] "0.200125934026129" "0.200125934026129" "0.200125934026129"
[40] "0.200125934026129" "0.200125934026129" "beta :"           
[43] "1"                
[1] 7389699
[1] 7387466
[1] 7389586
 [1] "sigma:"            "0.98551449107964"  "0.98551449107964" 
 [4] "0.98551449107964"  "0.98551449107964"  "0.98551449107964" 
 [7] "0.98551449107964"  "0.98551449107964"  "0.98551449107964" 
[10] "0.98551449107964"  "0.98551449107964"  "0.98551449107964" 
[13] "0.98551449107964"  "0.98551449107964"  "0.98551449107964" 
[16] "0.98551449107964"  "0.98551449107964"  "0.98551449107964" 
[19] "0.98551449107964"  "0.98551449107964"  "0.98551449107964" 
[22] "0.98551449107964"  "0.98551449107964"  "0.98551449107964" 
[25] "0.98551449107964"  "0.98551449107964"  "0.98551449107964" 
[28] "0.98551449107964"  "0.98551449107964"  "0.98551449107964" 
[31] "0.98551449107964"  "0.98551449107964"  "0.98551449107964" 
[34] "0.98551449107964"  "0.98551449107964"  "0.200125934026129"
[37] "0.200125934026129" "0.200125934026129" "0.200125934026129"
[40] "0.200125934026129" "0.200125934026129" "beta :"           
[43] "1"                
[1] " old Likelihood:  -7387476.64583484"
[1] "New Likelihood:  -7387466.13658726"
iter:  0  f-value:  4185.026  pgrad:  0.5997481 
iter:  10  f-value:  4185.014  pgrad:  0.9909244 
iter:  20  f-value:  4185.014  pgrad:  0.597735 
iter:  30  f-value:  4185.013  pgrad:  0.9909345 
  Unsuccessful convergence.
Time difference of 7.66846 mins
[1] "maxIt: 20"
[1] "It: 14"
 [1] "sigma:"            "0.985541875797032" "0.985541875797032"
 [4] "0.985541875797032" "0.985541875797032" "0.985541875797032"
 [7] "0.985541875797032" "0.985541875797032" "0.985541875797032"
[10] "0.985541875797032" "0.985541875797032" "0.985541875797032"
[13] "0.985541875797032" "0.985541875797032" "0.985541875797032"
[16] "0.985541875797032" "0.985541875797032" "0.985541875797032"
[19] "0.985541875797032" "0.985541875797032" "0.985541875797032"
[22] "0.985541875797032" "0.985541875797032" "0.985541875797032"
[25] "0.985541875797032" "0.985541875797032" "0.985541875797032"
[28] "0.985541875797032" "0.985541875797032" "0.985541875797032"
[31] "0.985541875797032" "0.985541875797032" "0.985541875797032"
[34] "0.985541875797032" "0.985541875797032" "0.201893346224145"
[37] "0.201893346224145" "0.201893346224145" "0.201893346224145"
[40] "0.201893346224145" "0.201893346224145" "beta :"           
[43] "1"                
[1] 7389686
[1] 7387457
[1] 7389606
 [1] "sigma:"            "0.985541875797032" "0.985541875797032"
 [4] "0.985541875797032" "0.985541875797032" "0.985541875797032"
 [7] "0.985541875797032" "0.985541875797032" "0.985541875797032"
[10] "0.985541875797032" "0.985541875797032" "0.985541875797032"
[13] "0.985541875797032" "0.985541875797032" "0.985541875797032"
[16] "0.985541875797032" "0.985541875797032" "0.985541875797032"
[19] "0.985541875797032" "0.985541875797032" "0.985541875797032"
[22] "0.985541875797032" "0.985541875797032" "0.985541875797032"
[25] "0.985541875797032" "0.985541875797032" "0.985541875797032"
[28] "0.985541875797032" "0.985541875797032" "0.985541875797032"
[31] "0.985541875797032" "0.985541875797032" "0.985541875797032"
[34] "0.985541875797032" "0.985541875797032" "0.201893346224145"
[37] "0.201893346224145" "0.201893346224145" "0.201893346224145"
[40] "0.201893346224145" "0.201893346224145" "beta :"           
[43] "1"                
[1] " old Likelihood:  -7387466.13658726"
[1] "New Likelihood:  -7387457.26255616"
iter:  0  f-value:  4175.02  pgrad:  0.5962133 
iter:  10  f-value:  4175.011  pgrad:  0.9909789 
iter:  20  f-value:  4175.01  pgrad:  0.5940541 
iter:  30  f-value:  4175.009  pgrad:  0.9909797 
  Unsuccessful convergence.
Time difference of 7.668517 mins
[1] "maxIt: 20"
[1] "It: 15"
 [1] "sigma:"            "0.985562944024496" "0.985562944024496"
 [4] "0.985562944024496" "0.985562944024496" "0.985562944024496"
 [7] "0.985562944024496" "0.985562944024496" "0.985562944024496"
[10] "0.985562944024496" "0.985562944024496" "0.985562944024496"
[13] "0.985562944024496" "0.985562944024496" "0.985562944024496"
[16] "0.985562944024496" "0.985562944024496" "0.985562944024496"
[19] "0.985562944024496" "0.985562944024496" "0.985562944024496"
[22] "0.985562944024496" "0.985562944024496" "0.985562944024496"
[25] "0.985562944024496" "0.985562944024496" "0.985562944024496"
[28] "0.985562944024496" "0.985562944024496" "0.985562944024496"
[31] "0.985562944024496" "0.985562944024496" "0.985562944024496"
[34] "0.985562944024496" "0.985562944024496" "0.204066328053759"
[37] "0.204066328053759" "0.204066328053759" "0.204066328053759"
[40] "0.204066328053759" "0.204066328053759" "beta :"           
[43] "1"                
[1] 7389674
[1] 7387450
[1] 7389623
 [1] "sigma:"            "0.985562944024496" "0.985562944024496"
 [4] "0.985562944024496" "0.985562944024496" "0.985562944024496"
 [7] "0.985562944024496" "0.985562944024496" "0.985562944024496"
[10] "0.985562944024496" "0.985562944024496" "0.985562944024496"
[13] "0.985562944024496" "0.985562944024496" "0.985562944024496"
[16] "0.985562944024496" "0.985562944024496" "0.985562944024496"
[19] "0.985562944024496" "0.985562944024496" "0.985562944024496"
[22] "0.985562944024496" "0.985562944024496" "0.985562944024496"
[25] "0.985562944024496" "0.985562944024496" "0.985562944024496"
[28] "0.985562944024496" "0.985562944024496" "0.985562944024496"
[31] "0.985562944024496" "0.985562944024496" "0.985562944024496"
[34] "0.985562944024496" "0.985562944024496" "0.204066328053759"
[37] "0.204066328053759" "0.204066328053759" "0.204066328053759"
[40] "0.204066328053759" "0.204066328053759" "beta :"           
[43] "1"                
[1] " old Likelihood:  -7387457.26255616"
[1] "New Likelihood:  -7387449.65742221"
iter:  0  f-value:  4165.194  pgrad:  0.5918673 
iter:  10  f-value:  4165.187  pgrad:  0.6032042 
iter:  20  f-value:  4165.186  pgrad:  0.5904768 
iter:  30  f-value:  4165.184  pgrad:  0.5558832 
  Unsuccessful convergence.
Time difference of 7.670854 mins
[1] "maxIt: 20"
[1] "It: 16"
 [1] "sigma:"            "0.985579678250551" "0.985579678250551"
 [4] "0.985579678250551" "0.985579678250551" "0.985579678250551"
 [7] "0.985579678250551" "0.985579678250551" "0.985579678250551"
[10] "0.985579678250551" "0.985579678250551" "0.985579678250551"
[13] "0.985579678250551" "0.985579678250551" "0.985579678250551"
[16] "0.985579678250551" "0.985579678250551" "0.985579678250551"
[19] "0.985579678250551" "0.985579678250551" "0.985579678250551"
[22] "0.985579678250551" "0.985579678250551" "0.985579678250551"
[25] "0.985579678250551" "0.985579678250551" "0.985579678250551"
[28] "0.985579678250551" "0.985579678250551" "0.985579678250551"
[31] "0.985579678250551" "0.985579678250551" "0.985579678250551"
[34] "0.985579678250551" "0.985579678250551" "0.206727238240586"
[37] "0.206727238240586" "0.206727238240586" "0.206727238240586"
[40] "0.206727238240586" "0.206727238240586" "beta :"           
[43] "1"                
[1] 7389662
[1] 7387443
[1] 7389637
 [1] "sigma:"            "0.985579678250551" "0.985579678250551"
 [4] "0.985579678250551" "0.985579678250551" "0.985579678250551"
 [7] "0.985579678250551" "0.985579678250551" "0.985579678250551"
[10] "0.985579678250551" "0.985579678250551" "0.985579678250551"
[13] "0.985579678250551" "0.985579678250551" "0.985579678250551"
[16] "0.985579678250551" "0.985579678250551" "0.985579678250551"
[19] "0.985579678250551" "0.985579678250551" "0.985579678250551"
[22] "0.985579678250551" "0.985579678250551" "0.985579678250551"
[25] "0.985579678250551" "0.985579678250551" "0.985579678250551"
[28] "0.985579678250551" "0.985579678250551" "0.985579678250551"
[31] "0.985579678250551" "0.985579678250551" "0.985579678250551"
[34] "0.985579678250551" "0.985579678250551" "0.206727238240586"
[37] "0.206727238240586" "0.206727238240586" "0.206727238240586"
[40] "0.206727238240586" "0.206727238240586" "beta :"           
[43] "1"                
[1] " old Likelihood:  -7387449.65742221"
[1] "New Likelihood:  -7387443.08331938"
iter:  0  f-value:  4155.245  pgrad:  0.5865455 
iter:  10  f-value:  4155.239  pgrad:  0.9910284 
iter:  20  f-value:  4155.238  pgrad:  0.5844421 
iter:  30  f-value:  4155.237  pgrad:  0.5831269 
  Unsuccessful convergence.
Time difference of 7.671016 mins
[1] "maxIt: 20"
[1] "It: 17"
 [1] "sigma:"            "0.985593685790331" "0.985593685790331"
 [4] "0.985593685790331" "0.985593685790331" "0.985593685790331"
 [7] "0.985593685790331" "0.985593685790331" "0.985593685790331"
[10] "0.985593685790331" "0.985593685790331" "0.985593685790331"
[13] "0.985593685790331" "0.985593685790331" "0.985593685790331"
[16] "0.985593685790331" "0.985593685790331" "0.985593685790331"
[19] "0.985593685790331" "0.985593685790331" "0.985593685790331"
[22] "0.985593685790331" "0.985593685790331" "0.985593685790331"
[25] "0.985593685790331" "0.985593685790331" "0.985593685790331"
[28] "0.985593685790331" "0.985593685790331" "0.985593685790331"
[31] "0.985593685790331" "0.985593685790331" "0.985593685790331"
[34] "0.985593685790331" "0.985593685790331" "0.208542213171386"
[37] "0.208542213171386" "0.208542213171386" "0.208542213171386"
[40] "0.208542213171386" "0.208542213171386" "beta :"           
[43] "1"                
[1] 7389653
[1] 7387438
[1] 7389652
 [1] "sigma:"            "0.985593685790331" "0.985593685790331"
 [4] "0.985593685790331" "0.985593685790331" "0.985593685790331"
 [7] "0.985593685790331" "0.985593685790331" "0.985593685790331"
[10] "0.985593685790331" "0.985593685790331" "0.985593685790331"
[13] "0.985593685790331" "0.985593685790331" "0.985593685790331"
[16] "0.985593685790331" "0.985593685790331" "0.985593685790331"
[19] "0.985593685790331" "0.985593685790331" "0.985593685790331"
[22] "0.985593685790331" "0.985593685790331" "0.985593685790331"
[25] "0.985593685790331" "0.985593685790331" "0.985593685790331"
[28] "0.985593685790331" "0.985593685790331" "0.985593685790331"
[31] "0.985593685790331" "0.985593685790331" "0.985593685790331"
[34] "0.985593685790331" "0.985593685790331" "0.208542213171386"
[37] "0.208542213171386" "0.208542213171386" "0.208542213171386"
[40] "0.208542213171386" "0.208542213171386" "beta :"           
[43] "1"                
[1] " old Likelihood:  -7387443.08331938"
[1] "New Likelihood:  -7387437.79089813"
iter:  0  f-value:  4147.114  pgrad:  0.5829156 
iter:  10  f-value:  4147.109  pgrad:  0.9910518 
iter:  20  f-value:  4147.109  pgrad:  0.5815312 
iter:  30  f-value:  4147.108  pgrad:  0.5799189 
  Unsuccessful convergence.
Time difference of 7.667478 mins
[1] "maxIt: 20"
[1] "It: 18"
 [1] "sigma:"            "0.985606307717956" "0.985606307717956"
 [4] "0.985606307717956" "0.985606307717956" "0.985606307717956"
 [7] "0.985606307717956" "0.985606307717956" "0.985606307717956"
[10] "0.985606307717956" "0.985606307717956" "0.985606307717956"
[13] "0.985606307717956" "0.985606307717956" "0.985606307717956"
[16] "0.985606307717956" "0.985606307717956" "0.985606307717956"
[19] "0.985606307717956" "0.985606307717956" "0.985606307717956"
[22] "0.985606307717956" "0.985606307717956" "0.985606307717956"
[25] "0.985606307717956" "0.985606307717956" "0.985606307717956"
[28] "0.985606307717956" "0.985606307717956" "0.985606307717956"
[31] "0.985606307717956" "0.985606307717956" "0.985606307717956"
[34] "0.985606307717956" "0.985606307717956" "0.210064857968166"
[37] "0.210064857968166" "0.210064857968166" "0.210064857968166"
[40] "0.210064857968166" "0.210064857968166" "beta :"           
[43] "1"                
[1] 7389645
[1] 7387433
[1] 7389665
 [1] "sigma:"            "0.985606307717956" "0.985606307717956"
 [4] "0.985606307717956" "0.985606307717956" "0.985606307717956"
 [7] "0.985606307717956" "0.985606307717956" "0.985606307717956"
[10] "0.985606307717956" "0.985606307717956" "0.985606307717956"
[13] "0.985606307717956" "0.985606307717956" "0.985606307717956"
[16] "0.985606307717956" "0.985606307717956" "0.985606307717956"
[19] "0.985606307717956" "0.985606307717956" "0.985606307717956"
[22] "0.985606307717956" "0.985606307717956" "0.985606307717956"
[25] "0.985606307717956" "0.985606307717956" "0.985606307717956"
[28] "0.985606307717956" "0.985606307717956" "0.985606307717956"
[31] "0.985606307717956" "0.985606307717956" "0.985606307717956"
[34] "0.985606307717956" "0.985606307717956" "0.210064857968166"
[37] "0.210064857968166" "0.210064857968166" "0.210064857968166"
[40] "0.210064857968166" "0.210064857968166" "beta :"           
[43] "1"                
[1] " old Likelihood:  -7387437.79089813"
[1] "New Likelihood:  -7387433.39358713"
iter:  0  f-value:  4139.98  pgrad:  0.5798703 
iter:  10  f-value:  4139.976  pgrad:  0.9910717 
iter:  20  f-value:  4139.976  pgrad:  0.5782938 
iter:  30  f-value:  4139.976  pgrad:  0.5776428 
  Unsuccessful convergence.
Time difference of 7.658744 mins
[1] "maxIt: 20"
[1] "It: 19"
 [1] "sigma:"            "0.985617246994383" "0.985617246994383"
 [4] "0.985617246994383" "0.985617246994383" "0.985617246994383"
 [7] "0.985617246994383" "0.985617246994383" "0.985617246994383"
[10] "0.985617246994383" "0.985617246994383" "0.985617246994383"
[13] "0.985617246994383" "0.985617246994383" "0.985617246994383"
[16] "0.985617246994383" "0.985617246994383" "0.985617246994383"
[19] "0.985617246994383" "0.985617246994383" "0.985617246994383"
[22] "0.985617246994383" "0.985617246994383" "0.985617246994383"
[25] "0.985617246994383" "0.985617246994383" "0.985617246994383"
[28] "0.985617246994383" "0.985617246994383" "0.985617246994383"
[31] "0.985617246994383" "0.985617246994383" "0.985617246994383"
[34] "0.985617246994383" "0.985617246994383" "0.211191957625386"
[37] "0.211191957625386" "0.211191957625386" "0.211191957625386"
[40] "0.211191957625386" "0.211191957625386" "beta :"           
[43] "1"                
[1] 7389639
[1] 7387430
[1] 7389677
 [1] "sigma:"            "0.985617246994383" "0.985617246994383"
 [4] "0.985617246994383" "0.985617246994383" "0.985617246994383"
 [7] "0.985617246994383" "0.985617246994383" "0.985617246994383"
[10] "0.985617246994383" "0.985617246994383" "0.985617246994383"
[13] "0.985617246994383" "0.985617246994383" "0.985617246994383"
[16] "0.985617246994383" "0.985617246994383" "0.985617246994383"
[19] "0.985617246994383" "0.985617246994383" "0.985617246994383"
[22] "0.985617246994383" "0.985617246994383" "0.985617246994383"
[25] "0.985617246994383" "0.985617246994383" "0.985617246994383"
[28] "0.985617246994383" "0.985617246994383" "0.985617246994383"
[31] "0.985617246994383" "0.985617246994383" "0.985617246994383"
[34] "0.985617246994383" "0.985617246994383" "0.211191957625386"
[37] "0.211191957625386" "0.211191957625386" "0.211191957625386"
[40] "0.211191957625386" "0.211191957625386" "beta :"           
[43] "1"                
[1] " old Likelihood:  -7387433.39358713"
[1] "New Likelihood:  -7387429.78018065"
iter:  0  f-value:  4133.968  pgrad:  0.5776161 
iter:  10  f-value:  4133.965  pgrad:  0.7158451 
iter:  20  f-value:  4133.965  pgrad:  0.5758105 
iter:  30  f-value:  4133.964  pgrad:  0.7783365 
  Unsuccessful convergence.
Time difference of 7.672444 mins
[1] "maxIt: 20"
[1] "It: 20"
 [1] "sigma:"            "0.985626448569621" "0.985626448569621"
 [4] "0.985626448569621" "0.985626448569621" "0.985626448569621"
 [7] "0.985626448569621" "0.985626448569621" "0.985626448569621"
[10] "0.985626448569621" "0.985626448569621" "0.985626448569621"
[13] "0.985626448569621" "0.985626448569621" "0.985626448569621"
[16] "0.985626448569621" "0.985626448569621" "0.985626448569621"
[19] "0.985626448569621" "0.985626448569621" "0.985626448569621"
[22] "0.985626448569621" "0.985626448569621" "0.985626448569621"
[25] "0.985626448569621" "0.985626448569621" "0.985626448569621"
[28] "0.985626448569621" "0.985626448569621" "0.985626448569621"
[31] "0.985626448569621" "0.985626448569621" "0.985626448569621"
[34] "0.985626448569621" "0.985626448569621" "0.212702269290578"
[37] "0.212702269290578" "0.212702269290578" "0.212702269290578"
[40] "0.212702269290578" "0.212702269290578" "beta :"           
[43] "1"                
[1] 7389632
[1] 7387427
[1] 7389687
 [1] "sigma:"            "0.985626448569621" "0.985626448569621"
 [4] "0.985626448569621" "0.985626448569621" "0.985626448569621"
 [7] "0.985626448569621" "0.985626448569621" "0.985626448569621"
[10] "0.985626448569621" "0.985626448569621" "0.985626448569621"
[13] "0.985626448569621" "0.985626448569621" "0.985626448569621"
[16] "0.985626448569621" "0.985626448569621" "0.985626448569621"
[19] "0.985626448569621" "0.985626448569621" "0.985626448569621"
[22] "0.985626448569621" "0.985626448569621" "0.985626448569621"
[25] "0.985626448569621" "0.985626448569621" "0.985626448569621"
[28] "0.985626448569621" "0.985626448569621" "0.985626448569621"
[31] "0.985626448569621" "0.985626448569621" "0.985626448569621"
[34] "0.985626448569621" "0.985626448569621" "0.212702269290578"
[37] "0.212702269290578" "0.212702269290578" "0.212702269290578"
[40] "0.212702269290578" "0.212702269290578" "beta :"           
[43] "1"                
[1] " old Likelihood:  -7387429.78018065"
[1] "New Likelihood:  -7387426.57449637"
iter:  0  f-value:  4127.889  pgrad:  0.5745955 
iter:  10  f-value:  4127.886  pgrad:  0.9911066 
iter:  20  f-value:  4127.886  pgrad:  0.5732778 
iter:  30  f-value:  4127.885  pgrad:  0.57266 
  Unsuccessful convergence.
Time difference of 7.654123 mins
 [1] "sigma:"            "0.985634782830417" "0.985634782830417"
 [4] "0.985634782830417" "0.985634782830417" "0.985634782830417"
 [7] "0.985634782830417" "0.985634782830417" "0.985634782830417"
[10] "0.985634782830417" "0.985634782830417" "0.985634782830417"
[13] "0.985634782830417" "0.985634782830417" "0.985634782830417"
[16] "0.985634782830417" "0.985634782830417" "0.985634782830417"
[19] "0.985634782830417" "0.985634782830417" "0.985634782830417"
[22] "0.985634782830417" "0.985634782830417" "0.985634782830417"
[25] "0.985634782830417" "0.985634782830417" "0.985634782830417"
[28] "0.985634782830417" "0.985634782830417" "0.985634782830417"
[31] "0.985634782830417" "0.985634782830417" "0.985634782830417"
[34] "0.985634782830417" "0.985634782830417" "0.213708596224"   
[37] "0.213708596224"    "0.213708596224"    "0.213708596224"   
[40] "0.213708596224"    "0.213708596224"    "beta :"           
[43] "1"                
[1] 1999724 1999580 1999166 1999716 1997782
[1] 1 1 1 1 1
saved RDS
inference successful
