[1] "Original length"
[1] 999640
[1] "Final length"
[1] 14045
[1] "sequence length : 999641" "sequence length : 999678"
[3] "sequence length : 999544" "sequence length : 999801"
[5] "sequence length : 999761"
[1] 1 1 1 1 1
[1] "Beta: 1"
[1] "Self: 0"
[1] "maxIt: 20"
[1] "It: 1"
 [1] "sigma:" "0"      "0"      "0"      "0"      "0"      "0"      "0"     
 [9] "0"      "0"      "0"      "0"      "0"      "0"      "0"      "0"     
[17] "0"      "0"      "0"      "0"      "0"      "0"      "0"      "0"     
[25] "0"      "0"      "0"      "0"      "0"      "0"      "0"      "0"     
[33] "0"      "0"      "0"      "0"      "0"      "0"      "0"      "0"     
[41] "0"      "beta :" "1"     
 [1] "sigma:" "0.9405" "0.9405" "0.9405" "0.9405" "0.9405" "0.9405" "0.9405"
 [9] "0.9405" "0.9405" "0.9405" "0.9405" "0.9405" "0.9405" "0.9405" "0.9405"
[17] "0.9405" "0.9405" "0.9405" "0.9405" "0.9405" "0.9405" "0.9405" "0.9405"
[25] "0.9405" "0.9405" "0.9405" "0.9405" "0.9405" "0.9405" "0.9405" "0.9405"
[33] "0.9405" "0.9405" "0.9405" "0"      "0"      "0"      "0"      "0"     
[41] "0"      "beta :" "1"     
[1] "New Likelihood:  -6102565.83002267"
iter:  0  f-value:  4939.93  pgrad:  0.5 
iter:  10  f-value:  4915.749  pgrad:  0.993269 
iter:  20  f-value:  4915.179  pgrad:  0.9975525 
iter:  30  f-value:  4914.631  pgrad:  0.9936968 
iter:  40  f-value:  4914.447  pgrad:  0.9901851 
iter:  50  f-value:  4914.45  pgrad:  0.9806986 
  Unsuccessful convergence.
Time difference of 2.252073 hours
[1] "maxIt: 20"
[1] "It: 2"
 [1] "sigma:"             "0.969906330985968"  "0.969906330985968" 
 [4] "0.955226519817236"  "0.955226519817236"  "0.960716339425229" 
 [7] "0.960716339425229"  "0.967464762070024"  "0.967464762070024" 
[10] "0.974983927927136"  "0.974983927927136"  "0.981824297422531" 
[13] "0.981824297422531"  "0.982206880111818"  "0.982206880111818" 
[16] "0.97568601054198"   "0.97568601054198"   "0.972594122585244" 
[19] "0.972594122585244"  "0.959056527205977"  "0.959056527205977" 
[22] "0.959849151446547"  "0.959849151446547"  "0.963867882560475" 
[25] "0.963867882560475"  "0.950669398932459"  "0.950669398932459" 
[28] "0.957261409265074"  "0.957261409265074"  "0.961121428768683" 
[31] "0.961121428768683"  "0.96279020890121"   "0.96279020890121"  
[34] "0.962464793137973"  "0.962464793137973"  "0.117866886799953" 
[37] "0.117866886799953"  "0.128984226002925"  "0.128984226002925" 
[40] "0.0206395064834239" "0.0206395064834239" "beta :"            
[43] "1"                 
 [1] "sigma:"             "0.969906330985968"  "0.969906330985968" 
 [4] "0.955226519817236"  "0.955226519817236"  "0.960716339425229" 
 [7] "0.960716339425229"  "0.967464762070024"  "0.967464762070024" 
[10] "0.974983927927136"  "0.974983927927136"  "0.981824297422531" 
[13] "0.981824297422531"  "0.982206880111818"  "0.982206880111818" 
[16] "0.97568601054198"   "0.97568601054198"   "0.972594122585244" 
[19] "0.972594122585244"  "0.959056527205977"  "0.959056527205977" 
[22] "0.959849151446547"  "0.959849151446547"  "0.963867882560475" 
[25] "0.963867882560475"  "0.950669398932459"  "0.950669398932459" 
[28] "0.957261409265074"  "0.957261409265074"  "0.961121428768683" 
[31] "0.961121428768683"  "0.96279020890121"   "0.96279020890121"  
[34] "0.962464793137973"  "0.962464793137973"  "0.0188668867999527"
[37] "0.0188668867999527" "0.0299842260029249" "0.0299842260029249"
[40] "0.0206395064834239" "0.0206395064834239" "beta :"            
[43] "1"                 
[1] " old Likelihood:  -6102565.83002267"
[1] "New Likelihood:  -6094567.71393165"
iter:  0  f-value:  4849.607  pgrad:  0.5170564 
iter:  10  f-value:  4840.212  pgrad:  0.9903301 
iter:  20  f-value:  4839.869  pgrad:  0.9844601 
iter:  30  f-value:  4839.792  pgrad:  0.9630918 
iter:  40  f-value:  4839.722  pgrad:  0.9565762 
iter:  50  f-value:  4839.402  pgrad:  0.9188618 
  Unsuccessful convergence.
Time difference of 16.05335 mins
[1] "maxIt: 20"
[1] "It: 3"
 [1] "sigma:"             "0.99"               "0.99"              
 [4] "0.9659708531324"    "0.9659708531324"    "0.975100066241376" 
 [7] "0.975100066241376"  "0.986044323108664"  "0.986044323108664" 
[10] "0.99"               "0.99"               "0.99"              
[13] "0.99"               "0.99"               "0.99"              
[16] "0.989290932955716"  "0.989290932955716"  "0.985311185863429" 
[19] "0.985311185863429"  "0.974865732000692"  "0.974865732000692" 
[22] "0.976456022038325"  "0.976456022038325"  "0.981214132684621" 
[25] "0.981214132684621"  "0.957857369858358"  "0.957857369858358" 
[28] "0.968216373042043"  "0.968216373042043"  "0.974275924751322" 
[31] "0.974275924751322"  "0.972397850480771"  "0.972397850480771" 
[34] "0.964045041949664"  "0.964045041949664"  "0.0804353792897678"
[37] "0.0804353792897678" "0.116239345945624"  "0.116239345945624" 
[40] "0.0373534023398673" "0.0373534023398673" "beta :"            
[43] "1"                 
 [1] "sigma:"             "0.99"               "0.99"              
 [4] "0.9659708531324"    "0.9659708531324"    "0.975100066241376" 
 [7] "0.975100066241376"  "0.986044323108664"  "0.986044323108664" 
[10] "0.99"               "0.99"               "0.99"              
[13] "0.99"               "0.99"               "0.99"              
[16] "0.989290932955716"  "0.989290932955716"  "0.985311185863429" 
[19] "0.985311185863429"  "0.974865732000692"  "0.974865732000692" 
[22] "0.976456022038325"  "0.976456022038325"  "0.981214132684621" 
[25] "0.981214132684621"  "0.957857369858358"  "0.957857369858358" 
[28] "0.968216373042043"  "0.968216373042043"  "0.974275924751322" 
[31] "0.974275924751322"  "0.972397850480771"  "0.972397850480771" 
[34] "0.964045041949664"  "0.964045041949664"  "0.0309353792897678"
[37] "0.0309353792897678" "0.0172393459456244" "0.0172393459456244"
[40] "0.0373534023398673" "0.0373534023398673" "beta :"            
[43] "1"                 
[1] " old Likelihood:  -6094567.71393165"
[1] "New Likelihood:  -6091179.2142104"
iter:  0  f-value:  4773.343  pgrad:  0.525248 
iter:  10  f-value:  4769.338  pgrad:  0.9843104 
iter:  20  f-value:  4769.246  pgrad:  0.9763779 
iter:  30  f-value:  4769.205  pgrad:  0.9704712 
iter:  40  f-value:  4769.184  pgrad:  0.9668057 
iter:  50  f-value:  4769.122  pgrad:  0.9928373 
  Unsuccessful convergence.
Time difference of 15.49684 mins
[1] "maxIt: 20"
[1] "It: 4"
 [1] "sigma:"             "0.99"               "0.99"              
 [4] "0.974599810963578"  "0.974599810963578"  "0.987117375672274" 
 [7] "0.987117375672274"  "0.99"               "0.99"              
[10] "0.99"               "0.99"               "0.99"              
[13] "0.99"               "0.99"               "0.99"              
[16] "0.99"               "0.99"               "0.99"              
[19] "0.99"               "0.984961859979311"  "0.984961859979311" 
[22] "0.983028224901401"  "0.983028224901401"  "0.99"              
[25] "0.99"               "0.966377818941806"  "0.966377818941806" 
[28] "0.975642790412421"  "0.975642790412421"  "0.982776241931363" 
[31] "0.982776241931363"  "0.977959935729975"  "0.977959935729975" 
[34] "0.962115680910826"  "0.962115680910826"  "0.059780273516368" 
[37] "0.059780273516368"  "0.0566683829370658" "0.0566683829370658"
[40] "0.0468825264961183" "0.0468825264961183" "beta :"            
[43] "1"                 
 [1] "sigma:"              "0.99"                "0.99"               
 [4] "0.974599810963578"   "0.974599810963578"   "0.987117375672274"  
 [7] "0.987117375672274"   "0.99"                "0.99"               
[10] "0.99"                "0.99"                "0.99"               
[13] "0.99"                "0.99"                "0.99"               
[16] "0.99"                "0.99"                "0.99"               
[19] "0.99"                "0.984961859979311"   "0.984961859979311"  
[22] "0.983028224901401"   "0.983028224901401"   "0.99"               
[25] "0.99"                "0.966377818941806"   "0.966377818941806"  
[28] "0.975642790412421"   "0.975642790412421"   "0.982776241931363"  
[31] "0.982776241931363"   "0.977959935729975"   "0.977959935729975"  
[34] "0.962115680910826"   "0.962115680910826"   "0.208280273516368"  
[37] "0.208280273516368"   "0.00716838293706577" "0.00716838293706577"
[40] "0.0468825264961183"  "0.0468825264961183"  "beta :"             
[43] "1"                  
[1] " old Likelihood:  -6091179.2142104"
[1] "New Likelihood:  -6089733.63214413"
iter:  0  f-value:  4492.27  pgrad:  0.5314357 
iter:  10  f-value:  4490.505  pgrad:  0.9915365 
iter:  20  f-value:  4490.425  pgrad:  0.9846587 
iter:  30  f-value:  4490.396  pgrad:  0.9821237 
iter:  40  f-value:  4490.365  pgrad:  0.9733372 
iter:  50  f-value:  4490.324  pgrad:  0.9563305 
  Unsuccessful convergence.
Time difference of 16.05837 mins
[1] "maxIt: 20"
[1] "It: 5"
 [1] "sigma:"             "0.99"               "0.99"              
 [4] "0.983667862878875"  "0.983667862878875"  "0.99"              
 [7] "0.99"               "0.99"               "0.99"              
[10] "0.99"               "0.99"               "0.99"              
[13] "0.99"               "0.99"               "0.99"              
[16] "0.99"               "0.99"               "0.99"              
[19] "0.99"               "0.988008952228921"  "0.988008952228921" 
[22] "0.98871973479172"   "0.98871973479172"   "0.99"              
[25] "0.99"               "0.974968354634087"  "0.974968354634087" 
[28] "0.980610840571908"  "0.980610840571908"  "0.987611249052247" 
[31] "0.987611249052247"  "0.980957329996295"  "0.980957329996295" 
[34] "0.959781887078668"  "0.959781887078668"  "0.23450845148029"  
[37] "0.23450845148029"   "0.0433212301130959" "0.0433212301130959"
[40] "0.057122787266456"  "0.057122787266456"  "beta :"            
[43] "1"                 
 [1] "sigma:"              "0.99"                "0.99"               
 [4] "0.983667862878875"   "0.983667862878875"   "0.99"               
 [7] "0.99"                "0.99"                "0.99"               
[10] "0.99"                "0.99"                "0.99"               
[13] "0.99"                "0.99"                "0.99"               
[16] "0.99"                "0.99"                "0.99"               
[19] "0.99"                "0.988008952228921"   "0.988008952228921"  
[22] "0.98871973479172"    "0.98871973479172"    "0.99"               
[25] "0.99"                "0.974968354634087"   "0.974968354634087"  
[28] "0.980610840571908"   "0.980610840571908"   "0.987611249052247"  
[31] "0.987611249052247"   "0.980957329996295"   "0.980957329996295"  
[34] "0.959781887078668"   "0.959781887078668"   "0.38300845148029"   
[37] "0.38300845148029"    "0.0433212301130959"  "0.0433212301130959" 
[40] "0.00762278726645598" "0.00762278726645598" "beta :"             
[43] "1"                  
[1] " old Likelihood:  -6089733.63214413"
[1] "New Likelihood:  -6089011.37409924"
iter:  0  f-value:  4177.659  pgrad:  0.5358775 
iter:  10  f-value:  4176.828  pgrad:  0.9553747 
iter:  20  f-value:  4176.802  pgrad:  0.9525005 
iter:  30  f-value:  4176.784  pgrad:  0.9478232 
iter:  40  f-value:  4176.771  pgrad:  0.9424491 
iter:  50  f-value:  4176.762  pgrad:  0.9375652 
  Unsuccessful convergence.
Time difference of 16.04517 mins
[1] "maxIt: 20"
[1] "It: 6"
 [1] "sigma:"             "0.99"               "0.99"              
 [4] "0.988464285337087"  "0.988464285337087"  "0.99"              
 [7] "0.99"               "0.99"               "0.99"              
[10] "0.99"               "0.99"               "0.99"              
[13] "0.99"               "0.99"               "0.99"              
[16] "0.99"               "0.99"               "0.99"              
[19] "0.99"               "0.989283374607679"  "0.989283374607679" 
[22] "0.99"               "0.99"               "0.99"              
[25] "0.99"               "0.980375987044833"  "0.980375987044833" 
[28] "0.984260707400298"  "0.984260707400298"  "0.99"              
[31] "0.99"               "0.98254708037069"   "0.98254708037069"  
[34] "0.958485898706215"  "0.958485898706215"  "0.394470395263918" 
[37] "0.394470395263918"  "0.0619618100485583" "0.0619618100485583"
[40] "0.0128799768970321" "0.0128799768970321" "beta :"            
[43] "1"                 
 [1] "sigma:"             "0.99"               "0.99"              
 [4] "0.988464285337087"  "0.988464285337087"  "0.99"              
 [7] "0.99"               "0.99"               "0.99"              
[10] "0.99"               "0.99"               "0.99"              
[13] "0.99"               "0.99"               "0.99"              
[16] "0.99"               "0.99"               "0.99"              
[19] "0.99"               "0.989283374607679"  "0.989283374607679" 
[22] "0.99"               "0.99"               "0.99"              
[25] "0.99"               "0.980375987044833"  "0.980375987044833" 
[28] "0.984260707400298"  "0.984260707400298"  "0.99"              
[31] "0.99"               "0.98254708037069"   "0.98254708037069"  
[34] "0.958485898706215"  "0.958485898706215"  "0.443970395263918" 
[37] "0.443970395263918"  "0.0124618100485583" "0.0124618100485583"
[40] "0.0128799768970321" "0.0128799768970321" "beta :"            
[43] "1"                 
[1] " old Likelihood:  -6089011.37409924"
[1] "New Likelihood:  -6088670.56502958"
iter:  0  f-value:  4086.765  pgrad:  0.5381578 
iter:  10  f-value:  4086.433  pgrad:  0.9864359 
iter:  20  f-value:  4086.421  pgrad:  0.9833144 
iter:  30  f-value:  4086.416  pgrad:  0.8748202 
iter:  40  f-value:  4086.412  pgrad:  0.7971221 
iter:  50  f-value:  4086.408  pgrad:  0.9979502 
  Unsuccessful convergence.
Time difference of 15.24579 mins
[1] "maxIt: 20"
[1] "It: 7"
 [1] "sigma:"             "0.99"               "0.99"              
 [4] "0.99"               "0.99"               "0.99"              
 [7] "0.99"               "0.99"               "0.99"              
[10] "0.99"               "0.99"               "0.99"              
[13] "0.99"               "0.99"               "0.99"              
[16] "0.99"               "0.99"               "0.99"              
[19] "0.99"               "0.989495777034248"  "0.989495777034248" 
[22] "0.99"               "0.99"               "0.99"              
[25] "0.99"               "0.983379133040683"  "0.983379133040683" 
[28] "0.987856305250648"  "0.987856305250648"  "0.99"              
[31] "0.99"               "0.983824220108375"  "0.983824220108375" 
[34] "0.9575138490633"    "0.9575138490633"    "0.449553789895946" 
[37] "0.449553789895946"  "0.0281863909579692" "0.0281863909579692"
[40] "0.0181462067122299" "0.0181462067122299" "beta :"            
[43] "1"                 
 [1] "sigma:"             "0.99"               "0.99"              
 [4] "0.99"               "0.99"               "0.99"              
 [7] "0.99"               "0.99"               "0.99"              
[10] "0.99"               "0.99"               "0.99"              
[13] "0.99"               "0.99"               "0.99"              
[16] "0.99"               "0.99"               "0.99"              
[19] "0.99"               "0.989495777034248"  "0.989495777034248" 
[22] "0.99"               "0.99"               "0.99"              
[25] "0.99"               "0.983379133040683"  "0.983379133040683" 
[28] "0.987856305250648"  "0.987856305250648"  "0.99"              
[31] "0.99"               "0.983824220108375"  "0.983824220108375" 
[34] "0.9575138490633"    "0.9575138490633"    "0.499053789895946" 
[37] "0.499053789895946"  "0.0281863909579692" "0.0281863909579692"
[40] "0.0181462067122299" "0.0181462067122299" "beta :"            
[43] "1"                 
[1] " old Likelihood:  -6088670.56502958"
[1] "New Likelihood:  -6088521.61702202"
iter:  0  f-value:  3961.298  pgrad:  0.5398632 
iter:  10  f-value:  3961.142  pgrad:  0.8761208 
iter:  20  f-value:  3961.139  pgrad:  0.8250709 
iter:  30  f-value:  3961.132  pgrad:  0.9946127 
iter:  40  f-value:  3961.129  pgrad:  0.5682978 
iter:  50  f-value:  3961.128  pgrad:  0.5210904 
  Unsuccessful convergence.
Time difference of 14.84397 mins
[1] "maxIt: 20"
[1] "It: 8"
 [1] "sigma:"             "0.99"               "0.99"              
 [4] "0.99"               "0.99"               "0.99"              
 [7] "0.99"               "0.99"               "0.99"              
[10] "0.99"               "0.99"               "0.99"              
[13] "0.99"               "0.99"               "0.99"              
[16] "0.99"               "0.99"               "0.99"              
[19] "0.99"               "0.989165004232263"  "0.989165004232263" 
[22] "0.99"               "0.99"               "0.99"              
[25] "0.99"               "0.985097266542985"  "0.985097266542985" 
[28] "0.99"               "0.99"               "0.99"              
[31] "0.99"               "0.984514232432509"  "0.984514232432509" 
[34] "0.957079199408127"  "0.957079199408127"  "0.499517593123501" 
[37] "0.499517593123501"  "0.0433304609192836" "0.0433304609192836"
[40] "0.0232283149510957" "0.0232283149510957" "beta :"            
[43] "1"                 
 [1] "sigma:"             "0.99"               "0.99"              
 [4] "0.99"               "0.99"               "0.99"              
 [7] "0.99"               "0.99"               "0.99"              
[10] "0.99"               "0.99"               "0.99"              
[13] "0.99"               "0.99"               "0.99"              
[16] "0.99"               "0.99"               "0.99"              
[19] "0.99"               "0.989165004232263"  "0.989165004232263" 
[22] "0.99"               "0.99"               "0.99"              
[25] "0.99"               "0.985097266542985"  "0.985097266542985" 
[28] "0.99"               "0.99"               "0.99"              
[31] "0.99"               "0.984514232432509"  "0.984514232432509" 
[34] "0.957079199408127"  "0.957079199408127"  "0.499517593123501" 
[37] "0.499517593123501"  "0.0433304609192836" "0.0433304609192836"
[40] "0.0232283149510957" "0.0232283149510957" "beta :"            
[43] "1"                 
[1] " old Likelihood:  -6088521.61702202"
[1] "New Likelihood:  -6088441.60101095"
iter:  0  f-value:  3943.155  pgrad:  0.5559859 
iter:  10  f-value:  3943.091  pgrad:  0.5994616 
iter:  20  f-value:  3943.09  pgrad:  0.6040318 
iter:  30  f-value:  3943.089  pgrad:  0.5656238 
iter:  40  f-value:  3943.087  pgrad:  0.5004085 
iter:  50  f-value:  3943.086  pgrad:  0.4636968 
  Unsuccessful convergence.
Time difference of 14.67562 mins
[1] "maxIt: 20"
[1] "It: 9"
 [1] "sigma:"             "0.99"               "0.99"              
 [4] "0.99"               "0.99"               "0.99"              
 [7] "0.99"               "0.99"               "0.99"              
[10] "0.99"               "0.99"               "0.99"              
[13] "0.99"               "0.99"               "0.99"              
[16] "0.99"               "0.99"               "0.99"              
[19] "0.99"               "0.988675681429061"  "0.988675681429061" 
[22] "0.99"               "0.99"               "0.99"              
[25] "0.99"               "0.98735457614415"   "0.98735457614415"  
[28] "0.99"               "0.99"               "0.99"              
[31] "0.99"               "0.984989261143556"  "0.984989261143556" 
[34] "0.956930591728695"  "0.956930591728695"  "0.49799136690325"  
[37] "0.49799136690325"   "0.0511503387175722" "0.0511503387175722"
[40] "0.0258874202718457" "0.0258874202718457" "beta :"            
[43] "1"                 
 [1] "sigma:"             "0.99"               "0.99"              
 [4] "0.99"               "0.99"               "0.99"              
 [7] "0.99"               "0.99"               "0.99"              
[10] "0.99"               "0.99"               "0.99"              
[13] "0.99"               "0.99"               "0.99"              
[16] "0.99"               "0.99"               "0.99"              
[19] "0.99"               "0.988675681429061"  "0.988675681429061" 
[22] "0.99"               "0.99"               "0.99"              
[25] "0.99"               "0.98735457614415"   "0.98735457614415"  
[28] "0.99"               "0.99"               "0.99"              
[31] "0.99"               "0.984989261143556"  "0.984989261143556" 
[34] "0.956930591728695"  "0.956930591728695"  "0.49799136690325"  
[37] "0.49799136690325"   "0.0511503387175722" "0.0511503387175722"
[40] "0.0258874202718457" "0.0258874202718457" "beta :"            
[43] "1"                 
[1] " old Likelihood:  -6088441.60101095"
[1] "New Likelihood:  -6088400.387506"
iter:  0  f-value:  3931.059  pgrad:  0.5557099 
iter:  10  f-value:  3931.024  pgrad:  0.485993 
iter:  20  f-value:  3931.023  pgrad:  0.5464179 
iter:  30  f-value:  3931.022  pgrad:  0.441969 
iter:  40  f-value:  3931.021  pgrad:  0.4038111 
iter:  50  f-value:  3931.019  pgrad:  0.3141668 
  Unsuccessful convergence.
Time difference of 15.23439 mins
[1] "maxIt: 20"
[1] "It: 10"
 [1] "sigma:"             "0.99"               "0.99"              
 [4] "0.99"               "0.99"               "0.99"              
 [7] "0.99"               "0.99"               "0.99"              
[10] "0.99"               "0.99"               "0.99"              
[13] "0.99"               "0.99"               "0.99"              
[16] "0.99"               "0.99"               "0.99"              
[19] "0.99"               "0.988066265620704"  "0.988066265620704" 
[22] "0.99"               "0.99"               "0.99"              
[25] "0.99"               "0.988763272206079"  "0.988763272206079" 
[28] "0.99"               "0.99"               "0.99"              
[31] "0.99"               "0.985296513553567"  "0.985296513553567" 
[34] "0.956966829507649"  "0.956966829507649"  "0.494700125529033" 
[37] "0.494700125529033"  "0.0606099313614311" "0.0606099313614311"
[40] "0.0292426716300392" "0.0292426716300392" "beta :"            
[43] "1"                 
 [1] "sigma:"             "0.99"               "0.99"              
 [4] "0.99"               "0.99"               "0.99"              
 [7] "0.99"               "0.99"               "0.99"              
[10] "0.99"               "0.99"               "0.99"              
[13] "0.99"               "0.99"               "0.99"              
[16] "0.99"               "0.99"               "0.99"              
[19] "0.99"               "0.988066265620704"  "0.988066265620704" 
[22] "0.99"               "0.99"               "0.99"              
[25] "0.99"               "0.988763272206079"  "0.988763272206079" 
[28] "0.99"               "0.99"               "0.99"              
[31] "0.99"               "0.985296513553567"  "0.985296513553567" 
[34] "0.956966829507649"  "0.956966829507649"  "0.494700125529033" 
[37] "0.494700125529033"  "0.0606099313614311" "0.0606099313614311"
[40] "0.0292426716300392" "0.0292426716300392" "beta :"            
[43] "1"                 
[1] " old Likelihood:  -6088400.387506"
[1] "New Likelihood:  -6088371.18993313"
iter:  0  f-value:  3920.51  pgrad:  0.6051732 
iter:  10  f-value:  3920.488  pgrad:  0.3988362 
iter:  20  f-value:  3920.486  pgrad:  0.3735431 
iter:  30  f-value:  3920.486  pgrad:  0.3630748 
iter:  40  f-value:  3920.485  pgrad:  0.3549576 
iter:  50  f-value:  3920.485  pgrad:  0.3362265 
  Unsuccessful convergence.
Time difference of 15.2129 mins
[1] "maxIt: 20"
[1] "It: 11"
 [1] "sigma:"             "0.99"               "0.99"              
 [4] "0.99"               "0.99"               "0.99"              
 [7] "0.99"               "0.99"               "0.99"              
[10] "0.99"               "0.99"               "0.99"              
[13] "0.99"               "0.99"               "0.99"              
[16] "0.99"               "0.99"               "0.99"              
[19] "0.99"               "0.987665889721851"  "0.987665889721851" 
[22] "0.99"               "0.99"               "0.99"              
[25] "0.99"               "0.989598036656503"  "0.989598036656503" 
[28] "0.99"               "0.99"               "0.99"              
[31] "0.99"               "0.985486011001104"  "0.985486011001104" 
[34] "0.95709705878501"   "0.95709705878501"   "0.490630959090454" 
[37] "0.490630959090454"  "0.0686753313052333" "0.0686753313052333"
[40] "0.0319395477501528" "0.0319395477501528" "beta :"            
[43] "1"                 
 [1] "sigma:"             "0.99"               "0.99"              
 [4] "0.99"               "0.99"               "0.99"              
 [7] "0.99"               "0.99"               "0.99"              
[10] "0.99"               "0.99"               "0.99"              
[13] "0.99"               "0.99"               "0.99"              
[16] "0.99"               "0.99"               "0.99"              
[19] "0.99"               "0.987665889721851"  "0.987665889721851" 
[22] "0.99"               "0.99"               "0.99"              
[25] "0.99"               "0.989598036656503"  "0.989598036656503" 
[28] "0.99"               "0.99"               "0.99"              
[31] "0.99"               "0.985486011001104"  "0.985486011001104" 
[34] "0.95709705878501"   "0.95709705878501"   "0.490630959090454" 
[37] "0.490630959090454"  "0.118175331305233"  "0.118175331305233" 
[40] "0.0319395477501528" "0.0319395477501528" "beta :"            
[43] "1"                 
[1] " old Likelihood:  -6088371.18993313"
[1] "New Likelihood:  -6088348.25635302"
iter:  0  f-value:  3873.393  pgrad:  0.5542082 
iter:  10  f-value:  3873.374  pgrad:  0.4974299 
iter:  20  f-value:  3873.374  pgrad:  0.4703179 
iter:  30  f-value:  3873.373  pgrad:  0.4368349 
iter:  40  f-value:  3873.372  pgrad:  0.415107 
iter:  50  f-value:  3873.371  pgrad:  0.3728564 
  Unsuccessful convergence.
Time difference of 15.19634 mins
[1] "maxIt: 20"
[1] "It: 12"
 [1] "sigma:"             "0.99"               "0.99"              
 [4] "0.99"               "0.99"               "0.99"              
 [7] "0.99"               "0.99"               "0.99"              
[10] "0.99"               "0.99"               "0.99"              
[13] "0.99"               "0.99"               "0.99"              
[16] "0.99"               "0.99"               "0.99"              
[19] "0.99"               "0.98750304958292"   "0.98750304958292"  
[22] "0.99"               "0.99"               "0.99"              
[25] "0.99"               "0.99"               "0.99"              
[28] "0.99"               "0.99"               "0.99"              
[31] "0.99"               "0.985610198974203"  "0.985610198974203" 
[34] "0.957200684020533"  "0.957200684020533"  "0.487832109310245" 
[37] "0.487832109310245"  "0.123918921761917"  "0.123918921761917" 
[40] "0.0336561699241587" "0.0336561699241587" "beta :"            
[43] "1"                 
 [1] "sigma:"             "0.99"               "0.99"              
 [4] "0.99"               "0.99"               "0.99"              
 [7] "0.99"               "0.99"               "0.99"              
[10] "0.99"               "0.99"               "0.99"              
[13] "0.99"               "0.99"               "0.99"              
[16] "0.99"               "0.99"               "0.99"              
[19] "0.99"               "0.98750304958292"   "0.98750304958292"  
[22] "0.99"               "0.99"               "0.99"              
[25] "0.99"               "0.99"               "0.99"              
[28] "0.99"               "0.99"               "0.99"              
[31] "0.99"               "0.985610198974203"  "0.985610198974203" 
[34] "0.957200684020533"  "0.957200684020533"  "0.487832109310245" 
[37] "0.487832109310245"  "0.173418921761917"  "0.173418921761917" 
[40] "0.0336561699241587" "0.0336561699241587" "beta :"            
[43] "1"                 
[1] " old Likelihood:  -6088348.25635302"
[1] "New Likelihood:  -6088328.59515714"
iter:  0  f-value:  3827.837  pgrad:  0.456774 
iter:  10  f-value:  3827.82  pgrad:  0.5488937 
iter:  20  f-value:  3827.819  pgrad:  0.5027186 
iter:  30  f-value:  3827.818  pgrad:  0.4602316 
iter:  40  f-value:  3827.816  pgrad:  0.3515515 
iter:  50  f-value:  3827.815  pgrad:  0.2843035 
  Unsuccessful convergence.
Time difference of 15.19765 mins
[1] "maxIt: 20"
[1] "It: 13"
 [1] "sigma:"             "0.99"               "0.99"              
 [4] "0.99"               "0.99"               "0.99"              
 [7] "0.99"               "0.99"               "0.99"              
[10] "0.99"               "0.99"               "0.99"              
[13] "0.99"               "0.99"               "0.99"              
[16] "0.99"               "0.99"               "0.99"              
[19] "0.99"               "0.9876628046199"    "0.9876628046199"   
[22] "0.99"               "0.99"               "0.99"              
[25] "0.99"               "0.99"               "0.99"              
[28] "0.99"               "0.99"               "0.99"              
[31] "0.99"               "0.98569240742346"   "0.98569240742346"  
[34] "0.957385124023806"  "0.957385124023806"  "0.484581835088374" 
[37] "0.484581835088374"  "0.182977109879416"  "0.182977109879416" 
[40] "0.0364099935602261" "0.0364099935602261" "beta :"            
[43] "1"                 
 [1] "sigma:"             "0.99"               "0.99"              
 [4] "0.99"               "0.99"               "0.99"              
 [7] "0.99"               "0.99"               "0.99"              
[10] "0.99"               "0.99"               "0.99"              
[13] "0.99"               "0.99"               "0.99"              
[16] "0.99"               "0.99"               "0.99"              
[19] "0.99"               "0.9876628046199"    "0.9876628046199"   
[22] "0.99"               "0.99"               "0.99"              
[25] "0.99"               "0.99"               "0.99"              
[28] "0.99"               "0.99"               "0.99"              
[31] "0.99"               "0.98569240742346"   "0.98569240742346"  
[34] "0.957385124023806"  "0.957385124023806"  "0.484581835088374" 
[37] "0.484581835088374"  "0.182977109879416"  "0.182977109879416" 
[40] "0.0364099935602261" "0.0364099935602261" "beta :"            
[43] "1"                 
[1] " old Likelihood:  -6088328.59515714"
[1] "New Likelihood:  -6088310.10054072"
iter:  0  f-value:  3824.317  pgrad:  0.553779 
iter:  10  f-value:  3824.306  pgrad:  0.3976675 
iter:  20  f-value:  3824.305  pgrad:  0.3406922 
iter:  30  f-value:  3824.304  pgrad:  0.3355854 
iter:  40  f-value:  3824.302  pgrad:  0.1702256 
iter:  50  f-value:  3824.302  pgrad:  0.4501133 
  Unsuccessful convergence.
Time difference of 15.16852 mins
[1] "maxIt: 20"
[1] "It: 14"
 [1] "sigma:"             "0.99"               "0.99"              
 [4] "0.99"               "0.99"               "0.99"              
 [7] "0.99"               "0.99"               "0.99"              
[10] "0.99"               "0.99"               "0.99"              
[13] "0.99"               "0.99"               "0.99"              
[16] "0.99"               "0.99"               "0.99"              
[19] "0.99"               "0.98772857056042"   "0.98772857056042"  
[22] "0.99"               "0.99"               "0.99"              
[25] "0.99"               "0.99"               "0.99"              
[28] "0.99"               "0.99"               "0.99"              
[31] "0.99"               "0.985725469098153"  "0.985725469098153" 
[34] "0.95765711123486"   "0.95765711123486"   "0.479786656234806" 
[37] "0.479786656234806"  "0.19380922533597"   "0.19380922533597"  
[40] "0.0396006062989509" "0.0396006062989509" "beta :"            
[43] "1"                 
 [1] "sigma:"             "0.99"               "0.99"              
 [4] "0.99"               "0.99"               "0.99"              
 [7] "0.99"               "0.99"               "0.99"              
[10] "0.99"               "0.99"               "0.99"              
[13] "0.99"               "0.99"               "0.99"              
[16] "0.99"               "0.99"               "0.99"              
[19] "0.99"               "0.98772857056042"   "0.98772857056042"  
[22] "0.99"               "0.99"               "0.99"              
[25] "0.99"               "0.99"               "0.99"              
[28] "0.99"               "0.99"               "0.99"              
[31] "0.99"               "0.985725469098153"  "0.985725469098153" 
[34] "0.95765711123486"   "0.95765711123486"   "0.479786656234807" 
[37] "0.479786656234807"  "0.24330922533597"   "0.24330922533597"  
[40] "0.0396006062989509" "0.0396006062989509" "beta :"            
[43] "1"                 
[1] " old Likelihood:  -6088310.10054072"
[1] "New Likelihood:  -6088295.00313767"
iter:  0  f-value:  3775.698  pgrad:  0.4811773 
iter:  10  f-value:  3775.687  pgrad:  0.4950925 
iter:  20  f-value:  3775.686  pgrad:  0.4370122 
iter:  30  f-value:  3775.682  pgrad:  0.4489642 
iter:  40  f-value:  3775.682  pgrad:  0.1076614 
iter:  50  f-value:  3775.682  pgrad:  0.08836651 
  Unsuccessful convergence.
Time difference of 15.20368 mins
[1] "maxIt: 20"
[1] "It: 15"
 [1] "sigma:"             "0.99"               "0.99"              
 [4] "0.99"               "0.99"               "0.99"              
 [7] "0.99"               "0.99"               "0.99"              
[10] "0.99"               "0.99"               "0.99"              
[13] "0.99"               "0.99"               "0.99"              
[16] "0.99"               "0.99"               "0.99"              
[19] "0.99"               "0.987750927312107"  "0.987750927312107" 
[22] "0.99"               "0.99"               "0.99"              
[25] "0.99"               "0.99"               "0.99"              
[28] "0.99"               "0.99"               "0.99"              
[31] "0.99"               "0.985753799749286"  "0.985753799749286" 
[34] "0.957927292068761"  "0.957927292068761"  "0.475285872246505" 
[37] "0.475285872246505"  "0.255611300149398"  "0.255611300149398" 
[40] "0.0429880603863152" "0.0429880603863152" "beta :"            
[43] "1"                 
 [1] "sigma:"             "0.99"               "0.99"              
 [4] "0.99"               "0.99"               "0.99"              
 [7] "0.99"               "0.99"               "0.99"              
[10] "0.99"               "0.99"               "0.99"              
[13] "0.99"               "0.99"               "0.99"              
[16] "0.99"               "0.99"               "0.99"              
[19] "0.99"               "0.987750927312107"  "0.987750927312107" 
[22] "0.99"               "0.99"               "0.99"              
[25] "0.99"               "0.99"               "0.99"              
[28] "0.99"               "0.99"               "0.99"              
[31] "0.99"               "0.985753799749286"  "0.985753799749286" 
[34] "0.957927292068761"  "0.957927292068761"  "0.475285872246505" 
[37] "0.475285872246505"  "0.255611300149398"  "0.255611300149398" 
[40] "0.0429880603863152" "0.0429880603863152" "beta :"            
[43] "1"                 
[1] " old Likelihood:  -6088295.00313767"
[1] "New Likelihood:  -6088281.15262144"
iter:  0  f-value:  3772.104  pgrad:  0.5532525 
iter:  10  f-value:  3772.097  pgrad:  0.3871082 
iter:  20  f-value:  3772.096  pgrad:  0.480577 
iter:  30  f-value:  3772.095  pgrad:  0.2461366 
iter:  40  f-value:  3772.094  pgrad:  0.9958124 
iter:  50  f-value:  3772.094  pgrad:  0.1135686 
  Unsuccessful convergence.
Time difference of 15.11696 mins
[1] "maxIt: 20"
[1] "It: 16"
 [1] "sigma:"             "0.99"               "0.99"              
 [4] "0.99"               "0.99"               "0.99"              
 [7] "0.99"               "0.99"               "0.99"              
[10] "0.99"               "0.99"               "0.99"              
[13] "0.99"               "0.99"               "0.99"              
[16] "0.99"               "0.99"               "0.99"              
[19] "0.99"               "0.98776042335967"   "0.98776042335967"  
[22] "0.99"               "0.99"               "0.99"              
[25] "0.99"               "0.99"               "0.99"              
[28] "0.99"               "0.99"               "0.99"              
[31] "0.99"               "0.985771188209921"  "0.985771188209921" 
[34] "0.958177882997922"  "0.958177882997922"  "0.470610302361958" 
[37] "0.470610302361958"  "0.264002845600664"  "0.264002845600664" 
[40] "0.0453000522370111" "0.0453000522370111" "beta :"            
[43] "1"                 
 [1] "sigma:"             "0.99"               "0.99"              
 [4] "0.99"               "0.99"               "0.99"              
 [7] "0.99"               "0.99"               "0.99"              
[10] "0.99"               "0.99"               "0.99"              
[13] "0.99"               "0.99"               "0.99"              
[16] "0.99"               "0.99"               "0.99"              
[19] "0.99"               "0.98776042335967"   "0.98776042335967"  
[22] "0.99"               "0.99"               "0.99"              
[25] "0.99"               "0.99"               "0.99"              
[28] "0.99"               "0.99"               "0.99"              
[31] "0.99"               "0.985771188209921"  "0.985771188209921" 
[34] "0.958177882997922"  "0.958177882997922"  "0.470610302361958" 
[37] "0.470610302361958"  "0.313502845600664"  "0.313502845600664" 
[40] "0.0453000522370111" "0.0453000522370111" "beta :"            
[43] "1"                 
[1] " old Likelihood:  -6088281.15262144"
[1] "New Likelihood:  -6088270.21234204"
iter:  0  f-value:  3722.012  pgrad:  0.4753639 
iter:  10  f-value:  3722.003  pgrad:  0.4656795 
iter:  20  f-value:  3722.002  pgrad:  0.5529881 
iter:  30  f-value:  3722.001  pgrad:  0.352502 
iter:  40  f-value:  3722.001  pgrad:  0.643231 
iter:  50  f-value:  3722  pgrad:  0.2215847 
  Unsuccessful convergence.
Time difference of 15.11091 mins
[1] "maxIt: 20"
[1] "It: 17"
 [1] "sigma:"             "0.99"               "0.99"              
 [4] "0.99"               "0.99"               "0.99"              
 [7] "0.99"               "0.99"               "0.99"              
[10] "0.99"               "0.99"               "0.99"              
[13] "0.99"               "0.99"               "0.99"              
[16] "0.99"               "0.99"               "0.99"              
[19] "0.99"               "0.987760033613718"  "0.987760033613718" 
[22] "0.99"               "0.99"               "0.99"              
[25] "0.99"               "0.99"               "0.99"              
[28] "0.99"               "0.99"               "0.99"              
[31] "0.99"               "0.98577331306593"   "0.98577331306593"  
[34] "0.958374709313872"  "0.958374709313872"  "0.466970758923159" 
[37] "0.466970758923159"  "0.320996681005361"  "0.320996681005361" 
[40] "0.0471388391480051" "0.0471388391480051" "beta :"            
[43] "1"                 
 [1] "sigma:"             "0.99"               "0.99"              
 [4] "0.99"               "0.99"               "0.99"              
 [7] "0.99"               "0.99"               "0.99"              
[10] "0.99"               "0.99"               "0.99"              
[13] "0.99"               "0.99"               "0.99"              
[16] "0.99"               "0.99"               "0.99"              
[19] "0.99"               "0.987760033613718"  "0.987760033613718" 
[22] "0.99"               "0.99"               "0.99"              
[25] "0.99"               "0.99"               "0.99"              
[28] "0.99"               "0.99"               "0.99"              
[31] "0.99"               "0.98577331306593"   "0.98577331306593"  
[34] "0.958374709313872"  "0.958374709313872"  "0.466970758923159" 
[37] "0.466970758923159"  "0.320996681005361"  "0.320996681005361" 
[40] "0.0471388391480051" "0.0471388391480051" "beta :"            
[43] "1"                 
[1] " old Likelihood:  -6088270.21234204"
[1] "New Likelihood:  -6088259.9920607"
iter:  0  f-value:  3720.985  pgrad:  0.5529154 
iter:  10  f-value:  3720.98  pgrad:  0.3773312 
iter:  20  f-value:  3720.979  pgrad:  0.4495106 
iter:  30  f-value:  3720.979  pgrad:  0.2167008 
iter:  40  f-value:  3720.978  pgrad:  0.5531015 
iter:  50  f-value:  3720.978  pgrad:  0.06562459 
  Unsuccessful convergence.
Time difference of 15.06635 mins
[1] "maxIt: 20"
[1] "It: 18"
 [1] "sigma:"             "0.99"               "0.99"              
 [4] "0.99"               "0.99"               "0.99"              
 [7] "0.99"               "0.99"               "0.99"              
[10] "0.99"               "0.99"               "0.99"              
[13] "0.99"               "0.99"               "0.99"              
[16] "0.99"               "0.99"               "0.99"              
[19] "0.99"               "0.987762747946846"  "0.987762747946846" 
[22] "0.99"               "0.99"               "0.99"              
[25] "0.99"               "0.99"               "0.99"              
[28] "0.99"               "0.99"               "0.99"              
[31] "0.99"               "0.985769165770751"  "0.985769165770751" 
[34] "0.958625954627337"  "0.958625954627337"  "0.462162944866428" 
[37] "0.462162944866428"  "0.32818219628321"   "0.32818219628321"  
[40] "0.0490153499502411" "0.0490153499502411" "beta :"            
[43] "1"                 
 [1] "sigma:"             "0.99"               "0.99"              
 [4] "0.99"               "0.99"               "0.99"              
 [7] "0.99"               "0.99"               "0.99"              
[10] "0.99"               "0.99"               "0.99"              
[13] "0.99"               "0.99"               "0.99"              
[16] "0.99"               "0.99"               "0.99"              
[19] "0.99"               "0.987762747946846"  "0.987762747946846" 
[22] "0.99"               "0.99"               "0.99"              
[25] "0.99"               "0.99"               "0.99"              
[28] "0.99"               "0.99"               "0.99"              
[31] "0.99"               "0.985769165770751"  "0.985769165770751" 
[34] "0.958625954627337"  "0.958625954627337"  "0.462162944866428" 
[37] "0.462162944866428"  "0.37768219628321"   "0.37768219628321"  
[40] "0.0490153499502411" "0.0490153499502411" "beta :"            
[43] "1"                 
[1] " old Likelihood:  -6088259.9920607"
[1] "New Likelihood:  -6088252.12875926"
iter:  0  f-value:  3669.271  pgrad:  0.4668313 
iter:  10  f-value:  3669.263  pgrad:  0.460509 
iter:  20  f-value:  3669.263  pgrad:  0.4086132 
iter:  30  f-value:  3669.26  pgrad:  0.07149083 
iter:  40  f-value:  3669.26  pgrad:  0.06467872 
iter:  50  f-value:  3669.26  pgrad:  0.0554428 
  Unsuccessful convergence.
Time difference of 15.23631 mins
[1] "maxIt: 20"
[1] "It: 19"
 [1] "sigma:"             "0.99"               "0.99"              
 [4] "0.99"               "0.99"               "0.99"              
 [7] "0.99"               "0.99"               "0.99"              
[10] "0.99"               "0.99"               "0.99"              
[13] "0.99"               "0.99"               "0.99"              
[16] "0.99"               "0.99"               "0.99"              
[19] "0.99"               "0.987759865647483"  "0.987759865647483" 
[22] "0.99"               "0.99"               "0.99"              
[25] "0.99"               "0.99"               "0.99"              
[28] "0.99"               "0.99"               "0.99"              
[31] "0.99"               "0.985755403323567"  "0.985755403323567" 
[34] "0.958836842720418"  "0.958836842720418"  "0.457965149813129" 
[37] "0.457965149813129"  "0.386156433838607"  "0.386156433838607" 
[40] "0.0509457396803683" "0.0509457396803683" "beta :"            
[43] "1"                 
 [1] "sigma:"              "0.99"                "0.99"               
 [4] "0.99"                "0.99"                "0.99"               
 [7] "0.99"                "0.99"                "0.99"               
[10] "0.99"                "0.99"                "0.99"               
[13] "0.99"                "0.99"                "0.99"               
[16] "0.99"                "0.99"                "0.99"               
[19] "0.99"                "0.987759865647483"   "0.987759865647483"  
[22] "0.99"                "0.99"                "0.99"               
[25] "0.99"                "0.99"                "0.99"               
[28] "0.99"                "0.99"                "0.99"               
[31] "0.99"                "0.985755403323567"   "0.985755403323567"  
[34] "0.958836842720418"   "0.958836842720418"   "0.457965149813129"  
[37] "0.457965149813129"   "0.386156433838607"   "0.386156433838607"  
[40] "0.00144573968036826" "0.00144573968036826" "beta :"             
[43] "1"                  
[1] " old Likelihood:  -6088252.12875926"
[1] "New Likelihood:  -6088233.67113462"
iter:  0  f-value:  3668.018  pgrad:  0.6276969 
iter:  10  f-value:  3668.016  pgrad:  0.4619331 
iter:  20  f-value:  3668.015  pgrad:  0.1255785 
iter:  30  f-value:  3668.015  pgrad:  0.1005856 
iter:  40  f-value:  3668.015  pgrad:  0.08996267 
iter:  50  f-value:  3668.015  pgrad:  0.08448296 
  Unsuccessful convergence.
Time difference of 15.52828 mins
[1] "maxIt: 20"
[1] "It: 20"
 [1] "sigma:"              "0.99"                "0.99"               
 [4] "0.99"                "0.99"                "0.99"               
 [7] "0.99"                "0.99"                "0.99"               
[10] "0.99"                "0.99"                "0.99"               
[13] "0.99"                "0.99"                "0.99"               
[16] "0.99"                "0.99"                "0.99"               
[19] "0.99"                "0.987717436880914"   "0.987717436880914"  
[22] "0.99"                "0.99"                "0.99"               
[25] "0.99"                "0.99"                "0.99"               
[28] "0.99"                "0.99"                "0.99"               
[31] "0.99"                "0.985757991502033"   "0.985757991502033"  
[34] "0.95902462451353"    "0.95902462451353"    "0.453605007415833"  
[37] "0.453605007415833"   "0.388314406037288"   "0.388314406037288"  
[40] "0.00213475159456104" "0.00213475159456104" "beta :"             
[43] "1"                  
 [1] "sigma:"              "0.99"                "0.99"               
 [4] "0.99"                "0.99"                "0.99"               
 [7] "0.99"                "0.99"                "0.99"               
[10] "0.99"                "0.99"                "0.99"               
[13] "0.99"                "0.99"                "0.99"               
[16] "0.99"                "0.99"                "0.99"               
[19] "0.99"                "0.987717436880914"   "0.987717436880914"  
[22] "0.99"                "0.99"                "0.99"               
[25] "0.99"                "0.99"                "0.99"               
[28] "0.99"                "0.99"                "0.99"               
[31] "0.99"                "0.985757991502033"   "0.985757991502033"  
[34] "0.95902462451353"    "0.95902462451353"    "0.453605007415833"  
[37] "0.453605007415833"   "0.437814406037288"   "0.437814406037288"  
[40] "0.00213475159456104" "0.00213475159456104" "beta :"             
[43] "1"                  
[1] " old Likelihood:  -6088233.67113462"
[1] "New Likelihood:  -6088229.83693476"
iter:  0  f-value:  3615.659  pgrad:  0.4581869 
iter:  10  f-value:  3615.654  pgrad:  0.3370087 
iter:  20  f-value:  3615.653  pgrad:  0.4456722 
iter:  30  f-value:  3615.653  pgrad:  0.2199295 
iter:  40  f-value:  3615.653  pgrad:  0.1690887 
iter:  50  f-value:  3615.652  pgrad:  0.2511069 
  Unsuccessful convergence.
Time difference of 15.28777 mins
 [1] "sigma:"              "0.99"                "0.99"               
 [4] "0.99"                "0.99"                "0.99"               
 [7] "0.99"                "0.99"                "0.99"               
[10] "0.99"                "0.99"                "0.99"               
[13] "0.99"                "0.99"                "0.99"               
[16] "0.99"                "0.99"                "0.99"               
[19] "0.99"                "0.987752511106432"   "0.987752511106432"  
[22] "0.99"                "0.99"                "0.99"               
[25] "0.99"                "0.99"                "0.99"               
[28] "0.99"                "0.99"                "0.99"               
[31] "0.99"                "0.985742454369922"   "0.985742454369922"  
[34] "0.959172608078642"   "0.959172608078642"   "0.449912606843156"  
[37] "0.449912606843156"   "0.443015227856089"   "0.443015227856089"  
[40] "0.00332258544372753" "0.00332258544372753" "beta :"             
[43] "1"                  
[1] 1999282 1999356 1999088 1999602 1999522
[1] 1 1 1 1 1
saved RDS
inference successful
