[1] "Original length"
[1] 999861
[1] "Final length"
[1] 14232
[1] "sequence length : 999862" "sequence length : 999790"
[3] "sequence length : 999583" "sequence length : 999858"
[5] "sequence length : 998891"
[1] 1 1 1 1 1
[1] "Beta: 1"
[1] "Self: 0"
[1] "maxIt: 20"
[1] "It: 1"
 [1] "sigma:" "0"      "0"      "0"      "0"      "0"      "0"      "0"     
 [9] "0"      "0"      "0"      "0"      "0"      "0"      "0"      "0"     
[17] "0"      "0"      "0"      "0"      "0"      "0"      "0"      "0"     
[25] "0"      "0"      "0"      "0"      "0"      "0"      "0"      "0"     
[33] "0"      "0"      "0"      "0"      "0"      "0"      "0"      "0"     
[41] "0"      "beta :" "1"     
 [1] "sigma:" "0.9405" "0.9405" "0.9405" "0.9405" "0.9405" "0.9405" "0.9405"
 [9] "0.9405" "0.9405" "0.9405" "0.9405" "0.9405" "0.9405" "0.9405" "0.9405"
[17] "0.9405" "0.9405" "0.9405" "0.9405" "0.9405" "0.9405" "0.9405" "0.9405"
[25] "0.9405" "0.9405" "0.9405" "0.9405" "0.9405" "0.9405" "0.9405" "0.9405"
[33] "0.9405" "0.9405" "0.9405" "0"      "0"      "0"      "0"      "0"     
[41] "0"      "beta :" "1"     
[1] "New Likelihood:  -7399723.03884689"
iter:  0  f-value:  5646.416  pgrad:  0.5 
iter:  10  f-value:  5620.172  pgrad:  0.9975822 
iter:  20  f-value:  5619.317  pgrad:  0.9915955 
iter:  30  f-value:  5619.066  pgrad:  0.984992 
iter:  40  f-value:  5618.879  pgrad:  0.968194 
iter:  50  f-value:  5618.79  pgrad:  0.9562373 
  Unsuccessful convergence.
Time difference of 2.540064 hours
[1] "maxIt: 20"
[1] "It: 2"
 [1] "sigma:"              "0.970087796063075"   "0.970087796063075"  
 [4] "0.955435911725005"   "0.955435911725005"   "0.961357240651019"  
 [7] "0.961357240651019"   "0.969019835871991"   "0.969019835871991"  
[10] "0.977131641135295"   "0.977131641135295"   "0.983441061217166"  
[13] "0.983441061217166"   "0.984999477853387"   "0.984999477853387"  
[16] "0.979201675678043"   "0.979201675678043"   "0.965680938010374"  
[19] "0.965680938010374"   "0.964418553462772"   "0.964418553462772"  
[22] "0.962784643463229"   "0.962784643463229"   "0.957149207276544"  
[25] "0.957149207276544"   "0.960991636461736"   "0.960991636461736"  
[28] "0.959271970391456"   "0.959271970391456"   "0.959225431275348"  
[31] "0.959225431275348"   "0.958105551707317"   "0.958105551707317"  
[34] "0.955075442487482"   "0.955075442487482"   "0.0556516028325162" 
[37] "0.0556516028325162"  "0.0434170928081617"  "0.0434170928081617" 
[40] "0.00739754819739212" "0.00739754819739212" "beta :"             
[43] "1"                  
 [1] "sigma:"              "0.970087796063075"   "0.970087796063075"  
 [4] "0.955435911725005"   "0.955435911725005"   "0.961357240651019"  
 [7] "0.961357240651019"   "0.969019835871991"   "0.969019835871991"  
[10] "0.977131641135295"   "0.977131641135295"   "0.983441061217166"  
[13] "0.983441061217166"   "0.984999477853387"   "0.984999477853387"  
[16] "0.979201675678043"   "0.979201675678043"   "0.965680938010374"  
[19] "0.965680938010374"   "0.964418553462772"   "0.964418553462772"  
[22] "0.962784643463229"   "0.962784643463229"   "0.957149207276544"  
[25] "0.957149207276544"   "0.960991636461736"   "0.960991636461736"  
[28] "0.959271970391456"   "0.959271970391456"   "0.959225431275348"  
[31] "0.959225431275348"   "0.958105551707317"   "0.958105551707317"  
[34] "0.955075442487482"   "0.955075442487482"   "0.0061516028325162" 
[37] "0.0061516028325162"  "0.0434170928081617"  "0.0434170928081617" 
[40] "0.00739754819739212" "0.00739754819739212" "beta :"             
[43] "1"                  
[1] " old Likelihood:  -7399723.03884689"
[1] "New Likelihood:  -7391803.49508661"
iter:  0  f-value:  5362.982  pgrad:  0.5194374 
iter:  10  f-value:  5354.872  pgrad:  0.9921265 
iter:  20  f-value:  5354.759  pgrad:  0.9890165 
iter:  30  f-value:  5354.686  pgrad:  0.9839136 
iter:  40  f-value:  5354.631  pgrad:  0.9734332 
iter:  50  f-value:  5354.607  pgrad:  0.9694101 
  Unsuccessful convergence.
Time difference of 16.1946 mins
[1] "maxIt: 20"
[1] "It: 3"
 [1] "sigma:"             "0.987393964522498"  "0.987393964522498" 
 [4] "0.963875339299145"  "0.963875339299145"  "0.973345207210605" 
 [7] "0.973345207210605"  "0.985891394404463"  "0.985891394404463" 
[10] "0.99"               "0.99"               "0.99"              
[13] "0.99"               "0.99"               "0.99"              
[16] "0.99"               "0.99"               "0.98162887966762"  
[19] "0.98162887966762"   "0.981337313876009"  "0.981337313876009" 
[22] "0.979312352399647"  "0.979312352399647"  "0.970009074696377" 
[25] "0.970009074696377"  "0.973988506549354"  "0.973988506549354" 
[28] "0.968301901861559"  "0.968301901861559"  "0.966314572795007" 
[31] "0.966314572795007"  "0.962889420006777"  "0.962889420006777" 
[34] "0.957276467453905"  "0.957276467453905"  "0.0314215510422389"
[37] "0.0314215510422389" "0.0651668951981316" "0.0651668951981316"
[40] "0.0115955621560391" "0.0115955621560391" "beta :"            
[43] "1"                 
 [1] "sigma:"             "0.987393964522498"  "0.987393964522498" 
 [4] "0.963875339299145"  "0.963875339299145"  "0.973345207210605" 
 [7] "0.973345207210605"  "0.985891394404463"  "0.985891394404463" 
[10] "0.99"               "0.99"               "0.99"              
[13] "0.99"               "0.99"               "0.99"              
[16] "0.99"               "0.99"               "0.98162887966762"  
[19] "0.98162887966762"   "0.981337313876009"  "0.981337313876009" 
[22] "0.979312352399647"  "0.979312352399647"  "0.970009074696377" 
[25] "0.970009074696377"  "0.973988506549354"  "0.973988506549354" 
[28] "0.968301901861559"  "0.968301901861559"  "0.966314572795007" 
[31] "0.966314572795007"  "0.962889420006777"  "0.962889420006777" 
[34] "0.957276467453905"  "0.957276467453905"  "0.0314215510422389"
[37] "0.0314215510422389" "0.0156668951981316" "0.0156668951981316"
[40] "0.0115955621560391" "0.0115955621560391" "beta :"            
[43] "1"                 
[1] " old Likelihood:  -7391803.49508661"
[1] "New Likelihood:  -7389176.6409788"
iter:  0  f-value:  5149.93  pgrad:  0.5216429 
iter:  10  f-value:  5146.584  pgrad:  0.9831546 
iter:  20  f-value:  5146.557  pgrad:  0.9808166 
iter:  30  f-value:  5146.534  pgrad:  0.9766531 
iter:  40  f-value:  5146.525  pgrad:  0.6520622 
iter:  50  f-value:  5146.467  pgrad:  0.958839 
  Unsuccessful convergence.
Time difference of 16.19163 mins
[1] "maxIt: 20"
[1] "It: 4"
 [1] "sigma:"             "0.99"               "0.99"              
 [4] "0.973733594922532"  "0.973733594922532"  "0.987719792524526" 
 [7] "0.987719792524526"  "0.99"               "0.99"              
[10] "0.99"               "0.99"               "0.99"              
[13] "0.99"               "0.99"               "0.99"              
[16] "0.99"               "0.99"               "0.98775066686886"  
[19] "0.98775066686886"   "0.987027781653452"  "0.987027781653452" 
[22] "0.988532580907276"  "0.988532580907276"  "0.978346889244062" 
[25] "0.978346889244062"  "0.982053736001248"  "0.982053736001248" 
[28] "0.974810435494772"  "0.974810435494772"  "0.972073191283704" 
[31] "0.972073191283704"  "0.965424312874086"  "0.965424312874086" 
[34] "0.95594715488904"   "0.95594715488904"   "0.0607669125055202"
[37] "0.0607669125055202" "0.0407849784694053" "0.0407849784694053"
[40] "0.017386845006644"  "0.017386845006644"  "beta :"            
[43] "1"                 
 [1] "sigma:"             "0.99"               "0.99"              
 [4] "0.973733594922532"  "0.973733594922532"  "0.987719792524526" 
 [7] "0.987719792524526"  "0.99"               "0.99"              
[10] "0.99"               "0.99"               "0.99"              
[13] "0.99"               "0.99"               "0.99"              
[16] "0.99"               "0.99"               "0.98775066686886"  
[19] "0.98775066686886"   "0.987027781653452"  "0.987027781653452" 
[22] "0.988532580907276"  "0.988532580907276"  "0.978346889244062" 
[25] "0.978346889244062"  "0.982053736001248"  "0.982053736001248" 
[28] "0.974810435494772"  "0.974810435494772"  "0.972073191283704" 
[31] "0.972073191283704"  "0.965424312874086"  "0.965424312874086" 
[34] "0.95594715488904"   "0.95594715488904"   "0.15976691250552"  
[37] "0.15976691250552"   "0.0407849784694053" "0.0407849784694053"
[40] "0.017386845006644"  "0.017386845006644"  "beta :"            
[43] "1"                 
[1] " old Likelihood:  -7389176.6409788"
[1] "New Likelihood:  -7388081.46941167"
iter:  0  f-value:  4840.876  pgrad:  0.5235597 
iter:  10  f-value:  4839.476  pgrad:  0.9643602 
iter:  20  f-value:  4839.447  pgrad:  0.9541851 
iter:  30  f-value:  4839.427  pgrad:  0.9490661 
iter:  40  f-value:  4839.421  pgrad:  0.9470982 
iter:  50  f-value:  4839.404  pgrad:  0.9401126 
  Unsuccessful convergence.
Time difference of 16.58739 mins
[1] "maxIt: 20"
[1] "It: 5"
 [1] "sigma:"             "0.99"               "0.99"              
 [4] "0.980137749081732"  "0.980137749081732"  "0.99"              
 [7] "0.99"               "0.99"               "0.99"              
[10] "0.99"               "0.99"               "0.99"              
[13] "0.99"               "0.99"               "0.99"              
[16] "0.99"               "0.99"               "0.988996025484701" 
[19] "0.988996025484701"  "0.99"               "0.99"              
[22] "0.99"               "0.99"               "0.983906996493195" 
[25] "0.983906996493195"  "0.986101548230811"  "0.986101548230811" 
[28] "0.978982339973246"  "0.978982339973246"  "0.977023427102719" 
[31] "0.977023427102719"  "0.967395507170704"  "0.967395507170704" 
[34] "0.953840474323284"  "0.953840474323284"  "0.184339888339"    
[37] "0.184339888339"     "0.059438684683246"  "0.059438684683246" 
[40] "0.0219185800132652" "0.0219185800132652" "beta :"            
[43] "1"                 
 [1] "sigma:"             "0.99"               "0.99"              
 [4] "0.980137749081732"  "0.980137749081732"  "0.99"              
 [7] "0.99"               "0.99"               "0.99"              
[10] "0.99"               "0.99"               "0.99"              
[13] "0.99"               "0.99"               "0.99"              
[16] "0.99"               "0.99"               "0.988996025484701" 
[19] "0.988996025484701"  "0.99"               "0.99"              
[22] "0.99"               "0.99"               "0.983906996493195" 
[25] "0.983906996493195"  "0.986101548230811"  "0.986101548230811" 
[28] "0.978982339973246"  "0.978982339973246"  "0.977023427102719" 
[31] "0.977023427102719"  "0.967395507170704"  "0.967395507170704" 
[34] "0.953840474323284"  "0.953840474323284"  "0.283339888339"    
[37] "0.283339888339"     "0.009938684683246"  "0.009938684683246" 
[40] "0.0219185800132652" "0.0219185800132652" "beta :"            
[43] "1"                 
[1] " old Likelihood:  -7388081.46941167"
[1] "New Likelihood:  -7387572.19215493"
iter:  0  f-value:  4620.251  pgrad:  0.9634752 
iter:  10  f-value:  4619.646  pgrad:  0.9889371 
iter:  20  f-value:  4619.628  pgrad:  0.997611 
iter:  30  f-value:  4619.61  pgrad:  0.9775067 
iter:  40  f-value:  4619.603  pgrad:  0.8974803 
iter:  50  f-value:  4619.6  pgrad:  0.8546795 
  Unsuccessful convergence.
Time difference of 17.02809 mins
[1] "maxIt: 20"
[1] "It: 6"
 [1] "sigma:"             "0.99"               "0.99"              
 [4] "0.985317942859004"  "0.985317942859004"  "0.99"              
 [7] "0.99"               "0.99"               "0.99"              
[10] "0.99"               "0.99"               "0.99"              
[13] "0.99"               "0.99"               "0.99"              
[16] "0.99"               "0.99"               "0.989472698923092" 
[19] "0.989472698923092"  "0.99"               "0.99"              
[22] "0.99"               "0.99"               "0.987339894803406" 
[25] "0.987339894803406"  "0.987829179991711"  "0.987829179991711" 
[28] "0.981307704358875"  "0.981307704358875"  "0.980997613325058" 
[31] "0.980997613325058"  "0.969230559222561"  "0.969230559222561" 
[34] "0.951398667816787"  "0.951398667816787"  "0.302579056455873" 
[37] "0.302579056455873"  "0.0240883908191277" "0.0240883908191277"
[40] "0.0257398620483951" "0.0257398620483951" "beta :"            
[43] "1"                 
 [1] "sigma:"             "0.99"               "0.99"              
 [4] "0.985317942859004"  "0.985317942859004"  "0.99"              
 [7] "0.99"               "0.99"               "0.99"              
[10] "0.99"               "0.99"               "0.99"              
[13] "0.99"               "0.99"               "0.99"              
[16] "0.99"               "0.99"               "0.989472698923092" 
[19] "0.989472698923092"  "0.99"               "0.99"              
[22] "0.99"               "0.99"               "0.987339894803406" 
[25] "0.987339894803406"  "0.987829179991711"  "0.987829179991711" 
[28] "0.981307704358875"  "0.981307704358875"  "0.980997613325058" 
[31] "0.980997613325058"  "0.969230559222561"  "0.969230559222561" 
[34] "0.951398667816787"  "0.951398667816787"  "0.401579056455873" 
[37] "0.401579056455873"  "0.0240883908191277" "0.0240883908191277"
[40] "0.0257398620483951" "0.0257398620483951" "beta :"            
[43] "1"                 
[1] " old Likelihood:  -7387572.19215493"
[1] "New Likelihood:  -7387341.61425253"
iter:  0  f-value:  4383.507  pgrad:  0.9610088 
iter:  10  f-value:  4383.195  pgrad:  0.9752201 
iter:  20  f-value:  4383.175  pgrad:  0.9723412 
iter:  30  f-value:  4383.168  pgrad:  0.9384803 
iter:  40  f-value:  4383.164  pgrad:  0.8855113 
iter:  50  f-value:  4383.15  pgrad:  0.6117261 
  Unsuccessful convergence.
Time difference of 16.58169 mins
[1] "maxIt: 20"
[1] "It: 7"
 [1] "sigma:"             "0.99"               "0.99"              
 [4] "0.99"               "0.99"               "0.99"              
 [7] "0.99"               "0.99"               "0.99"              
[10] "0.99"               "0.99"               "0.99"              
[13] "0.99"               "0.99"               "0.99"              
[16] "0.99"               "0.99"               "0.988702651117806" 
[19] "0.988702651117806"  "0.99"               "0.99"              
[22] "0.99"               "0.99"               "0.989149437271759" 
[25] "0.989149437271759"  "0.988406693580142"  "0.988406693580142" 
[28] "0.982450584741157"  "0.982450584741157"  "0.983998369028293" 
[31] "0.983998369028293"  "0.970991578577724"  "0.970991578577724" 
[34] "0.948826611881489"  "0.948826611881489"  "0.419381327368381" 
[37] "0.419381327368381"  "0.0420983948947975" "0.0420983948947975"
[40] "0.0310969367039898" "0.0310969367039898" "beta :"            
[43] "1"                 
 [1] "sigma:"             "0.99"               "0.99"              
 [4] "0.99"               "0.99"               "0.99"              
 [7] "0.99"               "0.99"               "0.99"              
[10] "0.99"               "0.99"               "0.99"              
[13] "0.99"               "0.99"               "0.99"              
[16] "0.99"               "0.99"               "0.988702651117806" 
[19] "0.988702651117806"  "0.99"               "0.99"              
[22] "0.99"               "0.99"               "0.989149437271759" 
[25] "0.989149437271759"  "0.988406693580142"  "0.988406693580142" 
[28] "0.982450584741157"  "0.982450584741157"  "0.983998369028293" 
[31] "0.983998369028293"  "0.970991578577724"  "0.970991578577724" 
[34] "0.948826611881489"  "0.948826611881489"  "0.468881327368381" 
[37] "0.468881327368381"  "0.0420983948947975" "0.0420983948947975"
[40] "0.0310969367039898" "0.0310969367039898" "beta :"            
[43] "1"                 
[1] " old Likelihood:  -7387341.61425253"
[1] "New Likelihood:  -7387206.71439961"
iter:  0  f-value:  4247.194  pgrad:  0.9584107 
iter:  10  f-value:  4247.025  pgrad:  0.9072664 
iter:  20  f-value:  4247.012  pgrad:  1 
iter:  30  f-value:  4247.007  pgrad:  0.7464223 
iter:  40  f-value:  4247.001  pgrad:  0.6021128 
iter:  50  f-value:  4247  pgrad:  1 
  Unsuccessful convergence.
Time difference of 16.11431 mins
[1] "maxIt: 20"
[1] "It: 8"
 [1] "sigma:"             "0.99"               "0.99"              
 [4] "0.99"               "0.99"               "0.99"              
 [7] "0.99"               "0.99"               "0.99"              
[10] "0.99"               "0.99"               "0.99"              
[13] "0.99"               "0.99"               "0.99"              
[16] "0.989996475480003"  "0.989996475480003"  "0.988345393433476" 
[19] "0.988345393433476"  "0.99"               "0.99"              
[22] "0.99"               "0.99"               "0.989945814777025" 
[25] "0.989945814777025"  "0.988523147424164"  "0.988523147424164" 
[28] "0.982948635183163"  "0.982948635183163"  "0.986230246771465" 
[31] "0.986230246771465"  "0.972651038216751"  "0.972651038216751" 
[34] "0.946179560453713"  "0.946179560453713"  "0.481150749201323" 
[37] "0.481150749201323"  "0.0547648560406822" "0.0547648560406822"
[40] "0.0351095037743862" "0.0351095037743862" "beta :"            
[43] "1"                 
 [1] "sigma:"              "0.99"                "0.99"               
 [4] "0.99"                "0.99"                "0.99"               
 [7] "0.99"                "0.99"                "0.99"               
[10] "0.99"                "0.99"                "0.99"               
[13] "0.99"                "0.99"                "0.99"               
[16] "0.989996475480003"   "0.989996475480003"   "0.988345393433476"  
[19] "0.988345393433476"   "0.99"                "0.99"               
[22] "0.99"                "0.99"                "0.989945814777025"  
[25] "0.989945814777025"   "0.988523147424164"   "0.988523147424164"  
[28] "0.982948635183163"   "0.982948635183163"   "0.986230246771465"  
[31] "0.986230246771465"   "0.972651038216751"   "0.972651038216751"  
[34] "0.946179560453713"   "0.946179560453713"   "0.481150749201323"  
[37] "0.481150749201323"   "0.00526485604068215" "0.00526485604068215"
[40] "0.0351095037743862"  "0.0351095037743862"  "beta :"             
[43] "1"                  
[1] " old Likelihood:  -7387206.71439961"
[1] "New Likelihood:  -7387118.61052099"
iter:  0  f-value:  4256.585  pgrad:  0.9557369 
iter:  10  f-value:  4256.5  pgrad:  0.5672609 
iter:  20  f-value:  4256.496  pgrad:  0.5214133 
iter:  30  f-value:  4256.494  pgrad:  0.4715821 
iter:  40  f-value:  4256.492  pgrad:  0.3955302 
iter:  50  f-value:  4256.491  pgrad:  0.3719106 
  Unsuccessful convergence.
Time difference of 16.52869 mins
[1] "maxIt: 20"
[1] "It: 9"
 [1] "sigma:"             "0.99"               "0.99"              
 [4] "0.99"               "0.99"               "0.99"              
 [7] "0.99"               "0.99"               "0.99"              
[10] "0.99"               "0.99"               "0.99"              
[13] "0.99"               "0.99"               "0.99"              
[16] "0.99"               "0.99"               "0.98839406680664"  
[19] "0.98839406680664"   "0.99"               "0.99"              
[22] "0.99"               "0.99"               "0.99"              
[25] "0.99"               "0.988670285002894"  "0.988670285002894" 
[28] "0.983043768738427"  "0.983043768738427"  "0.987885713572819" 
[31] "0.987885713572819"  "0.974265465403528"  "0.974265465403528" 
[34] "0.943417144961534"  "0.943417144961534"  "0.489151979331377" 
[37] "0.489151979331377"  "0.0120768245867767" "0.0120768245867767"
[40] "0.0376249126128265" "0.0376249126128265" "beta :"            
[43] "1"                 
 [1] "sigma:"             "0.99"               "0.99"              
 [4] "0.99"               "0.99"               "0.99"              
 [7] "0.99"               "0.99"               "0.99"              
[10] "0.99"               "0.99"               "0.99"              
[13] "0.99"               "0.99"               "0.99"              
[16] "0.99"               "0.99"               "0.98839406680664"  
[19] "0.98839406680664"   "0.99"               "0.99"              
[22] "0.99"               "0.99"               "0.99"              
[25] "0.99"               "0.988670285002894"  "0.988670285002894" 
[28] "0.983043768738427"  "0.983043768738427"  "0.987885713572819" 
[31] "0.987885713572819"  "0.974265465403528"  "0.974265465403528" 
[34] "0.943417144961534"  "0.943417144961534"  "0.538651979331377" 
[37] "0.538651979331377"  "0.0120768245867767" "0.0120768245867767"
[40] "0.0376249126128265" "0.0376249126128265" "beta :"            
[43] "1"                 
[1] " old Likelihood:  -7387118.61052099"
[1] "New Likelihood:  -7387075.92822872"
iter:  0  f-value:  4129.812  pgrad:  0.9529466 
iter:  10  f-value:  4129.754  pgrad:  0.5313996 
iter:  20  f-value:  4129.75  pgrad:  0.6292066 
iter:  30  f-value:  4129.749  pgrad:  0.4516387 
iter:  40  f-value:  4129.747  pgrad:  0.7680319 
iter:  50  f-value:  4129.746  pgrad:  0.3501009 
  Unsuccessful convergence.
Time difference of 16.10811 mins
[1] "maxIt: 20"
[1] "It: 10"
 [1] "sigma:"             "0.99"               "0.99"              
 [4] "0.99"               "0.99"               "0.99"              
 [7] "0.99"               "0.99"               "0.99"              
[10] "0.99"               "0.99"               "0.99"              
[13] "0.99"               "0.99"               "0.99"              
[16] "0.99"               "0.99"               "0.988403657988587" 
[19] "0.988403657988587"  "0.99"               "0.99"              
[22] "0.99"               "0.99"               "0.99"              
[25] "0.99"               "0.988697644637105"  "0.988697644637105" 
[28] "0.98292338796135"   "0.98292338796135"   "0.989055214891098" 
[31] "0.989055214891098"  "0.975683364985746"  "0.975683364985746" 
[34] "0.940963062801964"  "0.940963062801964"  "0.544934922654568" 
[37] "0.544934922654568"  "0.0177343811014056" "0.0177343811014056"
[40] "0.0396924089842776" "0.0396924089842776" "beta :"            
[43] "1"                 
 [1] "sigma:"             "0.99"               "0.99"              
 [4] "0.99"               "0.99"               "0.99"              
 [7] "0.99"               "0.99"               "0.99"              
[10] "0.99"               "0.99"               "0.99"              
[13] "0.99"               "0.99"               "0.99"              
[16] "0.99"               "0.99"               "0.988403657988587" 
[19] "0.988403657988587"  "0.99"               "0.99"              
[22] "0.99"               "0.99"               "0.99"              
[25] "0.99"               "0.988697644637105"  "0.988697644637105" 
[28] "0.98292338796135"   "0.98292338796135"   "0.989055214891098" 
[31] "0.989055214891098"  "0.975683364985746"  "0.975683364985746" 
[34] "0.940963062801964"  "0.940963062801964"  "0.544934922654568" 
[37] "0.544934922654568"  "0.0177343811014056" "0.0177343811014056"
[40] "0.0396924089842776" "0.0396924089842776" "beta :"            
[43] "1"                 
[1] " old Likelihood:  -7387075.92822872"
[1] "New Likelihood:  -7387043.9464364"
iter:  0  f-value:  4121.276  pgrad:  0.9504677 
iter:  10  f-value:  4121.239  pgrad:  0.5592144 
iter:  20  f-value:  4121.237  pgrad:  0.446936 
iter:  30  f-value:  4121.235  pgrad:  0.3036075 
iter:  40  f-value:  4121.235  pgrad:  0.2804973 
iter:  50  f-value:  4121.235  pgrad:  0.2725028 
  Unsuccessful convergence.
Time difference of 16.10797 mins
[1] "maxIt: 20"
[1] "It: 11"
 [1] "sigma:"             "0.99"               "0.99"              
 [4] "0.99"               "0.99"               "0.99"              
 [7] "0.99"               "0.99"               "0.99"              
[10] "0.99"               "0.99"               "0.99"              
[13] "0.99"               "0.99"               "0.99"              
[16] "0.99"               "0.99"               "0.988402803658402" 
[19] "0.988402803658402"  "0.99"               "0.99"              
[22] "0.99"               "0.99"               "0.99"              
[25] "0.99"               "0.988689233892074"  "0.988689233892074" 
[28] "0.982726063180813"  "0.982726063180813"  "0.989896011901323" 
[31] "0.989896011901323"  "0.976981152370774"  "0.976981152370774" 
[34] "0.93852039227282"   "0.93852039227282"   "0.549644446250737" 
[37] "0.549644446250737"  "0.022363652424807"  "0.022363652424807" 
[40] "0.0415542217329708" "0.0415542217329708" "beta :"            
[43] "1"                 
 [1] "sigma:"             "0.99"               "0.99"              
 [4] "0.99"               "0.99"               "0.99"              
 [7] "0.99"               "0.99"               "0.99"              
[10] "0.99"               "0.99"               "0.99"              
[13] "0.99"               "0.99"               "0.99"              
[16] "0.99"               "0.99"               "0.988402803658402" 
[19] "0.988402803658402"  "0.99"               "0.99"              
[22] "0.99"               "0.99"               "0.99"              
[25] "0.99"               "0.988689233892074"  "0.988689233892074" 
[28] "0.982726063180813"  "0.982726063180813"  "0.989896011901323" 
[31] "0.989896011901323"  "0.976981152370774"  "0.976981152370774" 
[34] "0.93852039227282"   "0.93852039227282"   "0.549644446250737" 
[37] "0.549644446250737"  "0.022363652424807"  "0.022363652424807" 
[40] "0.0415542217329709" "0.0415542217329709" "beta :"            
[43] "1"                 
[1] " old Likelihood:  -7387043.9464364"
[1] "New Likelihood:  -7387022.32178658"
iter:  0  f-value:  4113.444  pgrad:  0.9480004 
iter:  10  f-value:  4113.418  pgrad:  0.6372466 
iter:  20  f-value:  4113.417  pgrad:  0.4332469 
iter:  30  f-value:  4113.417  pgrad:  0.2819252 
iter:  40  f-value:  4113.416  pgrad:  0.2600609 
iter:  50  f-value:  4113.416  pgrad:  0.2513752 
  Unsuccessful convergence.
Time difference of 16.57631 mins
[1] "maxIt: 20"
[1] "It: 12"
 [1] "sigma:"             "0.99"               "0.99"              
 [4] "0.99"               "0.99"               "0.99"              
 [7] "0.99"               "0.99"               "0.99"              
[10] "0.99"               "0.99"               "0.99"              
[13] "0.99"               "0.99"               "0.99"              
[16] "0.99"               "0.99"               "0.988427386127119" 
[19] "0.988427386127119"  "0.99"               "0.99"              
[22] "0.99"               "0.99"               "0.99"              
[25] "0.99"               "0.988594418637434"  "0.988594418637434" 
[28] "0.982829275932554"  "0.982829275932554"  "0.99"              
[31] "0.99"               "0.978405760728581"  "0.978405760728581" 
[34] "0.936115335702431"  "0.936115335702431"  "0.553310302126059" 
[37] "0.553310302126059"  "0.0252199153840652" "0.0252199153840652"
[40] "0.0426968733797539" "0.0426968733797539" "beta :"            
[43] "1"                 
 [1] "sigma:"             "0.99"               "0.99"              
 [4] "0.99"               "0.99"               "0.99"              
 [7] "0.99"               "0.99"               "0.99"              
[10] "0.99"               "0.99"               "0.99"              
[13] "0.99"               "0.99"               "0.99"              
[16] "0.99"               "0.99"               "0.988427386127119" 
[19] "0.988427386127119"  "0.99"               "0.99"              
[22] "0.99"               "0.99"               "0.99"              
[25] "0.99"               "0.988594418637434"  "0.988594418637434" 
[28] "0.982829275932554"  "0.982829275932554"  "0.99"              
[31] "0.99"               "0.978405760728581"  "0.978405760728581" 
[34] "0.936115335702431"  "0.936115335702431"  "0.553310302126059" 
[37] "0.553310302126059"  "0.0252199153840652" "0.0252199153840652"
[40] "0.0426968733797539" "0.0426968733797539" "beta :"            
[43] "1"                 
[1] " old Likelihood:  -7387022.32178658"
[1] "New Likelihood:  -7387006.41915629"
iter:  0  f-value:  4108.165  pgrad:  0.945571 
iter:  10  f-value:  4108.145  pgrad:  0.4657501 
iter:  20  f-value:  4108.145  pgrad:  0.3907462 
iter:  30  f-value:  4108.144  pgrad:  0.2137313 
iter:  40  f-value:  4108.144  pgrad:  0.2081833 
iter:  50  f-value:  4108.144  pgrad:  0.2024353 
  Unsuccessful convergence.
Time difference of 16.56166 mins
[1] "maxIt: 20"
[1] "It: 13"
 [1] "sigma:"             "0.99"               "0.99"              
 [4] "0.99"               "0.99"               "0.99"              
 [7] "0.99"               "0.99"               "0.99"              
[10] "0.99"               "0.99"               "0.99"              
[13] "0.99"               "0.99"               "0.99"              
[16] "0.99"               "0.99"               "0.98844472395508"  
[19] "0.98844472395508"   "0.99"               "0.99"              
[22] "0.99"               "0.99"               "0.99"              
[25] "0.99"               "0.988495271560781"  "0.988495271560781" 
[28] "0.982885954871669"  "0.982885954871669"  "0.99"              
[31] "0.99"               "0.979700777172099"  "0.979700777172099" 
[34] "0.933815269995093"  "0.933815269995093"  "0.55658929901415"  
[37] "0.55658929901415"   "0.0282418472147704" "0.0282418472147704"
[40] "0.0439829613504417" "0.0439829613504417" "beta :"            
[43] "1"                 
 [1] "sigma:"             "0.99"               "0.99"              
 [4] "0.99"               "0.99"               "0.99"              
 [7] "0.99"               "0.99"               "0.99"              
[10] "0.99"               "0.99"               "0.99"              
[13] "0.99"               "0.99"               "0.99"              
[16] "0.99"               "0.99"               "0.98844472395508"  
[19] "0.98844472395508"   "0.99"               "0.99"              
[22] "0.99"               "0.99"               "0.99"              
[25] "0.99"               "0.988495271560781"  "0.988495271560781" 
[28] "0.982885954871669"  "0.982885954871669"  "0.99"              
[31] "0.99"               "0.979700777172099"  "0.979700777172099" 
[34] "0.933815269995093"  "0.933815269995093"  "0.55658929901415"  
[37] "0.55658929901415"   "0.0282418472147704" "0.0282418472147704"
[40] "0.0439829613504417" "0.0439829613504417" "beta :"            
[43] "1"                 
[1] " old Likelihood:  -7387006.41915629"
[1] "New Likelihood:  -7386993.7728546"
iter:  0  f-value:  4103.678  pgrad:  0.9432477 
iter:  10  f-value:  4103.663  pgrad:  0.437166 
iter:  20  f-value:  4103.662  pgrad:  0.7408744 
iter:  30  f-value:  4103.661  pgrad:  0.2140496 
iter:  40  f-value:  4103.661  pgrad:  0.201735 
iter:  50  f-value:  4103.661  pgrad:  0.1820445 
  Unsuccessful convergence.
Time difference of 16.55698 mins
[1] "maxIt: 20"
[1] "It: 14"
 [1] "sigma:"             "0.99"               "0.99"              
 [4] "0.99"               "0.99"               "0.99"              
 [7] "0.99"               "0.99"               "0.99"              
[10] "0.99"               "0.99"               "0.99"              
[13] "0.99"               "0.99"               "0.99"              
[16] "0.99"               "0.99"               "0.988468194459323" 
[19] "0.988468194459323"  "0.99"               "0.99"              
[22] "0.99"               "0.99"               "0.99"              
[25] "0.99"               "0.988426745435695"  "0.988426745435695" 
[28] "0.982868640388852"  "0.982868640388852"  "0.99"              
[31] "0.99"               "0.980834641800974"  "0.980834641800974" 
[34] "0.931656877314407"  "0.931656877314407"  "0.559401990764745" 
[37] "0.559401990764745"  "0.0308562896516619" "0.0308562896516619"
[40] "0.0450909481244404" "0.0450909481244404" "beta :"            
[43] "1"                 
 [1] "sigma:"             "0.99"               "0.99"              
 [4] "0.99"               "0.99"               "0.99"              
 [7] "0.99"               "0.99"               "0.99"              
[10] "0.99"               "0.99"               "0.99"              
[13] "0.99"               "0.99"               "0.99"              
[16] "0.99"               "0.99"               "0.988468194459323" 
[19] "0.988468194459323"  "0.99"               "0.99"              
[22] "0.99"               "0.99"               "0.99"              
[25] "0.99"               "0.988426745435695"  "0.988426745435695" 
[28] "0.982868640388852"  "0.982868640388852"  "0.99"              
[31] "0.99"               "0.980834641800974"  "0.980834641800974" 
[34] "0.931656877314407"  "0.931656877314407"  "0.559401990764745" 
[37] "0.559401990764745"  "0.0308562896516619" "0.0308562896516619"
[40] "0.0450909481244404" "0.0450909481244404" "beta :"            
[43] "1"                 
[1] " old Likelihood:  -7386993.7728546"
[1] "New Likelihood:  -7386983.42733198"
iter:  0  f-value:  4100.195  pgrad:  0.9410676 
iter:  10  f-value:  4100.183  pgrad:  0.4250705 
iter:  20  f-value:  4100.182  pgrad:  0.2523484 
iter:  30  f-value:  4100.182  pgrad:  0.1912576 
iter:  40  f-value:  4100.181  pgrad:  0.1661283 
iter:  50  f-value:  4100.181  pgrad:  0.1577428 
  Unsuccessful convergence.
Time difference of 16.54702 mins
[1] "maxIt: 20"
[1] "It: 15"
 [1] "sigma:"             "0.99"               "0.99"              
 [4] "0.99"               "0.99"               "0.99"              
 [7] "0.99"               "0.99"               "0.99"              
[10] "0.99"               "0.99"               "0.99"              
[13] "0.99"               "0.99"               "0.99"              
[16] "0.99"               "0.99"               "0.9884849689184"   
[19] "0.9884849689184"    "0.99"               "0.99"              
[22] "0.99"               "0.99"               "0.99"              
[25] "0.99"               "0.988388589687209"  "0.988388589687209" 
[28] "0.982795912409833"  "0.982795912409833"  "0.99"              
[31] "0.99"               "0.981819833880446"  "0.981819833880446" 
[34] "0.929630226319332"  "0.929630226319332"  "0.561998137386292" 
[37] "0.561998137386292"  "0.0336733102168173" "0.0336733102168173"
[40] "0.0462195041038967" "0.0462195041038967" "beta :"            
[43] "1"                 
 [1] "sigma:"             "0.99"               "0.99"              
 [4] "0.99"               "0.99"               "0.99"              
 [7] "0.99"               "0.99"               "0.99"              
[10] "0.99"               "0.99"               "0.99"              
[13] "0.99"               "0.99"               "0.99"              
[16] "0.99"               "0.99"               "0.9884849689184"   
[19] "0.9884849689184"    "0.99"               "0.99"              
[22] "0.99"               "0.99"               "0.99"              
[25] "0.99"               "0.988388589687209"  "0.988388589687209" 
[28] "0.982795912409833"  "0.982795912409833"  "0.99"              
[31] "0.99"               "0.981819833880446"  "0.981819833880446" 
[34] "0.929630226319332"  "0.929630226319332"  "0.561998137386292" 
[37] "0.561998137386292"  "0.0336733102168173" "0.0336733102168173"
[40] "0.0462195041038967" "0.0462195041038967" "beta :"            
[43] "1"                 
[1] " old Likelihood:  -7386983.42733198"
[1] "New Likelihood:  -7386974.70134113"
iter:  0  f-value:  4097.292  pgrad:  0.9390204 
iter:  10  f-value:  4097.282  pgrad:  0.4693313 
iter:  20  f-value:  4097.281  pgrad:  0.2535762 
iter:  30  f-value:  4097.281  pgrad:  0.1616809 
iter:  40  f-value:  4097.281  pgrad:  0.1483932 
iter:  50  f-value:  4097.281  pgrad:  0.1400895 
  Unsuccessful convergence.
Time difference of 16.55923 mins
[1] "maxIt: 20"
[1] "It: 16"
 [1] "sigma:"             "0.99"               "0.99"              
 [4] "0.99"               "0.99"               "0.99"              
 [7] "0.99"               "0.99"               "0.99"              
[10] "0.99"               "0.99"               "0.99"              
[13] "0.99"               "0.99"               "0.99"              
[16] "0.99"               "0.99"               "0.988497792341468" 
[19] "0.988497792341468"  "0.99"               "0.99"              
[22] "0.99"               "0.99"               "0.99"              
[25] "0.99"               "0.988382653756759"  "0.988382653756759" 
[28] "0.982693128715869"  "0.982693128715869"  "0.99"              
[31] "0.99"               "0.982680736222666"  "0.982680736222666" 
[34] "0.927736041217231"  "0.927736041217231"  "0.564359522879035" 
[37] "0.564359522879035"  "0.0362645995959773" "0.0362645995959773"
[40] "0.0473837515480683" "0.0473837515480683" "beta :"            
[43] "1"                 
 [1] "sigma:"             "0.99"               "0.99"              
 [4] "0.99"               "0.99"               "0.99"              
 [7] "0.99"               "0.99"               "0.99"              
[10] "0.99"               "0.99"               "0.99"              
[13] "0.99"               "0.99"               "0.99"              
[16] "0.99"               "0.99"               "0.988497792341468" 
[19] "0.988497792341468"  "0.99"               "0.99"              
[22] "0.99"               "0.99"               "0.99"              
[25] "0.99"               "0.988382653756759"  "0.988382653756759" 
[28] "0.982693128715869"  "0.982693128715869"  "0.99"              
[31] "0.99"               "0.982680736222666"  "0.982680736222666" 
[34] "0.927736041217231"  "0.927736041217231"  "0.564359522879035" 
[37] "0.564359522879035"  "0.0362645995959773" "0.0362645995959773"
[40] "0.0473837515480683" "0.0473837515480683" "beta :"            
[43] "1"                 
[1] " old Likelihood:  -7386974.70134113"
[1] "New Likelihood:  -7386967.24126674"
iter:  0  f-value:  4094.953  pgrad:  0.9371071 
iter:  10  f-value:  4094.944  pgrad:  0.4081176 
iter:  20  f-value:  4094.943  pgrad:  0.2874231 
iter:  30  f-value:  4094.943  pgrad:  0.1537364 
iter:  40  f-value:  4094.943  pgrad:  0.1415719 
iter:  50  f-value:  4094.943  pgrad:  0.1317539 
  Unsuccessful convergence.
Time difference of 16.54651 mins
[1] "maxIt: 20"
[1] "It: 17"
 [1] "sigma:"             "0.99"               "0.99"              
 [4] "0.99"               "0.99"               "0.99"              
 [7] "0.99"               "0.99"               "0.99"              
[10] "0.99"               "0.99"               "0.99"              
[13] "0.99"               "0.99"               "0.99"              
[16] "0.99"               "0.99"               "0.988505183731521" 
[19] "0.988505183731521"  "0.99"               "0.99"              
[22] "0.99"               "0.99"               "0.99"              
[25] "0.99"               "0.988399802559764"  "0.988399802559764" 
[28] "0.982572045557493"  "0.982572045557493"  "0.99"              
[31] "0.99"               "0.983434001060027"  "0.983434001060027" 
[34] "0.925970082723834"  "0.925970082723834"  "0.566541318568104" 
[37] "0.566541318568104"  "0.0385706008381403" "0.0385706008381403"
[40] "0.0483912343892723" "0.0483912343892723" "beta :"            
[43] "1"                 
 [1] "sigma:"             "0.99"               "0.99"              
 [4] "0.99"               "0.99"               "0.99"              
 [7] "0.99"               "0.99"               "0.99"              
[10] "0.99"               "0.99"               "0.99"              
[13] "0.99"               "0.99"               "0.99"              
[16] "0.99"               "0.99"               "0.988505183731521" 
[19] "0.988505183731521"  "0.99"               "0.99"              
[22] "0.99"               "0.99"               "0.99"              
[25] "0.99"               "0.988399802559764"  "0.988399802559764" 
[28] "0.982572045557493"  "0.982572045557493"  "0.99"              
[31] "0.99"               "0.983434001060027"  "0.983434001060027" 
[34] "0.925970082723834"  "0.925970082723834"  "0.566541318568104" 
[37] "0.566541318568104"  "0.0880706008381403" "0.0880706008381403"
[40] "0.0483912343892723" "0.0483912343892723" "beta :"            
[43] "1"                 
[1] " old Likelihood:  -7386967.24126674"
[1] "New Likelihood:  -7386960.7023627"
iter:  0  f-value:  4060.415  pgrad:  0.9353233 
iter:  10  f-value:  4060.406  pgrad:  0.4271711 
iter:  20  f-value:  4060.405  pgrad:  0.2985007 
iter:  30  f-value:  4060.405  pgrad:  0.2130491 
iter:  40  f-value:  4060.405  pgrad:  0.1968465 
iter:  50  f-value:  4060.405  pgrad:  0.535907 
  Unsuccessful convergence.
Time difference of 17.05706 mins
[1] "maxIt: 20"
[1] "It: 18"
 [1] "sigma:"             "0.99"               "0.99"              
 [4] "0.99"               "0.99"               "0.99"              
 [7] "0.99"               "0.99"               "0.99"              
[10] "0.99"               "0.99"               "0.99"              
[13] "0.99"               "0.99"               "0.99"              
[16] "0.99"               "0.99"               "0.988507133552587" 
[19] "0.988507133552587"  "0.99"               "0.99"              
[22] "0.99"               "0.99"               "0.99"              
[25] "0.99"               "0.98843306196591"   "0.98843306196591"  
[28] "0.982437949214017"  "0.982437949214017"  "0.99"              
[31] "0.99"               "0.984075517407557"  "0.984075517407557" 
[34] "0.92432407628528"   "0.92432407628528"   "0.569362002169565" 
[37] "0.569362002169565"  "0.0905953125369786" "0.0905953125369786"
[40] "0.0493585363792564" "0.0493585363792564" "beta :"            
[43] "1"                 
 [1] "sigma:"             "0.99"               "0.99"              
 [4] "0.99"               "0.99"               "0.99"              
 [7] "0.99"               "0.99"               "0.99"              
[10] "0.99"               "0.99"               "0.99"              
[13] "0.99"               "0.99"               "0.99"              
[16] "0.99"               "0.99"               "0.988507133552587" 
[19] "0.988507133552587"  "0.99"               "0.99"              
[22] "0.99"               "0.99"               "0.99"              
[25] "0.99"               "0.98843306196591"   "0.98843306196591"  
[28] "0.982437949214017"  "0.982437949214017"  "0.99"              
[31] "0.99"               "0.984075517407557"  "0.984075517407557" 
[34] "0.92432407628528"   "0.92432407628528"   "0.569362002169565" 
[37] "0.569362002169565"  "0.0905953125369786" "0.0905953125369786"
[40] "0.0493585363792564" "0.0493585363792564" "beta :"            
[43] "1"                 
[1] " old Likelihood:  -7386960.7023627"
[1] "New Likelihood:  -7386952.68688919"
iter:  0  f-value:  4060.6  pgrad:  0.9336607 
iter:  10  f-value:  4060.593  pgrad:  0.4244927 
iter:  20  f-value:  4060.593  pgrad:  0.2850766 
iter:  30  f-value:  4060.592  pgrad:  0.1927401 
iter:  40  f-value:  4060.592  pgrad:  0.1644003 
iter:  50  f-value:  4060.592  pgrad:  0.1485068 
  Unsuccessful convergence.
Time difference of 16.99348 mins
[1] "maxIt: 20"
[1] "It: 19"
 [1] "sigma:"             "0.99"               "0.99"              
 [4] "0.99"               "0.99"               "0.99"              
 [7] "0.99"               "0.99"               "0.99"              
[10] "0.99"               "0.99"               "0.99"              
[13] "0.99"               "0.99"               "0.99"              
[16] "0.99"               "0.99"               "0.988504073106844" 
[19] "0.988504073106844"  "0.99"               "0.99"              
[22] "0.99"               "0.99"               "0.99"              
[25] "0.99"               "0.988480082049323"  "0.988480082049323" 
[28] "0.982307864561443"  "0.982307864561443"  "0.99"              
[31] "0.99"               "0.984650177225529"  "0.984650177225529" 
[34] "0.922754938479776"  "0.922754938479776"  "0.571728002727434" 
[37] "0.571728002727434"  "0.0929590493588152" "0.0929590493588152"
[40] "0.0503289659687404" "0.0503289659687404" "beta :"            
[43] "1"                 
 [1] "sigma:"               "0.99"                 "0.99"                
 [4] "0.99"                 "0.99"                 "0.99"                
 [7] "0.99"                 "0.99"                 "0.99"                
[10] "0.99"                 "0.99"                 "0.99"                
[13] "0.99"                 "0.99"                 "0.99"                
[16] "0.99"                 "0.99"                 "0.988504073106844"   
[19] "0.988504073106844"    "0.99"                 "0.99"                
[22] "0.99"                 "0.99"                 "0.99"                
[25] "0.99"                 "0.988480082049323"    "0.988480082049323"   
[28] "0.982307864561443"    "0.982307864561443"    "0.99"                
[31] "0.99"                 "0.984650177225529"    "0.984650177225529"   
[34] "0.922754938479776"    "0.922754938479776"    "0.571728002727434"   
[37] "0.571728002727434"    "0.0929590493588152"   "0.0929590493588152"  
[40] "0.000828965968740435" "0.000828965968740435" "beta :"              
[43] "1"                   
[1] " old Likelihood:  -7386952.68688919"
[1] "New Likelihood:  -7386934.78938083"
iter:  0  f-value:  4059.762  pgrad:  0.9320757 
iter:  10  f-value:  4059.757  pgrad:  0.3116611 
iter:  20  f-value:  4059.756  pgrad:  0.4578624 
iter:  30  f-value:  4059.756  pgrad:  0.1019089 
iter:  40  f-value:  4059.756  pgrad:  0.09626547 
iter:  50  f-value:  4059.756  pgrad:  0.5364403 
  Unsuccessful convergence.
Time difference of 17.45466 mins
[1] "maxIt: 20"
[1] "It: 20"
 [1] "sigma:"              "0.99"                "0.99"               
 [4] "0.99"                "0.99"                "0.99"               
 [7] "0.99"                "0.99"                "0.99"               
[10] "0.99"                "0.99"                "0.99"               
[13] "0.99"                "0.99"                "0.99"               
[16] "0.99"                "0.99"                "0.988498633453923"  
[19] "0.988498633453923"   "0.99"                "0.99"               
[22] "0.99"                "0.99"                "0.99"               
[25] "0.99"                "0.988532070638668"   "0.988532070638668"  
[28] "0.982181875070243"   "0.982181875070243"   "0.99"               
[31] "0.99"                "0.98516676588446"    "0.98516676588446"   
[34] "0.921315194130089"   "0.921315194130089"   "0.573302061886616"  
[37] "0.573302061886616"   "0.0943683991126222"  "0.0943683991126222" 
[40] "0.00141279146800634" "0.00141279146800634" "beta :"             
[43] "1"                  
 [1] "sigma:"              "0.99"                "0.99"               
 [4] "0.99"                "0.99"                "0.99"               
 [7] "0.99"                "0.99"                "0.99"               
[10] "0.99"                "0.99"                "0.99"               
[13] "0.99"                "0.99"                "0.99"               
[16] "0.99"                "0.99"                "0.988498633453923"  
[19] "0.988498633453923"   "0.99"                "0.99"               
[22] "0.99"                "0.99"                "0.99"               
[25] "0.99"                "0.988532070638668"   "0.988532070638668"  
[28] "0.982181875070243"   "0.982181875070243"   "0.99"               
[31] "0.99"                "0.98516676588446"    "0.98516676588446"   
[34] "0.921315194130089"   "0.921315194130089"   "0.573302061886616"  
[37] "0.573302061886616"   "0.143868399112622"   "0.143868399112622"  
[40] "0.00141279146800634" "0.00141279146800634" "beta :"             
[43] "1"                  
[1] " old Likelihood:  -7386934.78938083"
[1] "New Likelihood:  -7386930.57917347"
iter:  0  f-value:  4024.138  pgrad:  0.9306214 
iter:  10  f-value:  4024.132  pgrad:  0.4203799 
iter:  20  f-value:  4024.132  pgrad:  0.2862362 
iter:  30  f-value:  4024.132  pgrad:  0.2261004 
iter:  40  f-value:  4024.131  pgrad:  0.1457784 
iter:  50  f-value:  4024.131  pgrad:  0.1387252 
  Unsuccessful convergence.
Time difference of 16.95825 mins
 [1] "sigma:"             "0.99"               "0.99"              
 [4] "0.99"               "0.99"               "0.99"              
 [7] "0.99"               "0.99"               "0.99"              
[10] "0.99"               "0.99"               "0.99"              
[13] "0.99"               "0.99"               "0.99"              
[16] "0.99"               "0.99"               "0.988487479576105" 
[19] "0.988487479576105"  "0.99"               "0.99"              
[22] "0.99"               "0.99"               "0.99"              
[25] "0.99"               "0.988583646097236"  "0.988583646097236" 
[28] "0.982064150294821"  "0.982064150294821"  "0.989982383015165" 
[31] "0.989982383015165"  "0.98561375608278"   "0.98561375608278"  
[34] "0.91995607099792"   "0.91995607099792"   "0.575961909337989" 
[37] "0.575961909337989"  "0.146014539421724"  "0.146014539421724" 
[40] "0.0022408754536383" "0.0022408754536383" "beta :"            
[43] "1"                 
[1] 1999724 1999580 1999166 1999716 1997782
[1] 1 1 1 1 1
saved RDS
inference successful
