[1] "Original length"
[1] 999822
[1] "Final length"
[1] 14865
[1] "sequence length : 999823" "sequence length : 999853"
[3] "sequence length : 999983" "sequence length : 999767"
[5] "sequence length : 998969"
[1] 1 1 1 1 1
[1] "Beta: 1"
[1] "Self: 0.5"
 [1] 0 0 0 0 0 0 0 0 0 0 0 0 0 0 0 0 0 0 0 0
[1] "maxIt: 20"
[1] "It: 1"
 [1] "sigma:" "0.5"    "0.5"    "0.5"    "0.5"    "0.5"    "0.5"    "0.5"   
 [9] "0.5"    "0.5"    "0.5"    "0.5"    "0.5"    "0.5"    "0.5"    "0.5"   
[17] "0.5"    "0.5"    "0.5"    "0"      "0"      "0"      "0"      "0"     
[25] "0"      "0"      "0"      "0"      "0"      "0"      "0"      "0"     
[33] "0"      "0"      "0"      "0"      "0"      "0"      "0"      "0"     
[41] "0"      "beta :" "1"     
[1] 7045063
[1] 7044692
[1] 7044503
[1] 7044221
[1] 7043804
[1] 7043194
[1] 7042303
[1] 7041018
[1] 7039199
[1] 7036704
[1] 7033368
[1] 7028994
[1] 7023401
[1] 7016646
[1] 7008851
[1] 7001154
[1] 6995641
[1] 6993556
[1] 6994038
[1] 6995198
[1] 6995515
 [1] "sigma:" "0.9655" "0.9655" "0.9655" "0.9655" "0.9655" "0.9655" "0.9655"
 [9] "0.9655" "0.9655" "0.9655" "0.9655" "0.9655" "0.9655" "0.9655" "0.9655"
[17] "0.9655" "0.9655" "0.9655" "0.9655" "0.9655" "0.9655" "0.9655" "0.9655"
[25] "0.9655" "0.9655" "0.9655" "0.9655" "0.9655" "0.9655" "0.9655" "0.9655"
[33] "0.9655" "0.9655" "0.9655" "0.475"  "0.475"  "0.475"  "0.475"  "0.475" 
[41] "0.475"  "beta :" "1"     
[1] "New Likelihood:  -6993556.01658106"
iter:  0  f-value:  3815.297  pgrad:  0.95 
iter:  10  f-value:  3806.592  pgrad:  0.5118204 
iter:  20  f-value:  3806.274  pgrad:  0.5251759 
iter:  30  f-value:  3806.094  pgrad:  0.6661639 
  Unsuccessful convergence.
Time difference of 31.49632 mins
[1] "maxIt: 20"
[1] "It: 2"
 [1] "sigma:"            "0.974746135670769" "0.974746135670769"
 [4] "0.974746135670769" "0.974746135670769" "0.974746135670769"
 [7] "0.974746135670769" "0.974746135670769" "0.974746135670769"
[10] "0.974746135670769" "0.974746135670769" "0.974746135670769"
[13] "0.974746135670769" "0.974746135670769" "0.974746135670769"
[16] "0.974746135670769" "0.974746135670769" "0.974746135670769"
[19] "0.974746135670769" "0.974746135670769" "0.974746135670769"
[22] "0.974746135670769" "0.974746135670769" "0.974746135670769"
[25] "0.974746135670769" "0.974746135670769" "0.974746135670769"
[28] "0.974746135670769" "0.974746135670769" "0.974746135670769"
[31] "0.974746135670769" "0.974746135670769" "0.974746135670769"
[34] "0.974746135670769" "0.974746135670769" "0.486994763457122"
[37] "0.486994763457122" "0.486994763457122" "0.486994763457122"
[40] "0.486994763457122" "0.486994763457122" "beta :"           
[43] "1"                
[1] 6991877
[1] 6990132
[1] 6990969
 [1] "sigma:"             "0.974746135670769"  "0.974746135670769" 
 [4] "0.974746135670769"  "0.974746135670769"  "0.974746135670769" 
 [7] "0.974746135670769"  "0.974746135670769"  "0.974746135670769" 
[10] "0.974746135670769"  "0.974746135670769"  "0.974746135670769" 
[13] "0.974746135670769"  "0.974746135670769"  "0.974746135670769" 
[16] "0.974746135670769"  "0.974746135670769"  "0.974746135670769" 
[19] "0.974746135670769"  "0.974746135670769"  "0.974746135670769" 
[22] "0.974746135670769"  "0.974746135670769"  "0.974746135670769" 
[25] "0.974746135670769"  "0.974746135670769"  "0.974746135670769" 
[28] "0.974746135670769"  "0.974746135670769"  "0.974746135670769" 
[31] "0.974746135670769"  "0.974746135670769"  "0.974746135670769" 
[34] "0.974746135670769"  "0.974746135670769"  "0.0119947634571215"
[37] "0.0119947634571215" "0.0119947634571215" "0.0119947634571215"
[40] "0.0119947634571215" "0.0119947634571215" "beta :"            
[43] "1"                 
[1] " old Likelihood:  -6993556.01658106"
[1] "New Likelihood:  -6990131.51183307"
iter:  0  f-value:  4776.514  pgrad:  0.5304628 
iter:  10  f-value:  4773.953  pgrad:  0.4933085 
iter:  20  f-value:  4773.891  pgrad:  0.9797122 
iter:  30  f-value:  4773.887  pgrad:  0.4654513 
  Unsuccessful convergence.
Time difference of 15.37385 mins
[1] "maxIt: 20"
[1] "It: 3"
 [1] "sigma:"            "0.980002054441011" "0.980002054441011"
 [4] "0.980002054441011" "0.980002054441011" "0.980002054441011"
 [7] "0.980002054441011" "0.980002054441011" "0.980002054441011"
[10] "0.980002054441011" "0.980002054441011" "0.980002054441011"
[13] "0.980002054441011" "0.980002054441011" "0.980002054441011"
[16] "0.980002054441011" "0.980002054441011" "0.980002054441011"
[19] "0.980002054441011" "0.980002054441011" "0.980002054441011"
[22] "0.980002054441011" "0.980002054441011" "0.980002054441011"
[25] "0.980002054441011" "0.980002054441011" "0.980002054441011"
[28] "0.980002054441011" "0.980002054441011" "0.980002054441011"
[31] "0.980002054441011" "0.980002054441011" "0.980002054441011"
[34] "0.980002054441011" "0.980002054441011" "0.015632065523263"
[37] "0.015632065523263" "0.015632065523263" "0.015632065523263"
[40] "0.015632065523263" "0.015632065523263" "beta :"           
[43] "1"                
[1] 6990998
[1] 6989282
[1] 6990281
 [1] "sigma:"             "0.980002054441011"  "0.980002054441011" 
 [4] "0.980002054441011"  "0.980002054441011"  "0.980002054441011" 
 [7] "0.980002054441011"  "0.980002054441011"  "0.980002054441011" 
[10] "0.980002054441011"  "0.980002054441011"  "0.980002054441011" 
[13] "0.980002054441011"  "0.980002054441011"  "0.980002054441011" 
[16] "0.980002054441011"  "0.980002054441011"  "0.980002054441011" 
[19] "0.980002054441011"  "0.980002054441011"  "0.980002054441011" 
[22] "0.980002054441011"  "0.980002054441011"  "0.980002054441011" 
[25] "0.980002054441011"  "0.980002054441011"  "0.980002054441011" 
[28] "0.980002054441011"  "0.980002054441011"  "0.980002054441011" 
[31] "0.980002054441011"  "0.980002054441011"  "0.980002054441011" 
[34] "0.980002054441011"  "0.980002054441011"  "0.0156320655232631"
[37] "0.0156320655232631" "0.0156320655232631" "0.0156320655232631"
[40] "0.0156320655232631" "0.0156320655232631" "beta :"            
[43] "1"                 
[1] " old Likelihood:  -6990131.51183307"
[1] "New Likelihood:  -6989281.80861094"
iter:  0  f-value:  4570.643  pgrad:  0.6147366 
iter:  10  f-value:  4569.37  pgrad:  0.4906613 
iter:  20  f-value:  4569.356  pgrad:  0.4817436 
iter:  30  f-value:  4569.35  pgrad:  0.5630045 
  Unsuccessful convergence.
Time difference of 7.270817 mins
[1] "maxIt: 20"
[1] "It: 4"
 [1] "sigma:"             "0.983232123784918"  "0.983232123784918" 
 [4] "0.983232123784918"  "0.983232123784918"  "0.983232123784918" 
 [7] "0.983232123784918"  "0.983232123784918"  "0.983232123784918" 
[10] "0.983232123784918"  "0.983232123784918"  "0.983232123784918" 
[13] "0.983232123784918"  "0.983232123784918"  "0.983232123784918" 
[16] "0.983232123784918"  "0.983232123784918"  "0.983232123784918" 
[19] "0.983232123784918"  "0.983232123784918"  "0.983232123784918" 
[22] "0.983232123784918"  "0.983232123784918"  "0.983232123784918" 
[25] "0.983232123784918"  "0.983232123784918"  "0.983232123784918" 
[28] "0.983232123784918"  "0.983232123784918"  "0.983232123784918" 
[31] "0.983232123784918"  "0.983232123784918"  "0.983232123784918" 
[34] "0.983232123784918"  "0.983232123784918"  "0.0176687884233017"
[37] "0.0176687884233017" "0.0176687884233017" "0.0176687884233017"
[40] "0.0176687884233017" "0.0176687884233017" "beta :"            
[43] "1"                 
[1] 6990571
[1] 6988864
[1] 6990016
 [1] "sigma:"             "0.983232123784918"  "0.983232123784918" 
 [4] "0.983232123784918"  "0.983232123784918"  "0.983232123784918" 
 [7] "0.983232123784918"  "0.983232123784918"  "0.983232123784918" 
[10] "0.983232123784918"  "0.983232123784918"  "0.983232123784918" 
[13] "0.983232123784918"  "0.983232123784918"  "0.983232123784918" 
[16] "0.983232123784918"  "0.983232123784918"  "0.983232123784918" 
[19] "0.983232123784918"  "0.983232123784918"  "0.983232123784918" 
[22] "0.983232123784918"  "0.983232123784918"  "0.983232123784918" 
[25] "0.983232123784918"  "0.983232123784918"  "0.983232123784918" 
[28] "0.983232123784918"  "0.983232123784918"  "0.983232123784918" 
[31] "0.983232123784918"  "0.983232123784918"  "0.983232123784918" 
[34] "0.983232123784918"  "0.983232123784918"  "0.0176687884233017"
[37] "0.0176687884233017" "0.0176687884233017" "0.0176687884233017"
[40] "0.0176687884233017" "0.0176687884233017" "beta :"            
[43] "1"                 
[1] " old Likelihood:  -6989281.80861094"
[1] "New Likelihood:  -6988864.03471981"
iter:  0  f-value:  4436.856  pgrad:  0.6011669 
iter:  10  f-value:  4436.266  pgrad:  0.4896266 
iter:  20  f-value:  4436.251  pgrad:  0.5122817 
iter:  30  f-value:  4436.25  pgrad:  0.3405785 
  Unsuccessful convergence.
Time difference of 7.273825 mins
[1] "maxIt: 20"
[1] "It: 5"
 [1] "sigma:"             "0.985181894840703"  "0.985181894840703" 
 [4] "0.985181894840703"  "0.985181894840703"  "0.985181894840703" 
 [7] "0.985181894840703"  "0.985181894840703"  "0.985181894840703" 
[10] "0.985181894840703"  "0.985181894840703"  "0.985181894840703" 
[13] "0.985181894840703"  "0.985181894840703"  "0.985181894840703" 
[16] "0.985181894840703"  "0.985181894840703"  "0.985181894840703" 
[19] "0.985181894840703"  "0.985181894840703"  "0.985181894840703" 
[22] "0.985181894840703"  "0.985181894840703"  "0.985181894840703" 
[25] "0.985181894840703"  "0.985181894840703"  "0.985181894840703" 
[28] "0.985181894840703"  "0.985181894840703"  "0.985181894840703" 
[31] "0.985181894840703"  "0.985181894840703"  "0.985181894840703" 
[34] "0.985181894840703"  "0.985181894840703"  "0.0197980279534283"
[37] "0.0197980279534283" "0.0197980279534283" "0.0197980279534283"
[40] "0.0197980279534283" "0.0197980279534283" "beta :"            
[43] "1"                 
[1] 6990382
[1] 6988665
[1] 6989945
 [1] "sigma:"             "0.985181894840703"  "0.985181894840703" 
 [4] "0.985181894840703"  "0.985181894840703"  "0.985181894840703" 
 [7] "0.985181894840703"  "0.985181894840703"  "0.985181894840703" 
[10] "0.985181894840703"  "0.985181894840703"  "0.985181894840703" 
[13] "0.985181894840703"  "0.985181894840703"  "0.985181894840703" 
[16] "0.985181894840703"  "0.985181894840703"  "0.985181894840703" 
[19] "0.985181894840703"  "0.985181894840703"  "0.985181894840703" 
[22] "0.985181894840703"  "0.985181894840703"  "0.985181894840703" 
[25] "0.985181894840703"  "0.985181894840703"  "0.985181894840703" 
[28] "0.985181894840703"  "0.985181894840703"  "0.985181894840703" 
[31] "0.985181894840703"  "0.985181894840703"  "0.985181894840703" 
[34] "0.985181894840703"  "0.985181894840703"  "0.0197980279534283"
[37] "0.0197980279534283" "0.0197980279534283" "0.0197980279534283"
[40] "0.0197980279534283" "0.0197980279534283" "beta :"            
[43] "1"                 
[1] " old Likelihood:  -6988864.03471981"
[1] "New Likelihood:  -6988665.47810883"
iter:  0  f-value:  4349.157  pgrad:  0.5423681 
iter:  10  f-value:  4348.888  pgrad:  0.4882544 
iter:  20  f-value:  4348.877  pgrad:  0.4790643 
iter:  30  f-value:  4348.876  pgrad:  0.21284 
  Unsuccessful convergence.
Time difference of 7.221499 mins
[1] "maxIt: 20"
[1] "It: 6"
 [1] "sigma:"             "0.986343185201498"  "0.986343185201498" 
 [4] "0.986343185201498"  "0.986343185201498"  "0.986343185201498" 
 [7] "0.986343185201498"  "0.986343185201498"  "0.986343185201498" 
[10] "0.986343185201498"  "0.986343185201498"  "0.986343185201498" 
[13] "0.986343185201498"  "0.986343185201498"  "0.986343185201498" 
[16] "0.986343185201498"  "0.986343185201498"  "0.986343185201498" 
[19] "0.986343185201498"  "0.986343185201498"  "0.986343185201498" 
[22] "0.986343185201498"  "0.986343185201498"  "0.986343185201498" 
[25] "0.986343185201498"  "0.986343185201498"  "0.986343185201498" 
[28] "0.986343185201498"  "0.986343185201498"  "0.986343185201498" 
[31] "0.986343185201498"  "0.986343185201498"  "0.986343185201498" 
[34] "0.986343185201498"  "0.986343185201498"  "0.0220002944766035"
[37] "0.0220002944766035" "0.0220002944766035" "0.0220002944766035"
[40] "0.0220002944766035" "0.0220002944766035" "beta :"            
[43] "1"                 
[1] 6990302
[1] 6988569
[1] 6989953
 [1] "sigma:"             "0.986343185201498"  "0.986343185201498" 
 [4] "0.986343185201498"  "0.986343185201498"  "0.986343185201498" 
 [7] "0.986343185201498"  "0.986343185201498"  "0.986343185201498" 
[10] "0.986343185201498"  "0.986343185201498"  "0.986343185201498" 
[13] "0.986343185201498"  "0.986343185201498"  "0.986343185201498" 
[16] "0.986343185201498"  "0.986343185201498"  "0.986343185201498" 
[19] "0.986343185201498"  "0.986343185201498"  "0.986343185201498" 
[22] "0.986343185201498"  "0.986343185201498"  "0.986343185201498" 
[25] "0.986343185201498"  "0.986343185201498"  "0.986343185201498" 
[28] "0.986343185201498"  "0.986343185201498"  "0.986343185201498" 
[31] "0.986343185201498"  "0.986343185201498"  "0.986343185201498" 
[34] "0.986343185201498"  "0.986343185201498"  "0.0220002944766035"
[37] "0.0220002944766035" "0.0220002944766035" "0.0220002944766035"
[40] "0.0220002944766035" "0.0220002944766035" "beta :"            
[43] "1"                 
[1] " old Likelihood:  -6988665.47810883"
[1] "New Likelihood:  -6988568.91099392"
iter:  0  f-value:  4290.029  pgrad:  0.5406763 
iter:  10  f-value:  4289.895  pgrad:  0.4855668 
iter:  20  f-value:  4289.89  pgrad:  0.460113 
iter:  30  f-value:  4289.889  pgrad:  0.1929311 
  Unsuccessful convergence.
Time difference of 7.262326 mins
[1] "maxIt: 20"
[1] "It: 7"
 [1] "sigma:"            "0.987032772261627" "0.987032772261627"
 [4] "0.987032772261627" "0.987032772261627" "0.987032772261627"
 [7] "0.987032772261627" "0.987032772261627" "0.987032772261627"
[10] "0.987032772261627" "0.987032772261627" "0.987032772261627"
[13] "0.987032772261627" "0.987032772261627" "0.987032772261627"
[16] "0.987032772261627" "0.987032772261627" "0.987032772261627"
[19] "0.987032772261627" "0.987032772261627" "0.987032772261627"
[22] "0.987032772261627" "0.987032772261627" "0.987032772261627"
[25] "0.987032772261627" "0.987032772261627" "0.987032772261627"
[28] "0.987032772261627" "0.987032772261627" "0.987032772261627"
[31] "0.987032772261627" "0.987032772261627" "0.987032772261627"
[34] "0.987032772261627" "0.987032772261627" "0.024172193412153"
[37] "0.024172193412153" "0.024172193412153" "0.024172193412153"
[40] "0.024172193412153" "0.024172193412153" "beta :"           
[43] "1"                
[1] 6990266
[1] 6988517
[1] 6989986
 [1] "sigma:"            "0.987032772261627" "0.987032772261627"
 [4] "0.987032772261627" "0.987032772261627" "0.987032772261627"
 [7] "0.987032772261627" "0.987032772261627" "0.987032772261627"
[10] "0.987032772261627" "0.987032772261627" "0.987032772261627"
[13] "0.987032772261627" "0.987032772261627" "0.987032772261627"
[16] "0.987032772261627" "0.987032772261627" "0.987032772261627"
[19] "0.987032772261627" "0.987032772261627" "0.987032772261627"
[22] "0.987032772261627" "0.987032772261627" "0.987032772261627"
[25] "0.987032772261627" "0.987032772261627" "0.987032772261627"
[28] "0.987032772261627" "0.987032772261627" "0.987032772261627"
[31] "0.987032772261627" "0.987032772261627" "0.987032772261627"
[34] "0.987032772261627" "0.987032772261627" "0.024172193412153"
[37] "0.024172193412153" "0.024172193412153" "0.024172193412153"
[40] "0.024172193412153" "0.024172193412153" "beta :"           
[43] "1"                
[1] " old Likelihood:  -6988568.91099392"
[1] "New Likelihood:  -6988516.94767116"
iter:  0  f-value:  4248.635  pgrad:  0.5203223 
iter:  10  f-value:  4248.561  pgrad:  0.51651 
iter:  20  f-value:  4248.558  pgrad:  0.4779228 
iter:  30  f-value:  4248.557  pgrad:  0.5134674 
  Unsuccessful convergence.
Time difference of 7.245602 mins
[1] "maxIt: 20"
[1] "It: 8"
 [1] "sigma:"             "0.987441424259099"  "0.987441424259099" 
 [4] "0.987441424259099"  "0.987441424259099"  "0.987441424259099" 
 [7] "0.987441424259099"  "0.987441424259099"  "0.987441424259099" 
[10] "0.987441424259099"  "0.987441424259099"  "0.987441424259099" 
[13] "0.987441424259099"  "0.987441424259099"  "0.987441424259099" 
[16] "0.987441424259099"  "0.987441424259099"  "0.987441424259099" 
[19] "0.987441424259099"  "0.987441424259099"  "0.987441424259099" 
[22] "0.987441424259099"  "0.987441424259099"  "0.987441424259099" 
[25] "0.987441424259099"  "0.987441424259099"  "0.987441424259099" 
[28] "0.987441424259099"  "0.987441424259099"  "0.987441424259099" 
[31] "0.987441424259099"  "0.987441424259099"  "0.987441424259099" 
[34] "0.987441424259099"  "0.987441424259099"  "0.0259532147539146"
[37] "0.0259532147539146" "0.0259532147539146" "0.0259532147539146"
[40] "0.0259532147539146" "0.0259532147539146" "beta :"            
[43] "1"                 
[1] 6990248
[1] 6988485
[1] 6990024
 [1] "sigma:"             "0.987441424259099"  "0.987441424259099" 
 [4] "0.987441424259099"  "0.987441424259099"  "0.987441424259099" 
 [7] "0.987441424259099"  "0.987441424259099"  "0.987441424259099" 
[10] "0.987441424259099"  "0.987441424259099"  "0.987441424259099" 
[13] "0.987441424259099"  "0.987441424259099"  "0.987441424259099" 
[16] "0.987441424259099"  "0.987441424259099"  "0.987441424259099" 
[19] "0.987441424259099"  "0.987441424259099"  "0.987441424259099" 
[22] "0.987441424259099"  "0.987441424259099"  "0.987441424259099" 
[25] "0.987441424259099"  "0.987441424259099"  "0.987441424259099" 
[28] "0.987441424259099"  "0.987441424259099"  "0.987441424259099" 
[31] "0.987441424259099"  "0.987441424259099"  "0.987441424259099" 
[34] "0.987441424259099"  "0.987441424259099"  "0.0259532147539146"
[37] "0.0259532147539146" "0.0259532147539146" "0.0259532147539146"
[40] "0.0259532147539146" "0.0259532147539146" "beta :"            
[43] "1"                 
[1] " old Likelihood:  -6988516.94767116"
[1] "New Likelihood:  -6988485.01898509"
iter:  0  f-value:  4218.764  pgrad:  0.5206496 
iter:  10  f-value:  4218.72  pgrad:  0.5450596 
iter:  20  f-value:  4218.716  pgrad:  0.4759931 
iter:  30  f-value:  4218.715  pgrad:  0.2430716 
  Unsuccessful convergence.
Time difference of 7.663323 mins
[1] "maxIt: 20"
[1] "It: 9"
 [1] "sigma:"            "0.987689906957645" "0.987689906957645"
 [4] "0.987689906957645" "0.987689906957645" "0.987689906957645"
 [7] "0.987689906957645" "0.987689906957645" "0.987689906957645"
[10] "0.987689906957645" "0.987689906957645" "0.987689906957645"
[13] "0.987689906957645" "0.987689906957645" "0.987689906957645"
[16] "0.987689906957645" "0.987689906957645" "0.987689906957645"
[19] "0.987689906957645" "0.987689906957645" "0.987689906957645"
[22] "0.987689906957645" "0.987689906957645" "0.987689906957645"
[25] "0.987689906957645" "0.987689906957645" "0.987689906957645"
[28] "0.987689906957645" "0.987689906957645" "0.987689906957645"
[31] "0.987689906957645" "0.987689906957645" "0.987689906957645"
[34] "0.987689906957645" "0.987689906957645" "0.027530416846387"
[37] "0.027530416846387" "0.027530416846387" "0.027530416846387"
[40] "0.027530416846387" "0.027530416846387" "beta :"           
[43] "1"                
[1] 6990260
[1] 6988462
[1] 6990062
 [1] "sigma:"              "0.987689906957645"   "0.987689906957645"  
 [4] "0.987689906957645"   "0.987689906957645"   "0.987689906957645"  
 [7] "0.987689906957645"   "0.987689906957645"   "0.987689906957645"  
[10] "0.987689906957645"   "0.987689906957645"   "0.987689906957645"  
[13] "0.987689906957645"   "0.987689906957645"   "0.987689906957645"  
[16] "0.987689906957645"   "0.987689906957645"   "0.987689906957645"  
[19] "0.987689906957645"   "0.987689906957645"   "0.987689906957645"  
[22] "0.987689906957645"   "0.987689906957645"   "0.987689906957645"  
[25] "0.987689906957645"   "0.987689906957645"   "0.987689906957645"  
[28] "0.987689906957645"   "0.987689906957645"   "0.987689906957645"  
[31] "0.987689906957645"   "0.987689906957645"   "0.987689906957645"  
[34] "0.987689906957645"   "0.987689906957645"   "0.00253041684638704"
[37] "0.00253041684638704" "0.00253041684638704" "0.00253041684638704"
[40] "0.00253041684638704" "0.00253041684638704" "beta :"             
[43] "1"                  
[1] " old Likelihood:  -6988485.01898509"
[1] "New Likelihood:  -6988462.46916393"
iter:  0  f-value:  4241.145  pgrad:  0.5622314 
iter:  10  f-value:  4241.106  pgrad:  0.4796781 
iter:  20  f-value:  4241.106  pgrad:  0.1474837 
iter:  30  f-value:  4241.106  pgrad:  0.1447825 
  Unsuccessful convergence.
Time difference of 7.682397 mins
[1] "maxIt: 20"
[1] "It: 10"
 [1] "sigma:"              "0.987837705582559"   "0.987837705582559"  
 [4] "0.987837705582559"   "0.987837705582559"   "0.987837705582559"  
 [7] "0.987837705582559"   "0.987837705582559"   "0.987837705582559"  
[10] "0.987837705582559"   "0.987837705582559"   "0.987837705582559"  
[13] "0.987837705582559"   "0.987837705582559"   "0.987837705582559"  
[16] "0.987837705582559"   "0.987837705582559"   "0.987837705582559"  
[19] "0.987837705582559"   "0.987837705582559"   "0.987837705582559"  
[22] "0.987837705582559"   "0.987837705582559"   "0.987837705582559"  
[25] "0.987837705582559"   "0.987837705582559"   "0.987837705582559"  
[28] "0.987837705582559"   "0.987837705582559"   "0.987837705582559"  
[31] "0.987837705582559"   "0.987837705582559"   "0.987837705582559"  
[34] "0.987837705582559"   "0.987837705582559"   "0.00369649559129922"
[37] "0.00369649559129922" "0.00369649559129922" "0.00369649559129922"
[40] "0.00369649559129922" "0.00369649559129922" "beta :"             
[43] "1"                  
[1] 6990251
[1] 6988444
[1] 6990107
 [1] "sigma:"              "0.987837705582559"   "0.987837705582559"  
 [4] "0.987837705582559"   "0.987837705582559"   "0.987837705582559"  
 [7] "0.987837705582559"   "0.987837705582559"   "0.987837705582559"  
[10] "0.987837705582559"   "0.987837705582559"   "0.987837705582559"  
[13] "0.987837705582559"   "0.987837705582559"   "0.987837705582559"  
[16] "0.987837705582559"   "0.987837705582559"   "0.987837705582559"  
[19] "0.987837705582559"   "0.987837705582559"   "0.987837705582559"  
[22] "0.987837705582559"   "0.987837705582559"   "0.987837705582559"  
[25] "0.987837705582559"   "0.987837705582559"   "0.987837705582559"  
[28] "0.987837705582559"   "0.987837705582559"   "0.987837705582559"  
[31] "0.987837705582559"   "0.987837705582559"   "0.987837705582559"  
[34] "0.987837705582559"   "0.987837705582559"   "0.00369649559129922"
[37] "0.00369649559129922" "0.00369649559129922" "0.00369649559129922"
[40] "0.00369649559129922" "0.00369649559129922" "beta :"             
[43] "1"                  
[1] " old Likelihood:  -6988462.46916393"
[1] "New Likelihood:  -6988444.44920274"
iter:  0  f-value:  4219.278  pgrad:  0.5206343 
iter:  10  f-value:  4219.251  pgrad:  0.2300567 
iter:  20  f-value:  4219.251  pgrad:  0.194741 
iter:  30  f-value:  4219.251  pgrad:  0.1913668 
  Unsuccessful convergence.
Time difference of 7.230519 mins
[1] "maxIt: 20"
[1] "It: 11"
 [1] "sigma:"              "0.987932243583831"   "0.987932243583831"  
 [4] "0.987932243583831"   "0.987932243583831"   "0.987932243583831"  
 [7] "0.987932243583831"   "0.987932243583831"   "0.987932243583831"  
[10] "0.987932243583831"   "0.987932243583831"   "0.987932243583831"  
[13] "0.987932243583831"   "0.987932243583831"   "0.987932243583831"  
[16] "0.987932243583831"   "0.987932243583831"   "0.987932243583831"  
[19] "0.987932243583831"   "0.987932243583831"   "0.987932243583831"  
[22] "0.987932243583831"   "0.987932243583831"   "0.987932243583831"  
[25] "0.987932243583831"   "0.987932243583831"   "0.987932243583831"  
[28] "0.987932243583831"   "0.987932243583831"   "0.987932243583831"  
[31] "0.987932243583831"   "0.987932243583831"   "0.987932243583831"  
[34] "0.987932243583831"   "0.987932243583831"   "0.00477000971442625"
[37] "0.00477000971442625" "0.00477000971442625" "0.00477000971442625"
[40] "0.00477000971442625" "0.00477000971442625" "beta :"             
[43] "1"                  
[1] 6990247
[1] 6988431
[1] 6990142
 [1] "sigma:"              "0.987932243583831"   "0.987932243583831"  
 [4] "0.987932243583831"   "0.987932243583831"   "0.987932243583831"  
 [7] "0.987932243583831"   "0.987932243583831"   "0.987932243583831"  
[10] "0.987932243583831"   "0.987932243583831"   "0.987932243583831"  
[13] "0.987932243583831"   "0.987932243583831"   "0.987932243583831"  
[16] "0.987932243583831"   "0.987932243583831"   "0.987932243583831"  
[19] "0.987932243583831"   "0.987932243583831"   "0.987932243583831"  
[22] "0.987932243583831"   "0.987932243583831"   "0.987932243583831"  
[25] "0.987932243583831"   "0.987932243583831"   "0.987932243583831"  
[28] "0.987932243583831"   "0.987932243583831"   "0.987932243583831"  
[31] "0.987932243583831"   "0.987932243583831"   "0.987932243583831"  
[34] "0.987932243583831"   "0.987932243583831"   "0.00477000971442625"
[37] "0.00477000971442625" "0.00477000971442625" "0.00477000971442625"
[40] "0.00477000971442625" "0.00477000971442625" "beta :"             
[43] "1"                  
[1] " old Likelihood:  -6988444.44920274"
[1] "New Likelihood:  -6988430.93188406"
iter:  0  f-value:  4202.501  pgrad:  0.5205192 
iter:  10  f-value:  4202.482  pgrad:  0.519915 
iter:  20  f-value:  4202.482  pgrad:  0.2184515 
iter:  30  f-value:  4202.482  pgrad:  0.2113302 
  Unsuccessful convergence.
Time difference of 7.258807 mins
[1] "maxIt: 20"
[1] "It: 12"
 [1] "sigma:"              "0.987994779489887"   "0.987994779489887"  
 [4] "0.987994779489887"   "0.987994779489887"   "0.987994779489887"  
 [7] "0.987994779489887"   "0.987994779489887"   "0.987994779489887"  
[10] "0.987994779489887"   "0.987994779489887"   "0.987994779489887"  
[13] "0.987994779489887"   "0.987994779489887"   "0.987994779489887"  
[16] "0.987994779489887"   "0.987994779489887"   "0.987994779489887"  
[19] "0.987994779489887"   "0.987994779489887"   "0.987994779489887"  
[22] "0.987994779489887"   "0.987994779489887"   "0.987994779489887"  
[25] "0.987994779489887"   "0.987994779489887"   "0.987994779489887"  
[28] "0.987994779489887"   "0.987994779489887"   "0.987994779489887"  
[31] "0.987994779489887"   "0.987994779489887"   "0.987994779489887"  
[34] "0.987994779489887"   "0.987994779489887"   "0.00579092990255515"
[37] "0.00579092990255515" "0.00579092990255515" "0.00579092990255515"
[40] "0.00579092990255515" "0.00579092990255515" "beta :"             
[43] "1"                  
[1] 6990244
[1] 6988420
[1] 6990171
 [1] "sigma:"              "0.987994779489887"   "0.987994779489887"  
 [4] "0.987994779489887"   "0.987994779489887"   "0.987994779489887"  
 [7] "0.987994779489887"   "0.987994779489887"   "0.987994779489887"  
[10] "0.987994779489887"   "0.987994779489887"   "0.987994779489887"  
[13] "0.987994779489887"   "0.987994779489887"   "0.987994779489887"  
[16] "0.987994779489887"   "0.987994779489887"   "0.987994779489887"  
[19] "0.987994779489887"   "0.987994779489887"   "0.987994779489887"  
[22] "0.987994779489887"   "0.987994779489887"   "0.987994779489887"  
[25] "0.987994779489887"   "0.987994779489887"   "0.987994779489887"  
[28] "0.987994779489887"   "0.987994779489887"   "0.987994779489887"  
[31] "0.987994779489887"   "0.987994779489887"   "0.987994779489887"  
[34] "0.987994779489887"   "0.987994779489887"   "0.00579092990255515"
[37] "0.00579092990255515" "0.00579092990255515" "0.00579092990255515"
[40] "0.00579092990255515" "0.00579092990255515" "beta :"             
[43] "1"                  
[1] " old Likelihood:  -6988430.93188406"
[1] "New Likelihood:  -6988420.37393488"
iter:  0  f-value:  4189.051  pgrad:  0.52036 
iter:  10  f-value:  4189.037  pgrad:  0.430382 
iter:  20  f-value:  4189.036  pgrad:  0.231812 
iter:  30  f-value:  4189.036  pgrad:  0.2287743 
  Unsuccessful convergence.
Time difference of 7.237199 mins
[1] "maxIt: 20"
[1] "It: 13"
 [1] "sigma:"              "0.988035909139944"   "0.988035909139944"  
 [4] "0.988035909139944"   "0.988035909139944"   "0.988035909139944"  
 [7] "0.988035909139944"   "0.988035909139944"   "0.988035909139944"  
[10] "0.988035909139944"   "0.988035909139944"   "0.988035909139944"  
[13] "0.988035909139944"   "0.988035909139944"   "0.988035909139944"  
[16] "0.988035909139944"   "0.988035909139944"   "0.988035909139944"  
[19] "0.988035909139944"   "0.988035909139944"   "0.988035909139944"  
[22] "0.988035909139944"   "0.988035909139944"   "0.988035909139944"  
[25] "0.988035909139944"   "0.988035909139944"   "0.988035909139944"  
[28] "0.988035909139944"   "0.988035909139944"   "0.988035909139944"  
[31] "0.988035909139944"   "0.988035909139944"   "0.988035909139944"  
[34] "0.988035909139944"   "0.988035909139944"   "0.00669716332843379"
[37] "0.00669716332843379" "0.00669716332843379" "0.00669716332843379"
[40] "0.00669716332843379" "0.00669716332843379" "beta :"             
[43] "1"                  
[1] 6990241
[1] 6988412
[1] 6990196
 [1] "sigma:"              "0.988035909139944"   "0.988035909139944"  
 [4] "0.988035909139944"   "0.988035909139944"   "0.988035909139944"  
 [7] "0.988035909139944"   "0.988035909139944"   "0.988035909139944"  
[10] "0.988035909139944"   "0.988035909139944"   "0.988035909139944"  
[13] "0.988035909139944"   "0.988035909139944"   "0.988035909139944"  
[16] "0.988035909139944"   "0.988035909139944"   "0.988035909139944"  
[19] "0.988035909139944"   "0.988035909139944"   "0.988035909139944"  
[22] "0.988035909139944"   "0.988035909139944"   "0.988035909139944"  
[25] "0.988035909139944"   "0.988035909139944"   "0.988035909139944"  
[28] "0.988035909139944"   "0.988035909139944"   "0.988035909139944"  
[31] "0.988035909139944"   "0.988035909139944"   "0.988035909139944"  
[34] "0.988035909139944"   "0.988035909139944"   "0.00669716332843379"
[37] "0.00669716332843379" "0.00669716332843379" "0.00669716332843379"
[40] "0.00669716332843379" "0.00669716332843379" "beta :"             
[43] "1"                  
[1] " old Likelihood:  -6988420.37393488"
[1] "New Likelihood:  -6988411.99304237"
iter:  0  f-value:  4178.052  pgrad:  0.4934373 
iter:  10  f-value:  4178.041  pgrad:  0.8895131 
iter:  20  f-value:  4178.041  pgrad:  0.2305933 
iter:  30  f-value:  4178.041  pgrad:  0.2265642 
  Unsuccessful convergence.
Time difference of 7.245602 mins
[1] "maxIt: 20"
[1] "It: 14"
 [1] "sigma:"              "0.988067988603209"   "0.988067988603209"  
 [4] "0.988067988603209"   "0.988067988603209"   "0.988067988603209"  
 [7] "0.988067988603209"   "0.988067988603209"   "0.988067988603209"  
[10] "0.988067988603209"   "0.988067988603209"   "0.988067988603209"  
[13] "0.988067988603209"   "0.988067988603209"   "0.988067988603209"  
[16] "0.988067988603209"   "0.988067988603209"   "0.988067988603209"  
[19] "0.988067988603209"   "0.988067988603209"   "0.988067988603209"  
[22] "0.988067988603209"   "0.988067988603209"   "0.988067988603209"  
[25] "0.988067988603209"   "0.988067988603209"   "0.988067988603209"  
[28] "0.988067988603209"   "0.988067988603209"   "0.988067988603209"  
[31] "0.988067988603209"   "0.988067988603209"   "0.988067988603209"  
[34] "0.988067988603209"   "0.988067988603209"   "0.00743031158350033"
[37] "0.00743031158350033" "0.00743031158350033" "0.00743031158350033"
[40] "0.00743031158350033" "0.00743031158350033" "beta :"             
[43] "1"                  
[1] 6990238
[1] 6988405
[1] 6990218
 [1] "sigma:"              "0.988067988603209"   "0.988067988603209"  
 [4] "0.988067988603209"   "0.988067988603209"   "0.988067988603209"  
 [7] "0.988067988603209"   "0.988067988603209"   "0.988067988603209"  
[10] "0.988067988603209"   "0.988067988603209"   "0.988067988603209"  
[13] "0.988067988603209"   "0.988067988603209"   "0.988067988603209"  
[16] "0.988067988603209"   "0.988067988603209"   "0.988067988603209"  
[19] "0.988067988603209"   "0.988067988603209"   "0.988067988603209"  
[22] "0.988067988603209"   "0.988067988603209"   "0.988067988603209"  
[25] "0.988067988603209"   "0.988067988603209"   "0.988067988603209"  
[28] "0.988067988603209"   "0.988067988603209"   "0.988067988603209"  
[31] "0.988067988603209"   "0.988067988603209"   "0.988067988603209"  
[34] "0.988067988603209"   "0.988067988603209"   "0.00743031158350033"
[37] "0.00743031158350033" "0.00743031158350033" "0.00743031158350033"
[40] "0.00743031158350033" "0.00743031158350033" "beta :"             
[43] "1"                  
[1] " old Likelihood:  -6988411.99304237"
[1] "New Likelihood:  -6988405.24829415"
iter:  0  f-value:  4168.805  pgrad:  0.4921288 
iter:  10  f-value:  4168.796  pgrad:  0.9961215 
iter:  20  f-value:  4168.796  pgrad:  0.2274555 
iter:  30  f-value:  4168.796  pgrad:  0.2219622 
  Unsuccessful convergence.
Time difference of 7.217976 mins
[1] "maxIt: 20"
[1] "It: 15"
 [1] "sigma:"              "0.988091416172963"   "0.988091416172963"  
 [4] "0.988091416172963"   "0.988091416172963"   "0.988091416172963"  
 [7] "0.988091416172963"   "0.988091416172963"   "0.988091416172963"  
[10] "0.988091416172963"   "0.988091416172963"   "0.988091416172963"  
[13] "0.988091416172963"   "0.988091416172963"   "0.988091416172963"  
[16] "0.988091416172963"   "0.988091416172963"   "0.988091416172963"  
[19] "0.988091416172963"   "0.988091416172963"   "0.988091416172963"  
[22] "0.988091416172963"   "0.988091416172963"   "0.988091416172963"  
[25] "0.988091416172963"   "0.988091416172963"   "0.988091416172963"  
[28] "0.988091416172963"   "0.988091416172963"   "0.988091416172963"  
[31] "0.988091416172963"   "0.988091416172963"   "0.988091416172963"  
[34] "0.988091416172963"   "0.988091416172963"   "0.00812000534402595"
[37] "0.00812000534402595" "0.00812000534402595" "0.00812000534402595"
[40] "0.00812000534402595" "0.00812000534402595" "beta :"             
[43] "1"                  
[1] 6990235
[1] 6988400
[1] 6990237
 [1] "sigma:"              "0.988091416172963"   "0.988091416172963"  
 [4] "0.988091416172963"   "0.988091416172963"   "0.988091416172963"  
 [7] "0.988091416172963"   "0.988091416172963"   "0.988091416172963"  
[10] "0.988091416172963"   "0.988091416172963"   "0.988091416172963"  
[13] "0.988091416172963"   "0.988091416172963"   "0.988091416172963"  
[16] "0.988091416172963"   "0.988091416172963"   "0.988091416172963"  
[19] "0.988091416172963"   "0.988091416172963"   "0.988091416172963"  
[22] "0.988091416172963"   "0.988091416172963"   "0.988091416172963"  
[25] "0.988091416172963"   "0.988091416172963"   "0.988091416172963"  
[28] "0.988091416172963"   "0.988091416172963"   "0.988091416172963"  
[31] "0.988091416172963"   "0.988091416172963"   "0.988091416172963"  
[34] "0.988091416172963"   "0.988091416172963"   "0.00812000534402595"
[37] "0.00812000534402595" "0.00812000534402595" "0.00812000534402595"
[40] "0.00812000534402595" "0.00812000534402595" "beta :"             
[43] "1"                  
[1] " old Likelihood:  -6988405.24829415"
[1] "New Likelihood:  -6988399.80787441"
iter:  0  f-value:  4160.889  pgrad:  0.4915156 
iter:  10  f-value:  4160.882  pgrad:  0.3334935 
iter:  20  f-value:  4160.882  pgrad:  0.2281467 
iter:  30  f-value:  4160.882  pgrad:  0.2218803 
  Unsuccessful convergence.
Time difference of 7.270194 mins
[1] "maxIt: 20"
[1] "It: 16"
 [1] "sigma:"              "0.988109202833626"   "0.988109202833626"  
 [4] "0.988109202833626"   "0.988109202833626"   "0.988109202833626"  
 [7] "0.988109202833626"   "0.988109202833626"   "0.988109202833626"  
[10] "0.988109202833626"   "0.988109202833626"   "0.988109202833626"  
[13] "0.988109202833626"   "0.988109202833626"   "0.988109202833626"  
[16] "0.988109202833626"   "0.988109202833626"   "0.988109202833626"  
[19] "0.988109202833626"   "0.988109202833626"   "0.988109202833626"  
[22] "0.988109202833626"   "0.988109202833626"   "0.988109202833626"  
[25] "0.988109202833626"   "0.988109202833626"   "0.988109202833626"  
[28] "0.988109202833626"   "0.988109202833626"   "0.988109202833626"  
[31] "0.988109202833626"   "0.988109202833626"   "0.988109202833626"  
[34] "0.988109202833626"   "0.988109202833626"   "0.00862304949875342"
[37] "0.00862304949875342" "0.00862304949875342" "0.00862304949875342"
[40] "0.00862304949875342" "0.00862304949875342" "beta :"             
[43] "1"                  
[1] 6990233
[1] 6988395
[1] 6990255
 [1] "sigma:"              "0.988109202833626"   "0.988109202833626"  
 [4] "0.988109202833626"   "0.988109202833626"   "0.988109202833626"  
 [7] "0.988109202833626"   "0.988109202833626"   "0.988109202833626"  
[10] "0.988109202833626"   "0.988109202833626"   "0.988109202833626"  
[13] "0.988109202833626"   "0.988109202833626"   "0.988109202833626"  
[16] "0.988109202833626"   "0.988109202833626"   "0.988109202833626"  
[19] "0.988109202833626"   "0.988109202833626"   "0.988109202833626"  
[22] "0.988109202833626"   "0.988109202833626"   "0.988109202833626"  
[25] "0.988109202833626"   "0.988109202833626"   "0.988109202833626"  
[28] "0.988109202833626"   "0.988109202833626"   "0.988109202833626"  
[31] "0.988109202833626"   "0.988109202833626"   "0.988109202833626"  
[34] "0.988109202833626"   "0.988109202833626"   "0.00862304949875343"
[37] "0.00862304949875343" "0.00862304949875343" "0.00862304949875343"
[40] "0.00862304949875343" "0.00862304949875343" "beta :"             
[43] "1"                  
[1] " old Likelihood:  -6988399.80787441"
[1] "New Likelihood:  -6988395.39809709"
iter:  0  f-value:  4154.186  pgrad:  0.4909861 
iter:  10  f-value:  4154.181  pgrad:  0.9961817 
iter:  20  f-value:  4154.181  pgrad:  0.2185243 
iter:  30  f-value:  4154.181  pgrad:  0.2087927 
  Unsuccessful convergence.
Time difference of 7.23933 mins
[1] "maxIt: 20"
[1] "It: 17"
 [1] "sigma:"             "0.9881230550187"    "0.9881230550187"   
 [4] "0.9881230550187"    "0.9881230550187"    "0.9881230550187"   
 [7] "0.9881230550187"    "0.9881230550187"    "0.9881230550187"   
[10] "0.9881230550187"    "0.9881230550187"    "0.9881230550187"   
[13] "0.9881230550187"    "0.9881230550187"    "0.9881230550187"   
[16] "0.9881230550187"    "0.9881230550187"    "0.9881230550187"   
[19] "0.9881230550187"    "0.9881230550187"    "0.9881230550187"   
[22] "0.9881230550187"    "0.9881230550187"    "0.9881230550187"   
[25] "0.9881230550187"    "0.9881230550187"    "0.9881230550187"   
[28] "0.9881230550187"    "0.9881230550187"    "0.9881230550187"   
[31] "0.9881230550187"    "0.9881230550187"    "0.9881230550187"   
[34] "0.9881230550187"    "0.9881230550187"    "0.0092294304167792"
[37] "0.0092294304167792" "0.0092294304167792" "0.0092294304167792"
[40] "0.0092294304167792" "0.0092294304167792" "beta :"            
[43] "1"                 
[1] 6990230
[1] 6988392
[1] 6990270
 [1] "sigma:"              "0.9881230550187"     "0.9881230550187"    
 [4] "0.9881230550187"     "0.9881230550187"     "0.9881230550187"    
 [7] "0.9881230550187"     "0.9881230550187"     "0.9881230550187"    
[10] "0.9881230550187"     "0.9881230550187"     "0.9881230550187"    
[13] "0.9881230550187"     "0.9881230550187"     "0.9881230550187"    
[16] "0.9881230550187"     "0.9881230550187"     "0.9881230550187"    
[19] "0.9881230550187"     "0.9881230550187"     "0.9881230550187"    
[22] "0.9881230550187"     "0.9881230550187"     "0.9881230550187"    
[25] "0.9881230550187"     "0.9881230550187"     "0.9881230550187"    
[28] "0.9881230550187"     "0.9881230550187"     "0.9881230550187"    
[31] "0.9881230550187"     "0.9881230550187"     "0.9881230550187"    
[34] "0.9881230550187"     "0.9881230550187"     "0.00922943041677921"
[37] "0.00922943041677921" "0.00922943041677921" "0.00922943041677921"
[40] "0.00922943041677921" "0.00922943041677921" "beta :"             
[43] "1"                  
[1] " old Likelihood:  -6988395.39809709"
[1] "New Likelihood:  -6988391.8208255"
iter:  0  f-value:  4148.167  pgrad:  0.4905394 
iter:  10  f-value:  4148.163  pgrad:  0.9962094 
iter:  20  f-value:  4148.163  pgrad:  0.2105662 
iter:  30  f-value:  4148.163  pgrad:  0.2054912 
  Unsuccessful convergence.
Time difference of 7.271386 mins
[1] "maxIt: 20"
[1] "It: 18"
 [1] "sigma:"              "0.988133912069876"   "0.988133912069876"  
 [4] "0.988133912069876"   "0.988133912069876"   "0.988133912069876"  
 [7] "0.988133912069876"   "0.988133912069876"   "0.988133912069876"  
[10] "0.988133912069876"   "0.988133912069876"   "0.988133912069876"  
[13] "0.988133912069876"   "0.988133912069876"   "0.988133912069876"  
[16] "0.988133912069876"   "0.988133912069876"   "0.988133912069876"  
[19] "0.988133912069876"   "0.988133912069876"   "0.988133912069876"  
[22] "0.988133912069876"   "0.988133912069876"   "0.988133912069876"  
[25] "0.988133912069876"   "0.988133912069876"   "0.988133912069876"  
[28] "0.988133912069876"   "0.988133912069876"   "0.988133912069876"  
[31] "0.988133912069876"   "0.988133912069876"   "0.988133912069876"  
[34] "0.988133912069876"   "0.988133912069876"   "0.00969771359059226"
[37] "0.00969771359059226" "0.00969771359059226" "0.00969771359059226"
[40] "0.00969771359059226" "0.00969771359059226" "beta :"             
[43] "1"                  
[1] 6990229
[1] 6988389
[1] 6990284
 [1] "sigma:"              "0.988133912069876"   "0.988133912069876"  
 [4] "0.988133912069876"   "0.988133912069876"   "0.988133912069876"  
 [7] "0.988133912069876"   "0.988133912069876"   "0.988133912069876"  
[10] "0.988133912069876"   "0.988133912069876"   "0.988133912069876"  
[13] "0.988133912069876"   "0.988133912069876"   "0.988133912069876"  
[16] "0.988133912069876"   "0.988133912069876"   "0.988133912069876"  
[19] "0.988133912069876"   "0.988133912069876"   "0.988133912069876"  
[22] "0.988133912069876"   "0.988133912069876"   "0.988133912069876"  
[25] "0.988133912069876"   "0.988133912069876"   "0.988133912069876"  
[28] "0.988133912069876"   "0.988133912069876"   "0.988133912069876"  
[31] "0.988133912069876"   "0.988133912069876"   "0.988133912069876"  
[34] "0.988133912069876"   "0.988133912069876"   "0.00969771359059226"
[37] "0.00969771359059226" "0.00969771359059226" "0.00969771359059226"
[40] "0.00969771359059226" "0.00969771359059226" "beta :"             
[43] "1"                  
[1] " old Likelihood:  -6988391.8208255"
[1] "New Likelihood:  -6988388.9194294"
iter:  0  f-value:  4142.978  pgrad:  0.490148 
iter:  10  f-value:  4142.975  pgrad:  0.9858013 
iter:  20  f-value:  4142.975  pgrad:  0.2042452 
iter:  30  f-value:  4142.975  pgrad:  0.2020352 
  Unsuccessful convergence.
Time difference of 7.263344 mins
[1] "maxIt: 20"
[1] "It: 19"
 [1] "sigma:"             "0.988142920970875"  "0.988142920970875" 
 [4] "0.988142920970875"  "0.988142920970875"  "0.988142920970875" 
 [7] "0.988142920970875"  "0.988142920970875"  "0.988142920970875" 
[10] "0.988142920970875"  "0.988142920970875"  "0.988142920970875" 
[13] "0.988142920970875"  "0.988142920970875"  "0.988142920970875" 
[16] "0.988142920970875"  "0.988142920970875"  "0.988142920970875" 
[19] "0.988142920970875"  "0.988142920970875"  "0.988142920970875" 
[22] "0.988142920970875"  "0.988142920970875"  "0.988142920970875" 
[25] "0.988142920970875"  "0.988142920970875"  "0.988142920970875" 
[28] "0.988142920970875"  "0.988142920970875"  "0.988142920970875" 
[31] "0.988142920970875"  "0.988142920970875"  "0.988142920970875" 
[34] "0.988142920970875"  "0.988142920970875"  "0.0100272973406744"
[37] "0.0100272973406744" "0.0100272973406744" "0.0100272973406744"
[40] "0.0100272973406744" "0.0100272973406744" "beta :"            
[43] "1"                 
[1] 6990227
[1] 6988387
[1] 6990297
 [1] "sigma:"             "0.988142920970875"  "0.988142920970875" 
 [4] "0.988142920970875"  "0.988142920970875"  "0.988142920970875" 
 [7] "0.988142920970875"  "0.988142920970875"  "0.988142920970875" 
[10] "0.988142920970875"  "0.988142920970875"  "0.988142920970875" 
[13] "0.988142920970875"  "0.988142920970875"  "0.988142920970875" 
[16] "0.988142920970875"  "0.988142920970875"  "0.988142920970875" 
[19] "0.988142920970875"  "0.988142920970875"  "0.988142920970875" 
[22] "0.988142920970875"  "0.988142920970875"  "0.988142920970875" 
[25] "0.988142920970875"  "0.988142920970875"  "0.988142920970875" 
[28] "0.988142920970875"  "0.988142920970875"  "0.988142920970875" 
[31] "0.988142920970875"  "0.988142920970875"  "0.988142920970875" 
[34] "0.988142920970875"  "0.988142920970875"  "0.0100272973406744"
[37] "0.0100272973406744" "0.0100272973406744" "0.0100272973406744"
[40] "0.0100272973406744" "0.0100272973406744" "beta :"            
[43] "1"                 
[1] " old Likelihood:  -6988388.9194294"
[1] "New Likelihood:  -6988386.56001085"
iter:  0  f-value:  4138.521  pgrad:  0.4898028 
iter:  10  f-value:  4138.519  pgrad:  0.1955505 
iter:  20  f-value:  4138.52  pgrad:  0.5242947 
iter:  30  f-value:  4138.519  pgrad:  0.6475602 
  Unsuccessful convergence.
Time difference of 7.257282 mins
[1] "maxIt: 20"
[1] "It: 20"
 [1] "sigma:"             "0.988150846253608"  "0.988150846253608" 
 [4] "0.988150846253608"  "0.988150846253608"  "0.988150846253608" 
 [7] "0.988150846253608"  "0.988150846253608"  "0.988150846253608" 
[10] "0.988150846253608"  "0.988150846253608"  "0.988150846253608" 
[13] "0.988150846253608"  "0.988150846253608"  "0.988150846253608" 
[16] "0.988150846253608"  "0.988150846253608"  "0.988150846253608" 
[19] "0.988150846253608"  "0.988150846253608"  "0.988150846253608" 
[22] "0.988150846253608"  "0.988150846253608"  "0.988150846253608" 
[25] "0.988150846253608"  "0.988150846253608"  "0.988150846253608" 
[28] "0.988150846253608"  "0.988150846253608"  "0.988150846253608" 
[31] "0.988150846253608"  "0.988150846253608"  "0.988150846253608" 
[34] "0.988150846253608"  "0.988150846253608"  "0.0106371060213541"
[37] "0.0106371060213541" "0.0106371060213541" "0.0106371060213541"
[40] "0.0106371060213541" "0.0106371060213541" "beta :"            
[43] "1"                 
[1] 6990225
[1] 6988385
[1] 6990308
 [1] "sigma:"             "0.988150846253608"  "0.988150846253608" 
 [4] "0.988150846253608"  "0.988150846253608"  "0.988150846253608" 
 [7] "0.988150846253608"  "0.988150846253608"  "0.988150846253608" 
[10] "0.988150846253608"  "0.988150846253608"  "0.988150846253608" 
[13] "0.988150846253608"  "0.988150846253608"  "0.988150846253608" 
[16] "0.988150846253608"  "0.988150846253608"  "0.988150846253608" 
[19] "0.988150846253608"  "0.988150846253608"  "0.988150846253608" 
[22] "0.988150846253608"  "0.988150846253608"  "0.988150846253608" 
[25] "0.988150846253608"  "0.988150846253608"  "0.988150846253608" 
[28] "0.988150846253608"  "0.988150846253608"  "0.988150846253608" 
[31] "0.988150846253608"  "0.988150846253608"  "0.988150846253608" 
[34] "0.988150846253608"  "0.988150846253608"  "0.0106371060213541"
[37] "0.0106371060213541" "0.0106371060213541" "0.0106371060213541"
[40] "0.0106371060213541" "0.0106371060213541" "beta :"            
[43] "1"                 
[1] " old Likelihood:  -6988386.56001085"
[1] "New Likelihood:  -6988384.65535625"
iter:  0  f-value:  4134.194  pgrad:  0.4895185 
iter:  10  f-value:  4134.192  pgrad:  0.6219216 
iter:  20  f-value:  4134.192  pgrad:  0.1881017 
iter:  30  f-value:  4134.192  pgrad:  0.1846274 
  Unsuccessful convergence.
Time difference of 7.290618 mins
 [1] "sigma:"             "0.988156737961415"  "0.988156737961415" 
 [4] "0.988156737961415"  "0.988156737961415"  "0.988156737961415" 
 [7] "0.988156737961415"  "0.988156737961415"  "0.988156737961415" 
[10] "0.988156737961415"  "0.988156737961415"  "0.988156737961415" 
[13] "0.988156737961415"  "0.988156737961415"  "0.988156737961415" 
[16] "0.988156737961415"  "0.988156737961415"  "0.988156737961415" 
[19] "0.988156737961415"  "0.988156737961415"  "0.988156737961415" 
[22] "0.988156737961415"  "0.988156737961415"  "0.988156737961415" 
[25] "0.988156737961415"  "0.988156737961415"  "0.988156737961415" 
[28] "0.988156737961415"  "0.988156737961415"  "0.988156737961415" 
[31] "0.988156737961415"  "0.988156737961415"  "0.988156737961415" 
[34] "0.988156737961415"  "0.988156737961415"  "0.0110053796020271"
[37] "0.0110053796020271" "0.0110053796020271" "0.0110053796020271"
[40] "0.0110053796020271" "0.0110053796020271" "beta :"            
[43] "1"                 
[1] 1999646 1999706 1999966 1999534 1997938
[1] 1 1 1 1 1
saved RDS
inference successful
