[1] "Original length"
[1] 999988
[1] "Final length"
[1] 11050
[1] "sequence length : 999989" "sequence length : 998538"
[3] "sequence length : 999873" "sequence length : 999587"
[5] "sequence length : 999900"
[1] "former Rho:"
[1]  751.9384 1060.6734  764.9392 1280.3709 1280.9997
[1] "old mu :"
[1] 0.0003759733 0.0005311132 0.0003825182 0.0006404499 0.0006405639
[1] "new mu :"
[1] 0.0005141237
[1] "new Rho:"
[1] 1028.236 1026.744 1028.117 1027.823 1028.145
[1] 1 1 1 1 1
[1] "Beta: 1"
[1] "Self: 0"
[1] 1
[1] "Rho"
[1] 1028.236 1026.744 1028.117 1027.823 1028.145
[1] "It: 1"
[1] "sigma:" "0"      "beta :" "1"     
[1] "rho/theta:" "1"         
[1] "sigma:" "0.9405" "beta :" "1"     
[1] "rho/theta:" "1"         
Time difference of 2.129872 secs
[1] "New Likelihood:  -7263735.16279251"
[1] 4997882
[1] 4997887
iter:  0  f-value:  2819.958  pgrad:  0.5 
iter:  10  f-value:  2784.164  pgrad:  0.5548371 
iter:  20  f-value:  2783.919  pgrad:  0.9703658 
iter:  30  f-value:  2783.853  pgrad:  0.5281282 
  Unsuccessful convergence.
[1] 0.9702967
 [1] "Xi: 0.503261913619472" "Xi: 0.503159898739773" "Xi: 0.504910363100699"
 [4] "Xi: 0.51082939667003"  "Xi: 0.537166066937257" "Xi: 0.544774429736984"
 [7] "Xi: 0.545948975218662" "Xi: 0.546934262162646" "Xi: 0.549105307212984"
[10] "Xi: 0.541932445236185" "Xi: 0.528108798929739" "Xi: 0.530347026932794"
[13] "Xi: 0.526298978083842" "Xi: 0.53148889820351"  "Xi: 0.521523228148215"
[16] "Xi: 0.520790208803677" "Xi: 0.551104183427816" "Xi: 0.554127897012133"
[19] "Xi: 0.524081525540266" "Xi: 0.52006940148168" 
Time difference of 32.43292 mins
[1] "Rho"
[1] 1028.236 1026.744 1028.117 1027.823 1028.145
[1] "It: 2"
[1] "sigma:"            "0.960593719594065" "beta :"           
[4] "1"                
[1] "rho/theta:" "1"         
Time difference of 2.135988 secs
[1] " old Likelihood:  -7263735.16279251"
[1] "New Likelihood:  -7253494.22309314"
[1] 4997882
[1] 4997887
iter:  0  f-value:  2324.82  pgrad:  0.5281088 
iter:  10  f-value:  2316.947  pgrad:  0.5436882 
iter:  20  f-value:  2316.834  pgrad:  0.4775819 
iter:  30  f-value:  2316.822  pgrad:  0.4723725 
  Unsuccessful convergence.
[1] 0.9788047
 [1] "Xi: 0.504107149007357" "Xi: 0.503864652835513" "Xi: 0.505575540268055"
 [4] "Xi: 0.511980788600753" "Xi: 0.542537966224245" "Xi: 0.55828454491402" 
 [7] "Xi: 0.561676633512954" "Xi: 0.562520450523331" "Xi: 0.566638972800587"
[10] "Xi: 0.557320160519612" "Xi: 0.527793145953306" "Xi: 0.542433563860735"
[13] "Xi: 0.532438807224843" "Xi: 0.54727798340797"  "Xi: 0.529062981700427"
[16] "Xi: 0.528974735086955" "Xi: 0.579886110620181" "Xi: 0.579146209156074"
[19] "Xi: 0.534152671754506" "Xi: 0.531312363316823"
Time difference of 3.773181 mins
[1] "Rho"
[1] 1028.236 1026.744 1028.117 1027.823 1028.145
[1] "It: 3"
[1] "sigma:"            "0.969016612152191" "beta :"           
[4] "1"                
[1] "rho/theta:" "1"         
Time difference of 2.206319 secs
[1] " old Likelihood:  -7253494.22309314"
[1] "New Likelihood:  -7251109.33417912"
[1] 4997882
[1] 4997887
iter:  0  f-value:  2011.5  pgrad:  0.5324388 
iter:  10  f-value:  2008.797  pgrad:  0.5386248 
iter:  20  f-value:  2008.786  pgrad:  0.4585581 
iter:  30  f-value:  2008.786  pgrad:  0.365867 
  Unsuccessful convergence.
[1] 0.983746
 [1] "Xi: 0.504533834186499" "Xi: 0.504202267214633" "Xi: 0.505802470744421"
 [4] "Xi: 0.512262917897417" "Xi: 0.544781586057468" "Xi: 0.563573356784456"
 [7] "Xi: 0.569381419447151" "Xi: 0.565963135853381" "Xi: 0.575685263324875"
[10] "Xi: 0.56560852081739"  "Xi: 0.522709686050839" "Xi: 0.548693103942319"
[13] "Xi: 0.530694255306352" "Xi: 0.556609467577732" "Xi: 0.53141962256437" 
[16] "Xi: 0.531316129500309" "Xi: 0.595883135961558" "Xi: 0.590645859017508"
[19] "Xi: 0.538069907703233" "Xi: 0.53907255264317" 
Time difference of 3.767326 mins
[1] "Rho"
[1] 1028.236 1026.744 1028.117 1027.823 1028.145
[1] "It: 4"
[1] "sigma:"            "0.973908534080343" "beta :"           
[4] "1"                
[1] "rho/theta:" "1"         
Time difference of 2.195334 secs
[1] " old Likelihood:  -7251109.33417912"
[1] "New Likelihood:  -7250248.3027676"
[1] 4997882
[1] 4997887
iter:  0  f-value:  1799.484  pgrad:  0.5380699 
iter:  10  f-value:  1798.315  pgrad:  0.5960004 
iter:  20  f-value:  1798.278  pgrad:  0.4848057 
iter:  30  f-value:  1798.277  pgrad:  0.9869305 
  Unsuccessful convergence.
[1] 0.9868961
 [1] "Xi: 0.504902628386187" "Xi: 0.504479008289147" "Xi: 0.505951090122564"
 [4] "Xi: 0.512329217681063" "Xi: 0.546466345374949" "Xi: 0.567627278737384"
 [7] "Xi: 0.57474702242772"  "Xi: 0.566142902040678" "Xi: 0.582571099227772"
[10] "Xi: 0.572640332539201" "Xi: 0.515918264178471" "Xi: 0.554215161329525"
[13] "Xi: 0.526749940081659" "Xi: 0.563278991560293" "Xi: 0.532538865966596"
[16] "Xi: 0.532008795864409" "Xi: 0.605303991159235" "Xi: 0.595766482930597"
[19] "Xi: 0.539049463442192" "Xi: 0.545139197392955"
Time difference of 3.776247 mins
[1] "Rho"
[1] 1028.236 1026.744 1028.117 1027.823 1028.145
[1] "It: 5"
[1] "sigma:"            "0.977027113746668" "beta :"           
[4] "1"                
[1] "rho/theta:" "1"         
Time difference of 2.1435 secs
[1] " old Likelihood:  -7250248.3027676"
[1] "New Likelihood:  -7249852.26769672"
[1] 4997882
[1] 4997887
iter:  0  f-value:  1656.405  pgrad:  0.5390495 
iter:  10  f-value:  1655.823  pgrad:  0.4681001 
iter:  20  f-value:  1655.818  pgrad:  0.3617174 
iter:  30  f-value:  1655.819  pgrad:  0.6116935 
  Unsuccessful convergence.
[1] 0.9889642
 [1] "Xi: 0.505083254694137" "Xi: 0.50461393590777"  "Xi: 0.506003952311695"
 [4] "Xi: 0.512324866833193" "Xi: 0.547258664416494" "Xi: 0.569477541435177"
 [7] "Xi: 0.577081556789583" "Xi: 0.565628288857577" "Xi: 0.58449599599766" 
[10] "Xi: 0.576407235069578" "Xi: 0.511610590042604" "Xi: 0.558476039394523"
[13] "Xi: 0.522797638277323" "Xi: 0.56831187031745"  "Xi: 0.533434963888084"
[16] "Xi: 0.532488750344364" "Xi: 0.61115386435686"  "Xi: 0.597909773304236"
[19] "Xi: 0.538625671364634" "Xi: 0.549913470060578"
Time difference of 3.773343 mins
[1] "Rho"
[1] 1028.236 1026.744 1028.117 1027.823 1028.145
[1] "It: 6"
[1] "sigma:"            "0.979074515185389" "beta :"           
[4] "1"                
[1] "rho/theta:" "1"         
Time difference of 2.135355 secs
[1] " old Likelihood:  -7249852.26769672"
[1] "New Likelihood:  -7249657.03688101"
[1] 4997882
[1] 4997887
iter:  0  f-value:  1559.881  pgrad:  0.5386257 
iter:  10  f-value:  1559.592  pgrad:  0.481039 
iter:  20  f-value:  1559.589  pgrad:  0.4371913 
iter:  30  f-value:  1559.589  pgrad:  0.6152799 
  Unsuccessful convergence.
[1] 0.9903349
 [1] "Xi: 0.505258606599375" "Xi: 0.504748696359112" "Xi: 0.506038743831291"
 [4] "Xi: 0.512286759281204" "Xi: 0.547977366570386" "Xi: 0.571223819747728"
 [7] "Xi: 0.579247763038596" "Xi: 0.564926344897156" "Xi: 0.58591323004172" 
[10] "Xi: 0.580111420522958" "Xi: 0.507770752630073" "Xi: 0.56281244516922" 
[13] "Xi: 0.519501483926557" "Xi: 0.572447775921379" "Xi: 0.53423212614295" 
[16] "Xi: 0.533023372227384" "Xi: 0.614914463955177" "Xi: 0.598772465068939"
[19] "Xi: 0.537643633760197" "Xi: 0.554182609173777"
Time difference of 3.778829 mins
[1] "Rho"
[1] 1028.236 1026.744 1028.117 1027.823 1028.145
[1] "It: 7"
[1] "sigma:"            "0.980431595232495" "beta :"           
[4] "1"                
[1] "rho/theta:" "1"         
Time difference of 2.136749 secs
[1] " old Likelihood:  -7249657.03688101"
[1] "New Likelihood:  -7249556.98506232"
[1] 4997882
[1] 4997887
iter:  0  f-value:  1494.816  pgrad:  0.5987725 
iter:  10  f-value:  1494.674  pgrad:  0.466774 
iter:  20  f-value:  1494.67  pgrad:  0.4333423 
iter:  30  f-value:  1494.669  pgrad:  0.9913092 
  Unsuccessful convergence.
[1] 0.9912491
 [1] "Xi: 0.5053708427919"   "Xi: 0.504828824068288" "Xi: 0.50605908084397" 
 [4] "Xi: 0.512255030963176" "Xi: 0.548446594478806" "Xi: 0.572348082001341"
 [7] "Xi: 0.580618346285102" "Xi: 0.564469775107367" "Xi: 0.586675726491918"
[10] "Xi: 0.583063410358948" "Xi: 0.505571441851626" "Xi: 0.567681439675629"
[13] "Xi: 0.517271043684352" "Xi: 0.576017862975337" "Xi: 0.534874746178565"
[16] "Xi: 0.533573823008694" "Xi: 0.617385366913521" "Xi: 0.599139742136213"
[19] "Xi: 0.53647759763629"  "Xi: 0.558191874641394"
Time difference of 3.775429 mins
[1] "Rho"
[1] 1028.236 1026.744 1028.117 1027.823 1028.145
[1] "It: 8"
[1] "sigma:"            "0.981336609303151" "beta :"           
[4] "1"                
[1] "rho/theta:" "1"         
Time difference of 2.13051 secs
[1] " old Likelihood:  -7249556.98506232"
[1] "New Likelihood:  -7249504.54817718"
[1] 4997882
[1] 4997887
iter:  0  f-value:  1450.955  pgrad:  0.5991397 
iter:  10  f-value:  1450.883  pgrad:  0.4662118 
iter:  20  f-value:  1450.881  pgrad:  0.4291725 
iter:  30  f-value:  1450.88  pgrad:  0.9918622 
  Unsuccessful convergence.
[1] 0.9918581
 [1] "Xi: 0.50547658915542"  "Xi: 0.504901075719863" "Xi: 0.506072444222265"
 [4] "Xi: 0.512213994278514" "Xi: 0.548872457779694" "Xi: 0.573374686261795"
 [7] "Xi: 0.581860130683028" "Xi: 0.563988773035017" "Xi: 0.587209447930625"
[10] "Xi: 0.585755877471564" "Xi: 0.503664426257723" "Xi: 0.571999318975175"
[13] "Xi: 0.515418281623207" "Xi: 0.578775214063119" "Xi: 0.53527450625007" 
[16] "Xi: 0.534028842178835" "Xi: 0.618972054442672" "Xi: 0.599353844058328"
[19] "Xi: 0.535381432548917" "Xi: 0.561748783068324"
Time difference of 3.784696 mins
[1] "Rho"
[1] 1028.236 1026.744 1028.117 1027.823 1028.145
[1] "It: 9"
[1] "sigma:"            "0.981939525270232" "beta :"           
[4] "1"                
[1] "rho/theta:" "1"         
Time difference of 2.150282 secs
[1] " old Likelihood:  -7249504.54817718"
[1] "New Likelihood:  -7249476.46584468"
[1] 4997882
[1] 4997887
iter:  0  f-value:  1421.255  pgrad:  0.5353814 
iter:  10  f-value:  1421.219  pgrad:  0.4366199 
iter:  20  f-value:  1421.217  pgrad:  0.4253386 
iter:  30  f-value:  1421.216  pgrad:  0.4198819 
  Unsuccessful convergence.
[1] 0.9922638
 [1] "Xi: 0.505554563201379" "Xi: 0.504959239204718" "Xi: 0.506081624082173"
 [4] "Xi: 0.512180039676269" "Xi: 0.549182227142044" "Xi: 0.57411897252702" 
 [7] "Xi: 0.582755616225472" "Xi: 0.563623727286062" "Xi: 0.58752395461626" 
[10] "Xi: 0.587777726304235" "Xi: 0.502357596412907" "Xi: 0.575833417086373"
[13] "Xi: 0.513951832083977" "Xi: 0.58091196774197"  "Xi: 0.535503438636877"
[16] "Xi: 0.534400476208287" "Xi: 0.619970852272516" "Xi: 0.59953680680995" 
[19] "Xi: 0.53441081384505"  "Xi: 0.564802667113179"
Time difference of 3.7816 mins
[1] "Rho"
[1] 1028.236 1026.744 1028.117 1027.823 1028.145
[1] "It: 10"
[1] "sigma:"            "0.982341149435044" "beta :"           
[4] "1"                
[1] "rho/theta:" "1"         
Time difference of 2.132928 secs
[1] " old Likelihood:  -7249476.46584468"
[1] "New Likelihood:  -7249461.04664185"
[1] 4997882
[1] 4997887
iter:  0  f-value:  1401.148  pgrad:  0.5355034 
iter:  10  f-value:  1401.129  pgrad:  0.4665317 
iter:  20  f-value:  1401.127  pgrad:  0.4667492 
iter:  30  f-value:  1401.127  pgrad:  0.6000874 
  Unsuccessful convergence.
[1] 0.9925346
 [1] "Xi: 0.505631678857344" "Xi: 0.505014779516742" "Xi: 0.506089438748756"
 [4] "Xi: 0.512139869048305" "Xi: 0.549518132117847" "Xi: 0.574934244165876"
 [7] "Xi: 0.583729113226204" "Xi: 0.563207593108442" "Xi: 0.587796189100755"
[10] "Xi: 0.589996132889642" "Xi: 0.501210432230913" "Xi: 0.579803453012632"
[13] "Xi: 0.512837075112501" "Xi: 0.582597772891798" "Xi: 0.535583453963384"
[16] "Xi: 0.534691210821514" "Xi: 0.620568753300201" "Xi: 0.599721415567545"
[19] "Xi: 0.533564547690712" "Xi: 0.567522396889048"
Time difference of 3.769306 mins
[1] "Rho"
[1] 1028.236 1026.744 1028.117 1027.823 1028.145
[1] "It: 11"
[1] "sigma:"            "0.982609214567235" "beta :"           
[4] "1"                
[1] "rho/theta:" "1"         
Time difference of 2.132691 secs
[1] " old Likelihood:  -7249461.04664185"
[1] "New Likelihood:  -7249451.76678751"
[1] 4997882
[1] 4997887
iter:  0  f-value:  1387.453  pgrad:  0.5355835 
iter:  10  f-value:  1387.442  pgrad:  0.4319372 
iter:  20  f-value:  1387.441  pgrad:  0.4174268 
iter:  30  f-value:  1043.384  pgrad:  1 
  Unsuccessful convergence.
[1] 1
 [1] "Xi: 0.999997025290564"    "Xi: 0.999916870713341"   
 [3] "Xi: 0.999865305451921"    "Xi: 0.0030378729034189"  
 [5] "Xi: 0.998936306430523"    "Xi: 0.999644793073852"   
 [7] "Xi: 0.999386747559685"    "Xi: 0.177008407635223"   
 [9] "Xi: 0.995000767856519"    "Xi: 0.990570811559294"   
[11] "Xi: 0.928826089339653"    "Xi: 0.950530924986885"   
[13] "Xi: 0.762893448773512"    "Xi: 0.822060696201176"   
[15] "Xi: 0.477690854308426"    "Xi: 0.484198330342391"   
[17] "Xi: 0.576277679566828"    "Xi: 8.57830669493179e-05"
[19] "Xi: 6.4488116224624e-07"  "Xi: 0.991792537387043"   
Time difference of 3.762387 mins
[1] "Rho"
[1] 1028.236 1026.744 1028.117 1027.823 1028.145
[1] "It: 12"
[1] "sigma:" "0.99"   "beta :" "1"     
[1] "rho/theta:" "1"         
Time difference of 2.133925 secs
[1] " old Likelihood:  -7249451.76678751"
[1] "New Likelihood:  -7299152.35078949"
Time difference of 3.415507 mins
[1] 1 1 1 1 1
[1] 1 1 1 1 1
saved RDS
inference successful
