[1] "Original length"
[1] 999698
[1] "Final length"
[1] 18114
[1] "sequence length : 999699" "sequence length : 999989"
[3] "sequence length : 999859" "sequence length : 999673"
[5] "sequence length : 999607"
[1] 1 1 1 1 1
[1] "Beta: 1"
[1] "Self: 0"
[1] "maxIt: 20"
[1] "It: 1"
 [1] "sigma:" "0"      "0"      "0"      "0"      "0"      "0"      "0"     
 [9] "0"      "0"      "0"      "0"      "0"      "0"      "0"      "0"     
[17] "0"      "0"      "0"      "0"      "0"      "0"      "0"      "0"     
[25] "0"      "0"      "0"      "0"      "0"      "0"      "0"      "0"     
[33] "0"      "0"      "0"      "0"      "0"      "0"      "0"      "0"     
[41] "0"      "beta :" "1"     
 [1] "sigma:" "0.9405" "0.9405" "0.9405" "0.9405" "0.9405" "0.9405" "0.9405"
 [9] "0.9405" "0.9405" "0.9405" "0.9405" "0.9405" "0.9405" "0.9405" "0.9405"
[17] "0.9405" "0.9405" "0.9405" "0.9405" "0.9405" "0.9405" "0.9405" "0"     
[25] "0"      "0"      "0"      "0"      "0"      "0"      "0"      "0"     
[33] "0"      "0"      "0"      "0"      "0"      "0"      "0"      "0"     
[41] "0"      "beta :" "1"     
[1] "New Likelihood:  -9779470.7022073"
iter:  0  f-value:  34946.84  pgrad:  0.5 
iter:  10  f-value:  34944.68  pgrad:  0.9997628 
iter:  20  f-value:  34943.23  pgrad:  0.9984669 
iter:  30  f-value:  34942.82  pgrad:  0.9974695 
iter:  40  f-value:  34942.32  pgrad:  0.9953446 
iter:  50  f-value:  34942.14  pgrad:  0.9971572 
  Unsuccessful convergence.
Time difference of 2.367819 hours
[1] "maxIt: 20"
[1] "It: 2"
 [1] "sigma:"               "0.95755776004686"     "0.95755776004686"    
 [4] "0.948991868744849"    "0.948991868744849"    "0.952929641058617"   
 [7] "0.952929641058617"    "0.95819001839662"     "0.95819001839662"    
[10] "0.964186068418257"    "0.964186068418257"    "0.970429786655379"   
[13] "0.970429786655379"    "0.977299543858309"    "0.977299543858309"   
[16] "0.979550391537516"    "0.979550391537516"    "0.962215819745831"   
[19] "0.962215819745831"    "0.924726084548629"    "0.924726084548629"   
[22] "0.912488085519123"    "0.912488085519123"    "0"                   
[25] "0"                    "0.00317704452284774"  "0.00317704452284774" 
[28] "0.00731799630689823"  "0.00731799630689823"  "0.0113804022643506"  
[31] "0.0113804022643506"   "0.0140275480339632"   "0.0140275480339632"  
[34] "0.0123021218193812"   "0.0123021218193812"   "0.0063635343390349"  
[37] "0.0063635343390349"   "0.001329829295353"    "0.001329829295353"   
[40] "9.82393910097402e-05" "9.82393910097402e-05" "beta :"              
[43] "1"                   
 [1] "sigma:"              "0.95755776004686"    "0.95755776004686"   
 [4] "0.948991868744849"   "0.948991868744849"   "0.952929641058617"  
 [7] "0.952929641058617"   "0.95819001839662"    "0.95819001839662"   
[10] "0.964186068418257"   "0.964186068418257"   "0.970429786655379"  
[13] "0.970429786655379"   "0.977299543858309"   "0.977299543858309"  
[16] "0.979550391537516"   "0.979550391537516"   "0.962215819745831"  
[19] "0.962215819745831"   "0.974226084548629"   "0.974226084548629"  
[22] "0.862988085519123"   "0.862988085519123"   "0"                  
[25] "0"                   "0.151677044522848"   "0.151677044522848"  
[28] "0.00731799630689823" "0.00731799630689823" "0.0113804022643506" 
[31] "0.0113804022643506"  "0.0140275480339632"  "0.0140275480339632" 
[34] "0.0123021218193812"  "0.0123021218193812"  "0.0063635343390349" 
[37] "0.0063635343390349"  "0.001329829295353"   "0.001329829295353"  
[40] "0.19809823939101"    "0.19809823939101"    "beta :"             
[43] "1"                  
[1] " old Likelihood:  -9779470.7022073"
[1] "New Likelihood:  -9778104.29713162"
iter:  0  f-value:  34904.31  pgrad:  0.4999645 
iter:  10  f-value:  34903.68  pgrad:  0.9933818 
iter:  20  f-value:  34903.19  pgrad:  0.9923489 
iter:  30  f-value:  34903.06  pgrad:  0.991281 
iter:  40  f-value:  34902.99  pgrad:  0.9847134 
iter:  50  f-value:  34902.92  pgrad:  0.9829502 
  Unsuccessful convergence.
Time difference of 25.74619 mins
[1] "maxIt: 20"
[1] "It: 3"
 [1] "sigma:"             "0.970516966851426"  "0.970516966851426" 
 [4] "0.955280734924777"  "0.955280734924777"  "0.962078005320739" 
 [7] "0.962078005320739"  "0.971043511060875"  "0.971043511060875" 
[10] "0.980774168358264"  "0.980774168358264"  "0.99"              
[13] "0.99"               "0.99"               "0.99"              
[16] "0.99"               "0.99"               "0.983096752208469" 
[19] "0.983096752208469"  "0.962936967117835"  "0.962936967117835" 
[22] "0.845889783690472"  "0.845889783690472"  "0"                 
[25] "0"                  "0.152887317525578"  "0.152887317525578" 
[28] "0.0101636936927717" "0.0101636936927717" "0.0168867947663355"
[31] "0.0168867947663355" "0.0220078317142814" "0.0220078317142814"
[34] "0.0204273930312221" "0.0204273930312221" "0.0110842073415233"
[37] "0.0110842073415233" "0.00236632305031"   "0.00236632305031"  
[40] "0.197914918726267"  "0.197914918726267"  "beta :"            
[43] "1"                 
 [1] "sigma:"             "0.970516966851426"  "0.970516966851426" 
 [4] "0.955280734924777"  "0.955280734924777"  "0.962078005320739" 
 [7] "0.962078005320739"  "0.971043511060875"  "0.971043511060875" 
[10] "0.980774168358264"  "0.980774168358264"  "0.99"              
[13] "0.99"               "0.99"               "0.99"              
[16] "0.99"               "0.99"               "0.983096752208469" 
[19] "0.983096752208469"  "0.962936967117835"  "0.962936967117835" 
[22] "0.796389783690472"  "0.796389783690472"  "0"                 
[25] "0"                  "0.202387317525578"  "0.202387317525578" 
[28] "0.0101636936927717" "0.0101636936927717" "0.0168867947663355"
[31] "0.0168867947663355" "0.0220078317142814" "0.0220078317142814"
[34] "0.0204273930312221" "0.0204273930312221" "0.0110842073415233"
[37] "0.0110842073415233" "0.00236632305031"   "0.00236632305031"  
[40] "0.346414918726267"  "0.346414918726267"  "beta :"            
[43] "1"                 
[1] " old Likelihood:  -9778104.29713162"
[1] "New Likelihood:  -9777720.65680794"
iter:  0  f-value:  35022.82  pgrad:  0.4989688 
iter:  10  f-value:  35022.58  pgrad:  0.9791841 
iter:  20  f-value:  35022.48  pgrad:  0.9781876 
iter:  30  f-value:  35022.47  pgrad:  0.977779 
iter:  40  f-value:  35022.43  pgrad:  0.9760103 
iter:  50  f-value:  35022.42  pgrad:  0.9753394 
  Unsuccessful convergence.
Time difference of 23.94526 mins
[1] "maxIt: 20"
[1] "It: 4"
 [1] "sigma:"              "0.978915737264531"   "0.978915737264531"  
 [4] "0.959295646453505"   "0.959295646453505"   "0.967981196803045"  
 [7] "0.967981196803045"   "0.979475094800963"   "0.979475094800963"  
[10] "0.99"                "0.99"                "0.99"               
[13] "0.99"                "0.99"                "0.99"               
[16] "0.99"                "0.99"                "0.99"               
[19] "0.99"                "0.965129078943804"   "0.965129078943804"  
[22] "0.79210809036653"    "0.79210809036653"    "0"                  
[25] "0"                   "0.203736737879822"   "0.203736737879822"  
[28] "0.0114547853267712"  "0.0114547853267712"  "0.0192797813564953" 
[31] "0.0192797813564953"  "0.0256072577492915"  "0.0256072577492915" 
[34] "0.0244379879166127"  "0.0244379879166127"  "0.0136110764580138" 
[37] "0.0136110764580138"  "0.00292791643103302" "0.00292791643103302"
[40] "0.346359850768724"   "0.346359850768724"   "beta :"             
[43] "1"                  
 [1] "sigma:"              "0.978915737264531"   "0.978915737264531"  
 [4] "0.959295646453505"   "0.959295646453505"   "0.967981196803045"  
 [7] "0.967981196803045"   "0.979475094800963"   "0.979475094800963"  
[10] "0.99"                "0.99"                "0.99"               
[13] "0.99"                "0.99"                "0.99"               
[16] "0.99"                "0.99"                "0.99"               
[19] "0.99"                "0.965129078943804"   "0.965129078943804"  
[22] "0.79210809036653"    "0.79210809036653"    "0"                  
[25] "0"                   "0.253236737879822"   "0.253236737879822"  
[28] "0.0114547853267712"  "0.0114547853267712"  "0.0192797813564953" 
[31] "0.0192797813564953"  "0.0256072577492915"  "0.0256072577492915" 
[34] "0.0244379879166127"  "0.0244379879166127"  "0.0136110764580138" 
[37] "0.0136110764580138"  "0.00292791643103302" "0.00292791643103302"
[40] "0.494859850768724"   "0.494859850768724"   "beta :"             
[43] "1"                  
[1] " old Likelihood:  -9777720.65680794"
[1] "New Likelihood:  -9777608.63420909"
iter:  0  f-value:  34947.99  pgrad:  0.4986417 
iter:  10  f-value:  34947.88  pgrad:  0.9752207 
iter:  20  f-value:  34947.86  pgrad:  0.8626375 
iter:  30  f-value:  34947.85  pgrad:  0.8915231 
iter:  40  f-value:  34947.83  pgrad:  0.9726369 
iter:  50  f-value:  34947.82  pgrad:  0.7966153 
  Unsuccessful convergence.
Time difference of 23.35636 mins
[1] "maxIt: 20"
[1] "It: 5"
 [1] "sigma:"              "0.986070028626256"   "0.986070028626256"  
 [4] "0.962667949729641"   "0.962667949729641"   "0.972943503565652"  
 [7] "0.972943503565652"   "0.986574452426253"   "0.986574452426253"  
[10] "0.99"                "0.99"                "0.99"               
[13] "0.99"                "0.99"                "0.99"               
[16] "0.99"                "0.99"                "0.99"               
[19] "0.99"                "0.970055839017113"   "0.970055839017113"  
[22] "0.788636988660832"   "0.788636988660832"   "0"                  
[25] "0"                   "0.253339662090016"   "0.253339662090016"  
[28] "0.0131538320921028"  "0.0131538320921028"  "0.0210123306514063" 
[31] "0.0210123306514063"  "0.0280130701996847"  "0.0280130701996847" 
[34] "0.0273441049760991"  "0.0273441049760991"  "0.0156701484695645" 
[37] "0.0156701484695645"  "0.00343156082143858" "0.00343156082143858"
[40] "0.494808404295601"   "0.494808404295601"   "beta :"             
[43] "1"                  
 [1] "sigma:"              "0.986070028626256"   "0.986070028626256"  
 [4] "0.962667949729641"   "0.962667949729641"   "0.972943503565652"  
 [7] "0.972943503565652"   "0.986574452426253"   "0.986574452426253"  
[10] "0.99"                "0.99"                "0.99"               
[13] "0.99"                "0.99"                "0.99"               
[16] "0.99"                "0.99"                "0.99"               
[19] "0.99"                "0.970055839017113"   "0.970055839017113"  
[22] "0.788636988660832"   "0.788636988660832"   "0"                  
[25] "0"                   "0.253339662090016"   "0.253339662090016"  
[28] "0.0626538320921028"  "0.0626538320921028"  "0.0210123306514063" 
[31] "0.0210123306514063"  "0.0280130701996847"  "0.0280130701996847" 
[34] "0.0273441049760991"  "0.0273441049760991"  "0.0156701484695645" 
[37] "0.0156701484695645"  "0.00343156082143858" "0.00343156082143858"
[40] "0.593808404295601"   "0.593808404295601"   "beta :"             
[43] "1"                  
[1] " old Likelihood:  -9777608.63420909"
[1] "New Likelihood:  -9777558.193812"
iter:  0  f-value:  34842.93  pgrad:  0.498361 
iter:  10  f-value:  34842.86  pgrad:  0.7625931 
iter:  20  f-value:  34842.85  pgrad:  0.756263 
iter:  30  f-value:  34842.85  pgrad:  0.7953154 
iter:  40  f-value:  34842.84  pgrad:  0.7948154 
iter:  50  f-value:  34842.84  pgrad:  0.7943756 
  Unsuccessful convergence.
Time difference of 23.31188 mins
[1] "maxIt: 20"
[1] "It: 6"
 [1] "sigma:"              "0.99"                "0.99"               
 [4] "0.964715975809319"   "0.964715975809319"   "0.975955614437488"  
 [7] "0.975955614437488"   "0.99"                "0.99"               
[10] "0.99"                "0.99"                "0.99"               
[13] "0.99"                "0.99"                "0.99"               
[16] "0.99"                "0.99"                "0.99"               
[19] "0.99"                "0.973972503180357"   "0.973972503180357"  
[22] "0.786026349623031"   "0.786026349623031"   "0"                  
[25] "0"                   "0.252863474772407"   "0.252863474772407"  
[28] "0.0633700756786527"  "0.0633700756786527"  "0.0222705131895156" 
[31] "0.0222705131895156"  "0.0296212125483887"  "0.0296212125483887" 
[34] "0.0292769831863681"  "0.0292769831863681"  "0.0171185378554161" 
[37] "0.0171185378554161"  "0.00379239932123694" "0.00379239932123694"
[40] "0.593781764729783"   "0.593781764729783"   "beta :"             
[43] "1"                  
 [1] "sigma:"              "0.99"                "0.99"               
 [4] "0.964715975809319"   "0.964715975809319"   "0.975955614437488"  
 [7] "0.975955614437488"   "0.99"                "0.99"               
[10] "0.99"                "0.99"                "0.99"               
[13] "0.99"                "0.99"                "0.99"               
[16] "0.99"                "0.99"                "0.99"               
[19] "0.99"                "0.973972503180357"   "0.973972503180357"  
[22] "0.786026349623031"   "0.786026349623031"   "0"                  
[25] "0"                   "0.252863474772407"   "0.252863474772407"  
[28] "0.0633700756786527"  "0.0633700756786527"  "0.0222705131895156" 
[31] "0.0222705131895156"  "0.0296212125483887"  "0.0296212125483887" 
[34] "0.0292769831863681"  "0.0292769831863681"  "0.0171185378554161" 
[37] "0.0171185378554161"  "0.00379239932123694" "0.00379239932123694"
[40] "0.643281764729783"   "0.643281764729783"   "beta :"             
[43] "1"                  
[1] " old Likelihood:  -9777558.193812"
[1] "New Likelihood:  -9777528.66354208"
iter:  0  f-value:  34881.92  pgrad:  0.5059737 
iter:  10  f-value:  34881.88  pgrad:  0.5014117 
iter:  20  f-value:  34881.87  pgrad:  0.674554 
iter:  30  f-value:  34881.87  pgrad:  0.6958726 
iter:  40  f-value:  34881.87  pgrad:  0.721484 
iter:  50  f-value:  34881.87  pgrad:  0.7110793 
  Unsuccessful convergence.
Time difference of 22.72628 mins
[1] "maxIt: 20"
[1] "It: 7"
 [1] "sigma:"              "0.99"                "0.99"               
 [4] "0.966678310521254"   "0.966678310521254"   "0.978835795017041"  
 [7] "0.978835795017041"   "0.99"                "0.99"               
[10] "0.99"                "0.99"                "0.99"               
[13] "0.99"                "0.99"                "0.99"               
[16] "0.99"                "0.99"                "0.99"               
[19] "0.99"                "0.977949605187799"   "0.977949605187799"  
[22] "0.783329545900567"   "0.783329545900567"   "0"                  
[25] "0"                   "0.252492919469138"   "0.252492919469138"  
[28] "0.0642477943065938"  "0.0642477943065938"  "0.0234564324053193" 
[31] "0.0234564324053193"  "0.0305026865384845"  "0.0305026865384845" 
[34] "0.0306589065968159"  "0.0306589065968159"  "0.0183517444954395" 
[37] "0.0183517444954395"  "0.00410908089214201" "0.00410908089214201"
[40] "0.643242671526798"   "0.643242671526798"   "beta :"             
[43] "1"                  
 [1] "sigma:"              "0.99"                "0.99"               
 [4] "0.966678310521254"   "0.966678310521254"   "0.978835795017041"  
 [7] "0.978835795017041"   "0.99"                "0.99"               
[10] "0.99"                "0.99"                "0.99"               
[13] "0.99"                "0.99"                "0.99"               
[16] "0.99"                "0.99"                "0.99"               
[19] "0.99"                "0.977949605187799"   "0.977949605187799"  
[22] "0.733829545900567"   "0.733829545900567"   "0"                  
[25] "0"                   "0.252492919469138"   "0.252492919469138"  
[28] "0.0642477943065938"  "0.0642477943065938"  "0.0234564324053193" 
[31] "0.0234564324053193"  "0.0305026865384845"  "0.0305026865384845" 
[34] "0.0306589065968159"  "0.0306589065968159"  "0.0183517444954395" 
[37] "0.0183517444954395"  "0.00410908089214201" "0.00410908089214201"
[40] "0.692742671526798"   "0.692742671526798"   "beta :"             
[43] "1"                  
[1] " old Likelihood:  -9777528.66354208"
[1] "New Likelihood:  -9777511.05301968"
iter:  0  f-value:  35013.13  pgrad:  0.5560462 
iter:  10  f-value:  35013.1  pgrad:  0.5553777 
iter:  20  f-value:  35013.1  pgrad:  0.5544501 
iter:  30  f-value:  35013.09  pgrad:  0.5422771 
iter:  40  f-value:  35013.09  pgrad:  0.4978861 
iter:  50  f-value:  35013.09  pgrad:  0.4969337 
  Unsuccessful convergence.
Time difference of 23.29841 mins
[1] "maxIt: 20"
[1] "It: 8"
 [1] "sigma:"             "0.99"               "0.99"              
 [4] "0.969059933698511"  "0.969059933698511"  "0.982334210879027" 
 [7] "0.982334210879027"  "0.99"               "0.99"              
[10] "0.99"               "0.99"               "0.99"              
[13] "0.99"               "0.99"               "0.99"              
[16] "0.99"               "0.99"               "0.99"              
[19] "0.99"               "0.983001627019632"  "0.983001627019632" 
[22] "0.733072591282725"  "0.733072591282725"  "0"                 
[25] "0"                  "0.251916500415242"  "0.251916500415242" 
[28] "0.0651030471295058" "0.0651030471295058" "0.0248575853723406"
[31] "0.0248575853723406" "0.0314128073548577" "0.0314128073548577"
[34] "0.0321138816575705" "0.0321138816575705" "0.0197619028186068"
[37] "0.0197619028186068" "0.0044746560215364" "0.0044746560215364"
[40] "0.692692373185953"  "0.692692373185953"  "beta :"            
[43] "1"                 
 [1] "sigma:"              "0.99"                "0.99"               
 [4] "0.969059933698511"   "0.969059933698511"   "0.982334210879027"  
 [7] "0.982334210879027"   "0.99"                "0.99"               
[10] "0.99"                "0.99"                "0.99"               
[13] "0.99"                "0.99"                "0.99"               
[16] "0.99"                "0.99"                "0.99"               
[19] "0.99"                "0.983001627019632"   "0.983001627019632"  
[22] "0.733072591282725"   "0.733072591282725"   "0"                  
[25] "0"                   "0.251916500415242"   "0.251916500415242"  
[28] "0.0651030471295058"  "0.0651030471295058"  "0.0743575853723406" 
[31] "0.0743575853723406"  "0.0314128073548577"  "0.0314128073548577" 
[34] "0.0321138816575705"  "0.0321138816575705"  "0.0197619028186068" 
[37] "0.0197619028186068"  "0.00447465602153639" "0.00447465602153639"
[40] "0.742192373185953"   "0.742192373185953"   "beta :"             
[43] "1"                  
[1] " old Likelihood:  -9777511.05301968"
[1] "New Likelihood:  -9777495.64343549"
iter:  0  f-value:  34838.8  pgrad:  0.5530448 
iter:  10  f-value:  34838.77  pgrad:  0.5097536 
iter:  20  f-value:  34838.76  pgrad:  0.5040056 
iter:  30  f-value:  34838.76  pgrad:  0.5062962 
iter:  40  f-value:  34838.76  pgrad:  0.4952177 
iter:  50  f-value:  34838.76  pgrad:  0.4943325 
  Unsuccessful convergence.
Time difference of 23.17141 mins
[1] "maxIt: 20"
[1] "It: 9"
 [1] "sigma:"              "0.99"                "0.99"               
 [4] "0.970851931575047"   "0.970851931575047"   "0.984959254643795"  
 [7] "0.984959254643795"   "0.99"                "0.99"               
[10] "0.99"                "0.99"                "0.99"               
[13] "0.99"                "0.99"                "0.99"               
[16] "0.99"                "0.99"                "0.99"               
[19] "0.99"                "0.986976089343807"   "0.986976089343807"  
[22] "0.732156329029276"   "0.732156329029276"   "0"                  
[25] "0"                   "0.251170211794036"   "0.251170211794036"  
[28] "0.0656017069719137"  "0.0656017069719137"  "0.0755727591228721" 
[31] "0.0755727591228721"  "0.0326995585431724"  "0.0326995585431724" 
[34] "0.0335797432993277"  "0.0335797432993277"  "0.0209895584756035" 
[37] "0.0209895584756035"  "0.00478285991042766" "0.00478285991042766"
[40] "0.742142765689172"   "0.742142765689172"   "beta :"             
[43] "1"                  
 [1] "sigma:"              "0.99"                "0.99"               
 [4] "0.970851931575047"   "0.970851931575047"   "0.984959254643795"  
 [7] "0.984959254643795"   "0.99"                "0.99"               
[10] "0.99"                "0.99"                "0.99"               
[13] "0.99"                "0.99"                "0.99"               
[16] "0.99"                "0.99"                "0.99"               
[19] "0.99"                "0.986976089343807"   "0.986976089343807"  
[22] "0.732156329029276"   "0.732156329029276"   "0"                  
[25] "0"                   "0.251170211794036"   "0.251170211794036"  
[28] "0.0656017069719137"  "0.0656017069719137"  "0.0755727591228721" 
[31] "0.0755727591228721"  "0.0326995585431724"  "0.0326995585431724" 
[34] "0.0335797432993277"  "0.0335797432993277"  "0.0209895584756035" 
[37] "0.0209895584756035"  "0.00478285991042765" "0.00478285991042765"
[40] "0.791642765689172"   "0.791642765689172"   "beta :"             
[43] "1"                  
[1] " old Likelihood:  -9777495.64343549"
[1] "New Likelihood:  -9777481.65169637"
iter:  0  f-value:  34856.41  pgrad:  0.550816 
iter:  10  f-value:  34856.39  pgrad:  0.5504569 
iter:  20  f-value:  34856.39  pgrad:  0.5499526 
iter:  30  f-value:  34856.39  pgrad:  0.496002 
iter:  40  f-value:  34856.39  pgrad:  0.4930709 
iter:  50  f-value:  34856.39  pgrad:  0.4925909 
  Unsuccessful convergence.
Time difference of 23.29042 mins
[1] "maxIt: 20"
[1] "It: 10"
 [1] "sigma:"              "0.99"                "0.99"               
 [4] "0.971995547302444"   "0.971995547302444"   "0.986636179921858"  
 [7] "0.986636179921858"   "0.99"                "0.99"               
[10] "0.99"                "0.99"                "0.99"               
[13] "0.99"                "0.99"                "0.99"               
[16] "0.99"                "0.99"                "0.99"               
[19] "0.99"                "0.99"                "0.99"               
[22] "0.731535352004393"   "0.731535352004393"   "0"                  
[25] "0"                   "0.250817306217893"   "0.250817306217893"  
[28] "0.0659143918630538"  "0.0659143918630538"  "0.0762576544583364" 
[31] "0.0762576544583364"  "0.0331084704245449"  "0.0331084704245449" 
[34] "0.0342167053419559"  "0.0342167053419559"  "0.0216897443141339" 
[37] "0.0216897443141339"  "0.00496808118212089" "0.00496808118212089"
[40] "0.791611865594854"   "0.791611865594854"   "beta :"             
[43] "1"                  
 [1] "sigma:"              "0.99"                "0.99"               
 [4] "0.971995547302444"   "0.971995547302444"   "0.986636179921858"  
 [7] "0.986636179921858"   "0.99"                "0.99"               
[10] "0.99"                "0.99"                "0.99"               
[13] "0.99"                "0.99"                "0.99"               
[16] "0.99"                "0.99"                "0.99"               
[19] "0.99"                "0.99"                "0.99"               
[22] "0.731535352004393"   "0.731535352004393"   "0"                  
[25] "0"                   "0.250817306217893"   "0.250817306217893"  
[28] "0.0659143918630538"  "0.0659143918630538"  "0.0762576544583365" 
[31] "0.0762576544583365"  "0.0331084704245449"  "0.0331084704245449" 
[34] "0.0342167053419559"  "0.0342167053419559"  "0.0216897443141339" 
[37] "0.0216897443141339"  "0.00496808118212089" "0.00496808118212089"
[40] "0.841111865594854"   "0.841111865594854"   "beta :"             
[43] "1"                  
[1] " old Likelihood:  -9777481.65169637"
[1] "New Likelihood:  -9777473.40933228"
iter:  0  f-value:  34862.85  pgrad:  0.5490199 
iter:  10  f-value:  34862.84  pgrad:  0.4921921 
iter:  20  f-value:  34862.83  pgrad:  0.4912709 
iter:  30  f-value:  34862.83  pgrad:  0.4910254 
iter:  40  f-value:  34862.83  pgrad:  0.4908194 
iter:  50  f-value:  34862.83  pgrad:  0.4900755 
  Unsuccessful convergence.
Time difference of 23.24671 mins
[1] "maxIt: 20"
[1] "It: 11"
 [1] "sigma:"              "0.99"                "0.99"               
 [4] "0.973505285255118"   "0.973505285255118"   "0.988864138248017"  
 [7] "0.988864138248017"   "0.99"                "0.99"               
[10] "0.99"                "0.99"                "0.99"               
[13] "0.99"                "0.99"                "0.99"               
[16] "0.99"                "0.99"                "0.99"               
[19] "0.99"                "0.99"                "0.99"               
[22] "0.731396656790499"   "0.731396656790499"   "0"                  
[25] "0"                   "0.250632626772884"   "0.250632626772884"  
[28] "0.0663769093710039"  "0.0663769093710039"  "0.0770425095668867" 
[31] "0.0770425095668867"  "0.0332958980782732"  "0.0332958980782732" 
[34] "0.0347252220761704"  "0.0347252220761704"  "0.0224718914416269" 
[37] "0.0224718914416269"  "0.00519334980580883" "0.00519334980580883"
[40] "0.841071326241669"   "0.841071326241669"   "beta :"             
[43] "1"                  
 [1] "sigma:"              "0.99"                "0.99"               
 [4] "0.973505285255118"   "0.973505285255118"   "0.988864138248017"  
 [7] "0.988864138248017"   "0.99"                "0.99"               
[10] "0.99"                "0.99"                "0.99"               
[13] "0.99"                "0.99"                "0.99"               
[16] "0.99"                "0.99"                "0.99"               
[19] "0.99"                "0.99"                "0.99"               
[22] "0.731396656790499"   "0.731396656790499"   "0"                  
[25] "0"                   "0.250632626772884"   "0.250632626772884"  
[28] "0.0663769093710039"  "0.0663769093710039"  "0.0770425095668867" 
[31] "0.0770425095668867"  "0.0332958980782732"  "0.0332958980782732" 
[34] "0.0347252220761704"  "0.0347252220761704"  "0.0224718914416269" 
[37] "0.0224718914416269"  "0.00519334980580883" "0.00519334980580883"
[40] "0.890571326241669"   "0.890571326241669"   "beta :"             
[43] "1"                  
[1] " old Likelihood:  -9777473.40933228"
[1] "New Likelihood:  -9777468.11101566"
iter:  0  f-value:  34866.92  pgrad:  0.5479945 
iter:  10  f-value:  34866.91  pgrad:  0.4897398 
iter:  20  f-value:  34866.91  pgrad:  0.4891817 
iter:  30  f-value:  34866.91  pgrad:  0.4887605 
iter:  40  f-value:  34866.91  pgrad:  0.4882964 
iter:  50  f-value:  34866.91  pgrad:  0.4882 
  Unsuccessful convergence.
Time difference of 23.33074 mins
[1] "maxIt: 20"
[1] "It: 12"
 [1] "sigma:"              "0.99"                "0.99"               
 [4] "0.974482504322755"   "0.974482504322755"   "0.99"               
 [7] "0.99"                "0.99"                "0.99"               
[10] "0.99"                "0.99"                "0.99"               
[13] "0.99"                "0.99"                "0.99"               
[16] "0.99"                "0.99"                "0.99"               
[19] "0.99"                "0.99"                "0.99"               
[22] "0.73116308395441"    "0.73116308395441"    "0"                  
[25] "0"                   "0.250477401053691"   "0.250477401053691"  
[28] "0.0667787596004333"  "0.0667787596004333"  "0.0777196747243677" 
[31] "0.0777196747243677"  "0.0332706851960011"  "0.0332706851960011" 
[34] "0.0349918460140397"  "0.0349918460140397"  "0.023021712641009"  
[37] "0.023021712641009"   "0.00541160805032207" "0.00541160805032207"
[40] "0.890488569484177"   "0.890488569484177"   "beta :"             
[43] "1"                  
 [1] "sigma:"              "0.99"                "0.99"               
 [4] "0.974482504322755"   "0.974482504322755"   "0.99"               
 [7] "0.99"                "0.99"                "0.99"               
[10] "0.99"                "0.99"                "0.99"               
[13] "0.99"                "0.99"                "0.99"               
[16] "0.99"                "0.99"                "0.99"               
[19] "0.99"                "0.99"                "0.99"               
[22] "0.73116308395441"    "0.73116308395441"    "0"                  
[25] "0"                   "0.250477401053691"   "0.250477401053691"  
[28] "0.0667787596004333"  "0.0667787596004333"  "0.0777196747243677" 
[31] "0.0777196747243677"  "0.0332706851960011"  "0.0332706851960011" 
[34] "0.0349918460140397"  "0.0349918460140397"  "0.023021712641009"  
[37] "0.023021712641009"   "0.00541160805032207" "0.00541160805032207"
[40] "0.939988569484177"   "0.939988569484177"   "beta :"             
[43] "1"                  
[1] " old Likelihood:  -9777468.11101566"
[1] "New Likelihood:  -9777464.07056403"
iter:  0  f-value:  34868.17  pgrad:  0.5065537 
iter:  10  f-value:  34868.16  pgrad:  0.4878762 
iter:  20  f-value:  34868.16  pgrad:  0.4870791 
iter:  30  f-value:  34868.16  pgrad:  0.4741014 
iter:  40  f-value:  34868.16  pgrad:  0.4708272 
iter:  50  f-value:  34868.16  pgrad:  0.4688627 
  Unsuccessful convergence.
Time difference of 23.26764 mins
[1] "maxIt: 20"
[1] "It: 13"
 [1] "sigma:"              "0.99"                "0.99"               
 [4] "0.975820933732183"   "0.975820933732183"   "0.99"               
 [7] "0.99"                "0.99"                "0.99"               
[10] "0.99"                "0.99"                "0.99"               
[13] "0.99"                "0.99"                "0.99"               
[16] "0.99"                "0.99"                "0.99"               
[19] "0.99"                "0.99"                "0.99"               
[22] "0.730828444355965"   "0.730828444355965"   "0"                  
[25] "0"                   "0.250265949906905"   "0.250265949906905"  
[28] "0.0672138811713586"  "0.0672138811713586"  "0.0784408704278057" 
[31] "0.0784408704278057"  "0.0331027278476936"  "0.0331027278476936" 
[34] "0.0351845810304798"  "0.0351845810304798"  "0.0236762786569922" 
[37] "0.0236762786569922"  "0.00568383661435758" "0.00568383661435758"
[40] "0.939900682826714"   "0.939900682826714"   "beta :"             
[43] "1"                  
 [1] "sigma:"              "0.99"                "0.99"               
 [4] "0.975820933732183"   "0.975820933732183"   "0.99"               
 [7] "0.99"                "0.99"                "0.99"               
[10] "0.99"                "0.99"                "0.99"               
[13] "0.99"                "0.99"                "0.99"               
[16] "0.99"                "0.99"                "0.99"               
[19] "0.99"                "0.99"                "0.99"               
[22] "0.730828444355965"   "0.730828444355965"   "0"                  
[25] "0"                   "0.250265949906905"   "0.250265949906905"  
[28] "0.0672138811713586"  "0.0672138811713586"  "0.0784408704278056" 
[31] "0.0784408704278056"  "0.0331027278476936"  "0.0331027278476936" 
[34] "0.0351845810304798"  "0.0351845810304798"  "0.0236762786569922" 
[37] "0.0236762786569922"  "0.00568383661435758" "0.00568383661435758"
[40] "0.939900682826714"   "0.939900682826714"   "beta :"             
[43] "1"                  
[1] " old Likelihood:  -9777464.07056403"
[1] "New Likelihood:  -9777460.73859217"
iter:  0  f-value:  34877.29  pgrad:  0.5064567 
iter:  10  f-value:  34877.29  pgrad:  0.484215 
iter:  20  f-value:  34877.29  pgrad:  0.4815229 
iter:  30  f-value:  34877.28  pgrad:  0.4746835 
iter:  40  f-value:  34877.28  pgrad:  0.4700996 
iter:  50  f-value:  34877.28  pgrad:  0.4583853 
  Unsuccessful convergence.
Time difference of 23.24193 mins
[1] "maxIt: 20"
[1] "It: 14"
 [1] "sigma:"              "0.99"                "0.99"               
 [4] "0.976956113839373"   "0.976956113839373"   "0.99"               
 [7] "0.99"                "0.99"                "0.99"               
[10] "0.99"                "0.99"                "0.99"               
[13] "0.99"                "0.99"                "0.99"               
[16] "0.99"                "0.99"                "0.99"               
[19] "0.99"                "0.99"                "0.99"               
[22] "0.730542987572184"   "0.730542987572184"   "0"                  
[25] "0"                   "0.250078380923675"   "0.250078380923675"  
[28] "0.067511992631556"   "0.067511992631556"   "0.0790174873779456" 
[31] "0.0790174873779456"  "0.0329020831153673"  "0.0329020831153673" 
[34] "0.0351344492695277"  "0.0351344492695277"  "0.0240552108628298" 
[37] "0.0240552108628298"  "0.00581984431524389" "0.00581984431524389"
[40] "0.93986153347107"    "0.93986153347107"    "beta :"             
[43] "1"                  
 [1] "sigma:"              "0.99"                "0.99"               
 [4] "0.976956113839373"   "0.976956113839373"   "0.99"               
 [7] "0.99"                "0.99"                "0.99"               
[10] "0.99"                "0.99"                "0.99"               
[13] "0.99"                "0.99"                "0.99"               
[16] "0.99"                "0.99"                "0.99"               
[19] "0.99"                "0.99"                "0.99"               
[22] "0.730542987572184"   "0.730542987572184"   "0"                  
[25] "0"                   "0.250078380923675"   "0.250078380923675"  
[28] "0.067511992631556"   "0.067511992631556"   "0.0790174873779456" 
[31] "0.0790174873779456"  "0.0329020831153673"  "0.0329020831153673" 
[34] "0.0351344492695277"  "0.0351344492695277"  "0.0240552108628298" 
[37] "0.0240552108628298"  "0.00581984431524389" "0.00581984431524389"
[40] "0.98936153347107"    "0.98936153347107"    "beta :"             
[43] "1"                  
[1] " old Likelihood:  -9777460.73859217"
[1] "New Likelihood:  -9777458.08528979"
iter:  0  f-value:  34875.11  pgrad:  0.5082468 
iter:  10  f-value:  34875.1  pgrad:  0.471191 
iter:  20  f-value:  34875.1  pgrad:  0.4684989 
iter:  30  f-value:  34875.1  pgrad:  0.4640606 
iter:  40  f-value:  34875.1  pgrad:  0.4621688 
iter:  50  f-value:  34875.1  pgrad:  0.493784 
  Unsuccessful convergence.
Time difference of 22.64091 mins
[1] "maxIt: 20"
[1] "It: 15"
 [1] "sigma:"              "0.99"                "0.99"               
 [4] "0.977807740322312"   "0.977807740322312"   "0.99"               
 [7] "0.99"                "0.99"                "0.99"               
[10] "0.99"                "0.99"                "0.99"               
[13] "0.99"                "0.99"                "0.99"               
[16] "0.99"                "0.99"                "0.99"               
[19] "0.99"                "0.99"                "0.99"               
[22] "0.730295775285852"   "0.730295775285852"   "0"                  
[25] "0"                   "0.249907937288824"   "0.249907937288824"  
[28] "0.0677301907400538"  "0.0677301907400538"  "0.0795512551295772" 
[31] "0.0795512551295772"  "0.032752854866583"   "0.032752854866583"  
[34] "0.0350573504052839"  "0.0350573504052839"  "0.0243278898625238" 
[37] "0.0243278898625238"  "0.00593204026395774" "0.00593204026395774"
[40] "0.989335415922257"   "0.989335415922257"   "beta :"             
[43] "1"                  
 [1] "sigma:"              "0.99"                "0.99"               
 [4] "0.977807740322312"   "0.977807740322312"   "0.99"               
 [7] "0.99"                "0.99"                "0.99"               
[10] "0.99"                "0.99"                "0.99"               
[13] "0.99"                "0.99"                "0.99"               
[16] "0.99"                "0.99"                "0.99"               
[19] "0.99"                "0.99"                "0.99"               
[22] "0.730295775285852"   "0.730295775285852"   "0"                  
[25] "0"                   "0.249907937288824"   "0.249907937288824"  
[28] "0.0677301907400538"  "0.0677301907400538"  "0.0795512551295772" 
[31] "0.0795512551295772"  "0.032752854866583"   "0.032752854866583"  
[34] "0.035057350405284"   "0.035057350405284"   "0.0243278898625238" 
[37] "0.0243278898625238"  "0.00593204026395774" "0.00593204026395774"
[40] "0.989335415922257"   "0.989335415922257"   "beta :"             
[43] "1"                  
[1] " old Likelihood:  -9777458.08528979"
[1] "New Likelihood:  -9777455.73886026"
iter:  0  f-value:  34882.39  pgrad:  0.5082274 
iter:  10  f-value:  34882.38  pgrad:  0.4630419 
iter:  20  f-value:  34882.38  pgrad:  0.507989 
iter:  30  f-value:  34882.38  pgrad:  0.4559843 
iter:  40  f-value:  34882.38  pgrad:  0.4533649 
iter:  50  f-value:  34882.38  pgrad:  0.4375033 
  Unsuccessful convergence.
Time difference of 22.63229 mins
[1] "maxIt: 20"
[1] "It: 16"
 [1] "sigma:"              "0.99"                "0.99"               
 [4] "0.97891781201394"    "0.97891781201394"    "0.99"               
 [7] "0.99"                "0.99"                "0.99"               
[10] "0.99"                "0.99"                "0.99"               
[13] "0.99"                "0.99"                "0.99"               
[16] "0.99"                "0.99"                "0.99"               
[19] "0.99"                "0.99"                "0.99"               
[22] "0.730021101660544"   "0.730021101660544"   "0"                  
[25] "0"                   "0.249749787638986"   "0.249749787638986"  
[28] "0.067928491359791"   "0.067928491359791"   "0.0799078609620602" 
[31] "0.0799078609620602"  "0.0324947068895846"  "0.0324947068895846" 
[34] "0.0348673285409368"  "0.0348673285409368"  "0.0245955033901308" 
[37] "0.0245955033901308"  "0.00604035441270627" "0.00604035441270627"
[40] "0.989300795961295"   "0.989300795961295"   "beta :"             
[43] "1"                  
 [1] "sigma:"              "0.99"                "0.99"               
 [4] "0.97891781201394"    "0.97891781201394"    "0.99"               
 [7] "0.99"                "0.99"                "0.99"               
[10] "0.99"                "0.99"                "0.99"               
[13] "0.99"                "0.99"                "0.99"               
[16] "0.99"                "0.99"                "0.99"               
[19] "0.99"                "0.99"                "0.99"               
[22] "0.730021101660544"   "0.730021101660544"   "0"                  
[25] "0"                   "0.249749787638986"   "0.249749787638986"  
[28] "0.067928491359791"   "0.067928491359791"   "0.0799078609620602" 
[31] "0.0799078609620602"  "0.0324947068895846"  "0.0324947068895846" 
[34] "0.0348673285409368"  "0.0348673285409368"  "0.0245955033901308" 
[37] "0.0245955033901308"  "0.00604035441270627" "0.00604035441270627"
[40] "0.989300795961295"   "0.989300795961295"   "beta :"             
[43] "1"                  
[1] " old Likelihood:  -9777455.73886026"
[1] "New Likelihood:  -9777453.86533449"
iter:  0  f-value:  34889.06  pgrad:  0.5081892 
iter:  10  f-value:  34889.06  pgrad:  0.4515459 
iter:  20  f-value:  34889.06  pgrad:  0.4471804 
iter:  30  f-value:  34889.05  pgrad:  0.4918727 
iter:  40  f-value:  34889.05  pgrad:  0.4225876 
iter:  50  f-value:  34889.05  pgrad:  0.4187314 
  Unsuccessful convergence.
Time difference of 22.50328 mins
[1] "maxIt: 20"
[1] "It: 17"
 [1] "sigma:"              "0.99"                "0.99"               
 [4] "0.980345818408712"   "0.980345818408712"   "0.99"               
 [7] "0.99"                "0.99"                "0.99"               
[10] "0.99"                "0.99"                "0.99"               
[13] "0.99"                "0.99"                "0.99"               
[16] "0.99"                "0.99"                "0.99"               
[19] "0.99"                "0.99"                "0.99"               
[22] "0.729681581943913"   "0.729681581943913"   "0"                  
[25] "0"                   "0.249555484216596"   "0.249555484216596"  
[28] "0.0681444541935727"  "0.0681444541935727"  "0.0802784521591008" 
[31] "0.0802784521591008"  "0.0321027671815588"  "0.0321027671815588" 
[34] "0.0345173583390215"  "0.0345173583390215"  "0.024846317385768"  
[37] "0.024846317385768"   "0.00614326703058454" "0.00614326703058454"
[40] "0.989244458655753"   "0.989244458655753"   "beta :"             
[43] "1"                  
 [1] "sigma:"              "0.99"                "0.99"               
 [4] "0.980345818408712"   "0.980345818408712"   "0.99"               
 [7] "0.99"                "0.99"                "0.99"               
[10] "0.99"                "0.99"                "0.99"               
[13] "0.99"                "0.99"                "0.99"               
[16] "0.99"                "0.99"                "0.99"               
[19] "0.99"                "0.99"                "0.99"               
[22] "0.729681581943913"   "0.729681581943913"   "0"                  
[25] "0"                   "0.249555484216596"   "0.249555484216596"  
[28] "0.0681444541935727"  "0.0681444541935727"  "0.0802784521591008" 
[31] "0.0802784521591008"  "0.0321027671815588"  "0.0321027671815588" 
[34] "0.0345173583390215"  "0.0345173583390215"  "0.024846317385768"  
[37] "0.024846317385768"   "0.00614326703058454" "0.00614326703058454"
[40] "0.989244458655753"   "0.989244458655753"   "beta :"             
[43] "1"                  
[1] " old Likelihood:  -9777453.86533449"
[1] "New Likelihood:  -9777452.36052012"
iter:  0  f-value:  34895.32  pgrad:  0.5081351 
iter:  10  f-value:  34895.32  pgrad:  0.4379399 
iter:  20  f-value:  34895.32  pgrad:  0.4338654 
iter:  30  f-value:  34895.32  pgrad:  0.4306639 
iter:  40  f-value:  34895.32  pgrad:  0.425498 
iter:  50  f-value:  34895.32  pgrad:  0.4198955 
  Unsuccessful convergence.
Time difference of 22.55141 mins
[1] "maxIt: 20"
[1] "It: 18"
 [1] "sigma:"              "0.99"                "0.99"               
 [4] "0.981134801685184"   "0.981134801685184"   "0.99"               
 [7] "0.99"                "0.99"                "0.99"               
[10] "0.99"                "0.99"                "0.99"               
[13] "0.99"                "0.99"                "0.99"               
[16] "0.99"                "0.99"                "0.99"               
[19] "0.99"                "0.99"                "0.99"               
[22] "0.729480258651944"   "0.729480258651944"   "0"                  
[25] "0"                   "0.249426209959827"   "0.249426209959827"  
[28] "0.0682567038473265"  "0.0682567038473265"  "0.0805571101511148" 
[31] "0.0805571101511148"  "0.0318900677249094"  "0.0318900677249094" 
[34] "0.0342648531787838"  "0.0342648531787838"  "0.024937008178423"  
[37] "0.024937008178423"   "0.00618345939751223" "0.00618345939751223"
[40] "0.989202952174671"   "0.989202952174671"   "beta :"             
[43] "1"                  
 [1] "sigma:"              "0.99"                "0.99"               
 [4] "0.981134801685184"   "0.981134801685184"   "0.99"               
 [7] "0.99"                "0.99"                "0.99"               
[10] "0.99"                "0.99"                "0.99"               
[13] "0.99"                "0.99"                "0.99"               
[16] "0.99"                "0.99"                "0.99"               
[19] "0.99"                "0.99"                "0.99"               
[22] "0.729480258651944"   "0.729480258651944"   "0"                  
[25] "0"                   "0.249426209959827"   "0.249426209959827"  
[28] "0.0682567038473265"  "0.0682567038473265"  "0.0805571101511148" 
[31] "0.0805571101511148"  "0.0318900677249094"  "0.0318900677249094" 
[34] "0.0342648531787838"  "0.0342648531787838"  "0.024937008178423"  
[37] "0.024937008178423"   "0.00618345939751223" "0.00618345939751223"
[40] "0.989202952174671"   "0.989202952174671"   "beta :"             
[43] "1"                  
[1] " old Likelihood:  -9777452.36052012"
[1] "New Likelihood:  -9777451.08895911"
iter:  0  f-value:  34900.47  pgrad:  0.508083 
iter:  10  f-value:  34900.46  pgrad:  0.4294998 
iter:  20  f-value:  34900.46  pgrad:  0.4243338 
iter:  30  f-value:  34900.46  pgrad:  0.5103572 
iter:  40  f-value:  34900.46  pgrad:  0.4078174 
iter:  50  f-value:  34900.46  pgrad:  0.400978 
  Unsuccessful convergence.
Time difference of 22.43365 mins
[1] "maxIt: 20"
[1] "It: 19"
 [1] "sigma:"              "0.99"                "0.99"               
 [4] "0.982349747538467"   "0.982349747538467"   "0.99"               
 [7] "0.99"                "0.99"                "0.99"               
[10] "0.99"                "0.99"                "0.99"               
[13] "0.99"                "0.99"                "0.99"               
[16] "0.99"                "0.99"                "0.99"               
[19] "0.99"                "0.99"                "0.99"               
[22] "0.729210013423379"   "0.729210013423379"   "0"                  
[25] "0"                   "0.249259424124103"   "0.249259424124103"  
[28] "0.0684035334853496"  "0.0684035334853496"  "0.0808683848986342" 
[31] "0.0808683848986342"  "0.0315140241037681"  "0.0315140241037681" 
[34] "0.0338285621717521"  "0.0338285621717521"  "0.0250206337494925" 
[37] "0.0250206337494925"  "0.00621987847292815" "0.00621987847292815"
[40] "0.989133697843978"   "0.989133697843978"   "beta :"             
[43] "1"                  
 [1] "sigma:"              "0.99"                "0.99"               
 [4] "0.982349747538467"   "0.982349747538467"   "0.99"               
 [7] "0.99"                "0.99"                "0.99"               
[10] "0.99"                "0.99"                "0.99"               
[13] "0.99"                "0.99"                "0.99"               
[16] "0.99"                "0.99"                "0.99"               
[19] "0.99"                "0.99"                "0.99"               
[22] "0.729210013423379"   "0.729210013423379"   "0"                  
[25] "0"                   "0.249259424124103"   "0.249259424124103"  
[28] "0.0684035334853496"  "0.0684035334853496"  "0.0808683848986342" 
[31] "0.0808683848986342"  "0.0315140241037681"  "0.0315140241037681" 
[34] "0.0338285621717521"  "0.0338285621717521"  "0.0250206337494925" 
[37] "0.0250206337494925"  "0.00621987847292815" "0.00621987847292815"
[40] "0.989133697843978"   "0.989133697843978"   "beta :"             
[43] "1"                  
[1] " old Likelihood:  -9777451.08895911"
[1] "New Likelihood:  -9777450.07010802"
iter:  0  f-value:  34905.66  pgrad:  0.5080183 
iter:  10  f-value:  34905.66  pgrad:  0.417931 
iter:  20  f-value:  34905.66  pgrad:  0.412474 
iter:  30  f-value:  34905.66  pgrad:  0.4092726 
iter:  40  f-value:  34905.66  pgrad:  0.4034518 
iter:  50  f-value:  34905.66  pgrad:  0.3841706 
  Unsuccessful convergence.
Time difference of 22.4305 mins
[1] "maxIt: 20"
[1] "It: 20"
 [1] "sigma:"              "0.99"                "0.99"               
 [4] "0.983755217980174"   "0.983755217980174"   "0.99"               
 [7] "0.99"                "0.99"                "0.99"               
[10] "0.99"                "0.99"                "0.99"               
[13] "0.99"                "0.99"                "0.99"               
[16] "0.99"                "0.99"                "0.99"               
[19] "0.99"                "0.99"                "0.99"               
[22] "0.728921456070858"   "0.728921456070858"   "0"                  
[25] "0"                   "0.249081610215429"   "0.249081610215429"  
[28] "0.0685579455095179"  "0.0685579455095179"  "0.0811896342736639" 
[31] "0.0811896342736639"  "0.0310449368074991"  "0.0310449368074991" 
[34] "0.0332641532641643"  "0.0332641532641643"  "0.0250594074795363" 
[37] "0.0250594074795363"  "0.00623666079306844" "0.00623666079306844"
[40] "0.989043812358844"   "0.989043812358844"   "beta :"             
[43] "1"                  
 [1] "sigma:"              "0.99"                "0.99"               
 [4] "0.983755217980174"   "0.983755217980174"   "0.99"               
 [7] "0.99"                "0.99"                "0.99"               
[10] "0.99"                "0.99"                "0.99"               
[13] "0.99"                "0.99"                "0.99"               
[16] "0.99"                "0.99"                "0.99"               
[19] "0.99"                "0.99"                "0.99"               
[22] "0.728921456070858"   "0.728921456070858"   "0"                  
[25] "0"                   "0.249081610215429"   "0.249081610215429"  
[28] "0.0685579455095179"  "0.0685579455095179"  "0.0811896342736639" 
[31] "0.0811896342736639"  "0.0310449368074991"  "0.0310449368074991" 
[34] "0.0332641532641643"  "0.0332641532641643"  "0.0250594074795363" 
[37] "0.0250594074795363"  "0.00623666079306844" "0.00623666079306844"
[40] "0.989043812358844"   "0.989043812358844"   "beta :"             
[43] "1"                  
[1] " old Likelihood:  -9777450.07010802"
[1] "New Likelihood:  -9777449.2502204"
iter:  0  f-value:  34910.93  pgrad:  0.5079465 
iter:  10  f-value:  34910.93  pgrad:  0.404616 
iter:  20  f-value:  34910.93  pgrad:  0.3942841 
iter:  30  f-value:  34910.93  pgrad:  0.4895111 
iter:  40  f-value:  34910.92  pgrad:  0.3830792 
iter:  50  f-value:  34910.92  pgrad:  0.4912759 
  Unsuccessful convergence.
Time difference of 22.42733 mins
 [1] "sigma:"             "0.99"               "0.99"              
 [4] "0.985068183772707"  "0.985068183772707"  "0.99"              
 [7] "0.99"               "0.99"               "0.99"              
[10] "0.99"               "0.99"               "0.99"              
[13] "0.99"               "0.99"               "0.99"              
[16] "0.99"               "0.99"               "0.99"              
[19] "0.99"               "0.99"               "0.99"              
[22] "0.72866702564044"   "0.72866702564044"   "0"                 
[25] "0"                  "0.248920913828249"  "0.248920913828249" 
[28] "0.0686963866778779" "0.0686963866778779" "0.0814944126042499"
[31] "0.0814944126042499" "0.0305923910997193" "0.0305923910997193"
[34] "0.0326853309864002" "0.0326853309864002" "0.0250472072116536"
[37] "0.0250472072116536" "0.0062308413365333" "0.0062308413365333"
[40] "0.988949205372374"  "0.988949205372374"  "beta :"            
[43] "1"                 
[1] 1999398 1999978 1999718 1999346 1999214
[1] 1 1 1 1 1
saved RDS
inference successful
