[1] "Original length"
[1] 999757
[1] "Final length"
[1] 14275
[1] "sequence length : 999758" "sequence length : 999049"
[3] "sequence length : 999973" "sequence length : 999624"
[5] "sequence length : 999575"
[1] 1 1 1 1 1
[1] "Beta: 1"
[1] "Self: 0.5"
 [1] 0 0 0 0 0 0 0 0 0 0 0 0 0 0 0 0 0 0 0 0
[1] "maxIt: 20"
[1] "It: 1"
 [1] "sigma:" "0.5"    "0.5"    "0.5"    "0.5"    "0.5"    "0.5"    "0.5"   
 [9] "0.5"    "0.5"    "0.5"    "0.5"    "0.5"    "0.5"    "0.5"    "0.5"   
[17] "0.5"    "0.5"    "0.5"    "0"      "0"      "0"      "0"      "0"     
[25] "0"      "0"      "0"      "0"      "0"      "0"      "0"      "0"     
[33] "0"      "0"      "0"      "0"      "0"      "0"      "0"      "0"     
[41] "0"      "beta :" "1"     
[1] 9387157
[1] 9386656
[1] 9386406
[1] 9386044
[1] 9385524
[1] 9384791
[1] 9383791
[1] 9382494
[1] 9380900
[1] 9379165
[1] 9377865
[1] 9377743
[1] 9379149
[1] 9382934
[1] 9390207
[1] 9400717
[1] 9411017
[1] 9417459
[1] 9420070
[1] 9420753
[1] 9420814
 [1] "sigma:" "0.9655" "0.9655" "0.9655" "0.9655" "0.9655" "0.9655" "0.9655"
 [9] "0.9655" "0.9655" "0.9655" "0.9655" "0.9655" "0.9655" "0.9655" "0.9655"
[17] "0.9655" "0.9655" "0.9655" "0.9655" "0.9655" "0.9655" "0.9655" "0.375" 
[25] "0.375"  "0.375"  "0.375"  "0.375"  "0.375"  "0.375"  "0.375"  "0.375" 
[33] "0.375"  "0.375"  "0.375"  "0.375"  "0.375"  "0.375"  "0.375"  "0.375" 
[41] "0.375"  "beta :" "1"     
[1] "New Likelihood:  -9377742.92978599"
iter:  0  f-value:  27064.52  pgrad:  0.75 
iter:  10  f-value:  27064.05  pgrad:  0.7485659 
iter:  20  f-value:  27063.98  pgrad:  0.7475216 
iter:  30  f-value:  27063.97  pgrad:  0.6459595 
  Unsuccessful convergence.
Time difference of 37.04632 mins
[1] "maxIt: 20"
[1] "It: 2"
 [1] "sigma:"            "0.972947942910022" "0.972947942910022"
 [4] "0.972947942910022" "0.972947942910022" "0.972947942910022"
 [7] "0.972947942910022" "0.972947942910022" "0.972947942910022"
[10] "0.972947942910022" "0.972947942910022" "0.972947942910022"
[13] "0.972947942910022" "0.972947942910022" "0.972947942910022"
[16] "0.972947942910022" "0.972947942910022" "0.972947942910022"
[19] "0.972947942910022" "0.972947942910022" "0.972947942910022"
[22] "0.972947942910022" "0.972947942910022" "0.372840438518564"
[25] "0.372840438518564" "0.372840438518564" "0.372840438518564"
[28] "0.372840438518564" "0.372840438518564" "0.372840438518564"
[31] "0.372840438518564" "0.372840438518564" "0.372840438518564"
[34] "0.372840438518564" "0.372840438518564" "0.372840438518564"
[37] "0.372840438518564" "0.372840438518564" "0.372840438518564"
[40] "0.372840438518564" "0.372840438518564" "beta :"           
[43] "1"                
[1] 9377680
[1] 9377558
[1] 9379144
 [1] "sigma:"            "0.972947942910022" "0.972947942910022"
 [4] "0.972947942910022" "0.972947942910022" "0.972947942910022"
 [7] "0.972947942910022" "0.972947942910022" "0.972947942910022"
[10] "0.972947942910022" "0.972947942910022" "0.972947942910022"
[13] "0.972947942910022" "0.972947942910022" "0.972947942910022"
[16] "0.972947942910022" "0.972947942910022" "0.972947942910022"
[19] "0.972947942910022" "0.972947942910022" "0.972947942910022"
[22] "0.972947942910022" "0.972947942910022" "0.347840438518564"
[25] "0.347840438518564" "0.347840438518564" "0.347840438518564"
[28] "0.347840438518564" "0.347840438518564" "0.347840438518564"
[31] "0.347840438518564" "0.347840438518564" "0.347840438518564"
[34] "0.347840438518564" "0.347840438518564" "0.347840438518564"
[37] "0.347840438518564" "0.347840438518564" "0.347840438518564"
[40] "0.347840438518564" "0.347840438518564" "beta :"           
[43] "1"                
[1] " old Likelihood:  -9377742.92978599"
[1] "New Likelihood:  -9377557.62974549"
iter:  0  f-value:  27722.68  pgrad:  0.5003148 
iter:  10  f-value:  27722.38  pgrad:  0.6951292 
iter:  20  f-value:  27722.37  pgrad:  0.6933251 
iter:  30  f-value:  27722.36  pgrad:  0.6915528 
  Unsuccessful convergence.
Time difference of 9.812786 mins
[1] "maxIt: 20"
[1] "It: 3"
 [1] "sigma:"            "0.978096298892736" "0.978096298892736"
 [4] "0.978096298892736" "0.978096298892736" "0.978096298892736"
 [7] "0.978096298892736" "0.978096298892736" "0.978096298892736"
[10] "0.978096298892736" "0.978096298892736" "0.978096298892736"
[13] "0.978096298892736" "0.978096298892736" "0.978096298892736"
[16] "0.978096298892736" "0.978096298892736" "0.978096298892736"
[19] "0.978096298892736" "0.978096298892736" "0.978096298892736"
[22] "0.978096298892736" "0.978096298892736" "0.345686199856924"
[25] "0.345686199856924" "0.345686199856924" "0.345686199856924"
[28] "0.345686199856924" "0.345686199856924" "0.345686199856924"
[31] "0.345686199856924" "0.345686199856924" "0.345686199856924"
[34] "0.345686199856924" "0.345686199856924" "0.345686199856924"
[37] "0.345686199856924" "0.345686199856924" "0.345686199856924"
[40] "0.345686199856924" "0.345686199856924" "beta :"           
[43] "1"                
[1] 9377619
[1] 9377462
[1] 9379155
 [1] "sigma:"            "0.978096298892736" "0.978096298892736"
 [4] "0.978096298892736" "0.978096298892736" "0.978096298892736"
 [7] "0.978096298892736" "0.978096298892736" "0.978096298892736"
[10] "0.978096298892736" "0.978096298892736" "0.978096298892736"
[13] "0.978096298892736" "0.978096298892736" "0.978096298892736"
[16] "0.978096298892736" "0.978096298892736" "0.978096298892736"
[19] "0.978096298892736" "0.978096298892736" "0.978096298892736"
[22] "0.978096298892736" "0.978096298892736" "0.345686199856924"
[25] "0.345686199856924" "0.345686199856924" "0.345686199856924"
[28] "0.345686199856924" "0.345686199856924" "0.345686199856924"
[31] "0.345686199856924" "0.345686199856924" "0.345686199856924"
[34] "0.345686199856924" "0.345686199856924" "0.345686199856924"
[37] "0.345686199856924" "0.345686199856924" "0.345686199856924"
[40] "0.345686199856924" "0.345686199856924" "beta :"           
[43] "1"                
[1] " old Likelihood:  -9377557.62974549"
[1] "New Likelihood:  -9377461.99284495"
iter:  0  f-value:  27683.97  pgrad:  0.6913724 
iter:  10  f-value:  27683.84  pgrad:  0.6903613 
iter:  20  f-value:  27683.83  pgrad:  0.689037 
iter:  30  f-value:  27683.82  pgrad:  0.5071706 
  Unsuccessful convergence.
Time difference of 9.282485 mins
[1] "maxIt: 20"
[1] "It: 4"
 [1] "sigma:"            "0.981284541180534" "0.981284541180534"
 [4] "0.981284541180534" "0.981284541180534" "0.981284541180534"
 [7] "0.981284541180534" "0.981284541180534" "0.981284541180534"
[10] "0.981284541180534" "0.981284541180534" "0.981284541180534"
[13] "0.981284541180534" "0.981284541180534" "0.981284541180534"
[16] "0.981284541180534" "0.981284541180534" "0.981284541180534"
[19] "0.981284541180534" "0.981284541180534" "0.981284541180534"
[22] "0.981284541180534" "0.981284541180534" "0.343830770883619"
[25] "0.343830770883619" "0.343830770883619" "0.343830770883619"
[28] "0.343830770883619" "0.343830770883619" "0.343830770883619"
[31] "0.343830770883619" "0.343830770883619" "0.343830770883619"
[34] "0.343830770883619" "0.343830770883619" "0.343830770883619"
[37] "0.343830770883619" "0.343830770883619" "0.343830770883619"
[40] "0.343830770883619" "0.343830770883619" "beta :"           
[43] "1"                
[1] 9377592
[1] 9377417
[1] 9379187
 [1] "sigma:"            "0.981284541180534" "0.981284541180534"
 [4] "0.981284541180534" "0.981284541180534" "0.981284541180534"
 [7] "0.981284541180534" "0.981284541180534" "0.981284541180534"
[10] "0.981284541180534" "0.981284541180534" "0.981284541180534"
[13] "0.981284541180534" "0.981284541180534" "0.981284541180534"
[16] "0.981284541180534" "0.981284541180534" "0.981284541180534"
[19] "0.981284541180534" "0.981284541180534" "0.981284541180534"
[22] "0.981284541180534" "0.981284541180534" "0.343830770883619"
[25] "0.343830770883619" "0.343830770883619" "0.343830770883619"
[28] "0.343830770883619" "0.343830770883619" "0.343830770883619"
[31] "0.343830770883619" "0.343830770883619" "0.343830770883619"
[34] "0.343830770883619" "0.343830770883619" "0.343830770883619"
[37] "0.343830770883619" "0.343830770883619" "0.343830770883619"
[40] "0.343830770883619" "0.343830770883619" "beta :"           
[43] "1"                
[1] " old Likelihood:  -9377461.99284495"
[1] "New Likelihood:  -9377417.01220975"
iter:  0  f-value:  27681.29  pgrad:  0.6876615 
iter:  10  f-value:  27681.23  pgrad:  0.6869328 
iter:  20  f-value:  27681.22  pgrad:  0.6859333 
iter:  30  f-value:  27681.22  pgrad:  0.5870606 
  Unsuccessful convergence.
Time difference of 9.272716 mins
[1] "maxIt: 20"
[1] "It: 5"
 [1] "sigma:"            "0.983257222060672" "0.983257222060672"
 [4] "0.983257222060672" "0.983257222060672" "0.983257222060672"
 [7] "0.983257222060672" "0.983257222060672" "0.983257222060672"
[10] "0.983257222060672" "0.983257222060672" "0.983257222060672"
[13] "0.983257222060672" "0.983257222060672" "0.983257222060672"
[16] "0.983257222060672" "0.983257222060672" "0.983257222060672"
[19] "0.983257222060672" "0.983257222060672" "0.983257222060672"
[22] "0.983257222060672" "0.983257222060672" "0.342588246879931"
[25] "0.342588246879931" "0.342588246879931" "0.342588246879931"
[28] "0.342588246879931" "0.342588246879931" "0.342588246879931"
[31] "0.342588246879931" "0.342588246879931" "0.342588246879931"
[34] "0.342588246879931" "0.342588246879931" "0.342588246879931"
[37] "0.342588246879931" "0.342588246879931" "0.342588246879931"
[40] "0.342588246879931" "0.342588246879931" "beta :"           
[43] "1"                
[1] 9377580
[1] 9377395
[1] 9379222
 [1] "sigma:"            "0.983257222060672" "0.983257222060672"
 [4] "0.983257222060672" "0.983257222060672" "0.983257222060672"
 [7] "0.983257222060672" "0.983257222060672" "0.983257222060672"
[10] "0.983257222060672" "0.983257222060672" "0.983257222060672"
[13] "0.983257222060672" "0.983257222060672" "0.983257222060672"
[16] "0.983257222060672" "0.983257222060672" "0.983257222060672"
[19] "0.983257222060672" "0.983257222060672" "0.983257222060672"
[22] "0.983257222060672" "0.983257222060672" "0.342588246879931"
[25] "0.342588246879931" "0.342588246879931" "0.342588246879931"
[28] "0.342588246879931" "0.342588246879931" "0.342588246879931"
[31] "0.342588246879931" "0.342588246879931" "0.342588246879931"
[34] "0.342588246879931" "0.342588246879931" "0.342588246879931"
[37] "0.342588246879931" "0.342588246879931" "0.342588246879931"
[40] "0.342588246879931" "0.342588246879931" "beta :"           
[43] "1"                
[1] " old Likelihood:  -9377417.01220975"
[1] "New Likelihood:  -9377395.41483278"
iter:  0  f-value:  27688.14  pgrad:  0.6851765 
iter:  10  f-value:  27688.11  pgrad:  0.6845099 
iter:  20  f-value:  27688.11  pgrad:  0.6839139 
iter:  30  f-value:  27688.11  pgrad:  0.6609116 
  Unsuccessful convergence.
Time difference of 9.276828 mins
[1] "maxIt: 20"
[1] "It: 6"
 [1] "sigma:"            "0.984448365201331" "0.984448365201331"
 [4] "0.984448365201331" "0.984448365201331" "0.984448365201331"
 [7] "0.984448365201331" "0.984448365201331" "0.984448365201331"
[10] "0.984448365201331" "0.984448365201331" "0.984448365201331"
[13] "0.984448365201331" "0.984448365201331" "0.984448365201331"
[16] "0.984448365201331" "0.984448365201331" "0.984448365201331"
[19] "0.984448365201331" "0.984448365201331" "0.984448365201331"
[22] "0.984448365201331" "0.984448365201331" "0.341641689899547"
[25] "0.341641689899547" "0.341641689899547" "0.341641689899547"
[28] "0.341641689899547" "0.341641689899547" "0.341641689899547"
[31] "0.341641689899547" "0.341641689899547" "0.341641689899547"
[34] "0.341641689899547" "0.341641689899547" "0.341641689899547"
[37] "0.341641689899547" "0.341641689899547" "0.341641689899547"
[40] "0.341641689899547" "0.341641689899547" "beta :"           
[43] "1"                
[1] 9377575
[1] 9377384
[1] 9379248
 [1] "sigma:"            "0.984448365201331" "0.984448365201331"
 [4] "0.984448365201331" "0.984448365201331" "0.984448365201331"
 [7] "0.984448365201331" "0.984448365201331" "0.984448365201331"
[10] "0.984448365201331" "0.984448365201331" "0.984448365201331"
[13] "0.984448365201331" "0.984448365201331" "0.984448365201331"
[16] "0.984448365201331" "0.984448365201331" "0.984448365201331"
[19] "0.984448365201331" "0.984448365201331" "0.984448365201331"
[22] "0.984448365201331" "0.984448365201331" "0.341641689899547"
[25] "0.341641689899547" "0.341641689899547" "0.341641689899547"
[28] "0.341641689899547" "0.341641689899547" "0.341641689899547"
[31] "0.341641689899547" "0.341641689899547" "0.341641689899547"
[34] "0.341641689899547" "0.341641689899547" "0.341641689899547"
[37] "0.341641689899547" "0.341641689899547" "0.341641689899547"
[40] "0.341641689899547" "0.341641689899547" "beta :"           
[43] "1"                
[1] " old Likelihood:  -9377395.41483278"
[1] "New Likelihood:  -9377384.00136269"
iter:  0  f-value:  27700.66  pgrad:  0.6832834 
iter:  10  f-value:  27700.64  pgrad:  0.6826558 
iter:  20  f-value:  27700.64  pgrad:  0.6821252 
iter:  30  f-value:  27700.64  pgrad:  0.4702815 
  Unsuccessful convergence.
Time difference of 9.265414 mins
[1] "maxIt: 20"
[1] "It: 7"
 [1] "sigma:"            "0.985084103912504" "0.985084103912504"
 [4] "0.985084103912504" "0.985084103912504" "0.985084103912504"
 [7] "0.985084103912504" "0.985084103912504" "0.985084103912504"
[10] "0.985084103912504" "0.985084103912504" "0.985084103912504"
[13] "0.985084103912504" "0.985084103912504" "0.985084103912504"
[16] "0.985084103912504" "0.985084103912504" "0.985084103912504"
[19] "0.985084103912504" "0.985084103912504" "0.985084103912504"
[22] "0.985084103912504" "0.985084103912504" "0.340492410900172"
[25] "0.340492410900172" "0.340492410900172" "0.340492410900172"
[28] "0.340492410900172" "0.340492410900172" "0.340492410900172"
[31] "0.340492410900172" "0.340492410900172" "0.340492410900172"
[34] "0.340492410900172" "0.340492410900172" "0.340492410900172"
[37] "0.340492410900172" "0.340492410900172" "0.340492410900172"
[40] "0.340492410900172" "0.340492410900172" "beta :"           
[43] "1"                
[1] 9377576
[1] 9377376
[1] 9379262
 [1] "sigma:"            "0.985084103912504" "0.985084103912504"
 [4] "0.985084103912504" "0.985084103912504" "0.985084103912504"
 [7] "0.985084103912504" "0.985084103912504" "0.985084103912504"
[10] "0.985084103912504" "0.985084103912504" "0.985084103912504"
[13] "0.985084103912504" "0.985084103912504" "0.985084103912504"
[16] "0.985084103912504" "0.985084103912504" "0.985084103912504"
[19] "0.985084103912504" "0.985084103912504" "0.985084103912504"
[22] "0.985084103912504" "0.985084103912504" "0.340492410900172"
[25] "0.340492410900172" "0.340492410900172" "0.340492410900172"
[28] "0.340492410900172" "0.340492410900172" "0.340492410900172"
[31] "0.340492410900172" "0.340492410900172" "0.340492410900172"
[34] "0.340492410900172" "0.340492410900172" "0.340492410900172"
[37] "0.340492410900172" "0.340492410900172" "0.340492410900172"
[40] "0.340492410900172" "0.340492410900172" "beta :"           
[43] "1"                
[1] " old Likelihood:  -9377384.00136269"
[1] "New Likelihood:  -9377376.25083615"
iter:  0  f-value:  27721.32  pgrad:  0.6809848 
iter:  10  f-value:  27721.31  pgrad:  0.6804963 
iter:  20  f-value:  27721.3  pgrad:  0.679646 
iter:  30  f-value:  27721.3  pgrad:  0.4628068 
  Unsuccessful convergence.
Time difference of 9.265295 mins
[1] "maxIt: 20"
[1] "It: 8"
 [1] "sigma:"            "0.985484980540927" "0.985484980540927"
 [4] "0.985484980540927" "0.985484980540927" "0.985484980540927"
 [7] "0.985484980540927" "0.985484980540927" "0.985484980540927"
[10] "0.985484980540927" "0.985484980540927" "0.985484980540927"
[13] "0.985484980540927" "0.985484980540927" "0.985484980540927"
[16] "0.985484980540927" "0.985484980540927" "0.985484980540927"
[19] "0.985484980540927" "0.985484980540927" "0.985484980540927"
[22] "0.985484980540927" "0.985484980540927" "0.339543953513766"
[25] "0.339543953513766" "0.339543953513766" "0.339543953513766"
[28] "0.339543953513766" "0.339543953513766" "0.339543953513766"
[31] "0.339543953513766" "0.339543953513766" "0.339543953513766"
[34] "0.339543953513766" "0.339543953513766" "0.339543953513766"
[37] "0.339543953513766" "0.339543953513766" "0.339543953513766"
[40] "0.339543953513766" "0.339543953513766" "beta :"           
[43] "1"                
[1] 9377576
[1] 9377371
[1] 9379272
 [1] "sigma:"            "0.985484980540927" "0.985484980540927"
 [4] "0.985484980540927" "0.985484980540927" "0.985484980540927"
 [7] "0.985484980540927" "0.985484980540927" "0.985484980540927"
[10] "0.985484980540927" "0.985484980540927" "0.985484980540927"
[13] "0.985484980540927" "0.985484980540927" "0.985484980540927"
[16] "0.985484980540927" "0.985484980540927" "0.985484980540927"
[19] "0.985484980540927" "0.985484980540927" "0.985484980540927"
[22] "0.985484980540927" "0.985484980540927" "0.339543953513766"
[25] "0.339543953513766" "0.339543953513766" "0.339543953513766"
[28] "0.339543953513766" "0.339543953513766" "0.339543953513766"
[31] "0.339543953513766" "0.339543953513766" "0.339543953513766"
[34] "0.339543953513766" "0.339543953513766" "0.339543953513766"
[37] "0.339543953513766" "0.339543953513766" "0.339543953513766"
[40] "0.339543953513766" "0.339543953513766" "beta :"           
[43] "1"                
[1] " old Likelihood:  -9377376.25083615"
[1] "New Likelihood:  -9377370.70271003"
iter:  0  f-value:  27740.02  pgrad:  0.6790879 
iter:  10  f-value:  27740.01  pgrad:  0.6786157 
iter:  20  f-value:  27740.01  pgrad:  0.6778492 
iter:  30  f-value:  27740  pgrad:  0.4679896 
  Unsuccessful convergence.
Time difference of 9.255314 mins
[1] "maxIt: 20"
[1] "It: 9"
 [1] "sigma:"            "0.985739528272541" "0.985739528272541"
 [4] "0.985739528272541" "0.985739528272541" "0.985739528272541"
 [7] "0.985739528272541" "0.985739528272541" "0.985739528272541"
[10] "0.985739528272541" "0.985739528272541" "0.985739528272541"
[13] "0.985739528272541" "0.985739528272541" "0.985739528272541"
[16] "0.985739528272541" "0.985739528272541" "0.985739528272541"
[19] "0.985739528272541" "0.985739528272541" "0.985739528272541"
[22] "0.985739528272541" "0.985739528272541" "0.338785836432475"
[25] "0.338785836432475" "0.338785836432475" "0.338785836432475"
[28] "0.338785836432475" "0.338785836432475" "0.338785836432475"
[31] "0.338785836432475" "0.338785836432475" "0.338785836432475"
[34] "0.338785836432475" "0.338785836432475" "0.338785836432475"
[37] "0.338785836432475" "0.338785836432475" "0.338785836432475"
[40] "0.338785836432475" "0.338785836432475" "beta :"           
[43] "1"                
[1] 9377577
[1] 9377367
[1] 9379279
 [1] "sigma:"            "0.985739528272541" "0.985739528272541"
 [4] "0.985739528272541" "0.985739528272541" "0.985739528272541"
 [7] "0.985739528272541" "0.985739528272541" "0.985739528272541"
[10] "0.985739528272541" "0.985739528272541" "0.985739528272541"
[13] "0.985739528272541" "0.985739528272541" "0.985739528272541"
[16] "0.985739528272541" "0.985739528272541" "0.985739528272541"
[19] "0.985739528272541" "0.985739528272541" "0.985739528272541"
[22] "0.985739528272541" "0.985739528272541" "0.338785836432475"
[25] "0.338785836432475" "0.338785836432475" "0.338785836432475"
[28] "0.338785836432475" "0.338785836432475" "0.338785836432475"
[31] "0.338785836432475" "0.338785836432475" "0.338785836432475"
[34] "0.338785836432475" "0.338785836432475" "0.338785836432475"
[37] "0.338785836432475" "0.338785836432475" "0.338785836432475"
[40] "0.338785836432475" "0.338785836432475" "beta :"           
[43] "1"                
[1] " old Likelihood:  -9377370.70271003"
[1] "New Likelihood:  -9377366.88166909"
iter:  0  f-value:  27756.43  pgrad:  0.6775717 
iter:  10  f-value:  27756.43  pgrad:  0.6771032 
iter:  20  f-value:  27756.42  pgrad:  0.6014307 
iter:  30  f-value:  27756.42  pgrad:  0.4542332 
  Unsuccessful convergence.
Time difference of 9.262208 mins
[1] "maxIt: 20"
[1] "It: 10"
 [1] "sigma:"            "0.98583132327198"  "0.98583132327198" 
 [4] "0.98583132327198"  "0.98583132327198"  "0.98583132327198" 
 [7] "0.98583132327198"  "0.98583132327198"  "0.98583132327198" 
[10] "0.98583132327198"  "0.98583132327198"  "0.98583132327198" 
[13] "0.98583132327198"  "0.98583132327198"  "0.98583132327198" 
[16] "0.98583132327198"  "0.98583132327198"  "0.98583132327198" 
[19] "0.98583132327198"  "0.98583132327198"  "0.98583132327198" 
[22] "0.98583132327198"  "0.98583132327198"  "0.337544800569761"
[25] "0.337544800569761" "0.337544800569761" "0.337544800569761"
[28] "0.337544800569761" "0.337544800569761" "0.337544800569761"
[31] "0.337544800569761" "0.337544800569761" "0.337544800569761"
[34] "0.337544800569761" "0.337544800569761" "0.337544800569761"
[37] "0.337544800569761" "0.337544800569761" "0.337544800569761"
[40] "0.337544800569761" "0.337544800569761" "beta :"           
[43] "1"                
[1] 9377581
[1] 9377362
[1] 9379278
 [1] "sigma:"            "0.98583132327198"  "0.98583132327198" 
 [4] "0.98583132327198"  "0.98583132327198"  "0.98583132327198" 
 [7] "0.98583132327198"  "0.98583132327198"  "0.98583132327198" 
[10] "0.98583132327198"  "0.98583132327198"  "0.98583132327198" 
[13] "0.98583132327198"  "0.98583132327198"  "0.98583132327198" 
[16] "0.98583132327198"  "0.98583132327198"  "0.98583132327198" 
[19] "0.98583132327198"  "0.98583132327198"  "0.98583132327198" 
[22] "0.98583132327198"  "0.98583132327198"  "0.337544800569761"
[25] "0.337544800569761" "0.337544800569761" "0.337544800569761"
[28] "0.337544800569761" "0.337544800569761" "0.337544800569761"
[31] "0.337544800569761" "0.337544800569761" "0.337544800569761"
[34] "0.337544800569761" "0.337544800569761" "0.337544800569761"
[37] "0.337544800569761" "0.337544800569761" "0.337544800569761"
[40] "0.337544800569761" "0.337544800569761" "beta :"           
[43] "1"                
[1] " old Likelihood:  -9377366.88166909"
[1] "New Likelihood:  -9377362.29739021"
iter:  0  f-value:  27783.32  pgrad:  0.6750896 
iter:  10  f-value:  27783.31  pgrad:  0.6746324 
iter:  20  f-value:  27783.31  pgrad:  0.5902257 
iter:  30  f-value:  27783.31  pgrad:  0.4515987 
  Unsuccessful convergence.
Time difference of 9.250202 mins
[1] "maxIt: 20"
[1] "It: 11"
 [1] "sigma:"            "0.985933317903051" "0.985933317903051"
 [4] "0.985933317903051" "0.985933317903051" "0.985933317903051"
 [7] "0.985933317903051" "0.985933317903051" "0.985933317903051"
[10] "0.985933317903051" "0.985933317903051" "0.985933317903051"
[13] "0.985933317903051" "0.985933317903051" "0.985933317903051"
[16] "0.985933317903051" "0.985933317903051" "0.985933317903051"
[19] "0.985933317903051" "0.985933317903051" "0.985933317903051"
[22] "0.985933317903051" "0.985933317903051" "0.336767293952467"
[25] "0.336767293952467" "0.336767293952467" "0.336767293952467"
[28] "0.336767293952467" "0.336767293952467" "0.336767293952467"
[31] "0.336767293952467" "0.336767293952467" "0.336767293952467"
[34] "0.336767293952467" "0.336767293952467" "0.336767293952467"
[37] "0.336767293952467" "0.336767293952467" "0.336767293952467"
[40] "0.336767293952467" "0.336767293952467" "beta :"           
[43] "1"                
[1] 9377582
[1] 9377359
[1] 9379280
 [1] "sigma:"            "0.985933317903051" "0.985933317903051"
 [4] "0.985933317903051" "0.985933317903051" "0.985933317903051"
 [7] "0.985933317903051" "0.985933317903051" "0.985933317903051"
[10] "0.985933317903051" "0.985933317903051" "0.985933317903051"
[13] "0.985933317903051" "0.985933317903051" "0.985933317903051"
[16] "0.985933317903051" "0.985933317903051" "0.985933317903051"
[19] "0.985933317903051" "0.985933317903051" "0.985933317903051"
[22] "0.985933317903051" "0.985933317903051" "0.336767293952467"
[25] "0.336767293952467" "0.336767293952467" "0.336767293952467"
[28] "0.336767293952467" "0.336767293952467" "0.336767293952467"
[31] "0.336767293952467" "0.336767293952467" "0.336767293952467"
[34] "0.336767293952467" "0.336767293952467" "0.336767293952467"
[37] "0.336767293952467" "0.336767293952467" "0.336767293952467"
[40] "0.336767293952467" "0.336767293952467" "beta :"           
[43] "1"                
[1] " old Likelihood:  -9377362.29739021"
[1] "New Likelihood:  -9377359.3031176"
iter:  0  f-value:  27800.86  pgrad:  0.6735346 
iter:  10  f-value:  27800.85  pgrad:  0.6730683 
iter:  20  f-value:  27800.85  pgrad:  0.5083712 
iter:  30  f-value:  27800.85  pgrad:  0.4497684 
  Unsuccessful convergence.
Time difference of 9.247842 mins
[1] "maxIt: 20"
[1] "It: 12"
 [1] "sigma:"            "0.985998968386109" "0.985998968386109"
 [4] "0.985998968386109" "0.985998968386109" "0.985998968386109"
 [7] "0.985998968386109" "0.985998968386109" "0.985998968386109"
[10] "0.985998968386109" "0.985998968386109" "0.985998968386109"
[13] "0.985998968386109" "0.985998968386109" "0.985998968386109"
[16] "0.985998968386109" "0.985998968386109" "0.985998968386109"
[19] "0.985998968386109" "0.985998968386109" "0.985998968386109"
[22] "0.985998968386109" "0.985998968386109" "0.336055855396987"
[25] "0.336055855396987" "0.336055855396987" "0.336055855396987"
[28] "0.336055855396987" "0.336055855396987" "0.336055855396987"
[31] "0.336055855396987" "0.336055855396987" "0.336055855396987"
[34] "0.336055855396987" "0.336055855396987" "0.336055855396987"
[37] "0.336055855396987" "0.336055855396987" "0.336055855396987"
[40] "0.336055855396987" "0.336055855396987" "beta :"           
[43] "1"                
[1] 9377582
[1] 9377357
[1] 9379281
 [1] "sigma:"            "0.985998968386109" "0.985998968386109"
 [4] "0.985998968386109" "0.985998968386109" "0.985998968386109"
 [7] "0.985998968386109" "0.985998968386109" "0.985998968386109"
[10] "0.985998968386109" "0.985998968386109" "0.985998968386109"
[13] "0.985998968386109" "0.985998968386109" "0.985998968386109"
[16] "0.985998968386109" "0.985998968386109" "0.985998968386109"
[19] "0.985998968386109" "0.985998968386109" "0.985998968386109"
[22] "0.985998968386109" "0.985998968386109" "0.336055855396987"
[25] "0.336055855396987" "0.336055855396987" "0.336055855396987"
[28] "0.336055855396987" "0.336055855396987" "0.336055855396987"
[31] "0.336055855396987" "0.336055855396987" "0.336055855396987"
[34] "0.336055855396987" "0.336055855396987" "0.336055855396987"
[37] "0.336055855396987" "0.336055855396987" "0.336055855396987"
[40] "0.336055855396987" "0.336055855396987" "beta :"           
[43] "1"                
[1] " old Likelihood:  -9377359.3031176"
[1] "New Likelihood:  -9377356.65646492"
iter:  0  f-value:  27817.02  pgrad:  0.6721117 
iter:  10  f-value:  27817.02  pgrad:  0.6717769 
iter:  20  f-value:  27817.01  pgrad:  0.4480948 
iter:  30  f-value:  27817.01  pgrad:  0.4474237 
  Unsuccessful convergence.
Time difference of 9.255901 mins
[1] "maxIt: 20"
[1] "It: 13"
 [1] "sigma:"            "0.986034108419715" "0.986034108419715"
 [4] "0.986034108419715" "0.986034108419715" "0.986034108419715"
 [7] "0.986034108419715" "0.986034108419715" "0.986034108419715"
[10] "0.986034108419715" "0.986034108419715" "0.986034108419715"
[13] "0.986034108419715" "0.986034108419715" "0.986034108419715"
[16] "0.986034108419715" "0.986034108419715" "0.986034108419715"
[19] "0.986034108419715" "0.986034108419715" "0.986034108419715"
[22] "0.986034108419715" "0.986034108419715" "0.335214701687275"
[25] "0.335214701687275" "0.335214701687275" "0.335214701687275"
[28] "0.335214701687275" "0.335214701687275" "0.335214701687275"
[31] "0.335214701687275" "0.335214701687275" "0.335214701687275"
[34] "0.335214701687275" "0.335214701687275" "0.335214701687275"
[37] "0.335214701687275" "0.335214701687275" "0.335214701687275"
[40] "0.335214701687275" "0.335214701687275" "beta :"           
[43] "1"                
[1] 9377584
[1] 9377354
[1] 9379281
 [1] "sigma:"            "0.986034108419715" "0.986034108419715"
 [4] "0.986034108419715" "0.986034108419715" "0.986034108419715"
 [7] "0.986034108419715" "0.986034108419715" "0.986034108419715"
[10] "0.986034108419715" "0.986034108419715" "0.986034108419715"
[13] "0.986034108419715" "0.986034108419715" "0.986034108419715"
[16] "0.986034108419715" "0.986034108419715" "0.986034108419715"
[19] "0.986034108419715" "0.986034108419715" "0.986034108419715"
[22] "0.986034108419715" "0.986034108419715" "0.335214701687275"
[25] "0.335214701687275" "0.335214701687275" "0.335214701687275"
[28] "0.335214701687275" "0.335214701687275" "0.335214701687275"
[31] "0.335214701687275" "0.335214701687275" "0.335214701687275"
[34] "0.335214701687275" "0.335214701687275" "0.335214701687275"
[37] "0.335214701687275" "0.335214701687275" "0.335214701687275"
[40] "0.335214701687275" "0.335214701687275" "beta :"           
[43] "1"                
[1] " old Likelihood:  -9377356.65646492"
[1] "New Likelihood:  -9377353.96882434"
iter:  0  f-value:  27835.46  pgrad:  0.6704294 
iter:  10  f-value:  27835.46  pgrad:  0.6701013 
iter:  20  f-value:  27835.45  pgrad:  0.4457992 
iter:  30  f-value:  27835.45  pgrad:  0.5036886 
  Unsuccessful convergence.
Time difference of 9.254997 mins
[1] "maxIt: 20"
[1] "It: 14"
 [1] "sigma:"            "0.986056532808917" "0.986056532808917"
 [4] "0.986056532808917" "0.986056532808917" "0.986056532808917"
 [7] "0.986056532808917" "0.986056532808917" "0.986056532808917"
[10] "0.986056532808917" "0.986056532808917" "0.986056532808917"
[13] "0.986056532808917" "0.986056532808917" "0.986056532808917"
[16] "0.986056532808917" "0.986056532808917" "0.986056532808917"
[19] "0.986056532808917" "0.986056532808917" "0.986056532808917"
[22] "0.986056532808917" "0.986056532808917" "0.334240320198635"
[25] "0.334240320198635" "0.334240320198635" "0.334240320198635"
[28] "0.334240320198635" "0.334240320198635" "0.334240320198635"
[31] "0.334240320198635" "0.334240320198635" "0.334240320198635"
[34] "0.334240320198635" "0.334240320198635" "0.334240320198635"
[37] "0.334240320198635" "0.334240320198635" "0.334240320198635"
[40] "0.334240320198635" "0.334240320198635" "beta :"           
[43] "1"                
[1] 9377586
[1] 9377351
[1] 9379279
 [1] "sigma:"            "0.986056532808917" "0.986056532808917"
 [4] "0.986056532808917" "0.986056532808917" "0.986056532808917"
 [7] "0.986056532808917" "0.986056532808917" "0.986056532808917"
[10] "0.986056532808917" "0.986056532808917" "0.986056532808917"
[13] "0.986056532808917" "0.986056532808917" "0.986056532808917"
[16] "0.986056532808917" "0.986056532808917" "0.986056532808917"
[19] "0.986056532808917" "0.986056532808917" "0.986056532808917"
[22] "0.986056532808917" "0.986056532808917" "0.334240320198635"
[25] "0.334240320198635" "0.334240320198635" "0.334240320198635"
[28] "0.334240320198635" "0.334240320198635" "0.334240320198635"
[31] "0.334240320198635" "0.334240320198635" "0.334240320198635"
[34] "0.334240320198635" "0.334240320198635" "0.334240320198635"
[37] "0.334240320198635" "0.334240320198635" "0.334240320198635"
[40] "0.334240320198635" "0.334240320198635" "beta :"           
[43] "1"                
[1] " old Likelihood:  -9377353.96882434"
[1] "New Likelihood:  -9377351.20719751"
iter:  0  f-value:  27856.27  pgrad:  0.6684806 
iter:  10  f-value:  27856.27  pgrad:  0.6681587 
iter:  20  f-value:  27856.26  pgrad:  0.4431041 
iter:  30  f-value:  27856.26  pgrad:  0.5026891 
  Unsuccessful convergence.
Time difference of 9.281753 mins
[1] "maxIt: 20"
[1] "It: 15"
 [1] "sigma:"            "0.986078817048479" "0.986078817048479"
 [4] "0.986078817048479" "0.986078817048479" "0.986078817048479"
 [7] "0.986078817048479" "0.986078817048479" "0.986078817048479"
[10] "0.986078817048479" "0.986078817048479" "0.986078817048479"
[13] "0.986078817048479" "0.986078817048479" "0.986078817048479"
[16] "0.986078817048479" "0.986078817048479" "0.986078817048479"
[19] "0.986078817048479" "0.986078817048479" "0.986078817048479"
[22] "0.986078817048479" "0.986078817048479" "0.333280790686878"
[25] "0.333280790686878" "0.333280790686878" "0.333280790686878"
[28] "0.333280790686878" "0.333280790686878" "0.333280790686878"
[31] "0.333280790686878" "0.333280790686878" "0.333280790686878"
[34] "0.333280790686878" "0.333280790686878" "0.333280790686878"
[37] "0.333280790686878" "0.333280790686878" "0.333280790686878"
[40] "0.333280790686878" "0.333280790686878" "beta :"           
[43] "1"                
[1] 9377588
[1] 9377349
[1] 9379278
 [1] "sigma:"            "0.986078817048479" "0.986078817048479"
 [4] "0.986078817048479" "0.986078817048479" "0.986078817048479"
 [7] "0.986078817048479" "0.986078817048479" "0.986078817048479"
[10] "0.986078817048479" "0.986078817048479" "0.986078817048479"
[13] "0.986078817048479" "0.986078817048479" "0.986078817048479"
[16] "0.986078817048479" "0.986078817048479" "0.986078817048479"
[19] "0.986078817048479" "0.986078817048479" "0.986078817048479"
[22] "0.986078817048479" "0.986078817048479" "0.333280790686878"
[25] "0.333280790686878" "0.333280790686878" "0.333280790686878"
[28] "0.333280790686878" "0.333280790686878" "0.333280790686878"
[31] "0.333280790686878" "0.333280790686878" "0.333280790686878"
[34] "0.333280790686878" "0.333280790686878" "0.333280790686878"
[37] "0.333280790686878" "0.333280790686878" "0.333280790686878"
[40] "0.333280790686878" "0.333280790686878" "beta :"           
[43] "1"                
[1] " old Likelihood:  -9377351.20719751"
[1] "New Likelihood:  -9377348.65941022"
iter:  0  f-value:  27876.77  pgrad:  0.6665616 
iter:  10  f-value:  27876.76  pgrad:  0.6662458 
iter:  20  f-value:  27876.76  pgrad:  0.4407528 
iter:  30  f-value:  27876.76  pgrad:  0.3963578 
  Unsuccessful convergence.
Time difference of 9.250912 mins
[1] "maxIt: 20"
[1] "It: 16"
 [1] "sigma:"            "0.986086648777421" "0.986086648777421"
 [4] "0.986086648777421" "0.986086648777421" "0.986086648777421"
 [7] "0.986086648777421" "0.986086648777421" "0.986086648777421"
[10] "0.986086648777421" "0.986086648777421" "0.986086648777421"
[13] "0.986086648777421" "0.986086648777421" "0.986086648777421"
[16] "0.986086648777421" "0.986086648777421" "0.986086648777421"
[19] "0.986086648777421" "0.986086648777421" "0.986086648777421"
[22] "0.986086648777421" "0.986086648777421" "0.332284668054659"
[25] "0.332284668054659" "0.332284668054659" "0.332284668054659"
[28] "0.332284668054659" "0.332284668054659" "0.332284668054659"
[31] "0.332284668054659" "0.332284668054659" "0.332284668054659"
[34] "0.332284668054659" "0.332284668054659" "0.332284668054659"
[37] "0.332284668054659" "0.332284668054659" "0.332284668054659"
[40] "0.332284668054659" "0.332284668054659" "beta :"           
[43] "1"                
[1] 9377589
[1] 9377346
[1] 9379276
 [1] "sigma:"            "0.986086648777421" "0.986086648777421"
 [4] "0.986086648777421" "0.986086648777421" "0.986086648777421"
 [7] "0.986086648777421" "0.986086648777421" "0.986086648777421"
[10] "0.986086648777421" "0.986086648777421" "0.986086648777421"
[13] "0.986086648777421" "0.986086648777421" "0.986086648777421"
[16] "0.986086648777421" "0.986086648777421" "0.986086648777421"
[19] "0.986086648777421" "0.986086648777421" "0.986086648777421"
[22] "0.986086648777421" "0.986086648777421" "0.332284668054659"
[25] "0.332284668054659" "0.332284668054659" "0.332284668054659"
[28] "0.332284668054659" "0.332284668054659" "0.332284668054659"
[31] "0.332284668054659" "0.332284668054659" "0.332284668054659"
[34] "0.332284668054659" "0.332284668054659" "0.332284668054659"
[37] "0.332284668054659" "0.332284668054659" "0.332284668054659"
[40] "0.332284668054659" "0.332284668054659" "beta :"           
[43] "1"                
[1] " old Likelihood:  -9377348.65941022"
[1] "New Likelihood:  -9377346.16186172"
iter:  0  f-value:  27899.35  pgrad:  0.6645693 
iter:  10  f-value:  27899.35  pgrad:  0.6642597 
iter:  20  f-value:  27899.35  pgrad:  0.4222238 
iter:  30  f-value:  27899.35  pgrad:  0.5042594 
  Unsuccessful convergence.
Time difference of 9.264189 mins
[1] "maxIt: 20"
[1] "It: 17"
 [1] "sigma:"            "0.986118155796464" "0.986118155796464"
 [4] "0.986118155796464" "0.986118155796464" "0.986118155796464"
 [7] "0.986118155796464" "0.986118155796464" "0.986118155796464"
[10] "0.986118155796464" "0.986118155796464" "0.986118155796464"
[13] "0.986118155796464" "0.986118155796464" "0.986118155796464"
[16] "0.986118155796464" "0.986118155796464" "0.986118155796464"
[19] "0.986118155796464" "0.986118155796464" "0.986118155796464"
[22] "0.986118155796464" "0.986118155796464" "0.331395208592168"
[25] "0.331395208592168" "0.331395208592168" "0.331395208592168"
[28] "0.331395208592168" "0.331395208592168" "0.331395208592168"
[31] "0.331395208592168" "0.331395208592168" "0.331395208592168"
[34] "0.331395208592168" "0.331395208592168" "0.331395208592168"
[37] "0.331395208592168" "0.331395208592168" "0.331395208592168"
[40] "0.331395208592168" "0.331395208592168" "beta :"           
[43] "1"                
[1] 9377591
[1] 9377344
[1] 9379275
 [1] "sigma:"            "0.986118155796464" "0.986118155796464"
 [4] "0.986118155796464" "0.986118155796464" "0.986118155796464"
 [7] "0.986118155796464" "0.986118155796464" "0.986118155796464"
[10] "0.986118155796464" "0.986118155796464" "0.986118155796464"
[13] "0.986118155796464" "0.986118155796464" "0.986118155796464"
[16] "0.986118155796464" "0.986118155796464" "0.986118155796464"
[19] "0.986118155796464" "0.986118155796464" "0.986118155796464"
[22] "0.986118155796464" "0.986118155796464" "0.331395208592168"
[25] "0.331395208592168" "0.331395208592168" "0.331395208592168"
[28] "0.331395208592168" "0.331395208592168" "0.331395208592168"
[31] "0.331395208592168" "0.331395208592168" "0.331395208592168"
[34] "0.331395208592168" "0.331395208592168" "0.331395208592168"
[37] "0.331395208592168" "0.331395208592168" "0.331395208592168"
[40] "0.331395208592168" "0.331395208592168" "beta :"           
[43] "1"                
[1] " old Likelihood:  -9377346.16186172"
[1] "New Likelihood:  -9377344.1208736"
iter:  0  f-value:  27917.54  pgrad:  0.6627904 
iter:  10  f-value:  27917.54  pgrad:  0.6624855 
iter:  20  f-value:  27917.54  pgrad:  0.3747118 
iter:  30  f-value:  27917.54  pgrad:  0.5044409 
  Unsuccessful convergence.
Time difference of 9.261753 mins
[1] "maxIt: 20"
[1] "It: 18"
 [1] "sigma:"            "0.986144471681698" "0.986144471681698"
 [4] "0.986144471681698" "0.986144471681698" "0.986144471681698"
 [7] "0.986144471681698" "0.986144471681698" "0.986144471681698"
[10] "0.986144471681698" "0.986144471681698" "0.986144471681698"
[13] "0.986144471681698" "0.986144471681698" "0.986144471681698"
[16] "0.986144471681698" "0.986144471681698" "0.986144471681698"
[19] "0.986144471681698" "0.986144471681698" "0.986144471681698"
[22] "0.986144471681698" "0.986144471681698" "0.330436227607616"
[25] "0.330436227607616" "0.330436227607616" "0.330436227607616"
[28] "0.330436227607616" "0.330436227607616" "0.330436227607616"
[31] "0.330436227607616" "0.330436227607616" "0.330436227607616"
[34] "0.330436227607616" "0.330436227607616" "0.330436227607616"
[37] "0.330436227607616" "0.330436227607616" "0.330436227607616"
[40] "0.330436227607616" "0.330436227607616" "beta :"           
[43] "1"                
[1] 9377592
[1] 9377342
[1] 9379274
 [1] "sigma:"            "0.986144471681698" "0.986144471681698"
 [4] "0.986144471681698" "0.986144471681698" "0.986144471681698"
 [7] "0.986144471681698" "0.986144471681698" "0.986144471681698"
[10] "0.986144471681698" "0.986144471681698" "0.986144471681698"
[13] "0.986144471681698" "0.986144471681698" "0.986144471681698"
[16] "0.986144471681698" "0.986144471681698" "0.986144471681698"
[19] "0.986144471681698" "0.986144471681698" "0.986144471681698"
[22] "0.986144471681698" "0.986144471681698" "0.330436227607616"
[25] "0.330436227607616" "0.330436227607616" "0.330436227607616"
[28] "0.330436227607616" "0.330436227607616" "0.330436227607616"
[31] "0.330436227607616" "0.330436227607616" "0.330436227607616"
[34] "0.330436227607616" "0.330436227607616" "0.330436227607616"
[37] "0.330436227607616" "0.330436227607616" "0.330436227607616"
[40] "0.330436227607616" "0.330436227607616" "beta :"           
[43] "1"                
[1] " old Likelihood:  -9377344.1208736"
[1] "New Likelihood:  -9377342.08576469"
iter:  0  f-value:  27937.47  pgrad:  0.6608725 
iter:  10  f-value:  27937.47  pgrad:  0.6605741 
iter:  20  f-value:  27937.47  pgrad:  0.3334571 
iter:  30  f-value:  27937.47  pgrad:  0.304608 
  Unsuccessful convergence.
Time difference of 9.281416 mins
[1] "maxIt: 20"
[1] "It: 19"
 [1] "sigma:"            "0.98616469054749"  "0.98616469054749" 
 [4] "0.98616469054749"  "0.98616469054749"  "0.98616469054749" 
 [7] "0.98616469054749"  "0.98616469054749"  "0.98616469054749" 
[10] "0.98616469054749"  "0.98616469054749"  "0.98616469054749" 
[13] "0.98616469054749"  "0.98616469054749"  "0.98616469054749" 
[16] "0.98616469054749"  "0.98616469054749"  "0.98616469054749" 
[19] "0.98616469054749"  "0.98616469054749"  "0.98616469054749" 
[22] "0.98616469054749"  "0.98616469054749"  "0.329607542374818"
[25] "0.329607542374818" "0.329607542374818" "0.329607542374818"
[28] "0.329607542374818" "0.329607542374818" "0.329607542374818"
[31] "0.329607542374818" "0.329607542374818" "0.329607542374818"
[34] "0.329607542374818" "0.329607542374818" "0.329607542374818"
[37] "0.329607542374818" "0.329607542374818" "0.329607542374818"
[40] "0.329607542374818" "0.329607542374818" "beta :"           
[43] "1"                
[1] 9377594
[1] 9377340
[1] 9379274
 [1] "sigma:"            "0.98616469054749"  "0.98616469054749" 
 [4] "0.98616469054749"  "0.98616469054749"  "0.98616469054749" 
 [7] "0.98616469054749"  "0.98616469054749"  "0.98616469054749" 
[10] "0.98616469054749"  "0.98616469054749"  "0.98616469054749" 
[13] "0.98616469054749"  "0.98616469054749"  "0.98616469054749" 
[16] "0.98616469054749"  "0.98616469054749"  "0.98616469054749" 
[19] "0.98616469054749"  "0.98616469054749"  "0.98616469054749" 
[22] "0.98616469054749"  "0.98616469054749"  "0.329607542374818"
[25] "0.329607542374818" "0.329607542374818" "0.329607542374818"
[28] "0.329607542374818" "0.329607542374818" "0.329607542374818"
[31] "0.329607542374818" "0.329607542374818" "0.329607542374818"
[34] "0.329607542374818" "0.329607542374818" "0.329607542374818"
[37] "0.329607542374818" "0.329607542374818" "0.329607542374818"
[40] "0.329607542374818" "0.329607542374818" "beta :"           
[43] "1"                
[1] " old Likelihood:  -9377342.08576469"
[1] "New Likelihood:  -9377340.35281248"
iter:  0  f-value:  27954.92  pgrad:  0.6592151 
iter:  10  f-value:  27954.91  pgrad:  0.6589213 
iter:  20  f-value:  27954.91  pgrad:  0.3242531 
iter:  30  f-value:  27954.91  pgrad:  0.3088644 
  Unsuccessful convergence.
Time difference of 9.321922 mins
[1] "maxIt: 20"
[1] "It: 20"
 [1] "sigma:"            "0.986181631666836" "0.986181631666836"
 [4] "0.986181631666836" "0.986181631666836" "0.986181631666836"
 [7] "0.986181631666836" "0.986181631666836" "0.986181631666836"
[10] "0.986181631666836" "0.986181631666836" "0.986181631666836"
[13] "0.986181631666836" "0.986181631666836" "0.986181631666836"
[16] "0.986181631666836" "0.986181631666836" "0.986181631666836"
[19] "0.986181631666836" "0.986181631666836" "0.986181631666836"
[22] "0.986181631666836" "0.986181631666836" "0.328844764401013"
[25] "0.328844764401013" "0.328844764401013" "0.328844764401013"
[28] "0.328844764401013" "0.328844764401013" "0.328844764401013"
[31] "0.328844764401013" "0.328844764401013" "0.328844764401013"
[34] "0.328844764401013" "0.328844764401013" "0.328844764401013"
[37] "0.328844764401013" "0.328844764401013" "0.328844764401013"
[40] "0.328844764401013" "0.328844764401013" "beta :"           
[43] "1"                
[1] 9377595
[1] 9377339
[1] 9379274
 [1] "sigma:"            "0.986181631666836" "0.986181631666836"
 [4] "0.986181631666836" "0.986181631666836" "0.986181631666836"
 [7] "0.986181631666836" "0.986181631666836" "0.986181631666836"
[10] "0.986181631666836" "0.986181631666836" "0.986181631666836"
[13] "0.986181631666836" "0.986181631666836" "0.986181631666836"
[16] "0.986181631666836" "0.986181631666836" "0.986181631666836"
[19] "0.986181631666836" "0.986181631666836" "0.986181631666836"
[22] "0.986181631666836" "0.986181631666836" "0.328844764401013"
[25] "0.328844764401013" "0.328844764401013" "0.328844764401013"
[28] "0.328844764401013" "0.328844764401013" "0.328844764401013"
[31] "0.328844764401013" "0.328844764401013" "0.328844764401013"
[34] "0.328844764401013" "0.328844764401013" "0.328844764401013"
[37] "0.328844764401013" "0.328844764401013" "0.328844764401013"
[40] "0.328844764401013" "0.328844764401013" "beta :"           
[43] "1"                
[1] " old Likelihood:  -9377340.35281248"
[1] "New Likelihood:  -9377338.78854351"
iter:  0  f-value:  27971.09  pgrad:  0.6576895 
iter:  10  f-value:  27971.09  pgrad:  0.657399 
iter:  20  f-value:  27971.09  pgrad:  0.3169043 
iter:  30  f-value:  27971.09  pgrad:  0.3072637 
  Unsuccessful convergence.
Time difference of 9.292026 mins
 [1] "sigma:"            "0.986196242730342" "0.986196242730342"
 [4] "0.986196242730342" "0.986196242730342" "0.986196242730342"
 [7] "0.986196242730342" "0.986196242730342" "0.986196242730342"
[10] "0.986196242730342" "0.986196242730342" "0.986196242730342"
[13] "0.986196242730342" "0.986196242730342" "0.986196242730342"
[16] "0.986196242730342" "0.986196242730342" "0.986196242730342"
[19] "0.986196242730342" "0.986196242730342" "0.986196242730342"
[22] "0.986196242730342" "0.986196242730342" "0.328073719744011"
[25] "0.328073719744011" "0.328073719744011" "0.328073719744011"
[28] "0.328073719744011" "0.328073719744011" "0.328073719744011"
[31] "0.328073719744011" "0.328073719744011" "0.328073719744011"
[34] "0.328073719744011" "0.328073719744011" "0.328073719744011"
[37] "0.328073719744011" "0.328073719744011" "0.328073719744011"
[40] "0.328073719744011" "0.328073719744011" "beta :"           
[43] "1"                
[1] 1999516 1998098 1999946 1999248 1999150
[1] 1 1 1 1 1
saved RDS
inference successful
