[1] "Original length"
[1] 999847
[1] "Final length"
[1] 12834
[1] "sequence length : 999848" "sequence length : 999910"
[3] "sequence length : 999602" "sequence length : 999658"
[5] "sequence length : 999800"
[1] "former Rho:"
[1]  863.6848 1307.5320  773.6565 1402.6589  765.2759
[1] "old mu :"
[1] 0.0004319080 0.0006538248 0.0003869823 0.0007015694 0.0003827145
[1] "new mu :"
[1] 0.0005113998
[1] "new Rho:"
[1] 1022.644 1022.708 1022.393 1022.450 1022.595
[1] 1 1 1 1 1
[1] "Beta: 1"
[1] "Self: 0"
[1] 1
[1] "Rho"
[1] 1022.644 1022.708 1022.393 1022.450 1022.595
[1] "It: 1"
[1] "sigma:" "0"      "beta :" "1"     
[1] "rho/theta:" "1"         
[1] "sigma:" "0.9405" "beta :" "1"     
[1] "rho/theta:" "1"         
Time difference of 1.627791 secs
[1] "New Likelihood:  -7233302.26594693"
[1] 4998813
[1] 4998818
iter:  0  f-value:  2827.467  pgrad:  0.5 
iter:  10  f-value:  2794.141  pgrad:  0.5519286 
iter:  20  f-value:  2794.024  pgrad:  0.9708707 
iter:  30  f-value:  2793.975  pgrad:  0.5311434 
  Unsuccessful convergence.
[1] 0.9700362
 [1] "Xi: 0.503566877429195" "Xi: 0.50450849048164"  "Xi: 0.51043939243294" 
 [4] "Xi: 0.523051031584371" "Xi: 0.543842463377248" "Xi: 0.544213225997835"
 [7] "Xi: 0.5435380642873"   "Xi: 0.544384132803724" "Xi: 0.546521553265607"
[10] "Xi: 0.543371736937535" "Xi: 0.531143358948594" "Xi: 0.529175189548858"
[13] "Xi: 0.519119104362486" "Xi: 0.521651141371077" "Xi: 0.523568813644095"
[16] "Xi: 0.531264166999145" "Xi: 0.551537007081323" "Xi: 0.540322837610845"
[19] "Xi: 0.530988615571857" "Xi: 0.53904636006831" 
Time difference of 30.44358 mins
[1] "Rho"
[1] 1022.644 1022.708 1022.393 1022.450 1022.595
[1] "It: 2"
[1] "sigma:"           "0.96033582327317" "beta :"           "1"               
[1] "rho/theta:" "1"         
Time difference of 1.644162 secs
[1] " old Likelihood:  -7233302.26594693"
[1] "New Likelihood:  -7223853.27237436"
[1] 4998813
[1] 4998818
iter:  0  f-value:  2363.645  pgrad:  0.5311434 
iter:  10  f-value:  2356.391  pgrad:  0.5426701 
iter:  20  f-value:  2356.312  pgrad:  0.9783756 
iter:  30  f-value:  2356.291  pgrad:  0.4775512 
  Unsuccessful convergence.
[1] 0.9783287
 [1] "Xi: 0.504622976466931" "Xi: 0.505803695502368" "Xi: 0.513105051706467"
 [4] "Xi: 0.528053090171481" "Xi: 0.551418909440619" "Xi: 0.555573294397095"
 [7] "Xi: 0.540013696681001" "Xi: 0.542264041982768" "Xi: 0.562257165988806"
[10] "Xi: 0.558292490519447" "Xi: 0.530501066018612" "Xi: 0.541660726836279"
[13] "Xi: 0.522564636013998" "Xi: 0.53058200410899"  "Xi: 0.534016801577469"
[16] "Xi: 0.54764807616485"  "Xi: 0.578668669107771" "Xi: 0.556471044130542"
[19] "Xi: 0.545603136961103" "Xi: 0.561389732965421"
Time difference of 3.526982 mins
[1] "Rho"
[1] 1022.644 1022.708 1022.393 1022.450 1022.595
[1] "It: 3"
[1] "sigma:"            "0.968545428825112" "beta :"           
[4] "1"                
[1] "rho/theta:" "1"         
Time difference of 1.625314 secs
[1] " old Likelihood:  -7223853.27237436"
[1] "New Likelihood:  -7221692.54494367"
[1] 4998813
[1] 4998818
iter:  0  f-value:  2062.408  pgrad:  0.5340168 
iter:  10  f-value:  2059.935  pgrad:  0.5625885 
iter:  20  f-value:  2059.977  pgrad:  0.5934699 
iter:  30  f-value:  2059.915  pgrad:  0.1903754 
  Unsuccessful convergence.
[1] 0.9831813
 [1] "Xi: 0.50507076679758"  "Xi: 0.506383759304191" "Xi: 0.514306869566391"
 [4] "Xi: 0.530212872566938" "Xi: 0.554629693013301" "Xi: 0.56020367832741" 
 [7] "Xi: 0.537693843840602" "Xi: 0.537041759560425" "Xi: 0.569059895082932"
[10] "Xi: 0.565394146220273" "Xi: 0.523454718126788" "Xi: 0.548814211018361"
[13] "Xi: 0.521634632889183" "Xi: 0.534711747612467" "Xi: 0.537709686687789"
[16] "Xi: 0.554642511341743" "Xi: 0.593459065543749" "Xi: 0.561826562766375"
[19] "Xi: 0.552928206746491" "Xi: 0.575661400528338"
Time difference of 3.52744 mins
[1] "Rho"
[1] 1022.644 1022.708 1022.393 1022.450 1022.595
[1] "It: 4"
[1] "sigma:"            "0.973349506096273" "beta :"           
[4] "1"                
[1] "rho/theta:" "1"         
Time difference of 1.709164 secs
[1] " old Likelihood:  -7221692.54494367"
[1] "New Likelihood:  -7220919.93515985"
[1] 4998813
[1] 4998818
iter:  0  f-value:  1849.848  pgrad:  0.5618266 
iter:  10  f-value:  1848.697  pgrad:  0.5188112 
iter:  20  f-value:  1848.665  pgrad:  0.5175624 
iter:  30  f-value:  1848.663  pgrad:  0.2484649 
  Unsuccessful convergence.
[1] 0.9863628
 [1] "Xi: 0.505309260927422" "Xi: 0.506677698585045" "Xi: 0.51491124713237" 
 [4] "Xi: 0.531297864768321" "Xi: 0.556213487820663" "Xi: 0.562496238609474"
 [7] "Xi: 0.536796687046585" "Xi: 0.533944331312386" "Xi: 0.570916079753689"
[10] "Xi: 0.568633908757061" "Xi: 0.516396099541828" "Xi: 0.554362587900429"
[13] "Xi: 0.519876342177768" "Xi: 0.53757251758902"  "Xi: 0.538958365280414"
[16] "Xi: 0.557253337094194" "Xi: 0.602539388141934" "Xi: 0.562707712301025"
[19] "Xi: 0.556798530753633" "Xi: 0.585040564657247"
Time difference of 3.530923 mins
[1] "Rho"
[1] 1022.644 1022.708 1022.393 1022.450 1022.595
[1] "It: 5"
[1] "sigma:"            "0.976499136629998" "beta :"           
[4] "1"                
[1] "rho/theta:" "1"         
Time difference of 1.649345 secs
[1] " old Likelihood:  -7220919.93515985"
[1] "New Likelihood:  -7220554.94508228"
[1] 4998813
[1] 4998818
iter:  0  f-value:  1700.444  pgrad:  0.5627077 
iter:  10  f-value:  1699.831  pgrad:  0.5119367 
iter:  20  f-value:  1699.82  pgrad:  0.4938079 
iter:  30  f-value:  1699.819  pgrad:  0.9885365 
  Unsuccessful convergence.
[1] 0.9885123
 [1] "Xi: 0.505538462287124" "Xi: 0.506963895456289" "Xi: 0.515493149296589"
 [4] "Xi: 0.532330444165084" "Xi: 0.557717271298526" "Xi: 0.564689318801929"
 [7] "Xi: 0.536101292204785" "Xi: 0.530717973928564" "Xi: 0.572342229335396"
[10] "Xi: 0.572523638565842" "Xi: 0.510058804159642" "Xi: 0.559579292675532"
[13] "Xi: 0.518443461200589" "Xi: 0.540309153953165" "Xi: 0.539609540770252"
[16] "Xi: 0.558053688364233" "Xi: 0.608898077827156" "Xi: 0.561993243236975"
[19] "Xi: 0.55898823576097"  "Xi: 0.590977128248862"
Time difference of 3.527294 mins
[1] "Rho"
[1] 1022.644 1022.708 1022.393 1022.450 1022.595
[1] "It: 6"
[1] "sigma:"            "0.978627202715166" "beta :"           
[4] "1"                
[1] "rho/theta:" "1"         
Time difference of 1.623415 secs
[1] " old Likelihood:  -7220554.94508228"
[1] "New Likelihood:  -7220371.12087073"
[1] 4998813
[1] 4998818
iter:  0  f-value:  1596.782  pgrad:  0.5619932 
iter:  10  f-value:  1596.467  pgrad:  0.5609833 
iter:  20  f-value:  1596.454  pgrad:  0.483232 
iter:  30  f-value:  1596.453  pgrad:  0.2464935 
  Unsuccessful convergence.
[1] 0.9899819
 [1] "Xi: 0.505742799673292" "Xi: 0.507218926662758" "Xi: 0.516016596988973"
 [4] "Xi: 0.533235968843557" "Xi: 0.559047306590009" "Xi: 0.56661827669512" 
 [7] "Xi: 0.535635531414782" "Xi: 0.527734210290226" "Xi: 0.573357135344708"
[10] "Xi: 0.576272241890007" "Xi: 0.505037350415639" "Xi: 0.564185914107429"
[13] "Xi: 0.517312497030466" "Xi: 0.542869307893635" "Xi: 0.540160846953261"
[16] "Xi: 0.55805083854388"  "Xi: 0.613679958268279" "Xi: 0.56088290514301" 
[19] "Xi: 0.560348059300428" "Xi: 0.594475062924395"
Time difference of 3.534593 mins
[1] "Rho"
[1] 1022.644 1022.708 1022.393 1022.450 1022.595
[1] "It: 7"
[1] "sigma:"            "0.980082032242666" "beta :"           
[4] "1"                
[1] "rho/theta:" "1"         
Time difference of 1.632785 secs
[1] " old Likelihood:  -7220371.12087073"
[1] "New Likelihood:  -7220278.63756782"
[1] 4998813
[1] 4998818
iter:  0  f-value:  1525.037  pgrad:  0.5608829 
iter:  10  f-value:  1524.871  pgrad:  0.5027202 
iter:  20  f-value:  1524.868  pgrad:  0.4326656 
iter:  30  f-value:  1524.867  pgrad:  0.3327659 
  Unsuccessful convergence.
[1] 0.9909804
 [1] "Xi: 0.505872516960074" "Xi: 0.507377578008791" "Xi: 0.516338649098462"
 [4] "Xi: 0.533799350825512" "Xi: 0.559865164953973" "Xi: 0.567815220567912"
 [7] "Xi: 0.5355157591854"   "Xi: 0.526074170519549" "Xi: 0.573950210501649"
[10] "Xi: 0.578757435754089" "Xi: 0.501367522833976" "Xi: 0.568206722747702"
[13] "Xi: 0.516424791890779" "Xi: 0.54516034733821"  "Xi: 0.540678607515427"
[16] "Xi: 0.557688171447683" "Xi: 0.617396212286301" "Xi: 0.559839247180176"
[19] "Xi: 0.561306190758651" "Xi: 0.59641528792193" 
Time difference of 3.53684 mins
[1] "Rho"
[1] 1022.644 1022.708 1022.393 1022.450 1022.595
[1] "It: 8"
[1] "sigma:"            "0.981070608310161" "beta :"           
[4] "1"                
[1] "rho/theta:" "1"         
Time difference of 1.635327 secs
[1] " old Likelihood:  -7220278.63756782"
[1] "New Likelihood:  -7220233.08005229"
[1] 4998813
[1] 4998818
iter:  0  f-value:  1475.974  pgrad:  0.5598392 
iter:  10  f-value:  1475.89  pgrad:  0.5329321 
iter:  20  f-value:  1475.887  pgrad:  0.4289574 
iter:  30  f-value:  1475.888  pgrad:  0.6208308 
  Unsuccessful convergence.
[1] 0.9916538
 [1] "Xi: 0.505973980064392" "Xi: 0.507504563497746" "Xi: 0.516590748291766"
 [4] "Xi: 0.5342456396041"   "Xi: 0.560516507810556" "Xi: 0.568764963642405"
 [7] "Xi: 0.535450356439258" "Xi: 0.524685661078217" "Xi: 0.574356239596605"
[10] "Xi: 0.58079610778718"  "Xi: 0.498781250760523" "Xi: 0.571046236084002"
[13] "Xi: 0.515442485045836" "Xi: 0.54699653739985"  "Xi: 0.541118745214374"
[16] "Xi: 0.55717002604273"  "Xi: 0.620301042038689" "Xi: 0.558962018610604"
[19] "Xi: 0.562054867770071" "Xi: 0.597610997198802"
Time difference of 3.534254 mins
[1] "Rho"
[1] 1022.644 1022.708 1022.393 1022.450 1022.595
[1] "It: 9"
[1] "sigma:"            "0.981737287661071" "beta :"           
[4] "1"                
[1] "rho/theta:" "1"         
Time difference of 1.631083 secs
[1] " old Likelihood:  -7220233.08005229"
[1] "New Likelihood:  -7220211.53592659"
[1] 4998813
[1] 4998818
iter:  0  f-value:  1442.603  pgrad:  0.558962 
iter:  10  f-value:  1442.56  pgrad:  0.4860395 
iter:  20  f-value:  1442.558  pgrad:  0.4260593 
iter:  30  f-value:  1442.559  pgrad:  0.6135974 
  Unsuccessful convergence.
[1] 0.9921226
 [1] "Xi: 0.507049305039816" "Xi: 0.508602927375955" "Xi: 0.517812254661208"
 [4] "Xi: 0.535634499623048" "Xi: 0.562071337165448" "Xi: 0.57062625853396" 
 [7] "Xi: 0.536346736660193" "Xi: 0.522274523863711" "Xi: 0.575585355746951"
[10] "Xi: 0.583775526732553" "Xi: 0.49567629656613"  "Xi: 0.574904680445905"
[13] "Xi: 0.515459860469757" "Xi: 0.549129433780751" "Xi: 0.541923543704292"
[16] "Xi: 0.556936604467972" "Xi: 0.622928390934699" "Xi: 0.558293597505362"
[19] "Xi: 0.562551616177352" "Xi: 0.597272585075256"
Time difference of 3.541761 mins
[1] "Rho"
[1] 1022.644 1022.708 1022.393 1022.450 1022.595
[1] "It: 10"
[1] "sigma:"           "0.98220133700248" "beta :"           "1"               
[1] "rho/theta:" "1"         
Time difference of 1.641327 secs
[1] " old Likelihood:  -7220211.53592659"
[1] "New Likelihood:  -7220197.60686329"
[1] 4998813
[1] 4998818
iter:  0  f-value:  1419.672  pgrad:  0.5582936 
iter:  10  f-value:  1419.649  pgrad:  0.4584019 
iter:  20  f-value:  1419.648  pgrad:  0.4746357 
iter:  30  f-value:  1419.647  pgrad:  0.1933631 
  Unsuccessful convergence.
[1] 0.9924262
 [1] "Xi: 0.507161860681993" "Xi: 0.508743077922095" "Xi: 0.518094141045412"
 [4] "Xi: 0.536128501046385" "Xi: 0.562794703002804" "Xi: 0.571683470135902"
 [7] "Xi: 0.53641856201671"  "Xi: 0.521000165947481" "Xi: 0.575909188168516"
[10] "Xi: 0.58616202157371"  "Xi: 0.494125016279556" "Xi: 0.578846419485208"
[13] "Xi: 0.514594648644012" "Xi: 0.550003782809041" "Xi: 0.542005574516332"
[16] "Xi: 0.556227269536489" "Xi: 0.624604602623926" "Xi: 0.557735635132664"
[19] "Xi: 0.563184667023377" "Xi: 0.597703634672364"
Time difference of 3.532264 mins
[1] "Rho"
[1] 1022.644 1022.708 1022.393 1022.450 1022.595
[1] "It: 11"
[1] "sigma:"           "0.98250194923984" "beta :"           "1"               
[1] "rho/theta:" "1"         
Time difference of 1.710654 secs
[1] " old Likelihood:  -7220197.60686329"
[1] "New Likelihood:  -7220192.61154157"
[1] 4998813
[1] 4998818
iter:  0  f-value:  1404.287  pgrad:  0.5577356 
iter:  10  f-value:  1404.275  pgrad:  0.4581697 
iter:  20  f-value:  1404.28  pgrad:  0.6266625 
iter:  30  f-value:  1404.274  pgrad:  0.2630736 
  Unsuccessful convergence.
[1] 0.9926311
 [1] "Xi: 0.508193519123417" "Xi: 0.509788808674378" "Xi: 0.519210268618375"
 [4] "Xi: 0.537335787533443" "Xi: 0.564085357956178" "Xi: 0.573159243058156"
 [7] "Xi: 0.537380239614179" "Xi: 0.519243761270863" "Xi: 0.576857175558071"
[10] "Xi: 0.588349462746436" "Xi: 0.492417927260266" "Xi: 0.581630779603996"
[13] "Xi: 0.514101166830681" "Xi: 0.550954532897401" "Xi: 0.542231140299172"
[16] "Xi: 0.555728415180825" "Xi: 0.626007068813952" "Xi: 0.557285448271029"
[19] "Xi: 0.563705663874409" "Xi: 0.597400027256573"
Time difference of 3.539934 mins
[1] "Rho"
[1] 1022.644 1022.708 1022.393 1022.450 1022.595
[1] "It: 12"
[1] "sigma:"            "0.982704763037355" "beta :"           
[4] "1"                
[1] "rho/theta:" "1"         
Time difference of 1.635531 secs
[1] " old Likelihood:  -7220192.61154157"
[1] "New Likelihood:  -7220188.36790632"
[1] 4998813
[1] 4998818
iter:  0  f-value:  1393.884  pgrad:  0.5572854 
iter:  10  f-value:  1393.878  pgrad:  0.4172726 
iter:  20  f-value:  1393.878  pgrad:  0.593916 
iter:  30  f-value:  1393.877  pgrad:  0.284208 
  Unsuccessful convergence.
[1] 0.9927686
 [1] "Xi: 0.508740043350706" "Xi: 0.510348464355612" "Xi: 0.51984348097716" 
 [4] "Xi: 0.538076293253793" "Xi: 0.564929571414769" "Xi: 0.574186002109563"
 [7] "Xi: 0.537918523655285" "Xi: 0.518054255864548" "Xi: 0.577339000728742"
[10] "Xi: 0.590086919519814" "Xi: 0.49190256267127"  "Xi: 0.583903734975721"
[13] "Xi: 0.513547443070302" "Xi: 0.551440923080546" "Xi: 0.542407979773696"
[16] "Xi: 0.555334605405121" "Xi: 0.627131901285222" "Xi: 0.556972634529309"
[19] "Xi: 0.564153609660494" "Xi: 0.597361495269245"
Time difference of 3.543403 mins
[1] "Rho"
[1] 1022.644 1022.708 1022.393 1022.450 1022.595
[1] "It: 13"
[1] "sigma:"            "0.982840912511251" "beta :"           
[4] "1"                
[1] "rho/theta:" "1"         
Time difference of 1.709436 secs
[1] " old Likelihood:  -7220188.36790632"
[1] "New Likelihood:  -7220186.70098279"
[1] 4998813
[1] 4998818
iter:  0  f-value:  1386.884  pgrad:  0.5569726 
iter:  10  f-value:  1386.881  pgrad:  0.4452471 
iter:  20  f-value:  1386.88  pgrad:  0.3473201 
iter:  30  f-value:  1386.88  pgrad:  0.5343418 
  Unsuccessful convergence.
[1] 0.9928596
 [1] "Xi: 0.509297481389147" "Xi: 0.510922158262253" "Xi: 0.520505981802817"
 [4] "Xi: 0.538869209384717" "Xi: 0.565845587216199" "Xi: 0.575320585572103"
 [7] "Xi: 0.538499432578471" "Xi: 0.516791267590899" "Xi: 0.577790502655968"
[10] "Xi: 0.592003253370145" "Xi: 0.491525183630729" "Xi: 0.586410305875164"
[13] "Xi: 0.512738195715452" "Xi: 0.552180449353696" "Xi: 0.542351368997965"
[16] "Xi: 0.554816728257025" "Xi: 0.627748412361727" "Xi: 0.55670757953494" 
[19] "Xi: 0.564589316836966" "Xi: 0.597021023459936"
Time difference of 3.539365 mins
[1] "Rho"
[1] 1022.644 1022.708 1022.393 1022.450 1022.595
[1] "It: 14"
[1] "sigma:"            "0.982930975506325" "beta :"           
[4] "1"                
[1] "rho/theta:" "1"         
Time difference of 1.621927 secs
[1] " old Likelihood:  -7220186.70098279"
[1] "New Likelihood:  -7220184.35446529"
[1] 4998813
[1] 4998818
iter:  0  f-value:  1382.108  pgrad:  0.5567076 
iter:  10  f-value:  1382.106  pgrad:  0.413021 
iter:  20  f-value:  1382.106  pgrad:  0.356622 
iter:  30  f-value:  1382.105  pgrad:  0.2070146 
  Unsuccessful convergence.
[1] 0.9929218
 [1] "Xi: 0.509359576563748" "Xi: 0.510999574892738" "Xi: 0.520659528755854"
 [4] "Xi: 0.539134667678202" "Xi: 0.566229168897343" "Xi: 0.575878539671832"
 [7] "Xi: 0.538625082835549" "Xi: 0.516249329045631" "Xi: 0.57778343064389" 
[10] "Xi: 0.593154539989448" "Xi: 0.490740760681073" "Xi: 0.588238725724772"
[13] "Xi: 0.512462853614897" "Xi: 0.552587328791053" "Xi: 0.542605247604784"
[16] "Xi: 0.554692186131392" "Xi: 0.628592246191283" "Xi: 0.556510703366576"
[19] "Xi: 0.564901992952392" "Xi: 0.597197235533292"
Time difference of 3.535689 mins
[1] "Rho"
[1] 1022.644 1022.708 1022.393 1022.450 1022.595
[1] "It: 15"
[1] "sigma:"            "0.982992544977548" "beta :"           
[4] "1"                
[1] "rho/theta:" "1"         
Time difference of 1.636629 secs
[1] " old Likelihood:  -7220184.35446529"
[1] "New Likelihood:  -7220185.0294174"
Time difference of 3.180488 mins
[1] 1 1 1 1 1
[1] 1 1 1 1 1
saved RDS
inference successful
