[1] "Original length"
[1] 999812
[1] "Final length"
[1] 12979
[1] "sequence length : 999813" "sequence length : 999530"
[3] "sequence length : 999401" "sequence length : 999673"
[5] "sequence length : 998882"
[1] 1 1 1 1 1
[1] "Beta: 1"
[1] "Self: 0"
[1] "maxIt: 20"
[1] "It: 1"
 [1] "sigma:" "0"      "0"      "0"      "0"      "0"      "0"      "0"     
 [9] "0"      "0"      "0"      "0"      "0"      "0"      "0"      "0"     
[17] "0"      "0"      "0"      "0"      "0"      "0"      "0"      "0"     
[25] "0"      "0"      "0"      "0"      "0"      "0"      "0"      "0"     
[33] "0"      "0"      "0"      "0"      "0"      "0"      "0"      "0"     
[41] "0"      "beta :" "1"     
 [1] "sigma:" "0.9405" "0.9405" "0.9405" "0.9405" "0.9405" "0.9405" "0.9405"
 [9] "0.9405" "0.9405" "0.9405" "0.9405" "0.9405" "0.9405" "0.9405" "0.9405"
[17] "0.9405" "0.9405" "0.9405" "0.9405" "0.9405" "0.9405" "0.9405" "0.9405"
[25] "0.9405" "0.9405" "0.9405" "0.9405" "0.9405" "0.9405" "0.9405" "0.9405"
[33] "0.9405" "0.9405" "0.9405" "0"      "0"      "0"      "0"      "0"     
[41] "0"      "beta :" "1"     
[1] "New Likelihood:  -6407500.54212358"
iter:  0  f-value:  5372.421  pgrad:  0.5 
iter:  10  f-value:  5345.393  pgrad:  0.9987941 
iter:  20  f-value:  5344.348  pgrad:  0.9822771 
iter:  30  f-value:  5343.742  pgrad:  0.9769155 
iter:  40  f-value:  5343.459  pgrad:  0.973531 
iter:  50  f-value:  5343.07  pgrad:  0.9678595 
  Unsuccessful convergence.
Time difference of 2.096912 hours
[1] "maxIt: 20"
[1] "It: 2"
 [1] "sigma:"             "0.965756356715619"  "0.965756356715619" 
 [4] "0.954118742339563"  "0.954118742339563"  "0.959254788937904" 
 [7] "0.959254788937904"  "0.966092208759244"  "0.966092208759244" 
[10] "0.973924282912131"  "0.973924282912131"  "0.982093542869399" 
[13] "0.982093542869399"  "0.985590359423592"  "0.985590359423592" 
[16] "0.970605983679808"  "0.970605983679808"  "0.95812583842752"  
[19] "0.95812583842752"   "0.963471035154609"  "0.963471035154609" 
[22] "0.974706516125665"  "0.974706516125665"  "0.958095172217659" 
[25] "0.958095172217659"  "0.955592414753785"  "0.955592414753785" 
[28] "0.959606459746487"  "0.959606459746487"  "0.959825089823514" 
[31] "0.959825089823514"  "0.962310405992837"  "0.962310405992837" 
[34] "0.961846692066921"  "0.961846692066921"  "0.10032617119637"  
[37] "0.10032617119637"   "0.0837937537191845" "0.0837937537191845"
[40] "0.0129833911879942" "0.0129833911879942" "beta :"            
[43] "1"                 
 [1] "sigma:"              "0.965756356715619"   "0.965756356715619"  
 [4] "0.954118742339563"   "0.954118742339563"   "0.959254788937904"  
 [7] "0.959254788937904"   "0.966092208759244"   "0.966092208759244"  
[10] "0.973924282912131"   "0.973924282912131"   "0.982093542869399"  
[13] "0.982093542869399"   "0.985590359423592"   "0.985590359423592"  
[16] "0.970605983679808"   "0.970605983679808"   "0.95812583842752"   
[19] "0.95812583842752"    "0.963471035154609"   "0.963471035154609"  
[22] "0.974706516125665"   "0.974706516125665"   "0.958095172217659"  
[25] "0.958095172217659"   "0.955592414753785"   "0.955592414753785"  
[28] "0.959606459746487"   "0.959606459746487"   "0.959825089823514"  
[31] "0.959825089823514"   "0.962310405992837"   "0.962310405992837"  
[34] "0.961846692066921"   "0.961846692066921"   "0.00132617119636977"
[37] "0.00132617119636977" "0.0342937537191845"  "0.0342937537191845" 
[40] "0.0129833911879942"  "0.0129833911879942"  "beta :"             
[43] "1"                  
[1] " old Likelihood:  -6407500.54212358"
[1] "New Likelihood:  -6398775.81689871"
iter:  0  f-value:  5307.749  pgrad:  0.5158943 
iter:  10  f-value:  5298.255  pgrad:  0.9957051 
iter:  20  f-value:  5297.808  pgrad:  0.9853415 
iter:  30  f-value:  5297.682  pgrad:  0.9756683 
iter:  40  f-value:  5297.391  pgrad:  0.9802509 
iter:  50  f-value:  5297.358  pgrad:  0.9410207 
  Unsuccessful convergence.
Time difference of 14.83673 mins
[1] "maxIt: 20"
[1] "It: 3"
 [1] "sigma:"             "0.987047070446526"  "0.987047070446526" 
 [4] "0.965062005161555"  "0.965062005161555"  "0.974783168279764" 
 [7] "0.974783168279764"  "0.987943387134858"  "0.987943387134858" 
[10] "0.99"               "0.99"               "0.99"              
[13] "0.99"               "0.99"               "0.99"              
[16] "0.989331557284426"  "0.989331557284426"  "0.968466255807014" 
[19] "0.968466255807014"  "0.982389232428633"  "0.982389232428633" 
[22] "0.99"               "0.99"               "0.971425943848132" 
[25] "0.971425943848132"  "0.965785381851889"  "0.965785381851889" 
[28] "0.97341031648133"   "0.97341031648133"   "0.970125811319333" 
[31] "0.970125811319333"  "0.969560570150845"  "0.969560570150845" 
[34] "0.962454333708471"  "0.962454333708471"  "0.0631102306301462"
[37] "0.0631102306301462" "0.0927754196878882" "0.0927754196878882"
[40] "0.0238180124802552" "0.0238180124802552" "beta :"            
[43] "1"                 
 [1] "sigma:"             "0.987047070446526"  "0.987047070446526" 
 [4] "0.965062005161555"  "0.965062005161555"  "0.974783168279764" 
 [7] "0.974783168279764"  "0.987943387134858"  "0.987943387134858" 
[10] "0.99"               "0.99"               "0.99"              
[13] "0.99"               "0.99"               "0.99"              
[16] "0.989331557284426"  "0.989331557284426"  "0.968466255807014" 
[19] "0.968466255807014"  "0.982389232428633"  "0.982389232428633" 
[22] "0.99"               "0.99"               "0.971425943848132" 
[25] "0.971425943848132"  "0.965785381851889"  "0.965785381851889" 
[28] "0.97341031648133"   "0.97341031648133"   "0.970125811319333" 
[31] "0.970125811319333"  "0.969560570150845"  "0.969560570150845" 
[34] "0.962454333708471"  "0.962454333708471"  "0.211610230630146" 
[37] "0.211610230630146"  "0.0432754196878882" "0.0432754196878882"
[40] "0.0238180124802552" "0.0238180124802552" "beta :"            
[43] "1"                 
[1] " old Likelihood:  -6398775.81689871"
[1] "New Likelihood:  -6395455.73892505"
iter:  0  f-value:  4932.982  pgrad:  0.523114 
iter:  10  f-value:  4928.601  pgrad:  0.9838186 
iter:  20  f-value:  4928.435  pgrad:  0.9488607 
iter:  30  f-value:  4928.347  pgrad:  0.9405712 
iter:  40  f-value:  4928.264  pgrad:  0.9299517 
iter:  50  f-value:  4928.143  pgrad:  0.8998751 
  Unsuccessful convergence.
Time difference of 15.21132 mins
[1] "maxIt: 20"
[1] "It: 4"
 [1] "sigma:"             "0.99"               "0.99"              
 [4] "0.977182493825111"  "0.977182493825111"  "0.99"              
 [7] "0.99"               "0.99"               "0.99"              
[10] "0.99"               "0.99"               "0.99"              
[13] "0.99"               "0.99"               "0.99"              
[16] "0.99"               "0.99"               "0.983074841899602" 
[19] "0.983074841899602"  "0.99"               "0.99"              
[22] "0.99"               "0.99"               "0.98324373651281"  
[25] "0.98324373651281"   "0.97216644289414"   "0.97216644289414"  
[28] "0.983694885774631"  "0.983694885774631"  "0.976849786695404" 
[31] "0.976849786695404"  "0.973767099485821"  "0.973767099485821" 
[34] "0.958287959012498"  "0.958287959012498"  "0.276244460315874" 
[37] "0.276244460315874"  "0.0992654117475252" "0.0992654117475252"
[40] "0.0366803182632159" "0.0366803182632159" "beta :"            
[43] "1"                 
 [1] "sigma:"               "0.99"                 "0.99"                
 [4] "0.977182493825111"    "0.977182493825111"    "0.99"                
 [7] "0.99"                 "0.99"                 "0.99"                
[10] "0.99"                 "0.99"                 "0.99"                
[13] "0.99"                 "0.99"                 "0.99"                
[16] "0.99"                 "0.99"                 "0.983074841899602"   
[19] "0.983074841899602"    "0.99"                 "0.99"                
[22] "0.99"                 "0.99"                 "0.98324373651281"    
[25] "0.98324373651281"     "0.97216644289414"     "0.97216644289414"    
[28] "0.983694885774631"    "0.983694885774631"    "0.976849786695404"   
[31] "0.976849786695404"    "0.973767099485821"    "0.973767099485821"   
[34] "0.958287959012498"    "0.958287959012498"    "0.573244460315874"   
[37] "0.573244460315874"    "0.000265411747525224" "0.000265411747525224"
[40] "0.0366803182632159"   "0.0366803182632159"   "beta :"              
[43] "1"                   
[1] " old Likelihood:  -6395455.73892505"
[1] "New Likelihood:  -6393787.82210567"
iter:  0  f-value:  4268.602  pgrad:  0.5264203 
iter:  10  f-value:  4266.599  pgrad:  0.9978774 
iter:  20  f-value:  4266.409  pgrad:  0.9886307 
iter:  30  f-value:  4266.38  pgrad:  0.9829569 
iter:  40  f-value:  4266.372  pgrad:  0.9801764 
iter:  50  f-value:  4266.357  pgrad:  1 
  Unsuccessful convergence.
Time difference of 16.67196 mins
[1] "maxIt: 20"
[1] "It: 5"
 [1] "sigma:"            "0.99"              "0.99"             
 [4] "0.984915196904368" "0.984915196904368" "0.99"             
 [7] "0.99"              "0.99"              "0.99"             
[10] "0.99"              "0.99"              "0.99"             
[13] "0.99"              "0.99"              "0.99"             
[16] "0.99"              "0.99"              "0.989988035519747"
[19] "0.989988035519747" "0.99"              "0.99"             
[22] "0.99"              "0.99"              "0.989587322490144"
[25] "0.989587322490144" "0.975912636323033" "0.975912636323033"
[28] "0.989910487831684" "0.989910487831684" "0.981092614756848"
[31] "0.981092614756848" "0.976249730493985" "0.976249730493985"
[34] "0.954153875780927" "0.954153875780927" "0.600981711243525"
[37] "0.600981711243525" "0.027376670354016" "0.027376670354016"
[40] "0.043917480883312" "0.043917480883312" "beta :"           
[43] "1"                
 [1] "sigma:"            "0.99"              "0.99"             
 [4] "0.984915196904368" "0.984915196904368" "0.99"             
 [7] "0.99"              "0.99"              "0.99"             
[10] "0.99"              "0.99"              "0.99"             
[13] "0.99"              "0.99"              "0.99"             
[16] "0.99"              "0.99"              "0.989988035519747"
[19] "0.989988035519747" "0.99"              "0.99"             
[22] "0.99"              "0.99"              "0.989587322490144"
[25] "0.989587322490144" "0.975912636323033" "0.975912636323033"
[28] "0.989910487831684" "0.989910487831684" "0.981092614756848"
[31] "0.981092614756848" "0.976249730493985" "0.976249730493985"
[34] "0.954153875780927" "0.954153875780927" "0.650481711243525"
[37] "0.650481711243525" "0.027376670354016" "0.027376670354016"
[40] "0.043917480883312" "0.043917480883312" "beta :"           
[43] "1"                
[1] " old Likelihood:  -6393787.82210567"
[1] "New Likelihood:  -6393085.24280171"
iter:  0  f-value:  4085.691  pgrad:  0.528999 
iter:  10  f-value:  4084.978  pgrad:  0.9920404 
iter:  20  f-value:  4084.955  pgrad:  0.9677902 
iter:  30  f-value:  4084.944  pgrad:  0.9644023 
iter:  40  f-value:  4084.938  pgrad:  0.9614817 
iter:  50  f-value:  4084.932  pgrad:  0.9573103 
  Unsuccessful convergence.
Time difference of 14.1239 mins
[1] "maxIt: 20"
[1] "It: 6"
 [1] "sigma:"             "0.99"               "0.99"              
 [4] "0.99"               "0.99"               "0.99"              
 [7] "0.99"               "0.99"               "0.99"              
[10] "0.99"               "0.99"               "0.99"              
[13] "0.99"               "0.99"               "0.99"              
[16] "0.99"               "0.99"               "0.99"              
[19] "0.99"               "0.99"               "0.99"              
[22] "0.99"               "0.99"               "0.99"              
[25] "0.99"               "0.982218100283227"  "0.982218100283227" 
[28] "0.99"               "0.99"               "0.985146488933878" 
[31] "0.985146488933878"  "0.977120738261965"  "0.977120738261965" 
[34] "0.950576357468955"  "0.950576357468955"  "0.665322143018283" 
[37] "0.665322143018283"  "0.0423158398273788" "0.0423158398273788"
[40] "0.0483933769264396" "0.0483933769264396" "beta :"            
[43] "1"                 
 [1] "sigma:"             "0.99"               "0.99"              
 [4] "0.99"               "0.99"               "0.99"              
 [7] "0.99"               "0.99"               "0.99"              
[10] "0.99"               "0.99"               "0.99"              
[13] "0.99"               "0.99"               "0.99"              
[16] "0.99"               "0.99"               "0.99"              
[19] "0.99"               "0.99"               "0.99"              
[22] "0.99"               "0.99"               "0.99"              
[25] "0.99"               "0.982218100283227"  "0.982218100283227" 
[28] "0.99"               "0.99"               "0.985146488933878" 
[31] "0.985146488933878"  "0.977120738261965"  "0.977120738261965" 
[34] "0.950576357468955"  "0.950576357468955"  "0.714822143018283" 
[37] "0.714822143018283"  "0.0423158398273788" "0.0423158398273788"
[40] "0.0483933769264396" "0.0483933769264396" "beta :"            
[43] "1"                 
[1] " old Likelihood:  -6393085.24280171"
[1] "New Likelihood:  -6392831.27046947"
iter:  0  f-value:  3917.865  pgrad:  0.9601781 
iter:  10  f-value:  3917.596  pgrad:  0.9563892 
iter:  20  f-value:  3917.582  pgrad:  0.9430778 
iter:  30  f-value:  3917.578  pgrad:  0.9978833 
iter:  40  f-value:  3917.577  pgrad:  0.7724339 
iter:  50  f-value:  3917.573  pgrad:  0.6410346 
  Unsuccessful convergence.
Time difference of 14.09571 mins
[1] "maxIt: 20"
[1] "It: 7"
 [1] "sigma:"             "0.99"               "0.99"              
 [4] "0.99"               "0.99"               "0.99"              
 [7] "0.99"               "0.99"               "0.99"              
[10] "0.99"               "0.99"               "0.99"              
[13] "0.99"               "0.99"               "0.99"              
[16] "0.99"               "0.99"               "0.99"              
[19] "0.99"               "0.99"               "0.99"              
[22] "0.99"               "0.99"               "0.99"              
[25] "0.99"               "0.985433628311863"  "0.985433628311863" 
[28] "0.99"               "0.99"               "0.987868285936485" 
[31] "0.987868285936485"  "0.977250754567225"  "0.977250754567225" 
[34] "0.947589882126323"  "0.947589882126323"  "0.722095208974457" 
[37] "0.722095208974457"  "0.0551045261231258" "0.0551045261231258"
[40] "0.052436332761893"  "0.052436332761893"  "beta :"            
[43] "1"                 
 [1] "sigma:"             "0.99"               "0.99"              
 [4] "0.99"               "0.99"               "0.99"              
 [7] "0.99"               "0.99"               "0.99"              
[10] "0.99"               "0.99"               "0.99"              
[13] "0.99"               "0.99"               "0.99"              
[16] "0.99"               "0.99"               "0.99"              
[19] "0.99"               "0.99"               "0.99"              
[22] "0.99"               "0.99"               "0.99"              
[25] "0.99"               "0.985433628311863"  "0.985433628311863" 
[28] "0.99"               "0.99"               "0.987868285936485" 
[31] "0.987868285936485"  "0.977250754567225"  "0.977250754567225" 
[34] "0.947589882126323"  "0.947589882126323"  "0.722095208974457" 
[37] "0.722095208974457"  "0.0056045261231258" "0.0056045261231258"
[40] "0.002936332761893"  "0.002936332761893"  "beta :"            
[43] "1"                 
[1] " old Likelihood:  -6392831.27046947"
[1] "New Likelihood:  -6392696.69518176"
iter:  0  f-value:  3952.548  pgrad:  0.9571615 
iter:  10  f-value:  3952.471  pgrad:  0.5155061 
iter:  20  f-value:  3952.47  pgrad:  0.4545473 
iter:  30  f-value:  3952.469  pgrad:  0.4021558 
iter:  40  f-value:  3952.468  pgrad:  0.3893092 
iter:  50  f-value:  3952.468  pgrad:  0.3617151 
  Unsuccessful convergence.
Time difference of 14.82965 mins
[1] "maxIt: 20"
[1] "It: 8"
 [1] "sigma:"              "0.99"                "0.99"               
 [4] "0.99"                "0.99"                "0.99"               
 [7] "0.99"                "0.99"                "0.99"               
[10] "0.99"                "0.99"                "0.99"               
[13] "0.99"                "0.99"                "0.99"               
[16] "0.99"                "0.99"                "0.99"               
[19] "0.99"                "0.99"                "0.99"               
[22] "0.99"                "0.99"                "0.99"               
[25] "0.99"                "0.986890940563797"   "0.986890940563797"  
[28] "0.99"                "0.99"                "0.989686576335575"  
[31] "0.989686576335575"   "0.97697795468438"    "0.97697795468438"   
[34] "0.945518471333957"   "0.945518471333957"   "0.725504678916732"  
[37] "0.725504678916732"   "0.0101963747534771"  "0.0101963747534771" 
[40] "0.00445476030676594" "0.00445476030676594" "beta :"             
[43] "1"                  
 [1] "sigma:"              "0.99"                "0.99"               
 [4] "0.99"                "0.99"                "0.99"               
 [7] "0.99"                "0.99"                "0.99"               
[10] "0.99"                "0.99"                "0.99"               
[13] "0.99"                "0.99"                "0.99"               
[16] "0.99"                "0.99"                "0.99"               
[19] "0.99"                "0.99"                "0.99"               
[22] "0.99"                "0.99"                "0.99"               
[25] "0.99"                "0.986890940563797"   "0.986890940563797"  
[28] "0.99"                "0.99"                "0.989686576335575"  
[31] "0.989686576335575"   "0.97697795468438"    "0.97697795468438"   
[34] "0.945518471333957"   "0.945518471333957"   "0.725504678916732"  
[37] "0.725504678916732"   "0.0101963747534771"  "0.0101963747534771" 
[40] "0.00445476030676594" "0.00445476030676594" "beta :"             
[43] "1"                  
[1] " old Likelihood:  -6392696.69518176"
[1] "New Likelihood:  -6392662.55465115"
iter:  0  f-value:  3941.974  pgrad:  0.9550692 
iter:  10  f-value:  3941.943  pgrad:  0.3943069 
iter:  20  f-value:  3941.942  pgrad:  0.3491959 
iter:  30  f-value:  3941.942  pgrad:  0.3084688 
iter:  40  f-value:  3941.941  pgrad:  0.5443606 
iter:  50  f-value:  3941.941  pgrad:  0.2410798 
  Unsuccessful convergence.
Time difference of 14.09063 mins
[1] "maxIt: 20"
[1] "It: 9"
 [1] "sigma:"              "0.99"                "0.99"               
 [4] "0.99"                "0.99"                "0.99"               
 [7] "0.99"                "0.99"                "0.99"               
[10] "0.99"                "0.99"                "0.99"               
[13] "0.99"                "0.99"                "0.99"               
[16] "0.99"                "0.99"                "0.99"               
[19] "0.99"                "0.99"                "0.99"               
[22] "0.99"                "0.99"                "0.99"               
[25] "0.99"                "0.987862759952979"   "0.987862759952979"  
[28] "0.99"                "0.99"                "0.99"               
[31] "0.99"                "0.977152276086826"   "0.977152276086826"  
[34] "0.943701282178044"   "0.943701282178044"   "0.727916921254526"  
[37] "0.727916921254526"   "0.0151255993636954"  "0.0151255993636954" 
[40] "0.00613882728979966" "0.00613882728979966" "beta :"             
[43] "1"                  
 [1] "sigma:"              "0.99"                "0.99"               
 [4] "0.99"                "0.99"                "0.99"               
 [7] "0.99"                "0.99"                "0.99"               
[10] "0.99"                "0.99"                "0.99"               
[13] "0.99"                "0.99"                "0.99"               
[16] "0.99"                "0.99"                "0.99"               
[19] "0.99"                "0.99"                "0.99"               
[22] "0.99"                "0.99"                "0.99"               
[25] "0.99"                "0.987862759952979"   "0.987862759952979"  
[28] "0.99"                "0.99"                "0.99"               
[31] "0.99"                "0.977152276086826"   "0.977152276086826"  
[34] "0.943701282178044"   "0.943701282178044"   "0.727916921254526"  
[37] "0.727916921254526"   "0.0151255993636954"  "0.0151255993636954" 
[40] "0.00613882728979967" "0.00613882728979967" "beta :"             
[43] "1"                  
[1] " old Likelihood:  -6392662.55465115"
[1] "New Likelihood:  -6392642.69721028"
iter:  0  f-value:  3934.838  pgrad:  0.9532336 
iter:  10  f-value:  3934.823  pgrad:  0.3171363 
iter:  20  f-value:  3934.822  pgrad:  0.2795696 
iter:  30  f-value:  3934.822  pgrad:  0.2527077 
iter:  40  f-value:  3934.822  pgrad:  0.2140405 
iter:  50  f-value:  3934.821  pgrad:  0.2046409 
  Unsuccessful convergence.
Time difference of 14.06813 mins
[1] "maxIt: 20"
[1] "It: 10"
 [1] "sigma:"              "0.99"                "0.99"               
 [4] "0.99"                "0.99"                "0.99"               
 [7] "0.99"                "0.99"                "0.99"               
[10] "0.99"                "0.99"                "0.99"               
[13] "0.99"                "0.99"                "0.99"               
[16] "0.99"                "0.99"                "0.99"               
[19] "0.99"                "0.99"                "0.99"               
[22] "0.99"                "0.99"                "0.99"               
[25] "0.99"                "0.98841128014578"    "0.98841128014578"   
[28] "0.99"                "0.99"                "0.99"               
[31] "0.99"                "0.977390471472152"   "0.977390471472152"  
[34] "0.942134186520091"   "0.942134186520091"   "0.729707398415275"  
[37] "0.729707398415275"   "0.0192297093053208"  "0.0192297093053208" 
[40] "0.00743134711188352" "0.00743134711188352" "beta :"             
[43] "1"                  
 [1] "sigma:"              "0.99"                "0.99"               
 [4] "0.99"                "0.99"                "0.99"               
 [7] "0.99"                "0.99"                "0.99"               
[10] "0.99"                "0.99"                "0.99"               
[13] "0.99"                "0.99"                "0.99"               
[16] "0.99"                "0.99"                "0.99"               
[19] "0.99"                "0.99"                "0.99"               
[22] "0.99"                "0.99"                "0.99"               
[25] "0.99"                "0.98841128014578"    "0.98841128014578"   
[28] "0.99"                "0.99"                "0.99"               
[31] "0.99"                "0.977390471472152"   "0.977390471472152"  
[34] "0.942134186520091"   "0.942134186520091"   "0.729707398415275"  
[37] "0.729707398415275"   "0.0687297093053208"  "0.0687297093053208" 
[40] "0.00743134711188352" "0.00743134711188352" "beta :"             
[43] "1"                  
[1] " old Likelihood:  -6392642.69721028"
[1] "New Likelihood:  -6392628.60199114"
iter:  0  f-value:  3887.852  pgrad:  0.9516507 
iter:  10  f-value:  3887.839  pgrad:  0.3840069 
iter:  20  f-value:  3887.838  pgrad:  0.3272544 
iter:  30  f-value:  3887.838  pgrad:  0.2799788 
iter:  40  f-value:  3887.837  pgrad:  0.2467641 
iter:  50  f-value:  3887.837  pgrad:  0.1915032 
  Unsuccessful convergence.
Time difference of 14.40692 mins
[1] "maxIt: 20"
[1] "It: 11"
 [1] "sigma:"              "0.99"                "0.99"               
 [4] "0.99"                "0.99"                "0.99"               
 [7] "0.99"                "0.99"                "0.99"               
[10] "0.99"                "0.99"                "0.99"               
[13] "0.99"                "0.99"                "0.99"               
[16] "0.99"                "0.99"                "0.99"               
[19] "0.99"                "0.99"                "0.99"               
[22] "0.99"                "0.99"                "0.99"               
[25] "0.99"                "0.988699370865994"   "0.988699370865994"  
[28] "0.99"                "0.99"                "0.99"               
[31] "0.99"                "0.977556445426137"   "0.977556445426137"  
[34] "0.940734207197182"   "0.940734207197182"   "0.731572940264211"  
[37] "0.731572940264211"   "0.0746692433111354"  "0.0746692433111354" 
[40] "0.00924044276776231" "0.00924044276776231" "beta :"             
[43] "1"                  
 [1] "sigma:"              "0.99"                "0.99"               
 [4] "0.99"                "0.99"                "0.99"               
 [7] "0.99"                "0.99"                "0.99"               
[10] "0.99"                "0.99"                "0.99"               
[13] "0.99"                "0.99"                "0.99"               
[16] "0.99"                "0.99"                "0.99"               
[19] "0.99"                "0.99"                "0.99"               
[22] "0.99"                "0.99"                "0.99"               
[25] "0.99"                "0.988699370865994"   "0.988699370865994"  
[28] "0.99"                "0.99"                "0.99"               
[31] "0.99"                "0.977556445426137"   "0.977556445426137"  
[34] "0.940734207197182"   "0.940734207197182"   "0.731572940264211"  
[37] "0.731572940264211"   "0.0746692433111354"  "0.0746692433111354" 
[40] "0.00924044276776231" "0.00924044276776231" "beta :"             
[43] "1"                  
[1] " old Likelihood:  -6392628.60199114"
[1] "New Likelihood:  -6392615.72113443"
iter:  0  f-value:  3884.27  pgrad:  0.9502366 
iter:  10  f-value:  3884.262  pgrad:  0.3346622 
iter:  20  f-value:  3884.261  pgrad:  0.2566412 
iter:  30  f-value:  3884.261  pgrad:  0.2338948 
iter:  40  f-value:  3884.26  pgrad:  0.1760009 
iter:  50  f-value:  3884.26  pgrad:  0.1634589 
  Unsuccessful convergence.
Time difference of 14.42227 mins
[1] "maxIt: 20"
[1] "It: 12"
 [1] "sigma:"             "0.99"               "0.99"              
 [4] "0.99"               "0.99"               "0.99"              
 [7] "0.99"               "0.99"               "0.99"              
[10] "0.99"               "0.99"               "0.99"              
[13] "0.99"               "0.99"               "0.99"              
[16] "0.99"               "0.99"               "0.99"              
[19] "0.99"               "0.99"               "0.99"              
[22] "0.99"               "0.99"               "0.99"              
[25] "0.99"               "0.988860737434554"  "0.988860737434554" 
[28] "0.99"               "0.99"               "0.99"              
[31] "0.99"               "0.977688134164711"  "0.977688134164711" 
[34] "0.939551093243641"  "0.939551093243641"  "0.732877503603624" 
[37] "0.732877503603624"  "0.0791595959597198" "0.0791595959597198"
[40] "0.0104928172477399" "0.0104928172477399" "beta :"            
[43] "1"                 
 [1] "sigma:"             "0.99"               "0.99"              
 [4] "0.99"               "0.99"               "0.99"              
 [7] "0.99"               "0.99"               "0.99"              
[10] "0.99"               "0.99"               "0.99"              
[13] "0.99"               "0.99"               "0.99"              
[16] "0.99"               "0.99"               "0.99"              
[19] "0.99"               "0.99"               "0.99"              
[22] "0.99"               "0.99"               "0.99"              
[25] "0.99"               "0.988860737434554"  "0.988860737434554" 
[28] "0.99"               "0.99"               "0.99"              
[31] "0.99"               "0.977688134164711"  "0.977688134164711" 
[34] "0.939551093243641"  "0.939551093243641"  "0.732877503603624" 
[37] "0.732877503603624"  "0.12865959595972"   "0.12865959595972"  
[40] "0.0104928172477399" "0.0104928172477399" "beta :"            
[43] "1"                 
[1] " old Likelihood:  -6392615.72113443"
[1] "New Likelihood:  -6392605.2613242"
iter:  0  f-value:  3836.347  pgrad:  0.9490415 
iter:  10  f-value:  3836.338  pgrad:  0.3886316 
iter:  20  f-value:  3836.337  pgrad:  0.2873185 
iter:  30  f-value:  3836.336  pgrad:  0.2622028 
iter:  40  f-value:  3836.336  pgrad:  0.2399793 
iter:  50  f-value:  3836.336  pgrad:  0.1764511 
  Unsuccessful convergence.
Time difference of 14.80383 mins
[1] "maxIt: 20"
[1] "It: 13"
 [1] "sigma:"             "0.99"               "0.99"              
 [4] "0.99"               "0.99"               "0.99"              
 [7] "0.99"               "0.99"               "0.99"              
[10] "0.99"               "0.99"               "0.99"              
[13] "0.99"               "0.99"               "0.99"              
[16] "0.99"               "0.99"               "0.99"              
[19] "0.99"               "0.99"               "0.99"              
[22] "0.99"               "0.99"               "0.99"              
[25] "0.99"               "0.988950263987783"  "0.988950263987783" 
[28] "0.99"               "0.99"               "0.99"              
[31] "0.99"               "0.977788792654364"  "0.977788792654364" 
[34] "0.938448734526272"  "0.938448734526272"  "0.734444493100678" 
[37] "0.734444493100678"  "0.13392834442965"   "0.13392834442965"  
[40] "0.0118788826947109" "0.0118788826947109" "beta :"            
[43] "1"                 
 [1] "sigma:"             "0.99"               "0.99"              
 [4] "0.99"               "0.99"               "0.99"              
 [7] "0.99"               "0.99"               "0.99"              
[10] "0.99"               "0.99"               "0.99"              
[13] "0.99"               "0.99"               "0.99"              
[16] "0.99"               "0.99"               "0.99"              
[19] "0.99"               "0.99"               "0.99"              
[22] "0.99"               "0.99"               "0.99"              
[25] "0.99"               "0.988950263987783"  "0.988950263987783" 
[28] "0.99"               "0.99"               "0.99"              
[31] "0.99"               "0.977788792654364"  "0.977788792654364" 
[34] "0.938448734526272"  "0.938448734526272"  "0.734444493100678" 
[37] "0.734444493100678"  "0.13392834442965"   "0.13392834442965"  
[40] "0.0118788826947108" "0.0118788826947108" "beta :"            
[43] "1"                 
[1] " old Likelihood:  -6392605.2613242"
[1] "New Likelihood:  -6392594.93790775"
iter:  0  f-value:  3834.07  pgrad:  0.947928 
iter:  10  f-value:  3834.065  pgrad:  0.2955221 
iter:  20  f-value:  3834.064  pgrad:  0.2416118 
iter:  30  f-value:  3834.064  pgrad:  0.2118986 
iter:  40  f-value:  3834.064  pgrad:  0.1968783 
iter:  50  f-value:  3834.064  pgrad:  0.1805483 
  Unsuccessful convergence.
Time difference of 14.78509 mins
[1] "maxIt: 20"
[1] "It: 14"
 [1] "sigma:"             "0.99"               "0.99"              
 [4] "0.99"               "0.99"               "0.99"              
 [7] "0.99"               "0.99"               "0.99"              
[10] "0.99"               "0.99"               "0.99"              
[13] "0.99"               "0.99"               "0.99"              
[16] "0.99"               "0.99"               "0.99"              
[19] "0.99"               "0.99"               "0.99"              
[22] "0.99"               "0.99"               "0.99"              
[25] "0.99"               "0.989006355535191"  "0.989006355535191" 
[28] "0.99"               "0.99"               "0.99"              
[31] "0.99"               "0.977883963527024"  "0.977883963527024" 
[34] "0.937502213719852"  "0.937502213719852"  "0.735610495171858" 
[37] "0.735610495171858"  "0.136595697448384"  "0.136595697448384" 
[40] "0.0124622386965927" "0.0124622386965927" "beta :"            
[43] "1"                 
 [1] "sigma:"             "0.99"               "0.99"              
 [4] "0.99"               "0.99"               "0.99"              
 [7] "0.99"               "0.99"               "0.99"              
[10] "0.99"               "0.99"               "0.99"              
[13] "0.99"               "0.99"               "0.99"              
[16] "0.99"               "0.99"               "0.99"              
[19] "0.99"               "0.99"               "0.99"              
[22] "0.99"               "0.99"               "0.99"              
[25] "0.99"               "0.989006355535191"  "0.989006355535191" 
[28] "0.99"               "0.99"               "0.99"              
[31] "0.99"               "0.977883963527024"  "0.977883963527024" 
[34] "0.937502213719852"  "0.937502213719852"  "0.735610495171858" 
[37] "0.735610495171858"  "0.186095697448384"  "0.186095697448384" 
[40] "0.0124622386965927" "0.0124622386965927" "beta :"            
[43] "1"                 
[1] " old Likelihood:  -6392594.93790775"
[1] "New Likelihood:  -6392586.66594413"
iter:  0  f-value:  3784.878  pgrad:  0.9469719 
iter:  10  f-value:  3784.871  pgrad:  0.379373 
iter:  20  f-value:  3784.87  pgrad:  0.4630262 
iter:  30  f-value:  3784.87  pgrad:  0.2227034 
iter:  40  f-value:  3784.87  pgrad:  0.2044499 
iter:  50  f-value:  3784.87  pgrad:  0.1519447 
  Unsuccessful convergence.
Time difference of 14.79014 mins
[1] "maxIt: 20"
[1] "It: 15"
 [1] "sigma:"             "0.99"               "0.99"              
 [4] "0.99"               "0.99"               "0.99"              
 [7] "0.99"               "0.99"               "0.99"              
[10] "0.99"               "0.99"               "0.99"              
[13] "0.99"               "0.99"               "0.99"              
[16] "0.99"               "0.99"               "0.99"              
[19] "0.99"               "0.99"               "0.99"              
[22] "0.99"               "0.99"               "0.99"              
[25] "0.99"               "0.989037387257832"  "0.989037387257832" 
[28] "0.99"               "0.99"               "0.99"              
[31] "0.99"               "0.977957448677775"  "0.977957448677775" 
[34] "0.936608468749599"  "0.936608468749599"  "0.736984424105377" 
[37] "0.736984424105377"  "0.190987323971061"  "0.190987323971061" 
[40] "0.0135922056272389" "0.0135922056272389" "beta :"            
[43] "1"                 
 [1] "sigma:"             "0.99"               "0.99"              
 [4] "0.99"               "0.99"               "0.99"              
 [7] "0.99"               "0.99"               "0.99"              
[10] "0.99"               "0.99"               "0.99"              
[13] "0.99"               "0.99"               "0.99"              
[16] "0.99"               "0.99"               "0.99"              
[19] "0.99"               "0.99"               "0.99"              
[22] "0.99"               "0.99"               "0.99"              
[25] "0.99"               "0.989037387257832"  "0.989037387257832" 
[28] "0.99"               "0.99"               "0.99"              
[31] "0.99"               "0.977957448677775"  "0.977957448677775" 
[34] "0.936608468749599"  "0.936608468749599"  "0.736984424105377" 
[37] "0.736984424105377"  "0.190987323971061"  "0.190987323971061" 
[40] "0.0135922056272389" "0.0135922056272389" "beta :"            
[43] "1"                 
[1] " old Likelihood:  -6392586.66594413"
[1] "New Likelihood:  -6392577.8869905"
iter:  0  f-value:  3783.238  pgrad:  0.9460692 
iter:  10  f-value:  3783.235  pgrad:  0.2646993 
iter:  20  f-value:  3783.234  pgrad:  0.1923036 
iter:  30  f-value:  3783.234  pgrad:  0.1558283 
iter:  40  f-value:  3783.234  pgrad:  0.1144417 
iter:  50  f-value:  3783.234  pgrad:  0.1016497 
  Unsuccessful convergence.
Time difference of 14.8009 mins
[1] "maxIt: 20"
[1] "It: 16"
 [1] "sigma:"             "0.99"               "0.99"              
 [4] "0.99"               "0.99"               "0.99"              
 [7] "0.99"               "0.99"               "0.99"              
[10] "0.99"               "0.99"               "0.99"              
[13] "0.99"               "0.99"               "0.99"              
[16] "0.99"               "0.99"               "0.99"              
[19] "0.99"               "0.99"               "0.99"              
[22] "0.99"               "0.99"               "0.99"              
[25] "0.99"               "0.989061359762507"  "0.989061359762507" 
[28] "0.99"               "0.99"               "0.99"              
[31] "0.99"               "0.978034611728138"  "0.978034611728138" 
[34] "0.935857303579475"  "0.935857303579475"  "0.737846234700121" 
[37] "0.737846234700121"  "0.194736943102642"  "0.194736943102642" 
[40] "0.0143724127304949" "0.0143724127304949" "beta :"            
[43] "1"                 
 [1] "sigma:"            "0.99"              "0.99"             
 [4] "0.99"              "0.99"              "0.99"             
 [7] "0.99"              "0.99"              "0.99"             
[10] "0.99"              "0.99"              "0.99"             
[13] "0.99"              "0.99"              "0.99"             
[16] "0.99"              "0.99"              "0.99"             
[19] "0.99"              "0.99"              "0.99"             
[22] "0.99"              "0.99"              "0.99"             
[25] "0.99"              "0.989061359762507" "0.989061359762507"
[28] "0.99"              "0.99"              "0.99"             
[31] "0.99"              "0.978034611728138" "0.978034611728138"
[34] "0.935857303579475" "0.935857303579475" "0.737846234700121"
[37] "0.737846234700121" "0.244236943102642" "0.244236943102642"
[40] "0.014372412730495" "0.014372412730495" "beta :"           
[43] "1"                
[1] " old Likelihood:  -6392577.8869905"
[1] "New Likelihood:  -6392571.22483714"
iter:  0  f-value:  3730.847  pgrad:  0.9453104 
iter:  10  f-value:  3730.841  pgrad:  0.3664991 
iter:  20  f-value:  3730.84  pgrad:  0.2740717 
iter:  30  f-value:  3730.84  pgrad:  0.2212983 
iter:  40  f-value:  3730.84  pgrad:  0.174241 
iter:  50  f-value:  3730.839  pgrad:  0.1177068 
  Unsuccessful convergence.
Time difference of 14.80964 mins
[1] "maxIt: 20"
[1] "It: 17"
 [1] "sigma:"             "0.99"               "0.99"              
 [4] "0.99"               "0.99"               "0.99"              
 [7] "0.99"               "0.99"               "0.99"              
[10] "0.99"               "0.99"               "0.99"              
[13] "0.99"               "0.99"               "0.99"              
[16] "0.99"               "0.99"               "0.99"              
[19] "0.99"               "0.99"               "0.99"              
[22] "0.99"               "0.99"               "0.99"              
[25] "0.99"               "0.989072037730305"  "0.989072037730305" 
[28] "0.99"               "0.99"               "0.99"              
[31] "0.99"               "0.978095550786877"  "0.978095550786877" 
[34] "0.935104881348197"  "0.935104881348197"  "0.739065092679544" 
[37] "0.739065092679544"  "0.248863581769304"  "0.248863581769304" 
[40] "0.0153355115984467" "0.0153355115984467" "beta :"            
[43] "1"                 
 [1] "sigma:"             "0.99"               "0.99"              
 [4] "0.99"               "0.99"               "0.99"              
 [7] "0.99"               "0.99"               "0.99"              
[10] "0.99"               "0.99"               "0.99"              
[13] "0.99"               "0.99"               "0.99"              
[16] "0.99"               "0.99"               "0.99"              
[19] "0.99"               "0.99"               "0.99"              
[22] "0.99"               "0.99"               "0.99"              
[25] "0.99"               "0.989072037730305"  "0.989072037730305" 
[28] "0.99"               "0.99"               "0.99"              
[31] "0.99"               "0.978095550786877"  "0.978095550786877" 
[34] "0.935104881348197"  "0.935104881348197"  "0.739065092679544" 
[37] "0.739065092679544"  "0.248863581769304"  "0.248863581769304" 
[40] "0.0153355115984467" "0.0153355115984467" "beta :"            
[43] "1"                 
[1] " old Likelihood:  -6392571.22483714"
[1] "New Likelihood:  -6392563.59337586"
iter:  0  f-value:  3729.631  pgrad:  0.9445504 
iter:  10  f-value:  3729.628  pgrad:  0.2293609 
iter:  20  f-value:  3729.627  pgrad:  0.1636317 
iter:  30  f-value:  3729.627  pgrad:  0.1036278 
iter:  40  f-value:  3729.627  pgrad:  0.0938644 
iter:  50  f-value:  3729.627  pgrad:  0.08265488 
  Unsuccessful convergence.
Time difference of 14.79553 mins
[1] "maxIt: 20"
[1] "It: 18"
 [1] "sigma:"             "0.99"               "0.99"              
 [4] "0.99"               "0.99"               "0.99"              
 [7] "0.99"               "0.99"               "0.99"              
[10] "0.99"               "0.99"               "0.99"              
[13] "0.99"               "0.99"               "0.99"              
[16] "0.99"               "0.99"               "0.99"              
[19] "0.99"               "0.99"               "0.99"              
[22] "0.99"               "0.99"               "0.99"              
[25] "0.99"               "0.989083471602796"  "0.989083471602796" 
[28] "0.99"               "0.99"               "0.99"              
[31] "0.99"               "0.978165854413979"  "0.978165854413979" 
[34] "0.934465374212427"  "0.934465374212427"  "0.739844966264467" 
[37] "0.739844966264467"  "0.251889284926369"  "0.251889284926369" 
[40] "0.0158608222881156" "0.0158608222881156" "beta :"            
[43] "1"                 
 [1] "sigma:"             "0.99"               "0.99"              
 [4] "0.99"               "0.99"               "0.99"              
 [7] "0.99"               "0.99"               "0.99"              
[10] "0.99"               "0.99"               "0.99"              
[13] "0.99"               "0.99"               "0.99"              
[16] "0.99"               "0.99"               "0.99"              
[19] "0.99"               "0.99"               "0.99"              
[22] "0.99"               "0.99"               "0.99"              
[25] "0.99"               "0.989083471602796"  "0.989083471602796" 
[28] "0.99"               "0.99"               "0.99"              
[31] "0.99"               "0.978165854413979"  "0.978165854413979" 
[34] "0.934465374212427"  "0.934465374212427"  "0.739844966264467" 
[37] "0.739844966264467"  "0.251889284926369"  "0.251889284926369" 
[40] "0.0158608222881156" "0.0158608222881156" "beta :"            
[43] "1"                 
[1] " old Likelihood:  -6392563.59337586"
[1] "New Likelihood:  -6392558.30229779"
iter:  0  f-value:  3727.631  pgrad:  0.9439044 
iter:  10  f-value:  3727.629  pgrad:  0.152163 
iter:  20  f-value:  3727.629  pgrad:  0.1148692 
iter:  30  f-value:  3727.629  pgrad:  0.1045328 
iter:  40  f-value:  3727.629  pgrad:  0.07025392 
iter:  50  f-value:  3727.629  pgrad:  0.05636139 
  Unsuccessful convergence.
Time difference of 14.7962 mins
[1] "maxIt: 20"
[1] "It: 19"
 [1] "sigma:"             "0.99"               "0.99"              
 [4] "0.99"               "0.99"               "0.99"              
 [7] "0.99"               "0.99"               "0.99"              
[10] "0.99"               "0.99"               "0.99"              
[13] "0.99"               "0.99"               "0.99"              
[16] "0.99"               "0.99"               "0.99"              
[19] "0.99"               "0.99"               "0.99"              
[22] "0.99"               "0.99"               "0.99"              
[25] "0.99"               "0.989085208696255"  "0.989085208696255" 
[28] "0.99"               "0.99"               "0.99"              
[31] "0.99"               "0.978240461951898"  "0.978240461951898" 
[34] "0.933892460283921"  "0.933892460283921"  "0.740422216815897" 
[37] "0.740422216815897"  "0.254239321463385"  "0.254239321463385" 
[40] "0.0161791667273325" "0.0161791667273325" "beta :"            
[43] "1"                 
 [1] "sigma:"             "0.99"               "0.99"              
 [4] "0.99"               "0.99"               "0.99"              
 [7] "0.99"               "0.99"               "0.99"              
[10] "0.99"               "0.99"               "0.99"              
[13] "0.99"               "0.99"               "0.99"              
[16] "0.99"               "0.99"               "0.99"              
[19] "0.99"               "0.99"               "0.99"              
[22] "0.99"               "0.99"               "0.99"              
[25] "0.99"               "0.989085208696255"  "0.989085208696255" 
[28] "0.99"               "0.99"               "0.99"              
[31] "0.99"               "0.978240461951898"  "0.978240461951898" 
[34] "0.933892460283921"  "0.933892460283921"  "0.740422216815897" 
[37] "0.740422216815897"  "0.303739321463385"  "0.303739321463385" 
[40] "0.0161791667273325" "0.0161791667273325" "beta :"            
[43] "1"                 
[1] " old Likelihood:  -6392558.30229779"
[1] "New Likelihood:  -6392554.03044374"
iter:  0  f-value:  3672.368  pgrad:  0.9310588 
iter:  10  f-value:  3672.363  pgrad:  0.3092191 
iter:  20  f-value:  3672.363  pgrad:  0.2821707 
iter:  30  f-value:  3672.362  pgrad:  0.1918852 
iter:  40  f-value:  3672.362  pgrad:  0.05955826 
iter:  50  f-value:  3672.362  pgrad:  0.05428774 
  Unsuccessful convergence.
Time difference of 14.79274 mins
[1] "maxIt: 20"
[1] "It: 20"
 [1] "sigma:"             "0.99"               "0.99"              
 [4] "0.99"               "0.99"               "0.99"              
 [7] "0.99"               "0.99"               "0.99"              
[10] "0.99"               "0.99"               "0.99"              
[13] "0.99"               "0.99"               "0.99"              
[16] "0.99"               "0.99"               "0.99"              
[19] "0.99"               "0.99"               "0.99"              
[22] "0.99"               "0.99"               "0.99"              
[25] "0.99"               "0.989084090341873"  "0.989084090341873" 
[28] "0.99"               "0.99"               "0.99"              
[31] "0.99"               "0.978293856802046"  "0.978293856802046" 
[34] "0.933292095317961"  "0.933292095317961"  "0.741385208002991" 
[37] "0.741385208002991"  "0.307908264380763"  "0.307908264380763" 
[40] "0.0168715825092988" "0.0168715825092988" "beta :"            
[43] "1"                 
 [1] "sigma:"             "0.99"               "0.99"              
 [4] "0.99"               "0.99"               "0.99"              
 [7] "0.99"               "0.99"               "0.99"              
[10] "0.99"               "0.99"               "0.99"              
[13] "0.99"               "0.99"               "0.99"              
[16] "0.99"               "0.99"               "0.99"              
[19] "0.99"               "0.99"               "0.99"              
[22] "0.99"               "0.99"               "0.99"              
[25] "0.99"               "0.989084090341873"  "0.989084090341873" 
[28] "0.99"               "0.99"               "0.99"              
[31] "0.99"               "0.978293856802046"  "0.978293856802046" 
[34] "0.933292095317961"  "0.933292095317961"  "0.741385208002991" 
[37] "0.741385208002991"  "0.307908264380763"  "0.307908264380763" 
[40] "0.0168715825092988" "0.0168715825092988" "beta :"            
[43] "1"                 
[1] " old Likelihood:  -6392554.03044374"
[1] "New Likelihood:  -6392548.34337006"
iter:  0  f-value:  3671.581  pgrad:  0.9427193 
iter:  10  f-value:  3671.579  pgrad:  0.1797571 
iter:  20  f-value:  3671.578  pgrad:  0.1330818 
iter:  30  f-value:  3671.578  pgrad:  0.08823918 
iter:  40  f-value:  3671.578  pgrad:  0.0756836 
iter:  50  f-value:  3671.578  pgrad:  0.06733899 
  Unsuccessful convergence.
Time difference of 14.79667 mins
 [1] "sigma:"             "0.99"               "0.99"              
 [4] "0.99"               "0.99"               "0.99"              
 [7] "0.99"               "0.99"               "0.99"              
[10] "0.99"               "0.99"               "0.99"              
[13] "0.99"               "0.99"               "0.99"              
[16] "0.99"               "0.99"               "0.99"              
[19] "0.99"               "0.99"               "0.99"              
[22] "0.99"               "0.99"               "0.99"              
[25] "0.99"               "0.989088908692926"  "0.989088908692926" 
[28] "0.99"               "0.99"               "0.99"              
[31] "0.99"               "0.978356809224999"  "0.978356809224999" 
[34] "0.93276264024468"   "0.93276264024468"   "0.742082924719587" 
[37] "0.742082924719587"  "0.309777967907067"  "0.309777967907067" 
[40] "0.0170802353979534" "0.0170802353979534" "beta :"            
[43] "1"                 
[1] 1999626 1999060 1998802 1999346 1997764
[1] 1 1 1 1 1
saved RDS
inference successful
