[1] "Original length"
[1] 999953
[1] "Final length"
[1] 18114
[1] "sequence length : 999954" "sequence length : 999807"
[3] "sequence length : 999618" "sequence length : 999924"
[5] "sequence length : 999459"
[1] 1 1 1 1 1
[1] "Beta: 1"
[1] "Self: 0"
[1] "maxIt: 20"
[1] "It: 1"
 [1] "sigma:" "0"      "0"      "0"      "0"      "0"      "0"      "0"     
 [9] "0"      "0"      "0"      "0"      "0"      "0"      "0"      "0"     
[17] "0"      "0"      "0"      "0"      "0"      "0"      "0"      "0"     
[25] "0"      "0"      "0"      "0"      "0"      "0"      "0"      "0"     
[33] "0"      "0"      "0"      "0"      "0"      "0"      "0"      "0"     
[41] "0"      "beta :" "1"     
 [1] "sigma:" "0.9405" "0.9405" "0.9405" "0.9405" "0.9405" "0.9405" "0.9405"
 [9] "0.9405" "0.9405" "0.9405" "0.9405" "0.9405" "0.9405" "0.9405" "0.9405"
[17] "0.9405" "0.9405" "0.9405" "0.9405" "0.9405" "0.9405" "0.9405" "0.9405"
[25] "0.9405" "0.9405" "0.9405" "0"      "0"      "0"      "0"      "0"     
[33] "0"      "0"      "0"      "0"      "0"      "0"      "0"      "0"     
[41] "0"      "beta :" "1"     
[1] "New Likelihood:  -8483685.21743208"
iter:  0  f-value:  22993.11  pgrad:  0.5 
iter:  10  f-value:  22981.18  pgrad:  0.9991522 
iter:  20  f-value:  22979.69  pgrad:  0.994817 
iter:  30  f-value:  22979.33  pgrad:  0.995863 
iter:  40  f-value:  22978.66  pgrad:  0.9900293 
iter:  50  f-value:  22978.53  pgrad:  0.9882011 
  Unsuccessful convergence.
Time difference of 2.236697 hours
[1] "maxIt: 20"
[1] "It: 2"
 [1] "sigma:"              "0.957620908291882"   "0.957620908291882"  
 [4] "0.949109846787671"   "0.949109846787671"   "0.952512990194811"  
 [7] "0.952512990194811"   "0.957184659714191"   "0.957184659714191"  
[10] "0.963249307851797"   "0.963249307851797"   "0.969452878101416"  
[13] "0.969452878101416"   "0.974259421974502"   "0.974259421974502"  
[16] "0.977980815249335"   "0.977980815249335"   "0.974245308963239"  
[19] "0.974245308963239"   "0.968624274825703"   "0.968624274825703"  
[22] "0.960206564973246"   "0.960206564973246"   "0.956040379820982"  
[25] "0.956040379820982"   "0.936930312034171"   "0.936930312034171"  
[28] "0"                   "0"                   "0.0206508386028598" 
[31] "0.0206508386028598"  "0.0396715559117426"  "0.0396715559117426" 
[34] "0.0455096962827723"  "0.0455096962827723"  "0.031605915801007"  
[37] "0.031605915801007"   "0.0117513382305379"  "0.0117513382305379" 
[40] "0.00145452159412525" "0.00145452159412525" "beta :"             
[43] "1"                  
 [1] "sigma:"              "0.957620908291882"   "0.957620908291882"  
 [4] "0.949109846787671"   "0.949109846787671"   "0.952512990194811"  
 [7] "0.952512990194811"   "0.957184659714191"   "0.957184659714191"  
[10] "0.963249307851797"   "0.963249307851797"   "0.969452878101416"  
[13] "0.969452878101416"   "0.974259421974502"   "0.974259421974502"  
[16] "0.977980815249335"   "0.977980815249335"   "0.974245308963239"  
[19] "0.974245308963239"   "0.968624274825703"   "0.968624274825703"  
[22] "0.960206564973246"   "0.960206564973246"   "0.956040379820982"  
[25] "0.956040379820982"   "0.986430312034171"   "0.986430312034171"  
[28] "0.1485"              "0.1485"              "0.0206508386028598" 
[31] "0.0206508386028598"  "0.0396715559117426"  "0.0396715559117426" 
[34] "0.0455096962827723"  "0.0455096962827723"  "0.031605915801007"  
[37] "0.031605915801007"   "0.0117513382305379"  "0.0117513382305379" 
[40] "0.00145452159412525" "0.00145452159412525" "beta :"             
[43] "1"                  
[1] " old Likelihood:  -8483685.21743208"
[1] "New Likelihood:  -8479078.65381353"
iter:  0  f-value:  22727.64  pgrad:  0.4975711 
iter:  10  f-value:  22723.26  pgrad:  0.9981532 
iter:  20  f-value:  22723.06  pgrad:  0.994115 
iter:  30  f-value:  22723.01  pgrad:  0.9857656 
iter:  40  f-value:  22722.94  pgrad:  0.9845421 
iter:  50  f-value:  22722.9  pgrad:  0.9838179 
  Unsuccessful convergence.
Time difference of 18.99221 mins
[1] "maxIt: 20"
[1] "It: 3"
 [1] "sigma:"             "0.966000995798161"  "0.966000995798161" 
 [4] "0.953209638356298"  "0.953209638356298"  "0.958167412522993" 
 [7] "0.958167412522993"  "0.964929309454364"  "0.964929309454364" 
[10] "0.973658038155242"  "0.973658038155242"  "0.98243143481543"  
[13] "0.98243143481543"   "0.989077117266149"  "0.989077117266149" 
[16] "0.99"               "0.99"               "0.989721397441767" 
[19] "0.989721397441767"  "0.981933803974616"  "0.981933803974616" 
[22] "0.971127135370107"  "0.971127135370107"  "0.963344251344887" 
[25] "0.963344251344887"  "0.982723991615388"  "0.982723991615388" 
[28] "0.147235483497402"  "0.147235483497402"  "0.0268161840673276"
[31] "0.0268161840673276" "0.0517752605178672" "0.0517752605178672"
[34] "0.062928107702711"  "0.062928107702711"  "0.045803712426517" 
[37] "0.045803712426517"  "0.0174431339684085" "0.0174431339684085"
[40] "0.0021596957933041" "0.0021596957933041" "beta :"            
[43] "1"                 
 [1] "sigma:"              "0.966000995798161"   "0.966000995798161"  
 [4] "0.953209638356298"   "0.953209638356298"   "0.958167412522993"  
 [7] "0.958167412522993"   "0.964929309454364"   "0.964929309454364"  
[10] "0.973658038155242"   "0.973658038155242"   "0.98243143481543"   
[13] "0.98243143481543"    "0.989077117266149"   "0.989077117266149"  
[16] "0.99"                "0.99"                "0.989721397441767"  
[19] "0.989721397441767"   "0.981933803974616"   "0.981933803974616"  
[22] "0.971127135370107"   "0.971127135370107"   "0.963344251344887"  
[25] "0.963344251344887"   "0.982723991615388"   "0.982723991615388"  
[28] "0.196735483497402"   "0.196735483497402"   "0.175316184067328"  
[31] "0.175316184067328"   "0.00227526051786719" "0.00227526051786719"
[34] "0.013428107702711"   "0.013428107702711"   "0.045803712426517"  
[37] "0.045803712426517"   "0.0174431339684086"  "0.0174431339684086" 
[40] "0.0021596957933041"  "0.0021596957933041"  "beta :"             
[43] "1"                  
[1] " old Likelihood:  -8479078.65381353"
[1] "New Likelihood:  -8477516.08687045"
iter:  0  f-value:  22650.31  pgrad:  0.6340269 
iter:  10  f-value:  22648.65  pgrad:  0.9971563 
iter:  20  f-value:  22648.53  pgrad:  0.9958492 
iter:  30  f-value:  22648.47  pgrad:  0.9940903 
iter:  40  f-value:  22648.44  pgrad:  0.9926398 
iter:  50  f-value:  22648.38  pgrad:  0.989848 
  Unsuccessful convergence.
Time difference of 20.46818 mins
[1] "maxIt: 20"
[1] "It: 4"
 [1] "sigma:"              "0.974886862366629"   "0.974886862366629"  
 [4] "0.957447539837143"   "0.957447539837143"   "0.963958635855941"  
 [7] "0.963958635855941"   "0.972771551562631"   "0.972771551562631"  
[10] "0.984114935707555"   "0.984114935707555"   "0.99"               
[13] "0.99"                "0.99"                "0.99"               
[16] "0.99"                "0.99"                "0.99"               
[19] "0.99"                "0.99"                "0.99"               
[22] "0.98094776346524"    "0.98094776346524"    "0.969509915466123"  
[25] "0.969509915466123"   "0.978036828400651"   "0.978036828400651"  
[28] "0.18985949851758"    "0.18985949851758"    "0.185681902786057"  
[31] "0.185681902786057"   "0.0100974164683389"  "0.0100974164683389" 
[34] "0.0267069636233731"  "0.0267069636233731"  "0.0585070475749103" 
[37] "0.0585070475749103"  "0.0229606120310162"  "0.0229606120310162" 
[40] "0.00288369717907492" "0.00288369717907492" "beta :"             
[43] "1"                  
 [1] "sigma:"              "0.974886862366629"   "0.974886862366629"  
 [4] "0.957447539837143"   "0.957447539837143"   "0.963958635855941"  
 [7] "0.963958635855941"   "0.972771551562631"   "0.972771551562631"  
[10] "0.984114935707555"   "0.984114935707555"   "0.99"               
[13] "0.99"                "0.99"                "0.99"               
[16] "0.99"                "0.99"                "0.99"               
[19] "0.99"                "0.99"                "0.99"               
[22] "0.98094776346524"    "0.98094776346524"    "0.969509915466123"  
[25] "0.969509915466123"   "0.978036828400651"   "0.978036828400651"  
[28] "0.14035949851758"    "0.14035949851758"    "0.334181902786057"  
[31] "0.334181902786057"   "0.0100974164683389"  "0.0100974164683389" 
[34] "0.0267069636233731"  "0.0267069636233731"  "0.00900704757491032"
[37] "0.00900704757491032" "0.0229606120310162"  "0.0229606120310162" 
[40] "0.00288369717907492" "0.00288369717907492" "beta :"             
[43] "1"                  
[1] " old Likelihood:  -8477516.08687045"
[1] "New Likelihood:  -8476847.37347596"
iter:  0  f-value:  22473.3  pgrad:  0.4944869 
iter:  10  f-value:  22472.57  pgrad:  0.9902081 
iter:  20  f-value:  22472.54  pgrad:  0.9890011 
iter:  30  f-value:  22472.51  pgrad:  0.9861488 
iter:  40  f-value:  22472.48  pgrad:  0.9851599 
iter:  50  f-value:  22472.46  pgrad:  0.9839024 
  Unsuccessful convergence.
Time difference of 20.58306 mins
[1] "maxIt: 20"
[1] "It: 5"
 [1] "sigma:"              "0.981474454450721"   "0.981474454450721"  
 [4] "0.960438975950808"   "0.960438975950808"   "0.967994277527456"  
 [7] "0.967994277527456"   "0.978118356649893"   "0.978118356649893"  
[10] "0.99"                "0.99"                "0.99"               
[13] "0.99"                "0.99"                "0.99"               
[16] "0.99"                "0.99"                "0.99"               
[19] "0.99"                "0.99"                "0.99"               
[22] "0.988675272729432"   "0.988675272729432"   "0.973852464199794"  
[25] "0.973852464199794"   "0.974293038460823"   "0.974293038460823"  
[28] "0.136023606945523"   "0.136023606945523"   "0.336121035152209"  
[31] "0.336121035152209"   "0.0159619437989848"  "0.0159619437989848" 
[34] "0.0361620227176706"  "0.0361620227176706"  "0.0177460932393027" 
[37] "0.0177460932393027"  "0.0270171521889353"  "0.0270171521889353" 
[40] "0.00338330154875537" "0.00338330154875537" "beta :"             
[43] "1"                  
 [1] "sigma:"              "0.981474454450721"   "0.981474454450721"  
 [4] "0.960438975950808"   "0.960438975950808"   "0.967994277527456"  
 [7] "0.967994277527456"   "0.978118356649893"   "0.978118356649893"  
[10] "0.99"                "0.99"                "0.99"               
[13] "0.99"                "0.99"                "0.99"               
[16] "0.99"                "0.99"                "0.99"               
[19] "0.99"                "0.99"                "0.99"               
[22] "0.988675272729432"   "0.988675272729432"   "0.973852464199794"  
[25] "0.973852464199794"   "0.974293038460823"   "0.974293038460823"  
[28] "0.086523606945523"   "0.086523606945523"   "0.385621035152209"  
[31] "0.385621035152209"   "0.0159619437989847"  "0.0159619437989847" 
[34] "0.0361620227176706"  "0.0361620227176706"  "0.0177460932393027" 
[37] "0.0177460932393027"  "0.0270171521889353"  "0.0270171521889353" 
[40] "0.00338330154875537" "0.00338330154875537" "beta :"             
[43] "1"                  
[1] " old Likelihood:  -8476847.37347596"
[1] "New Likelihood:  -8476588.95037757"
iter:  0  f-value:  22490.39  pgrad:  0.517409 
iter:  10  f-value:  22490.06  pgrad:  0.9841383 
iter:  20  f-value:  22490.04  pgrad:  0.9828498 
iter:  30  f-value:  22490.03  pgrad:  0.982219 
iter:  40  f-value:  22490.01  pgrad:  0.9772516 
iter:  50  f-value:  22490  pgrad:  0.9756281 
  Unsuccessful convergence.
Time difference of 19.1178 mins
[1] "maxIt: 20"
[1] "It: 6"
 [1] "sigma:"              "0.986715279755483"   "0.986715279755483"  
 [4] "0.96277842774164"    "0.96277842774164"    "0.971083258356649"  
 [7] "0.971083258356649"   "0.982108503805658"   "0.982108503805658"  
[10] "0.99"                "0.99"                "0.99"               
[13] "0.99"                "0.99"                "0.99"               
[16] "0.99"                "0.99"                "0.99"               
[19] "0.99"                "0.99"                "0.99"               
[22] "0.99"                "0.99"                "0.978645376591542"  
[25] "0.978645376591542"   "0.971167371398124"   "0.971167371398124"  
[28] "0.0837263674623093"  "0.0837263674623093"  "0.386543095642978"  
[31] "0.386543095642978"   "0.0195178452742362"  "0.0195178452742362" 
[34] "0.0426892755004767"  "0.0426892755004767"  "0.0241437095501973" 
[37] "0.0241437095501973"  "0.0300774019162358"  "0.0300774019162358" 
[40] "0.00377673501820964" "0.00377673501820964" "beta :"             
[43] "1"                  
 [1] "sigma:"              "0.986715279755483"   "0.986715279755483"  
 [4] "0.96277842774164"    "0.96277842774164"    "0.971083258356649"  
 [7] "0.971083258356649"   "0.982108503805658"   "0.982108503805658"  
[10] "0.99"                "0.99"                "0.99"               
[13] "0.99"                "0.99"                "0.99"               
[16] "0.99"                "0.99"                "0.99"               
[19] "0.99"                "0.99"                "0.99"               
[22] "0.99"                "0.99"                "0.978645376591542"  
[25] "0.978645376591542"   "0.971167371398124"   "0.971167371398124"  
[28] "0.0342263674623093"  "0.0342263674623093"  "0.436043095642978"  
[31] "0.436043095642978"   "0.0195178452742362"  "0.0195178452742362" 
[34] "0.0426892755004767"  "0.0426892755004767"  "0.0241437095501973" 
[37] "0.0241437095501973"  "0.0300774019162358"  "0.0300774019162358" 
[40] "0.00377673501820964" "0.00377673501820964" "beta :"             
[43] "1"                  
[1] " old Likelihood:  -8476588.95037757"
[1] "New Likelihood:  -8476464.26275555"
iter:  0  f-value:  22462.74  pgrad:  0.5168626 
iter:  10  f-value:  22462.55  pgrad:  0.9808016 
iter:  20  f-value:  22462.53  pgrad:  0.9738561 
iter:  30  f-value:  22462.52  pgrad:  0.9725042 
iter:  40  f-value:  22462.52  pgrad:  0.971996 
iter:  50  f-value:  22462.51  pgrad:  0.969108 
  Unsuccessful convergence.
Time difference of 18.39625 mins
[1] "maxIt: 20"
[1] "It: 7"
 [1] "sigma:"              "0.99"                "0.99"               
 [4] "0.964820070923081"   "0.964820070923081"   "0.973669985761415"  
 [7] "0.973669985761415"   "0.985219389267153"   "0.985219389267153"  
[10] "0.99"                "0.99"                "0.99"               
[13] "0.99"                "0.99"                "0.99"               
[16] "0.99"                "0.99"                "0.99"               
[19] "0.99"                "0.99"                "0.99"               
[22] "0.99"                "0.99"                "0.982243296836869"  
[25] "0.982243296836869"   "0.96858217210511"    "0.96858217210511"   
[28] "0.0317525371268194"  "0.0317525371268194"  "0.435647040569022"  
[31] "0.435647040569022"   "0.0230383097458208"  "0.0230383097458208" 
[34] "0.0492656072060021"  "0.0492656072060021"  "0.0305967267709087" 
[37] "0.0305967267709087"  "0.0332449450940222"  "0.0332449450940222" 
[40] "0.00415730859550034" "0.00415730859550034" "beta :"             
[43] "1"                  
 [1] "sigma:"              "0.99"                "0.99"               
 [4] "0.964820070923081"   "0.964820070923081"   "0.973669985761415"  
 [7] "0.973669985761415"   "0.985219389267153"   "0.985219389267153"  
[10] "0.99"                "0.99"                "0.99"               
[13] "0.99"                "0.99"                "0.99"               
[16] "0.99"                "0.99"                "0.99"               
[19] "0.99"                "0.99"                "0.99"               
[22] "0.99"                "0.99"                "0.982243296836869"  
[25] "0.982243296836869"   "0.96858217210511"    "0.96858217210511"   
[28] "0.0317525371268194"  "0.0317525371268194"  "0.435647040569022"  
[31] "0.435647040569022"   "0.0230383097458208"  "0.0230383097458208" 
[34] "0.049265607206002"   "0.049265607206002"   "0.0305967267709087" 
[37] "0.0305967267709087"  "0.0332449450940222"  "0.0332449450940222" 
[40] "0.00415730859550034" "0.00415730859550034" "beta :"             
[43] "1"                  
[1] " old Likelihood:  -8476464.26275555"
[1] "New Likelihood:  -8476393.6407508"
iter:  0  f-value:  22516.67  pgrad:  0.9783658 
iter:  10  f-value:  22516.57  pgrad:  0.968825 
iter:  20  f-value:  22516.56  pgrad:  0.9679578 
iter:  30  f-value:  22516.56  pgrad:  0.966508 
iter:  40  f-value:  22516.55  pgrad:  0.9661258 
iter:  50  f-value:  22516.55  pgrad:  0.9531868 
  Unsuccessful convergence.
Time difference of 18.07172 mins
[1] "maxIt: 20"
[1] "It: 8"
 [1] "sigma:"              "0.99"                "0.99"               
 [4] "0.966567248511804"   "0.966567248511804"   "0.975731016141798"  
 [7] "0.975731016141798"   "0.987404241963411"   "0.987404241963411"  
[10] "0.99"                "0.99"                "0.99"               
[13] "0.99"                "0.99"                "0.99"               
[16] "0.99"                "0.99"                "0.99"               
[19] "0.99"                "0.99"                "0.99"               
[22] "0.99"                "0.99"                "0.984647888876638"  
[25] "0.984647888876638"   "0.966429600771868"   "0.966429600771868"  
[28] "0.0291271075270791"  "0.0291271075270791"  "0.434954278099898"  
[31] "0.434954278099898"   "0.0256635947536759"  "0.0256635947536759" 
[34] "0.0546874145214219"  "0.0546874145214219"  "0.0363142998262396" 
[37] "0.0363142998262396"  "0.0361732172340701"  "0.0361732172340701" 
[40] "0.00451500518194809" "0.00451500518194809" "beta :"             
[43] "1"                  
 [1] "sigma:"              "0.99"                "0.99"               
 [4] "0.966567248511804"   "0.966567248511804"   "0.975731016141798"  
 [7] "0.975731016141798"   "0.987404241963411"   "0.987404241963411"  
[10] "0.99"                "0.99"                "0.99"               
[13] "0.99"                "0.99"                "0.99"               
[16] "0.99"                "0.99"                "0.99"               
[19] "0.99"                "0.99"                "0.99"               
[22] "0.99"                "0.99"                "0.984647888876638"  
[25] "0.984647888876638"   "0.966429600771868"   "0.966429600771868"  
[28] "0.0291271075270791"  "0.0291271075270791"  "0.434954278099898"  
[31] "0.434954278099898"   "0.0751635947536759"  "0.0751635947536759" 
[34] "0.00518741452142187" "0.00518741452142187" "0.0363142998262396" 
[37] "0.0363142998262396"  "0.0361732172340701"  "0.0361732172340701" 
[40] "0.00451500518194809" "0.00451500518194809" "beta :"             
[43] "1"                  
[1] " old Likelihood:  -8476393.6407508"
[1] "New Likelihood:  -8476347.0096075"
iter:  0  f-value:  22541.28  pgrad:  0.9761915 
iter:  10  f-value:  22541.23  pgrad:  0.9631894 
iter:  20  f-value:  22541.22  pgrad:  0.9624957 
iter:  30  f-value:  22541.22  pgrad:  0.912114 
iter:  40  f-value:  22541.22  pgrad:  0.8946881 
iter:  50  f-value:  22541.21  pgrad:  0.7574272 
  Unsuccessful convergence.
Time difference of 19.10607 mins
[1] "maxIt: 20"
[1] "It: 9"
 [1] "sigma:"              "0.99"                "0.99"               
 [4] "0.967835538233555"   "0.967835538233555"   "0.977117832659738"  
 [7] "0.977117832659738"   "0.988636470669614"   "0.988636470669614"  
[10] "0.99"                "0.99"                "0.989720072690684"  
[13] "0.989720072690684"   "0.99"                "0.99"               
[16] "0.99"                "0.99"                "0.99"               
[19] "0.99"                "0.99"                "0.99"               
[22] "0.99"                "0.99"                "0.986368979076046"  
[25] "0.986368979076046"   "0.964546874082835"   "0.964546874082835"  
[28] "0.0263104624426994"  "0.0263104624426994"  "0.433559153191581"  
[31] "0.433559153191581"   "0.0773881194240868"  "0.0773881194240868" 
[34] "0.00908949955626716" "0.00908949955626716" "0.0405808365485797" 
[37] "0.0405808365485797"  "0.0383737026185542"  "0.0383737026185542" 
[40] "0.00477054764645123" "0.00477054764645123" "beta :"             
[43] "1"                  
 [1] "sigma:"              "0.99"                "0.99"               
 [4] "0.967835538233555"   "0.967835538233555"   "0.977117832659738"  
 [7] "0.977117832659738"   "0.988636470669614"   "0.988636470669614"  
[10] "0.99"                "0.99"                "0.989720072690684"  
[13] "0.989720072690684"   "0.99"                "0.99"               
[16] "0.99"                "0.99"                "0.99"               
[19] "0.99"                "0.99"                "0.99"               
[22] "0.99"                "0.99"                "0.986368979076046"  
[25] "0.986368979076046"   "0.964546874082835"   "0.964546874082835"  
[28] "0.0263104624426994"  "0.0263104624426994"  "0.433559153191581"  
[31] "0.433559153191581"   "0.126888119424087"   "0.126888119424087"  
[34] "0.00908949955626716" "0.00908949955626716" "0.0405808365485797" 
[37] "0.0405808365485797"  "0.0383737026185542"  "0.0383737026185542" 
[40] "0.00477054764645122" "0.00477054764645122" "beta :"             
[43] "1"                  
[1] " old Likelihood:  -8476347.0096075"
[1] "New Likelihood:  -8476321.93013334"
iter:  0  f-value:  22416.12  pgrad:  0.9742898 
iter:  10  f-value:  22416.06  pgrad:  0.9692303 
iter:  20  f-value:  22416.06  pgrad:  0.9896898 
iter:  30  f-value:  22416.06  pgrad:  0.8681673 
iter:  40  f-value:  22416.06  pgrad:  0.8214556 
iter:  50  f-value:  22416.05  pgrad:  0.7776543 
  Unsuccessful convergence.
Time difference of 18.35751 mins
[1] "maxIt: 20"
[1] "It: 10"
 [1] "sigma:"             "0.99"               "0.99"              
 [4] "0.968644812309573"  "0.968644812309573"  "0.977954797620238" 
 [7] "0.977954797620238"  "0.98927616808279"   "0.98927616808279"  
[10] "0.99"               "0.99"               "0.989179498234247" 
[13] "0.989179498234247"  "0.989929998040818"  "0.989929998040818" 
[16] "0.99"               "0.99"               "0.99"              
[19] "0.99"               "0.99"               "0.99"              
[22] "0.99"               "0.99"               "0.987666141732985" 
[25] "0.987666141732985"  "0.96281650856228"   "0.96281650856228"  
[28] "0.0239846084672666" "0.0239846084672666" "0.432459953681206" 
[31] "0.432459953681206"  "0.128621687111116"  "0.128621687111116" 
[34] "0.0121079048172438" "0.0121079048172438" "0.0435548598304238"
[37] "0.0435548598304238" "0.0398035422353566" "0.0398035422353566"
[40] "0.004931678489826"  "0.004931678489826"  "beta :"            
[43] "1"                 
 [1] "sigma:"             "0.99"               "0.99"              
 [4] "0.968644812309573"  "0.968644812309573"  "0.977954797620238" 
 [7] "0.977954797620238"  "0.98927616808279"   "0.98927616808279"  
[10] "0.99"               "0.99"               "0.989179498234247" 
[13] "0.989179498234247"  "0.989929998040818"  "0.989929998040818" 
[16] "0.99"               "0.99"               "0.99"              
[19] "0.99"               "0.99"               "0.99"              
[22] "0.99"               "0.99"               "0.987666141732985" 
[25] "0.987666141732985"  "0.96281650856228"   "0.96281650856228"  
[28] "0.0239846084672666" "0.0239846084672666" "0.432459953681206" 
[31] "0.432459953681206"  "0.128621687111116"  "0.128621687111116" 
[34] "0.0121079048172438" "0.0121079048172438" "0.0435548598304238"
[37] "0.0435548598304238" "0.0398035422353566" "0.0398035422353566"
[40] "0.004931678489826"  "0.004931678489826"  "beta :"            
[43] "1"                 
[1] " old Likelihood:  -8476321.93013334"
[1] "New Likelihood:  -8476303.51226266"
iter:  0  f-value:  22453.02  pgrad:  0.9725419 
iter:  10  f-value:  22452.99  pgrad:  0.7787094 
iter:  20  f-value:  22452.98  pgrad:  0.7208655 
iter:  30  f-value:  22452.98  pgrad:  0.6994014 
iter:  40  f-value:  22452.98  pgrad:  0.5663605 
iter:  50  f-value:  22452.98  pgrad:  0.5248512 
  Unsuccessful convergence.
Time difference of 18.57854 mins
[1] "maxIt: 20"
[1] "It: 11"
 [1] "sigma:"              "0.99"                "0.99"               
 [4] "0.970032125217799"   "0.970032125217799"   "0.979373187732931"  
 [7] "0.979373187732931"   "0.99"                "0.99"               
[10] "0.98999470738647"    "0.98999470738647"    "0.988048552336804"  
[13] "0.988048552336804"   "0.989825585918825"   "0.989825585918825"  
[16] "0.99"                "0.99"                "0.99"               
[19] "0.99"                "0.99"                "0.99"               
[22] "0.99"                "0.99"                "0.988656540451442"  
[25] "0.988656540451442"   "0.961465350098143"   "0.961465350098143"  
[28] "0.0200791029670943"  "0.0200791029670943"  "0.430515558127407"  
[31] "0.430515558127407"   "0.130933341660916"   "0.130933341660916"  
[34] "0.0162085804431211"  "0.0162085804431211"  "0.0476877682344189" 
[37] "0.0476877682344189"  "0.0418869803300542"  "0.0418869803300542" 
[40] "0.00516383309779466" "0.00516383309779466" "beta :"             
[43] "1"                  
 [1] "sigma:"              "0.99"                "0.99"               
 [4] "0.970032125217799"   "0.970032125217799"   "0.979373187732931"  
 [7] "0.979373187732931"   "0.99"                "0.99"               
[10] "0.98999470738647"    "0.98999470738647"    "0.988048552336804"  
[13] "0.988048552336804"   "0.989825585918825"   "0.989825585918825"  
[16] "0.99"                "0.99"                "0.99"               
[19] "0.99"                "0.99"                "0.99"               
[22] "0.99"                "0.99"                "0.988656540451442"  
[25] "0.988656540451442"   "0.961465350098143"   "0.961465350098143"  
[28] "0.0200791029670943"  "0.0200791029670943"  "0.430515558127407"  
[31] "0.430515558127407"   "0.180433341660916"   "0.180433341660916"  
[34] "0.0162085804431211"  "0.0162085804431211"  "0.0476877682344189" 
[37] "0.0476877682344189"  "0.0418869803300542"  "0.0418869803300542" 
[40] "0.00516383309779466" "0.00516383309779466" "beta :"             
[43] "1"                  
[1] " old Likelihood:  -8476303.51226266"
[1] "New Likelihood:  -8476289.67152996"
iter:  0  f-value:  22314.65  pgrad:  0.9711771 
iter:  10  f-value:  22314.62  pgrad:  0.8438656 
iter:  20  f-value:  22314.61  pgrad:  0.7759081 
iter:  30  f-value:  22314.61  pgrad:  0.6920891 
iter:  40  f-value:  22314.61  pgrad:  0.6308619 
iter:  50  f-value:  22314.6  pgrad:  0.2107845 
  Unsuccessful convergence.
Time difference of 18.5384 mins
[1] "maxIt: 20"
[1] "It: 12"
 [1] "sigma:"              "0.99"                "0.99"               
 [4] "0.973108376532065"   "0.973108376532065"   "0.982539846393396"  
 [7] "0.982539846393396"   "0.99"                "0.99"               
[10] "0.99"                "0.99"                "0.985969026375932"  
[13] "0.985969026375932"   "0.99"                "0.99"               
[16] "0.99"                "0.99"                "0.99"               
[19] "0.99"                "0.99"                "0.99"               
[22] "0.99"                "0.99"                "0.989387195174263"  
[25] "0.989387195174263"   "0.960590916148414"   "0.960590916148414"  
[28] "0.0112218420484468"  "0.0112218420484468"  "0.427563013096468"  
[31] "0.427563013096468"   "0.186137198888575"   "0.186137198888575"  
[34] "0.0251825179926098"  "0.0251825179926098"  "0.0561657250488056" 
[37] "0.0561657250488056"  "0.0459468620899411"  "0.0459468620899411" 
[40] "0.00559052066188518" "0.00559052066188518" "beta :"             
[43] "1"                  
 [1] "sigma:"              "0.99"                "0.99"               
 [4] "0.973108376532065"   "0.973108376532065"   "0.982539846393396"  
 [7] "0.982539846393396"   "0.99"                "0.99"               
[10] "0.99"                "0.99"                "0.985969026375932"  
[13] "0.985969026375932"   "0.99"                "0.99"               
[16] "0.99"                "0.99"                "0.99"               
[19] "0.99"                "0.99"                "0.99"               
[22] "0.99"                "0.99"                "0.989387195174263"  
[25] "0.989387195174263"   "0.960590916148414"   "0.960590916148414"  
[28] "0.0112218420484468"  "0.0112218420484468"  "0.378063013096468"  
[31] "0.378063013096468"   "0.235637198888575"   "0.235637198888575"  
[34] "0.0251825179926098"  "0.0251825179926098"  "0.00666572504880559"
[37] "0.00666572504880559" "0.0459468620899411"  "0.0459468620899411" 
[40] "0.00559052066188518" "0.00559052066188518" "beta :"             
[43] "1"                  
[1] " old Likelihood:  -8476289.67152996"
[1] "New Likelihood:  -8476261.33028349"
iter:  0  f-value:  22463.17  pgrad:  0.9702939 
iter:  10  f-value:  22463.16  pgrad:  0.7230483 
iter:  20  f-value:  22463.16  pgrad:  0.4491085 
iter:  30  f-value:  22463.16  pgrad:  0.4206595 
iter:  40  f-value:  22463.15  pgrad:  0.3171954 
iter:  50  f-value:  22463.15  pgrad:  0.3120658 
  Unsuccessful convergence.
Time difference of 19.47106 mins
[1] "maxIt: 20"
[1] "It: 13"
 [1] "sigma:"              "0.99"                "0.99"               
 [4] "0.974512004830918"   "0.974512004830918"   "0.983969282295058"  
 [7] "0.983969282295058"   "0.99"                "0.99"               
[10] "0.99"                "0.99"                "0.984947577485808"  
[13] "0.984947577485808"   "0.99"                "0.99"               
[16] "0.99"                "0.99"                "0.99"               
[19] "0.99"                "0.99"                "0.99"               
[22] "0.99"                "0.99"                "0.98997206849068"   
[25] "0.98997206849068"    "0.959605884301282"   "0.959605884301282"  
[28] "0.00816716551779442" "0.00816716551779442" "0.375888077011556"  
[31] "0.375888077011556"   "0.236467576259074"   "0.236467576259074"  
[34] "0.0282178181877886"  "0.0282178181877886"  "0.00941497683961265"
[37] "0.00941497683961265" "0.0472724796879846"  "0.0472724796879846" 
[40] "0.00570210980315877" "0.00570210980315877" "beta :"             
[43] "1"                  
 [1] "sigma:"              "0.99"                "0.99"               
 [4] "0.974512004830918"   "0.974512004830918"   "0.983969282295058"  
 [7] "0.983969282295058"   "0.99"                "0.99"               
[10] "0.99"                "0.99"                "0.984947577485808"  
[13] "0.984947577485808"   "0.99"                "0.99"               
[16] "0.99"                "0.99"                "0.99"               
[19] "0.99"                "0.99"                "0.99"               
[22] "0.99"                "0.99"                "0.98997206849068"   
[25] "0.98997206849068"    "0.959605884301282"   "0.959605884301282"  
[28] "0.00816716551779442" "0.00816716551779442" "0.375888077011556"  
[31] "0.375888077011556"   "0.236467576259074"   "0.236467576259074"  
[34] "0.0777178181877886"  "0.0777178181877886"  "0.00941497683961265"
[37] "0.00941497683961265" "0.0472724796879846"  "0.0472724796879846" 
[40] "0.00570210980315877" "0.00570210980315877" "beta :"             
[43] "1"                  
[1] " old Likelihood:  -8476261.33028349"
[1] "New Likelihood:  -8476251.07119196"
iter:  0  f-value:  22333.57  pgrad:  0.9692989 
iter:  10  f-value:  22333.56  pgrad:  0.7366907 
iter:  20  f-value:  22333.55  pgrad:  0.6780465 
iter:  30  f-value:  22333.55  pgrad:  0.6632763 
iter:  40  f-value:  22333.55  pgrad:  0.553955 
iter:  50  f-value:  22333.55  pgrad:  0.4949106 
  Unsuccessful convergence.
Time difference of 19.07517 mins
[1] "maxIt: 20"
[1] "It: 14"
 [1] "sigma:"              "0.99"                "0.99"               
 [4] "0.975654424953373"   "0.975654424953373"   "0.985160644747758"  
 [7] "0.985160644747758"   "0.99"                "0.99"               
[10] "0.99"                "0.99"                "0.984591595494198"  
[13] "0.984591595494198"   "0.99"                "0.99"               
[16] "0.99"                "0.99"                "0.99"               
[19] "0.99"                "0.99"                "0.99"               
[22] "0.99"                "0.99"                "0.99"               
[25] "0.99"                "0.959023429362883"   "0.959023429362883"  
[28] "0.00548161913534425" "0.00548161913534425" "0.374618678447366"  
[31] "0.374618678447366"   "0.237915009343673"   "0.237915009343673"  
[34] "0.0809255026350158"  "0.0809255026350158"  "0.0120370838805836" 
[37] "0.0120370838805836"  "0.0484022795355308"  "0.0484022795355308" 
[40] "0.0057999007993882"  "0.0057999007993882"  "beta :"             
[43] "1"                  
 [1] "sigma:"              "0.99"                "0.99"               
 [4] "0.975654424953373"   "0.975654424953373"   "0.985160644747758"  
 [7] "0.985160644747758"   "0.99"                "0.99"               
[10] "0.99"                "0.99"                "0.984591595494198"  
[13] "0.984591595494198"   "0.99"                "0.99"               
[16] "0.99"                "0.99"                "0.99"               
[19] "0.99"                "0.99"                "0.99"               
[22] "0.99"                "0.99"                "0.99"               
[25] "0.99"                "0.959023429362883"   "0.959023429362883"  
[28] "0.00548161913534425" "0.00548161913534425" "0.374618678447366"  
[31] "0.374618678447366"   "0.237915009343673"   "0.237915009343673"  
[34] "0.130425502635016"   "0.130425502635016"   "0.0120370838805836" 
[37] "0.0120370838805836"  "0.0484022795355308"  "0.0484022795355308" 
[40] "0.00579990079938821" "0.00579990079938821" "beta :"             
[43] "1"                  
[1] " old Likelihood:  -8476251.07119196"
[1] "New Likelihood:  -8476243.57728752"
iter:  0  f-value:  22207.23  pgrad:  0.9687105 
iter:  10  f-value:  22207.2  pgrad:  0.8681036 
iter:  20  f-value:  22207.2  pgrad:  0.846012 
iter:  30  f-value:  22207.2  pgrad:  0.7954077 
iter:  40  f-value:  22207.19  pgrad:  0.5894617 
iter:  50  f-value:  22207.19  pgrad:  0.2123124 
  Unsuccessful convergence.
Time difference of 18.89941 mins
[1] "maxIt: 20"
[1] "It: 15"
 [1] "sigma:"              "0.99"                "0.99"               
 [4] "0.978272054187027"   "0.978272054187027"   "0.987842755308662"  
 [7] "0.987842755308662"   "0.99"                "0.99"               
[10] "0.989992775006597"   "0.989992775006597"   "0.983645180556652"  
[13] "0.983645180556652"   "0.99"                "0.99"               
[16] "0.99"                "0.99"                "0.99"               
[19] "0.99"                "0.99"                "0.99"               
[22] "0.99"                "0.99"                "0.99"               
[25] "0.99"                "0.958800737671507"   "0.958800737671507"  
[28] "0"                   "0"                   "0.372699231919288"  
[31] "0.372699231919288"   "0.241765011535505"   "0.241765011535505"  
[34] "0.138272462456833"   "0.138272462456833"   "0.018198589274777"  
[37] "0.018198589274777"   "0.0510824875873152"  "0.0510824875873152" 
[40] "0.00600653825226073" "0.00600653825226073" "beta :"             
[43] "1"                  
 [1] "sigma:"              "0.99"                "0.99"               
 [4] "0.978272054187027"   "0.978272054187027"   "0.987842755308662"  
 [7] "0.987842755308662"   "0.99"                "0.99"               
[10] "0.989992775006597"   "0.989992775006597"   "0.983645180556652"  
[13] "0.983645180556652"   "0.99"                "0.99"               
[16] "0.99"                "0.99"                "0.99"               
[19] "0.99"                "0.99"                "0.99"               
[22] "0.99"                "0.99"                "0.99"               
[25] "0.99"                "0.958800737671507"   "0.958800737671507"  
[28] "0"                   "0"                   "0.372699231919288"  
[31] "0.372699231919288"   "0.241765011535505"   "0.241765011535505"  
[34] "0.138272462456833"   "0.138272462456833"   "0.018198589274777"  
[37] "0.018198589274777"   "0.00158248758731518" "0.00158248758731518"
[40] "0.105006538252261"   "0.105006538252261"   "beta :"             
[43] "1"                  
[1] " old Likelihood:  -8476243.57728752"
[1] "New Likelihood:  -8476224.96797945"
iter:  0  f-value:  22266.74  pgrad:  0.9684856 
iter:  10  f-value:  22266.73  pgrad:  0.6093615 
iter:  20  f-value:  22266.72  pgrad:  0.5112088 
iter:  30  f-value:  22266.72  pgrad:  0.4966569 
iter:  40  f-value:  22266.72  pgrad:  0.3629611 
iter:  50  f-value:  22266.72  pgrad:  0.341679 
  Unsuccessful convergence.
Time difference of 20.39425 mins
[1] "maxIt: 20"
[1] "It: 16"
 [1] "sigma:"              "0.99"                "0.99"               
 [4] "0.979607915241163"   "0.979607915241163"   "0.989187878683757"  
 [7] "0.989187878683757"   "0.99"                "0.99"               
[10] "0.989982886905108"   "0.989982886905108"   "0.983121719265066"  
[13] "0.983121719265066"   "0.99"                "0.99"               
[16] "0.99"                "0.99"                "0.99"               
[19] "0.99"                "0.99"                "0.99"               
[22] "0.99"                "0.99"                "0.99"               
[25] "0.99"                "0.958323379395324"   "0.958323379395324"  
[28] "0"                   "0"                   "0.370674947225798"  
[31] "0.370674947225798"   "0.242788637653597"   "0.242788637653597"  
[34] "0.141704670513909"   "0.141704670513909"   "0.0208626389178367" 
[37] "0.0208626389178367"  "0.00269196240128563" "0.00269196240128563"
[40] "0.105076793704172"   "0.105076793704172"   "beta :"             
[43] "1"                  
 [1] "sigma:"              "0.99"                "0.99"               
 [4] "0.979607915241163"   "0.979607915241163"   "0.989187878683757"  
 [7] "0.989187878683757"   "0.99"                "0.99"               
[10] "0.989982886905108"   "0.989982886905108"   "0.983121719265066"  
[13] "0.983121719265066"   "0.99"                "0.99"               
[16] "0.99"                "0.99"                "0.99"               
[19] "0.99"                "0.99"                "0.99"               
[22] "0.99"                "0.99"                "0.99"               
[25] "0.99"                "0.958323379395324"   "0.958323379395324"  
[28] "0"                   "0"                   "0.370674947225798"  
[31] "0.370674947225798"   "0.242788637653597"   "0.242788637653597"  
[34] "0.191204670513909"   "0.191204670513909"   "0.0208626389178367" 
[37] "0.0208626389178367"  "0.00269196240128563" "0.00269196240128563"
[40] "0.105076793704172"   "0.105076793704172"   "beta :"             
[43] "1"                  
[1] " old Likelihood:  -8476224.96797945"
[1] "New Likelihood:  -8476219.45255215"
iter:  0  f-value:  22118.85  pgrad:  0.9680034 
iter:  10  f-value:  22118.83  pgrad:  0.806843 
iter:  20  f-value:  22118.83  pgrad:  0.8049756 
iter:  30  f-value:  22118.83  pgrad:  0.6628034 
iter:  40  f-value:  22118.83  pgrad:  0.6005212 
iter:  50  f-value:  22118.83  pgrad:  0.6372647 
  Unsuccessful convergence.
Time difference of 19.55713 mins
[1] "maxIt: 20"
[1] "It: 17"
 [1] "sigma:"              "0.99"                "0.99"               
 [4] "0.980797854344964"   "0.980797854344964"   "0.99"               
 [7] "0.99"                "0.99"                "0.99"               
[10] "0.989983356174893"   "0.989983356174893"   "0.982686323803415"  
[13] "0.982686323803415"   "0.99"                "0.99"               
[16] "0.99"                "0.99"                "0.99"               
[19] "0.99"                "0.99"                "0.99"               
[22] "0.99"                "0.99"                "0.99"               
[25] "0.99"                "0.957927284702323"   "0.957927284702323"  
[28] "0"                   "0"                   "0.369075960538551"  
[31] "0.369075960538551"   "0.244434251353214"   "0.244434251353214"  
[34] "0.195240154925373"   "0.195240154925373"   "0.0238138811985377" 
[37] "0.0238138811985377"  "0.00385512489285834" "0.00385512489285834"
[40] "0.10511665040639"    "0.10511665040639"    "beta :"             
[43] "1"                  
 [1] "sigma:"              "0.99"                "0.99"               
 [4] "0.980797854344964"   "0.980797854344964"   "0.99"               
 [7] "0.99"                "0.99"                "0.99"               
[10] "0.989983356174893"   "0.989983356174893"   "0.982686323803415"  
[13] "0.982686323803415"   "0.99"                "0.99"               
[16] "0.99"                "0.99"                "0.99"               
[19] "0.99"                "0.99"                "0.99"               
[22] "0.99"                "0.99"                "0.99"               
[25] "0.99"                "0.957927284702323"   "0.957927284702323"  
[28] "0"                   "0"                   "0.369075960538551"  
[31] "0.369075960538551"   "0.244434251353214"   "0.244434251353214"  
[34] "0.195240154925373"   "0.195240154925373"   "0.0238138811985377" 
[37] "0.0238138811985377"  "0.00385512489285835" "0.00385512489285835"
[40] "0.10511665040639"    "0.10511665040639"    "beta :"             
[43] "1"                  
[1] " old Likelihood:  -8476219.45255215"
[1] "New Likelihood:  -8476213.52843968"
iter:  0  f-value:  22133.93  pgrad:  0.9676033 
iter:  10  f-value:  22133.92  pgrad:  0.659893 
iter:  20  f-value:  22133.92  pgrad:  0.6121263 
iter:  30  f-value:  22133.92  pgrad:  0.5246066 
iter:  40  f-value:  22133.92  pgrad:  0.395994 
iter:  50  f-value:  22133.92  pgrad:  0.3130845 
  Unsuccessful convergence.
Time difference of 19.46756 mins
[1] "maxIt: 20"
[1] "It: 18"
 [1] "sigma:"              "0.99"                "0.99"               
 [4] "0.982246399807436"   "0.982246399807436"   "0.99"               
 [7] "0.99"                "0.99"                "0.99"               
[10] "0.99"                "0.99"                "0.982453460857544"  
[13] "0.982453460857544"   "0.99"                "0.99"               
[16] "0.99"                "0.99"                "0.99"               
[19] "0.99"                "0.99"                "0.99"               
[22] "0.99"                "0.99"                "0.99"               
[25] "0.99"                "0.95767374137267"    "0.95767374137267"   
[28] "0"                   "0"                   "0.366947006343121"  
[31] "0.366947006343121"   "0.245533962062304"   "0.245533962062304"  
[34] "0.199068335148004"   "0.199068335148004"   "0.0266044985953002" 
[37] "0.0266044985953002"  "0.00492422334659588" "0.00492422334659588"
[40] "0.105177847392011"   "0.105177847392011"   "beta :"             
[43] "1"                  
 [1] "sigma:"              "0.99"                "0.99"               
 [4] "0.982246399807436"   "0.982246399807436"   "0.99"               
 [7] "0.99"                "0.99"                "0.99"               
[10] "0.99"                "0.99"                "0.982453460857544"  
[13] "0.982453460857544"   "0.99"                "0.99"               
[16] "0.99"                "0.99"                "0.99"               
[19] "0.99"                "0.99"                "0.99"               
[22] "0.99"                "0.99"                "0.99"               
[25] "0.99"                "0.95767374137267"    "0.95767374137267"   
[28] "0"                   "0"                   "0.366947006343121"  
[31] "0.366947006343121"   "0.245533962062304"   "0.245533962062304"  
[34] "0.248568335148004"   "0.248568335148004"   "0.0266044985953002" 
[37] "0.0266044985953002"  "0.00492422334659588" "0.00492422334659588"
[40] "0.105177847392011"   "0.105177847392011"   "beta :"             
[43] "1"                  
[1] " old Likelihood:  -8476213.52843968"
[1] "New Likelihood:  -8476209.77698955"
iter:  0  f-value:  21975.51  pgrad:  0.6227492 
iter:  10  f-value:  21975.49  pgrad:  0.7489712 
iter:  20  f-value:  21975.49  pgrad:  0.7480075 
iter:  30  f-value:  21975.49  pgrad:  0.7473477 
iter:  40  f-value:  21975.49  pgrad:  0.6684786 
iter:  50  f-value:  21975.49  pgrad:  0.6266055 
  Unsuccessful convergence.
Time difference of 19.47797 mins
[1] "maxIt: 20"
[1] "It: 19"
 [1] "sigma:"              "0.99"                "0.99"               
 [4] "0.982968881694564"   "0.982968881694564"   "0.99"               
 [7] "0.99"                "0.99"                "0.99"               
[10] "0.99"                "0.99"                "0.982358009057796"  
[13] "0.982358009057796"   "0.99"                "0.99"               
[16] "0.99"                "0.99"                "0.99"               
[19] "0.99"                "0.99"                "0.99"               
[22] "0.99"                "0.99"                "0.99"               
[25] "0.99"                "0.957429982363871"   "0.957429982363871"  
[28] "0"                   "0"                   "0.365910159429985"  
[31] "0.365910159429985"   "0.246545399666923"   "0.246545399666923"  
[34] "0.251261091867363"   "0.251261091867363"   "0.028438018217884"  
[37] "0.028438018217884"   "0.00558703323520402" "0.00558703323520402"
[40] "0.105169374843454"   "0.105169374843454"   "beta :"             
[43] "1"                  
 [1] "sigma:"              "0.99"                "0.99"               
 [4] "0.982968881694564"   "0.982968881694564"   "0.99"               
 [7] "0.99"                "0.99"                "0.99"               
[10] "0.99"                "0.99"                "0.982358009057796"  
[13] "0.982358009057796"   "0.99"                "0.99"               
[16] "0.99"                "0.99"                "0.99"               
[19] "0.99"                "0.99"                "0.99"               
[22] "0.99"                "0.99"                "0.99"               
[25] "0.99"                "0.957429982363871"   "0.957429982363871"  
[28] "0"                   "0"                   "0.365910159429985"  
[31] "0.365910159429985"   "0.246545399666923"   "0.246545399666923"  
[34] "0.251261091867363"   "0.251261091867363"   "0.028438018217884"  
[37] "0.028438018217884"   "0.00558703323520402" "0.00558703323520402"
[40] "0.154669374843454"   "0.154669374843454"   "beta :"             
[43] "1"                  
[1] " old Likelihood:  -8476209.77698955"
[1] "New Likelihood:  -8476203.44684897"
iter:  0  f-value:  21989.23  pgrad:  0.7013659 
iter:  10  f-value:  21989.21  pgrad:  0.732507 
iter:  20  f-value:  21989.21  pgrad:  0.6634582 
iter:  30  f-value:  21989.21  pgrad:  0.4918547 
iter:  40  f-value:  21989.21  pgrad:  0.5030597 
iter:  50  f-value:  21989.21  pgrad:  0.3496461 
  Unsuccessful convergence.
Time difference of 19.5626 mins
[1] "maxIt: 20"
[1] "It: 20"
 [1] "sigma:"              "0.99"                "0.99"               
 [4] "0.984237683885006"   "0.984237683885006"   "0.99"               
 [7] "0.99"                "0.99"                "0.99"               
[10] "0.99"                "0.99"                "0.982231509374807"  
[13] "0.982231509374807"   "0.99"                "0.99"               
[16] "0.99"                "0.99"                "0.99"               
[19] "0.99"                "0.99"                "0.99"               
[22] "0.99"                "0.99"                "0.99"               
[25] "0.99"                "0.957282405822267"   "0.957282405822267"  
[28] "0"                   "0"                   "0.363979818128274"  
[31] "0.363979818128274"   "0.247479209260831"   "0.247479209260831"  
[34] "0.254958340144304"   "0.254958340144304"   "0.0311003425633506" 
[37] "0.0311003425633506"  "0.00664011625761535" "0.00664011625761535"
[40] "0.154726815919884"   "0.154726815919884"   "beta :"             
[43] "1"                  
 [1] "sigma:"              "0.99"                "0.99"               
 [4] "0.984237683885006"   "0.984237683885006"   "0.99"               
 [7] "0.99"                "0.99"                "0.99"               
[10] "0.99"                "0.99"                "0.982231509374807"  
[13] "0.982231509374807"   "0.99"                "0.99"               
[16] "0.99"                "0.99"                "0.99"               
[19] "0.99"                "0.99"                "0.99"               
[22] "0.99"                "0.99"                "0.99"               
[25] "0.99"                "0.957282405822267"   "0.957282405822267"  
[28] "0"                   "0"                   "0.363979818128274"  
[31] "0.363979818128274"   "0.247479209260831"   "0.247479209260831"  
[34] "0.254958340144304"   "0.254958340144304"   "0.0311003425633506" 
[37] "0.0311003425633506"  "0.00664011625761535" "0.00664011625761535"
[40] "0.204226815919884"   "0.204226815919884"   "beta :"             
[43] "1"                  
[1] " old Likelihood:  -8476203.44684897"
[1] "New Likelihood:  -8476199.44842576"
iter:  0  f-value:  21991.44  pgrad:  0.6257324 
iter:  10  f-value:  21991.43  pgrad:  0.6172195 
iter:  20  f-value:  21991.43  pgrad:  0.5626134 
iter:  30  f-value:  21991.43  pgrad:  0.5260535 
iter:  40  f-value:  21991.43  pgrad:  0.4150206 
iter:  50  f-value:  21991.43  pgrad:  0.5261075 
  Unsuccessful convergence.
Time difference of 19.5343 mins
 [1] "sigma:"              "0.99"                "0.99"               
 [4] "0.985310828886269"   "0.985310828886269"   "0.99"               
 [7] "0.99"                "0.99"                "0.99"               
[10] "0.99"                "0.99"                "0.982115547279463"  
[13] "0.982115547279463"   "0.99"                "0.99"               
[16] "0.99"                "0.99"                "0.99"               
[19] "0.99"                "0.99"                "0.99"               
[22] "0.99"                "0.99"                "0.99"               
[25] "0.99"                "0.957179938001892"   "0.957179938001892"  
[28] "0"                   "0"                   "0.362173596111015"  
[31] "0.362173596111015"   "0.247940437290758"   "0.247940437290758"  
[34] "0.25787438528046"    "0.25787438528046"    "0.0332208610255543" 
[37] "0.0332208610255543"  "0.00754458364065644" "0.00754458364065644"
[40] "0.204271285793204"   "0.204271285793204"   "beta :"             
[43] "1"                  
[1] 1999908 1999614 1999236 1999848 1998918
[1] 1 1 1 1 1
saved RDS
inference successful
