[1] "Original length"
[1] 999848
[1] "Final length"
[1] 15653
[1] "sequence length : 999849" "sequence length : 999966"
[3] "sequence length : 999865" "sequence length : 999923"
[5] "sequence length : 999849"
[1] 1 1 1 1 1
[1] "Beta: 1"
[1] "Self: 0"
[1] "maxIt: 20"
[1] "It: 1"
 [1] "sigma:" "0"      "0"      "0"      "0"      "0"      "0"      "0"     
 [9] "0"      "0"      "0"      "0"      "0"      "0"      "0"      "0"     
[17] "0"      "0"      "0"      "0"      "0"      "0"      "0"      "0"     
[25] "0"      "0"      "0"      "0"      "0"      "0"      "0"      "0"     
[33] "0"      "0"      "0"      "0"      "0"      "0"      "0"      "0"     
[41] "0"      "beta :" "1"     
 [1] "sigma:" "0.9405" "0.9405" "0.9405" "0.9405" "0.9405" "0.9405" "0.9405"
 [9] "0.9405" "0.9405" "0.9405" "0.9405" "0.9405" "0.9405" "0.9405" "0.9405"
[17] "0.9405" "0.9405" "0.9405" "0.9405" "0.9405" "0.9405" "0.9405" "0.9405"
[25] "0.9405" "0.9405" "0.9405" "0"      "0"      "0"      "0"      "0"     
[33] "0"      "0"      "0"      "0"      "0"      "0"      "0"      "0"     
[41] "0"      "beta :" "1"     
[1] "New Likelihood:  -8833072.19443811"
iter:  0  f-value:  24860.26  pgrad:  0.5 
iter:  10  f-value:  24850.71  pgrad:  0.9993215 
iter:  20  f-value:  24849.03  pgrad:  0.9980094 
iter:  30  f-value:  24848.35  pgrad:  0.9955472 
iter:  40  f-value:  24848.15  pgrad:  0.993886 
iter:  50  f-value:  24847.74  pgrad:  0.9890587 
  Unsuccessful convergence.
Time difference of 2.218988 hours
[1] "maxIt: 20"
[1] "It: 2"
 [1] "sigma:"              "0.960842337445476"   "0.960842337445476"  
 [4] "0.950917454505967"   "0.950917454505967"   "0.955536422102035"  
 [7] "0.955536422102035"   "0.962055828589114"   "0.962055828589114"  
[10] "0.97032915161241"    "0.97032915161241"    "0.979010107529348"  
[13] "0.979010107529348"   "0.986002532516807"   "0.986002532516807"  
[16] "0.983791948202778"   "0.983791948202778"   "0.969522605365068"  
[19] "0.969522605365068"   "0.953450547525665"   "0.953450547525665"  
[22] "0.95422292427274"    "0.95422292427274"    "0.941085300285183"  
[25] "0.941085300285183"   "0.931121131229678"   "0.931121131229678"  
[28] "0.00289187981304148" "0.00289187981304148" "0.0254299769259214" 
[31] "0.0254299769259214"  "0.0402187509761633"  "0.0402187509761633" 
[34] "0.0431717510709133"  "0.0431717510709133"  "0.0289783517683348" 
[37] "0.0289783517683348"  "0.0108443707230586"  "0.0108443707230586" 
[40] "0.00139829525029942" "0.00139829525029942" "beta :"             
[43] "1"                  
 [1] "sigma:"              "0.960842337445476"   "0.960842337445476"  
 [4] "0.950917454505967"   "0.950917454505967"   "0.955536422102035"  
 [7] "0.955536422102035"   "0.962055828589114"   "0.962055828589114"  
[10] "0.97032915161241"    "0.97032915161241"    "0.979010107529348"  
[13] "0.979010107529348"   "0.986002532516807"   "0.986002532516807"  
[16] "0.983791948202778"   "0.983791948202778"   "0.969522605365068"  
[19] "0.969522605365068"   "0.953450547525665"   "0.953450547525665"  
[22] "0.95422292427274"    "0.95422292427274"    "0.941085300285183"  
[25] "0.941085300285183"   "0.980621131229678"   "0.980621131229678"  
[28] "0.101891879813041"   "0.101891879813041"   "0.0254299769259214" 
[31] "0.0254299769259214"  "0.0402187509761633"  "0.0402187509761633" 
[34] "0.0431717510709133"  "0.0431717510709133"  "0.0289783517683348" 
[37] "0.0289783517683348"  "0.0108443707230586"  "0.0108443707230586" 
[40] "0.00139829525029942" "0.00139829525029942" "beta :"             
[43] "1"                  
[1] " old Likelihood:  -8833072.19443811"
[1] "New Likelihood:  -8829482.10150058"
iter:  0  f-value:  24698.77  pgrad:  0.4979566 
iter:  10  f-value:  24696.14  pgrad:  0.9907742 
iter:  20  f-value:  24695.62  pgrad:  0.9877401 
iter:  30  f-value:  24695.49  pgrad:  0.9859081 
iter:  40  f-value:  24695.46  pgrad:  0.9853353 
iter:  50  f-value:  24695.35  pgrad:  0.9820545 
  Unsuccessful convergence.
Time difference of 18.2209 mins
[1] "maxIt: 20"
[1] "It: 3"
 [1] "sigma:"              "0.973369646543508"   "0.973369646543508"  
 [4] "0.957228320545407"   "0.957228320545407"   "0.964742014521986"  
 [7] "0.964742014521986"   "0.975466949413267"   "0.975466949413267"  
[10] "0.989604579445263"   "0.989604579445263"   "0.99"               
[13] "0.99"                "0.99"                "0.99"               
[16] "0.99"                "0.99"                "0.989963882554026"  
[19] "0.989963882554026"   "0.962434968380301"   "0.962434968380301"  
[22] "0.968910145846536"   "0.968910145846536"   "0.942977966466286"  
[25] "0.942977966466286"   "0.970272945182436"   "0.970272945182436"  
[28] "0.100538268151157"   "0.100538268151157"   "0.0326101397807736" 
[31] "0.0326101397807736"  "0.0541224674660095"  "0.0541224674660095" 
[34] "0.0640997639537039"  "0.0640997639537039"  "0.0460258137538479" 
[37] "0.0460258137538479"  "0.0177900374749033"  "0.0177900374749033" 
[40] "0.00227334224005201" "0.00227334224005201" "beta :"             
[43] "1"                  
 [1] "sigma:"              "0.973369646543508"   "0.973369646543508"  
 [4] "0.957228320545407"   "0.957228320545407"   "0.964742014521986"  
 [7] "0.964742014521986"   "0.975466949413267"   "0.975466949413267"  
[10] "0.989604579445263"   "0.989604579445263"   "0.99"               
[13] "0.99"                "0.99"                "0.99"               
[16] "0.99"                "0.99"                "0.989963882554026"  
[19] "0.989963882554026"   "0.962434968380301"   "0.962434968380301"  
[22] "0.968910145846536"   "0.968910145846536"   "0.942977966466286"  
[25] "0.942977966466286"   "0.970272945182436"   "0.970272945182436"  
[28] "0.150038268151157"   "0.150038268151157"   "0.131610139780774"  
[31] "0.131610139780774"   "0.00462246746600944" "0.00462246746600944"
[34] "0.0145997639537039"  "0.0145997639537039"  "0.0460258137538479" 
[37] "0.0460258137538479"  "0.0177900374749033"  "0.0177900374749033" 
[40] "0.00227334224005201" "0.00227334224005201" "beta :"             
[43] "1"                  
[1] " old Likelihood:  -8829482.10150058"
[1] "New Likelihood:  -8828384.1944502"
iter:  0  f-value:  24720.83  pgrad:  0.5132802 
iter:  10  f-value:  24719.81  pgrad:  0.9949118 
iter:  20  f-value:  24719.74  pgrad:  0.9943367 
iter:  30  f-value:  24719.69  pgrad:  0.9933334 
iter:  40  f-value:  24719.64  pgrad:  0.9911538 
iter:  50  f-value:  24719.63  pgrad:  0.9753563 
  Unsuccessful convergence.
Time difference of 19.77582 mins
[1] "maxIt: 20"
[1] "It: 4"
 [1] "sigma:"              "0.982540310742539"   "0.982540310742539"  
 [4] "0.961876706044753"   "0.961876706044753"   "0.97167325350682"   
 [7] "0.97167325350682"    "0.985932822230693"   "0.985932822230693"  
[10] "0.99"                "0.99"                "0.99"               
[13] "0.99"                "0.99"                "0.99"               
[16] "0.99"                "0.99"                "0.99"               
[19] "0.99"                "0.972318037855049"   "0.972318037855049"  
[22] "0.979329519386115"   "0.979329519386115"   "0.952356840802791"  
[25] "0.952356840802791"   "0.957969123977886"   "0.957969123977886"  
[28] "0.14607132584176"    "0.14607132584176"    "0.136413471218285"  
[31] "0.136413471218285"   "0.00991830220121105" "0.00991830220121105"
[34] "0.0252927599832198"  "0.0252927599832198"  "0.0564821745165889" 
[37] "0.0564821745165889"  "0.0223388797140704"  "0.0223388797140704" 
[40] "0.00283553396104825" "0.00283553396104825" "beta :"             
[43] "1"                  
 [1] "sigma:"              "0.982540310742539"   "0.982540310742539"  
 [4] "0.961876706044753"   "0.961876706044753"   "0.97167325350682"   
 [7] "0.97167325350682"    "0.985932822230693"   "0.985932822230693"  
[10] "0.99"                "0.99"                "0.99"               
[13] "0.99"                "0.99"                "0.99"               
[16] "0.99"                "0.99"                "0.99"               
[19] "0.99"                "0.972318037855049"   "0.972318037855049"  
[22] "0.979329519386115"   "0.979329519386115"   "0.952356840802791"  
[25] "0.952356840802791"   "0.957969123977886"   "0.957969123977886"  
[28] "0.14607132584176"    "0.14607132584176"    "0.185913471218285"  
[31] "0.185913471218285"   "0.00991830220121105" "0.00991830220121105"
[34] "0.0252927599832198"  "0.0252927599832198"  "0.0069821745165889" 
[37] "0.0069821745165889"  "0.0223388797140704"  "0.0223388797140704" 
[40] "0.00283553396104825" "0.00283553396104825" "beta :"             
[43] "1"                  
[1] " old Likelihood:  -8828384.1944502"
[1] "New Likelihood:  -8827949.84859249"
iter:  0  f-value:  24755.03  pgrad:  0.5127414 
iter:  10  f-value:  24754.6  pgrad:  0.9926674 
iter:  20  f-value:  24754.52  pgrad:  0.9912247 
iter:  30  f-value:  24754.49  pgrad:  0.9892778 
iter:  40  f-value:  24754.48  pgrad:  0.9867174 
iter:  50  f-value:  24754.47  pgrad:  0.9863601 
  Unsuccessful convergence.
Time difference of 18.55616 mins
[1] "maxIt: 20"
[1] "It: 5"
 [1] "sigma:"              "0.987196117718139"   "0.987196117718139"  
 [4] "0.964388325471959"   "0.964388325471959"   "0.975406918452457"  
 [7] "0.975406918452457"   "0.99"                "0.99"               
[10] "0.99"                "0.99"                "0.99"               
[13] "0.99"                "0.99"                "0.99"               
[16] "0.99"                "0.99"                "0.99"               
[19] "0.99"                "0.974879768836842"   "0.974879768836842"  
[22] "0.984455409626761"   "0.984455409626761"   "0.963742945666973"  
[25] "0.963742945666973"   "0.946733101615446"   "0.946733101615446"  
[28] "0.14201030142962"    "0.14201030142962"    "0.188212454578673"  
[31] "0.188212454578673"   "0.0124037526907039"  "0.0124037526907039" 
[34] "0.0317622707808452"  "0.0317622707808452"  "0.0135223504598021" 
[37] "0.0135223504598021"  "0.0254347450335751"  "0.0254347450335751" 
[40] "0.00323558511630435" "0.00323558511630435" "beta :"             
[43] "1"                  
 [1] "sigma:"              "0.987196117718139"   "0.987196117718139"  
 [4] "0.964388325471959"   "0.964388325471959"   "0.975406918452457"  
 [7] "0.975406918452457"   "0.99"                "0.99"               
[10] "0.99"                "0.99"                "0.99"               
[13] "0.99"                "0.99"                "0.99"               
[16] "0.99"                "0.99"                "0.99"               
[19] "0.99"                "0.974879768836842"   "0.974879768836842"  
[22] "0.984455409626761"   "0.984455409626761"   "0.963742945666973"  
[25] "0.963742945666973"   "0.897233101615446"   "0.897233101615446"  
[28] "0.14201030142962"    "0.14201030142962"    "0.188212454578673"  
[31] "0.188212454578673"   "0.0124037526907039"  "0.0124037526907039" 
[34] "0.0317622707808452"  "0.0317622707808452"  "0.0135223504598021" 
[37] "0.0135223504598021"  "0.0254347450335751"  "0.0254347450335751" 
[40] "0.00323558511630435" "0.00323558511630435" "beta :"             
[43] "1"                  
[1] " old Likelihood:  -8827949.84859249"
[1] "New Likelihood:  -8827768.37026781"
iter:  0  f-value:  25045.64  pgrad:  0.5114698 
iter:  10  f-value:  25045.33  pgrad:  0.9870884 
iter:  20  f-value:  25045.28  pgrad:  0.9844785 
iter:  30  f-value:  25045.31  pgrad:  0.9790319 
iter:  40  f-value:  25045.23  pgrad:  0.978688 
iter:  50  f-value:  25045.23  pgrad:  0.9473297 
  Unsuccessful convergence.
Time difference of 18.51237 mins
[1] "maxIt: 20"
[1] "It: 6"
 [1] "sigma:"              "0.99"                "0.99"               
 [4] "0.96699483065314"    "0.96699483065314"    "0.979433298161754"  
 [7] "0.979433298161754"   "0.99"                "0.99"               
[10] "0.99"                "0.99"                "0.99"               
[13] "0.99"                "0.99"                "0.99"               
[16] "0.99"                "0.99"                "0.99"               
[19] "0.99"                "0.975715112198774"   "0.975715112198774"  
[22] "0.986238064048942"   "0.986238064048942"   "0.979070334002536"  
[25] "0.979070334002536"   "0.883837850797085"   "0.883837850797085"  
[28] "0.1375666392311"     "0.1375666392311"     "0.188850004661288"  
[31] "0.188850004661288"   "0.0167655303775722"  "0.0167655303775722" 
[34] "0.0405277002450841"  "0.0405277002450841"  "0.0220142824365248" 
[37] "0.0220142824365248"  "0.0295596224852779"  "0.0295596224852779" 
[40] "0.00373814654758726" "0.00373814654758726" "beta :"             
[43] "1"                  
 [1] "sigma:"              "0.99"                "0.99"               
 [4] "0.96699483065314"    "0.96699483065314"    "0.979433298161754"  
 [7] "0.979433298161754"   "0.99"                "0.99"               
[10] "0.99"                "0.99"                "0.99"               
[13] "0.99"                "0.99"                "0.99"               
[16] "0.99"                "0.99"                "0.99"               
[19] "0.99"                "0.975715112198774"   "0.975715112198774"  
[22] "0.986238064048942"   "0.986238064048942"   "0.979070334002536"  
[25] "0.979070334002536"   "0.883837850797085"   "0.883837850797085"  
[28] "0.1375666392311"     "0.1375666392311"     "0.238350004661288"  
[31] "0.238350004661288"   "0.0167655303775722"  "0.0167655303775722" 
[34] "0.0405277002450841"  "0.0405277002450841"  "0.0220142824365248" 
[37] "0.0220142824365248"  "0.0295596224852779"  "0.0295596224852779" 
[40] "0.00373814654758726" "0.00373814654758726" "beta :"             
[43] "1"                  
[1] " old Likelihood:  -8827768.37026781"
[1] "New Likelihood:  -8827637.95664578"
iter:  0  f-value:  24919.83  pgrad:  0.5112306 
iter:  10  f-value:  24919.66  pgrad:  0.9865281 
iter:  20  f-value:  24919.64  pgrad:  0.9767005 
iter:  30  f-value:  24919.63  pgrad:  0.975723 
iter:  40  f-value:  24919.62  pgrad:  0.9749558 
iter:  50  f-value:  24919.61  pgrad:  0.9087671 
  Unsuccessful convergence.
Time difference of 18.54116 mins
[1] "maxIt: 20"
[1] "It: 7"
 [1] "sigma:"              "0.99"                "0.99"               
 [4] "0.968313241803925"   "0.968313241803925"   "0.98147297547323"   
 [7] "0.98147297547323"    "0.99"                "0.99"               
[10] "0.99"                "0.99"                "0.99"               
[13] "0.99"                "0.99"                "0.99"               
[16] "0.99"                "0.99"                "0.99"               
[19] "0.99"                "0.975280482585418"   "0.975280482585418"  
[22] "0.985892984384368"   "0.985892984384368"   "0.988658144176537"  
[25] "0.988658144176537"   "0.875646853534367"   "0.875646853534367"  
[28] "0.134066346942763"   "0.134066346942763"   "0.237774255731792"  
[31] "0.237774255731792"   "0.0194165653956494"  "0.0194165653956494" 
[34] "0.045633052674542"   "0.045633052674542"   "0.0268233153660245" 
[37] "0.0268233153660245"  "0.0318444703869591"  "0.0318444703869591" 
[40] "0.00401755674384041" "0.00401755674384041" "beta :"             
[43] "1"                  
 [1] "sigma:"              "0.99"                "0.99"               
 [4] "0.968313241803925"   "0.968313241803925"   "0.98147297547323"   
 [7] "0.98147297547323"    "0.99"                "0.99"               
[10] "0.99"                "0.99"                "0.99"               
[13] "0.99"                "0.99"                "0.99"               
[16] "0.99"                "0.99"                "0.99"               
[19] "0.99"                "0.975280482585418"   "0.975280482585418"  
[22] "0.985892984384368"   "0.985892984384368"   "0.988658144176537"  
[25] "0.988658144176537"   "0.875646853534367"   "0.875646853534367"  
[28] "0.0845663469427635"  "0.0845663469427635"  "0.237774255731792"  
[31] "0.237774255731792"   "0.0194165653956494"  "0.0194165653956494" 
[34] "0.045633052674542"   "0.045633052674542"   "0.0268233153660245" 
[37] "0.0268233153660245"  "0.0318444703869591"  "0.0318444703869591" 
[40] "0.00401755674384041" "0.00401755674384041" "beta :"             
[43] "1"                  
[1] " old Likelihood:  -8827637.95664578"
[1] "New Likelihood:  -8827568.44607805"
iter:  0  f-value:  25093.05  pgrad:  0.7397102 
iter:  10  f-value:  25092.96  pgrad:  0.9274299 
iter:  20  f-value:  25092.95  pgrad:  0.8713687 
iter:  30  f-value:  25092.95  pgrad:  0.8462666 
iter:  40  f-value:  25092.95  pgrad:  0.8130155 
iter:  50  f-value:  25092.94  pgrad:  0.6589107 
  Unsuccessful convergence.
Time difference of 18.99455 mins
[1] "maxIt: 20"
[1] "It: 8"
 [1] "sigma:"              "0.99"                "0.99"               
 [4] "0.969585099378701"   "0.969585099378701"   "0.983464695249724"  
 [7] "0.983464695249724"   "0.99"                "0.99"               
[10] "0.99"                "0.99"                "0.99"               
[13] "0.99"                "0.99"                "0.99"               
[16] "0.99"                "0.99"                "0.99"               
[19] "0.99"                "0.973780132219795"   "0.973780132219795"  
[22] "0.988637813353062"   "0.988637813353062"   "0.99"               
[25] "0.99"                "0.874066727990128"   "0.874066727990128"  
[28] "0.0828083273089295"  "0.0828083273089295"  "0.236528349614293"  
[31] "0.236528349614293"   "0.0206366014232999"  "0.0206366014232999" 
[34] "0.0498281521656907"  "0.0498281521656907"  "0.031255627472094"  
[37] "0.031255627472094"   "0.0340232405872187"  "0.0340232405872187" 
[40] "0.00428600522700088" "0.00428600522700088" "beta :"             
[43] "1"                  
 [1] "sigma:"              "0.99"                "0.99"               
 [4] "0.969585099378701"   "0.969585099378701"   "0.983464695249724"  
 [7] "0.983464695249724"   "0.99"                "0.99"               
[10] "0.99"                "0.99"                "0.99"               
[13] "0.99"                "0.99"                "0.99"               
[16] "0.99"                "0.99"                "0.99"               
[19] "0.99"                "0.973780132219795"   "0.973780132219795"  
[22] "0.988637813353062"   "0.988637813353062"   "0.99"               
[25] "0.99"                "0.874066727990128"   "0.874066727990128"  
[28] "0.0828083273089295"  "0.0828083273089295"  "0.236528349614293"  
[31] "0.236528349614293"   "0.0206366014232999"  "0.0206366014232999" 
[34] "0.00032815216569069" "0.00032815216569069" "0.031255627472094"  
[37] "0.031255627472094"   "0.0340232405872187"  "0.0340232405872187" 
[40] "0.00428600522700088" "0.00428600522700088" "beta :"             
[43] "1"                  
[1] " old Likelihood:  -8827568.44607805"
[1] "New Likelihood:  -8827531.7900743"
iter:  0  f-value:  25257.4  pgrad:  0.8828957 
iter:  10  f-value:  25257.36  pgrad:  0.5979018 
iter:  20  f-value:  25257.36  pgrad:  0.5779293 
iter:  30  f-value:  25257.36  pgrad:  0.577129 
iter:  40  f-value:  25257.35  pgrad:  0.5282345 
iter:  50  f-value:  25257.35  pgrad:  0.5064794 
  Unsuccessful convergence.
Time difference of 19.19194 mins
[1] "maxIt: 20"
[1] "It: 9"
 [1] "sigma:"              "0.99"                "0.99"               
 [4] "0.970218491516765"   "0.970218491516765"   "0.984469552484469"  
 [7] "0.984469552484469"   "0.99"                "0.99"               
[10] "0.99"                "0.99"                "0.99"               
[13] "0.99"                "0.99"                "0.99"               
[16] "0.99"                "0.99"                "0.99"               
[19] "0.99"                "0.973296751113398"   "0.973296751113398"  
[22] "0.99"                "0.99"                "0.99"               
[25] "0.99"                "0.873732763151521"   "0.873732763151521"  
[28] "0.0811770100038995"  "0.0811770100038995"  "0.235520516224644"  
[31] "0.235520516224644"   "0.0213370995522788"  "0.0213370995522788" 
[34] "0.00173922670419008" "0.00173922670419008" "0.032988441496612"  
[37] "0.032988441496612"   "0.0349329628466141"  "0.0349329628466141" 
[40] "0.00439383388497059" "0.00439383388497059" "beta :"             
[43] "1"                  
 [1] "sigma:"              "0.99"                "0.99"               
 [4] "0.970218491516765"   "0.970218491516765"   "0.984469552484469"  
 [7] "0.984469552484469"   "0.99"                "0.99"               
[10] "0.99"                "0.99"                "0.99"               
[13] "0.99"                "0.99"                "0.99"               
[16] "0.99"                "0.99"                "0.99"               
[19] "0.99"                "0.973296751113398"   "0.973296751113398"  
[22] "0.99"                "0.99"                "0.99"               
[25] "0.99"                "0.873732763151521"   "0.873732763151521"  
[28] "0.0316770100038995"  "0.0316770100038995"  "0.235520516224644"  
[31] "0.235520516224644"   "0.0708370995522788"  "0.0708370995522788" 
[34] "0.00173922670419008" "0.00173922670419008" "0.032988441496612"  
[37] "0.032988441496612"   "0.0349329628466141"  "0.0349329628466141" 
[40] "0.00439383388497059" "0.00439383388497059" "beta :"             
[43] "1"                  
[1] " old Likelihood:  -8827531.7900743"
[1] "New Likelihood:  -8827512.47382659"
iter:  0  f-value:  25214.89  pgrad:  0.5102922 
iter:  10  f-value:  25214.85  pgrad:  0.6706614 
iter:  20  f-value:  25214.85  pgrad:  0.6387199 
iter:  30  f-value:  25214.84  pgrad:  0.5924085 
iter:  40  f-value:  25214.84  pgrad:  0.5857146 
iter:  50  f-value:  25214.84  pgrad:  0.5385664 
  Unsuccessful convergence.
Time difference of 19.0813 mins
[1] "maxIt: 20"
[1] "It: 10"
 [1] "sigma:"              "0.99"                "0.99"               
 [4] "0.970855880508393"   "0.970855880508393"   "0.985491893435934"  
 [7] "0.985491893435934"   "0.99"                "0.99"               
[10] "0.99"                "0.99"                "0.99"               
[13] "0.99"                "0.99"                "0.99"               
[16] "0.99"                "0.99"                "0.99"               
[19] "0.99"                "0.97358092062096"    "0.97358092062096"   
[22] "0.99"                "0.99"                "0.99"               
[25] "0.99"                "0.874746632861789"   "0.874746632861789"  
[28] "0.030577922258327"   "0.030577922258327"   "0.234101257884224"  
[31] "0.234101257884224"   "0.0715643134568721"  "0.0715643134568721" 
[34] "0.00389017649658589" "0.00389017649658589" "0.0351128039052467" 
[37] "0.0351128039052467"  "0.0359060191864566"  "0.0359060191864566" 
[40] "0.00450241612284478" "0.00450241612284478" "beta :"             
[43] "1"                  
 [1] "sigma:"              "0.99"                "0.99"               
 [4] "0.970855880508393"   "0.970855880508393"   "0.985491893435934"  
 [7] "0.985491893435934"   "0.99"                "0.99"               
[10] "0.99"                "0.99"                "0.99"               
[13] "0.99"                "0.99"                "0.99"               
[16] "0.99"                "0.99"                "0.99"               
[19] "0.99"                "0.97358092062096"    "0.97358092062096"   
[22] "0.99"                "0.99"                "0.99"               
[25] "0.99"                "0.874746632861789"   "0.874746632861789"  
[28] "0.030577922258327"   "0.030577922258327"   "0.234101257884224"  
[31] "0.234101257884224"   "0.0715643134568721"  "0.0715643134568721" 
[34] "0.00389017649658589" "0.00389017649658589" "0.0351128039052467" 
[37] "0.0351128039052467"  "0.0359060191864566"  "0.0359060191864566" 
[40] "0.00450241612284478" "0.00450241612284478" "beta :"             
[43] "1"                  
[1] " old Likelihood:  -8827512.47382659"
[1] "New Likelihood:  -8827498.48611369"
iter:  0  f-value:  25226.65  pgrad:  0.5088299 
iter:  10  f-value:  25226.63  pgrad:  0.5773109 
iter:  20  f-value:  25226.63  pgrad:  0.5522816 
iter:  30  f-value:  25226.62  pgrad:  0.4995672 
iter:  40  f-value:  25226.62  pgrad:  0.4871254 
iter:  50  f-value:  25226.62  pgrad:  0.4994581 
  Unsuccessful convergence.
Time difference of 18.49439 mins
[1] "maxIt: 20"
[1] "It: 11"
 [1] "sigma:"              "0.99"                "0.99"               
 [4] "0.971376832954701"   "0.971376832954701"   "0.98633330542315"   
 [7] "0.98633330542315"    "0.99"                "0.99"               
[10] "0.99"                "0.99"                "0.99"               
[13] "0.99"                "0.99"                "0.99"               
[16] "0.99"                "0.99"                "0.99"               
[19] "0.99"                "0.973709800045863"   "0.973709800045863"  
[22] "0.99"                "0.99"                "0.99"               
[25] "0.99"                "0.875550853979002"   "0.875550853979002"  
[28] "0.0290554793741215"  "0.0290554793741215"  "0.232864674610408"  
[31] "0.232864674610408"   "0.0722734028102733"  "0.0722734028102733" 
[34] "0.00561143989992489" "0.00561143989992489" "0.0367634176338163" 
[37] "0.0367634176338163"  "0.0366464691445473"  "0.0366464691445473" 
[40] "0.00458392930232857" "0.00458392930232857" "beta :"             
[43] "1"                  
 [1] "sigma:"              "0.99"                "0.99"               
 [4] "0.971376832954701"   "0.971376832954701"   "0.98633330542315"   
 [7] "0.98633330542315"    "0.99"                "0.99"               
[10] "0.99"                "0.99"                "0.99"               
[13] "0.99"                "0.99"                "0.99"               
[16] "0.99"                "0.99"                "0.99"               
[19] "0.99"                "0.973709800045863"   "0.973709800045863"  
[22] "0.99"                "0.99"                "0.99"               
[25] "0.99"                "0.875550853979002"   "0.875550853979002"  
[28] "0.0290554793741215"  "0.0290554793741215"  "0.232864674610408"  
[31] "0.232864674610408"   "0.0722734028102733"  "0.0722734028102733" 
[34] "0.00561143989992489" "0.00561143989992489" "0.0367634176338163" 
[37] "0.0367634176338163"  "0.0366464691445473"  "0.0366464691445473" 
[40] "0.00458392930232857" "0.00458392930232857" "beta :"             
[43] "1"                  
[1] " old Likelihood:  -8827498.48611369"
[1] "New Likelihood:  -8827489.13995635"
iter:  0  f-value:  25237.17  pgrad:  0.5050986 
iter:  10  f-value:  25237.15  pgrad:  0.4896356 
iter:  20  f-value:  25237.15  pgrad:  0.4710091 
iter:  30  f-value:  25237.15  pgrad:  0.4348476 
iter:  40  f-value:  25237.14  pgrad:  0.40538 
iter:  50  f-value:  25237.14  pgrad:  0.4867616 
  Unsuccessful convergence.
Time difference of 18.58858 mins
[1] "maxIt: 20"
[1] "It: 12"
 [1] "sigma:"              "0.99"                "0.99"               
 [4] "0.972028051499905"   "0.972028051499905"   "0.987425485842016"  
 [7] "0.987425485842016"   "0.99"                "0.99"               
[10] "0.99"                "0.99"                "0.99"               
[13] "0.99"                "0.99"                "0.99"               
[16] "0.99"                "0.99"                "0.99"               
[19] "0.99"                "0.973707552639648"   "0.973707552639648"  
[22] "0.99"                "0.99"                "0.99"               
[25] "0.99"                "0.876516963355406"   "0.876516963355406"  
[28] "0.0265305032550589"  "0.0265305032550589"  "0.231268413183309"  
[31] "0.231268413183309"   "0.0732234906448844"  "0.0732234906448844" 
[34] "0.00782739408884992" "0.00782739408884992" "0.0387831542404019" 
[37] "0.0387831542404019"  "0.0375569077819809"  "0.0375569077819809" 
[40] "0.00467287411270505" "0.00467287411270505" "beta :"             
[43] "1"                  
 [1] "sigma:"              "0.99"                "0.99"               
 [4] "0.972028051499905"   "0.972028051499905"   "0.987425485842016"  
 [7] "0.987425485842016"   "0.99"                "0.99"               
[10] "0.99"                "0.99"                "0.99"               
[13] "0.99"                "0.99"                "0.99"               
[16] "0.99"                "0.99"                "0.99"               
[19] "0.99"                "0.973707552639648"   "0.973707552639648"  
[22] "0.99"                "0.99"                "0.99"               
[25] "0.99"                "0.876516963355406"   "0.876516963355406"  
[28] "0.0265305032550589"  "0.0265305032550589"  "0.231268413183309"  
[31] "0.231268413183309"   "0.0732234906448844"  "0.0732234906448844" 
[34] "0.00782739408884992" "0.00782739408884992" "0.0387831542404019" 
[37] "0.0387831542404019"  "0.0375569077819809"  "0.0375569077819809" 
[40] "0.00467287411270505" "0.00467287411270505" "beta :"             
[43] "1"                  
[1] " old Likelihood:  -8827489.13995635"
[1] "New Likelihood:  -8827482.31043482"
iter:  0  f-value:  25245.32  pgrad:  0.515191 
iter:  10  f-value:  25245.31  pgrad:  0.4378214 
iter:  20  f-value:  25245.31  pgrad:  0.4027243 
iter:  30  f-value:  25245.31  pgrad:  0.3886817 
iter:  40  f-value:  25245.3  pgrad:  0.5135957 
iter:  50  f-value:  25245.3  pgrad:  0.3460809 
  Unsuccessful convergence.
Time difference of 18.52224 mins
[1] "maxIt: 20"
[1] "It: 13"
 [1] "sigma:"              "0.99"                "0.99"               
 [4] "0.972461016343963"   "0.972461016343963"   "0.988162227058176"  
 [7] "0.988162227058176"   "0.99"                "0.99"               
[10] "0.99"                "0.99"                "0.99"               
[13] "0.99"                "0.99"                "0.99"               
[16] "0.99"                "0.99"                "0.99"               
[19] "0.99"                "0.973687416069501"   "0.973687416069501"  
[22] "0.99"                "0.99"                "0.99"               
[25] "0.99"                "0.877341983194159"   "0.877341983194159"  
[28] "0.0244110260339343"  "0.0244110260339343"  "0.229982817176442"  
[31] "0.229982817176442"   "0.0739602607793555"  "0.0739602607793555" 
[34] "0.0095291518821259"  "0.0095291518821259"  "0.0401337735352453" 
[37] "0.0401337735352453"  "0.0381399092096272"  "0.0381399092096272" 
[40] "0.00472490005713442" "0.00472490005713442" "beta :"             
[43] "1"                  
 [1] "sigma:"              "0.99"                "0.99"               
 [4] "0.972461016343963"   "0.972461016343963"   "0.988162227058176"  
 [7] "0.988162227058176"   "0.99"                "0.99"               
[10] "0.99"                "0.99"                "0.99"               
[13] "0.99"                "0.99"                "0.99"               
[16] "0.99"                "0.99"                "0.99"               
[19] "0.99"                "0.973687416069501"   "0.973687416069501"  
[22] "0.99"                "0.99"                "0.99"               
[25] "0.99"                "0.877341983194159"   "0.877341983194159"  
[28] "0.0244110260339343"  "0.0244110260339343"  "0.229982817176442"  
[31] "0.229982817176442"   "0.0739602607793555"  "0.0739602607793555" 
[34] "0.0590291518821259"  "0.0590291518821259"  "0.0401337735352453" 
[37] "0.0401337735352453"  "0.0381399092096272"  "0.0381399092096272" 
[40] "0.00472490005713442" "0.00472490005713442" "beta :"             
[43] "1"                  
[1] " old Likelihood:  -8827482.31043482"
[1] "New Likelihood:  -8827476.29150386"
iter:  0  f-value:  25104.36  pgrad:  0.5034513 
iter:  10  f-value:  25104.34  pgrad:  0.6673508 
iter:  20  f-value:  25104.34  pgrad:  0.6341361 
iter:  30  f-value:  25104.34  pgrad:  0.5930997 
iter:  40  f-value:  25104.34  pgrad:  0.5642869 
iter:  50  f-value:  25104.34  pgrad:  0.4825946 
  Unsuccessful convergence.
Time difference of 19.17158 mins
[1] "maxIt: 20"
[1] "It: 14"
 [1] "sigma:"             "0.99"               "0.99"              
 [4] "0.972963136729355"  "0.972963136729355"  "0.989025487867156" 
 [7] "0.989025487867156"  "0.99"               "0.99"              
[10] "0.99"               "0.99"               "0.99"              
[13] "0.99"               "0.99"               "0.99"              
[16] "0.99"               "0.99"               "0.99"              
[19] "0.99"               "0.973598903073307"  "0.973598903073307" 
[22] "0.99"               "0.99"               "0.99"              
[25] "0.99"               "0.878307809370512"  "0.878307809370512" 
[28] "0.021523677356247"  "0.021523677356247"  "0.228745502331362" 
[31] "0.228745502331362"  "0.075465501493022"  "0.075465501493022" 
[34] "0.0618635815509155" "0.0618635815509155" "0.0423723388781472"
[37] "0.0423723388781472" "0.0390069479816478" "0.0390069479816478"
[40] "0.0048048017235965" "0.0048048017235965" "beta :"            
[43] "1"                 
 [1] "sigma:"             "0.99"               "0.99"              
 [4] "0.972963136729355"  "0.972963136729355"  "0.989025487867156" 
 [7] "0.989025487867156"  "0.99"               "0.99"              
[10] "0.99"               "0.99"               "0.99"              
[13] "0.99"               "0.99"               "0.99"              
[16] "0.99"               "0.99"               "0.99"              
[19] "0.99"               "0.973598903073307"  "0.973598903073307" 
[22] "0.99"               "0.99"               "0.99"              
[25] "0.99"               "0.878307809370512"  "0.878307809370512" 
[28] "0.021523677356247"  "0.021523677356247"  "0.179245502331362" 
[31] "0.179245502331362"  "0.124965501493022"  "0.124965501493022" 
[34] "0.0618635815509155" "0.0618635815509155" "0.0423723388781472"
[37] "0.0423723388781472" "0.0390069479816478" "0.0390069479816478"
[40] "0.0048048017235965" "0.0048048017235965" "beta :"            
[43] "1"                 
[1] " old Likelihood:  -8827476.29150386"
[1] "New Likelihood:  -8827466.95365603"
iter:  0  f-value:  25124.32  pgrad:  0.5029419 
iter:  10  f-value:  25124.3  pgrad:  0.5911352 
iter:  20  f-value:  25124.3  pgrad:  0.5046968 
iter:  30  f-value:  25124.3  pgrad:  0.5208494 
iter:  40  f-value:  25124.29  pgrad:  0.650216 
iter:  50  f-value:  25124.29  pgrad:  0.3974128 
  Unsuccessful convergence.
Time difference of 19.55629 mins
[1] "maxIt: 20"
[1] "It: 15"
 [1] "sigma:"              "0.989996692154163"   "0.989996692154163"  
 [4] "0.973391160321939"   "0.973391160321939"   "0.989778904061486"  
 [7] "0.989778904061486"   "0.99"                "0.99"               
[10] "0.99"                "0.99"                "0.99"               
[13] "0.99"                "0.99"                "0.99"               
[16] "0.99"                "0.99"                "0.99"               
[19] "0.99"                "0.973491101544049"   "0.973491101544049"  
[22] "0.99"                "0.99"                "0.99"               
[25] "0.99"                "0.87962523765687"    "0.87962523765687"   
[28] "0.019051563613615"   "0.019051563613615"   "0.177921103387351"  
[31] "0.177921103387351"   "0.12590062746142"    "0.12590062746142"   
[34] "0.06436891422997"    "0.06436891422997"    "0.0444435098726078" 
[37] "0.0444435098726078"  "0.0397639987623178"  "0.0397639987623178" 
[40] "0.00486693785813872" "0.00486693785813872" "beta :"             
[43] "1"                  
 [1] "sigma:"              "0.989996692154163"   "0.989996692154163"  
 [4] "0.973391160321939"   "0.973391160321939"   "0.989778904061486"  
 [7] "0.989778904061486"   "0.99"                "0.99"               
[10] "0.99"                "0.99"                "0.99"               
[13] "0.99"                "0.99"                "0.99"               
[16] "0.99"                "0.99"                "0.99"               
[19] "0.99"                "0.973491101544049"   "0.973491101544049"  
[22] "0.99"                "0.99"                "0.99"               
[25] "0.99"                "0.87962523765687"    "0.87962523765687"   
[28] "0.019051563613615"   "0.019051563613615"   "0.177921103387351"  
[31] "0.177921103387351"   "0.12590062746142"    "0.12590062746142"   
[34] "0.06436891422997"    "0.06436891422997"    "0.0444435098726078" 
[37] "0.0444435098726078"  "0.0397639987623178"  "0.0397639987623178" 
[40] "0.00486693785813872" "0.00486693785813872" "beta :"             
[43] "1"                  
[1] " old Likelihood:  -8827466.95365603"
[1] "New Likelihood:  -8827460.42759652"
iter:  0  f-value:  25132.27  pgrad:  0.5019658 
iter:  10  f-value:  25132.26  pgrad:  0.4910544 
iter:  20  f-value:  25132.26  pgrad:  0.4666072 
iter:  30  f-value:  25132.26  pgrad:  0.4465983 
iter:  40  f-value:  25132.26  pgrad:  0.5180686 
iter:  50  f-value:  25132.26  pgrad:  0.3694004 
  Unsuccessful convergence.
Time difference of 19.16151 mins
[1] "maxIt: 20"
[1] "It: 16"
 [1] "sigma:"              "0.989968982622963"   "0.989968982622963"  
 [4] "0.973701553778058"   "0.973701553778058"   "0.99"               
 [7] "0.99"                "0.99"                "0.99"               
[10] "0.99"                "0.99"                "0.99"               
[13] "0.99"                "0.99"                "0.99"               
[16] "0.99"                "0.99"                "0.99"               
[19] "0.99"                "0.973433305928437"   "0.973433305928437"  
[22] "0.99"                "0.99"                "0.99"               
[25] "0.99"                "0.880670628678271"   "0.880670628678271"  
[28] "0.0168503541930016"  "0.0168503541930016"  "0.176881197693103"  
[31] "0.176881197693103"   "0.126567314931755"   "0.126567314931755"  
[34] "0.0661639915552816"  "0.0661639915552816"  "0.0458796350143121" 
[37] "0.0458796350143121"  "0.0402508945999603"  "0.0402508945999603" 
[40] "0.00489419284316815" "0.00489419284316815" "beta :"             
[43] "1"                  
 [1] "sigma:"              "0.989968982622963"   "0.989968982622963"  
 [4] "0.973701553778058"   "0.973701553778058"   "0.99"               
 [7] "0.99"                "0.99"                "0.99"               
[10] "0.99"                "0.99"                "0.99"               
[13] "0.99"                "0.99"                "0.99"               
[16] "0.99"                "0.99"                "0.99"               
[19] "0.99"                "0.973433305928437"   "0.973433305928437"  
[22] "0.99"                "0.99"                "0.99"               
[25] "0.99"                "0.880670628678271"   "0.880670628678271"  
[28] "0.0168503541930016"  "0.0168503541930016"  "0.176881197693103"  
[31] "0.176881197693103"   "0.126567314931755"   "0.126567314931755"  
[34] "0.0661639915552816"  "0.0661639915552816"  "0.0458796350143121" 
[37] "0.0458796350143121"  "0.0402508945999603"  "0.0402508945999603" 
[40] "0.00489419284316815" "0.00489419284316815" "beta :"             
[43] "1"                  
[1] " old Likelihood:  -8827460.42759652"
[1] "New Likelihood:  -8827456.12553188"
iter:  0  f-value:  25138.39  pgrad:  0.5011546 
iter:  10  f-value:  25138.38  pgrad:  0.4363062 
iter:  20  f-value:  25138.38  pgrad:  0.3934838 
iter:  30  f-value:  25138.38  pgrad:  0.3743844 
iter:  40  f-value:  25138.38  pgrad:  0.3382593 
iter:  50  f-value:  25138.37  pgrad:  0.1892113 
  Unsuccessful convergence.
Time difference of 19.19259 mins
[1] "maxIt: 20"
[1] "It: 17"
 [1] "sigma:"              "0.989967338234835"   "0.989967338234835"  
 [4] "0.974535766875829"   "0.974535766875829"   "0.99"               
 [7] "0.99"                "0.99"                "0.99"               
[10] "0.99"                "0.99"                "0.99"               
[13] "0.99"                "0.99"                "0.99"               
[16] "0.99"                "0.99"                "0.99"               
[19] "0.99"                "0.973311309927043"   "0.973311309927043"  
[22] "0.99"                "0.99"                "0.99"               
[25] "0.99"                "0.882449778080019"   "0.882449778080019"  
[28] "0.0108312680392111"  "0.0108312680392111"  "0.174434455678584"  
[31] "0.174434455678584"   "0.128079545270533"   "0.128079545270533"  
[34] "0.0701005772160659"  "0.0701005772160659"  "0.0488421900250781" 
[37] "0.0488421900250781"  "0.0412006579052953"  "0.0412006579052953" 
[40] "0.00492365465393561" "0.00492365465393561" "beta :"             
[43] "1"                  
 [1] "sigma:"              "0.989967338234835"   "0.989967338234835"  
 [4] "0.974535766875829"   "0.974535766875829"   "0.99"               
 [7] "0.99"                "0.99"                "0.99"               
[10] "0.99"                "0.99"                "0.99"               
[13] "0.99"                "0.99"                "0.99"               
[16] "0.99"                "0.99"                "0.99"               
[19] "0.99"                "0.973311309927043"   "0.973311309927043"  
[22] "0.99"                "0.99"                "0.99"               
[25] "0.99"                "0.882449778080019"   "0.882449778080019"  
[28] "0.0108312680392111"  "0.0108312680392111"  "0.174434455678584"  
[31] "0.174434455678584"   "0.128079545270533"   "0.128079545270533"  
[34] "0.0701005772160659"  "0.0701005772160659"  "0.0488421900250781" 
[37] "0.0488421900250781"  "0.0412006579052953"  "0.0412006579052953" 
[40] "0.00492365465393561" "0.00492365465393561" "beta :"             
[43] "1"                  
[1] " old Likelihood:  -8827456.12553188"
[1] "New Likelihood:  -8827452.54907934"
iter:  0  f-value:  25141.64  pgrad:  0.5002752 
iter:  10  f-value:  25141.64  pgrad:  0.4361042 
iter:  20  f-value:  25141.64  pgrad:  0.3378955 
iter:  30  f-value:  25141.64  pgrad:  0.3217428 
iter:  40  f-value:  25141.63  pgrad:  0.5150499 
iter:  50  f-value:  25141.63  pgrad:  0.241198 
  Unsuccessful convergence.
Time difference of 19.19451 mins
[1] "maxIt: 20"
[1] "It: 18"
 [1] "sigma:"              "0.989976533188571"   "0.989976533188571"  
 [4] "0.974969492195832"   "0.974969492195832"   "0.99"               
 [7] "0.99"                "0.99"                "0.99"               
[10] "0.99"                "0.99"                "0.99"               
[13] "0.99"                "0.99"                "0.99"               
[16] "0.99"                "0.99"                "0.99"               
[19] "0.99"                "0.973264736271742"   "0.973264736271742"  
[22] "0.99"                "0.99"                "0.99"               
[25] "0.99"                "0.883512907047935"   "0.883512907047935"  
[28] "0.00766668146292207" "0.00766668146292207" "0.173138619479228"  
[31] "0.173138619479228"   "0.128828496492937"   "0.128828496492937"  
[34] "0.0720863333039884"  "0.0720863333039884"  "0.0501266647233759" 
[37] "0.0501266647233759"  "0.0415537695532042"  "0.0415537695532042" 
[40] "0.00492233906181102" "0.00492233906181102" "beta :"             
[43] "1"                  
 [1] "sigma:"               "0.989976533188571"    "0.989976533188571"   
 [4] "0.974969492195832"    "0.974969492195832"    "0.99"                
 [7] "0.99"                 "0.99"                 "0.99"                
[10] "0.99"                 "0.99"                 "0.99"                
[13] "0.99"                 "0.99"                 "0.99"                
[16] "0.99"                 "0.99"                 "0.99"                
[19] "0.99"                 "0.973264736271742"    "0.973264736271742"   
[22] "0.99"                 "0.99"                 "0.99"                
[25] "0.99"                 "0.883512907047935"    "0.883512907047935"   
[28] "0.00766668146292207"  "0.00766668146292207"  "0.173138619479228"   
[31] "0.173138619479228"    "0.128828496492937"    "0.128828496492937"   
[34] "0.121586333303988"    "0.121586333303988"    "0.000626664723375906"
[37] "0.000626664723375906" "0.0415537695532042"   "0.0415537695532042"  
[40] "0.00492233906181102"  "0.00492233906181102"  "beta :"              
[43] "1"                   
[1] " old Likelihood:  -8827452.54907934"
[1] "New Likelihood:  -8827444.47856518"
iter:  0  f-value:  25095.47  pgrad:  0.4996173 
iter:  10  f-value:  25095.46  pgrad:  0.4355084 
iter:  20  f-value:  25095.46  pgrad:  0.481467 
iter:  30  f-value:  25095.46  pgrad:  0.4381218 
iter:  40  f-value:  25095.46  pgrad:  0.3350942 
iter:  50  f-value:  25095.46  pgrad:  0.3261084 
  Unsuccessful convergence.
Time difference of 19.65911 mins
[1] "maxIt: 20"
[1] "It: 19"
 [1] "sigma:"              "0.989979548216815"   "0.989979548216815"  
 [4] "0.975233359954546"   "0.975233359954546"   "0.99"               
 [7] "0.99"                "0.99"                "0.99"               
[10] "0.99"                "0.99"                "0.99"               
[13] "0.99"                "0.99"                "0.99"               
[16] "0.99"                "0.99"                "0.99"               
[19] "0.99"                "0.973214618522352"   "0.973214618522352"  
[22] "0.99"                "0.99"                "0.99"               
[25] "0.99"                "0.88435180197521"    "0.88435180197521"   
[28] "0.00566975542487483" "0.00566975542487483" "0.172412297960583"  
[31] "0.172412297960583"   "0.129379499707423"   "0.129379499707423"  
[34] "0.122981866699066"   "0.122981866699066"   "0.00131281812030171"
[37] "0.00131281812030171" "0.0416560023547923"  "0.0416560023547923" 
[40] "0.00490452882947164" "0.00490452882947164" "beta :"             
[43] "1"                  
 [1] "sigma:"              "0.989979548216815"   "0.989979548216815"  
 [4] "0.975233359954546"   "0.975233359954546"   "0.99"               
 [7] "0.99"                "0.99"                "0.99"               
[10] "0.99"                "0.99"                "0.99"               
[13] "0.99"                "0.99"                "0.99"               
[16] "0.99"                "0.99"                "0.99"               
[19] "0.99"                "0.973214618522352"   "0.973214618522352"  
[22] "0.99"                "0.99"                "0.99"               
[25] "0.99"                "0.88435180197521"    "0.88435180197521"   
[28] "0.00566975542487482" "0.00566975542487482" "0.122912297960583"  
[31] "0.122912297960583"   "0.178879499707423"   "0.178879499707423"  
[34] "0.122981866699066"   "0.122981866699066"   "0.00131281812030171"
[37] "0.00131281812030171" "0.0416560023547923"  "0.0416560023547923" 
[40] "0.00490452882947164" "0.00490452882947164" "beta :"             
[43] "1"                  
[1] " old Likelihood:  -8827444.47856518"
[1] "New Likelihood:  -8827441.14637869"
iter:  0  f-value:  25083.36  pgrad:  0.4992022 
iter:  10  f-value:  25083.35  pgrad:  0.4614412 
iter:  20  f-value:  25083.35  pgrad:  0.4392132 
iter:  30  f-value:  25083.35  pgrad:  0.399159 
iter:  40  f-value:  25083.35  pgrad:  0.3261084 
iter:  50  f-value:  25083.35  pgrad:  0.3062087 
  Unsuccessful convergence.
Time difference of 19.66037 mins
[1] "maxIt: 20"
[1] "It: 20"
 [1] "sigma:"              "0.989985407682602"   "0.989985407682602"  
 [4] "0.975633498840311"   "0.975633498840311"   "0.99"               
 [7] "0.99"                "0.99"                "0.99"               
[10] "0.99"                "0.99"                "0.99"               
[13] "0.99"                "0.99"                "0.99"               
[16] "0.99"                "0.99"                "0.99"               
[19] "0.99"                "0.973113422371809"   "0.973113422371809"  
[22] "0.99"                "0.99"                "0.99"               
[25] "0.99"                "0.885683516579259"   "0.885683516579259"  
[28] "0.00300362644824415" "0.00300362644824415" "0.121920990423612"  
[31] "0.121920990423612"   "0.179567317854398"   "0.179567317854398"  
[34] "0.124925079970673"   "0.124925079970673"   "0.00246548883234813"
[37] "0.00246548883234813" "0.0418350684239253"  "0.0418350684239253" 
[40] "0.00487309854666885" "0.00487309854666885" "beta :"             
[43] "1"                  
 [1] "sigma:"              "0.989985407682602"   "0.989985407682602"  
 [4] "0.975633498840311"   "0.975633498840311"   "0.99"               
 [7] "0.99"                "0.99"                "0.99"               
[10] "0.99"                "0.99"                "0.99"               
[13] "0.99"                "0.99"                "0.99"               
[16] "0.99"                "0.99"                "0.99"               
[19] "0.99"                "0.973113422371809"   "0.973113422371809"  
[22] "0.99"                "0.99"                "0.99"               
[25] "0.99"                "0.885683516579259"   "0.885683516579259"  
[28] "0.00300362644824415" "0.00300362644824415" "0.121920990423612"  
[31] "0.121920990423612"   "0.179567317854398"   "0.179567317854398"  
[34] "0.124925079970673"   "0.124925079970673"   "0.00246548883234813"
[37] "0.00246548883234813" "0.0418350684239253"  "0.0418350684239253" 
[40] "0.00487309854666885" "0.00487309854666885" "beta :"             
[43] "1"                  
[1] " old Likelihood:  -8827441.14637869"
[1] "New Likelihood:  -8827438.40452795"
iter:  0  f-value:  25086.67  pgrad:  0.4984166 
iter:  10  f-value:  25086.67  pgrad:  0.4316098 
iter:  20  f-value:  25086.66  pgrad:  0.3672176 
iter:  30  f-value:  25086.66  pgrad:  0.5188957 
iter:  40  f-value:  25086.66  pgrad:  0.314285 
iter:  50  f-value:  25086.66  pgrad:  0.2796878 
  Unsuccessful convergence.
Time difference of 19.15156 mins
 [1] "sigma:"              "0.989982502698075"   "0.989982502698075"  
 [4] "0.975975131215055"   "0.975975131215055"   "0.99"               
 [7] "0.99"                "0.99"                "0.99"               
[10] "0.99"                "0.99"                "0.99"               
[13] "0.99"                "0.99"                "0.99"               
[16] "0.99"                "0.99"                "0.99"               
[19] "0.99"                "0.973044065345362"   "0.973044065345362"  
[22] "0.99"                "0.99"                "0.99"               
[25] "0.99"                "0.886802436357384"   "0.886802436357384"  
[28] "0.0005838523790497"  "0.0005838523790497"  "0.121102123905223"  
[31] "0.121102123905223"   "0.18007286750697"    "0.18007286750697"   
[34] "0.126450534536189"   "0.126450534536189"   "0.00328321030630694"
[37] "0.00328321030630694" "0.0419071203896886"  "0.0419071203896886" 
[40] "0.00483276516857055" "0.00483276516857055" "beta :"             
[43] "1"                  
[1] 1999698 1999932 1999730 1999846 1999698
[1] 1 1 1 1 1
saved RDS
inference successful
