[1] "Original length"
[1] 999953
[1] "Final length"
[1] 18114
[1] "sequence length : 999954" "sequence length : 999807"
[3] "sequence length : 999618" "sequence length : 999924"
[5] "sequence length : 999459"
[1] "former Rho:"
[1] 1364.3459 1381.4784 1067.2125  925.8675 1409.6464
[1] "old mu :"
[1] 0.0006822043 0.0006908726 0.0005338102 0.0004629689 0.0007052047
[1] "new mu :"
[1] 0.0006150121
[1] "new Rho:"
[1] 1229.968 1229.787 1229.554 1229.931 1229.359
[1] 1 1 1 1 1
[1] "Beta: 1"
[1] "Self: 0"
[1] 1
[1] "Rho"
[1] 1229.968 1229.787 1229.554 1229.931 1229.359
[1] "It: 1"
[1] "sigma:" "0"      "beta :" "1"     
[1] "rho/theta:" "1"         
[1] "sigma:" "0"      "beta :" "1"     
[1] "rho/theta:" "1"         
Time difference of 1.544579 secs
[1] "New Likelihood:  -8518954.02146446"
[1] 4998757
[1] 4998762
iter:  0  f-value:  31746.65  pgrad:  0.5 
iter:  10  f-value:  31730.48  pgrad:  0.9739343 
iter:  20  f-value:  31724.42  pgrad:  0.8724827 
iter:  30  f-value:  31722.73  pgrad:  0.8667912 
  Unsuccessful convergence.
[1] 0.1335694
 [1] "Xi: 0.504250902873755" "Xi: 0.504614442445181" "Xi: 0.508304923704213"
 [4] "Xi: 0.508491926403081" "Xi: 0.508688640232971" "Xi: 0.507812530405682"
 [7] "Xi: 0.49204698755289"  "Xi: 0.484684439898177" "Xi: 0.476674742997933"
[10] "Xi: 0.481400173397773" "Xi: 0.493876824771537" "Xi: 0.50528028519895" 
[13] "Xi: 0.512348410711671" "Xi: 0.515127256683014" "Xi: 0.515382729127712"
[16] "Xi: 0.514404357004583" "Xi: 0.512814046845227" "Xi: 0.51095312272655" 
[19] "Xi: 0.509052366437717" "Xi: 0.507575415024471"
Time difference of 7.419405 mins
[1] "Rho"
[1] 1229.968 1229.787 1229.554 1229.931 1229.359
[1] "It: 2"
[1] "sigma:"            "0.132233657251953" "beta :"           
[4] "1"                
[1] "rho/theta:" "1"         
Time difference of 1.549658 secs
[1] " old Likelihood:  -8518954.02146446"
[1] "New Likelihood:  -8511638.97769205"
[1] 4998757
[1] 4998762
iter:  0  f-value:  30677.51  pgrad:  0.8664306 
iter:  10  f-value:  30668.27  pgrad:  0.8291748 
iter:  20  f-value:  30665.23  pgrad:  0.7744344 
iter:  30  f-value:  30665.07  pgrad:  0.5312898 
  Unsuccessful convergence.
[1] 0.2386919
 [1] "Xi: 0.506747940165881" "Xi: 0.507317957629326" "Xi: 0.51393171588323" 
 [4] "Xi: 0.517051513110617" "Xi: 0.517713731641616" "Xi: 0.517155420452138"
 [7] "Xi: 0.499264366251204" "Xi: 0.481404612173214" "Xi: 0.46663495317212" 
[10] "Xi: 0.468724107917028" "Xi: 0.488050016847281" "Xi: 0.508322139615025"
[13] "Xi: 0.521400801026588" "Xi: 0.526194726906151" "Xi: 0.526531501388024"
[16] "Xi: 0.524847364311851" "Xi: 0.522299865592902" "Xi: 0.519298810653637"
[19] "Xi: 0.516107319359072" "Xi: 0.513554820286382"
Time difference of 4.175948 mins
[1] "Rho"
[1] 1229.968 1229.787 1229.554 1229.931 1229.359
[1] "It: 3"
[1] "sigma:"            "0.236305018972455" "beta :"           
[4] "1"                
[1] "rho/theta:" "1"         
Time difference of 1.628642 secs
[1] " old Likelihood:  -8511638.97769205"
[1] "New Likelihood:  -8507545.06595967"
[1] 4998757
[1] 4998762
iter:  0  f-value:  29372.22  pgrad:  0.7613081 
iter:  10  f-value:  29366.43  pgrad:  0.7233061 
iter:  20  f-value:  29365.49  pgrad:  0.5412039 
iter:  30  f-value:  29364.93  pgrad:  0.6849377 
  Unsuccessful convergence.
[1] 0.3153137
 [1] "Xi: 0.508154594230212" "Xi: 0.508829314333128" "Xi: 0.517003611024063"
 [4] "Xi: 0.521455402842151" "Xi: 0.522495568408653" "Xi: 0.522597101670366"
 [7] "Xi: 0.50533890545752"  "Xi: 0.486019845576332" "Xi: 0.463440512422239"
[10] "Xi: 0.459964616293092" "Xi: 0.482206356761536" "Xi: 0.50927518212639" 
[13] "Xi: 0.527514429412664" "Xi: 0.533879921792968" "Xi: 0.5340803877889"  
[16] "Xi: 0.531913968231319" "Xi: 0.528896929625977" "Xi: 0.525301687640294"
[19] "Xi: 0.521262098849359" "Xi: 0.517905697255194"
Time difference of 4.170922 mins
[1] "Rho"
[1] 1229.968 1229.787 1229.554 1229.931 1229.359
[1] "It: 4"
[1] "sigma:"            "0.312160607082725" "beta :"           
[4] "1"                
[1] "rho/theta:" "1"         
Time difference of 1.563034 secs
[1] " old Likelihood:  -8507545.06595967"
[1] "New Likelihood:  -8505098.31010702"
[1] 4998757
[1] 4998762
iter:  0  f-value:  28148.09  pgrad:  0.6846863 
iter:  10  f-value:  28144.06  pgrad:  0.6519358 
iter:  20  f-value:  28143.04  pgrad:  0.6273309 
iter:  30  f-value:  28142.98  pgrad:  0.5339468 
  Unsuccessful convergence.
[1] 0.3786354
 [1] "Xi: 0.509685862374129" "Xi: 0.510473456139252" "Xi: 0.520281078891511"
 [4] "Xi: 0.525917273574081" "Xi: 0.52736900716228"  "Xi: 0.52830596189084" 
 [7] "Xi: 0.512448836461605" "Xi: 0.494013296854784" "Xi: 0.466166339070308"
[10] "Xi: 0.455198444805671" "Xi: 0.477578994066865" "Xi: 0.5097102060034"  
[13] "Xi: 0.532278896061885" "Xi: 0.539673882371055" "Xi: 0.539513203138288"
[16] "Xi: 0.536995731537663" "Xi: 0.533816702675062" "Xi: 0.529976730022723"
[19] "Xi: 0.525380659170969" "Xi: 0.521382513137781"
Time difference of 4.178342 mins
[1] "Rho"
[1] 1229.968 1229.787 1229.554 1229.931 1229.359
[1] "It: 5"
[1] "sigma:"            "0.374849040513298" "beta :"           
[4] "1"                
[1] "rho/theta:" "1"         
Time difference of 1.557739 secs
[1] " old Likelihood:  -8505098.31010702"
[1] "New Likelihood:  -8503297.2272164"
[1] 4998757
[1] 4998762
iter:  0  f-value:  26933.13  pgrad:  0.6213646 
iter:  10  f-value:  26929.69  pgrad:  0.5892555 
iter:  20  f-value:  26929.09  pgrad:  0.571034 
iter:  30  f-value:  26929.06  pgrad:  0.5694217 
  Unsuccessful convergence.
[1] 0.4306064
 [1] "Xi: 0.510517688977352" "Xi: 0.511359428405578" "Xi: 0.522031939541169"
 [4] "Xi: 0.528240119951859" "Xi: 0.529949946951338" "Xi: 0.531457076967083"
 [7] "Xi: 0.516794870238992" "Xi: 0.50036903838442"  "Xi: 0.471267192841222"
[10] "Xi: 0.452744591636058" "Xi: 0.473659500978749" "Xi: 0.509682148159516"
[13] "Xi: 0.536049157954421" "Xi: 0.544086694016129" "Xi: 0.543384752113403"
[16] "Xi: 0.540570849485601" "Xi: 0.537428890653797" "Xi: 0.533596794390655"
[19] "Xi: 0.528642950019588" "Xi: 0.524118703314238"
Time difference of 4.180255 mins
[1] "Rho"
[1] 1229.968 1229.787 1229.554 1229.931 1229.359
[1] "It: 6"
[1] "sigma:"            "0.426300287391154" "beta :"           
[4] "1"                
[1] "rho/theta:" "1"         
Time difference of 1.548168 secs
[1] " old Likelihood:  -8503297.2272164"
[1] "New Likelihood:  -8501850.36551189"
[1] 4998757
[1] 4998762
iter:  0  f-value:  25790.55  pgrad:  0.5693936 
iter:  10  f-value:  25787.22  pgrad:  0.5496105 
iter:  20  f-value:  25787  pgrad:  0.5477587 
iter:  30  f-value:  25786.97  pgrad:  0.5402909 
  Unsuccessful convergence.
[1] 0.4765409
 [1] "Xi: 0.511097036300124" "Xi: 0.511982339469351" "Xi: 0.523242260258826"
 [4] "Xi: 0.529884118162019" "Xi: 0.531989206372586" "Xi: 0.534379183506796"
 [7] "Xi: 0.521567777018459" "Xi: 0.508461552758454" "Xi: 0.47960670551381" 
[10] "Xi: 0.452931679364805" "Xi: 0.470993840334623" "Xi: 0.509885170079869"
[13] "Xi: 0.539573146058702" "Xi: 0.547881214173178" "Xi: 0.54642214977188" 
[16] "Xi: 0.54329258159997"  "Xi: 0.540279305511294" "Xi: 0.536601659757655"
[19] "Xi: 0.531415413020431" "Xi: 0.526438422398498"
Time difference of 4.17672 mins
[1] "Rho"
[1] 1229.968 1229.787 1229.554 1229.931 1229.359
[1] "It: 7"
[1] "sigma:"            "0.471775480713947" "beta :"           
[4] "1"                
[1] "rho/theta:" "1"         
Time difference of 1.574294 secs
[1] " old Likelihood:  -8501850.36551189"
[1] "New Likelihood:  -8500543.1158312"
[1] 4998757
[1] 4998762
iter:  0  f-value:  24674.34  pgrad:  0.5464221 
iter:  10  f-value:  24671.16  pgrad:  0.5508225 
iter:  20  f-value:  24671.09  pgrad:  0.5488476 
iter:  30  f-value:  24671.07  pgrad:  0.5117103 
  Unsuccessful convergence.
[1] 0.5168018
 [1] "Xi: 0.511641614044134" "Xi: 0.51256707141743"  "Xi: 0.524374265254918"
 [4] "Xi: 0.531411501381469" "Xi: 0.533826552907608" "Xi: 0.536904996318018"
 [7] "Xi: 0.525506430152586" "Xi: 0.515162733835636" "Xi: 0.488344854248109"
[10] "Xi: 0.454455410920612" "Xi: 0.46891153122542"  "Xi: 0.510028714111341"
[13] "Xi: 0.542820731849443" "Xi: 0.55119865264506"  "Xi: 0.548828208150034"
[16] "Xi: 0.545349797140697" "Xi: 0.542518259468535" "Xi: 0.539089516046774"
[19] "Xi: 0.533757658666917" "Xi: 0.528371022179098"
Time difference of 4.184947 mins
[1] "Rho"
[1] 1229.968 1229.787 1229.554 1229.931 1229.359
[1] "It: 8"
[1] "sigma:"            "0.511633828601184" "beta :"           
[4] "1"                
[1] "rho/theta:" "1"         
Time difference of 1.577121 secs
[1] " old Likelihood:  -8500543.1158312"
[1] "New Likelihood:  -8499345.97790056"
[1] 4998757
[1] 4998762
iter:  0  f-value:  23609.34  pgrad:  0.5488282 
iter:  10  f-value:  23606.35  pgrad:  0.5445625 
iter:  20  f-value:  23606.32  pgrad:  0.5432193 
iter:  30  f-value:  23606.29  pgrad:  0.476143 
  Unsuccessful convergence.
[1] 0.5527175
 [1] "Xi: 0.512285713672244" "Xi: 0.513258467489195" "Xi: 0.525708082000822"
 [4] "Xi: 0.533329786297136" "Xi: 0.536231181175044" "Xi: 0.540355434226275"
 [7] "Xi: 0.530902549719488" "Xi: 0.523880843235857" "Xi: 0.499076323212144"
[10] "Xi: 0.457252427398374" "Xi: 0.467398141230857" "Xi: 0.510201360778634"
[13] "Xi: 0.545975267267146" "Xi: 0.554278910824865" "Xi: 0.550841135174038"
[16] "Xi: 0.546971844748579" "Xi: 0.54433046323507"  "Xi: 0.541203213604389"
[19] "Xi: 0.53577938590953"  "Xi: 0.530012303606174"
Time difference of 4.187476 mins
[1] "Rho"
[1] 1229.968 1229.787 1229.554 1229.931 1229.359
[1] "It: 9"
[1] "sigma:"           "0.54719034973866" "beta :"           "1"               
[1] "rho/theta:" "1"         
Time difference of 1.558661 secs
[1] " old Likelihood:  -8499345.97790056"
[1] "New Likelihood:  -8498223.78784135"
[1] 4998757
[1] 4998762
iter:  0  f-value:  22591.99  pgrad:  0.5508411 
iter:  10  f-value:  22589.21  pgrad:  0.5570256 
iter:  20  f-value:  22589.16  pgrad:  0.5846744 
iter:  30  f-value:  22589.16  pgrad:  0.4922818 
  Unsuccessful convergence.
[1] 0.5847434
 [1] "Xi: 0.513120333242101" "Xi: 0.514153125436801" "Xi: 0.527417270921112"
 [4] "Xi: 0.535693123593178" "Xi: 0.538815715282905" "Xi: 0.54341359111987" 
 [7] "Xi: 0.534808945966065" "Xi: 0.529419163266754" "Xi: 0.507759664313652"
[10] "Xi: 0.460586902274223" "Xi: 0.466176110941725" "Xi: 0.510280021009998"
[13] "Xi: 0.548996809466884" "Xi: 0.557175829414546" "Xi: 0.552585711360021"
[16] "Xi: 0.54827090175863"  "Xi: 0.545806491065051" "Xi: 0.543007067100636"
[19] "Xi: 0.537525221961905" "Xi: 0.531392376497418"
Time difference of 4.183126 mins
[1] "Rho"
[1] 1229.968 1229.787 1229.554 1229.931 1229.359
[1] "It: 10"
[1] "sigma:"            "0.578895951567655" "beta :"           
[4] "1"                
[1] "rho/theta:" "1"         
Time difference of 1.58637 secs
[1] " old Likelihood:  -8498223.78784135"
[1] "New Likelihood:  -8497182.4264515"
[1] 4998757
[1] 4998762
iter:  0  f-value:  21627.26  pgrad:  0.5525857 
iter:  10  f-value:  21624.65  pgrad:  0.5598781 
iter:  20  f-value:  21624.62  pgrad:  0.5542247 
iter:  30  f-value:  21624.62  pgrad:  0.4837981 
  Unsuccessful convergence.
[1] 0.6135605
 [1] "Xi: 0.513922471488615" "Xi: 0.515007229166867" "Xi: 0.529032321998519"
 [4] "Xi: 0.53802926931727"  "Xi: 0.541351196498975" "Xi: 0.546373765782163"
 [7] "Xi: 0.538502178897603" "Xi: 0.534455238849252" "Xi: 0.516236933355376"
[10] "Xi: 0.464665704632097" "Xi: 0.465317653767239" "Xi: 0.510318760101955"
[13] "Xi: 0.551962910964031" "Xi: 0.559992562358115" "Xi: 0.554172941593446"
[16] "Xi: 0.549356482615641" "Xi: 0.547038112754241" "Xi: 0.544571652422846"
[19] "Xi: 0.539051118053804" "Xi: 0.532560952484748"
Time difference of 4.185623 mins
[1] "Rho"
[1] 1229.968 1229.787 1229.554 1229.931 1229.359
[1] "It: 11"
[1] "sigma:"            "0.607424900288343" "beta :"           
[4] "1"                
[1] "rho/theta:" "1"         
Time difference of 1.572001 secs
[1] " old Likelihood:  -8497182.4264515"
[1] "New Likelihood:  -8496210.83249981"
[1] 4998757
[1] 4998762
iter:  0  f-value:  20713.16  pgrad:  0.5541729 
iter:  10  f-value:  20710.74  pgrad:  0.5555643 
iter:  20  f-value:  20710.71  pgrad:  0.5556757 
iter:  30  f-value:  20710.71  pgrad:  0.4750037 
  Unsuccessful convergence.
[1] 0.6395761
 [1] "Xi: 0.51473764592059"  "Xi: 0.515875275513657" "Xi: 0.530650758596143"
 [4] "Xi: 0.540479215209357" "Xi: 0.544032701008812" "Xi: 0.54954034897914" 
 [7] "Xi: 0.542440876357356" "Xi: 0.539640024337558" "Xi: 0.525232861772564"
[10] "Xi: 0.469351872340746" "Xi: 0.464747003325049" "Xi: 0.510274138749956"
[13] "Xi: 0.554858245088954" "Xi: 0.562754719834124" "Xi: 0.555651668109785"
[16] "Xi: 0.550289692814648" "Xi: 0.54807846459789"  "Xi: 0.545934554500886"
[19] "Xi: 0.540389928191783" "Xi: 0.533546192338151"
Time difference of 4.189338 mins
[1] "Rho"
[1] 1229.968 1229.787 1229.554 1229.931 1229.359
[1] "It: 12"
[1] "sigma:"            "0.633180361016163" "beta :"           
[4] "1"                
[1] "rho/theta:" "1"         
Time difference of 1.566147 secs
[1] " old Likelihood:  -8496210.83249981"
[1] "New Likelihood:  -8495306.54692659"
[1] 4998757
[1] 4998762
iter:  0  f-value:  19849.11  pgrad:  0.5556517 
iter:  10  f-value:  19846.87  pgrad:  0.5570198 
iter:  20  f-value:  19846.85  pgrad:  0.5471689 
iter:  30  f-value:  19846.84  pgrad:  0.4666926 
  Unsuccessful convergence.
[1] 0.6630717
 [1] "Xi: 0.515517970000428" "Xi: 0.516700800528414" "Xi: 0.532163963156948"
 [4] "Xi: 0.542874836315356" "Xi: 0.546623599855306" "Xi: 0.552535800403891"
 [7] "Xi: 0.546035119370376" "Xi: 0.544072001393368" "Xi: 0.533405230149793"
[10] "Xi: 0.474417202654492" "Xi: 0.464360562745028" "Xi: 0.510084010876872"
[13] "Xi: 0.557644579539543" "Xi: 0.565462347107813" "Xi: 0.557050939676339"
[16] "Xi: 0.551109909905131" "Xi: 0.548967241123694" "Xi: 0.547135004786143"
[19] "Xi: 0.541565465219618" "Xi: 0.534367691422508"
Time difference of 4.18282 mins
[1] "Rho"
[1] 1229.968 1229.787 1229.554 1229.931 1229.359
[1] "It: 13"
[1] "sigma:"            "0.656441009062825" "beta :"           
[4] "1"                
[1] "rho/theta:" "1"         
Time difference of 1.554953 secs
[1] " old Likelihood:  -8495306.54692659"
[1] "New Likelihood:  -8494471.71182083"
[1] 4998757
[1] 4998762
iter:  0  f-value:  19035.4  pgrad:  0.5570509 
iter:  10  f-value:  19033.33  pgrad:  0.6842515 
iter:  20  f-value:  19033.32  pgrad:  0.5482041 
iter:  30  f-value:  19033.31  pgrad:  0.4592293 
  Unsuccessful convergence.
[1] 0.6843074
 [1] "Xi: 0.516336011354751" "Xi: 0.517558666461292" "Xi: 0.533726685105674"
 [4] "Xi: 0.545451445785911" "Xi: 0.549440374866388" "Xi: 0.555832790296277"
 [7] "Xi: 0.549956960120899" "Xi: 0.548616494330367" "Xi: 0.542061193573081"
[10] "Xi: 0.479881699133631" "Xi: 0.464187782753743" "Xi: 0.509767419797991"
[13] "Xi: 0.560322359455361" "Xi: 0.568119410391142" "Xi: 0.558522514670328"
[16] "Xi: 0.551916410829519" "Xi: 0.549725298606816" "Xi: 0.548179418760861"
[19] "Xi: 0.542594843819121" "Xi: 0.535046105136165"
Time difference of 4.175402 mins
[1] "Rho"
[1] 1229.968 1229.787 1229.554 1229.931 1229.359
[1] "It: 14"
[1] "sigma:"            "0.677464350602616" "beta :"           
[4] "1"                
[1] "rho/theta:" "1"         
Time difference of 1.634076 secs
[1] " old Likelihood:  -8494471.71182083"
[1] "New Likelihood:  -8493706.13365106"
[1] 4998757
[1] 4998762
iter:  0  f-value:  18273.03  pgrad:  0.5585225 
iter:  10  f-value:  18271.13  pgrad:  0.5525877 
iter:  20  f-value:  18271.12  pgrad:  0.4523364 
iter:  30  f-value:  18271.12  pgrad:  0.5491538 
  Unsuccessful convergence.
[1] 0.7035449
 [1] "Xi: 0.517127104615624" "Xi: 0.518386860692441" "Xi: 0.535212655736431"
 [4] "Xi: 0.547957948165918" "Xi: 0.552186290429271" "Xi: 0.558975665288159"
 [7] "Xi: 0.553547990469864" "Xi: 0.55240183323137"  "Xi: 0.549721767321891"
[10] "Xi: 0.485555419055928" "Xi: 0.464163459353439" "Xi: 0.509280118961698"
[13] "Xi: 0.562835344964577" "Xi: 0.570705319620717" "Xi: 0.559771861034083"
[16] "Xi: 0.552566767092086" "Xi: 0.550368163847529" "Xi: 0.549046481869152"
[19] "Xi: 0.543483210278827" "Xi: 0.535586045066915"
Time difference of 4.181158 mins
[1] "Rho"
[1] 1229.968 1229.787 1229.554 1229.931 1229.359
[1] "It: 15"
[1] "sigma:"            "0.696509478309047" "beta :"           
[4] "1"                
[1] "rho/theta:" "1"         
Time difference of 1.683021 secs
[1] " old Likelihood:  -8493706.13365106"
[1] "New Likelihood:  -8493004.34088991"
[1] 4998757
[1] 4998762
iter:  0  f-value:  17555.23  pgrad:  0.5597719 
iter:  10  f-value:  17553.51  pgrad:  0.5531778 
iter:  20  f-value:  17553.51  pgrad:  0.4453126 
iter:  30  f-value:  17553.5  pgrad:  0.4444937 
  Unsuccessful convergence.
[1] 0.7209387
 [1] "Xi: 0.517818757261145" "Xi: 0.519104826515222" "Xi: 0.536492257968811"
 [4] "Xi: 0.550109630928825" "Xi: 0.554594950865939" "Xi: 0.561611689886581"
 [7] "Xi: 0.556426084494007" "Xi: 0.555196875574366" "Xi: 0.555525151814713"
[10] "Xi: 0.491408574987236" "Xi: 0.464329239678655" "Xi: 0.508674526566861"
[13] "Xi: 0.565224878086814" "Xi: 0.57324304152705"  "Xi: 0.560996590361242"
[16] "Xi: 0.553185053337952" "Xi: 0.550949163804498" "Xi: 0.549874268424438"
[19] "Xi: 0.544282853185386" "Xi: 0.536019583767947"
Time difference of 4.186595 mins
[1] "Rho"
[1] 1229.968 1229.787 1229.554 1229.931 1229.359
[1] "It: 16"
[1] "sigma:"            "0.713729316139274" "beta :"           
[4] "1"                
[1] "rho/theta:" "1"         
Time difference of 1.577236 secs
[1] " old Likelihood:  -8493004.34088991"
[1] "New Likelihood:  -8492370.37005321"
[1] 4998757
[1] 4998762
iter:  0  f-value:  16887.06  pgrad:  0.5609966 
iter:  10  f-value:  16885.51  pgrad:  0.5514494 
iter:  20  f-value:  16885.5  pgrad:  0.4802132 
iter:  30  f-value:  16885.5  pgrad:  0.5537836 
  Unsuccessful convergence.
[1] 0.7366905
 [1] "Xi: 0.518565242912817" "Xi: 0.519878821548746" "Xi: 0.53785530334169" 
 [4] "Xi: 0.552399850814475" "Xi: 0.557260205794128" "Xi: 0.564566397139117"
 [7] "Xi: 0.559632809815507" "Xi: 0.557986317369271" "Xi: 0.561919660887333"
[10] "Xi: 0.497639214581281" "Xi: 0.464736713905732" "Xi: 0.507986888600214"
[13] "Xi: 0.56748744075834"  "Xi: 0.575730123772207" "Xi: 0.562178407405333"
[16] "Xi: 0.553770073159575" "Xi: 0.551458760522505" "Xi: 0.550603998083069"
[19] "Xi: 0.544979998606187" "Xi: 0.536348729741055"
Time difference of 4.184927 mins
[1] "Rho"
[1] 1229.968 1229.787 1229.554 1229.931 1229.359
[1] "It: 17"
[1] "sigma:"            "0.729323632673802" "beta :"           
[4] "1"                
[1] "rho/theta:" "1"         
Time difference of 1.576306 secs
[1] " old Likelihood:  -8492370.37005321"
[1] "New Likelihood:  -8491798.50406946"
[1] 4998757
[1] 4998762
iter:  0  f-value:  16264.81  pgrad:  0.5621784 
iter:  10  f-value:  16263.42  pgrad:  0.53508 
iter:  20  f-value:  16263.42  pgrad:  0.7029666 
iter:  30  f-value:  16263.41  pgrad:  0.4334283 
  Unsuccessful convergence.
[1] 0.7509206
 [1] "Xi: 0.519218821198881" "Xi: 0.520550445481683" "Xi: 0.539027989753366"
 [4] "Xi: 0.554374440438899" "Xi: 0.559605050877935" "Xi: 0.567082898004422"
 [7] "Xi: 0.562265517433677" "Xi: 0.559294012266842" "Xi: 0.566585581357117"
[10] "Xi: 0.503802977042909" "Xi: 0.465289895098386" "Xi: 0.507176153197812"
[13] "Xi: 0.5695807463107"   "Xi: 0.578140382111043" "Xi: 0.563319473917197"
[16] "Xi: 0.554317415266211" "Xi: 0.551904709506595" "Xi: 0.551243388450373"
[19] "Xi: 0.545589563585658" "Xi: 0.536583045571509"
Time difference of 4.189631 mins
[1] "Rho"
[1] 1229.968 1229.787 1229.554 1229.931 1229.359
[1] "It: 18"
[1] "sigma:"            "0.743411400555526" "beta :"           
[4] "1"                
[1] "rho/theta:" "1"         
Time difference of 1.555871 secs
[1] " old Likelihood:  -8491798.50406946"
[1] "New Likelihood:  -8491287.30951984"
[1] 4998757
[1] 4998762
iter:  0  f-value:  15687.47  pgrad:  0.5633195 
iter:  10  f-value:  15686.23  pgrad:  0.534321 
iter:  20  f-value:  15686.23  pgrad:  0.4299057 
iter:  30  f-value:  15686.23  pgrad:  0.4289652 
  Unsuccessful convergence.
[1] 0.7637885
 [1] "Xi: 0.519896521009572" "Xi: 0.52125299994075"  "Xi: 0.540226686623292"
 [4] "Xi: 0.556394015829937" "Xi: 0.561967831624813" "Xi: 0.569728950033015"
 [7] "Xi: 0.56500964697541"  "Xi: 0.560190733952822" "Xi: 0.571196632661545"
[10] "Xi: 0.510147683433691" "Xi: 0.466056637194495" "Xi: 0.506304606147129"
[13] "Xi: 0.571525773974692" "Xi: 0.580478189598832" "Xi: 0.564416902180567"
[16] "Xi: 0.554835118851311" "Xi: 0.552295158655058" "Xi: 0.55180690305662" 
[19] "Xi: 0.5461207353374"   "Xi: 0.536734451243939"
Time difference of 4.186117 mins
[1] "Rho"
[1] 1229.968 1229.787 1229.554 1229.931 1229.359
[1] "It: 19"
[1] "sigma:"            "0.756150639349112" "beta :"           
[4] "1"                
[1] "rho/theta:" "1"         
Time difference of 1.63484 secs
[1] " old Likelihood:  -8491287.30951984"
[1] "New Likelihood:  -8490832.51443921"
[1] 4998757
[1] 4998762
iter:  0  f-value:  15152.96  pgrad:  0.5644169 
iter:  10  f-value:  15151.87  pgrad:  0.5333734 
iter:  20  f-value:  15151.86  pgrad:  0.6438495 
iter:  30  f-value:  15151.86  pgrad:  0.5527257 
  Unsuccessful convergence.
[1] 0.775432
 [1] "Xi: 0.52064256882604"  "Xi: 0.522022611012915" "Xi: 0.54152620496325" 
 [4] "Xi: 0.558571655339206" "Xi: 0.564459495810554" "Xi: 0.572616747300784"
 [7] "Xi: 0.567963422545986" "Xi: 0.560813814459825" "Xi: 0.57578950622249" 
[10] "Xi: 0.516505640462089" "Xi: 0.467012140909201" "Xi: 0.505378517287388"
[13] "Xi: 0.573316522021348" "Xi: 0.582728589017957" "Xi: 0.56546332364184" 
[16] "Xi: 0.555316762144761" "Xi: 0.552639360707013" "Xi: 0.552293783242211"
[19] "Xi: 0.546570499846061" "Xi: 0.536811240013668"
Time difference of 4.190995 mins
[1] "Rho"
[1] 1229.968 1229.787 1229.554 1229.931 1229.359
[1] "It: 20"
[1] "sigma:"            "0.767677680904339" "beta :"           
[4] "1"                
[1] "rho/theta:" "1"         
Time difference of 1.582483 secs
[1] " old Likelihood:  -8490832.51443921"
[1] "New Likelihood:  -8490430.06320552"
[1] 4998757
[1] 4998762
iter:  0  f-value:  14658.48  pgrad:  0.5654633 
iter:  10  f-value:  14657.52  pgrad:  0.7858888 
iter:  20  f-value:  14657.52  pgrad:  0.4778834 
iter:  30  f-value:  14657.52  pgrad:  0.44729 
  Unsuccessful convergence.
[1] 0.7859177
 [1] "Xi: 0.521034263175159" "Xi: 0.522423700547777" "Xi: 0.542200355357371"
 [4] "Xi: 0.559701904416207" "Xi: 0.565737905097095" "Xi: 0.574089033888484"
 [7] "Xi: 0.569489084789904" "Xi: 0.560815433384415" "Xi: 0.578462444209213"
[10] "Xi: 0.522653226744395" "Xi: 0.468089017698806" "Xi: 0.504397080982109"
[13] "Xi: 0.574936143549516" "Xi: 0.584891757830337" "Xi: 0.566464568885923"
[16] "Xi: 0.555789744208784" "Xi: 0.552951658129887" "Xi: 0.55272623876629" 
[19] "Xi: 0.546974932735741" "Xi: 0.536825318495586"
Time difference of 4.191544 mins
[1] "Rho"
[1] 1229.968 1229.787 1229.554 1229.931 1229.359
[1] "It: 21"
[1] "sigma:"            "0.778058542013747" "beta :"           
[4] "1"                
[1] "rho/theta:" "1"         
Time difference of 1.569235 secs
[1] " old Likelihood:  -8490430.06320552"
[1] "New Likelihood:  -8490077.70044283"
[1] 4998757
[1] 4998762
iter:  0  f-value:  14204.45  pgrad:  0.5664646 
iter:  10  f-value:  14203.61  pgrad:  0.7953717 
iter:  20  f-value:  14203.6  pgrad:  0.4719325 
iter:  30  f-value:  14203.6  pgrad:  0.446916 
  Unsuccessful convergence.
[1] 0.7953808
 [1] "Xi: 0.521448503424396" "Xi: 0.522844458705716" "Xi: 0.542898967268054"
 [4] "Xi: 0.560876565834094" "Xi: 0.567059410909218" "Xi: 0.575580092256758"
 [7] "Xi: 0.5710637531176"   "Xi: 0.560813827829031" "Xi: 0.580908315282147"
[10] "Xi: 0.528888901900299" "Xi: 0.46934284643638"  "Xi: 0.503414371382967"
[13] "Xi: 0.576408547025097" "Xi: 0.586963079776174" "Xi: 0.567412845930913"
[16] "Xi: 0.556236587379247" "Xi: 0.553223437366647" "Xi: 0.553096180275544"
[19] "Xi: 0.547326027024413" "Xi: 0.53678254399534" 
Time difference of 4.192807 mins
[1] "Rho"
[1] 1229.968 1229.787 1229.554 1229.931 1229.359
[1] "It: 22"
[1] "sigma:"            "0.787427035917003" "beta :"           
[4] "1"                
[1] "rho/theta:" "1"         
Time difference of 1.565134 secs
[1] " old Likelihood:  -8490077.70044283"
[1] "New Likelihood:  -8489770.02663883"
[1] 4998757
[1] 4998762
iter:  0  f-value:  13787.2  pgrad:  0.5674128 
iter:  10  f-value:  13786.47  pgrad:  0.8039155 
iter:  20  f-value:  13786.47  pgrad:  0.4655595 
iter:  30  f-value:  13786.46  pgrad:  0.2155866 
  Unsuccessful convergence.
[1] 0.8039134
 [1] "Xi: 0.521922349054949" "Xi: 0.523325485877143" "Xi: 0.543690537438455"
 [4] "Xi: 0.562206703840139" "Xi: 0.568552719562421" "Xi: 0.577223704798988"
 [7] "Xi: 0.572815585929593" "Xi: 0.56085642287364"  "Xi: 0.583188288333166"
[10] "Xi: 0.535099909581983" "Xi: 0.470718221293421" "Xi: 0.502431063260413"
[13] "Xi: 0.577729051961778" "Xi: 0.588936124831456" "Xi: 0.568299510672474"
[16] "Xi: 0.556659941071592" "Xi: 0.553463787554506" "Xi: 0.55341527273159" 
[19] "Xi: 0.5476329163841"   "Xi: 0.536684847646497"
Time difference of 4.181317 mins
[1] 1 1 1 1 1
[1] 1 1 1 1 1
saved RDS
inference successful
