[1] "Original length"
[1] 999826
[1] "Final length"
[1] 14828
[1] "sequence length : 999827" "sequence length : 999971"
[3] "sequence length : 999737" "sequence length : 999701"
[5] "sequence length : 999823"
[1] 1 1 1 1 1
[1] "Beta: 1"
[1] "Self: 0"
[1] "maxIt: 20"
[1] "It: 1"
 [1] "sigma:" "0"      "0"      "0"      "0"      "0"      "0"      "0"     
 [9] "0"      "0"      "0"      "0"      "0"      "0"      "0"      "0"     
[17] "0"      "0"      "0"      "0"      "0"      "0"      "0"      "0"     
[25] "0"      "0"      "0"      "0"      "0"      "0"      "0"      "0"     
[33] "0"      "0"      "0"      "0"      "0"      "0"      "0"      "0"     
[41] "0"      "beta :" "1"     
 [1] "sigma:" "0.9405" "0.9405" "0.9405" "0.9405" "0.9405" "0.9405" "0.9405"
 [9] "0.9405" "0.9405" "0.9405" "0.9405" "0.9405" "0.9405" "0.9405" "0.9405"
[17] "0.9405" "0.9405" "0.9405" "0.9405" "0.9405" "0.9405" "0.9405" "0.9405"
[25] "0.9405" "0.9405" "0.9405" "0"      "0"      "0"      "0"      "0"     
[33] "0"      "0"      "0"      "0"      "0"      "0"      "0"      "0"     
[41] "0"      "beta :" "1"     
[1] "New Likelihood:  -8733736.50471444"
iter:  0  f-value:  24460.95  pgrad:  0.5 
iter:  10  f-value:  24452.04  pgrad:  0.9993439 
iter:  20  f-value:  24450.52  pgrad:  0.9957109 
iter:  30  f-value:  24449.95  pgrad:  0.9954667 
iter:  40  f-value:  24449.88  pgrad:  0.9948042 
iter:  50  f-value:  24449.68  pgrad:  0.9818848 
  Unsuccessful convergence.
Time difference of 2.429407 hours
[1] "maxIt: 20"
[1] "It: 2"
 [1] "sigma:"              "0.957928612730867"   "0.957928612730867"  
 [4] "0.949254883878636"   "0.949254883878636"   "0.952638260008365"  
 [7] "0.952638260008365"   "0.95726913047568"    "0.95726913047568"   
[10] "0.963511552578811"   "0.963511552578811"   "0.97041255991374"   
[13] "0.97041255991374"    "0.974942507509936"   "0.974942507509936"  
[16] "0.978342018213948"   "0.978342018213948"   "0.97814926993326"   
[19] "0.97814926993326"    "0.965804073763469"   "0.965804073763469"  
[22] "0.947639204022018"   "0.947639204022018"   "0.948507148585721"  
[25] "0.948507148585721"   "0.936705589230251"   "0.936705589230251"  
[28] "0"                   "0"                   "0.0179591581231922" 
[31] "0.0179591581231922"  "0.0317519173525154"  "0.0317519173525154" 
[34] "0.0317433776416968"  "0.0317433776416968"  "0.0195577708554616" 
[37] "0.0195577708554616"  "0.00767392923810598" "0.00767392923810598"
[40] "0.00119378540853353" "0.00119378540853353" "beta :"             
[43] "1"                  
 [1] "sigma:"              "0.957928612730867"   "0.957928612730867"  
 [4] "0.949254883878636"   "0.949254883878636"   "0.952638260008365"  
 [7] "0.952638260008365"   "0.95726913047568"    "0.95726913047568"   
[10] "0.963511552578811"   "0.963511552578811"   "0.97041255991374"   
[13] "0.97041255991374"    "0.974942507509936"   "0.974942507509936"  
[16] "0.978342018213948"   "0.978342018213948"   "0.97814926993326"   
[19] "0.97814926993326"    "0.965804073763469"   "0.965804073763469"  
[22] "0.947639204022018"   "0.947639204022018"   "0.948507148585721"  
[25] "0.948507148585721"   "0.986205589230251"   "0.986205589230251"  
[28] "0"                   "0"                   "0.0179591581231922" 
[31] "0.0179591581231922"  "0.0317519173525154"  "0.0317519173525154" 
[34] "0.0317433776416968"  "0.0317433776416968"  "0.0195577708554616" 
[37] "0.0195577708554616"  "0.00767392923810598" "0.00767392923810598"
[40] "0.00119378540853353" "0.00119378540853353" "beta :"             
[43] "1"                  
[1] " old Likelihood:  -8733736.50471444"
[1] "New Likelihood:  -8730322.39917495"
iter:  0  f-value:  24475.01  pgrad:  0.5081191 
iter:  10  f-value:  24472.53  pgrad:  0.9984607 
iter:  20  f-value:  24472.26  pgrad:  0.9955312 
iter:  30  f-value:  24472.19  pgrad:  0.993812 
iter:  40  f-value:  24472.1  pgrad:  0.9886221 
iter:  50  f-value:  24472.08  pgrad:  0.9881621 
  Unsuccessful convergence.
Time difference of 18.28193 mins
[1] "maxIt: 20"
[1] "It: 3"
 [1] "sigma:"              "0.966869182410152"   "0.966869182410152"  
 [4] "0.953582378422236"   "0.953582378422236"   "0.958514496176196"  
 [7] "0.958514496176196"   "0.965178863923391"   "0.965178863923391"  
[10] "0.974077126363197"   "0.974077126363197"   "0.983609235501616"  
[13] "0.983609235501616"   "0.988577657191279"   "0.988577657191279"  
[16] "0.989493610864796"   "0.989493610864796"   "0.989263648403349"  
[19] "0.989263648403349"   "0.983231856501607"   "0.983231856501607"  
[22] "0.954274746623552"   "0.954274746623552"   "0.954774956734198"  
[25] "0.954774956734198"   "0.982862594121413"   "0.982862594121413"  
[28] "0"                   "0"                   "0.0213994214662469" 
[31] "0.0213994214662469"  "0.0409194387129678"  "0.0409194387129678" 
[34] "0.0444806829368503"  "0.0444806829368503"  "0.0290072610616159" 
[37] "0.0290072610616159"  "0.0118047469427867"  "0.0118047469427867" 
[40] "0.00184176134081593" "0.00184176134081593" "beta :"             
[43] "1"                  
 [1] "sigma:"              "0.966869182410152"   "0.966869182410152"  
 [4] "0.953582378422236"   "0.953582378422236"   "0.958514496176196"  
 [7] "0.958514496176196"   "0.965178863923391"   "0.965178863923391"  
[10] "0.974077126363197"   "0.974077126363197"   "0.983609235501616"  
[13] "0.983609235501616"   "0.988577657191279"   "0.988577657191279"  
[16] "0.989493610864796"   "0.989493610864796"   "0.989263648403349"  
[19] "0.989263648403349"   "0.983231856501607"   "0.983231856501607"  
[22] "0.954274746623552"   "0.954274746623552"   "0.954774956734198"  
[25] "0.954774956734198"   "0.982862594121413"   "0.982862594121413"  
[28] "0.0495"              "0.0495"              "0.0708994214662469" 
[31] "0.0708994214662469"  "0.0409194387129678"  "0.0409194387129678" 
[34] "0.0444806829368503"  "0.0444806829368503"  "0.0290072610616159" 
[37] "0.0290072610616159"  "0.0118047469427867"  "0.0118047469427867" 
[40] "0.00184176134081593" "0.00184176134081593" "beta :"             
[43] "1"                  
[1] " old Likelihood:  -8730322.39917495"
[1] "New Likelihood:  -8729447.29115385"
iter:  0  f-value:  24308.34  pgrad:  0.5134542 
iter:  10  f-value:  24307.32  pgrad:  0.9941852 
iter:  20  f-value:  24307.25  pgrad:  0.9906343 
iter:  30  f-value:  24307.2  pgrad:  0.9858269 
iter:  40  f-value:  24307.19  pgrad:  0.9652664 
iter:  50  f-value:  24307.16  pgrad:  0.962078 
  Unsuccessful convergence.
Time difference of 19.35923 mins
[1] "maxIt: 20"
[1] "It: 4"
 [1] "sigma:"              "0.97591151124387"    "0.97591151124387"   
 [4] "0.95772420465785"    "0.95772420465785"    "0.964079430957751"  
 [7] "0.964079430957751"   "0.972531534433217"   "0.972531534433217"  
[10] "0.983749750986256"   "0.983749750986256"   "0.99"               
[13] "0.99"                "0.99"                "0.99"               
[16] "0.99"                "0.99"                "0.99"               
[19] "0.99"                "0.99"                "0.99"               
[22] "0.963400917834101"   "0.963400917834101"   "0.964025971266081"  
[25] "0.964025971266081"   "0.977463289339414"   "0.977463289339414"  
[28] "0.0433420299965246"  "0.0433420299965246"  "0.0736149533847433" 
[31] "0.0736149533847433"  "0.0481280446696055"  "0.0481280446696055" 
[34] "0.0558965296968205"  "0.0558965296968205"  "0.0380560523260608" 
[37] "0.0380560523260608"  "0.0160414115159854"  "0.0160414115159854" 
[40] "0.00248692831447337" "0.00248692831447337" "beta :"             
[43] "1"                  
 [1] "sigma:"              "0.97591151124387"    "0.97591151124387"   
 [4] "0.95772420465785"    "0.95772420465785"    "0.964079430957751"  
 [7] "0.964079430957751"   "0.972531534433217"   "0.972531534433217"  
[10] "0.983749750986256"   "0.983749750986256"   "0.99"               
[13] "0.99"                "0.99"                "0.99"               
[16] "0.99"                "0.99"                "0.99"               
[19] "0.99"                "0.99"                "0.99"               
[22] "0.963400917834101"   "0.963400917834101"   "0.964025971266081"  
[25] "0.964025971266081"   "0.977463289339414"   "0.977463289339414"  
[28] "0.0433420299965246"  "0.0433420299965246"  "0.123114953384743"  
[31] "0.123114953384743"   "0.0481280446696055"  "0.0481280446696055" 
[34] "0.0063965296968205"  "0.0063965296968205"  "0.0380560523260608" 
[37] "0.0380560523260608"  "0.0160414115159854"  "0.0160414115159854" 
[40] "0.00248692831447337" "0.00248692831447337" "beta :"             
[43] "1"                  
[1] " old Likelihood:  -8729447.29115385"
[1] "New Likelihood:  -8729054.19406857"
iter:  0  f-value:  24361.32  pgrad:  0.5127712 
iter:  10  f-value:  24360.89  pgrad:  0.9928149 
iter:  20  f-value:  24360.87  pgrad:  0.9920741 
iter:  30  f-value:  24360.85  pgrad:  0.9908566 
iter:  40  f-value:  24360.83  pgrad:  0.989114 
iter:  50  f-value:  24360.82  pgrad:  0.9870254 
  Unsuccessful convergence.
Time difference of 19.33712 mins
[1] "maxIt: 20"
[1] "It: 5"
 [1] "sigma:"              "0.98211367080595"    "0.98211367080595"   
 [4] "0.96044356114934"    "0.96044356114934"    "0.967628464448327"  
 [7] "0.967628464448327"   "0.977034386249213"   "0.977034386249213"  
[10] "0.989453300420399"   "0.989453300420399"   "0.99"               
[13] "0.99"                "0.989999416526776"   "0.989999416526776"  
[16] "0.989969370845662"   "0.989969370845662"   "0.99"               
[19] "0.99"                "0.99"                "0.99"               
[22] "0.970825556979064"   "0.970825556979064"   "0.972495130493563"  
[25] "0.972495130493563"   "0.972315416284566"   "0.972315416284566"  
[28] "0.0383408061923134"  "0.0383408061923134"  "0.124990698248085"  
[31] "0.124990698248085"   "0.0517467826741524"  "0.0517467826741524" 
[34] "0.0128566645298893"  "0.0128566645298893"  "0.0437614909157804" 
[37] "0.0437614909157804"  "0.018912013176313"   "0.018912013176313"  
[40] "0.00293175152208308" "0.00293175152208308" "beta :"             
[43] "1"                  
 [1] "sigma:"              "0.98211367080595"    "0.98211367080595"   
 [4] "0.96044356114934"    "0.96044356114934"    "0.967628464448327"  
 [7] "0.967628464448327"   "0.977034386249213"   "0.977034386249213"  
[10] "0.989453300420399"   "0.989453300420399"   "0.99"               
[13] "0.99"                "0.989999416526776"   "0.989999416526776"  
[16] "0.989969370845662"   "0.989969370845662"   "0.99"               
[19] "0.99"                "0.99"                "0.99"               
[22] "0.970825556979064"   "0.970825556979064"   "0.972495130493563"  
[25] "0.972495130493563"   "0.972315416284566"   "0.972315416284566"  
[28] "0.0383408061923134"  "0.0383408061923134"  "0.174490698248085"  
[31] "0.174490698248085"   "0.00224678267415237" "0.00224678267415237"
[34] "0.0128566645298892"  "0.0128566645298892"  "0.0437614909157804" 
[37] "0.0437614909157804"  "0.0189120131763129"  "0.0189120131763129" 
[40] "0.00293175152208308" "0.00293175152208308" "beta :"             
[43] "1"                  
[1] " old Likelihood:  -8729054.19406857"
[1] "New Likelihood:  -8728885.62364057"
iter:  0  f-value:  24388.63  pgrad:  0.5112208 
iter:  10  f-value:  24388.43  pgrad:  0.9867568 
iter:  20  f-value:  24388.4  pgrad:  0.9858504 
iter:  30  f-value:  24388.38  pgrad:  0.9839801 
iter:  40  f-value:  24388.37  pgrad:  0.983137 
iter:  50  f-value:  24388.36  pgrad:  0.9816116 
  Unsuccessful convergence.
Time difference of 19.34988 mins
[1] "maxIt: 20"
[1] "It: 6"
 [1] "sigma:"              "0.98781466241142"    "0.98781466241142"   
 [4] "0.962809596569898"   "0.962809596569898"   "0.97051525101919"   
 [7] "0.97051525101919"    "0.980338505175057"   "0.980338505175057"  
[10] "0.99"                "0.99"                "0.99"               
[13] "0.99"                "0.98986408896058"    "0.98986408896058"   
[16] "0.988297563364973"   "0.988297563364973"   "0.99"               
[19] "0.99"                "0.99"                "0.99"               
[22] "0.974003455921388"   "0.974003455921388"   "0.980337741332689"  
[25] "0.980337741332689"   "0.967455842132773"   "0.967455842132773"  
[28] "0.0325229258685981"  "0.0325229258685981"  "0.175575037034913"  
[31] "0.175575037034913"   "0.00523524746126528" "0.00523524746126528"
[34] "0.018593622907176"   "0.018593622907176"   "0.0490112571068166" 
[37] "0.0490112571068166"  "0.0217957294593182"  "0.0217957294593182" 
[40] "0.00341110924018166" "0.00341110924018166" "beta :"             
[43] "1"                  
 [1] "sigma:"              "0.98781466241142"    "0.98781466241142"   
 [4] "0.962809596569898"   "0.962809596569898"   "0.97051525101919"   
 [7] "0.97051525101919"    "0.980338505175057"   "0.980338505175057"  
[10] "0.99"                "0.99"                "0.99"               
[13] "0.99"                "0.98986408896058"    "0.98986408896058"   
[16] "0.988297563364973"   "0.988297563364973"   "0.99"               
[19] "0.99"                "0.99"                "0.99"               
[22] "0.974003455921388"   "0.974003455921388"   "0.980337741332689"  
[25] "0.980337741332689"   "0.967455842132773"   "0.967455842132773"  
[28] "0.0325229258685981"  "0.0325229258685981"  "0.175575037034913"  
[31] "0.175575037034913"   "0.00523524746126528" "0.00523524746126528"
[34] "0.018593622907176"   "0.018593622907176"   "0.0490112571068166" 
[37] "0.0490112571068166"  "0.0217957294593182"  "0.0217957294593182" 
[40] "0.00341110924018166" "0.00341110924018166" "beta :"             
[43] "1"                  
[1] " old Likelihood:  -8728885.62364057"
[1] "New Likelihood:  -8728799.33005405"
iter:  0  f-value:  24406.13  pgrad:  0.5112075 
iter:  10  f-value:  24406.01  pgrad:  0.9810222 
iter:  20  f-value:  24405.98  pgrad:  0.9615906 
iter:  30  f-value:  24405.97  pgrad:  0.9480937 
iter:  40  f-value:  24405.97  pgrad:  0.8800998 
iter:  50  f-value:  24405.96  pgrad:  0.8364077 
  Unsuccessful convergence.
Time difference of 18.87348 mins
[1] "maxIt: 20"
[1] "It: 7"
 [1] "sigma:"              "0.99"                "0.99"               
 [4] "0.964959486326211"   "0.964959486326211"   "0.973073562192343"  
 [7] "0.973073562192343"   "0.983151218985517"   "0.983151218985517"  
[10] "0.99"                "0.99"                "0.99"               
[13] "0.99"                "0.989630266202861"   "0.989630266202861"  
[16] "0.986518654656331"   "0.986518654656331"   "0.99"               
[19] "0.99"                "0.99"                "0.99"               
[22] "0.97466606020091"    "0.97466606020091"    "0.987054730613691"  
[25] "0.987054730613691"   "0.963195749133375"   "0.963195749133375"  
[28] "0.0270117970044553"  "0.0270117970044553"  "0.176395354411407"  
[31] "0.176395354411407"   "0.00801846190854339" "0.00801846190854339"
[34] "0.0233598756140321"  "0.0233598756140321"  "0.0534000365582256" 
[37] "0.0534000365582256"  "0.0243081507493728"  "0.0243081507493728" 
[40] "0.00384529789095932" "0.00384529789095932" "beta :"             
[43] "1"                  
 [1] "sigma:"              "0.99"                "0.99"               
 [4] "0.964959486326211"   "0.964959486326211"   "0.973073562192343"  
 [7] "0.973073562192343"   "0.983151218985517"   "0.983151218985517"  
[10] "0.99"                "0.99"                "0.99"               
[13] "0.99"                "0.989630266202861"   "0.989630266202861"  
[16] "0.986518654656331"   "0.986518654656331"   "0.99"               
[19] "0.99"                "0.99"                "0.99"               
[22] "0.97466606020091"    "0.97466606020091"    "0.987054730613691"  
[25] "0.987054730613691"   "0.963195749133375"   "0.963195749133375"  
[28] "0.0270117970044553"  "0.0270117970044553"  "0.176395354411407"  
[31] "0.176395354411407"   "0.00801846190854338" "0.00801846190854338"
[34] "0.0233598756140321"  "0.0233598756140321"  "0.00390003655822555"
[37] "0.00390003655822555" "0.0243081507493728"  "0.0243081507493728" 
[40] "0.00384529789095932" "0.00384529789095932" "beta :"             
[43] "1"                  
[1] " old Likelihood:  -8728799.33005405"
[1] "New Likelihood:  -8728736.53521079"
iter:  0  f-value:  24526.33  pgrad:  0.5167749 
iter:  10  f-value:  24526.27  pgrad:  0.9727826 
iter:  20  f-value:  24526.25  pgrad:  0.7641574 
iter:  30  f-value:  24526.25  pgrad:  0.7051858 
iter:  40  f-value:  24526.25  pgrad:  0.6546543 
iter:  50  f-value:  24526.24  pgrad:  0.6089977 
  Unsuccessful convergence.
Time difference of 19.35969 mins
[1] "maxIt: 20"
[1] "It: 8"
 [1] "sigma:"              "0.99"                "0.99"               
 [4] "0.966600092567296"   "0.966600092567296"   "0.975021159241581"  
 [7] "0.975021159241581"   "0.985277955409063"   "0.985277955409063"  
[10] "0.99"                "0.99"                "0.99"               
[13] "0.99"                "0.989481249557268"   "0.989481249557268"  
[16] "0.985188334091951"   "0.985188334091951"   "0.99"               
[19] "0.99"                "0.99"                "0.99"               
[22] "0.975885738488063"   "0.975885738488063"   "0.99"               
[25] "0.99"                "0.960821917878512"   "0.960821917878512"  
[28] "0.0225617181946013"  "0.0225617181946013"  "0.176339820571284"  
[31] "0.176339820571284"   "0.0102192426335961"  "0.0102192426335961" 
[34] "0.0267619497150476"  "0.0267619497150476"  "0.00621875905691427"
[37] "0.00621875905691427" "0.025848901918366"   "0.025848901918366"  
[40] "0.00411903151095363" "0.00411903151095363" "beta :"             
[43] "1"                  
 [1] "sigma:"              "0.99"                "0.99"               
 [4] "0.966600092567296"   "0.966600092567296"   "0.975021159241581"  
 [7] "0.975021159241581"   "0.985277955409063"   "0.985277955409063"  
[10] "0.99"                "0.99"                "0.99"               
[13] "0.99"                "0.989481249557268"   "0.989481249557268"  
[16] "0.985188334091951"   "0.985188334091951"   "0.99"               
[19] "0.99"                "0.99"                "0.99"               
[22] "0.975885738488063"   "0.975885738488063"   "0.99"               
[25] "0.99"                "0.960821917878512"   "0.960821917878512"  
[28] "0.0225617181946013"  "0.0225617181946013"  "0.176339820571284"  
[31] "0.176339820571284"   "0.059719242633596"   "0.059719242633596"  
[34] "0.0267619497150476"  "0.0267619497150476"  "0.00621875905691427"
[37] "0.00621875905691427" "0.025848901918366"   "0.025848901918366"  
[40] "0.00411903151095364" "0.00411903151095364" "beta :"             
[43] "1"                  
[1] " old Likelihood:  -8728736.53521079"
[1] "New Likelihood:  -8728709.25217381"
iter:  0  f-value:  24367.89  pgrad:  0.5064238 
iter:  10  f-value:  24367.86  pgrad:  0.9726184 
iter:  20  f-value:  24367.85  pgrad:  0.9012729 
iter:  30  f-value:  24367.85  pgrad:  0.927248 
iter:  40  f-value:  24367.84  pgrad:  0.9126234 
iter:  50  f-value:  24367.83  pgrad:  0.6930713 
  Unsuccessful convergence.
Time difference of 19.39468 mins
[1] "maxIt: 20"
[1] "It: 9"
 [1] "sigma:"              "0.99"                "0.99"               
 [4] "0.96888350533382"    "0.96888350533382"    "0.97770848872435"   
 [7] "0.97770848872435"    "0.988164474668378"   "0.988164474668378"  
[10] "0.99"                "0.99"                "0.99"               
[13] "0.99"                "0.989335420000378"   "0.989335420000378"  
[16] "0.983583938162592"   "0.983583938162592"   "0.99"               
[19] "0.99"                "0.99"                "0.99"               
[22] "0.978053881282743"   "0.978053881282743"   "0.99"               
[25] "0.99"                "0.960172927158086"   "0.960172927158086"  
[28] "0.0159670351245407"  "0.0159670351245407"  "0.175898591707434"  
[31] "0.175898591707434"   "0.0630808518606332"  "0.0630808518606332" 
[34] "0.0316536750310423"  "0.0316536750310423"  "0.00969502231572427"
[37] "0.00969502231572427" "0.0279682298289729"  "0.0279682298289729" 
[40] "0.00449953757155115" "0.00449953757155115" "beta :"             
[43] "1"                  
 [1] "sigma:"              "0.99"                "0.99"               
 [4] "0.96888350533382"    "0.96888350533382"    "0.97770848872435"   
 [7] "0.97770848872435"    "0.988164474668378"   "0.988164474668378"  
[10] "0.99"                "0.99"                "0.99"               
[13] "0.99"                "0.989335420000378"   "0.989335420000378"  
[16] "0.983583938162592"   "0.983583938162592"   "0.99"               
[19] "0.99"                "0.99"                "0.99"               
[22] "0.978053881282743"   "0.978053881282743"   "0.99"               
[25] "0.99"                "0.960172927158086"   "0.960172927158086"  
[28] "0.0159670351245407"  "0.0159670351245407"  "0.175898591707434"  
[31] "0.175898591707434"   "0.0630808518606332"  "0.0630808518606332" 
[34] "0.0811536750310423"  "0.0811536750310423"  "0.00969502231572427"
[37] "0.00969502231572427" "0.0279682298289729"  "0.0279682298289729" 
[40] "0.00449953757155114" "0.00449953757155114" "beta :"             
[43] "1"                  
[1] " old Likelihood:  -8728709.25217381"
[1] "New Likelihood:  -8728690.59987801"
iter:  0  f-value:  24232.87  pgrad:  0.5054772 
iter:  10  f-value:  24232.83  pgrad:  0.9178165 
iter:  20  f-value:  24232.82  pgrad:  0.9170257 
iter:  30  f-value:  24232.82  pgrad:  0.9154829 
iter:  40  f-value:  24232.8  pgrad:  0.5118653 
iter:  50  f-value:  24232.8  pgrad:  0.5229595 
  Unsuccessful convergence.
Time difference of 19.9153 mins
[1] "maxIt: 20"
[1] "It: 10"
 [1] "sigma:"              "0.99"                "0.99"               
 [4] "0.97240653004305"    "0.97240653004305"    "0.981791139415604"  
 [7] "0.981791139415604"   "0.99"                "0.99"               
[10] "0.99"                "0.99"                "0.99"               
[13] "0.99"                "0.989207157648354"   "0.989207157648354"  
[16] "0.981737869270206"   "0.981737869270206"   "0.99"               
[19] "0.99"                "0.99"                "0.99"               
[22] "0.979523851071395"   "0.979523851071395"   "0.99"               
[25] "0.99"                "0.960038876705697"   "0.960038876705697"  
[28] "0.00538145353556713" "0.00538145353556713" "0.175599147781626"  
[31] "0.175599147781626"   "0.0690582131470138"  "0.0690582131470138" 
[34] "0.0897861884489005"  "0.0897861884489005"  "0.015461896386916"  
[37] "0.015461896386916"   "0.0313651783638147"  "0.0313651783638147" 
[40] "0.00510803698837298" "0.00510803698837298" "beta :"             
[43] "1"                  
 [1] "sigma:"              "0.99"                "0.99"               
 [4] "0.97240653004305"    "0.97240653004305"    "0.981791139415604"  
 [7] "0.981791139415604"   "0.99"                "0.99"               
[10] "0.99"                "0.99"                "0.99"               
[13] "0.99"                "0.989207157648354"   "0.989207157648354"  
[16] "0.981737869270206"   "0.981737869270206"   "0.99"               
[19] "0.99"                "0.99"                "0.99"               
[22] "0.979523851071395"   "0.979523851071395"   "0.99"               
[25] "0.99"                "0.960038876705697"   "0.960038876705697"  
[28] "0.00538145353556713" "0.00538145353556713" "0.175599147781626"  
[31] "0.175599147781626"   "0.0690582131470138"  "0.0690582131470138" 
[34] "0.0897861884489005"  "0.0897861884489005"  "0.015461896386916"  
[37] "0.015461896386916"   "0.0313651783638147"  "0.0313651783638147" 
[40] "0.00510803698837297" "0.00510803698837297" "beta :"             
[43] "1"                  
[1] " old Likelihood:  -8728690.59987801"
[1] "New Likelihood:  -8728670.39293523"
iter:  0  f-value:  24249.58  pgrad:  0.6454502 
iter:  10  f-value:  24249.56  pgrad:  0.9087103 
iter:  20  f-value:  24249.56  pgrad:  0.8885036 
iter:  30  f-value:  24249.55  pgrad:  0.8238931 
iter:  40  f-value:  24249.55  pgrad:  0.7118433 
iter:  50  f-value:  24249.54  pgrad:  0.6247865 
  Unsuccessful convergence.
Time difference of 19.84912 mins
[1] "maxIt: 20"
[1] "It: 11"
 [1] "sigma:"              "0.99"                "0.99"               
 [4] "0.974500089241111"   "0.974500089241111"   "0.984195229881318"  
 [7] "0.984195229881318"   "0.99"                "0.99"               
[10] "0.99"                "0.99"                "0.99"               
[13] "0.99"                "0.989239357822465"   "0.989239357822465"  
[16] "0.980952868916888"   "0.980952868916888"   "0.99"               
[19] "0.99"                "0.99"                "0.99"               
[22] "0.980233920804237"   "0.980233920804237"   "0.99"               
[25] "0.99"                "0.95998171576438"    "0.95998171576438"   
[28] "0"                   "0"                   "0.174971001735851"  
[31] "0.174971001735851"   "0.0719386634689301"  "0.0719386634689301" 
[34] "0.0945210163131404"  "0.0945210163131404"  "0.0183496561449865" 
[37] "0.0183496561449865"  "0.0331482586941516"  "0.0331482586941516" 
[40] "0.00543885526493282" "0.00543885526493282" "beta :"             
[43] "1"                  
 [1] "sigma:"              "0.99"                "0.99"               
 [4] "0.974500089241111"   "0.974500089241111"   "0.984195229881318"  
 [7] "0.984195229881318"   "0.99"                "0.99"               
[10] "0.99"                "0.99"                "0.99"               
[13] "0.99"                "0.989239357822465"   "0.989239357822465"  
[16] "0.980952868916888"   "0.980952868916888"   "0.99"               
[19] "0.99"                "0.99"                "0.99"               
[22] "0.980233920804237"   "0.980233920804237"   "0.99"               
[25] "0.99"                "0.95998171576438"    "0.95998171576438"   
[28] "0"                   "0"                   "0.174971001735851"  
[31] "0.174971001735851"   "0.0719386634689301"  "0.0719386634689301" 
[34] "0.14402101631314"    "0.14402101631314"    "0.0183496561449865" 
[37] "0.0183496561449865"  "0.0331482586941516"  "0.0331482586941516" 
[40] "0.00543885526493282" "0.00543885526493282" "beta :"             
[43] "1"                  
[1] " old Likelihood:  -8728670.39293523"
[1] "New Likelihood:  -8728657.5839624"
iter:  0  f-value:  24094.87  pgrad:  0.5035027 
iter:  10  f-value:  24094.84  pgrad:  0.8543156 
iter:  20  f-value:  24094.83  pgrad:  0.8526929 
iter:  30  f-value:  24094.83  pgrad:  0.8523144 
iter:  40  f-value:  24094.82  pgrad:  0.4647154 
iter:  50  f-value:  24094.82  pgrad:  0.396758 
  Unsuccessful convergence.
Time difference of 19.84376 mins
[1] "maxIt: 20"
[1] "It: 12"
 [1] "sigma:"              "0.99"                "0.99"               
 [4] "0.978186115987274"   "0.978186115987274"   "0.988365427585613"  
 [7] "0.988365427585613"   "0.99"                "0.99"               
[10] "0.99"                "0.99"                "0.99"               
[13] "0.99"                "0.989217562133795"   "0.989217562133795"  
[16] "0.979883853100768"   "0.979883853100768"   "0.99"               
[19] "0.99"                "0.99"                "0.99"               
[22] "0.980777632731698"   "0.980777632731698"   "0.99"               
[25] "0.99"                "0.959397738894181"   "0.959397738894181"  
[28] "0"                   "0"                   "0.173376608258709"  
[31] "0.173376608258709"   "0.077609530077312"   "0.077609530077312"  
[34] "0.152999978521352"   "0.152999978521352"   "0.0238435563400064" 
[37] "0.0238435563400064"  "0.0364166633322224"  "0.0364166633322224" 
[40] "0.00604231757716109" "0.00604231757716109" "beta :"             
[43] "1"                  
 [1] "sigma:"              "0.99"                "0.99"               
 [4] "0.978186115987274"   "0.978186115987274"   "0.988365427585613"  
 [7] "0.988365427585613"   "0.99"                "0.99"               
[10] "0.99"                "0.99"                "0.99"               
[13] "0.99"                "0.989217562133795"   "0.989217562133795"  
[16] "0.979883853100768"   "0.979883853100768"   "0.99"               
[19] "0.99"                "0.99"                "0.99"               
[22] "0.980777632731698"   "0.980777632731698"   "0.99"               
[25] "0.99"                "0.959397738894181"   "0.959397738894181"  
[28] "0"                   "0"                   "0.173376608258709"  
[31] "0.173376608258709"   "0.077609530077312"   "0.077609530077312"  
[34] "0.152999978521352"   "0.152999978521352"   "0.0238435563400064" 
[37] "0.0238435563400064"  "0.0364166633322224"  "0.0364166633322224" 
[40] "0.00604231757716109" "0.00604231757716109" "beta :"             
[43] "1"                  
[1] " old Likelihood:  -8728657.5839624"
[1] "New Likelihood:  -8728643.56708894"
iter:  0  f-value:  24093.48  pgrad:  0.7293056 
iter:  10  f-value:  24093.47  pgrad:  0.8449986 
iter:  20  f-value:  24093.47  pgrad:  0.8441632 
iter:  30  f-value:  24093.46  pgrad:  0.8437788 
iter:  40  f-value:  24093.46  pgrad:  0.5158361 
iter:  50  f-value:  24093.46  pgrad:  0.4648246 
  Unsuccessful convergence.
Time difference of 19.87739 mins
[1] "maxIt: 20"
[1] "It: 13"
 [1] "sigma:"              "0.99"                "0.99"               
 [4] "0.981121977526125"   "0.981121977526125"   "0.99"               
 [7] "0.99"                "0.99"                "0.99"               
[10] "0.99"                "0.99"                "0.99"               
[13] "0.99"                "0.989070540095532"   "0.989070540095532"  
[16] "0.979246239853988"   "0.979246239853988"   "0.99"               
[19] "0.99"                "0.99"                "0.99"               
[22] "0.981204279162677"   "0.981204279162677"   "0.99"               
[25] "0.99"                "0.958939796039896"   "0.958939796039896"  
[28] "0"                   "0"                   "0.171730558283253"  
[31] "0.171730558283253"   "0.0816154285326605"  "0.0816154285326605" 
[34] "0.159790995664728"   "0.159790995664728"   "0.0277486679087318" 
[37] "0.0277486679087318"  "0.0388127353535975"  "0.0388127353535975" 
[40] "0.00649193391531474" "0.00649193391531474" "beta :"             
[43] "1"                  
 [1] "sigma:"              "0.99"                "0.99"               
 [4] "0.981121977526125"   "0.981121977526125"   "0.99"               
 [7] "0.99"                "0.99"                "0.99"               
[10] "0.99"                "0.99"                "0.99"               
[13] "0.99"                "0.989070540095532"   "0.989070540095532"  
[16] "0.979246239853988"   "0.979246239853988"   "0.99"               
[19] "0.99"                "0.99"                "0.99"               
[22] "0.981204279162677"   "0.981204279162677"   "0.99"               
[25] "0.99"                "0.958939796039896"   "0.958939796039896"  
[28] "0"                   "0"                   "0.171730558283253"  
[31] "0.171730558283253"   "0.0816154285326604"  "0.0816154285326604" 
[34] "0.209290995664728"   "0.209290995664728"   "0.0277486679087318" 
[37] "0.0277486679087318"  "0.0388127353535975"  "0.0388127353535975" 
[40] "0.00649193391531474" "0.00649193391531474" "beta :"             
[43] "1"                  
[1] " old Likelihood:  -8728643.56708894"
[1] "New Likelihood:  -8728633.94383026"
iter:  0  f-value:  23912.09  pgrad:  0.502297 
iter:  10  f-value:  23912.07  pgrad:  0.8014104 
iter:  20  f-value:  23912.06  pgrad:  0.774744 
iter:  30  f-value:  23912.06  pgrad:  0.7851242 
iter:  40  f-value:  23912.06  pgrad:  0.552136 
iter:  50  f-value:  23912.06  pgrad:  0.6422488 
  Unsuccessful convergence.
Time difference of 19.89847 mins
[1] "maxIt: 20"
[1] "It: 14"
 [1] "sigma:"              "0.99"                "0.99"               
 [4] "0.983321633867624"   "0.983321633867624"   "0.99"               
 [7] "0.99"                "0.99"                "0.99"               
[10] "0.99"                "0.99"                "0.99"               
[13] "0.99"                "0.98902821622821"    "0.98902821622821"   
[16] "0.978952966870231"   "0.978952966870231"   "0.99"               
[19] "0.99"                "0.99"                "0.99"               
[22] "0.981472965495502"   "0.981472965495502"   "0.99"               
[25] "0.99"                "0.958544918299923"   "0.958544918299923"  
[28] "0"                   "0"                   "0.170791084992112"  
[31] "0.170791084992112"   "0.0853614530979325"  "0.0853614530979325" 
[34] "0.21541988526533"    "0.21541988526533"    "0.0310768727544332" 
[37] "0.0310768727544332"  "0.0406671904954199"  "0.0406671904954199" 
[40] "0.00683130065144652" "0.00683130065144652" "beta :"             
[43] "1"                  
 [1] "sigma:"              "0.99"                "0.99"               
 [4] "0.983321633867624"   "0.983321633867624"   "0.99"               
 [7] "0.99"                "0.99"                "0.99"               
[10] "0.99"                "0.99"                "0.99"               
[13] "0.99"                "0.98902821622821"    "0.98902821622821"   
[16] "0.978952966870231"   "0.978952966870231"   "0.99"               
[19] "0.99"                "0.99"                "0.99"               
[22] "0.981472965495502"   "0.981472965495502"   "0.99"               
[25] "0.99"                "0.958544918299923"   "0.958544918299923"  
[28] "0"                   "0"                   "0.170791084992112"  
[31] "0.170791084992112"   "0.0853614530979325"  "0.0853614530979325" 
[34] "0.21541988526533"    "0.21541988526533"    "0.0310768727544332" 
[37] "0.0310768727544332"  "0.0406671904954199"  "0.0406671904954199" 
[40] "0.00683130065144652" "0.00683130065144652" "beta :"             
[43] "1"                  
[1] " old Likelihood:  -8728633.94383026"
[1] "New Likelihood:  -8728623.3542853"
iter:  0  f-value:  23918.42  pgrad:  0.6808477 
iter:  10  f-value:  23918.41  pgrad:  0.7819786 
iter:  20  f-value:  23918.41  pgrad:  0.7810072 
iter:  30  f-value:  23918.4  pgrad:  0.7803776 
iter:  40  f-value:  23918.4  pgrad:  0.7797598 
iter:  50  f-value:  23918.4  pgrad:  0.7234485 
  Unsuccessful convergence.
Time difference of 19.89566 mins
[1] "maxIt: 20"
[1] "It: 15"
 [1] "sigma:"              "0.99"                "0.99"               
 [4] "0.98450343938142"    "0.98450343938142"    "0.99"               
 [7] "0.99"                "0.99"                "0.99"               
[10] "0.99"                "0.99"                "0.99"               
[13] "0.99"                "0.988993603654474"   "0.988993603654474"  
[16] "0.978798789300515"   "0.978798789300515"   "0.99"               
[19] "0.99"                "0.99"                "0.99"               
[22] "0.981670496612677"   "0.981670496612677"   "0.99"               
[25] "0.99"                "0.958245917737242"   "0.958245917737242"  
[28] "0"                   "0"                   "0.170170178995518"  
[31] "0.170170178995518"   "0.0871262299156213"  "0.0871262299156213" 
[34] "0.218670562918333"   "0.218670562918333"   "0.0326467230574998" 
[37] "0.0326467230574998"  "0.0415453303986846"  "0.0415453303986846" 
[40] "0.00699013760654736" "0.00699013760654736" "beta :"             
[43] "1"                  
 [1] "sigma:"              "0.99"                "0.99"               
 [4] "0.98450343938142"    "0.98450343938142"    "0.99"               
 [7] "0.99"                "0.99"                "0.99"               
[10] "0.99"                "0.99"                "0.99"               
[13] "0.99"                "0.988993603654474"   "0.988993603654474"  
[16] "0.978798789300515"   "0.978798789300515"   "0.99"               
[19] "0.99"                "0.99"                "0.99"               
[22] "0.981670496612677"   "0.981670496612677"   "0.99"               
[25] "0.99"                "0.958245917737242"   "0.958245917737242"  
[28] "0"                   "0"                   "0.170170178995518"  
[31] "0.170170178995518"   "0.0871262299156213"  "0.0871262299156213" 
[34] "0.268170562918333"   "0.268170562918333"   "0.0326467230574998" 
[37] "0.0326467230574998"  "0.0415453303986846"  "0.0415453303986846" 
[40] "0.00699013760654736" "0.00699013760654736" "beta :"             
[43] "1"                  
[1] " old Likelihood:  -8728623.3542853"
[1] "New Likelihood:  -8728617.35927847"
iter:  0  f-value:  23736  pgrad:  0.5013595 
iter:  10  f-value:  23735.98  pgrad:  0.8304414 
iter:  20  f-value:  23735.97  pgrad:  0.7276912 
iter:  30  f-value:  23735.97  pgrad:  0.7266168 
iter:  40  f-value:  23735.96  pgrad:  0.572436 
iter:  50  f-value:  23735.96  pgrad:  0.5495531 
  Unsuccessful convergence.
Time difference of 19.88948 mins
[1] "maxIt: 20"
[1] "It: 16"
 [1] "sigma:"             "0.99"               "0.99"              
 [4] "0.987588213287989"  "0.987588213287989"  "0.99"              
 [7] "0.99"               "0.99"               "0.99"              
[10] "0.99"               "0.99"               "0.99"              
[13] "0.99"               "0.988899194574629"  "0.988899194574629" 
[16] "0.978500436804312"  "0.978500436804312"  "0.99"              
[19] "0.99"               "0.99"               "0.99"              
[22] "0.981871597989627"  "0.981871597989627"  "0.99"              
[25] "0.99"               "0.957823317446482"  "0.957823317446482" 
[28] "0"                  "0"                  "0.168749760347429" 
[31] "0.168749760347429"  "0.0920449094746354" "0.0920449094746354"
[34] "0.276628809328992"  "0.276628809328992"  "0.0368327225011189"
[37] "0.0368327225011189" "0.0438949805596333" "0.0438949805596333"
[40] "0.007429281557897"  "0.007429281557897"  "beta :"            
[43] "1"                 
 [1] "sigma:"              "0.99"                "0.99"               
 [4] "0.987588213287989"   "0.987588213287989"   "0.99"               
 [7] "0.99"                "0.99"                "0.99"               
[10] "0.99"                "0.99"                "0.99"               
[13] "0.99"                "0.988899194574629"   "0.988899194574629"  
[16] "0.978500436804312"   "0.978500436804312"   "0.99"               
[19] "0.99"                "0.99"                "0.99"               
[22] "0.981871597989627"   "0.981871597989627"   "0.99"               
[25] "0.99"                "0.957823317446482"   "0.957823317446482"  
[28] "0"                   "0"                   "0.168749760347429"  
[31] "0.168749760347429"   "0.0920449094746354"  "0.0920449094746354" 
[34] "0.276628809328992"   "0.276628809328992"   "0.0368327225011189" 
[37] "0.0368327225011189"  "0.0438949805596333"  "0.0438949805596333" 
[40] "0.00742928155789701" "0.00742928155789701" "beta :"             
[43] "1"                  
[1] " old Likelihood:  -8728617.35927847"
[1] "New Likelihood:  -8728606.05781544"
iter:  0  f-value:  23737.44  pgrad:  0.6903429 
iter:  10  f-value:  23737.43  pgrad:  0.7201874 
iter:  20  f-value:  23737.43  pgrad:  0.9058685 
iter:  30  f-value:  23737.43  pgrad:  0.7178844 
iter:  40  f-value:  23737.42  pgrad:  0.5575203 
iter:  50  f-value:  23737.42  pgrad:  0.4792673 
  Unsuccessful convergence.
Time difference of 19.87328 mins
[1] "maxIt: 20"
[1] "It: 17"
 [1] "sigma:"              "0.99"                "0.99"               
 [4] "0.989712913664131"   "0.989712913664131"   "0.99"               
 [7] "0.99"                "0.99"                "0.99"               
[10] "0.99"                "0.99"                "0.99"               
[13] "0.99"                "0.988785587312395"   "0.988785587312395"  
[16] "0.978338302927998"   "0.978338302927998"   "0.99"               
[19] "0.99"                "0.99"                "0.99"               
[22] "0.982026968579116"   "0.982026968579116"   "0.99"               
[25] "0.99"                "0.957516978194015"   "0.957516978194015"  
[28] "0"                   "0"                   "0.167505314536372"  
[31] "0.167505314536372"   "0.0948421710504759"  "0.0948421710504759" 
[34] "0.281974752872948"   "0.281974752872948"   "0.0392597145622821" 
[37] "0.0392597145622821"  "0.0452813098827437"  "0.0452813098827437" 
[40] "0.00769470524219006" "0.00769470524219006" "beta :"             
[43] "1"                  
 [1] "sigma:"              "0.99"                "0.99"               
 [4] "0.989712913664131"   "0.989712913664131"   "0.99"               
 [7] "0.99"                "0.99"                "0.99"               
[10] "0.99"                "0.99"                "0.99"               
[13] "0.99"                "0.988785587312395"   "0.988785587312395"  
[16] "0.978338302927998"   "0.978338302927998"   "0.99"               
[19] "0.99"                "0.99"                "0.99"               
[22] "0.982026968579116"   "0.982026968579116"   "0.99"               
[25] "0.99"                "0.957516978194015"   "0.957516978194015"  
[28] "0"                   "0"                   "0.167505314536372"  
[31] "0.167505314536372"   "0.0948421710504759"  "0.0948421710504759" 
[34] "0.281974752872948"   "0.281974752872948"   "0.0392597145622821" 
[37] "0.0392597145622821"  "0.0452813098827437"  "0.0452813098827437" 
[40] "0.00769470524219006" "0.00769470524219006" "beta :"             
[43] "1"                  
[1] " old Likelihood:  -8728606.05781544"
[1] "New Likelihood:  -8728600.52711714"
iter:  0  f-value:  23734.41  pgrad:  0.7287599 
iter:  10  f-value:  23734.41  pgrad:  0.71461 
iter:  20  f-value:  23734.41  pgrad:  0.7136248 
iter:  30  f-value:  23734.41  pgrad:  0.7132944 
iter:  40  f-value:  23734.41  pgrad:  0.6129994 
iter:  50  f-value:  23734.4  pgrad:  0.5139296 
  Unsuccessful convergence.
Time difference of 19.88221 mins
[1] "maxIt: 20"
[1] "It: 18"
 [1] "sigma:"              "0.99"                "0.99"               
 [4] "0.99"                "0.99"                "0.99"               
 [7] "0.99"                "0.99"                "0.99"               
[10] "0.99"                "0.99"                "0.99"               
[13] "0.99"                "0.988734259557962"   "0.988734259557962"  
[16] "0.978272655734648"   "0.978272655734648"   "0.99"               
[19] "0.99"                "0.99"                "0.99"               
[22] "0.982177780519852"   "0.982177780519852"   "0.99"               
[25] "0.99"                "0.957201575931397"   "0.957201575931397"  
[28] "0"                   "0"                   "0.165887281489306"  
[31] "0.165887281489306"   "0.0976738377523068"  "0.0976738377523068" 
[34] "0.287424199053502"   "0.287424199053502"   "0.0415959167208203" 
[37] "0.0415959167208203"  "0.0466853418617944"  "0.0466853418617944" 
[40] "0.00797998540756118" "0.00797998540756118" "beta :"             
[43] "1"                  
 [1] "sigma:"              "0.99"                "0.99"               
 [4] "0.99"                "0.99"                "0.99"               
 [7] "0.99"                "0.99"                "0.99"               
[10] "0.99"                "0.99"                "0.99"               
[13] "0.99"                "0.988734259557962"   "0.988734259557962"  
[16] "0.978272655734648"   "0.978272655734648"   "0.99"               
[19] "0.99"                "0.99"                "0.99"               
[22] "0.982177780519852"   "0.982177780519852"   "0.99"               
[25] "0.99"                "0.957201575931397"   "0.957201575931397"  
[28] "0"                   "0"                   "0.165887281489306"  
[31] "0.165887281489306"   "0.0976738377523068"  "0.0976738377523068" 
[34] "0.336924199053502"   "0.336924199053502"   "0.0415959167208203" 
[37] "0.0415959167208203"  "0.0466853418617944"  "0.0466853418617944" 
[40] "0.00797998540756118" "0.00797998540756118" "beta :"             
[43] "1"                  
[1] " old Likelihood:  -8728600.52711714"
[1] "New Likelihood:  -8728595.17116621"
iter:  0  f-value:  23524.11  pgrad:  0.5001897 
iter:  10  f-value:  23524.1  pgrad:  0.7741255 
iter:  20  f-value:  23524.1  pgrad:  0.560176 
iter:  30  f-value:  23524.09  pgrad:  0.6564224 
iter:  40  f-value:  23524.09  pgrad:  0.6556608 
iter:  50  f-value:  23524.09  pgrad:  0.6551449 
  Unsuccessful convergence.
Time difference of 19.88255 mins
[1] "maxIt: 20"
[1] "It: 19"
 [1] "sigma:"              "0.99"                "0.99"               
 [4] "0.99"                "0.99"                "0.99"               
 [7] "0.99"                "0.99"                "0.99"               
[10] "0.99"                "0.99"                "0.99"               
[13] "0.99"                "0.988729568005116"   "0.988729568005116"  
[16] "0.978226319742763"   "0.978226319742763"   "0.99"               
[19] "0.99"                "0.99"                "0.99"               
[22] "0.982290736616035"   "0.982290736616035"   "0.99"               
[25] "0.99"                "0.956872230183425"   "0.956872230183425"  
[28] "0"                   "0"                   "0.165307258281796"  
[31] "0.165307258281796"   "0.1001511857648"     "0.1001511857648"    
[34] "0.341416097200931"   "0.341416097200931"   "0.0434957271048183" 
[37] "0.0434957271048183"  "0.047604913423164"   "0.047604913423164"  
[40] "0.00815087228440541" "0.00815087228440541" "beta :"             
[43] "1"                  
 [1] "sigma:"              "0.99"                "0.99"               
 [4] "0.99"                "0.99"                "0.99"               
 [7] "0.99"                "0.99"                "0.99"               
[10] "0.99"                "0.99"                "0.99"               
[13] "0.99"                "0.988729568005116"   "0.988729568005116"  
[16] "0.978226319742763"   "0.978226319742763"   "0.99"               
[19] "0.99"                "0.99"                "0.99"               
[22] "0.982290736616035"   "0.982290736616035"   "0.99"               
[25] "0.99"                "0.956872230183425"   "0.956872230183425"  
[28] "0"                   "0"                   "0.165307258281796"  
[31] "0.165307258281796"   "0.1001511857648"     "0.1001511857648"    
[34] "0.341416097200931"   "0.341416097200931"   "0.0434957271048183" 
[37] "0.0434957271048183"  "0.047604913423164"   "0.047604913423164"  
[40] "0.00815087228440541" "0.00815087228440541" "beta :"             
[43] "1"                  
[1] " old Likelihood:  -8728595.17116621"
[1] "New Likelihood:  -8728587.94466004"
iter:  0  f-value:  23533.42  pgrad:  0.6028858 
iter:  10  f-value:  23533.41  pgrad:  0.6547292 
iter:  20  f-value:  23533.41  pgrad:  0.6540747 
iter:  30  f-value:  23533.41  pgrad:  0.4831963 
iter:  40  f-value:  23533.41  pgrad:  0.4469621 
iter:  50  f-value:  23533.41  pgrad:  0.3676541 
  Unsuccessful convergence.
Time difference of 19.85784 mins
[1] "maxIt: 20"
[1] "It: 20"
 [1] "sigma:"              "0.99"                "0.99"               
 [4] "0.99"                "0.99"                "0.99"               
 [7] "0.99"                "0.99"                "0.99"               
[10] "0.99"                "0.99"                "0.99"               
[13] "0.99"                "0.988764795092486"   "0.988764795092486"  
[16] "0.978165179573881"   "0.978165179573881"   "0.99"               
[19] "0.99"                "0.99"                "0.99"               
[22] "0.982413238919363"   "0.982413238919363"   "0.99"               
[25] "0.99"                "0.956540573727265"   "0.956540573727265"  
[28] "0"                   "0"                   "0.163957374782866"  
[31] "0.163957374782866"   "0.103055359750855"   "0.103055359750855"  
[34] "0.34730142258363"    "0.34730142258363"    "0.0458044516672071" 
[37] "0.0458044516672071"  "0.0488533248273589"  "0.0488533248273589" 
[40] "0.00839612857067644" "0.00839612857067644" "beta :"             
[43] "1"                  
 [1] "sigma:"              "0.99"                "0.99"               
 [4] "0.99"                "0.99"                "0.99"               
 [7] "0.99"                "0.99"                "0.99"               
[10] "0.99"                "0.99"                "0.99"               
[13] "0.99"                "0.988764795092486"   "0.988764795092486"  
[16] "0.978165179573881"   "0.978165179573881"   "0.99"               
[19] "0.99"                "0.99"                "0.99"               
[22] "0.982413238919363"   "0.982413238919363"   "0.99"               
[25] "0.99"                "0.956540573727265"   "0.956540573727265"  
[28] "0"                   "0"                   "0.163957374782866"  
[31] "0.163957374782866"   "0.103055359750855"   "0.103055359750855"  
[34] "0.34730142258363"    "0.34730142258363"    "0.0458044516672071" 
[37] "0.0458044516672071"  "0.0488533248273589"  "0.0488533248273589" 
[40] "0.00839612857067644" "0.00839612857067644" "beta :"             
[43] "1"                  
[1] " old Likelihood:  -8728587.94466004"
[1] "New Likelihood:  -8728583.46153692"
iter:  0  f-value:  23527.63  pgrad:  0.685759 
iter:  10  f-value:  23527.63  pgrad:  0.648796 
iter:  20  f-value:  23527.63  pgrad:  0.5471156 
iter:  30  f-value:  23527.63  pgrad:  0.6266782 
iter:  40  f-value:  23527.63  pgrad:  0.4246613 
iter:  50  f-value:  23527.63  pgrad:  0.5140666 
  Unsuccessful convergence.
Time difference of 19.87155 mins
 [1] "sigma:"              "0.99"                "0.99"               
 [4] "0.99"                "0.99"                "0.99"               
 [7] "0.99"                "0.99"                "0.99"               
[10] "0.99"                "0.99"                "0.99"               
[13] "0.99"                "0.988815632349143"   "0.988815632349143"  
[16] "0.978102032935267"   "0.978102032935267"   "0.99"               
[19] "0.99"                "0.99"                "0.99"               
[22] "0.982523416473598"   "0.982523416473598"   "0.99"               
[25] "0.99"                "0.956239419594588"   "0.956239419594588"  
[28] "0"                   "0"                   "0.162520721788943"  
[31] "0.162520721788943"   "0.105377355053428"   "0.105377355053428"  
[34] "0.352053027145971"   "0.352053027145971"   "0.0476040512292371" 
[37] "0.0476040512292371"  "0.0498576135865888"  "0.0498576135865888" 
[40] "0.00860423743318193" "0.00860423743318193" "beta :"             
[43] "1"                  
[1] 1999654 1999942 1999474 1999402 1999646
[1] 1 1 1 1 1
saved RDS
inference successful
