[1] "Original length"
[1] 999553
[1] "Final length"
[1] 19675
[1] "sequence length : 999554" "sequence length : 999769"
[3] "sequence length : 999803" "sequence length : 999897"
[5] "sequence length : 999375"
[1] "former Rho:"
[1] 1557.178 1490.398 1394.961 1534.602 1537.719
[1] "old mu :"
[1] 0.0007789362 0.0007453710 0.0006976179 0.0007673799 0.0007693401
[1] "new mu :"
[1] 0.000751729
[1] "new Rho:"
[1] 1502.787 1503.111 1503.162 1503.303 1502.518
[1] 1 1 1 1 1
[1] "Beta: 1"
[1] "Self: 0"
[1] 1
[1] "Rho"
[1] 1502.787 1503.111 1503.162 1503.303 1502.518
[1] "It: 1"
[1] "sigma:" "0"      "beta :" "1"     
[1] "rho/theta:" "1"         
[1] "sigma:" "0"      "beta :" "1"     
[1] "rho/theta:" "1"         
Time difference of 1.609688 secs
[1] "New Likelihood:  -10287531.7924948"
[1] 4998393
[1] 4998398
iter:  0  f-value:  43028.73  pgrad:  0.5 
iter:  10  f-value:  43027.03  pgrad:  0.9949564 
iter:  20  f-value:  43026.61  pgrad:  0.50729 
iter:  30  f-value:  43026.11  pgrad:  0.9624295 
  Unsuccessful convergence.
[1] 0.03780211
 [1] "Xi: 0.501797601902715" "Xi: 0.502396719834195" "Xi: 0.502865279718325"
 [4] "Xi: 0.503817284357261" "Xi: 0.505203361820459" "Xi: 0.506989011453292"
 [7] "Xi: 0.509951939821387" "Xi: 0.515602621290161" "Xi: 0.515731118370583"
[10] "Xi: 0.511661827516157" "Xi: 0.509166222436472" "Xi: 0.507149307135719"
[13] "Xi: 0.505535626332481" "Xi: 0.504617504672613" "Xi: 0.504046053263951"
[16] "Xi: 0.503445671659648" "Xi: 0.502767465547325" "Xi: 0.50211465794849" 
[19] "Xi: 0.501691862702918" "Xi: 0.501703631607333"
Time difference of 8.675335 mins
[1] "Rho"
[1] 1502.787 1503.111 1503.162 1503.303 1502.518
[1] "It: 2"
[1] "sigma:"             "0.0374240936723312" "beta :"            
[4] "1"                 
[1] "rho/theta:" "1"         
Time difference of 1.598364 secs
[1] " old Likelihood:  -10287531.7924948"
[1] "New Likelihood:  -10286814.4610015"
[1] 4998393
[1] 4998398
iter:  0  f-value:  42746.26  pgrad:  0.9621979 
iter:  10  f-value:  42745.8  pgrad:  0.955107 
iter:  20  f-value:  42745.41  pgrad:  0.9346422 
iter:  30  f-value:  42745.4  pgrad:  0.9334435 
  Unsuccessful convergence.
[1] 0.06669062
 [1] "Xi: 0.502494461830208" "Xi: 0.503336771763798" "Xi: 0.504719123116679"
 [4] "Xi: 0.506560103969715" "Xi: 0.509138938460745" "Xi: 0.512039147534438"
 [7] "Xi: 0.516031633426712" "Xi: 0.524498641587428" "Xi: 0.523706801018962"
[10] "Xi: 0.517014938173714" "Xi: 0.513337391331633" "Xi: 0.510391711773394"
[13] "Xi: 0.508056926900628" "Xi: 0.506954727846518" "Xi: 0.506398048167925"
[16] "Xi: 0.505651080407917" "Xi: 0.504631097166271" "Xi: 0.503551687058681"
[19] "Xi: 0.502842152131689" "Xi: 0.502942694757393"
Time difference of 4.854205 mins
[1] "Rho"
[1] 1502.787 1503.111 1503.162 1503.303 1502.518
[1] "It: 3"
[1] "sigma:"             "0.0660237118255791" "beta :"            
[4] "1"                 
[1] "rho/theta:" "1"         
Time difference of 1.592547 secs
[1] " old Likelihood:  -10286814.4610015"
[1] "New Likelihood:  -10286557.7192504"
[1] 4998393
[1] 4998398
iter:  0  f-value:  42372.09  pgrad:  0.9333094 
iter:  10  f-value:  42371.89  pgrad:  0.9280028 
iter:  20  f-value:  42371.59  pgrad:  0.9081897 
iter:  30  f-value:  42371.56  pgrad:  0.5202606 
  Unsuccessful convergence.
[1] 0.09303773
 [1] "Xi: 0.503326615761877" "Xi: 0.504454472655146" "Xi: 0.506917658901919"
 [4] "Xi: 0.510407542342661" "Xi: 0.515011978218294" "Xi: 0.519222385385735"
 [7] "Xi: 0.523183638946843" "Xi: 0.533396392309956" "Xi: 0.529216512702817"
[10] "Xi: 0.52023376118856"  "Xi: 0.515637211195556" "Xi: 0.512156901327761"
[13] "Xi: 0.509415906271086" "Xi: 0.508383689948008" "Xi: 0.508058449909965"
[16] "Xi: 0.507340424933479" "Xi: 0.50613224657104"  "Xi: 0.504720622274771"
[19] "Xi: 0.503796450527377" "Xi: 0.504025469075209"
Time difference of 4.856868 mins
[1] "Rho"
[1] 1502.787 1503.111 1503.162 1503.303 1502.518
[1] "It: 4"
[1] "sigma:"             "0.0921073555969331" "beta :"            
[4] "1"                 
[1] "rho/theta:" "1"         
Time difference of 1.677726 secs
[1] " old Likelihood:  -10286557.7192504"
[1] "New Likelihood:  -10286382.7053237"
[1] 4998393
[1] 4998398
iter:  0  f-value:  41936.1  pgrad:  0.9069623 
iter:  10  f-value:  41935.9  pgrad:  0.8998454 
iter:  20  f-value:  41935.71  pgrad:  0.8861231 
iter:  30  f-value:  41935.7  pgrad:  0.8460484 
  Unsuccessful convergence.
[1] 0.1158029
 [1] "Xi: 0.503884514983797" "Xi: 0.505202403315555" "Xi: 0.508359584209302"
 [4] "Xi: 0.512728452041696" "Xi: 0.518334183712734" "Xi: 0.523018321518167"
 [7] "Xi: 0.526544821677025" "Xi: 0.538172623082469" "Xi: 0.532640913715495"
[10] "Xi: 0.521851812599093" "Xi: 0.516937747788553" "Xi: 0.513180390596354"
[13] "Xi: 0.510149203019886" "Xi: 0.509278983116962" "Xi: 0.50927006582201" 
[16] "Xi: 0.508661239956674" "Xi: 0.507323755237677" "Xi: 0.505648805372953"
[19] "Xi: 0.50454966697845"  "Xi: 0.504943305714014"
Time difference of 5.038193 mins
[1] "Rho"
[1] 1502.787 1503.111 1503.162 1503.303 1502.518
[1] "It: 5"
[1] "sigma:"           "0.11464486095162" "beta :"           "1"               
[1] "rho/theta:" "1"         
Time difference of 1.59431 secs
[1] " old Likelihood:  -10286382.7053237"
[1] "New Likelihood:  -10286244.8737255"
[1] 4998393
[1] 4998398
iter:  0  f-value:  41508.33  pgrad:  0.8841971 
iter:  10  f-value:  41508.17  pgrad:  0.8789058 
iter:  20  f-value:  41508.06  pgrad:  0.4949814 
iter:  30  f-value:  41507.97  pgrad:  0.6706978 
  Unsuccessful convergence.
[1] 0.136523
 [1] "Xi: 0.504326788434517" "Xi: 0.505793038753781" "Xi: 0.509491966800361"
 [4] "Xi: 0.514657823790548" "Xi: 0.52113946426065"  "Xi: 0.52616796460441" 
 [7] "Xi: 0.529109069656573" "Xi: 0.541988264568784" "Xi: 0.535405408830435"
[10] "Xi: 0.52305515575859"  "Xi: 0.517953752413426" "Xi: 0.513966977425331"
[13] "Xi: 0.51065735419418"  "Xi: 0.509942028342173" "Xi: 0.510261546582347"
[16] "Xi: 0.509780903458135" "Xi: 0.508343111996516" "Xi: 0.506435790511206"
[19] "Xi: 0.505186785639483" "Xi: 0.505753496191842"
Time difference of 4.861924 mins
[1] "Rho"
[1] 1502.787 1503.111 1503.162 1503.303 1502.518
[1] "It: 6"
[1] "sigma:"            "0.135157741919977" "beta :"           
[4] "1"                
[1] "rho/theta:" "1"         
Time difference of 1.622527 secs
[1] " old Likelihood:  -10286244.8737255"
[1] "New Likelihood:  -10286121.1341311"
[1] 4998393
[1] 4998398
iter:  0  f-value:  41090.17  pgrad:  0.863477 
iter:  10  f-value:  41090.02  pgrad:  0.8584676 
iter:  20  f-value:  41090  pgrad:  0.8479485 
iter:  30  f-value:  41089.85  pgrad:  0.8451636 
  Unsuccessful convergence.
[1] 0.1548607
 [1] "Xi: 0.504687998019658" "Xi: 0.506275709527186" "Xi: 0.51040652975542" 
 [4] "Xi: 0.516160042337995" "Xi: 0.523273028413081" "Xi: 0.528516739380772"
 [7] "Xi: 0.530911607415398" "Xi: 0.544778928347124" "Xi: 0.537579248158555"
[10] "Xi: 0.523995038141921" "Xi: 0.518825914930893" "Xi: 0.514645675078999"
[13] "Xi: 0.511035440646284" "Xi: 0.510436705237583" "Xi: 0.511074820492971"
[16] "Xi: 0.510726084612518" "Xi: 0.50920374622268"  "Xi: 0.50708405348105" 
[19] "Xi: 0.505703760396571" "Xi: 0.506456591081433"
Time difference of 4.877861 mins
[1] "Rho"
[1] 1502.787 1503.111 1503.162 1503.303 1502.518
[1] "It: 7"
[1] "sigma:"            "0.153312075160634" "beta :"           
[4] "1"                
[1] "rho/theta:" "1"         
Time difference of 1.599317 secs
[1] " old Likelihood:  -10286121.1341311"
[1] "New Likelihood:  -10286011.8355736"
[1] 4998393
[1] 4998398
iter:  0  f-value:  40700.65  pgrad:  0.8451393 
iter:  10  f-value:  40700.51  pgrad:  0.8405542 
iter:  20  f-value:  40700.37  pgrad:  0.8288586 
iter:  30  f-value:  40700.35  pgrad:  0.8279303 
  Unsuccessful convergence.
[1] 0.1720856
 [1] "Xi: 0.505036405124702" "Xi: 0.50674022269402"  "Xi: 0.511277467480004"
 [4] "Xi: 0.517571667363304" "Xi: 0.525255097339712" "Xi: 0.530673247754582"
 [7] "Xi: 0.532497262493983" "Xi: 0.547264358541835" "Xi: 0.539600750115747"
[10] "Xi: 0.524904954857937" "Xi: 0.519724053767445" "Xi: 0.515354199386188"
[13] "Xi: 0.511400841930962" "Xi: 0.510894415076802" "Xi: 0.51181603252467" 
[16] "Xi: 0.511589836079832" "Xi: 0.50998703819502"  "Xi: 0.507665937071347"
[19] "Xi: 0.506165964729868" "Xi: 0.507115249218405"
Time difference of 4.877324 mins
[1] "Rho"
[1] 1502.787 1503.111 1503.162 1503.303 1502.518
[1] "It: 8"
[1] "sigma:"           "0.17036471112486" "beta :"           "1"               
[1] "rho/theta:" "1"         
Time difference of 1.716078 secs
[1] " old Likelihood:  -10286011.8355736"
[1] "New Likelihood:  -10285909.5679703"
[1] 4998393
[1] 4998398
iter:  0  f-value:  40323.17  pgrad:  0.8279144 
iter:  10  f-value:  40323.04  pgrad:  0.8233971 
iter:  20  f-value:  40322.89  pgrad:  0.8119687 
iter:  30  f-value:  40322.89  pgrad:  0.8111911 
  Unsuccessful convergence.
[1] 0.1888191
 [1] "Xi: 0.50538269292295"  "Xi: 0.507201828276846" "Xi: 0.512136290659876"
 [4] "Xi: 0.518951182884084" "Xi: 0.527176937204378" "Xi: 0.532745735272841"
 [7] "Xi: 0.533961586159222" "Xi: 0.549581727066868" "Xi: 0.541558818880734"
[10] "Xi: 0.525829768236998" "Xi: 0.520681394680714" "Xi: 0.516125785907987"
[13] "Xi: 0.511799218294601" "Xi: 0.511339341046708" "Xi: 0.512527044169047"
[16] "Xi: 0.512414172163892" "Xi: 0.510732205007596" "Xi: 0.50821718400605" 
[19] "Xi: 0.506606218080885" "Xi: 0.507761971224954"
Time difference of 4.879407 mins
[1] "Rho"
[1] 1502.787 1503.111 1503.162 1503.303 1502.518
[1] "It: 9"
[1] "sigma:"           "0.18693092112386" "beta :"           "1"               
[1] "rho/theta:" "1"         
Time difference of 1.598263 secs
[1] " old Likelihood:  -10285909.5679703"
[1] "New Likelihood:  -10285810.7943697"
[1] 4998393
[1] 4998398
iter:  0  f-value:  39947.4  pgrad:  0.8111809 
iter:  10  f-value:  39947.21  pgrad:  0.8037002 
iter:  20  f-value:  39947.13  pgrad:  0.5122977 
iter:  30  f-value:  39947.13  pgrad:  0.4794662 
  Unsuccessful convergence.
[1] 0.2054498
 [1] "Xi: 0.505833510540201" "Xi: 0.507802475166671" "Xi: 0.513226516663506"
 [4] "Xi: 0.520545037015798" "Xi: 0.529284418734783" "Xi: 0.534969869641205"
 [7] "Xi: 0.535501717952484" "Xi: 0.551892146991612" "Xi: 0.543511387116184"
[10] "Xi: 0.526766878329948" "Xi: 0.521706112081835" "Xi: 0.516971322193657"
[13] "Xi: 0.512245653327109" "Xi: 0.511799572379173" "Xi: 0.513232593831776"
[16] "Xi: 0.513224013389206" "Xi: 0.51146302446053"  "Xi: 0.508759935083486"
[19] "Xi: 0.507045372416394" "Xi: 0.508416981252362"
Time difference of 4.877417 mins
[1] "Rho"
[1] 1502.787 1503.111 1503.162 1503.303 1502.518
[1] "It: 10"
[1] "sigma:"            "0.203395291344457" "beta :"           
[4] "1"                
[1] "rho/theta:" "1"         
Time difference of 1.683472 secs
[1] " old Likelihood:  -10285810.7943697"
[1] "New Likelihood:  -10285713.3921275"
[1] 4998393
[1] 4998398
iter:  0  f-value:  39566.13  pgrad:  0.7945502 
iter:  10  f-value:  39565.94  pgrad:  0.787121 
iter:  20  f-value:  39565.88  pgrad:  0.779047 
iter:  30  f-value:  39565.87  pgrad:  0.5139818 
  Unsuccessful convergence.
[1] 0.2211697
 [1] "Xi: 0.506357100677781" "Xi: 0.508499205387164" "Xi: 0.514484950832008"
 [4] "Xi: 0.522434104835491" "Xi: 0.531802406539451" "Xi: 0.537598291861295"
 [7] "Xi: 0.537200808993027" "Xi: 0.554421469847946" "Xi: 0.545565944719675"
[10] "Xi: 0.527708043577383" "Xi: 0.522716782390999" "Xi: 0.517822654773822"
[13] "Xi: 0.512682427574958" "Xi: 0.512204614664039" "Xi: 0.513885219366281"
[16] "Xi: 0.513977369361562" "Xi: 0.512139803824925" "Xi: 0.50925549584542" 
[19] "Xi: 0.50744709128396"  "Xi: 0.509049259525799"
Time difference of 4.855199 mins
[1] "Rho"
[1] 1502.787 1503.111 1503.162 1503.303 1502.518
[1] "It: 11"
[1] "sigma:"            "0.218957987082494" "beta :"           
[4] "1"                
[1] "rho/theta:" "1"         
Time difference of 1.603541 secs
[1] " old Likelihood:  -10285713.3921275"
[1] "New Likelihood:  -10285621.4768608"
[1] 4998393
[1] 4998398
iter:  0  f-value:  39196.25  pgrad:  0.7788303 
iter:  10  f-value:  39196.08  pgrad:  0.7719606 
iter:  20  f-value:  39196.02  pgrad:  0.7654422 
iter:  30  f-value:  39196.01  pgrad:  0.7647085 
  Unsuccessful convergence.
[1] 0.2353019
 [1] "Xi: 0.506796436319631" "Xi: 0.509082150146556" "Xi: 0.515520743701928"
 [4] "Xi: 0.523911557399441" "Xi: 0.533713415545861" "Xi: 0.539569900730102"
 [7] "Xi: 0.538443435555891" "Xi: 0.556265674286187" "Xi: 0.547158014204752"
[10] "Xi: 0.528416850945652" "Xi: 0.523622735485696" "Xi: 0.518616957508483"
[13] "Xi: 0.513060714668069" "Xi: 0.512556827810129" "Xi: 0.514454847792439"
[16] "Xi: 0.514642575083454" "Xi: 0.512732842590203" "Xi: 0.509674654896945"
[19] "Xi: 0.507777775524028" "Xi: 0.509611446246127"
Time difference of 4.868448 mins
[1] "Rho"
[1] 1502.787 1503.111 1503.162 1503.303 1502.518
[1] "It: 12"
[1] "sigma:"            "0.232948832006481" "beta :"           
[4] "1"                
[1] "rho/theta:" "1"         
Time difference of 1.592154 secs
[1] " old Likelihood:  -10285621.4768608"
[1] "New Likelihood:  -10285539.0728697"
[1] 4998393
[1] 4998398
iter:  0  f-value:  38854.3  pgrad:  0.7646981 
iter:  10  f-value:  38854.14  pgrad:  0.7583015 
iter:  20  f-value:  38854.08  pgrad:  0.7519939 
iter:  30  f-value:  38854.07  pgrad:  0.4899012 
  Unsuccessful convergence.
[1] 0.2495003
 [1] "Xi: 0.507358901232781" "Xi: 0.509828188068091" "Xi: 0.516846860206132"
 [4] "Xi: 0.525899240112246" "Xi: 0.536337552650061" "Xi: 0.542253984047274"
 [7] "Xi: 0.539992341948562" "Xi: 0.558592571680416" "Xi: 0.549073160207404"
[10] "Xi: 0.529234905460866" "Xi: 0.524613578513463" "Xi: 0.519509131819944"
[13] "Xi: 0.513504165315868" "Xi: 0.512944731385318" "Xi: 0.515046289464958"
[16] "Xi: 0.515318448608416" "Xi: 0.513333787309463" "Xi: 0.510103473562675"
[19] "Xi: 0.508124176526968" "Xi: 0.510145866246794"
Time difference of 4.867984 mins
[1] "Rho"
[1] 1502.787 1503.111 1503.162 1503.303 1502.518
[1] "It: 13"
[1] "sigma:"            "0.247005271793496" "beta :"           
[4] "1"                
[1] "rho/theta:" "1"         
Time difference of 1.625797 secs
[1] " old Likelihood:  -10285539.0728697"
[1] "New Likelihood:  -10285457.427131"
[1] 4998393
[1] 4998398
iter:  0  f-value:  38507.43  pgrad:  0.7504997 
iter:  10  f-value:  38507.27  pgrad:  0.7442072 
iter:  20  f-value:  38507.22  pgrad:  0.7382777 
iter:  30  f-value:  38507.21  pgrad:  0.4723727 
  Unsuccessful convergence.
[1] 0.2629349
 [1] "Xi: 0.507870427702173" "Xi: 0.510507010604289" "Xi: 0.518038692713235"
 [4] "Xi: 0.527634792572239" "Xi: 0.538585386524107" "Xi: 0.54452825822002" 
 [7] "Xi: 0.541240337051599" "Xi: 0.560480025000696" "Xi: 0.550693158978391"
[10] "Xi: 0.529921872312446" "Xi: 0.525539687791477" "Xi: 0.520371561933049"
[13] "Xi: 0.513922061702524" "Xi: 0.51330068318244"  "Xi: 0.51559679031142" 
[16] "Xi: 0.51595281807457"  "Xi: 0.513896163258033" "Xi: 0.510498888293408"
[19] "Xi: 0.50844026315968"  "Xi: 0.510687177935712"
Time difference of 4.880535 mins
[1] "Rho"
[1] 1502.787 1503.111 1503.162 1503.303 1502.518
[1] "It: 14"
[1] "sigma:"           "0.26030555121445" "beta :"           "1"               
[1] "rho/theta:" "1"         
Time difference of 1.699941 secs
[1] " old Likelihood:  -10285457.427131"
[1] "New Likelihood:  -10285380.7841272"
[1] 4998393
[1] 4998398
iter:  0  f-value:  38171.85  pgrad:  0.7370651 
iter:  10  f-value:  38171.7  pgrad:  0.7309182 
iter:  20  f-value:  38171.66  pgrad:  0.7254943 
iter:  30  f-value:  38171.65  pgrad:  0.4856875 
  Unsuccessful convergence.
[1] 0.2756273
 [1] "Xi: 0.508363327774883" "Xi: 0.511161356068451" "Xi: 0.519178542269416"
 [4] "Xi: 0.529269657319553" "Xi: 0.540679024439769" "Xi: 0.546631397740658"
 [7] "Xi: 0.542348123820386" "Xi: 0.562152807001372" "Xi: 0.552167624021741"
[10] "Xi: 0.530523911177032" "Xi: 0.526427895969792" "Xi: 0.521220267347861"
[13] "Xi: 0.514324608081227" "Xi: 0.513632478235636" "Xi: 0.516114713701586"
[16] "Xi: 0.516550289922476" "Xi: 0.514423268703145" "Xi: 0.510863042700108"
[19] "Xi: 0.508730205625948" "Xi: 0.511229687365272"
Time difference of 4.868096 mins
[1] "Rho"
[1] 1502.787 1503.111 1503.162 1503.303 1502.518
[1] "It: 15"
[1] "sigma:"            "0.272871004588481" "beta :"           
[4] "1"                
[1] "rho/theta:" "1"         
Time difference of 1.618561 secs
[1] " old Likelihood:  -10285380.7841272"
[1] "New Likelihood:  -10285309.0496609"
[1] 4998393
[1] 4998398
iter:  0  f-value:  37848.8  pgrad:  0.7243727 
iter:  10  f-value:  37848.66  pgrad:  0.7183952 
iter:  20  f-value:  37848.61  pgrad:  0.7134434 
iter:  30  f-value:  37848.61  pgrad:  0.4852928 
  Unsuccessful convergence.
[1] 0.2876369
 [1] "Xi: 0.508837016063522" "Xi: 0.511786751754938" "Xi: 0.520259070567266"
 [4] "Xi: 0.53079382644014"  "Xi: 0.542609680911292" "Xi: 0.548561306439623"
 [7] "Xi: 0.543337524873373" "Xi: 0.563636255540385" "Xi: 0.553519718032911"
[10] "Xi: 0.531055819894478" "Xi: 0.527286295676464" "Xi: 0.522064881834453"
[13] "Xi: 0.514715065291276" "Xi: 0.513944507179871" "Xi: 0.516604108039984"
[16] "Xi: 0.517115895951356" "Xi: 0.514919425871288" "Xi: 0.511199666104326"
[19] "Xi: 0.508996170037792" "Xi: 0.511757558115872"
Time difference of 4.880827 mins
[1] "Rho"
[1] 1502.787 1503.111 1503.162 1503.303 1502.518
[1] "It: 16"
[1] "sigma:"           "0.28476056659211" "beta :"           "1"               
[1] "rho/theta:" "1"         
Time difference of 1.600511 secs
[1] " old Likelihood:  -10285309.0496609"
[1] "New Likelihood:  -10285241.9047752"
[1] 4998393
[1] 4998398
iter:  0  f-value:  37537.88  pgrad:  0.7123631 
iter:  10  f-value:  37537.75  pgrad:  0.7065768 
iter:  20  f-value:  37537.71  pgrad:  0.7019567 
iter:  30  f-value:  37537.71  pgrad:  0.4678325 
  Unsuccessful convergence.
[1] 0.2989323
 [1] "Xi: 0.509279266919773" "Xi: 0.512372195591256" "Xi: 0.521259225550716"
 [4] "Xi: 0.532173204190628" "Xi: 0.544333456338642" "Xi: 0.550279263197536"
 [7] "Xi: 0.544209040727588" "Xi: 0.564925753775999" "Xi: 0.554739876078124"
[10] "Xi: 0.531507179818888" "Xi: 0.528108877866323" "Xi: 0.522898687533895"
[13] "Xi: 0.515111228108823" "Xi: 0.514236266857842" "Xi: 0.517064157711613"
[16] "Xi: 0.517648194500195" "Xi: 0.515383401173225" "Xi: 0.511507386572977"
[19] "Xi: 0.509237149967181" "Xi: 0.512265260169842"
Time difference of 4.878386 mins
[1] "Rho"
[1] 1502.787 1503.111 1503.162 1503.303 1502.518
[1] "It: 17"
[1] "sigma:"            "0.295942948911106" "beta :"           
[4] "1"                
[1] "rho/theta:" "1"         
Time difference of 1.606883 secs
[1] " old Likelihood:  -10285241.9047752"
[1] "New Likelihood:  -10285179.5011547"
[1] 4998393
[1] 4998398
iter:  0  f-value:  37240.83  pgrad:  0.7010677 
iter:  10  f-value:  37240.7  pgrad:  0.6954697 
iter:  20  f-value:  37240.67  pgrad:  0.691134 
iter:  30  f-value:  37240.67  pgrad:  0.4845097 
  Unsuccessful convergence.
[1] 0.3097942
 [1] "Xi: 0.50973622427115"  "Xi: 0.512976402709278" "Xi: 0.522283676526714"
 [4] "Xi: 0.533589466370811" "Xi: 0.546102949517324" "Xi: 0.552038407128984"
 [7] "Xi: 0.545049061522344" "Xi: 0.566197268627664" "Xi: 0.555966850726157"
[10] "Xi: 0.531948737561941" "Xi: 0.52892309900522"  "Xi: 0.52374052131934" 
[13] "Xi: 0.515499437815834" "Xi: 0.514521059299742" "Xi: 0.517510338840785"
[16] "Xi: 0.518163883134824" "Xi: 0.515831308621716" "Xi: 0.511801531737381"
[19] "Xi: 0.50946737273896"  "Xi: 0.512769077864803"
Time difference of 4.877306 mins
[1] "Rho"
[1] 1502.787 1503.111 1503.162 1503.303 1502.518
[1] "It: 18"
[1] "sigma:"            "0.306696296034784" "beta :"           
[4] "1"                
[1] "rho/theta:" "1"         
Time difference of 1.610755 secs
[1] " old Likelihood:  -10285179.5011547"
[1] "New Likelihood:  -10285120.3710522"
[1] 4998393
[1] 4998398
iter:  0  f-value:  36951.45  pgrad:  0.6902058 
iter:  10  f-value:  36951.33  pgrad:  0.6846358 
iter:  20  f-value:  36951.3  pgrad:  0.6808193 
iter:  30  f-value:  36951.3  pgrad:  0.4652484 
  Unsuccessful convergence.
[1] 0.3201512
 [1] "Xi: 0.510082977081092" "Xi: 0.513434169887254" "Xi: 0.523067632089573"
 [4] "Xi: 0.534761443733569" "Xi: 0.547625347625034" "Xi: 0.553560846356522"
 [7] "Xi: 0.545682016637496" "Xi: 0.567266455687163" "Xi: 0.557095100036073"
[10] "Xi: 0.532343258377465" "Xi: 0.529707970530486" "Xi: 0.524573699650831"
[13] "Xi: 0.515900442347513" "Xi: 0.514792640220692" "Xi: 0.517937092904409"
[16] "Xi: 0.518657277657536" "Xi: 0.516258428115527" "Xi: 0.512077730252391"
[19] "Xi: 0.509682684973519" "Xi: 0.513263195602449"
Time difference of 4.875954 mins
[1] "Rho"
[1] 1502.787 1503.111 1503.162 1503.303 1502.518
[1] "It: 19"
[1] "sigma:"            "0.316949728366513" "beta :"           
[4] "1"                
[1] "rho/theta:" "1"         
Time difference of 1.620451 secs
[1] " old Likelihood:  -10285120.3710522"
[1] "New Likelihood:  -10285064.8266347"
[1] 4998393
[1] 4998398
iter:  0  f-value:  36671.83  pgrad:  0.6798488 
iter:  10  f-value:  36671.71  pgrad:  0.6742866 
iter:  20  f-value:  36671.69  pgrad:  0.6705128 
iter:  30  f-value:  36671.69  pgrad:  0.6411574 
  Unsuccessful convergence.
[1] 0.3297744
 [1] "Xi: 0.510385253529445" "Xi: 0.513833712737822" "Xi: 0.523744901302184"
 [4] "Xi: 0.535746435281654" "Xi: 0.548888122427837" "Xi: 0.554825348135399"
 [7] "Xi: 0.546210808443129" "Xi: 0.568142968269565" "Xi: 0.558061913273017"
[10] "Xi: 0.532633973692309" "Xi: 0.53043140139819"  "Xi: 0.525372809867697"
[13] "Xi: 0.516273335491913" "Xi: 0.515031599656657" "Xi: 0.518327620961734"
[16] "Xi: 0.51911394906722"  "Xi: 0.516651429246576" "Xi: 0.512323360517904"
[19] "Xi: 0.509870827219828" "Xi: 0.513734831049001"
Time difference of 4.866191 mins
[1] "Rho"
[1] 1502.787 1503.111 1503.162 1503.303 1502.518
[1] "It: 20"
[1] "sigma:"            "0.326476620464248" "beta :"           
[4] "1"                
[1] "rho/theta:" "1"         
Time difference of 1.605182 secs
[1] " old Likelihood:  -10285064.8266347"
[1] "New Likelihood:  -10285013.829785"
[1] 4998393
[1] 4998398
iter:  0  f-value:  36407.6  pgrad:  0.6702256 
iter:  10  f-value:  36407.49  pgrad:  0.6646893 
iter:  20  f-value:  36407.46  pgrad:  0.6611693 
iter:  30  f-value:  36407.46  pgrad:  0.4630421 
  Unsuccessful convergence.
[1] 0.3391903
 [1] "Xi: 0.510750686937284" "Xi: 0.514316562152212" "Xi: 0.524562199664505"
 [4] "Xi: 0.536965934675602" "Xi: 0.550469210409078" "Xi: 0.556408182914077"
 [7] "Xi: 0.546853841680808" "Xi: 0.569189003203509" "Xi: 0.55921568976026" 
[10] "Xi: 0.532991403102256" "Xi: 0.531170483049862" "Xi: 0.526191299907319"
[13] "Xi: 0.51666283610362"  "Xi: 0.515277610084922" "Xi: 0.518718798002762"
[16] "Xi: 0.519567945557893" "Xi: 0.517041950602929" "Xi: 0.512567988810562"
[19] "Xi: 0.5100599645813"   "Xi: 0.51421443560725" 
Time difference of 4.867265 mins
[1] 1 1 1 1 1
[1] 1 1 1 1 1
saved RDS
inference successful
