[1] "Original length"
[1] 999879
[1] "Final length"
[1] 18879
[1] "sequence length : 999880" "sequence length : 999630"
[3] "sequence length : 999967" "sequence length : 999860"
[5] "sequence length : 999974"
[1] 1 1 1 1 1
[1] "Beta: 1"
[1] "Self: 0.5"
 [1] 0 0 0 0 0 0 0 0 0 0 0 0 0 0 0 0 0 0 0 0
[1] "maxIt: 20"
[1] "It: 1"
 [1] "sigma:" "0.5"    "0.5"    "0.5"    "0.5"    "0.5"    "0.5"    "0.5"   
 [9] "0.5"    "0.5"    "0.5"    "0.5"    "0.5"    "0.5"    "0.5"    "0.5"   
[17] "0.5"    "0.5"    "0.5"    "0"      "0"      "0"      "0"      "0"     
[25] "0"      "0"      "0"      "0"      "0"      "0"      "0"      "0"     
[33] "0"      "0"      "0"      "0"      "0"      "0"      "0"      "0"     
[41] "0"      "beta :" "1"     
[1] 9234771
[1] 9234388
[1] 9234197
[1] 9233916
[1] 9233513
[1] 9232951
[1] 9232216
[1] 9231357
[1] 9230625
[1] 9230359
[1] 9230702
[1] 9231956
[1] 9234896
[1] 9240586
[1] 9249714
[1] 9261153
[1] 9270382
[1] 9275296
[1] 9277561
[1] 9278184
[1] 9278291
 [1] "sigma:" "0.9655" "0.9655" "0.9655" "0.9655" "0.9655" "0.9655" "0.9655"
 [9] "0.9655" "0.9655" "0.9655" "0.9655" "0.9655" "0.9655" "0.9655" "0.9655"
[17] "0.9655" "0.9655" "0.9655" "0.375"  "0.375"  "0.375"  "0.375"  "0.375" 
[25] "0.375"  "0.375"  "0.375"  "0.375"  "0.375"  "0.375"  "0.375"  "0.375" 
[33] "0.375"  "0.375"  "0.375"  "0.375"  "0.375"  "0.375"  "0.375"  "0.375" 
[41] "0.375"  "beta :" "1"     
[1] "New Likelihood:  -9230359.25261903"
iter:  0  f-value:  29317.97  pgrad:  0.75 
iter:  10  f-value:  29317.62  pgrad:  0.74762 
iter:  20  f-value:  29317.47  pgrad:  0.5045034 
iter:  30  f-value:  29317.28  pgrad:  0.7408267 
  Unsuccessful convergence.
Time difference of 37.4326 mins
[1] "maxIt: 20"
[1] "It: 2"
 [1] "sigma:"            "0.980209610224481" "0.980209610224481"
 [4] "0.980209610224481" "0.980209610224481" "0.980209610224481"
 [7] "0.980209610224481" "0.980209610224481" "0.980209610224481"
[10] "0.980209610224481" "0.980209610224481" "0.980209610224481"
[13] "0.980209610224481" "0.980209610224481" "0.980209610224481"
[16] "0.980209610224481" "0.980209610224481" "0.980209610224481"
[19] "0.980209610224481" "0.370376653186231" "0.370376653186231"
[22] "0.370376653186231" "0.370376653186231" "0.370376653186231"
[25] "0.370376653186231" "0.370376653186231" "0.370376653186231"
[28] "0.370376653186231" "0.370376653186231" "0.370376653186231"
[31] "0.370376653186231" "0.370376653186231" "0.370376653186231"
[34] "0.370376653186231" "0.370376653186231" "0.370376653186231"
[37] "0.370376653186231" "0.370376653186231" "0.370376653186231"
[40] "0.370376653186231" "0.370376653186231" "beta :"           
[43] "1"                
[1] 9230404
[1] 9230159
[1] 9230606
 [1] "sigma:"            "0.980209610224481" "0.980209610224481"
 [4] "0.980209610224481" "0.980209610224481" "0.980209610224481"
 [7] "0.980209610224481" "0.980209610224481" "0.980209610224481"
[10] "0.980209610224481" "0.980209610224481" "0.980209610224481"
[13] "0.980209610224481" "0.980209610224481" "0.980209610224481"
[16] "0.980209610224481" "0.980209610224481" "0.980209610224481"
[19] "0.980209610224481" "0.370376653186231" "0.370376653186231"
[22] "0.370376653186231" "0.370376653186231" "0.370376653186231"
[25] "0.370376653186231" "0.370376653186231" "0.370376653186231"
[28] "0.370376653186231" "0.370376653186231" "0.370376653186231"
[31] "0.370376653186231" "0.370376653186231" "0.370376653186231"
[34] "0.370376653186231" "0.370376653186231" "0.370376653186231"
[37] "0.370376653186231" "0.370376653186231" "0.370376653186231"
[40] "0.370376653186231" "0.370376653186231" "beta :"           
[43] "1"                
[1] " old Likelihood:  -9230359.25261903"
[1] "New Likelihood:  -9230159.3554483"
iter:  0  f-value:  29342.33  pgrad:  0.7407533 
iter:  10  f-value:  29342.18  pgrad:  0.7390664 
iter:  20  f-value:  29342.11  pgrad:  0.7368477 
iter:  30  f-value:  29342.1  pgrad:  0.7346292 
  Unsuccessful convergence.
Time difference of 9.478588 mins
[1] "maxIt: 20"
[1] "It: 3"
 [1] "sigma:"            "0.986460990067951" "0.986460990067951"
 [4] "0.986460990067951" "0.986460990067951" "0.986460990067951"
 [7] "0.986460990067951" "0.986460990067951" "0.986460990067951"
[10] "0.986460990067951" "0.986460990067951" "0.986460990067951"
[13] "0.986460990067951" "0.986460990067951" "0.986460990067951"
[16] "0.986460990067951" "0.986460990067951" "0.986460990067951"
[19] "0.986460990067951" "0.366445580887986" "0.366445580887986"
[22] "0.366445580887986" "0.366445580887986" "0.366445580887986"
[25] "0.366445580887986" "0.366445580887986" "0.366445580887986"
[28] "0.366445580887986" "0.366445580887986" "0.366445580887986"
[31] "0.366445580887986" "0.366445580887986" "0.366445580887986"
[34] "0.366445580887986" "0.366445580887986" "0.366445580887986"
[37] "0.366445580887986" "0.366445580887986" "0.366445580887986"
[40] "0.366445580887986" "0.366445580887986" "beta :"           
[43] "1"                
[1] 9230325
[1] 9230094
[1] 9230596
 [1] "sigma:"            "0.986460990067951" "0.986460990067951"
 [4] "0.986460990067951" "0.986460990067951" "0.986460990067951"
 [7] "0.986460990067951" "0.986460990067951" "0.986460990067951"
[10] "0.986460990067951" "0.986460990067951" "0.986460990067951"
[13] "0.986460990067951" "0.986460990067951" "0.986460990067951"
[16] "0.986460990067951" "0.986460990067951" "0.986460990067951"
[19] "0.986460990067951" "0.366445580887986" "0.366445580887986"
[22] "0.366445580887986" "0.366445580887986" "0.366445580887986"
[25] "0.366445580887986" "0.366445580887986" "0.366445580887986"
[28] "0.366445580887986" "0.366445580887986" "0.366445580887986"
[31] "0.366445580887986" "0.366445580887986" "0.366445580887986"
[34] "0.366445580887986" "0.366445580887986" "0.366445580887986"
[37] "0.366445580887986" "0.366445580887986" "0.366445580887986"
[40] "0.366445580887986" "0.366445580887986" "beta :"           
[43] "1"                
[1] " old Likelihood:  -9230159.3554483"
[1] "New Likelihood:  -9230093.700546"
iter:  0  f-value:  29385.31  pgrad:  0.7328912 
iter:  10  f-value:  29385.26  pgrad:  0.7314739 
iter:  20  f-value:  29385.24  pgrad:  0.6555274 
iter:  30  f-value:  29385.24  pgrad:  0.7280337 
  Unsuccessful convergence.
Time difference of 9.475486 mins
[1] "maxIt: 20"
[1] "It: 4"
 [1] "sigma:"            "0.988807936399144" "0.988807936399144"
 [4] "0.988807936399144" "0.988807936399144" "0.988807936399144"
 [7] "0.988807936399144" "0.988807936399144" "0.988807936399144"
[10] "0.988807936399144" "0.988807936399144" "0.988807936399144"
[13] "0.988807936399144" "0.988807936399144" "0.988807936399144"
[16] "0.988807936399144" "0.988807936399144" "0.988807936399144"
[19] "0.988807936399144" "0.363977909534303" "0.363977909534303"
[22] "0.363977909534303" "0.363977909534303" "0.363977909534303"
[25] "0.363977909534303" "0.363977909534303" "0.363977909534303"
[28] "0.363977909534303" "0.363977909534303" "0.363977909534303"
[31] "0.363977909534303" "0.363977909534303" "0.363977909534303"
[34] "0.363977909534303" "0.363977909534303" "0.363977909534303"
[37] "0.363977909534303" "0.363977909534303" "0.363977909534303"
[40] "0.363977909534303" "0.363977909534303" "beta :"           
[43] "1"                
[1] 9230295
[1] 9230072
[1] 9230601
 [1] "sigma:"            "0.988807936399144" "0.988807936399144"
 [4] "0.988807936399144" "0.988807936399144" "0.988807936399144"
 [7] "0.988807936399144" "0.988807936399144" "0.988807936399144"
[10] "0.988807936399144" "0.988807936399144" "0.988807936399144"
[13] "0.988807936399144" "0.988807936399144" "0.988807936399144"
[16] "0.988807936399144" "0.988807936399144" "0.988807936399144"
[19] "0.988807936399144" "0.363977909534303" "0.363977909534303"
[22] "0.363977909534303" "0.363977909534303" "0.363977909534303"
[25] "0.363977909534303" "0.363977909534303" "0.363977909534303"
[28] "0.363977909534303" "0.363977909534303" "0.363977909534303"
[31] "0.363977909534303" "0.363977909534303" "0.363977909534303"
[34] "0.363977909534303" "0.363977909534303" "0.363977909534303"
[37] "0.363977909534303" "0.363977909534303" "0.363977909534303"
[40] "0.363977909534303" "0.363977909534303" "beta :"           
[43] "1"                
[1] " old Likelihood:  -9230093.700546"
[1] "New Likelihood:  -9230071.7655435"
iter:  0  f-value:  29414.41  pgrad:  0.7279558 
iter:  10  f-value:  29414.38  pgrad:  0.7269584 
iter:  20  f-value:  29414.38  pgrad:  0.5006025 
iter:  30  f-value:  29414.37  pgrad:  0.7242112 
  Unsuccessful convergence.
Time difference of 9.445916 mins
[1] "maxIt: 20"
[1] "It: 5"
 [1] "sigma:"            "0.98965898479705"  "0.98965898479705" 
 [4] "0.98965898479705"  "0.98965898479705"  "0.98965898479705" 
 [7] "0.98965898479705"  "0.98965898479705"  "0.98965898479705" 
[10] "0.98965898479705"  "0.98965898479705"  "0.98965898479705" 
[13] "0.98965898479705"  "0.98965898479705"  "0.98965898479705" 
[16] "0.98965898479705"  "0.98965898479705"  "0.98965898479705" 
[19] "0.98965898479705"  "0.362062835492699" "0.362062835492699"
[22] "0.362062835492699" "0.362062835492699" "0.362062835492699"
[25] "0.362062835492699" "0.362062835492699" "0.362062835492699"
[28] "0.362062835492699" "0.362062835492699" "0.362062835492699"
[31] "0.362062835492699" "0.362062835492699" "0.362062835492699"
[34] "0.362062835492699" "0.362062835492699" "0.362062835492699"
[37] "0.362062835492699" "0.362062835492699" "0.362062835492699"
[40] "0.362062835492699" "0.362062835492699" "beta :"           
[43] "1"                
[1] 9230283
[1] 9230062
[1] 9230603
 [1] "sigma:"            "0.98965898479705"  "0.98965898479705" 
 [4] "0.98965898479705"  "0.98965898479705"  "0.98965898479705" 
 [7] "0.98965898479705"  "0.98965898479705"  "0.98965898479705" 
[10] "0.98965898479705"  "0.98965898479705"  "0.98965898479705" 
[13] "0.98965898479705"  "0.98965898479705"  "0.98965898479705" 
[16] "0.98965898479705"  "0.98965898479705"  "0.98965898479705" 
[19] "0.98965898479705"  "0.362062835492699" "0.362062835492699"
[22] "0.362062835492699" "0.362062835492699" "0.362062835492699"
[25] "0.362062835492699" "0.362062835492699" "0.362062835492699"
[28] "0.362062835492699" "0.362062835492699" "0.362062835492699"
[31] "0.362062835492699" "0.362062835492699" "0.362062835492699"
[34] "0.362062835492699" "0.362062835492699" "0.362062835492699"
[37] "0.362062835492699" "0.362062835492699" "0.362062835492699"
[40] "0.362062835492699" "0.362062835492699" "beta :"           
[43] "1"                
[1] " old Likelihood:  -9230071.7655435"
[1] "New Likelihood:  -9230061.85263938"
iter:  0  f-value:  29441.68  pgrad:  0.7241257 
iter:  10  f-value:  29441.66  pgrad:  0.7231928 
iter:  20  f-value:  29441.66  pgrad:  0.7222071 
iter:  30  f-value:  29441.66  pgrad:  0.4945732 
  Unsuccessful convergence.
Time difference of 9.476861 mins
[1] "maxIt: 20"
[1] "It: 6"
 [1] "sigma:"            "0.99"              "0.99"             
 [4] "0.99"              "0.99"              "0.99"             
 [7] "0.99"              "0.99"              "0.99"             
[10] "0.99"              "0.99"              "0.99"             
[13] "0.99"              "0.99"              "0.99"             
[16] "0.99"              "0.99"              "0.99"             
[19] "0.99"              "0.360089134558701" "0.360089134558701"
[22] "0.360089134558701" "0.360089134558701" "0.360089134558701"
[25] "0.360089134558701" "0.360089134558701" "0.360089134558701"
[28] "0.360089134558701" "0.360089134558701" "0.360089134558701"
[31] "0.360089134558701" "0.360089134558701" "0.360089134558701"
[34] "0.360089134558701" "0.360089134558701" "0.360089134558701"
[37] "0.360089134558701" "0.360089134558701" "0.360089134558701"
[40] "0.360089134558701" "0.360089134558701" "beta :"           
[43] "1"                
[1] 9230277
[1] 9230055
[1] 9230603
 [1] "sigma:"            "0.99"              "0.99"             
 [4] "0.99"              "0.99"              "0.99"             
 [7] "0.99"              "0.99"              "0.99"             
[10] "0.99"              "0.99"              "0.99"             
[13] "0.99"              "0.99"              "0.99"             
[16] "0.99"              "0.99"              "0.99"             
[19] "0.99"              "0.360089134558701" "0.360089134558701"
[22] "0.360089134558701" "0.360089134558701" "0.360089134558701"
[25] "0.360089134558701" "0.360089134558701" "0.360089134558701"
[28] "0.360089134558701" "0.360089134558701" "0.360089134558701"
[31] "0.360089134558701" "0.360089134558701" "0.360089134558701"
[34] "0.360089134558701" "0.360089134558701" "0.360089134558701"
[37] "0.360089134558701" "0.360089134558701" "0.360089134558701"
[40] "0.360089134558701" "0.360089134558701" "beta :"           
[43] "1"                
[1] " old Likelihood:  -9230061.85263938"
[1] "New Likelihood:  -9230055.2516703"
iter:  0  f-value:  29475.1  pgrad:  0.7201783 
iter:  10  f-value:  29475.09  pgrad:  0.719259 
iter:  20  f-value:  29475.08  pgrad:  0.5491165 
iter:  30  f-value:  29475.08  pgrad:  0.5523543 
  Unsuccessful convergence.
Time difference of 9.473909 mins
[1] "maxIt: 20"
[1] "It: 7"
 [1] "sigma:"            "0.99"              "0.99"             
 [4] "0.99"              "0.99"              "0.99"             
 [7] "0.99"              "0.99"              "0.99"             
[10] "0.99"              "0.99"              "0.99"             
[13] "0.99"              "0.99"              "0.99"             
[16] "0.99"              "0.99"              "0.99"             
[19] "0.99"              "0.358406317955256" "0.358406317955256"
[22] "0.358406317955256" "0.358406317955256" "0.358406317955256"
[25] "0.358406317955256" "0.358406317955256" "0.358406317955256"
[28] "0.358406317955256" "0.358406317955256" "0.358406317955256"
[31] "0.358406317955256" "0.358406317955256" "0.358406317955256"
[34] "0.358406317955256" "0.358406317955256" "0.358406317955256"
[37] "0.358406317955256" "0.358406317955256" "0.358406317955256"
[40] "0.358406317955256" "0.358406317955256" "beta :"           
[43] "1"                
[1] 9230276
[1] 9230051
[1] 9230600
 [1] "sigma:"            "0.99"              "0.99"             
 [4] "0.99"              "0.99"              "0.99"             
 [7] "0.99"              "0.99"              "0.99"             
[10] "0.99"              "0.99"              "0.99"             
[13] "0.99"              "0.99"              "0.99"             
[16] "0.99"              "0.99"              "0.99"             
[19] "0.99"              "0.358406317955256" "0.358406317955256"
[22] "0.358406317955256" "0.358406317955256" "0.358406317955256"
[25] "0.358406317955256" "0.358406317955256" "0.358406317955256"
[28] "0.358406317955256" "0.358406317955256" "0.358406317955256"
[31] "0.358406317955256" "0.358406317955256" "0.358406317955256"
[34] "0.358406317955256" "0.358406317955256" "0.358406317955256"
[37] "0.358406317955256" "0.358406317955256" "0.358406317955256"
[40] "0.358406317955256" "0.358406317955256" "beta :"           
[43] "1"                
[1] " old Likelihood:  -9230055.2516703"
[1] "New Likelihood:  -9230050.67517814"
iter:  0  f-value:  29506.51  pgrad:  0.7168126 
iter:  10  f-value:  29506.51  pgrad:  0.7162013 
iter:  20  f-value:  29506.5  pgrad:  0.7147922 
iter:  30  f-value:  29506.5  pgrad:  0.7144888 
  Unsuccessful convergence.
Time difference of 9.467217 mins
[1] "maxIt: 20"
[1] "It: 8"
 [1] "sigma:"           "0.99"             "0.99"             "0.99"            
 [5] "0.99"             "0.99"             "0.99"             "0.99"            
 [9] "0.99"             "0.99"             "0.99"             "0.99"            
[13] "0.99"             "0.99"             "0.99"             "0.99"            
[17] "0.99"             "0.99"             "0.99"             "0.35717251959167"
[21] "0.35717251959167" "0.35717251959167" "0.35717251959167" "0.35717251959167"
[25] "0.35717251959167" "0.35717251959167" "0.35717251959167" "0.35717251959167"
[29] "0.35717251959167" "0.35717251959167" "0.35717251959167" "0.35717251959167"
[33] "0.35717251959167" "0.35717251959167" "0.35717251959167" "0.35717251959167"
[37] "0.35717251959167" "0.35717251959167" "0.35717251959167" "0.35717251959167"
[41] "0.35717251959167" "beta :"           "1"               
[1] 9230274
[1] 9230048
[1] 9230599
 [1] "sigma:"           "0.99"             "0.99"             "0.99"            
 [5] "0.99"             "0.99"             "0.99"             "0.99"            
 [9] "0.99"             "0.99"             "0.99"             "0.99"            
[13] "0.99"             "0.99"             "0.99"             "0.99"            
[17] "0.99"             "0.99"             "0.99"             "0.35717251959167"
[21] "0.35717251959167" "0.35717251959167" "0.35717251959167" "0.35717251959167"
[25] "0.35717251959167" "0.35717251959167" "0.35717251959167" "0.35717251959167"
[29] "0.35717251959167" "0.35717251959167" "0.35717251959167" "0.35717251959167"
[33] "0.35717251959167" "0.35717251959167" "0.35717251959167" "0.35717251959167"
[37] "0.35717251959167" "0.35717251959167" "0.35717251959167" "0.35717251959167"
[41] "0.35717251959167" "beta :"           "1"               
[1] " old Likelihood:  -9230050.67517814"
[1] "New Likelihood:  -9230047.62690891"
iter:  0  f-value:  29530.86  pgrad:  0.714345 
iter:  10  f-value:  29530.86  pgrad:  0.7137583 
iter:  20  f-value:  29530.85  pgrad:  0.7127105 
iter:  30  f-value:  29530.85  pgrad:  0.4734829 
  Unsuccessful convergence.
Time difference of 9.414792 mins
[1] "maxIt: 20"
[1] "It: 9"
 [1] "sigma:"            "0.99"              "0.99"             
 [4] "0.99"              "0.99"              "0.99"             
 [7] "0.99"              "0.99"              "0.99"             
[10] "0.99"              "0.99"              "0.99"             
[13] "0.99"              "0.99"              "0.99"             
[16] "0.99"              "0.99"              "0.99"             
[19] "0.99"              "0.355783388763942" "0.355783388763942"
[22] "0.355783388763942" "0.355783388763942" "0.355783388763942"
[25] "0.355783388763942" "0.355783388763942" "0.355783388763942"
[28] "0.355783388763942" "0.355783388763942" "0.355783388763942"
[31] "0.355783388763942" "0.355783388763942" "0.355783388763942"
[34] "0.355783388763942" "0.355783388763942" "0.355783388763942"
[37] "0.355783388763942" "0.355783388763942" "0.355783388763942"
[40] "0.355783388763942" "0.355783388763942" "beta :"           
[43] "1"                
[1] 9230274
[1] 9230045
[1] 9230597
 [1] "sigma:"            "0.99"              "0.99"             
 [4] "0.99"              "0.99"              "0.99"             
 [7] "0.99"              "0.99"              "0.99"             
[10] "0.99"              "0.99"              "0.99"             
[13] "0.99"              "0.99"              "0.99"             
[16] "0.99"              "0.99"              "0.99"             
[19] "0.99"              "0.355783388763942" "0.355783388763942"
[22] "0.355783388763942" "0.355783388763942" "0.355783388763942"
[25] "0.355783388763942" "0.355783388763942" "0.355783388763942"
[28] "0.355783388763942" "0.355783388763942" "0.355783388763942"
[31] "0.355783388763942" "0.355783388763942" "0.355783388763942"
[34] "0.355783388763942" "0.355783388763942" "0.355783388763942"
[37] "0.355783388763942" "0.355783388763942" "0.355783388763942"
[40] "0.355783388763942" "0.355783388763942" "beta :"           
[43] "1"                
[1] " old Likelihood:  -9230047.62690891"
[1] "New Likelihood:  -9230044.80628661"
iter:  0  f-value:  29559.14  pgrad:  0.7115668 
iter:  10  f-value:  29559.13  pgrad:  0.7110366 
iter:  20  f-value:  29559.13  pgrad:  0.709906 
iter:  30  f-value:  29559.13  pgrad:  0.5009204 
  Unsuccessful convergence.
Time difference of 9.468239 mins
[1] "maxIt: 20"
[1] "It: 10"
 [1] "sigma:"            "0.99"              "0.99"             
 [4] "0.99"              "0.99"              "0.99"             
 [7] "0.99"              "0.99"              "0.99"             
[10] "0.99"              "0.99"              "0.99"             
[13] "0.99"              "0.99"              "0.99"             
[16] "0.99"              "0.99"              "0.99"             
[19] "0.99"              "0.354345567603677" "0.354345567603677"
[22] "0.354345567603677" "0.354345567603677" "0.354345567603677"
[25] "0.354345567603677" "0.354345567603677" "0.354345567603677"
[28] "0.354345567603677" "0.354345567603677" "0.354345567603677"
[31] "0.354345567603677" "0.354345567603677" "0.354345567603677"
[34] "0.354345567603677" "0.354345567603677" "0.354345567603677"
[37] "0.354345567603677" "0.354345567603677" "0.354345567603677"
[40] "0.354345567603677" "0.354345567603677" "beta :"           
[43] "1"                
[1] 9230274
[1] 9230042
[1] 9230594
 [1] "sigma:"            "0.99"              "0.99"             
 [4] "0.99"              "0.99"              "0.99"             
 [7] "0.99"              "0.99"              "0.99"             
[10] "0.99"              "0.99"              "0.99"             
[13] "0.99"              "0.99"              "0.99"             
[16] "0.99"              "0.99"              "0.99"             
[19] "0.99"              "0.354345567603677" "0.354345567603677"
[22] "0.354345567603677" "0.354345567603677" "0.354345567603677"
[25] "0.354345567603677" "0.354345567603677" "0.354345567603677"
[28] "0.354345567603677" "0.354345567603677" "0.354345567603677"
[31] "0.354345567603677" "0.354345567603677" "0.354345567603677"
[34] "0.354345567603677" "0.354345567603677" "0.354345567603677"
[37] "0.354345567603677" "0.354345567603677" "0.354345567603677"
[40] "0.354345567603677" "0.354345567603677" "beta :"           
[43] "1"                
[1] " old Likelihood:  -9230044.80628661"
[1] "New Likelihood:  -9230042.25668163"
iter:  0  f-value:  29589.32  pgrad:  0.7086911 
iter:  10  f-value:  29589.32  pgrad:  0.7081726 
iter:  20  f-value:  29589.32  pgrad:  0.7069769 
iter:  30  f-value:  29589.32  pgrad:  0.3953392 
  Unsuccessful convergence.
Time difference of 9.386853 mins
[1] "maxIt: 20"
[1] "It: 11"
 [1] "sigma:"            "0.99"              "0.99"             
 [4] "0.99"              "0.99"              "0.99"             
 [7] "0.99"              "0.99"              "0.99"             
[10] "0.99"              "0.99"              "0.99"             
[13] "0.99"              "0.99"              "0.99"             
[16] "0.99"              "0.99"              "0.99"             
[19] "0.99"              "0.353116171318541" "0.353116171318541"
[22] "0.353116171318541" "0.353116171318541" "0.353116171318541"
[25] "0.353116171318541" "0.353116171318541" "0.353116171318541"
[28] "0.353116171318541" "0.353116171318541" "0.353116171318541"
[31] "0.353116171318541" "0.353116171318541" "0.353116171318541"
[34] "0.353116171318541" "0.353116171318541" "0.353116171318541"
[37] "0.353116171318541" "0.353116171318541" "0.353116171318541"
[40] "0.353116171318541" "0.353116171318541" "beta :"           
[43] "1"                
[1] 9230274
[1] 9230040
[1] 9230592
 [1] "sigma:"            "0.99"              "0.99"             
 [4] "0.99"              "0.99"              "0.99"             
 [7] "0.99"              "0.99"              "0.99"             
[10] "0.99"              "0.99"              "0.99"             
[13] "0.99"              "0.99"              "0.99"             
[16] "0.99"              "0.99"              "0.99"             
[19] "0.99"              "0.353116171318541" "0.353116171318541"
[22] "0.353116171318541" "0.353116171318541" "0.353116171318541"
[25] "0.353116171318541" "0.353116171318541" "0.353116171318541"
[28] "0.353116171318541" "0.353116171318541" "0.353116171318541"
[31] "0.353116171318541" "0.353116171318541" "0.353116171318541"
[34] "0.353116171318541" "0.353116171318541" "0.353116171318541"
[37] "0.353116171318541" "0.353116171318541" "0.353116171318541"
[40] "0.353116171318541" "0.353116171318541" "beta :"           
[43] "1"                
[1] " old Likelihood:  -9230042.25668163"
[1] "New Likelihood:  -9230040.20902205"
iter:  0  f-value:  29616.37  pgrad:  0.7062323 
iter:  10  f-value:  29616.37  pgrad:  0.7057672 
iter:  20  f-value:  29616.37  pgrad:  0.5792026 
iter:  30  f-value:  29616.37  pgrad:  0.4540925 
  Unsuccessful convergence.
Time difference of 9.490646 mins
[1] "maxIt: 20"
[1] "It: 12"
 [1] "sigma:"            "0.99"              "0.99"             
 [4] "0.99"              "0.99"              "0.99"             
 [7] "0.99"              "0.99"              "0.99"             
[10] "0.99"              "0.99"              "0.99"             
[13] "0.99"              "0.99"              "0.99"             
[16] "0.99"              "0.99"              "0.99"             
[19] "0.99"              "0.352013303462407" "0.352013303462407"
[22] "0.352013303462407" "0.352013303462407" "0.352013303462407"
[25] "0.352013303462407" "0.352013303462407" "0.352013303462407"
[28] "0.352013303462407" "0.352013303462407" "0.352013303462407"
[31] "0.352013303462407" "0.352013303462407" "0.352013303462407"
[34] "0.352013303462407" "0.352013303462407" "0.352013303462407"
[37] "0.352013303462407" "0.352013303462407" "0.352013303462407"
[40] "0.352013303462407" "0.352013303462407" "beta :"           
[43] "1"                
[1] 9230274
[1] 9230038
[1] 9230589
 [1] "sigma:"            "0.99"              "0.99"             
 [4] "0.99"              "0.99"              "0.99"             
 [7] "0.99"              "0.99"              "0.99"             
[10] "0.99"              "0.99"              "0.99"             
[13] "0.99"              "0.99"              "0.99"             
[16] "0.99"              "0.99"              "0.99"             
[19] "0.99"              "0.352013303462407" "0.352013303462407"
[22] "0.352013303462407" "0.352013303462407" "0.352013303462407"
[25] "0.352013303462407" "0.352013303462407" "0.352013303462407"
[28] "0.352013303462407" "0.352013303462407" "0.352013303462407"
[31] "0.352013303462407" "0.352013303462407" "0.352013303462407"
[34] "0.352013303462407" "0.352013303462407" "0.352013303462407"
[37] "0.352013303462407" "0.352013303462407" "0.352013303462407"
[40] "0.352013303462407" "0.352013303462407" "beta :"           
[43] "1"                
[1] " old Likelihood:  -9230040.20902205"
[1] "New Likelihood:  -9230038.42919269"
iter:  0  f-value:  29640.54  pgrad:  0.7040266 
iter:  10  f-value:  29640.54  pgrad:  0.7035834 
iter:  20  f-value:  29640.54  pgrad:  0.3904279 
iter:  30  f-value:  29640.54  pgrad:  0.3336027 
  Unsuccessful convergence.
Time difference of 9.461845 mins
[1] "maxIt: 20"
[1] "It: 13"
 [1] "sigma:"            "0.99"              "0.99"             
 [4] "0.99"              "0.99"              "0.99"             
 [7] "0.99"              "0.99"              "0.99"             
[10] "0.99"              "0.99"              "0.99"             
[13] "0.99"              "0.99"              "0.99"             
[16] "0.99"              "0.99"              "0.99"             
[19] "0.99"              "0.350813048167474" "0.350813048167474"
[22] "0.350813048167474" "0.350813048167474" "0.350813048167474"
[25] "0.350813048167474" "0.350813048167474" "0.350813048167474"
[28] "0.350813048167474" "0.350813048167474" "0.350813048167474"
[31] "0.350813048167474" "0.350813048167474" "0.350813048167474"
[34] "0.350813048167474" "0.350813048167474" "0.350813048167474"
[37] "0.350813048167474" "0.350813048167474" "0.350813048167474"
[40] "0.350813048167474" "0.350813048167474" "beta :"           
[43] "1"                
[1] 9230274
[1] 9230037
[1] 9230586
 [1] "sigma:"            "0.99"              "0.99"             
 [4] "0.99"              "0.99"              "0.99"             
 [7] "0.99"              "0.99"              "0.99"             
[10] "0.99"              "0.99"              "0.99"             
[13] "0.99"              "0.99"              "0.99"             
[16] "0.99"              "0.99"              "0.99"             
[19] "0.99"              "0.350813048167474" "0.350813048167474"
[22] "0.350813048167474" "0.350813048167474" "0.350813048167474"
[25] "0.350813048167474" "0.350813048167474" "0.350813048167474"
[28] "0.350813048167474" "0.350813048167474" "0.350813048167474"
[31] "0.350813048167474" "0.350813048167474" "0.350813048167474"
[34] "0.350813048167474" "0.350813048167474" "0.350813048167474"
[37] "0.350813048167474" "0.350813048167474" "0.350813048167474"
[40] "0.350813048167474" "0.350813048167474" "beta :"           
[43] "1"                
[1] " old Likelihood:  -9230038.42919269"
[1] "New Likelihood:  -9230036.64169276"
iter:  0  f-value:  29666.87  pgrad:  0.7016261 
iter:  10  f-value:  29666.87  pgrad:  0.7011568 
iter:  20  f-value:  29666.87  pgrad:  0.5039969 
iter:  30  f-value:  29666.87  pgrad:  0.3149398 
  Unsuccessful convergence.
Time difference of 9.466252 mins
[1] "maxIt: 20"
[1] "It: 14"
 [1] "sigma:"            "0.99"              "0.99"             
 [4] "0.99"              "0.99"              "0.99"             
 [7] "0.99"              "0.99"              "0.99"             
[10] "0.99"              "0.99"              "0.99"             
[13] "0.99"              "0.99"              "0.99"             
[16] "0.99"              "0.99"              "0.99"             
[19] "0.99"              "0.349646878099699" "0.349646878099699"
[22] "0.349646878099699" "0.349646878099699" "0.349646878099699"
[25] "0.349646878099699" "0.349646878099699" "0.349646878099699"
[28] "0.349646878099699" "0.349646878099699" "0.349646878099699"
[31] "0.349646878099699" "0.349646878099699" "0.349646878099699"
[34] "0.349646878099699" "0.349646878099699" "0.349646878099699"
[37] "0.349646878099699" "0.349646878099699" "0.349646878099699"
[40] "0.349646878099699" "0.349646878099699" "beta :"           
[43] "1"                
[1] 9230274
[1] 9230035
[1] 9230583
 [1] "sigma:"            "0.99"              "0.99"             
 [4] "0.99"              "0.99"              "0.99"             
 [7] "0.99"              "0.99"              "0.99"             
[10] "0.99"              "0.99"              "0.99"             
[13] "0.99"              "0.99"              "0.99"             
[16] "0.99"              "0.99"              "0.99"             
[19] "0.99"              "0.349646878099699" "0.349646878099699"
[22] "0.349646878099699" "0.349646878099699" "0.349646878099699"
[25] "0.349646878099699" "0.349646878099699" "0.349646878099699"
[28] "0.349646878099699" "0.349646878099699" "0.349646878099699"
[31] "0.349646878099699" "0.349646878099699" "0.349646878099699"
[34] "0.349646878099699" "0.349646878099699" "0.349646878099699"
[37] "0.349646878099699" "0.349646878099699" "0.349646878099699"
[40] "0.349646878099699" "0.349646878099699" "beta :"           
[43] "1"                
[1] " old Likelihood:  -9230036.64169276"
[1] "New Likelihood:  -9230034.99307945"
iter:  0  f-value:  29692.82  pgrad:  0.6992938 
iter:  10  f-value:  29692.82  pgrad:  0.698849 
iter:  20  f-value:  29692.82  pgrad:  0.5498441 
iter:  30  f-value:  29692.82  pgrad:  0.5029039 
  Unsuccessful convergence.
Time difference of 9.453539 mins
[1] "maxIt: 20"
[1] "It: 15"
 [1] "sigma:"            "0.99"              "0.99"             
 [4] "0.99"              "0.99"              "0.99"             
 [7] "0.99"              "0.99"              "0.99"             
[10] "0.99"              "0.99"              "0.99"             
[13] "0.99"              "0.99"              "0.99"             
[16] "0.99"              "0.99"              "0.99"             
[19] "0.99"              "0.348506075736651" "0.348506075736651"
[22] "0.348506075736651" "0.348506075736651" "0.348506075736651"
[25] "0.348506075736651" "0.348506075736651" "0.348506075736651"
[28] "0.348506075736651" "0.348506075736651" "0.348506075736651"
[31] "0.348506075736651" "0.348506075736651" "0.348506075736651"
[34] "0.348506075736651" "0.348506075736651" "0.348506075736651"
[37] "0.348506075736651" "0.348506075736651" "0.348506075736651"
[40] "0.348506075736651" "0.348506075736651" "beta :"           
[43] "1"                
[1] 9230275
[1] 9230033
[1] 9230580
 [1] "sigma:"            "0.99"              "0.99"             
 [4] "0.99"              "0.99"              "0.99"             
 [7] "0.99"              "0.99"              "0.99"             
[10] "0.99"              "0.99"              "0.99"             
[13] "0.99"              "0.99"              "0.99"             
[16] "0.99"              "0.99"              "0.99"             
[19] "0.99"              "0.348506075736651" "0.348506075736651"
[22] "0.348506075736651" "0.348506075736651" "0.348506075736651"
[25] "0.348506075736651" "0.348506075736651" "0.348506075736651"
[28] "0.348506075736651" "0.348506075736651" "0.348506075736651"
[31] "0.348506075736651" "0.348506075736651" "0.348506075736651"
[34] "0.348506075736651" "0.348506075736651" "0.348506075736651"
[37] "0.348506075736651" "0.348506075736651" "0.348506075736651"
[40] "0.348506075736651" "0.348506075736651" "beta :"           
[43] "1"                
[1] " old Likelihood:  -9230034.99307945"
[1] "New Likelihood:  -9230033.4533598"
iter:  0  f-value:  29718.43  pgrad:  0.6970122 
iter:  10  f-value:  29718.43  pgrad:  0.6966845 
iter:  20  f-value:  29718.43  pgrad:  0.6289338 
iter:  30  f-value:  29718.43  pgrad:  0.2848537 
  Unsuccessful convergence.
Time difference of 9.44018 mins
[1] "maxIt: 20"
[1] "It: 16"
 [1] "sigma:"            "0.99"              "0.99"             
 [4] "0.99"              "0.99"              "0.99"             
 [7] "0.99"              "0.99"              "0.99"             
[10] "0.99"              "0.99"              "0.99"             
[13] "0.99"              "0.99"              "0.99"             
[16] "0.99"              "0.99"              "0.99"             
[19] "0.99"              "0.347372058751681" "0.347372058751681"
[22] "0.347372058751681" "0.347372058751681" "0.347372058751681"
[25] "0.347372058751681" "0.347372058751681" "0.347372058751681"
[28] "0.347372058751681" "0.347372058751681" "0.347372058751681"
[31] "0.347372058751681" "0.347372058751681" "0.347372058751681"
[34] "0.347372058751681" "0.347372058751681" "0.347372058751681"
[37] "0.347372058751681" "0.347372058751681" "0.347372058751681"
[40] "0.347372058751681" "0.347372058751681" "beta :"           
[43] "1"                
[1] 9230275
[1] 9230032
[1] 9230577
 [1] "sigma:"            "0.99"              "0.99"             
 [4] "0.99"              "0.99"              "0.99"             
 [7] "0.99"              "0.99"              "0.99"             
[10] "0.99"              "0.99"              "0.99"             
[13] "0.99"              "0.99"              "0.99"             
[16] "0.99"              "0.99"              "0.99"             
[19] "0.99"              "0.347372058751681" "0.347372058751681"
[22] "0.347372058751681" "0.347372058751681" "0.347372058751681"
[25] "0.347372058751681" "0.347372058751681" "0.347372058751681"
[28] "0.347372058751681" "0.347372058751681" "0.347372058751681"
[31] "0.347372058751681" "0.347372058751681" "0.347372058751681"
[34] "0.347372058751681" "0.347372058751681" "0.347372058751681"
[37] "0.347372058751681" "0.347372058751681" "0.347372058751681"
[40] "0.347372058751681" "0.347372058751681" "beta :"           
[43] "1"                
[1] " old Likelihood:  -9230033.4533598"
[1] "New Likelihood:  -9230032.01043775"
iter:  0  f-value:  29744  pgrad:  0.6947441 
iter:  10  f-value:  29744  pgrad:  0.6944197 
iter:  20  f-value:  29744  pgrad:  0.5298716 
iter:  30  f-value:  29744  pgrad:  0.3922469 
  Unsuccessful convergence.
Time difference of 9.43077 mins
[1] "maxIt: 20"
[1] "It: 17"
 [1] "sigma:"            "0.99"              "0.99"             
 [4] "0.99"              "0.99"              "0.99"             
 [7] "0.99"              "0.99"              "0.99"             
[10] "0.99"              "0.99"              "0.99"             
[13] "0.99"              "0.99"              "0.99"             
[16] "0.99"              "0.99"              "0.99"             
[19] "0.99"              "0.346278016445029" "0.346278016445029"
[22] "0.346278016445029" "0.346278016445029" "0.346278016445029"
[25] "0.346278016445029" "0.346278016445029" "0.346278016445029"
[28] "0.346278016445029" "0.346278016445029" "0.346278016445029"
[31] "0.346278016445029" "0.346278016445029" "0.346278016445029"
[34] "0.346278016445029" "0.346278016445029" "0.346278016445029"
[37] "0.346278016445029" "0.346278016445029" "0.346278016445029"
[40] "0.346278016445029" "0.346278016445029" "beta :"           
[43] "1"                
[1] 9230275
[1] 9230031
[1] 9230574
 [1] "sigma:"            "0.99"              "0.99"             
 [4] "0.99"              "0.99"              "0.99"             
 [7] "0.99"              "0.99"              "0.99"             
[10] "0.99"              "0.99"              "0.99"             
[13] "0.99"              "0.99"              "0.99"             
[16] "0.99"              "0.99"              "0.99"             
[19] "0.99"              "0.346278016445029" "0.346278016445029"
[22] "0.346278016445029" "0.346278016445029" "0.346278016445029"
[25] "0.346278016445029" "0.346278016445029" "0.346278016445029"
[28] "0.346278016445029" "0.346278016445029" "0.346278016445029"
[31] "0.346278016445029" "0.346278016445029" "0.346278016445029"
[34] "0.346278016445029" "0.346278016445029" "0.346278016445029"
[37] "0.346278016445029" "0.346278016445029" "0.346278016445029"
[40] "0.346278016445029" "0.346278016445029" "beta :"           
[43] "1"                
[1] " old Likelihood:  -9230032.01043775"
[1] "New Likelihood:  -9230030.62321655"
iter:  0  f-value:  29768.31  pgrad:  0.692556 
iter:  10  f-value:  29768.31  pgrad:  0.6922378 
iter:  20  f-value:  29768.31  pgrad:  0.614491 
iter:  30  f-value:  29768.31  pgrad:  0.3378591 
  Unsuccessful convergence.
Time difference of 9.453258 mins
[1] "maxIt: 20"
[1] "It: 18"
 [1] "sigma:"            "0.99"              "0.99"             
 [4] "0.99"              "0.99"              "0.99"             
 [7] "0.99"              "0.99"              "0.99"             
[10] "0.99"              "0.99"              "0.99"             
[13] "0.99"              "0.99"              "0.99"             
[16] "0.99"              "0.99"              "0.99"             
[19] "0.99"              "0.345175692918495" "0.345175692918495"
[22] "0.345175692918495" "0.345175692918495" "0.345175692918495"
[25] "0.345175692918495" "0.345175692918495" "0.345175692918495"
[28] "0.345175692918495" "0.345175692918495" "0.345175692918495"
[31] "0.345175692918495" "0.345175692918495" "0.345175692918495"
[34] "0.345175692918495" "0.345175692918495" "0.345175692918495"
[37] "0.345175692918495" "0.345175692918495" "0.345175692918495"
[40] "0.345175692918495" "0.345175692918495" "beta :"           
[43] "1"                
[1] 9230275
[1] 9230029
[1] 9230571
 [1] "sigma:"            "0.99"              "0.99"             
 [4] "0.99"              "0.99"              "0.99"             
 [7] "0.99"              "0.99"              "0.99"             
[10] "0.99"              "0.99"              "0.99"             
[13] "0.99"              "0.99"              "0.99"             
[16] "0.99"              "0.99"              "0.99"             
[19] "0.99"              "0.345175692918495" "0.345175692918495"
[22] "0.345175692918495" "0.345175692918495" "0.345175692918495"
[25] "0.345175692918495" "0.345175692918495" "0.345175692918495"
[28] "0.345175692918495" "0.345175692918495" "0.345175692918495"
[31] "0.345175692918495" "0.345175692918495" "0.345175692918495"
[34] "0.345175692918495" "0.345175692918495" "0.345175692918495"
[37] "0.345175692918495" "0.345175692918495" "0.345175692918495"
[40] "0.345175692918495" "0.345175692918495" "beta :"           
[43] "1"                
[1] " old Likelihood:  -9230030.62321655"
[1] "New Likelihood:  -9230029.33781198"
iter:  0  f-value:  29793.43  pgrad:  0.6903514 
iter:  10  f-value:  29793.43  pgrad:  0.6900407 
iter:  20  f-value:  29793.43  pgrad:  0.4480171 
iter:  30  f-value:  29793.43  pgrad:  0.2762681 
  Unsuccessful convergence.
Time difference of 9.456606 mins
[1] "maxIt: 20"
[1] "It: 19"
 [1] "sigma:"            "0.99"              "0.99"             
 [4] "0.99"              "0.99"              "0.99"             
 [7] "0.99"              "0.99"              "0.99"             
[10] "0.99"              "0.99"              "0.99"             
[13] "0.99"              "0.99"              "0.99"             
[16] "0.99"              "0.99"              "0.99"             
[19] "0.99"              "0.344312060128627" "0.344312060128627"
[22] "0.344312060128627" "0.344312060128627" "0.344312060128627"
[25] "0.344312060128627" "0.344312060128627" "0.344312060128627"
[28] "0.344312060128627" "0.344312060128627" "0.344312060128627"
[31] "0.344312060128627" "0.344312060128627" "0.344312060128627"
[34] "0.344312060128627" "0.344312060128627" "0.344312060128627"
[37] "0.344312060128627" "0.344312060128627" "0.344312060128627"
[40] "0.344312060128627" "0.344312060128627" "beta :"           
[43] "1"                
[1] 9230275
[1] 9230028
[1] 9230569
 [1] "sigma:"            "0.99"              "0.99"             
 [4] "0.99"              "0.99"              "0.99"             
 [7] "0.99"              "0.99"              "0.99"             
[10] "0.99"              "0.99"              "0.99"             
[13] "0.99"              "0.99"              "0.99"             
[16] "0.99"              "0.99"              "0.99"             
[19] "0.99"              "0.344312060128627" "0.344312060128627"
[22] "0.344312060128627" "0.344312060128627" "0.344312060128627"
[25] "0.344312060128627" "0.344312060128627" "0.344312060128627"
[28] "0.344312060128627" "0.344312060128627" "0.344312060128627"
[31] "0.344312060128627" "0.344312060128627" "0.344312060128627"
[34] "0.344312060128627" "0.344312060128627" "0.344312060128627"
[37] "0.344312060128627" "0.344312060128627" "0.344312060128627"
[40] "0.344312060128627" "0.344312060128627" "beta :"           
[43] "1"                
[1] " old Likelihood:  -9230029.33781198"
[1] "New Likelihood:  -9230028.32335356"
iter:  0  f-value:  29813.54  pgrad:  0.6886241 
iter:  10  f-value:  29813.54  pgrad:  0.6883186 
iter:  20  f-value:  29813.54  pgrad:  0.3402238 
iter:  30  f-value:  29813.54  pgrad:  0.5056029 
  Unsuccessful convergence.
Time difference of 9.438298 mins
[1] "maxIt: 20"
[1] "It: 20"
 [1] "sigma:"            "0.99"              "0.99"             
 [4] "0.99"              "0.99"              "0.99"             
 [7] "0.99"              "0.99"              "0.99"             
[10] "0.99"              "0.99"              "0.99"             
[13] "0.99"              "0.99"              "0.99"             
[16] "0.99"              "0.99"              "0.99"             
[19] "0.99"              "0.343374310749347" "0.343374310749347"
[22] "0.343374310749347" "0.343374310749347" "0.343374310749347"
[25] "0.343374310749347" "0.343374310749347" "0.343374310749347"
[28] "0.343374310749347" "0.343374310749347" "0.343374310749347"
[31] "0.343374310749347" "0.343374310749347" "0.343374310749347"
[34] "0.343374310749347" "0.343374310749347" "0.343374310749347"
[37] "0.343374310749347" "0.343374310749347" "0.343374310749347"
[40] "0.343374310749347" "0.343374310749347" "beta :"           
[43] "1"                
[1] 9230275
[1] 9230027
[1] 9230567
 [1] "sigma:"            "0.99"              "0.99"             
 [4] "0.99"              "0.99"              "0.99"             
 [7] "0.99"              "0.99"              "0.99"             
[10] "0.99"              "0.99"              "0.99"             
[13] "0.99"              "0.99"              "0.99"             
[16] "0.99"              "0.99"              "0.99"             
[19] "0.99"              "0.343374310749347" "0.343374310749347"
[22] "0.343374310749347" "0.343374310749347" "0.343374310749347"
[25] "0.343374310749347" "0.343374310749347" "0.343374310749347"
[28] "0.343374310749347" "0.343374310749347" "0.343374310749347"
[31] "0.343374310749347" "0.343374310749347" "0.343374310749347"
[34] "0.343374310749347" "0.343374310749347" "0.343374310749347"
[37] "0.343374310749347" "0.343374310749347" "0.343374310749347"
[40] "0.343374310749347" "0.343374310749347" "beta :"           
[43] "1"                
[1] " old Likelihood:  -9230028.32335356"
[1] "New Likelihood:  -9230027.28364334"
iter:  0  f-value:  29834.91  pgrad:  0.6867486 
iter:  10  f-value:  29834.91  pgrad:  0.6864494 
iter:  20  f-value:  29834.91  pgrad:  0.3977402 
iter:  30  f-value:  29834.91  pgrad:  0.2243542 
  Unsuccessful convergence.
Time difference of 9.438892 mins
 [1] "sigma:"            "0.99"              "0.99"             
 [4] "0.99"              "0.99"              "0.99"             
 [7] "0.99"              "0.99"              "0.99"             
[10] "0.99"              "0.99"              "0.99"             
[13] "0.99"              "0.99"              "0.99"             
[16] "0.99"              "0.99"              "0.99"             
[19] "0.99"              "0.342471609825034" "0.342471609825034"
[22] "0.342471609825034" "0.342471609825034" "0.342471609825034"
[25] "0.342471609825034" "0.342471609825034" "0.342471609825034"
[28] "0.342471609825034" "0.342471609825034" "0.342471609825034"
[31] "0.342471609825034" "0.342471609825034" "0.342471609825034"
[34] "0.342471609825034" "0.342471609825034" "0.342471609825034"
[37] "0.342471609825034" "0.342471609825034" "0.342471609825034"
[40] "0.342471609825034" "0.342471609825034" "beta :"           
[43] "1"                
[1] 1999760 1999260 1999934 1999720 1999948
[1] 1 1 1 1 1
saved RDS
inference successful
