[1] "Original length"
[1] 999879
[1] "Final length"
[1] 18879
[1] "sequence length : 999880" "sequence length : 999630"
[3] "sequence length : 999967" "sequence length : 999860"
[5] "sequence length : 999974"
[1] "former Rho:"
[1] 1459.154 1256.880 1123.332 1432.613 1397.788
[1] "old mu :"
[1] 0.0007296648 0.0006286724 0.0005616844 0.0007164066 0.0006989124
[1] "new mu :"
[1] 0.0006670681
[1] "new Rho:"
[1] 1333.976 1333.643 1334.092 1333.949 1334.102
[1] 1 1 1 1 1
[1] "Beta: 1"
[1] "Self: 0"
[1] 1
[1] "Rho"
[1] 1333.976 1333.643 1334.092 1333.949 1334.102
[1] "It: 1"
[1] "sigma:" "0"      "beta :" "1"     
[1] "rho/theta:" "1"         
[1] "sigma:" "0"      "beta :" "1"     
[1] "rho/theta:" "1"         
Time difference of 1.591054 secs
[1] "New Likelihood:  -9237907.52411915"
[1] 4999306
[1] 4999311
iter:  0  f-value:  37623.26  pgrad:  0.5 
iter:  10  f-value:  37618.63  pgrad:  0.9927529 
iter:  20  f-value:  37617.49  pgrad:  0.514225 
iter:  30  f-value:  37617.19  pgrad:  0.9449759 
  Unsuccessful convergence.
[1] 0.05506491
 [1] "Xi: 0.503501037159067" "Xi: 0.504032470023405" "Xi: 0.504692318903588"
 [4] "Xi: 0.504952406012627" "Xi: 0.505558413466775" "Xi: 0.505652916075976"
 [7] "Xi: 0.505643261693234" "Xi: 0.512082117973529" "Xi: 0.517675409190428"
[10] "Xi: 0.516373128203458" "Xi: 0.514854568733898" "Xi: 0.513077457849526"
[13] "Xi: 0.510786611802877" "Xi: 0.508613678596554" "Xi: 0.506702122208804"
[16] "Xi: 0.505283307930288" "Xi: 0.504376332541625" "Xi: 0.50377883689726" 
[19] "Xi: 0.503341009431539" "Xi: 0.503190265560844"
Time difference of 8.393341 mins
[1] "Rho"
[1] 1333.976 1333.643 1334.092 1333.949 1334.102
[1] "It: 2"
[1] "sigma:"             "0.0545142595847232" "beta :"            
[4] "1"                 
[1] "rho/theta:" "1"         
Time difference of 1.612612 secs
[1] " old Likelihood:  -9237907.52411915"
[1] "New Likelihood:  -9236251.16362567"
[1] 4999306
[1] 4999311
iter:  0  f-value:  37385.78  pgrad:  0.9449351 
iter:  10  f-value:  37384.68  pgrad:  0.9354979 
iter:  20  f-value:  37384.25  pgrad:  0.9187286 
iter:  30  f-value:  37384.13  pgrad:  0.9062846 
  Unsuccessful convergence.
[1] 0.09371539
 [1] "Xi: 0.504654396679102" "Xi: 0.505354632629517" "Xi: 0.506987845265894"
 [4] "Xi: 0.507806211848265" "Xi: 0.508888751464927" "Xi: 0.508939169617775"
 [7] "Xi: 0.506240317426827" "Xi: 0.516785789080985" "Xi: 0.525271081691778"
[10] "Xi: 0.524130029482472" "Xi: 0.521950790987045" "Xi: 0.519351392102204"
[13] "Xi: 0.51619222201655"  "Xi: 0.513078234770143" "Xi: 0.510297214868239"
[16] "Xi: 0.508287439366816" "Xi: 0.507061682483306" "Xi: 0.506275057339961"
[19] "Xi: 0.505647876564736" "Xi: 0.505482056013873"
Time difference of 4.688039 mins
[1] "Rho"
[1] 1333.976 1333.643 1334.092 1333.949 1334.102
[1] "It: 3"
[1] "sigma:"             "0.0927782406048775" "beta :"            
[4] "1"                 
[1] "rho/theta:" "1"         
Time difference of 1.680484 secs
[1] " old Likelihood:  -9236251.16362567"
[1] "New Likelihood:  -9235763.76633712"
[1] 4999306
[1] 4999311
iter:  0  f-value:  37008.73  pgrad:  0.9062846 
iter:  10  f-value:  37008.29  pgrad:  0.896215 
iter:  20  f-value:  37008.04  pgrad:  0.5193213 
iter:  30  f-value:  37007.99  pgrad:  0.8755287 
  Unsuccessful convergence.
[1] 0.1244844
 [1] "Xi: 0.505424386030237" "Xi: 0.506238000795171" "Xi: 0.508508243742721"
 [4] "Xi: 0.509689989256415" "Xi: 0.511224732195244" "Xi: 0.511273913794306"
 [7] "Xi: 0.505850464410389" "Xi: 0.518879301100548" "Xi: 0.528892038438402"
[10] "Xi: 0.527688367347341" "Xi: 0.525443219164892" "Xi: 0.522580320758815"
[13] "Xi: 0.519151138570083" "Xi: 0.515632203569874" "Xi: 0.512426810377373"
[16] "Xi: 0.510185290206705" "Xi: 0.508926884383808" "Xi: 0.50812675561843" 
[19] "Xi: 0.507424173459832" "Xi: 0.507310668394059"
Time difference of 4.683546 mins
[1] "Rho"
[1] 1333.976 1333.643 1334.092 1333.949 1334.102
[1] "It: 4"
[1] "sigma:"            "0.123239511239122" "beta :"           
[4] "1"                
[1] "rho/theta:" "1"         
Time difference of 1.611018 secs
[1] " old Likelihood:  -9235763.76633712"
[1] "New Likelihood:  -9235525.63269758"
[1] 4999306
[1] 4999311
iter:  0  f-value:  36587.91  pgrad:  0.8755156 
iter:  10  f-value:  36587.6  pgrad:  0.8654894 
iter:  20  f-value:  36587.51  pgrad:  0.4915989 
iter:  30  f-value:  36587.4  pgrad:  0.8504632 
  Unsuccessful convergence.
[1] 0.1495976
 [1] "Xi: 0.505946541084127" "Xi: 0.506836467974822" "Xi: 0.50953762381062" 
 [4] "Xi: 0.510970258920399" "Xi: 0.512886854564046" "Xi: 0.513013788700259"
 [7] "Xi: 0.505512480670237" "Xi: 0.519842888358459" "Xi: 0.530883291357454"
[10] "Xi: 0.529442429342035" "Xi: 0.527302817781771" "Xi: 0.524387257108332"
[13] "Xi: 0.520910163873519" "Xi: 0.517198005051301" "Xi: 0.513759702112599"
[16] "Xi: 0.511439940210764" "Xi: 0.510273569876126" "Xi: 0.509550827140139"
[19] "Xi: 0.508833977063153" "Xi: 0.508806625318543"
Time difference of 4.691617 mins
[1] "Rho"
[1] 1333.976 1333.643 1334.092 1333.949 1334.102
[1] "It: 5"
[1] "sigma:"            "0.148101645647763" "beta :"           
[4] "1"                
[1] "rho/theta:" "1"         
Time difference of 1.597203 secs
[1] " old Likelihood:  -9235525.63269758"
[1] "New Likelihood:  -9235359.08382079"
[1] 4999306
[1] 4999311
iter:  0  f-value:  36178.95  pgrad:  0.8504024 
iter:  10  f-value:  36178.7  pgrad:  0.8418878 
iter:  20  f-value:  36178.52  pgrad:  0.829071 
iter:  30  f-value:  36178.51  pgrad:  0.8264701 
  Unsuccessful convergence.
[1] 0.1735425
 [1] "Xi: 0.506403500921689" "Xi: 0.507359514490286" "Xi: 0.510438000860163"
 [4] "Xi: 0.51210997904417"  "Xi: 0.514449569699927" "Xi: 0.514751553596956"
 [7] "Xi: 0.505432335492904" "Xi: 0.52069977469835"  "Xi: 0.532640658410302"
[10] "Xi: 0.530787054739021" "Xi: 0.528693140574131" "Xi: 0.525744054627964"
[13] "Xi: 0.522276115208263" "Xi: 0.518438585572393" "Xi: 0.514813826307655"
[16] "Xi: 0.512464269815661" "Xi: 0.511433170345338" "Xi: 0.510824535806221"
[19] "Xi: 0.510119869533649" "Xi: 0.510199990211163"
Time difference of 4.685889 mins
[1] "Rho"
[1] 1333.976 1333.643 1334.092 1333.949 1334.102
[1] "It: 6"
[1] "sigma:"            "0.171807052893632" "beta :"           
[4] "1"                
[1] "rho/theta:" "1"         
Time difference of 1.618321 secs
[1] " old Likelihood:  -9235359.08382079"
[1] "New Likelihood:  -9235205.24275815"
[1] 4999306
[1] 4999311
iter:  0  f-value:  35747.81  pgrad:  0.8264575 
iter:  10  f-value:  35747.57  pgrad:  0.8181362 
iter:  20  f-value:  35747.43  pgrad:  0.8075667 
iter:  30  f-value:  35747.41  pgrad:  0.486425 
  Unsuccessful convergence.
[1] 0.1963141
 [1] "Xi: 0.507010681005363" "Xi: 0.508056711468043" "Xi: 0.511634975418626"
 [4] "Xi: 0.513580368506341" "Xi: 0.516362541817923" "Xi: 0.516903177067021"
 [7] "Xi: 0.505502456238772" "Xi: 0.521671566328348" "Xi: 0.5344448164847"  
[10] "Xi: 0.532016289156883" "Xi: 0.529901379970502" "Xi: 0.526900103153121"
[13] "Xi: 0.523431934651716" "Xi: 0.519496260264844" "Xi: 0.515700655224903"
[16] "Xi: 0.513336234982827" "Xi: 0.512457697375198" "Xi: 0.511981321958775"
[19] "Xi: 0.511302292519578" "Xi: 0.511506231024979"
Time difference of 4.698991 mins
[1] "Rho"
[1] 1333.976 1333.643 1334.092 1333.949 1334.102
[1] "It: 7"
[1] "sigma:"            "0.194350952051964" "beta :"           
[4] "1"                
[1] "rho/theta:" "1"         
Time difference of 1.61544 secs
[1] " old Likelihood:  -9235205.24275815"
[1] "New Likelihood:  -9235059.31725276"
[1] 4999306
[1] 4999311
iter:  0  f-value:  35309.92  pgrad:  0.8036859 
iter:  10  f-value:  35309.68  pgrad:  0.7952295 
iter:  20  f-value:  35309.58  pgrad:  0.7888002 
iter:  30  f-value:  35309.55  pgrad:  0.7843469 
  Unsuccessful convergence.
[1] 0.215724
 [1] "Xi: 0.507510459242432" "Xi: 0.508630140313498" "Xi: 0.512617092884468"
 [4] "Xi: 0.514755110117406" "Xi: 0.51783720840468"  "Xi: 0.518593039120351"
 [7] "Xi: 0.505608618745067" "Xi: 0.522388567494855" "Xi: 0.535850150566768"
[10] "Xi: 0.532865715684114" "Xi: 0.530831647259997" "Xi: 0.527803589688485"
[13] "Xi: 0.52436130526495"  "Xi: 0.520322886139806" "Xi: 0.516357747681911"
[16] "Xi: 0.513981222965489" "Xi: 0.513264448269977" "Xi: 0.51293301323869" 
[19] "Xi: 0.512289691248161" "Xi: 0.512620935085856"
Time difference of 4.692854 mins
[1] "Rho"
[1] 1333.976 1333.643 1334.092 1333.949 1334.102
[1] "It: 8"
[1] "sigma:"            "0.213566742243387" "beta :"           
[4] "1"                
[1] "rho/theta:" "1"         
Time difference of 1.603221 secs
[1] " old Likelihood:  -9235059.31725276"
[1] "New Likelihood:  -9234933.55127263"
[1] 4999306
[1] 4999311
iter:  0  f-value:  34915.2  pgrad:  0.784276 
iter:  10  f-value:  34914.97  pgrad:  0.776287 
iter:  20  f-value:  34914.85  pgrad:  0.7663037 
iter:  30  f-value:  34914.85  pgrad:  0.4801661 
  Unsuccessful convergence.
[1] 0.2355226
 [1] "Xi: 0.508164463035609" "Xi: 0.509380292216365" "Xi: 0.513900028378859"
 [4] "Xi: 0.516309888190985" "Xi: 0.519840446866608" "Xi: 0.520975631904074"
 [7] "Xi: 0.506095530107753" "Xi: 0.523507355667766" "Xi: 0.537749936117795"
[10] "Xi: 0.534007451131035" "Xi: 0.531917944915415" "Xi: 0.528817175096973"
[13] "Xi: 0.525355337378569" "Xi: 0.521198719215788" "Xi: 0.517047580955874"
[16] "Xi: 0.514641286182586" "Xi: 0.514075792255804" "Xi: 0.513883200133065"
[19] "Xi: 0.513272744880375" "Xi: 0.513746226032624"
Time difference of 4.694983 mins
[1] "Rho"
[1] 1333.976 1333.643 1334.092 1333.949 1334.102
[1] "It: 9"
[1] "sigma:"            "0.233167365628695" "beta :"           
[4] "1"                
[1] "rho/theta:" "1"         
Time difference of 1.618319 secs
[1] " old Likelihood:  -9234933.55127263"
[1] "New Likelihood:  -9234806.13538688"
[1] 4999306
[1] 4999311
iter:  0  f-value:  34502.42  pgrad:  0.7644774 
iter:  10  f-value:  34502.2  pgrad:  0.7564165 
iter:  20  f-value:  34502.1  pgrad:  0.7477388 
iter:  30  f-value:  34502.1  pgrad:  0.7466415 
  Unsuccessful convergence.
[1] 0.2535359
 [1] "Xi: 0.508706683928971" "Xi: 0.510002241368423" "Xi: 0.514958000833676"
 [4] "Xi: 0.517559938860666" "Xi: 0.521395991235867" "Xi: 0.52284111850435" 
 [7] "Xi: 0.506491124460296" "Xi: 0.524304561930953" "Xi: 0.539278686147093"
[10] "Xi: 0.534914868079503" "Xi: 0.532866273958262" "Xi: 0.529712655355007"
[13] "Xi: 0.526259144847668" "Xi: 0.52197997736903"  "Xi: 0.5176396487967"  
[16] "Xi: 0.515195932634311" "Xi: 0.514778427965036" "Xi: 0.514725344011494"
[19] "Xi: 0.514147659916297" "Xi: 0.514758394279032"
Time difference of 4.701173 mins
[1] "Rho"
[1] 1333.976 1333.643 1334.092 1333.949 1334.102
[1] "It: 10"
[1] "sigma:"            "0.251000512742902" "beta :"           
[4] "1"                
[1] "rho/theta:" "1"         
Time difference of 1.61641 secs
[1] " old Likelihood:  -9234806.13538688"
[1] "New Likelihood:  -9234689.57149863"
[1] 4999306
[1] 4999311
iter:  0  f-value:  34112.57  pgrad:  0.7464641 
iter:  10  f-value:  34112.36  pgrad:  0.7390828 
iter:  20  f-value:  34112.27  pgrad:  0.7305041 
iter:  30  f-value:  34112.26  pgrad:  0.477061 
  Unsuccessful convergence.
[1] 0.2709497
 [1] "Xi: 0.509344263258422" "Xi: 0.510734410073985" "Xi: 0.516198980539978"
 [4] "Xi: 0.519035681111929" "Xi: 0.523247949556394" "Xi: 0.525122558390169"
 [7] "Xi: 0.507145195140292" "Xi: 0.52528473990607"  "Xi: 0.541046348939367"
[10] "Xi: 0.535921589392298" "Xi: 0.533846633618295" "Xi: 0.530625555795692"
[13] "Xi: 0.527196298991306" "Xi: 0.522765123256169" "Xi: 0.518214587170772"
[16] "Xi: 0.515738981277678" "Xi: 0.515445166708763" "Xi: 0.515522942535714"
[19] "Xi: 0.514977467148793" "Xi: 0.515736746661023"
Time difference of 4.702827 mins
[1] "Rho"
[1] 1333.976 1333.643 1334.092 1333.949 1334.102
[1] "It: 11"
[1] "sigma:"            "0.268240162599893" "beta :"           
[4] "1"                
[1] "rho/theta:" "1"         
Time difference of 1.611858 secs
[1] " old Likelihood:  -9234689.57149863"
[1] "New Likelihood:  -9234577.61638328"
[1] 4999306
[1] 4999311
iter:  0  f-value:  33726.97  pgrad:  0.7290503 
iter:  10  f-value:  33726.78  pgrad:  0.7218796 
iter:  20  f-value:  33726.69  pgrad:  0.7145362 
iter:  30  f-value:  33726.69  pgrad:  0.7130565 
  Unsuccessful convergence.
[1] 0.2869515
 [1] "Xi: 0.509876191466754" "Xi: 0.511343424812206" "Xi: 0.517226617056111"
 [4] "Xi: 0.520225858840646" "Xi: 0.524691986819578" "Xi: 0.526901602397514"
 [7] "Xi: 0.507682013897488" "Xi: 0.525972907553139" "Xi: 0.542477945380666"
[10] "Xi: 0.536715473094299" "Xi: 0.534720136410295" "Xi: 0.531460134763594"
[13] "Xi: 0.528039577455398" "Xi: 0.523491996275042" "Xi: 0.518736158380951"
[16] "Xi: 0.51620031195062"  "Xi: 0.516036873702466" "Xi: 0.516246458623908"
[19] "Xi: 0.515727430596676" "Xi: 0.516630454439068"
Time difference of 4.703158 mins
[1] "Rho"
[1] 1333.976 1333.643 1334.092 1333.949 1334.102
[1] "It: 12"
[1] "sigma:"            "0.284081964158592" "beta :"           
[4] "1"                
[1] "rho/theta:" "1"         
Time difference of 1.605566 secs
[1] " old Likelihood:  -9234577.61638328"
[1] "New Likelihood:  -9234474.62154701"
[1] 4999306
[1] 4999311
iter:  0  f-value:  33362.07  pgrad:  0.7130485 
iter:  10  f-value:  33361.88  pgrad:  0.7062002 
iter:  20  f-value:  33361.81  pgrad:  0.6986405 
iter:  30  f-value:  33361.8  pgrad:  0.6981256 
  Unsuccessful convergence.
[1] 0.3018845
 [1] "Xi: 0.510369513126174" "Xi: 0.511909553126336" "Xi: 0.518178864546319"
 [4] "Xi: 0.521312042436314" "Xi: 0.525986179020193" "Xi: 0.528505798354492"
 [7] "Xi: 0.508252143416984" "Xi: 0.526586970743158" "Xi: 0.543806708176666"
[10] "Xi: 0.537428554568235" "Xi: 0.535551791839298" "Xi: 0.532263102330438"
[13] "Xi: 0.528858857611139" "Xi: 0.524198423819371" "Xi: 0.519226298985586"
[16] "Xi: 0.516619112638944" "Xi: 0.516578309557046" "Xi: 0.516912227402099"
[19] "Xi: 0.516415280568016" "Xi: 0.517459964088891"
Time difference of 4.701717 mins
[1] "Rho"
[1] 1333.976 1333.643 1334.092 1333.949 1334.102
[1] "It: 13"
[1] "sigma:"           "0.29886562502244" "beta :"           "1"               
[1] "rho/theta:" "1"         
Time difference of 1.682392 secs
[1] " old Likelihood:  -9234474.62154701"
[1] "New Likelihood:  -9234379.0335537"
[1] 4999306
[1] 4999311
iter:  0  f-value:  33014.02  pgrad:  0.6981155 
iter:  10  f-value:  33013.84  pgrad:  0.6915317 
iter:  20  f-value:  33013.81  pgrad:  0.5177254 
iter:  30  f-value:  33013.77  pgrad:  0.4750867 
  Unsuccessful convergence.
[1] 0.3165298
 [1] "Xi: 0.51094789505303"  "Xi: 0.512573014651224" "Xi: 0.519286211533917"
 [4] "Xi: 0.522596168323455" "Xi: 0.527534744288525" "Xi: 0.530480179525743"
 [7] "Xi: 0.50905530485076"  "Xi: 0.52735727187506"  "Xi: 0.545382688572077"
[10] "Xi: 0.538283842058697" "Xi: 0.536433139763264" "Xi: 0.533093955668736"
[13] "Xi: 0.52971453696841"  "Xi: 0.524918108051123" "Xi: 0.519732367190866"
[16] "Xi: 0.517042720673075" "Xi: 0.517114379475432" "Xi: 0.517564680734859"
[19] "Xi: 0.517083545559977" "Xi: 0.518270361935652"
Time difference of 4.704644 mins
[1] "Rho"
[1] 1333.976 1333.643 1334.092 1333.949 1334.102
[1] "It: 14"
[1] "sigma:"            "0.313364486365637" "beta :"           
[4] "1"                
[1] "rho/theta:" "1"         
Time difference of 1.60914 secs
[1] " old Likelihood:  -9234379.0335537"
[1] "New Likelihood:  -9234286.56655215"
[1] 4999306
[1] 4999311
iter:  0  f-value:  32667.67  pgrad:  0.6834702 
iter:  10  f-value:  32667.49  pgrad:  0.6770387 
iter:  20  f-value:  32667.49  pgrad:  0.669897 
iter:  30  f-value:  32667.43  pgrad:  0.4712841 
  Unsuccessful convergence.
[1] 0.3301735
 [1] "Xi: 0.511422920810045" "Xi: 0.513119206787915" "Xi: 0.520188269252783"
 [4] "Xi: 0.523614973837805" "Xi: 0.528720746413984" "Xi: 0.53197069118618" 
 [7] "Xi: 0.509710418406225" "Xi: 0.527857723517368" "Xi: 0.546610898220176"
[10] "Xi: 0.538888993817257" "Xi: 0.537209469951595" "Xi: 0.533853967632138"
[13] "Xi: 0.530503722336037" "Xi: 0.525607028115034" "Xi: 0.520200859295535"
[16] "Xi: 0.517423500952956" "Xi: 0.517601990308324" "Xi: 0.518164241632832"
[19] "Xi: 0.517694124756346" "Xi: 0.519024831366802"
Time difference of 4.701905 mins
[1] "Rho"
[1] 1333.976 1333.643 1334.092 1333.949 1334.102
[1] "It: 15"
[1] "sigma:"            "0.326871762764619" "beta :"           
[4] "1"                
[1] "rho/theta:" "1"         
Time difference of 1.615475 secs
[1] " old Likelihood:  -9234286.56655215"
[1] "New Likelihood:  -9234200.87631234"
[1] 4999306
[1] 4999311
iter:  0  f-value:  32337.44  pgrad:  0.6698265 
iter:  10  f-value:  32337.28  pgrad:  0.6636205 
iter:  20  f-value:  32337.25  pgrad:  0.6568956 
iter:  30  f-value:  32337.22  pgrad:  0.4701249 
  Unsuccessful convergence.
[1] 0.3433064
 [1] "Xi: 0.512016698009912" "Xi: 0.513800140671115" "Xi: 0.521307762910954"
 [4] "Xi: 0.524911534928828" "Xi: 0.530259015629721" "Xi: 0.533978874865114"
 [7] "Xi: 0.510659837264344" "Xi: 0.528576138423539" "Xi: 0.548196017780472"
[10] "Xi: 0.539716709368942" "Xi: 0.53802533899547"  "Xi: 0.534616082330474"
[13] "Xi: 0.531290130910072" "Xi: 0.526296352598735" "Xi: 0.520666832938822"
[16] "Xi: 0.517794404537883" "Xi: 0.518071165709502" "Xi: 0.518739651279481"
[19] "Xi: 0.518275039985512" "Xi: 0.519750406690847"
Time difference of 4.706945 mins
[1] "Rho"
[1] 1333.976 1333.643 1334.092 1333.949 1334.102
[1] "It: 16"
[1] "sigma:"            "0.339873315367498" "beta :"           
[4] "1"                
[1] "rho/theta:" "1"         
Time difference of 1.603136 secs
[1] " old Likelihood:  -9234200.87631234"
[1] "New Likelihood:  -9234119.70243498"
[1] 4999306
[1] 4999311
iter:  0  f-value:  32014.86  pgrad:  0.6566936 
iter:  10  f-value:  32014.7  pgrad:  0.6506155 
iter:  20  f-value:  32014.7  pgrad:  0.6444822 
iter:  30  f-value:  32014.65  pgrad:  0.4686193 
  Unsuccessful convergence.
[1] 0.355672
 [1] "Xi: 0.51256374550497"  "Xi: 0.51442838921515"  "Xi: 0.52233158202874" 
 [4] "Xi: 0.526082267733485" "Xi: 0.531619464597906" "Xi: 0.535746650204593"
 [7] "Xi: 0.511518367437088" "Xi: 0.529097330946712" "Xi: 0.549560343285403"
[10] "Xi: 0.540356862447369" "Xi: 0.538746437621883" "Xi: 0.535316831234076"
[13] "Xi: 0.53203277920776"  "Xi: 0.526956094607384" "Xi: 0.521108441391815"
[16] "Xi: 0.518136807116726" "Xi: 0.518505307671415" "Xi: 0.519276677242627"
[19] "Xi: 0.518812517075489" "Xi: 0.520433046799192"
Time difference of 4.702421 mins
[1] "Rho"
[1] 1333.976 1333.643 1334.092 1333.949 1334.102
[1] "It: 17"
[1] "sigma:"            "0.352115304847511" "beta :"           
[4] "1"                
[1] "rho/theta:" "1"         
Time difference of 1.609095 secs
[1] " old Likelihood:  -9234119.70243498"
[1] "New Likelihood:  -9234044.05106837"
[1] 4999306
[1] 4999311
iter:  0  f-value:  31705.06  pgrad:  0.644328 
iter:  10  f-value:  31704.91  pgrad:  0.6384375 
iter:  20  f-value:  31704.89  pgrad:  0.6327768 
iter:  30  f-value:  31704.86  pgrad:  0.4672869 
  Unsuccessful convergence.
[1] 0.3673093
 [1] "Xi: 0.513044739981298" "Xi: 0.51498089034872"  "Xi: 0.523219130960314"
 [4] "Xi: 0.527078353756184" "Xi: 0.532748262101291" "Xi: 0.537192203395987"
 [7] "Xi: 0.512288992749375" "Xi: 0.529464351300496" "Xi: 0.550710387785008"
[10] "Xi: 0.540819939976841" "Xi: 0.539399477108004" "Xi: 0.535973552810895"
[13] "Xi: 0.532742208164035" "Xi: 0.527592732692749" "Xi: 0.52152963272698" 
[16] "Xi: 0.518455067496594" "Xi: 0.518911616618414" "Xi: 0.519779233862922"
[19] "Xi: 0.519309625843345" "Xi: 0.521075334314041"
Time difference of 4.706429 mins
[1] "Rho"
[1] 1333.976 1333.643 1334.092 1333.949 1334.102
[1] "It: 18"
[1] "sigma:"            "0.363636166111976" "beta :"           
[4] "1"                
[1] "rho/theta:" "1"         
Time difference of 1.608818 secs
[1] " old Likelihood:  -9234044.05106837"
[1] "New Likelihood:  -9233973.7393769"
[1] 4999306
[1] 4999311
iter:  0  f-value:  31408.47  pgrad:  0.6326907 
iter:  10  f-value:  31408.33  pgrad:  0.6269951 
iter:  20  f-value:  31408.3  pgrad:  0.6217584 
iter:  30  f-value:  31408.29  pgrad:  0.4661743 
  Unsuccessful convergence.
[1] 0.3783193
 [1] "Xi: 0.513516368850082" "Xi: 0.515521889657687" "Xi: 0.524084080613422"
 [4] "Xi: 0.528045268598007" "Xi: 0.533833702962218" "Xi: 0.538586218681137"
 [7] "Xi: 0.513106223249711" "Xi: 0.529829034463711" "Xi: 0.551849153970713"
[10] "Xi: 0.541264602841326" "Xi: 0.540031194283839" "Xi: 0.536605884551705"
[13] "Xi: 0.533428505938408" "Xi: 0.528213007224138" "Xi: 0.521936186319576"
[16] "Xi: 0.518754733233482" "Xi: 0.519294405298412" "Xi: 0.52025305731431" 
[19] "Xi: 0.519772407168368" "Xi: 0.521683286340081"
Time difference of 4.701231 mins
[1] "Rho"
[1] 1333.976 1333.643 1334.092 1333.949 1334.102
[1] "It: 19"
[1] "sigma:"            "0.374536116053005" "beta :"           
[4] "1"                
[1] "rho/theta:" "1"         
Time difference of 1.716516 secs
[1] " old Likelihood:  -9233973.7393769"
[1] "New Likelihood:  -9233908.29294435"
[1] 4999306
[1] 4999311
iter:  0  f-value:  31123.71  pgrad:  0.6216807 
iter:  10  f-value:  31123.58  pgrad:  0.6161588 
iter:  20  f-value:  31123.55  pgrad:  0.6113307 
iter:  30  f-value:  31123.54  pgrad:  0.4651005 
  Unsuccessful convergence.
[1] 0.3887499
 [1] "Xi: 0.513989099441602" "Xi: 0.516063818458118" "Xi: 0.524943715049905"
 [4] "Xi: 0.529005024272424" "Xi: 0.534904150372995" "Xi: 0.539968372500716"
 [7] "Xi: 0.513954671245801" "Xi: 0.530193663566442" "Xi: 0.552993260277809"
[10] "Xi: 0.541699799797573" "Xi: 0.540639184283045" "Xi: 0.537210786416988"
[13] "Xi: 0.534089619072452" "Xi: 0.528816052034644" "Xi: 0.522328710516131"
[16] "Xi: 0.519037542187875" "Xi: 0.519655812991824" "Xi: 0.520700829779639"
[19] "Xi: 0.520203725032661" "Xi: 0.522259817051854"
Time difference of 4.708526 mins
[1] "Rho"
[1] 1333.976 1333.643 1334.092 1333.949 1334.102
[1] "It: 20"
[1] "sigma:"            "0.384862446709399" "beta :"           
[4] "1"                
[1] "rho/theta:" "1"         
Time difference of 1.608141 secs
[1] " old Likelihood:  -9233908.29294435"
[1] "New Likelihood:  -9233847.37773133"
[1] 4999306
[1] 4999311
iter:  0  f-value:  30850.12  pgrad:  0.6112501 
iter:  10  f-value:  30849.99  pgrad:  0.6058977 
iter:  20  f-value:  30849.97  pgrad:  0.6014289 
iter:  30  f-value:  30849.96  pgrad:  0.4640444 
  Unsuccessful convergence.
[1] 0.3986429
 [1] "Xi: 0.51446405480595"  "Xi: 0.516606159467353" "Xi: 0.525799068109682"
 [4] "Xi: 0.529958621871857" "Xi: 0.535960603668768" "Xi: 0.541338754035808"
 [7] "Xi: 0.514816889037215" "Xi: 0.530546935704893" "Xi: 0.554135630565057"
[10] "Xi: 0.54211915976236"  "Xi: 0.541220481159072" "Xi: 0.537786211189136"
[13] "Xi: 0.534724295607133" "Xi: 0.529401445674639" "Xi: 0.522707816209795"
[16] "Xi: 0.519305026311229" "Xi: 0.519997845843569" "Xi: 0.521124928431874"
[19] "Xi: 0.520606132006413" "Xi: 0.522807498507"   
Time difference of 4.705474 mins
[1] "Rho"
[1] 1333.976 1333.643 1334.092 1333.949 1334.102
[1] "It: 21"
[1] "sigma:"            "0.394656498418462" "beta :"           
[4] "1"                
[1] "rho/theta:" "1"         
Time difference of 1.623996 secs
[1] " old Likelihood:  -9233847.37773133"
[1] "New Likelihood:  -9233790.68614761"
[1] 4999306
[1] 4999311
iter:  0  f-value:  30587.11  pgrad:  0.6013571 
iter:  10  f-value:  30586.98  pgrad:  0.5949734 
iter:  20  f-value:  30586.96  pgrad:  0.5919795 
iter:  30  f-value:  30586.96  pgrad:  0.4631113 
  Unsuccessful convergence.
[1] 0.408054
 [1] "Xi: 0.514844914401188" "Xi: 0.517043063483741" "Xi: 0.526495358816533"
 [4] "Xi: 0.530775130897653" "Xi: 0.536898875502349" "Xi: 0.542662981669718"
 [7] "Xi: 0.515595530996296" "Xi: 0.530907383567404" "Xi: 0.55530554702579" 
[10] "Xi: 0.54258470168955"  "Xi: 0.541785622111267" "Xi: 0.538335197953185"
[13] "Xi: 0.535334519832027" "Xi: 0.52997095017407"  "Xi: 0.523075623196202"
[16] "Xi: 0.519559804870119" "Xi: 0.520323479522025" "Xi: 0.521528526166848"
[19] "Xi: 0.520982973378262" "Xi: 0.523329735756436"
Time difference of 4.70833 mins
[1] 1 1 1 1 1
[1] 1 1 1 1 1
saved RDS
inference successful
