[1] "Original length"
[1] 999933
[1] "Final length"
[1] 18391
[1] "sequence length : 999934" "sequence length : 999683"
[3] "sequence length : 999793" "sequence length : 998394"
[5] "sequence length : 999925"
[1] 1 1 1 1 1
[1] "Beta: 1"
[1] "Self: 0.5"
 [1] 0 0 0 0 0 0 0 0 0 0 0 0 0 0 0 0 0 0 0 0
[1] "maxIt: 20"
[1] "It: 1"
 [1] "sigma:" "0.5"    "0.5"    "0.5"    "0.5"    "0.5"    "0.5"    "0.5"   
 [9] "0.5"    "0.5"    "0.5"    "0.5"    "0.5"    "0.5"    "0.5"    "0.5"   
[17] "0.5"    "0.5"    "0.5"    "0"      "0"      "0"      "0"      "0"     
[25] "0"      "0"      "0"      "0"      "0"      "0"      "0"      "0"     
[33] "0"      "0"      "0"      "0"      "0"      "0"      "0"      "0"     
[41] "0"      "beta :" "1"     
[1] 9844537
[1] 9844193
[1] 9844022
[1] 9843776
[1] 9843435
[1] 9842978
[1] 9842397
[1] 9841745
[1] 9841200
[1] 9841059
[1] 9841637
[1] 9843391
[1] 9847111
[1] 9853712
[1] 9863634
[1] 9875670
[1] 9885819
[1] 9891466
[1] 9894054
[1] 9894624
[1] 9894734
 [1] "sigma:" "0.9655" "0.9655" "0.9655" "0.9655" "0.9655" "0.9655" "0.9655"
 [9] "0.9655" "0.9655" "0.9655" "0.9655" "0.9655" "0.9655" "0.9655" "0.9655"
[17] "0.9655" "0.9655" "0.9655" "0.375"  "0.375"  "0.375"  "0.375"  "0.375" 
[25] "0.375"  "0.375"  "0.375"  "0.375"  "0.375"  "0.375"  "0.375"  "0.375" 
[33] "0.375"  "0.375"  "0.375"  "0.375"  "0.375"  "0.375"  "0.375"  "0.375" 
[41] "0.375"  "beta :" "1"     
[1] "New Likelihood:  -9841059.29870107"
iter:  0  f-value:  31475.16  pgrad:  0.6372284 
iter:  10  f-value:  31475.03  pgrad:  0.7483998 
iter:  20  f-value:  31474.93  pgrad:  0.7422098 
iter:  30  f-value:  31474.91  pgrad:  0.7390264 
  Unsuccessful convergence.
Time difference of 38.83864 mins
[1] "maxIt: 20"
[1] "It: 2"
 [1] "sigma:"            "0.972831861882577" "0.972831861882577"
 [4] "0.972831861882577" "0.972831861882577" "0.972831861882577"
 [7] "0.972831861882577" "0.972831861882577" "0.972831861882577"
[10] "0.972831861882577" "0.972831861882577" "0.972831861882577"
[13] "0.972831861882577" "0.972831861882577" "0.972831861882577"
[16] "0.972831861882577" "0.972831861882577" "0.972831861882577"
[19] "0.972831861882577" "0.369420404420024" "0.369420404420024"
[22] "0.369420404420024" "0.369420404420024" "0.369420404420024"
[25] "0.369420404420024" "0.369420404420024" "0.369420404420024"
[28] "0.369420404420024" "0.369420404420024" "0.369420404420024"
[31] "0.369420404420024" "0.369420404420024" "0.369420404420024"
[34] "0.369420404420024" "0.369420404420024" "0.369420404420024"
[37] "0.369420404420024" "0.369420404420024" "0.369420404420024"
[40] "0.369420404420024" "0.369420404420024" "beta :"           
[43] "1"                
[1] 9841149
[1] 9840988
[1] 9841582
 [1] "sigma:"            "0.972831861882577" "0.972831861882577"
 [4] "0.972831861882577" "0.972831861882577" "0.972831861882577"
 [7] "0.972831861882577" "0.972831861882577" "0.972831861882577"
[10] "0.972831861882577" "0.972831861882577" "0.972831861882577"
[13] "0.972831861882577" "0.972831861882577" "0.972831861882577"
[16] "0.972831861882577" "0.972831861882577" "0.972831861882577"
[19] "0.972831861882577" "0.344420404420024" "0.344420404420024"
[22] "0.344420404420024" "0.344420404420024" "0.344420404420024"
[25] "0.344420404420024" "0.344420404420024" "0.344420404420024"
[28] "0.344420404420024" "0.344420404420024" "0.344420404420024"
[31] "0.344420404420024" "0.344420404420024" "0.344420404420024"
[34] "0.344420404420024" "0.344420404420024" "0.344420404420024"
[37] "0.344420404420024" "0.344420404420024" "0.344420404420024"
[40] "0.344420404420024" "0.344420404420024" "beta :"           
[43] "1"                
[1] " old Likelihood:  -9841059.29870107"
[1] "New Likelihood:  -9840987.61938119"
iter:  0  f-value:  32267.91  pgrad:  0.5000303 
iter:  10  f-value:  32267.76  pgrad:  0.6883011 
iter:  20  f-value:  32267.69  pgrad:  0.621003 
iter:  30  f-value:  32267.69  pgrad:  0.6784639 
  Unsuccessful convergence.
Time difference of 10.1735 mins
[1] "maxIt: 20"
[1] "It: 3"
 [1] "sigma:"            "0.97748523909713"  "0.97748523909713" 
 [4] "0.97748523909713"  "0.97748523909713"  "0.97748523909713" 
 [7] "0.97748523909713"  "0.97748523909713"  "0.97748523909713" 
[10] "0.97748523909713"  "0.97748523909713"  "0.97748523909713" 
[13] "0.97748523909713"  "0.97748523909713"  "0.97748523909713" 
[16] "0.97748523909713"  "0.97748523909713"  "0.97748523909713" 
[19] "0.97748523909713"  "0.339029611609238" "0.339029611609238"
[22] "0.339029611609238" "0.339029611609238" "0.339029611609238"
[25] "0.339029611609238" "0.339029611609238" "0.339029611609238"
[28] "0.339029611609238" "0.339029611609238" "0.339029611609238"
[31] "0.339029611609238" "0.339029611609238" "0.339029611609238"
[34] "0.339029611609238" "0.339029611609238" "0.339029611609238"
[37] "0.339029611609238" "0.339029611609238" "0.339029611609238"
[40] "0.339029611609238" "0.339029611609238" "beta :"           
[43] "1"                
[1] 9841109
[1] 9840926
[1] 9841516
 [1] "sigma:"            "0.97748523909713"  "0.97748523909713" 
 [4] "0.97748523909713"  "0.97748523909713"  "0.97748523909713" 
 [7] "0.97748523909713"  "0.97748523909713"  "0.97748523909713" 
[10] "0.97748523909713"  "0.97748523909713"  "0.97748523909713" 
[13] "0.97748523909713"  "0.97748523909713"  "0.97748523909713" 
[16] "0.97748523909713"  "0.97748523909713"  "0.97748523909713" 
[19] "0.97748523909713"  "0.339029611609238" "0.339029611609238"
[22] "0.339029611609238" "0.339029611609238" "0.339029611609238"
[25] "0.339029611609238" "0.339029611609238" "0.339029611609238"
[28] "0.339029611609238" "0.339029611609238" "0.339029611609238"
[31] "0.339029611609238" "0.339029611609238" "0.339029611609238"
[34] "0.339029611609238" "0.339029611609238" "0.339029611609238"
[37] "0.339029611609238" "0.339029611609238" "0.339029611609238"
[40] "0.339029611609238" "0.339029611609238" "beta :"           
[43] "1"                
[1] " old Likelihood:  -9840987.61938119"
[1] "New Likelihood:  -9840925.55889533"
iter:  0  f-value:  32283.17  pgrad:  0.6780592 
iter:  10  f-value:  32283.13  pgrad:  0.6764723 
iter:  20  f-value:  32283.12  pgrad:  0.6743775 
iter:  30  f-value:  32283.11  pgrad:  0.6726523 
  Unsuccessful convergence.
Time difference of 9.595183 mins
[1] "maxIt: 20"
[1] "It: 4"
 [1] "sigma:"            "0.979495112533462" "0.979495112533462"
 [4] "0.979495112533462" "0.979495112533462" "0.979495112533462"
 [7] "0.979495112533462" "0.979495112533462" "0.979495112533462"
[10] "0.979495112533462" "0.979495112533462" "0.979495112533462"
[13] "0.979495112533462" "0.979495112533462" "0.979495112533462"
[16] "0.979495112533462" "0.979495112533462" "0.979495112533462"
[19] "0.979495112533462" "0.336292446072235" "0.336292446072235"
[22] "0.336292446072235" "0.336292446072235" "0.336292446072235"
[25] "0.336292446072235" "0.336292446072235" "0.336292446072235"
[28] "0.336292446072235" "0.336292446072235" "0.336292446072235"
[31] "0.336292446072235" "0.336292446072235" "0.336292446072235"
[34] "0.336292446072235" "0.336292446072235" "0.336292446072235"
[37] "0.336292446072235" "0.336292446072235" "0.336292446072235"
[40] "0.336292446072235" "0.336292446072235" "beta :"           
[43] "1"                
[1] 9841096
[1] 9840907
[1] 9841500
 [1] "sigma:"            "0.979495112533462" "0.979495112533462"
 [4] "0.979495112533462" "0.979495112533462" "0.979495112533462"
 [7] "0.979495112533462" "0.979495112533462" "0.979495112533462"
[10] "0.979495112533462" "0.979495112533462" "0.979495112533462"
[13] "0.979495112533462" "0.979495112533462" "0.979495112533462"
[16] "0.979495112533462" "0.979495112533462" "0.979495112533462"
[19] "0.979495112533462" "0.336292446072235" "0.336292446072235"
[22] "0.336292446072235" "0.336292446072235" "0.336292446072235"
[25] "0.336292446072235" "0.336292446072235" "0.336292446072235"
[28] "0.336292446072235" "0.336292446072235" "0.336292446072235"
[31] "0.336292446072235" "0.336292446072235" "0.336292446072235"
[34] "0.336292446072235" "0.336292446072235" "0.336292446072235"
[37] "0.336292446072235" "0.336292446072235" "0.336292446072235"
[40] "0.336292446072235" "0.336292446072235" "beta :"           
[43] "1"                
[1] " old Likelihood:  -9840925.55889533"
[1] "New Likelihood:  -9840907.00827337"
iter:  0  f-value:  32302.09  pgrad:  0.6725849 
iter:  10  f-value:  32302.07  pgrad:  0.6714277 
iter:  20  f-value:  32302.06  pgrad:  0.6685 
iter:  30  f-value:  32302.06  pgrad:  0.6676475 
  Unsuccessful convergence.
Time difference of 9.597452 mins
[1] "maxIt: 20"
[1] "It: 5"
 [1] "sigma:"            "0.980733177997321" "0.980733177997321"
 [4] "0.980733177997321" "0.980733177997321" "0.980733177997321"
 [7] "0.980733177997321" "0.980733177997321" "0.980733177997321"
[10] "0.980733177997321" "0.980733177997321" "0.980733177997321"
[13] "0.980733177997321" "0.980733177997321" "0.980733177997321"
[16] "0.980733177997321" "0.980733177997321" "0.980733177997321"
[19] "0.980733177997321" "0.333801916539066" "0.333801916539066"
[22] "0.333801916539066" "0.333801916539066" "0.333801916539066"
[25] "0.333801916539066" "0.333801916539066" "0.333801916539066"
[28] "0.333801916539066" "0.333801916539066" "0.333801916539066"
[31] "0.333801916539066" "0.333801916539066" "0.333801916539066"
[34] "0.333801916539066" "0.333801916539066" "0.333801916539066"
[37] "0.333801916539066" "0.333801916539066" "0.333801916539066"
[40] "0.333801916539066" "0.333801916539066" "beta :"           
[43] "1"                
[1] 9841088
[1] 9840897
[1] 9841495
 [1] "sigma:"            "0.980733177997321" "0.980733177997321"
 [4] "0.980733177997321" "0.980733177997321" "0.980733177997321"
 [7] "0.980733177997321" "0.980733177997321" "0.980733177997321"
[10] "0.980733177997321" "0.980733177997321" "0.980733177997321"
[13] "0.980733177997321" "0.980733177997321" "0.980733177997321"
[16] "0.980733177997321" "0.980733177997321" "0.980733177997321"
[19] "0.980733177997321" "0.333801916539066" "0.333801916539066"
[22] "0.333801916539066" "0.333801916539066" "0.333801916539066"
[25] "0.333801916539066" "0.333801916539066" "0.333801916539066"
[28] "0.333801916539066" "0.333801916539066" "0.333801916539066"
[31] "0.333801916539066" "0.333801916539066" "0.333801916539066"
[34] "0.333801916539066" "0.333801916539066" "0.333801916539066"
[37] "0.333801916539066" "0.333801916539066" "0.333801916539066"
[40] "0.333801916539066" "0.333801916539066" "beta :"           
[43] "1"                
[1] " old Likelihood:  -9840907.00827337"
[1] "New Likelihood:  -9840896.98389871"
iter:  0  f-value:  32338.07  pgrad:  0.6676038 
iter:  10  f-value:  32338.06  pgrad:  0.6667265 
iter:  20  f-value:  32338.05  pgrad:  0.6648775 
iter:  30  f-value:  32338.05  pgrad:  0.50177 
  Unsuccessful convergence.
Time difference of 9.591691 mins
[1] "maxIt: 20"
[1] "It: 6"
 [1] "sigma:"            "0.981522955223506" "0.981522955223506"
 [4] "0.981522955223506" "0.981522955223506" "0.981522955223506"
 [7] "0.981522955223506" "0.981522955223506" "0.981522955223506"
[10] "0.981522955223506" "0.981522955223506" "0.981522955223506"
[13] "0.981522955223506" "0.981522955223506" "0.981522955223506"
[16] "0.981522955223506" "0.981522955223506" "0.981522955223506"
[19] "0.981522955223506" "0.331459905238117" "0.331459905238117"
[22] "0.331459905238117" "0.331459905238117" "0.331459905238117"
[25] "0.331459905238117" "0.331459905238117" "0.331459905238117"
[28] "0.331459905238117" "0.331459905238117" "0.331459905238117"
[31] "0.331459905238117" "0.331459905238117" "0.331459905238117"
[34] "0.331459905238117" "0.331459905238117" "0.331459905238117"
[37] "0.331459905238117" "0.331459905238117" "0.331459905238117"
[40] "0.331459905238117" "0.331459905238117" "beta :"           
[43] "1"                
[1] 9841083
[1] 9840890
[1] 9841493
 [1] "sigma:"            "0.981522955223506" "0.981522955223506"
 [4] "0.981522955223506" "0.981522955223506" "0.981522955223506"
 [7] "0.981522955223506" "0.981522955223506" "0.981522955223506"
[10] "0.981522955223506" "0.981522955223506" "0.981522955223506"
[13] "0.981522955223506" "0.981522955223506" "0.981522955223506"
[16] "0.981522955223506" "0.981522955223506" "0.981522955223506"
[19] "0.981522955223506" "0.331459905238117" "0.331459905238117"
[22] "0.331459905238117" "0.331459905238117" "0.331459905238117"
[25] "0.331459905238117" "0.331459905238117" "0.331459905238117"
[28] "0.331459905238117" "0.331459905238117" "0.331459905238117"
[31] "0.331459905238117" "0.331459905238117" "0.331459905238117"
[34] "0.331459905238117" "0.331459905238117" "0.331459905238117"
[37] "0.331459905238117" "0.331459905238117" "0.331459905238117"
[40] "0.331459905238117" "0.331459905238117" "beta :"           
[43] "1"                
[1] " old Likelihood:  -9840896.98389871"
[1] "New Likelihood:  -9840889.97120709"
iter:  0  f-value:  32381.71  pgrad:  0.6629198 
iter:  10  f-value:  32381.7  pgrad:  0.6621956 
iter:  20  f-value:  32381.69  pgrad:  0.6601989 
iter:  30  f-value:  32381.69  pgrad:  0.4905347 
  Unsuccessful convergence.
Time difference of 9.534699 mins
[1] "maxIt: 20"
[1] "It: 7"
 [1] "sigma:"            "0.982200203011446" "0.982200203011446"
 [4] "0.982200203011446" "0.982200203011446" "0.982200203011446"
 [7] "0.982200203011446" "0.982200203011446" "0.982200203011446"
[10] "0.982200203011446" "0.982200203011446" "0.982200203011446"
[13] "0.982200203011446" "0.982200203011446" "0.982200203011446"
[16] "0.982200203011446" "0.982200203011446" "0.982200203011446"
[19] "0.982200203011446" "0.32893562939363"  "0.32893562939363" 
[22] "0.32893562939363"  "0.32893562939363"  "0.32893562939363" 
[25] "0.32893562939363"  "0.32893562939363"  "0.32893562939363" 
[28] "0.32893562939363"  "0.32893562939363"  "0.32893562939363" 
[31] "0.32893562939363"  "0.32893562939363"  "0.32893562939363" 
[34] "0.32893562939363"  "0.32893562939363"  "0.32893562939363" 
[37] "0.32893562939363"  "0.32893562939363"  "0.32893562939363" 
[40] "0.32893562939363"  "0.32893562939363"  "beta :"           
[43] "1"                
[1] 9841079
[1] 9840884
[1] 9841493
 [1] "sigma:"            "0.982200203011446" "0.982200203011446"
 [4] "0.982200203011446" "0.982200203011446" "0.982200203011446"
 [7] "0.982200203011446" "0.982200203011446" "0.982200203011446"
[10] "0.982200203011446" "0.982200203011446" "0.982200203011446"
[13] "0.982200203011446" "0.982200203011446" "0.982200203011446"
[16] "0.982200203011446" "0.982200203011446" "0.982200203011446"
[19] "0.982200203011446" "0.32893562939363"  "0.32893562939363" 
[22] "0.32893562939363"  "0.32893562939363"  "0.32893562939363" 
[25] "0.32893562939363"  "0.32893562939363"  "0.32893562939363" 
[28] "0.32893562939363"  "0.32893562939363"  "0.32893562939363" 
[31] "0.32893562939363"  "0.32893562939363"  "0.32893562939363" 
[34] "0.32893562939363"  "0.32893562939363"  "0.32893562939363" 
[37] "0.32893562939363"  "0.32893562939363"  "0.32893562939363" 
[40] "0.32893562939363"  "0.32893562939363"  "beta :"           
[43] "1"                
[1] " old Likelihood:  -9840889.97120709"
[1] "New Likelihood:  -9840884.13209624"
iter:  0  f-value:  32433.78  pgrad:  0.6578713 
iter:  10  f-value:  32433.77  pgrad:  0.6572256 
iter:  20  f-value:  32433.77  pgrad:  0.6554065 
iter:  30  f-value:  32433.76  pgrad:  0.6545366 
  Unsuccessful convergence.
Time difference of 9.501576 mins
[1] "maxIt: 20"
[1] "It: 8"
 [1] "sigma:"            "0.982458676390453" "0.982458676390453"
 [4] "0.982458676390453" "0.982458676390453" "0.982458676390453"
 [7] "0.982458676390453" "0.982458676390453" "0.982458676390453"
[10] "0.982458676390453" "0.982458676390453" "0.982458676390453"
[13] "0.982458676390453" "0.982458676390453" "0.982458676390453"
[16] "0.982458676390453" "0.982458676390453" "0.982458676390453"
[19] "0.982458676390453" "0.327188875288613" "0.327188875288613"
[22] "0.327188875288613" "0.327188875288613" "0.327188875288613"
[25] "0.327188875288613" "0.327188875288613" "0.327188875288613"
[28] "0.327188875288613" "0.327188875288613" "0.327188875288613"
[31] "0.327188875288613" "0.327188875288613" "0.327188875288613"
[34] "0.327188875288613" "0.327188875288613" "0.327188875288613"
[37] "0.327188875288613" "0.327188875288613" "0.327188875288613"
[40] "0.327188875288613" "0.327188875288613" "beta :"           
[43] "1"                
[1] 9841075
[1] 9840880
[1] 9841491
 [1] "sigma:"            "0.982458676390453" "0.982458676390453"
 [4] "0.982458676390453" "0.982458676390453" "0.982458676390453"
 [7] "0.982458676390453" "0.982458676390453" "0.982458676390453"
[10] "0.982458676390453" "0.982458676390453" "0.982458676390453"
[13] "0.982458676390453" "0.982458676390453" "0.982458676390453"
[16] "0.982458676390453" "0.982458676390453" "0.982458676390453"
[19] "0.982458676390453" "0.327188875288613" "0.327188875288613"
[22] "0.327188875288613" "0.327188875288613" "0.327188875288613"
[25] "0.327188875288613" "0.327188875288613" "0.327188875288613"
[28] "0.327188875288613" "0.327188875288613" "0.327188875288613"
[31] "0.327188875288613" "0.327188875288613" "0.327188875288613"
[34] "0.327188875288613" "0.327188875288613" "0.327188875288613"
[37] "0.327188875288613" "0.327188875288613" "0.327188875288613"
[40] "0.327188875288613" "0.327188875288613" "beta :"           
[43] "1"                
[1] " old Likelihood:  -9840884.13209624"
[1] "New Likelihood:  -9840879.75533641"
iter:  0  f-value:  32474.59  pgrad:  0.6543778 
iter:  10  f-value:  32474.58  pgrad:  0.6537381 
iter:  20  f-value:  32474.58  pgrad:  0.6522888 
iter:  30  f-value:  32474.58  pgrad:  0.5057189 
  Unsuccessful convergence.
Time difference of 9.562551 mins
[1] "maxIt: 20"
[1] "It: 9"
 [1] "sigma:"            "0.982782688958829" "0.982782688958829"
 [4] "0.982782688958829" "0.982782688958829" "0.982782688958829"
 [7] "0.982782688958829" "0.982782688958829" "0.982782688958829"
[10] "0.982782688958829" "0.982782688958829" "0.982782688958829"
[13] "0.982782688958829" "0.982782688958829" "0.982782688958829"
[16] "0.982782688958829" "0.982782688958829" "0.982782688958829"
[19] "0.982782688958829" "0.324988233197575" "0.324988233197575"
[22] "0.324988233197575" "0.324988233197575" "0.324988233197575"
[25] "0.324988233197575" "0.324988233197575" "0.324988233197575"
[28] "0.324988233197575" "0.324988233197575" "0.324988233197575"
[31] "0.324988233197575" "0.324988233197575" "0.324988233197575"
[34] "0.324988233197575" "0.324988233197575" "0.324988233197575"
[37] "0.324988233197575" "0.324988233197575" "0.324988233197575"
[40] "0.324988233197575" "0.324988233197575" "beta :"           
[43] "1"                
[1] 9841073
[1] 9840876
[1] 9841490
 [1] "sigma:"            "0.982782688958829" "0.982782688958829"
 [4] "0.982782688958829" "0.982782688958829" "0.982782688958829"
 [7] "0.982782688958829" "0.982782688958829" "0.982782688958829"
[10] "0.982782688958829" "0.982782688958829" "0.982782688958829"
[13] "0.982782688958829" "0.982782688958829" "0.982782688958829"
[16] "0.982782688958829" "0.982782688958829" "0.982782688958829"
[19] "0.982782688958829" "0.324988233197575" "0.324988233197575"
[22] "0.324988233197575" "0.324988233197575" "0.324988233197575"
[25] "0.324988233197575" "0.324988233197575" "0.324988233197575"
[28] "0.324988233197575" "0.324988233197575" "0.324988233197575"
[31] "0.324988233197575" "0.324988233197575" "0.324988233197575"
[34] "0.324988233197575" "0.324988233197575" "0.324988233197575"
[37] "0.324988233197575" "0.324988233197575" "0.324988233197575"
[40] "0.324988233197575" "0.324988233197575" "beta :"           
[43] "1"                
[1] " old Likelihood:  -9840879.75533641"
[1] "New Likelihood:  -9840875.56147997"
iter:  0  f-value:  32525.42  pgrad:  0.6499765 
iter:  10  f-value:  32525.41  pgrad:  0.6493281 
iter:  20  f-value:  32525.41  pgrad:  0.647705 
iter:  30  f-value:  32525.41  pgrad:  0.5537004 
  Unsuccessful convergence.
Time difference of 9.524548 mins
[1] "maxIt: 20"
[1] "It: 10"
 [1] "sigma:"            "0.982949252965982" "0.982949252965982"
 [4] "0.982949252965982" "0.982949252965982" "0.982949252965982"
 [7] "0.982949252965982" "0.982949252965982" "0.982949252965982"
[10] "0.982949252965982" "0.982949252965982" "0.982949252965982"
[13] "0.982949252965982" "0.982949252965982" "0.982949252965982"
[16] "0.982949252965982" "0.982949252965982" "0.982949252965982"
[19] "0.982949252965982" "0.323289340805422" "0.323289340805422"
[22] "0.323289340805422" "0.323289340805422" "0.323289340805422"
[25] "0.323289340805422" "0.323289340805422" "0.323289340805422"
[28] "0.323289340805422" "0.323289340805422" "0.323289340805422"
[31] "0.323289340805422" "0.323289340805422" "0.323289340805422"
[34] "0.323289340805422" "0.323289340805422" "0.323289340805422"
[37] "0.323289340805422" "0.323289340805422" "0.323289340805422"
[40] "0.323289340805422" "0.323289340805422" "beta :"           
[43] "1"                
[1] 9841072
[1] 9840872
[1] 9841488
 [1] "sigma:"            "0.982949252965982" "0.982949252965982"
 [4] "0.982949252965982" "0.982949252965982" "0.982949252965982"
 [7] "0.982949252965982" "0.982949252965982" "0.982949252965982"
[10] "0.982949252965982" "0.982949252965982" "0.982949252965982"
[13] "0.982949252965982" "0.982949252965982" "0.982949252965982"
[16] "0.982949252965982" "0.982949252965982" "0.982949252965982"
[19] "0.982949252965982" "0.323289340805422" "0.323289340805422"
[22] "0.323289340805422" "0.323289340805422" "0.323289340805422"
[25] "0.323289340805422" "0.323289340805422" "0.323289340805422"
[28] "0.323289340805422" "0.323289340805422" "0.323289340805422"
[31] "0.323289340805422" "0.323289340805422" "0.323289340805422"
[34] "0.323289340805422" "0.323289340805422" "0.323289340805422"
[37] "0.323289340805422" "0.323289340805422" "0.323289340805422"
[40] "0.323289340805422" "0.323289340805422" "beta :"           
[43] "1"                
[1] " old Likelihood:  -9840875.56147997"
[1] "New Likelihood:  -9840871.98575155"
iter:  0  f-value:  32566.33  pgrad:  0.6465787 
iter:  10  f-value:  32566.33  pgrad:  0.6460008 
iter:  20  f-value:  32566.32  pgrad:  0.6440359 
iter:  30  f-value:  32566.32  pgrad:  0.6158734 
  Unsuccessful convergence.
Time difference of 9.551106 mins
[1] "maxIt: 20"
[1] "It: 11"
 [1] "sigma:"            "0.983082188491625" "0.983082188491625"
 [4] "0.983082188491625" "0.983082188491625" "0.983082188491625"
 [7] "0.983082188491625" "0.983082188491625" "0.983082188491625"
[10] "0.983082188491625" "0.983082188491625" "0.983082188491625"
[13] "0.983082188491625" "0.983082188491625" "0.983082188491625"
[16] "0.983082188491625" "0.983082188491625" "0.983082188491625"
[19] "0.983082188491625" "0.321721708940478" "0.321721708940478"
[22] "0.321721708940478" "0.321721708940478" "0.321721708940478"
[25] "0.321721708940478" "0.321721708940478" "0.321721708940478"
[28] "0.321721708940478" "0.321721708940478" "0.321721708940478"
[31] "0.321721708940478" "0.321721708940478" "0.321721708940478"
[34] "0.321721708940478" "0.321721708940478" "0.321721708940478"
[37] "0.321721708940478" "0.321721708940478" "0.321721708940478"
[40] "0.321721708940478" "0.321721708940478" "beta :"           
[43] "1"                
[1] 9841070
[1] 9840869
[1] 9841486
 [1] "sigma:"            "0.983082188491625" "0.983082188491625"
 [4] "0.983082188491625" "0.983082188491625" "0.983082188491625"
 [7] "0.983082188491625" "0.983082188491625" "0.983082188491625"
[10] "0.983082188491625" "0.983082188491625" "0.983082188491625"
[13] "0.983082188491625" "0.983082188491625" "0.983082188491625"
[16] "0.983082188491625" "0.983082188491625" "0.983082188491625"
[19] "0.983082188491625" "0.321721708940478" "0.321721708940478"
[22] "0.321721708940478" "0.321721708940478" "0.321721708940478"
[25] "0.321721708940478" "0.321721708940478" "0.321721708940478"
[28] "0.321721708940478" "0.321721708940478" "0.321721708940478"
[31] "0.321721708940478" "0.321721708940478" "0.321721708940478"
[34] "0.321721708940478" "0.321721708940478" "0.321721708940478"
[37] "0.321721708940478" "0.321721708940478" "0.321721708940478"
[40] "0.321721708940478" "0.321721708940478" "beta :"           
[43] "1"                
[1] " old Likelihood:  -9840871.98575155"
[1] "New Likelihood:  -9840868.7112909"
iter:  0  f-value:  32604.93  pgrad:  0.6434434 
iter:  10  f-value:  32604.93  pgrad:  0.6428763 
iter:  20  f-value:  32604.92  pgrad:  0.6410383 
iter:  30  f-value:  32604.92  pgrad:  0.6407836 
  Unsuccessful convergence.
Time difference of 9.575728 mins
[1] "maxIt: 20"
[1] "It: 12"
 [1] "sigma:"            "0.983196085089742" "0.983196085089742"
 [4] "0.983196085089742" "0.983196085089742" "0.983196085089742"
 [7] "0.983196085089742" "0.983196085089742" "0.983196085089742"
[10] "0.983196085089742" "0.983196085089742" "0.983196085089742"
[13] "0.983196085089742" "0.983196085089742" "0.983196085089742"
[16] "0.983196085089742" "0.983196085089742" "0.983196085089742"
[19] "0.983196085089742" "0.32024946153622"  "0.32024946153622" 
[22] "0.32024946153622"  "0.32024946153622"  "0.32024946153622" 
[25] "0.32024946153622"  "0.32024946153622"  "0.32024946153622" 
[28] "0.32024946153622"  "0.32024946153622"  "0.32024946153622" 
[31] "0.32024946153622"  "0.32024946153622"  "0.32024946153622" 
[34] "0.32024946153622"  "0.32024946153622"  "0.32024946153622" 
[37] "0.32024946153622"  "0.32024946153622"  "0.32024946153622" 
[40] "0.32024946153622"  "0.32024946153622"  "beta :"           
[43] "1"                
[1] 9841069
[1] 9840866
[1] 9841483
 [1] "sigma:"            "0.983196085089742" "0.983196085089742"
 [4] "0.983196085089742" "0.983196085089742" "0.983196085089742"
 [7] "0.983196085089742" "0.983196085089742" "0.983196085089742"
[10] "0.983196085089742" "0.983196085089742" "0.983196085089742"
[13] "0.983196085089742" "0.983196085089742" "0.983196085089742"
[16] "0.983196085089742" "0.983196085089742" "0.983196085089742"
[19] "0.983196085089742" "0.32024946153622"  "0.32024946153622" 
[22] "0.32024946153622"  "0.32024946153622"  "0.32024946153622" 
[25] "0.32024946153622"  "0.32024946153622"  "0.32024946153622" 
[28] "0.32024946153622"  "0.32024946153622"  "0.32024946153622" 
[31] "0.32024946153622"  "0.32024946153622"  "0.32024946153622" 
[34] "0.32024946153622"  "0.32024946153622"  "0.32024946153622" 
[37] "0.32024946153622"  "0.32024946153622"  "0.32024946153622" 
[40] "0.32024946153622"  "0.32024946153622"  "beta :"           
[43] "1"                
[1] " old Likelihood:  -9840868.7112909"
[1] "New Likelihood:  -9840865.69865569"
iter:  0  f-value:  32641.41  pgrad:  0.6404989 
iter:  10  f-value:  32641.41  pgrad:  0.6400237 
iter:  20  f-value:  32641.4  pgrad:  0.6383306 
iter:  30  f-value:  32641.4  pgrad:  0.5801121 
  Unsuccessful convergence.
Time difference of 9.592957 mins
[1] "maxIt: 20"
[1] "It: 13"
 [1] "sigma:"            "0.983326191505248" "0.983326191505248"
 [4] "0.983326191505248" "0.983326191505248" "0.983326191505248"
 [7] "0.983326191505248" "0.983326191505248" "0.983326191505248"
[10] "0.983326191505248" "0.983326191505248" "0.983326191505248"
[13] "0.983326191505248" "0.983326191505248" "0.983326191505248"
[16] "0.983326191505248" "0.983326191505248" "0.983326191505248"
[19] "0.983326191505248" "0.318629262760722" "0.318629262760722"
[22] "0.318629262760722" "0.318629262760722" "0.318629262760722"
[25] "0.318629262760722" "0.318629262760722" "0.318629262760722"
[28] "0.318629262760722" "0.318629262760722" "0.318629262760722"
[31] "0.318629262760722" "0.318629262760722" "0.318629262760722"
[34] "0.318629262760722" "0.318629262760722" "0.318629262760722"
[37] "0.318629262760722" "0.318629262760722" "0.318629262760722"
[40] "0.318629262760722" "0.318629262760722" "beta :"           
[43] "1"                
[1] 9841068
[1] 9840863
[1] 9841481
 [1] "sigma:"            "0.983326191505248" "0.983326191505248"
 [4] "0.983326191505248" "0.983326191505248" "0.983326191505248"
 [7] "0.983326191505248" "0.983326191505248" "0.983326191505248"
[10] "0.983326191505248" "0.983326191505248" "0.983326191505248"
[13] "0.983326191505248" "0.983326191505248" "0.983326191505248"
[16] "0.983326191505248" "0.983326191505248" "0.983326191505248"
[19] "0.983326191505248" "0.318629262760722" "0.318629262760722"
[22] "0.318629262760722" "0.318629262760722" "0.318629262760722"
[25] "0.318629262760722" "0.318629262760722" "0.318629262760722"
[28] "0.318629262760722" "0.318629262760722" "0.318629262760722"
[31] "0.318629262760722" "0.318629262760722" "0.318629262760722"
[34] "0.318629262760722" "0.318629262760722" "0.318629262760722"
[37] "0.318629262760722" "0.318629262760722" "0.318629262760722"
[40] "0.318629262760722" "0.318629262760722" "beta :"           
[43] "1"                
[1] " old Likelihood:  -9840865.69865569"
[1] "New Likelihood:  -9840862.81595682"
iter:  0  f-value:  32679.87  pgrad:  0.6372585 
iter:  10  f-value:  32679.86  pgrad:  0.6367951 
iter:  20  f-value:  32679.86  pgrad:  0.635095 
iter:  30  f-value:  32679.86  pgrad:  0.4704634 
  Unsuccessful convergence.
Time difference of 9.517132 mins
[1] "maxIt: 20"
[1] "It: 14"
 [1] "sigma:"            "0.983431154209947" "0.983431154209947"
 [4] "0.983431154209947" "0.983431154209947" "0.983431154209947"
 [7] "0.983431154209947" "0.983431154209947" "0.983431154209947"
[10] "0.983431154209947" "0.983431154209947" "0.983431154209947"
[13] "0.983431154209947" "0.983431154209947" "0.983431154209947"
[16] "0.983431154209947" "0.983431154209947" "0.983431154209947"
[19] "0.983431154209947" "0.317109392319829" "0.317109392319829"
[22] "0.317109392319829" "0.317109392319829" "0.317109392319829"
[25] "0.317109392319829" "0.317109392319829" "0.317109392319829"
[28] "0.317109392319829" "0.317109392319829" "0.317109392319829"
[31] "0.317109392319829" "0.317109392319829" "0.317109392319829"
[34] "0.317109392319829" "0.317109392319829" "0.317109392319829"
[37] "0.317109392319829" "0.317109392319829" "0.317109392319829"
[40] "0.317109392319829" "0.317109392319829" "beta :"           
[43] "1"                
[1] 9841067
[1] 9840860
[1] 9841478
 [1] "sigma:"            "0.983431154209947" "0.983431154209947"
 [4] "0.983431154209947" "0.983431154209947" "0.983431154209947"
 [7] "0.983431154209947" "0.983431154209947" "0.983431154209947"
[10] "0.983431154209947" "0.983431154209947" "0.983431154209947"
[13] "0.983431154209947" "0.983431154209947" "0.983431154209947"
[16] "0.983431154209947" "0.983431154209947" "0.983431154209947"
[19] "0.983431154209947" "0.317109392319829" "0.317109392319829"
[22] "0.317109392319829" "0.317109392319829" "0.317109392319829"
[25] "0.317109392319829" "0.317109392319829" "0.317109392319829"
[28] "0.317109392319829" "0.317109392319829" "0.317109392319829"
[31] "0.317109392319829" "0.317109392319829" "0.317109392319829"
[34] "0.317109392319829" "0.317109392319829" "0.317109392319829"
[37] "0.317109392319829" "0.317109392319829" "0.317109392319829"
[40] "0.317109392319829" "0.317109392319829" "beta :"           
[43] "1"                
[1] " old Likelihood:  -9840862.81595682"
[1] "New Likelihood:  -9840860.12873945"
iter:  0  f-value:  32716.26  pgrad:  0.6342188 
iter:  10  f-value:  32716.26  pgrad:  0.6337663 
iter:  20  f-value:  32716.25  pgrad:  0.6322019 
iter:  30  f-value:  32716.25  pgrad:  0.6239134 
  Unsuccessful convergence.
Time difference of 9.566198 mins
[1] "maxIt: 20"
[1] "It: 15"
 [1] "sigma:"            "0.983528546807769" "0.983528546807769"
 [4] "0.983528546807769" "0.983528546807769" "0.983528546807769"
 [7] "0.983528546807769" "0.983528546807769" "0.983528546807769"
[10] "0.983528546807769" "0.983528546807769" "0.983528546807769"
[13] "0.983528546807769" "0.983528546807769" "0.983528546807769"
[16] "0.983528546807769" "0.983528546807769" "0.983528546807769"
[19] "0.983528546807769" "0.315617943356319" "0.315617943356319"
[22] "0.315617943356319" "0.315617943356319" "0.315617943356319"
[25] "0.315617943356319" "0.315617943356319" "0.315617943356319"
[28] "0.315617943356319" "0.315617943356319" "0.315617943356319"
[31] "0.315617943356319" "0.315617943356319" "0.315617943356319"
[34] "0.315617943356319" "0.315617943356319" "0.315617943356319"
[37] "0.315617943356319" "0.315617943356319" "0.315617943356319"
[40] "0.315617943356319" "0.315617943356319" "beta :"           
[43] "1"                
[1] 9841067
[1] 9840858
[1] 9841476
 [1] "sigma:"            "0.983528546807769" "0.983528546807769"
 [4] "0.983528546807769" "0.983528546807769" "0.983528546807769"
 [7] "0.983528546807769" "0.983528546807769" "0.983528546807769"
[10] "0.983528546807769" "0.983528546807769" "0.983528546807769"
[13] "0.983528546807769" "0.983528546807769" "0.983528546807769"
[16] "0.983528546807769" "0.983528546807769" "0.983528546807769"
[19] "0.983528546807769" "0.315617943356319" "0.315617943356319"
[22] "0.315617943356319" "0.315617943356319" "0.315617943356319"
[25] "0.315617943356319" "0.315617943356319" "0.315617943356319"
[28] "0.315617943356319" "0.315617943356319" "0.315617943356319"
[31] "0.315617943356319" "0.315617943356319" "0.315617943356319"
[34] "0.315617943356319" "0.315617943356319" "0.315617943356319"
[37] "0.315617943356319" "0.315617943356319" "0.315617943356319"
[40] "0.315617943356319" "0.315617943356319" "beta :"           
[43] "1"                
[1] " old Likelihood:  -9840860.12873945"
[1] "New Likelihood:  -9840857.63665438"
iter:  0  f-value:  32752.5  pgrad:  0.6312359 
iter:  10  f-value:  32752.5  pgrad:  0.6307867 
iter:  20  f-value:  32752.5  pgrad:  0.6294129 
iter:  30  f-value:  32752.5  pgrad:  0.4482717 
  Unsuccessful convergence.
Time difference of 9.55772 mins
[1] "maxIt: 20"
[1] "It: 16"
 [1] "sigma:"            "0.983604181941589" "0.983604181941589"
 [4] "0.983604181941589" "0.983604181941589" "0.983604181941589"
 [7] "0.983604181941589" "0.983604181941589" "0.983604181941589"
[10] "0.983604181941589" "0.983604181941589" "0.983604181941589"
[13] "0.983604181941589" "0.983604181941589" "0.983604181941589"
[16] "0.983604181941589" "0.983604181941589" "0.983604181941589"
[19] "0.983604181941589" "0.314248284280081" "0.314248284280081"
[22] "0.314248284280081" "0.314248284280081" "0.314248284280081"
[25] "0.314248284280081" "0.314248284280081" "0.314248284280081"
[28] "0.314248284280081" "0.314248284280081" "0.314248284280081"
[31] "0.314248284280081" "0.314248284280081" "0.314248284280081"
[34] "0.314248284280081" "0.314248284280081" "0.314248284280081"
[37] "0.314248284280081" "0.314248284280081" "0.314248284280081"
[40] "0.314248284280081" "0.314248284280081" "beta :"           
[43] "1"                
[1] 9841066
[1] 9840855
[1] 9841473
 [1] "sigma:"            "0.983604181941589" "0.983604181941589"
 [4] "0.983604181941589" "0.983604181941589" "0.983604181941589"
 [7] "0.983604181941589" "0.983604181941589" "0.983604181941589"
[10] "0.983604181941589" "0.983604181941589" "0.983604181941589"
[13] "0.983604181941589" "0.983604181941589" "0.983604181941589"
[16] "0.983604181941589" "0.983604181941589" "0.983604181941589"
[19] "0.983604181941589" "0.314248284280081" "0.314248284280081"
[22] "0.314248284280081" "0.314248284280081" "0.314248284280081"
[25] "0.314248284280081" "0.314248284280081" "0.314248284280081"
[28] "0.314248284280081" "0.314248284280081" "0.314248284280081"
[31] "0.314248284280081" "0.314248284280081" "0.314248284280081"
[34] "0.314248284280081" "0.314248284280081" "0.314248284280081"
[37] "0.314248284280081" "0.314248284280081" "0.314248284280081"
[40] "0.314248284280081" "0.314248284280081" "beta :"           
[43] "1"                
[1] " old Likelihood:  -9840857.63665438"
[1] "New Likelihood:  -9840855.23159275"
iter:  0  f-value:  32785.77  pgrad:  0.6284966 
iter:  10  f-value:  32785.76  pgrad:  0.6280515 
iter:  20  f-value:  32785.76  pgrad:  0.6266975 
iter:  30  f-value:  32785.76  pgrad:  0.3637251 
  Unsuccessful convergence.
Time difference of 9.575293 mins
[1] "maxIt: 20"
[1] "It: 17"
 [1] "sigma:"            "0.983721472670182" "0.983721472670182"
 [4] "0.983721472670182" "0.983721472670182" "0.983721472670182"
 [7] "0.983721472670182" "0.983721472670182" "0.983721472670182"
[10] "0.983721472670182" "0.983721472670182" "0.983721472670182"
[13] "0.983721472670182" "0.983721472670182" "0.983721472670182"
[16] "0.983721472670182" "0.983721472670182" "0.983721472670182"
[19] "0.983721472670182" "0.31261494953604"  "0.31261494953604" 
[22] "0.31261494953604"  "0.31261494953604"  "0.31261494953604" 
[25] "0.31261494953604"  "0.31261494953604"  "0.31261494953604" 
[28] "0.31261494953604"  "0.31261494953604"  "0.31261494953604" 
[31] "0.31261494953604"  "0.31261494953604"  "0.31261494953604" 
[34] "0.31261494953604"  "0.31261494953604"  "0.31261494953604" 
[37] "0.31261494953604"  "0.31261494953604"  "0.31261494953604" 
[40] "0.31261494953604"  "0.31261494953604"  "beta :"           
[43] "1"                
[1] 9841066
[1] 9840853
[1] 9841470
 [1] "sigma:"            "0.983721472670182" "0.983721472670182"
 [4] "0.983721472670182" "0.983721472670182" "0.983721472670182"
 [7] "0.983721472670182" "0.983721472670182" "0.983721472670182"
[10] "0.983721472670182" "0.983721472670182" "0.983721472670182"
[13] "0.983721472670182" "0.983721472670182" "0.983721472670182"
[16] "0.983721472670182" "0.983721472670182" "0.983721472670182"
[19] "0.983721472670182" "0.31261494953604"  "0.31261494953604" 
[22] "0.31261494953604"  "0.31261494953604"  "0.31261494953604" 
[25] "0.31261494953604"  "0.31261494953604"  "0.31261494953604" 
[28] "0.31261494953604"  "0.31261494953604"  "0.31261494953604" 
[31] "0.31261494953604"  "0.31261494953604"  "0.31261494953604" 
[34] "0.31261494953604"  "0.31261494953604"  "0.31261494953604" 
[37] "0.31261494953604"  "0.31261494953604"  "0.31261494953604" 
[40] "0.31261494953604"  "0.31261494953604"  "beta :"           
[43] "1"                
[1] " old Likelihood:  -9840855.23159275"
[1] "New Likelihood:  -9840852.86662462"
iter:  0  f-value:  32823.19  pgrad:  0.6252299 
iter:  10  f-value:  32823.19  pgrad:  0.6248141 
iter:  20  f-value:  32823.18  pgrad:  0.6234439 
iter:  30  f-value:  32823.18  pgrad:  0.2670276 
  Unsuccessful convergence.
Time difference of 9.564949 mins
[1] "maxIt: 20"
[1] "It: 18"
 [1] "sigma:"            "0.983796500151413" "0.983796500151413"
 [4] "0.983796500151413" "0.983796500151413" "0.983796500151413"
 [7] "0.983796500151413" "0.983796500151413" "0.983796500151413"
[10] "0.983796500151413" "0.983796500151413" "0.983796500151413"
[13] "0.983796500151413" "0.983796500151413" "0.983796500151413"
[16] "0.983796500151413" "0.983796500151413" "0.983796500151413"
[19] "0.983796500151413" "0.311185006460382" "0.311185006460382"
[22] "0.311185006460382" "0.311185006460382" "0.311185006460382"
[25] "0.311185006460382" "0.311185006460382" "0.311185006460382"
[28] "0.311185006460382" "0.311185006460382" "0.311185006460382"
[31] "0.311185006460382" "0.311185006460382" "0.311185006460382"
[34] "0.311185006460382" "0.311185006460382" "0.311185006460382"
[37] "0.311185006460382" "0.311185006460382" "0.311185006460382"
[40] "0.311185006460382" "0.311185006460382" "beta :"           
[43] "1"                
[1] 9841065
[1] 9840851
[1] 9841468
 [1] "sigma:"            "0.983796500151413" "0.983796500151413"
 [4] "0.983796500151413" "0.983796500151413" "0.983796500151413"
 [7] "0.983796500151413" "0.983796500151413" "0.983796500151413"
[10] "0.983796500151413" "0.983796500151413" "0.983796500151413"
[13] "0.983796500151413" "0.983796500151413" "0.983796500151413"
[16] "0.983796500151413" "0.983796500151413" "0.983796500151413"
[19] "0.983796500151413" "0.311185006460382" "0.311185006460382"
[22] "0.311185006460382" "0.311185006460382" "0.311185006460382"
[25] "0.311185006460382" "0.311185006460382" "0.311185006460382"
[28] "0.311185006460382" "0.311185006460382" "0.311185006460382"
[31] "0.311185006460382" "0.311185006460382" "0.311185006460382"
[34] "0.311185006460382" "0.311185006460382" "0.311185006460382"
[37] "0.311185006460382" "0.311185006460382" "0.311185006460382"
[40] "0.311185006460382" "0.311185006460382" "beta :"           
[43] "1"                
[1] " old Likelihood:  -9840852.86662462"
[1] "New Likelihood:  -9840850.63078486"
iter:  0  f-value:  32858.08  pgrad:  0.62237 
iter:  10  f-value:  32858.08  pgrad:  0.6219573 
iter:  20  f-value:  32858.08  pgrad:  0.620594 
iter:  30  f-value:  32858.08  pgrad:  0.5198672 
  Unsuccessful convergence.
Time difference of 9.522647 mins
[1] "maxIt: 20"
[1] "It: 19"
 [1] "sigma:"            "0.983863121261639" "0.983863121261639"
 [4] "0.983863121261639" "0.983863121261639" "0.983863121261639"
 [7] "0.983863121261639" "0.983863121261639" "0.983863121261639"
[10] "0.983863121261639" "0.983863121261639" "0.983863121261639"
[13] "0.983863121261639" "0.983863121261639" "0.983863121261639"
[16] "0.983863121261639" "0.983863121261639" "0.983863121261639"
[19] "0.983863121261639" "0.309828044301357" "0.309828044301357"
[22] "0.309828044301357" "0.309828044301357" "0.309828044301357"
[25] "0.309828044301357" "0.309828044301357" "0.309828044301357"
[28] "0.309828044301357" "0.309828044301357" "0.309828044301357"
[31] "0.309828044301357" "0.309828044301357" "0.309828044301357"
[34] "0.309828044301357" "0.309828044301357" "0.309828044301357"
[37] "0.309828044301357" "0.309828044301357" "0.309828044301357"
[40] "0.309828044301357" "0.309828044301357" "beta :"           
[43] "1"                
[1] 9841065
[1] 9840849
[1] 9841465
 [1] "sigma:"            "0.983863121261639" "0.983863121261639"
 [4] "0.983863121261639" "0.983863121261639" "0.983863121261639"
 [7] "0.983863121261639" "0.983863121261639" "0.983863121261639"
[10] "0.983863121261639" "0.983863121261639" "0.983863121261639"
[13] "0.983863121261639" "0.983863121261639" "0.983863121261639"
[16] "0.983863121261639" "0.983863121261639" "0.983863121261639"
[19] "0.983863121261639" "0.309828044301357" "0.309828044301357"
[22] "0.309828044301357" "0.309828044301357" "0.309828044301357"
[25] "0.309828044301357" "0.309828044301357" "0.309828044301357"
[28] "0.309828044301357" "0.309828044301357" "0.309828044301357"
[31] "0.309828044301357" "0.309828044301357" "0.309828044301357"
[34] "0.309828044301357" "0.309828044301357" "0.309828044301357"
[37] "0.309828044301357" "0.309828044301357" "0.309828044301357"
[40] "0.309828044301357" "0.309828044301357" "beta :"           
[43] "1"                
[1] " old Likelihood:  -9840850.63078486"
[1] "New Likelihood:  -9840848.54205046"
iter:  0  f-value:  32891.22  pgrad:  0.6196561 
iter:  10  f-value:  32891.22  pgrad:  0.6192476 
iter:  20  f-value:  32891.21  pgrad:  0.6178259 
iter:  30  f-value:  32891.21  pgrad:  0.444852 
  Unsuccessful convergence.
Time difference of 9.550271 mins
[1] "maxIt: 20"
[1] "It: 20"
 [1] "sigma:"            "0.983930259984216" "0.983930259984216"
 [4] "0.983930259984216" "0.983930259984216" "0.983930259984216"
 [7] "0.983930259984216" "0.983930259984216" "0.983930259984216"
[10] "0.983930259984216" "0.983930259984216" "0.983930259984216"
[13] "0.983930259984216" "0.983930259984216" "0.983930259984216"
[16] "0.983930259984216" "0.983930259984216" "0.983930259984216"
[19] "0.983930259984216" "0.308466272688243" "0.308466272688243"
[22] "0.308466272688243" "0.308466272688243" "0.308466272688243"
[25] "0.308466272688243" "0.308466272688243" "0.308466272688243"
[28] "0.308466272688243" "0.308466272688243" "0.308466272688243"
[31] "0.308466272688243" "0.308466272688243" "0.308466272688243"
[34] "0.308466272688243" "0.308466272688243" "0.308466272688243"
[37] "0.308466272688243" "0.308466272688243" "0.308466272688243"
[40] "0.308466272688243" "0.308466272688243" "beta :"           
[43] "1"                
[1] 9841064
[1] 9840847
[1] 9841462
 [1] "sigma:"            "0.983930259984216" "0.983930259984216"
 [4] "0.983930259984216" "0.983930259984216" "0.983930259984216"
 [7] "0.983930259984216" "0.983930259984216" "0.983930259984216"
[10] "0.983930259984216" "0.983930259984216" "0.983930259984216"
[13] "0.983930259984216" "0.983930259984216" "0.983930259984216"
[16] "0.983930259984216" "0.983930259984216" "0.983930259984216"
[19] "0.983930259984216" "0.308466272688243" "0.308466272688243"
[22] "0.308466272688243" "0.308466272688243" "0.308466272688243"
[25] "0.308466272688243" "0.308466272688243" "0.308466272688243"
[28] "0.308466272688243" "0.308466272688243" "0.308466272688243"
[31] "0.308466272688243" "0.308466272688243" "0.308466272688243"
[34] "0.308466272688243" "0.308466272688243" "0.308466272688243"
[37] "0.308466272688243" "0.308466272688243" "0.308466272688243"
[40] "0.308466272688243" "0.308466272688243" "beta :"           
[43] "1"                
[1] " old Likelihood:  -9840848.54205046"
[1] "New Likelihood:  -9840846.53761554"
iter:  0  f-value:  32923.85  pgrad:  0.6169325 
iter:  10  f-value:  32923.85  pgrad:  0.6165384 
iter:  20  f-value:  32923.85  pgrad:  0.6151858 
iter:  30  f-value:  32923.85  pgrad:  0.4898902 
  Unsuccessful convergence.
Time difference of 9.552609 mins
 [1] "sigma:"            "0.983981849791259" "0.983981849791259"
 [4] "0.983981849791259" "0.983981849791259" "0.983981849791259"
 [7] "0.983981849791259" "0.983981849791259" "0.983981849791259"
[10] "0.983981849791259" "0.983981849791259" "0.983981849791259"
[13] "0.983981849791259" "0.983981849791259" "0.983981849791259"
[16] "0.983981849791259" "0.983981849791259" "0.983981849791259"
[19] "0.983981849791259" "0.307228137884209" "0.307228137884209"
[22] "0.307228137884209" "0.307228137884209" "0.307228137884209"
[25] "0.307228137884209" "0.307228137884209" "0.307228137884209"
[28] "0.307228137884209" "0.307228137884209" "0.307228137884209"
[31] "0.307228137884209" "0.307228137884209" "0.307228137884209"
[34] "0.307228137884209" "0.307228137884209" "0.307228137884209"
[37] "0.307228137884209" "0.307228137884209" "0.307228137884209"
[40] "0.307228137884209" "0.307228137884209" "beta :"           
[43] "1"                
[1] 1999868 1999366 1999586 1996788 1999850
[1] 1 1 1 1 1
saved RDS
inference successful
