[1] "Original length"
[1] 999831
[1] "Final length"
[1] 21648
[1] "sequence length : 999832" "sequence length : 999819"
[3] "sequence length : 999930" "sequence length : 999733"
[5] "sequence length : 999809"
[1] 1 1 1 1 1
[1] "Beta: 1"
[1] "Self: 0.5"
 [1] 0 0 0 0 0 0 0 0 0 0 0 0 0 0 0 0 0 0 0 0
[1] "maxIt: 20"
[1] "It: 1"
 [1] "sigma:" "0.5"    "0.5"    "0.5"    "0.5"    "0.5"    "0.5"    "0.5"   
 [9] "0.5"    "0.5"    "0.5"    "0.5"    "0.5"    "0.5"    "0.5"    "0.5"   
[17] "0.5"    "0.5"    "0.5"    "0"      "0"      "0"      "0"      "0"     
[25] "0"      "0"      "0"      "0"      "0"      "0"      "0"      "0"     
[33] "0"      "0"      "0"      "0"      "0"      "0"      "0"      "0"     
[41] "0"      "beta :" "1"     
[1] 10005333
[1] 10005267
[1] 10005236
[1] 10005194
[1] 10005142
[1] 10005086
[1] 10005050
[1] 10005047
[1] 10005088
[1] 10005206
[1] 10005447
[1] 10005867
[1] 10006527
[1] 10007470
[1] 10008654
[1] 10009895
[1] 10010874
[1] 10011321
[1] 10011619
[1] 10011836
[1] 10011880
 [1] "sigma:" "0.7205" "0.7205" "0.7205" "0.7205" "0.7205" "0.7205" "0.7205"
 [9] "0.7205" "0.7205" "0.7205" "0.7205" "0.7205" "0.7205" "0.7205" "0.425" 
[17] "0.425"  "0.425"  "0.425"  "0.425"  "0.425"  "0.425"  "0.425"  "0.425" 
[25] "0.425"  "0.425"  "0.425"  "0.425"  "0.425"  "0.425"  "0.425"  "0.425" 
[33] "0.425"  "0.425"  "0.425"  "0.425"  "0.425"  "0.425"  "0.425"  "0.425" 
[41] "0.425"  "beta :" "1"     
[1] "New Likelihood:  -10005047.1787563"
iter:  0  f-value:  32614.62  pgrad:  0.85 
iter:  10  f-value:  32614.25  pgrad:  0.8454076 
iter:  20  f-value:  32614.22  pgrad:  0.8409579 
iter:  30  f-value:  32614.2  pgrad:  0.838007 
  Unsuccessful convergence.
Time difference of 35.09759 mins
[1] "maxIt: 20"
[1] "It: 2"
 [1] "sigma:"            "0.724060201708656" "0.724060201708656"
 [4] "0.724060201708656" "0.724060201708656" "0.724060201708656"
 [7] "0.724060201708656" "0.724060201708656" "0.724060201708656"
[10] "0.724060201708656" "0.724060201708656" "0.724060201708656"
[13] "0.724060201708656" "0.724060201708656" "0.724060201708656"
[16] "0.418787133034174" "0.418787133034174" "0.418787133034174"
[19] "0.418787133034174" "0.418787133034174" "0.418787133034174"
[22] "0.418787133034174" "0.418787133034174" "0.418787133034174"
[25] "0.418787133034174" "0.418787133034174" "0.418787133034174"
[28] "0.418787133034174" "0.418787133034174" "0.418787133034174"
[31] "0.418787133034174" "0.418787133034174" "0.418787133034174"
[34] "0.418787133034174" "0.418787133034174" "0.418787133034174"
[37] "0.418787133034174" "0.418787133034174" "0.418787133034174"
[40] "0.418787133034174" "0.418787133034174" "beta :"           
[43] "1"                
[1] 10004663
[1] 10004736
[1] 10005011
 [1] "sigma:"            "0.944560201708656" "0.944560201708656"
 [4] "0.944560201708656" "0.944560201708656" "0.944560201708656"
 [7] "0.944560201708656" "0.944560201708656" "0.944560201708656"
[10] "0.944560201708656" "0.944560201708656" "0.944560201708656"
[13] "0.944560201708656" "0.393787133034174" "0.393787133034174"
[16] "0.393787133034174" "0.393787133034174" "0.393787133034174"
[19] "0.393787133034174" "0.393787133034174" "0.393787133034174"
[22] "0.393787133034174" "0.393787133034174" "0.393787133034174"
[25] "0.393787133034174" "0.393787133034174" "0.393787133034174"
[28] "0.393787133034174" "0.393787133034174" "0.393787133034174"
[31] "0.393787133034174" "0.393787133034174" "0.393787133034174"
[34] "0.393787133034174" "0.393787133034174" "0.393787133034174"
[37] "0.393787133034174" "0.393787133034174" "0.393787133034174"
[40] "0.393787133034174" "0.393787133034174" "beta :"           
[43] "1"                
[1] " old Likelihood:  -10005047.1787563"
[1] "New Likelihood:  -10004662.5978448"
iter:  0  f-value:  33452.59  pgrad:  0.5036431 
iter:  10  f-value:  33452.3  pgrad:  0.7862772 
iter:  20  f-value:  33452.24  pgrad:  0.7799687 
iter:  30  f-value:  33452.22  pgrad:  0.7765369 
  Unsuccessful convergence.
Time difference of 16.51111 mins
[1] "maxIt: 20"
[1] "It: 3"
 [1] "sigma:"            "0.947336065091024" "0.947336065091024"
 [4] "0.947336065091024" "0.947336065091024" "0.947336065091024"
 [7] "0.947336065091024" "0.947336065091024" "0.947336065091024"
[10] "0.947336065091024" "0.947336065091024" "0.947336065091024"
[13] "0.947336065091024" "0.388109592288808" "0.388109592288808"
[16] "0.388109592288808" "0.388109592288808" "0.388109592288808"
[19] "0.388109592288808" "0.388109592288808" "0.388109592288808"
[22] "0.388109592288808" "0.388109592288808" "0.388109592288808"
[25] "0.388109592288808" "0.388109592288808" "0.388109592288808"
[28] "0.388109592288808" "0.388109592288808" "0.388109592288808"
[31] "0.388109592288808" "0.388109592288808" "0.388109592288808"
[34] "0.388109592288808" "0.388109592288808" "0.388109592288808"
[37] "0.388109592288808" "0.388109592288808" "0.388109592288808"
[40] "0.388109592288808" "0.388109592288808" "beta :"           
[43] "1"                
[1] 10004592
[1] 10004531
[1] 10004623
 [1] "sigma:"            "0.971836065091024" "0.971836065091024"
 [4] "0.971836065091024" "0.971836065091024" "0.971836065091024"
 [7] "0.971836065091024" "0.971836065091024" "0.971836065091024"
[10] "0.971836065091024" "0.971836065091024" "0.971836065091024"
[13] "0.971836065091024" "0.388109592288808" "0.388109592288808"
[16] "0.388109592288808" "0.388109592288808" "0.388109592288808"
[19] "0.388109592288808" "0.388109592288808" "0.388109592288808"
[22] "0.388109592288808" "0.388109592288808" "0.388109592288808"
[25] "0.388109592288808" "0.388109592288808" "0.388109592288808"
[28] "0.388109592288808" "0.388109592288808" "0.388109592288808"
[31] "0.388109592288808" "0.388109592288808" "0.388109592288808"
[34] "0.388109592288808" "0.388109592288808" "0.388109592288808"
[37] "0.388109592288808" "0.388109592288808" "0.388109592288808"
[40] "0.388109592288808" "0.388109592288808" "beta :"           
[43] "1"                
[1] " old Likelihood:  -10004662.5978448"
[1] "New Likelihood:  -10004531.2753945"
iter:  0  f-value:  33447.14  pgrad:  0.5021744 
iter:  10  f-value:  33446.99  pgrad:  0.7741282 
iter:  20  f-value:  33446.96  pgrad:  0.769285 
iter:  30  f-value:  33446.94  pgrad:  0.6275513 
  Unsuccessful convergence.
Time difference of 10.47937 mins
[1] "maxIt: 20"
[1] "It: 4"
 [1] "sigma:"            "0.974206898411141" "0.974206898411141"
 [4] "0.974206898411141" "0.974206898411141" "0.974206898411141"
 [7] "0.974206898411141" "0.974206898411141" "0.974206898411141"
[10] "0.974206898411141" "0.974206898411141" "0.974206898411141"
[13] "0.974206898411141" "0.382390574818388" "0.382390574818388"
[16] "0.382390574818388" "0.382390574818388" "0.382390574818388"
[19] "0.382390574818388" "0.382390574818388" "0.382390574818388"
[22] "0.382390574818388" "0.382390574818388" "0.382390574818388"
[25] "0.382390574818388" "0.382390574818388" "0.382390574818388"
[28] "0.382390574818388" "0.382390574818388" "0.382390574818388"
[31] "0.382390574818388" "0.382390574818388" "0.382390574818388"
[34] "0.382390574818388" "0.382390574818388" "0.382390574818388"
[37] "0.382390574818388" "0.382390574818388" "0.382390574818388"
[40] "0.382390574818388" "0.382390574818388" "beta :"           
[43] "1"                
[1] 10004534
[1] 10004468
[1] 10004556
 [1] "sigma:"            "0.974206898411141" "0.974206898411141"
 [4] "0.974206898411141" "0.974206898411141" "0.974206898411141"
 [7] "0.974206898411141" "0.974206898411141" "0.974206898411141"
[10] "0.974206898411141" "0.974206898411141" "0.974206898411141"
[13] "0.974206898411141" "0.382390574818388" "0.382390574818388"
[16] "0.382390574818388" "0.382390574818388" "0.382390574818388"
[19] "0.382390574818388" "0.382390574818388" "0.382390574818388"
[22] "0.382390574818388" "0.382390574818388" "0.382390574818388"
[25] "0.382390574818388" "0.382390574818388" "0.382390574818388"
[28] "0.382390574818388" "0.382390574818388" "0.382390574818388"
[31] "0.382390574818388" "0.382390574818388" "0.382390574818388"
[34] "0.382390574818388" "0.382390574818388" "0.382390574818388"
[37] "0.382390574818388" "0.382390574818388" "0.382390574818388"
[40] "0.382390574818388" "0.382390574818388" "beta :"           
[43] "1"                
[1] " old Likelihood:  -10004531.2753945"
[1] "New Likelihood:  -10004467.9505721"
iter:  0  f-value:  33524.92  pgrad:  0.7647811 
iter:  10  f-value:  33524.84  pgrad:  0.7626272 
iter:  20  f-value:  33524.82  pgrad:  0.7591757 
iter:  30  f-value:  33524.81  pgrad:  0.7573935 
  Unsuccessful convergence.
Time difference of 9.92899 mins
[1] "maxIt: 20"
[1] "It: 5"
 [1] "sigma:"            "0.97548981246942"  "0.97548981246942" 
 [4] "0.97548981246942"  "0.97548981246942"  "0.97548981246942" 
 [7] "0.97548981246942"  "0.97548981246942"  "0.97548981246942" 
[10] "0.97548981246942"  "0.97548981246942"  "0.97548981246942" 
[13] "0.97548981246942"  "0.378638758001621" "0.378638758001621"
[16] "0.378638758001621" "0.378638758001621" "0.378638758001621"
[19] "0.378638758001621" "0.378638758001621" "0.378638758001621"
[22] "0.378638758001621" "0.378638758001621" "0.378638758001621"
[25] "0.378638758001621" "0.378638758001621" "0.378638758001621"
[28] "0.378638758001621" "0.378638758001621" "0.378638758001621"
[31] "0.378638758001621" "0.378638758001621" "0.378638758001621"
[34] "0.378638758001621" "0.378638758001621" "0.378638758001621"
[37] "0.378638758001621" "0.378638758001621" "0.378638758001621"
[40] "0.378638758001621" "0.378638758001621" "beta :"           
[43] "1"                
[1] 10004501
[1] 10004432
[1] 10004519
 [1] "sigma:"            "0.97548981246942"  "0.97548981246942" 
 [4] "0.97548981246942"  "0.97548981246942"  "0.97548981246942" 
 [7] "0.97548981246942"  "0.97548981246942"  "0.97548981246942" 
[10] "0.97548981246942"  "0.97548981246942"  "0.97548981246942" 
[13] "0.97548981246942"  "0.378638758001621" "0.378638758001621"
[16] "0.378638758001621" "0.378638758001621" "0.378638758001621"
[19] "0.378638758001621" "0.378638758001621" "0.378638758001621"
[22] "0.378638758001621" "0.378638758001621" "0.378638758001621"
[25] "0.378638758001621" "0.378638758001621" "0.378638758001621"
[28] "0.378638758001621" "0.378638758001621" "0.378638758001621"
[31] "0.378638758001621" "0.378638758001621" "0.378638758001621"
[34] "0.378638758001621" "0.378638758001621" "0.378638758001621"
[37] "0.378638758001621" "0.378638758001621" "0.378638758001621"
[40] "0.378638758001621" "0.378638758001621" "beta :"           
[43] "1"                
[1] " old Likelihood:  -10004467.9505721"
[1] "New Likelihood:  -10004431.9455158"
iter:  0  f-value:  33582.45  pgrad:  0.7572775 
iter:  10  f-value:  33582.39  pgrad:  0.7556888 
iter:  20  f-value:  33582.37  pgrad:  0.7517538 
iter:  30  f-value:  33582.36  pgrad:  0.6545451 
  Unsuccessful convergence.
Time difference of 9.923733 mins
[1] "maxIt: 20"
[1] "It: 6"
 [1] "sigma:"            "0.977399365068119" "0.977399365068119"
 [4] "0.977399365068119" "0.977399365068119" "0.977399365068119"
 [7] "0.977399365068119" "0.977399365068119" "0.977399365068119"
[10] "0.977399365068119" "0.977399365068119" "0.977399365068119"
[13] "0.977399365068119" "0.374407965166178" "0.374407965166178"
[16] "0.374407965166178" "0.374407965166178" "0.374407965166178"
[19] "0.374407965166178" "0.374407965166178" "0.374407965166178"
[22] "0.374407965166178" "0.374407965166178" "0.374407965166178"
[25] "0.374407965166178" "0.374407965166178" "0.374407965166178"
[28] "0.374407965166178" "0.374407965166178" "0.374407965166178"
[31] "0.374407965166178" "0.374407965166178" "0.374407965166178"
[34] "0.374407965166178" "0.374407965166178" "0.374407965166178"
[37] "0.374407965166178" "0.374407965166178" "0.374407965166178"
[40] "0.374407965166178" "0.374407965166178" "beta :"           
[43] "1"                
[1] 10004476
[1] 10004399
[1] 10004482
 [1] "sigma:"            "0.977399365068119" "0.977399365068119"
 [4] "0.977399365068119" "0.977399365068119" "0.977399365068119"
 [7] "0.977399365068119" "0.977399365068119" "0.977399365068119"
[10] "0.977399365068119" "0.977399365068119" "0.977399365068119"
[13] "0.977399365068119" "0.349407965166178" "0.349407965166178"
[16] "0.349407965166178" "0.349407965166178" "0.349407965166178"
[19] "0.349407965166178" "0.349407965166178" "0.349407965166178"
[22] "0.349407965166178" "0.349407965166178" "0.349407965166178"
[25] "0.349407965166178" "0.349407965166178" "0.349407965166178"
[28] "0.349407965166178" "0.349407965166178" "0.349407965166178"
[31] "0.349407965166178" "0.349407965166178" "0.349407965166178"
[34] "0.349407965166178" "0.349407965166178" "0.349407965166178"
[37] "0.349407965166178" "0.349407965166178" "0.349407965166178"
[40] "0.349407965166178" "0.349407965166178" "beta :"           
[43] "1"                
[1] " old Likelihood:  -10004431.9455158"
[1] "New Likelihood:  -10004399.47839"
iter:  0  f-value:  34489.05  pgrad:  0.5004653 
iter:  10  f-value:  34488.95  pgrad:  0.6985184 
iter:  20  f-value:  34488.91  pgrad:  0.6925766 
iter:  30  f-value:  34488.9  pgrad:  0.5076934 
  Unsuccessful convergence.
Time difference of 10.49009 mins
[1] "maxIt: 20"
[1] "It: 7"
 [1] "sigma:"            "0.980085622544575" "0.980085622544575"
 [4] "0.980085622544575" "0.980085622544575" "0.980085622544575"
 [7] "0.980085622544575" "0.980085622544575" "0.980085622544575"
[10] "0.980085622544575" "0.980085622544575" "0.980085622544575"
[13] "0.980085622544575" "0.344536423760487" "0.344536423760487"
[16] "0.344536423760487" "0.344536423760487" "0.344536423760487"
[19] "0.344536423760487" "0.344536423760487" "0.344536423760487"
[22] "0.344536423760487" "0.344536423760487" "0.344536423760487"
[25] "0.344536423760487" "0.344536423760487" "0.344536423760487"
[28] "0.344536423760487" "0.344536423760487" "0.344536423760487"
[31] "0.344536423760487" "0.344536423760487" "0.344536423760487"
[34] "0.344536423760487" "0.344536423760487" "0.344536423760487"
[37] "0.344536423760487" "0.344536423760487" "0.344536423760487"
[40] "0.344536423760487" "0.344536423760487" "beta :"           
[43] "1"                
[1] 10004441
[1] 10004356
[1] 10004430
 [1] "sigma:"            "0.980085622544575" "0.980085622544575"
 [4] "0.980085622544575" "0.980085622544575" "0.980085622544575"
 [7] "0.980085622544575" "0.980085622544575" "0.980085622544575"
[10] "0.980085622544575" "0.980085622544575" "0.980085622544575"
[13] "0.980085622544575" "0.344536423760487" "0.344536423760487"
[16] "0.344536423760487" "0.344536423760487" "0.344536423760487"
[19] "0.344536423760487" "0.344536423760487" "0.344536423760487"
[22] "0.344536423760487" "0.344536423760487" "0.344536423760487"
[25] "0.344536423760487" "0.344536423760487" "0.344536423760487"
[28] "0.344536423760487" "0.344536423760487" "0.344536423760487"
[31] "0.344536423760487" "0.344536423760487" "0.344536423760487"
[34] "0.344536423760487" "0.344536423760487" "0.344536423760487"
[37] "0.344536423760487" "0.344536423760487" "0.344536423760487"
[40] "0.344536423760487" "0.344536423760487" "beta :"           
[43] "1"                
[1] " old Likelihood:  -10004399.47839"
[1] "New Likelihood:  -10004356.2311415"
iter:  0  f-value:  34527.35  pgrad:  0.5026121 
iter:  10  f-value:  34527.31  pgrad:  0.6884459 
iter:  20  f-value:  34527.29  pgrad:  0.605869 
iter:  30  f-value:  34527.28  pgrad:  0.4911047 
  Unsuccessful convergence.
Time difference of 9.847921 mins
[1] "maxIt: 20"
[1] "It: 8"
 [1] "sigma:"            "0.981964828565435" "0.981964828565435"
 [4] "0.981964828565435" "0.981964828565435" "0.981964828565435"
 [7] "0.981964828565435" "0.981964828565435" "0.981964828565435"
[10] "0.981964828565435" "0.981964828565435" "0.981964828565435"
[13] "0.981964828565435" "0.340831592696072" "0.340831592696072"
[16] "0.340831592696072" "0.340831592696072" "0.340831592696072"
[19] "0.340831592696072" "0.340831592696072" "0.340831592696072"
[22] "0.340831592696072" "0.340831592696072" "0.340831592696072"
[25] "0.340831592696072" "0.340831592696072" "0.340831592696072"
[28] "0.340831592696072" "0.340831592696072" "0.340831592696072"
[31] "0.340831592696072" "0.340831592696072" "0.340831592696072"
[34] "0.340831592696072" "0.340831592696072" "0.340831592696072"
[37] "0.340831592696072" "0.340831592696072" "0.340831592696072"
[40] "0.340831592696072" "0.340831592696072" "beta :"           
[43] "1"                
[1] 10004424
[1] 10004335
[1] 10004406
 [1] "sigma:"            "0.981964828565435" "0.981964828565435"
 [4] "0.981964828565435" "0.981964828565435" "0.981964828565435"
 [7] "0.981964828565435" "0.981964828565435" "0.981964828565435"
[10] "0.981964828565435" "0.981964828565435" "0.981964828565435"
[13] "0.981964828565435" "0.340831592696072" "0.340831592696072"
[16] "0.340831592696072" "0.340831592696072" "0.340831592696072"
[19] "0.340831592696072" "0.340831592696072" "0.340831592696072"
[22] "0.340831592696072" "0.340831592696072" "0.340831592696072"
[25] "0.340831592696072" "0.340831592696072" "0.340831592696072"
[28] "0.340831592696072" "0.340831592696072" "0.340831592696072"
[31] "0.340831592696072" "0.340831592696072" "0.340831592696072"
[34] "0.340831592696072" "0.340831592696072" "0.340831592696072"
[37] "0.340831592696072" "0.340831592696072" "0.340831592696072"
[40] "0.340831592696072" "0.340831592696072" "beta :"           
[43] "1"                
[1] " old Likelihood:  -10004356.2311415"
[1] "New Likelihood:  -10004334.9401138"
iter:  0  f-value:  34574.23  pgrad:  0.6816632 
iter:  10  f-value:  34574.2  pgrad:  0.6804976 
iter:  20  f-value:  34574.2  pgrad:  0.6780334 
iter:  30  f-value:  34574.19  pgrad:  0.5064895 
  Unsuccessful convergence.
Time difference of 9.863699 mins
[1] "maxIt: 20"
[1] "It: 9"
 [1] "sigma:"            "0.983296992182829" "0.983296992182829"
 [4] "0.983296992182829" "0.983296992182829" "0.983296992182829"
 [7] "0.983296992182829" "0.983296992182829" "0.983296992182829"
[10] "0.983296992182829" "0.983296992182829" "0.983296992182829"
[13] "0.983296992182829" "0.337861011840342" "0.337861011840342"
[16] "0.337861011840342" "0.337861011840342" "0.337861011840342"
[19] "0.337861011840342" "0.337861011840342" "0.337861011840342"
[22] "0.337861011840342" "0.337861011840342" "0.337861011840342"
[25] "0.337861011840342" "0.337861011840342" "0.337861011840342"
[28] "0.337861011840342" "0.337861011840342" "0.337861011840342"
[31] "0.337861011840342" "0.337861011840342" "0.337861011840342"
[34] "0.337861011840342" "0.337861011840342" "0.337861011840342"
[37] "0.337861011840342" "0.337861011840342" "0.337861011840342"
[40] "0.337861011840342" "0.337861011840342" "beta :"           
[43] "1"                
[1] 10004412
[1] 10004321
[1] 10004391
 [1] "sigma:"            "0.983296992182829" "0.983296992182829"
 [4] "0.983296992182829" "0.983296992182829" "0.983296992182829"
 [7] "0.983296992182829" "0.983296992182829" "0.983296992182829"
[10] "0.983296992182829" "0.983296992182829" "0.983296992182829"
[13] "0.983296992182829" "0.337861011840342" "0.337861011840342"
[16] "0.337861011840342" "0.337861011840342" "0.337861011840342"
[19] "0.337861011840342" "0.337861011840342" "0.337861011840342"
[22] "0.337861011840342" "0.337861011840342" "0.337861011840342"
[25] "0.337861011840342" "0.337861011840342" "0.337861011840342"
[28] "0.337861011840342" "0.337861011840342" "0.337861011840342"
[31] "0.337861011840342" "0.337861011840342" "0.337861011840342"
[34] "0.337861011840342" "0.337861011840342" "0.337861011840342"
[37] "0.337861011840342" "0.337861011840342" "0.337861011840342"
[40] "0.337861011840342" "0.337861011840342" "beta :"           
[43] "1"                
[1] " old Likelihood:  -10004334.9401138"
[1] "New Likelihood:  -10004321.0648967"
iter:  0  f-value:  34621.76  pgrad:  0.675722 
iter:  10  f-value:  34621.73  pgrad:  0.6748695 
iter:  20  f-value:  34621.73  pgrad:  0.6721548 
iter:  30  f-value:  34621.73  pgrad:  0.6151822 
  Unsuccessful convergence.
Time difference of 9.895269 mins
[1] "maxIt: 20"
[1] "It: 10"
 [1] "sigma:"            "0.984056171103331" "0.984056171103331"
 [4] "0.984056171103331" "0.984056171103331" "0.984056171103331"
 [7] "0.984056171103331" "0.984056171103331" "0.984056171103331"
[10] "0.984056171103331" "0.984056171103331" "0.984056171103331"
[13] "0.984056171103331" "0.33554000215015"  "0.33554000215015" 
[16] "0.33554000215015"  "0.33554000215015"  "0.33554000215015" 
[19] "0.33554000215015"  "0.33554000215015"  "0.33554000215015" 
[22] "0.33554000215015"  "0.33554000215015"  "0.33554000215015" 
[25] "0.33554000215015"  "0.33554000215015"  "0.33554000215015" 
[28] "0.33554000215015"  "0.33554000215015"  "0.33554000215015" 
[31] "0.33554000215015"  "0.33554000215015"  "0.33554000215015" 
[34] "0.33554000215015"  "0.33554000215015"  "0.33554000215015" 
[37] "0.33554000215015"  "0.33554000215015"  "0.33554000215015" 
[40] "0.33554000215015"  "0.33554000215015"  "beta :"           
[43] "1"                
[1] 10004403
[1] 10004311
[1] 10004382
 [1] "sigma:"            "0.984056171103331" "0.984056171103331"
 [4] "0.984056171103331" "0.984056171103331" "0.984056171103331"
 [7] "0.984056171103331" "0.984056171103331" "0.984056171103331"
[10] "0.984056171103331" "0.984056171103331" "0.984056171103331"
[13] "0.984056171103331" "0.33554000215015"  "0.33554000215015" 
[16] "0.33554000215015"  "0.33554000215015"  "0.33554000215015" 
[19] "0.33554000215015"  "0.33554000215015"  "0.33554000215015" 
[22] "0.33554000215015"  "0.33554000215015"  "0.33554000215015" 
[25] "0.33554000215015"  "0.33554000215015"  "0.33554000215015" 
[28] "0.33554000215015"  "0.33554000215015"  "0.33554000215015" 
[31] "0.33554000215015"  "0.33554000215015"  "0.33554000215015" 
[34] "0.33554000215015"  "0.33554000215015"  "0.33554000215015" 
[37] "0.33554000215015"  "0.33554000215015"  "0.33554000215015" 
[40] "0.33554000215015"  "0.33554000215015"  "beta :"           
[43] "1"                
[1] " old Likelihood:  -10004321.0648967"
[1] "New Likelihood:  -10004311.1869838"
iter:  0  f-value:  34664.55  pgrad:  0.67108 
iter:  10  f-value:  34664.54  pgrad:  0.6703659 
iter:  20  f-value:  34664.53  pgrad:  0.6681834 
iter:  30  f-value:  34664.53  pgrad:  0.6678252 
  Unsuccessful convergence.
Time difference of 9.895614 mins
[1] "maxIt: 20"
[1] "It: 11"
 [1] "sigma:"            "0.984491059384665" "0.984491059384665"
 [4] "0.984491059384665" "0.984491059384665" "0.984491059384665"
 [7] "0.984491059384665" "0.984491059384665" "0.984491059384665"
[10] "0.984491059384665" "0.984491059384665" "0.984491059384665"
[13] "0.984491059384665" "0.333763427509819" "0.333763427509819"
[16] "0.333763427509819" "0.333763427509819" "0.333763427509819"
[19] "0.333763427509819" "0.333763427509819" "0.333763427509819"
[22] "0.333763427509819" "0.333763427509819" "0.333763427509819"
[25] "0.333763427509819" "0.333763427509819" "0.333763427509819"
[28] "0.333763427509819" "0.333763427509819" "0.333763427509819"
[31] "0.333763427509819" "0.333763427509819" "0.333763427509819"
[34] "0.333763427509819" "0.333763427509819" "0.333763427509819"
[37] "0.333763427509819" "0.333763427509819" "0.333763427509819"
[40] "0.333763427509819" "0.333763427509819" "beta :"           
[43] "1"                
[1] 10004397
[1] 10004304
[1] 10004375
 [1] "sigma:"            "0.984491059384665" "0.984491059384665"
 [4] "0.984491059384665" "0.984491059384665" "0.984491059384665"
 [7] "0.984491059384665" "0.984491059384665" "0.984491059384665"
[10] "0.984491059384665" "0.984491059384665" "0.984491059384665"
[13] "0.984491059384665" "0.333763427509819" "0.333763427509819"
[16] "0.333763427509819" "0.333763427509819" "0.333763427509819"
[19] "0.333763427509819" "0.333763427509819" "0.333763427509819"
[22] "0.333763427509819" "0.333763427509819" "0.333763427509819"
[25] "0.333763427509819" "0.333763427509819" "0.333763427509819"
[28] "0.333763427509819" "0.333763427509819" "0.333763427509819"
[31] "0.333763427509819" "0.333763427509819" "0.333763427509819"
[34] "0.333763427509819" "0.333763427509819" "0.333763427509819"
[37] "0.333763427509819" "0.333763427509819" "0.333763427509819"
[40] "0.333763427509819" "0.333763427509819" "beta :"           
[43] "1"                
[1] " old Likelihood:  -10004311.1869838"
[1] "New Likelihood:  -10004303.8204704"
iter:  0  f-value:  34698.81  pgrad:  0.6675269 
iter:  10  f-value:  34698.8  pgrad:  0.6668585 
iter:  20  f-value:  34698.79  pgrad:  0.6641104 
iter:  30  f-value:  34698.79  pgrad:  0.6631418 
  Unsuccessful convergence.
Time difference of 9.888215 mins
[1] "maxIt: 20"
[1] "It: 12"
 [1] "sigma:"            "0.985133300753005" "0.985133300753005"
 [4] "0.985133300753005" "0.985133300753005" "0.985133300753005"
 [7] "0.985133300753005" "0.985133300753005" "0.985133300753005"
[10] "0.985133300753005" "0.985133300753005" "0.985133300753005"
[13] "0.985133300753005" "0.331565436846615" "0.331565436846615"
[16] "0.331565436846615" "0.331565436846615" "0.331565436846615"
[19] "0.331565436846615" "0.331565436846615" "0.331565436846615"
[22] "0.331565436846615" "0.331565436846615" "0.331565436846615"
[25] "0.331565436846615" "0.331565436846615" "0.331565436846615"
[28] "0.331565436846615" "0.331565436846615" "0.331565436846615"
[31] "0.331565436846615" "0.331565436846615" "0.331565436846615"
[34] "0.331565436846615" "0.331565436846615" "0.331565436846615"
[37] "0.331565436846615" "0.331565436846615" "0.331565436846615"
[40] "0.331565436846615" "0.331565436846615" "beta :"           
[43] "1"                
[1] 10004391
[1] 10004297
[1] 10004368
 [1] "sigma:"            "0.985133300753005" "0.985133300753005"
 [4] "0.985133300753005" "0.985133300753005" "0.985133300753005"
 [7] "0.985133300753005" "0.985133300753005" "0.985133300753005"
[10] "0.985133300753005" "0.985133300753005" "0.985133300753005"
[13] "0.985133300753005" "0.331565436846615" "0.331565436846615"
[16] "0.331565436846615" "0.331565436846615" "0.331565436846615"
[19] "0.331565436846615" "0.331565436846615" "0.331565436846615"
[22] "0.331565436846615" "0.331565436846615" "0.331565436846615"
[25] "0.331565436846615" "0.331565436846615" "0.331565436846615"
[28] "0.331565436846615" "0.331565436846615" "0.331565436846615"
[31] "0.331565436846615" "0.331565436846615" "0.331565436846615"
[34] "0.331565436846615" "0.331565436846615" "0.331565436846615"
[37] "0.331565436846615" "0.331565436846615" "0.331565436846615"
[40] "0.331565436846615" "0.331565436846615" "beta :"           
[43] "1"                
[1] " old Likelihood:  -10004303.8204704"
[1] "New Likelihood:  -10004296.7914225"
iter:  0  f-value:  34745.13  pgrad:  0.6631309 
iter:  10  f-value:  34745.12  pgrad:  0.6624127 
iter:  20  f-value:  34745.12  pgrad:  0.660262 
iter:  30  f-value:  34745.12  pgrad:  0.6600281 
  Unsuccessful convergence.
Time difference of 9.908602 mins
[1] "maxIt: 20"
[1] "It: 13"
 [1] "sigma:"            "0.985514449954612" "0.985514449954612"
 [4] "0.985514449954612" "0.985514449954612" "0.985514449954612"
 [7] "0.985514449954612" "0.985514449954612" "0.985514449954612"
[10] "0.985514449954612" "0.985514449954612" "0.985514449954612"
[13] "0.985514449954612" "0.329684542766173" "0.329684542766173"
[16] "0.329684542766173" "0.329684542766173" "0.329684542766173"
[19] "0.329684542766173" "0.329684542766173" "0.329684542766173"
[22] "0.329684542766173" "0.329684542766173" "0.329684542766173"
[25] "0.329684542766173" "0.329684542766173" "0.329684542766173"
[28] "0.329684542766173" "0.329684542766173" "0.329684542766173"
[31] "0.329684542766173" "0.329684542766173" "0.329684542766173"
[34] "0.329684542766173" "0.329684542766173" "0.329684542766173"
[37] "0.329684542766173" "0.329684542766173" "0.329684542766173"
[40] "0.329684542766173" "0.329684542766173" "beta :"           
[43] "1"                
[1] 10004386
[1] 10004291
[1] 10004362
 [1] "sigma:"            "0.985514449954612" "0.985514449954612"
 [4] "0.985514449954612" "0.985514449954612" "0.985514449954612"
 [7] "0.985514449954612" "0.985514449954612" "0.985514449954612"
[10] "0.985514449954612" "0.985514449954612" "0.985514449954612"
[13] "0.985514449954612" "0.329684542766173" "0.329684542766173"
[16] "0.329684542766173" "0.329684542766173" "0.329684542766173"
[19] "0.329684542766173" "0.329684542766173" "0.329684542766173"
[22] "0.329684542766173" "0.329684542766173" "0.329684542766173"
[25] "0.329684542766173" "0.329684542766173" "0.329684542766173"
[28] "0.329684542766173" "0.329684542766173" "0.329684542766173"
[31] "0.329684542766173" "0.329684542766173" "0.329684542766173"
[34] "0.329684542766173" "0.329684542766173" "0.329684542766173"
[37] "0.329684542766173" "0.329684542766173" "0.329684542766173"
[40] "0.329684542766173" "0.329684542766173" "beta :"           
[43] "1"                
[1] " old Likelihood:  -10004296.7914225"
[1] "New Likelihood:  -10004290.9814175"
iter:  0  f-value:  34786.44  pgrad:  0.6593691 
iter:  10  f-value:  34786.43  pgrad:  0.6587167 
iter:  20  f-value:  34786.43  pgrad:  0.5937909 
iter:  30  f-value:  34786.43  pgrad:  0.4805688 
  Unsuccessful convergence.
Time difference of 9.899031 mins
[1] "maxIt: 20"
[1] "It: 14"
 [1] "sigma:"            "0.985938854361165" "0.985938854361165"
 [4] "0.985938854361165" "0.985938854361165" "0.985938854361165"
 [7] "0.985938854361165" "0.985938854361165" "0.985938854361165"
[10] "0.985938854361165" "0.985938854361165" "0.985938854361165"
[13] "0.985938854361165" "0.327680569007846" "0.327680569007846"
[16] "0.327680569007846" "0.327680569007846" "0.327680569007846"
[19] "0.327680569007846" "0.327680569007846" "0.327680569007846"
[22] "0.327680569007846" "0.327680569007846" "0.327680569007846"
[25] "0.327680569007846" "0.327680569007846" "0.327680569007846"
[28] "0.327680569007846" "0.327680569007846" "0.327680569007846"
[31] "0.327680569007846" "0.327680569007846" "0.327680569007846"
[34] "0.327680569007846" "0.327680569007846" "0.327680569007846"
[37] "0.327680569007846" "0.327680569007846" "0.327680569007846"
[40] "0.327680569007846" "0.327680569007846" "beta :"           
[43] "1"                
[1] 10004381
[1] 10004286
[1] 10004356
 [1] "sigma:"            "0.985938854361165" "0.985938854361165"
 [4] "0.985938854361165" "0.985938854361165" "0.985938854361165"
 [7] "0.985938854361165" "0.985938854361165" "0.985938854361165"
[10] "0.985938854361165" "0.985938854361165" "0.985938854361165"
[13] "0.985938854361165" "0.327680569007846" "0.327680569007846"
[16] "0.327680569007846" "0.327680569007846" "0.327680569007846"
[19] "0.327680569007846" "0.327680569007846" "0.327680569007846"
[22] "0.327680569007846" "0.327680569007846" "0.327680569007846"
[25] "0.327680569007846" "0.327680569007846" "0.327680569007846"
[28] "0.327680569007846" "0.327680569007846" "0.327680569007846"
[31] "0.327680569007846" "0.327680569007846" "0.327680569007846"
[34] "0.327680569007846" "0.327680569007846" "0.327680569007846"
[37] "0.327680569007846" "0.327680569007846" "0.327680569007846"
[40] "0.327680569007846" "0.327680569007846" "beta :"           
[43] "1"                
[1] " old Likelihood:  -10004290.9814175"
[1] "New Likelihood:  -10004285.6991356"
iter:  0  f-value:  34831.54  pgrad:  0.6553611 
iter:  10  f-value:  34831.53  pgrad:  0.6547294 
iter:  20  f-value:  34831.53  pgrad:  0.6535806 
iter:  30  f-value:  34831.53  pgrad:  0.478045 
  Unsuccessful convergence.
Time difference of 9.884841 mins
[1] "maxIt: 20"
[1] "It: 15"
 [1] "sigma:"            "0.986162890347339" "0.986162890347339"
 [4] "0.986162890347339" "0.986162890347339" "0.986162890347339"
 [7] "0.986162890347339" "0.986162890347339" "0.986162890347339"
[10] "0.986162890347339" "0.986162890347339" "0.986162890347339"
[13] "0.986162890347339" "0.325904166782528" "0.325904166782528"
[16] "0.325904166782528" "0.325904166782528" "0.325904166782528"
[19] "0.325904166782528" "0.325904166782528" "0.325904166782528"
[22] "0.325904166782528" "0.325904166782528" "0.325904166782528"
[25] "0.325904166782528" "0.325904166782528" "0.325904166782528"
[28] "0.325904166782528" "0.325904166782528" "0.325904166782528"
[31] "0.325904166782528" "0.325904166782528" "0.325904166782528"
[34] "0.325904166782528" "0.325904166782528" "0.325904166782528"
[37] "0.325904166782528" "0.325904166782528" "0.325904166782528"
[40] "0.325904166782528" "0.325904166782528" "beta :"           
[43] "1"                
[1] 10004378
[1] 10004281
[1] 10004351
 [1] "sigma:"            "0.986162890347339" "0.986162890347339"
 [4] "0.986162890347339" "0.986162890347339" "0.986162890347339"
 [7] "0.986162890347339" "0.986162890347339" "0.986162890347339"
[10] "0.986162890347339" "0.986162890347339" "0.986162890347339"
[13] "0.986162890347339" "0.325904166782528" "0.325904166782528"
[16] "0.325904166782528" "0.325904166782528" "0.325904166782528"
[19] "0.325904166782528" "0.325904166782528" "0.325904166782528"
[22] "0.325904166782528" "0.325904166782528" "0.325904166782528"
[25] "0.325904166782528" "0.325904166782528" "0.325904166782528"
[28] "0.325904166782528" "0.325904166782528" "0.325904166782528"
[31] "0.325904166782528" "0.325904166782528" "0.325904166782528"
[34] "0.325904166782528" "0.325904166782528" "0.325904166782528"
[37] "0.325904166782528" "0.325904166782528" "0.325904166782528"
[40] "0.325904166782528" "0.325904166782528" "beta :"           
[43] "1"                
[1] " old Likelihood:  -10004285.6991356"
[1] "New Likelihood:  -10004280.9990809"
iter:  0  f-value:  34873  pgrad:  0.6518083 
iter:  10  f-value:  34872.99  pgrad:  0.6512146 
iter:  20  f-value:  34872.99  pgrad:  0.650046 
iter:  30  f-value:  34872.99  pgrad:  0.6497139 
  Unsuccessful convergence.
Time difference of 9.922672 mins
[1] "maxIt: 20"
[1] "It: 16"
 [1] "sigma:"            "0.986283239841407" "0.986283239841407"
 [4] "0.986283239841407" "0.986283239841407" "0.986283239841407"
 [7] "0.986283239841407" "0.986283239841407" "0.986283239841407"
[10] "0.986283239841407" "0.986283239841407" "0.986283239841407"
[13] "0.986283239841407" "0.324507538785609" "0.324507538785609"
[16] "0.324507538785609" "0.324507538785609" "0.324507538785609"
[19] "0.324507538785609" "0.324507538785609" "0.324507538785609"
[22] "0.324507538785609" "0.324507538785609" "0.324507538785609"
[25] "0.324507538785609" "0.324507538785609" "0.324507538785609"
[28] "0.324507538785609" "0.324507538785609" "0.324507538785609"
[31] "0.324507538785609" "0.324507538785609" "0.324507538785609"
[34] "0.324507538785609" "0.324507538785609" "0.324507538785609"
[37] "0.324507538785609" "0.324507538785609" "0.324507538785609"
[40] "0.324507538785609" "0.324507538785609" "beta :"           
[43] "1"                
[1] 10004374
[1] 10004277
[1] 10004347
 [1] "sigma:"            "0.986283239841407" "0.986283239841407"
 [4] "0.986283239841407" "0.986283239841407" "0.986283239841407"
 [7] "0.986283239841407" "0.986283239841407" "0.986283239841407"
[10] "0.986283239841407" "0.986283239841407" "0.986283239841407"
[13] "0.986283239841407" "0.324507538785609" "0.324507538785609"
[16] "0.324507538785609" "0.324507538785609" "0.324507538785609"
[19] "0.324507538785609" "0.324507538785609" "0.324507538785609"
[22] "0.324507538785609" "0.324507538785609" "0.324507538785609"
[25] "0.324507538785609" "0.324507538785609" "0.324507538785609"
[28] "0.324507538785609" "0.324507538785609" "0.324507538785609"
[31] "0.324507538785609" "0.324507538785609" "0.324507538785609"
[34] "0.324507538785609" "0.324507538785609" "0.324507538785609"
[37] "0.324507538785609" "0.324507538785609" "0.324507538785609"
[40] "0.324507538785609" "0.324507538785609" "beta :"           
[43] "1"                
[1] " old Likelihood:  -10004280.9990809"
[1] "New Likelihood:  -10004276.9237418"
iter:  0  f-value:  34905.91  pgrad:  0.6490151 
iter:  10  f-value:  34905.9  pgrad:  0.6484409 
iter:  20  f-value:  34905.9  pgrad:  0.588625 
iter:  30  f-value:  34905.9  pgrad:  0.5686888 
  Unsuccessful convergence.
Time difference of 9.911572 mins
[1] "maxIt: 20"
[1] "It: 17"
 [1] "sigma:"            "0.986442262263908" "0.986442262263908"
 [4] "0.986442262263908" "0.986442262263908" "0.986442262263908"
 [7] "0.986442262263908" "0.986442262263908" "0.986442262263908"
[10] "0.986442262263908" "0.986442262263908" "0.986442262263908"
[13] "0.986442262263908" "0.322914383949144" "0.322914383949144"
[16] "0.322914383949144" "0.322914383949144" "0.322914383949144"
[19] "0.322914383949144" "0.322914383949144" "0.322914383949144"
[22] "0.322914383949144" "0.322914383949144" "0.322914383949144"
[25] "0.322914383949144" "0.322914383949144" "0.322914383949144"
[28] "0.322914383949144" "0.322914383949144" "0.322914383949144"
[31] "0.322914383949144" "0.322914383949144" "0.322914383949144"
[34] "0.322914383949144" "0.322914383949144" "0.322914383949144"
[37] "0.322914383949144" "0.322914383949144" "0.322914383949144"
[40] "0.322914383949144" "0.322914383949144" "beta :"           
[43] "1"                
[1] 10004371
[1] 10004273
[1] 10004343
 [1] "sigma:"            "0.986442262263908" "0.986442262263908"
 [4] "0.986442262263908" "0.986442262263908" "0.986442262263908"
 [7] "0.986442262263908" "0.986442262263908" "0.986442262263908"
[10] "0.986442262263908" "0.986442262263908" "0.986442262263908"
[13] "0.986442262263908" "0.322914383949144" "0.322914383949144"
[16] "0.322914383949144" "0.322914383949144" "0.322914383949144"
[19] "0.322914383949144" "0.322914383949144" "0.322914383949144"
[22] "0.322914383949144" "0.322914383949144" "0.322914383949144"
[25] "0.322914383949144" "0.322914383949144" "0.322914383949144"
[28] "0.322914383949144" "0.322914383949144" "0.322914383949144"
[31] "0.322914383949144" "0.322914383949144" "0.322914383949144"
[34] "0.322914383949144" "0.322914383949144" "0.322914383949144"
[37] "0.322914383949144" "0.322914383949144" "0.322914383949144"
[40] "0.322914383949144" "0.322914383949144" "beta :"           
[43] "1"                
[1] " old Likelihood:  -10004276.9237418"
[1] "New Likelihood:  -10004273.0835495"
iter:  0  f-value:  34943.5  pgrad:  0.6458288 
iter:  10  f-value:  34943.49  pgrad:  0.6453891 
iter:  20  f-value:  34943.49  pgrad:  0.643959 
iter:  30  f-value:  34943.49  pgrad:  0.4736562 
  Unsuccessful convergence.
Time difference of 9.90599 mins
[1] "maxIt: 20"
[1] "It: 18"
 [1] "sigma:"            "0.986543598809219" "0.986543598809219"
 [4] "0.986543598809219" "0.986543598809219" "0.986543598809219"
 [7] "0.986543598809219" "0.986543598809219" "0.986543598809219"
[10] "0.986543598809219" "0.986543598809219" "0.986543598809219"
[13] "0.986543598809219" "0.321515538288305" "0.321515538288305"
[16] "0.321515538288305" "0.321515538288305" "0.321515538288305"
[19] "0.321515538288305" "0.321515538288305" "0.321515538288305"
[22] "0.321515538288305" "0.321515538288305" "0.321515538288305"
[25] "0.321515538288305" "0.321515538288305" "0.321515538288305"
[28] "0.321515538288305" "0.321515538288305" "0.321515538288305"
[31] "0.321515538288305" "0.321515538288305" "0.321515538288305"
[34] "0.321515538288305" "0.321515538288305" "0.321515538288305"
[37] "0.321515538288305" "0.321515538288305" "0.321515538288305"
[40] "0.321515538288305" "0.321515538288305" "beta :"           
[43] "1"                
[1] 10004368
[1] 10004270
[1] 10004339
 [1] "sigma:"            "0.986543598809219" "0.986543598809219"
 [4] "0.986543598809219" "0.986543598809219" "0.986543598809219"
 [7] "0.986543598809219" "0.986543598809219" "0.986543598809219"
[10] "0.986543598809219" "0.986543598809219" "0.986543598809219"
[13] "0.986543598809219" "0.321515538288305" "0.321515538288305"
[16] "0.321515538288305" "0.321515538288305" "0.321515538288305"
[19] "0.321515538288305" "0.321515538288305" "0.321515538288305"
[22] "0.321515538288305" "0.321515538288305" "0.321515538288305"
[25] "0.321515538288305" "0.321515538288305" "0.321515538288305"
[28] "0.321515538288305" "0.321515538288305" "0.321515538288305"
[31] "0.321515538288305" "0.321515538288305" "0.321515538288305"
[34] "0.321515538288305" "0.321515538288305" "0.321515538288305"
[37] "0.321515538288305" "0.321515538288305" "0.321515538288305"
[40] "0.321515538288305" "0.321515538288305" "beta :"           
[43] "1"                
[1] " old Likelihood:  -10004273.0835495"
[1] "New Likelihood:  -10004269.6998"
iter:  0  f-value:  34977.11  pgrad:  0.6430311 
iter:  10  f-value:  34977.11  pgrad:  0.6426013 
iter:  20  f-value:  34977.1  pgrad:  0.6412071 
iter:  30  f-value:  34977.1  pgrad:  0.6408794 
  Unsuccessful convergence.
Time difference of 9.915323 mins
[1] "maxIt: 20"
[1] "It: 19"
 [1] "sigma:"            "0.986621893684757" "0.986621893684757"
 [4] "0.986621893684757" "0.986621893684757" "0.986621893684757"
 [7] "0.986621893684757" "0.986621893684757" "0.986621893684757"
[10] "0.986621893684757" "0.986621893684757" "0.986621893684757"
[13] "0.986621893684757" "0.320261006119173" "0.320261006119173"
[16] "0.320261006119173" "0.320261006119173" "0.320261006119173"
[19] "0.320261006119173" "0.320261006119173" "0.320261006119173"
[22] "0.320261006119173" "0.320261006119173" "0.320261006119173"
[25] "0.320261006119173" "0.320261006119173" "0.320261006119173"
[28] "0.320261006119173" "0.320261006119173" "0.320261006119173"
[31] "0.320261006119173" "0.320261006119173" "0.320261006119173"
[34] "0.320261006119173" "0.320261006119173" "0.320261006119173"
[37] "0.320261006119173" "0.320261006119173" "0.320261006119173"
[40] "0.320261006119173" "0.320261006119173" "beta :"           
[43] "1"                
[1] 10004366
[1] 10004267
[1] 10004336
 [1] "sigma:"            "0.986621893684757" "0.986621893684757"
 [4] "0.986621893684757" "0.986621893684757" "0.986621893684757"
 [7] "0.986621893684757" "0.986621893684757" "0.986621893684757"
[10] "0.986621893684757" "0.986621893684757" "0.986621893684757"
[13] "0.986621893684757" "0.320261006119173" "0.320261006119173"
[16] "0.320261006119173" "0.320261006119173" "0.320261006119173"
[19] "0.320261006119173" "0.320261006119173" "0.320261006119173"
[22] "0.320261006119173" "0.320261006119173" "0.320261006119173"
[25] "0.320261006119173" "0.320261006119173" "0.320261006119173"
[28] "0.320261006119173" "0.320261006119173" "0.320261006119173"
[31] "0.320261006119173" "0.320261006119173" "0.320261006119173"
[34] "0.320261006119173" "0.320261006119173" "0.320261006119173"
[37] "0.320261006119173" "0.320261006119173" "0.320261006119173"
[40] "0.320261006119173" "0.320261006119173" "beta :"           
[43] "1"                
[1] " old Likelihood:  -10004269.6998"
[1] "New Likelihood:  -10004266.5775197"
iter:  0  f-value:  35007.87  pgrad:  0.640522 
iter:  10  f-value:  35007.87  pgrad:  0.6400962 
iter:  20  f-value:  35007.87  pgrad:  0.6386601 
iter:  30  f-value:  35007.86  pgrad:  0.4705676 
  Unsuccessful convergence.
Time difference of 9.823835 mins
[1] "maxIt: 20"
[1] "It: 20"
 [1] "sigma:"            "0.986760546838056" "0.986760546838056"
 [4] "0.986760546838056" "0.986760546838056" "0.986760546838056"
 [7] "0.986760546838056" "0.986760546838056" "0.986760546838056"
[10] "0.986760546838056" "0.986760546838056" "0.986760546838056"
[13] "0.986760546838056" "0.31872010214326"  "0.31872010214326" 
[16] "0.31872010214326"  "0.31872010214326"  "0.31872010214326" 
[19] "0.31872010214326"  "0.31872010214326"  "0.31872010214326" 
[22] "0.31872010214326"  "0.31872010214326"  "0.31872010214326" 
[25] "0.31872010214326"  "0.31872010214326"  "0.31872010214326" 
[28] "0.31872010214326"  "0.31872010214326"  "0.31872010214326" 
[31] "0.31872010214326"  "0.31872010214326"  "0.31872010214326" 
[34] "0.31872010214326"  "0.31872010214326"  "0.31872010214326" 
[37] "0.31872010214326"  "0.31872010214326"  "0.31872010214326" 
[40] "0.31872010214326"  "0.31872010214326"  "beta :"           
[43] "1"                
[1] 10004364
[1] 10004263
[1] 10004332
 [1] "sigma:"            "0.986760546838056" "0.986760546838056"
 [4] "0.986760546838056" "0.986760546838056" "0.986760546838056"
 [7] "0.986760546838056" "0.986760546838056" "0.986760546838056"
[10] "0.986760546838056" "0.986760546838056" "0.986760546838056"
[13] "0.986760546838056" "0.31872010214326"  "0.31872010214326" 
[16] "0.31872010214326"  "0.31872010214326"  "0.31872010214326" 
[19] "0.31872010214326"  "0.31872010214326"  "0.31872010214326" 
[22] "0.31872010214326"  "0.31872010214326"  "0.31872010214326" 
[25] "0.31872010214326"  "0.31872010214326"  "0.31872010214326" 
[28] "0.31872010214326"  "0.31872010214326"  "0.31872010214326" 
[31] "0.31872010214326"  "0.31872010214326"  "0.31872010214326" 
[34] "0.31872010214326"  "0.31872010214326"  "0.31872010214326" 
[37] "0.31872010214326"  "0.31872010214326"  "0.31872010214326" 
[40] "0.31872010214326"  "0.31872010214326"  "beta :"           
[43] "1"                
[1] " old Likelihood:  -10004266.5775197"
[1] "New Likelihood:  -10004263.4213892"
iter:  0  f-value:  35044.44  pgrad:  0.6374402 
iter:  10  f-value:  35044.44  pgrad:  0.6370116 
iter:  20  f-value:  35044.44  pgrad:  0.6358463 
iter:  30  f-value:  35044.43  pgrad:  0.4688316 
  Unsuccessful convergence.
Time difference of 9.877513 mins
 [1] "sigma:"            "0.986856545122907" "0.986856545122907"
 [4] "0.986856545122907" "0.986856545122907" "0.986856545122907"
 [7] "0.986856545122907" "0.986856545122907" "0.986856545122907"
[10] "0.986856545122907" "0.986856545122907" "0.986856545122907"
[13] "0.986856545122907" "0.317264173053501" "0.317264173053501"
[16] "0.317264173053501" "0.317264173053501" "0.317264173053501"
[19] "0.317264173053501" "0.317264173053501" "0.317264173053501"
[22] "0.317264173053501" "0.317264173053501" "0.317264173053501"
[25] "0.317264173053501" "0.317264173053501" "0.317264173053501"
[28] "0.317264173053501" "0.317264173053501" "0.317264173053501"
[31] "0.317264173053501" "0.317264173053501" "0.317264173053501"
[34] "0.317264173053501" "0.317264173053501" "0.317264173053501"
[37] "0.317264173053501" "0.317264173053501" "0.317264173053501"
[40] "0.317264173053501" "0.317264173053501" "beta :"           
[43] "1"                
[1] 1999664 1999638 1999860 1999466 1999618
[1] 1 1 1 1 1
saved RDS
inference successful
