[1] "Original length"
[1] 998920
[1] "Final length"
[1] 20255
[1] "sequence length : 998921" "sequence length : 999796"
[3] "sequence length : 999715" "sequence length : 999432"
[5] "sequence length : 999905"
[1] "former Rho:"
[1] 1620.579 1503.482 1469.750 1465.452 1510.443
[1] "old mu :"
[1] 0.0008111647 0.0007518945 0.0007350844 0.0007331425 0.0007552932
[1] "new mu :"
[1] 0.0007573159
[1] "new Rho:"
[1] 1512.997 1514.323 1514.200 1513.771 1514.488
[1] 1 1 1 1 1
[1] "Beta: 1"
[1] "Self: 0"
[1] 1
[1] "Rho"
[1] 1512.997 1514.323 1514.200 1513.771 1514.488
[1] "It: 1"
[1] "sigma:" "0"      "beta :" "1"     
[1] "rho/theta:" "1"         
[1] "sigma:" "0"      "beta :" "1"     
[1] "rho/theta:" "1"         
Time difference of 1.470532 secs
[1] "New Likelihood:  -10340598.3411099"
[1] 4997764
[1] 4997769
iter:  0  f-value:  43788.21  pgrad:  0.5 
iter:  10  f-value:  43787.39  pgrad:  0.9954715 
iter:  20  f-value:  43787.05  pgrad:  0.9762571 
iter:  30  f-value:  43787.03  pgrad:  0.9745878 
  Unsuccessful convergence.
[1] 0.02615861
 [1] "Xi: 0.499977970820089" "Xi: 0.501276028898883" "Xi: 0.502699153160178"
 [4] "Xi: 0.503279969014011" "Xi: 0.503255379936891" "Xi: 0.505359067641719"
 [7] "Xi: 0.506790650730201" "Xi: 0.505868627521293" "Xi: 0.504420892238167"
[10] "Xi: 0.502901875500512" "Xi: 0.502208364356852" "Xi: 0.502363474555387"
[13] "Xi: 0.502709236209381" "Xi: 0.502829164402728" "Xi: 0.502833648868789"
[16] "Xi: 0.502624962576493" "Xi: 0.502376527282404" "Xi: 0.502240741932644"
[19] "Xi: 0.502107913587003" "Xi: 0.501990844815136"
Time difference of 8.98183 mins
[1] "Rho"
[1] 1512.997 1514.323 1514.200 1513.771 1514.488
[1] "It: 2"
[1] "sigma:"             "0.0258970233753816" "beta :"            
[4] "1"                 
[1] "rho/theta:" "1"         
Time difference of 1.468102 secs
[1] " old Likelihood:  -10340598.3411099"
[1] "New Likelihood:  -10340249.6907004"
[1] 4997764
[1] 4997769
iter:  0  f-value:  43601.19  pgrad:  0.9738414 
iter:  10  f-value:  43600.75  pgrad:  0.9642009 
iter:  20  f-value:  43600.65  pgrad:  0.9559783 
iter:  30  f-value:  43600.73  pgrad:  0.5054228 
  Unsuccessful convergence.
[1] 0.04956024
 [1] "Xi: 0.499978030173545" "Xi: 0.501826090128906" "Xi: 0.504576058936312"
 [4] "Xi: 0.505955700745345" "Xi: 0.505733135410656" "Xi: 0.510116699168136"
 [7] "Xi: 0.512742720121879" "Xi: 0.510139547093465" "Xi: 0.50698461655027" 
[10] "Xi: 0.504065852662658" "Xi: 0.502758876535376" "Xi: 0.503269584881986"
[13] "Xi: 0.504137767601904" "Xi: 0.504595559347359" "Xi: 0.504718925630645"
[16] "Xi: 0.504591064100479" "Xi: 0.504260830874337" "Xi: 0.504052314993615"
[19] "Xi: 0.503921420746762" "Xi: 0.503709060374254"
Time difference of 4.972942 mins
[1] "Rho"
[1] 1512.997 1514.323 1514.200 1513.771 1514.488
[1] "It: 3"
[1] "sigma:"             "0.0490646390857611" "beta :"            
[4] "1"                 
[1] "rho/theta:" "1"         
Time difference of 1.482486 secs
[1] " old Likelihood:  -10340249.6907004"
[1] "New Likelihood:  -10340062.8924248"
[1] 4997764
[1] 4997769
iter:  0  f-value:  43326.19  pgrad:  0.9504398 
iter:  10  f-value:  43326.01  pgrad:  0.9464338 
iter:  20  f-value:  43325.86  pgrad:  0.9332975 
iter:  30  f-value:  43325.85  pgrad:  0.9319975 
  Unsuccessful convergence.
[1] 0.06803725
 [1] "Xi: 0.499979465505274" "Xi: 0.50230641113107"  "Xi: 0.506196839986003"
 [4] "Xi: 0.508174873554312" "Xi: 0.507677037429877" "Xi: 0.513569229456175"
 [7] "Xi: 0.516978996928921" "Xi: 0.51303272011224"  "Xi: 0.508579949904695"
[10] "Xi: 0.504509010108877" "Xi: 0.502693515547096" "Xi: 0.503456869501288"
[13] "Xi: 0.504831221394474" "Xi: 0.505641515834635" "Xi: 0.505931600170844"
[16] "Xi: 0.505870010613959" "Xi: 0.505541204451538" "Xi: 0.505406552890566"
[19] "Xi: 0.505356121604931" "Xi: 0.505094840914087"
Time difference of 4.97105 mins
[1] "Rho"
[1] 1512.997 1514.323 1514.200 1513.771 1514.488
[1] "It: 4"
[1] "sigma:"             "0.0673568782448842" "beta :"            
[4] "1"                 
[1] "rho/theta:" "1"         
Time difference of 1.465153 secs
[1] " old Likelihood:  -10340062.8924248"
[1] "New Likelihood:  -10339951.7951903"
[1] 4997764
[1] 4997769
iter:  0  f-value:  43053.61  pgrad:  0.9319627 
iter:  10  f-value:  43053.49  pgrad:  0.9287304 
iter:  20  f-value:  43053.37  pgrad:  0.917557 
iter:  30  f-value:  43053.36  pgrad:  0.9160047 
  Unsuccessful convergence.
[1] 0.08404422
 [1] "Xi: 0.499984952746272" "Xi: 0.502643637808486" "Xi: 0.507323592946389"
 [4] "Xi: 0.509821772237007" "Xi: 0.509017308548005" "Xi: 0.516229237766406"
 [7] "Xi: 0.520395093518752" "Xi: 0.515393314746473" "Xi: 0.509999835430522"
[10] "Xi: 0.50490840676857"  "Xi: 0.502553238080638" "Xi: 0.503488495732073"
[13] "Xi: 0.505269933296447" "Xi: 0.506374747548043" "Xi: 0.506813192899044"
[16] "Xi: 0.506854365516845" "Xi: 0.506532346221072" "Xi: 0.506498434939988"
[19] "Xi: 0.506573171697567" "Xi: 0.506287549350227"
Time difference of 4.975212 mins
[1] "Rho"
[1] 1512.997 1514.323 1514.200 1513.771 1514.488
[1] "It: 5"
[1] "sigma:"             "0.0832037729419747" "beta :"            
[4] "1"                 
[1] "rho/theta:" "1"         
Time difference of 1.57859 secs
[1] " old Likelihood:  -10339951.7951903"
[1] "New Likelihood:  -10339870.3032092"
[1] 4997764
[1] 4997769
iter:  0  f-value:  42787.82  pgrad:  0.9159558 
iter:  10  f-value:  42787.72  pgrad:  0.9122946 
iter:  20  f-value:  42787.64  pgrad:  0.9046869 
iter:  30  f-value:  42787.62  pgrad:  0.9014259 
  Unsuccessful convergence.
[1] 0.09858395
 [1] "Xi: 0.499992666955796" "Xi: 0.502966529279915" "Xi: 0.508396732061931"
 [4] "Xi: 0.511371876728362" "Xi: 0.510234937027925" "Xi: 0.518580806388209"
 [7] "Xi: 0.523432828154552" "Xi: 0.517520468769952" "Xi: 0.511426056223246"
[10] "Xi: 0.505430315326956" "Xi: 0.502507263574069" "Xi: 0.503527159657711"
[13] "Xi: 0.50562505368273"  "Xi: 0.506957650299359" "Xi: 0.507507341223435"
[16] "Xi: 0.507615590599664" "Xi: 0.507334905101932" "Xi: 0.507430433408547"
[19] "Xi: 0.507643886478397" "Xi: 0.507350304983058"
Time difference of 4.981394 mins
[1] "Rho"
[1] 1512.997 1514.323 1514.200 1513.771 1514.488
[1] "It: 6"
[1] "sigma:"            "0.097598110826495" "beta :"           
[4] "1"                
[1] "rho/theta:" "1"         
Time difference of 1.490285 secs
[1] " old Likelihood:  -10339870.3032092"
[1] "New Likelihood:  -10339804.261861"
[1] 4997764
[1] 4997769
iter:  0  f-value:  42525.77  pgrad:  0.901416 
iter:  10  f-value:  42525.68  pgrad:  0.8972739 
iter:  20  f-value:  42525.63  pgrad:  0.8931017 
iter:  30  f-value:  42525.6  pgrad:  0.4873591 
  Unsuccessful convergence.
[1] 0.1125494
 [1] "Xi: 0.500000950391561" "Xi: 0.503220223861385" "Xi: 0.50923495129702" 
 [4] "Xi: 0.512648266526969" "Xi: 0.511156799643947" "Xi: 0.520544507108449"
 [7] "Xi: 0.526077910245367" "Xi: 0.51940042776384"  "Xi: 0.51286373105789" 
[10] "Xi: 0.506091886847266" "Xi: 0.502611788692931" "Xi: 0.503650253584553"
[13] "Xi: 0.505990212687661" "Xi: 0.507489526826936" "Xi: 0.508111245521861"
[16] "Xi: 0.50826944449894"  "Xi: 0.508028179137202" "Xi: 0.508260816993959"
[19] "Xi: 0.508626207699685" "Xi: 0.508336089329383"
Time difference of 4.98594 mins
[1] "Rho"
[1] 1512.997 1514.323 1514.200 1513.771 1514.488
[1] "It: 7"
[1] "sigma:"            "0.111423861174553" "beta :"           
[4] "1"                
[1] "rho/theta:" "1"         
Time difference of 1.493139 secs
[1] " old Likelihood:  -10339804.261861"
[1] "New Likelihood:  -10339746.1928396"
[1] 4997764
[1] 4997769
iter:  0  f-value:  42259.83  pgrad:  0.8874506 
iter:  10  f-value:  42259.75  pgrad:  0.8827776 
iter:  20  f-value:  42259.7  pgrad:  0.8782633 
iter:  30  f-value:  42259.69  pgrad:  0.8756237 
  Unsuccessful convergence.
[1] 0.124395
 [1] "Xi: 0.500010291669633" "Xi: 0.503460546262023" "Xi: 0.51002433756003" 
 [4] "Xi: 0.513837667248966" "Xi: 0.51197626984101"  "Xi: 0.522254665656299"
 [7] "Xi: 0.528362517887091" "Xi: 0.520978921977569" "Xi: 0.514151815409544"
[10] "Xi: 0.506743676350092" "Xi: 0.502729558717145" "Xi: 0.503754443440916"
[13] "Xi: 0.506287899280626" "Xi: 0.507867165265682" "Xi: 0.508573275553529"
[16] "Xi: 0.508763493793119" "Xi: 0.508553494476595" "Xi: 0.508933022514707"
[19] "Xi: 0.509485790640837" "Xi: 0.509182993340484"
Time difference of 4.983663 mins
[1] "Rho"
[1] 1512.997 1514.323 1514.200 1513.771 1514.488
[1] "It: 8"
[1] "sigma:"           "0.12315107081714" "beta :"           "1"               
[1] "rho/theta:" "1"         
Time difference of 1.479051 secs
[1] " old Likelihood:  -10339746.1928396"
[1] "New Likelihood:  -10339698.8736529"
[1] 4997764
[1] 4997769
iter:  0  f-value:  42022.83  pgrad:  0.875605 
iter:  10  f-value:  42022.75  pgrad:  0.8706187 
iter:  20  f-value:  42022.72  pgrad:  0.8667855 
iter:  30  f-value:  42022.7  pgrad:  0.5038601 
  Unsuccessful convergence.
[1] 0.1365469
 [1] "Xi: 0.500023436686717" "Xi: 0.503726860565352" "Xi: 0.510891350828583"
 [4] "Xi: 0.515147798715573" "Xi: 0.512825655543067" "Xi: 0.524050421809042"
 [7] "Xi: 0.530765060177313" "Xi: 0.522578444650874" "Xi: 0.515530092129179"
[10] "Xi: 0.507551518360662" "Xi: 0.503011074232965" "Xi: 0.503991699007591"
[13] "Xi: 0.506669460240337" "Xi: 0.5083259390906"   "Xi: 0.509041066702522"
[16] "Xi: 0.509246487603651" "Xi: 0.509060747839707" "Xi: 0.509580725498205"
[19] "Xi: 0.510298706073076" "Xi: 0.510012427510436"
Time difference of 4.983923 mins
[1] "Rho"
[1] 1512.997 1514.323 1514.200 1513.771 1514.488
[1] "It: 9"
[1] "sigma:"            "0.135181398722015" "beta :"           
[4] "1"                
[1] "rho/theta:" "1"         
Time difference of 1.493262 secs
[1] " old Likelihood:  -10339698.8736529"
[1] "New Likelihood:  -10339652.9873157"
[1] 4997764
[1] 4997769
iter:  0  f-value:  41774.72  pgrad:  0.8634531 
iter:  10  f-value:  41774.65  pgrad:  0.8588624 
iter:  20  f-value:  41774.61  pgrad:  0.8550999 
iter:  30  f-value:  41774.61  pgrad:  0.8536533 
  Unsuccessful convergence.
[1] 0.1463656
 [1] "Xi: 0.50003386421451"  "Xi: 0.50392639088988"  "Xi: 0.511540898367773"
 [4] "Xi: 0.516097591567024" "Xi: 0.513419890094973" "Xi: 0.525257323735881"
 [7] "Xi: 0.532375705780056" "Xi: 0.523630633422627" "Xi: 0.516536399154251"
[10] "Xi: 0.508194781762052" "Xi: 0.503203956384248" "Xi: 0.504144639915243"
[13] "Xi: 0.506952350740859" "Xi: 0.508665185994022" "Xi: 0.509369937820778"
[16] "Xi: 0.509586640686547" "Xi: 0.509422075400961" "Xi: 0.510084620442647"
[19] "Xi: 0.510972928867717" "Xi: 0.510705502770682"
Time difference of 4.989555 mins
[1] "Rho"
[1] 1512.997 1514.323 1514.200 1513.771 1514.488
[1] "It: 10"
[1] "sigma:"            "0.144901919331244" "beta :"           
[4] "1"                
[1] "rho/theta:" "1"         
Time difference of 1.479548 secs
[1] " old Likelihood:  -10339652.9873157"
[1] "New Likelihood:  -10339616.6395547"
[1] 4997764
[1] 4997769
iter:  0  f-value:  41565.11  pgrad:  0.8536344 
iter:  10  f-value:  41565.04  pgrad:  0.8495069 
iter:  20  f-value:  41565.01  pgrad:  0.8459002 
iter:  30  f-value:  41565.01  pgrad:  0.8441157 
  Unsuccessful convergence.
[1] 0.1559452
 [1] "Xi: 0.500045352113524" "Xi: 0.504129975784964" "Xi: 0.512199962906628"
 [4] "Xi: 0.517060485954629" "Xi: 0.51400027761288"  "Xi: 0.526434163849188"
 [7] "Xi: 0.533948967874339" "Xi: 0.524624317708621" "Xi: 0.517533421835418"
[10] "Xi: 0.50889924328416"  "Xi: 0.503478845165263" "Xi: 0.504367659713128"
[13] "Xi: 0.507280848013792" "Xi: 0.509026282492726" "Xi: 0.509702990085433"
[16] "Xi: 0.509911655670726" "Xi: 0.509755146377899" "Xi: 0.510556487052495"
[19] "Xi: 0.511613548723908" "Xi: 0.511365407890214"
Time difference of 4.987491 mins
[1] "Rho"
[1] 1512.997 1514.323 1514.200 1513.771 1514.488
[1] "It: 11"
[1] "sigma:"            "0.154385769243213" "beta :"           
[4] "1"                
[1] "rho/theta:" "1"         
Time difference of 1.464491 secs
[1] " old Likelihood:  -10339616.6395547"
[1] "New Likelihood:  -10339582.2830965"
[1] 4997764
[1] 4997769
iter:  0  f-value:  41358.31  pgrad:  0.8440548 
iter:  10  f-value:  41358.25  pgrad:  0.8402867 
iter:  20  f-value:  41358.21  pgrad:  0.8363266 
iter:  30  f-value:  41358.21  pgrad:  0.8342463 
  Unsuccessful convergence.
[1] 0.1663886
 [1] "Xi: 0.500063361950361" "Xi: 0.504405229170069" "Xi: 0.513088062561333"
 [4] "Xi: 0.518390336512561" "Xi: 0.514752501031777" "Xi: 0.527999258603722"
 [7] "Xi: 0.536039632086601" "Xi: 0.525815802543946" "Xi: 0.518691910325375"
[10] "Xi: 0.509732391643549" "Xi: 0.503875258307206" "Xi: 0.504697661241109"
[13] "Xi: 0.507693340907996" "Xi: 0.50945774019608"  "Xi: 0.510092389831383"
[16] "Xi: 0.510274521429763" "Xi: 0.510119928165798" "Xi: 0.511050714470982"
[19] "Xi: 0.512272966601061" "Xi: 0.512044481831288"
Time difference of 4.987993 mins
[1] "Rho"
[1] 1512.997 1514.323 1514.200 1513.771 1514.488
[1] "It: 12"
[1] "sigma:"            "0.164724710566356" "beta :"           
[4] "1"                
[1] "rho/theta:" "1"         
Time difference of 1.570447 secs
[1] " old Likelihood:  -10339582.2830965"
[1] "New Likelihood:  -10339546.0576007"
[1] 4997764
[1] 4997769
iter:  0  f-value:  41131.74  pgrad:  0.8336114 
iter:  10  f-value:  41131.68  pgrad:  0.8297395 
iter:  20  f-value:  41131.65  pgrad:  0.8252983 
iter:  30  f-value:  41131.65  pgrad:  0.4804094 
  Unsuccessful convergence.
[1] 0.176388
 [1] "Xi: 0.500081261027435" "Xi: 0.504658976166349" "Xi: 0.513902799478659"
 [4] "Xi: 0.519598418112907" "Xi: 0.515396117264005" "Xi: 0.5293344037985"  
 [7] "Xi: 0.537832321267529" "Xi: 0.526748061590853" "Xi: 0.519672518358725"
[10] "Xi: 0.510506737642102" "Xi: 0.504251288139925" "Xi: 0.505019372451028"
[13] "Xi: 0.508099711928216" "Xi: 0.509870982553668" "Xi: 0.510454083984658"
[16] "Xi: 0.510608888732632" "Xi: 0.510448202662729" "Xi: 0.511504679792038"
[19] "Xi: 0.51289406065375"  "Xi: 0.512687523040105"
Time difference of 4.995325 mins
[1] "Rho"
[1] 1512.997 1514.323 1514.200 1513.771 1514.488
[1] "It: 13"
[1] "sigma:"           "0.17462414311897" "beta :"           "1"               
[1] "rho/theta:" "1"         
Time difference of 1.475457 secs
[1] " old Likelihood:  -10339546.0576007"
[1] "New Likelihood:  -10339512.2475764"
[1] 4997764
[1] 4997769
iter:  0  f-value:  40909.67  pgrad:  0.823612 
iter:  10  f-value:  40909.62  pgrad:  0.8200269 
iter:  20  f-value:  40909.59  pgrad:  0.8163276 
iter:  30  f-value:  40909.59  pgrad:  0.8152216 
  Unsuccessful convergence.
[1] 0.1847911
 [1] "Xi: 0.500096059013785" "Xi: 0.50485408483937"  "Xi: 0.514527154520645"
 [4] "Xi: 0.520496538569186" "Xi: 0.51586234885578"  "Xi: 0.530274261964207"
 [7] "Xi: 0.539089359464204" "Xi: 0.527366417067843" "Xi: 0.520367928807635"
[10] "Xi: 0.511115935856789" "Xi: 0.504531030068895" "Xi: 0.505261119986362"
[13] "Xi: 0.508427875388736" "Xi: 0.510203822139961" "Xi: 0.51073221756023" 
[16] "Xi: 0.51085737420972"  "Xi: 0.51068780236788"  "Xi: 0.511868208975594"
[19] "Xi: 0.51342519825583"  "Xi: 0.513239647063118"
Time difference of 4.993885 mins
[1] "Rho"
[1] 1512.997 1514.323 1514.200 1513.771 1514.488
[1] "It: 14"
[1] "sigma:"            "0.182943162321082" "beta :"           
[4] "1"                
[1] "rho/theta:" "1"         
Time difference of 1.472487 secs
[1] " old Likelihood:  -10339512.2475764"
[1] "New Likelihood:  -10339484.1231126"
[1] 4997764
[1] 4997769
iter:  0  f-value:  40716.73  pgrad:  0.8152089 
iter:  10  f-value:  40716.68  pgrad:  0.8119426 
iter:  20  f-value:  40716.65  pgrad:  0.8065783 
iter:  30  f-value:  40716.65  pgrad:  0.4782267 
  Unsuccessful convergence.
[1] 0.1939238
 [1] "Xi: 0.50011907795971"  "Xi: 0.505126448525148" "Xi: 0.515393500298836"
 [4] "Xi: 0.52177949663643"  "Xi: 0.516494977396202" "Xi: 0.531567960820775"
 [7] "Xi: 0.540848524599965" "Xi: 0.528143363453796" "Xi: 0.521250458855834"
[10] "Xi: 0.511868713356987" "Xi: 0.504919423106941" "Xi: 0.50559754417012" 
[13] "Xi: 0.508836950018713" "Xi: 0.510604719749271" "Xi: 0.511067659496928"
[16] "Xi: 0.511153295268363" "Xi: 0.510964754551087" "Xi: 0.512260574060661"
[19] "Xi: 0.51398049712784"  "Xi: 0.513815191626057"
Time difference of 4.991576 mins
[1] "Rho"
[1] 1512.997 1514.323 1514.200 1513.771 1514.488
[1] "It: 15"
[1] "sigma:"            "0.191984520558921" "beta :"           
[4] "1"                
[1] "rho/theta:" "1"         
Time difference of 1.475804 secs
[1] " old Likelihood:  -10339484.1231126"
[1] "New Likelihood:  -10339454.5414377"
[1] 4997764
[1] 4997769
iter:  0  f-value:  40508.38  pgrad:  0.8060762 
iter:  10  f-value:  40508.34  pgrad:  0.8030397 
iter:  20  f-value:  40508.31  pgrad:  0.7994137 
iter:  30  f-value:  40508.31  pgrad:  0.798624 
  Unsuccessful convergence.
[1] 0.201391
 [1] "Xi: 0.500133532192127" "Xi: 0.505306338890086" "Xi: 0.515967720429718"
 [4] "Xi: 0.522596097546414" "Xi: 0.516888344264412" "Xi: 0.5323525779515"  
 [7] "Xi: 0.541905375205087" "Xi: 0.528541677817705" "Xi: 0.52178655595577" 
[10] "Xi: 0.512408482553582" "Xi: 0.505179628353603" "Xi: 0.505828923668661"
[13] "Xi: 0.509150402823809" "Xi: 0.510914417342715" "Xi: 0.5113139474148"  
[16] "Xi: 0.511361361377999" "Xi: 0.511152740702313" "Xi: 0.512562872495469"
[19] "Xi: 0.51444572652759"  "Xi: 0.514299353260205"
Time difference of 4.992243 mins
[1] "Rho"
[1] 1512.997 1514.323 1514.200 1513.771 1514.488
[1] "It: 16"
[1] "sigma:"            "0.199377056173105" "beta :"           
[4] "1"                
[1] "rho/theta:" "1"         
Time difference of 1.504251 secs
[1] " old Likelihood:  -10339454.5414377"
[1] "New Likelihood:  -10339430.5275027"
[1] 4997764
[1] 4997769
iter:  0  f-value:  40331.65  pgrad:  0.798609 
iter:  10  f-value:  40331.61  pgrad:  0.7958757 
iter:  20  f-value:  40331.58  pgrad:  0.7907914 
iter:  30  f-value:  40331.58  pgrad:  0.617365 
  Unsuccessful convergence.
[1] 0.209798
 [1] "Xi: 0.500160509186666" "Xi: 0.505595879413237" "Xi: 0.516881471527413"
 [4] "Xi: 0.523948089573507" "Xi: 0.517507198512289" "Xi: 0.533595902645495"
 [7] "Xi: 0.54362566550669"  "Xi: 0.529148861137856" "Xi: 0.522546778603158"
[10] "Xi: 0.513103276763615" "Xi: 0.505560439164806" "Xi: 0.506163464171591"
[13] "Xi: 0.509554545805043" "Xi: 0.511301006435199" "Xi: 0.511632195614498"
[16] "Xi: 0.511632186901253" "Xi: 0.511398411151526" "Xi: 0.512918023085805"
[19] "Xi: 0.514948122622685" "Xi: 0.514820917570096"
Time difference of 4.996743 mins
[1] "Rho"
[1] 1512.997 1514.323 1514.200 1513.771 1514.488
[1] "It: 17"
[1] "sigma:"            "0.207700016354569" "beta :"           
[4] "1"                
[1] "rho/theta:" "1"         
Time difference of 1.473731 secs
[1] " old Likelihood:  -10339430.5275027"
[1] "New Likelihood:  -10339404.5122026"
[1] 4997764
[1] 4997769
iter:  0  f-value:  40135.92  pgrad:  0.790202 
iter:  10  f-value:  40135.88  pgrad:  0.7876291 
iter:  20  f-value:  40135.86  pgrad:  0.7831502 
iter:  30  f-value:  40135.86  pgrad:  0.782888 
  Unsuccessful convergence.
[1] 0.2172745
 [1] "Xi: 0.500179754860823" "Xi: 0.505805497898076" "Xi: 0.51754406316825" 
 [4] "Xi: 0.524901011585892" "Xi: 0.517926479646161" "Xi: 0.534435766277833"
 [7] "Xi: 0.544793115733689" "Xi: 0.529468237605459" "Xi: 0.523056867044727"
[10] "Xi: 0.513671791804783" "Xi: 0.505860333395369" "Xi: 0.506432179262541"
[13] "Xi: 0.509899781018626" "Xi: 0.511636547949505" "Xi: 0.511898822565826"
[16] "Xi: 0.511853836799157" "Xi: 0.511588258378646" "Xi: 0.51321162017883" 
[19] "Xi: 0.515398006225969" "Xi: 0.515287773693163"
Time difference of 5.00105 mins
[1] "Rho"
[1] 1512.997 1514.323 1514.200 1513.771 1514.488
[1] "It: 18"
[1] "sigma:"            "0.215101779444983" "beta :"           
[4] "1"                
[1] "rho/theta:" "1"         
Time difference of 1.486389 secs
[1] " old Likelihood:  -10339404.5122026"
[1] "New Likelihood:  -10339381.7033835"
[1] 4997764
[1] 4997769
iter:  0  f-value:  39956.78  pgrad:  0.7827255 
iter:  10  f-value:  39956.75  pgrad:  0.7803448 
iter:  20  f-value:  39956.72  pgrad:  0.7757601 
iter:  30  f-value:  39956.72  pgrad:  0.4740755 
  Unsuccessful convergence.
[1] 0.2246674
 [1] "Xi: 0.500201797170287" "Xi: 0.506032821825594" "Xi: 0.518258972858555"
 [4] "Xi: 0.525936672220185" "Xi: 0.51837069118081"  "Xi: 0.535316225980992"
 [7] "Xi: 0.54604322930138"  "Xi: 0.529787305775897" "Xi: 0.523585555736681"
[10] "Xi: 0.514266395047258" "Xi: 0.506180534635799" "Xi: 0.506716446529856"
[13] "Xi: 0.510256616029642" "Xi: 0.511981205551342" "Xi: 0.512172385236988"
[16] "Xi: 0.512080143466489" "Xi: 0.511778897483986" "Xi: 0.513499626035257"
[19] "Xi: 0.515838813827118" "Xi: 0.515743833913063"
Time difference of 4.995226 mins
[1] "Rho"
[1] 1512.997 1514.323 1514.200 1513.771 1514.488
[1] "It: 19"
[1] "sigma:"            "0.222420701868342" "beta :"           
[4] "1"                
[1] "rho/theta:" "1"         
Time difference of 1.475183 secs
[1] " old Likelihood:  -10339381.7033835"
[1] "New Likelihood:  -10339359.7351536"
[1] 4997764
[1] 4997769
iter:  0  f-value:  39778.91  pgrad:  0.7753326 
iter:  10  f-value:  39778.87  pgrad:  0.7730909 
iter:  20  f-value:  39778.85  pgrad:  0.7685314 
iter:  30  f-value:  39778.85  pgrad:  0.4729114 
  Unsuccessful convergence.
[1] 0.2318742
 [1] "Xi: 0.500227311467152" "Xi: 0.50628922050217"  "Xi: 0.519066226344635"
 [4] "Xi: 0.527114643090843" "Xi: 0.518857908322688" "Xi: 0.536270709356041"
 [7] "Xi: 0.547428800054928" "Xi: 0.530102113802459" "Xi: 0.524122559015961"
[10] "Xi: 0.514860348412064" "Xi: 0.506498543282366" "Xi: 0.506998143587249"
[13] "Xi: 0.510611236136145" "Xi: 0.512323342194211" "Xi: 0.51244314548525" 
[16] "Xi: 0.512303268631927" "Xi: 0.511962931988791" "Xi: 0.513776660048495"
[19] "Xi: 0.516265497743834" "Xi: 0.516184245158003"
Time difference of 4.993595 mins
[1] "Rho"
[1] 1512.997 1514.323 1514.200 1513.771 1514.488
[1] "It: 20"
[1] "sigma:"            "0.229555440520668" "beta :"           
[4] "1"                
[1] "rho/theta:" "1"         
Time difference of 1.503457 secs
[1] " old Likelihood:  -10339359.7351536"
[1] "New Likelihood:  -10339338.8237052"
[1] 4997764
[1] 4997769
iter:  0  f-value:  39604.04  pgrad:  0.7681258 
iter:  10  f-value:  39604.01  pgrad:  0.7659938 
iter:  20  f-value:  39603.98  pgrad:  0.5963375 
iter:  30  f-value:  39603.98  pgrad:  0.4717073 
  Unsuccessful convergence.
[1] 0.238755
 [1] "Xi: 0.500253969456464" "Xi: 0.506549747461984" "Xi: 0.519879738611048"
 [4] "Xi: 0.528300626795422" "Xi: 0.519328840071707" "Xi: 0.537186771785645"
 [7] "Xi: 0.548786290376491" "Xi: 0.53035183537269"  "Xi: 0.524608584936252"
[10] "Xi: 0.515424486021581" "Xi: 0.506797645542749" "Xi: 0.507263926733367"
[13] "Xi: 0.510949678153522" "Xi: 0.512650580875686" "Xi: 0.512702029565141"
[16] "Xi: 0.512515034570841" "Xi: 0.512132629978555" "Xi: 0.514035899675022"
[19] "Xi: 0.516671714649215" "Xi: 0.516602814350205"
Time difference of 4.995568 mins
[1] 1 1 1 1 1
[1] 1 1 1 1 1
saved RDS
inference successful
