[1] "Original length"
[1] 999961
[1] "Final length"
[1] 20873
[1] "sequence length : 999962" "sequence length : 999827"
[3] "sequence length : 999930" "sequence length : 999897"
[5] "sequence length : 999930"
[1] 1 1 1 1 1
[1] "Beta: 1"
[1] "Self: 0.5"
 [1] 0 0 0 0 0 0 0 0 0 0 0 0 0 0 0 0 0 0 0 0
[1] "maxIt: 20"
[1] "It: 1"
 [1] "sigma:" "0.5"    "0.5"    "0.5"    "0.5"    "0.5"    "0.5"    "0.5"   
 [9] "0.5"    "0.5"    "0.5"    "0.5"    "0.5"    "0.5"    "0.5"    "0.5"   
[17] "0.5"    "0.5"    "0.5"    "0"      "0"      "0"      "0"      "0"     
[25] "0"      "0"      "0"      "0"      "0"      "0"      "0"      "0"     
[33] "0"      "0"      "0"      "0"      "0"      "0"      "0"      "0"     
[41] "0"      "beta :" "1"     
[1] 10379638
[1] 10379611
[1] 10379599
[1] 10379583
[1] 10379565
[1] 10379550
[1] 10379545
[1] 10379555
[1] 10379589
[1] 10379667
[1] 10379819
[1] 10380059
[1] 10380380
[1] 10380751
[1] 10381139
[1] 10381495
[1] 10381732
[1] 10381879
[1] 10382024
[1] 10382115
[1] 10382135
 [1] "sigma:" "0.6225" "0.6225" "0.6225" "0.6225" "0.6225" "0.6225" "0.6225"
 [9] "0.6225" "0.6225" "0.6225" "0.6225" "0.6225" "0.45"   "0.45"   "0.45"  
[17] "0.45"   "0.45"   "0.45"   "0.45"   "0.45"   "0.45"   "0.45"   "0.45"  
[25] "0.45"   "0.45"   "0.45"   "0.45"   "0.45"   "0.45"   "0.45"   "0.45"  
[33] "0.45"   "0.45"   "0.45"   "0.45"   "0.45"   "0.45"   "0.45"   "0.45"  
[41] "0.45"   "beta :" "1"     
[1] "New Likelihood:  -10379544.5126761"
iter:  0  f-value:  33425.64  pgrad:  0.9 
iter:  10  f-value:  33425.24  pgrad:  0.8954145 
iter:  20  f-value:  33425.15  pgrad:  0.8893145 
iter:  30  f-value:  33425.11  pgrad:  0.7455382 
  Unsuccessful convergence.
Time difference of 35.04887 mins
[1] "maxIt: 20"
[1] "It: 2"
 [1] "sigma:"            "0.624790879203313" "0.624790879203313"
 [4] "0.624790879203313" "0.624790879203313" "0.624790879203313"
 [7] "0.624790879203313" "0.624790879203313" "0.624790879203313"
[10] "0.624790879203313" "0.624790879203313" "0.624790879203313"
[13] "0.624790879203313" "0.442576978827559" "0.442576978827559"
[16] "0.442576978827559" "0.442576978827559" "0.442576978827559"
[19] "0.442576978827559" "0.442576978827559" "0.442576978827559"
[22] "0.442576978827559" "0.442576978827559" "0.442576978827559"
[25] "0.442576978827559" "0.442576978827559" "0.442576978827559"
[28] "0.442576978827559" "0.442576978827559" "0.442576978827559"
[31] "0.442576978827559" "0.442576978827559" "0.442576978827559"
[34] "0.442576978827559" "0.442576978827559" "0.442576978827559"
[37] "0.442576978827559" "0.442576978827559" "0.442576978827559"
[40] "0.442576978827559" "0.442576978827559" "beta :"           
[43] "1"                
[1] 10379130
[1] 10379134
[1] 10379278
 [1] "sigma:"            "0.967790879203313" "0.967790879203313"
 [4] "0.967790879203313" "0.967790879203313" "0.967790879203313"
 [7] "0.967790879203313" "0.967790879203313" "0.967790879203313"
[10] "0.967790879203313" "0.967790879203313" "0.417576978827559"
[13] "0.417576978827559" "0.417576978827559" "0.417576978827559"
[16] "0.417576978827559" "0.417576978827559" "0.417576978827559"
[19] "0.417576978827559" "0.417576978827559" "0.417576978827559"
[22] "0.417576978827559" "0.417576978827559" "0.417576978827559"
[25] "0.417576978827559" "0.417576978827559" "0.417576978827559"
[28] "0.417576978827559" "0.417576978827559" "0.417576978827559"
[31] "0.417576978827559" "0.417576978827559" "0.417576978827559"
[34] "0.417576978827559" "0.417576978827559" "0.417576978827559"
[37] "0.417576978827559" "0.417576978827559" "0.417576978827559"
[40] "0.417576978827559" "0.417576978827559" "beta :"           
[43] "1"                
[1] " old Likelihood:  -10379544.5126761"
[1] "New Likelihood:  -10379129.877453"
iter:  0  f-value:  34274.85  pgrad:  0.5009552 
iter:  10  f-value:  34274.56  pgrad:  0.8333079 
iter:  20  f-value:  34274.47  pgrad:  0.8225352 
iter:  30  f-value:  34274.46  pgrad:  0.8210111 
  Unsuccessful convergence.
Time difference of 19.4749 mins
[1] "maxIt: 20"
[1] "It: 3"
 [1] "sigma:"            "0.969659047664476" "0.969659047664476"
 [4] "0.969659047664476" "0.969659047664476" "0.969659047664476"
 [7] "0.969659047664476" "0.969659047664476" "0.969659047664476"
[10] "0.969659047664476" "0.969659047664476" "0.410335618112297"
[13] "0.410335618112297" "0.410335618112297" "0.410335618112297"
[16] "0.410335618112297" "0.410335618112297" "0.410335618112297"
[19] "0.410335618112297" "0.410335618112297" "0.410335618112297"
[22] "0.410335618112297" "0.410335618112297" "0.410335618112297"
[25] "0.410335618112297" "0.410335618112297" "0.410335618112297"
[28] "0.410335618112297" "0.410335618112297" "0.410335618112297"
[31] "0.410335618112297" "0.410335618112297" "0.410335618112297"
[34] "0.410335618112297" "0.410335618112297" "0.410335618112297"
[37] "0.410335618112297" "0.410335618112297" "0.410335618112297"
[40] "0.410335618112297" "0.410335618112297" "beta :"           
[43] "1"                
[1] 10379078
[1] 10379016
[1] 10379013
 [1] "sigma:"            "0.969659047664476" "0.969659047664476"
 [4] "0.969659047664476" "0.969659047664476" "0.969659047664476"
 [7] "0.969659047664476" "0.969659047664476" "0.969659047664476"
[10] "0.969659047664476" "0.969659047664476" "0.969659047664476"
[13] "0.969659047664476" "0.410335618112297" "0.410335618112297"
[16] "0.410335618112297" "0.410335618112297" "0.410335618112297"
[19] "0.410335618112297" "0.410335618112297" "0.410335618112297"
[22] "0.410335618112297" "0.410335618112297" "0.410335618112297"
[25] "0.410335618112297" "0.410335618112297" "0.410335618112297"
[28] "0.410335618112297" "0.410335618112297" "0.410335618112297"
[31] "0.410335618112297" "0.410335618112297" "0.410335618112297"
[34] "0.410335618112297" "0.410335618112297" "0.410335618112297"
[37] "0.410335618112297" "0.410335618112297" "0.410335618112297"
[40] "0.410335618112297" "0.410335618112297" "beta :"           
[43] "1"                
[1] " old Likelihood:  -10379129.877453"
[1] "New Likelihood:  -10379013.0541052"
iter:  0  f-value:  34156.81  pgrad:  0.8206712 
iter:  10  f-value:  34156.69  pgrad:  0.8171007 
iter:  20  f-value:  34156.63  pgrad:  0.8085185 
iter:  30  f-value:  34156.63  pgrad:  0.8078069 
  Unsuccessful convergence.
Time difference of 10.1472 mins
[1] "maxIt: 20"
[1] "It: 4"
 [1] "sigma:"            "0.971388033577518" "0.971388033577518"
 [4] "0.971388033577518" "0.971388033577518" "0.971388033577518"
 [7] "0.971388033577518" "0.971388033577518" "0.971388033577518"
[10] "0.971388033577518" "0.971388033577518" "0.971388033577518"
[13] "0.971388033577518" "0.403204975279017" "0.403204975279017"
[16] "0.403204975279017" "0.403204975279017" "0.403204975279017"
[19] "0.403204975279017" "0.403204975279017" "0.403204975279017"
[22] "0.403204975279017" "0.403204975279017" "0.403204975279017"
[25] "0.403204975279017" "0.403204975279017" "0.403204975279017"
[28] "0.403204975279017" "0.403204975279017" "0.403204975279017"
[31] "0.403204975279017" "0.403204975279017" "0.403204975279017"
[34] "0.403204975279017" "0.403204975279017" "0.403204975279017"
[37] "0.403204975279017" "0.403204975279017" "0.403204975279017"
[40] "0.403204975279017" "0.403204975279017" "beta :"           
[43] "1"                
[1] 10378948
[1] 10378932
[1] 10379051
 [1] "sigma:"            "0.971388033577518" "0.971388033577518"
 [4] "0.971388033577518" "0.971388033577518" "0.971388033577518"
 [7] "0.971388033577518" "0.971388033577518" "0.971388033577518"
[10] "0.971388033577518" "0.971388033577518" "0.971388033577518"
[13] "0.971388033577518" "0.378204975279017" "0.378204975279017"
[16] "0.378204975279017" "0.378204975279017" "0.378204975279017"
[19] "0.378204975279017" "0.378204975279017" "0.378204975279017"
[22] "0.378204975279017" "0.378204975279017" "0.378204975279017"
[25] "0.378204975279017" "0.378204975279017" "0.378204975279017"
[28] "0.378204975279017" "0.378204975279017" "0.378204975279017"
[31] "0.378204975279017" "0.378204975279017" "0.378204975279017"
[34] "0.378204975279017" "0.378204975279017" "0.378204975279017"
[37] "0.378204975279017" "0.378204975279017" "0.378204975279017"
[40] "0.378204975279017" "0.378204975279017" "beta :"           
[43] "1"                
[1] " old Likelihood:  -10379013.0541052"
[1] "New Likelihood:  -10378932.1227905"
iter:  0  f-value:  35165.25  pgrad:  0.5069295 
iter:  10  f-value:  35165.09  pgrad:  0.755009 
iter:  20  f-value:  35165.02  pgrad:  0.7457609 
iter:  30  f-value:  35165.02  pgrad:  0.5049893 
  Unsuccessful convergence.
Time difference of 10.79453 mins
[1] "maxIt: 20"
[1] "It: 5"
 [1] "sigma:"            "0.974081688895212" "0.974081688895212"
 [4] "0.974081688895212" "0.974081688895212" "0.974081688895212"
 [7] "0.974081688895212" "0.974081688895212" "0.974081688895212"
[10] "0.974081688895212" "0.974081688895212" "0.974081688895212"
[13] "0.974081688895212" "0.371242582142913" "0.371242582142913"
[16] "0.371242582142913" "0.371242582142913" "0.371242582142913"
[19] "0.371242582142913" "0.371242582142913" "0.371242582142913"
[22] "0.371242582142913" "0.371242582142913" "0.371242582142913"
[25] "0.371242582142913" "0.371242582142913" "0.371242582142913"
[28] "0.371242582142913" "0.371242582142913" "0.371242582142913"
[31] "0.371242582142913" "0.371242582142913" "0.371242582142913"
[34] "0.371242582142913" "0.371242582142913" "0.371242582142913"
[37] "0.371242582142913" "0.371242582142913" "0.371242582142913"
[40] "0.371242582142913" "0.371242582142913" "beta :"           
[43] "1"                
[1] 10378892
[1] 10378866
[1] 10378972
 [1] "sigma:"            "0.974081688895212" "0.974081688895212"
 [4] "0.974081688895212" "0.974081688895212" "0.974081688895212"
 [7] "0.974081688895212" "0.974081688895212" "0.974081688895212"
[10] "0.974081688895212" "0.974081688895212" "0.974081688895212"
[13] "0.974081688895212" "0.371242582142913" "0.371242582142913"
[16] "0.371242582142913" "0.371242582142913" "0.371242582142913"
[19] "0.371242582142913" "0.371242582142913" "0.371242582142913"
[22] "0.371242582142913" "0.371242582142913" "0.371242582142913"
[25] "0.371242582142913" "0.371242582142913" "0.371242582142913"
[28] "0.371242582142913" "0.371242582142913" "0.371242582142913"
[31] "0.371242582142913" "0.371242582142913" "0.371242582142913"
[34] "0.371242582142913" "0.371242582142913" "0.371242582142913"
[37] "0.371242582142913" "0.371242582142913" "0.371242582142913"
[40] "0.371242582142913" "0.371242582142913" "beta :"           
[43] "1"                
[1] " old Likelihood:  -10378932.1227905"
[1] "New Likelihood:  -10378866.1717333"
iter:  0  f-value:  35245.49  pgrad:  0.7424852 
iter:  10  f-value:  35245.44  pgrad:  0.7405616 
iter:  20  f-value:  35245.41  pgrad:  0.7350335 
iter:  30  f-value:  35245.4  pgrad:  0.7119525 
  Unsuccessful convergence.
Time difference of 10.11469 mins
[1] "maxIt: 20"
[1] "It: 6"
 [1] "sigma:"            "0.975870641577581" "0.975870641577581"
 [4] "0.975870641577581" "0.975870641577581" "0.975870641577581"
 [7] "0.975870641577581" "0.975870641577581" "0.975870641577581"
[10] "0.975870641577581" "0.975870641577581" "0.975870641577581"
[13] "0.975870641577581" "0.366035125836431" "0.366035125836431"
[16] "0.366035125836431" "0.366035125836431" "0.366035125836431"
[19] "0.366035125836431" "0.366035125836431" "0.366035125836431"
[22] "0.366035125836431" "0.366035125836431" "0.366035125836431"
[25] "0.366035125836431" "0.366035125836431" "0.366035125836431"
[28] "0.366035125836431" "0.366035125836431" "0.366035125836431"
[31] "0.366035125836431" "0.366035125836431" "0.366035125836431"
[34] "0.366035125836431" "0.366035125836431" "0.366035125836431"
[37] "0.366035125836431" "0.366035125836431" "0.366035125836431"
[40] "0.366035125836431" "0.366035125836431" "beta :"           
[43] "1"                
[1] 10378867
[1] 10378832
[1] 10378928
 [1] "sigma:"            "0.975870641577581" "0.975870641577581"
 [4] "0.975870641577581" "0.975870641577581" "0.975870641577581"
 [7] "0.975870641577581" "0.975870641577581" "0.975870641577581"
[10] "0.975870641577581" "0.975870641577581" "0.975870641577581"
[13] "0.975870641577581" "0.341035125836431" "0.341035125836431"
[16] "0.341035125836431" "0.341035125836431" "0.341035125836431"
[19] "0.341035125836431" "0.341035125836431" "0.341035125836431"
[22] "0.341035125836431" "0.341035125836431" "0.341035125836431"
[25] "0.341035125836431" "0.341035125836431" "0.341035125836431"
[28] "0.341035125836431" "0.341035125836431" "0.341035125836431"
[31] "0.341035125836431" "0.341035125836431" "0.341035125836431"
[34] "0.341035125836431" "0.341035125836431" "0.341035125836431"
[37] "0.341035125836431" "0.341035125836431" "0.341035125836431"
[40] "0.341035125836431" "0.341035125836431" "beta :"           
[43] "1"                
[1] " old Likelihood:  -10378866.1717333"
[1] "New Likelihood:  -10378831.8221236"
iter:  0  f-value:  36184.55  pgrad:  0.5072549 
iter:  10  f-value:  36184.43  pgrad:  0.681405 
iter:  20  f-value:  36184.4  pgrad:  0.6747473 
iter:  30  f-value:  36184.39  pgrad:  0.6739254 
  Unsuccessful convergence.
Time difference of 10.76396 mins
[1] "maxIt: 20"
[1] "It: 7"
 [1] "sigma:"            "0.977678108813739" "0.977678108813739"
 [4] "0.977678108813739" "0.977678108813739" "0.977678108813739"
 [7] "0.977678108813739" "0.977678108813739" "0.977678108813739"
[10] "0.977678108813739" "0.977678108813739" "0.977678108813739"
[13] "0.977678108813739" "0.336218149953501" "0.336218149953501"
[16] "0.336218149953501" "0.336218149953501" "0.336218149953501"
[19] "0.336218149953501" "0.336218149953501" "0.336218149953501"
[22] "0.336218149953501" "0.336218149953501" "0.336218149953501"
[25] "0.336218149953501" "0.336218149953501" "0.336218149953501"
[28] "0.336218149953501" "0.336218149953501" "0.336218149953501"
[31] "0.336218149953501" "0.336218149953501" "0.336218149953501"
[34] "0.336218149953501" "0.336218149953501" "0.336218149953501"
[37] "0.336218149953501" "0.336218149953501" "0.336218149953501"
[40] "0.336218149953501" "0.336218149953501" "beta :"           
[43] "1"                
[1] 10378833
[1] 10378790
[1] 10378875
 [1] "sigma:"            "0.977678108813739" "0.977678108813739"
 [4] "0.977678108813739" "0.977678108813739" "0.977678108813739"
 [7] "0.977678108813739" "0.977678108813739" "0.977678108813739"
[10] "0.977678108813739" "0.977678108813739" "0.977678108813739"
[13] "0.977678108813739" "0.336218149953501" "0.336218149953501"
[16] "0.336218149953501" "0.336218149953501" "0.336218149953501"
[19] "0.336218149953501" "0.336218149953501" "0.336218149953501"
[22] "0.336218149953501" "0.336218149953501" "0.336218149953501"
[25] "0.336218149953501" "0.336218149953501" "0.336218149953501"
[28] "0.336218149953501" "0.336218149953501" "0.336218149953501"
[31] "0.336218149953501" "0.336218149953501" "0.336218149953501"
[34] "0.336218149953501" "0.336218149953501" "0.336218149953501"
[37] "0.336218149953501" "0.336218149953501" "0.336218149953501"
[40] "0.336218149953501" "0.336218149953501" "beta :"           
[43] "1"                
[1] " old Likelihood:  -10378831.8221236"
[1] "New Likelihood:  -10378789.5484857"
iter:  0  f-value:  36214.32  pgrad:  0.6722985 
iter:  10  f-value:  36214.28  pgrad:  0.671076 
iter:  20  f-value:  36214.27  pgrad:  0.6676817 
iter:  30  f-value:  36214.27  pgrad:  0.6668638 
  Unsuccessful convergence.
Time difference of 10.10579 mins
[1] "maxIt: 20"
[1] "It: 8"
 [1] "sigma:"            "0.978807903629632" "0.978807903629632"
 [4] "0.978807903629632" "0.978807903629632" "0.978807903629632"
 [7] "0.978807903629632" "0.978807903629632" "0.978807903629632"
[10] "0.978807903629632" "0.978807903629632" "0.978807903629632"
[13] "0.978807903629632" "0.332974964137353" "0.332974964137353"
[16] "0.332974964137353" "0.332974964137353" "0.332974964137353"
[19] "0.332974964137353" "0.332974964137353" "0.332974964137353"
[22] "0.332974964137353" "0.332974964137353" "0.332974964137353"
[25] "0.332974964137353" "0.332974964137353" "0.332974964137353"
[28] "0.332974964137353" "0.332974964137353" "0.332974964137353"
[31] "0.332974964137353" "0.332974964137353" "0.332974964137353"
[34] "0.332974964137353" "0.332974964137353" "0.332974964137353"
[37] "0.332974964137353" "0.332974964137353" "0.332974964137353"
[40] "0.332974964137353" "0.332974964137353" "beta :"           
[43] "1"                
[1] 10378821
[1] 10378774
[1] 10378855
 [1] "sigma:"            "0.978807903629632" "0.978807903629632"
 [4] "0.978807903629632" "0.978807903629632" "0.978807903629632"
 [7] "0.978807903629632" "0.978807903629632" "0.978807903629632"
[10] "0.978807903629632" "0.978807903629632" "0.978807903629632"
[13] "0.978807903629632" "0.332974964137353" "0.332974964137353"
[16] "0.332974964137353" "0.332974964137353" "0.332974964137353"
[19] "0.332974964137353" "0.332974964137353" "0.332974964137353"
[22] "0.332974964137353" "0.332974964137353" "0.332974964137353"
[25] "0.332974964137353" "0.332974964137353" "0.332974964137353"
[28] "0.332974964137353" "0.332974964137353" "0.332974964137353"
[31] "0.332974964137353" "0.332974964137353" "0.332974964137353"
[34] "0.332974964137353" "0.332974964137353" "0.332974964137353"
[37] "0.332974964137353" "0.332974964137353" "0.332974964137353"
[40] "0.332974964137353" "0.332974964137353" "beta :"           
[43] "1"                
[1] " old Likelihood:  -10378789.5484857"
[1] "New Likelihood:  -10378773.8316306"
iter:  0  f-value:  36251.28  pgrad:  0.6659499 
iter:  10  f-value:  36251.26  pgrad:  0.6650372 
iter:  20  f-value:  36251.25  pgrad:  0.6624694 
iter:  30  f-value:  36251.25  pgrad:  0.4949895 
  Unsuccessful convergence.
Time difference of 10.11646 mins
[1] "maxIt: 20"
[1] "It: 9"
 [1] "sigma:"            "0.980086174243183" "0.980086174243183"
 [4] "0.980086174243183" "0.980086174243183" "0.980086174243183"
 [7] "0.980086174243183" "0.980086174243183" "0.980086174243183"
[10] "0.980086174243183" "0.980086174243183" "0.980086174243183"
[13] "0.980086174243183" "0.329681514222429" "0.329681514222429"
[16] "0.329681514222429" "0.329681514222429" "0.329681514222429"
[19] "0.329681514222429" "0.329681514222429" "0.329681514222429"
[22] "0.329681514222429" "0.329681514222429" "0.329681514222429"
[25] "0.329681514222429" "0.329681514222429" "0.329681514222429"
[28] "0.329681514222429" "0.329681514222429" "0.329681514222429"
[31] "0.329681514222429" "0.329681514222429" "0.329681514222429"
[34] "0.329681514222429" "0.329681514222429" "0.329681514222429"
[37] "0.329681514222429" "0.329681514222429" "0.329681514222429"
[40] "0.329681514222429" "0.329681514222429" "beta :"           
[43] "1"                
[1] 10378814
[1] 10378764
[1] 10378843
 [1] "sigma:"            "0.980086174243183" "0.980086174243183"
 [4] "0.980086174243183" "0.980086174243183" "0.980086174243183"
 [7] "0.980086174243183" "0.980086174243183" "0.980086174243183"
[10] "0.980086174243183" "0.980086174243183" "0.980086174243183"
[13] "0.980086174243183" "0.329681514222429" "0.329681514222429"
[16] "0.329681514222429" "0.329681514222429" "0.329681514222429"
[19] "0.329681514222429" "0.329681514222429" "0.329681514222429"
[22] "0.329681514222429" "0.329681514222429" "0.329681514222429"
[25] "0.329681514222429" "0.329681514222429" "0.329681514222429"
[28] "0.329681514222429" "0.329681514222429" "0.329681514222429"
[31] "0.329681514222429" "0.329681514222429" "0.329681514222429"
[34] "0.329681514222429" "0.329681514222429" "0.329681514222429"
[37] "0.329681514222429" "0.329681514222429" "0.329681514222429"
[40] "0.329681514222429" "0.329681514222429" "beta :"           
[43] "1"                
[1] " old Likelihood:  -10378773.8316306"
[1] "New Likelihood:  -10378764.4311887"
iter:  0  f-value:  36311.25  pgrad:  0.659363 
iter:  10  f-value:  36311.24  pgrad:  0.6585368 
iter:  20  f-value:  36311.23  pgrad:  0.65504 
iter:  30  f-value:  36311.23  pgrad:  0.6547232 
  Unsuccessful convergence.
Time difference of 10.10275 mins
[1] "maxIt: 20"
[1] "It: 10"
 [1] "sigma:"            "0.980929330261741" "0.980929330261741"
 [4] "0.980929330261741" "0.980929330261741" "0.980929330261741"
 [7] "0.980929330261741" "0.980929330261741" "0.980929330261741"
[10] "0.980929330261741" "0.980929330261741" "0.980929330261741"
[13] "0.980929330261741" "0.327320033371234" "0.327320033371234"
[16] "0.327320033371234" "0.327320033371234" "0.327320033371234"
[19] "0.327320033371234" "0.327320033371234" "0.327320033371234"
[22] "0.327320033371234" "0.327320033371234" "0.327320033371234"
[25] "0.327320033371234" "0.327320033371234" "0.327320033371234"
[28] "0.327320033371234" "0.327320033371234" "0.327320033371234"
[31] "0.327320033371234" "0.327320033371234" "0.327320033371234"
[34] "0.327320033371234" "0.327320033371234" "0.327320033371234"
[37] "0.327320033371234" "0.327320033371234" "0.327320033371234"
[40] "0.327320033371234" "0.327320033371234" "beta :"           
[43] "1"                
[1] 10378809
[1] 10378759
[1] 10378837
 [1] "sigma:"            "0.980929330261741" "0.980929330261741"
 [4] "0.980929330261741" "0.980929330261741" "0.980929330261741"
 [7] "0.980929330261741" "0.980929330261741" "0.980929330261741"
[10] "0.980929330261741" "0.980929330261741" "0.980929330261741"
[13] "0.980929330261741" "0.327320033371234" "0.327320033371234"
[16] "0.327320033371234" "0.327320033371234" "0.327320033371234"
[19] "0.327320033371234" "0.327320033371234" "0.327320033371234"
[22] "0.327320033371234" "0.327320033371234" "0.327320033371234"
[25] "0.327320033371234" "0.327320033371234" "0.327320033371234"
[28] "0.327320033371234" "0.327320033371234" "0.327320033371234"
[31] "0.327320033371234" "0.327320033371234" "0.327320033371234"
[34] "0.327320033371234" "0.327320033371234" "0.327320033371234"
[37] "0.327320033371234" "0.327320033371234" "0.327320033371234"
[40] "0.327320033371234" "0.327320033371234" "beta :"           
[43] "1"                
[1] " old Likelihood:  -10378764.4311887"
[1] "New Likelihood:  -10378758.569928"
iter:  0  f-value:  36359.81  pgrad:  0.6546401 
iter:  10  f-value:  36359.81  pgrad:  0.6538464 
iter:  20  f-value:  36359.8  pgrad:  0.6512745 
iter:  30  f-value:  36359.8  pgrad:  0.6509937 
  Unsuccessful convergence.
Time difference of 10.14188 mins
[1] "maxIt: 20"
[1] "It: 11"
 [1] "sigma:"            "0.981580485563197" "0.981580485563197"
 [4] "0.981580485563197" "0.981580485563197" "0.981580485563197"
 [7] "0.981580485563197" "0.981580485563197" "0.981580485563197"
[10] "0.981580485563197" "0.981580485563197" "0.981580485563197"
[13] "0.981580485563197" "0.325321559321243" "0.325321559321243"
[16] "0.325321559321243" "0.325321559321243" "0.325321559321243"
[19] "0.325321559321243" "0.325321559321243" "0.325321559321243"
[22] "0.325321559321243" "0.325321559321243" "0.325321559321243"
[25] "0.325321559321243" "0.325321559321243" "0.325321559321243"
[28] "0.325321559321243" "0.325321559321243" "0.325321559321243"
[31] "0.325321559321243" "0.325321559321243" "0.325321559321243"
[34] "0.325321559321243" "0.325321559321243" "0.325321559321243"
[37] "0.325321559321243" "0.325321559321243" "0.325321559321243"
[40] "0.325321559321243" "0.325321559321243" "beta :"           
[43] "1"                
[1] 10378809
[1] 10378754
[1] 10378829
 [1] "sigma:"            "0.981580485563197" "0.981580485563197"
 [4] "0.981580485563197" "0.981580485563197" "0.981580485563197"
 [7] "0.981580485563197" "0.981580485563197" "0.981580485563197"
[10] "0.981580485563197" "0.981580485563197" "0.981580485563197"
[13] "0.981580485563197" "0.300321559321243" "0.300321559321243"
[16] "0.300321559321243" "0.300321559321243" "0.300321559321243"
[19] "0.300321559321243" "0.300321559321243" "0.300321559321243"
[22] "0.300321559321243" "0.300321559321243" "0.300321559321243"
[25] "0.300321559321243" "0.300321559321243" "0.300321559321243"
[28] "0.300321559321243" "0.300321559321243" "0.300321559321243"
[31] "0.300321559321243" "0.300321559321243" "0.300321559321243"
[34] "0.300321559321243" "0.300321559321243" "0.300321559321243"
[37] "0.300321559321243" "0.300321559321243" "0.300321559321243"
[40] "0.300321559321243" "0.300321559321243" "beta :"           
[43] "1"                
[1] " old Likelihood:  -10378758.569928"
[1] "New Likelihood:  -10378754.0595503"
iter:  0  f-value:  37221.3  pgrad:  0.5078135 
iter:  10  f-value:  37221.23  pgrad:  0.6003935 
iter:  20  f-value:  37221.22  pgrad:  0.5977509 
iter:  30  f-value:  37221.21  pgrad:  0.5963935 
  Unsuccessful convergence.
Time difference of 10.78008 mins
[1] "maxIt: 20"
[1] "It: 12"
 [1] "sigma:"            "0.982395306815245" "0.982395306815245"
 [4] "0.982395306815245" "0.982395306815245" "0.982395306815245"
 [7] "0.982395306815245" "0.982395306815245" "0.982395306815245"
[10] "0.982395306815245" "0.982395306815245" "0.982395306815245"
[13] "0.982395306815245" "0.298015969403453" "0.298015969403453"
[16] "0.298015969403453" "0.298015969403453" "0.298015969403453"
[19] "0.298015969403453" "0.298015969403453" "0.298015969403453"
[22] "0.298015969403453" "0.298015969403453" "0.298015969403453"
[25] "0.298015969403453" "0.298015969403453" "0.298015969403453"
[28] "0.298015969403453" "0.298015969403453" "0.298015969403453"
[31] "0.298015969403453" "0.298015969403453" "0.298015969403453"
[34] "0.298015969403453" "0.298015969403453" "0.298015969403453"
[37] "0.298015969403453" "0.298015969403453" "0.298015969403453"
[40] "0.298015969403453" "0.298015969403453" "beta :"           
[43] "1"                
[1] 10378795
[1] 10378733
[1] 10378798
 [1] "sigma:"            "0.982395306815245" "0.982395306815245"
 [4] "0.982395306815245" "0.982395306815245" "0.982395306815245"
 [7] "0.982395306815245" "0.982395306815245" "0.982395306815245"
[10] "0.982395306815245" "0.982395306815245" "0.982395306815245"
[13] "0.982395306815245" "0.298015969403453" "0.298015969403453"
[16] "0.298015969403453" "0.298015969403453" "0.298015969403453"
[19] "0.298015969403453" "0.298015969403453" "0.298015969403453"
[22] "0.298015969403453" "0.298015969403453" "0.298015969403453"
[25] "0.298015969403453" "0.298015969403453" "0.298015969403453"
[28] "0.298015969403453" "0.298015969403453" "0.298015969403453"
[31] "0.298015969403453" "0.298015969403453" "0.298015969403453"
[34] "0.298015969403453" "0.298015969403453" "0.298015969403453"
[37] "0.298015969403453" "0.298015969403453" "0.298015969403453"
[40] "0.298015969403453" "0.298015969403453" "beta :"           
[43] "1"                
[1] " old Likelihood:  -10378754.0595503"
[1] "New Likelihood:  -10378733.0477774"
iter:  0  f-value:  37205.09  pgrad:  0.4956877 
iter:  10  f-value:  37205.08  pgrad:  0.5958382 
iter:  20  f-value:  37205.07  pgrad:  0.5931669 
iter:  30  f-value:  37205.07  pgrad:  0.5922971 
  Unsuccessful convergence.
Time difference of 10.14383 mins
[1] "maxIt: 20"
[1] "It: 13"
 [1] "sigma:"            "0.983168138420648" "0.983168138420648"
 [4] "0.983168138420648" "0.983168138420648" "0.983168138420648"
 [7] "0.983168138420648" "0.983168138420648" "0.983168138420648"
[10] "0.983168138420648" "0.983168138420648" "0.983168138420648"
[13] "0.983168138420648" "0.29612452975769"  "0.29612452975769" 
[16] "0.29612452975769"  "0.29612452975769"  "0.29612452975769" 
[19] "0.29612452975769"  "0.29612452975769"  "0.29612452975769" 
[22] "0.29612452975769"  "0.29612452975769"  "0.29612452975769" 
[25] "0.29612452975769"  "0.29612452975769"  "0.29612452975769" 
[28] "0.29612452975769"  "0.29612452975769"  "0.29612452975769" 
[31] "0.29612452975769"  "0.29612452975769"  "0.29612452975769" 
[34] "0.29612452975769"  "0.29612452975769"  "0.29612452975769" 
[37] "0.29612452975769"  "0.29612452975769"  "0.29612452975769" 
[40] "0.29612452975769"  "0.29612452975769"  "beta :"           
[43] "1"                
[1] 10378791
[1] 10378726
[1] 10378787
 [1] "sigma:"            "0.983168138420648" "0.983168138420648"
 [4] "0.983168138420648" "0.983168138420648" "0.983168138420648"
 [7] "0.983168138420648" "0.983168138420648" "0.983168138420648"
[10] "0.983168138420648" "0.983168138420648" "0.983168138420648"
[13] "0.983168138420648" "0.29612452975769"  "0.29612452975769" 
[16] "0.29612452975769"  "0.29612452975769"  "0.29612452975769" 
[19] "0.29612452975769"  "0.29612452975769"  "0.29612452975769" 
[22] "0.29612452975769"  "0.29612452975769"  "0.29612452975769" 
[25] "0.29612452975769"  "0.29612452975769"  "0.29612452975769" 
[28] "0.29612452975769"  "0.29612452975769"  "0.29612452975769" 
[31] "0.29612452975769"  "0.29612452975769"  "0.29612452975769" 
[34] "0.29612452975769"  "0.29612452975769"  "0.29612452975769" 
[37] "0.29612452975769"  "0.29612452975769"  "0.29612452975769" 
[40] "0.29612452975769"  "0.29612452975769"  "beta :"           
[43] "1"                
[1] " old Likelihood:  -10378733.0477774"
[1] "New Likelihood:  -10378726.2529129"
iter:  0  f-value:  37215.9  pgrad:  0.5088314 
iter:  10  f-value:  37215.89  pgrad:  0.5917943 
iter:  20  f-value:  37215.89  pgrad:  0.5891681 
iter:  30  f-value:  37215.89  pgrad:  0.5237962 
  Unsuccessful convergence.
Time difference of 10.09786 mins
[1] "maxIt: 20"
[1] "It: 14"
 [1] "sigma:"            "0.983979565434693" "0.983979565434693"
 [4] "0.983979565434693" "0.983979565434693" "0.983979565434693"
 [7] "0.983979565434693" "0.983979565434693" "0.983979565434693"
[10] "0.983979565434693" "0.983979565434693" "0.983979565434693"
[13] "0.983979565434693" "0.294330636308297" "0.294330636308297"
[16] "0.294330636308297" "0.294330636308297" "0.294330636308297"
[19] "0.294330636308297" "0.294330636308297" "0.294330636308297"
[22] "0.294330636308297" "0.294330636308297" "0.294330636308297"
[25] "0.294330636308297" "0.294330636308297" "0.294330636308297"
[28] "0.294330636308297" "0.294330636308297" "0.294330636308297"
[31] "0.294330636308297" "0.294330636308297" "0.294330636308297"
[34] "0.294330636308297" "0.294330636308297" "0.294330636308297"
[37] "0.294330636308297" "0.294330636308297" "0.294330636308297"
[40] "0.294330636308297" "0.294330636308297" "beta :"           
[43] "1"                
[1] 10378788
[1] 10378722
[1] 10378782
 [1] "sigma:"            "0.983979565434693" "0.983979565434693"
 [4] "0.983979565434693" "0.983979565434693" "0.983979565434693"
 [7] "0.983979565434693" "0.983979565434693" "0.983979565434693"
[10] "0.983979565434693" "0.983979565434693" "0.983979565434693"
[13] "0.983979565434693" "0.294330636308297" "0.294330636308297"
[16] "0.294330636308297" "0.294330636308297" "0.294330636308297"
[19] "0.294330636308297" "0.294330636308297" "0.294330636308297"
[22] "0.294330636308297" "0.294330636308297" "0.294330636308297"
[25] "0.294330636308297" "0.294330636308297" "0.294330636308297"
[28] "0.294330636308297" "0.294330636308297" "0.294330636308297"
[31] "0.294330636308297" "0.294330636308297" "0.294330636308297"
[34] "0.294330636308297" "0.294330636308297" "0.294330636308297"
[37] "0.294330636308297" "0.294330636308297" "0.294330636308297"
[40] "0.294330636308297" "0.294330636308297" "beta :"           
[43] "1"                
[1] " old Likelihood:  -10378726.2529129"
[1] "New Likelihood:  -10378722.4271193"
iter:  0  f-value:  37240.92  pgrad:  0.5886613 
iter:  10  f-value:  37240.91  pgrad:  0.5882784 
iter:  20  f-value:  37240.91  pgrad:  0.5870256 
iter:  30  f-value:  37240.91  pgrad:  0.5863406 
  Unsuccessful convergence.
Time difference of 10.10459 mins
[1] "maxIt: 20"
[1] "It: 15"
 [1] "sigma:"            "0.98441441588343"  "0.98441441588343" 
 [4] "0.98441441588343"  "0.98441441588343"  "0.98441441588343" 
 [7] "0.98441441588343"  "0.98441441588343"  "0.98441441588343" 
[10] "0.98441441588343"  "0.98441441588343"  "0.98441441588343" 
[13] "0.98441441588343"  "0.293077861648859" "0.293077861648859"
[16] "0.293077861648859" "0.293077861648859" "0.293077861648859"
[19] "0.293077861648859" "0.293077861648859" "0.293077861648859"
[22] "0.293077861648859" "0.293077861648859" "0.293077861648859"
[25] "0.293077861648859" "0.293077861648859" "0.293077861648859"
[28] "0.293077861648859" "0.293077861648859" "0.293077861648859"
[31] "0.293077861648859" "0.293077861648859" "0.293077861648859"
[34] "0.293077861648859" "0.293077861648859" "0.293077861648859"
[37] "0.293077861648859" "0.293077861648859" "0.293077861648859"
[40] "0.293077861648859" "0.293077861648859" "beta :"           
[43] "1"                
[1] 10378786
[1] 10378720
[1] 10378779
 [1] "sigma:"            "0.98441441588343"  "0.98441441588343" 
 [4] "0.98441441588343"  "0.98441441588343"  "0.98441441588343" 
 [7] "0.98441441588343"  "0.98441441588343"  "0.98441441588343" 
[10] "0.98441441588343"  "0.98441441588343"  "0.98441441588343" 
[13] "0.98441441588343"  "0.293077861648859" "0.293077861648859"
[16] "0.293077861648859" "0.293077861648859" "0.293077861648859"
[19] "0.293077861648859" "0.293077861648859" "0.293077861648859"
[22] "0.293077861648859" "0.293077861648859" "0.293077861648859"
[25] "0.293077861648859" "0.293077861648859" "0.293077861648859"
[28] "0.293077861648859" "0.293077861648859" "0.293077861648859"
[31] "0.293077861648859" "0.293077861648859" "0.293077861648859"
[34] "0.293077861648859" "0.293077861648859" "0.293077861648859"
[37] "0.293077861648859" "0.293077861648859" "0.293077861648859"
[40] "0.293077861648859" "0.293077861648859" "beta :"           
[43] "1"                
[1] " old Likelihood:  -10378722.4271193"
[1] "New Likelihood:  -10378719.9764306"
iter:  0  f-value:  37262.19  pgrad:  0.5861557 
iter:  10  f-value:  37262.19  pgrad:  0.5856757 
iter:  20  f-value:  37262.19  pgrad:  0.5843881 
iter:  30  f-value:  37262.19  pgrad:  0.39523 
  Unsuccessful convergence.
Time difference of 10.11295 mins
[1] "maxIt: 20"
[1] "It: 16"
 [1] "sigma:"            "0.984871473496471" "0.984871473496471"
 [4] "0.984871473496471" "0.984871473496471" "0.984871473496471"
 [7] "0.984871473496471" "0.984871473496471" "0.984871473496471"
[10] "0.984871473496471" "0.984871473496471" "0.984871473496471"
[13] "0.984871473496471" "0.291780005336646" "0.291780005336646"
[16] "0.291780005336646" "0.291780005336646" "0.291780005336646"
[19] "0.291780005336646" "0.291780005336646" "0.291780005336646"
[22] "0.291780005336646" "0.291780005336646" "0.291780005336646"
[25] "0.291780005336646" "0.291780005336646" "0.291780005336646"
[28] "0.291780005336646" "0.291780005336646" "0.291780005336646"
[31] "0.291780005336646" "0.291780005336646" "0.291780005336646"
[34] "0.291780005336646" "0.291780005336646" "0.291780005336646"
[37] "0.291780005336646" "0.291780005336646" "0.291780005336646"
[40] "0.291780005336646" "0.291780005336646" "beta :"           
[43] "1"                
[1] 10378785
[1] 10378718
[1] 10378776
 [1] "sigma:"            "0.984871473496471" "0.984871473496471"
 [4] "0.984871473496471" "0.984871473496471" "0.984871473496471"
 [7] "0.984871473496471" "0.984871473496471" "0.984871473496471"
[10] "0.984871473496471" "0.984871473496471" "0.984871473496471"
[13] "0.984871473496471" "0.291780005336646" "0.291780005336646"
[16] "0.291780005336646" "0.291780005336646" "0.291780005336646"
[19] "0.291780005336646" "0.291780005336646" "0.291780005336646"
[22] "0.291780005336646" "0.291780005336646" "0.291780005336646"
[25] "0.291780005336646" "0.291780005336646" "0.291780005336646"
[28] "0.291780005336646" "0.291780005336646" "0.291780005336646"
[31] "0.291780005336646" "0.291780005336646" "0.291780005336646"
[34] "0.291780005336646" "0.291780005336646" "0.291780005336646"
[37] "0.291780005336646" "0.291780005336646" "0.291780005336646"
[40] "0.291780005336646" "0.291780005336646" "beta :"           
[43] "1"                
[1] " old Likelihood:  -10378719.9764306"
[1] "New Likelihood:  -10378717.8251763"
iter:  0  f-value:  37288.04  pgrad:  0.58356 
iter:  10  f-value:  37288.04  pgrad:  0.5831228 
iter:  20  f-value:  37288.03  pgrad:  0.581705 
iter:  30  f-value:  37288.03  pgrad:  0.3157038 
  Unsuccessful convergence.
Time difference of 10.14843 mins
[1] "maxIt: 20"
[1] "It: 17"
 [1] "sigma:"            "0.985258632829109" "0.985258632829109"
 [4] "0.985258632829109" "0.985258632829109" "0.985258632829109"
 [7] "0.985258632829109" "0.985258632829109" "0.985258632829109"
[10] "0.985258632829109" "0.985258632829109" "0.985258632829109"
[13] "0.985258632829109" "0.290515623030922" "0.290515623030922"
[16] "0.290515623030922" "0.290515623030922" "0.290515623030922"
[19] "0.290515623030922" "0.290515623030922" "0.290515623030922"
[22] "0.290515623030922" "0.290515623030922" "0.290515623030922"
[25] "0.290515623030922" "0.290515623030922" "0.290515623030922"
[28] "0.290515623030922" "0.290515623030922" "0.290515623030922"
[31] "0.290515623030922" "0.290515623030922" "0.290515623030922"
[34] "0.290515623030922" "0.290515623030922" "0.290515623030922"
[37] "0.290515623030922" "0.290515623030922" "0.290515623030922"
[40] "0.290515623030922" "0.290515623030922" "beta :"           
[43] "1"                
[1] 10378783
[1] 10378716
[1] 10378774
 [1] "sigma:"            "0.985258632829109" "0.985258632829109"
 [4] "0.985258632829109" "0.985258632829109" "0.985258632829109"
 [7] "0.985258632829109" "0.985258632829109" "0.985258632829109"
[10] "0.985258632829109" "0.985258632829109" "0.985258632829109"
[13] "0.985258632829109" "0.290515623030922" "0.290515623030922"
[16] "0.290515623030922" "0.290515623030922" "0.290515623030922"
[19] "0.290515623030922" "0.290515623030922" "0.290515623030922"
[22] "0.290515623030922" "0.290515623030922" "0.290515623030922"
[25] "0.290515623030922" "0.290515623030922" "0.290515623030922"
[28] "0.290515623030922" "0.290515623030922" "0.290515623030922"
[31] "0.290515623030922" "0.290515623030922" "0.290515623030922"
[34] "0.290515623030922" "0.290515623030922" "0.290515623030922"
[37] "0.290515623030922" "0.290515623030922" "0.290515623030922"
[40] "0.290515623030922" "0.290515623030922" "beta :"           
[43] "1"                
[1] " old Likelihood:  -10378717.8251763"
[1] "New Likelihood:  -10378715.9348504"
iter:  0  f-value:  37315.45  pgrad:  0.5810312 
iter:  10  f-value:  37315.45  pgrad:  0.5806684 
iter:  20  f-value:  37315.45  pgrad:  0.579654 
iter:  30  f-value:  37315.45  pgrad:  0.5794726 
  Unsuccessful convergence.
Time difference of 10.13713 mins
[1] "maxIt: 20"
[1] "It: 18"
 [1] "sigma:"            "0.985410542757758" "0.985410542757758"
 [4] "0.985410542757758" "0.985410542757758" "0.985410542757758"
 [7] "0.985410542757758" "0.985410542757758" "0.985410542757758"
[10] "0.985410542757758" "0.985410542757758" "0.985410542757758"
[13] "0.985410542757758" "0.289674976916093" "0.289674976916093"
[16] "0.289674976916093" "0.289674976916093" "0.289674976916093"
[19] "0.289674976916093" "0.289674976916093" "0.289674976916093"
[22] "0.289674976916093" "0.289674976916093" "0.289674976916093"
[25] "0.289674976916093" "0.289674976916093" "0.289674976916093"
[28] "0.289674976916093" "0.289674976916093" "0.289674976916093"
[31] "0.289674976916093" "0.289674976916093" "0.289674976916093"
[34] "0.289674976916093" "0.289674976916093" "0.289674976916093"
[37] "0.289674976916093" "0.289674976916093" "0.289674976916093"
[40] "0.289674976916093" "0.289674976916093" "beta :"           
[43] "1"                
[1] 10378782
[1] 10378714
[1] 10378773
 [1] "sigma:"            "0.985410542757758" "0.985410542757758"
 [4] "0.985410542757758" "0.985410542757758" "0.985410542757758"
 [7] "0.985410542757758" "0.985410542757758" "0.985410542757758"
[10] "0.985410542757758" "0.985410542757758" "0.985410542757758"
[13] "0.985410542757758" "0.289674976916093" "0.289674976916093"
[16] "0.289674976916093" "0.289674976916093" "0.289674976916093"
[19] "0.289674976916093" "0.289674976916093" "0.289674976916093"
[22] "0.289674976916093" "0.289674976916093" "0.289674976916093"
[25] "0.289674976916093" "0.289674976916093" "0.289674976916093"
[28] "0.289674976916093" "0.289674976916093" "0.289674976916093"
[31] "0.289674976916093" "0.289674976916093" "0.289674976916093"
[34] "0.289674976916093" "0.289674976916093" "0.289674976916093"
[37] "0.289674976916093" "0.289674976916093" "0.289674976916093"
[40] "0.289674976916093" "0.289674976916093" "beta :"           
[43] "1"                
[1] " old Likelihood:  -10378715.9348504"
[1] "New Likelihood:  -10378714.4641416"
iter:  0  f-value:  37334.78  pgrad:  0.57935 
iter:  10  f-value:  37334.78  pgrad:  0.579029 
iter:  20  f-value:  37334.78  pgrad:  0.5778371 
iter:  30  f-value:  37334.78  pgrad:  0.5004404 
  Unsuccessful convergence.
Time difference of 10.14593 mins
[1] "maxIt: 20"
[1] "It: 19"
 [1] "sigma:"            "0.985583866292377" "0.985583866292377"
 [4] "0.985583866292377" "0.985583866292377" "0.985583866292377"
 [7] "0.985583866292377" "0.985583866292377" "0.985583866292377"
[10] "0.985583866292377" "0.985583866292377" "0.985583866292377"
[13] "0.985583866292377" "0.288732133306068" "0.288732133306068"
[16] "0.288732133306068" "0.288732133306068" "0.288732133306068"
[19] "0.288732133306068" "0.288732133306068" "0.288732133306068"
[22] "0.288732133306068" "0.288732133306068" "0.288732133306068"
[25] "0.288732133306068" "0.288732133306068" "0.288732133306068"
[28] "0.288732133306068" "0.288732133306068" "0.288732133306068"
[31] "0.288732133306068" "0.288732133306068" "0.288732133306068"
[34] "0.288732133306068" "0.288732133306068" "0.288732133306068"
[37] "0.288732133306068" "0.288732133306068" "0.288732133306068"
[40] "0.288732133306068" "0.288732133306068" "beta :"           
[43] "1"                
[1] 10378781
[1] 10378713
[1] 10378771
 [1] "sigma:"            "0.985583866292377" "0.985583866292377"
 [4] "0.985583866292377" "0.985583866292377" "0.985583866292377"
 [7] "0.985583866292377" "0.985583866292377" "0.985583866292377"
[10] "0.985583866292377" "0.985583866292377" "0.985583866292377"
[13] "0.985583866292377" "0.288732133306068" "0.288732133306068"
[16] "0.288732133306068" "0.288732133306068" "0.288732133306068"
[19] "0.288732133306068" "0.288732133306068" "0.288732133306068"
[22] "0.288732133306068" "0.288732133306068" "0.288732133306068"
[25] "0.288732133306068" "0.288732133306068" "0.288732133306068"
[28] "0.288732133306068" "0.288732133306068" "0.288732133306068"
[31] "0.288732133306068" "0.288732133306068" "0.288732133306068"
[34] "0.288732133306068" "0.288732133306068" "0.288732133306068"
[37] "0.288732133306068" "0.288732133306068" "0.288732133306068"
[40] "0.288732133306068" "0.288732133306068" "beta :"           
[43] "1"                
[1] " old Likelihood:  -10378714.4641416"
[1] "New Likelihood:  -10378713.0135182"
iter:  0  f-value:  37356.87  pgrad:  0.5774643 
iter:  10  f-value:  37356.87  pgrad:  0.5771604 
iter:  20  f-value:  37356.87  pgrad:  0.5761378 
iter:  30  f-value:  37356.87  pgrad:  0.5108688 
  Unsuccessful convergence.
Time difference of 10.11079 mins
[1] "maxIt: 20"
[1] "It: 20"
 [1] "sigma:"            "0.985820059227675" "0.985820059227675"
 [4] "0.985820059227675" "0.985820059227675" "0.985820059227675"
 [7] "0.985820059227675" "0.985820059227675" "0.985820059227675"
[10] "0.985820059227675" "0.985820059227675" "0.985820059227675"
[13] "0.985820059227675" "0.287493144778425" "0.287493144778425"
[16] "0.287493144778425" "0.287493144778425" "0.287493144778425"
[19] "0.287493144778425" "0.287493144778425" "0.287493144778425"
[22] "0.287493144778425" "0.287493144778425" "0.287493144778425"
[25] "0.287493144778425" "0.287493144778425" "0.287493144778425"
[28] "0.287493144778425" "0.287493144778425" "0.287493144778425"
[31] "0.287493144778425" "0.287493144778425" "0.287493144778425"
[34] "0.287493144778425" "0.287493144778425" "0.287493144778425"
[37] "0.287493144778425" "0.287493144778425" "0.287493144778425"
[40] "0.287493144778425" "0.287493144778425" "beta :"           
[43] "1"                
[1] 10378780
[1] 10378712
[1] 10378769
 [1] "sigma:"            "0.985820059227675" "0.985820059227675"
 [4] "0.985820059227675" "0.985820059227675" "0.985820059227675"
 [7] "0.985820059227675" "0.985820059227675" "0.985820059227675"
[10] "0.985820059227675" "0.985820059227675" "0.985820059227675"
[13] "0.985820059227675" "0.287493144778425" "0.287493144778425"
[16] "0.287493144778425" "0.287493144778425" "0.287493144778425"
[19] "0.287493144778425" "0.287493144778425" "0.287493144778425"
[22] "0.287493144778425" "0.287493144778425" "0.287493144778425"
[25] "0.287493144778425" "0.287493144778425" "0.287493144778425"
[28] "0.287493144778425" "0.287493144778425" "0.287493144778425"
[31] "0.287493144778425" "0.287493144778425" "0.287493144778425"
[34] "0.287493144778425" "0.287493144778425" "0.287493144778425"
[37] "0.287493144778425" "0.287493144778425" "0.287493144778425"
[40] "0.287493144778425" "0.287493144778425" "beta :"           
[43] "1"                
[1] " old Likelihood:  -10378713.0135182"
[1] "New Likelihood:  -10378711.5015312"
iter:  0  f-value:  37385.78  pgrad:  0.5749863 
iter:  10  f-value:  37385.78  pgrad:  0.5746883 
iter:  20  f-value:  37385.78  pgrad:  0.5736085 
iter:  30  f-value:  37385.78  pgrad:  0.2799788 
  Unsuccessful convergence.
Time difference of 10.11193 mins
 [1] "sigma:"            "0.986012725458424" "0.986012725458424"
 [4] "0.986012725458424" "0.986012725458424" "0.986012725458424"
 [7] "0.986012725458424" "0.986012725458424" "0.986012725458424"
[10] "0.986012725458424" "0.986012725458424" "0.986012725458424"
[13] "0.986012725458424" "0.286308889960097" "0.286308889960097"
[16] "0.286308889960097" "0.286308889960097" "0.286308889960097"
[19] "0.286308889960097" "0.286308889960097" "0.286308889960097"
[22] "0.286308889960097" "0.286308889960097" "0.286308889960097"
[25] "0.286308889960097" "0.286308889960097" "0.286308889960097"
[28] "0.286308889960097" "0.286308889960097" "0.286308889960097"
[31] "0.286308889960097" "0.286308889960097" "0.286308889960097"
[34] "0.286308889960097" "0.286308889960097" "0.286308889960097"
[37] "0.286308889960097" "0.286308889960097" "0.286308889960097"
[40] "0.286308889960097" "0.286308889960097" "beta :"           
[43] "1"                
[1] 1999924 1999654 1999860 1999794 1999860
[1] 1 1 1 1 1
saved RDS
inference successful
