[1] "Original length"
[1] 999994
[1] "Final length"
[1] 18759
[1] "sequence length : 999995" "sequence length : 999737"
[3] "sequence length : 999874" "sequence length : 999936"
[5] "sequence length : 999697"
[1] 1 1 1 1 1
[1] "Beta: 1"
[1] "Self: 0.5"
 [1] 0 0 0 0 0 0 0 0 0 0 0 0 0 0 0 0 0 0 0 0
[1] "maxIt: 20"
[1] "It: 1"
 [1] "sigma:" "0.5"    "0.5"    "0.5"    "0.5"    "0.5"    "0.5"    "0.5"   
 [9] "0.5"    "0.5"    "0.5"    "0.5"    "0.5"    "0.5"    "0.5"    "0.5"   
[17] "0.5"    "0.5"    "0.5"    "0"      "0"      "0"      "0"      "0"     
[25] "0"      "0"      "0"      "0"      "0"      "0"      "0"      "0"     
[33] "0"      "0"      "0"      "0"      "0"      "0"      "0"      "0"     
[41] "0"      "beta :" "1"     
[1] 10326611
[1] 10326569
[1] 10326550
[1] 10326524
[1] 10326494
[1] 10326469
[1] 10326463
[1] 10326479
[1] 10326523
[1] 10326613
[1] 10326776
[1] 10327052
[1] 10327466
[1] 10327989
[1] 10328539
[1] 10329014
[1] 10329319
[1] 10329471
[1] 10329537
[1] 10329565
[1] 10329570
 [1] "sigma:" "0.647"  "0.647"  "0.647"  "0.647"  "0.647"  "0.647"  "0.647" 
 [9] "0.647"  "0.647"  "0.647"  "0.647"  "0.647"  "0.45"   "0.45"   "0.45"  
[17] "0.45"   "0.45"   "0.45"   "0.45"   "0.45"   "0.45"   "0.45"   "0.45"  
[25] "0.45"   "0.45"   "0.45"   "0.45"   "0.45"   "0.45"   "0.45"   "0.45"  
[33] "0.45"   "0.45"   "0.45"   "0.45"   "0.45"   "0.45"   "0.45"   "0.45"  
[41] "0.45"   "beta :" "1"     
[1] "New Likelihood:  -10326462.7091995"
iter:  0  f-value:  33248.19  pgrad:  0.9 
iter:  10  f-value:  33247.47  pgrad:  0.8948394 
iter:  20  f-value:  33247.33  pgrad:  0.889319 
iter:  30  f-value:  33247.3  pgrad:  0.8874671 
  Unsuccessful convergence.
Time difference of 33.78995 mins
[1] "maxIt: 20"
[1] "It: 2"
 [1] "sigma:"            "0.649760984807906" "0.649760984807906"
 [4] "0.649760984807906" "0.649760984807906" "0.649760984807906"
 [7] "0.649760984807906" "0.649760984807906" "0.649760984807906"
[10] "0.649760984807906" "0.649760984807906" "0.649760984807906"
[13] "0.649760984807906" "0.443534016134555" "0.443534016134555"
[16] "0.443534016134555" "0.443534016134555" "0.443534016134555"
[19] "0.443534016134555" "0.443534016134555" "0.443534016134555"
[22] "0.443534016134555" "0.443534016134555" "0.443534016134555"
[25] "0.443534016134555" "0.443534016134555" "0.443534016134555"
[28] "0.443534016134555" "0.443534016134555" "0.443534016134555"
[31] "0.443534016134555" "0.443534016134555" "0.443534016134555"
[34] "0.443534016134555" "0.443534016134555" "0.443534016134555"
[37] "0.443534016134555" "0.443534016134555" "0.443534016134555"
[40] "0.443534016134555" "0.443534016134555" "beta :"           
[43] "1"                
[1] 10325865
[1] 10325853
[1] 10325989
 [1] "sigma:"            "0.968260984807906" "0.968260984807906"
 [4] "0.968260984807906" "0.968260984807906" "0.968260984807906"
 [7] "0.968260984807906" "0.968260984807906" "0.968260984807906"
[10] "0.968260984807906" "0.968260984807906" "0.968260984807906"
[13] "0.968260984807906" "0.443534016134555" "0.443534016134555"
[16] "0.443534016134555" "0.443534016134555" "0.443534016134555"
[19] "0.443534016134555" "0.443534016134555" "0.443534016134555"
[22] "0.443534016134555" "0.443534016134555" "0.443534016134555"
[25] "0.443534016134555" "0.443534016134555" "0.443534016134555"
[28] "0.443534016134555" "0.443534016134555" "0.443534016134555"
[31] "0.443534016134555" "0.443534016134555" "0.443534016134555"
[34] "0.443534016134555" "0.443534016134555" "0.443534016134555"
[37] "0.443534016134555" "0.443534016134555" "0.443534016134555"
[40] "0.443534016134555" "0.443534016134555" "beta :"           
[43] "1"                
[1] " old Likelihood:  -10326462.7091995"
[1] "New Likelihood:  -10325852.8067026"
iter:  0  f-value:  32978.85  pgrad:  0.887068 
iter:  10  f-value:  32978.56  pgrad:  0.8798634 
iter:  20  f-value:  32978.51  pgrad:  0.8764481 
iter:  30  f-value:  32978.49  pgrad:  0.8729708 
  Unsuccessful convergence.
Time difference of 17.37482 mins
[1] "maxIt: 20"
[1] "It: 3"
 [1] "sigma:"            "0.971014202788155" "0.971014202788155"
 [4] "0.971014202788155" "0.971014202788155" "0.971014202788155"
 [7] "0.971014202788155" "0.971014202788155" "0.971014202788155"
[10] "0.971014202788155" "0.971014202788155" "0.971014202788155"
[13] "0.971014202788155" "0.43643492810397"  "0.43643492810397" 
[16] "0.43643492810397"  "0.43643492810397"  "0.43643492810397" 
[19] "0.43643492810397"  "0.43643492810397"  "0.43643492810397" 
[22] "0.43643492810397"  "0.43643492810397"  "0.43643492810397" 
[25] "0.43643492810397"  "0.43643492810397"  "0.43643492810397" 
[28] "0.43643492810397"  "0.43643492810397"  "0.43643492810397" 
[31] "0.43643492810397"  "0.43643492810397"  "0.43643492810397" 
[34] "0.43643492810397"  "0.43643492810397"  "0.43643492810397" 
[37] "0.43643492810397"  "0.43643492810397"  "0.43643492810397" 
[40] "0.43643492810397"  "0.43643492810397"  "beta :"           
[43] "1"                
[1] 10325742
[1] 10325724
[1] 10325855
 [1] "sigma:"            "0.971014202788155" "0.971014202788155"
 [4] "0.971014202788155" "0.971014202788155" "0.971014202788155"
 [7] "0.971014202788155" "0.971014202788155" "0.971014202788155"
[10] "0.971014202788155" "0.971014202788155" "0.971014202788155"
[13] "0.971014202788155" "0.41143492810397"  "0.41143492810397" 
[16] "0.41143492810397"  "0.41143492810397"  "0.41143492810397" 
[19] "0.41143492810397"  "0.41143492810397"  "0.41143492810397" 
[22] "0.41143492810397"  "0.41143492810397"  "0.41143492810397" 
[25] "0.41143492810397"  "0.41143492810397"  "0.41143492810397" 
[28] "0.41143492810397"  "0.41143492810397"  "0.41143492810397" 
[31] "0.41143492810397"  "0.41143492810397"  "0.41143492810397" 
[34] "0.41143492810397"  "0.41143492810397"  "0.41143492810397" 
[37] "0.41143492810397"  "0.41143492810397"  "0.41143492810397" 
[40] "0.41143492810397"  "0.41143492810397"  "beta :"           
[43] "1"                
[1] " old Likelihood:  -10325852.8067026"
[1] "New Likelihood:  -10325723.954745"
iter:  0  f-value:  34016.76  pgrad:  0.5089059 
iter:  10  f-value:  34016.49  pgrad:  0.8190975 
iter:  20  f-value:  34016.45  pgrad:  0.8145179 
iter:  30  f-value:  34016.41  pgrad:  0.8094272 
  Unsuccessful convergence.
Time difference of 10.35376 mins
[1] "maxIt: 20"
[1] "It: 4"
 [1] "sigma:"            "0.974350363055902" "0.974350363055902"
 [4] "0.974350363055902" "0.974350363055902" "0.974350363055902"
 [7] "0.974350363055902" "0.974350363055902" "0.974350363055902"
[10] "0.974350363055902" "0.974350363055902" "0.974350363055902"
[13] "0.974350363055902" "0.404668248763892" "0.404668248763892"
[16] "0.404668248763892" "0.404668248763892" "0.404668248763892"
[19] "0.404668248763892" "0.404668248763892" "0.404668248763892"
[22] "0.404668248763892" "0.404668248763892" "0.404668248763892"
[25] "0.404668248763892" "0.404668248763892" "0.404668248763892"
[28] "0.404668248763892" "0.404668248763892" "0.404668248763892"
[31] "0.404668248763892" "0.404668248763892" "0.404668248763892"
[34] "0.404668248763892" "0.404668248763892" "0.404668248763892"
[37] "0.404668248763892" "0.404668248763892" "0.404668248763892"
[40] "0.404668248763892" "0.404668248763892" "beta :"           
[43] "1"                
[1] 10325649
[1] 10325624
[1] 10325746
 [1] "sigma:"            "0.974350363055902" "0.974350363055902"
 [4] "0.974350363055902" "0.974350363055902" "0.974350363055902"
 [7] "0.974350363055902" "0.974350363055902" "0.974350363055902"
[10] "0.974350363055902" "0.974350363055902" "0.974350363055902"
[13] "0.974350363055902" "0.404668248763892" "0.404668248763892"
[16] "0.404668248763892" "0.404668248763892" "0.404668248763892"
[19] "0.404668248763892" "0.404668248763892" "0.404668248763892"
[22] "0.404668248763892" "0.404668248763892" "0.404668248763892"
[25] "0.404668248763892" "0.404668248763892" "0.404668248763892"
[28] "0.404668248763892" "0.404668248763892" "0.404668248763892"
[31] "0.404668248763892" "0.404668248763892" "0.404668248763892"
[34] "0.404668248763892" "0.404668248763892" "0.404668248763892"
[37] "0.404668248763892" "0.404668248763892" "0.404668248763892"
[40] "0.404668248763892" "0.404668248763892" "beta :"           
[43] "1"                
[1] " old Likelihood:  -10325723.954745"
[1] "New Likelihood:  -10325624.1400782"
iter:  0  f-value:  34086.31  pgrad:  0.8093365 
iter:  10  f-value:  34086.2  pgrad:  0.8066092 
iter:  20  f-value:  34086.16  pgrad:  0.8014829 
iter:  30  f-value:  34086.13  pgrad:  0.7979007 
  Unsuccessful convergence.
Time difference of 9.769857 mins
[1] "maxIt: 20"
[1] "It: 5"
 [1] "sigma:"            "0.977992741695076" "0.977992741695076"
 [4] "0.977992741695076" "0.977992741695076" "0.977992741695076"
 [7] "0.977992741695076" "0.977992741695076" "0.977992741695076"
[10] "0.977992741695076" "0.977992741695076" "0.977992741695076"
[13] "0.977992741695076" "0.398824734158086" "0.398824734158086"
[16] "0.398824734158086" "0.398824734158086" "0.398824734158086"
[19] "0.398824734158086" "0.398824734158086" "0.398824734158086"
[22] "0.398824734158086" "0.398824734158086" "0.398824734158086"
[25] "0.398824734158086" "0.398824734158086" "0.398824734158086"
[28] "0.398824734158086" "0.398824734158086" "0.398824734158086"
[31] "0.398824734158086" "0.398824734158086" "0.398824734158086"
[34] "0.398824734158086" "0.398824734158086" "0.398824734158086"
[37] "0.398824734158086" "0.398824734158086" "0.398824734158086"
[40] "0.398824734158086" "0.398824734158086" "beta :"           
[43] "1"                
[1] 10325603
[1] 10325570
[1] 10325685
 [1] "sigma:"            "0.977992741695076" "0.977992741695076"
 [4] "0.977992741695076" "0.977992741695076" "0.977992741695076"
 [7] "0.977992741695076" "0.977992741695076" "0.977992741695076"
[10] "0.977992741695076" "0.977992741695076" "0.977992741695076"
[13] "0.977992741695076" "0.373824734158086" "0.373824734158086"
[16] "0.373824734158086" "0.373824734158086" "0.373824734158086"
[19] "0.373824734158086" "0.373824734158086" "0.373824734158086"
[22] "0.373824734158086" "0.373824734158086" "0.373824734158086"
[25] "0.373824734158086" "0.373824734158086" "0.373824734158086"
[28] "0.373824734158086" "0.373824734158086" "0.373824734158086"
[31] "0.373824734158086" "0.373824734158086" "0.373824734158086"
[34] "0.373824734158086" "0.373824734158086" "0.373824734158086"
[37] "0.373824734158086" "0.373824734158086" "0.373824734158086"
[40] "0.373824734158086" "0.373824734158086" "beta :"           
[43] "1"                
[1] " old Likelihood:  -10325624.1400782"
[1] "New Likelihood:  -10325570.1784885"
iter:  0  f-value:  35062.11  pgrad:  0.5104374 
iter:  10  f-value:  35061.95  pgrad:  0.7467118 
iter:  20  f-value:  35061.9  pgrad:  0.740348 
iter:  30  f-value:  35061.88  pgrad:  0.7371462 
  Unsuccessful convergence.
Time difference of 10.32758 mins
[1] "maxIt: 20"
[1] "It: 6"
 [1] "sigma:"            "0.981774816233886" "0.981774816233886"
 [4] "0.981774816233886" "0.981774816233886" "0.981774816233886"
 [7] "0.981774816233886" "0.981774816233886" "0.981774816233886"
[10] "0.981774816233886" "0.981774816233886" "0.981774816233886"
[13] "0.981774816233886" "0.368482752850465" "0.368482752850465"
[16] "0.368482752850465" "0.368482752850465" "0.368482752850465"
[19] "0.368482752850465" "0.368482752850465" "0.368482752850465"
[22] "0.368482752850465" "0.368482752850465" "0.368482752850465"
[25] "0.368482752850465" "0.368482752850465" "0.368482752850465"
[28] "0.368482752850465" "0.368482752850465" "0.368482752850465"
[31] "0.368482752850465" "0.368482752850465" "0.368482752850465"
[34] "0.368482752850465" "0.368482752850465" "0.368482752850465"
[37] "0.368482752850465" "0.368482752850465" "0.368482752850465"
[40] "0.368482752850465" "0.368482752850465" "beta :"           
[43] "1"                
[1] 10325549
[1] 10325507
[1] 10325612
 [1] "sigma:"            "0.981774816233886" "0.981774816233886"
 [4] "0.981774816233886" "0.981774816233886" "0.981774816233886"
 [7] "0.981774816233886" "0.981774816233886" "0.981774816233886"
[10] "0.981774816233886" "0.981774816233886" "0.981774816233886"
[13] "0.981774816233886" "0.368482752850465" "0.368482752850465"
[16] "0.368482752850465" "0.368482752850465" "0.368482752850465"
[19] "0.368482752850465" "0.368482752850465" "0.368482752850465"
[22] "0.368482752850465" "0.368482752850465" "0.368482752850465"
[25] "0.368482752850465" "0.368482752850465" "0.368482752850465"
[28] "0.368482752850465" "0.368482752850465" "0.368482752850465"
[31] "0.368482752850465" "0.368482752850465" "0.368482752850465"
[34] "0.368482752850465" "0.368482752850465" "0.368482752850465"
[37] "0.368482752850465" "0.368482752850465" "0.368482752850465"
[40] "0.368482752850465" "0.368482752850465" "beta :"           
[43] "1"                
[1] " old Likelihood:  -10325570.1784885"
[1] "New Likelihood:  -10325507.4975871"
iter:  0  f-value:  35097.59  pgrad:  0.5082405 
iter:  10  f-value:  35097.53  pgrad:  0.7347746 
iter:  20  f-value:  35097.51  pgrad:  0.7326602 
iter:  30  f-value:  35097.49  pgrad:  0.7286836 
  Unsuccessful convergence.
Time difference of 9.735598 mins
[1] "maxIt: 20"
[1] "It: 7"
 [1] "sigma:"            "0.984994434760328" "0.984994434760328"
 [4] "0.984994434760328" "0.984994434760328" "0.984994434760328"
 [7] "0.984994434760328" "0.984994434760328" "0.984994434760328"
[10] "0.984994434760328" "0.984994434760328" "0.984994434760328"
[13] "0.984994434760328" "0.364325338811545" "0.364325338811545"
[16] "0.364325338811545" "0.364325338811545" "0.364325338811545"
[19] "0.364325338811545" "0.364325338811545" "0.364325338811545"
[22] "0.364325338811545" "0.364325338811545" "0.364325338811545"
[25] "0.364325338811545" "0.364325338811545" "0.364325338811545"
[28] "0.364325338811545" "0.364325338811545" "0.364325338811545"
[31] "0.364325338811545" "0.364325338811545" "0.364325338811545"
[34] "0.364325338811545" "0.364325338811545" "0.364325338811545"
[37] "0.364325338811545" "0.364325338811545" "0.364325338811545"
[40] "0.364325338811545" "0.364325338811545" "beta :"           
[43] "1"                
[1] 10325523
[1] 10325479
[1] 10325579
 [1] "sigma:"            "0.984994434760328" "0.984994434760328"
 [4] "0.984994434760328" "0.984994434760328" "0.984994434760328"
 [7] "0.984994434760328" "0.984994434760328" "0.984994434760328"
[10] "0.984994434760328" "0.984994434760328" "0.984994434760328"
[13] "0.984994434760328" "0.364325338811545" "0.364325338811545"
[16] "0.364325338811545" "0.364325338811545" "0.364325338811545"
[19] "0.364325338811545" "0.364325338811545" "0.364325338811545"
[22] "0.364325338811545" "0.364325338811545" "0.364325338811545"
[25] "0.364325338811545" "0.364325338811545" "0.364325338811545"
[28] "0.364325338811545" "0.364325338811545" "0.364325338811545"
[31] "0.364325338811545" "0.364325338811545" "0.364325338811545"
[34] "0.364325338811545" "0.364325338811545" "0.364325338811545"
[37] "0.364325338811545" "0.364325338811545" "0.364325338811545"
[40] "0.364325338811545" "0.364325338811545" "beta :"           
[43] "1"                
[1] " old Likelihood:  -10325507.4975871"
[1] "New Likelihood:  -10325478.5303831"
iter:  0  f-value:  35150.64  pgrad:  0.7286507 
iter:  10  f-value:  35150.61  pgrad:  0.7273284 
iter:  20  f-value:  35150.59  pgrad:  0.7244231 
iter:  30  f-value:  35150.59  pgrad:  0.7231409 
  Unsuccessful convergence.
Time difference of 9.727818 mins
[1] "maxIt: 20"
[1] "It: 8"
 [1] "sigma:"            "0.987562365515217" "0.987562365515217"
 [4] "0.987562365515217" "0.987562365515217" "0.987562365515217"
 [7] "0.987562365515217" "0.987562365515217" "0.987562365515217"
[10] "0.987562365515217" "0.987562365515217" "0.987562365515217"
[13] "0.987562365515217" "0.360920640096642" "0.360920640096642"
[16] "0.360920640096642" "0.360920640096642" "0.360920640096642"
[19] "0.360920640096642" "0.360920640096642" "0.360920640096642"
[22] "0.360920640096642" "0.360920640096642" "0.360920640096642"
[25] "0.360920640096642" "0.360920640096642" "0.360920640096642"
[28] "0.360920640096642" "0.360920640096642" "0.360920640096642"
[31] "0.360920640096642" "0.360920640096642" "0.360920640096642"
[34] "0.360920640096642" "0.360920640096642" "0.360920640096642"
[37] "0.360920640096642" "0.360920640096642" "0.360920640096642"
[40] "0.360920640096642" "0.360920640096642" "beta :"           
[43] "1"                
[1] 10325508
[1] 10325461
[1] 10325561
 [1] "sigma:"            "0.987562365515217" "0.987562365515217"
 [4] "0.987562365515217" "0.987562365515217" "0.987562365515217"
 [7] "0.987562365515217" "0.987562365515217" "0.987562365515217"
[10] "0.987562365515217" "0.987562365515217" "0.987562365515217"
[13] "0.987562365515217" "0.360920640096642" "0.360920640096642"
[16] "0.360920640096642" "0.360920640096642" "0.360920640096642"
[19] "0.360920640096642" "0.360920640096642" "0.360920640096642"
[22] "0.360920640096642" "0.360920640096642" "0.360920640096642"
[25] "0.360920640096642" "0.360920640096642" "0.360920640096642"
[28] "0.360920640096642" "0.360920640096642" "0.360920640096642"
[31] "0.360920640096642" "0.360920640096642" "0.360920640096642"
[34] "0.360920640096642" "0.360920640096642" "0.360920640096642"
[37] "0.360920640096642" "0.360920640096642" "0.360920640096642"
[40] "0.360920640096642" "0.360920640096642" "beta :"           
[43] "1"                
[1] " old Likelihood:  -10325478.5303831"
[1] "New Likelihood:  -10325461.3024483"
iter:  0  f-value:  35207.66  pgrad:  0.7218413 
iter:  10  f-value:  35207.64  pgrad:  0.7208917 
iter:  20  f-value:  35207.62  pgrad:  0.7167718 
iter:  30  f-value:  35207.63  pgrad:  0.5084851 
  Unsuccessful convergence.
Time difference of 9.745692 mins
[1] "maxIt: 20"
[1] "It: 9"
 [1] "sigma:"            "0.99"              "0.99"             
 [4] "0.99"              "0.99"              "0.99"             
 [7] "0.99"              "0.99"              "0.99"             
[10] "0.99"              "0.99"              "0.99"             
[13] "0.99"              "0.357290650497472" "0.357290650497472"
[16] "0.357290650497472" "0.357290650497472" "0.357290650497472"
[19] "0.357290650497472" "0.357290650497472" "0.357290650497472"
[22] "0.357290650497472" "0.357290650497472" "0.357290650497472"
[25] "0.357290650497472" "0.357290650497472" "0.357290650497472"
[28] "0.357290650497472" "0.357290650497472" "0.357290650497472"
[31] "0.357290650497472" "0.357290650497472" "0.357290650497472"
[34] "0.357290650497472" "0.357290650497472" "0.357290650497472"
[37] "0.357290650497472" "0.357290650497472" "0.357290650497472"
[40] "0.357290650497472" "0.357290650497472" "beta :"           
[43] "1"                
[1] 10325496
[1] 10325448
[1] 10325547
 [1] "sigma:"            "0.99"              "0.99"             
 [4] "0.99"              "0.99"              "0.99"             
 [7] "0.99"              "0.99"              "0.99"             
[10] "0.99"              "0.99"              "0.99"             
[13] "0.99"              "0.357290650497472" "0.357290650497472"
[16] "0.357290650497472" "0.357290650497472" "0.357290650497472"
[19] "0.357290650497472" "0.357290650497472" "0.357290650497472"
[22] "0.357290650497472" "0.357290650497472" "0.357290650497472"
[25] "0.357290650497472" "0.357290650497472" "0.357290650497472"
[28] "0.357290650497472" "0.357290650497472" "0.357290650497472"
[31] "0.357290650497472" "0.357290650497472" "0.357290650497472"
[34] "0.357290650497472" "0.357290650497472" "0.357290650497472"
[37] "0.357290650497472" "0.357290650497472" "0.357290650497472"
[40] "0.357290650497472" "0.357290650497472" "beta :"           
[43] "1"                
[1] " old Likelihood:  -10325461.3024483"
[1] "New Likelihood:  -10325448.1805712"
iter:  0  f-value:  35282.44  pgrad:  0.7145813 
iter:  10  f-value:  35282.43  pgrad:  0.7134182 
iter:  20  f-value:  35282.42  pgrad:  0.7108094 
iter:  30  f-value:  35282.42  pgrad:  0.7094527 
  Unsuccessful convergence.
Time difference of 9.716539 mins
[1] "maxIt: 20"
[1] "It: 10"
 [1] "sigma:"            "0.99"              "0.99"             
 [4] "0.99"              "0.99"              "0.99"             
 [7] "0.99"              "0.99"              "0.99"             
[10] "0.99"              "0.99"              "0.99"             
[13] "0.99"              "0.354700332535637" "0.354700332535637"
[16] "0.354700332535637" "0.354700332535637" "0.354700332535637"
[19] "0.354700332535637" "0.354700332535637" "0.354700332535637"
[22] "0.354700332535637" "0.354700332535637" "0.354700332535637"
[25] "0.354700332535637" "0.354700332535637" "0.354700332535637"
[28] "0.354700332535637" "0.354700332535637" "0.354700332535637"
[31] "0.354700332535637" "0.354700332535637" "0.354700332535637"
[34] "0.354700332535637" "0.354700332535637" "0.354700332535637"
[37] "0.354700332535637" "0.354700332535637" "0.354700332535637"
[40] "0.354700332535637" "0.354700332535637" "beta :"           
[43] "1"                
[1] 10325492
[1] 10325440
[1] 10325534
 [1] "sigma:"            "0.99"              "0.99"             
 [4] "0.99"              "0.99"              "0.99"             
 [7] "0.99"              "0.99"              "0.99"             
[10] "0.99"              "0.99"              "0.99"             
[13] "0.99"              "0.329700332535637" "0.329700332535637"
[16] "0.329700332535637" "0.329700332535637" "0.329700332535637"
[19] "0.329700332535637" "0.329700332535637" "0.329700332535637"
[22] "0.329700332535637" "0.329700332535637" "0.329700332535637"
[25] "0.329700332535637" "0.329700332535637" "0.329700332535637"
[28] "0.329700332535637" "0.329700332535637" "0.329700332535637"
[31] "0.329700332535637" "0.329700332535637" "0.329700332535637"
[34] "0.329700332535637" "0.329700332535637" "0.329700332535637"
[37] "0.329700332535637" "0.329700332535637" "0.329700332535637"
[40] "0.329700332535637" "0.329700332535637" "beta :"           
[43] "1"                
[1] " old Likelihood:  -10325448.1805712"
[1] "New Likelihood:  -10325439.5851869"
iter:  0  f-value:  36181.94  pgrad:  0.5048646 
iter:  10  f-value:  36181.87  pgrad:  0.658803 
iter:  20  f-value:  36181.86  pgrad:  0.6551316 
iter:  30  f-value:  36181.86  pgrad:  0.654465 
  Unsuccessful convergence.
Time difference of 10.326 mins
[1] "maxIt: 20"
[1] "It: 11"
 [1] "sigma:"            "0.99"              "0.99"             
 [4] "0.99"              "0.99"              "0.99"             
 [7] "0.99"              "0.99"              "0.99"             
[10] "0.99"              "0.99"              "0.99"             
[13] "0.99"              "0.326779418636215" "0.326779418636215"
[16] "0.326779418636215" "0.326779418636215" "0.326779418636215"
[19] "0.326779418636215" "0.326779418636215" "0.326779418636215"
[22] "0.326779418636215" "0.326779418636215" "0.326779418636215"
[25] "0.326779418636215" "0.326779418636215" "0.326779418636215"
[28] "0.326779418636215" "0.326779418636215" "0.326779418636215"
[31] "0.326779418636215" "0.326779418636215" "0.326779418636215"
[34] "0.326779418636215" "0.326779418636215" "0.326779418636215"
[37] "0.326779418636215" "0.326779418636215" "0.326779418636215"
[40] "0.326779418636215" "0.326779418636215" "beta :"           
[43] "1"                
[1] 10325476
[1] 10325416
[1] 10325500
 [1] "sigma:"            "0.99"              "0.99"             
 [4] "0.99"              "0.99"              "0.99"             
 [7] "0.99"              "0.99"              "0.99"             
[10] "0.99"              "0.99"              "0.99"             
[13] "0.99"              "0.326779418636215" "0.326779418636215"
[16] "0.326779418636215" "0.326779418636215" "0.326779418636215"
[19] "0.326779418636215" "0.326779418636215" "0.326779418636215"
[22] "0.326779418636215" "0.326779418636215" "0.326779418636215"
[25] "0.326779418636215" "0.326779418636215" "0.326779418636215"
[28] "0.326779418636215" "0.326779418636215" "0.326779418636215"
[31] "0.326779418636215" "0.326779418636215" "0.326779418636215"
[34] "0.326779418636215" "0.326779418636215" "0.326779418636215"
[37] "0.326779418636215" "0.326779418636215" "0.326779418636215"
[40] "0.326779418636215" "0.326779418636215" "beta :"           
[43] "1"                
[1] " old Likelihood:  -10325439.5851869"
[1] "New Likelihood:  -10325416.4625191"
iter:  0  f-value:  36184.64  pgrad:  0.5029522 
iter:  10  f-value:  36184.62  pgrad:  0.6532707 
iter:  20  f-value:  36184.61  pgrad:  0.650576 
iter:  30  f-value:  36184.61  pgrad:  0.6500998 
  Unsuccessful convergence.
Time difference of 9.738581 mins
[1] "maxIt: 20"
[1] "It: 12"
 [1] "sigma:"            "0.99"              "0.99"             
 [4] "0.99"              "0.99"              "0.99"             
 [7] "0.99"              "0.99"              "0.99"             
[10] "0.99"              "0.99"              "0.99"             
[13] "0.99"              "0.324849101853271" "0.324849101853271"
[16] "0.324849101853271" "0.324849101853271" "0.324849101853271"
[19] "0.324849101853271" "0.324849101853271" "0.324849101853271"
[22] "0.324849101853271" "0.324849101853271" "0.324849101853271"
[25] "0.324849101853271" "0.324849101853271" "0.324849101853271"
[28] "0.324849101853271" "0.324849101853271" "0.324849101853271"
[31] "0.324849101853271" "0.324849101853271" "0.324849101853271"
[34] "0.324849101853271" "0.324849101853271" "0.324849101853271"
[37] "0.324849101853271" "0.324849101853271" "0.324849101853271"
[40] "0.324849101853271" "0.324849101853271" "beta :"           
[43] "1"                
[1] 10325471
[1] 10325409
[1] 10325488
 [1] "sigma:"            "0.99"              "0.99"             
 [4] "0.99"              "0.99"              "0.99"             
 [7] "0.99"              "0.99"              "0.99"             
[10] "0.99"              "0.99"              "0.99"             
[13] "0.99"              "0.324849101853271" "0.324849101853271"
[16] "0.324849101853271" "0.324849101853271" "0.324849101853271"
[19] "0.324849101853271" "0.324849101853271" "0.324849101853271"
[22] "0.324849101853271" "0.324849101853271" "0.324849101853271"
[25] "0.324849101853271" "0.324849101853271" "0.324849101853271"
[28] "0.324849101853271" "0.324849101853271" "0.324849101853271"
[31] "0.324849101853271" "0.324849101853271" "0.324849101853271"
[34] "0.324849101853271" "0.324849101853271" "0.324849101853271"
[37] "0.324849101853271" "0.324849101853271" "0.324849101853271"
[40] "0.324849101853271" "0.324849101853271" "beta :"           
[43] "1"                
[1] " old Likelihood:  -10325416.4625191"
[1] "New Likelihood:  -10325408.5459704"
iter:  0  f-value:  36198.08  pgrad:  0.4990782 
iter:  10  f-value:  36198.07  pgrad:  0.6490628 
iter:  20  f-value:  36198.07  pgrad:  0.6473309 
iter:  30  f-value:  36198.07  pgrad:  0.6466884 
  Unsuccessful convergence.
Time difference of 9.754816 mins
[1] "maxIt: 20"
[1] "It: 13"
 [1] "sigma:"            "0.99"              "0.99"             
 [4] "0.99"              "0.99"              "0.99"             
 [7] "0.99"              "0.99"              "0.99"             
[10] "0.99"              "0.99"              "0.99"             
[13] "0.99"              "0.322971939685735" "0.322971939685735"
[16] "0.322971939685735" "0.322971939685735" "0.322971939685735"
[19] "0.322971939685735" "0.322971939685735" "0.322971939685735"
[22] "0.322971939685735" "0.322971939685735" "0.322971939685735"
[25] "0.322971939685735" "0.322971939685735" "0.322971939685735"
[28] "0.322971939685735" "0.322971939685735" "0.322971939685735"
[31] "0.322971939685735" "0.322971939685735" "0.322971939685735"
[34] "0.322971939685735" "0.322971939685735" "0.322971939685735"
[37] "0.322971939685735" "0.322971939685735" "0.322971939685735"
[40] "0.322971939685735" "0.322971939685735" "beta :"           
[43] "1"                
[1] 10325468
[1] 10325404
[1] 10325481
 [1] "sigma:"            "0.99"              "0.99"             
 [4] "0.99"              "0.99"              "0.99"             
 [7] "0.99"              "0.99"              "0.99"             
[10] "0.99"              "0.99"              "0.99"             
[13] "0.99"              "0.322971939685735" "0.322971939685735"
[16] "0.322971939685735" "0.322971939685735" "0.322971939685735"
[19] "0.322971939685735" "0.322971939685735" "0.322971939685735"
[22] "0.322971939685735" "0.322971939685735" "0.322971939685735"
[25] "0.322971939685735" "0.322971939685735" "0.322971939685735"
[28] "0.322971939685735" "0.322971939685735" "0.322971939685735"
[31] "0.322971939685735" "0.322971939685735" "0.322971939685735"
[34] "0.322971939685735" "0.322971939685735" "0.322971939685735"
[37] "0.322971939685735" "0.322971939685735" "0.322971939685735"
[40] "0.322971939685735" "0.322971939685735" "beta :"           
[43] "1"                
[1] " old Likelihood:  -10325408.5459704"
[1] "New Likelihood:  -10325404.0378357"
iter:  0  f-value:  36227.57  pgrad:  0.6459439 
iter:  10  f-value:  36227.57  pgrad:  0.64554 
iter:  20  f-value:  36227.56  pgrad:  0.4920863 
iter:  30  f-value:  36227.56  pgrad:  0.4224421 
  Unsuccessful convergence.
Time difference of 9.752566 mins
[1] "maxIt: 20"
[1] "It: 14"
 [1] "sigma:"            "0.99"              "0.99"             
 [4] "0.99"              "0.99"              "0.99"             
 [7] "0.99"              "0.99"              "0.99"             
[10] "0.99"              "0.99"              "0.99"             
[13] "0.99"              "0.321061476633476" "0.321061476633476"
[16] "0.321061476633476" "0.321061476633476" "0.321061476633476"
[19] "0.321061476633476" "0.321061476633476" "0.321061476633476"
[22] "0.321061476633476" "0.321061476633476" "0.321061476633476"
[25] "0.321061476633476" "0.321061476633476" "0.321061476633476"
[28] "0.321061476633476" "0.321061476633476" "0.321061476633476"
[31] "0.321061476633476" "0.321061476633476" "0.321061476633476"
[34] "0.321061476633476" "0.321061476633476" "0.321061476633476"
[37] "0.321061476633476" "0.321061476633476" "0.321061476633476"
[40] "0.321061476633476" "0.321061476633476" "beta :"           
[43] "1"                
[1] 10325465
[1] 10325401
[1] 10325476
 [1] "sigma:"            "0.99"              "0.99"             
 [4] "0.99"              "0.99"              "0.99"             
 [7] "0.99"              "0.99"              "0.99"             
[10] "0.99"              "0.99"              "0.99"             
[13] "0.99"              "0.321061476633476" "0.321061476633476"
[16] "0.321061476633476" "0.321061476633476" "0.321061476633476"
[19] "0.321061476633476" "0.321061476633476" "0.321061476633476"
[22] "0.321061476633476" "0.321061476633476" "0.321061476633476"
[25] "0.321061476633476" "0.321061476633476" "0.321061476633476"
[28] "0.321061476633476" "0.321061476633476" "0.321061476633476"
[31] "0.321061476633476" "0.321061476633476" "0.321061476633476"
[34] "0.321061476633476" "0.321061476633476" "0.321061476633476"
[37] "0.321061476633476" "0.321061476633476" "0.321061476633476"
[40] "0.321061476633476" "0.321061476633476" "beta :"           
[43] "1"                
[1] " old Likelihood:  -10325404.0378357"
[1] "New Likelihood:  -10325400.5857583"
iter:  0  f-value:  36264.31  pgrad:  0.642123 
iter:  10  f-value:  36264.3  pgrad:  0.6416778 
iter:  20  f-value:  36264.3  pgrad:  0.6401182 
iter:  30  f-value:  36264.3  pgrad:  0.5021866 
  Unsuccessful convergence.
Time difference of 9.742836 mins
[1] "maxIt: 20"
[1] "It: 15"
 [1] "sigma:"            "0.99"              "0.99"             
 [4] "0.99"              "0.99"              "0.99"             
 [7] "0.99"              "0.99"              "0.99"             
[10] "0.99"              "0.99"              "0.99"             
[13] "0.99"              "0.319548028435658" "0.319548028435658"
[16] "0.319548028435658" "0.319548028435658" "0.319548028435658"
[19] "0.319548028435658" "0.319548028435658" "0.319548028435658"
[22] "0.319548028435658" "0.319548028435658" "0.319548028435658"
[25] "0.319548028435658" "0.319548028435658" "0.319548028435658"
[28] "0.319548028435658" "0.319548028435658" "0.319548028435658"
[31] "0.319548028435658" "0.319548028435658" "0.319548028435658"
[34] "0.319548028435658" "0.319548028435658" "0.319548028435658"
[37] "0.319548028435658" "0.319548028435658" "0.319548028435658"
[40] "0.319548028435658" "0.319548028435658" "beta :"           
[43] "1"                
[1] 10325463
[1] 10325398
[1] 10325473
 [1] "sigma:"            "0.99"              "0.99"             
 [4] "0.99"              "0.99"              "0.99"             
 [7] "0.99"              "0.99"              "0.99"             
[10] "0.99"              "0.99"              "0.99"             
[13] "0.99"              "0.319548028435658" "0.319548028435658"
[16] "0.319548028435658" "0.319548028435658" "0.319548028435658"
[19] "0.319548028435658" "0.319548028435658" "0.319548028435658"
[22] "0.319548028435658" "0.319548028435658" "0.319548028435658"
[25] "0.319548028435658" "0.319548028435658" "0.319548028435658"
[28] "0.319548028435658" "0.319548028435658" "0.319548028435658"
[31] "0.319548028435658" "0.319548028435658" "0.319548028435658"
[34] "0.319548028435658" "0.319548028435658" "0.319548028435658"
[37] "0.319548028435658" "0.319548028435658" "0.319548028435658"
[40] "0.319548028435658" "0.319548028435658" "beta :"           
[43] "1"                
[1] " old Likelihood:  -10325400.5857583"
[1] "New Likelihood:  -10325398.1220668"
iter:  0  f-value:  36295.97  pgrad:  0.6390961 
iter:  10  f-value:  36295.97  pgrad:  0.6386398 
iter:  20  f-value:  36295.96  pgrad:  0.508028 
iter:  30  f-value:  36295.96  pgrad:  0.4335743 
  Unsuccessful convergence.
Time difference of 9.740556 mins
[1] "maxIt: 20"
[1] "It: 16"
 [1] "sigma:"            "0.99"              "0.99"             
 [4] "0.99"              "0.99"              "0.99"             
 [7] "0.99"              "0.99"              "0.99"             
[10] "0.99"              "0.99"              "0.99"             
[13] "0.99"              "0.318228647482661" "0.318228647482661"
[16] "0.318228647482661" "0.318228647482661" "0.318228647482661"
[19] "0.318228647482661" "0.318228647482661" "0.318228647482661"
[22] "0.318228647482661" "0.318228647482661" "0.318228647482661"
[25] "0.318228647482661" "0.318228647482661" "0.318228647482661"
[28] "0.318228647482661" "0.318228647482661" "0.318228647482661"
[31] "0.318228647482661" "0.318228647482661" "0.318228647482661"
[34] "0.318228647482661" "0.318228647482661" "0.318228647482661"
[37] "0.318228647482661" "0.318228647482661" "0.318228647482661"
[40] "0.318228647482661" "0.318228647482661" "beta :"           
[43] "1"                
[1] 10325462
[1] 10325396
[1] 10325470
 [1] "sigma:"            "0.99"              "0.99"             
 [4] "0.99"              "0.99"              "0.99"             
 [7] "0.99"              "0.99"              "0.99"             
[10] "0.99"              "0.99"              "0.99"             
[13] "0.99"              "0.318228647482661" "0.318228647482661"
[16] "0.318228647482661" "0.318228647482661" "0.318228647482661"
[19] "0.318228647482661" "0.318228647482661" "0.318228647482661"
[22] "0.318228647482661" "0.318228647482661" "0.318228647482661"
[25] "0.318228647482661" "0.318228647482661" "0.318228647482661"
[28] "0.318228647482661" "0.318228647482661" "0.318228647482661"
[31] "0.318228647482661" "0.318228647482661" "0.318228647482661"
[34] "0.318228647482661" "0.318228647482661" "0.318228647482661"
[37] "0.318228647482661" "0.318228647482661" "0.318228647482661"
[40] "0.318228647482661" "0.318228647482661" "beta :"           
[43] "1"                
[1] " old Likelihood:  -10325398.1220668"
[1] "New Likelihood:  -10325396.1978542"
iter:  0  f-value:  36325.5  pgrad:  0.6364573 
iter:  10  f-value:  36325.5  pgrad:  0.6361084 
iter:  20  f-value:  36325.5  pgrad:  0.4901745 
iter:  30  f-value:  36325.5  pgrad:  0.42186 
  Unsuccessful convergence.
Time difference of 9.749541 mins
[1] "maxIt: 20"
[1] "It: 17"
 [1] "sigma:"            "0.99"              "0.99"             
 [4] "0.99"              "0.99"              "0.99"             
 [7] "0.99"              "0.99"              "0.99"             
[10] "0.99"              "0.99"              "0.99"             
[13] "0.99"              "0.317027074409622" "0.317027074409622"
[16] "0.317027074409622" "0.317027074409622" "0.317027074409622"
[19] "0.317027074409622" "0.317027074409622" "0.317027074409622"
[22] "0.317027074409622" "0.317027074409622" "0.317027074409622"
[25] "0.317027074409622" "0.317027074409622" "0.317027074409622"
[28] "0.317027074409622" "0.317027074409622" "0.317027074409622"
[31] "0.317027074409622" "0.317027074409622" "0.317027074409622"
[34] "0.317027074409622" "0.317027074409622" "0.317027074409622"
[37] "0.317027074409622" "0.317027074409622" "0.317027074409622"
[40] "0.317027074409622" "0.317027074409622" "beta :"           
[43] "1"                
[1] 10325461
[1] 10325395
[1] 10325468
 [1] "sigma:"            "0.99"              "0.99"             
 [4] "0.99"              "0.99"              "0.99"             
 [7] "0.99"              "0.99"              "0.99"             
[10] "0.99"              "0.99"              "0.99"             
[13] "0.99"              "0.317027074409622" "0.317027074409622"
[16] "0.317027074409622" "0.317027074409622" "0.317027074409622"
[19] "0.317027074409622" "0.317027074409622" "0.317027074409622"
[22] "0.317027074409622" "0.317027074409622" "0.317027074409622"
[25] "0.317027074409622" "0.317027074409622" "0.317027074409622"
[28] "0.317027074409622" "0.317027074409622" "0.317027074409622"
[31] "0.317027074409622" "0.317027074409622" "0.317027074409622"
[34] "0.317027074409622" "0.317027074409622" "0.317027074409622"
[37] "0.317027074409622" "0.317027074409622" "0.317027074409622"
[40] "0.317027074409622" "0.317027074409622" "beta :"           
[43] "1"                
[1] " old Likelihood:  -10325396.1978542"
[1] "New Likelihood:  -10325394.6123385"
iter:  0  f-value:  36353.5  pgrad:  0.6340541 
iter:  10  f-value:  36353.5  pgrad:  0.6336689 
iter:  20  f-value:  36353.5  pgrad:  0.2168963 
iter:  30  f-value:  36353.5  pgrad:  0.2115848 
  Unsuccessful convergence.
Time difference of 9.736749 mins
[1] "maxIt: 20"
[1] "It: 18"
 [1] "sigma:"            "0.99"              "0.99"             
 [4] "0.99"              "0.99"              "0.99"             
 [7] "0.99"              "0.99"              "0.99"             
[10] "0.99"              "0.99"              "0.99"             
[13] "0.99"              "0.315677997751564" "0.315677997751564"
[16] "0.315677997751564" "0.315677997751564" "0.315677997751564"
[19] "0.315677997751564" "0.315677997751564" "0.315677997751564"
[22] "0.315677997751564" "0.315677997751564" "0.315677997751564"
[25] "0.315677997751564" "0.315677997751564" "0.315677997751564"
[28] "0.315677997751564" "0.315677997751564" "0.315677997751564"
[31] "0.315677997751564" "0.315677997751564" "0.315677997751564"
[34] "0.315677997751564" "0.315677997751564" "0.315677997751564"
[37] "0.315677997751564" "0.315677997751564" "0.315677997751564"
[40] "0.315677997751564" "0.315677997751564" "beta :"           
[43] "1"                
[1] 10325460
[1] 10325393
[1] 10325466
 [1] "sigma:"            "0.99"              "0.99"             
 [4] "0.99"              "0.99"              "0.99"             
 [7] "0.99"              "0.99"              "0.99"             
[10] "0.99"              "0.99"              "0.99"             
[13] "0.99"              "0.315677997751564" "0.315677997751564"
[16] "0.315677997751564" "0.315677997751564" "0.315677997751564"
[19] "0.315677997751564" "0.315677997751564" "0.315677997751564"
[22] "0.315677997751564" "0.315677997751564" "0.315677997751564"
[25] "0.315677997751564" "0.315677997751564" "0.315677997751564"
[28] "0.315677997751564" "0.315677997751564" "0.315677997751564"
[31] "0.315677997751564" "0.315677997751564" "0.315677997751564"
[34] "0.315677997751564" "0.315677997751564" "0.315677997751564"
[37] "0.315677997751564" "0.315677997751564" "0.315677997751564"
[40] "0.315677997751564" "0.315677997751564" "beta :"           
[43] "1"                
[1] " old Likelihood:  -10325394.6123385"
[1] "New Likelihood:  -10325393.1089149"
iter:  0  f-value:  36385.82  pgrad:  0.631356 
iter:  10  f-value:  36385.82  pgrad:  0.6310296 
iter:  20  f-value:  36385.82  pgrad:  0.2254819 
iter:  30  f-value:  36385.82  pgrad:  0.1998706 
  Unsuccessful convergence.
Time difference of 9.71939 mins
[1] "maxIt: 20"
[1] "It: 19"
 [1] "sigma:"            "0.99"              "0.99"             
 [4] "0.99"              "0.99"              "0.99"             
 [7] "0.99"              "0.99"              "0.99"             
[10] "0.99"              "0.99"              "0.99"             
[13] "0.99"              "0.314475131003264" "0.314475131003264"
[16] "0.314475131003264" "0.314475131003264" "0.314475131003264"
[19] "0.314475131003264" "0.314475131003264" "0.314475131003264"
[22] "0.314475131003264" "0.314475131003264" "0.314475131003264"
[25] "0.314475131003264" "0.314475131003264" "0.314475131003264"
[28] "0.314475131003264" "0.314475131003264" "0.314475131003264"
[31] "0.314475131003264" "0.314475131003264" "0.314475131003264"
[34] "0.314475131003264" "0.314475131003264" "0.314475131003264"
[37] "0.314475131003264" "0.314475131003264" "0.314475131003264"
[40] "0.314475131003264" "0.314475131003264" "beta :"           
[43] "1"                
[1] 10325459
[1] 10325392
[1] 10325464
 [1] "sigma:"            "0.99"              "0.99"             
 [4] "0.99"              "0.99"              "0.99"             
 [7] "0.99"              "0.99"              "0.99"             
[10] "0.99"              "0.99"              "0.99"             
[13] "0.99"              "0.314475131003264" "0.314475131003264"
[16] "0.314475131003264" "0.314475131003264" "0.314475131003264"
[19] "0.314475131003264" "0.314475131003264" "0.314475131003264"
[22] "0.314475131003264" "0.314475131003264" "0.314475131003264"
[25] "0.314475131003264" "0.314475131003264" "0.314475131003264"
[28] "0.314475131003264" "0.314475131003264" "0.314475131003264"
[31] "0.314475131003264" "0.314475131003264" "0.314475131003264"
[34] "0.314475131003264" "0.314475131003264" "0.314475131003264"
[37] "0.314475131003264" "0.314475131003264" "0.314475131003264"
[40] "0.314475131003264" "0.314475131003264" "beta :"           
[43] "1"                
[1] " old Likelihood:  -10325393.1089149"
[1] "New Likelihood:  -10325391.8386663"
iter:  0  f-value:  36415.5  pgrad:  0.6289503 
iter:  10  f-value:  36415.5  pgrad:  0.6286521 
iter:  20  f-value:  36415.5  pgrad:  0.5099944 
iter:  30  f-value:  36415.5  pgrad:  0.3726745 
  Unsuccessful convergence.
Time difference of 9.702707 mins
[1] "maxIt: 20"
[1] "It: 20"
 [1] "sigma:"            "0.99"              "0.99"             
 [4] "0.99"              "0.99"              "0.99"             
 [7] "0.99"              "0.99"              "0.99"             
[10] "0.99"              "0.99"              "0.99"             
[13] "0.99"              "0.313491049588358" "0.313491049588358"
[16] "0.313491049588358" "0.313491049588358" "0.313491049588358"
[19] "0.313491049588358" "0.313491049588358" "0.313491049588358"
[22] "0.313491049588358" "0.313491049588358" "0.313491049588358"
[25] "0.313491049588358" "0.313491049588358" "0.313491049588358"
[28] "0.313491049588358" "0.313491049588358" "0.313491049588358"
[31] "0.313491049588358" "0.313491049588358" "0.313491049588358"
[34] "0.313491049588358" "0.313491049588358" "0.313491049588358"
[37] "0.313491049588358" "0.313491049588358" "0.313491049588358"
[40] "0.313491049588358" "0.313491049588358" "beta :"           
[43] "1"                
[1] 10325459
[1] 10325391
[1] 10325462
 [1] "sigma:"            "0.99"              "0.99"             
 [4] "0.99"              "0.99"              "0.99"             
 [7] "0.99"              "0.99"              "0.99"             
[10] "0.99"              "0.99"              "0.99"             
[13] "0.99"              "0.313491049588358" "0.313491049588358"
[16] "0.313491049588358" "0.313491049588358" "0.313491049588358"
[19] "0.313491049588358" "0.313491049588358" "0.313491049588358"
[22] "0.313491049588358" "0.313491049588358" "0.313491049588358"
[25] "0.313491049588358" "0.313491049588358" "0.313491049588358"
[28] "0.313491049588358" "0.313491049588358" "0.313491049588358"
[31] "0.313491049588358" "0.313491049588358" "0.313491049588358"
[34] "0.313491049588358" "0.313491049588358" "0.313491049588358"
[37] "0.313491049588358" "0.313491049588358" "0.313491049588358"
[40] "0.313491049588358" "0.313491049588358" "beta :"           
[43] "1"                
[1] " old Likelihood:  -10325391.8386663"
[1] "New Likelihood:  -10325390.808216"
iter:  0  f-value:  36440.29  pgrad:  0.6269821 
iter:  10  f-value:  36440.29  pgrad:  0.6266884 
iter:  20  f-value:  36440.29  pgrad:  0.4399044 
iter:  30  f-value:  36440.29  pgrad:  0.185828 
  Unsuccessful convergence.
Time difference of 9.708811 mins
 [1] "sigma:"            "0.99"              "0.99"             
 [4] "0.99"              "0.99"              "0.99"             
 [7] "0.99"              "0.99"              "0.99"             
[10] "0.99"              "0.99"              "0.99"             
[13] "0.99"              "0.312414066515951" "0.312414066515951"
[16] "0.312414066515951" "0.312414066515951" "0.312414066515951"
[19] "0.312414066515951" "0.312414066515951" "0.312414066515951"
[22] "0.312414066515951" "0.312414066515951" "0.312414066515951"
[25] "0.312414066515951" "0.312414066515951" "0.312414066515951"
[28] "0.312414066515951" "0.312414066515951" "0.312414066515951"
[31] "0.312414066515951" "0.312414066515951" "0.312414066515951"
[34] "0.312414066515951" "0.312414066515951" "0.312414066515951"
[37] "0.312414066515951" "0.312414066515951" "0.312414066515951"
[40] "0.312414066515951" "0.312414066515951" "beta :"           
[43] "1"                
[1] 1999990 1999474 1999748 1999872 1999394
[1] 1 1 1 1 1
saved RDS
inference successful
