[1] "Original length"
[1] 999837
[1] "Final length"
[1] 13955
[1] "sequence length : 999838" "sequence length : 999022"
[3] "sequence length : 999988" "sequence length : 999632"
[5] "sequence length : 999660"
[1] 1 1 1 1 1
[1] "Beta: 1"
[1] "Self: 0"
[1] "maxIt: 20"
[1] "It: 1"
 [1] "sigma:" "0"      "0"      "0"      "0"      "0"      "0"      "0"     
 [9] "0"      "0"      "0"      "0"      "0"      "0"      "0"      "0"     
[17] "0"      "0"      "0"      "0"      "0"      "0"      "0"      "0"     
[25] "0"      "0"      "0"      "0"      "0"      "0"      "0"      "0"     
[33] "0"      "0"      "0"      "0"      "0"      "0"      "0"      "0"     
[41] "0"      "beta :" "1"     
 [1] "sigma:" "0.9405" "0.9405" "0.9405" "0.9405" "0.9405" "0.9405" "0.9405"
 [9] "0.9405" "0.9405" "0.9405" "0.9405" "0.9405" "0.9405" "0.9405" "0.9405"
[17] "0.9405" "0.9405" "0.9405" "0.9405" "0.9405" "0.9405" "0.9405" "0.9405"
[25] "0.9405" "0.9405" "0.9405" "0.9405" "0.9405" "0.9405" "0.9405" "0.9405"
[33] "0.9405" "0"      "0"      "0"      "0"      "0"      "0"      "0"     
[41] "0"      "beta :" "1"     
[1] "New Likelihood:  -6105133.65474568"
iter:  0  f-value:  6627.834  pgrad:  0.5 
iter:  10  f-value:  6608.275  pgrad:  0.9968501 
iter:  20  f-value:  6607.266  pgrad:  0.9864235 
iter:  30  f-value:  6607.154  pgrad:  0.984119 
iter:  40  f-value:  6606.711  pgrad:  0.985249 
iter:  50  f-value:  6606.481  pgrad:  0.9730927 
  Unsuccessful convergence.
Time difference of 2.244891 hours
[1] "maxIt: 20"
[1] "It: 2"
 [1] "sigma:"              "0.967329572582308"   "0.967329572582308"  
 [4] "0.954446400089067"   "0.954446400089067"   "0.960339651249649"  
 [7] "0.960339651249649"   "0.968458349045523"   "0.968458349045523"  
[10] "0.978253858501724"   "0.978253858501724"   "0.985311566229665"  
[13] "0.985311566229665"   "0.986830306289709"   "0.986830306289709"  
[16] "0.981700801281944"   "0.981700801281944"   "0.971098609991568"  
[19] "0.971098609991568"   "0.969021556622562"   "0.969021556622562"  
[22] "0.959300648346791"   "0.959300648346791"   "0.954956096066673"  
[25] "0.954956096066673"   "0.964060856710055"   "0.964060856710055"  
[28] "0.964082516547804"   "0.964082516547804"   "0.962914419744773"  
[31] "0.962914419744773"   "0.962083957437561"   "0.962083957437561"  
[34] "0.0602197584777592"  "0.0602197584777592"  "0.0863804651246353" 
[37] "0.0863804651246353"  "0.0454154828558224"  "0.0454154828558224" 
[40] "0.00740555917025219" "0.00740555917025219" "beta :"             
[43] "1"                  
 [1] "sigma:"              "0.967329572582308"   "0.967329572582308"  
 [4] "0.954446400089067"   "0.954446400089067"   "0.960339651249649"  
 [7] "0.960339651249649"   "0.968458349045523"   "0.968458349045523"  
[10] "0.978253858501724"   "0.978253858501724"   "0.985311566229665"  
[13] "0.985311566229665"   "0.986830306289709"   "0.986830306289709"  
[16] "0.981700801281944"   "0.981700801281944"   "0.971098609991568"  
[19] "0.971098609991568"   "0.969021556622562"   "0.969021556622562"  
[22] "0.959300648346791"   "0.959300648346791"   "0.954956096066673"  
[25] "0.954956096066673"   "0.964060856710055"   "0.964060856710055"  
[28] "0.964082516547804"   "0.964082516547804"   "0.962914419744773"  
[31] "0.962914419744773"   "0.962083957437561"   "0.962083957437561"  
[34] "0.901719758477759"   "0.901719758477759"   "0.0368804651246353" 
[37] "0.0368804651246353"  "0.0454154828558224"  "0.0454154828558224" 
[40] "0.00740555917025219" "0.00740555917025219" "beta :"             
[43] "1"                  
[1] " old Likelihood:  -6105133.65474568"
[1] "New Likelihood:  -6097615.2287164"
iter:  0  f-value:  4426.137  pgrad:  0.5176965 
iter:  10  f-value:  4415.727  pgrad:  0.9899512 
iter:  20  f-value:  4415.452  pgrad:  0.998254 
iter:  30  f-value:  4415.373  pgrad:  0.9416212 
iter:  40  f-value:  4415.293  pgrad:  0.9327292 
iter:  50  f-value:  4415.228  pgrad:  0.925105 
  Unsuccessful convergence.
Time difference of 22.56437 mins
[1] "maxIt: 20"
[1] "It: 3"
 [1] "sigma:"             "0.987489306426669"  "0.987489306426669" 
 [4] "0.964856167870507"  "0.964856167870507"  "0.9751014076694"   
 [7] "0.9751014076694"    "0.989400002849015"  "0.989400002849015" 
[10] "0.99"               "0.99"               "0.99"              
[13] "0.99"               "0.99"               "0.99"              
[16] "0.99"               "0.99"               "0.989262211600975" 
[19] "0.989262211600975"  "0.985625777712963"  "0.985625777712963" 
[22] "0.978257256861337"  "0.978257256861337"  "0.968478120361332" 
[25] "0.968478120361332"  "0.976051747290795"  "0.976051747290795" 
[28] "0.974738907305568"  "0.974738907305568"  "0.97373808764738"  
[31] "0.97373808764738"   "0.971003069190965"  "0.971003069190965" 
[34] "0.90555835856907"   "0.90555835856907"   "0.0787828035157735"
[37] "0.0787828035157735" "0.0742237974675581" "0.0742237974675581"
[40] "0.0126262153555995" "0.0126262153555995" "beta :"            
[43] "1"                 
 [1] "sigma:"             "0.987489306426669"  "0.987489306426669" 
 [4] "0.964856167870507"  "0.964856167870507"  "0.9751014076694"   
 [7] "0.9751014076694"    "0.989400002849015"  "0.989400002849015" 
[10] "0.99"               "0.99"               "0.99"              
[13] "0.99"               "0.99"               "0.99"              
[16] "0.99"               "0.99"               "0.989262211600975" 
[19] "0.989262211600975"  "0.985625777712963"  "0.985625777712963" 
[22] "0.978257256861337"  "0.978257256861337"  "0.968478120361332" 
[25] "0.968478120361332"  "0.976051747290795"  "0.976051747290795" 
[28] "0.974738907305568"  "0.974738907305568"  "0.97373808764738"  
[31] "0.97373808764738"   "0.971003069190965"  "0.971003069190965" 
[34] "0.90555835856907"   "0.90555835856907"   "0.0292828035157735"
[37] "0.0292828035157735" "0.0247237974675581" "0.0247237974675581"
[40] "0.0126262153555995" "0.0126262153555995" "beta :"            
[43] "1"                 
[1] " old Likelihood:  -6097615.2287164"
[1] "New Likelihood:  -6094287.57722289"
iter:  0  f-value:  4345.688  pgrad:  0.9147054 
iter:  10  f-value:  4341.528  pgrad:  0.9949202 
iter:  20  f-value:  4341.469  pgrad:  0.9710882 
iter:  30  f-value:  4341.431  pgrad:  0.9671791 
iter:  40  f-value:  4341.404  pgrad:  0.963764 
iter:  50  f-value:  4341.373  pgrad:  0.9593492 
  Unsuccessful convergence.
Time difference of 16.3492 mins
[1] "maxIt: 20"
[1] "It: 4"
 [1] "sigma:"             "0.99"               "0.99"              
 [4] "0.975060409315817"  "0.975060409315817"  "0.99"              
 [7] "0.99"               "0.99"               "0.99"              
[10] "0.99"               "0.99"               "0.99"              
[13] "0.99"               "0.99"               "0.99"              
[16] "0.99"               "0.99"               "0.99"              
[19] "0.99"               "0.99"               "0.99"              
[22] "0.99"               "0.99"               "0.979650257860566" 
[25] "0.979650257860566"  "0.984048063486881"  "0.984048063486881" 
[28] "0.981377184751067"  "0.981377184751067"  "0.981518492624573" 
[31] "0.981518492624573"  "0.976537147729815"  "0.976537147729815" 
[34] "0.900057608259569"  "0.900057608259569"  "0.0528874718328547"
[37] "0.0528874718328547" "0.0410958831993846" "0.0410958831993846"
[40] "0.0160735986778638" "0.0160735986778638" "beta :"            
[43] "1"                 
 [1] "sigma:"             "0.99"               "0.99"              
 [4] "0.975060409315817"  "0.975060409315817"  "0.99"              
 [7] "0.99"               "0.99"               "0.99"              
[10] "0.99"               "0.99"               "0.99"              
[13] "0.99"               "0.99"               "0.99"              
[16] "0.99"               "0.99"               "0.99"              
[19] "0.99"               "0.99"               "0.99"              
[22] "0.99"               "0.99"               "0.979650257860566" 
[25] "0.979650257860566"  "0.984048063486881"  "0.984048063486881" 
[28] "0.981377184751067"  "0.981377184751067"  "0.981518492624573" 
[31] "0.981518492624573"  "0.976537147729815"  "0.976537147729815" 
[34] "0.850557608259569"  "0.850557608259569"  "0.0528874718328547"
[37] "0.0528874718328547" "0.0410958831993846" "0.0410958831993846"
[40] "0.0160735986778638" "0.0160735986778638" "beta :"            
[43] "1"                 
[1] " old Likelihood:  -6094287.57722289"
[1] "New Likelihood:  -6092915.54395307"
iter:  0  f-value:  4437.225  pgrad:  0.5425039 
iter:  10  f-value:  4435.446  pgrad:  0.9994687 
iter:  20  f-value:  4435.387  pgrad:  0.9771338 
iter:  30  f-value:  4435.369  pgrad:  0.9521497 
iter:  40  f-value:  4435.342  pgrad:  0.9475744 
iter:  50  f-value:  4435.33  pgrad:  0.9449603 
  Unsuccessful convergence.
Time difference of 16.2725 mins
[1] "maxIt: 20"
[1] "It: 5"
 [1] "sigma:"             "0.99"               "0.99"              
 [4] "0.985737848885276"  "0.985737848885276"  "0.99"              
 [7] "0.99"               "0.99"               "0.99"              
[10] "0.99"               "0.99"               "0.99"              
[13] "0.99"               "0.99"               "0.99"              
[16] "0.99"               "0.99"               "0.99"              
[19] "0.99"               "0.99"               "0.99"              
[22] "0.99"               "0.99"               "0.989026887206228" 
[25] "0.989026887206228"  "0.988534958084467"  "0.988534958084467" 
[28] "0.985015119106392"  "0.985015119106392"  "0.98673733266475"  
[31] "0.98673733266475"   "0.98173754361756"   "0.98173754361756"  
[34] "0.846644528804288"  "0.846644528804288"  "0.0691158151328383"
[37] "0.0691158151328383" "0.0547292966255256" "0.0547292966255256"
[40] "0.0191772550288015" "0.0191772550288015" "beta :"            
[43] "1"                 
 [1] "sigma:"              "0.99"                "0.99"               
 [4] "0.985737848885276"   "0.985737848885276"   "0.99"               
 [7] "0.99"                "0.99"                "0.99"               
[10] "0.99"                "0.99"                "0.99"               
[13] "0.99"                "0.99"                "0.99"               
[16] "0.99"                "0.99"                "0.99"               
[19] "0.99"                "0.99"                "0.99"               
[22] "0.99"                "0.99"                "0.989026887206228"  
[25] "0.989026887206228"   "0.988534958084467"   "0.988534958084467"  
[28] "0.985015119106392"   "0.985015119106392"   "0.98673733266475"   
[31] "0.98673733266475"    "0.98173754361756"    "0.98173754361756"   
[34] "0.846644528804288"   "0.846644528804288"   "0.217615815132838"  
[37] "0.217615815132838"   "0.00522929662552565" "0.00522929662552565"
[40] "0.0191772550288015"  "0.0191772550288015"  "beta :"             
[43] "1"                  
[1] " old Likelihood:  -6092915.54395307"
[1] "New Likelihood:  -6092292.80938009"
iter:  0  f-value:  4211.281  pgrad:  0.5452136 
iter:  10  f-value:  4210.571  pgrad:  0.9939126 
iter:  20  f-value:  4210.526  pgrad:  0.9916872 
iter:  30  f-value:  4210.512  pgrad:  0.9899065 
iter:  40  f-value:  4210.502  pgrad:  0.9879691 
iter:  50  f-value:  4210.493  pgrad:  0.9855533 
  Unsuccessful convergence.
Time difference of 17.11607 mins
[1] "maxIt: 20"
[1] "It: 6"
 [1] "sigma:"             "0.99"               "0.99"              
 [4] "0.99"               "0.99"               "0.99"              
 [7] "0.99"               "0.99"               "0.99"              
[10] "0.99"               "0.99"               "0.99"              
[13] "0.99"               "0.99"               "0.99"              
[16] "0.99"               "0.99"               "0.99"              
[19] "0.99"               "0.99"               "0.99"              
[22] "0.99"               "0.99"               "0.99"              
[25] "0.99"               "0.99"               "0.99"              
[28] "0.988543469317434"  "0.988543469317434"  "0.989401942558605" 
[31] "0.989401942558605"  "0.98587593890663"   "0.98587593890663"  
[34] "0.843288128539676"  "0.843288128539676"  "0.234249258727976" 
[37] "0.234249258727976"  "0.0152495291296677" "0.0152495291296677"
[40] "0.0216612385685051" "0.0216612385685051" "beta :"            
[43] "1"                 
 [1] "sigma:"             "0.99"               "0.99"              
 [4] "0.99"               "0.99"               "0.99"              
 [7] "0.99"               "0.99"               "0.99"              
[10] "0.99"               "0.99"               "0.99"              
[13] "0.99"               "0.99"               "0.99"              
[16] "0.99"               "0.99"               "0.99"              
[19] "0.99"               "0.99"               "0.99"              
[22] "0.99"               "0.99"               "0.99"              
[25] "0.99"               "0.99"               "0.99"              
[28] "0.988543469317434"  "0.988543469317434"  "0.989401942558605" 
[31] "0.989401942558605"  "0.98587593890663"   "0.98587593890663"  
[34] "0.843288128539676"  "0.843288128539676"  "0.382749258727976" 
[37] "0.382749258727976"  "0.0152495291296677" "0.0152495291296677"
[40] "0.021661238568505"  "0.021661238568505"  "beta :"            
[43] "1"                 
[1] " old Likelihood:  -6092292.80938009"
[1] "New Likelihood:  -6092033.49852887"
iter:  0  f-value:  3961.48  pgrad:  0.5521214 
iter:  10  f-value:  3961.148  pgrad:  0.9836978 
iter:  20  f-value:  3961.123  pgrad:  0.9812012 
iter:  30  f-value:  3961.107  pgrad:  0.9780646 
iter:  40  f-value:  3961.099  pgrad:  0.8541747 
iter:  50  f-value:  3961.087  pgrad:  0.9994573 
  Unsuccessful convergence.
Time difference of 16.70856 mins
[1] "maxIt: 20"
[1] "It: 7"
 [1] "sigma:"             "0.99"               "0.99"              
 [4] "0.99"               "0.99"               "0.99"              
 [7] "0.99"               "0.99"               "0.99"              
[10] "0.99"               "0.99"               "0.99"              
[13] "0.99"               "0.99"               "0.99"              
[16] "0.99"               "0.99"               "0.99"              
[19] "0.99"               "0.99"               "0.99"              
[22] "0.99"               "0.99"               "0.99"              
[25] "0.99"               "0.99"               "0.99"              
[28] "0.99"               "0.99"               "0.99"              
[31] "0.99"               "0.989385405733182"  "0.989385405733182" 
[34] "0.839746607858446"  "0.839746607858446"  "0.407765319555129" 
[37] "0.407765319555129"  "0.0307582307979799" "0.0307582307979799"
[40] "0.0260416349972343" "0.0260416349972343" "beta :"            
[43] "1"                 
 [1] "sigma:"             "0.99"               "0.99"              
 [4] "0.99"               "0.99"               "0.99"              
 [7] "0.99"               "0.99"               "0.99"              
[10] "0.99"               "0.99"               "0.99"              
[13] "0.99"               "0.99"               "0.99"              
[16] "0.99"               "0.99"               "0.99"              
[19] "0.99"               "0.99"               "0.99"              
[22] "0.99"               "0.99"               "0.99"              
[25] "0.99"               "0.99"               "0.99"              
[28] "0.99"               "0.99"               "0.99"              
[31] "0.99"               "0.989385405733182"  "0.989385405733182" 
[34] "0.839746607858446"  "0.839746607858446"  "0.556265319555129" 
[37] "0.556265319555129"  "0.0307582307979799" "0.0307582307979799"
[40] "0.0260416349972343" "0.0260416349972343" "beta :"            
[43] "1"                 
[1] " old Likelihood:  -6092033.49852887"
[1] "New Likelihood:  -6091895.90589043"
iter:  0  f-value:  3678.211  pgrad:  0.5310545 
iter:  10  f-value:  3678.033  pgrad:  0.968306 
iter:  20  f-value:  3678.014  pgrad:  0.721966 
iter:  30  f-value:  3677.997  pgrad:  0.6549863 
iter:  40  f-value:  3677.993  pgrad:  0.4694843 
iter:  50  f-value:  3677.992  pgrad:  0.5390666 
  Unsuccessful convergence.
Time difference of 16.72347 mins
[1] "maxIt: 20"
[1] "It: 8"
 [1] "sigma:"             "0.99"               "0.99"              
 [4] "0.99"               "0.99"               "0.99"              
 [7] "0.99"               "0.99"               "0.99"              
[10] "0.99"               "0.99"               "0.99"              
[13] "0.99"               "0.99"               "0.99"              
[16] "0.99"               "0.99"               "0.99"              
[19] "0.99"               "0.99"               "0.99"              
[22] "0.99"               "0.99"               "0.99"              
[25] "0.99"               "0.99"               "0.99"              
[28] "0.99"               "0.99"               "0.99"              
[31] "0.99"               "0.99"               "0.99"              
[34] "0.838454731936593"  "0.838454731936593"  "0.576450267002436" 
[37] "0.576450267002436"  "0.0442087400338953" "0.0442087400338953"
[40] "0.0303057072235203" "0.0303057072235203" "beta :"            
[43] "1"                 
 [1] "sigma:"             "0.99"               "0.99"              
 [4] "0.99"               "0.99"               "0.99"              
 [7] "0.99"               "0.99"               "0.99"              
[10] "0.99"               "0.99"               "0.99"              
[13] "0.99"               "0.99"               "0.99"              
[16] "0.99"               "0.99"               "0.99"              
[19] "0.99"               "0.99"               "0.99"              
[22] "0.99"               "0.99"               "0.99"              
[25] "0.99"               "0.99"               "0.99"              
[28] "0.99"               "0.99"               "0.99"              
[31] "0.99"               "0.99"               "0.99"              
[34] "0.838454731936593"  "0.838454731936593"  "0.675450267002436" 
[37] "0.675450267002436"  "0.0442087400338953" "0.0442087400338953"
[40] "0.0303057072235203" "0.0303057072235203" "beta :"            
[43] "1"                 
[1] " old Likelihood:  -6091895.90589043"
[1] "New Likelihood:  -6091815.83503302"
iter:  0  f-value:  3463.724  pgrad:  0.5303876 
iter:  10  f-value:  3463.609  pgrad:  0.7135213 
iter:  20  f-value:  3463.598  pgrad:  0.5367838 
iter:  30  f-value:  3463.592  pgrad:  0.4885806 
iter:  40  f-value:  3463.591  pgrad:  0.4507274 
iter:  50  f-value:  3463.588  pgrad:  0.331961 
  Unsuccessful convergence.
Time difference of 16.29253 mins
[1] "maxIt: 20"
[1] "It: 9"
 [1] "sigma:"             "0.99"               "0.99"              
 [4] "0.99"               "0.99"               "0.99"              
 [7] "0.99"               "0.99"               "0.99"              
[10] "0.99"               "0.99"               "0.99"              
[13] "0.99"               "0.99"               "0.99"              
[16] "0.99"               "0.99"               "0.99"              
[19] "0.99"               "0.99"               "0.99"              
[22] "0.99"               "0.99"               "0.99"              
[25] "0.99"               "0.99"               "0.99"              
[28] "0.99"               "0.99"               "0.99"              
[31] "0.99"               "0.99"               "0.99"              
[34] "0.837577435354921"  "0.837577435354921"  "0.688643983548129" 
[37] "0.688643983548129"  "0.0573145111418081" "0.0573145111418081"
[40] "0.0354608139403766" "0.0354608139403766" "beta :"            
[43] "1"                 
 [1] "sigma:"              "0.99"                "0.99"               
 [4] "0.99"                "0.99"                "0.99"               
 [7] "0.99"                "0.99"                "0.99"               
[10] "0.99"                "0.99"                "0.99"               
[13] "0.99"                "0.99"                "0.99"               
[16] "0.99"                "0.99"                "0.99"               
[19] "0.99"                "0.99"                "0.99"               
[22] "0.99"                "0.99"                "0.99"               
[25] "0.99"                "0.99"                "0.99"               
[28] "0.99"                "0.99"                "0.99"               
[31] "0.99"                "0.99"                "0.99"               
[34] "0.837577435354921"   "0.837577435354921"   "0.738143983548128"  
[37] "0.738143983548128"   "0.00781451114180811" "0.00781451114180811"
[40] "0.0354608139403766"  "0.0354608139403766"  "beta :"             
[43] "1"                  
[1] " old Likelihood:  -6091815.83503302"
[1] "New Likelihood:  -6091758.88425582"
iter:  0  f-value:  3373.668  pgrad:  0.4748489 
iter:  10  f-value:  3373.624  pgrad:  0.4762025 
iter:  20  f-value:  3373.62  pgrad:  0.466058 
iter:  30  f-value:  3373.618  pgrad:  0.2720071 
iter:  40  f-value:  3373.617  pgrad:  0.2468141 
iter:  50  f-value:  3373.617  pgrad:  0.2433671 
  Unsuccessful convergence.
Time difference of 16.34795 mins
[1] "maxIt: 20"
[1] "It: 10"
 [1] "sigma:"             "0.99"               "0.99"              
 [4] "0.99"               "0.99"               "0.99"              
 [7] "0.99"               "0.99"               "0.99"              
[10] "0.99"               "0.99"               "0.99"              
[13] "0.99"               "0.99"               "0.99"              
[16] "0.99"               "0.99"               "0.99"              
[19] "0.99"               "0.99"               "0.99"              
[22] "0.99"               "0.99"               "0.99"              
[25] "0.99"               "0.99"               "0.99"              
[28] "0.99"               "0.99"               "0.99"              
[31] "0.99"               "0.99"               "0.99"              
[34] "0.836594006304775"  "0.836594006304775"  "0.745931075152404" 
[37] "0.745931075152404"  "0.0128271701192555" "0.0128271701192555"
[40] "0.0379660027297093" "0.0379660027297093" "beta :"            
[43] "1"                 
 [1] "sigma:"             "0.99"               "0.99"              
 [4] "0.99"               "0.99"               "0.99"              
 [7] "0.99"               "0.99"               "0.99"              
[10] "0.99"               "0.99"               "0.99"              
[13] "0.99"               "0.99"               "0.99"              
[16] "0.99"               "0.99"               "0.99"              
[19] "0.99"               "0.99"               "0.99"              
[22] "0.99"               "0.99"               "0.99"              
[25] "0.99"               "0.99"               "0.99"              
[28] "0.99"               "0.99"               "0.99"              
[31] "0.99"               "0.99"               "0.99"              
[34] "0.836594006304775"  "0.836594006304775"  "0.795431075152404" 
[37] "0.795431075152404"  "0.0128271701192555" "0.0128271701192555"
[40] "0.0379660027297093" "0.0379660027297093" "beta :"            
[43] "1"                 
[1] " old Likelihood:  -6091758.88425582"
[1] "New Likelihood:  -6091735.93685577"
iter:  0  f-value:  3241.357  pgrad:  0.4737247 
iter:  10  f-value:  3241.324  pgrad:  0.2757088 
iter:  20  f-value:  3241.321  pgrad:  0.1959052 
iter:  30  f-value:  3241.321  pgrad:  0.1821991 
iter:  40  f-value:  3241.321  pgrad:  0.1698254 
iter:  50  f-value:  3241.32  pgrad:  0.1366197 
  Unsuccessful convergence.
Time difference of 15.89951 mins
[1] "maxIt: 20"
[1] "It: 11"
 [1] "sigma:"             "0.99"               "0.99"              
 [4] "0.99"               "0.99"               "0.99"              
 [7] "0.99"               "0.99"               "0.99"              
[10] "0.99"               "0.99"               "0.99"              
[13] "0.99"               "0.99"               "0.99"              
[16] "0.99"               "0.99"               "0.99"              
[19] "0.99"               "0.99"               "0.99"              
[22] "0.99"               "0.99"               "0.99"              
[25] "0.99"               "0.99"               "0.99"              
[28] "0.99"               "0.99"               "0.99"              
[31] "0.99"               "0.99"               "0.99"              
[34] "0.835358412555871"  "0.835358412555871"  "0.801125255554494" 
[37] "0.801125255554494"  "0.0176803203898967" "0.0176803203898967"
[40] "0.0408634866065872" "0.0408634866065872" "beta :"            
[43] "1"                 
 [1] "sigma:"             "0.99"               "0.99"              
 [4] "0.99"               "0.99"               "0.99"              
 [7] "0.99"               "0.99"               "0.99"              
[10] "0.99"               "0.99"               "0.99"              
[13] "0.99"               "0.99"               "0.99"              
[16] "0.99"               "0.99"               "0.99"              
[19] "0.99"               "0.99"               "0.99"              
[22] "0.99"               "0.99"               "0.99"              
[25] "0.99"               "0.99"               "0.99"              
[28] "0.99"               "0.99"               "0.99"              
[31] "0.99"               "0.99"               "0.99"              
[34] "0.835358412555871"  "0.835358412555871"  "0.801125255554494" 
[37] "0.801125255554494"  "0.0176803203898967" "0.0176803203898967"
[40] "0.0408634866065872" "0.0408634866065872" "beta :"            
[43] "1"                 
[1] " old Likelihood:  -6091735.93685577"
[1] "New Likelihood:  -6091723.90688262"
iter:  0  f-value:  3246.889  pgrad:  0.5610331 
iter:  10  f-value:  3246.879  pgrad:  0.1886564 
iter:  20  f-value:  3246.878  pgrad:  0.2143906 
iter:  30  f-value:  3246.878  pgrad:  0.1078115 
iter:  40  f-value:  3246.878  pgrad:  0.104028 
iter:  50  f-value:  3246.877  pgrad:  0.08401912 
  Unsuccessful convergence.
Time difference of 15.90016 mins
[1] "maxIt: 20"
[1] "It: 12"
 [1] "sigma:"             "0.99"               "0.99"              
 [4] "0.99"               "0.99"               "0.99"              
 [7] "0.99"               "0.99"               "0.99"              
[10] "0.99"               "0.99"               "0.99"              
[13] "0.99"               "0.99"               "0.99"              
[16] "0.99"               "0.99"               "0.99"              
[19] "0.99"               "0.99"               "0.99"              
[22] "0.99"               "0.99"               "0.99"              
[25] "0.99"               "0.99"               "0.99"              
[28] "0.99"               "0.99"               "0.99"              
[31] "0.99"               "0.99"               "0.99"              
[34] "0.834213970300607"  "0.834213970300607"  "0.804588055732033" 
[37] "0.804588055732033"  "0.0209183517841592" "0.0209183517841592"
[40] "0.0434146338232772" "0.0434146338232772" "beta :"            
[43] "1"                 
 [1] "sigma:"             "0.99"               "0.99"              
 [4] "0.99"               "0.99"               "0.99"              
 [7] "0.99"               "0.99"               "0.99"              
[10] "0.99"               "0.99"               "0.99"              
[13] "0.99"               "0.99"               "0.99"              
[16] "0.99"               "0.99"               "0.99"              
[19] "0.99"               "0.99"               "0.99"              
[22] "0.99"               "0.99"               "0.99"              
[25] "0.99"               "0.99"               "0.99"              
[28] "0.99"               "0.99"               "0.99"              
[31] "0.99"               "0.99"               "0.99"              
[34] "0.834213970300607"  "0.834213970300607"  "0.854088055732033" 
[37] "0.854088055732033"  "0.0209183517841592" "0.0209183517841592"
[40] "0.0434146338232772" "0.0434146338232772" "beta :"            
[43] "1"                 
[1] " old Likelihood:  -6091723.90688262"
[1] "New Likelihood:  -6091718.56868547"
iter:  0  f-value:  3097.673  pgrad:  0.8426404 
iter:  10  f-value:  3097.654  pgrad:  0.3359855 
iter:  20  f-value:  3097.653  pgrad:  0.1066337 
iter:  30  f-value:  3097.653  pgrad:  0.08366442 
iter:  40  f-value:  3097.653  pgrad:  0.08235929 
iter:  50  f-value:  3097.653  pgrad:  0.5360574 
  Unsuccessful convergence.
Time difference of 15.92415 mins
[1] "maxIt: 20"
[1] "It: 13"
 [1] "sigma:"             "0.99"               "0.99"              
 [4] "0.99"               "0.99"               "0.99"              
 [7] "0.99"               "0.99"               "0.99"              
[10] "0.99"               "0.99"               "0.99"              
[13] "0.99"               "0.99"               "0.99"              
[16] "0.99"               "0.99"               "0.99"              
[19] "0.99"               "0.99"               "0.99"              
[22] "0.99"               "0.99"               "0.99"              
[25] "0.99"               "0.99"               "0.99"              
[28] "0.99"               "0.99"               "0.99"              
[31] "0.99"               "0.99"               "0.99"              
[34] "0.832626921059006"  "0.832626921059006"  "0.857149172682419" 
[37] "0.857149172682419"  "0.0226368344666778" "0.0226368344666778"
[40] "0.0448446028345869" "0.0448446028345869" "beta :"            
[43] "1"                 
 [1] "sigma:"             "0.99"               "0.99"              
 [4] "0.99"               "0.99"               "0.99"              
 [7] "0.99"               "0.99"               "0.99"              
[10] "0.99"               "0.99"               "0.99"              
[13] "0.99"               "0.99"               "0.99"              
[16] "0.99"               "0.99"               "0.99"              
[19] "0.99"               "0.99"               "0.99"              
[22] "0.99"               "0.99"               "0.99"              
[25] "0.99"               "0.99"               "0.99"              
[28] "0.99"               "0.99"               "0.99"              
[31] "0.99"               "0.99"               "0.99"              
[34] "0.832626921059006"  "0.832626921059006"  "0.857149172682419" 
[37] "0.857149172682419"  "0.0721368344666778" "0.0721368344666778"
[40] "0.0448446028345869" "0.0448446028345869" "beta :"            
[43] "1"                 
[1] " old Likelihood:  -6091718.56868547"
[1] "New Likelihood:  -6091711.98314054"
iter:  0  f-value:  3077.415  pgrad:  0.8410373 
iter:  10  f-value:  3077.405  pgrad:  0.27434 
iter:  20  f-value:  3077.404  pgrad:  0.08129518 
iter:  30  f-value:  3077.404  pgrad:  0.1072249 
iter:  40  f-value:  3077.404  pgrad:  0.07952622 
iter:  50  f-value:  3077.404  pgrad:  0.4639502 
  Unsuccessful convergence.
Time difference of 16.37174 mins
[1] "maxIt: 20"
[1] "It: 14"
 [1] "sigma:"             "0.99"               "0.99"              
 [4] "0.99"               "0.99"               "0.99"              
 [7] "0.99"               "0.99"               "0.99"              
[10] "0.99"               "0.99"               "0.99"              
[13] "0.99"               "0.99"               "0.99"              
[16] "0.99"               "0.99"               "0.99"              
[19] "0.99"               "0.99"               "0.99"              
[22] "0.99"               "0.99"               "0.99"              
[25] "0.99"               "0.99"               "0.99"              
[28] "0.99"               "0.99"               "0.99"              
[31] "0.99"               "0.99"               "0.99"              
[34] "0.831098404340808"  "0.831098404340808"  "0.85945636718683"  
[37] "0.85945636718683"   "0.0739554978246062" "0.0739554978246062"
[40] "0.0465932834940677" "0.0465932834940677" "beta :"            
[43] "1"                 
 [1] "sigma:"             "0.99"               "0.99"              
 [4] "0.99"               "0.99"               "0.99"              
 [7] "0.99"               "0.99"               "0.99"              
[10] "0.99"               "0.99"               "0.99"              
[13] "0.99"               "0.99"               "0.99"              
[16] "0.99"               "0.99"               "0.99"              
[19] "0.99"               "0.99"               "0.99"              
[22] "0.99"               "0.99"               "0.99"              
[25] "0.99"               "0.99"               "0.99"              
[28] "0.99"               "0.99"               "0.99"              
[31] "0.99"               "0.99"               "0.99"              
[34] "0.831098404340808"  "0.831098404340808"  "0.85945636718683"  
[37] "0.85945636718683"   "0.123455497824606"  "0.123455497824606" 
[40] "0.0465932834940677" "0.0465932834940677" "beta :"            
[43] "1"                 
[1] " old Likelihood:  -6091711.98314054"
[1] "New Likelihood:  -6091707.22206988"
iter:  0  f-value:  3053.088  pgrad:  0.8394933 
iter:  10  f-value:  3053.079  pgrad:  0.1298773 
iter:  20  f-value:  3053.079  pgrad:  0.1135413 
iter:  30  f-value:  3053.079  pgrad:  0.076775 
iter:  40  f-value:  3053.079  pgrad:  0.1653916 
iter:  50  f-value:  3053.079  pgrad:  0.5540185 
  Unsuccessful convergence.
Time difference of 16.33927 mins
[1] "maxIt: 20"
[1] "It: 15"
 [1] "sigma:"             "0.99"               "0.99"              
 [4] "0.99"               "0.99"               "0.99"              
 [7] "0.99"               "0.99"               "0.99"              
[10] "0.99"               "0.99"               "0.99"              
[13] "0.99"               "0.99"               "0.99"              
[16] "0.99"               "0.99"               "0.99"              
[19] "0.99"               "0.99"               "0.99"              
[22] "0.99"               "0.99"               "0.99"              
[25] "0.99"               "0.99"               "0.99"              
[28] "0.99"               "0.99"               "0.99"              
[31] "0.99"               "0.99"               "0.99"              
[34] "0.829570048775783"  "0.829570048775783"  "0.861691318323958" 
[37] "0.861691318323958"  "0.124866237246161"  "0.124866237246161" 
[40] "0.0478605402606046" "0.0478605402606046" "beta :"            
[43] "1"                 
 [1] "sigma:"             "0.99"               "0.99"              
 [4] "0.99"               "0.99"               "0.99"              
 [7] "0.99"               "0.99"               "0.99"              
[10] "0.99"               "0.99"               "0.99"              
[13] "0.99"               "0.99"               "0.99"              
[16] "0.99"               "0.99"               "0.99"              
[19] "0.99"               "0.99"               "0.99"              
[22] "0.99"               "0.99"               "0.99"              
[25] "0.99"               "0.99"               "0.99"              
[28] "0.99"               "0.99"               "0.99"              
[31] "0.99"               "0.99"               "0.99"              
[34] "0.829570048775783"  "0.829570048775783"  "0.861691318323958" 
[37] "0.861691318323958"  "0.124866237246161"  "0.124866237246161" 
[40] "0.0478605402606046" "0.0478605402606046" "beta :"            
[43] "1"                 
[1] " old Likelihood:  -6091707.22206988"
[1] "New Likelihood:  -6091702.6200263"
iter:  0  f-value:  3057.94  pgrad:  0.8379495 
iter:  10  f-value:  3057.935  pgrad:  0.1285909 
iter:  20  f-value:  3057.935  pgrad:  0.07501058 
iter:  30  f-value:  3057.935  pgrad:  0.07432845 
iter:  40  f-value:  3057.935  pgrad:  0.07450126 
iter:  50  f-value:  3057.934  pgrad:  0.07314611 
  Unsuccessful convergence.
Time difference of 16.25169 mins
[1] "maxIt: 20"
[1] "It: 16"
 [1] "sigma:"             "0.99"               "0.99"              
 [4] "0.99"               "0.99"               "0.99"              
 [7] "0.99"               "0.99"               "0.99"              
[10] "0.99"               "0.99"               "0.99"              
[13] "0.99"               "0.99"               "0.99"              
[16] "0.99"               "0.99"               "0.99"              
[19] "0.99"               "0.99"               "0.99"              
[22] "0.99"               "0.99"               "0.99"              
[25] "0.99"               "0.99"               "0.99"              
[28] "0.99"               "0.99"               "0.99"              
[31] "0.99"               "0.99"               "0.99"              
[34] "0.828121699362684"  "0.828121699362684"  "0.863308428468443" 
[37] "0.863308428468443"  "0.125711928554311"  "0.125711928554311" 
[40] "0.0487782593499889" "0.0487782593499889" "beta :"            
[43] "1"                 
 [1] "sigma:"             "0.99"               "0.99"              
 [4] "0.99"               "0.99"               "0.99"              
 [7] "0.99"               "0.99"               "0.99"              
[10] "0.99"               "0.99"               "0.99"              
[13] "0.99"               "0.99"               "0.99"              
[16] "0.99"               "0.99"               "0.99"              
[19] "0.99"               "0.99"               "0.99"              
[22] "0.99"               "0.99"               "0.99"              
[25] "0.99"               "0.99"               "0.99"              
[28] "0.99"               "0.99"               "0.99"              
[31] "0.99"               "0.99"               "0.99"              
[34] "0.828121699362684"  "0.828121699362684"  "0.863308428468443" 
[37] "0.863308428468443"  "0.175211928554311"  "0.175211928554311" 
[40] "0.0487782593499889" "0.0487782593499889" "beta :"            
[43] "1"                 
[1] " old Likelihood:  -6091702.6200263"
[1] "New Likelihood:  -6091699.28026795"
iter:  0  f-value:  3028.872  pgrad:  0.8364866 
iter:  10  f-value:  3028.866  pgrad:  0.108912 
iter:  20  f-value:  3028.866  pgrad:  0.07316885 
iter:  30  f-value:  3028.866  pgrad:  0.07248218 
iter:  40  f-value:  3028.866  pgrad:  0.07223662 
iter:  50  f-value:  3028.866  pgrad:  0.5557049 
  Unsuccessful convergence.
Time difference of 16.36118 mins
[1] "maxIt: 20"
[1] "It: 17"
 [1] "sigma:"             "0.99"               "0.99"              
 [4] "0.99"               "0.99"               "0.99"              
 [7] "0.99"               "0.99"               "0.99"              
[10] "0.99"               "0.99"               "0.99"              
[13] "0.99"               "0.99"               "0.99"              
[16] "0.99"               "0.99"               "0.99"              
[19] "0.99"               "0.99"               "0.99"              
[22] "0.99"               "0.99"               "0.99"              
[25] "0.99"               "0.99"               "0.99"              
[28] "0.99"               "0.99"               "0.99"              
[31] "0.99"               "0.99"               "0.99"              
[34] "0.826598867885834"  "0.826598867885834"  "0.865268085578091" 
[37] "0.865268085578091"  "0.176315291470874"  "0.176315291470874" 
[40] "0.0498904081270182" "0.0498904081270182" "beta :"            
[43] "1"                 
 [1] "sigma:"               "0.99"                 "0.99"                
 [4] "0.99"                 "0.99"                 "0.99"                
 [7] "0.99"                 "0.99"                 "0.99"                
[10] "0.99"                 "0.99"                 "0.99"                
[13] "0.99"                 "0.99"                 "0.99"                
[16] "0.99"                 "0.99"                 "0.99"                
[19] "0.99"                 "0.99"                 "0.99"                
[22] "0.99"                 "0.99"                 "0.99"                
[25] "0.99"                 "0.99"                 "0.99"                
[28] "0.99"                 "0.99"                 "0.99"                
[31] "0.99"                 "0.99"                 "0.99"                
[34] "0.826598867885834"    "0.826598867885834"    "0.865268085578091"   
[37] "0.865268085578091"    "0.176315291470874"    "0.176315291470874"   
[40] "0.000390408127018237" "0.000390408127018237" "beta :"              
[43] "1"                   
[1] " old Likelihood:  -6091699.28026795"
[1] "New Likelihood:  -6091689.18775446"
iter:  0  f-value:  3033.614  pgrad:  0.8349484 
iter:  10  f-value:  3033.611  pgrad:  0.2518937 
iter:  20  f-value:  3033.61  pgrad:  0.07108156 
iter:  30  f-value:  3033.61  pgrad:  0.1439821 
iter:  40  f-value:  3033.61  pgrad:  0.07041308 
iter:  50  f-value:  3033.61  pgrad:  0.0747923 
  Unsuccessful convergence.
Time difference of 16.80226 mins
[1] "maxIt: 20"
[1] "It: 18"
 [1] "sigma:"              "0.99"                "0.99"               
 [4] "0.99"                "0.99"                "0.99"               
 [7] "0.99"                "0.99"                "0.99"               
[10] "0.99"                "0.99"                "0.99"               
[13] "0.99"                "0.99"                "0.99"               
[16] "0.99"                "0.99"                "0.99"               
[19] "0.99"                "0.99"                "0.99"               
[22] "0.99"                "0.99"                "0.99"               
[25] "0.99"                "0.99"                "0.99"               
[28] "0.99"                "0.99"                "0.99"               
[31] "0.99"                "0.99"                "0.99"               
[34] "0.825338163052563"   "0.825338163052563"   "0.866538581692447"  
[37] "0.866538581692447"   "0.176147553200541"   "0.176147553200541"  
[40] "0.00142409881725351" "0.00142409881725351" "beta :"             
[43] "1"                  
 [1] "sigma:"              "0.99"                "0.99"               
 [4] "0.99"                "0.99"                "0.99"               
 [7] "0.99"                "0.99"                "0.99"               
[10] "0.99"                "0.99"                "0.99"               
[13] "0.99"                "0.99"                "0.99"               
[16] "0.99"                "0.99"                "0.99"               
[19] "0.99"                "0.99"                "0.99"               
[22] "0.99"                "0.99"                "0.99"               
[25] "0.99"                "0.99"                "0.99"               
[28] "0.99"                "0.99"                "0.99"               
[31] "0.99"                "0.99"                "0.99"               
[34] "0.825338163052563"   "0.825338163052563"   "0.866538581692447"  
[37] "0.866538581692447"   "0.225647553200541"   "0.225647553200541"  
[40] "0.00142409881725351" "0.00142409881725351" "beta :"             
[43] "1"                  
[1] " old Likelihood:  -6091689.18775446"
[1] "New Likelihood:  -6091686.91931813"
iter:  0  f-value:  3001.402  pgrad:  0.8336749 
iter:  10  f-value:  3001.397  pgrad:  0.1230936 
iter:  20  f-value:  3001.397  pgrad:  0.06975824 
iter:  30  f-value:  3001.397  pgrad:  0.1396802 
iter:  40  f-value:  3001.397  pgrad:  0.07301423 
iter:  50  f-value:  3001.397  pgrad:  0.08217739 
  Unsuccessful convergence.
Time difference of 16.29516 mins
[1] "maxIt: 20"
[1] "It: 19"
 [1] "sigma:"              "0.99"                "0.99"               
 [4] "0.99"                "0.99"                "0.99"               
 [7] "0.99"                "0.99"                "0.99"               
[10] "0.99"                "0.99"                "0.99"               
[13] "0.99"                "0.99"                "0.99"               
[16] "0.99"                "0.99"                "0.99"               
[19] "0.99"                "0.99"                "0.99"               
[22] "0.99"                "0.99"                "0.99"               
[25] "0.99"                "0.99"                "0.99"               
[28] "0.99"                "0.99"                "0.99"               
[31] "0.99"                "0.99"                "0.99"               
[34] "0.8240590269539"     "0.8240590269539"     "0.868330952009255"  
[37] "0.868330952009255"   "0.226286405570982"   "0.226286405570982"  
[40] "0.00254737944896925" "0.00254737944896925" "beta :"             
[43] "1"                  
 [1] "sigma:"              "0.99"                "0.99"               
 [4] "0.99"                "0.99"                "0.99"               
 [7] "0.99"                "0.99"                "0.99"               
[10] "0.99"                "0.99"                "0.99"               
[13] "0.99"                "0.99"                "0.99"               
[16] "0.99"                "0.99"                "0.99"               
[19] "0.99"                "0.99"                "0.99"               
[22] "0.99"                "0.99"                "0.99"               
[25] "0.99"                "0.99"                "0.99"               
[28] "0.99"                "0.99"                "0.99"               
[31] "0.99"                "0.99"                "0.99"               
[34] "0.8240590269539"     "0.8240590269539"     "0.868330952009255"  
[37] "0.868330952009255"   "0.226286405570982"   "0.226286405570982"  
[40] "0.00254737944896925" "0.00254737944896925" "beta :"             
[43] "1"                  
[1] " old Likelihood:  -6091686.91931813"
[1] "New Likelihood:  -6091684.29253126"
iter:  0  f-value:  3004.088  pgrad:  0.8323829 
iter:  10  f-value:  3004.085  pgrad:  0.1299441 
iter:  20  f-value:  3004.085  pgrad:  0.5364817 
iter:  30  f-value:  3004.085  pgrad:  0.09093583 
iter:  40  f-value:  3004.085  pgrad:  0.06848495 
iter:  50  f-value:  3004.085  pgrad:  0.07411927 
  Unsuccessful convergence.
Time difference of 16.37745 mins
[1] "maxIt: 20"
[1] "It: 20"
 [1] "sigma:"              "0.99"                "0.99"               
 [4] "0.99"                "0.99"                "0.99"               
 [7] "0.99"                "0.99"                "0.99"               
[10] "0.99"                "0.99"                "0.99"               
[13] "0.99"                "0.99"                "0.99"               
[16] "0.99"                "0.99"                "0.99"               
[19] "0.99"                "0.99"                "0.99"               
[22] "0.99"                "0.99"                "0.99"               
[25] "0.99"                "0.99"                "0.99"               
[28] "0.99"                "0.99"                "0.99"               
[31] "0.99"                "0.99"                "0.99"               
[34] "0.822822283484761"   "0.822822283484761"   "0.869813030100449"  
[37] "0.869813030100449"   "0.226166715582886"   "0.226166715582886"  
[40] "0.00354731993506036" "0.00354731993506036" "beta :"             
[43] "1"                  
 [1] "sigma:"              "0.99"                "0.99"               
 [4] "0.99"                "0.99"                "0.99"               
 [7] "0.99"                "0.99"                "0.99"               
[10] "0.99"                "0.99"                "0.99"               
[13] "0.99"                "0.99"                "0.99"               
[16] "0.99"                "0.99"                "0.99"               
[19] "0.99"                "0.99"                "0.99"               
[22] "0.99"                "0.99"                "0.99"               
[25] "0.99"                "0.99"                "0.99"               
[28] "0.99"                "0.99"                "0.99"               
[31] "0.99"                "0.99"                "0.99"               
[34] "0.822822283484761"   "0.822822283484761"   "0.869813030100449"  
[37] "0.869813030100449"   "0.226166715582886"   "0.226166715582886"  
[40] "0.00354731993506035" "0.00354731993506035" "beta :"             
[43] "1"                  
[1] " old Likelihood:  -6091684.29253126"
[1] "New Likelihood:  -6091682.27729376"
iter:  0  f-value:  3005.932  pgrad:  0.8311336 
iter:  10  f-value:  3005.93  pgrad:  0.20676 
iter:  20  f-value:  3005.93  pgrad:  0.0682121 
iter:  30  f-value:  3005.929  pgrad:  0.09383712 
iter:  40  f-value:  3005.929  pgrad:  0.0675027 
iter:  50  f-value:  3005.929  pgrad:  0.06741629 
  Unsuccessful convergence.
Time difference of 16.40347 mins
 [1] "sigma:"              "0.99"                "0.99"               
 [4] "0.99"                "0.99"                "0.99"               
 [7] "0.99"                "0.99"                "0.99"               
[10] "0.99"                "0.99"                "0.99"               
[13] "0.99"                "0.99"                "0.99"               
[16] "0.99"                "0.99"                "0.99"               
[19] "0.99"                "0.99"                "0.99"               
[22] "0.99"                "0.99"                "0.99"               
[25] "0.99"                "0.99"                "0.99"               
[28] "0.99"                "0.99"                "0.99"               
[31] "0.99"                "0.99"                "0.99"               
[34] "0.821610991308536"   "0.821610991308536"   "0.871188495657875"  
[37] "0.871188495657875"   "0.22593070522383"    "0.22593070522383"   
[40] "0.00430157918424852" "0.00430157918424852" "beta :"             
[43] "1"                  
[1] 1999676 1998044 1999976 1999264 1999320
[1] 1 1 1 1 1
saved RDS
inference successful
