[1] "Original length"
[1] 999718
[1] "Final length"
[1] 19390
[1] "sequence length : 999719" "sequence length : 999536"
[3] "sequence length : 999985" "sequence length : 999391"
[5] "sequence length : 999026"
[1] 1 1 1 1 1
[1] "Beta: 1"
[1] "Self: 0.5"
 [1] 0 0 0 0 0 0 0 0 0 0 0 0 0 0 0 0 0 0 0 0
[1] "maxIt: 20"
[1] "It: 1"
 [1] "sigma:" "0.5"    "0.5"    "0.5"    "0.5"    "0.5"    "0.5"    "0.5"   
 [9] "0.5"    "0.5"    "0.5"    "0.5"    "0.5"    "0.5"    "0.5"    "0.5"   
[17] "0.5"    "0.5"    "0.5"    "0"      "0"      "0"      "0"      "0"     
[25] "0"      "0"      "0"      "0"      "0"      "0"      "0"      "0"     
[33] "0"      "0"      "0"      "0"      "0"      "0"      "0"      "0"     
[41] "0"      "beta :" "1"     
[1] 8369061
[1] 8368527
[1] 8368257
[1] 8367855
[1] 8367262
[1] 8366393
[1] 8365117
[1] 8363255
[1] 8360627
[1] 8357001
[1] 8352013
[1] 8345791
[1] 8338800
[1] 8331241
[1] 8323303
[1] 8316204
[1] 8310190
[1] 8309263
[1] 8309944
[1] 8310952
[1] 8311132
 [1] "sigma:" "0.9655" "0.9655" "0.9655" "0.9655" "0.9655" "0.9655" "0.9655"
 [9] "0.9655" "0.9655" "0.9655" "0.9655" "0.9655" "0.9655" "0.9655" "0.9655"
[17] "0.9655" "0.9655" "0.9655" "0.9655" "0.9655" "0.9655" "0.9655" "0.9655"
[25] "0.9655" "0.9655" "0.9655" "0.9655" "0.9655" "0.9655" "0.9655" "0.9655"
[33] "0.9655" "0.9655" "0.9655" "0.475"  "0.475"  "0.475"  "0.475"  "0.475" 
[41] "0.475"  "beta :" "1"     
[1] "New Likelihood:  -8309263.30037611"
iter:  0  f-value:  4542.134  pgrad:  0.95 
iter:  10  f-value:  4531.158  pgrad:  0.5244108 
iter:  20  f-value:  4530.99  pgrad:  0.5389029 
iter:  30  f-value:  4530.861  pgrad:  0.9687449 
  Unsuccessful convergence.
Time difference of 34.61605 mins
[1] "maxIt: 20"
[1] "It: 2"
 [1] "sigma:"            "0.974655467937662" "0.974655467937662"
 [4] "0.974655467937662" "0.974655467937662" "0.974655467937662"
 [7] "0.974655467937662" "0.974655467937662" "0.974655467937662"
[10] "0.974655467937662" "0.974655467937662" "0.974655467937662"
[13] "0.974655467937662" "0.974655467937662" "0.974655467937662"
[16] "0.974655467937662" "0.974655467937662" "0.974655467937662"
[19] "0.974655467937662" "0.974655467937662" "0.974655467937662"
[22] "0.974655467937662" "0.974655467937662" "0.974655467937662"
[25] "0.974655467937662" "0.974655467937662" "0.974655467937662"
[28] "0.974655467937662" "0.974655467937662" "0.974655467937662"
[31] "0.974655467937662" "0.974655467937662" "0.974655467937662"
[34] "0.974655467937662" "0.974655467937662" "0.483897798475086"
[37] "0.483897798475086" "0.483897798475086" "0.483897798475086"
[40] "0.483897798475086" "0.483897798475086" "beta :"           
[43] "1"                
[1] 8307539
[1] 8306135
[1] 8306733
 [1] "sigma:"            "0.974655467937662" "0.974655467937662"
 [4] "0.974655467937662" "0.974655467937662" "0.974655467937662"
 [7] "0.974655467937662" "0.974655467937662" "0.974655467937662"
[10] "0.974655467937662" "0.974655467937662" "0.974655467937662"
[13] "0.974655467937662" "0.974655467937662" "0.974655467937662"
[16] "0.974655467937662" "0.974655467937662" "0.974655467937662"
[19] "0.974655467937662" "0.974655467937662" "0.974655467937662"
[22] "0.974655467937662" "0.974655467937662" "0.974655467937662"
[25] "0.974655467937662" "0.974655467937662" "0.974655467937662"
[28] "0.974655467937662" "0.974655467937662" "0.974655467937662"
[31] "0.974655467937662" "0.974655467937662" "0.974655467937662"
[34] "0.974655467937662" "0.974655467937662" "0.458897798475086"
[37] "0.458897798475086" "0.458897798475086" "0.458897798475086"
[40] "0.458897798475086" "0.458897798475086" "beta :"           
[43] "1"                
[1] " old Likelihood:  -8309263.30037611"
[1] "New Likelihood:  -8306135.12290418"
iter:  0  f-value:  4375.931  pgrad:  0.5159419 
iter:  10  f-value:  4372.99  pgrad:  0.5020667 
iter:  20  f-value:  4372.937  pgrad:  0.4933173 
iter:  30  f-value:  4372.928  pgrad:  0.4928766 
  Unsuccessful convergence.
Time difference of 8.281626 mins
[1] "maxIt: 20"
[1] "It: 3"
 [1] "sigma:"            "0.979448155438744" "0.979448155438744"
 [4] "0.979448155438744" "0.979448155438744" "0.979448155438744"
 [7] "0.979448155438744" "0.979448155438744" "0.979448155438744"
[10] "0.979448155438744" "0.979448155438744" "0.979448155438744"
[13] "0.979448155438744" "0.979448155438744" "0.979448155438744"
[16] "0.979448155438744" "0.979448155438744" "0.979448155438744"
[19] "0.979448155438744" "0.979448155438744" "0.979448155438744"
[22] "0.979448155438744" "0.979448155438744" "0.979448155438744"
[25] "0.979448155438744" "0.979448155438744" "0.979448155438744"
[28] "0.979448155438744" "0.979448155438744" "0.979448155438744"
[31] "0.979448155438744" "0.979448155438744" "0.979448155438744"
[34] "0.979448155438744" "0.979448155438744" "0.466434811147975"
[37] "0.466434811147975" "0.466434811147975" "0.466434811147975"
[40] "0.466434811147975" "0.466434811147975" "beta :"           
[43] "1"                
[1] 8306612
[1] 8305193
[1] 8305941
 [1] "sigma:"            "0.979448155438744" "0.979448155438744"
 [4] "0.979448155438744" "0.979448155438744" "0.979448155438744"
 [7] "0.979448155438744" "0.979448155438744" "0.979448155438744"
[10] "0.979448155438744" "0.979448155438744" "0.979448155438744"
[13] "0.979448155438744" "0.979448155438744" "0.979448155438744"
[16] "0.979448155438744" "0.979448155438744" "0.979448155438744"
[19] "0.979448155438744" "0.979448155438744" "0.979448155438744"
[22] "0.979448155438744" "0.979448155438744" "0.979448155438744"
[25] "0.979448155438744" "0.979448155438744" "0.979448155438744"
[28] "0.979448155438744" "0.979448155438744" "0.979448155438744"
[31] "0.979448155438744" "0.979448155438744" "0.979448155438744"
[34] "0.979448155438744" "0.979448155438744" "0.491434811147975"
[37] "0.491434811147975" "0.491434811147975" "0.491434811147975"
[40] "0.491434811147975" "0.491434811147975" "beta :"           
[43] "1"                
[1] " old Likelihood:  -8306135.12290418"
[1] "New Likelihood:  -8305193.34111882"
iter:  0  f-value:  4085.711  pgrad:  0.5337121 
iter:  10  f-value:  4084.482  pgrad:  0.5101293 
iter:  20  f-value:  4084.44  pgrad:  0.984132 
iter:  30  f-value:  4084.435  pgrad:  0.4841877 
  Unsuccessful convergence.
Time difference of 8.305402 mins
[1] "maxIt: 20"
[1] "It: 4"
 [1] "sigma:"            "0.982200789905179" "0.982200789905179"
 [4] "0.982200789905179" "0.982200789905179" "0.982200789905179"
 [7] "0.982200789905179" "0.982200789905179" "0.982200789905179"
[10] "0.982200789905179" "0.982200789905179" "0.982200789905179"
[13] "0.982200789905179" "0.982200789905179" "0.982200789905179"
[16] "0.982200789905179" "0.982200789905179" "0.982200789905179"
[19] "0.982200789905179" "0.982200789905179" "0.982200789905179"
[22] "0.982200789905179" "0.982200789905179" "0.982200789905179"
[25] "0.982200789905179" "0.982200789905179" "0.982200789905179"
[28] "0.982200789905179" "0.982200789905179" "0.982200789905179"
[31] "0.982200789905179" "0.982200789905179" "0.982200789905179"
[34] "0.982200789905179" "0.982200789905179" "0.494289216933675"
[37] "0.494289216933675" "0.494289216933675" "0.494289216933675"
[40] "0.494289216933675" "0.494289216933675" "beta :"           
[43] "1"                
[1] 8306206
[1] 8304786
[1] 8305668
 [1] "sigma:"            "0.982200789905179" "0.982200789905179"
 [4] "0.982200789905179" "0.982200789905179" "0.982200789905179"
 [7] "0.982200789905179" "0.982200789905179" "0.982200789905179"
[10] "0.982200789905179" "0.982200789905179" "0.982200789905179"
[13] "0.982200789905179" "0.982200789905179" "0.982200789905179"
[16] "0.982200789905179" "0.982200789905179" "0.982200789905179"
[19] "0.982200789905179" "0.982200789905179" "0.982200789905179"
[22] "0.982200789905179" "0.982200789905179" "0.982200789905179"
[25] "0.982200789905179" "0.982200789905179" "0.982200789905179"
[28] "0.982200789905179" "0.982200789905179" "0.982200789905179"
[31] "0.982200789905179" "0.982200789905179" "0.982200789905179"
[34] "0.982200789905179" "0.982200789905179" "0.494289216933675"
[37] "0.494289216933675" "0.494289216933675" "0.494289216933675"
[40] "0.494289216933675" "0.494289216933675" "beta :"           
[43] "1"                
[1] " old Likelihood:  -8305193.34111882"
[1] "New Likelihood:  -8304786.26121766"
iter:  0  f-value:  3965.192  pgrad:  0.5372535 
iter:  10  f-value:  3964.637  pgrad:  0.5533617 
iter:  20  f-value:  3964.609  pgrad:  0.4822336 
iter:  30  f-value:  3964.605  pgrad:  0.4815819 
  Unsuccessful convergence.
Time difference of 7.796224 mins
[1] "maxIt: 20"
[1] "It: 5"
 [1] "sigma:"            "0.983830103526507" "0.983830103526507"
 [4] "0.983830103526507" "0.983830103526507" "0.983830103526507"
 [7] "0.983830103526507" "0.983830103526507" "0.983830103526507"
[10] "0.983830103526507" "0.983830103526507" "0.983830103526507"
[13] "0.983830103526507" "0.983830103526507" "0.983830103526507"
[16] "0.983830103526507" "0.983830103526507" "0.983830103526507"
[19] "0.983830103526507" "0.983830103526507" "0.983830103526507"
[22] "0.983830103526507" "0.983830103526507" "0.983830103526507"
[25] "0.983830103526507" "0.983830103526507" "0.983830103526507"
[28] "0.983830103526507" "0.983830103526507" "0.983830103526507"
[31] "0.983830103526507" "0.983830103526507" "0.983830103526507"
[34] "0.983830103526507" "0.983830103526507" "0.498352170724221"
[37] "0.498352170724221" "0.498352170724221" "0.498352170724221"
[40] "0.498352170724221" "0.498352170724221" "beta :"           
[43] "1"                
[1] 8306001
[1] 8304592
[1] 8305597
 [1] "sigma:"            "0.983830103526507" "0.983830103526507"
 [4] "0.983830103526507" "0.983830103526507" "0.983830103526507"
 [7] "0.983830103526507" "0.983830103526507" "0.983830103526507"
[10] "0.983830103526507" "0.983830103526507" "0.983830103526507"
[13] "0.983830103526507" "0.983830103526507" "0.983830103526507"
[16] "0.983830103526507" "0.983830103526507" "0.983830103526507"
[19] "0.983830103526507" "0.983830103526507" "0.983830103526507"
[22] "0.983830103526507" "0.983830103526507" "0.983830103526507"
[25] "0.983830103526507" "0.983830103526507" "0.983830103526507"
[28] "0.983830103526507" "0.983830103526507" "0.983830103526507"
[31] "0.983830103526507" "0.983830103526507" "0.983830103526507"
[34] "0.983830103526507" "0.983830103526507" "0.498352170724221"
[37] "0.498352170724221" "0.498352170724221" "0.498352170724221"
[40] "0.498352170724221" "0.498352170724221" "beta :"           
[43] "1"                
[1] " old Likelihood:  -8304786.26121766"
[1] "New Likelihood:  -8304591.95689184"
iter:  0  f-value:  3882.707  pgrad:  0.5382129 
iter:  10  f-value:  3882.432  pgrad:  0.5556907 
iter:  20  f-value:  3882.415  pgrad:  0.5021091 
iter:  30  f-value:  3882.415  pgrad:  0.3190826 
  Unsuccessful convergence.
Time difference of 7.780436 mins
[1] "maxIt: 20"
[1] "It: 6"
 [1] "sigma:"            "0.984777522935886" "0.984777522935886"
 [4] "0.984777522935886" "0.984777522935886" "0.984777522935886"
 [7] "0.984777522935886" "0.984777522935886" "0.984777522935886"
[10] "0.984777522935886" "0.984777522935886" "0.984777522935886"
[13] "0.984777522935886" "0.984777522935886" "0.984777522935886"
[16] "0.984777522935886" "0.984777522935886" "0.984777522935886"
[19] "0.984777522935886" "0.984777522935886" "0.984777522935886"
[22] "0.984777522935886" "0.984777522935886" "0.984777522935886"
[25] "0.984777522935886" "0.984777522935886" "0.984777522935886"
[28] "0.984777522935886" "0.984777522935886" "0.984777522935886"
[31] "0.984777522935886" "0.984777522935886" "0.984777522935886"
[34] "0.984777522935886" "0.984777522935886" "0.5"              
[37] "0.5"               "0.5"               "0.5"              
[40] "0.5"               "0.5"               "beta :"           
[43] "1"                
[1] 8305906
[1] 8304491
[1] 8305607
 [1] "sigma:"            "0.984777522935886" "0.984777522935886"
 [4] "0.984777522935886" "0.984777522935886" "0.984777522935886"
 [7] "0.984777522935886" "0.984777522935886" "0.984777522935886"
[10] "0.984777522935886" "0.984777522935886" "0.984777522935886"
[13] "0.984777522935886" "0.984777522935886" "0.984777522935886"
[16] "0.984777522935886" "0.984777522935886" "0.984777522935886"
[19] "0.984777522935886" "0.984777522935886" "0.984777522935886"
[22] "0.984777522935886" "0.984777522935886" "0.984777522935886"
[25] "0.984777522935886" "0.984777522935886" "0.984777522935886"
[28] "0.984777522935886" "0.984777522935886" "0.984777522935886"
[31] "0.984777522935886" "0.984777522935886" "0.984777522935886"
[34] "0.984777522935886" "0.984777522935886" "0.5"              
[37] "0.5"               "0.5"               "0.5"              
[40] "0.5"               "0.5"               "beta :"           
[43] "1"                
[1] " old Likelihood:  -8304591.95689184"
[1] "New Likelihood:  -8304491.37272996"
iter:  0  f-value:  3831.175  pgrad:  0.5382707 
iter:  10  f-value:  3831.016  pgrad:  0.5561852 
iter:  20  f-value:  3831.014  pgrad:  0.4819104 
iter:  30  f-value:  3831.013  pgrad:  0.1889202 
  Unsuccessful convergence.
Time difference of 7.782133 mins
[1] "maxIt: 20"
[1] "It: 7"
 [1] "sigma:"            "0.985333814258592" "0.985333814258592"
 [4] "0.985333814258592" "0.985333814258592" "0.985333814258592"
 [7] "0.985333814258592" "0.985333814258592" "0.985333814258592"
[10] "0.985333814258592" "0.985333814258592" "0.985333814258592"
[13] "0.985333814258592" "0.985333814258592" "0.985333814258592"
[16] "0.985333814258592" "0.985333814258592" "0.985333814258592"
[19] "0.985333814258592" "0.985333814258592" "0.985333814258592"
[22] "0.985333814258592" "0.985333814258592" "0.985333814258592"
[25] "0.985333814258592" "0.985333814258592" "0.985333814258592"
[28] "0.985333814258592" "0.985333814258592" "0.985333814258592"
[31] "0.985333814258592" "0.985333814258592" "0.985333814258592"
[34] "0.985333814258592" "0.985333814258592" "0.5"              
[37] "0.5"               "0.5"               "0.5"              
[40] "0.5"               "0.5"               "beta :"           
[43] "1"                
[1] 8305862
[1] 8304432
[1] 8305643
 [1] "sigma:"            "0.985333814258592" "0.985333814258592"
 [4] "0.985333814258592" "0.985333814258592" "0.985333814258592"
 [7] "0.985333814258592" "0.985333814258592" "0.985333814258592"
[10] "0.985333814258592" "0.985333814258592" "0.985333814258592"
[13] "0.985333814258592" "0.985333814258592" "0.985333814258592"
[16] "0.985333814258592" "0.985333814258592" "0.985333814258592"
[19] "0.985333814258592" "0.985333814258592" "0.985333814258592"
[22] "0.985333814258592" "0.985333814258592" "0.985333814258592"
[25] "0.985333814258592" "0.985333814258592" "0.985333814258592"
[28] "0.985333814258592" "0.985333814258592" "0.985333814258592"
[31] "0.985333814258592" "0.985333814258592" "0.985333814258592"
[34] "0.985333814258592" "0.985333814258592" "0.5"              
[37] "0.5"               "0.5"               "0.5"              
[40] "0.5"               "0.5"               "beta :"           
[43] "1"                
[1] " old Likelihood:  -8304491.37272996"
[1] "New Likelihood:  -8304432.00830031"
iter:  0  f-value:  3799.673  pgrad:  0.5380918 
iter:  10  f-value:  3799.571  pgrad:  0.5570301 
iter:  20  f-value:  3799.569  pgrad:  0.9912103 
iter:  30  f-value:  3799.568  pgrad:  0.1637545 
  Unsuccessful convergence.
Time difference of 7.77833 mins
[1] "maxIt: 20"
[1] "It: 8"
 [1] "sigma:"            "0.985660606286032" "0.985660606286032"
 [4] "0.985660606286032" "0.985660606286032" "0.985660606286032"
 [7] "0.985660606286032" "0.985660606286032" "0.985660606286032"
[10] "0.985660606286032" "0.985660606286032" "0.985660606286032"
[13] "0.985660606286032" "0.985660606286032" "0.985660606286032"
[16] "0.985660606286032" "0.985660606286032" "0.985660606286032"
[19] "0.985660606286032" "0.985660606286032" "0.985660606286032"
[22] "0.985660606286032" "0.985660606286032" "0.985660606286032"
[25] "0.985660606286032" "0.985660606286032" "0.985660606286032"
[28] "0.985660606286032" "0.985660606286032" "0.985660606286032"
[31] "0.985660606286032" "0.985660606286032" "0.985660606286032"
[34] "0.985660606286032" "0.985660606286032" "0.5"              
[37] "0.5"               "0.5"               "0.5"              
[40] "0.5"               "0.5"               "beta :"           
[43] "1"                
[1] 8305839
[1] 8304392
[1] 8305684
 [1] "sigma:"            "0.985660606286032" "0.985660606286032"
 [4] "0.985660606286032" "0.985660606286032" "0.985660606286032"
 [7] "0.985660606286032" "0.985660606286032" "0.985660606286032"
[10] "0.985660606286032" "0.985660606286032" "0.985660606286032"
[13] "0.985660606286032" "0.985660606286032" "0.985660606286032"
[16] "0.985660606286032" "0.985660606286032" "0.985660606286032"
[19] "0.985660606286032" "0.985660606286032" "0.985660606286032"
[22] "0.985660606286032" "0.985660606286032" "0.985660606286032"
[25] "0.985660606286032" "0.985660606286032" "0.985660606286032"
[28] "0.985660606286032" "0.985660606286032" "0.985660606286032"
[31] "0.985660606286032" "0.985660606286032" "0.985660606286032"
[34] "0.985660606286032" "0.985660606286032" "0.5"              
[37] "0.5"               "0.5"               "0.5"              
[40] "0.5"               "0.5"               "beta :"           
[43] "1"                
[1] " old Likelihood:  -8304432.00830031"
[1] "New Likelihood:  -8304392.00340729"
iter:  0  f-value:  3777.937  pgrad:  0.537788 
iter:  10  f-value:  3777.864  pgrad:  0.5576863 
iter:  20  f-value:  3777.862  pgrad:  0.3125297 
iter:  30  f-value:  3777.862  pgrad:  0.1377339 
  Unsuccessful convergence.
Time difference of 7.77776 mins
[1] "maxIt: 20"
[1] "It: 9"
 [1] "sigma:"            "0.985853662199078" "0.985853662199078"
 [4] "0.985853662199078" "0.985853662199078" "0.985853662199078"
 [7] "0.985853662199078" "0.985853662199078" "0.985853662199078"
[10] "0.985853662199078" "0.985853662199078" "0.985853662199078"
[13] "0.985853662199078" "0.985853662199078" "0.985853662199078"
[16] "0.985853662199078" "0.985853662199078" "0.985853662199078"
[19] "0.985853662199078" "0.985853662199078" "0.985853662199078"
[22] "0.985853662199078" "0.985853662199078" "0.985853662199078"
[25] "0.985853662199078" "0.985853662199078" "0.985853662199078"
[28] "0.985853662199078" "0.985853662199078" "0.985853662199078"
[31] "0.985853662199078" "0.985853662199078" "0.985853662199078"
[34] "0.985853662199078" "0.985853662199078" "0.5"              
[37] "0.5"               "0.5"               "0.5"              
[40] "0.5"               "0.5"               "beta :"           
[43] "1"                
[1] 8305825
[1] 8304363
[1] 8305723
 [1] "sigma:"            "0.985853662199078" "0.985853662199078"
 [4] "0.985853662199078" "0.985853662199078" "0.985853662199078"
 [7] "0.985853662199078" "0.985853662199078" "0.985853662199078"
[10] "0.985853662199078" "0.985853662199078" "0.985853662199078"
[13] "0.985853662199078" "0.985853662199078" "0.985853662199078"
[16] "0.985853662199078" "0.985853662199078" "0.985853662199078"
[19] "0.985853662199078" "0.985853662199078" "0.985853662199078"
[22] "0.985853662199078" "0.985853662199078" "0.985853662199078"
[25] "0.985853662199078" "0.985853662199078" "0.985853662199078"
[28] "0.985853662199078" "0.985853662199078" "0.985853662199078"
[31] "0.985853662199078" "0.985853662199078" "0.985853662199078"
[34] "0.985853662199078" "0.985853662199078" "0.5"              
[37] "0.5"               "0.5"               "0.5"              
[40] "0.5"               "0.5"               "beta :"           
[43] "1"                
[1] " old Likelihood:  -8304392.00340729"
[1] "New Likelihood:  -8304362.66577339"
iter:  0  f-value:  3762.126  pgrad:  0.5374292 
iter:  10  f-value:  3762.071  pgrad:  0.557797 
iter:  20  f-value:  3762.07  pgrad:  0.2836941 
iter:  30  f-value:  3762.069  pgrad:  0.1240051 
  Unsuccessful convergence.
Time difference of 7.775549 mins
[1] "maxIt: 20"
[1] "It: 10"
 [1] "sigma:"            "0.985974334109229" "0.985974334109229"
 [4] "0.985974334109229" "0.985974334109229" "0.985974334109229"
 [7] "0.985974334109229" "0.985974334109229" "0.985974334109229"
[10] "0.985974334109229" "0.985974334109229" "0.985974334109229"
[13] "0.985974334109229" "0.985974334109229" "0.985974334109229"
[16] "0.985974334109229" "0.985974334109229" "0.985974334109229"
[19] "0.985974334109229" "0.985974334109229" "0.985974334109229"
[22] "0.985974334109229" "0.985974334109229" "0.985974334109229"
[25] "0.985974334109229" "0.985974334109229" "0.985974334109229"
[28] "0.985974334109229" "0.985974334109229" "0.985974334109229"
[31] "0.985974334109229" "0.985974334109229" "0.985974334109229"
[34] "0.985974334109229" "0.985974334109229" "0.5"              
[37] "0.5"               "0.5"               "0.5"              
[40] "0.5"               "0.5"               "beta :"           
[43] "1"                
[1] 8305816
[1] 8304340
[1] 8305761
 [1] "sigma:"            "0.985974334109229" "0.985974334109229"
 [4] "0.985974334109229" "0.985974334109229" "0.985974334109229"
 [7] "0.985974334109229" "0.985974334109229" "0.985974334109229"
[10] "0.985974334109229" "0.985974334109229" "0.985974334109229"
[13] "0.985974334109229" "0.985974334109229" "0.985974334109229"
[16] "0.985974334109229" "0.985974334109229" "0.985974334109229"
[19] "0.985974334109229" "0.985974334109229" "0.985974334109229"
[22] "0.985974334109229" "0.985974334109229" "0.985974334109229"
[25] "0.985974334109229" "0.985974334109229" "0.985974334109229"
[28] "0.985974334109229" "0.985974334109229" "0.985974334109229"
[31] "0.985974334109229" "0.985974334109229" "0.985974334109229"
[34] "0.985974334109229" "0.985974334109229" "0.5"              
[37] "0.5"               "0.5"               "0.5"              
[40] "0.5"               "0.5"               "beta :"           
[43] "1"                
[1] " old Likelihood:  -8304362.66577339"
[1] "New Likelihood:  -8304340.34531837"
iter:  0  f-value:  3749.931  pgrad:  0.5370756 
iter:  10  f-value:  3749.888  pgrad:  0.5580984 
iter:  20  f-value:  3749.887  pgrad:  0.2505158 
iter:  30  f-value:  3749.887  pgrad:  0.07762992 
  Unsuccessful convergence.
Time difference of 7.764952 mins
[1] "maxIt: 20"
[1] "It: 11"
 [1] "sigma:"            "0.986051601854172" "0.986051601854172"
 [4] "0.986051601854172" "0.986051601854172" "0.986051601854172"
 [7] "0.986051601854172" "0.986051601854172" "0.986051601854172"
[10] "0.986051601854172" "0.986051601854172" "0.986051601854172"
[13] "0.986051601854172" "0.986051601854172" "0.986051601854172"
[16] "0.986051601854172" "0.986051601854172" "0.986051601854172"
[19] "0.986051601854172" "0.986051601854172" "0.986051601854172"
[22] "0.986051601854172" "0.986051601854172" "0.986051601854172"
[25] "0.986051601854172" "0.986051601854172" "0.986051601854172"
[28] "0.986051601854172" "0.986051601854172" "0.986051601854172"
[31] "0.986051601854172" "0.986051601854172" "0.986051601854172"
[34] "0.986051601854172" "0.986051601854172" "0.5"              
[37] "0.5"               "0.5"               "0.5"              
[40] "0.5"               "0.5"               "beta :"           
[43] "1"                
[1] 8305810
[1] 8304323
[1] 8305796
 [1] "sigma:"            "0.986051601854172" "0.986051601854172"
 [4] "0.986051601854172" "0.986051601854172" "0.986051601854172"
 [7] "0.986051601854172" "0.986051601854172" "0.986051601854172"
[10] "0.986051601854172" "0.986051601854172" "0.986051601854172"
[13] "0.986051601854172" "0.986051601854172" "0.986051601854172"
[16] "0.986051601854172" "0.986051601854172" "0.986051601854172"
[19] "0.986051601854172" "0.986051601854172" "0.986051601854172"
[22] "0.986051601854172" "0.986051601854172" "0.986051601854172"
[25] "0.986051601854172" "0.986051601854172" "0.986051601854172"
[28] "0.986051601854172" "0.986051601854172" "0.986051601854172"
[31] "0.986051601854172" "0.986051601854172" "0.986051601854172"
[34] "0.986051601854172" "0.986051601854172" "0.5"              
[37] "0.5"               "0.5"               "0.5"              
[40] "0.5"               "0.5"               "beta :"           
[43] "1"                
[1] " old Likelihood:  -8304340.34531837"
[1] "New Likelihood:  -8304322.90625165"
iter:  0  f-value:  3740.203  pgrad:  0.5367466 
iter:  10  f-value:  3740.17  pgrad:  0.9920693 
iter:  20  f-value:  3740.169  pgrad:  0.3111381 
iter:  30  f-value:  3740.169  pgrad:  0.1542048 
  Unsuccessful convergence.
Time difference of 7.769912 mins
[1] "maxIt: 20"
[1] "It: 12"
 [1] "sigma:"            "0.986102717219577" "0.986102717219577"
 [4] "0.986102717219577" "0.986102717219577" "0.986102717219577"
 [7] "0.986102717219577" "0.986102717219577" "0.986102717219577"
[10] "0.986102717219577" "0.986102717219577" "0.986102717219577"
[13] "0.986102717219577" "0.986102717219577" "0.986102717219577"
[16] "0.986102717219577" "0.986102717219577" "0.986102717219577"
[19] "0.986102717219577" "0.986102717219577" "0.986102717219577"
[22] "0.986102717219577" "0.986102717219577" "0.986102717219577"
[25] "0.986102717219577" "0.986102717219577" "0.986102717219577"
[28] "0.986102717219577" "0.986102717219577" "0.986102717219577"
[31] "0.986102717219577" "0.986102717219577" "0.986102717219577"
[34] "0.986102717219577" "0.986102717219577" "0.5"              
[37] "0.5"               "0.5"               "0.5"              
[40] "0.5"               "0.5"               "beta :"           
[43] "1"                
[1] 8305805
[1] 8304309
[1] 8305828
 [1] "sigma:"            "0.986102717219577" "0.986102717219577"
 [4] "0.986102717219577" "0.986102717219577" "0.986102717219577"
 [7] "0.986102717219577" "0.986102717219577" "0.986102717219577"
[10] "0.986102717219577" "0.986102717219577" "0.986102717219577"
[13] "0.986102717219577" "0.986102717219577" "0.986102717219577"
[16] "0.986102717219577" "0.986102717219577" "0.986102717219577"
[19] "0.986102717219577" "0.986102717219577" "0.986102717219577"
[22] "0.986102717219577" "0.986102717219577" "0.986102717219577"
[25] "0.986102717219577" "0.986102717219577" "0.986102717219577"
[28] "0.986102717219577" "0.986102717219577" "0.986102717219577"
[31] "0.986102717219577" "0.986102717219577" "0.986102717219577"
[34] "0.986102717219577" "0.986102717219577" "0.5"              
[37] "0.5"               "0.5"               "0.5"              
[40] "0.5"               "0.5"               "beta :"           
[43] "1"                
[1] " old Likelihood:  -8304322.90625165"
[1] "New Likelihood:  -8304309.15312493"
iter:  0  f-value:  3732.212  pgrad:  0.5364511 
iter:  10  f-value:  3732.185  pgrad:  0.4355752 
iter:  20  f-value:  3732.185  pgrad:  0.1501894 
iter:  30  f-value:  3732.185  pgrad:  0.07692961 
  Unsuccessful convergence.
Time difference of 7.79354 mins
[1] "maxIt: 20"
[1] "It: 13"
 [1] "sigma:"            "0.986138548981869" "0.986138548981869"
 [4] "0.986138548981869" "0.986138548981869" "0.986138548981869"
 [7] "0.986138548981869" "0.986138548981869" "0.986138548981869"
[10] "0.986138548981869" "0.986138548981869" "0.986138548981869"
[13] "0.986138548981869" "0.986138548981869" "0.986138548981869"
[16] "0.986138548981869" "0.986138548981869" "0.986138548981869"
[19] "0.986138548981869" "0.986138548981869" "0.986138548981869"
[22] "0.986138548981869" "0.986138548981869" "0.986138548981869"
[25] "0.986138548981869" "0.986138548981869" "0.986138548981869"
[28] "0.986138548981869" "0.986138548981869" "0.986138548981869"
[31] "0.986138548981869" "0.986138548981869" "0.986138548981869"
[34] "0.986138548981869" "0.986138548981869" "0.5"              
[37] "0.5"               "0.5"               "0.5"              
[40] "0.5"               "0.5"               "beta :"           
[43] "1"                
[1] 8305801
[1] 8304298
[1] 8305859
 [1] "sigma:"            "0.986138548981869" "0.986138548981869"
 [4] "0.986138548981869" "0.986138548981869" "0.986138548981869"
 [7] "0.986138548981869" "0.986138548981869" "0.986138548981869"
[10] "0.986138548981869" "0.986138548981869" "0.986138548981869"
[13] "0.986138548981869" "0.986138548981869" "0.986138548981869"
[16] "0.986138548981869" "0.986138548981869" "0.986138548981869"
[19] "0.986138548981869" "0.986138548981869" "0.986138548981869"
[22] "0.986138548981869" "0.986138548981869" "0.986138548981869"
[25] "0.986138548981869" "0.986138548981869" "0.986138548981869"
[28] "0.986138548981869" "0.986138548981869" "0.986138548981869"
[31] "0.986138548981869" "0.986138548981869" "0.986138548981869"
[34] "0.986138548981869" "0.986138548981869" "0.5"              
[37] "0.5"               "0.5"               "0.5"              
[40] "0.5"               "0.5"               "beta :"           
[43] "1"                
[1] " old Likelihood:  -8304309.15312493"
[1] "New Likelihood:  -8304298.31508019"
iter:  0  f-value:  3725.385  pgrad:  0.5362061 
iter:  10  f-value:  3725.363  pgrad:  0.3211517 
iter:  20  f-value:  3725.363  pgrad:  0.076584 
iter:  30  f-value:  3725.363  pgrad:  0.3670311 
  Unsuccessful convergence.
Time difference of 7.782068 mins
[1] "maxIt: 20"
[1] "It: 14"
 [1] "sigma:"            "0.986164332580638" "0.986164332580638"
 [4] "0.986164332580638" "0.986164332580638" "0.986164332580638"
 [7] "0.986164332580638" "0.986164332580638" "0.986164332580638"
[10] "0.986164332580638" "0.986164332580638" "0.986164332580638"
[13] "0.986164332580638" "0.986164332580638" "0.986164332580638"
[16] "0.986164332580638" "0.986164332580638" "0.986164332580638"
[19] "0.986164332580638" "0.986164332580638" "0.986164332580638"
[22] "0.986164332580638" "0.986164332580638" "0.986164332580638"
[25] "0.986164332580638" "0.986164332580638" "0.986164332580638"
[28] "0.986164332580638" "0.986164332580638" "0.986164332580638"
[31] "0.986164332580638" "0.986164332580638" "0.986164332580638"
[34] "0.986164332580638" "0.986164332580638" "0.5"              
[37] "0.5"               "0.5"               "0.5"              
[40] "0.5"               "0.5"               "beta :"           
[43] "1"                
[1] 8305798
[1] 8304290
[1] 8305886
 [1] "sigma:"            "0.986164332580638" "0.986164332580638"
 [4] "0.986164332580638" "0.986164332580638" "0.986164332580638"
 [7] "0.986164332580638" "0.986164332580638" "0.986164332580638"
[10] "0.986164332580638" "0.986164332580638" "0.986164332580638"
[13] "0.986164332580638" "0.986164332580638" "0.986164332580638"
[16] "0.986164332580638" "0.986164332580638" "0.986164332580638"
[19] "0.986164332580638" "0.986164332580638" "0.986164332580638"
[22] "0.986164332580638" "0.986164332580638" "0.986164332580638"
[25] "0.986164332580638" "0.986164332580638" "0.986164332580638"
[28] "0.986164332580638" "0.986164332580638" "0.986164332580638"
[31] "0.986164332580638" "0.986164332580638" "0.986164332580638"
[34] "0.986164332580638" "0.986164332580638" "0.5"              
[37] "0.5"               "0.5"               "0.5"              
[40] "0.5"               "0.5"               "beta :"           
[43] "1"                
[1] " old Likelihood:  -8304298.31508019"
[1] "New Likelihood:  -8304289.59751353"
iter:  0  f-value:  3719.821  pgrad:  0.5359907 
iter:  10  f-value:  3719.804  pgrad:  0.9922402 
iter:  20  f-value:  3719.803  pgrad:  0.1063245 
iter:  30  f-value:  3719.803  pgrad:  0.07561994 
  Unsuccessful convergence.
Time difference of 7.73517 mins
[1] "maxIt: 20"
[1] "It: 15"
 [1] "sigma:"            "0.986184004353228" "0.986184004353228"
 [4] "0.986184004353228" "0.986184004353228" "0.986184004353228"
 [7] "0.986184004353228" "0.986184004353228" "0.986184004353228"
[10] "0.986184004353228" "0.986184004353228" "0.986184004353228"
[13] "0.986184004353228" "0.986184004353228" "0.986184004353228"
[16] "0.986184004353228" "0.986184004353228" "0.986184004353228"
[19] "0.986184004353228" "0.986184004353228" "0.986184004353228"
[22] "0.986184004353228" "0.986184004353228" "0.986184004353228"
[25] "0.986184004353228" "0.986184004353228" "0.986184004353228"
[28] "0.986184004353228" "0.986184004353228" "0.986184004353228"
[31] "0.986184004353228" "0.986184004353228" "0.986184004353228"
[34] "0.986184004353228" "0.986184004353228" "0.5"              
[37] "0.5"               "0.5"               "0.5"              
[40] "0.5"               "0.5"               "beta :"           
[43] "1"                
[1] 8305796
[1] 8304283
[1] 8305911
 [1] "sigma:"            "0.986184004353228" "0.986184004353228"
 [4] "0.986184004353228" "0.986184004353228" "0.986184004353228"
 [7] "0.986184004353228" "0.986184004353228" "0.986184004353228"
[10] "0.986184004353228" "0.986184004353228" "0.986184004353228"
[13] "0.986184004353228" "0.986184004353228" "0.986184004353228"
[16] "0.986184004353228" "0.986184004353228" "0.986184004353228"
[19] "0.986184004353228" "0.986184004353228" "0.986184004353228"
[22] "0.986184004353228" "0.986184004353228" "0.986184004353228"
[25] "0.986184004353228" "0.986184004353228" "0.986184004353228"
[28] "0.986184004353228" "0.986184004353228" "0.986184004353228"
[31] "0.986184004353228" "0.986184004353228" "0.986184004353228"
[34] "0.986184004353228" "0.986184004353228" "0.5"              
[37] "0.5"               "0.5"               "0.5"              
[40] "0.5"               "0.5"               "beta :"           
[43] "1"                
[1] " old Likelihood:  -8304289.59751353"
[1] "New Likelihood:  -8304282.55810326"
iter:  0  f-value:  3714.896  pgrad:  0.5357907 
iter:  10  f-value:  3714.881  pgrad:  0.2004526 
iter:  20  f-value:  3714.881  pgrad:  0.08968982 
iter:  30  f-value:  3714.881  pgrad:  0.07477865 
  Unsuccessful convergence.
Time difference of 7.746391 mins
[1] "maxIt: 20"
[1] "It: 16"
 [1] "sigma:"            "0.986199439468631" "0.986199439468631"
 [4] "0.986199439468631" "0.986199439468631" "0.986199439468631"
 [7] "0.986199439468631" "0.986199439468631" "0.986199439468631"
[10] "0.986199439468631" "0.986199439468631" "0.986199439468631"
[13] "0.986199439468631" "0.986199439468631" "0.986199439468631"
[16] "0.986199439468631" "0.986199439468631" "0.986199439468631"
[19] "0.986199439468631" "0.986199439468631" "0.986199439468631"
[22] "0.986199439468631" "0.986199439468631" "0.986199439468631"
[25] "0.986199439468631" "0.986199439468631" "0.986199439468631"
[28] "0.986199439468631" "0.986199439468631" "0.986199439468631"
[31] "0.986199439468631" "0.986199439468631" "0.986199439468631"
[34] "0.986199439468631" "0.986199439468631" "0.5"              
[37] "0.5"               "0.5"               "0.5"              
[40] "0.5"               "0.5"               "beta :"           
[43] "1"                
[1] 8305794
[1] 8304277
[1] 8305934
 [1] "sigma:"            "0.986199439468631" "0.986199439468631"
 [4] "0.986199439468631" "0.986199439468631" "0.986199439468631"
 [7] "0.986199439468631" "0.986199439468631" "0.986199439468631"
[10] "0.986199439468631" "0.986199439468631" "0.986199439468631"
[13] "0.986199439468631" "0.986199439468631" "0.986199439468631"
[16] "0.986199439468631" "0.986199439468631" "0.986199439468631"
[19] "0.986199439468631" "0.986199439468631" "0.986199439468631"
[22] "0.986199439468631" "0.986199439468631" "0.986199439468631"
[25] "0.986199439468631" "0.986199439468631" "0.986199439468631"
[28] "0.986199439468631" "0.986199439468631" "0.986199439468631"
[31] "0.986199439468631" "0.986199439468631" "0.986199439468631"
[34] "0.986199439468631" "0.986199439468631" "0.5"              
[37] "0.5"               "0.5"               "0.5"              
[40] "0.5"               "0.5"               "beta :"           
[43] "1"                
[1] " old Likelihood:  -8304282.55810326"
[1] "New Likelihood:  -8304276.84482274"
iter:  0  f-value:  3710.655  pgrad:  0.5356247 
iter:  10  f-value:  3710.643  pgrad:  0.9922976 
iter:  20  f-value:  3710.643  pgrad:  0.07697508 
iter:  30  f-value:  3710.643  pgrad:  0.07430117 
  Unsuccessful convergence.
Time difference of 7.776374 mins
[1] "maxIt: 20"
[1] "It: 17"
 [1] "sigma:"            "0.986212934385085" "0.986212934385085"
 [4] "0.986212934385085" "0.986212934385085" "0.986212934385085"
 [7] "0.986212934385085" "0.986212934385085" "0.986212934385085"
[10] "0.986212934385085" "0.986212934385085" "0.986212934385085"
[13] "0.986212934385085" "0.986212934385085" "0.986212934385085"
[16] "0.986212934385085" "0.986212934385085" "0.986212934385085"
[19] "0.986212934385085" "0.986212934385085" "0.986212934385085"
[22] "0.986212934385085" "0.986212934385085" "0.986212934385085"
[25] "0.986212934385085" "0.986212934385085" "0.986212934385085"
[28] "0.986212934385085" "0.986212934385085" "0.986212934385085"
[31] "0.986212934385085" "0.986212934385085" "0.986212934385085"
[34] "0.986212934385085" "0.986212934385085" "0.5"              
[37] "0.5"               "0.5"               "0.5"              
[40] "0.5"               "0.5"               "beta :"           
[43] "1"                
[1] 8305792
[1] 8304272
[1] 8305956
 [1] "sigma:"            "0.986212934385085" "0.986212934385085"
 [4] "0.986212934385085" "0.986212934385085" "0.986212934385085"
 [7] "0.986212934385085" "0.986212934385085" "0.986212934385085"
[10] "0.986212934385085" "0.986212934385085" "0.986212934385085"
[13] "0.986212934385085" "0.986212934385085" "0.986212934385085"
[16] "0.986212934385085" "0.986212934385085" "0.986212934385085"
[19] "0.986212934385085" "0.986212934385085" "0.986212934385085"
[22] "0.986212934385085" "0.986212934385085" "0.986212934385085"
[25] "0.986212934385085" "0.986212934385085" "0.986212934385085"
[28] "0.986212934385085" "0.986212934385085" "0.986212934385085"
[31] "0.986212934385085" "0.986212934385085" "0.986212934385085"
[34] "0.986212934385085" "0.986212934385085" "0.5"              
[37] "0.5"               "0.5"               "0.5"              
[40] "0.5"               "0.5"               "beta :"           
[43] "1"                
[1] " old Likelihood:  -8304276.84482274"
[1] "New Likelihood:  -8304272.1262148"
iter:  0  f-value:  3707.027  pgrad:  0.4863482 
iter:  10  f-value:  3707.017  pgrad:  0.9923172 
iter:  20  f-value:  3707.017  pgrad:  0.07403287 
iter:  30  f-value:  3707.017  pgrad:  0.07348717 
  Unsuccessful convergence.
Time difference of 7.766961 mins
[1] "maxIt: 20"
[1] "It: 18"
 [1] "sigma:"           "0.98622305160866" "0.98622305160866" "0.98622305160866"
 [5] "0.98622305160866" "0.98622305160866" "0.98622305160866" "0.98622305160866"
 [9] "0.98622305160866" "0.98622305160866" "0.98622305160866" "0.98622305160866"
[13] "0.98622305160866" "0.98622305160866" "0.98622305160866" "0.98622305160866"
[17] "0.98622305160866" "0.98622305160866" "0.98622305160866" "0.98622305160866"
[21] "0.98622305160866" "0.98622305160866" "0.98622305160866" "0.98622305160866"
[25] "0.98622305160866" "0.98622305160866" "0.98622305160866" "0.98622305160866"
[29] "0.98622305160866" "0.98622305160866" "0.98622305160866" "0.98622305160866"
[33] "0.98622305160866" "0.98622305160866" "0.98622305160866" "0.5"             
[37] "0.5"              "0.5"              "0.5"              "0.5"             
[41] "0.5"              "beta :"           "1"               
[1] 8305791
[1] 8304268
[1] 8305975
 [1] "sigma:"           "0.98622305160866" "0.98622305160866" "0.98622305160866"
 [5] "0.98622305160866" "0.98622305160866" "0.98622305160866" "0.98622305160866"
 [9] "0.98622305160866" "0.98622305160866" "0.98622305160866" "0.98622305160866"
[13] "0.98622305160866" "0.98622305160866" "0.98622305160866" "0.98622305160866"
[17] "0.98622305160866" "0.98622305160866" "0.98622305160866" "0.98622305160866"
[21] "0.98622305160866" "0.98622305160866" "0.98622305160866" "0.98622305160866"
[25] "0.98622305160866" "0.98622305160866" "0.98622305160866" "0.98622305160866"
[29] "0.98622305160866" "0.98622305160866" "0.98622305160866" "0.98622305160866"
[33] "0.98622305160866" "0.98622305160866" "0.98622305160866" "0.5"             
[37] "0.5"              "0.5"              "0.5"              "0.5"             
[41] "0.5"              "beta :"           "1"               
[1] " old Likelihood:  -8304272.1262148"
[1] "New Likelihood:  -8304268.1859597"
iter:  0  f-value:  3703.826  pgrad:  0.4859028 
iter:  10  f-value:  3703.817  pgrad:  0.9923224 
iter:  20  f-value:  3703.817  pgrad:  0.07405561 
iter:  30  f-value:  3703.817  pgrad:  0.0741511 
  Unsuccessful convergence.
Time difference of 7.746107 mins
[1] "maxIt: 20"
[1] "It: 19"
 [1] "sigma:"            "0.986231773978976" "0.986231773978976"
 [4] "0.986231773978976" "0.986231773978976" "0.986231773978976"
 [7] "0.986231773978976" "0.986231773978976" "0.986231773978976"
[10] "0.986231773978976" "0.986231773978976" "0.986231773978976"
[13] "0.986231773978976" "0.986231773978976" "0.986231773978976"
[16] "0.986231773978976" "0.986231773978976" "0.986231773978976"
[19] "0.986231773978976" "0.986231773978976" "0.986231773978976"
[22] "0.986231773978976" "0.986231773978976" "0.986231773978976"
[25] "0.986231773978976" "0.986231773978976" "0.986231773978976"
[28] "0.986231773978976" "0.986231773978976" "0.986231773978976"
[31] "0.986231773978976" "0.986231773978976" "0.986231773978976"
[34] "0.986231773978976" "0.986231773978976" "0.5"              
[37] "0.5"               "0.5"               "0.5"              
[40] "0.5"               "0.5"               "beta :"           
[43] "1"                
[1] 8305790
[1] 8304265
[1] 8305994
 [1] "sigma:"            "0.986231773978976" "0.986231773978976"
 [4] "0.986231773978976" "0.986231773978976" "0.986231773978976"
 [7] "0.986231773978976" "0.986231773978976" "0.986231773978976"
[10] "0.986231773978976" "0.986231773978976" "0.986231773978976"
[13] "0.986231773978976" "0.986231773978976" "0.986231773978976"
[16] "0.986231773978976" "0.986231773978976" "0.986231773978976"
[19] "0.986231773978976" "0.986231773978976" "0.986231773978976"
[22] "0.986231773978976" "0.986231773978976" "0.986231773978976"
[25] "0.986231773978976" "0.986231773978976" "0.986231773978976"
[28] "0.986231773978976" "0.986231773978976" "0.986231773978976"
[31] "0.986231773978976" "0.986231773978976" "0.986231773978976"
[34] "0.986231773978976" "0.986231773978976" "0.5"              
[37] "0.5"               "0.5"               "0.5"              
[40] "0.5"               "0.5"               "beta :"           
[43] "1"                
[1] " old Likelihood:  -8304268.1859597"
[1] "New Likelihood:  -8304264.85863519"
iter:  0  f-value:  3701.049  pgrad:  0.4855092 
iter:  10  f-value:  3701.041  pgrad:  0.9923369 
iter:  20  f-value:  3701.041  pgrad:  0.07372364 
iter:  30  f-value:  3701.041  pgrad:  0.1278841 
  Unsuccessful convergence.
Time difference of 7.755606 mins
[1] "maxIt: 20"
[1] "It: 20"
 [1] "sigma:"            "0.986242284585168" "0.986242284585168"
 [4] "0.986242284585168" "0.986242284585168" "0.986242284585168"
 [7] "0.986242284585168" "0.986242284585168" "0.986242284585168"
[10] "0.986242284585168" "0.986242284585168" "0.986242284585168"
[13] "0.986242284585168" "0.986242284585168" "0.986242284585168"
[16] "0.986242284585168" "0.986242284585168" "0.986242284585168"
[19] "0.986242284585168" "0.986242284585168" "0.986242284585168"
[22] "0.986242284585168" "0.986242284585168" "0.986242284585168"
[25] "0.986242284585168" "0.986242284585168" "0.986242284585168"
[28] "0.986242284585168" "0.986242284585168" "0.986242284585168"
[31] "0.986242284585168" "0.986242284585168" "0.986242284585168"
[34] "0.986242284585168" "0.986242284585168" "0.5"              
[37] "0.5"               "0.5"               "0.5"              
[40] "0.5"               "0.5"               "beta :"           
[43] "1"                
[1] 8305788
[1] 8304262
[1] 8306010
 [1] "sigma:"            "0.986242284585168" "0.986242284585168"
 [4] "0.986242284585168" "0.986242284585168" "0.986242284585168"
 [7] "0.986242284585168" "0.986242284585168" "0.986242284585168"
[10] "0.986242284585168" "0.986242284585168" "0.986242284585168"
[13] "0.986242284585168" "0.986242284585168" "0.986242284585168"
[16] "0.986242284585168" "0.986242284585168" "0.986242284585168"
[19] "0.986242284585168" "0.986242284585168" "0.986242284585168"
[22] "0.986242284585168" "0.986242284585168" "0.986242284585168"
[25] "0.986242284585168" "0.986242284585168" "0.986242284585168"
[28] "0.986242284585168" "0.986242284585168" "0.986242284585168"
[31] "0.986242284585168" "0.986242284585168" "0.986242284585168"
[34] "0.986242284585168" "0.986242284585168" "0.5"              
[37] "0.5"               "0.5"               "0.5"              
[40] "0.5"               "0.5"               "beta :"           
[43] "1"                
[1] " old Likelihood:  -8304264.85863519"
[1] "New Likelihood:  -8304262.00609303"
iter:  0  f-value:  3698.499  pgrad:  0.4851585 
iter:  10  f-value:  3698.492  pgrad:  0.1004446 
iter:  20  f-value:  3698.492  pgrad:  0.07368726 
iter:  30  f-value:  3698.492  pgrad:  0.07298695 
  Unsuccessful convergence.
Time difference of 7.767412 mins
 [1] "sigma:"            "0.986247922379654" "0.986247922379654"
 [4] "0.986247922379654" "0.986247922379654" "0.986247922379654"
 [7] "0.986247922379654" "0.986247922379654" "0.986247922379654"
[10] "0.986247922379654" "0.986247922379654" "0.986247922379654"
[13] "0.986247922379654" "0.986247922379654" "0.986247922379654"
[16] "0.986247922379654" "0.986247922379654" "0.986247922379654"
[19] "0.986247922379654" "0.986247922379654" "0.986247922379654"
[22] "0.986247922379654" "0.986247922379654" "0.986247922379654"
[25] "0.986247922379654" "0.986247922379654" "0.986247922379654"
[28] "0.986247922379654" "0.986247922379654" "0.986247922379654"
[31] "0.986247922379654" "0.986247922379654" "0.986247922379654"
[34] "0.986247922379654" "0.986247922379654" "0.5"              
[37] "0.5"               "0.5"               "0.5"              
[40] "0.5"               "0.5"               "beta :"           
[43] "1"                
[1] 1999438 1999072 1999970 1998782 1998052
[1] 1 1 1 1 1
saved RDS
inference successful
