[1] "Original length"
[1] 999970
[1] "Final length"
[1] 15279
[1] "sequence length : 999971" "sequence length : 999678"
[3] "sequence length : 999736" "sequence length : 999984"
[5] "sequence length : 999335"
[1] 1 1 1 1 1
[1] "Beta: 1"
[1] "Self: 0"
[1] "maxIt: 20"
[1] "It: 1"
 [1] "sigma:" "0"      "0"      "0"      "0"      "0"      "0"      "0"     
 [9] "0"      "0"      "0"      "0"      "0"      "0"      "0"      "0"     
[17] "0"      "0"      "0"      "0"      "0"      "0"      "0"      "0"     
[25] "0"      "0"      "0"      "0"      "0"      "0"      "0"      "0"     
[33] "0"      "0"      "0"      "0"      "0"      "0"      "0"      "0"     
[41] "0"      "beta :" "1"     
 [1] "sigma:" "0.9405" "0.9405" "0.9405" "0.9405" "0.9405" "0.9405" "0.9405"
 [9] "0.9405" "0.9405" "0.9405" "0.9405" "0.9405" "0.9405" "0.9405" "0.9405"
[17] "0.9405" "0.9405" "0.9405" "0.9405" "0.9405" "0.9405" "0.9405" "0.9405"
[25] "0.9405" "0.9405" "0.9405" "0.9405" "0.9405" "0.9405" "0.9405" "0.9405"
[33] "0.9405" "0.9405" "0.9405" "0"      "0"      "0"      "0"      "0"     
[41] "0"      "beta :" "1"     
[1] "New Likelihood:  -6699790.78406043"
iter:  0  f-value:  4545.192  pgrad:  0.5 
iter:  10  f-value:  4525.219  pgrad:  0.9978016 
iter:  20  f-value:  4523.927  pgrad:  0.9897752 
iter:  30  f-value:  4523.708  pgrad:  0.9861587 
iter:  40  f-value:  4523.621  pgrad:  0.97368 
iter:  50  f-value:  4523.589  pgrad:  0.9978641 
  Unsuccessful convergence.
Time difference of 2.49805 hours
[1] "maxIt: 20"
[1] "It: 2"
 [1] "sigma:"              "0.973605629073525"   "0.973605629073525"  
 [4] "0.957336907794854"   "0.957336907794854"   "0.964169053507749"  
 [7] "0.964169053507749"   "0.973059902210749"   "0.973059902210749"  
[10] "0.98382039044641"    "0.98382039044641"    "0.99"               
[13] "0.99"                "0.99"                "0.99"               
[16] "0.986770379233068"   "0.986770379233068"   "0.964678201725053"  
[19] "0.964678201725053"   "0.942964135814594"   "0.942964135814594"  
[22] "0.955733806724888"   "0.955733806724888"   "0.965071951892354"  
[25] "0.965071951892354"   "0.954094314097211"   "0.954094314097211"  
[28] "0.969248027365326"   "0.969248027365326"   "0.959895171200609"  
[31] "0.959895171200609"   "0.958290859620097"   "0.958290859620097"  
[34] "0.96437415368763"    "0.96437415368763"    "0.0455159363894708" 
[37] "0.0455159363894708"  "0.05989940385883"    "0.05989940385883"   
[40] "0.00919285486975724" "0.00919285486975724" "beta :"             
[43] "1"                  
 [1] "sigma:"              "0.973605629073525"   "0.973605629073525"  
 [4] "0.957336907794854"   "0.957336907794854"   "0.964169053507749"  
 [7] "0.964169053507749"   "0.973059902210749"   "0.973059902210749"  
[10] "0.98382039044641"    "0.98382039044641"    "0.99"               
[13] "0.99"                "0.99"                "0.99"               
[16] "0.986770379233068"   "0.986770379233068"   "0.964678201725053"  
[19] "0.964678201725053"   "0.942964135814594"   "0.942964135814594"  
[22] "0.955733806724888"   "0.955733806724888"   "0.965071951892354"  
[25] "0.965071951892354"   "0.954094314097211"   "0.954094314097211"  
[28] "0.969248027365326"   "0.969248027365326"   "0.959895171200609"  
[31] "0.959895171200609"   "0.958290859620097"   "0.958290859620097"  
[34] "0.96437415368763"    "0.96437415368763"    "0.0455159363894708" 
[37] "0.0455159363894708"  "0.01039940385883"    "0.01039940385883"   
[40] "0.00919285486975724" "0.00919285486975724" "beta :"             
[43] "1"                  
[1] " old Likelihood:  -6699790.78406043"
[1] "New Likelihood:  -6693325.16631311"
iter:  0  f-value:  4074.533  pgrad:  0.5123812 
iter:  10  f-value:  4066.458  pgrad:  0.9905895 
iter:  20  f-value:  4066.197  pgrad:  0.9825832 
iter:  30  f-value:  4066.152  pgrad:  0.9758612 
iter:  40  f-value:  4066.136  pgrad:  0.9729075 
iter:  50  f-value:  4066.095  pgrad:  0.9585493 
  Unsuccessful convergence.
Time difference of 16.124 mins
[1] "maxIt: 20"
[1] "It: 3"
 [1] "sigma:"             "0.99"               "0.99"              
 [4] "0.970364732833306"  "0.970364732833306"  "0.98391844513486"  
 [7] "0.98391844513486"   "0.99"               "0.99"              
[10] "0.99"               "0.99"               "0.99"              
[13] "0.99"               "0.99"               "0.99"              
[16] "0.99"               "0.99"               "0.99"              
[19] "0.99"               "0.967486323409992"  "0.967486323409992" 
[22] "0.973047993396494"  "0.973047993396494"  "0.975819643607134" 
[25] "0.975819643607134"  "0.958650892846208"  "0.958650892846208" 
[28] "0.984310530558511"  "0.984310530558511"  "0.967759406070563" 
[31] "0.967759406070563"  "0.966888872615134"  "0.966888872615134" 
[34] "0.97773901395423"   "0.97773901395423"   "0.0628109110718372"
[37] "0.0628109110718372" "0.0411283477458286" "0.0411283477458286"
[40] "0.014435355688144"  "0.014435355688144"  "beta :"            
[43] "1"                 
 [1] "sigma:"             "0.99"               "0.99"              
 [4] "0.970364732833306"  "0.970364732833306"  "0.98391844513486"  
 [7] "0.98391844513486"   "0.99"               "0.99"              
[10] "0.99"               "0.99"               "0.99"              
[13] "0.99"               "0.99"               "0.99"              
[16] "0.99"               "0.99"               "0.99"              
[19] "0.99"               "0.967486323409992"  "0.967486323409992" 
[22] "0.973047993396494"  "0.973047993396494"  "0.975819643607134" 
[25] "0.975819643607134"  "0.958650892846208"  "0.958650892846208" 
[28] "0.984310530558511"  "0.984310530558511"  "0.967759406070563" 
[31] "0.967759406070563"  "0.966888872615134"  "0.966888872615134" 
[34] "0.97773901395423"   "0.97773901395423"   "0.0133109110718372"
[37] "0.0133109110718372" "0.0411283477458286" "0.0411283477458286"
[40] "0.014435355688144"  "0.014435355688144"  "beta :"            
[43] "1"                 
[1] " old Likelihood:  -6693325.16631311"
[1] "New Likelihood:  -6690618.14566937"
iter:  0  f-value:  3783.941  pgrad:  0.5521066 
iter:  10  f-value:  3779.774  pgrad:  0.995035 
iter:  20  f-value:  3779.705  pgrad:  0.9519151 
iter:  30  f-value:  3779.692  pgrad:  0.9475462 
iter:  40  f-value:  3779.681  pgrad:  0.9425078 
iter:  50  f-value:  3779.666  pgrad:  0.9349768 
  Unsuccessful convergence.
Time difference of 16.03687 mins
[1] "maxIt: 20"
[1] "It: 4"
 [1] "sigma:"             "0.99"               "0.99"              
 [4] "0.981299094259291"  "0.981299094259291"  "0.99"              
 [7] "0.99"               "0.99"               "0.99"              
[10] "0.99"               "0.99"               "0.99"              
[13] "0.99"               "0.99"               "0.99"              
[16] "0.99"               "0.99"               "0.99"              
[19] "0.99"               "0.98562785250832"   "0.98562785250832"  
[22] "0.981016797929719"  "0.981016797929719"  "0.980655832820329" 
[25] "0.980655832820329"  "0.968407568138305"  "0.968407568138305" 
[28] "0.99"               "0.99"               "0.974663349902622" 
[31] "0.974663349902622"  "0.972438208951451"  "0.972438208951451" 
[34] "0.9864636820662"    "0.9864636820662"    "0.0243699297302883"
[37] "0.0243699297302883" "0.0644574555057747" "0.0644574555057747"
[40] "0.0187484765289937" "0.0187484765289937" "beta :"            
[43] "1"                 
 [1] "sigma:"             "0.99"               "0.99"              
 [4] "0.981299094259291"  "0.981299094259291"  "0.99"              
 [7] "0.99"               "0.99"               "0.99"              
[10] "0.99"               "0.99"               "0.99"              
[13] "0.99"               "0.99"               "0.99"              
[16] "0.99"               "0.99"               "0.99"              
[19] "0.99"               "0.98562785250832"   "0.98562785250832"  
[22] "0.981016797929719"  "0.981016797929719"  "0.980655832820329" 
[25] "0.980655832820329"  "0.968407568138305"  "0.968407568138305" 
[28] "0.99"               "0.99"               "0.974663349902622" 
[31] "0.974663349902622"  "0.972438208951451"  "0.972438208951451" 
[34] "0.9864636820662"    "0.9864636820662"    "0.123369929730288" 
[37] "0.123369929730288"  "0.0149574555057747" "0.0149574555057747"
[40] "0.0187484765289937" "0.0187484765289937" "beta :"            
[43] "1"                 
[1] " old Likelihood:  -6690618.14566937"
[1] "New Likelihood:  -6689223.6717664"
iter:  0  f-value:  3487.598  pgrad:  0.5585596 
iter:  10  f-value:  3485.538  pgrad:  0.9944327 
iter:  20  f-value:  3485.519  pgrad:  0.9821149 
iter:  30  f-value:  3485.506  pgrad:  0.9783445 
iter:  40  f-value:  3485.5  pgrad:  0.9757116 
iter:  50  f-value:  3485.492  pgrad:  0.9712848 
  Unsuccessful convergence.
Time difference of 16.94417 mins
[1] "maxIt: 20"
[1] "It: 5"
 [1] "sigma:"             "0.99"               "0.99"              
 [4] "0.987623334309125"  "0.987623334309125"  "0.99"              
 [7] "0.99"               "0.99"               "0.99"              
[10] "0.99"               "0.99"               "0.99"              
[13] "0.99"               "0.99"               "0.99"              
[16] "0.99"               "0.99"               "0.99"              
[19] "0.99"               "0.99"               "0.99"              
[22] "0.986214999014385"  "0.986214999014385"  "0.98084569816751"  
[25] "0.98084569816751"   "0.979007976342241"  "0.979007976342241" 
[28] "0.99"               "0.99"               "0.980956217899478" 
[31] "0.980956217899478"  "0.977302407890931"  "0.977302407890931" 
[34] "0.99"               "0.99"               "0.13505020341838"  
[37] "0.13505020341838"   "0.0285395826510129" "0.0285395826510129"
[40] "0.0214762017851857" "0.0214762017851857" "beta :"            
[43] "1"                 
 [1] "sigma:"             "0.99"               "0.99"              
 [4] "0.987623334309125"  "0.987623334309125"  "0.99"              
 [7] "0.99"               "0.99"               "0.99"              
[10] "0.99"               "0.99"               "0.99"              
[13] "0.99"               "0.99"               "0.99"              
[16] "0.99"               "0.99"               "0.99"              
[19] "0.99"               "0.99"               "0.99"              
[22] "0.986214999014385"  "0.986214999014385"  "0.98084569816751"  
[25] "0.98084569816751"   "0.979007976342241"  "0.979007976342241" 
[28] "0.99"               "0.99"               "0.980956217899478" 
[31] "0.980956217899478"  "0.977302407890931"  "0.977302407890931" 
[34] "0.99"               "0.99"               "0.23405020341838"  
[37] "0.23405020341838"   "0.0285395826510129" "0.0285395826510129"
[40] "0.0214762017851856" "0.0214762017851856" "beta :"            
[43] "1"                 
[1] " old Likelihood:  -6689223.6717664"
[1] "New Likelihood:  -6688544.89858433"
iter:  0  f-value:  3238.466  pgrad:  0.5606226 
iter:  10  f-value:  3237.507  pgrad:  0.9703067 
iter:  20  f-value:  3237.491  pgrad:  0.9684225 
iter:  30  f-value:  3237.483  pgrad:  0.9658774 
iter:  40  f-value:  3237.472  pgrad:  0.995246 
iter:  50  f-value:  3237.47  pgrad:  0.9563428 
  Unsuccessful convergence.
Time difference of 16.52132 mins
[1] "maxIt: 20"
[1] "It: 6"
 [1] "sigma:"             "0.99"               "0.99"              
 [4] "0.99"               "0.99"               "0.99"              
 [7] "0.99"               "0.99"               "0.99"              
[10] "0.99"               "0.99"               "0.99"              
[13] "0.99"               "0.99"               "0.99"              
[16] "0.99"               "0.99"               "0.99"              
[19] "0.99"               "0.99"               "0.99"              
[22] "0.989434823078749"  "0.989434823078749"  "0.979450439312667" 
[25] "0.979450439312667"  "0.985668226611278"  "0.985668226611278" 
[28] "0.99"               "0.99"               "0.985266975910391" 
[31] "0.985266975910391"  "0.981808035510708"  "0.981808035510708" 
[34] "0.99"               "0.99"               "0.248249203624919" 
[37] "0.248249203624919"  "0.0472835134856278" "0.0472835134856278"
[40] "0.0253331751821376" "0.0253331751821376" "beta :"            
[43] "1"                 
 [1] "sigma:"             "0.99"               "0.99"              
 [4] "0.99"               "0.99"               "0.99"              
 [7] "0.99"               "0.99"               "0.99"              
[10] "0.99"               "0.99"               "0.99"              
[13] "0.99"               "0.99"               "0.99"              
[16] "0.99"               "0.99"               "0.99"              
[19] "0.99"               "0.99"               "0.99"              
[22] "0.989434823078749"  "0.989434823078749"  "0.979450439312667" 
[25] "0.979450439312667"  "0.985668226611278"  "0.985668226611278" 
[28] "0.99"               "0.99"               "0.985266975910391" 
[31] "0.985266975910391"  "0.981808035510708"  "0.981808035510708" 
[34] "0.99"               "0.99"               "0.297749203624919" 
[37] "0.297749203624919"  "0.0472835134856278" "0.0472835134856278"
[40] "0.0253331751821376" "0.0253331751821376" "beta :"            
[43] "1"                 
[1] " old Likelihood:  -6688544.89858433"
[1] "New Likelihood:  -6688208.17159888"
iter:  0  f-value:  3092.559  pgrad:  0.5625452 
iter:  10  f-value:  3092.079  pgrad:  0.9905128 
iter:  20  f-value:  3092.047  pgrad:  0.9504054 
iter:  30  f-value:  3092.041  pgrad:  0.9381529 
iter:  40  f-value:  3092.038  pgrad:  0.9022551 
iter:  50  f-value:  3092.036  pgrad:  0.8900179 
  Unsuccessful convergence.
Time difference of 16.0284 mins
[1] "maxIt: 20"
[1] "It: 7"
 [1] "sigma:"             "0.99"               "0.99"              
 [4] "0.99"               "0.99"               "0.99"              
 [7] "0.99"               "0.99"               "0.99"              
[10] "0.99"               "0.99"               "0.99"              
[13] "0.99"               "0.99"               "0.99"              
[16] "0.99"               "0.99"               "0.99"              
[19] "0.99"               "0.99"               "0.99"              
[22] "0.99"               "0.99"               "0.978760449669112" 
[25] "0.978760449669112"  "0.989225374220404"  "0.989225374220404" 
[28] "0.99"               "0.99"               "0.98831333614961"  
[31] "0.98831333614961"   "0.985054336643653"  "0.985054336643653" 
[34] "0.99"               "0.99"               "0.305757203826182" 
[37] "0.305757203826182"  "0.0541202856222298" "0.0541202856222298"
[40] "0.0266469398165714" "0.0266469398165714" "beta :"            
[43] "1"                 
 [1] "sigma:"              "0.99"                "0.99"               
 [4] "0.99"                "0.99"                "0.99"               
 [7] "0.99"                "0.99"                "0.99"               
[10] "0.99"                "0.99"                "0.99"               
[13] "0.99"                "0.99"                "0.99"               
[16] "0.99"                "0.99"                "0.99"               
[19] "0.99"                "0.99"                "0.99"               
[22] "0.99"                "0.99"                "0.978760449669112"  
[25] "0.978760449669112"   "0.989225374220404"   "0.989225374220404"  
[28] "0.99"                "0.99"                "0.98831333614961"   
[31] "0.98831333614961"    "0.985054336643653"   "0.985054336643653"  
[34] "0.99"                "0.99"                "0.355257203826182"  
[37] "0.355257203826182"   "0.00462028562222978" "0.00462028562222978"
[40] "0.0266469398165714"  "0.0266469398165714"  "beta :"             
[43] "1"                  
[1] " old Likelihood:  -6688208.17159888"
[1] "New Likelihood:  -6688017.66353797"
iter:  0  f-value:  3000.74  pgrad:  0.5631844 
iter:  10  f-value:  3000.477  pgrad:  0.7710514 
iter:  20  f-value:  3000.472  pgrad:  0.7577091 
iter:  30  f-value:  3000.47  pgrad:  0.7409244 
iter:  40  f-value:  3000.469  pgrad:  0.7286144 
iter:  50  f-value:  3000.467  pgrad:  0.6983873 
  Unsuccessful convergence.
Time difference of 16.48728 mins
[1] "maxIt: 20"
[1] "It: 8"
 [1] "sigma:"             "0.99"               "0.99"              
 [4] "0.99"               "0.99"               "0.99"              
 [7] "0.99"               "0.99"               "0.99"              
[10] "0.99"               "0.99"               "0.99"              
[13] "0.99"               "0.99"               "0.99"              
[16] "0.99"               "0.99"               "0.99"              
[19] "0.99"               "0.99"               "0.99"              
[22] "0.99"               "0.99"               "0.979587116431659" 
[25] "0.979587116431659"  "0.99"               "0.99"              
[28] "0.99"               "0.99"               "0.99"              
[31] "0.99"               "0.987630625920616"  "0.987630625920616" 
[34] "0.99"               "0.99"               "0.359783834420189" 
[37] "0.359783834420189"  "0.0099784079111251" "0.0099784079111251"
[40] "0.0277046178889684" "0.0277046178889684" "beta :"            
[43] "1"                 
 [1] "sigma:"             "0.99"               "0.99"              
 [4] "0.99"               "0.99"               "0.99"              
 [7] "0.99"               "0.99"               "0.99"              
[10] "0.99"               "0.99"               "0.99"              
[13] "0.99"               "0.99"               "0.99"              
[16] "0.99"               "0.99"               "0.99"              
[19] "0.99"               "0.99"               "0.99"              
[22] "0.99"               "0.99"               "0.979587116431659" 
[25] "0.979587116431659"  "0.99"               "0.99"              
[28] "0.99"               "0.99"               "0.99"              
[31] "0.99"               "0.987630625920616"  "0.987630625920616" 
[34] "0.99"               "0.99"               "0.409283834420189" 
[37] "0.409283834420189"  "0.0099784079111251" "0.0099784079111251"
[40] "0.0277046178889684" "0.0277046178889684" "beta :"            
[43] "1"                 
[1] " old Likelihood:  -6688017.66353797"
[1] "New Likelihood:  -6687918.47011649"
iter:  0  f-value:  2899.199  pgrad:  0.5623435 
iter:  10  f-value:  2899.066  pgrad:  0.733221 
iter:  20  f-value:  2899.061  pgrad:  0.7178778 
iter:  30  f-value:  2899.06  pgrad:  0.7055223 
iter:  40  f-value:  2899.058  pgrad:  0.680584 
iter:  50  f-value:  2899.055  pgrad:  0.6138225 
  Unsuccessful convergence.
Time difference of 16.01633 mins
[1] "maxIt: 20"
[1] "It: 9"
 [1] "sigma:"             "0.99"               "0.99"              
 [4] "0.99"               "0.99"               "0.99"              
 [7] "0.99"               "0.99"               "0.99"              
[10] "0.99"               "0.99"               "0.99"              
[13] "0.99"               "0.99"               "0.99"              
[16] "0.99"               "0.99"               "0.99"              
[19] "0.99"               "0.99"               "0.99"              
[22] "0.99"               "0.99"               "0.98075746785334"  
[25] "0.98075746785334"   "0.99"               "0.99"              
[28] "0.99"               "0.99"               "0.99"              
[31] "0.99"               "0.99"               "0.99"              
[34] "0.99"               "0.99"               "0.412262586889446" 
[37] "0.412262586889446"  "0.018054280013235"  "0.018054280013235" 
[40] "0.0292907531950803" "0.0292907531950803" "beta :"            
[43] "1"                 
 [1] "sigma:"             "0.99"               "0.99"              
 [4] "0.99"               "0.99"               "0.99"              
 [7] "0.99"               "0.99"               "0.99"              
[10] "0.99"               "0.99"               "0.99"              
[13] "0.99"               "0.99"               "0.99"              
[16] "0.99"               "0.99"               "0.99"              
[19] "0.99"               "0.99"               "0.99"              
[22] "0.99"               "0.99"               "0.98075746785334"  
[25] "0.98075746785334"   "0.99"               "0.99"              
[28] "0.99"               "0.99"               "0.99"              
[31] "0.99"               "0.99"               "0.99"              
[34] "0.99"               "0.99"               "0.412262586889446" 
[37] "0.412262586889446"  "0.018054280013235"  "0.018054280013235" 
[40] "0.0292907531950803" "0.0292907531950803" "beta :"            
[43] "1"                 
[1] " old Likelihood:  -6687918.47011649"
[1] "New Likelihood:  -6687859.9919404"
iter:  0  f-value:  2882.41  pgrad:  0.5468164 
iter:  10  f-value:  2882.378  pgrad:  0.5982247 
iter:  20  f-value:  2882.377  pgrad:  0.5866013 
iter:  30  f-value:  2882.376  pgrad:  0.5782704 
iter:  40  f-value:  2882.373  pgrad:  0.7160543 
iter:  50  f-value:  2882.372  pgrad:  0.5020229 
  Unsuccessful convergence.
Time difference of 16.04251 mins
[1] "maxIt: 20"
[1] "It: 10"
 [1] "sigma:"             "0.99"               "0.99"              
 [4] "0.99"               "0.99"               "0.99"              
 [7] "0.99"               "0.99"               "0.99"              
[10] "0.99"               "0.99"               "0.99"              
[13] "0.99"               "0.99"               "0.99"              
[16] "0.99"               "0.99"               "0.99"              
[19] "0.99"               "0.99"               "0.99"              
[22] "0.99"               "0.99"               "0.981738473420442" 
[25] "0.981738473420442"  "0.99"               "0.99"              
[28] "0.99"               "0.99"               "0.99"              
[31] "0.99"               "0.99"               "0.99"              
[34] "0.99"               "0.99"               "0.41392072953703"  
[37] "0.41392072953703"   "0.0254455952520175" "0.0254455952520175"
[40] "0.0307674952835123" "0.0307674952835123" "beta :"            
[43] "1"                 
 [1] "sigma:"             "0.99"               "0.99"              
 [4] "0.99"               "0.99"               "0.99"              
 [7] "0.99"               "0.99"               "0.99"              
[10] "0.99"               "0.99"               "0.99"              
[13] "0.99"               "0.99"               "0.99"              
[16] "0.99"               "0.99"               "0.99"              
[19] "0.99"               "0.99"               "0.99"              
[22] "0.99"               "0.99"               "0.981738473420442" 
[25] "0.981738473420442"  "0.99"               "0.99"              
[28] "0.99"               "0.99"               "0.99"              
[31] "0.99"               "0.99"               "0.99"              
[34] "0.99"               "0.99"               "0.41392072953703"  
[37] "0.41392072953703"   "0.0254455952520175" "0.0254455952520175"
[40] "0.0307674952835123" "0.0307674952835123" "beta :"            
[43] "1"                 
[1] " old Likelihood:  -6687859.9919404"
[1] "New Likelihood:  -6687840.15319854"
iter:  0  f-value:  2876.101  pgrad:  0.5445734 
iter:  10  f-value:  2876.083  pgrad:  0.5164384 
iter:  20  f-value:  2876.083  pgrad:  0.5108677 
iter:  30  f-value:  2876.082  pgrad:  0.4878575 
iter:  40  f-value:  2876.08  pgrad:  0.4615413 
iter:  50  f-value:  2876.077  pgrad:  0.3956302 
  Unsuccessful convergence.
Time difference of 16.00598 mins
[1] "maxIt: 20"
[1] "It: 11"
 [1] "sigma:"             "0.99"               "0.99"              
 [4] "0.99"               "0.99"               "0.99"              
 [7] "0.99"               "0.99"               "0.99"              
[10] "0.99"               "0.99"               "0.99"              
[13] "0.99"               "0.99"               "0.99"              
[16] "0.99"               "0.99"               "0.99"              
[19] "0.99"               "0.99"               "0.99"              
[22] "0.98993004906757"   "0.98993004906757"   "0.982169964403105" 
[25] "0.982169964403105"  "0.99"               "0.99"              
[28] "0.99"               "0.99"               "0.99"              
[31] "0.99"               "0.99"               "0.99"              
[34] "0.99"               "0.99"               "0.414343373360049" 
[37] "0.414343373360049"  "0.0355008866769303" "0.0355008866769303"
[40] "0.032766104329325"  "0.032766104329325"  "beta :"            
[43] "1"                 
 [1] "sigma:"             "0.99"               "0.99"              
 [4] "0.99"               "0.99"               "0.99"              
 [7] "0.99"               "0.99"               "0.99"              
[10] "0.99"               "0.99"               "0.99"              
[13] "0.99"               "0.99"               "0.99"              
[16] "0.99"               "0.99"               "0.99"              
[19] "0.99"               "0.99"               "0.99"              
[22] "0.98993004906757"   "0.98993004906757"   "0.982169964403105" 
[25] "0.982169964403105"  "0.99"               "0.99"              
[28] "0.99"               "0.99"               "0.99"              
[31] "0.99"               "0.99"               "0.99"              
[34] "0.99"               "0.99"               "0.414343373360049" 
[37] "0.414343373360049"  "0.0850008866769303" "0.0850008866769303"
[40] "0.032766104329325"  "0.032766104329325"  "beta :"            
[43] "1"                 
[1] " old Likelihood:  -6687840.15319854"
[1] "New Likelihood:  -6687827.98514463"
iter:  0  f-value:  2846.156  pgrad:  0.5260761 
iter:  10  f-value:  2846.141  pgrad:  0.5740367 
iter:  20  f-value:  2846.14  pgrad:  0.5601896 
iter:  30  f-value:  2846.138  pgrad:  0.5111951 
iter:  40  f-value:  2846.133  pgrad:  0.3829791 
iter:  50  f-value:  2846.133  pgrad:  0.3558989 
  Unsuccessful convergence.
Time difference of 16.48436 mins
[1] "maxIt: 20"
[1] "It: 12"
 [1] "sigma:"             "0.99"               "0.99"              
 [4] "0.99"               "0.99"               "0.99"              
 [7] "0.99"               "0.99"               "0.99"              
[10] "0.99"               "0.99"               "0.99"              
[13] "0.99"               "0.99"               "0.99"              
[16] "0.99"               "0.99"               "0.99"              
[19] "0.99"               "0.99"               "0.99"              
[22] "0.99"               "0.99"               "0.982257159580918" 
[25] "0.982257159580918"  "0.99"               "0.99"              
[28] "0.99"               "0.99"               "0.99"              
[31] "0.99"               "0.99"               "0.99"              
[34] "0.99"               "0.99"               "0.414869416625108" 
[37] "0.414869416625108"  "0.0998620553155637" "0.0998620553155637"
[40] "0.0354333974401651" "0.0354333974401651" "beta :"            
[43] "1"                 
 [1] "sigma:"             "0.99"               "0.99"              
 [4] "0.99"               "0.99"               "0.99"              
 [7] "0.99"               "0.99"               "0.99"              
[10] "0.99"               "0.99"               "0.99"              
[13] "0.99"               "0.99"               "0.99"              
[16] "0.99"               "0.99"               "0.99"              
[19] "0.99"               "0.99"               "0.99"              
[22] "0.99"               "0.99"               "0.982257159580918" 
[25] "0.982257159580918"  "0.99"               "0.99"              
[28] "0.99"               "0.99"               "0.99"              
[31] "0.99"               "0.99"               "0.99"              
[34] "0.99"               "0.99"               "0.414869416625108" 
[37] "0.414869416625108"  "0.149362055315564"  "0.149362055315564" 
[40] "0.0354333974401651" "0.0354333974401651" "beta :"            
[43] "1"                 
[1] " old Likelihood:  -6687827.98514463"
[1] "New Likelihood:  -6687816.22663927"
iter:  0  f-value:  2815.265  pgrad:  0.4666925 
iter:  10  f-value:  2815.251  pgrad:  0.6199707 
iter:  20  f-value:  2815.25  pgrad:  0.6105574 
iter:  30  f-value:  2815.244  pgrad:  0.416785 
iter:  40  f-value:  2815.244  pgrad:  0.4172352 
iter:  50  f-value:  2815.243  pgrad:  0.3841933 
  Unsuccessful convergence.
Time difference of 16.52734 mins
[1] "maxIt: 20"
[1] "It: 13"
 [1] "sigma:"             "0.99"               "0.99"              
 [4] "0.99"               "0.99"               "0.99"              
 [7] "0.99"               "0.99"               "0.99"              
[10] "0.99"               "0.99"               "0.99"              
[13] "0.99"               "0.99"               "0.99"              
[16] "0.99"               "0.99"               "0.99"              
[19] "0.99"               "0.99"               "0.99"              
[22] "0.99"               "0.99"               "0.982272162391717" 
[25] "0.982272162391717"  "0.99"               "0.99"              
[28] "0.99"               "0.99"               "0.99"              
[31] "0.99"               "0.99"               "0.99"              
[34] "0.99"               "0.99"               "0.415312945955027" 
[37] "0.415312945955027"  "0.165337479388549"  "0.165337479388549" 
[40] "0.0379817519501028" "0.0379817519501028" "beta :"            
[43] "1"                 
 [1] "sigma:"             "0.99"               "0.99"              
 [4] "0.99"               "0.99"               "0.99"              
 [7] "0.99"               "0.99"               "0.99"              
[10] "0.99"               "0.99"               "0.99"              
[13] "0.99"               "0.99"               "0.99"              
[16] "0.99"               "0.99"               "0.99"              
[19] "0.99"               "0.99"               "0.99"              
[22] "0.99"               "0.99"               "0.982272162391717" 
[25] "0.982272162391717"  "0.99"               "0.99"              
[28] "0.99"               "0.99"               "0.99"              
[31] "0.99"               "0.99"               "0.99"              
[34] "0.99"               "0.99"               "0.415312945955027" 
[37] "0.415312945955027"  "0.214837479388549"  "0.214837479388549" 
[40] "0.0379817519501028" "0.0379817519501028" "beta :"            
[43] "1"                 
[1] " old Likelihood:  -6687816.22663927"
[1] "New Likelihood:  -6687804.74019546"
iter:  0  f-value:  2783.309  pgrad:  0.4737887 
iter:  10  f-value:  2783.295  pgrad:  0.6720711 
iter:  20  f-value:  2783.294  pgrad:  0.6435948 
iter:  30  f-value:  2783.289  pgrad:  0.471332 
iter:  40  f-value:  2783.287  pgrad:  0.3833475 
iter:  50  f-value:  2783.286  pgrad:  0.5450283 
  Unsuccessful convergence.
Time difference of 16.53123 mins
[1] "maxIt: 20"
[1] "It: 14"
 [1] "sigma:"             "0.99"               "0.99"              
 [4] "0.99"               "0.99"               "0.99"              
 [7] "0.99"               "0.99"               "0.99"              
[10] "0.99"               "0.99"               "0.99"              
[13] "0.99"               "0.99"               "0.99"              
[16] "0.99"               "0.99"               "0.99"              
[19] "0.99"               "0.99"               "0.99"              
[22] "0.99"               "0.99"               "0.982316363091316" 
[25] "0.982316363091316"  "0.99"               "0.99"              
[28] "0.99"               "0.99"               "0.99"              
[31] "0.99"               "0.99"               "0.99"              
[34] "0.99"               "0.99"               "0.415259546277656" 
[37] "0.415259546277656"  "0.235254278997374"  "0.235254278997374" 
[40] "0.0409498756884329" "0.0409498756884329" "beta :"            
[43] "1"                 
 [1] "sigma:"             "0.99"               "0.99"              
 [4] "0.99"               "0.99"               "0.99"              
 [7] "0.99"               "0.99"               "0.99"              
[10] "0.99"               "0.99"               "0.99"              
[13] "0.99"               "0.99"               "0.99"              
[16] "0.99"               "0.99"               "0.99"              
[19] "0.99"               "0.99"               "0.99"              
[22] "0.99"               "0.99"               "0.982316363091316" 
[25] "0.982316363091316"  "0.99"               "0.99"              
[28] "0.99"               "0.99"               "0.99"              
[31] "0.99"               "0.99"               "0.99"              
[34] "0.99"               "0.99"               "0.415259546277656" 
[37] "0.415259546277656"  "0.284754278997374"  "0.284754278997374" 
[40] "0.0409498756884328" "0.0409498756884328" "beta :"            
[43] "1"                 
[1] " old Likelihood:  -6687804.74019546"
[1] "New Likelihood:  -6687793.15614653"
iter:  0  f-value:  2748.329  pgrad:  0.4735531 
iter:  10  f-value:  2748.315  pgrad:  0.7113273 
iter:  20  f-value:  2748.311  pgrad:  0.582545 
iter:  30  f-value:  2748.308  pgrad:  0.4259118 
iter:  40  f-value:  2748.307  pgrad:  0.3965715 
iter:  50  f-value:  2748.306  pgrad:  0.3095693 
  Unsuccessful convergence.
Time difference of 16.53434 mins
[1] "maxIt: 20"
[1] "It: 15"
 [1] "sigma:"             "0.99"               "0.99"              
 [4] "0.99"               "0.99"               "0.99"              
 [7] "0.99"               "0.99"               "0.99"              
[10] "0.99"               "0.99"               "0.99"              
[13] "0.99"               "0.99"               "0.99"              
[16] "0.99"               "0.99"               "0.99"              
[19] "0.99"               "0.99"               "0.99"              
[22] "0.99"               "0.99"               "0.982339600923903" 
[25] "0.982339600923903"  "0.99"               "0.99"              
[28] "0.99"               "0.99"               "0.99"              
[31] "0.99"               "0.99"               "0.99"              
[34] "0.99"               "0.99"               "0.415582509220115" 
[37] "0.415582509220115"  "0.301731410381434"  "0.301731410381434" 
[40] "0.0429870940267669" "0.0429870940267669" "beta :"            
[43] "1"                 
 [1] "sigma:"             "0.99"               "0.99"              
 [4] "0.99"               "0.99"               "0.99"              
 [7] "0.99"               "0.99"               "0.99"              
[10] "0.99"               "0.99"               "0.99"              
[13] "0.99"               "0.99"               "0.99"              
[16] "0.99"               "0.99"               "0.99"              
[19] "0.99"               "0.99"               "0.99"              
[22] "0.99"               "0.99"               "0.982339600923903" 
[25] "0.982339600923903"  "0.99"               "0.99"              
[28] "0.99"               "0.99"               "0.99"              
[31] "0.99"               "0.99"               "0.99"              
[34] "0.99"               "0.99"               "0.415582509220115" 
[37] "0.415582509220115"  "0.400731410381434"  "0.400731410381434" 
[40] "0.0429870940267669" "0.0429870940267669" "beta :"            
[43] "1"                 
[1] " old Likelihood:  -6687793.15614653"
[1] "New Likelihood:  -6687781.36571479"
iter:  0  f-value:  2680.635  pgrad:  0.4732301 
iter:  10  f-value:  2680.614  pgrad:  0.5941544 
iter:  20  f-value:  2680.608  pgrad:  0.5883476 
iter:  30  f-value:  2680.602  pgrad:  0.4103185 
iter:  40  f-value:  2680.601  pgrad:  0.3836658 
iter:  50  f-value:  2680.6  pgrad:  0.4679941 
  Unsuccessful convergence.
Time difference of 16.98501 mins
[1] "maxIt: 20"
[1] "It: 16"
 [1] "sigma:"            "0.99"              "0.99"             
 [4] "0.99"              "0.99"              "0.99"             
 [7] "0.99"              "0.99"              "0.99"             
[10] "0.99"              "0.99"              "0.99"             
[13] "0.99"              "0.99"              "0.99"             
[16] "0.99"              "0.99"              "0.99"             
[19] "0.99"              "0.99"              "0.99"             
[22] "0.99"              "0.99"              "0.982343502221406"
[25] "0.982343502221406" "0.99"              "0.99"             
[28] "0.99"              "0.99"              "0.99"             
[31] "0.99"              "0.99"              "0.99"             
[34] "0.99"              "0.99"              "0.416810257790316"
[37] "0.416810257790316" "0.420328161534255" "0.420328161534255"
[40] "0.044899857119606" "0.044899857119606" "beta :"           
[43] "1"                
 [1] "sigma:"            "0.99"              "0.99"             
 [4] "0.99"              "0.99"              "0.99"             
 [7] "0.99"              "0.99"              "0.99"             
[10] "0.99"              "0.99"              "0.99"             
[13] "0.99"              "0.99"              "0.99"             
[16] "0.99"              "0.99"              "0.99"             
[19] "0.99"              "0.99"              "0.99"             
[22] "0.99"              "0.99"              "0.982343502221406"
[25] "0.982343502221406" "0.99"              "0.99"             
[28] "0.99"              "0.99"              "0.99"             
[31] "0.99"              "0.99"              "0.99"             
[34] "0.99"              "0.99"              "0.416810257790316"
[37] "0.416810257790316" "0.469828161534255" "0.469828161534255"
[40] "0.044899857119606" "0.044899857119606" "beta :"           
[43] "1"                
[1] " old Likelihood:  -6687781.36571479"
[1] "New Likelihood:  -6687765.7159969"
iter:  0  f-value:  2641.288  pgrad:  0.4722719 
iter:  10  f-value:  2641.27  pgrad:  0.5228736 
iter:  20  f-value:  2641.266  pgrad:  0.5182083 
iter:  30  f-value:  2641.26  pgrad:  0.5430331 
iter:  40  f-value:  2641.26  pgrad:  0.4314643 
iter:  50  f-value:  2641.259  pgrad:  0.1234184 
  Unsuccessful convergence.
Time difference of 16.5113 mins
[1] "maxIt: 20"
[1] "It: 17"
 [1] "sigma:"             "0.99"               "0.99"              
 [4] "0.99"               "0.99"               "0.99"              
 [7] "0.99"               "0.99"               "0.99"              
[10] "0.99"               "0.99"               "0.99"              
[13] "0.99"               "0.99"               "0.99"              
[16] "0.99"               "0.99"               "0.99"              
[19] "0.99"               "0.99"               "0.99"              
[22] "0.99"               "0.99"               "0.9823440197864"   
[25] "0.9823440197864"    "0.99"               "0.99"              
[28] "0.99"               "0.99"               "0.99"              
[31] "0.99"               "0.99"               "0.99"              
[34] "0.99"               "0.99"               "0.416958826656722" 
[37] "0.416958826656722"  "0.490050573566775"  "0.490050573566775" 
[40] "0.0465840404092191" "0.0465840404092191" "beta :"            
[43] "1"                 
 [1] "sigma:"             "0.99"               "0.99"              
 [4] "0.99"               "0.99"               "0.99"              
 [7] "0.99"               "0.99"               "0.99"              
[10] "0.99"               "0.99"               "0.99"              
[13] "0.99"               "0.99"               "0.99"              
[16] "0.99"               "0.99"               "0.99"              
[19] "0.99"               "0.99"               "0.99"              
[22] "0.99"               "0.99"               "0.9823440197864"   
[25] "0.9823440197864"    "0.99"               "0.99"              
[28] "0.99"               "0.99"               "0.99"              
[31] "0.99"               "0.99"               "0.99"              
[34] "0.99"               "0.99"               "0.416958826656722" 
[37] "0.416958826656722"  "0.589050573566775"  "0.589050573566775" 
[40] "0.0465840404092191" "0.0465840404092191" "beta :"            
[43] "1"                 
[1] " old Likelihood:  -6687765.7159969"
[1] "New Likelihood:  -6687751.04520358"
iter:  0  f-value:  2558.052  pgrad:  0.471558 
iter:  10  f-value:  2558.022  pgrad:  0.4707072 
iter:  20  f-value:  2558.017  pgrad:  0.3972124 
iter:  30  f-value:  2558.012  pgrad:  0.3905494 
iter:  40  f-value:  2558.011  pgrad:  0.2538263 
iter:  50  f-value:  2558.011  pgrad:  0.1452372 
  Unsuccessful convergence.
Time difference of 16.99295 mins
[1] "maxIt: 20"
[1] "It: 18"
 [1] "sigma:"            "0.99"              "0.99"             
 [4] "0.99"              "0.99"              "0.99"             
 [7] "0.99"              "0.99"              "0.99"             
[10] "0.99"              "0.99"              "0.99"             
[13] "0.99"              "0.99"              "0.99"             
[16] "0.99"              "0.99"              "0.99"             
[19] "0.99"              "0.99"              "0.99"             
[22] "0.99"              "0.99"              "0.982346890428179"
[25] "0.982346890428179" "0.99"              "0.99"             
[28] "0.99"              "0.99"              "0.99"             
[31] "0.99"              "0.99"              "0.99"             
[34] "0.99"              "0.99"              "0.417521799278537"
[37] "0.417521799278537" "0.607651684151425" "0.607651684151425"
[40] "0.047727305733226" "0.047727305733226" "beta :"           
[43] "1"                
 [1] "sigma:"            "0.99"              "0.99"             
 [4] "0.99"              "0.99"              "0.99"             
 [7] "0.99"              "0.99"              "0.99"             
[10] "0.99"              "0.99"              "0.99"             
[13] "0.99"              "0.99"              "0.99"             
[16] "0.99"              "0.99"              "0.99"             
[19] "0.99"              "0.99"              "0.99"             
[22] "0.99"              "0.99"              "0.982346890428179"
[25] "0.982346890428179" "0.99"              "0.99"             
[28] "0.99"              "0.99"              "0.99"             
[31] "0.99"              "0.99"              "0.99"             
[34] "0.99"              "0.99"              "0.417521799278537"
[37] "0.417521799278537" "0.657151684151425" "0.657151684151425"
[40] "0.047727305733226" "0.047727305733226" "beta :"           
[43] "1"                
[1] " old Likelihood:  -6687751.04520358"
[1] "New Likelihood:  -6687733.26409875"
iter:  0  f-value:  2510.21  pgrad:  0.4703445 
iter:  10  f-value:  2510.188  pgrad:  0.3333649 
iter:  20  f-value:  2510.181  pgrad:  0.5305912 
iter:  30  f-value:  2510.18  pgrad:  0.1535136 
iter:  40  f-value:  2510.179  pgrad:  0.06997652 
iter:  50  f-value:  2510.179  pgrad:  0.09955329 
  Unsuccessful convergence.
Time difference of 16.52842 mins
[1] "maxIt: 20"
[1] "It: 19"
 [1] "sigma:"             "0.99"               "0.99"              
 [4] "0.99"               "0.99"               "0.99"              
 [7] "0.99"               "0.99"               "0.99"              
[10] "0.99"               "0.99"               "0.99"              
[13] "0.99"               "0.99"               "0.99"              
[16] "0.99"               "0.99"               "0.99"              
[19] "0.99"               "0.99"               "0.99"              
[22] "0.99"               "0.99"               "0.982344131883115" 
[25] "0.982344131883115"  "0.99"               "0.99"              
[28] "0.99"               "0.99"               "0.99"              
[31] "0.99"               "0.99"               "0.99"              
[34] "0.99"               "0.99"               "0.416528865827751" 
[37] "0.416528865827751"  "0.673204681295694"  "0.673204681295694" 
[40] "0.0488646879097861" "0.0488646879097861" "beta :"            
[43] "1"                 
 [1] "sigma:"             "0.99"               "0.99"              
 [4] "0.99"               "0.99"               "0.99"              
 [7] "0.99"               "0.99"               "0.99"              
[10] "0.99"               "0.99"               "0.99"              
[13] "0.99"               "0.99"               "0.99"              
[16] "0.99"               "0.99"               "0.99"              
[19] "0.99"               "0.99"               "0.99"              
[22] "0.99"               "0.99"               "0.982344131883115" 
[25] "0.982344131883115"  "0.99"               "0.99"              
[28] "0.99"               "0.99"               "0.99"              
[31] "0.99"               "0.99"               "0.99"              
[34] "0.99"               "0.99"               "0.416528865827751" 
[37] "0.416528865827751"  "0.722704681295694"  "0.722704681295694" 
[40] "0.0488646879097861" "0.0488646879097861" "beta :"            
[43] "1"                 
[1] " old Likelihood:  -6687733.26409875"
[1] "New Likelihood:  -6687718.87752968"
iter:  0  f-value:  2458.833  pgrad:  0.4694628 
iter:  10  f-value:  2458.815  pgrad:  0.2674206 
iter:  20  f-value:  2458.809  pgrad:  0.2608114 
iter:  30  f-value:  2458.808  pgrad:  0.2504885 
iter:  40  f-value:  2458.808  pgrad:  0.1728131 
iter:  50  f-value:  2458.808  pgrad:  0.06799837 
  Unsuccessful convergence.
Time difference of 16.55769 mins
[1] "maxIt: 20"
[1] "It: 20"
 [1] "sigma:"             "0.99"               "0.99"              
 [4] "0.99"               "0.99"               "0.99"              
 [7] "0.99"               "0.99"               "0.99"              
[10] "0.99"               "0.99"               "0.99"              
[13] "0.99"               "0.99"               "0.99"              
[16] "0.99"               "0.99"               "0.99"              
[19] "0.99"               "0.99"               "0.99"              
[22] "0.99"               "0.99"               "0.982349655306244" 
[25] "0.982349655306244"  "0.99"               "0.99"              
[28] "0.99"               "0.99"               "0.99"              
[31] "0.99"               "0.99"               "0.99"              
[34] "0.99"               "0.99"               "0.415402000072458" 
[37] "0.415402000072458"  "0.735193736344625"  "0.735193736344625" 
[40] "0.0492244406771816" "0.0492244406771816" "beta :"            
[43] "1"                 
 [1] "sigma:"             "0.99"               "0.99"              
 [4] "0.99"               "0.99"               "0.99"              
 [7] "0.99"               "0.99"               "0.99"              
[10] "0.99"               "0.99"               "0.99"              
[13] "0.99"               "0.99"               "0.99"              
[16] "0.99"               "0.99"               "0.99"              
[19] "0.99"               "0.99"               "0.99"              
[22] "0.99"               "0.99"               "0.982349655306244" 
[25] "0.982349655306244"  "0.99"               "0.99"              
[28] "0.99"               "0.99"               "0.99"              
[31] "0.99"               "0.99"               "0.99"              
[34] "0.99"               "0.99"               "0.415402000072458" 
[37] "0.415402000072458"  "0.784693736344625"  "0.784693736344625" 
[40] "0.0492244406771816" "0.0492244406771816" "beta :"            
[43] "1"                 
[1] " old Likelihood:  -6687718.87752968"
[1] "New Likelihood:  -6687707.03401854"
iter:  0  f-value:  2404.361  pgrad:  0.4686738 
iter:  10  f-value:  2404.343  pgrad:  0.2047771 
iter:  20  f-value:  2404.338  pgrad:  0.1988756 
iter:  30  f-value:  2404.338  pgrad:  0.123855 
iter:  40  f-value:  2404.338  pgrad:  0.06669325 
iter:  50  f-value:  2404.338  pgrad:  0.06589744 
  Unsuccessful convergence.
Time difference of 16.52109 mins
 [1] "sigma:"             "0.99"               "0.99"              
 [4] "0.99"               "0.99"               "0.99"              
 [7] "0.99"               "0.99"               "0.99"              
[10] "0.99"               "0.99"               "0.99"              
[13] "0.99"               "0.99"               "0.99"              
[16] "0.99"               "0.99"               "0.99"              
[19] "0.99"               "0.99"               "0.99"              
[22] "0.99"               "0.99"               "0.982351904612516" 
[25] "0.982351904612516"  "0.99"               "0.99"              
[28] "0.99"               "0.99"               "0.99"              
[31] "0.99"               "0.99"               "0.99"              
[34] "0.99"               "0.99"               "0.413748329105148" 
[37] "0.413748329105148"  "0.794754583203053"  "0.794754583203053" 
[40] "0.0493317639030999" "0.0493317639030999" "beta :"            
[43] "1"                 
[1] 1999942 1999356 1999472 1999968 1998670
[1] 1 1 1 1 1
saved RDS
inference successful
