[1] "Original length"
[1] 999650
[1] "Final length"
[1] 15561
[1] "sequence length : 999651" "sequence length : 999650"
[3] "sequence length : 999806" "sequence length : 999997"
[5] "sequence length : 999991"
[1] "former Rho:"
[1]  798.0016 1011.7725  556.0424 1215.8957  895.8565
[1] "old mu :"
[1] 0.0003991401 0.0005060634 0.0002780752 0.0006079497 0.0004479323
[1] "new mu :"
[1] 0.0004478321
[1] "new Rho:"
[1] 895.3516 895.3507 895.4905 895.6615 895.6562
[1] 1 1 1 1 1
[1] "Beta: 1"
[1] "Self: 0"
[1] 1
[1] "Rho"
[1] 895.3516 895.3507 895.4905 895.6615 895.6562
[1] "It: 1"
[1] "sigma:" "0"      "beta :" "1"     
[1] "rho/theta:" "1"         
[1] "sigma:" "0.9405" "beta :" "1"     
[1] "rho/theta:" "1"         
Time difference of 1.584333 secs
[1] "New Likelihood:  -6450752.9600208"
[1] 4999090
[1] 4999095
iter:  0  f-value:  2433.039  pgrad:  0.5 
iter:  10  f-value:  2403.004  pgrad:  0.971454 
iter:  20  f-value:  2402.878  pgrad:  0.9712919 
iter:  30  f-value:  2402.867  pgrad:  0.5353155 
  Unsuccessful convergence.
[1] 0.9711631
 [1] "Xi: 0.502899789071453" "Xi: 0.50357215314703"  "Xi: 0.507624013819531"
 [4] "Xi: 0.516405194519576" "Xi: 0.535380893353014" "Xi: 0.543770893093354"
 [7] "Xi: 0.544363720827563" "Xi: 0.544541464076608" "Xi: 0.541975970035652"
[10] "Xi: 0.535166567582028" "Xi: 0.537973832905553" "Xi: 0.537512288782945"
[13] "Xi: 0.528697235392369" "Xi: 0.518899916751768" "Xi: 0.523569076485601"
[16] "Xi: 0.537076985657712" "Xi: 0.524902069334485" "Xi: 0.552612110700263"
[19] "Xi: 0.544799758921295" "Xi: 0.523349249359752"
Time difference of 30.11184 mins
[1] "Rho"
[1] 895.3516 895.3507 895.4905 895.6615 895.6562
[1] "It: 2"
[1] "sigma:"            "0.961451511932671" "beta :"           
[4] "1"                
[1] "rho/theta:" "1"         
Time difference of 1.603838 secs
[1] " old Likelihood:  -6450752.9600208"
[1] "New Likelihood:  -6441849.97568962"
[1] 4999090
[1] 4999095
iter:  0  f-value:  1935.949  pgrad:  0.5351666 
iter:  10  f-value:  1928.237  pgrad:  0.540481 
iter:  20  f-value:  1928.215  pgrad:  0.9806781 
iter:  30  f-value:  1928.201  pgrad:  0.4715891 
  Unsuccessful convergence.
[1] 0.9806603
 [1] "Xi: 0.503645523845728" "Xi: 0.504457017415018" "Xi: 0.509480307001647"
 [4] "Xi: 0.519871620778542" "Xi: 0.540911865340094" "Xi: 0.553064528414324"
 [7] "Xi: 0.556472383014883" "Xi: 0.556010453540512" "Xi: 0.537474056089821"
[10] "Xi: 0.528731726060003" "Xi: 0.547083389410672" "Xi: 0.553276655008356"
[13] "Xi: 0.539514139815032" "Xi: 0.522693388081254" "Xi: 0.531781035840634"
[16] "Xi: 0.557335409189555" "Xi: 0.532215020341793" "Xi: 0.581330952105111"
[19] "Xi: 0.565963118150641" "Xi: 0.535264890872102"
Time difference of 3.49317 mins
[1] "Rho"
[1] 895.3516 895.3507 895.4905 895.6615 895.6562
[1] "It: 3"
[1] "sigma:"            "0.970853680837527" "beta :"           
[4] "1"                
[1] "rho/theta:" "1"         
Time difference of 1.598482 secs
[1] " old Likelihood:  -6441849.97568962"
[1] "New Likelihood:  -6439408.71624762"
[1] 4999090
[1] 4999095
iter:  0  f-value:  1612.131  pgrad:  0.5470834 
iter:  10  f-value:  1609.209  pgrad:  0.9860238 
iter:  20  f-value:  1608.967  pgrad:  0.5618449 
iter:  30  f-value:  1608.954  pgrad:  0.48232 
  Unsuccessful convergence.
[1] 0.9862543
 [1] "Xi: 0.504249825920053" "Xi: 0.505178413538153" "Xi: 0.510954257894715"
 [4] "Xi: 0.522553112283553" "Xi: 0.544927318443205" "Xi: 0.559326081425256"
 [7] "Xi: 0.563352292963997" "Xi: 0.561297958175817" "Xi: 0.534169610023879"
[10] "Xi: 0.518202253612765" "Xi: 0.540598874606999" "Xi: 0.560517762793582"
[13] "Xi: 0.543784618271698" "Xi: 0.522718738137533" "Xi: 0.533692644985203"
[16] "Xi: 0.570389235170034" "Xi: 0.532556579442008" "Xi: 0.599719142456095"
[19] "Xi: 0.575568893555168" "Xi: 0.541183809739936"
Time difference of 3.494514 mins
[1] "Rho"
[1] 895.3516 895.3507 895.4905 895.6615 895.6562
[1] "It: 4"
[1] "sigma:"            "0.976391765441407" "beta :"           
[4] "1"                
[1] "rho/theta:" "1"         
Time difference of 1.595563 secs
[1] " old Likelihood:  -6439408.71624762"
[1] "New Likelihood:  -6438378.88472733"
[1] 4999090
[1] 4999095
iter:  0  f-value:  1399.451  pgrad:  0.5437846 
iter:  10  f-value:  1398  pgrad:  0.5455545 
iter:  20  f-value:  1397.955  pgrad:  0.9898547 
iter:  30  f-value:  1397.951  pgrad:  0.4864028 
  Unsuccessful convergence.
[1] 0.9895888
 [1] "Xi: 0.504577422277295" "Xi: 0.50555881071604"  "Xi: 0.51173222767152" 
 [4] "Xi: 0.52392126046439"  "Xi: 0.54695642550495"  "Xi: 0.562347429330672"
 [7] "Xi: 0.566452200869148" "Xi: 0.563827718140677" "Xi: 0.537195305141748"
[10] "Xi: 0.51573095026348"  "Xi: 0.538757584161608" "Xi: 0.563233408693221"
[13] "Xi: 0.546523248737613" "Xi: 0.523177517576788" "Xi: 0.53371386586073" 
[16] "Xi: 0.580416194951171" "Xi: 0.531495979567739" "Xi: 0.612993115913477"
[19] "Xi: 0.579081638697718" "Xi: 0.543849197851839"
Time difference of 3.497563 mins
[1] "Rho"
[1] 895.3516 895.3507 895.4905 895.6615 895.6562
[1] "It: 5"
[1] "sigma:"            "0.979692863725206" "beta :"           
[4] "1"                
[1] "rho/theta:" "1"         
Time difference of 1.667261 secs
[1] " old Likelihood:  -6438378.88472733"
[1] "New Likelihood:  -6437909.34072455"
[1] 4999090
[1] 4999095
iter:  0  f-value:  1270.074  pgrad:  0.5790816 
iter:  10  f-value:  1269.395  pgrad:  0.4799428 
iter:  20  f-value:  1269.354  pgrad:  0.9919673 
iter:  30  f-value:  1269.349  pgrad:  0.4655793 
  Unsuccessful convergence.
[1] 0.9918732
 [1] "Xi: 0.504877363647577" "Xi: 0.505902456712415" "Xi: 0.512438991877373"
 [4] "Xi: 0.525167679381171" "Xi: 0.548770029759232" "Xi: 0.565022946978916"
 [7] "Xi: 0.569094431104938" "Xi: 0.56570829201729"  "Xi: 0.540137459388602"
[10] "Xi: 0.51600585051977"  "Xi: 0.536790301665817" "Xi: 0.564591763135952"
[13] "Xi: 0.548277005663921" "Xi: 0.524358310746071" "Xi: 0.533136214415506"
[16] "Xi: 0.588458846041726" "Xi: 0.530487470808306" "Xi: 0.622987605429146"
[19] "Xi: 0.579553611720848" "Xi: 0.544796791700456"
Time difference of 3.500816 mins
[1] "Rho"
[1] 895.3516 895.3507 895.4905 895.6615 895.6562
[1] "It: 6"
[1] "sigma:"            "0.981954442381016" "beta :"           
[4] "1"                
[1] "rho/theta:" "1"         
Time difference of 1.590544 secs
[1] " old Likelihood:  -6437909.34072455"
[1] "New Likelihood:  -6437669.481074"
[1] 4999090
[1] 4999095
iter:  0  f-value:  1180.849  pgrad:  0.5795536 
iter:  10  f-value:  1180.536  pgrad:  0.476222 
iter:  20  f-value:  1180.525  pgrad:  0.4519666 
iter:  30  f-value:  1180.523  pgrad:  0.2437696 
  Unsuccessful convergence.
[1] 0.9932541
 [1] "Xi: 0.505047508052153" "Xi: 0.506111163090931" "Xi: 0.512833219822109"
 [4] "Xi: 0.525847493989727" "Xi: 0.549751775196425" "Xi: 0.56642687540057" 
 [7] "Xi: 0.570462597971522" "Xi: 0.56654859688547"  "Xi: 0.541649918971917"
[10] "Xi: 0.517334919371179" "Xi: 0.534951741280758" "Xi: 0.564541387290913"
[13] "Xi: 0.548843699234395" "Xi: 0.525989821096507" "Xi: 0.532427234842049"
[16] "Xi: 0.594984092472313" "Xi: 0.529878724199129" "Xi: 0.630799008313867"
[19] "Xi: 0.578710643535331" "Xi: 0.544875070390372"
Time difference of 3.500235 mins
[1] "Rho"
[1] 895.3516 895.3507 895.4905 895.6615 895.6562
[1] "It: 7"
[1] "sigma:"            "0.983321510917418" "beta :"           
[4] "1"                
[1] "rho/theta:" "1"         
Time difference of 1.601069 secs
[1] " old Likelihood:  -6437669.481074"
[1] "New Likelihood:  -6437559.91621692"
[1] 4999090
[1] 4999095
iter:  0  f-value:  1126.438  pgrad:  0.5787106 
iter:  10  f-value:  1126.299  pgrad:  0.5282084 
iter:  20  f-value:  1126.292  pgrad:  0.3746004 
iter:  30  f-value:  1126.292  pgrad:  0.2142906 
  Unsuccessful convergence.
[1] 0.994094
 [1] "Xi: 0.505208924510524" "Xi: 0.506296188336703" "Xi: 0.513208622875129"
 [4] "Xi: 0.526487690540585" "Xi: 0.550676359421284" "Xi: 0.567737676320357"
 [7] "Xi: 0.571711107096362" "Xi: 0.567218248554334" "Xi: 0.542791766606924"
[10] "Xi: 0.518878725167453" "Xi: 0.533353676831917" "Xi: 0.56470844166239" 
[13] "Xi: 0.549168990953153" "Xi: 0.52771052653173"  "Xi: 0.531701807248975"
[16] "Xi: 0.600133995604116" "Xi: 0.529440814090944" "Xi: 0.63688643236544" 
[19] "Xi: 0.577507632534542" "Xi: 0.544646281769708"
Time difference of 3.500351 mins
[1] "Rho"
[1] 895.3516 895.3507 895.4905 895.6615 895.6562
[1] "It: 8"
[1] "sigma:"            "0.984153069979305" "beta :"           
[4] "1"                
[1] "rho/theta:" "1"         
Time difference of 1.656712 secs
[1] " old Likelihood:  -6437559.91621692"
[1] "New Likelihood:  -6437508.07389578"
[1] 4999090
[1] 4999095
iter:  0  f-value:  1092.938  pgrad:  0.5775076 
iter:  10  f-value:  1092.875  pgrad:  0.4695307 
iter:  20  f-value:  1092.872  pgrad:  0.2202478 
iter:  30  f-value:  1092.877  pgrad:  0.6048804 
  Unsuccessful convergence.
[1] 0.9946049
 [1] "Xi: 0.505293946642294" "Xi: 0.506401362276099" "Xi: 0.51340559954083" 
 [4] "Xi: 0.526830308432007" "Xi: 0.551170308570139" "Xi: 0.568444243840613"
 [7] "Xi: 0.572376600544113" "Xi: 0.567543714620095" "Xi: 0.54329435545337" 
[10] "Xi: 0.519898965703072" "Xi: 0.532766410290333" "Xi: 0.565044492497167"
[13] "Xi: 0.549023435443596" "Xi: 0.529228884889533" "Xi: 0.530957803807267"
[16] "Xi: 0.604130323859938" "Xi: 0.529059077734704" "Xi: 0.641626831670924"
[19] "Xi: 0.576349533617348" "Xi: 0.544361597343524"
Time difference of 3.510539 mins
[1] "Rho"
[1] 895.3516 895.3507 895.4905 895.6615 895.6562
[1] "It: 9"
[1] "sigma:"            "0.984658885846719" "beta :"           
[4] "1"                
[1] "rho/theta:" "1"         
Time difference of 1.586201 secs
[1] " old Likelihood:  -6437508.07389578"
[1] "New Likelihood:  -6437482.36853655"
[1] 4999090
[1] 4999095
iter:  0  f-value:  1072.165  pgrad:  0.5763495 
iter:  10  f-value:  1072.135  pgrad:  0.470112 
iter:  20  f-value:  1072.134  pgrad:  0.1631838 
iter:  30  f-value:  1072.134  pgrad:  0.429668 
  Unsuccessful convergence.
[1] 0.9949147
 [1] "Xi: 0.505371820318001" "Xi: 0.506493447183066" "Xi: 0.513587272274699"
 [4] "Xi: 0.527143166459811" "Xi: 0.551617370862694" "Xi: 0.569075823032268"
 [7] "Xi: 0.572969662346073" "Xi: 0.567805935162314" "Xi: 0.543654395653457"
[10] "Xi: 0.520774805500279" "Xi: 0.532279500421624" "Xi: 0.565395457338413"
[13] "Xi: 0.548598672948857" "Xi: 0.530500856761303" "Xi: 0.530233984754579"
[16] "Xi: 0.60722962690433"  "Xi: 0.528721967569541" "Xi: 0.645316703331397"
[19] "Xi: 0.575368147952928" "Xi: 0.544125951052525"
Time difference of 3.503527 mins
[1] "Rho"
[1] 895.3516 895.3507 895.4905 895.6615 895.6562
[1] "It: 10"
[1] "sigma:"            "0.984965506746573" "beta :"           
[4] "1"                
[1] "rho/theta:" "1"         
Time difference of 1.598713 secs
[1] " old Likelihood:  -6437482.36853655"
[1] "New Likelihood:  -6437469.07292662"
[1] 4999090
[1] 4999095
iter:  0  f-value:  1059.225  pgrad:  0.5753681 
iter:  10  f-value:  1059.21  pgrad:  0.3909925 
iter:  20  f-value:  1059.21  pgrad:  0.1084891 
iter:  30  f-value:  1059.21  pgrad:  0.0711816 
  Unsuccessful convergence.
[1] 0.995104
 [1] "Xi: 0.505544509689044" "Xi: 0.506675325684569" "Xi: 0.51382550419018" 
 [4] "Xi: 0.527463166285676" "Xi: 0.55201405687603"  "Xi: 0.569591515034952"
 [7] "Xi: 0.573457907625451" "Xi: 0.568072697682439" "Xi: 0.543965416283584"
[10] "Xi: 0.521451433118062" "Xi: 0.532199724802547" "Xi: 0.56587563193296" 
[13] "Xi: 0.548428822927196" "Xi: 0.531608961179585" "Xi: 0.529646409841151"
[16] "Xi: 0.609680680858925" "Xi: 0.52839510203576"  "Xi: 0.648215753567732"
[19] "Xi: 0.574588530040826" "Xi: 0.544018412135186"
Time difference of 3.50982 mins
[1] "Rho"
[1] 895.3516 895.3507 895.4905 895.6615 895.6562
[1] "It: 11"
[1] "sigma:"            "0.985152918611597" "beta :"           
[4] "1"                
[1] "rho/theta:" "1"         
Time difference of 1.604862 secs
[1] " old Likelihood:  -6437469.07292662"
[1] "New Likelihood:  -6437461.22937815"
[1] 4999090
[1] 4999095
iter:  0  f-value:  1051.09  pgrad:  0.5745885 
iter:  10  f-value:  1051.082  pgrad:  0.3889069 
iter:  20  f-value:  1051.082  pgrad:  0.1433546 
iter:  30  f-value:  1051.082  pgrad:  0.3887925 
  Unsuccessful convergence.
[1] 0.9952062
 [1] "Xi: 0.506139629281359" "Xi: 0.50727858033641"  "Xi: 0.514475454034941"
 [4] "Xi: 0.52818026438638"  "Xi: 0.552784129558145" "Xi: 0.570455143436979"
 [7] "Xi: 0.574286079312454" "Xi: 0.568688648120738" "Xi: 0.544602824774476"
[10] "Xi: 0.522408264538867" "Xi: 0.5315563750849"   "Xi: 0.566581107774904"
[13] "Xi: 0.548407970296819" "Xi: 0.532234277530634" "Xi: 0.529138105448303"
[16] "Xi: 0.611341996653672" "Xi: 0.52812169074569"  "Xi: 0.650600983683801"
[19] "Xi: 0.573981778772539" "Xi: 0.543727104383561"
Time difference of 3.522185 mins
[1] "Rho"
[1] 895.3516 895.3507 895.4905 895.6615 895.6562
[1] "It: 12"
[1] "sigma:"            "0.985254159026934" "beta :"           
[4] "1"                
[1] "rho/theta:" "1"         
Time difference of 1.603796 secs
[1] " old Likelihood:  -6437461.22937815"
[1] "New Likelihood:  -6437457.25987958"
[1] 4999090
[1] 4999095
iter:  0  f-value:  1046.383  pgrad:  0.5739818 
iter:  10  f-value:  1046.379  pgrad:  0.3875671 
iter:  20  f-value:  1046.378  pgrad:  0.07634299 
iter:  30  f-value:  1046.379  pgrad:  0.5290944 
  Unsuccessful convergence.
[1] 0.9952785
 [1] "Xi: 0.506189016102544" "Xi: 0.507336067048707" "Xi: 0.514586144650061"
 [4] "Xi: 0.528372743152872" "Xi: 0.553054087462761" "Xi: 0.570837086383483"
 [7] "Xi: 0.574636263619103" "Xi: 0.568802417836476" "Xi: 0.54466035389365" 
[10] "Xi: 0.522747465586883" "Xi: 0.531387400636876" "Xi: 0.566757644906344"
[13] "Xi: 0.54794950746557"  "Xi: 0.532905587356543" "Xi: 0.528670898786277"
[16] "Xi: 0.612872595824707" "Xi: 0.527852925870868" "Xi: 0.65228221084929" 
[19] "Xi: 0.573524751182233" "Xi: 0.543768937191928"
Time difference of 3.51522 mins
[1] "Rho"
[1] 895.3516 895.3507 895.4905 895.6615 895.6562
[1] "It: 13"
[1] "sigma:"            "0.985325697734487" "beta :"           
[4] "1"                
[1] "rho/theta:" "1"         
Time difference of 1.614919 secs
[1] " old Likelihood:  -6437457.25987958"
[1] "New Likelihood:  -6437454.5764401"
[1] 4999090
[1] 4999095
iter:  0  f-value:  1042.975  pgrad:  0.5735248 
iter:  10  f-value:  1042.973  pgrad:  0.3467674 
iter:  20  f-value:  1042.973  pgrad:  0.06148184 
iter:  30  f-value:  1042.973  pgrad:  0.5734242 
  Unsuccessful convergence.
[1] 0.995322
 [1] "Xi: 0.506227869476591" "Xi: 0.507382008912287" "Xi: 0.514674331455249"
 [4] "Xi: 0.52852226320352"  "Xi: 0.553264533149795" "Xi: 0.571132365076665"
 [7] "Xi: 0.574906104324177" "Xi: 0.568889763219207" "Xi: 0.544696800430303"
[10] "Xi: 0.522996538098583" "Xi: 0.531287706052404" "Xi: 0.566960092756503"
[13] "Xi: 0.547683600067165" "Xi: 0.533455224045224" "Xi: 0.528288190816095"
[16] "Xi: 0.614102723192116" "Xi: 0.527636516364119" "Xi: 0.653629182330207"
[19] "Xi: 0.573170372453084" "Xi: 0.543841858907583"
Time difference of 3.51659 mins
[1] "Rho"
[1] 895.3516 895.3507 895.4905 895.6615 895.6562
[1] "It: 14"
[1] "sigma:"            "0.985368760844934" "beta :"           
[4] "1"                
[1] "rho/theta:" "1"         
Time difference of 1.594394 secs
[1] " old Likelihood:  -6437454.5764401"
[1] "New Likelihood:  -6437452.69349404"
[1] 4999090
[1] 4999095
iter:  0  f-value:  1040.791  pgrad:  0.5731704 
iter:  10  f-value:  1040.79  pgrad:  0.3457152 
iter:  20  f-value:  1040.79  pgrad:  0.4727862 
iter:  30  f-value:  1040.79  pgrad:  0.09561063 
  Unsuccessful convergence.
[1] 0.9953491
 [1] "Xi: 0.506748682224341" "Xi: 0.507908956371524" "Xi: 0.515235269581373"
 [4] "Xi: 0.529130783008616" "Xi: 0.55390666021326"  "Xi: 0.571840843857599"
 [7] "Xi: 0.575583411468265" "Xi: 0.569388024991325" "Xi: 0.545149253965355"
[10] "Xi: 0.523637282910436" "Xi: 0.530788445024698" "Xi: 0.567481270782193"
[13] "Xi: 0.547657527872418" "Xi: 0.533959051336793" "Xi: 0.52796790442864" 
[16] "Xi: 0.615139512785342" "Xi: 0.527458570010565" "Xi: 0.654763727193182"
[19] "Xi: 0.572896022318788" "Xi: 0.543840839811764"
Time difference of 3.508581 mins
[1] "Rho"
[1] 895.3516 895.3507 895.4905 895.6615 895.6562
[1] "It: 15"
[1] "sigma:"            "0.985395588901841" "beta :"           
[4] "1"                
[1] "rho/theta:" "1"         
Time difference of 1.593676 secs
[1] " old Likelihood:  -6437452.69349404"
[1] "New Likelihood:  -6437451.31441655"
[1] 4999090
[1] 4999095
iter:  0  f-value:  1039.327  pgrad:  0.572896 
iter:  10  f-value:  1039.326  pgrad:  0.2136881 
iter:  20  f-value:  1039.326  pgrad:  0.4729404 
iter:  30  f-value:  1039.326  pgrad:  0.06580876 
  Unsuccessful convergence.
[1] 0.9953634
 [1] "Xi: 0.507023912124244" "Xi: 0.508189403944522" "Xi: 0.515549861280835"
 [4] "Xi: 0.529494321838318" "Xi: 0.554312213727748" "Xi: 0.572312873352715"
 [7] "Xi: 0.57602603377748"  "Xi: 0.569653659223227" "Xi: 0.544868286193094"
[10] "Xi: 0.523991640542026" "Xi: 0.530519784527478" "Xi: 0.567762118840838"
[13] "Xi: 0.547432140313938" "Xi: 0.534177595312847" "Xi: 0.527668368294383"
[16] "Xi: 0.61593524881041"  "Xi: 0.527299580866964" "Xi: 0.655614402038344"
[19] "Xi: 0.572680170185909" "Xi: 0.54389968178877" 
Time difference of 3.510814 mins
[1] "Rho"
[1] 895.3516 895.3507 895.4905 895.6615 895.6562
[1] "It: 16"
[1] "sigma:"           "0.98540981081262" "beta :"           "1"               
[1] "rho/theta:" "1"         
Time difference of 1.589254 secs
[1] " old Likelihood:  -6437451.31441655"
[1] "New Likelihood:  -6437450.75829929"
[1] 4999090
[1] 4999095
iter:  0  f-value:  1038.402  pgrad:  0.5272996 
iter:  10  f-value:  1038.402  pgrad:  0.2253319 
iter:  20  f-value:  1038.402  pgrad:  0.5273528 
iter:  30  f-value:  1038.402  pgrad:  0.06115442 
  Unsuccessful convergence.
[1] 0.9953722
 [1] "Xi: 0.507291405897697" "Xi: 0.508461429868876" "Xi: 0.515847717610289"
 [4] "Xi: 0.529827359239128" "Xi: 0.554675992655006" "Xi: 0.572725850869682"
 [7] "Xi: 0.576413255254051" "Xi: 0.56990375649303"  "Xi: 0.544591626741353"
[10] "Xi: 0.524303144154166" "Xi: 0.530285206107931" "Xi: 0.568017801887542"
[13] "Xi: 0.547048367976413" "Xi: 0.534496598085977" "Xi: 0.527484512271616"
[16] "Xi: 0.616587597187625" "Xi: 0.527174751588309" "Xi: 0.656281411072234"
[19] "Xi: 0.572508428626666" "Xi: 0.544089675766346"
Time difference of 3.508178 mins
[1] "Rho"
[1] 895.3516 895.3507 895.4905 895.6615 895.6562
[1] "It: 17"
[1] "sigma:"            "0.985418489582466" "beta :"           
[4] "1"                
[1] "rho/theta:" "1"         
Time difference of 1.656834 secs
[1] " old Likelihood:  -6437450.75829929"
[1] "New Likelihood:  -6437450.24052042"
[1] 4999090
[1] 4999095
iter:  0  f-value:  1037.786  pgrad:  0.4467665 
iter:  10  f-value:  1037.785  pgrad:  0.1467174 
iter:  20  f-value:  1037.785  pgrad:  0.06216624 
iter:  30  f-value:  1037.785  pgrad:  0.1367744 
  Unsuccessful convergence.
[1] 0.9953763
 [1] "Xi: 0.507800964083155" "Xi: 0.50897463469234"  "Xi: 0.516384782720492"
 [4] "Xi: 0.530395410531458" "Xi: 0.555263437079709" "Xi: 0.573355906958921"
 [7] "Xi: 0.577012317811362" "Xi: 0.570360862225723" "Xi: 0.544535783126492"
[10] "Xi: 0.524813743167919" "Xi: 0.53022156206717"  "Xi: 0.568025445072202"
[13] "Xi: 0.546939494305158" "Xi: 0.534762601529994" "Xi: 0.52723544767158" 
[16] "Xi: 0.616929650319146" "Xi: 0.527066159003105" "Xi: 0.656636177421224"
[19] "Xi: 0.572366555881479" "Xi: 0.54427807728449" 
Time difference of 3.516172 mins
[1] "Rho"
[1] 895.3516 895.3507 895.4905 895.6615 895.6562
[1] "It: 18"
[1] "sigma:"            "0.985422564708476" "beta :"           
[4] "1"                
[1] "rho/theta:" "1"         
Time difference of 1.60706 secs
[1] " old Likelihood:  -6437450.24052042"
[1] "New Likelihood:  -6437450.21373448"
[1] 4999090
[1] 4999095
iter:  0  f-value:  1037.457  pgrad:  0.3830703 
iter:  10  f-value:  1037.457  pgrad:  0.1423018 
iter:  20  f-value:  1037.457  pgrad:  0.1081617 
iter:  30  f-value:  1037.457  pgrad:  0.07270955 
  Unsuccessful convergence.
[1] 0.9953782
 [1] "Xi: 0.50794144340965"  "Xi: 0.50911824475652"  "Xi: 0.516548498023777"
 [4] "Xi: 0.530588374790062" "Xi: 0.555482052111912" "Xi: 0.573613830365493"
 [7] "Xi: 0.577249006267604" "Xi: 0.570488963051439" "Xi: 0.544374318751515"
[10] "Xi: 0.524956052779708" "Xi: 0.530094536404186" "Xi: 0.568216485804085"
[13] "Xi: 0.546683786729538" "Xi: 0.534836087430971" "Xi: 0.527154004641283"
[16] "Xi: 0.617374829482443" "Xi: 0.527002539832857" "Xi: 0.657063710403978"
[19] "Xi: 0.572266819084583" "Xi: 0.544289550884864"
Time difference of 3.518207 mins
[1] "Rho"
[1] 895.3516 895.3507 895.4905 895.6615 895.6562
[1] "It: 19"
[1] "sigma:"            "0.985424412096293" "beta :"           
[4] "1"                
[1] "rho/theta:" "1"         
Time difference of 1.604698 secs
[1] " old Likelihood:  -6437450.21373448"
[1] "New Likelihood:  -6437449.98760196"
[1] 4999090
[1] 4999095
iter:  0  f-value:  1037.184  pgrad:  0.3400942 
iter:  10  f-value:  1037.184  pgrad:  0.4231788 
iter:  20  f-value:  1037.184  pgrad:  0.2369393 
iter:  30  f-value:  1037.184  pgrad:  0.1011722 
  Unsuccessful convergence.
[1] 0.9953798
 [1] "Xi: 0.508220899351878" "Xi: 0.50940142535146"  "Xi: 0.516853968985536"
 [4] "Xi: 0.530925089030179" "Xi: 0.555841104203579" "Xi: 0.574013966723418"
 [7] "Xi: 0.577623630832242" "Xi: 0.570738284340553" "Xi: 0.544064402598721"
[10] "Xi: 0.524985298965062" "Xi: 0.530055751506561" "Xi: 0.568524780231497"
[13] "Xi: 0.546631809480262" "Xi: 0.535036278674881" "Xi: 0.526994864358644"
[16] "Xi: 0.61776837486758"  "Xi: 0.526937857110552" "Xi: 0.657309696715057"
[19] "Xi: 0.57219117560599"  "Xi: 0.544431537602495"
Time difference of 3.530055 mins
[1] "Rho"
[1] 895.3516 895.3507 895.4905 895.6615 895.6562
[1] "It: 20"
[1] "sigma:"           "0.98542599015806" "beta :"           "1"               
[1] "rho/theta:" "1"         
Time difference of 1.614008 secs
[1] " old Likelihood:  -6437449.98760196"
[1] "New Likelihood:  -6437449.5752056"
[1] 4999090
[1] 4999095
iter:  0  f-value:  1037  pgrad:  0.2824981 
iter:  10  f-value:  1037  pgrad:  0.1163085 
iter:  20  f-value:  1037  pgrad:  0.06320761 
iter:  30  f-value:  1037  pgrad:  0.05697984 
  Unsuccessful convergence.
[1] 0.9953803
 [1] "Xi: 0.508361539929344" "Xi: 0.509546210527508" "Xi: 0.51702006926375" 
 [4] "Xi: 0.531121129853535" "Xi: 0.556062123712666" "Xi: 0.574274569506411"
 [7] "Xi: 0.577861914910314" "Xi: 0.5708655508469"   "Xi: 0.543910819225032"
[10] "Xi: 0.525128949366679" "Xi: 0.529930586101899" "Xi: 0.568675371822422"
[13] "Xi: 0.546448117587923" "Xi: 0.535177068981753" "Xi: 0.526944367437191"
[16] "Xi: 0.61805483658842"  "Xi: 0.526879347481773" "Xi: 0.657633235413266"
[19] "Xi: 0.572114581950912" "Xi: 0.544553797570128"
Time difference of 3.520894 mins
[1] 1 1 1 1 1
[1] 1 1 1 1 1
saved RDS
inference successful
