[1] "Original length"
[1] 999331
[1] "Final length"
[1] 15898
[1] "sequence length : 999332" "sequence length : 999522"
[3] "sequence length : 999897" "sequence length : 999690"
[5] "sequence length : 999518"
[1] "former Rho:"
[1] 1188.0422 1019.5571  974.1818  527.0660  785.5408
[1] "old mu :"
[1] 0.0005944182 0.0005100223 0.0004871411 0.0002636147 0.0003929598
[1] "new mu :"
[1] 0.0004496312
[1] "new Rho:"
[1] 898.6617 898.8326 899.1698 898.9837 898.8290
[1] 1 1 1 1 1
[1] "Beta: 1"
[1] "Self: 0"
[1] 1
[1] "Rho"
[1] 898.6617 898.8326 899.1698 898.9837 898.8290
[1] "It: 1"
[1] "sigma:" "0"      "beta :" "1"     
[1] "rho/theta:" "1"         
[1] "sigma:" "0.9405" "beta :" "1"     
[1] "rho/theta:" "1"         
Time difference of 1.660325 secs
[1] "New Likelihood:  -6446606.50342011"
[1] 4997954
[1] 4997959
iter:  0  f-value:  2332.746  pgrad:  0.5 
iter:  10  f-value:  2304.644  pgrad:  0.9734934 
iter:  20  f-value:  2304.41  pgrad:  0.5339626 
iter:  30  f-value:  2304.378  pgrad:  0.4747567 
  Unsuccessful convergence.
[1] 0.9727788
 [1] "Xi: 0.498669654227602" "Xi: 0.499753273627652" "Xi: 0.502868256932623"
 [4] "Xi: 0.511682097498162" "Xi: 0.528856565712705" "Xi: 0.540114615382049"
 [7] "Xi: 0.541165552784773" "Xi: 0.541575605471973" "Xi: 0.540454997717149"
[10] "Xi: 0.536985041702498" "Xi: 0.530862449099493" "Xi: 0.519583184186194"
[13] "Xi: 0.521004917183174" "Xi: 0.525329280989756" "Xi: 0.525597776086744"
[16] "Xi: 0.533530502866457" "Xi: 0.540635545897605" "Xi: 0.526671677496065"
[19] "Xi: 0.52775741359771"  "Xi: 0.568475836731418"
Time difference of 30.15044 mins
[1] "Rho"
[1] 898.6617 898.8326 899.1698 898.9837 898.8290
[1] "It: 2"
[1] "sigma:"            "0.963051024469892" "beta :"           
[4] "1"                
[1] "rho/theta:" "1"         
Time difference of 1.659765 secs
[1] " old Likelihood:  -6446606.50342011"
[1] "New Likelihood:  -6438090.602254"
[1] 4997954
[1] 4997959
iter:  0  f-value:  1773.023  pgrad:  0.536985 
iter:  10  f-value:  1765.214  pgrad:  0.9831627 
iter:  20  f-value:  1765.059  pgrad:  0.9832635 
iter:  30  f-value:  1765.019  pgrad:  0.5609788 
  Unsuccessful convergence.
[1] 0.9832978
 [1] "Xi: 0.497948922058872" "Xi: 0.499385168844413" "Xi: 0.503311850144345"
 [4] "Xi: 0.514068065291238" "Xi: 0.533637015753894" "Xi: 0.54856231709437" 
 [7] "Xi: 0.554616164526869" "Xi: 0.550646942238175" "Xi: 0.536584027599437"
[10] "Xi: 0.532525857849489" "Xi: 0.539525893619477" "Xi: 0.522732958875719"
[13] "Xi: 0.527042658593484" "Xi: 0.53783505063384"  "Xi: 0.537330282558303"
[16] "Xi: 0.55011493293437"  "Xi: 0.560467965094752" "Xi: 0.536907229820281"
[19] "Xi: 0.539638138841715" "Xi: 0.599579161453342"
Time difference of 3.491346 mins
[1] "Rho"
[1] 898.6617 898.8326 899.1698 898.9837 898.8290
[1] "It: 3"
[1] "sigma:"            "0.973464822443828" "beta :"           
[4] "1"                
[1] "rho/theta:" "1"         
Time difference of 1.643515 secs
[1] " old Likelihood:  -6438090.602254"
[1] "New Likelihood:  -6435601.15899131"
[1] 4997954
[1] 4997959
iter:  0  f-value:  1417.818  pgrad:  0.5373303 
iter:  10  f-value:  1414.42  pgrad:  0.5451053 
iter:  20  f-value:  1414.34  pgrad:  0.98942 
iter:  30  f-value:  1414.336  pgrad:  0.4608858 
  Unsuccessful convergence.
[1] 0.9894312
 [1] "Xi: 0.497492138919171" "Xi: 0.499085344584392" "Xi: 0.503378550582091"
 [4] "Xi: 0.51498507895913"  "Xi: 0.535486920929932" "Xi: 0.551750344680793"
 [7] "Xi: 0.559052388921228" "Xi: 0.552393968738425" "Xi: 0.533612294763213"
[10] "Xi: 0.526161517848455" "Xi: 0.540914662109101" "Xi: 0.52114534051174" 
[13] "Xi: 0.527344225122868" "Xi: 0.54482173373464"  "Xi: 0.542937533585011"
[16] "Xi: 0.557645200693287" "Xi: 0.569932407791476" "Xi: 0.540218558900049"
[19] "Xi: 0.544656425385881" "Xi: 0.605493596579816"
Time difference of 3.498466 mins
[1] "Rho"
[1] 898.6617 898.8326 899.1698 898.9837 898.8290
[1] "It: 4"
[1] "sigma:"            "0.979536867840155" "beta :"           
[4] "1"                
[1] "rho/theta:" "1"         
Time difference of 1.650029 secs
[1] " old Likelihood:  -6435601.15899131"
[1] "New Likelihood:  -6434519.12105545"
[1] 4997954
[1] 4997959
iter:  0  f-value:  1192.61  pgrad:  0.6054936 
iter:  10  f-value:  1190.961  pgrad:  0.4825483 
iter:  20  f-value:  1190.941  pgrad:  0.4581219 
iter:  30  f-value:  1190.94  pgrad:  0.3758805 
  Unsuccessful convergence.
[1] 0.99316
 [1] "Xi: 0.497250435365541" "Xi: 0.498932075450192" "Xi: 0.503392566065722"
 [4] "Xi: 0.515422366227256" "Xi: 0.536382886823342" "Xi: 0.55329234778503" 
 [7] "Xi: 0.561175818088049" "Xi: 0.553387796831085" "Xi: 0.5337408712485"  
[10] "Xi: 0.521495358180185" "Xi: 0.543615566510282" "Xi: 0.519796506104217"
[13] "Xi: 0.526343251408658" "Xi: 0.549810384126148" "Xi: 0.546729146867463"
[16] "Xi: 0.560904125149184" "Xi: 0.574462938810212" "Xi: 0.541094701562819"
[19] "Xi: 0.54844707660584"  "Xi: 0.603505573417254"
Time difference of 3.493608 mins
[1] "Rho"
[1] 898.6617 898.8326 899.1698 898.9837 898.8290
[1] "It: 5"
[1] "sigma:"            "0.983228390960891" "beta :"           
[4] "1"                
[1] "rho/theta:" "1"         
Time difference of 1.653326 secs
[1] " old Likelihood:  -6434519.12105545"
[1] "New Likelihood:  -6433984.83311605"
[1] 4997954
[1] 4997959
iter:  0  f-value:  1054.385  pgrad:  0.5609041 
iter:  10  f-value:  1053.663  pgrad:  0.5415205 
iter:  20  f-value:  1053.649  pgrad:  0.8930306 
iter:  30  f-value:  1053.648  pgrad:  0.3382297 
  Unsuccessful convergence.
[1] 0.9953901
 [1] "Xi: 0.497011802379377" "Xi: 0.49876599414953"  "Xi: 0.50339584823636" 
 [4] "Xi: 0.51582099062945"  "Xi: 0.537199953681624" "Xi: 0.554707060968478"
 [7] "Xi: 0.563112019496833" "Xi: 0.554194559273527" "Xi: 0.534337891318876"
[10] "Xi: 0.516786105895427" "Xi: 0.547027569673151" "Xi: 0.518701628627841"
[13] "Xi: 0.525012373962196" "Xi: 0.553373846345116" "Xi: 0.549789982118616"
[16] "Xi: 0.562232312595952" "Xi: 0.576453444315493" "Xi: 0.541186331228496"
[19] "Xi: 0.552245019485069" "Xi: 0.602341480630623"
Time difference of 3.487527 mins
[1] "Rho"
[1] 898.6617 898.8326 899.1698 898.9837 898.8290
[1] "It: 6"
[1] "sigma:"           "0.98543621327065" "beta :"           "1"               
[1] "rho/theta:" "1"         
Time difference of 1.663281 secs
[1] " old Likelihood:  -6433984.83311605"
[1] "New Likelihood:  -6433753.94296304"
[1] 4997954
[1] 4997959
iter:  0  f-value:  971.9773  pgrad:  0.5764534 
iter:  10  f-value:  971.6833  pgrad:  0.4828609 
iter:  20  f-value:  971.6816  pgrad:  0.9967258 
iter:  30  f-value:  971.6809  pgrad:  0.2000411 
  Unsuccessful convergence.
[1] 0.9966998
 [1] "Xi: 0.496860878613947" "Xi: 0.498664202577174" "Xi: 0.503392997943092"
 [4] "Xi: 0.516058029023813" "Xi: 0.537697231216571" "Xi: 0.555578814838036"
 [7] "Xi: 0.564293413033845" "Xi: 0.554723834022551" "Xi: 0.535293166870526"
[10] "Xi: 0.513537340849637" "Xi: 0.55007433797407"  "Xi: 0.518646788193378"
[13] "Xi: 0.524269049858279" "Xi: 0.556016182209133" "Xi: 0.552336583278253"
[16] "Xi: 0.562708799835327" "Xi: 0.577247462192835" "Xi: 0.541056214125358"
[19] "Xi: 0.555607556672481" "Xi: 0.601981444835337"
Time difference of 3.49175 mins
[1] "Rho"
[1] 898.6617 898.8326 899.1698 898.9837 898.8290
[1] "It: 7"
[1] "sigma:"            "0.986732769454129" "beta :"           
[4] "1"                
[1] "rho/theta:" "1"         
Time difference of 1.657003 secs
[1] " old Likelihood:  -6433753.94296304"
[1] "New Likelihood:  -6433664.06632543"
[1] 4997954
[1] 4997959
iter:  0  f-value:  923.8913  pgrad:  0.5772475 
iter:  10  f-value:  923.7805  pgrad:  0.4828153 
iter:  20  f-value:  923.779  pgrad:  0.1929027 
iter:  30  f-value:  923.7789  pgrad:  0.997488 
  Unsuccessful convergence.
[1] 0.9974585
 [1] "Xi: 0.496699492241497" "Xi: 0.49855088857784"  "Xi: 0.503384002643715"
 [4] "Xi: 0.516301505210966" "Xi: 0.538207543486717" "Xi: 0.556479543962199"
 [7] "Xi: 0.565505188563756" "Xi: 0.555227254698829" "Xi: 0.536478617911648"
[10] "Xi: 0.510286497456792" "Xi: 0.552978950980058" "Xi: 0.518861361527141"
[13] "Xi: 0.523786117913811" "Xi: 0.55773334361518"  "Xi: 0.554280631468543"
[16] "Xi: 0.562792347949149" "Xi: 0.577529188399665" "Xi: 0.540814793519612"
[19] "Xi: 0.558223917326464" "Xi: 0.601163104441142"
Time difference of 3.491301 mins
[1] "Rho"
[1] 898.6617 898.8326 899.1698 898.9837 898.8290
[1] "It: 8"
[1] "sigma:"            "0.987483865905815" "beta :"           
[4] "1"                
[1] "rho/theta:" "1"         
Time difference of 1.722965 secs
[1] " old Likelihood:  -6433664.06632543"
[1] "New Likelihood:  -6433628.26967314"
[1] 4997954
[1] 4997959
iter:  0  f-value:  896.036  pgrad:  0.5775292 
iter:  10  f-value:  895.9955  pgrad:  0.3407649 
iter:  20  f-value:  895.995  pgrad:  0.2480078 
iter:  30  f-value:  895.9947  pgrad:  0.1977105 
  Unsuccessful convergence.
[1] 0.9978966
 [1] "Xi: 0.496598985599886" "Xi: 0.498482773185154" "Xi: 0.503377844686363"
 [4] "Xi: 0.516455329752526" "Xi: 0.538528214668271" "Xi: 0.557042648197871"
 [7] "Xi: 0.566261631843048" "Xi: 0.55552205667493"  "Xi: 0.537375418829176"
[10] "Xi: 0.508109578524959" "Xi: 0.554997984528211" "Xi: 0.51910538580609" 
[13] "Xi: 0.523435382609816" "Xi: 0.558739944547704" "Xi: 0.555694136169933"
[16] "Xi: 0.562722009662273" "Xi: 0.577626198667312" "Xi: 0.540563991525125"
[19] "Xi: 0.5601530188955"   "Xi: 0.600789845094258"
Time difference of 3.49646 mins
[1] "Rho"
[1] 898.6617 898.8326 899.1698 898.9837 898.8290
[1] "It: 9"
[1] "sigma:"            "0.987917662257186" "beta :"           
[4] "1"                
[1] "rho/theta:" "1"         
Time difference of 1.741199 secs
[1] " old Likelihood:  -6433628.26967314"
[1] "New Likelihood:  -6433615.71444986"
[1] 4997954
[1] 4997959
iter:  0  f-value:  879.9237  pgrad:  0.562722 
iter:  10  f-value:  879.9092  pgrad:  0.4040533 
iter:  20  f-value:  879.9205  pgrad:  0.5792564 
iter:  30  f-value:  879.9081  pgrad:  0.3510434 
  Unsuccessful convergence.
[1] 0.9981571
 [1] "Xi: 0.494580484180578" "Xi: 0.496480399801149" "Xi: 0.501409743144574"
 [4] "Xi: 0.518460972278665" "Xi: 0.540579338744161" "Xi: 0.559203123424891"
 [7] "Xi: 0.568526798822902" "Xi: 0.557438275151419" "Xi: 0.539859619426455"
[10] "Xi: 0.504811622920854" "Xi: 0.558029055545351" "Xi: 0.520452953077447"
[13] "Xi: 0.523991381522485" "Xi: 0.559939529867517" "Xi: 0.556943897587179"
[16] "Xi: 0.562674093008657" "Xi: 0.57768721514743"  "Xi: 0.540369346072269"
[19] "Xi: 0.561662663107566" "Xi: 0.601445686159297"
Time difference of 3.50232 mins
[1] "Rho"
[1] 898.6617 898.8326 899.1698 898.9837 898.8290
[1] "It: 10"
[1] "sigma:"            "0.988175489333407" "beta :"           
[4] "1"                
[1] "rho/theta:" "1"         
Time difference of 1.654663 secs
[1] " old Likelihood:  -6433615.71444986"
[1] "New Likelihood:  -6433615.09606213"
[1] 4997954
[1] 4997959
iter:  0  f-value:  870.4952  pgrad:  0.5626741 
iter:  10  f-value:  870.4895  pgrad:  0.2715706 
iter:  20  f-value:  870.4892  pgrad:  0.1437797 
iter:  30  f-value:  870.4894  pgrad:  0.4380793 
  Unsuccessful convergence.
[1] 0.9983015
 [1] "Xi: 0.49352117250509"  "Xi: 0.495447251790355" "Xi: 0.502378028422446"
 [4] "Xi: 0.519532396666664" "Xi: 0.541751193092931" "Xi: 0.560540511264156"
 [7] "Xi: 0.56998730700028"  "Xi: 0.558410118669168" "Xi: 0.541531958545833"
[10] "Xi: 0.502405601576395" "Xi: 0.560225941561428" "Xi: 0.520437811600243"
[13] "Xi: 0.523703503789137" "Xi: 0.560105999183113" "Xi: 0.557533768037663"
[16] "Xi: 0.562483135310372" "Xi: 0.577680478134894" "Xi: 0.540230487467131"
[19] "Xi: 0.56228344734439"  "Xi: 0.599280207865617"
Time difference of 3.506327 mins
[1] "Rho"
[1] 898.6617 898.8326 899.1698 898.9837 898.8290
[1] "It: 11"
[1] "sigma:"            "0.988318474311065" "beta :"           
[4] "1"                
[1] "rho/theta:" "1"         
Time difference of 1.651978 secs
[1] " old Likelihood:  -6433615.09606213"
[1] "New Likelihood:  -6433605.09399754"
[1] 4997954
[1] 4997959
iter:  0  f-value:  865.0022  pgrad:  0.5402305 
iter:  10  f-value:  864.9999  pgrad:  0.185496 
iter:  20  f-value:  864.9998  pgrad:  0.1673493 
iter:  30  f-value:  864.9997  pgrad:  0.998389 
  Unsuccessful convergence.
[1] 0.998389
 [1] "Xi: 0.492955803283087" "Xi: 0.494896434258062" "Xi: 0.50185463681765" 
 [4] "Xi: 0.5201049071347"   "Xi: 0.542381960586204" "Xi: 0.561265698495831"
 [7] "Xi: 0.570777931289108" "Xi: 0.558895029241492" "Xi: 0.542475407846753"
[10] "Xi: 0.501160628153795" "Xi: 0.561513519912565" "Xi: 0.519465419841474"
[13] "Xi: 0.52347423924852"  "Xi: 0.560151894188994" "Xi: 0.557615445000113"
[16] "Xi: 0.562471759300994" "Xi: 0.577803495922332" "Xi: 0.540005078069945"
[19] "Xi: 0.562676472545356" "Xi: 0.600255775220949"
Time difference of 3.508825 mins
[1] "Rho"
[1] 898.6617 898.8326 899.1698 898.9837 898.8290
[1] "It: 12"
[1] "sigma:"            "0.988405062671469" "beta :"           
[4] "1"                
[1] "rho/theta:" "1"         
Time difference of 1.663395 secs
[1] " old Likelihood:  -6433605.09399754"
[1] "New Likelihood:  -6433609.23765162"
Time difference of 3.140226 mins
[1] 1 1 1 1 1
[1] 1 1 1 1 1
saved RDS
inference successful
