[1] "Original length"
[1] 999956
[1] "Final length"
[1] 12670
[1] "sequence length : 999957" "sequence length : 999717"
[3] "sequence length : 998892" "sequence length : 998730"
[5] "sequence length : 999649"
[1] "former Rho:"
[1] 995.6076 781.9077 906.8197 829.6503 831.4772
[1] "old mu :"
[1] 0.0004978252 0.0003910645 0.0004539128 0.0004153526 0.0004158846
[1] "new mu :"
[1] 0.0004348079
[1] "new Rho:"
[1] 869.5785 869.3698 868.6523 868.5115 869.3106
[1] 1 1 1 1 1
[1] "Beta: 1"
[1] "Self: 0"
[1] 1
[1] "Rho"
[1] 869.5785 869.3698 868.6523 868.5115 869.3106
[1] "It: 1"
[1] "sigma:" "0"      "beta :" "1"     
[1] "rho/theta:" "1"         
[1] "sigma:" "0.9405" "beta :" "1"     
[1] "rho/theta:" "1"         
Time difference of 1.605349 secs
[1] "New Likelihood:  -6238220.84143418"
[1] 4996940
[1] 4996945
iter:  0  f-value:  2192.909  pgrad:  0.5 
iter:  10  f-value:  2162.821  pgrad:  0.9750238 
iter:  20  f-value:  2162.565  pgrad:  0.5332077 
iter:  30  f-value:  2162.548  pgrad:  0.523886 
  Unsuccessful convergence.
[1] 0.9740428
 [1] "Xi: 0.502298144998192" "Xi: 0.502290161377975" "Xi: 0.504353824215576"
 [4] "Xi: 0.510109899946177" "Xi: 0.52553009471304"  "Xi: 0.541077074074608"
 [7] "Xi: 0.54235081390264"  "Xi: 0.543862176978381" "Xi: 0.547160662648844"
[10] "Xi: 0.538788845804746" "Xi: 0.530308308744297" "Xi: 0.529438090833667"
[13] "Xi: 0.518913143932549" "Xi: 0.515246650350011" "Xi: 0.525402006712829"
[16] "Xi: 0.523624101553243" "Xi: 0.53159859578493"  "Xi: 0.533721644358771"
[19] "Xi: 0.551797650509914" "Xi: 0.573824989273639"
Time difference of 27.51752 mins
[1] "Rho"
[1] 869.5785 869.3698 868.6523 868.5115 869.3106
[1] "It: 2"
[1] "sigma:"            "0.964302363685662" "beta :"           
[4] "1"                
[1] "rho/theta:" "1"         
Time difference of 1.620558 secs
[1] " old Likelihood:  -6238220.84143418"
[1] "New Likelihood:  -6228840.13094667"
[1] 4996940
[1] 4996945
iter:  0  f-value:  1591.072  pgrad:  0.5303083 
iter:  10  f-value:  1582.064  pgrad:  0.9852517 
iter:  20  f-value:  1582.007  pgrad:  0.4760888 
iter:  30  f-value:  1581.979  pgrad:  0.4576581 
  Unsuccessful convergence.
[1] 0.9853302
 [1] "Xi: 0.502990829548032" "Xi: 0.502854316131288" "Xi: 0.505230222163425"
 [4] "Xi: 0.511986930533277" "Xi: 0.529998990932406" "Xi: 0.550328007240667"
 [7] "Xi: 0.557025286643865" "Xi: 0.55855645017439"  "Xi: 0.56742097913504" 
[10] "Xi: 0.542347223720811" "Xi: 0.532897667507537" "Xi: 0.541678209128647"
[13] "Xi: 0.525933054749526" "Xi: 0.517750703805515" "Xi: 0.539877656684435"
[16] "Xi: 0.532745536108385" "Xi: 0.548772993870378" "Xi: 0.54854909326133" 
[19] "Xi: 0.573914379879276" "Xi: 0.596582867718228"
Time difference of 3.23598 mins
[1] "Rho"
[1] 869.5785 869.3698 868.6523 868.5115 869.3106
[1] "It: 3"
[1] "sigma:"            "0.975476897288635" "beta :"           
[4] "1"                
[1] "rho/theta:" "1"         
Time difference of 1.616931 secs
[1] " old Likelihood:  -6228840.13094667"
[1] "New Likelihood:  -6226043.45918521"
[1] 4996940
[1] 4996945
iter:  0  f-value:  1228.055  pgrad:  0.5416782 
iter:  10  f-value:  1224.081  pgrad:  0.4856046 
iter:  20  f-value:  1224.022  pgrad:  0.4834072 
iter:  30  f-value:  1224.018  pgrad:  0.4603989 
  Unsuccessful convergence.
[1] 0.9916907
 [1] "Xi: 0.50327052807977"  "Xi: 0.503044293883458" "Xi: 0.505486885332351"
 [4] "Xi: 0.5126062474064"   "Xi: 0.531664267701075" "Xi: 0.553781378585797"
 [7] "Xi: 0.561244025839863" "Xi: 0.558623351018692" "Xi: 0.5775330351792"  
[10] "Xi: 0.53968172178551"  "Xi: 0.525099031032215" "Xi: 0.546198016731753"
[13] "Xi: 0.531164396925632" "Xi: 0.517032702831597" "Xi: 0.550626493777905"
[16] "Xi: 0.535269182848077" "Xi: 0.559695866617898" "Xi: 0.554110114327564"
[19] "Xi: 0.583769785917239" "Xi: 0.598033481241925"
Time difference of 3.234163 mins
[1] "Rho"
[1] 869.5785 869.3698 868.6523 868.5115 869.3106
[1] "It: 4"
[1] "sigma:"            "0.981773813681886" "beta :"           
[4] "1"                
[1] "rho/theta:" "1"         
Time difference of 1.620132 secs
[1] " old Likelihood:  -6226043.45918521"
[1] "New Likelihood:  -6224767.79491056"
[1] 4996940
[1] 4996945
iter:  0  f-value:  1013.677  pgrad:  0.5980335 
iter:  10  f-value:  1011.92  pgrad:  0.485698 
iter:  20  f-value:  1011.884  pgrad:  0.9953984 
iter:  30  f-value:  1011.881  pgrad:  0.3575178 
  Unsuccessful convergence.
[1] 0.9953105
 [1] "Xi: 0.503499708526597" "Xi: 0.503207409400581" "Xi: 0.505683252163828"
 [4] "Xi: 0.513058599061555" "Xi: 0.533055222284154" "Xi: 0.556654255581547"
 [7] "Xi: 0.564601562365832" "Xi: 0.557369519178056" "Xi: 0.587005893915372"
[10] "Xi: 0.542581261570472" "Xi: 0.516699479715897" "Xi: 0.549011733927992"
[13] "Xi: 0.536966296463339" "Xi: 0.516580935892258" "Xi: 0.560303263215192"
[16] "Xi: 0.535575732525692" "Xi: 0.56829698597694"  "Xi: 0.556117859701259"
[19] "Xi: 0.58916423461896"  "Xi: 0.59841330712868" 
Time difference of 3.238548 mins
[1] "Rho"
[1] 869.5785 869.3698 868.6523 868.5115 869.3106
[1] "It: 5"
[1] "sigma:"            "0.985357424948044" "beta :"           
[4] "1"                
[1] "rho/theta:" "1"         
Time difference of 1.618259 secs
[1] " old Likelihood:  -6224767.79491056"
[1] "New Likelihood:  -6224212.84936622"
[1] 4996940
[1] 4996945
iter:  0  f-value:  892.6528  pgrad:  0.5561179 
iter:  10  f-value:  891.9596  pgrad:  0.5931434 
iter:  20  f-value:  892.1928  pgrad:  0.9977532 
iter:  30  f-value:  891.9702  pgrad:  0.602716 
  Unsuccessful convergence.
[1] 0.9972947
 [1] "Xi: 0.5036947887743"   "Xi: 0.503355021422498" "Xi: 0.505833052574353"
 [4] "Xi: 0.513406906967901" "Xi: 0.534260585168049" "Xi: 0.559140256670692"
 [7] "Xi: 0.567432394085281" "Xi: 0.555470842658127" "Xi: 0.594304680317307"
[10] "Xi: 0.548054643144886" "Xi: 0.508960485917949" "Xi: 0.548965804198208"
[13] "Xi: 0.542648203616661" "Xi: 0.516286924992571" "Xi: 0.568711770706706"
[16] "Xi: 0.534991727398808" "Xi: 0.575240870684513" "Xi: 0.556673540789819"
[19] "Xi: 0.592462453985967" "Xi: 0.598659006168379"
Time difference of 3.241722 mins
[1] "Rho"
[1] 869.5785 869.3698 868.6523 868.5115 869.3106
[1] "It: 6"
[1] "sigma:"            "0.987321725590996" "beta :"           
[4] "1"                
[1] "rho/theta:" "1"         
Time difference of 1.626597 secs
[1] " old Likelihood:  -6224212.84936622"
[1] "New Likelihood:  -6224002.10599493"
[1] 4996940
[1] 4996945
iter:  0  f-value:  826.4471  pgrad:  0.5566735 
iter:  10  f-value:  826.194  pgrad:  0.516402 
iter:  20  f-value:  826.1928  pgrad:  0.5160257 
iter:  30  f-value:  826.1917  pgrad:  0.2642003 
  Unsuccessful convergence.
[1] 0.9983675
 [1] "Xi: 0.504291335777516" "Xi: 0.503914990248887" "Xi: 0.506406853429217"
 [4] "Xi: 0.514090683425805" "Xi: 0.535422197481493" "Xi: 0.561028402416021"
 [7] "Xi: 0.569525092301776" "Xi: 0.553839042668471" "Xi: 0.599158818074548"
[10] "Xi: 0.552427124523462" "Xi: 0.504228007617898" "Xi: 0.552938706464969"
[13] "Xi: 0.547659877610069" "Xi: 0.516044455572287" "Xi: 0.575774216174251"
[16] "Xi: 0.534154277422848" "Xi: 0.5807476837101"   "Xi: 0.556620888868119"
[19] "Xi: 0.594544984345013" "Xi: 0.599658652355124"
Time difference of 3.251376 mins
[1] "Rho"
[1] 869.5785 869.3698 868.6523 868.5115 869.3106
[1] "It: 7"
[1] "sigma:"            "0.988383840944165" "beta :"           
[4] "1"                
[1] "rho/theta:" "1"         
Time difference of 1.621299 secs
[1] " old Likelihood:  -6224002.10599493"
[1] "New Likelihood:  -6223935.01550054"
[1] 4996940
[1] 4996945
iter:  0  f-value:  790.6414  pgrad:  0.5566209 
iter:  10  f-value:  790.5522  pgrad:  0.596422 
iter:  20  f-value:  790.5504  pgrad:  0.2376316 
iter:  30  f-value:  790.5502  pgrad:  0.2339812 
  Unsuccessful convergence.
[1] 0.998932
 [1] "Xi: 0.50439871289984"  "Xi: 0.503984084964837" "Xi: 0.506476053879357"
 [4] "Xi: 0.51425714417516"  "Xi: 0.536054220982559" "Xi: 0.562337789326992"
 [7] "Xi: 0.571037708734302" "Xi: 0.552795821232378" "Xi: 0.603106981103638"
[10] "Xi: 0.556120317616809" "Xi: 0.500379580591723" "Xi: 0.555799288557265"
[13] "Xi: 0.551066203403646" "Xi: 0.515317219945739" "Xi: 0.581078978046899"
[16] "Xi: 0.533148080682605" "Xi: 0.584804963169802" "Xi: 0.556306466645303"
[19] "Xi: 0.595815807911326" "Xi: 0.599805541100019"
Time difference of 3.239542 mins
[1] "Rho"
[1] 869.5785 869.3698 868.6523 868.5115 869.3106
[1] "It: 8"
[1] "sigma:"           "0.98894272606456" "beta :"           "1"               
[1] "rho/theta:" "1"         
Time difference of 1.628533 secs
[1] " old Likelihood:  -6223935.01550054"
[1] "New Likelihood:  -6223910.27445713"
[1] 4996940
[1] 4996945
iter:  0  f-value:  771.3254  pgrad:  0.5563065 
iter:  10  f-value:  771.2919  pgrad:  0.4618846 
iter:  20  f-value:  771.2909  pgrad:  0.22623 
iter:  30  f-value:  771.2935  pgrad:  0.5973945 
  Unsuccessful convergence.
[1] 0.99923
 [1] "Xi: 0.504460517247022" "Xi: 0.504024360162891" "Xi: 0.506517703027436"
 [4] "Xi: 0.514364408681133" "Xi: 0.536428563100762" "Xi: 0.563110694567612"
 [7] "Xi: 0.571921835815599" "Xi: 0.552185915994778" "Xi: 0.605410029940207"
[10] "Xi: 0.558246990426653" "Xi: 0.497978318747401" "Xi: 0.557240364376347"
[13] "Xi: 0.553289640220314" "Xi: 0.514573156546528" "Xi: 0.585249928808775"
[16] "Xi: 0.532243272307745" "Xi: 0.58774551482601"  "Xi: 0.555968955816145"
[19] "Xi: 0.596632927838377" "Xi: 0.600048802347733"
Time difference of 3.245879 mins
[1] "Rho"
[1] 869.5785 869.3698 868.6523 868.5115 869.3106
[1] "It: 9"
[1] "sigma:"            "0.989237747694021" "beta :"           
[4] "1"                
[1] "rho/theta:" "1"         
Time difference of 1.616115 secs
[1] " old Likelihood:  -6223910.27445713"
[1] "New Likelihood:  -6223903.20351772"
[1] 4996940
[1] 4996945
iter:  0  f-value:  760.8567  pgrad:  0.555969 
iter:  10  f-value:  760.8423  pgrad:  0.4122254 
iter:  20  f-value:  760.8544  pgrad:  0.601528 
iter:  30  f-value:  760.841  pgrad:  0.9994077 
  Unsuccessful convergence.
[1] 0.9993916
 [1] "Xi: 0.506475474828116" "Xi: 0.5060142282872"   "Xi: 0.508495693947603"
 [4] "Xi: 0.516381358768229" "Xi: 0.538681558889075" "Xi: 0.565733588403044"
 [7] "Xi: 0.574636638768077" "Xi: 0.549371168124056" "Xi: 0.6095934922237"  
[10] "Xi: 0.562134954485053" "Xi: 0.497151713830834" "Xi: 0.559567509413121"
[13] "Xi: 0.555650267403656" "Xi: 0.514000847722344" "Xi: 0.588727695627272"
[16] "Xi: 0.531455449085735" "Xi: 0.589882298582377" "Xi: 0.555607955746522"
[19] "Xi: 0.597139100106339" "Xi: 0.600323815059038"
Time difference of 3.252055 mins
[1] "Rho"
[1] 869.5785 869.3698 868.6523 868.5115 869.3106
[1] "It: 10"
[1] "sigma:"            "0.989397636905881" "beta :"           
[4] "1"                
[1] "rho/theta:" "1"         
Time difference of 1.602159 secs
[1] " old Likelihood:  -6223903.20351772"
[1] "New Likelihood:  -6223902.69583367"
[1] 4996940
[1] 4996945
iter:  0  f-value:  755.0183  pgrad:  0.555608 
iter:  10  f-value:  755.0118  pgrad:  0.4094078 
iter:  20  f-value:  755.0114  pgrad:  0.1937224 
iter:  30  f-value:  755.0111  pgrad:  0.2212903 
  Unsuccessful convergence.
[1] 0.9994748
 [1] "Xi: 0.507485148053378" "Xi: 0.507010054142048" "Xi: 0.509483107677051"
 [4] "Xi: 0.517395442971161" "Xi: 0.539839035397653" "Xi: 0.567114023475013"
 [7] "Xi: 0.576090820127977" "Xi: 0.547948069193184" "Xi: 0.611836895749268"
[10] "Xi: 0.564002551085637" "Xi: 0.494692217028436" "Xi: 0.560424545306945"
[13] "Xi: 0.557081999203523" "Xi: 0.51347023348214"  "Xi: 0.591572896699655"
[16] "Xi: 0.530810527870943" "Xi: 0.591458523927136" "Xi: 0.555315850008828"
[19] "Xi: 0.597286343334761" "Xi: 0.600387829485987"
Time difference of 3.24772 mins
[1] "Rho"
[1] 869.5785 869.3698 868.6523 868.5115 869.3106
[1] "It: 11"
[1] "sigma:"            "0.989480067640044" "beta :"           
[4] "1"                
[1] "rho/theta:" "1"         
Time difference of 1.624553 secs
[1] " old Likelihood:  -6223902.69583367"
[1] "New Likelihood:  -6223902.89134651"
Time difference of 2.88762 mins
[1] 1 1 1 1 1
[1] 1 1 1 1 1
saved RDS
inference successful
