[1] "Original length"
[1] 999988
[1] "Final length"
[1] 11149
[1] "sequence length : 999989" "sequence length : 999610"
[3] "sequence length : 999509" "sequence length : 999169"
[5] "sequence length : 999526"
[1] 1 1 1 1 1
[1] "Beta: 1"
[1] "Self: 0"
[1] "maxIt: 20"
[1] "It: 1"
 [1] "sigma:" "0"      "0"      "0"      "0"      "0"      "0"      "0"     
 [9] "0"      "0"      "0"      "0"      "0"      "0"      "0"      "0"     
[17] "0"      "0"      "0"      "0"      "0"      "0"      "0"      "0"     
[25] "0"      "0"      "0"      "0"      "0"      "0"      "0"      "0"     
[33] "0"      "0"      "0"      "0"      "0"      "0"      "0"      "0"     
[41] "0"      "beta :" "1"     
 [1] "sigma:" "0.9405" "0.9405" "0.9405" "0.9405" "0.9405" "0.9405" "0.9405"
 [9] "0.9405" "0.9405" "0.9405" "0.9405" "0.9405" "0.9405" "0.9405" "0.9405"
[17] "0.9405" "0.9405" "0.9405" "0.9405" "0.9405" "0.9405" "0.9405" "0.9405"
[25] "0.9405" "0.9405" "0.9405" "0.9405" "0.9405" "0.9405" "0.9405" "0.9405"
[33] "0.9405" "0.9405" "0.9405" "0.9405" "0.9405" "0"      "0"      "0"     
[41] "0"      "beta :" "1"     
[1] "New Likelihood:  -5733394.86189106"
iter:  0  f-value:  2495.922  pgrad:  0.5 
iter:  10  f-value:  2478.451  pgrad:  0.9945117 
iter:  20  f-value:  2478.181  pgrad:  0.9824121 
iter:  30  f-value:  2478.071  pgrad:  0.97203 
iter:  40  f-value:  2478.021  pgrad:  0.9515414 
iter:  50  f-value:  2477.9  pgrad:  0.9149211 
  Unsuccessful convergence.
Time difference of 2.411715 hours
[1] "maxIt: 20"
[1] "It: 2"
 [1] "sigma:"             "0.972901424292545"  "0.972901424292545" 
 [4] "0.957549552666599"  "0.957549552666599"  "0.963618566328984" 
 [7] "0.963618566328984"  "0.970431632868146"  "0.970431632868146" 
[10] "0.97690552349489"   "0.97690552349489"   "0.982947745078887" 
[13] "0.982947745078887"  "0.981231731249673"  "0.981231731249673" 
[16] "0.972576792336791"  "0.972576792336791"  "0.970177536457929" 
[19] "0.970177536457929"  "0.963773239928734"  "0.963773239928734" 
[22] "0.963532698741014"  "0.963532698741014"  "0.952224991011587" 
[25] "0.952224991011587"  "0.959936584820564"  "0.959936584820564" 
[28] "0.960420011289205"  "0.960420011289205"  "0.962078671407764" 
[31] "0.962078671407764"  "0.960318326686463"  "0.960318326686463" 
[34] "0.958422089390384"  "0.958422089390384"  "0.951965310193905" 
[37] "0.951965310193905"  "0.085741033341659"  "0.085741033341659" 
[40] "0.0192671812730995" "0.0192671812730995" "beta :"            
[43] "1"                 
 [1] "sigma:"             "0.972901424292545"  "0.972901424292545" 
 [4] "0.957549552666599"  "0.957549552666599"  "0.963618566328984" 
 [7] "0.963618566328984"  "0.970431632868146"  "0.970431632868146" 
[10] "0.97690552349489"   "0.97690552349489"   "0.982947745078887" 
[13] "0.982947745078887"  "0.981231731249673"  "0.981231731249673" 
[16] "0.972576792336791"  "0.972576792336791"  "0.970177536457929" 
[19] "0.970177536457929"  "0.963773239928734"  "0.963773239928734" 
[22] "0.963532698741014"  "0.963532698741014"  "0.952224991011587" 
[25] "0.952224991011587"  "0.959936584820564"  "0.959936584820564" 
[28] "0.960420011289205"  "0.960420011289205"  "0.962078671407764" 
[31] "0.962078671407764"  "0.960318326686463"  "0.960318326686463" 
[34] "0.958422089390384"  "0.958422089390384"  "0.951965310193905" 
[37] "0.951965310193905"  "0.976741033341659"  "0.976741033341659" 
[40] "0.0192671812730995" "0.0192671812730995" "beta :"            
[43] "1"                 
[1] " old Likelihood:  -5733394.86189106"
[1] "New Likelihood:  -5727466.07232374"
iter:  0  f-value:  1690.871  pgrad:  0.9866071 
iter:  10  f-value:  1683.038  pgrad:  0.9954344 
iter:  20  f-value:  1683  pgrad:  0.5480927 
iter:  30  f-value:  1682.97  pgrad:  0.7216477 
iter:  40  f-value:  1682.966  pgrad:  0.3527816 
iter:  50  f-value:  1682.961  pgrad:  0.3485911 
  Unsuccessful convergence.
Time difference of 21.15514 mins
[1] "maxIt: 20"
[1] "It: 3"
 [1] "sigma:"             "0.989162197519174"  "0.989162197519174" 
 [4] "0.966322364337192"  "0.966322364337192"  "0.975679786088489" 
 [7] "0.975679786088489"  "0.986009107736211"  "0.986009107736211" 
[10] "0.99"               "0.99"               "0.99"              
[13] "0.99"               "0.99"               "0.99"              
[16] "0.988880891691582"  "0.988880891691582"  "0.983857539001806" 
[19] "0.983857539001806"  "0.981715217078938"  "0.981715217078938" 
[22] "0.982758485894693"  "0.982758485894693"  "0.963493099702828" 
[25] "0.963493099702828"  "0.970627581111154"  "0.970627581111154" 
[28] "0.966671879492154"  "0.966671879492154"  "0.972561649979117" 
[31] "0.972561649979117"  "0.970959526034842"  "0.970959526034842" 
[34] "0.966894189726902"  "0.966894189726902"  "0.954606237588624" 
[37] "0.954606237588624"  "0.9850743311415"    "0.9850743311415"   
[40] "0.0270974744372763" "0.0270974744372763" "beta :"            
[43] "1"                 
 [1] "sigma:"             "0.989162197519174"  "0.989162197519174" 
 [4] "0.966322364337192"  "0.966322364337192"  "0.975679786088489" 
 [7] "0.975679786088489"  "0.986009107736211"  "0.986009107736211" 
[10] "0.99"               "0.99"               "0.99"              
[13] "0.99"               "0.99"               "0.99"              
[16] "0.988880891691582"  "0.988880891691582"  "0.983857539001806" 
[19] "0.983857539001806"  "0.981715217078938"  "0.981715217078938" 
[22] "0.982758485894693"  "0.982758485894693"  "0.963493099702828" 
[25] "0.963493099702828"  "0.970627581111154"  "0.970627581111154" 
[28] "0.966671879492154"  "0.966671879492154"  "0.972561649979117" 
[31] "0.972561649979117"  "0.970959526034842"  "0.970959526034842" 
[34] "0.966894189726902"  "0.966894189726902"  "0.954606237588624" 
[37] "0.954606237588624"  "0.9850743311415"    "0.9850743311415"   
[40] "0.0270974744372763" "0.0270974744372763" "beta :"            
[43] "1"                 
[1] " old Likelihood:  -5727466.07232374"
[1] "New Likelihood:  -5724802.30992984"
iter:  0  f-value:  1372.864  pgrad:  0.9950246 
iter:  10  f-value:  1369.329  pgrad:  0.9821873 
iter:  20  f-value:  1369.301  pgrad:  0.3463106 
iter:  30  f-value:  1369.3  pgrad:  0.4973072 
iter:  40  f-value:  1369.299  pgrad:  0.1270701 
iter:  50  f-value:  1369.299  pgrad:  0.1265562 
  Unsuccessful convergence.
Time difference of 14.44524 mins
[1] "maxIt: 20"
[1] "It: 4"
 [1] "sigma:"             "0.99"               "0.99"              
 [4] "0.969969986250716"  "0.969969986250716"  "0.980987148300473" 
 [7] "0.980987148300473"  "0.99"               "0.99"              
[10] "0.99"               "0.99"               "0.99"              
[13] "0.99"               "0.99"               "0.99"              
[16] "0.99"               "0.99"               "0.99"              
[19] "0.99"               "0.99"               "0.99"              
[22] "0.99"               "0.99"               "0.973825342273663" 
[25] "0.973825342273663"  "0.979972506702032"  "0.979972506702032" 
[28] "0.970718768057022"  "0.970718768057022"  "0.979448733871944" 
[31] "0.979448733871944"  "0.978615625840413"  "0.978615625840413" 
[34] "0.973060535568558"  "0.973060535568558"  "0.953291500400247" 
[37] "0.953291500400247"  "0.986902670676026"  "0.986902670676026" 
[40] "0.0280000379897801" "0.0280000379897801" "beta :"            
[43] "1"                 
 [1] "sigma:"             "0.99"               "0.99"              
 [4] "0.969969986250716"  "0.969969986250716"  "0.980987148300473" 
 [7] "0.980987148300473"  "0.99"               "0.99"              
[10] "0.99"               "0.99"               "0.99"              
[13] "0.99"               "0.99"               "0.99"              
[16] "0.99"               "0.99"               "0.99"              
[19] "0.99"               "0.99"               "0.99"              
[22] "0.99"               "0.99"               "0.973825342273663" 
[25] "0.973825342273663"  "0.979972506702032"  "0.979972506702032" 
[28] "0.970718768057022"  "0.970718768057022"  "0.979448733871944" 
[31] "0.979448733871944"  "0.978615625840413"  "0.978615625840413" 
[34] "0.973060535568558"  "0.973060535568558"  "0.953291500400247" 
[37] "0.953291500400247"  "0.986902670676026"  "0.986902670676026" 
[40] "0.0280000379897801" "0.0280000379897801" "beta :"            
[43] "1"                 
[1] " old Likelihood:  -5724802.30992984"
[1] "New Likelihood:  -5723597.73588874"
iter:  0  f-value:  1163.908  pgrad:  0.9968714 
iter:  10  f-value:  1162.167  pgrad:  0.9847832 
iter:  20  f-value:  1162.139  pgrad:  0.6718278 
iter:  30  f-value:  1162.135  pgrad:  0.4693551 
iter:  40  f-value:  1162.132  pgrad:  0.4680305 
iter:  50  f-value:  1162.13  pgrad:  0.4669506 
  Unsuccessful convergence.
Time difference of 14.46706 mins
[1] "maxIt: 20"
[1] "It: 5"
 [1] "sigma:"             "0.99"               "0.99"              
 [4] "0.974228105244605"  "0.974228105244605"  "0.987361157050579" 
 [7] "0.987361157050579"  "0.99"               "0.99"              
[10] "0.99"               "0.99"               "0.99"              
[13] "0.99"               "0.99"               "0.99"              
[16] "0.99"               "0.99"               "0.99"              
[19] "0.99"               "0.99"               "0.99"              
[22] "0.99"               "0.99"               "0.982670300964917" 
[25] "0.982670300964917"  "0.985995361683429"  "0.985995361683429" 
[28] "0.97423437630245"   "0.97423437630245"   "0.984155376417787" 
[31] "0.984155376417787"  "0.984186006911662"  "0.984186006911662" 
[34] "0.978080354907509"  "0.978080354907509"  "0.951679626527057" 
[37] "0.951679626527057"  "0.986923891663593"  "0.986923891663593" 
[40] "0.0285294534585741" "0.0285294534585741" "beta :"            
[43] "1"                 
 [1] "sigma:"             "0.99"               "0.99"              
 [4] "0.974228105244605"  "0.974228105244605"  "0.987361157050579" 
 [7] "0.987361157050579"  "0.99"               "0.99"              
[10] "0.99"               "0.99"               "0.99"              
[13] "0.99"               "0.99"               "0.99"              
[16] "0.99"               "0.99"               "0.99"              
[19] "0.99"               "0.99"               "0.99"              
[22] "0.99"               "0.99"               "0.982670300964917" 
[25] "0.982670300964917"  "0.985995361683429"  "0.985995361683429" 
[28] "0.97423437630245"   "0.97423437630245"   "0.984155376417787" 
[31] "0.984155376417787"  "0.984186006911662"  "0.984186006911662" 
[34] "0.978080354907509"  "0.978080354907509"  "0.951679626527057" 
[37] "0.951679626527057"  "0.986923891663593"  "0.986923891663593" 
[40] "0.0285294534585741" "0.0285294534585741" "beta :"            
[43] "1"                 
[1] " old Likelihood:  -5723597.73588874"
[1] "New Likelihood:  -5723006.93045748"
iter:  0  f-value:  1032.44  pgrad:  0.9968928 
iter:  10  f-value:  1031.557  pgrad:  0.9875454 
iter:  20  f-value:  1031.541  pgrad:  0.468708 
iter:  30  f-value:  1031.537  pgrad:  0.4675958 
iter:  40  f-value:  1031.534  pgrad:  0.9980754 
iter:  50  f-value:  1031.533  pgrad:  0.3591686 
  Unsuccessful convergence.
Time difference of 14.48706 mins
[1] "maxIt: 20"
[1] "It: 6"
 [1] "sigma:"             "0.99"               "0.99"              
 [4] "0.977349193228167"  "0.977349193228167"  "0.99"              
 [7] "0.99"               "0.99"               "0.99"              
[10] "0.99"               "0.99"               "0.99"              
[13] "0.99"               "0.99"               "0.99"              
[16] "0.99"               "0.99"               "0.99"              
[19] "0.99"               "0.99"               "0.99"              
[22] "0.99"               "0.99"               "0.985963584028931" 
[25] "0.985963584028931"  "0.989691139494939"  "0.989691139494939" 
[28] "0.977036881261944"  "0.977036881261944"  "0.987303802032261" 
[31] "0.987303802032261"  "0.987997623846864"  "0.987997623846864" 
[34] "0.981996006343049"  "0.981996006343049"  "0.950370172803662" 
[37] "0.950370172803662"  "0.986419979854486"  "0.986419979854486" 
[40] "0.0294558426919338" "0.0294558426919338" "beta :"            
[43] "1"                 
 [1] "sigma:"             "0.99"               "0.99"              
 [4] "0.977349193228167"  "0.977349193228167"  "0.99"              
 [7] "0.99"               "0.99"               "0.99"              
[10] "0.99"               "0.99"               "0.99"              
[13] "0.99"               "0.99"               "0.99"              
[16] "0.99"               "0.99"               "0.99"              
[19] "0.99"               "0.99"               "0.99"              
[22] "0.99"               "0.99"               "0.985963584028931" 
[25] "0.985963584028931"  "0.989691139494939"  "0.989691139494939" 
[28] "0.977036881261944"  "0.977036881261944"  "0.987303802032261" 
[31] "0.987303802032261"  "0.987997623846864"  "0.987997623846864" 
[34] "0.981996006343049"  "0.981996006343049"  "0.950370172803662" 
[37] "0.950370172803662"  "0.986419979854486"  "0.986419979854486" 
[40] "0.0294558426919338" "0.0294558426919338" "beta :"            
[43] "1"                 
[1] " old Likelihood:  -5723006.93045748"
[1] "New Likelihood:  -5722714.82745766"
iter:  0  f-value:  950.0489  pgrad:  0.9963838 
iter:  10  f-value:  949.6179  pgrad:  0.9594053 
iter:  20  f-value:  949.6105  pgrad:  0.4429703 
iter:  30  f-value:  949.6095  pgrad:  0.3148125 
iter:  40  f-value:  949.6088  pgrad:  0.2345075 
iter:  50  f-value:  949.6083  pgrad:  0.1759975 
  Unsuccessful convergence.
Time difference of 14.44886 mins
[1] "maxIt: 20"
[1] "It: 7"
 [1] "sigma:"             "0.99"               "0.99"              
 [4] "0.979918563523357"  "0.979918563523357"  "0.99"              
 [7] "0.99"               "0.99"               "0.99"              
[10] "0.99"               "0.99"               "0.99"              
[13] "0.99"               "0.99"               "0.99"              
[16] "0.99"               "0.99"               "0.99"              
[19] "0.99"               "0.99"               "0.99"              
[22] "0.99"               "0.99"               "0.988228943820181" 
[25] "0.988228943820181"  "0.99"               "0.99"              
[28] "0.979778618017598"  "0.979778618017598"  "0.989574964527569" 
[31] "0.989574964527569"  "0.99"               "0.99"              
[34] "0.985121906859199"  "0.985121906859199"  "0.949294266186484" 
[37] "0.949294266186484"  "0.985808276270745"  "0.985808276270745" 
[40] "0.0303780129846336" "0.0303780129846336" "beta :"            
[43] "1"                 
 [1] "sigma:"             "0.99"               "0.99"              
 [4] "0.979918563523357"  "0.979918563523357"  "0.99"              
 [7] "0.99"               "0.99"               "0.99"              
[10] "0.99"               "0.99"               "0.99"              
[13] "0.99"               "0.99"               "0.99"              
[16] "0.99"               "0.99"               "0.99"              
[19] "0.99"               "0.99"               "0.99"              
[22] "0.99"               "0.99"               "0.988228943820181" 
[25] "0.988228943820181"  "0.99"               "0.99"              
[28] "0.979778618017598"  "0.979778618017598"  "0.989574964527569" 
[31] "0.989574964527569"  "0.99"               "0.99"              
[34] "0.985121906859199"  "0.985121906859199"  "0.949294266186484" 
[37] "0.949294266186484"  "0.985808276270745"  "0.985808276270745" 
[40] "0.0303780129846336" "0.0303780129846336" "beta :"            
[43] "1"                 
[1] " old Likelihood:  -5722714.82745766"
[1] "New Likelihood:  -5722577.72203084"
iter:  0  f-value:  899.4758  pgrad:  0.9957659 
iter:  10  f-value:  899.2972  pgrad:  0.9927295 
iter:  20  f-value:  899.296  pgrad:  0.4461443 
iter:  30  f-value:  899.2951  pgrad:  0.1788248 
iter:  40  f-value:  899.2948  pgrad:  0.2033346 
iter:  50  f-value:  899.2946  pgrad:  0.09321639 
  Unsuccessful convergence.
Time difference of 14.48073 mins
[1] "maxIt: 20"
[1] "It: 8"
 [1] "sigma:"             "0.99"               "0.99"              
 [4] "0.982258557724626"  "0.982258557724626"  "0.99"              
 [7] "0.99"               "0.99"               "0.99"              
[10] "0.99"               "0.99"               "0.99"              
[13] "0.99"               "0.99"               "0.99"              
[16] "0.99"               "0.99"               "0.99"              
[19] "0.99"               "0.99"               "0.99"              
[22] "0.99"               "0.99"               "0.988948409484142" 
[25] "0.988948409484142"  "0.99"               "0.99"              
[28] "0.98300637281486"   "0.98300637281486"   "0.99"              
[31] "0.99"               "0.99"               "0.99"              
[34] "0.98801062136394"   "0.98801062136394"   "0.948226953956177" 
[37] "0.948226953956177"  "0.985237448792815"  "0.985237448792815" 
[40] "0.0313495632671242" "0.0313495632671242" "beta :"            
[43] "1"                 
 [1] "sigma:"             "0.99"               "0.99"              
 [4] "0.982258557724626"  "0.982258557724626"  "0.99"              
 [7] "0.99"               "0.99"               "0.99"              
[10] "0.99"               "0.99"               "0.99"              
[13] "0.99"               "0.99"               "0.99"              
[16] "0.99"               "0.99"               "0.99"              
[19] "0.99"               "0.99"               "0.99"              
[22] "0.99"               "0.99"               "0.988948409484142" 
[25] "0.988948409484142"  "0.99"               "0.99"              
[28] "0.98300637281486"   "0.98300637281486"   "0.99"              
[31] "0.99"               "0.99"               "0.99"              
[34] "0.98801062136394"   "0.98801062136394"   "0.948226953956177" 
[37] "0.948226953956177"  "0.985237448792815"  "0.985237448792815" 
[40] "0.0313495632671242" "0.0313495632671242" "beta :"            
[43] "1"                 
[1] " old Likelihood:  -5722577.72203084"
[1] "New Likelihood:  -5722524.89982236"
iter:  0  f-value:  871.6903  pgrad:  0.9951893 
iter:  10  f-value:  871.6081  pgrad:  0.4454821 
iter:  20  f-value:  871.6074  pgrad:  0.3558239 
iter:  30  f-value:  871.607  pgrad:  0.1921865 
iter:  40  f-value:  871.6066  pgrad:  0.09502173 
iter:  50  f-value:  871.6065  pgrad:  0.09435098 
  Unsuccessful convergence.
Time difference of 14.47427 mins
[1] "maxIt: 20"
[1] "It: 9"
 [1] "sigma:"             "0.99"               "0.99"              
 [4] "0.984397931781819"  "0.984397931781819"  "0.99"              
 [7] "0.99"               "0.99"               "0.99"              
[10] "0.99"               "0.99"               "0.99"              
[13] "0.99"               "0.99"               "0.99"              
[16] "0.99"               "0.99"               "0.99"              
[19] "0.99"               "0.99"               "0.99"              
[22] "0.99"               "0.99"               "0.988853477371035" 
[25] "0.988853477371035"  "0.99"               "0.99"              
[28] "0.985404510043035"  "0.985404510043035"  "0.99"              
[31] "0.99"               "0.99"               "0.99"              
[34] "0.99"               "0.99"               "0.947469021346742" 
[37] "0.947469021346742"  "0.984662745887262"  "0.984662745887262" 
[40] "0.0322350277170735" "0.0322350277170735" "beta :"            
[43] "1"                 
 [1] "sigma:"             "0.99"               "0.99"              
 [4] "0.984397931781819"  "0.984397931781819"  "0.99"              
 [7] "0.99"               "0.99"               "0.99"              
[10] "0.99"               "0.99"               "0.99"              
[13] "0.99"               "0.99"               "0.99"              
[16] "0.99"               "0.99"               "0.99"              
[19] "0.99"               "0.99"               "0.99"              
[22] "0.99"               "0.99"               "0.988853477371035" 
[25] "0.988853477371035"  "0.99"               "0.99"              
[28] "0.985404510043035"  "0.985404510043035"  "0.99"              
[31] "0.99"               "0.99"               "0.99"              
[34] "0.99"               "0.99"               "0.947469021346742" 
[37] "0.947469021346742"  "0.984662745887262"  "0.984662745887262" 
[40] "0.0322350277170735" "0.0322350277170735" "beta :"            
[43] "1"                 
[1] " old Likelihood:  -5722524.89982236"
[1] "New Likelihood:  -5722501.56303069"
iter:  0  f-value:  855.055  pgrad:  0.9946088 
iter:  10  f-value:  855.0359  pgrad:  0.4184608 
iter:  20  f-value:  855.0353  pgrad:  0.2703212 
iter:  30  f-value:  855.0349  pgrad:  0.09662017 
iter:  40  f-value:  855.0348  pgrad:  0.09605287 
iter:  50  f-value:  855.0346  pgrad:  0.09508767 
  Unsuccessful convergence.
Time difference of 14.45866 mins
[1] "maxIt: 20"
[1] "It: 10"
 [1] "sigma:"            "0.99"              "0.99"             
 [4] "0.986516734678763" "0.986516734678763" "0.99"             
 [7] "0.99"              "0.99"              "0.99"             
[10] "0.99"              "0.99"              "0.99"             
[13] "0.99"              "0.99"              "0.99"             
[16] "0.99"              "0.99"              "0.99"             
[19] "0.99"              "0.99"              "0.99"             
[22] "0.99"              "0.99"              "0.988517003391157"
[25] "0.988517003391157" "0.99"              "0.99"             
[28] "0.987042708079378" "0.987042708079378" "0.99"             
[31] "0.99"              "0.99"              "0.99"             
[34] "0.99"              "0.99"              "0.947867172188712"
[37] "0.947867172188712" "0.9839218866743"   "0.9839218866743"  
[40] "0.033195484258823" "0.033195484258823" "beta :"           
[43] "1"                
 [1] "sigma:"            "0.99"              "0.99"             
 [4] "0.986516734678763" "0.986516734678763" "0.99"             
 [7] "0.99"              "0.99"              "0.99"             
[10] "0.99"              "0.99"              "0.99"             
[13] "0.99"              "0.99"              "0.99"             
[16] "0.99"              "0.99"              "0.99"             
[19] "0.99"              "0.99"              "0.99"             
[22] "0.99"              "0.99"              "0.988517003391157"
[25] "0.988517003391157" "0.99"              "0.99"             
[28] "0.987042708079378" "0.987042708079378" "0.99"             
[31] "0.99"              "0.99"              "0.99"             
[34] "0.99"              "0.99"              "0.947867172188712"
[37] "0.947867172188712" "0.9839218866743"   "0.9839218866743"  
[40] "0.033195484258823" "0.033195484258823" "beta :"           
[43] "1"                
[1] " old Likelihood:  -5722501.56303069"
[1] "New Likelihood:  -5722496.39449438"
iter:  0  f-value:  847.7878  pgrad:  0.9938605 
iter:  10  f-value:  847.7796  pgrad:  0.2908098 
iter:  20  f-value:  847.7794  pgrad:  0.1613455 
iter:  30  f-value:  847.7793  pgrad:  0.1277374 
iter:  40  f-value:  847.7791  pgrad:  0.09999667 
iter:  50  f-value:  847.7791  pgrad:  0.09913833 
  Unsuccessful convergence.
Time difference of 14.47911 mins
[1] "maxIt: 20"
[1] "It: 11"
 [1] "sigma:"             "0.99"               "0.99"              
 [4] "0.987805051820789"  "0.987805051820789"  "0.99"              
 [7] "0.99"               "0.99"               "0.99"              
[10] "0.99"               "0.99"               "0.99"              
[13] "0.99"               "0.99"               "0.99"              
[16] "0.99"               "0.99"               "0.99"              
[19] "0.99"               "0.99"               "0.99"              
[22] "0.99"               "0.99"               "0.988157222655883" 
[25] "0.988157222655883"  "0.99"               "0.99"              
[28] "0.988102118423666"  "0.988102118423666"  "0.99"              
[31] "0.99"               "0.99"               "0.99"              
[34] "0.99"               "0.99"               "0.948202878861575" 
[37] "0.948202878861575"  "0.983233590587832"  "0.983233590587832" 
[40] "0.0337967846642188" "0.0337967846642188" "beta :"            
[43] "1"                 
 [1] "sigma:"             "0.99"               "0.99"              
 [4] "0.987805051820789"  "0.987805051820789"  "0.99"              
 [7] "0.99"               "0.99"               "0.99"              
[10] "0.99"               "0.99"               "0.99"              
[13] "0.99"               "0.99"               "0.99"              
[16] "0.99"               "0.99"               "0.99"              
[19] "0.99"               "0.99"               "0.99"              
[22] "0.99"               "0.99"               "0.988157222655883" 
[25] "0.988157222655883"  "0.99"               "0.99"              
[28] "0.988102118423666"  "0.988102118423666"  "0.99"              
[31] "0.99"               "0.99"               "0.99"              
[34] "0.99"               "0.99"               "0.948202878861575" 
[37] "0.948202878861575"  "0.983233590587832"  "0.983233590587832" 
[40] "0.0337967846642189" "0.0337967846642189" "beta :"            
[43] "1"                 
[1] " old Likelihood:  -5722496.39449438"
[1] "New Likelihood:  -5722494.63707542"
iter:  0  f-value:  843.454  pgrad:  0.9931652 
iter:  10  f-value:  843.4502  pgrad:  0.1559818 
iter:  20  f-value:  843.45  pgrad:  0.1166768 
iter:  30  f-value:  843.4499  pgrad:  0.1012256 
iter:  40  f-value:  843.4498  pgrad:  0.1002786 
iter:  50  f-value:  843.4498  pgrad:  0.09948963 
  Unsuccessful convergence.
Time difference of 14.4771 mins
[1] "maxIt: 20"
[1] "It: 12"
 [1] "sigma:"             "0.99"               "0.99"              
 [4] "0.989002623662628"  "0.989002623662628"  "0.99"              
 [7] "0.99"               "0.99"               "0.99"              
[10] "0.99"               "0.99"               "0.99"              
[13] "0.99"               "0.99"               "0.99"              
[16] "0.99"               "0.99"               "0.99"              
[19] "0.99"               "0.99"               "0.99"              
[22] "0.99"               "0.99"               "0.987819682303976" 
[25] "0.987819682303976"  "0.99"               "0.99"              
[28] "0.988819754609225"  "0.988819754609225"  "0.99"              
[31] "0.99"               "0.99"               "0.99"              
[34] "0.99"               "0.99"               "0.94846768722207"  
[37] "0.94846768722207"   "0.982593517475864"  "0.982593517475864" 
[40] "0.0344927456476081" "0.0344927456476081" "beta :"            
[43] "1"                 
 [1] "sigma:"             "0.99"               "0.99"              
 [4] "0.989002623662628"  "0.989002623662628"  "0.99"              
 [7] "0.99"               "0.99"               "0.99"              
[10] "0.99"               "0.99"               "0.99"              
[13] "0.99"               "0.99"               "0.99"              
[16] "0.99"               "0.99"               "0.99"              
[19] "0.99"               "0.99"               "0.99"              
[22] "0.99"               "0.99"               "0.987819682303976" 
[25] "0.987819682303976"  "0.99"               "0.99"              
[28] "0.988819754609225"  "0.988819754609225"  "0.99"              
[31] "0.99"               "0.99"               "0.99"              
[34] "0.99"               "0.99"               "0.94846768722207"  
[37] "0.94846768722207"   "0.982593517475864"  "0.982593517475864" 
[40] "0.0344927456476081" "0.0344927456476081" "beta :"            
[43] "1"                 
[1] " old Likelihood:  -5722494.63707542"
[1] "New Likelihood:  -5722493.6345298"
iter:  0  f-value:  840.7698  pgrad:  0.9925187 
iter:  10  f-value:  840.7679  pgrad:  0.1033629 
iter:  20  f-value:  840.7678  pgrad:  0.1030378 
iter:  30  f-value:  840.7676  pgrad:  0.10137 
iter:  40  f-value:  840.7676  pgrad:  0.1010346 
iter:  50  f-value:  840.7675  pgrad:  0.1004105 
  Unsuccessful convergence.
Time difference of 14.51417 mins
[1] "maxIt: 20"
[1] "It: 13"
 [1] "sigma:"             "0.99"               "0.99"              
 [4] "0.99"               "0.99"               "0.99"              
 [7] "0.99"               "0.99"               "0.99"              
[10] "0.99"               "0.99"               "0.99"              
[13] "0.99"               "0.99"               "0.99"              
[16] "0.99"               "0.99"               "0.99"              
[19] "0.99"               "0.99"               "0.99"              
[22] "0.99"               "0.99"               "0.987553852730975" 
[25] "0.987553852730975"  "0.99"               "0.99"              
[28] "0.98930066579593"   "0.98930066579593"   "0.99"              
[31] "0.99"               "0.99"               "0.99"              
[34] "0.99"               "0.99"               "0.948711436915892" 
[37] "0.948711436915892"  "0.982031742259499"  "0.982031742259499" 
[40] "0.0352220053368664" "0.0352220053368664" "beta :"            
[43] "1"                 
 [1] "sigma:"             "0.99"               "0.99"              
 [4] "0.99"               "0.99"               "0.99"              
 [7] "0.99"               "0.99"               "0.99"              
[10] "0.99"               "0.99"               "0.99"              
[13] "0.99"               "0.99"               "0.99"              
[16] "0.99"               "0.99"               "0.99"              
[19] "0.99"               "0.99"               "0.99"              
[22] "0.99"               "0.99"               "0.987553852730975" 
[25] "0.987553852730975"  "0.99"               "0.99"              
[28] "0.98930066579593"   "0.98930066579593"   "0.99"              
[31] "0.99"               "0.99"               "0.99"              
[34] "0.99"               "0.99"               "0.948711436915892" 
[37] "0.948711436915892"  "0.982031742259499"  "0.982031742259499" 
[40] "0.0352220053368664" "0.0352220053368664" "beta :"            
[43] "1"                 
[1] " old Likelihood:  -5722493.6345298"
[1] "New Likelihood:  -5722493.24890832"
iter:  0  f-value:  839.0317  pgrad:  0.9792984 
iter:  10  f-value:  839.0307  pgrad:  0.1039473 
iter:  20  f-value:  839.0306  pgrad:  0.102433 
iter:  30  f-value:  839.0306  pgrad:  0.1016076 
iter:  40  f-value:  839.0305  pgrad:  0.09834139 
iter:  50  f-value:  839.0305  pgrad:  0.09853352 
  Unsuccessful convergence.
Time difference of 14.49661 mins
[1] "maxIt: 20"
[1] "It: 14"
 [1] "sigma:"             "0.99"               "0.99"              
 [4] "0.99"               "0.99"               "0.99"              
 [7] "0.99"               "0.99"               "0.99"              
[10] "0.99"               "0.99"               "0.99"              
[13] "0.99"               "0.99"               "0.99"              
[16] "0.99"               "0.99"               "0.99"              
[19] "0.99"               "0.99"               "0.99"              
[22] "0.99"               "0.99"               "0.98736891376456"  
[25] "0.98736891376456"   "0.99"               "0.99"              
[28] "0.989616987144372"  "0.989616987144372"  "0.99"              
[31] "0.99"               "0.99"               "0.99"              
[34] "0.99"               "0.99"               "0.948936817519623" 
[37] "0.948936817519623"  "0.98154141366011"   "0.98154141366011"  
[40] "0.0359678686736079" "0.0359678686736079" "beta :"            
[43] "1"                 
 [1] "sigma:"             "0.99"               "0.99"              
 [4] "0.99"               "0.99"               "0.99"              
 [7] "0.99"               "0.99"               "0.99"              
[10] "0.99"               "0.99"               "0.99"              
[13] "0.99"               "0.99"               "0.99"              
[16] "0.99"               "0.99"               "0.99"              
[19] "0.99"               "0.99"               "0.99"              
[22] "0.99"               "0.99"               "0.98736891376456"  
[25] "0.98736891376456"   "0.99"               "0.99"              
[28] "0.989616987144372"  "0.989616987144372"  "0.99"              
[31] "0.99"               "0.99"               "0.99"              
[34] "0.99"               "0.99"               "0.948936817519623" 
[37] "0.948936817519623"  "0.98154141366011"   "0.98154141366011"  
[40] "0.0359678686736079" "0.0359678686736079" "beta :"            
[43] "1"                 
[1] " old Likelihood:  -5722493.24890832"
[1] "New Likelihood:  -5722493.27955699"
Time difference of 11.3444 mins
 [1] "sigma:"             "0.99"               "0.99"              
 [4] "0.99"               "0.99"               "0.99"              
 [7] "0.99"               "0.99"               "0.99"              
[10] "0.99"               "0.99"               "0.99"              
[13] "0.99"               "0.99"               "0.99"              
[16] "0.99"               "0.99"               "0.99"              
[19] "0.99"               "0.99"               "0.99"              
[22] "0.99"               "0.99"               "0.98736891376456"  
[25] "0.98736891376456"   "0.99"               "0.99"              
[28] "0.989616987144372"  "0.989616987144372"  "0.99"              
[31] "0.99"               "0.99"               "0.99"              
[34] "0.99"               "0.99"               "0.948936817519623" 
[37] "0.948936817519623"  "0.98154141366011"   "0.98154141366011"  
[40] "0.0359678686736079" "0.0359678686736079" "beta :"            
[43] "1"                 
[1] 1999978 1999220 1999018 1998338 1999052
[1] 1 1 1 1 1
saved RDS
inference successful
