[1] "Original length"
[1] 999894
[1] "Final length"
[1] 20006
[1] "sequence length : 999895" "sequence length : 999863"
[3] "sequence length : 999703" "sequence length : 999929"
[5] "sequence length : 999937"
[1] "former Rho:"
[1] 1478.755 1502.212 1568.046 1472.206 1499.679
[1] "old mu :"
[1] 0.0007394552 0.0007512087 0.0007842561 0.0007361555 0.0007498866
[1] "new mu :"
[1] 0.0007521924
[1] "new Rho:"
[1] 1504.227 1504.179 1503.938 1504.278 1504.290
[1] 1 1 1 1 1
[1] "Beta: 1"
[1] "Self: 0"
[1] 1
[1] "Rho"
[1] 1504.227 1504.179 1503.938 1504.278 1504.290
[1] "It: 1"
[1] "sigma:" "0"      "beta :" "1"     
[1] "rho/theta:" "1"         
[1] "sigma:" "0.0495" "beta :" "1"     
[1] "rho/theta:" "1"         
Time difference of 1.554036 secs
[1] "New Likelihood:  -10336255.4651642"
[1] 4999322
[1] 4999327
iter:  0  f-value:  43073.61  pgrad:  0.5 
iter:  10  f-value:  43073.19  pgrad:  0.9474917 
iter:  20  f-value:  43072.99  pgrad:  0.9357307 
iter:  30  f-value:  43072.96  pgrad:  0.932532 
  Unsuccessful convergence.
[1] 0.0675088
 [1] "Xi: 0.501382057799986" "Xi: 0.501357778297815" "Xi: 0.501566828933772"
 [4] "Xi: 0.502089557380963" "Xi: 0.503082982119048" "Xi: 0.504053429763148"
 [7] "Xi: 0.504649163385753" "Xi: 0.504730422002948" "Xi: 0.504566285229625"
[10] "Xi: 0.504007702481566" "Xi: 0.503486255725183" "Xi: 0.503197839502248"
[13] "Xi: 0.502858874974386" "Xi: 0.502424949199784" "Xi: 0.502067956112353"
[16] "Xi: 0.501712407402413" "Xi: 0.501297530007753" "Xi: 0.500916706674997"
[19] "Xi: 0.50069492320297"  "Xi: 0.500616418028387"
Time difference of 11.03107 mins
[1] "Rho"
[1] 1504.227 1504.179 1503.938 1504.278 1504.290
[1] "It: 2"
[1] "sigma:"             "0.0668337119619025" "beta :"            
[4] "1"                 
[1] "rho/theta:" "1"         
Time difference of 1.544643 secs
[1] " old Likelihood:  -10336255.4651642"
[1] "New Likelihood:  -10336083.1462579"
[1] 4999322
[1] 4999327
iter:  0  f-value:  42935.92  pgrad:  0.9324912 
iter:  10  f-value:  42935.79  pgrad:  0.9287438 
iter:  20  f-value:  42935.67  pgrad:  0.9164314 
iter:  30  f-value:  42935.66  pgrad:  0.4987133 
  Unsuccessful convergence.
[1] 0.08474289
 [1] "Xi: 0.502438784031723" "Xi: 0.502347236017516" "Xi: 0.503064255648958"
 [4] "Xi: 0.504514307118752" "Xi: 0.50703783478898"  "Xi: 0.509078153429326"
 [7] "Xi: 0.509487600577014" "Xi: 0.508205531121249" "Xi: 0.506934722665269"
[10] "Xi: 0.505780103130137" "Xi: 0.505031257601257" "Xi: 0.504814608445784"
[13] "Xi: 0.504485006330128" "Xi: 0.503943844773336" "Xi: 0.50348397753815" 
[16] "Xi: 0.502992713494685" "Xi: 0.502328811983376" "Xi: 0.501677140413337"
[19] "Xi: 0.501298407639371" "Xi: 0.501192530337437"
Time difference of 5.034833 mins
[1] "Rho"
[1] 1504.227 1504.179 1503.938 1504.278 1504.290
[1] "It: 3"
[1] "sigma:"             "0.0838954634394353" "beta :"            
[4] "1"                 
[1] "rho/theta:" "1"         
Time difference of 1.560883 secs
[1] " old Likelihood:  -10336083.1462579"
[1] "New Likelihood:  -10336001.1906088"
[1] 4999322
[1] 4999327
iter:  0  f-value:  42692.45  pgrad:  0.9152571 
iter:  10  f-value:  42692.36  pgrad:  0.9103997 
iter:  20  f-value:  42692.3  pgrad:  0.9039916 
iter:  30  f-value:  42692.29  pgrad:  0.7374183 
  Unsuccessful convergence.
[1] 0.09868709
 [1] "Xi: 0.503101306365316" "Xi: 0.502963399254104" "Xi: 0.503970984797519"
 [4] "Xi: 0.505972804345174" "Xi: 0.509382101489016" "Xi: 0.511931953733732"
 [7] "Xi: 0.512021905051946" "Xi: 0.509684720129152" "Xi: 0.507767760690361"
[10] "Xi: 0.506385631113815" "Xi: 0.505574390177602" "Xi: 0.505576276534758"
[13] "Xi: 0.505369244460669" "Xi: 0.504850207314641" "Xi: 0.504409012628939"
[16] "Xi: 0.503889879030913" "Xi: 0.50306557776122"  "Xi: 0.502209396053399"
[19] "Xi: 0.501721992392615" "Xi: 0.501592269213166"
Time difference of 5.042346 mins
[1] "Rho"
[1] 1504.227 1504.179 1503.938 1504.278 1504.290
[1] "It: 4"
[1] "sigma:"             "0.0977002233107933" "beta :"            
[4] "1"                 
[1] "rho/theta:" "1"         
Time difference of 1.548367 secs
[1] " old Likelihood:  -10336001.1906088"
[1] "New Likelihood:  -10335950.0002162"
[1] 4999322
[1] 4999327
iter:  0  f-value:  42452.04  pgrad:  0.9013129 
iter:  10  f-value:  42451.97  pgrad:  0.8974799 
iter:  20  f-value:  42451.92  pgrad:  0.8917671 
iter:  30  f-value:  42451.92  pgrad:  0.8907094 
  Unsuccessful convergence.
[1] 0.1097028
 [1] "Xi: 0.50361102185454"  "Xi: 0.503437505858268" "Xi: 0.504658587371417"
 [4] "Xi: 0.507034273341464" "Xi: 0.511018160906581" "Xi: 0.513878607323523"
 [7] "Xi: 0.513723586480927" "Xi: 0.510602676294219" "Xi: 0.508137417342002"
[10] "Xi: 0.50660171921639"  "Xi: 0.505747881748318" "Xi: 0.505958735924477"
[13] "Xi: 0.505886995841783" "Xi: 0.505417852401158" "Xi: 0.505034598096145"
[16] "Xi: 0.504498134432145" "Xi: 0.503654435275963" "Xi: 0.502570958813208"
[19] "Xi: 0.501999236175788" "Xi: 0.501870431134714"
Time difference of 5.051906 mins
[1] "Rho"
[1] 1504.227 1504.179 1503.938 1504.278 1504.290
[1] "It: 5"
[1] "sigma:"            "0.108605740122138" "beta :"           
[4] "1"                
[1] "rho/theta:" "1"         
Time difference of 1.56265 secs
[1] " old Likelihood:  -10335950.0002162"
[1] "New Likelihood:  -10335911.8835876"
[1] 4999322
[1] 4999327
iter:  0  f-value:  42242.26  pgrad:  0.8902972 
iter:  10  f-value:  42242.19  pgrad:  0.8859739 
iter:  20  f-value:  42242.16  pgrad:  0.8825956 
iter:  30  f-value:  42242.15  pgrad:  0.8795271 
  Unsuccessful convergence.
[1] 0.1204855
 [1] "Xi: 0.504139882404766" "Xi: 0.503928763405892" "Xi: 0.505366446310816"
 [4] "Xi: 0.508118509778555" "Xi: 0.512678051132912" "Xi: 0.515837529237931"
 [7] "Xi: 0.515430360730665" "Xi: 0.511536820690453" "Xi: 0.50856865293184" 
[10] "Xi: 0.506880627967671" "Xi: 0.505937403711399" "Xi: 0.506307652049462"
[13] "Xi: 0.506340516258469" "Xi: 0.505901900185394" "Xi: 0.505577356189798"
[16] "Xi: 0.50507258206049"  "Xi: 0.504133130220503" "Xi: 0.50290090115309" 
[19] "Xi: 0.50225943206266"  "Xi: 0.502141005747376"
Time difference of 5.051409 mins
[1] "Rho"
[1] 1504.227 1504.179 1503.938 1504.278 1504.290
[1] "It: 6"
[1] "sigma:"            "0.119280642549696" "beta :"           
[4] "1"                
[1] "rho/theta:" "1"         
Time difference of 1.586397 secs
[1] " old Likelihood:  -10335911.8835876"
[1] "New Likelihood:  -10335875.4076381"
[1] 4999322
[1] 4999327
iter:  0  f-value:  42024.9  pgrad:  0.8795145 
iter:  10  f-value:  42024.83  pgrad:  0.8754631 
iter:  20  f-value:  42024.8  pgrad:  0.8719475 
iter:  30  f-value:  42024.79  pgrad:  0.8690955 
  Unsuccessful convergence.
[1] 0.1309168
 [1] "Xi: 0.504701035592701" "Xi: 0.504449424930996" "Xi: 0.506109834764775"
 [4] "Xi: 0.509247549397601" "Xi: 0.514394180570428" "Xi: 0.5178384105655"  
 [7] "Xi: 0.517151579091229" "Xi: 0.512482325937122" "Xi: 0.509057291964592"
[10] "Xi: 0.507221508118923" "Xi: 0.506158129469326" "Xi: 0.506648131162412"
[13] "Xi: 0.506755686218439" "Xi: 0.506339829434098" "Xi: 0.506061636025647"
[16] "Xi: 0.505595315315052" "Xi: 0.504572249904656" "Xi: 0.503205738206442"
[19] "Xi: 0.50250463133554"  "Xi: 0.502402588452462"
Time difference of 5.063856 mins
[1] "Rho"
[1] 1504.227 1504.179 1503.938 1504.278 1504.290
[1] "It: 7"
[1] "sigma:"            "0.129607622599654" "beta :"           
[4] "1"                
[1] "rho/theta:" "1"         
Time difference of 1.574587 secs
[1] " old Likelihood:  -10335875.4076381"
[1] "New Likelihood:  -10335840.6793934"
[1] 4999322
[1] 4999327
iter:  0  f-value:  41807.52  pgrad:  0.8690832 
iter:  10  f-value:  41807.45  pgrad:  0.8647391 
iter:  20  f-value:  41807.43  pgrad:  0.8610017 
iter:  30  f-value:  41807.42  pgrad:  0.8588379 
  Unsuccessful convergence.
[1] 0.1411692
 [1] "Xi: 0.505272466493171" "Xi: 0.504979089599423" "Xi: 0.506857789026282"
 [4] "Xi: 0.510371273635038" "Xi: 0.516084824956947" "Xi: 0.519787629796676"
 [7] "Xi: 0.518814380976436" "Xi: 0.513393989529666" "Xi: 0.509572971809855"
[10] "Xi: 0.507623677216651" "Xi: 0.50642214498203"  "Xi: 0.507001301590102"
[13] "Xi: 0.507155706172135" "Xi: 0.506736944760497" "Xi: 0.506507842913711"
[16] "Xi: 0.50608613281718"  "Xi: 0.504989939238181" "Xi: 0.503499011846466"
[19] "Xi: 0.502745860131561" "Xi: 0.50266505431072" 
Time difference of 5.059115 mins
[1] "Rho"
[1] 1504.227 1504.179 1503.938 1504.278 1504.290
[1] "It: 8"
[1] "sigma:"            "0.139757472603921" "beta :"           
[4] "1"                
[1] "rho/theta:" "1"         
Time difference of 1.58369 secs
[1] " old Likelihood:  -10335840.6793934"
[1] "New Likelihood:  -10335807.11548"
[1] 4999322
[1] 4999327
iter:  0  f-value:  41588.39  pgrad:  0.8588308 
iter:  10  f-value:  41588.33  pgrad:  0.8543901 
iter:  20  f-value:  41588.3  pgrad:  0.8510392 
iter:  30  f-value:  41588.3  pgrad:  0.8493587 
  Unsuccessful convergence.
[1] 0.1506508
 [1] "Xi: 0.505806074022911" "Xi: 0.505473547075929" "Xi: 0.507549445207623"
 [4] "Xi: 0.511391477468761" "Xi: 0.517591082086158" "Xi: 0.521503881045087"
 [7] "Xi: 0.520269144671608" "Xi: 0.51419036551904"  "Xi: 0.510042596501564"
[10] "Xi: 0.508021911105548" "Xi: 0.506683752664535" "Xi: 0.507334266771446"
[13] "Xi: 0.50751656397386"  "Xi: 0.507081117397129" "Xi: 0.506897239824737"
[16] "Xi: 0.506523126266516" "Xi: 0.505362810432818" "Xi: 0.503756208387023"
[19] "Xi: 0.502957806703522" "Xi: 0.502901236900734"
Time difference of 5.061932 mins
[1] "Rho"
[1] 1504.227 1504.179 1503.938 1504.278 1504.290
[1] "It: 9"
[1] "sigma:"            "0.149144324467539" "beta :"           
[4] "1"                
[1] "rho/theta:" "1"         
Time difference of 1.561838 secs
[1] " old Likelihood:  -10335807.11548"
[1] "New Likelihood:  -10335776.4468546"
[1] 4999322
[1] 4999327
iter:  0  f-value:  41380.55  pgrad:  0.8493492 
iter:  10  f-value:  41380.49  pgrad:  0.8451352 
iter:  20  f-value:  41380.46  pgrad:  0.8411849 
iter:  30  f-value:  41380.46  pgrad:  0.8403039 
  Unsuccessful convergence.
[1] 0.1597171
 [1] "Xi: 0.506333760850618" "Xi: 0.505962957076943" "Xi: 0.508228115941197"
 [4] "Xi: 0.512380286250289" "Xi: 0.519034443857818" "Xi: 0.523130919357862"
 [7] "Xi: 0.521634825387893" "Xi: 0.514933880847389" "Xi: 0.510509484687931"
[10] "Xi: 0.508448135106721" "Xi: 0.506970089205568" "Xi: 0.507675404330206"
[13] "Xi: 0.507868043503318" "Xi: 0.507402186843475" "Xi: 0.507257130560217"
[16] "Xi: 0.50693162199579"  "Xi: 0.505712668289684" "Xi: 0.503997005991633"
[19] "Xi: 0.50315838655373"  "Xi: 0.503128531485243"
Time difference of 5.060553 mins
[1] "Rho"
[1] 1504.227 1504.179 1503.938 1504.278 1504.290
[1] "It: 10"
[1] "sigma:"            "0.158119930144941" "beta :"           
[4] "1"                
[1] "rho/theta:" "1"         
Time difference of 1.564029 secs
[1] " old Likelihood:  -10335776.4468546"
[1] "New Likelihood:  -10335747.5814542"
[1] 4999322
[1] 4999327
iter:  0  f-value:  41178.64  pgrad:  0.8402829 
iter:  10  f-value:  41178.59  pgrad:  0.8363304 
iter:  20  f-value:  41178.56  pgrad:  0.831194 
iter:  30  f-value:  41178.56  pgrad:  0.4865619 
  Unsuccessful convergence.
[1] 0.1689221
 [1] "Xi: 0.506907774989158" "Xi: 0.506495189238002" "Xi: 0.508959803083247"
 [4] "Xi: 0.513441498957105" "Xi: 0.520579737184731" "Xi: 0.524854417600263"
 [7] "Xi: 0.523054681388666" "Xi: 0.515684289344818" "Xi: 0.511014462905119"
[10] "Xi: 0.508937396401429" "Xi: 0.507310630686957" "Xi: 0.508055045262032"
[13] "Xi: 0.508241918134285" "Xi: 0.507733202150836" "Xi: 0.507620857002257"
[16] "Xi: 0.507343206548783" "Xi: 0.5060689896665"   "Xi: 0.504248917822029"
[19] "Xi: 0.503373649959316" "Xi: 0.503373604049369"
Time difference of 5.059252 mins
[1] "Rho"
[1] 1504.227 1504.179 1503.938 1504.278 1504.290
[1] "It: 11"
[1] "sigma:"            "0.167232913566121" "beta :"           
[4] "1"                
[1] "rho/theta:" "1"         
Time difference of 1.565212 secs
[1] " old Likelihood:  -10335747.5814542"
[1] "New Likelihood:  -10335718.9236261"
[1] 4999322
[1] 4999327
iter:  0  f-value:  40972.18  pgrad:  0.8310779 
iter:  10  f-value:  40972.13  pgrad:  0.8272715 
iter:  20  f-value:  40972.11  pgrad:  0.8221566 
iter:  30  f-value:  40972.11  pgrad:  0.4855285 
  Unsuccessful convergence.
[1] 0.1778872
 [1] "Xi: 0.507480232809745" "Xi: 0.507025488560377" "Xi: 0.509681822907849"
 [4] "Xi: 0.514475352954927" "Xi: 0.522069538033159" "Xi: 0.526497735171174"
 [7] "Xi: 0.524386021318423" "Xi: 0.516353044495318" "Xi: 0.511486237450532"
[10] "Xi: 0.509433027346195" "Xi: 0.507660467546672" "Xi: 0.50843706810778" 
[13] "Xi: 0.508609633536972" "Xi: 0.508050074367366" "Xi: 0.507966113703939"
[16] "Xi: 0.507737601150277" "Xi: 0.506412638955304" "Xi: 0.50449351082688" 
[19] "Xi: 0.503585761377183" "Xi: 0.503618019564113"
Time difference of 5.065227 mins
[1] "Rho"
[1] 1504.227 1504.179 1503.938 1504.278 1504.290
[1] "It: 12"
[1] "sigma:"            "0.176108291583947" "beta :"           
[4] "1"                
[1] "rho/theta:" "1"         
Time difference of 1.670309 secs
[1] " old Likelihood:  -10335718.9236261"
[1] "New Likelihood:  -10335691.5355802"
[1] 4999322
[1] 4999327
iter:  0  f-value:  40768.26  pgrad:  0.8221128 
iter:  10  f-value:  40768.21  pgrad:  0.8184965 
iter:  20  f-value:  40768.19  pgrad:  0.813903 
iter:  30  f-value:  40768.18  pgrad:  0.4890171 
  Unsuccessful convergence.
[1] 0.1862167
 [1] "Xi: 0.508026164494731" "Xi: 0.507529912208428" "Xi: 0.510364159541189"
 [4] "Xi: 0.515439115991346" "Xi: 0.523437352160334" "Xi: 0.527989485304148"
 [7] "Xi: 0.525578561665332" "Xi: 0.516917808646101" "Xi: 0.511893726082757"
[10] "Xi: 0.509895637504641" "Xi: 0.507989280101441" "Xi: 0.508796127516151"
[13] "Xi: 0.508948697413844" "Xi: 0.508332133618727" "Xi: 0.508273763795289"
[16] "Xi: 0.508096097488536" "Xi: 0.506725132763463" "Xi: 0.504712459119839"
[19] "Xi: 0.503776247719141" "Xi: 0.50384223952561" 
Time difference of 5.071565 mins
[1] "Rho"
[1] 1504.227 1504.179 1503.938 1504.278 1504.290
[1] "It: 13"
[1] "sigma:"            "0.184354537323754" "beta :"           
[4] "1"                
[1] "rho/theta:" "1"         
Time difference of 1.652355 secs
[1] " old Likelihood:  -10335691.5355802"
[1] "New Likelihood:  -10335666.437281"
[1] 4999322
[1] 4999327
iter:  0  f-value:  40575.32  pgrad:  0.8137833 
iter:  10  f-value:  40575.27  pgrad:  0.8104243 
iter:  20  f-value:  40575.26  pgrad:  0.8066368 
iter:  30  f-value:  40575.25  pgrad:  0.7345079 
  Unsuccessful convergence.
[1] 0.1940628
 [1] "Xi: 0.508583260215426" "Xi: 0.508045492905197" "Xi: 0.511054468660051"
 [4] "Xi: 0.516403963737145" "Xi: 0.524795924247145" "Xi: 0.529454154754021"
 [7] "Xi: 0.526727542700307" "Xi: 0.517434833503087" "Xi: 0.512276380812752"
[10] "Xi: 0.510346106987683" "Xi: 0.508312985748539" "Xi: 0.509146732053616"
[13] "Xi: 0.509277772998344" "Xi: 0.508590045371192" "Xi: 0.508556638228953"
[16] "Xi: 0.508429931953165" "Xi: 0.507016285254704" "Xi: 0.504914432242841"
[19] "Xi: 0.50395189162911"  "Xi: 0.50405365107965" 
Time difference of 5.050809 mins
[1] "Rho"
[1] 1504.227 1504.179 1503.938 1504.278 1504.290
[1] "It: 14"
[1] "sigma:"            "0.192122187668146" "beta :"           
[4] "1"                
[1] "rho/theta:" "1"         
Time difference of 1.57307 secs
[1] " old Likelihood:  -10335666.437281"
[1] "New Likelihood:  -10335643.1666232"
[1] 4999322
[1] 4999327
iter:  0  f-value:  40391.24  pgrad:  0.8059372 
iter:  10  f-value:  40391.2  pgrad:  0.8027957 
iter:  20  f-value:  40391.18  pgrad:  0.7994365 
iter:  30  f-value:  40391.18  pgrad:  0.7125345 
  Unsuccessful convergence.
[1] 0.2015531
 [1] "Xi: 0.509117758364899" "Xi: 0.508540008528842" "Xi: 0.511711342835998"
 [4] "Xi: 0.517311254121022" "Xi: 0.526057492953659" "Xi: 0.530803236612216"
 [7] "Xi: 0.527777001437462" "Xi: 0.517879267379693" "Xi: 0.51262054592221" 
[10] "Xi: 0.510787609459417" "Xi: 0.508635407892599" "Xi: 0.509494821427249"
[13] "Xi: 0.509593453608085" "Xi: 0.508831312545418" "Xi: 0.508823030566441"
[16] "Xi: 0.508747567780816" "Xi: 0.507293910697739" "Xi: 0.505106103553906"
[19] "Xi: 0.504121352214167" "Xi: 0.504258438174693"
Time difference of 5.068338 mins
[1] "Rho"
[1] 1504.227 1504.179 1503.938 1504.278 1504.290
[1] "It: 15"
[1] "sigma:"            "0.199537584573774" "beta :"           
[4] "1"                
[1] "rho/theta:" "1"         
Time difference of 1.568881 secs
[1] " old Likelihood:  -10335643.1666232"
[1] "New Likelihood:  -10335621.3948247"
[1] 4999322
[1] 4999327
iter:  0  f-value:  40213.69  pgrad:  0.7984469 
iter:  10  f-value:  40213.65  pgrad:  0.7954852 
iter:  20  f-value:  40213.63  pgrad:  0.7922889 
iter:  30  f-value:  40213.63  pgrad:  0.7913111 
  Unsuccessful convergence.
[1] 0.2087051
 [1] "Xi: 0.509628646059681" "Xi: 0.509012144215408" "Xi: 0.512334908327289"
 [4] "Xi: 0.518162906147347" "Xi: 0.52722745568619"  "Xi: 0.532046538376946"
 [7] "Xi: 0.52873874883376"  "Xi: 0.518263885589289" "Xi: 0.512931239424432"
[10] "Xi: 0.511220907531988" "Xi: 0.508955747665985" "Xi: 0.509839572218542"
[13] "Xi: 0.509907064167248" "Xi: 0.509068667890275" "Xi: 0.509075560911281"
[16] "Xi: 0.50905074501895"  "Xi: 0.507558907607123" "Xi: 0.505288162544978"
[19] "Xi: 0.504283473530818" "Xi: 0.504456956967698"
Time difference of 5.064929 mins
[1] "Rho"
[1] 1504.227 1504.179 1503.938 1504.278 1504.290
[1] "It: 16"
[1] "sigma:"            "0.206618034149151" "beta :"           
[4] "1"                
[1] "rho/theta:" "1"         
Time difference of 1.584483 secs
[1] " old Likelihood:  -10335621.3948247"
[1] "New Likelihood:  -10335601.0615655"
[1] 4999322
[1] 4999327
iter:  0  f-value:  40042.83  pgrad:  0.7912949 
iter:  10  f-value:  40042.8  pgrad:  0.7884839 
iter:  20  f-value:  40042.78  pgrad:  0.7852508 
iter:  30  f-value:  40042.78  pgrad:  0.78459 
  Unsuccessful convergence.
[1] 0.2154178
 [1] "Xi: 0.510095541652354" "Xi: 0.509444122518231" "Xi: 0.512901600004986"
 [4] "Xi: 0.51892734447211"  "Xi: 0.528261412675392" "Xi: 0.533139138780926"
 [7] "Xi: 0.529586134758193" "Xi: 0.518580973656832" "Xi: 0.513190772683044"
[10] "Xi: 0.511627243753885" "Xi: 0.509260227398887" "Xi: 0.510169219130906"
[13] "Xi: 0.510202156613002" "Xi: 0.509287032740695" "Xi: 0.509306715565611"
[16] "Xi: 0.509333243111742" "Xi: 0.507805847660669" "Xi: 0.50545548336576" 
[19] "Xi: 0.504432022584647" "Xi: 0.50464355069726" 
Time difference of 5.073946 mins
[1] "Rho"
[1] 1504.227 1504.179 1503.938 1504.278 1504.290
[1] "It: 17"
[1] "sigma:"            "0.213263584240623" "beta :"           
[4] "1"                
[1] "rho/theta:" "1"         
Time difference of 1.55925 secs
[1] " old Likelihood:  -10335601.0615655"
[1] "New Likelihood:  -10335582.3305982"
[1] 4999322
[1] 4999327
iter:  0  f-value:  39880.59  pgrad:  0.7845822 
iter:  10  f-value:  39880.56  pgrad:  0.7819143 
iter:  20  f-value:  39880.54  pgrad:  0.7784905 
iter:  30  f-value:  39880.54  pgrad:  0.5080655 
  Unsuccessful convergence.
[1] 0.2221955
 [1] "Xi: 0.510615031453995" "Xi: 0.509924813102795" "Xi: 0.513527366228528"
 [4] "Xi: 0.519768966061684" "Xi: 0.529405974855712" "Xi: 0.534343653373863"
 [7] "Xi: 0.530505225877037" "Xi: 0.518924384840626" "Xi: 0.513495029449743"
[10] "Xi: 0.51207624681017"  "Xi: 0.509591424171074" "Xi: 0.510520025097637"
[13] "Xi: 0.51051419153599"  "Xi: 0.509517669540119" "Xi: 0.509546931872321"
[16] "Xi: 0.509623352239333" "Xi: 0.508061189217109" "Xi: 0.505633063401235"
[19] "Xi: 0.504592742107334" "Xi: 0.504843685918097"
Time difference of 5.067057 mins
[1] "Rho"
[1] 1504.227 1504.179 1503.938 1504.278 1504.290
[1] "It: 18"
[1] "sigma:"            "0.219973584157314" "beta :"           
[4] "1"                
[1] "rho/theta:" "1"         
Time difference of 1.560831 secs
[1] " old Likelihood:  -10335582.3305982"
[1] "New Likelihood:  -10335563.9318571"
[1] 4999322
[1] 4999327
iter:  0  f-value:  39716.8  pgrad:  0.7778045 
iter:  10  f-value:  39716.77  pgrad:  0.7752334 
iter:  20  f-value:  39716.75  pgrad:  0.7718634 
iter:  30  f-value:  39716.75  pgrad:  0.4807225 
  Unsuccessful convergence.
[1] 0.2288793
 [1] "Xi: 0.511192039800717" "Xi: 0.510458496261388" "Xi: 0.51421802485786" 
 [4] "Xi: 0.520692754502515" "Xi: 0.530666284687275" "Xi: 0.535660199691401"
 [7] "Xi: 0.531485031625694" "Xi: 0.519269210259965" "Xi: 0.513813434336632"
[10] "Xi: 0.512532446272288" "Xi: 0.509923851587313" "Xi: 0.510871215730322"
[13] "Xi: 0.510825941905915" "Xi: 0.509745955963262" "Xi: 0.509783043285278"
[16] "Xi: 0.509909884466443" "Xi: 0.5083149414492"   "Xi: 0.505811636866617"
[19] "Xi: 0.504756069437386" "Xi: 0.505048721127472"
Time difference of 5.058156 mins
[1] "Rho"
[1] 1504.227 1504.179 1503.938 1504.278 1504.290
[1] "It: 19"
[1] "sigma:"            "0.226590484172056" "beta :"           
[4] "1"                
[1] "rho/theta:" "1"         
Time difference of 1.573512 secs
[1] " old Likelihood:  -10335563.9318571"
[1] "New Likelihood:  -10335546.1942052"
[1] 4999322
[1] 4999327
iter:  0  f-value:  39554.23  pgrad:  0.7711207 
iter:  10  f-value:  39554.2  pgrad:  0.7686322 
iter:  20  f-value:  39554.18  pgrad:  0.7654852 
iter:  30  f-value:  39554.18  pgrad:  0.6732444 
  Unsuccessful convergence.
[1] 0.2349648
 [1] "Xi: 0.51166143386273"  "Xi: 0.510892835100998" "Xi: 0.514774954549248"
 [4] "Xi: 0.521426264162155" "Xi: 0.531639390762291" "Xi: 0.536669718650878"
 [7] "Xi: 0.532243903144811" "Xi: 0.519484695436869" "Xi: 0.514008698129492"
[10] "Xi: 0.512911183826958" "Xi: 0.510209357002253" "Xi: 0.511183660797763"
[13] "Xi: 0.511102692304012" "Xi: 0.509940605437306" "Xi: 0.509986052830679"
[16] "Xi: 0.510164906621964" "Xi: 0.508540322455029" "Xi: 0.505965556971725"
[19] "Xi: 0.504898260780411" "Xi: 0.505231477366379"
Time difference of 5.066433 mins
[1] "Rho"
[1] 1504.227 1504.179 1503.938 1504.278 1504.290
[1] "It: 20"
[1] "sigma:"            "0.232615122854498" "beta :"           
[4] "1"                
[1] "rho/theta:" "1"         
Time difference of 1.569097 secs
[1] " old Likelihood:  -10335546.1942052"
[1] "New Likelihood:  -10335530.3118666"
[1] 4999322
[1] 4999327
iter:  0  f-value:  39403.5  pgrad:  0.7650352 
iter:  10  f-value:  39403.48  pgrad:  0.762663 
iter:  20  f-value:  39403.46  pgrad:  0.7594131 
iter:  30  f-value:  39403.46  pgrad:  0.4669833 
  Unsuccessful convergence.
[1] 0.2411666
 [1] "Xi: 0.512315324118052" "Xi: 0.511497285436578" "Xi: 0.515546550114317"
 [4] "Xi: 0.522442022408819" "Xi: 0.533020776272649" "Xi: 0.538093110451668"
 [7] "Xi: 0.533266866987534" "Xi: 0.519814408842637" "Xi: 0.514320788046754"
[10] "Xi: 0.513333278927649" "Xi: 0.510530177972694" "Xi: 0.511521479575015"
[13] "Xi: 0.511412346863995" "Xi: 0.510152046209091" "Xi: 0.510201953390269"
[16] "Xi: 0.510430902651621" "Xi: 0.508776952501147" "Xi: 0.506131828489107"
[19] "Xi: 0.505053377219609" "Xi: 0.505429314259892"
Time difference of 5.053355 mins
[1] 1 1 1 1 1
[1] 1 1 1 1 1
saved RDS
inference successful
