[1] "Original length"
[1] 999257
[1] "Final length"
[1] 19872
[1] "sequence length : 999258" "sequence length : 999928"
[3] "sequence length : 999791" "sequence length : 999516"
[5] "sequence length : 999902"
[1] 1 1 1 1 1
[1] "Beta: 1"
[1] "Self: 0"
[1] "maxIt: 20"
[1] "It: 1"
 [1] "sigma:" "0"      "0"      "0"      "0"      "0"      "0"      "0"     
 [9] "0"      "0"      "0"      "0"      "0"      "0"      "0"      "0"     
[17] "0"      "0"      "0"      "0"      "0"      "0"      "0"      "0"     
[25] "0"      "0"      "0"      "0"      "0"      "0"      "0"      "0"     
[33] "0"      "0"      "0"      "0"      "0"      "0"      "0"      "0"     
[41] "0"      "beta :" "1"     
 [1] "sigma:" "0.9405" "0.9405" "0.9405" "0.9405" "0.9405" "0.9405" "0.9405"
 [9] "0.9405" "0.9405" "0.9405" "0.9405" "0.9405" "0.594"  "0.594"  "0.396" 
[17] "0.396"  "0.396"  "0.396"  "0.297"  "0.297"  "0.1485" "0.1485" "0.099" 
[25] "0.099"  "0"      "0"      "0"      "0"      "0"      "0"      "0"     
[33] "0"      "0"      "0"      "0"      "0"      "0"      "0"      "0"     
[41] "0"      "beta :" "1"     
[1] "New Likelihood:  -10295024.2014156"
iter:  0  f-value:  42012.77  pgrad:  0.5 
iter:  10  f-value:  42012.61  pgrad:  0.9998488 
iter:  20  f-value:  42012.57  pgrad:  0.9990897 
iter:  30  f-value:  42012.56  pgrad:  0.9986378 
iter:  40  f-value:  42012.55  pgrad:  0.9980891 
iter:  50  f-value:  42012.52  pgrad:  0.9464386 
  Unsuccessful convergence.
Time difference of 1.908297 hours
[1] "maxIt: 20"
[1] "It: 2"
 [1] "sigma:"               "0.942318561430727"    "0.942318561430727"   
 [4] "0.941219887889611"    "0.941219887889611"    "0.941212238225066"   
 [7] "0.941212238225066"    "0.940793443289176"    "0.940793443289176"   
[10] "0.939722949634838"    "0.939722949634838"    "0.936965777202877"   
[13] "0.936965777202877"    "0.590418958173955"    "0.590418958173955"   
[16] "0.392780214432288"    "0.392780214432288"    "0.392972284512584"   
[19] "0.392972284512584"    "0.295396069385314"    "0.295396069385314"   
[22] "0.148549865247262"    "0.148549865247262"    "0.100645921012095"   
[25] "0.100645921012095"    "0.00251711895429027"  "0.00251711895429027" 
[28] "0.00251943549310653"  "0.00251943549310653"  "0.00288294218156606" 
[31] "0.00288294218156606"  "0.00349819260059934"  "0.00349819260059934" 
[34] "0.00337473045907861"  "0.00337473045907861"  "0.00217233201441308" 
[37] "0.00217233201441308"  "0.000764611486403829" "0.000764611486403829"
[40] "9.58862782552059e-05" "9.58862782552059e-05" "beta :"              
[43] "1"                   
 [1] "sigma:"               "0.942318561430727"    "0.942318561430727"   
 [4] "0.941219887889611"    "0.941219887889611"    "0.941212238225066"   
 [7] "0.941212238225066"    "0.940793443289176"    "0.940793443289176"   
[10] "0.593222949634837"    "0.593222949634837"    "0.590465777202877"   
[13] "0.590465777202877"    "0.392418958173955"    "0.392418958173955"   
[16] "0.293780214432288"    "0.293780214432288"    "0.392972284512584"   
[19] "0.392972284512584"    "0.295396069385314"    "0.295396069385314"   
[22] "0.198049865247262"    "0.198049865247262"    "0.150145921012095"   
[25] "0.150145921012095"    "0.00251711895429026"  "0.00251711895429026" 
[28] "0.00251943549310653"  "0.00251943549310653"  "0.00288294218156606" 
[31] "0.00288294218156606"  "0.00349819260059934"  "0.00349819260059934" 
[34] "0.00337473045907861"  "0.00337473045907861"  "0.00217233201441308" 
[37] "0.00217233201441308"  "0.000764611486403831" "0.000764611486403831"
[40] "9.5886278255204e-05"  "9.5886278255204e-05"  "beta :"              
[43] "1"                   
[1] " old Likelihood:  -10295024.2014156"
[1] "New Likelihood:  -10294941.2693442"
iter:  0  f-value:  42273.15  pgrad:  0.4997672 
iter:  10  f-value:  42273.03  pgrad:  0.9903306 
iter:  20  f-value:  42273  pgrad:  0.9430369 
iter:  30  f-value:  42272.99  pgrad:  0.9002542 
iter:  40  f-value:  42272.99  pgrad:  0.8616917 
iter:  50  f-value:  42272.97  pgrad:  0.7171184 
  Unsuccessful convergence.
Time difference of 38.75953 mins
[1] "maxIt: 20"
[1] "It: 3"
 [1] "sigma:"               "0.945003099294964"    "0.945003099294964"   
 [4] "0.942342789966395"    "0.942342789966395"    "0.942527528795107"   
 [7] "0.942527528795107"    "0.941866699676596"    "0.941866699676596"   
[10] "0.593680473606229"    "0.593680473606229"    "0.59033866265526"    
[13] "0.59033866265526"     "0.391887424633773"    "0.391887424633773"   
[16] "0.292972768386535"    "0.292972768386535"    "0.392031447218623"   
[19] "0.392031447218623"    "0.294972501338666"    "0.294972501338666"   
[22] "0.198649167232792"    "0.198649167232792"    "0.151979565905732"   
[25] "0.151979565905732"    "0.00517013826451472"  "0.00517013826451472" 
[28] "0.00532812248715711"  "0.00532812248715711"  "0.00563393729335659" 
[31] "0.00563393729335659"  "0.00637012838992559"  "0.00637012838992559" 
[34] "0.00602759187541348"  "0.00602759187541348"  "0.00392849187166897" 
[37] "0.00392849187166897"  "0.00139344244265376"  "0.00139344244265376" 
[40] "0.000163322989664106" "0.000163322989664106" "beta :"              
[43] "1"                   
 [1] "sigma:"               "0.945003099294964"    "0.945003099294964"   
 [4] "0.942342789966395"    "0.942342789966395"    "0.942527528795107"   
 [7] "0.942527528795107"    "0.941866699676596"    "0.941866699676596"   
[10] "0.989680473606229"    "0.989680473606229"    "0.29333866265526"    
[13] "0.29333866265526"     "0.391887424633773"    "0.391887424633773"   
[16] "0.292972768386535"    "0.292972768386535"    "0.392031447218623"   
[19] "0.392031447218623"    "0.344472501338666"    "0.344472501338666"   
[22] "0.248149167232792"    "0.248149167232792"    "0.201479565905732"   
[25] "0.201479565905732"    "0.0546701382645147"   "0.0546701382645147"  
[28] "0.00532812248715711"  "0.00532812248715711"  "0.00563393729335659" 
[31] "0.00563393729335659"  "0.00637012838992559"  "0.00637012838992559" 
[34] "0.00602759187541348"  "0.00602759187541348"  "0.00392849187166897" 
[37] "0.00392849187166897"  "0.00139344244265376"  "0.00139344244265376" 
[40] "0.000163322989664109" "0.000163322989664109" "beta :"              
[43] "1"                   
[1] " old Likelihood:  -10294941.2693442"
[1] "New Likelihood:  -10294879.7391045"
iter:  0  f-value:  41957.64  pgrad:  0.4995961 
iter:  10  f-value:  41957.58  pgrad:  0.6499613 
iter:  20  f-value:  41957.57  pgrad:  0.6734626 
iter:  30  f-value:  41957.56  pgrad:  0.6351911 
iter:  40  f-value:  41957.56  pgrad:  0.5510083 
iter:  50  f-value:  41957.55  pgrad:  0.535656 
  Unsuccessful convergence.
Time difference of 34.32932 mins
[1] "maxIt: 20"
[1] "It: 4"
 [1] "sigma:"               "0.947476745095888"    "0.947476745095888"   
 [4] "0.943315094147665"    "0.943315094147665"    "0.943583256388873"   
 [7] "0.943583256388873"    "0.942593063563408"    "0.942593063563408"   
[10] "0.989423215948128"    "0.989423215948128"    "0.292926714518735"   
[13] "0.292926714518735"    "0.391151660828761"    "0.391151660828761"   
[16] "0.292025449863436"    "0.292025449863436"    "0.390703399925573"   
[19] "0.390703399925573"    "0.343327461076122"    "0.343327461076122"   
[22] "0.247913613800248"    "0.247913613800248"    "0.202655257790589"   
[25] "0.202655257790589"    "0.056992617594235"    "0.056992617594235"   
[28] "0.00773294268272323"  "0.00773294268272323"  "0.00771368441225989" 
[31] "0.00771368441225989"  "0.00841312191887539"  "0.00841312191887539" 
[34] "0.00806975856968531"  "0.00806975856968531"  "0.00547131625624803" 
[37] "0.00547131625624803"  "0.00199529874513831"  "0.00199529874513831" 
[40] "0.000229587141768434" "0.000229587141768434" "beta :"              
[43] "1"                   
 [1] "sigma:"               "0.947476745095888"    "0.947476745095888"   
 [4] "0.943315094147665"    "0.943315094147665"    "0.943583256388873"   
 [7] "0.943583256388873"    "0.942593063563408"    "0.942593063563408"   
[10] "0.989423215948128"    "0.989423215948128"    "0.0949267145187354"  
[13] "0.0949267145187354"   "0.440651660828761"    "0.440651660828761"   
[16] "0.292025449863436"    "0.292025449863436"    "0.390703399925573"   
[19] "0.390703399925573"    "0.343327461076122"    "0.343327461076122"   
[22] "0.247913613800248"    "0.247913613800248"    "0.202655257790589"   
[25] "0.202655257790589"    "0.106492617594235"    "0.106492617594235"   
[28] "0.00773294268272323"  "0.00773294268272323"  "0.00771368441225989" 
[31] "0.00771368441225989"  "0.00841312191887539"  "0.00841312191887539" 
[34] "0.00806975856968531"  "0.00806975856968531"  "0.00547131625624803" 
[37] "0.00547131625624803"  "0.00199529874513831"  "0.00199529874513831" 
[40] "0.000229587141768432" "0.000229587141768432" "beta :"              
[43] "1"                   
[1] " old Likelihood:  -10294879.7391045"
[1] "New Likelihood:  -10294854.46376"
iter:  0  f-value:  41887.58  pgrad:  0.4994667 
iter:  10  f-value:  41887.55  pgrad:  0.4920746 
iter:  20  f-value:  41887.55  pgrad:  0.5081529 
iter:  30  f-value:  41887.55  pgrad:  0.6032496 
iter:  40  f-value:  41887.55  pgrad:  0.456057 
iter:  50  f-value:  41887.54  pgrad:  0.3587047 
  Unsuccessful convergence.
Time difference of 28.65253 mins
[1] "maxIt: 20"
[1] "It: 5"
 [1] "sigma:"              "0.950542017802418"   "0.950542017802418"  
 [4] "0.944502211318206"   "0.944502211318206"   "0.944890449992611"  
 [7] "0.944890449992611"   "0.943528245499187"   "0.943528245499187"  
[10] "0.989325531096626"   "0.989325531096626"   "0.0946548303336655" 
[13] "0.0946548303336655"  "0.440065839375718"   "0.440065839375718"  
[16] "0.291438548985615"   "0.291438548985615"   "0.390079578138631"  
[19] "0.390079578138631"   "0.342894898027019"   "0.342894898027019"  
[22] "0.247964524516902"   "0.247964524516902"   "0.203817566481486"  
[25] "0.203817566481486"   "0.108766929540066"   "0.108766929540066"  
[28] "0.00980226638846825" "0.00980226638846825" "0.00933263929615518"
[31] "0.00933263929615518" "0.0100158927991506"  "0.0100158927991506" 
[34] "0.00986300885192978" "0.00986300885192978" "0.00699208490136927"
[37] "0.00699208490136927" "0.00261794725185058" "0.00261794725185058"
[40] "0.00028952356834068" "0.00028952356834068" "beta :"             
[43] "1"                  
 [1] "sigma:"              "0.950542017802418"   "0.950542017802418"  
 [4] "0.944502211318206"   "0.944502211318206"   "0.944890449992611"  
 [7] "0.944890449992611"   "0.943528245499187"   "0.943528245499187"  
[10] "0.989325531096626"   "0.989325531096626"   "0.0451548303336655" 
[13] "0.0451548303336655"  "0.440065839375718"   "0.440065839375718"  
[16] "0.291438548985615"   "0.291438548985615"   "0.439579578138631"  
[19] "0.439579578138631"   "0.342894898027019"   "0.342894898027019"  
[22] "0.247964524516902"   "0.247964524516902"   "0.203817566481486"  
[25] "0.203817566481486"   "0.158266929540066"   "0.158266929540066"  
[28] "0.00980226638846825" "0.00980226638846825" "0.00933263929615518"
[31] "0.00933263929615518" "0.0100158927991506"  "0.0100158927991506" 
[34] "0.00986300885192978" "0.00986300885192978" "0.00699208490136927"
[37] "0.00699208490136927" "0.00261794725185058" "0.00261794725185058"
[40] "0.00028952356834068" "0.00028952356834068" "beta :"             
[43] "1"                  
[1] " old Likelihood:  -10294854.46376"
[1] "New Likelihood:  -10294843.2936107"
iter:  0  f-value:  41739.22  pgrad:  0.4993676 
iter:  10  f-value:  41739.2  pgrad:  0.4925096 
iter:  20  f-value:  41739.2  pgrad:  0.4983712 
iter:  30  f-value:  41739.2  pgrad:  0.3813329 
iter:  40  f-value:  41739.2  pgrad:  0.4976996 
iter:  50  f-value:  41739.2  pgrad:  0.4979057 
  Unsuccessful convergence.
Time difference of 26.05987 mins
[1] "maxIt: 20"
[1] "It: 6"
 [1] "sigma:"               "0.953060079445305"    "0.953060079445305"   
 [4] "0.945469404829682"    "0.945469404829682"    "0.945945807470657"   
 [7] "0.945945807470657"    "0.944251346788104"    "0.944251346788104"   
[10] "0.989169519106193"    "0.989169519106193"    "0.0449192925817956"  
[13] "0.0449192925817956"   "0.439548050423131"    "0.439548050423131"   
[16] "0.290917886791229"    "0.290917886791229"    "0.438975220877051"   
[19] "0.438975220877051"    "0.342457454150418"    "0.342457454150418"   
[22] "0.247782304296498"    "0.247782304296498"    "0.204380117051231"   
[25] "0.204380117051231"    "0.15974440271525"     "0.15974440271525"    
[28] "0.0111833588160635"   "0.0111833588160635"   "0.0103610701620635"  
[31] "0.0103610701620635"   "0.0109861210226391"   "0.0109861210226391"  
[34] "0.0110159003188423"   "0.0110159003188423"   "0.00807089784146088" 
[37] "0.00807089784146088"  "0.00308056767263601"  "0.00308056767263601" 
[40] "0.000334788345481493" "0.000334788345481493" "beta :"              
[43] "1"                   
 [1] "sigma:"               "0.953060079445305"    "0.953060079445305"   
 [4] "0.945469404829682"    "0.945469404829682"    "0.945945807470657"   
 [7] "0.945945807470657"    "0.944251346788104"    "0.944251346788104"   
[10] "0.989169519106193"    "0.989169519106193"    "0.0449192925817956"  
[13] "0.0449192925817956"   "0.340548050423131"    "0.340548050423131"   
[16] "0.340417886791229"    "0.340417886791229"    "0.438975220877051"   
[19] "0.438975220877051"    "0.342457454150418"    "0.342457454150418"   
[22] "0.247782304296498"    "0.247782304296498"    "0.204380117051231"   
[25] "0.204380117051231"    "0.15974440271525"     "0.15974440271525"    
[28] "0.0111833588160635"   "0.0111833588160635"   "0.0103610701620635"  
[31] "0.0103610701620635"   "0.0109861210226391"   "0.0109861210226391"  
[34] "0.0110159003188423"   "0.0110159003188423"   "0.00807089784146088" 
[37] "0.00807089784146088"  "0.00308056767263601"  "0.00308056767263601" 
[40] "0.000334788345481494" "0.000334788345481494" "beta :"              
[43] "1"                   
[1] " old Likelihood:  -10294843.2936107"
[1] "New Likelihood:  -10294837.1605053"
iter:  0  f-value:  41765.78  pgrad:  0.5023175 
iter:  10  f-value:  41765.77  pgrad:  0.490163 
iter:  20  f-value:  41765.77  pgrad:  0.3249443 
iter:  30  f-value:  41765.77  pgrad:  0.3137393 
iter:  40  f-value:  41765.77  pgrad:  0.2777233 
iter:  50  f-value:  41765.77  pgrad:  0.5022458 
  Unsuccessful convergence.
Time difference of 26.66861 mins
[1] "maxIt: 20"
[1] "It: 7"
 [1] "sigma:"               "0.955549571605464"    "0.955549571605464"   
 [4] "0.946423062752316"    "0.946423062752316"    "0.947000757596914"   
 [7] "0.947000757596914"    "0.945005959414927"    "0.945005959414927"   
[10] "0.989154931118974"    "0.989154931118974"    "0.0447855176586163"  
[13] "0.0447855176586163"   "0.34032096379611"     "0.34032096379611"    
[16] "0.340169084952217"    "0.340169084952217"    "0.43881116322136"    
[19] "0.43881116322136"     "0.342503120927653"    "0.342503120927653"   
[22] "0.248000533330738"    "0.248000533330738"    "0.205071841170601"   
[25] "0.205071841170601"    "0.161072596149144"    "0.161072596149144"   
[28] "0.0121268508688844"   "0.0121268508688844"   "0.0108043575455196"  
[31] "0.0108043575455196"   "0.0113811504159819"   "0.0113811504159819"  
[34] "0.0117947556121898"   "0.0117947556121898"   "0.00897011644489326" 
[37] "0.00897011644489326"  "0.00348418004808278"  "0.00348418004808278" 
[40] "0.000370106169344462" "0.000370106169344462" "beta :"              
[43] "1"                   
 [1] "sigma:"               "0.955549571605464"    "0.955549571605464"   
 [4] "0.946423062752316"    "0.946423062752316"    "0.947000757596914"   
 [7] "0.947000757596914"    "0.945005959414927"    "0.945005959414927"   
[10] "0.989154931118974"    "0.989154931118974"    "0.0447855176586163"  
[13] "0.0447855176586163"   "0.29082096379611"     "0.29082096379611"    
[16] "0.340169084952217"    "0.340169084952217"    "0.48831116322136"    
[19] "0.48831116322136"     "0.342503120927653"    "0.342503120927653"   
[22] "0.248000533330738"    "0.248000533330738"    "0.205071841170601"   
[25] "0.205071841170601"    "0.210572596149144"    "0.210572596149144"   
[28] "0.0121268508688844"   "0.0121268508688844"   "0.0108043575455196"  
[31] "0.0108043575455196"   "0.0113811504159819"   "0.0113811504159819"  
[34] "0.0117947556121898"   "0.0117947556121898"   "0.00897011644489326" 
[37] "0.00897011644489326"  "0.00348418004808278"  "0.00348418004808278" 
[40] "0.000370106169344461" "0.000370106169344461" "beta :"              
[43] "1"                   
[1] " old Likelihood:  -10294837.1605053"
[1] "New Likelihood:  -10294834.3491155"
iter:  0  f-value:  41599.29  pgrad:  0.4992307 
iter:  10  f-value:  41599.28  pgrad:  0.5036418 
iter:  20  f-value:  41599.28  pgrad:  0.4765031 
iter:  30  f-value:  41599.27  pgrad:  0.26208 
iter:  40  f-value:  41599.27  pgrad:  0.498066 
iter:  50  f-value:  41599.27  pgrad:  0.5524635 
  Unsuccessful convergence.
Time difference of 26.06378 mins
[1] "maxIt: 20"
[1] "It: 8"
 [1] "sigma:"               "0.957355772764083"    "0.957355772764083"   
 [4] "0.947109657726871"    "0.947109657726871"    "0.947748666531515"   
 [7] "0.947748666531515"    "0.945507989257331"    "0.945507989257331"   
[10] "0.989043655592874"    "0.989043655592874"    "0.0446504096732636"  
[13] "0.0446504096732636"   "0.290584438281852"    "0.290584438281852"   
[16] "0.339818408752572"    "0.339818408752572"    "0.487866611882481"   
[19] "0.487866611882481"    "0.342197436008328"    "0.342197436008328"   
[22] "0.247775607390856"    "0.247775607390856"    "0.205218171752894"   
[25] "0.205218171752894"    "0.211356181597149"    "0.211356181597149"   
[28] "0.0128806060205573"   "0.0128806060205573"   "0.011327880727121"   
[31] "0.011327880727121"    "0.0118238120152577"   "0.0118238120152577"  
[34] "0.012370432527809"    "0.012370432527809"    "0.00959876550684298" 
[37] "0.00959876550684298"  "0.00376678595993375"  "0.00376678595993375" 
[40] "0.000395057624344301" "0.000395057624344301" "beta :"              
[43] "1"                   
 [1] "sigma:"               "0.957355772764083"    "0.957355772764083"   
 [4] "0.947109657726871"    "0.947109657726871"    "0.947748666531515"   
 [7] "0.947748666531515"    "0.945507989257331"    "0.945507989257331"   
[10] "0.989043655592874"    "0.989043655592874"    "0.0446504096732636"  
[13] "0.0446504096732636"   "0.191584438281852"    "0.191584438281852"   
[16] "0.339818408752572"    "0.339818408752572"    "0.487866611882481"   
[19] "0.487866611882481"    "0.342197436008328"    "0.342197436008328"   
[22] "0.247775607390856"    "0.247775607390856"    "0.205218171752894"   
[25] "0.205218171752894"    "0.211356181597149"    "0.211356181597149"   
[28] "0.0128806060205573"   "0.0128806060205573"   "0.011327880727121"   
[31] "0.011327880727121"    "0.0118238120152577"   "0.0118238120152577"  
[34] "0.012370432527809"    "0.012370432527809"    "0.00959876550684298" 
[37] "0.00959876550684298"  "0.00376678595993375"  "0.00376678595993375" 
[40] "0.000395057624344304" "0.000395057624344304" "beta :"              
[43] "1"                   
[1] " old Likelihood:  -10294834.3491155"
[1] "New Likelihood:  -10294831.102216"
iter:  0  f-value:  41640.45  pgrad:  0.5021166 
iter:  10  f-value:  41640.45  pgrad:  0.4889004 
iter:  20  f-value:  41640.45  pgrad:  0.4975866 
iter:  30  f-value:  41640.44  pgrad:  0.3191235 
iter:  40  f-value:  41640.44  pgrad:  0.3640889 
iter:  50  f-value:  41640.44  pgrad:  0.2860907 
  Unsuccessful convergence.
Time difference of 26.67851 mins
[1] "maxIt: 20"
[1] "It: 9"
 [1] "sigma:"               "0.958403785324157"    "0.958403785324157"   
 [4] "0.947517009725132"    "0.947517009725132"    "0.948200612738524"   
 [7] "0.948200612738524"    "0.945837810286786"    "0.945837810286786"   
[10] "0.9890611182586"      "0.9890611182586"      "0.0446200996094745"  
[13] "0.0446200996094745"   "0.191559623057"       "0.191559623057"      
[16] "0.339765575438518"    "0.339765575438518"    "0.48783003142403"    
[19] "0.48783003142403"     "0.342286890495721"    "0.342286890495721"   
[22] "0.247858472024159"    "0.247858472024159"    "0.205388162007524"   
[25] "0.205388162007524"    "0.211818877402553"    "0.211818877402553"   
[28] "0.0132712127393376"   "0.0132712127393376"   "0.0115750888205844"  
[31] "0.0115750888205844"   "0.0120174832316358"   "0.0120174832316358"  
[34] "0.0126669814783518"   "0.0126669814783518"   "0.00997742210588649" 
[37] "0.00997742210588649"  "0.00397640141970155"  "0.00397640141970155" 
[40] "0.000470694614149351" "0.000470694614149351" "beta :"              
[43] "1"                   
 [1] "sigma:"               "0.958403785324157"    "0.958403785324157"   
 [4] "0.947517009725132"    "0.947517009725132"    "0.948200612738524"   
 [7] "0.948200612738524"    "0.945837810286786"    "0.945837810286786"   
[10] "0.9890611182586"      "0.9890611182586"      "0.0446200996094745"  
[13] "0.0446200996094745"   "0.191559623057"       "0.191559623057"      
[16] "0.339765575438518"    "0.339765575438518"    "0.48783003142403"    
[19] "0.48783003142403"     "0.391786890495721"    "0.391786890495721"   
[22] "0.247858472024159"    "0.247858472024159"    "0.205388162007524"   
[25] "0.205388162007524"    "0.211818877402553"    "0.211818877402553"   
[28] "0.0132712127393376"   "0.0132712127393376"   "0.0115750888205844"  
[31] "0.0115750888205844"   "0.0120174832316358"   "0.0120174832316358"  
[34] "0.0126669814783518"   "0.0126669814783518"   "0.0099774221058865"  
[37] "0.0099774221058865"   "0.00397640141970155"  "0.00397640141970155" 
[40] "0.000470694614149351" "0.000470694614149351" "beta :"              
[43] "1"                   
[1] " old Likelihood:  -10294831.102216"
[1] "New Likelihood:  -10294829.9478775"
iter:  0  f-value:  41589.17  pgrad:  0.5025252 
iter:  10  f-value:  41589.17  pgrad:  0.4884365 
iter:  20  f-value:  41589.17  pgrad:  0.3637979 
iter:  30  f-value:  41589.16  pgrad:  0.2395973 
iter:  40  f-value:  41589.16  pgrad:  0.1847366 
iter:  50  f-value:  41589.16  pgrad:  0.5024944 
  Unsuccessful convergence.
Time difference of 25.47241 mins
[1] "maxIt: 20"
[1] "It: 10"
 [1] "sigma:"               "0.960659349655233"    "0.960659349655233"   
 [4] "0.948370693925375"    "0.948370693925375"    "0.949134661428046"   
 [7] "0.949134661428046"    "0.946464174989842"    "0.946464174989842"   
[10] "0.988945397421282"    "0.988945397421282"    "0.0444887528338902"  
[13] "0.0444887528338902"   "0.191372745007371"    "0.191372745007371"   
[16] "0.339414073646133"    "0.339414073646133"    "0.487365672080186"   
[19] "0.487365672080186"    "0.391492280914113"    "0.391492280914113"   
[22] "0.247733108692243"    "0.247733108692243"    "0.205637970232871"   
[25] "0.205637970232871"    "0.212678350052184"    "0.212678350052184"   
[28] "0.0138083557208879"   "0.0138083557208879"   "0.0116671368011635"  
[31] "0.0116671368011635"   "0.0120334841164285"   "0.0120334841164285"  
[34] "0.0129989219820718"   "0.0129989219820718"   "0.0105948735443326"  
[37] "0.0105948735443326"   "0.00428241952420298"  "0.00428241952420298" 
[40] "0.000496607493850727" "0.000496607493850727" "beta :"              
[43] "1"                   
 [1] "sigma:"               "0.960659349655233"    "0.960659349655233"   
 [4] "0.948370693925375"    "0.948370693925375"    "0.949134661428046"   
 [7] "0.949134661428046"    "0.946464174989842"    "0.946464174989842"   
[10] "0.988945397421282"    "0.988945397421282"    "0.0444887528338902"  
[13] "0.0444887528338902"   "0.092372745007371"    "0.092372745007371"   
[16] "0.339414073646133"    "0.339414073646133"    "0.487365672080186"   
[19] "0.487365672080186"    "0.391492280914113"    "0.391492280914113"   
[22] "0.247733108692243"    "0.247733108692243"    "0.205637970232871"   
[25] "0.205637970232871"    "0.212678350052184"    "0.212678350052184"   
[28] "0.0138083557208879"   "0.0138083557208879"   "0.0116671368011635"  
[31] "0.0116671368011635"   "0.0120334841164285"   "0.0120334841164285"  
[34] "0.0129989219820718"   "0.0129989219820718"   "0.0105948735443326"  
[37] "0.0105948735443326"   "0.00428241952420298"  "0.00428241952420298" 
[40] "0.000496607493850729" "0.000496607493850729" "beta :"              
[43] "1"                   
[1] " old Likelihood:  -10294829.9478775"
[1] "New Likelihood:  -10294828.3966846"
iter:  0  f-value:  41613.47  pgrad:  0.5145853 
iter:  10  f-value:  41613.47  pgrad:  0.4833419 
iter:  20  f-value:  41613.47  pgrad:  0.4265166 
iter:  30  f-value:  41613.47  pgrad:  0.4054164 
iter:  40  f-value:  41613.46  pgrad:  0.2083834 
iter:  50  f-value:  41613.46  pgrad:  0.1942681 
  Unsuccessful convergence.
Time difference of 26.66105 mins
[1] "maxIt: 20"
[1] "It: 11"
 [1] "sigma:"              "0.963882085196026"   "0.963882085196026"  
 [4] "0.949590938569269"   "0.949590938569269"   "0.95049289800389"   
 [7] "0.95049289800389"    "0.947414986802257"   "0.947414986802257"  
[10] "0.98895256950252"    "0.98895256950252"    "0.0444229167610671" 
[13] "0.0444229167610671"  "0.0923357711796169"  "0.0923357711796169" 
[16] "0.339237123760373"   "0.339237123760373"   "0.487150785828726"  
[19] "0.487150785828726"   "0.391457956880217"   "0.391457956880217"  
[22] "0.247820135941879"   "0.247820135941879"   "0.206114852166284"  
[25] "0.206114852166284"   "0.213813835790647"   "0.213813835790647"  
[28] "0.0143991172710546"  "0.0143991172710546"  "0.0116178549952732" 
[31] "0.0116178549952732"  "0.0119616124512775"  "0.0119616124512775" 
[34] "0.0134490760434714"  "0.0134490760434714"  "0.0114378635519911" 
[37] "0.0114378635519911"  "0.00469909928235879" "0.00469909928235879"
[40] "0.00052799464015031" "0.00052799464015031" "beta :"             
[43] "1"                  
 [1] "sigma:"              "0.963882085196026"   "0.963882085196026"  
 [4] "0.949590938569269"   "0.949590938569269"   "0.95049289800389"   
 [7] "0.95049289800389"    "0.947414986802257"   "0.947414986802257"  
[10] "0.98895256950252"    "0.98895256950252"    "0.0444229167610671" 
[13] "0.0444229167610671"  "0.0923357711796169"  "0.0923357711796169" 
[16] "0.339237123760373"   "0.339237123760373"   "0.487150785828726"  
[19] "0.487150785828726"   "0.391457956880217"   "0.391457956880217"  
[22] "0.247820135941879"   "0.247820135941879"   "0.206114852166284"  
[25] "0.206114852166284"   "0.213813835790647"   "0.213813835790647"  
[28] "0.0143991172710546"  "0.0143991172710546"  "0.0116178549952732" 
[31] "0.0116178549952732"  "0.0119616124512775"  "0.0119616124512775" 
[34] "0.0134490760434714"  "0.0134490760434714"  "0.011437863551991"  
[37] "0.011437863551991"   "0.0046990992823588"  "0.0046990992823588" 
[40] "0.00052799464015031" "0.00052799464015031" "beta :"             
[43] "1"                  
[1] " old Likelihood:  -10294828.3966846"
[1] "New Likelihood:  -10294827.1845761"
iter:  0  f-value:  41609.05  pgrad:  0.5024646 
iter:  10  f-value:  41609.04  pgrad:  0.4343019 
iter:  20  f-value:  41609.04  pgrad:  0.4512549 
iter:  30  f-value:  41609.04  pgrad:  0.5021216 
iter:  40  f-value:  41609.04  pgrad:  0.2604065 
iter:  50  f-value:  41609.04  pgrad:  0.2812885 
  Unsuccessful convergence.
Time difference of 25.39377 mins
[1] "maxIt: 20"
[1] "It: 12"
 [1] "sigma:"               "0.965714441701776"    "0.965714441701776"   
 [4] "0.950288260058139"    "0.950288260058139"    "0.951273986505291"   
 [7] "0.951273986505291"    "0.947968095095039"    "0.947968095095039"   
[10] "0.988961303004876"    "0.988961303004876"    "0.0443807048918792"  
[13] "0.0443807048918792"   "0.0923155052891153"   "0.0923155052891153"  
[16] "0.339159010495893"    "0.339159010495893"    "0.487089317645001"   
[19] "0.487089317645001"    "0.391527398097924"    "0.391527398097924"   
[22] "0.247947090590245"    "0.247947090590245"    "0.206431848781102"   
[25] "0.206431848781102"    "0.214478950554921"    "0.214478950554921"   
[28] "0.0147193235676023"   "0.0147193235676023"   "0.0115663180296215"  
[31] "0.0115663180296215"   "0.0119075650073641"   "0.0119075650073641"  
[34] "0.0136970622376045"   "0.0136970622376045"   "0.0119214054746929"  
[37] "0.0119214054746929"   "0.00493487552413337"  "0.00493487552413337" 
[40] "0.000545480410401152" "0.000545480410401152" "beta :"              
[43] "1"                   
 [1] "sigma:"               "0.965714441701776"    "0.965714441701776"   
 [4] "0.950288260058139"    "0.950288260058139"    "0.951273986505291"   
 [7] "0.951273986505291"    "0.947968095095039"    "0.947968095095039"   
[10] "0.988961303004876"    "0.988961303004876"    "0.0443807048918792"  
[13] "0.0443807048918792"   "0.0923155052891153"   "0.0923155052891153"  
[16] "0.339159010495893"    "0.339159010495893"    "0.487089317645001"   
[19] "0.487089317645001"    "0.391527398097924"    "0.391527398097924"   
[22] "0.247947090590245"    "0.247947090590245"    "0.206431848781102"   
[25] "0.206431848781102"    "0.214478950554921"    "0.214478950554921"   
[28] "0.0147193235676023"   "0.0147193235676023"   "0.0115663180296215"  
[31] "0.0115663180296215"   "0.0119075650073641"   "0.0119075650073641"  
[34] "0.0136970622376045"   "0.0136970622376045"   "0.0119214054746929"  
[37] "0.0119214054746929"   "0.00493487552413337"  "0.00493487552413337" 
[40] "0.000545480410401152" "0.000545480410401152" "beta :"              
[43] "1"                   
[1] " old Likelihood:  -10294827.1845761"
[1] "New Likelihood:  -10294826.4414037"
iter:  0  f-value:  41605.86  pgrad:  0.5024155 
iter:  10  f-value:  41605.86  pgrad:  0.3953755 
iter:  20  f-value:  41605.86  pgrad:  0.5020835 
iter:  30  f-value:  41605.86  pgrad:  0.2933666 
iter:  40  f-value:  41605.86  pgrad:  0.3547757 
iter:  50  f-value:  41605.86  pgrad:  0.2253364 
  Unsuccessful convergence.
Time difference of 25.45818 mins
[1] "maxIt: 20"
[1] "It: 13"
 [1] "sigma:"               "0.967337638758586"    "0.967337638758586"   
 [4] "0.950907587575473"    "0.950907587575473"    "0.95197092535288"    
 [7] "0.95197092535288"     "0.94846206212149"     "0.94846206212149"    
[10] "0.988969167955993"    "0.988969167955993"    "0.0443405655567101"  
[13] "0.0443405655567101"   "0.0922929876900239"   "0.0922929876900239"  
[16] "0.339093808641109"    "0.339093808641109"    "0.487060934367265"   
[19] "0.487060934367265"    "0.391632148992554"    "0.391632148992554"   
[22] "0.248097624834783"    "0.248097624834783"    "0.206729699270755"   
[25] "0.206729699270755"    "0.215061666968173"    "0.215061666968173"   
[28] "0.0149811177755472"   "0.0149811177755472"   "0.0115010654600793"  
[31] "0.0115010654600793"   "0.0118533888823862"   "0.0118533888823862"  
[34] "0.0139122534930232"   "0.0139122534930232"   "0.0123457241237403"  
[37] "0.0123457241237403"   "0.00514055119392234"  "0.00514055119392234" 
[40] "0.000560614263389511" "0.000560614263389511" "beta :"              
[43] "1"                   
 [1] "sigma:"               "0.967337638758586"    "0.967337638758586"   
 [4] "0.950907587575473"    "0.950907587575473"    "0.95197092535288"    
 [7] "0.95197092535288"     "0.94846206212149"     "0.94846206212149"    
[10] "0.988969167955993"    "0.988969167955993"    "0.0443405655567101"  
[13] "0.0443405655567101"   "0.0427929876900238"   "0.0427929876900238"  
[16] "0.339093808641109"    "0.339093808641109"    "0.487060934367265"   
[19] "0.487060934367265"    "0.391632148992554"    "0.391632148992554"   
[22] "0.248097624834783"    "0.248097624834783"    "0.206729699270755"   
[25] "0.206729699270755"    "0.215061666968173"    "0.215061666968173"   
[28] "0.0149811177755472"   "0.0149811177755472"   "0.0115010654600793"  
[31] "0.0115010654600793"   "0.0118533888823862"   "0.0118533888823862"  
[34] "0.0139122534930232"   "0.0139122534930232"   "0.0123457241237403"  
[37] "0.0123457241237403"   "0.00514055119392234"  "0.00514055119392234" 
[40] "0.000560614263389514" "0.000560614263389514" "beta :"              
[43] "1"                   
[1] " old Likelihood:  -10294826.4414037"
[1] "New Likelihood:  -10294825.8193508"
iter:  0  f-value:  41614.08  pgrad:  0.5023666 
iter:  10  f-value:  41614.08  pgrad:  0.4356843 
iter:  20  f-value:  41614.08  pgrad:  0.5024118 
iter:  30  f-value:  41614.08  pgrad:  0.3060995 
iter:  40  f-value:  41614.08  pgrad:  0.2084562 
iter:  50  f-value:  41614.08  pgrad:  0.1940498 
  Unsuccessful convergence.
Time difference of 25.39073 mins
[1] "maxIt: 20"
[1] "It: 14"
 [1] "sigma:"               "0.96950317060264"     "0.96950317060264"    
 [4] "0.951735622212123"    "0.951735622212123"    "0.952910516515152"   
 [7] "0.952910516515152"    "0.949137088330648"    "0.949137088330648"   
[10] "0.989018462339978"    "0.989018462339978"    "0.044316376499082"   
[13] "0.044316376499082"    "0.0428067331362739"   "0.0428067331362739"  
[16] "0.339070637423761"    "0.339070637423761"    "0.487107258164079"   
[19] "0.487107258164079"    "0.391842136048552"    "0.391842136048552"   
[22] "0.24834147514824"     "0.24834147514824"     "0.207147316006527"   
[25] "0.207147316006527"    "0.215832073613107"    "0.215832073613107"   
[28] "0.015313211696265"    "0.015313211696265"    "0.0114055792980758"  
[31] "0.0114055792980758"   "0.0117875846401962"   "0.0117875846401962"  
[34] "0.0142031773031416"   "0.0142031773031416"   "0.0129018556464162"  
[37] "0.0129018556464162"   "0.00540930023847869"  "0.00540930023847869" 
[40] "0.000579116339681256" "0.000579116339681256" "beta :"              
[43] "1"                   
 [1] "sigma:"              "0.96950317060264"    "0.96950317060264"   
 [4] "0.951735622212123"   "0.951735622212123"   "0.952910516515152"  
 [7] "0.952910516515152"   "0.949137088330648"   "0.949137088330648"  
[10] "0.989018462339978"   "0.989018462339978"   "0.044316376499082"  
[13] "0.044316376499082"   "0.0428067331362739"  "0.0428067331362739" 
[16] "0.339070637423761"   "0.339070637423761"   "0.487107258164079"  
[19] "0.487107258164079"   "0.391842136048552"   "0.391842136048552"  
[22] "0.24834147514824"    "0.24834147514824"    "0.207147316006527"  
[25] "0.207147316006527"   "0.215832073613107"   "0.215832073613107"  
[28] "0.015313211696265"   "0.015313211696265"   "0.0114055792980758" 
[31] "0.0114055792980758"  "0.0117875846401962"  "0.0117875846401962" 
[34] "0.0142031773031416"  "0.0142031773031416"  "0.0129018556464162" 
[37] "0.0129018556464162"  "0.00540930023847869" "0.00540930023847869"
[40] "0.0500791163396812"  "0.0500791163396812"  "beta :"             
[43] "1"                  
[1] " old Likelihood:  -10294825.8193508"
[1] "New Likelihood:  -10294825.1620862"
iter:  0  f-value:  41605.75  pgrad:  0.5023327 
iter:  10  f-value:  41605.75  pgrad:  0.3775494 
iter:  20  f-value:  41605.75  pgrad:  0.4982954 
iter:  30  f-value:  41605.75  pgrad:  0.2960587 
iter:  40  f-value:  41605.75  pgrad:  0.2135494 
iter:  50  f-value:  41605.75  pgrad:  0.1664739 
  Unsuccessful convergence.
Time difference of 25.42431 mins
[1] "maxIt: 20"
[1] "It: 15"
 [1] "sigma:"              "0.971746398437293"   "0.971746398437293"  
 [4] "0.952595780741527"   "0.952595780741527"   "0.953892052301526"  
 [7] "0.953892052301526"   "0.949838030227951"   "0.949838030227951"  
[10] "0.989054739286924"   "0.989054739286924"   "0.0442811762536516" 
[13] "0.0442811762536516"  "0.0428001609831993"  "0.0428001609831993" 
[16] "0.339021581133299"   "0.339021581133299"   "0.487151323525468"  
[19] "0.487151323525468"   "0.392081355431439"   "0.392081355431439"  
[22] "0.248619445809564"   "0.248619445809564"   "0.207594285661777"  
[25] "0.207594285661777"   "0.216629531308679"   "0.216629531308679"  
[28] "0.0156351696556667"  "0.0156351696556667"  "0.0112870435713703" 
[31] "0.0112870435713703"  "0.0117380115752202"  "0.0117380115752202" 
[34] "0.0145731321003645"  "0.0145731321003645"  "0.013570264536708"  
[37] "0.013570264536708"   "0.00574879905419836" "0.00574879905419836"
[40] "0.0501037895171839"  "0.0501037895171839"  "beta :"             
[43] "1"                  
 [1] "sigma:"              "0.971746398437293"   "0.971746398437293"  
 [4] "0.952595780741527"   "0.952595780741527"   "0.953892052301526"  
 [7] "0.953892052301526"   "0.949838030227951"   "0.949838030227951"  
[10] "0.989054739286924"   "0.989054739286924"   "0.0442811762536516" 
[13] "0.0442811762536516"  "0.0428001609831993"  "0.0428001609831993" 
[16] "0.339021581133299"   "0.339021581133299"   "0.487151323525468"  
[19] "0.487151323525468"   "0.392081355431439"   "0.392081355431439"  
[22] "0.248619445809564"   "0.248619445809564"   "0.207594285661777"  
[25] "0.207594285661777"   "0.216629531308679"   "0.216629531308679"  
[28] "0.0156351696556667"  "0.0156351696556667"  "0.0112870435713703" 
[31] "0.0112870435713703"  "0.0117380115752202"  "0.0117380115752202" 
[34] "0.0145731321003645"  "0.0145731321003645"  "0.013570264536708"  
[37] "0.013570264536708"   "0.00574879905419836" "0.00574879905419836"
[40] "0.0501037895171839"  "0.0501037895171839"  "beta :"             
[43] "1"                  
[1] " old Likelihood:  -10294825.1620862"
[1] "New Likelihood:  -10294824.5069643"
iter:  0  f-value:  41601.64  pgrad:  0.5023019 
iter:  10  f-value:  41601.64  pgrad:  0.3258174 
iter:  20  f-value:  41601.64  pgrad:  0.5028112 
iter:  30  f-value:  41601.64  pgrad:  0.2620072 
iter:  40  f-value:  41601.64  pgrad:  0.1850276 
iter:  50  f-value:  41601.64  pgrad:  0.1664739 
  Unsuccessful convergence.
Time difference of 25.35931 mins
[1] "maxIt: 20"
[1] "It: 16"
 [1] "sigma:"              "0.973368832255973"   "0.973368832255973"  
 [4] "0.95322076044324"    "0.95322076044324"    "0.954610466140567"  
 [7] "0.954610466140567"   "0.950351270046354"   "0.950351270046354"  
[10] "0.989073005262761"   "0.989073005262761"   "0.0442484343694538" 
[13] "0.0442484343694538"  "0.0427857490675093"  "0.0427857490675093" 
[16] "0.338979478607911"   "0.338979478607911"   "0.487193791730908"  
[19] "0.487193791730908"   "0.392286763346988"   "0.392286763346988"  
[22] "0.248857386958342"   "0.248857386958342"   "0.207951510178973"  
[25] "0.207951510178973"   "0.217243304625098"   "0.217243304625098"  
[28] "0.0158785941150572"  "0.0158785941150572"  "0.0111966589485502" 
[31] "0.0111966589485502"  "0.011695898286404"   "0.011695898286404"  
[34] "0.0148338217220311"  "0.0148338217220311"  "0.0140566068849617" 
[37] "0.0140566068849617"  "0.00599463107625331" "0.00599463107625331"
[40] "0.0501207085306802"  "0.0501207085306802"  "beta :"             
[43] "1"                  
 [1] "sigma:"              "0.973368832255973"   "0.973368832255973"  
 [4] "0.95322076044324"    "0.95322076044324"    "0.954610466140567"  
 [7] "0.954610466140567"   "0.950351270046354"   "0.950351270046354"  
[10] "0.989073005262761"   "0.989073005262761"   "0.0442484343694538" 
[13] "0.0442484343694538"  "0.0427857490675093"  "0.0427857490675093" 
[16] "0.338979478607911"   "0.338979478607911"   "0.487193791730908"  
[19] "0.487193791730908"   "0.392286763346988"   "0.392286763346988"  
[22] "0.248857386958342"   "0.248857386958342"   "0.207951510178973"  
[25] "0.207951510178973"   "0.217243304625098"   "0.217243304625098"  
[28] "0.0158785941150572"  "0.0158785941150572"  "0.0111966589485502" 
[31] "0.0111966589485502"  "0.011695898286404"   "0.011695898286404"  
[34] "0.0148338217220311"  "0.0148338217220311"  "0.0140566068849617" 
[37] "0.0140566068849617"  "0.00599463107625331" "0.00599463107625331"
[40] "0.0501207085306802"  "0.0501207085306802"  "beta :"             
[43] "1"                  
[1] " old Likelihood:  -10294824.5069643"
[1] "New Likelihood:  -10294824.0228642"
iter:  0  f-value:  41598.43  pgrad:  0.5022705 
iter:  10  f-value:  41598.43  pgrad:  0.2899469 
iter:  20  f-value:  41598.43  pgrad:  0.4977697 
iter:  30  f-value:  41598.43  pgrad:  0.247237 
iter:  40  f-value:  41598.43  pgrad:  0.146174 
iter:  50  f-value:  41598.43  pgrad:  0.1423905 
  Unsuccessful convergence.
Time difference of 25.23855 mins
[1] "maxIt: 20"
[1] "It: 17"
 [1] "sigma:"              "0.975295451027527"   "0.975295451027527"  
 [4] "0.95396588363721"    "0.95396588363721"    "0.955471691834546"  
 [7] "0.955471691834546"   "0.950962844513939"   "0.950962844513939"  
[10] "0.989082841254832"   "0.989082841254832"   "0.0442037276188286" 
[13] "0.0442037276188286"  "0.0427554863759659"  "0.0427554863759659" 
[16] "0.3389159728172"     "0.3389159728172"     "0.48724519977677"   
[19] "0.48724519977677"    "0.392545547377199"   "0.392545547377199"  
[22] "0.249155755762326"   "0.249155755762326"   "0.208386186984667"  
[25] "0.208386186984667"   "0.217972634769833"   "0.217972634769833"  
[28] "0.0161485328591786"  "0.0161485328591786"  "0.011058683413258"  
[31] "0.011058683413258"   "0.0116244248412375"  "0.0116244248412375" 
[34] "0.0151318852717496"  "0.0151318852717496"  "0.014630998216418"  
[37] "0.014630998216418"   "0.00628597741278762" "0.00628597741278762"
[40] "0.0501417007093796"  "0.0501417007093796"  "beta :"             
[43] "1"                  
 [1] "sigma:"              "0.975295451027527"   "0.975295451027527"  
 [4] "0.95396588363721"    "0.95396588363721"    "0.955471691834546"  
 [7] "0.955471691834546"   "0.950962844513939"   "0.950962844513939"  
[10] "0.989082841254832"   "0.989082841254832"   "0.0442037276188286" 
[13] "0.0442037276188286"  "0.0427554863759659"  "0.0427554863759659" 
[16] "0.3389159728172"     "0.3389159728172"     "0.48724519977677"   
[19] "0.48724519977677"    "0.392545547377199"   "0.392545547377199"  
[22] "0.249155755762326"   "0.249155755762326"   "0.208386186984667"  
[25] "0.208386186984667"   "0.217972634769833"   "0.217972634769833"  
[28] "0.0161485328591786"  "0.0161485328591786"  "0.011058683413258"  
[31] "0.011058683413258"   "0.0116244248412375"  "0.0116244248412375" 
[34] "0.0151318852717496"  "0.0151318852717496"  "0.014630998216418"  
[37] "0.014630998216418"   "0.00628597741278762" "0.00628597741278762"
[40] "0.0501417007093796"  "0.0501417007093796"  "beta :"             
[43] "1"                  
[1] " old Likelihood:  -10294824.0228642"
[1] "New Likelihood:  -10294823.548436"
iter:  0  f-value:  41594.05  pgrad:  0.5022427 
iter:  10  f-value:  41594.05  pgrad:  0.2514571 
iter:  20  f-value:  41594.05  pgrad:  0.5308539 
iter:  30  f-value:  41594.05  pgrad:  0.1808803 
iter:  40  f-value:  41594.05  pgrad:  0.1693843 
iter:  50  f-value:  41594.05  pgrad:  0.2100569 
  Unsuccessful convergence.
Time difference of 25.22621 mins
[1] "maxIt: 20"
[1] "It: 18"
 [1] "sigma:"              "0.976432034094505"   "0.976432034094505"  
 [4] "0.954411453781318"   "0.954411453781318"   "0.955990303405121"  
 [7] "0.955990303405121"   "0.951332612247327"   "0.951332612247327"  
[10] "0.989024171009761"   "0.989024171009761"   "0.0441698932290774" 
[13] "0.0441698932290774"  "0.0427292533696673"  "0.0427292533696673" 
[16] "0.338852715168663"   "0.338852715168663"   "0.487309966767573"  
[19] "0.487309966767573"   "0.392754265420461"   "0.392754265420461"  
[22] "0.249398815975321"   "0.249398815975321"   "0.208710008260724"  
[25] "0.208710008260724"   "0.218481876701177"   "0.218481876701177"  
[28] "0.0163795229875813"  "0.0163795229875813"  "0.0109787616944561" 
[31] "0.0109787616944561"  "0.0115865370554523"  "0.0115865370554523" 
[34] "0.0153651535028182"  "0.0153651535028182"  "0.0150338314104611" 
[37] "0.0150338314104611"  "0.00651978507451928" "0.00651978507451928"
[40] "0.0502117980819661"  "0.0502117980819661"  "beta :"             
[43] "1"                  
 [1] "sigma:"              "0.976432034094505"   "0.976432034094505"  
 [4] "0.954411453781318"   "0.954411453781318"   "0.955990303405121"  
 [7] "0.955990303405121"   "0.951332612247327"   "0.951332612247327"  
[10] "0.989024171009761"   "0.989024171009761"   "0.0441698932290774" 
[13] "0.0441698932290774"  "0.0427292533696673"  "0.0427292533696673" 
[16] "0.338852715168663"   "0.338852715168663"   "0.487309966767573"  
[19] "0.487309966767573"   "0.392754265420461"   "0.392754265420461"  
[22] "0.249398815975321"   "0.249398815975321"   "0.208710008260724"  
[25] "0.208710008260724"   "0.218481876701178"   "0.218481876701178"  
[28] "0.0163795229875813"  "0.0163795229875813"  "0.0109787616944561" 
[31] "0.0109787616944561"  "0.0115865370554523"  "0.0115865370554523" 
[34] "0.0153651535028182"  "0.0153651535028182"  "0.0150338314104611" 
[37] "0.0150338314104611"  "0.00651978507451927" "0.00651978507451927"
[40] "0.0502117980819661"  "0.0502117980819661"  "beta :"             
[43] "1"                  
[1] " old Likelihood:  -10294823.548436"
[1] "New Likelihood:  -10294823.2217162"
iter:  0  f-value:  41590.85  pgrad:  0.5022185 
iter:  10  f-value:  41590.85  pgrad:  0.2291927 
iter:  20  f-value:  41590.85  pgrad:  0.2128945 
iter:  30  f-value:  41590.85  pgrad:  0.2021261 
iter:  40  f-value:  41590.85  pgrad:  0.4551111 
iter:  50  f-value:  41590.85  pgrad:  0.1411536 
  Unsuccessful convergence.
Time difference of 25.18621 mins
[1] "maxIt: 20"
[1] "It: 19"
 [1] "sigma:"              "0.977491094841263"   "0.977491094841263"  
 [4] "0.954826537241118"   "0.954826537241118"   "0.956477001266967"  
 [7] "0.956477001266967"   "0.951676593162369"   "0.951676593162369"  
[10] "0.989018633039915"   "0.989018633039915"   "0.0441371986010436" 
[13] "0.0441371986010436"  "0.0427017537240707"  "0.0427017537240707" 
[16] "0.338808031776706"   "0.338808031776706"   "0.487345678890536"  
[19] "0.487345678890536"   "0.392929692017665"   "0.392929692017665"  
[22] "0.249598646983711"   "0.249598646983711"   "0.20898328578705"   
[25] "0.20898328578705"    "0.218927582344587"   "0.218927582344587"  
[28] "0.0165409639643629"  "0.0165409639643629"  "0.0109018315519705" 
[31] "0.0109018315519705"  "0.0115508722389592"  "0.0115508722389592" 
[34] "0.0155284150192762"  "0.0155284150192762"  "0.0153571668533365" 
[37] "0.0153571668533365"  "0.00668250545097476" "0.00668250545097476"
[40] "0.0502230769776535"  "0.0502230769776535"  "beta :"             
[43] "1"                  
 [1] "sigma:"              "0.977491094841263"   "0.977491094841263"  
 [4] "0.954826537241118"   "0.954826537241118"   "0.956477001266967"  
 [7] "0.956477001266967"   "0.951676593162369"   "0.951676593162369"  
[10] "0.989018633039915"   "0.989018633039915"   "0.0441371986010436" 
[13] "0.0441371986010436"  "0.0427017537240707"  "0.0427017537240707" 
[16] "0.289308031776706"   "0.289308031776706"   "0.536845678890536"  
[19] "0.536845678890536"   "0.392929692017665"   "0.392929692017665"  
[22] "0.249598646983711"   "0.249598646983711"   "0.20898328578705"   
[25] "0.20898328578705"    "0.218927582344587"   "0.218927582344587"  
[28] "0.0165409639643629"  "0.0165409639643629"  "0.0109018315519705" 
[31] "0.0109018315519705"  "0.0115508722389592"  "0.0115508722389592" 
[34] "0.0155284150192762"  "0.0155284150192762"  "0.0153571668533365" 
[37] "0.0153571668533365"  "0.00668250545097476" "0.00668250545097476"
[40] "0.0502230769776535"  "0.0502230769776535"  "beta :"             
[43] "1"                  
[1] " old Likelihood:  -10294823.2217162"
[1] "New Likelihood:  -10294822.8490917"
iter:  0  f-value:  41566.6  pgrad:  0.502196 
iter:  10  f-value:  41566.6  pgrad:  0.3768218 
iter:  20  f-value:  41566.6  pgrad:  0.1769513 
iter:  30  f-value:  41566.6  pgrad:  0.1596345 
iter:  40  f-value:  41566.6  pgrad:  0.1499575 
iter:  50  f-value:  41566.6  pgrad:  0.1434819 
  Unsuccessful convergence.
Time difference of 25.87859 mins
[1] "maxIt: 20"
[1] "It: 20"
 [1] "sigma:"              "0.978211911557038"   "0.978211911557038"  
 [4] "0.955111851579633"   "0.955111851579633"   "0.956809730623793"  
 [7] "0.956809730623793"   "0.95190427692381"    "0.95190427692381"   
[10] "0.988923431571302"   "0.988923431571302"   "0.0440980878401425" 
[13] "0.0440980878401425"  "0.0426578963558521"  "0.0426578963558521" 
[16] "0.289204920744673"   "0.289204920744673"   "0.536723285611922"  
[19] "0.536723285611922"   "0.392999720953512"   "0.392999720953512"  
[22] "0.249742377788633"   "0.249742377788633"   "0.209215527851128"  
[25] "0.209215527851128"   "0.219304188657178"   "0.219304188657178"  
[28] "0.0167221550592713"  "0.0167221550592713"  "0.0108423368778836" 
[31] "0.0108423368778836"  "0.0115169548976719"  "0.0115169548976719" 
[34] "0.0156907199086787"  "0.0156907199086787"  "0.015640188088871"  
[37] "0.015640188088871"   "0.00685628601180905" "0.00685628601180905"
[40] "0.0502894365752358"  "0.0502894365752358"  "beta :"             
[43] "1"                  
 [1] "sigma:"              "0.978211911557038"   "0.978211911557038"  
 [4] "0.955111851579633"   "0.955111851579633"   "0.956809730623793"  
 [7] "0.956809730623793"   "0.95190427692381"    "0.95190427692381"   
[10] "0.988923431571302"   "0.988923431571302"   "0.0440980878401425" 
[13] "0.0440980878401425"  "0.0426578963558521"  "0.0426578963558521" 
[16] "0.239704920744673"   "0.239704920744673"   "0.536723285611922"  
[19] "0.536723285611922"   "0.392999720953512"   "0.392999720953512"  
[22] "0.249742377788633"   "0.249742377788633"   "0.209215527851128"  
[25] "0.209215527851128"   "0.219304188657178"   "0.219304188657178"  
[28] "0.0167221550592713"  "0.0167221550592713"  "0.0108423368778836" 
[31] "0.0108423368778836"  "0.0115169548976719"  "0.0115169548976719" 
[34] "0.0156907199086787"  "0.0156907199086787"  "0.015640188088871"  
[37] "0.015640188088871"   "0.00685628601180904" "0.00685628601180904"
[40] "0.0502894365752358"  "0.0502894365752358"  "beta :"             
[43] "1"                  
[1] " old Likelihood:  -10294822.8490917"
[1] "New Likelihood:  -10294822.371826"
iter:  0  f-value:  41586.32  pgrad:  0.5021686 
iter:  10  f-value:  41586.32  pgrad:  0.3320747 
iter:  20  f-value:  41586.32  pgrad:  0.3025343 
iter:  30  f-value:  41586.32  pgrad:  0.2883462 
iter:  40  f-value:  41586.32  pgrad:  0.501906 
iter:  50  f-value:  41586.32  pgrad:  0.2206798 
  Unsuccessful convergence.
Time difference of 25.80011 mins
 [1] "sigma:"              "0.97906228801462"    "0.97906228801462"   
 [4] "0.955447558866155"   "0.955447558866155"   "0.957208969343143"  
 [7] "0.957208969343143"   "0.952188540989366"   "0.952188540989366"  
[10] "0.988926867416137"   "0.988926867416137"   "0.0440814973994325" 
[13] "0.0440814973994325"  "0.0426610920898183"  "0.0426610920898183" 
[16] "0.239703453590625"   "0.239703453590625"   "0.536765389002704"  
[19] "0.536765389002704"   "0.393135013138711"   "0.393135013138711"  
[22] "0.249903329559376"   "0.249903329559376"   "0.209447985945612"  
[25] "0.209447985945612"   "0.21968157393731"    "0.21968157393731"   
[28] "0.0168617183927307"  "0.0168617183927307"  "0.0107811935627017" 
[31] "0.0107811935627017"  "0.0114884136903306"  "0.0114884136903306" 
[34] "0.0158263400928513"  "0.0158263400928513"  "0.0159029410620051" 
[37] "0.0159029410620051"  "0.00698667490282735" "0.00698667490282735"
[40] "0.0502987419292357"  "0.0502987419292357"  "beta :"             
[43] "1"                  
[1] 1998516 1999856 1999582 1999032 1999804
[1] 1 1 1 1 1
saved RDS
inference successful
