[1] "Original length"
[1] 999997
[1] "Final length"
[1] 20822
[1] "sequence length : 999998" "sequence length : 999768"
[3] "sequence length : 999173" "sequence length : 999960"
[5] "sequence length : 999910"
[1] 1 1 1 1 1
[1] "Beta: 1"
[1] "Self: 0"
[1] "maxIt: 20"
[1] "It: 1"
 [1] "sigma:" "0"      "0"      "0"      "0"      "0"      "0"      "0"     
 [9] "0"      "0"      "0"      "0"      "0"      "0"      "0"      "0"     
[17] "0"      "0"      "0"      "0"      "0"      "0"      "0"      "0"     
[25] "0"      "0"      "0"      "0"      "0"      "0"      "0"      "0"     
[33] "0"      "0"      "0"      "0"      "0"      "0"      "0"      "0"     
[41] "0"      "beta :" "1"     
 [1] "sigma:" "0.9405" "0.9405" "0.9405" "0.9405" "0.9405" "0.9405" "0.9405"
 [9] "0.9405" "0.9405" "0.9405" "0.297"  "0.297"  "0.1485" "0.1485" "0.297" 
[17] "0.297"  "0.198"  "0.198"  "0.198"  "0.198"  "0.198"  "0.198"  "0.1485"
[25] "0.1485" "0.1485" "0.1485" "0.0495" "0.0495" "0.0495" "0.0495" "0"     
[33] "0"      "0"      "0"      "0"      "0"      "0.198"  "0.198"  "0.495" 
[41] "0.495"  "beta :" "1"     
[1] "New Likelihood:  -10671438.3664015"
iter:  0  f-value:  43447.51  pgrad:  0.5 
iter:  10  f-value:  43447.24  pgrad:  0.9997611 
iter:  20  f-value:  43447.2  pgrad:  0.9987214 
iter:  30  f-value:  43447.17  pgrad:  0.9983318 
iter:  40  f-value:  43447.16  pgrad:  0.9980494 
iter:  50  f-value:  43447.11  pgrad:  0.9925472 
  Unsuccessful convergence.
Time difference of 1.837386 hours
[1] "maxIt: 20"
[1] "It: 2"
 [1] "sigma:"              "0.941384406305745"   "0.941384406305745"  
 [4] "0.940930236428944"   "0.940930236428944"   "0.940822229614287"  
 [7] "0.940822229614287"   "0.940402756154013"   "0.940402756154013"  
[10] "0.939181650273866"   "0.939181650273866"   "0.295336598014166"  
[13] "0.295336598014166"   "0.146198518222752"   "0.146198518222752"  
[16] "0.293464537890152"   "0.293464537890152"   "0.194689678236266"  
[19] "0.194689678236266"   "0.195065574690584"   "0.195065574690584"  
[22] "0.196898166477329"   "0.196898166477329"   "0.151019048949022"  
[25] "0.151019048949022"   "0.154932938957515"   "0.154932938957515"  
[28] "0.05780227739435"    "0.05780227739435"    "0.0584399851642426" 
[31] "0.0584399851642426"  "0.0073870696601363"  "0.0073870696601363" 
[34] "0.00504823955767613" "0.00504823955767613" "0.0022126024896771" 
[37] "0.0022126024896771"  "0.198097022266144"   "0.198097022266144"  
[40] "0.494944676490938"   "0.494944676490938"   "beta :"             
[43] "1"                  
 [1] "sigma:"              "0.941384406305745"   "0.941384406305745"  
 [4] "0.940930236428944"   "0.940930236428944"   "0.940822229614287"  
 [7] "0.940822229614287"   "0.989902756154013"   "0.989902756154013"  
[10] "0.691681650273866"   "0.691681650273866"   "0.047836598014166"  
[13] "0.047836598014166"   "0.0471985182227517"  "0.0471985182227517" 
[16] "0.243964537890152"   "0.243964537890152"   "0.145189678236266"  
[19] "0.145189678236266"   "0.145565574690584"   "0.145565574690584"  
[22] "0.196898166477329"   "0.196898166477329"   "0.151019048949022"  
[25] "0.151019048949022"   "0.204432938957515"   "0.204432938957515"  
[28] "0.05780227739435"    "0.05780227739435"    "0.107939985164243"  
[31] "0.107939985164243"   "0.0073870696601363"  "0.0073870696601363" 
[34] "0.00504823955767614" "0.00504823955767614" "0.0022126024896771" 
[37] "0.0022126024896771"  "0.0495970222661445"  "0.0495970222661445" 
[40] "0.890944676490938"   "0.890944676490938"   "beta :"             
[43] "1"                  
[1] " old Likelihood:  -10671438.3664015"
[1] "New Likelihood:  -10671318.0042812"
iter:  0  f-value:  43452.35  pgrad:  0.4998432 
iter:  10  f-value:  43452.24  pgrad:  0.9947512 
iter:  20  f-value:  43452.23  pgrad:  0.9911644 
iter:  30  f-value:  43452.22  pgrad:  0.9908462 
iter:  40  f-value:  43452.21  pgrad:  0.9896688 
iter:  50  f-value:  43452.19  pgrad:  0.9896758 
  Unsuccessful convergence.
Time difference of 45.01175 mins
[1] "maxIt: 20"
[1] "It: 3"
 [1] "sigma:"              "0.942563894507147"   "0.942563894507147"  
 [4] "0.941509794788067"   "0.941509794788067"   "0.941422319723226"  
 [7] "0.941422319723226"   "0.99"                "0.99"               
[10] "0.691589877023152"   "0.691589877023152"   "0.0473613681618468" 
[13] "0.0473613681618468"  "0.0467075841026683"  "0.0467075841026683" 
[16] "0.243442923440316"   "0.243442923440316"   "0.144686721151178"  
[19] "0.144686721151178"   "0.145095247062358"   "0.145095247062358"  
[22] "0.197176429301953"   "0.197176429301953"   "0.153585666809333"  
[25] "0.153585666809333"   "0.210120288508161"   "0.210120288508161"  
[28] "0.0647908968411402"  "0.0647908968411402"  "0.116222089244758"  
[31] "0.116222089244758"   "0.0140088527744729"  "0.0140088527744729" 
[34] "0.00945143047996311" "0.00945143047996311" "0.00398496218467421"
[37] "0.00398496218467421" "0.049819918792382"   "0.049819918792382"  
[40] "0.890913675484319"   "0.890913675484319"   "beta :"             
[43] "1"                  
 [1] "sigma:"               "0.942563894507147"    "0.942563894507147"   
 [4] "0.941509794788067"    "0.941509794788067"    "0.941422319723226"   
 [7] "0.941422319723226"    "0.99"                 "0.99"                
[10] "0.840089877023152"    "0.840089877023152"    "0.0473613681618468"  
[13] "0.0473613681618468"   "0.0467075841026683"   "0.0467075841026683"  
[16] "0.292942923440316"    "0.292942923440316"    "0.194186721151178"   
[19] "0.194186721151178"    "0.194595247062358"    "0.194595247062358"   
[22] "0.197176429301953"    "0.197176429301953"    "0.203085666809333"   
[25] "0.203085666809333"    "0.210120288508161"    "0.210120288508161"   
[28] "0.11429089684114"     "0.11429089684114"     "0.116222089244758"   
[31] "0.116222089244758"    "0.0140088527744729"   "0.0140088527744729"  
[34] "0.00945143047996311"  "0.00945143047996311"  "0.00398496218467422" 
[37] "0.00398496218467422"  "0.000319918792382035" "0.000319918792382035"
[40] "0.989913675484319"    "0.989913675484319"    "beta :"              
[43] "1"                   
[1] " old Likelihood:  -10671318.0042812"
[1] "New Likelihood:  -10671273.0708627"
iter:  0  f-value:  43059.19  pgrad:  0.4997402 
iter:  10  f-value:  43059.13  pgrad:  0.9856644 
iter:  20  f-value:  43059.13  pgrad:  0.9849723 
iter:  30  f-value:  43059.12  pgrad:  0.9842838 
iter:  40  f-value:  43059.11  pgrad:  0.8813432 
iter:  50  f-value:  43059.11  pgrad:  0.8333882 
  Unsuccessful convergence.
Time difference of 30.06228 mins
[1] "maxIt: 20"
[1] "It: 4"
 [1] "sigma:"               "0.943214679206192"    "0.943214679206192"   
 [4] "0.941839266504248"    "0.941839266504248"    "0.941694627189814"   
 [7] "0.941694627189814"    "0.989959661339302"    "0.989959661339302"   
[10] "0.839496493351981"    "0.839496493351981"    "0.0467366496046326"  
[13] "0.0467366496046326"   "0.0459606820513518"   "0.0459606820513518"  
[16] "0.291812663040391"    "0.291812663040391"    "0.193014296363052"   
[19] "0.193014296363052"    "0.193406511356036"    "0.193406511356036"   
[22] "0.196716526442355"    "0.196716526442355"    "0.204463567721741"   
[25] "0.204463567721741"    "0.213786585023075"    "0.213786585023075"   
[28] "0.119137704563559"    "0.119137704563559"    "0.122074666868044"   
[31] "0.122074666868044"    "0.018207784701106"    "0.018207784701106"   
[34] "0.0121474948445709"   "0.0121474948445709"   "0.00499691602994354" 
[37] "0.00499691602994354"  "0.000423962864800754" "0.000423962864800754"
[40] "0.989849697699536"    "0.989849697699536"    "beta :"              
[43] "1"                   
 [1] "sigma:"               "0.943214679206192"    "0.943214679206192"   
 [4] "0.941839266504248"    "0.941839266504248"    "0.941694627189814"   
 [7] "0.941694627189814"    "0.989959661339302"    "0.989959661339302"   
[10] "0.49299649335198"     "0.49299649335198"     "0.0467366496046326"  
[13] "0.0467366496046326"   "0.0459606820513518"   "0.0459606820513518"  
[16] "0.291812663040391"    "0.291812663040391"    "0.193014296363052"   
[19] "0.193014296363052"    "0.193406511356036"    "0.193406511356036"   
[22] "0.196716526442355"    "0.196716526442355"    "0.204463567721741"   
[25] "0.204463567721741"    "0.263286585023075"    "0.263286585023075"   
[28] "0.119137704563559"    "0.119137704563559"    "0.171574666868044"   
[31] "0.171574666868044"    "0.018207784701106"    "0.018207784701106"   
[34] "0.0121474948445709"   "0.0121474948445709"   "0.00499691602994354" 
[37] "0.00499691602994354"  "0.000423962864800754" "0.000423962864800754"
[40] "0.989849697699536"    "0.989849697699536"    "beta :"              
[43] "1"                   
[1] " old Likelihood:  -10671273.0708627"
[1] "New Likelihood:  -10671250.1604254"
iter:  0  f-value:  42759.59  pgrad:  0.4996858 
iter:  10  f-value:  42759.52  pgrad:  0.9814291 
iter:  20  f-value:  42759.52  pgrad:  0.9806589 
iter:  30  f-value:  42759.51  pgrad:  0.9793038 
iter:  40  f-value:  42759.51  pgrad:  0.9247742 
iter:  50  f-value:  42759.5  pgrad:  0.876422 
  Unsuccessful convergence.
Time difference of 32.0693 mins
[1] "maxIt: 20"
[1] "It: 5"
 [1] "sigma:"               "0.943783252690867"    "0.943783252690867"   
 [4] "0.942135739467208"    "0.942135739467208"    "0.941989095062748"   
 [7] "0.941989095062748"    "0.99"                 "0.99"                
[10] "0.492876451826764"    "0.492876451826764"    "0.0464382377399394"  
[13] "0.0464382377399394"   "0.045671503654768"    "0.045671503654768"   
[16] "0.291496395601187"    "0.291496395601187"    "0.192717853049294"   
[19] "0.192717853049294"    "0.193071107778555"    "0.193071107778555"   
[22] "0.196465093462746"    "0.196465093462746"    "0.205202966488692"   
[25] "0.205202966488692"    "0.265561255398878"    "0.265561255398878"   
[28] "0.122393814544479"    "0.122393814544479"    "0.175746281806329"   
[31] "0.175746281806329"    "0.0214389607544091"   "0.0214389607544091"  
[34] "0.0141451582322937"   "0.0141451582322937"   "0.00567844000456705" 
[37] "0.00567844000456705"  "0.000481290451093195" "0.000481290451093195"
[40] "0.989787483607061"    "0.989787483607061"    "beta :"              
[43] "1"                   
 [1] "sigma:"               "0.943783252690867"    "0.943783252690867"   
 [4] "0.942135739467208"    "0.942135739467208"    "0.941989095062748"   
 [7] "0.941989095062748"    "0.99"                 "0.99"                
[10] "0.294876451826765"    "0.294876451826765"    "0.0464382377399394"  
[13] "0.0464382377399394"   "0.045671503654768"    "0.045671503654768"   
[16] "0.340996395601187"    "0.340996395601187"    "0.242217853049294"   
[19] "0.242217853049294"    "0.193071107778555"    "0.193071107778555"   
[22] "0.196465093462746"    "0.196465093462746"    "0.205202966488692"   
[25] "0.205202966488692"    "0.265561255398878"    "0.265561255398878"   
[28] "0.122393814544479"    "0.122393814544479"    "0.225246281806329"   
[31] "0.225246281806329"    "0.0214389607544091"   "0.0214389607544091"  
[34] "0.0141451582322937"   "0.0141451582322937"   "0.00567844000456705" 
[37] "0.00567844000456705"  "0.000481290451093195" "0.000481290451093195"
[40] "0.989787483607061"    "0.989787483607061"    "beta :"              
[43] "1"                   
[1] " old Likelihood:  -10671250.1604254"
[1] "New Likelihood:  -10671228.0444422"
iter:  0  f-value:  42521.54  pgrad:  0.4996463 
iter:  10  f-value:  42521.5  pgrad:  0.9781634 
iter:  20  f-value:  42521.49  pgrad:  0.9777587 
iter:  30  f-value:  42521.48  pgrad:  0.8739376 
iter:  40  f-value:  42521.48  pgrad:  0.7685514 
iter:  50  f-value:  42521.48  pgrad:  0.7673015 
  Unsuccessful convergence.
Time difference of 30.0754 mins
[1] "maxIt: 20"
[1] "It: 6"
 [1] "sigma:"               "0.944476879799242"    "0.944476879799242"   
 [4] "0.942482668665998"    "0.942482668665998"    "0.942325841779258"   
 [7] "0.942325841779258"    "0.99"                 "0.99"                
[10] "0.294686559742823"    "0.294686559742823"    "0.0460527128012721"  
[13] "0.0460527128012721"   "0.0452319748006994"   "0.0452319748006994"  
[16] "0.340337306600587"    "0.340337306600587"    "0.241632772826655"   
[19] "0.241632772826655"    "0.192688144824147"    "0.192688144824147"   
[22] "0.196561195064394"    "0.196561195064394"    "0.206387304591687"   
[25] "0.206387304591687"    "0.268275719098546"    "0.268275719098546"   
[28] "0.126007532660674"    "0.126007532660674"    "0.230387619503743"   
[31] "0.230387619503743"    "0.0253810055861661"   "0.0253810055861661"  
[34] "0.0166793140476957"   "0.0166793140476957"   "0.00651231319121988" 
[37] "0.00651231319121988"  "0.000511719165861715" "0.000511719165861715"
[40] "0.98971992386667"     "0.98971992386667"     "beta :"              
[43] "1"                   
 [1] "sigma:"               "0.944476879799242"    "0.944476879799242"   
 [4] "0.942482668665998"    "0.942482668665998"    "0.942325841779258"   
 [7] "0.942325841779258"    "0.99"                 "0.99"                
[10] "0.0471865597428231"   "0.0471865597428231"   "0.0460527128012721"  
[13] "0.0460527128012721"   "0.0452319748006994"   "0.0452319748006994"  
[16] "0.290837306600587"    "0.290837306600587"    "0.291132772826655"   
[19] "0.291132772826655"    "0.242188144824147"    "0.242188144824147"   
[22] "0.196561195064394"    "0.196561195064394"    "0.255887304591687"   
[25] "0.255887304591687"    "0.268275719098546"    "0.268275719098546"   
[28] "0.126007532660674"    "0.126007532660674"    "0.230387619503743"   
[31] "0.230387619503743"    "0.0253810055861661"   "0.0253810055861661"  
[34] "0.0166793140476957"   "0.0166793140476957"   "0.00651231319121988" 
[37] "0.00651231319121988"  "0.000511719165861715" "0.000511719165861715"
[40] "0.98971992386667"     "0.98971992386667"     "beta :"              
[43] "1"                   
[1] " old Likelihood:  -10671228.0444422"
[1] "New Likelihood:  -10671212.211223"
iter:  0  f-value:  42383.61  pgrad:  0.4999003 
iter:  10  f-value:  42383.59  pgrad:  0.872658 
iter:  20  f-value:  42383.59  pgrad:  0.8720535 
iter:  30  f-value:  42383.58  pgrad:  0.7648778 
iter:  40  f-value:  42383.58  pgrad:  0.4996969 
iter:  50  f-value:  42383.58  pgrad:  0.4029425 
  Unsuccessful convergence.
Time difference of 30.61536 mins
[1] "maxIt: 20"
[1] "It: 7"
 [1] "sigma:"               "0.945201334516247"    "0.945201334516247"   
 [4] "0.942852483814815"    "0.942852483814815"    "0.942657236339721"   
 [7] "0.942657236339721"    "0.989992667235073"    "0.989992667235073"   
[10] "0.0469649361952411"   "0.0469649361952411"   "0.0455346576075269"  
[13] "0.0455346576075269"   "0.0446034056980125"   "0.0446034056980125"  
[16] "0.289748881466632"    "0.289748881466632"    "0.289765968630778"   
[19] "0.289765968630778"    "0.240927160237318"    "0.240927160237318"   
[22] "0.196042663580271"    "0.196042663580271"    "0.257062320414586"   
[25] "0.257062320414586"    "0.271548692330017"    "0.271548692330017"   
[28] "0.130068633891096"    "0.130068633891096"    "0.235934009535613"   
[31] "0.235934009535613"    "0.0292501591147399"   "0.0292501591147399"  
[34] "0.0189658832542691"   "0.0189658832542691"   "0.00717887553000988" 
[37] "0.00717887553000988"  "0.000456955378203627" "0.000456955378203627"
[40] "0.989613360544581"    "0.989613360544581"    "beta :"              
[43] "1"                   
 [1] "sigma:"               "0.945201334516247"    "0.945201334516247"   
 [4] "0.942852483814815"    "0.942852483814815"    "0.942657236339721"   
 [7] "0.942657236339721"    "0.989992667235073"    "0.989992667235073"   
[10] "0.0469649361952411"   "0.0469649361952411"   "0.0455346576075269"  
[13] "0.0455346576075269"   "0.0446034056980125"   "0.0446034056980125"  
[16] "0.190748881466632"    "0.190748881466632"    "0.289765968630778"   
[19] "0.289765968630778"    "0.240927160237318"    "0.240927160237318"   
[22] "0.196042663580271"    "0.196042663580271"    "0.306562320414586"   
[25] "0.306562320414586"    "0.271548692330017"    "0.271548692330017"   
[28] "0.130068633891096"    "0.130068633891096"    "0.285434009535613"   
[31] "0.285434009535613"    "0.0292501591147399"   "0.0292501591147399"  
[34] "0.0189658832542691"   "0.0189658832542691"   "0.00717887553000988" 
[37] "0.00717887553000988"  "0.000456955378203627" "0.000456955378203627"
[40] "0.989613360544581"    "0.989613360544581"    "beta :"              
[43] "1"                   
[1] " old Likelihood:  -10671212.211223"
[1] "New Likelihood:  -10671201.5194485"
iter:  0  f-value:  42038.47  pgrad:  0.5141671 
iter:  10  f-value:  42038.43  pgrad:  0.9703198 
iter:  20  f-value:  42038.43  pgrad:  0.9308133 
iter:  30  f-value:  42038.42  pgrad:  0.7073423 
iter:  40  f-value:  42038.42  pgrad:  0.4807953 
iter:  50  f-value:  42038.42  pgrad:  0.4487083 
  Unsuccessful convergence.
Time difference of 28.21859 mins
[1] "maxIt: 20"
[1] "It: 8"
 [1] "sigma:"               "0.945975125838709"    "0.945975125838709"   
 [4] "0.943258749095669"    "0.943258749095669"    "0.943042399928994"   
 [7] "0.943042399928994"    "0.99"                 "0.99"                
[10] "0.0467958996414928"   "0.0467958996414928"   "0.0451282602906478"  
[13] "0.0451282602906478"   "0.0441816094356787"   "0.0441816094356787"  
[16] "0.190064159241099"    "0.190064159241099"    "0.288592064819866"   
[19] "0.288592064819866"    "0.239540922773029"    "0.239540922773029"   
[22] "0.194970165915443"    "0.194970165915443"    "0.306930635050482"   
[25] "0.306930635050482"    "0.27417384938878"     "0.27417384938878"    
[28] "0.134068108522436"    "0.134068108522436"    "0.291638371636738"   
[31] "0.291638371636738"    "0.0336992122519475"   "0.0336992122519475"  
[34] "0.021709689813673"    "0.021709689813673"    "0.00794433029733719" 
[37] "0.00794433029733719"  "0.000392261087399034" "0.000392261087399034"
[40] "0.98949792527555"     "0.98949792527555"     "beta :"              
[43] "1"                   
 [1] "sigma:"               "0.945975125838709"    "0.945975125838709"   
 [4] "0.943258749095669"    "0.943258749095669"    "0.943042399928994"   
 [7] "0.943042399928994"    "0.99"                 "0.99"                
[10] "0.0467958996414928"   "0.0467958996414928"   "0.0451282602906478"  
[13] "0.0451282602906478"   "0.0441816094356787"   "0.0441816094356787"  
[16] "0.140564159241099"    "0.140564159241099"    "0.288592064819866"   
[19] "0.288592064819866"    "0.239540922773029"    "0.239540922773029"   
[22] "0.194970165915443"    "0.194970165915443"    "0.306930635050482"   
[25] "0.306930635050482"    "0.27417384938878"     "0.27417384938878"    
[28] "0.134068108522436"    "0.134068108522436"    "0.291638371636738"   
[31] "0.291638371636738"    "0.0336992122519475"   "0.0336992122519475"  
[34] "0.0217096898136731"   "0.0217096898136731"   "0.00794433029733719" 
[37] "0.00794433029733719"  "0.000392261087399034" "0.000392261087399034"
[40] "0.98949792527555"     "0.98949792527555"     "beta :"              
[43] "1"                   
[1] " old Likelihood:  -10671201.5194485"
[1] "New Likelihood:  -10671188.7929087"
iter:  0  f-value:  42055.44  pgrad:  0.5135468 
iter:  10  f-value:  42055.43  pgrad:  0.7051518 
iter:  20  f-value:  42055.43  pgrad:  0.7045942 
iter:  30  f-value:  42055.43  pgrad:  0.6974733 
iter:  40  f-value:  42055.43  pgrad:  0.5854963 
iter:  50  f-value:  42055.42  pgrad:  0.5243783 
  Unsuccessful convergence.
Time difference of 27.45662 mins
[1] "maxIt: 20"
[1] "It: 9"
 [1] "sigma:"               "0.946450681344788"    "0.946450681344788"   
 [4] "0.943510339452363"    "0.943510339452363"    "0.943303009142664"   
 [7] "0.943303009142664"    "0.99"                 "0.99"                
[10] "0.0467433253492868"   "0.0467433253492868"   "0.0449780362783419"  
[13] "0.0449780362783419"   "0.0440733935996853"   "0.0440733935996853"  
[16] "0.140440466626779"    "0.140440466626779"    "0.288310885701974"   
[19] "0.288310885701974"    "0.239207641937415"    "0.239207641937415"   
[22] "0.194830719345653"    "0.194830719345653"    "0.307515594207722"   
[25] "0.307515594207722"    "0.27559736366674"     "0.27559736366674"    
[28] "0.135798429283091"    "0.135798429283091"    "0.294374722342337"   
[31] "0.294374722342337"    "0.0356689039207253"   "0.0356689039207253"  
[34] "0.0228471190002432"   "0.0228471190002432"   "0.00820442594182031" 
[37] "0.00820442594182031"  "0.000319725903564667" "0.000319725903564667"
[40] "0.989424030341252"    "0.989424030341252"    "beta :"              
[43] "1"                   
 [1] "sigma:"               "0.946450681344788"    "0.946450681344788"   
 [4] "0.943510339452363"    "0.943510339452363"    "0.943303009142664"   
 [7] "0.943303009142664"    "0.99"                 "0.99"                
[10] "0.0467433253492868"   "0.0467433253492868"   "0.0449780362783419"  
[13] "0.0449780362783419"   "0.0440733935996853"   "0.0440733935996853"  
[16] "0.0909404666267793"   "0.0909404666267793"   "0.288310885701974"   
[19] "0.288310885701974"    "0.288707641937415"    "0.288707641937415"   
[22] "0.194830719345653"    "0.194830719345653"    "0.307515594207722"   
[25] "0.307515594207722"    "0.27559736366674"     "0.27559736366674"    
[28] "0.135798429283091"    "0.135798429283091"    "0.343874722342337"   
[31] "0.343874722342337"    "0.0356689039207253"   "0.0356689039207253"  
[34] "0.0228471190002432"   "0.0228471190002432"   "0.00820442594182031" 
[37] "0.00820442594182031"  "0.000319725903564664" "0.000319725903564664"
[40] "0.989424030341252"    "0.989424030341252"    "beta :"              
[43] "1"                   
[1] " old Likelihood:  -10671188.7929087"
[1] "New Likelihood:  -10671184.8457912"
iter:  0  f-value:  41739.71  pgrad:  0.5121788 
iter:  10  f-value:  41739.68  pgrad:  0.9061478 
iter:  20  f-value:  41739.68  pgrad:  0.8302595 
iter:  30  f-value:  41739.68  pgrad:  0.6492212 
iter:  40  f-value:  41739.68  pgrad:  0.6047776 
iter:  50  f-value:  41739.68  pgrad:  0.5199399 
  Unsuccessful convergence.
Time difference of 27.46466 mins
[1] "maxIt: 20"
[1] "It: 10"
 [1] "sigma:"               "0.947009875115474"    "0.947009875115474"   
 [4] "0.943815065415539"    "0.943815065415539"    "0.943604443706653"   
 [7] "0.943604443706653"    "0.99"                 "0.99"                
[10] "0.0466414403310126"   "0.0466414403310126"   "0.0447246875837654"  
[13] "0.0447246875837654"   "0.0438322043263162"   "0.0438322043263162"  
[16] "0.0905959365867986"   "0.0905959365867986"   "0.287582416735391"   
[19] "0.287582416735391"    "0.287833426631129"    "0.287833426631129"   
[22] "0.194281158699929"    "0.194281158699929"    "0.307899852987135"   
[25] "0.307899852987135"    "0.277118704708223"    "0.277118704708223"   
[28] "0.138062898523272"    "0.138062898523272"    "0.347994878905629"   
[31] "0.347994878905629"    "0.0387460251376144"   "0.0387460251376144"  
[34] "0.0247927772542578"   "0.0247927772542578"   "0.00869043315108638" 
[37] "0.00869043315108638"  "0.000230346421634826" "0.000230346421634826"
[40] "0.989322877582045"    "0.989322877582045"    "beta :"              
[43] "1"                   
 [1] "sigma:"               "0.947009875115474"    "0.947009875115474"   
 [4] "0.943815065415539"    "0.943815065415539"    "0.943604443706653"   
 [7] "0.943604443706653"    "0.99"                 "0.99"                
[10] "0.0466414403310126"   "0.0466414403310126"   "0.0447246875837654"  
[13] "0.0447246875837654"   "0.0438322043263162"   "0.0438322043263162"  
[16] "0.0410959365867987"   "0.0410959365867987"   "0.287582416735391"   
[19] "0.287582416735391"    "0.287833426631129"    "0.287833426631129"   
[22] "0.194281158699929"    "0.194281158699929"    "0.307899852987135"   
[25] "0.307899852987135"    "0.277118704708223"    "0.277118704708223"   
[28] "0.138062898523272"    "0.138062898523272"    "0.347994878905629"   
[31] "0.347994878905629"    "0.0387460251376144"   "0.0387460251376144"  
[34] "0.0247927772542577"   "0.0247927772542577"   "0.00869043315108638" 
[37] "0.00869043315108638"  "0.000230346421634824" "0.000230346421634824"
[40] "0.989322877582045"    "0.989322877582045"    "beta :"              
[43] "1"                   
[1] " old Likelihood:  -10671184.8457912"
[1] "New Likelihood:  -10671177.1405774"
iter:  0  f-value:  41761.61  pgrad:  0.5140406 
iter:  10  f-value:  41761.61  pgrad:  0.6483573 
iter:  20  f-value:  41761.61  pgrad:  0.6477564 
iter:  30  f-value:  41761.6  pgrad:  0.6471705 
iter:  40  f-value:  41761.6  pgrad:  0.6231858 
iter:  50  f-value:  41761.6  pgrad:  0.3079185 
  Unsuccessful convergence.
Time difference of 26.84531 mins
[1] "maxIt: 20"
[1] "It: 11"
 [1] "sigma:"               "0.947585973972858"    "0.947585973972858"   
 [4] "0.944126640998346"    "0.944126640998346"    "0.943928449938478"   
 [7] "0.943928449938478"    "0.99"                 "0.99"                
[10] "0.0465784361853619"   "0.0465784361853619"   "0.0445417934556022"  
[13] "0.0445417934556022"   "0.0436999086457227"   "0.0436999086457227"  
[16] "0.0409306427537801"   "0.0409306427537801"   "0.287144154620171"   
[19] "0.287144154620171"    "0.28731556205303"     "0.28731556205303"    
[22] "0.194107379107539"    "0.194107379107539"    "0.308615997023435"   
[25] "0.308615997023435"    "0.278624099821883"    "0.278624099821883"   
[28] "0.139705714506954"    "0.139705714506954"    "0.351000378498707"   
[31] "0.351000378498707"    "0.0410219337611913"   "0.0410219337611913"  
[34] "0.0261924529135154"   "0.0261924529135154"   "0.0089697742573441"  
[37] "0.0089697742573441"   "0.000117899870198298" "0.000117899870198298"
[40] "0.989219698357622"    "0.989219698357622"    "beta :"              
[43] "1"                   
 [1] "sigma:"             "0.947585973972858"  "0.947585973972858" 
 [4] "0.944126640998346"  "0.944126640998346"  "0.943928449938478" 
 [7] "0.943928449938478"  "0.99"               "0.99"              
[10] "0.0465784361853619" "0.0465784361853619" "0.0445417934556022"
[13] "0.0445417934556022" "0.0436999086457227" "0.0436999086457227"
[16] "0.0409306427537801" "0.0409306427537801" "0.237644154620171" 
[19] "0.237644154620171"  "0.28731556205303"   "0.28731556205303"  
[22] "0.243607379107539"  "0.243607379107539"  "0.308615997023435" 
[25] "0.308615997023435"  "0.278624099821883"  "0.278624099821883" 
[28] "0.139705714506954"  "0.139705714506954"  "0.351000378498707" 
[31] "0.351000378498707"  "0.0410219337611913" "0.0410219337611913"
[34] "0.0261924529135155" "0.0261924529135155" "0.0089697742573441"
[37] "0.0089697742573441" "0.0496178998701983" "0.0496178998701983"
[40] "0.989219698357622"  "0.989219698357622"  "beta :"            
[43] "1"                 
[1] " old Likelihood:  -10671177.1405774"
[1] "New Likelihood:  -10671173.9479514"
iter:  0  f-value:  41667.61  pgrad:  0.5111743 
iter:  10  f-value:  41667.61  pgrad:  0.6451963 
iter:  20  f-value:  41667.61  pgrad:  0.6447032 
iter:  30  f-value:  41667.6  pgrad:  0.6085611 
iter:  40  f-value:  41667.6  pgrad:  0.499682 
iter:  50  f-value:  41667.6  pgrad:  0.4848698 
  Unsuccessful convergence.
Time difference of 27.51171 mins
[1] "maxIt: 20"
[1] "It: 12"
 [1] "sigma:"              "0.947887262581849"   "0.947887262581849"  
 [4] "0.944294610852268"   "0.944294610852268"   "0.944100005737887"  
 [7] "0.944100005737887"   "0.99"                "0.99"               
[10] "0.0465354406396408"  "0.0465354406396408"  "0.0444242797000551" 
[13] "0.0444242797000551"  "0.0436022019394002"  "0.0436022019394002" 
[16] "0.0408145820856318"  "0.0408145820856318"  "0.237352195899473"  
[19] "0.237352195899473"   "0.286907241912045"   "0.286907241912045"  
[22] "0.243374648393569"   "0.243374648393569"   "0.308975780159664"  
[25] "0.308975780159664"   "0.279551035126602"   "0.279551035126602"  
[28] "0.140705624302773"   "0.140705624302773"   "0.352753236884276"  
[31] "0.352753236884276"   "0.0423297202358842"  "0.0423297202358842" 
[34] "0.0269965069341874"  "0.0269965069341874"  "0.00920089306435321"
[37] "0.00920089306435321" "0.0495821649699318"  "0.0495821649699318" 
[40] "0.989179922689088"   "0.989179922689088"   "beta :"             
[43] "1"                  
 [1] "sigma:"               "0.947887262581849"    "0.947887262581849"   
 [4] "0.944294610852268"    "0.944294610852268"    "0.944100005737887"   
 [7] "0.944100005737887"    "0.99"                 "0.99"                
[10] "0.0465354406396408"   "0.0465354406396408"   "0.0444242797000551"  
[13] "0.0444242797000551"   "0.0436022019394002"   "0.0436022019394002"  
[16] "0.0408145820856318"   "0.0408145820856318"   "0.187852195899473"   
[19] "0.187852195899473"    "0.286907241912045"    "0.286907241912045"   
[22] "0.243374648393569"    "0.243374648393569"    "0.358475780159664"   
[25] "0.358475780159664"    "0.279551035126602"    "0.279551035126602"   
[28] "0.140705624302773"    "0.140705624302773"    "0.352753236884276"   
[31] "0.352753236884276"    "0.0918297202358842"   "0.0918297202358842"  
[34] "0.0269965069341874"   "0.0269965069341874"   "0.00920089306435321" 
[37] "0.00920089306435321"  "8.21649699318278e-05" "8.21649699318278e-05"
[40] "0.989179922689088"    "0.989179922689088"    "beta :"              
[43] "1"                   
[1] " old Likelihood:  -10671173.9479514"
[1] "New Likelihood:  -10671171.4877703"
iter:  0  f-value:  41401.49  pgrad:  0.5106495 
iter:  10  f-value:  41401.47  pgrad:  0.8502684 
iter:  20  f-value:  41401.46  pgrad:  0.6418648 
iter:  30  f-value:  41401.46  pgrad:  0.641744 
iter:  40  f-value:  41401.46  pgrad:  0.5801849 
iter:  50  f-value:  41401.46  pgrad:  0.5200855 
  Unsuccessful convergence.
Time difference of 28.15338 mins
[1] "maxIt: 20"
[1] "It: 13"
 [1] "sigma:"               "0.948324457817405"    "0.948324457817405"   
 [4] "0.94454514876272"     "0.94454514876272"     "0.944351822785458"   
 [7] "0.944351822785458"    "0.99"                 "0.99"                
[10] "0.0464626652494079"   "0.0464626652494079"   "0.0442276287986347"  
[13] "0.0442276287986347"   "0.0434289036439136"   "0.0434289036439136"  
[16] "0.0405883291540722"   "0.0405883291540722"   "0.187300481740639"   
[19] "0.187300481740639"    "0.285981349226348"    "0.285981349226348"   
[22] "0.242548286241924"    "0.242548286241924"    "0.358418397050548"   
[25] "0.358418397050548"    "0.280650846469024"    "0.280650846469024"   
[28] "0.142414235545493"    "0.142414235545493"    "0.355834020307272"   
[31] "0.355834020307272"    "0.0942984221105869"   "0.0942984221105869"  
[34] "0.0285334197429644"   "0.0285334197429644"   "0.00958936028158422" 
[37] "0.00958936028158422"  "3.76336061754796e-06" "3.76336061754796e-06"
[40] "0.989089202007168"    "0.989089202007168"    "beta :"              
[43] "1"                   
 [1] "sigma:"               "0.948324457817405"    "0.948324457817405"   
 [4] "0.94454514876272"     "0.94454514876272"     "0.944351822785458"   
 [7] "0.944351822785458"    "0.99"                 "0.99"                
[10] "0.0464626652494079"   "0.0464626652494079"   "0.0442276287986347"  
[13] "0.0442276287986347"   "0.0434289036439136"   "0.0434289036439136"  
[16] "0.0405883291540722"   "0.0405883291540722"   "0.13780048174064"    
[19] "0.13780048174064"     "0.285981349226348"    "0.285981349226348"   
[22] "0.242548286241924"    "0.242548286241924"    "0.358418397050548"   
[25] "0.358418397050548"    "0.280650846469024"    "0.280650846469024"   
[28] "0.142414235545493"    "0.142414235545493"    "0.355834020307272"   
[31] "0.355834020307272"    "0.0942984221105869"   "0.0942984221105869"  
[34] "0.0285334197429644"   "0.0285334197429644"   "0.00958936028158422" 
[37] "0.00958936028158422"  "3.76336061754627e-06" "3.76336061754627e-06"
[40] "0.989089202007168"    "0.989089202007168"    "beta :"              
[43] "1"                   
[1] " old Likelihood:  -10671171.4877703"
[1] "New Likelihood:  -10671165.4649254"
iter:  0  f-value:  41441.84  pgrad:  0.5142061 
iter:  10  f-value:  41441.84  pgrad:  0.6404276 
iter:  20  f-value:  41441.84  pgrad:  0.6159826 
iter:  30  f-value:  41441.84  pgrad:  0.537475 
iter:  40  f-value:  41441.83  pgrad:  0.4842877 
iter:  50  f-value:  41441.83  pgrad:  0.4006142 
  Unsuccessful convergence.
Time difference of 27.4877 mins
[1] "maxIt: 20"
[1] "It: 14"
 [1] "sigma:"             "0.94870169172426"   "0.94870169172426"  
 [4] "0.944757477024467"  "0.944757477024467"  "0.944578082239792" 
 [7] "0.944578082239792"  "0.99"               "0.99"              
[10] "0.0464320392711266" "0.0464320392711266" "0.0441167982718468"
[13] "0.0441167982718468" "0.0433668793074539" "0.0433668793074539"
[16] "0.0405447221654725" "0.0405447221654725" "0.137615435889662" 
[19] "0.137615435889662"  "0.28558118390908"   "0.28558118390908"  
[22] "0.242217854837743"  "0.242217854837743"  "0.35866733477525"  
[25] "0.35866733477525"   "0.281539731043586"  "0.281539731043586" 
[28] "0.143412351233688"  "0.143412351233688"  "0.357661877287865" 
[31] "0.357661877287865"  "0.0957818248057309" "0.0957818248057309"
[34] "0.0294508821784092" "0.0294508821784092" "0.0097716051151386"
[37] "0.0097716051151386" "0"                  "0"                 
[40] "0.989015182174231"  "0.989015182174231"  "beta :"            
[43] "1"                 
 [1] "sigma:"             "0.94870169172426"   "0.94870169172426"  
 [4] "0.944757477024467"  "0.944757477024467"  "0.944578082239792" 
 [7] "0.944578082239792"  "0.99"               "0.99"              
[10] "0.0464320392711266" "0.0464320392711266" "0.0441167982718468"
[13] "0.0441167982718468" "0.0433668793074539" "0.0433668793074539"
[16] "0.0405447221654725" "0.0405447221654725" "0.137615435889662" 
[19] "0.137615435889662"  "0.28558118390908"   "0.28558118390908"  
[22] "0.242217854837743"  "0.242217854837743"  "0.35866733477525"  
[25] "0.35866733477525"   "0.331039731043586"  "0.331039731043586" 
[28] "0.143412351233688"  "0.143412351233688"  "0.357661877287865" 
[31] "0.357661877287865"  "0.0957818248057309" "0.0957818248057309"
[34] "0.0294508821784092" "0.0294508821784092" "0.0097716051151386"
[37] "0.0097716051151386" "0.0495"             "0.0495"            
[40] "0.989015182174231"  "0.989015182174231"  "beta :"            
[43] "1"                 
[1] " old Likelihood:  -10671165.4649254"
[1] "New Likelihood:  -10671163.260664"
iter:  0  f-value:  41228.38  pgrad:  0.5092928 
iter:  10  f-value:  41228.36  pgrad:  0.6796472 
iter:  20  f-value:  41228.36  pgrad:  0.6383169 
iter:  30  f-value:  41228.36  pgrad:  0.6290065 
iter:  40  f-value:  41228.36  pgrad:  0.5003676 
iter:  50  f-value:  41228.36  pgrad:  0.4801404 
  Unsuccessful convergence.
Time difference of 27.34007 mins
[1] "maxIt: 20"
[1] "It: 15"
 [1] "sigma:"             "0.949039263737943"  "0.949039263737943" 
 [4] "0.944951829328711"  "0.944951829328711"  "0.944773890595958" 
 [7] "0.944773890595958"  "0.99"               "0.99"              
[10] "0.0463723677145578" "0.0463723677145578" "0.0439511807906519"
[13] "0.0439511807906519" "0.0432095017587388" "0.0432095017587388"
[16] "0.0403469371608506" "0.0403469371608506" "0.137191360060242" 
[19] "0.137191360060242"  "0.284817620364293"  "0.284817620364293" 
[22] "0.241476908097935"  "0.241476908097935"  "0.35843140689052"  
[25] "0.35843140689052"   "0.331737183446692"  "0.331737183446692" 
[28] "0.144589358225452"  "0.144589358225452"  "0.359866093784655" 
[31] "0.359866093784655"  "0.0975303747340252" "0.0975303747340252"
[34] "0.0305323435068415" "0.0305323435068415" "0.0100750181796018"
[37] "0.0100750181796018" "0.0494540262755035" "0.0494540262755035"
[40] "0.988965037063401"  "0.988965037063401"  "beta :"            
[43] "1"                 
 [1] "sigma:"             "0.949039263737943"  "0.949039263737943" 
 [4] "0.944951829328711"  "0.944951829328711"  "0.944773890595958" 
 [7] "0.944773890595958"  "0.99"               "0.99"              
[10] "0.0463723677145578" "0.0463723677145578" "0.0439511807906519"
[13] "0.0439511807906519" "0.0432095017587388" "0.0432095017587388"
[16] "0.0403469371608506" "0.0403469371608506" "0.0876913600602418"
[19] "0.0876913600602418" "0.284817620364293"  "0.284817620364293" 
[22] "0.241476908097935"  "0.241476908097935"  "0.35843140689052"  
[25] "0.35843140689052"   "0.331737183446692"  "0.331737183446692" 
[28] "0.144589358225452"  "0.144589358225452"  "0.359866093784655" 
[31] "0.359866093784655"  "0.0975303747340252" "0.0975303747340252"
[34] "0.0305323435068415" "0.0305323435068415" "0.0100750181796018"
[37] "0.0100750181796018" "0.0494540262755036" "0.0494540262755036"
[40] "0.988965037063401"  "0.988965037063401"  "beta :"            
[43] "1"                 
[1] " old Likelihood:  -10671163.260664"
[1] "New Likelihood:  -10671159.4813204"
iter:  0  f-value:  41265.51  pgrad:  0.5141421 
iter:  10  f-value:  41265.51  pgrad:  0.6363063 
iter:  20  f-value:  41265.51  pgrad:  0.562286 
iter:  30  f-value:  41265.51  pgrad:  0.5114271 
iter:  40  f-value:  41265.51  pgrad:  0.4394678 
iter:  50  f-value:  41265.51  pgrad:  0.4052708 
  Unsuccessful convergence.
Time difference of 27.37789 mins
[1] "maxIt: 20"
[1] "It: 16"
 [1] "sigma:"             "0.949290084150205"  "0.949290084150205" 
 [4] "0.945094874009427"  "0.945094874009427"  "0.944925569554229" 
 [7] "0.944925569554229"  "0.99"               "0.99"              
[10] "0.0463484064383075" "0.0463484064383075" "0.0438653591332276"
[13] "0.0438653591332276" "0.0431504077741201" "0.0431504077741201"
[16] "0.0403073739850109" "0.0403073739850109" "0.0875662650040291"
[19] "0.0875662650040291" "0.284515493480213"  "0.284515493480213" 
[22] "0.241167628519239"  "0.241167628519239"  "0.358425739609464" 
[25] "0.358425739609464"  "0.332201231624666"  "0.332201231624666" 
[28] "0.145196735724505"  "0.145196735724505"  "0.361080616062772" 
[31] "0.361080616062772"  "0.0985308334293369" "0.0985308334293369"
[34] "0.0311341249974872" "0.0311341249974872" "0.0102211674241084"
[37] "0.0102211674241084" "0.0494087825748858" "0.0494087825748858"
[40] "0.988929270911538"  "0.988929270911538"  "beta :"            
[43] "1"                 
 [1] "sigma:"             "0.949290084150205"  "0.949290084150205" 
 [4] "0.945094874009427"  "0.945094874009427"  "0.944925569554229" 
 [7] "0.944925569554229"  "0.99"               "0.99"              
[10] "0.0463484064383075" "0.0463484064383075" "0.0438653591332276"
[13] "0.0438653591332276" "0.0431504077741202" "0.0431504077741202"
[16] "0.0403073739850109" "0.0403073739850109" "0.0875662650040291"
[19] "0.0875662650040291" "0.284515493480213"  "0.284515493480213" 
[22] "0.241167628519239"  "0.241167628519239"  "0.358425739609464" 
[25] "0.358425739609464"  "0.332201231624666"  "0.332201231624666" 
[28] "0.145196735724505"  "0.145196735724505"  "0.361080616062772" 
[31] "0.361080616062772"  "0.0985308334293369" "0.0985308334293369"
[34] "0.0311341249974872" "0.0311341249974872" "0.0102211674241084"
[37] "0.0102211674241084" "0.0494087825748858" "0.0494087825748858"
[40] "0.988929270911538"  "0.988929270911538"  "beta :"            
[43] "1"                 
[1] " old Likelihood:  -10671159.4813204"
[1] "New Likelihood:  -10671158.0560167"
iter:  0  f-value:  41264.2  pgrad:  0.5138683 
iter:  10  f-value:  41264.2  pgrad:  0.5255424 
iter:  20  f-value:  41264.2  pgrad:  0.5104812 
iter:  30  f-value:  41264.2  pgrad:  0.3552123 
iter:  40  f-value:  41264.2  pgrad:  0.2920569 
iter:  50  f-value:  41264.2  pgrad:  0.2764136 
  Unsuccessful convergence.
Time difference of 26.6067 mins
[1] "maxIt: 20"
[1] "It: 17"
 [1] "sigma:"             "0.949633260579832"  "0.949633260579832" 
 [4] "0.945291253911242"  "0.945291253911242"  "0.945134630952242" 
 [7] "0.945134630952242"  "0.99"               "0.99"              
[10] "0.0463148702496241" "0.0463148702496241" "0.0437411960825238"
[13] "0.0437411960825238" "0.0430487720748228" "0.0430487720748228"
[16] "0.0402031525913478" "0.0402031525913478" "0.0873436767736657"
[19] "0.0873436767736657" "0.284077829337347"  "0.284077829337347" 
[22] "0.240772036399723"  "0.240772036399723"  "0.358474863906529" 
[25] "0.358474863906529"  "0.332830573897906"  "0.332830573897906" 
[28] "0.14590954154752"   "0.14590954154752"   "0.362408870527763" 
[31] "0.362408870527763"  "0.0996724540933009" "0.0996724540933009"
[34] "0.0318402473192926" "0.0318402473192926" "0.0103715617879429"
[37] "0.0103715617879429" "0.0493353692258569" "0.0493353692258569"
[40] "0.988878154678319"  "0.988878154678319"  "beta :"            
[43] "1"                 
 [1] "sigma:"             "0.949633260579832"  "0.949633260579832" 
 [4] "0.945291253911242"  "0.945291253911242"  "0.945134630952242" 
 [7] "0.945134630952242"  "0.99"               "0.99"              
[10] "0.0463148702496241" "0.0463148702496241" "0.0437411960825238"
[13] "0.0437411960825238" "0.0430487720748228" "0.0430487720748228"
[16] "0.0402031525913478" "0.0402031525913478" "0.0378436767736657"
[19] "0.0378436767736657" "0.284077829337347"  "0.284077829337347" 
[22] "0.240772036399723"  "0.240772036399723"  "0.358474863906529" 
[25] "0.358474863906529"  "0.332830573897906"  "0.332830573897906" 
[28] "0.14590954154752"   "0.14590954154752"   "0.362408870527763" 
[31] "0.362408870527763"  "0.149172454093301"  "0.149172454093301" 
[34] "0.0318402473192926" "0.0318402473192926" "0.0103715617879429"
[37] "0.0103715617879429" "0.0493353692258569" "0.0493353692258569"
[40] "0.988878154678319"  "0.988878154678319"  "beta :"            
[43] "1"                 
[1] " old Likelihood:  -10671158.0560167"
[1] "New Likelihood:  -10671156.6912906"
iter:  0  f-value:  41060.56  pgrad:  0.5136089 
iter:  10  f-value:  41060.55  pgrad:  0.7756171 
iter:  20  f-value:  41060.55  pgrad:  0.6611663 
iter:  30  f-value:  41060.55  pgrad:  0.6314804 
iter:  40  f-value:  41060.55  pgrad:  0.4996931 
iter:  50  f-value:  41060.54  pgrad:  0.4964119 
  Unsuccessful convergence.
Time difference of 26.76221 mins
[1] "maxIt: 20"
[1] "It: 18"
 [1] "sigma:"             "0.950150347065267"  "0.950150347065267" 
 [4] "0.945596686627587"  "0.945596686627587"  "0.945467497485157" 
 [7] "0.945467497485157"  "0.99"               "0.99"              
[10] "0.0462847702192973" "0.0462847702192973" "0.0435844275561444"
[13] "0.0435844275561444" "0.0429344690416407" "0.0429344690416407"
[16] "0.0401172115678592" "0.0401172115678592" "0.0376343323889125"
[19] "0.0376343323889125" "0.283573305777985"  "0.283573305777985" 
[22] "0.240280390088088"  "0.240280390088088"  "0.358569147228219" 
[25] "0.358569147228219"  "0.333685300496899"  "0.333685300496899" 
[28] "0.146972177853898"  "0.146972177853898"  "0.364832212804038" 
[31] "0.364832212804038"  "0.151670886884137"  "0.151670886884137" 
[34] "0.0335752792103694" "0.0335752792103694" "0.0109584640138619"
[37] "0.0109584640138619" "0.0493043703446453" "0.0493043703446453"
[40] "0.988809873908834"  "0.988809873908834"  "beta :"            
[43] "1"                 
 [1] "sigma:"             "0.950150347065267"  "0.950150347065267" 
 [4] "0.945596686627587"  "0.945596686627587"  "0.945467497485157" 
 [7] "0.945467497485157"  "0.99"               "0.99"              
[10] "0.0462847702192973" "0.0462847702192973" "0.0435844275561444"
[13] "0.0435844275561444" "0.0429344690416407" "0.0429344690416407"
[16] "0.0401172115678592" "0.0401172115678592" "0.0376343323889125"
[19] "0.0376343323889125" "0.283573305777985"  "0.283573305777985" 
[22] "0.240280390088088"  "0.240280390088088"  "0.358569147228219" 
[25] "0.358569147228219"  "0.333685300496899"  "0.333685300496899" 
[28] "0.146972177853898"  "0.146972177853898"  "0.364832212804038" 
[31] "0.364832212804038"  "0.151670886884137"  "0.151670886884137" 
[34] "0.0335752792103694" "0.0335752792103694" "0.0109584640138619"
[37] "0.0109584640138619" "0.0493043703446453" "0.0493043703446453"
[40] "0.988809873908834"  "0.988809873908834"  "beta :"            
[43] "1"                 
[1] " old Likelihood:  -10671156.6912906"
[1] "New Likelihood:  -10671152.7588497"
iter:  0  f-value:  41063.48  pgrad:  0.5132946 
iter:  10  f-value:  41063.47  pgrad:  0.5801849 
iter:  20  f-value:  41063.47  pgrad:  0.4685717 
iter:  30  f-value:  41063.47  pgrad:  0.3747118 
iter:  40  f-value:  41063.47  pgrad:  0.3263995 
iter:  50  f-value:  41063.47  pgrad:  0.2590969 
  Unsuccessful convergence.
Time difference of 26.02077 mins
[1] "maxIt: 20"
[1] "It: 19"
 [1] "sigma:"             "0.950613858592126"  "0.950613858592126" 
 [4] "0.945871731678884"  "0.945871731678884"  "0.945766751349145" 
 [7] "0.945766751349145"  "0.99"               "0.99"              
[10] "0.0462520010306351" "0.0462520010306351" "0.0434259872815876"
[13] "0.0434259872815876" "0.0428009725790698" "0.0428009725790698"
[16] "0.0399790139020646" "0.0399790139020646" "0.0373865713993359"
[19] "0.0373865713993359" "0.283089537584466"  "0.283089537584466" 
[22] "0.239886852606099"  "0.239886852606099"  "0.358782588352168" 
[25] "0.358782588352168"  "0.334526593732924"  "0.334526593732924" 
[28] "0.147758157580353"  "0.147758157580353"  "0.366523740292838" 
[31] "0.366523740292838"  "0.153439266701533"  "0.153439266701533" 
[34] "0.0348293500819949" "0.0348293500819949" "0.0113311073129257"
[37] "0.0113311073129257" "0.049232476762181"  "0.049232476762181" 
[40] "0.988740068308639"  "0.988740068308639"  "beta :"            
[43] "1"                 
 [1] "sigma:"             "0.950613858592126"  "0.950613858592126" 
 [4] "0.945871731678884"  "0.945871731678884"  "0.945766751349145" 
 [7] "0.945766751349145"  "0.99"               "0.99"              
[10] "0.0462520010306351" "0.0462520010306351" "0.0434259872815876"
[13] "0.0434259872815876" "0.0428009725790698" "0.0428009725790698"
[16] "0.0399790139020646" "0.0399790139020646" "0.0373865713993359"
[19] "0.0373865713993359" "0.283089537584466"  "0.283089537584466" 
[22] "0.239886852606099"  "0.239886852606099"  "0.358782588352168" 
[25] "0.358782588352168"  "0.334526593732924"  "0.334526593732924" 
[28] "0.147758157580353"  "0.147758157580353"  "0.366523740292838" 
[31] "0.366523740292838"  "0.153439266701533"  "0.153439266701533" 
[34] "0.0348293500819949" "0.0348293500819949" "0.0113311073129257"
[37] "0.0113311073129257" "0.049232476762181"  "0.049232476762181" 
[40] "0.988740068308639"  "0.988740068308639"  "beta :"            
[43] "1"                 
[1] " old Likelihood:  -10671152.7588497"
[1] "New Likelihood:  -10671151.2230351"
iter:  0  f-value:  41058.7  pgrad:  0.5129536 
iter:  10  f-value:  41058.7  pgrad:  0.5052463 
iter:  20  f-value:  41058.7  pgrad:  0.3755849 
iter:  30  f-value:  41058.7  pgrad:  0.3202877 
iter:  40  f-value:  41058.7  pgrad:  0.2983143 
iter:  50  f-value:  41058.7  pgrad:  0.1941953 
  Unsuccessful convergence.
Time difference of 25.93947 mins
[1] "maxIt: 20"
[1] "It: 20"
 [1] "sigma:"             "0.9512244827677"    "0.9512244827677"   
 [4] "0.946237865075806"  "0.946237865075806"  "0.946164155851199" 
 [7] "0.946164155851199"  "0.99"               "0.99"              
[10] "0.0462016221222529" "0.0462016221222529" "0.0431908999314123"
[13] "0.0431908999314123" "0.0425779747084924" "0.0425779747084924"
[16] "0.0397187243122887" "0.0397187243122887" "0.0369655051420437"
[19] "0.0369655051420437" "0.282356977507203"  "0.282356977507203" 
[22] "0.239352081975659"  "0.239352081975659"  "0.359119996813463" 
[25] "0.359119996813463"  "0.335655491202012"  "0.335655491202012" 
[28] "0.148689483206582"  "0.148689483206582"  "0.368409119995601" 
[31] "0.368409119995601"  "0.155494905748773"  "0.155494905748773" 
[34] "0.0362694179934795" "0.0362694179934795" "0.0116991142094212"
[37] "0.0116991142094212" "0.0490932016990055" "0.0490932016990055"
[40] "0.988637304490337"  "0.988637304490337"  "beta :"            
[43] "1"                 
 [1] "sigma:"             "0.9512244827677"    "0.9512244827677"   
 [4] "0.946237865075806"  "0.946237865075806"  "0.946164155851199" 
 [7] "0.946164155851199"  "0.99"               "0.99"              
[10] "0.0462016221222529" "0.0462016221222529" "0.0431908999314123"
[13] "0.0431908999314123" "0.0425779747084924" "0.0425779747084924"
[16] "0.0397187243122887" "0.0397187243122887" "0.0369655051420437"
[19] "0.0369655051420437" "0.232856977507203"  "0.232856977507203" 
[22] "0.239352081975659"  "0.239352081975659"  "0.408619996813463" 
[25] "0.408619996813463"  "0.335655491202012"  "0.335655491202012" 
[28] "0.148689483206582"  "0.148689483206582"  "0.368409119995601" 
[31] "0.368409119995601"  "0.155494905748773"  "0.155494905748773" 
[34] "0.0362694179934795" "0.0362694179934795" "0.0116991142094212"
[37] "0.0116991142094212" "0.0490932016990055" "0.0490932016990055"
[40] "0.988637304490337"  "0.988637304490337"  "beta :"            
[43] "1"                 
[1] " old Likelihood:  -10671151.2230351"
[1] "New Likelihood:  -10671149.6649772"
iter:  0  f-value:  40964.39  pgrad:  0.5048524 
iter:  10  f-value:  40964.39  pgrad:  0.5369657 
iter:  20  f-value:  40964.39  pgrad:  0.4982335 
iter:  30  f-value:  40964.39  pgrad:  0.3792957 
iter:  40  f-value:  40964.39  pgrad:  0.3779132 
iter:  50  f-value:  40964.39  pgrad:  0.2874003 
  Unsuccessful convergence.
Time difference of 26.6149 mins
 [1] "sigma:"             "0.951790697169131"  "0.951790697169131" 
 [4] "0.946593909288366"  "0.946593909288366"  "0.946543047370096" 
 [7] "0.946543047370096"  "0.99"               "0.99"              
[10] "0.046133493775969"  "0.046133493775969"  "0.0429189039231022"
[13] "0.0429189039231022" "0.0422984348627704" "0.0422984348627704"
[16] "0.0393650680147071" "0.0393650680147071" "0.0363799071292984"
[19] "0.0363799071292984" "0.231775917917757"  "0.231775917917757" 
[22] "0.238200883120405"  "0.238200883120405"  "0.40825057786828"  
[25] "0.40825057786828"   "0.336652087553057"  "0.336652087553057" 
[28] "0.149955298065937"  "0.149955298065937"  "0.370789450905615" 
[31] "0.370789450905615"  "0.157665647974036"  "0.157665647974036" 
[34] "0.037615516057997"  "0.037615516057997"  "0.011964214173125" 
[37] "0.011964214173125"  "0.0489163470972603" "0.0489163470972603"
[40] "0.98852052826724"   "0.98852052826724"   "beta :"            
[43] "1"                 
[1] 1999996 1999536 1998346 1999920 1999820
[1] 1 1 1 1 1
saved RDS
inference successful
