[1] "Original length"
[1] 999683
[1] "Final length"
[1] 19325
[1] "sequence length : 999684" "sequence length : 999949"
[3] "sequence length : 999958" "sequence length : 999799"
[5] "sequence length : 999845"
[1] 1 1 1 1 1
[1] "Beta: 1"
[1] "Self: 0.5"
 [1] 0 0 0 0 0 0 0 0 0 0 0 0 0 0 0 0 0 0 0 0
[1] "maxIt: 20"
[1] "It: 1"
 [1] "sigma:" "0.5"    "0.5"    "0.5"    "0.5"    "0.5"    "0.5"    "0.5"   
 [9] "0.5"    "0.5"    "0.5"    "0.5"    "0.5"    "0.5"    "0.5"    "0.5"   
[17] "0.5"    "0.5"    "0.5"    "0"      "0"      "0"      "0"      "0"     
[25] "0"      "0"      "0"      "0"      "0"      "0"      "0"      "0"     
[33] "0"      "0"      "0"      "0"      "0"      "0"      "0"      "0"     
[41] "0"      "beta :" "1"     
[1] 10089401
[1] 10089398
[1] 10089397
[1] 10089396
[1] 10089396
[1] 10089398
[1] 10089403
[1] 10089411
[1] 10089424
[1] 10089447
[1] 10089481
[1] 10089526
[1] 10089578
[1] 10089624
[1] 10089644
[1] 10089628
[1] 10089584
[1] 10089542
[1] 10089523
[1] 10089526
[1] 10089533
 [1] "sigma:" "0.5"    "0.5"    "0.5"    "0.5"    "0.5"    "0.5"    "0.45"  
 [9] "0.45"   "0.45"   "0.45"   "0.45"   "0.45"   "0.45"   "0.45"   "0.45"  
[17] "0.45"   "0.45"   "0.45"   "0.45"   "0.45"   "0.45"   "0.45"   "0.45"  
[25] "0.45"   "0.45"   "0.45"   "0.45"   "0.45"   "0.45"   "0.45"   "0.45"  
[33] "0.45"   "0.45"   "0.45"   "0.45"   "0.45"   "0.45"   "0.45"   "0.45"  
[41] "0.45"   "beta :" "1"     
[1] "New Likelihood:  -10089396.2306763"
iter:  0  f-value:  32656.9  pgrad:  0.5 
iter:  10  f-value:  32656.53  pgrad:  0.897878 
iter:  20  f-value:  32656.45  pgrad:  0.8896341 
iter:  30  f-value:  32656.44  pgrad:  0.8867503 
  Unsuccessful convergence.
Time difference of 30.42907 mins
[1] "maxIt: 20"
[1] "It: 2"
 [1] "sigma:"            "0.500652344259711" "0.500652344259711"
 [4] "0.500652344259711" "0.500652344259711" "0.500652344259711"
 [7] "0.500652344259711" "0.443356371756454" "0.443356371756454"
[10] "0.443356371756454" "0.443356371756454" "0.443356371756454"
[13] "0.443356371756454" "0.443356371756454" "0.443356371756454"
[16] "0.443356371756454" "0.443356371756454" "0.443356371756454"
[19] "0.443356371756454" "0.443356371756454" "0.443356371756454"
[22] "0.443356371756454" "0.443356371756454" "0.443356371756454"
[25] "0.443356371756454" "0.443356371756454" "0.443356371756454"
[28] "0.443356371756454" "0.443356371756454" "0.443356371756454"
[31] "0.443356371756454" "0.443356371756454" "0.443356371756454"
[34] "0.443356371756454" "0.443356371756454" "0.443356371756454"
[37] "0.443356371756454" "0.443356371756454" "0.443356371756454"
[40] "0.443356371756454" "0.443356371756454" "beta :"           
[43] "1"                
[1] 10089210
[1] 10089201
[1] 10089211
 [1] "sigma:"            "0.966152344259711" "0.966152344259711"
 [4] "0.966152344259711" "0.966152344259711" "0.966152344259711"
 [7] "0.966152344259711" "0.443356371756454" "0.443356371756454"
[10] "0.443356371756454" "0.443356371756454" "0.443356371756454"
[13] "0.443356371756454" "0.443356371756454" "0.443356371756454"
[16] "0.443356371756454" "0.443356371756454" "0.443356371756454"
[19] "0.443356371756454" "0.443356371756454" "0.443356371756454"
[22] "0.443356371756454" "0.443356371756454" "0.443356371756454"
[25] "0.443356371756454" "0.443356371756454" "0.443356371756454"
[28] "0.443356371756454" "0.443356371756454" "0.443356371756454"
[31] "0.443356371756454" "0.443356371756454" "0.443356371756454"
[34] "0.443356371756454" "0.443356371756454" "0.443356371756454"
[37] "0.443356371756454" "0.443356371756454" "0.443356371756454"
[40] "0.443356371756454" "0.443356371756454" "beta :"           
[43] "1"                
[1] " old Likelihood:  -10089396.2306763"
[1] "New Likelihood:  -10089200.7809719"
iter:  0  f-value:  32589.34  pgrad:  0.8867127 
iter:  10  f-value:  32589.19  pgrad:  0.8834406 
iter:  20  f-value:  32589.15  pgrad:  0.8766175 
iter:  30  f-value:  32589.14  pgrad:  0.5003943 
  Unsuccessful convergence.
Time difference of 21.06212 mins
[1] "maxIt: 20"
[1] "It: 3"
 [1] "sigma:"            "0.966717086243222" "0.966717086243222"
 [4] "0.966717086243222" "0.966717086243222" "0.966717086243222"
 [7] "0.966717086243222" "0.437199368484787" "0.437199368484787"
[10] "0.437199368484787" "0.437199368484787" "0.437199368484787"
[13] "0.437199368484787" "0.437199368484787" "0.437199368484787"
[16] "0.437199368484787" "0.437199368484787" "0.437199368484787"
[19] "0.437199368484787" "0.437199368484787" "0.437199368484787"
[22] "0.437199368484787" "0.437199368484787" "0.437199368484787"
[25] "0.437199368484787" "0.437199368484787" "0.437199368484787"
[28] "0.437199368484787" "0.437199368484787" "0.437199368484787"
[31] "0.437199368484787" "0.437199368484787" "0.437199368484787"
[34] "0.437199368484787" "0.437199368484787" "0.437199368484787"
[37] "0.437199368484787" "0.437199368484787" "0.437199368484787"
[40] "0.437199368484787" "0.437199368484787" "beta :"           
[43] "1"                
[1] 10089136
[1] 10089123
[1] 10089128
 [1] "sigma:"            "0.966717086243222" "0.966717086243222"
 [4] "0.966717086243222" "0.966717086243222" "0.966717086243222"
 [7] "0.966717086243222" "0.412199368484787" "0.412199368484787"
[10] "0.412199368484787" "0.412199368484787" "0.412199368484787"
[13] "0.412199368484787" "0.412199368484787" "0.412199368484787"
[16] "0.412199368484787" "0.412199368484787" "0.412199368484787"
[19] "0.412199368484787" "0.412199368484787" "0.412199368484787"
[22] "0.412199368484787" "0.412199368484787" "0.412199368484787"
[25] "0.412199368484787" "0.412199368484787" "0.412199368484787"
[28] "0.412199368484787" "0.412199368484787" "0.412199368484787"
[31] "0.412199368484787" "0.412199368484787" "0.412199368484787"
[34] "0.412199368484787" "0.412199368484787" "0.412199368484787"
[37] "0.412199368484787" "0.412199368484787" "0.412199368484787"
[40] "0.412199368484787" "0.412199368484787" "beta :"           
[43] "1"                
[1] " old Likelihood:  -10089200.7809719"
[1] "New Likelihood:  -10089123.1004033"
iter:  0  f-value:  33600.6  pgrad:  0.503043 
iter:  10  f-value:  33600.42  pgrad:  0.8230522 
iter:  20  f-value:  33600.38  pgrad:  0.8155437 
iter:  30  f-value:  33600.38  pgrad:  0.8143826 
  Unsuccessful convergence.
Time difference of 10.46774 mins
[1] "maxIt: 20"
[1] "It: 4"
 [1] "sigma:"            "0.967289476481387" "0.967289476481387"
 [4] "0.967289476481387" "0.967289476481387" "0.967289476481387"
 [7] "0.967289476481387" "0.407079864923658" "0.407079864923658"
[10] "0.407079864923658" "0.407079864923658" "0.407079864923658"
[13] "0.407079864923658" "0.407079864923658" "0.407079864923658"
[16] "0.407079864923658" "0.407079864923658" "0.407079864923658"
[19] "0.407079864923658" "0.407079864923658" "0.407079864923658"
[22] "0.407079864923658" "0.407079864923658" "0.407079864923658"
[25] "0.407079864923658" "0.407079864923658" "0.407079864923658"
[28] "0.407079864923658" "0.407079864923658" "0.407079864923658"
[31] "0.407079864923658" "0.407079864923658" "0.407079864923658"
[34] "0.407079864923658" "0.407079864923658" "0.407079864923658"
[37] "0.407079864923658" "0.407079864923658" "0.407079864923658"
[40] "0.407079864923658" "0.407079864923658" "beta :"           
[43] "1"                
[1] 10089074
[1] 10089058
[1] 10089060
 [1] "sigma:"            "0.967289476481387" "0.967289476481387"
 [4] "0.967289476481387" "0.967289476481387" "0.967289476481387"
 [7] "0.967289476481387" "0.407079864923658" "0.407079864923658"
[10] "0.407079864923658" "0.407079864923658" "0.407079864923658"
[13] "0.407079864923658" "0.407079864923658" "0.407079864923658"
[16] "0.407079864923658" "0.407079864923658" "0.407079864923658"
[19] "0.407079864923658" "0.407079864923658" "0.407079864923658"
[22] "0.407079864923658" "0.407079864923658" "0.407079864923658"
[25] "0.407079864923658" "0.407079864923658" "0.407079864923658"
[28] "0.407079864923658" "0.407079864923658" "0.407079864923658"
[31] "0.407079864923658" "0.407079864923658" "0.407079864923658"
[34] "0.407079864923658" "0.407079864923658" "0.407079864923658"
[37] "0.407079864923658" "0.407079864923658" "0.407079864923658"
[40] "0.407079864923658" "0.407079864923658" "beta :"           
[43] "1"                
[1] " old Likelihood:  -10089123.1004033"
[1] "New Likelihood:  -10089058.3129746"
iter:  0  f-value:  33642.4  pgrad:  0.8141597 
iter:  10  f-value:  33642.34  pgrad:  0.8124492 
iter:  20  f-value:  33642.32  pgrad:  0.8082658 
iter:  30  f-value:  33642.32  pgrad:  0.6265327 
  Unsuccessful convergence.
Time difference of 9.873321 mins
[1] "maxIt: 20"
[1] "It: 5"
 [1] "sigma:"            "0.967894788467426" "0.967894788467426"
 [4] "0.967894788467426" "0.967894788467426" "0.967894788467426"
 [7] "0.967894788467426" "0.403040481972551" "0.403040481972551"
[10] "0.403040481972551" "0.403040481972551" "0.403040481972551"
[13] "0.403040481972551" "0.403040481972551" "0.403040481972551"
[16] "0.403040481972551" "0.403040481972551" "0.403040481972551"
[19] "0.403040481972551" "0.403040481972551" "0.403040481972551"
[22] "0.403040481972551" "0.403040481972551" "0.403040481972551"
[25] "0.403040481972551" "0.403040481972551" "0.403040481972551"
[28] "0.403040481972551" "0.403040481972551" "0.403040481972551"
[31] "0.403040481972551" "0.403040481972551" "0.403040481972551"
[34] "0.403040481972551" "0.403040481972551" "0.403040481972551"
[37] "0.403040481972551" "0.403040481972551" "0.403040481972551"
[40] "0.403040481972551" "0.403040481972551" "beta :"           
[43] "1"                
[1] 10089049
[1] 10089033
[1] 10089033
 [1] "sigma:"            "0.967894788467426" "0.967894788467426"
 [4] "0.967894788467426" "0.967894788467426" "0.967894788467426"
 [7] "0.967894788467426" "0.403040481972551" "0.403040481972551"
[10] "0.403040481972551" "0.403040481972551" "0.403040481972551"
[13] "0.403040481972551" "0.403040481972551" "0.403040481972551"
[16] "0.403040481972551" "0.403040481972551" "0.403040481972551"
[19] "0.403040481972551" "0.403040481972551" "0.403040481972551"
[22] "0.403040481972551" "0.403040481972551" "0.403040481972551"
[25] "0.403040481972551" "0.403040481972551" "0.403040481972551"
[28] "0.403040481972551" "0.403040481972551" "0.403040481972551"
[31] "0.403040481972551" "0.403040481972551" "0.403040481972551"
[34] "0.403040481972551" "0.403040481972551" "0.403040481972551"
[37] "0.403040481972551" "0.403040481972551" "0.403040481972551"
[40] "0.403040481972551" "0.403040481972551" "beta :"           
[43] "1"                
[1] " old Likelihood:  -10089058.3129746"
[1] "New Likelihood:  -10089032.7865888"
iter:  0  f-value:  33704.9  pgrad:  0.806081 
iter:  10  f-value:  33704.88  pgrad:  0.8046088 
iter:  20  f-value:  33704.86  pgrad:  0.8008774 
iter:  30  f-value:  33704.86  pgrad:  0.8006058 
  Unsuccessful convergence.
Time difference of 9.849464 mins
[1] "maxIt: 20"
[1] "It: 6"
 [1] "sigma:"            "0.968827218898942" "0.968827218898942"
 [4] "0.968827218898942" "0.968827218898942" "0.968827218898942"
 [7] "0.968827218898942" "0.399468877373522" "0.399468877373522"
[10] "0.399468877373522" "0.399468877373522" "0.399468877373522"
[13] "0.399468877373522" "0.399468877373522" "0.399468877373522"
[16] "0.399468877373522" "0.399468877373522" "0.399468877373522"
[19] "0.399468877373522" "0.399468877373522" "0.399468877373522"
[22] "0.399468877373522" "0.399468877373522" "0.399468877373522"
[25] "0.399468877373522" "0.399468877373522" "0.399468877373522"
[28] "0.399468877373522" "0.399468877373522" "0.399468877373522"
[31] "0.399468877373522" "0.399468877373522" "0.399468877373522"
[34] "0.399468877373522" "0.399468877373522" "0.399468877373522"
[37] "0.399468877373522" "0.399468877373522" "0.399468877373522"
[40] "0.399468877373522" "0.399468877373522" "beta :"           
[43] "1"                
[1] 10089037
[1] 10089017
[1] 10089014
 [1] "sigma:"            "0.968827218898942" "0.968827218898942"
 [4] "0.968827218898942" "0.968827218898942" "0.968827218898942"
 [7] "0.968827218898942" "0.968827218898942" "0.968827218898942"
[10] "0.374468877373522" "0.374468877373522" "0.374468877373522"
[13] "0.374468877373522" "0.374468877373522" "0.374468877373522"
[16] "0.374468877373522" "0.374468877373522" "0.374468877373522"
[19] "0.374468877373522" "0.374468877373522" "0.374468877373522"
[22] "0.374468877373522" "0.374468877373522" "0.374468877373522"
[25] "0.374468877373522" "0.374468877373522" "0.374468877373522"
[28] "0.374468877373522" "0.374468877373522" "0.374468877373522"
[31] "0.374468877373522" "0.374468877373522" "0.374468877373522"
[34] "0.374468877373522" "0.374468877373522" "0.374468877373522"
[37] "0.374468877373522" "0.374468877373522" "0.374468877373522"
[40] "0.374468877373522" "0.374468877373522" "beta :"           
[43] "1"                
[1] " old Likelihood:  -10089032.7865888"
[1] "New Likelihood:  -10089013.9583128"
iter:  0  f-value:  34555.96  pgrad:  0.5076797 
iter:  10  f-value:  34555.86  pgrad:  0.7483623 
iter:  20  f-value:  34555.84  pgrad:  0.7441042 
iter:  30  f-value:  34555.83  pgrad:  0.4958189 
  Unsuccessful convergence.
Time difference of 10.42141 mins
[1] "maxIt: 20"
[1] "It: 7"
 [1] "sigma:"            "0.969611659227872" "0.969611659227872"
 [4] "0.969611659227872" "0.969611659227872" "0.969611659227872"
 [7] "0.969611659227872" "0.969611659227872" "0.969611659227872"
[10] "0.37050890347236"  "0.37050890347236"  "0.37050890347236" 
[13] "0.37050890347236"  "0.37050890347236"  "0.37050890347236" 
[16] "0.37050890347236"  "0.37050890347236"  "0.37050890347236" 
[19] "0.37050890347236"  "0.37050890347236"  "0.37050890347236" 
[22] "0.37050890347236"  "0.37050890347236"  "0.37050890347236" 
[25] "0.37050890347236"  "0.37050890347236"  "0.37050890347236" 
[28] "0.37050890347236"  "0.37050890347236"  "0.37050890347236" 
[31] "0.37050890347236"  "0.37050890347236"  "0.37050890347236" 
[34] "0.37050890347236"  "0.37050890347236"  "0.37050890347236" 
[37] "0.37050890347236"  "0.37050890347236"  "0.37050890347236" 
[40] "0.37050890347236"  "0.37050890347236"  "beta :"           
[43] "1"                
[1] 10088985
[1] 10088977
[1] 10089012
 [1] "sigma:"            "0.969611659227872" "0.969611659227872"
 [4] "0.969611659227872" "0.969611659227872" "0.969611659227872"
 [7] "0.969611659227872" "0.969611659227872" "0.969611659227872"
[10] "0.37050890347236"  "0.37050890347236"  "0.37050890347236" 
[13] "0.37050890347236"  "0.37050890347236"  "0.37050890347236" 
[16] "0.37050890347236"  "0.37050890347236"  "0.37050890347236" 
[19] "0.37050890347236"  "0.37050890347236"  "0.37050890347236" 
[22] "0.37050890347236"  "0.37050890347236"  "0.37050890347236" 
[25] "0.37050890347236"  "0.37050890347236"  "0.37050890347236" 
[28] "0.37050890347236"  "0.37050890347236"  "0.37050890347236" 
[31] "0.37050890347236"  "0.37050890347236"  "0.37050890347236" 
[34] "0.37050890347236"  "0.37050890347236"  "0.37050890347236" 
[37] "0.37050890347236"  "0.37050890347236"  "0.37050890347236" 
[40] "0.37050890347236"  "0.37050890347236"  "beta :"           
[43] "1"                
[1] " old Likelihood:  -10089013.9583128"
[1] "New Likelihood:  -10088976.9715566"
iter:  0  f-value:  34576.45  pgrad:  0.5015001 
iter:  10  f-value:  34576.42  pgrad:  0.7402117 
iter:  20  f-value:  34576.42  pgrad:  0.7376395 
iter:  30  f-value:  34576.41  pgrad:  0.7370161 
  Unsuccessful convergence.
Time difference of 9.81217 mins
[1] "maxIt: 20"
[1] "It: 8"
 [1] "sigma:"            "0.970261942117588" "0.970261942117588"
 [4] "0.970261942117588" "0.970261942117588" "0.970261942117588"
 [7] "0.970261942117588" "0.970261942117588" "0.970261942117588"
[10] "0.367810825564552" "0.367810825564552" "0.367810825564552"
[13] "0.367810825564552" "0.367810825564552" "0.367810825564552"
[16] "0.367810825564552" "0.367810825564552" "0.367810825564552"
[19] "0.367810825564552" "0.367810825564552" "0.367810825564552"
[22] "0.367810825564552" "0.367810825564552" "0.367810825564552"
[25] "0.367810825564552" "0.367810825564552" "0.367810825564552"
[28] "0.367810825564552" "0.367810825564552" "0.367810825564552"
[31] "0.367810825564552" "0.367810825564552" "0.367810825564552"
[34] "0.367810825564552" "0.367810825564552" "0.367810825564552"
[37] "0.367810825564552" "0.367810825564552" "0.367810825564552"
[40] "0.367810825564552" "0.367810825564552" "beta :"           
[43] "1"                
[1] 10088974
[1] 10088965
[1] 10088997
 [1] "sigma:"            "0.970261942117588" "0.970261942117588"
 [4] "0.970261942117588" "0.970261942117588" "0.970261942117588"
 [7] "0.970261942117588" "0.970261942117588" "0.970261942117588"
[10] "0.367810825564552" "0.367810825564552" "0.367810825564552"
[13] "0.367810825564552" "0.367810825564552" "0.367810825564552"
[16] "0.367810825564552" "0.367810825564552" "0.367810825564552"
[19] "0.367810825564552" "0.367810825564552" "0.367810825564552"
[22] "0.367810825564552" "0.367810825564552" "0.367810825564552"
[25] "0.367810825564552" "0.367810825564552" "0.367810825564552"
[28] "0.367810825564552" "0.367810825564552" "0.367810825564552"
[31] "0.367810825564552" "0.367810825564552" "0.367810825564552"
[34] "0.367810825564552" "0.367810825564552" "0.367810825564552"
[37] "0.367810825564552" "0.367810825564552" "0.367810825564552"
[40] "0.367810825564552" "0.367810825564552" "beta :"           
[43] "1"                
[1] " old Likelihood:  -10088976.9715566"
[1] "New Likelihood:  -10088964.7385052"
iter:  0  f-value:  34607.72  pgrad:  0.7356217 
iter:  10  f-value:  34607.71  pgrad:  0.734881 
iter:  20  f-value:  34607.7  pgrad:  0.5028592 
iter:  30  f-value:  34607.7  pgrad:  0.4938153 
  Unsuccessful convergence.
Time difference of 9.81959 mins
[1] "maxIt: 20"
[1] "It: 9"
 [1] "sigma:"            "0.970863339219917" "0.970863339219917"
 [4] "0.970863339219917" "0.970863339219917" "0.970863339219917"
 [7] "0.970863339219917" "0.970863339219917" "0.970863339219917"
[10] "0.365560851161244" "0.365560851161244" "0.365560851161244"
[13] "0.365560851161244" "0.365560851161244" "0.365560851161244"
[16] "0.365560851161244" "0.365560851161244" "0.365560851161244"
[19] "0.365560851161244" "0.365560851161244" "0.365560851161244"
[22] "0.365560851161244" "0.365560851161244" "0.365560851161244"
[25] "0.365560851161244" "0.365560851161244" "0.365560851161244"
[28] "0.365560851161244" "0.365560851161244" "0.365560851161244"
[31] "0.365560851161244" "0.365560851161244" "0.365560851161244"
[34] "0.365560851161244" "0.365560851161244" "0.365560851161244"
[37] "0.365560851161244" "0.365560851161244" "0.365560851161244"
[40] "0.365560851161244" "0.365560851161244" "beta :"           
[43] "1"                
[1] 10088969
[1] 10088959
[1] 10088990
 [1] "sigma:"            "0.970863339219917" "0.970863339219917"
 [4] "0.970863339219917" "0.970863339219917" "0.970863339219917"
 [7] "0.970863339219917" "0.970863339219917" "0.970863339219917"
[10] "0.365560851161244" "0.365560851161244" "0.365560851161244"
[13] "0.365560851161244" "0.365560851161244" "0.365560851161244"
[16] "0.365560851161244" "0.365560851161244" "0.365560851161244"
[19] "0.365560851161244" "0.365560851161244" "0.365560851161244"
[22] "0.365560851161244" "0.365560851161244" "0.365560851161244"
[25] "0.365560851161244" "0.365560851161244" "0.365560851161244"
[28] "0.365560851161244" "0.365560851161244" "0.365560851161244"
[31] "0.365560851161244" "0.365560851161244" "0.365560851161244"
[34] "0.365560851161244" "0.365560851161244" "0.365560851161244"
[37] "0.365560851161244" "0.365560851161244" "0.365560851161244"
[40] "0.365560851161244" "0.365560851161244" "beta :"           
[43] "1"                
[1] " old Likelihood:  -10088964.7385052"
[1] "New Likelihood:  -10088958.5094366"
iter:  0  f-value:  34647.51  pgrad:  0.7311217 
iter:  10  f-value:  34647.5  pgrad:  0.7303861 
iter:  20  f-value:  34647.5  pgrad:  0.7281136 
iter:  30  f-value:  34647.5  pgrad:  0.4847971 
  Unsuccessful convergence.
Time difference of 9.818597 mins
[1] "maxIt: 20"
[1] "It: 10"
 [1] "sigma:"            "0.971456842017751" "0.971456842017751"
 [4] "0.971456842017751" "0.971456842017751" "0.971456842017751"
 [7] "0.971456842017751" "0.971456842017751" "0.971456842017751"
[10] "0.363747442311857" "0.363747442311857" "0.363747442311857"
[13] "0.363747442311857" "0.363747442311857" "0.363747442311857"
[16] "0.363747442311857" "0.363747442311857" "0.363747442311857"
[19] "0.363747442311857" "0.363747442311857" "0.363747442311857"
[22] "0.363747442311857" "0.363747442311857" "0.363747442311857"
[25] "0.363747442311857" "0.363747442311857" "0.363747442311857"
[28] "0.363747442311857" "0.363747442311857" "0.363747442311857"
[31] "0.363747442311857" "0.363747442311857" "0.363747442311857"
[34] "0.363747442311857" "0.363747442311857" "0.363747442311857"
[37] "0.363747442311857" "0.363747442311857" "0.363747442311857"
[40] "0.363747442311857" "0.363747442311857" "beta :"           
[43] "1"                
[1] 10088965
[1] 10088954
[1] 10088985
 [1] "sigma:"            "0.971456842017751" "0.971456842017751"
 [4] "0.971456842017751" "0.971456842017751" "0.971456842017751"
 [7] "0.971456842017751" "0.971456842017751" "0.971456842017751"
[10] "0.363747442311857" "0.363747442311857" "0.363747442311857"
[13] "0.363747442311857" "0.363747442311857" "0.363747442311857"
[16] "0.363747442311857" "0.363747442311857" "0.363747442311857"
[19] "0.363747442311857" "0.363747442311857" "0.363747442311857"
[22] "0.363747442311857" "0.363747442311857" "0.363747442311857"
[25] "0.363747442311857" "0.363747442311857" "0.363747442311857"
[28] "0.363747442311857" "0.363747442311857" "0.363747442311857"
[31] "0.363747442311857" "0.363747442311857" "0.363747442311857"
[34] "0.363747442311857" "0.363747442311857" "0.363747442311857"
[37] "0.363747442311857" "0.363747442311857" "0.363747442311857"
[40] "0.363747442311857" "0.363747442311857" "beta :"           
[43] "1"                
[1] " old Likelihood:  -10088958.5094366"
[1] "New Likelihood:  -10088954.3956355"
iter:  0  f-value:  34685.29  pgrad:  0.7274949 
iter:  10  f-value:  34685.28  pgrad:  0.7268454 
iter:  20  f-value:  34685.28  pgrad:  0.7252333 
iter:  30  f-value:  34685.28  pgrad:  0.508661 
  Unsuccessful convergence.
Time difference of 9.822287 mins
[1] "maxIt: 20"
[1] "It: 11"
 [1] "sigma:"            "0.972302535756427" "0.972302535756427"
 [4] "0.972302535756427" "0.972302535756427" "0.972302535756427"
 [7] "0.972302535756427" "0.972302535756427" "0.972302535756427"
[10] "0.361892872154596" "0.361892872154596" "0.361892872154596"
[13] "0.361892872154596" "0.361892872154596" "0.361892872154596"
[16] "0.361892872154596" "0.361892872154596" "0.361892872154596"
[19] "0.361892872154596" "0.361892872154596" "0.361892872154596"
[22] "0.361892872154596" "0.361892872154596" "0.361892872154596"
[25] "0.361892872154596" "0.361892872154596" "0.361892872154596"
[28] "0.361892872154596" "0.361892872154596" "0.361892872154596"
[31] "0.361892872154596" "0.361892872154596" "0.361892872154596"
[34] "0.361892872154596" "0.361892872154596" "0.361892872154596"
[37] "0.361892872154596" "0.361892872154596" "0.361892872154596"
[40] "0.361892872154596" "0.361892872154596" "beta :"           
[43] "1"                
[1] 10088962
[1] 10088951
[1] 10088981
 [1] "sigma:"            "0.972302535756427" "0.972302535756427"
 [4] "0.972302535756427" "0.972302535756427" "0.972302535756427"
 [7] "0.972302535756427" "0.972302535756427" "0.972302535756427"
[10] "0.361892872154596" "0.361892872154596" "0.361892872154596"
[13] "0.361892872154596" "0.361892872154596" "0.361892872154596"
[16] "0.361892872154596" "0.361892872154596" "0.361892872154596"
[19] "0.361892872154596" "0.361892872154596" "0.361892872154596"
[22] "0.361892872154596" "0.361892872154596" "0.361892872154596"
[25] "0.361892872154596" "0.361892872154596" "0.361892872154596"
[28] "0.361892872154596" "0.361892872154596" "0.361892872154596"
[31] "0.361892872154596" "0.361892872154596" "0.361892872154596"
[34] "0.361892872154596" "0.361892872154596" "0.361892872154596"
[37] "0.361892872154596" "0.361892872154596" "0.361892872154596"
[40] "0.361892872154596" "0.361892872154596" "beta :"           
[43] "1"                
[1] " old Likelihood:  -10088954.3956355"
[1] "New Likelihood:  -10088950.8775707"
iter:  0  f-value:  34727.46  pgrad:  0.7237857 
iter:  10  f-value:  34727.45  pgrad:  0.7232146 
iter:  20  f-value:  34727.45  pgrad:  0.4932105 
iter:  30  f-value:  34727.45  pgrad:  0.3243622 
  Unsuccessful convergence.
Time difference of 9.80206 mins
[1] "maxIt: 20"
[1] "It: 12"
 [1] "sigma:"            "0.9728869873427"   "0.9728869873427"  
 [4] "0.9728869873427"   "0.9728869873427"   "0.9728869873427"  
 [7] "0.9728869873427"   "0.9728869873427"   "0.9728869873427"  
[10] "0.360357847967092" "0.360357847967092" "0.360357847967092"
[13] "0.360357847967092" "0.360357847967092" "0.360357847967092"
[16] "0.360357847967092" "0.360357847967092" "0.360357847967092"
[19] "0.360357847967092" "0.360357847967092" "0.360357847967092"
[22] "0.360357847967092" "0.360357847967092" "0.360357847967092"
[25] "0.360357847967092" "0.360357847967092" "0.360357847967092"
[28] "0.360357847967092" "0.360357847967092" "0.360357847967092"
[31] "0.360357847967092" "0.360357847967092" "0.360357847967092"
[34] "0.360357847967092" "0.360357847967092" "0.360357847967092"
[37] "0.360357847967092" "0.360357847967092" "0.360357847967092"
[40] "0.360357847967092" "0.360357847967092" "beta :"           
[43] "1"                
[1] 10088960
[1] 10088948
[1] 10088977
 [1] "sigma:"            "0.9728869873427"   "0.9728869873427"  
 [4] "0.9728869873427"   "0.9728869873427"   "0.9728869873427"  
 [7] "0.9728869873427"   "0.9728869873427"   "0.9728869873427"  
[10] "0.360357847967092" "0.360357847967092" "0.360357847967092"
[13] "0.360357847967092" "0.360357847967092" "0.360357847967092"
[16] "0.360357847967092" "0.360357847967092" "0.360357847967092"
[19] "0.360357847967092" "0.360357847967092" "0.360357847967092"
[22] "0.360357847967092" "0.360357847967092" "0.360357847967092"
[25] "0.360357847967092" "0.360357847967092" "0.360357847967092"
[28] "0.360357847967092" "0.360357847967092" "0.360357847967092"
[31] "0.360357847967092" "0.360357847967092" "0.360357847967092"
[34] "0.360357847967092" "0.360357847967092" "0.360357847967092"
[37] "0.360357847967092" "0.360357847967092" "0.360357847967092"
[40] "0.360357847967092" "0.360357847967092" "beta :"           
[43] "1"                
[1] " old Likelihood:  -10088950.8775707"
[1] "New Likelihood:  -10088948.1438705"
iter:  0  f-value:  34764.53  pgrad:  0.7207157 
iter:  10  f-value:  34764.53  pgrad:  0.7201526 
iter:  20  f-value:  34764.53  pgrad:  0.5358015 
iter:  30  f-value:  34764.53  pgrad:  0.2546585 
  Unsuccessful convergence.
Time difference of 9.8163 mins
[1] "maxIt: 20"
[1] "It: 13"
 [1] "sigma:"            "0.973612383481796" "0.973612383481796"
 [4] "0.973612383481796" "0.973612383481796" "0.973612383481796"
 [7] "0.973612383481796" "0.973612383481796" "0.973612383481796"
[10] "0.35883957303061"  "0.35883957303061"  "0.35883957303061" 
[13] "0.35883957303061"  "0.35883957303061"  "0.35883957303061" 
[16] "0.35883957303061"  "0.35883957303061"  "0.35883957303061" 
[19] "0.35883957303061"  "0.35883957303061"  "0.35883957303061" 
[22] "0.35883957303061"  "0.35883957303061"  "0.35883957303061" 
[25] "0.35883957303061"  "0.35883957303061"  "0.35883957303061" 
[28] "0.35883957303061"  "0.35883957303061"  "0.35883957303061" 
[31] "0.35883957303061"  "0.35883957303061"  "0.35883957303061" 
[34] "0.35883957303061"  "0.35883957303061"  "0.35883957303061" 
[37] "0.35883957303061"  "0.35883957303061"  "0.35883957303061" 
[40] "0.35883957303061"  "0.35883957303061"  "beta :"           
[43] "1"                
[1] 10088958
[1] 10088946
[1] 10088975
 [1] "sigma:"            "0.973612383481796" "0.973612383481796"
 [4] "0.973612383481796" "0.973612383481796" "0.973612383481796"
 [7] "0.973612383481796" "0.973612383481796" "0.973612383481796"
[10] "0.35883957303061"  "0.35883957303061"  "0.35883957303061" 
[13] "0.35883957303061"  "0.35883957303061"  "0.35883957303061" 
[16] "0.35883957303061"  "0.35883957303061"  "0.35883957303061" 
[19] "0.35883957303061"  "0.35883957303061"  "0.35883957303061" 
[22] "0.35883957303061"  "0.35883957303061"  "0.35883957303061" 
[25] "0.35883957303061"  "0.35883957303061"  "0.35883957303061" 
[28] "0.35883957303061"  "0.35883957303061"  "0.35883957303061" 
[31] "0.35883957303061"  "0.35883957303061"  "0.35883957303061" 
[34] "0.35883957303061"  "0.35883957303061"  "0.35883957303061" 
[37] "0.35883957303061"  "0.35883957303061"  "0.35883957303061" 
[40] "0.35883957303061"  "0.35883957303061"  "beta :"           
[43] "1"                
[1] " old Likelihood:  -10088948.1438705"
[1] "New Likelihood:  -10088945.6757023"
iter:  0  f-value:  34802.13  pgrad:  0.7176791 
iter:  10  f-value:  34802.13  pgrad:  0.7171207 
iter:  20  f-value:  34802.13  pgrad:  0.6203481 
iter:  30  f-value:  34802.13  pgrad:  0.2586603 
  Unsuccessful convergence.
Time difference of 9.803667 mins
[1] "maxIt: 20"
[1] "It: 14"
 [1] "sigma:"            "0.974236405484639" "0.974236405484639"
 [4] "0.974236405484639" "0.974236405484639" "0.974236405484639"
 [7] "0.974236405484639" "0.974236405484639" "0.974236405484639"
[10] "0.357463737359361" "0.357463737359361" "0.357463737359361"
[13] "0.357463737359361" "0.357463737359361" "0.357463737359361"
[16] "0.357463737359361" "0.357463737359361" "0.357463737359361"
[19] "0.357463737359361" "0.357463737359361" "0.357463737359361"
[22] "0.357463737359361" "0.357463737359361" "0.357463737359361"
[25] "0.357463737359361" "0.357463737359361" "0.357463737359361"
[28] "0.357463737359361" "0.357463737359361" "0.357463737359361"
[31] "0.357463737359361" "0.357463737359361" "0.357463737359361"
[34] "0.357463737359361" "0.357463737359361" "0.357463737359361"
[37] "0.357463737359361" "0.357463737359361" "0.357463737359361"
[40] "0.357463737359361" "0.357463737359361" "beta :"           
[43] "1"                
[1] 10088956
[1] 10088944
[1] 10088972
 [1] "sigma:"            "0.974236405484639" "0.974236405484639"
 [4] "0.974236405484639" "0.974236405484639" "0.974236405484639"
 [7] "0.974236405484639" "0.974236405484639" "0.974236405484639"
[10] "0.357463737359361" "0.357463737359361" "0.357463737359361"
[13] "0.357463737359361" "0.357463737359361" "0.357463737359361"
[16] "0.357463737359361" "0.357463737359361" "0.357463737359361"
[19] "0.357463737359361" "0.357463737359361" "0.357463737359361"
[22] "0.357463737359361" "0.357463737359361" "0.357463737359361"
[25] "0.357463737359361" "0.357463737359361" "0.357463737359361"
[28] "0.357463737359361" "0.357463737359361" "0.357463737359361"
[31] "0.357463737359361" "0.357463737359361" "0.357463737359361"
[34] "0.357463737359361" "0.357463737359361" "0.357463737359361"
[37] "0.357463737359361" "0.357463737359361" "0.357463737359361"
[40] "0.357463737359361" "0.357463737359361" "beta :"           
[43] "1"                
[1] " old Likelihood:  -10088945.6757023"
[1] "New Likelihood:  -10088943.5403668"
iter:  0  f-value:  34837.1  pgrad:  0.7149275 
iter:  10  f-value:  34837.09  pgrad:  0.7143931 
iter:  20  f-value:  34837.09  pgrad:  0.7131302 
iter:  30  f-value:  34837.09  pgrad:  0.1867738 
  Unsuccessful convergence.
Time difference of 9.829657 mins
[1] "maxIt: 20"
[1] "It: 15"
 [1] "sigma:"            "0.974957682130127" "0.974957682130127"
 [4] "0.974957682130127" "0.974957682130127" "0.974957682130127"
 [7] "0.974957682130127" "0.974957682130127" "0.974957682130127"
[10] "0.355992424120764" "0.355992424120764" "0.355992424120764"
[13] "0.355992424120764" "0.355992424120764" "0.355992424120764"
[16] "0.355992424120764" "0.355992424120764" "0.355992424120764"
[19] "0.355992424120764" "0.355992424120764" "0.355992424120764"
[22] "0.355992424120764" "0.355992424120764" "0.355992424120764"
[25] "0.355992424120764" "0.355992424120764" "0.355992424120764"
[28] "0.355992424120764" "0.355992424120764" "0.355992424120764"
[31] "0.355992424120764" "0.355992424120764" "0.355992424120764"
[34] "0.355992424120764" "0.355992424120764" "0.355992424120764"
[37] "0.355992424120764" "0.355992424120764" "0.355992424120764"
[40] "0.355992424120764" "0.355992424120764" "beta :"           
[43] "1"                
[1] 10088954
[1] 10088941
[1] 10088970
 [1] "sigma:"            "0.974957682130127" "0.974957682130127"
 [4] "0.974957682130127" "0.974957682130127" "0.974957682130127"
 [7] "0.974957682130127" "0.974957682130127" "0.974957682130127"
[10] "0.355992424120764" "0.355992424120764" "0.355992424120764"
[13] "0.355992424120764" "0.355992424120764" "0.355992424120764"
[16] "0.355992424120764" "0.355992424120764" "0.355992424120764"
[19] "0.355992424120764" "0.355992424120764" "0.355992424120764"
[22] "0.355992424120764" "0.355992424120764" "0.355992424120764"
[25] "0.355992424120764" "0.355992424120764" "0.355992424120764"
[28] "0.355992424120764" "0.355992424120764" "0.355992424120764"
[31] "0.355992424120764" "0.355992424120764" "0.355992424120764"
[34] "0.355992424120764" "0.355992424120764" "0.355992424120764"
[37] "0.355992424120764" "0.355992424120764" "0.355992424120764"
[40] "0.355992424120764" "0.355992424120764" "beta :"           
[43] "1"                
[1] " old Likelihood:  -10088943.5403668"
[1] "New Likelihood:  -10088941.4673321"
iter:  0  f-value:  34874.73  pgrad:  0.7119848 
iter:  10  f-value:  34874.73  pgrad:  0.7115834 
iter:  20  f-value:  34874.73  pgrad:  0.7103222 
iter:  30  f-value:  34874.73  pgrad:  0.2697925 
  Unsuccessful convergence.
Time difference of 9.832653 mins
[1] "maxIt: 20"
[1] "It: 16"
 [1] "sigma:"            "0.975569666383564" "0.975569666383564"
 [4] "0.975569666383564" "0.975569666383564" "0.975569666383564"
 [7] "0.975569666383564" "0.975569666383564" "0.975569666383564"
[10] "0.354768627559434" "0.354768627559434" "0.354768627559434"
[13] "0.354768627559434" "0.354768627559434" "0.354768627559434"
[16] "0.354768627559434" "0.354768627559434" "0.354768627559434"
[19] "0.354768627559434" "0.354768627559434" "0.354768627559434"
[22] "0.354768627559434" "0.354768627559434" "0.354768627559434"
[25] "0.354768627559434" "0.354768627559434" "0.354768627559434"
[28] "0.354768627559434" "0.354768627559434" "0.354768627559434"
[31] "0.354768627559434" "0.354768627559434" "0.354768627559434"
[34] "0.354768627559434" "0.354768627559434" "0.354768627559434"
[37] "0.354768627559434" "0.354768627559434" "0.354768627559434"
[40] "0.354768627559434" "0.354768627559434" "beta :"           
[43] "1"                
[1] 10088953
[1] 10088940
[1] 10088968
 [1] "sigma:"            "0.975569666383564" "0.975569666383564"
 [4] "0.975569666383564" "0.975569666383564" "0.975569666383564"
 [7] "0.975569666383564" "0.975569666383564" "0.975569666383564"
[10] "0.354768627559434" "0.354768627559434" "0.354768627559434"
[13] "0.354768627559434" "0.354768627559434" "0.354768627559434"
[16] "0.354768627559434" "0.354768627559434" "0.354768627559434"
[19] "0.354768627559434" "0.354768627559434" "0.354768627559434"
[22] "0.354768627559434" "0.354768627559434" "0.354768627559434"
[25] "0.354768627559434" "0.354768627559434" "0.354768627559434"
[28] "0.354768627559434" "0.354768627559434" "0.354768627559434"
[31] "0.354768627559434" "0.354768627559434" "0.354768627559434"
[34] "0.354768627559434" "0.354768627559434" "0.354768627559434"
[37] "0.354768627559434" "0.354768627559434" "0.354768627559434"
[40] "0.354768627559434" "0.354768627559434" "beta :"           
[43] "1"                
[1] " old Likelihood:  -10088941.4673321"
[1] "New Likelihood:  -10088939.7200801"
iter:  0  f-value:  34906.73  pgrad:  0.7095373 
iter:  10  f-value:  34906.73  pgrad:  0.7091354 
iter:  20  f-value:  34906.72  pgrad:  0.5285983 
iter:  30  f-value:  34906.72  pgrad:  0.516593 
  Unsuccessful convergence.
Time difference of 9.77358 mins
[1] "maxIt: 20"
[1] "It: 17"
 [1] "sigma:"            "0.976277352750626" "0.976277352750626"
 [4] "0.976277352750626" "0.976277352750626" "0.976277352750626"
 [7] "0.976277352750626" "0.976277352750626" "0.976277352750626"
[10] "0.353483114687919" "0.353483114687919" "0.353483114687919"
[13] "0.353483114687919" "0.353483114687919" "0.353483114687919"
[16] "0.353483114687919" "0.353483114687919" "0.353483114687919"
[19] "0.353483114687919" "0.353483114687919" "0.353483114687919"
[22] "0.353483114687919" "0.353483114687919" "0.353483114687919"
[25] "0.353483114687919" "0.353483114687919" "0.353483114687919"
[28] "0.353483114687919" "0.353483114687919" "0.353483114687919"
[31] "0.353483114687919" "0.353483114687919" "0.353483114687919"
[34] "0.353483114687919" "0.353483114687919" "0.353483114687919"
[37] "0.353483114687919" "0.353483114687919" "0.353483114687919"
[40] "0.353483114687919" "0.353483114687919" "beta :"           
[43] "1"                
[1] 10088951
[1] 10088938
[1] 10088966
 [1] "sigma:"            "0.976277352750626" "0.976277352750626"
 [4] "0.976277352750626" "0.976277352750626" "0.976277352750626"
 [7] "0.976277352750626" "0.976277352750626" "0.976277352750626"
[10] "0.353483114687919" "0.353483114687919" "0.353483114687919"
[13] "0.353483114687919" "0.353483114687919" "0.353483114687919"
[16] "0.353483114687919" "0.353483114687919" "0.353483114687919"
[19] "0.353483114687919" "0.353483114687919" "0.353483114687919"
[22] "0.353483114687919" "0.353483114687919" "0.353483114687919"
[25] "0.353483114687919" "0.353483114687919" "0.353483114687919"
[28] "0.353483114687919" "0.353483114687919" "0.353483114687919"
[31] "0.353483114687919" "0.353483114687919" "0.353483114687919"
[34] "0.353483114687919" "0.353483114687919" "0.353483114687919"
[37] "0.353483114687919" "0.353483114687919" "0.353483114687919"
[40] "0.353483114687919" "0.353483114687919" "beta :"           
[43] "1"                
[1] " old Likelihood:  -10088939.7200801"
[1] "New Likelihood:  -10088938.0168452"
iter:  0  f-value:  34940.32  pgrad:  0.7069662 
iter:  10  f-value:  34940.32  pgrad:  0.7065686 
iter:  20  f-value:  34940.32  pgrad:  0.7057266 
iter:  30  f-value:  34940.31  pgrad:  0.1722219 
  Unsuccessful convergence.
Time difference of 9.793165 mins
[1] "maxIt: 20"
[1] "It: 18"
 [1] "sigma:"            "0.976938263327783" "0.976938263327783"
 [4] "0.976938263327783" "0.976938263327783" "0.976938263327783"
 [7] "0.976938263327783" "0.976938263327783" "0.976938263327783"
[10] "0.352220303833873" "0.352220303833873" "0.352220303833873"
[13] "0.352220303833873" "0.352220303833873" "0.352220303833873"
[16] "0.352220303833873" "0.352220303833873" "0.352220303833873"
[19] "0.352220303833873" "0.352220303833873" "0.352220303833873"
[22] "0.352220303833873" "0.352220303833873" "0.352220303833873"
[25] "0.352220303833873" "0.352220303833873" "0.352220303833873"
[28] "0.352220303833873" "0.352220303833873" "0.352220303833873"
[31] "0.352220303833873" "0.352220303833873" "0.352220303833873"
[34] "0.352220303833873" "0.352220303833873" "0.352220303833873"
[37] "0.352220303833873" "0.352220303833873" "0.352220303833873"
[40] "0.352220303833873" "0.352220303833873" "beta :"           
[43] "1"                
[1] 10088950
[1] 10088936
[1] 10088964
 [1] "sigma:"            "0.976938263327783" "0.976938263327783"
 [4] "0.976938263327783" "0.976938263327783" "0.976938263327783"
 [7] "0.976938263327783" "0.976938263327783" "0.976938263327783"
[10] "0.352220303833873" "0.352220303833873" "0.352220303833873"
[13] "0.352220303833873" "0.352220303833873" "0.352220303833873"
[16] "0.352220303833873" "0.352220303833873" "0.352220303833873"
[19] "0.352220303833873" "0.352220303833873" "0.352220303833873"
[22] "0.352220303833873" "0.352220303833873" "0.352220303833873"
[25] "0.352220303833873" "0.352220303833873" "0.352220303833873"
[28] "0.352220303833873" "0.352220303833873" "0.352220303833873"
[31] "0.352220303833873" "0.352220303833873" "0.352220303833873"
[34] "0.352220303833873" "0.352220303833873" "0.352220303833873"
[37] "0.352220303833873" "0.352220303833873" "0.352220303833873"
[40] "0.352220303833873" "0.352220303833873" "beta :"           
[43] "1"                
[1] " old Likelihood:  -10088938.0168452"
[1] "New Likelihood:  -10088936.4343767"
iter:  0  f-value:  34973.21  pgrad:  0.7044406 
iter:  10  f-value:  34973.2  pgrad:  0.7040531 
iter:  20  f-value:  34973.2  pgrad:  0.5093157 
iter:  30  f-value:  34973.2  pgrad:  0.3626337 
  Unsuccessful convergence.
Time difference of 9.792318 mins
[1] "maxIt: 20"
[1] "It: 19"
 [1] "sigma:"            "0.977457263019732" "0.977457263019732"
 [4] "0.977457263019732" "0.977457263019732" "0.977457263019732"
 [7] "0.977457263019732" "0.977457263019732" "0.977457263019732"
[10] "0.351206533387699" "0.351206533387699" "0.351206533387699"
[13] "0.351206533387699" "0.351206533387699" "0.351206533387699"
[16] "0.351206533387699" "0.351206533387699" "0.351206533387699"
[19] "0.351206533387699" "0.351206533387699" "0.351206533387699"
[22] "0.351206533387699" "0.351206533387699" "0.351206533387699"
[25] "0.351206533387699" "0.351206533387699" "0.351206533387699"
[28] "0.351206533387699" "0.351206533387699" "0.351206533387699"
[31] "0.351206533387699" "0.351206533387699" "0.351206533387699"
[34] "0.351206533387699" "0.351206533387699" "0.351206533387699"
[37] "0.351206533387699" "0.351206533387699" "0.351206533387699"
[40] "0.351206533387699" "0.351206533387699" "beta :"           
[43] "1"                
[1] 10088949
[1] 10088935
[1] 10088962
 [1] "sigma:"            "0.977457263019732" "0.977457263019732"
 [4] "0.977457263019732" "0.977457263019732" "0.977457263019732"
 [7] "0.977457263019732" "0.977457263019732" "0.977457263019732"
[10] "0.351206533387699" "0.351206533387699" "0.351206533387699"
[13] "0.351206533387699" "0.351206533387699" "0.351206533387699"
[16] "0.351206533387699" "0.351206533387699" "0.351206533387699"
[19] "0.351206533387699" "0.351206533387699" "0.351206533387699"
[22] "0.351206533387699" "0.351206533387699" "0.351206533387699"
[25] "0.351206533387699" "0.351206533387699" "0.351206533387699"
[28] "0.351206533387699" "0.351206533387699" "0.351206533387699"
[31] "0.351206533387699" "0.351206533387699" "0.351206533387699"
[34] "0.351206533387699" "0.351206533387699" "0.351206533387699"
[37] "0.351206533387699" "0.351206533387699" "0.351206533387699"
[40] "0.351206533387699" "0.351206533387699" "beta :"           
[43] "1"                
[1] " old Likelihood:  -10088936.4343767"
[1] "New Likelihood:  -10088935.1228828"
iter:  0  f-value:  35000.25  pgrad:  0.7024131 
iter:  10  f-value:  35000.24  pgrad:  0.7020199 
iter:  20  f-value:  35000.24  pgrad:  0.7014035 
iter:  30  f-value:  35000.24  pgrad:  0.1572334 
  Unsuccessful convergence.
Time difference of 9.816904 mins
[1] "maxIt: 20"
[1] "It: 20"
 [1] "sigma:"            "0.978125192587975" "0.978125192587975"
 [4] "0.978125192587975" "0.978125192587975" "0.978125192587975"
 [7] "0.978125192587975" "0.978125192587975" "0.978125192587975"
[10] "0.350036419174861" "0.350036419174861" "0.350036419174861"
[13] "0.350036419174861" "0.350036419174861" "0.350036419174861"
[16] "0.350036419174861" "0.350036419174861" "0.350036419174861"
[19] "0.350036419174861" "0.350036419174861" "0.350036419174861"
[22] "0.350036419174861" "0.350036419174861" "0.350036419174861"
[25] "0.350036419174861" "0.350036419174861" "0.350036419174861"
[28] "0.350036419174861" "0.350036419174861" "0.350036419174861"
[31] "0.350036419174861" "0.350036419174861" "0.350036419174861"
[34] "0.350036419174861" "0.350036419174861" "0.350036419174861"
[37] "0.350036419174861" "0.350036419174861" "0.350036419174861"
[40] "0.350036419174861" "0.350036419174861" "beta :"           
[43] "1"                
[1] 10088948
[1] 10088934
[1] 10088961
 [1] "sigma:"            "0.978125192587975" "0.978125192587975"
 [4] "0.978125192587975" "0.978125192587975" "0.978125192587975"
 [7] "0.978125192587975" "0.978125192587975" "0.978125192587975"
[10] "0.350036419174861" "0.350036419174861" "0.350036419174861"
[13] "0.350036419174861" "0.350036419174861" "0.350036419174861"
[16] "0.350036419174861" "0.350036419174861" "0.350036419174861"
[19] "0.350036419174861" "0.350036419174861" "0.350036419174861"
[22] "0.350036419174861" "0.350036419174861" "0.350036419174861"
[25] "0.350036419174861" "0.350036419174861" "0.350036419174861"
[28] "0.350036419174861" "0.350036419174861" "0.350036419174861"
[31] "0.350036419174861" "0.350036419174861" "0.350036419174861"
[34] "0.350036419174861" "0.350036419174861" "0.350036419174861"
[37] "0.350036419174861" "0.350036419174861" "0.350036419174861"
[40] "0.350036419174861" "0.350036419174861" "beta :"           
[43] "1"                
[1] " old Likelihood:  -10088935.1228828"
[1] "New Likelihood:  -10088933.7628502"
iter:  0  f-value:  35030.81  pgrad:  0.7000728 
iter:  10  f-value:  35030.81  pgrad:  0.6996883 
iter:  20  f-value:  35030.81  pgrad:  0.6487971 
iter:  30  f-value:  35030.81  pgrad:  0.3635796 
  Unsuccessful convergence.
Time difference of 9.814252 mins
 [1] "sigma:"            "0.97866604102498"  "0.97866604102498" 
 [4] "0.97866604102498"  "0.97866604102498"  "0.97866604102498" 
 [7] "0.97866604102498"  "0.97866604102498"  "0.97866604102498" 
[10] "0.349064694752824" "0.349064694752824" "0.349064694752824"
[13] "0.349064694752824" "0.349064694752824" "0.349064694752824"
[16] "0.349064694752824" "0.349064694752824" "0.349064694752824"
[19] "0.349064694752824" "0.349064694752824" "0.349064694752824"
[22] "0.349064694752824" "0.349064694752824" "0.349064694752824"
[25] "0.349064694752824" "0.349064694752824" "0.349064694752824"
[28] "0.349064694752824" "0.349064694752824" "0.349064694752824"
[31] "0.349064694752824" "0.349064694752824" "0.349064694752824"
[34] "0.349064694752824" "0.349064694752824" "0.349064694752824"
[37] "0.349064694752824" "0.349064694752824" "0.349064694752824"
[40] "0.349064694752824" "0.349064694752824" "beta :"           
[43] "1"                
[1] 1999368 1999898 1999916 1999598 1999690
[1] 1 1 1 1 1
saved RDS
inference successful
