[1] "Original length"
[1] 999894
[1] "Final length"
[1] 20006
[1] "sequence length : 999895" "sequence length : 999863"
[3] "sequence length : 999703" "sequence length : 999929"
[5] "sequence length : 999937"
[1] 1 1 1 1 1
[1] "Beta: 1"
[1] "Self: 0.5"
 [1] 0 0 0 0 0 0 0 0 0 0 0 0 0 0 0 0 0 0 0 0
[1] "maxIt: 20"
[1] "It: 1"
 [1] "sigma:" "0.5"    "0.5"    "0.5"    "0.5"    "0.5"    "0.5"    "0.5"   
 [9] "0.5"    "0.5"    "0.5"    "0.5"    "0.5"    "0.5"    "0.5"    "0.5"   
[17] "0.5"    "0.5"    "0.5"    "0"      "0"      "0"      "0"      "0"     
[25] "0"      "0"      "0"      "0"      "0"      "0"      "0"      "0"     
[33] "0"      "0"      "0"      "0"      "0"      "0"      "0"      "0"     
[41] "0"      "beta :" "1"     
[1] 10335658
[1] 10335656
[1] 10335656
[1] 10335655
[1] 10335655
[1] 10335656
[1] 10335658
[1] 10335662
[1] 10335669
[1] 10335680
[1] 10335695
[1] 10335715
[1] 10335738
[1] 10335760
[1] 10335776
[1] 10335778
[1] 10335766
[1] 10335743
[1] 10335720
[1] 10335707
[1] 10335704
 [1] "sigma:" "0.5"    "0.5"    "0.5"    "0.5"    "0.5"    "0.5"    "0.5"   
 [9] "0.5"    "0.475"  "0.475"  "0.475"  "0.475"  "0.475"  "0.475"  "0.475" 
[17] "0.475"  "0.475"  "0.475"  "0.475"  "0.475"  "0.475"  "0.475"  "0.475" 
[25] "0.475"  "0.475"  "0.475"  "0.475"  "0.475"  "0.475"  "0.475"  "0.475" 
[33] "0.475"  "0.475"  "0.475"  "0.475"  "0.475"  "0.475"  "0.475"  "0.475" 
[41] "0.475"  "beta :" "1"     
[1] "New Likelihood:  -10335655.0406267"
iter:  0  f-value:  32640.36  pgrad:  0.95 
iter:  10  f-value:  32639.93  pgrad:  0.9447701 
iter:  20  f-value:  32639.88  pgrad:  0.9401558 
iter:  30  f-value:  32639.91  pgrad:  0.9366924 
  Unsuccessful convergence.
Time difference of 32.48534 mins
[1] "maxIt: 20"
[1] "It: 2"
 [1] "sigma:"            "0.500867956494572" "0.500867956494572"
 [4] "0.500867956494572" "0.500867956494572" "0.500867956494572"
 [7] "0.500867956494572" "0.500867956494572" "0.500867956494572"
[10] "0.468321973558056" "0.468321973558056" "0.468321973558056"
[13] "0.468321973558056" "0.468321973558056" "0.468321973558056"
[16] "0.468321973558056" "0.468321973558056" "0.468321973558056"
[19] "0.468321973558056" "0.468321973558056" "0.468321973558056"
[22] "0.468321973558056" "0.468321973558056" "0.468321973558056"
[25] "0.468321973558056" "0.468321973558056" "0.468321973558056"
[28] "0.468321973558056" "0.468321973558056" "0.468321973558056"
[31] "0.468321973558056" "0.468321973558056" "0.468321973558056"
[34] "0.468321973558056" "0.468321973558056" "0.468321973558056"
[37] "0.468321973558056" "0.468321973558056" "0.468321973558056"
[40] "0.468321973558056" "0.468321973558056" "beta :"           
[43] "1"                
[1] 10335428
[1] 10335434
[1] 10335485
 [1] "sigma:"            "0.966367956494573" "0.966367956494573"
 [4] "0.966367956494573" "0.966367956494573" "0.966367956494573"
 [7] "0.966367956494573" "0.468321973558056" "0.468321973558056"
[10] "0.468321973558056" "0.468321973558056" "0.468321973558056"
[13] "0.468321973558056" "0.468321973558056" "0.468321973558056"
[16] "0.468321973558056" "0.468321973558056" "0.468321973558056"
[19] "0.468321973558056" "0.468321973558056" "0.468321973558056"
[22] "0.468321973558056" "0.468321973558056" "0.468321973558056"
[25] "0.468321973558056" "0.468321973558056" "0.468321973558056"
[28] "0.468321973558056" "0.468321973558056" "0.468321973558056"
[31] "0.468321973558056" "0.468321973558056" "0.468321973558056"
[34] "0.468321973558056" "0.468321973558056" "0.468321973558056"
[37] "0.468321973558056" "0.468321973558056" "0.468321973558056"
[40] "0.468321973558056" "0.468321973558056" "beta :"           
[43] "1"                
[1] " old Likelihood:  -10335655.0406267"
[1] "New Likelihood:  -10335428.3010569"
iter:  0  f-value:  32621.32  pgrad:  0.9366439 
iter:  10  f-value:  32621.15  pgrad:  0.9332252 
iter:  20  f-value:  32621.1  pgrad:  0.5024644 
iter:  30  f-value:  32621.1  pgrad:  0.4901538 
  Unsuccessful convergence.
Time difference of 22.28099 mins
[1] "maxIt: 20"
[1] "It: 3"
 [1] "sigma:"            "0.967073864108954" "0.967073864108954"
 [4] "0.967073864108954" "0.967073864108954" "0.967073864108954"
 [7] "0.967073864108954" "0.462154334848498" "0.462154334848498"
[10] "0.462154334848498" "0.462154334848498" "0.462154334848498"
[13] "0.462154334848498" "0.462154334848498" "0.462154334848498"
[16] "0.462154334848498" "0.462154334848498" "0.462154334848498"
[19] "0.462154334848498" "0.462154334848498" "0.462154334848498"
[22] "0.462154334848498" "0.462154334848498" "0.462154334848498"
[25] "0.462154334848498" "0.462154334848498" "0.462154334848498"
[28] "0.462154334848498" "0.462154334848498" "0.462154334848498"
[31] "0.462154334848498" "0.462154334848498" "0.462154334848498"
[34] "0.462154334848498" "0.462154334848498" "0.462154334848498"
[37] "0.462154334848498" "0.462154334848498" "0.462154334848498"
[40] "0.462154334848498" "0.462154334848498" "beta :"           
[43] "1"                
[1] 10335365
[1] 10335349
[1] 10335350
 [1] "sigma:"            "0.967073864108954" "0.967073864108954"
 [4] "0.967073864108954" "0.967073864108954" "0.967073864108954"
 [7] "0.967073864108954" "0.437154334848498" "0.437154334848498"
[10] "0.437154334848498" "0.437154334848498" "0.437154334848498"
[13] "0.437154334848498" "0.437154334848498" "0.437154334848498"
[16] "0.437154334848498" "0.437154334848498" "0.437154334848498"
[19] "0.437154334848498" "0.437154334848498" "0.437154334848498"
[22] "0.437154334848498" "0.437154334848498" "0.437154334848498"
[25] "0.437154334848498" "0.437154334848498" "0.437154334848498"
[28] "0.437154334848498" "0.437154334848498" "0.437154334848498"
[31] "0.437154334848498" "0.437154334848498" "0.437154334848498"
[34] "0.437154334848498" "0.437154334848498" "0.437154334848498"
[37] "0.437154334848498" "0.437154334848498" "0.437154334848498"
[40] "0.437154334848498" "0.437154334848498" "beta :"           
[43] "1"                
[1] " old Likelihood:  -10335428.3010569"
[1] "New Likelihood:  -10335348.6132586"
iter:  0  f-value:  33705.56  pgrad:  0.5068665 
iter:  10  f-value:  33705.37  pgrad:  0.8728389 
iter:  20  f-value:  33705.32  pgrad:  0.8652083 
iter:  30  f-value:  33705.32  pgrad:  0.8640267 
  Unsuccessful convergence.
Time difference of 11.03761 mins
[1] "maxIt: 20"
[1] "It: 4"
 [1] "sigma:"            "0.967883964716218" "0.967883964716218"
 [4] "0.967883964716218" "0.967883964716218" "0.967883964716218"
 [7] "0.967883964716218" "0.431824368543265" "0.431824368543265"
[10] "0.431824368543265" "0.431824368543265" "0.431824368543265"
[13] "0.431824368543265" "0.431824368543265" "0.431824368543265"
[16] "0.431824368543265" "0.431824368543265" "0.431824368543265"
[19] "0.431824368543265" "0.431824368543265" "0.431824368543265"
[22] "0.431824368543265" "0.431824368543265" "0.431824368543265"
[25] "0.431824368543265" "0.431824368543265" "0.431824368543265"
[28] "0.431824368543265" "0.431824368543265" "0.431824368543265"
[31] "0.431824368543265" "0.431824368543265" "0.431824368543265"
[34] "0.431824368543265" "0.431824368543265" "0.431824368543265"
[37] "0.431824368543265" "0.431824368543265" "0.431824368543265"
[40] "0.431824368543265" "0.431824368543265" "beta :"           
[43] "1"                
[1] 10335291
[1] 10335273
[1] 10335272
 [1] "sigma:"            "0.967883964716218" "0.967883964716218"
 [4] "0.967883964716218" "0.967883964716218" "0.967883964716218"
 [7] "0.967883964716218" "0.967883964716218" "0.967883964716218"
[10] "0.431824368543265" "0.431824368543265" "0.431824368543265"
[13] "0.431824368543265" "0.431824368543265" "0.431824368543265"
[16] "0.431824368543265" "0.431824368543265" "0.431824368543265"
[19] "0.431824368543265" "0.431824368543265" "0.431824368543265"
[22] "0.431824368543265" "0.431824368543265" "0.431824368543265"
[25] "0.431824368543265" "0.431824368543265" "0.431824368543265"
[28] "0.431824368543265" "0.431824368543265" "0.431824368543265"
[31] "0.431824368543265" "0.431824368543265" "0.431824368543265"
[34] "0.431824368543265" "0.431824368543265" "0.431824368543265"
[37] "0.431824368543265" "0.431824368543265" "0.431824368543265"
[40] "0.431824368543265" "0.431824368543265" "beta :"           
[43] "1"                
[1] " old Likelihood:  -10335348.6132586"
[1] "New Likelihood:  -10335271.5705423"
iter:  0  f-value:  33676.24  pgrad:  0.8636487 
iter:  10  f-value:  33676.15  pgrad:  0.8607963 
iter:  20  f-value:  33676.13  pgrad:  0.857185 
iter:  30  f-value:  33676.13  pgrad:  0.8557154 
  Unsuccessful convergence.
Time difference of 10.37654 mins
[1] "maxIt: 20"
[1] "It: 5"
 [1] "sigma:"            "0.968372266654374" "0.968372266654374"
 [4] "0.968372266654374" "0.968372266654374" "0.968372266654374"
 [7] "0.968372266654374" "0.968372266654374" "0.968372266654374"
[10] "0.427807856338042" "0.427807856338042" "0.427807856338042"
[13] "0.427807856338042" "0.427807856338042" "0.427807856338042"
[16] "0.427807856338042" "0.427807856338042" "0.427807856338042"
[19] "0.427807856338042" "0.427807856338042" "0.427807856338042"
[22] "0.427807856338042" "0.427807856338042" "0.427807856338042"
[25] "0.427807856338042" "0.427807856338042" "0.427807856338042"
[28] "0.427807856338042" "0.427807856338042" "0.427807856338042"
[31] "0.427807856338042" "0.427807856338042" "0.427807856338042"
[34] "0.427807856338042" "0.427807856338042" "0.427807856338042"
[37] "0.427807856338042" "0.427807856338042" "0.427807856338042"
[40] "0.427807856338042" "0.427807856338042" "beta :"           
[43] "1"                
[1] 10335239
[1] 10335235
[1] 10335276
 [1] "sigma:"            "0.968372266654374" "0.968372266654374"
 [4] "0.968372266654374" "0.968372266654374" "0.968372266654374"
 [7] "0.968372266654374" "0.968372266654374" "0.968372266654374"
[10] "0.427807856338042" "0.427807856338042" "0.427807856338042"
[13] "0.427807856338042" "0.427807856338042" "0.427807856338042"
[16] "0.427807856338042" "0.427807856338042" "0.427807856338042"
[19] "0.427807856338042" "0.427807856338042" "0.427807856338042"
[22] "0.427807856338042" "0.427807856338042" "0.427807856338042"
[25] "0.427807856338042" "0.427807856338042" "0.427807856338042"
[28] "0.427807856338042" "0.427807856338042" "0.427807856338042"
[31] "0.427807856338042" "0.427807856338042" "0.427807856338042"
[34] "0.427807856338042" "0.427807856338042" "0.427807856338042"
[37] "0.427807856338042" "0.427807856338042" "0.427807856338042"
[40] "0.427807856338042" "0.427807856338042" "beta :"           
[43] "1"                
[1] " old Likelihood:  -10335271.5705423"
[1] "New Likelihood:  -10335235.4932686"
iter:  0  f-value:  33736.27  pgrad:  0.8556157 
iter:  10  f-value:  33736.23  pgrad:  0.8539723 
iter:  20  f-value:  33736.21  pgrad:  0.8504399 
iter:  30  f-value:  33736.21  pgrad:  0.8494344 
  Unsuccessful convergence.
Time difference of 10.31944 mins
[1] "maxIt: 20"
[1] "It: 6"
 [1] "sigma:"            "0.968858984405837" "0.968858984405837"
 [4] "0.968858984405837" "0.968858984405837" "0.968858984405837"
 [7] "0.968858984405837" "0.968858984405837" "0.968858984405837"
[10] "0.424465388257182" "0.424465388257182" "0.424465388257182"
[13] "0.424465388257182" "0.424465388257182" "0.424465388257182"
[16] "0.424465388257182" "0.424465388257182" "0.424465388257182"
[19] "0.424465388257182" "0.424465388257182" "0.424465388257182"
[22] "0.424465388257182" "0.424465388257182" "0.424465388257182"
[25] "0.424465388257182" "0.424465388257182" "0.424465388257182"
[28] "0.424465388257182" "0.424465388257182" "0.424465388257182"
[31] "0.424465388257182" "0.424465388257182" "0.424465388257182"
[34] "0.424465388257182" "0.424465388257182" "0.424465388257182"
[37] "0.424465388257182" "0.424465388257182" "0.424465388257182"
[40] "0.424465388257182" "0.424465388257182" "beta :"           
[43] "1"                
[1] 10335219
[1] 10335214
[1] 10335253
 [1] "sigma:"            "0.968858984405837" "0.968858984405837"
 [4] "0.968858984405837" "0.968858984405837" "0.968858984405837"
 [7] "0.968858984405837" "0.968858984405837" "0.968858984405837"
[10] "0.424465388257182" "0.424465388257182" "0.424465388257182"
[13] "0.424465388257182" "0.424465388257182" "0.424465388257182"
[16] "0.424465388257182" "0.424465388257182" "0.424465388257182"
[19] "0.424465388257182" "0.424465388257182" "0.424465388257182"
[22] "0.424465388257182" "0.424465388257182" "0.424465388257182"
[25] "0.424465388257182" "0.424465388257182" "0.424465388257182"
[28] "0.424465388257182" "0.424465388257182" "0.424465388257182"
[31] "0.424465388257182" "0.424465388257182" "0.424465388257182"
[34] "0.424465388257182" "0.424465388257182" "0.424465388257182"
[37] "0.424465388257182" "0.424465388257182" "0.424465388257182"
[40] "0.424465388257182" "0.424465388257182" "beta :"           
[43] "1"                
[1] " old Likelihood:  -10335235.4932686"
[1] "New Likelihood:  -10335214.4456589"
iter:  0  f-value:  33802.6  pgrad:  0.8489308 
iter:  10  f-value:  33802.57  pgrad:  0.8473462 
iter:  20  f-value:  33802.55  pgrad:  0.6123446 
iter:  30  f-value:  33802.55  pgrad:  0.406726 
  Unsuccessful convergence.
Time difference of 10.36678 mins
[1] "maxIt: 20"
[1] "It: 7"
 [1] "sigma:"            "0.969986097193816" "0.969986097193816"
 [4] "0.969986097193816" "0.969986097193816" "0.969986097193816"
 [7] "0.969986097193816" "0.969986097193816" "0.969986097193816"
[10] "0.420868436581506" "0.420868436581506" "0.420868436581506"
[13] "0.420868436581506" "0.420868436581506" "0.420868436581506"
[16] "0.420868436581506" "0.420868436581506" "0.420868436581506"
[19] "0.420868436581506" "0.420868436581506" "0.420868436581506"
[22] "0.420868436581506" "0.420868436581506" "0.420868436581506"
[25] "0.420868436581506" "0.420868436581506" "0.420868436581506"
[28] "0.420868436581506" "0.420868436581506" "0.420868436581506"
[31] "0.420868436581506" "0.420868436581506" "0.420868436581506"
[34] "0.420868436581506" "0.420868436581506" "0.420868436581506"
[37] "0.420868436581506" "0.420868436581506" "0.420868436581506"
[40] "0.420868436581506" "0.420868436581506" "beta :"           
[43] "1"                
[1] 10335203
[1] 10335199
[1] 10335236
 [1] "sigma:"            "0.969986097193816" "0.969986097193816"
 [4] "0.969986097193816" "0.969986097193816" "0.969986097193816"
 [7] "0.969986097193816" "0.969986097193816" "0.969986097193816"
[10] "0.420868436581506" "0.420868436581506" "0.420868436581506"
[13] "0.420868436581506" "0.420868436581506" "0.420868436581506"
[16] "0.420868436581506" "0.420868436581506" "0.420868436581506"
[19] "0.420868436581506" "0.420868436581506" "0.420868436581506"
[22] "0.420868436581506" "0.420868436581506" "0.420868436581506"
[25] "0.420868436581506" "0.420868436581506" "0.420868436581506"
[28] "0.420868436581506" "0.420868436581506" "0.420868436581506"
[31] "0.420868436581506" "0.420868436581506" "0.420868436581506"
[34] "0.420868436581506" "0.420868436581506" "0.420868436581506"
[37] "0.420868436581506" "0.420868436581506" "0.420868436581506"
[40] "0.420868436581506" "0.420868436581506" "beta :"           
[43] "1"                
[1] " old Likelihood:  -10335214.4456589"
[1] "New Likelihood:  -10335198.5783342"
iter:  0  f-value:  33887.59  pgrad:  0.8417369 
iter:  10  f-value:  33887.57  pgrad:  0.8404738 
iter:  20  f-value:  33887.56  pgrad:  0.410655 
iter:  30  f-value:  33887.56  pgrad:  0.3690366 
  Unsuccessful convergence.
Time difference of 10.34935 mins
[1] "maxIt: 20"
[1] "It: 8"
 [1] "sigma:"            "0.970839424578215" "0.970839424578215"
 [4] "0.970839424578215" "0.970839424578215" "0.970839424578215"
 [7] "0.970839424578215" "0.970839424578215" "0.970839424578215"
[10] "0.417686244452633" "0.417686244452633" "0.417686244452633"
[13] "0.417686244452633" "0.417686244452633" "0.417686244452633"
[16] "0.417686244452633" "0.417686244452633" "0.417686244452633"
[19] "0.417686244452633" "0.417686244452633" "0.417686244452633"
[22] "0.417686244452633" "0.417686244452633" "0.417686244452633"
[25] "0.417686244452633" "0.417686244452633" "0.417686244452633"
[28] "0.417686244452633" "0.417686244452633" "0.417686244452633"
[31] "0.417686244452633" "0.417686244452633" "0.417686244452633"
[34] "0.417686244452633" "0.417686244452633" "0.417686244452633"
[37] "0.417686244452633" "0.417686244452633" "0.417686244452633"
[40] "0.417686244452633" "0.417686244452633" "beta :"           
[43] "1"                
[1] 10335194
[1] 10335185
[1] 10335219
 [1] "sigma:"            "0.970839424578215" "0.970839424578215"
 [4] "0.970839424578215" "0.970839424578215" "0.970839424578215"
 [7] "0.970839424578215" "0.970839424578215" "0.970839424578215"
[10] "0.392686244452633" "0.392686244452633" "0.392686244452633"
[13] "0.392686244452633" "0.392686244452633" "0.392686244452633"
[16] "0.392686244452633" "0.392686244452633" "0.392686244452633"
[19] "0.392686244452633" "0.392686244452633" "0.392686244452633"
[22] "0.392686244452633" "0.392686244452633" "0.392686244452633"
[25] "0.392686244452633" "0.392686244452633" "0.392686244452633"
[28] "0.392686244452633" "0.392686244452633" "0.392686244452633"
[31] "0.392686244452633" "0.392686244452633" "0.392686244452633"
[34] "0.392686244452633" "0.392686244452633" "0.392686244452633"
[37] "0.392686244452633" "0.392686244452633" "0.392686244452633"
[40] "0.392686244452633" "0.392686244452633" "beta :"           
[43] "1"                
[1] " old Likelihood:  -10335198.5783342"
[1] "New Likelihood:  -10335185.3468747"
iter:  0  f-value:  34874.64  pgrad:  0.5088783 
iter:  10  f-value:  34874.57  pgrad:  0.7845587 
iter:  20  f-value:  34874.55  pgrad:  0.7811952 
iter:  30  f-value:  34874.55  pgrad:  0.7805751 
  Unsuccessful convergence.
Time difference of 10.99058 mins
[1] "maxIt: 20"
[1] "It: 9"
 [1] "sigma:"            "0.971359905203349" "0.971359905203349"
 [4] "0.971359905203349" "0.971359905203349" "0.971359905203349"
 [7] "0.971359905203349" "0.971359905203349" "0.971359905203349"
[10] "0.390259250005536" "0.390259250005536" "0.390259250005536"
[13] "0.390259250005536" "0.390259250005536" "0.390259250005536"
[16] "0.390259250005536" "0.390259250005536" "0.390259250005536"
[19] "0.390259250005536" "0.390259250005536" "0.390259250005536"
[22] "0.390259250005536" "0.390259250005536" "0.390259250005536"
[25] "0.390259250005536" "0.390259250005536" "0.390259250005536"
[28] "0.390259250005536" "0.390259250005536" "0.390259250005536"
[31] "0.390259250005536" "0.390259250005536" "0.390259250005536"
[34] "0.390259250005536" "0.390259250005536" "0.390259250005536"
[37] "0.390259250005536" "0.390259250005536" "0.390259250005536"
[40] "0.390259250005536" "0.390259250005536" "beta :"           
[43] "1"                
[1] 10335168
[1] 10335157
[1] 10335187
 [1] "sigma:"            "0.971359905203349" "0.971359905203349"
 [4] "0.971359905203349" "0.971359905203349" "0.971359905203349"
 [7] "0.971359905203349" "0.971359905203349" "0.971359905203349"
[10] "0.390259250005536" "0.390259250005536" "0.390259250005536"
[13] "0.390259250005536" "0.390259250005536" "0.390259250005536"
[16] "0.390259250005536" "0.390259250005536" "0.390259250005536"
[19] "0.390259250005536" "0.390259250005536" "0.390259250005536"
[22] "0.390259250005536" "0.390259250005536" "0.390259250005536"
[25] "0.390259250005536" "0.390259250005536" "0.390259250005536"
[28] "0.390259250005536" "0.390259250005536" "0.390259250005536"
[31] "0.390259250005536" "0.390259250005536" "0.390259250005536"
[34] "0.390259250005536" "0.390259250005536" "0.390259250005536"
[37] "0.390259250005536" "0.390259250005536" "0.390259250005536"
[40] "0.390259250005536" "0.390259250005536" "beta :"           
[43] "1"                
[1] " old Likelihood:  -10335185.3468747"
[1] "New Likelihood:  -10335157.2564944"
iter:  0  f-value:  34872.08  pgrad:  0.5003016 
iter:  10  f-value:  34872.05  pgrad:  0.780097 
iter:  20  f-value:  34872.05  pgrad:  0.7776786 
iter:  30  f-value:  34872.04  pgrad:  0.2783781 
  Unsuccessful convergence.
Time difference of 10.35447 mins
[1] "maxIt: 20"
[1] "It: 10"
 [1] "sigma:"            "0.972248642002942" "0.972248642002942"
 [4] "0.972248642002942" "0.972248642002942" "0.972248642002942"
 [7] "0.972248642002942" "0.972248642002942" "0.972248642002942"
[10] "0.387755182462513" "0.387755182462513" "0.387755182462513"
[13] "0.387755182462513" "0.387755182462513" "0.387755182462513"
[16] "0.387755182462513" "0.387755182462513" "0.387755182462513"
[19] "0.387755182462513" "0.387755182462513" "0.387755182462513"
[22] "0.387755182462513" "0.387755182462513" "0.387755182462513"
[25] "0.387755182462513" "0.387755182462513" "0.387755182462513"
[28] "0.387755182462513" "0.387755182462513" "0.387755182462513"
[31] "0.387755182462513" "0.387755182462513" "0.387755182462513"
[34] "0.387755182462513" "0.387755182462513" "0.387755182462513"
[37] "0.387755182462513" "0.387755182462513" "0.387755182462513"
[40] "0.387755182462513" "0.387755182462513" "beta :"           
[43] "1"                
[1] 10335158
[1] 10335145
[1] 10335173
 [1] "sigma:"            "0.972248642002942" "0.972248642002942"
 [4] "0.972248642002942" "0.972248642002942" "0.972248642002942"
 [7] "0.972248642002942" "0.972248642002942" "0.972248642002942"
[10] "0.387755182462513" "0.387755182462513" "0.387755182462513"
[13] "0.387755182462513" "0.387755182462513" "0.387755182462513"
[16] "0.387755182462513" "0.387755182462513" "0.387755182462513"
[19] "0.387755182462513" "0.387755182462513" "0.387755182462513"
[22] "0.387755182462513" "0.387755182462513" "0.387755182462513"
[25] "0.387755182462513" "0.387755182462513" "0.387755182462513"
[28] "0.387755182462513" "0.387755182462513" "0.387755182462513"
[31] "0.387755182462513" "0.387755182462513" "0.387755182462513"
[34] "0.387755182462513" "0.387755182462513" "0.387755182462513"
[37] "0.387755182462513" "0.387755182462513" "0.387755182462513"
[40] "0.387755182462513" "0.387755182462513" "beta :"           
[43] "1"                
[1] " old Likelihood:  -10335157.2564944"
[1] "New Likelihood:  -10335145.416471"
iter:  0  f-value:  34905.53  pgrad:  0.7755104 
iter:  10  f-value:  34905.52  pgrad:  0.774726 
iter:  20  f-value:  34905.51  pgrad:  0.7732421 
iter:  30  f-value:  34905.51  pgrad:  0.279324 
  Unsuccessful convergence.
Time difference of 10.32674 mins
[1] "maxIt: 20"
[1] "It: 11"
 [1] "sigma:"            "0.973094007131091" "0.973094007131091"
 [4] "0.973094007131091" "0.973094007131091" "0.973094007131091"
 [7] "0.973094007131091" "0.973094007131091" "0.973094007131091"
[10] "0.385784356121793" "0.385784356121793" "0.385784356121793"
[13] "0.385784356121793" "0.385784356121793" "0.385784356121793"
[16] "0.385784356121793" "0.385784356121793" "0.385784356121793"
[19] "0.385784356121793" "0.385784356121793" "0.385784356121793"
[22] "0.385784356121793" "0.385784356121793" "0.385784356121793"
[25] "0.385784356121793" "0.385784356121793" "0.385784356121793"
[28] "0.385784356121793" "0.385784356121793" "0.385784356121793"
[31] "0.385784356121793" "0.385784356121793" "0.385784356121793"
[34] "0.385784356121793" "0.385784356121793" "0.385784356121793"
[37] "0.385784356121793" "0.385784356121793" "0.385784356121793"
[40] "0.385784356121793" "0.385784356121793" "beta :"           
[43] "1"                
[1] 10335152
[1] 10335139
[1] 10335166
 [1] "sigma:"            "0.973094007131091" "0.973094007131091"
 [4] "0.973094007131091" "0.973094007131091" "0.973094007131091"
 [7] "0.973094007131091" "0.973094007131091" "0.973094007131091"
[10] "0.385784356121793" "0.385784356121793" "0.385784356121793"
[13] "0.385784356121793" "0.385784356121793" "0.385784356121793"
[16] "0.385784356121793" "0.385784356121793" "0.385784356121793"
[19] "0.385784356121793" "0.385784356121793" "0.385784356121793"
[22] "0.385784356121793" "0.385784356121793" "0.385784356121793"
[25] "0.385784356121793" "0.385784356121793" "0.385784356121793"
[28] "0.385784356121793" "0.385784356121793" "0.385784356121793"
[31] "0.385784356121793" "0.385784356121793" "0.385784356121793"
[34] "0.385784356121793" "0.385784356121793" "0.385784356121793"
[37] "0.385784356121793" "0.385784356121793" "0.385784356121793"
[40] "0.385784356121793" "0.385784356121793" "beta :"           
[43] "1"                
[1] " old Likelihood:  -10335145.416471"
[1] "New Likelihood:  -10335138.8455984"
iter:  0  f-value:  34941.44  pgrad:  0.7715687 
iter:  10  f-value:  34941.43  pgrad:  0.7710116 
iter:  20  f-value:  34941.43  pgrad:  0.7692921 
iter:  30  f-value:  34941.43  pgrad:  0.3350578 
  Unsuccessful convergence.
Time difference of 10.37732 mins
[1] "maxIt: 20"
[1] "It: 12"
 [1] "sigma:"            "0.973896179687182" "0.973896179687182"
 [4] "0.973896179687182" "0.973896179687182" "0.973896179687182"
 [7] "0.973896179687182" "0.973896179687182" "0.973896179687182"
[10] "0.384155548556037" "0.384155548556037" "0.384155548556037"
[13] "0.384155548556037" "0.384155548556037" "0.384155548556037"
[16] "0.384155548556037" "0.384155548556037" "0.384155548556037"
[19] "0.384155548556037" "0.384155548556037" "0.384155548556037"
[22] "0.384155548556037" "0.384155548556037" "0.384155548556037"
[25] "0.384155548556037" "0.384155548556037" "0.384155548556037"
[28] "0.384155548556037" "0.384155548556037" "0.384155548556037"
[31] "0.384155548556037" "0.384155548556037" "0.384155548556037"
[34] "0.384155548556037" "0.384155548556037" "0.384155548556037"
[37] "0.384155548556037" "0.384155548556037" "0.384155548556037"
[40] "0.384155548556037" "0.384155548556037" "beta :"           
[43] "1"                
[1] 10335148
[1] 10335134
[1] 10335161
 [1] "sigma:"            "0.973896179687182" "0.973896179687182"
 [4] "0.973896179687182" "0.973896179687182" "0.973896179687182"
 [7] "0.973896179687182" "0.973896179687182" "0.973896179687182"
[10] "0.384155548556037" "0.384155548556037" "0.384155548556037"
[13] "0.384155548556037" "0.384155548556037" "0.384155548556037"
[16] "0.384155548556037" "0.384155548556037" "0.384155548556037"
[19] "0.384155548556037" "0.384155548556037" "0.384155548556037"
[22] "0.384155548556037" "0.384155548556037" "0.384155548556037"
[25] "0.384155548556037" "0.384155548556037" "0.384155548556037"
[28] "0.384155548556037" "0.384155548556037" "0.384155548556037"
[31] "0.384155548556037" "0.384155548556037" "0.384155548556037"
[34] "0.384155548556037" "0.384155548556037" "0.384155548556037"
[37] "0.384155548556037" "0.384155548556037" "0.384155548556037"
[40] "0.384155548556037" "0.384155548556037" "beta :"           
[43] "1"                
[1] " old Likelihood:  -10335138.8455984"
[1] "New Likelihood:  -10335134.3554839"
iter:  0  f-value:  34976.27  pgrad:  0.7683111 
iter:  10  f-value:  34976.27  pgrad:  0.7678342 
iter:  20  f-value:  34976.27  pgrad:  0.7663034 
iter:  30  f-value:  34976.26  pgrad:  0.2558954 
  Unsuccessful convergence.
Time difference of 10.31287 mins
[1] "maxIt: 20"
[1] "It: 13"
 [1] "sigma:"            "0.97470583027729"  "0.97470583027729" 
 [4] "0.97470583027729"  "0.97470583027729"  "0.97470583027729" 
 [7] "0.97470583027729"  "0.97470583027729"  "0.97470583027729" 
[10] "0.382631016775922" "0.382631016775922" "0.382631016775922"
[13] "0.382631016775922" "0.382631016775922" "0.382631016775922"
[16] "0.382631016775922" "0.382631016775922" "0.382631016775922"
[19] "0.382631016775922" "0.382631016775922" "0.382631016775922"
[22] "0.382631016775922" "0.382631016775922" "0.382631016775922"
[25] "0.382631016775922" "0.382631016775922" "0.382631016775922"
[28] "0.382631016775922" "0.382631016775922" "0.382631016775922"
[31] "0.382631016775922" "0.382631016775922" "0.382631016775922"
[34] "0.382631016775922" "0.382631016775922" "0.382631016775922"
[37] "0.382631016775922" "0.382631016775922" "0.382631016775922"
[40] "0.382631016775922" "0.382631016775922" "beta :"           
[43] "1"                
[1] 10335145
[1] 10335131
[1] 10335157
 [1] "sigma:"            "0.97470583027729"  "0.97470583027729" 
 [4] "0.97470583027729"  "0.97470583027729"  "0.97470583027729" 
 [7] "0.97470583027729"  "0.97470583027729"  "0.97470583027729" 
[10] "0.382631016775922" "0.382631016775922" "0.382631016775922"
[13] "0.382631016775922" "0.382631016775922" "0.382631016775922"
[16] "0.382631016775922" "0.382631016775922" "0.382631016775922"
[19] "0.382631016775922" "0.382631016775922" "0.382631016775922"
[22] "0.382631016775922" "0.382631016775922" "0.382631016775922"
[25] "0.382631016775922" "0.382631016775922" "0.382631016775922"
[28] "0.382631016775922" "0.382631016775922" "0.382631016775922"
[31] "0.382631016775922" "0.382631016775922" "0.382631016775922"
[34] "0.382631016775922" "0.382631016775922" "0.382631016775922"
[37] "0.382631016775922" "0.382631016775922" "0.382631016775922"
[40] "0.382631016775922" "0.382631016775922" "beta :"           
[43] "1"                
[1] " old Likelihood:  -10335134.3554839"
[1] "New Likelihood:  -10335130.8089044"
iter:  0  f-value:  35011.91  pgrad:  0.765262 
iter:  10  f-value:  35011.9  pgrad:  0.7647741 
iter:  20  f-value:  35011.9  pgrad:  0.5092758 
iter:  30  f-value:  35011.9  pgrad:  0.2486922 
  Unsuccessful convergence.
Time difference of 10.36872 mins
[1] "maxIt: 20"
[1] "It: 14"
 [1] "sigma:"            "0.97550097141448"  "0.97550097141448" 
 [4] "0.97550097141448"  "0.97550097141448"  "0.97550097141448" 
 [7] "0.97550097141448"  "0.97550097141448"  "0.97550097141448" 
[10] "0.381270614568181" "0.381270614568181" "0.381270614568181"
[13] "0.381270614568181" "0.381270614568181" "0.381270614568181"
[16] "0.381270614568181" "0.381270614568181" "0.381270614568181"
[19] "0.381270614568181" "0.381270614568181" "0.381270614568181"
[22] "0.381270614568181" "0.381270614568181" "0.381270614568181"
[25] "0.381270614568181" "0.381270614568181" "0.381270614568181"
[28] "0.381270614568181" "0.381270614568181" "0.381270614568181"
[31] "0.381270614568181" "0.381270614568181" "0.381270614568181"
[34] "0.381270614568181" "0.381270614568181" "0.381270614568181"
[37] "0.381270614568181" "0.381270614568181" "0.381270614568181"
[40] "0.381270614568181" "0.381270614568181" "beta :"           
[43] "1"                
[1] 10335142
[1] 10335128
[1] 10335154
 [1] "sigma:"            "0.97550097141448"  "0.97550097141448" 
 [4] "0.97550097141448"  "0.97550097141448"  "0.97550097141448" 
 [7] "0.97550097141448"  "0.97550097141448"  "0.97550097141448" 
[10] "0.381270614568181" "0.381270614568181" "0.381270614568181"
[13] "0.381270614568181" "0.381270614568181" "0.381270614568181"
[16] "0.381270614568181" "0.381270614568181" "0.381270614568181"
[19] "0.381270614568181" "0.381270614568181" "0.381270614568181"
[22] "0.381270614568181" "0.381270614568181" "0.381270614568181"
[25] "0.381270614568181" "0.381270614568181" "0.381270614568181"
[28] "0.381270614568181" "0.381270614568181" "0.381270614568181"
[31] "0.381270614568181" "0.381270614568181" "0.381270614568181"
[34] "0.381270614568181" "0.381270614568181" "0.381270614568181"
[37] "0.381270614568181" "0.381270614568181" "0.381270614568181"
[40] "0.381270614568181" "0.381270614568181" "beta :"           
[43] "1"                
[1] " old Likelihood:  -10335130.8089044"
[1] "New Likelihood:  -10335127.9693344"
iter:  0  f-value:  35045.43  pgrad:  0.7625412 
iter:  10  f-value:  35045.43  pgrad:  0.7620533 
iter:  20  f-value:  35045.43  pgrad:  0.4942953 
iter:  30  f-value:  35045.43  pgrad:  0.2317393 
  Unsuccessful convergence.
Time difference of 10.37835 mins
[1] "maxIt: 20"
[1] "It: 15"
 [1] "sigma:"            "0.97631237710034"  "0.97631237710034" 
 [4] "0.97631237710034"  "0.97631237710034"  "0.97631237710034" 
 [7] "0.97631237710034"  "0.97631237710034"  "0.97631237710034" 
[10] "0.379973956924059" "0.379973956924059" "0.379973956924059"
[13] "0.379973956924059" "0.379973956924059" "0.379973956924059"
[16] "0.379973956924059" "0.379973956924059" "0.379973956924059"
[19] "0.379973956924059" "0.379973956924059" "0.379973956924059"
[22] "0.379973956924059" "0.379973956924059" "0.379973956924059"
[25] "0.379973956924059" "0.379973956924059" "0.379973956924059"
[28] "0.379973956924059" "0.379973956924059" "0.379973956924059"
[31] "0.379973956924059" "0.379973956924059" "0.379973956924059"
[34] "0.379973956924059" "0.379973956924059" "0.379973956924059"
[37] "0.379973956924059" "0.379973956924059" "0.379973956924059"
[40] "0.379973956924059" "0.379973956924059" "beta :"           
[43] "1"                
[1] 10335140
[1] 10335126
[1] 10335151
 [1] "sigma:"            "0.97631237710034"  "0.97631237710034" 
 [4] "0.97631237710034"  "0.97631237710034"  "0.97631237710034" 
 [7] "0.97631237710034"  "0.97631237710034"  "0.97631237710034" 
[10] "0.379973956924059" "0.379973956924059" "0.379973956924059"
[13] "0.379973956924059" "0.379973956924059" "0.379973956924059"
[16] "0.379973956924059" "0.379973956924059" "0.379973956924059"
[19] "0.379973956924059" "0.379973956924059" "0.379973956924059"
[22] "0.379973956924059" "0.379973956924059" "0.379973956924059"
[25] "0.379973956924059" "0.379973956924059" "0.379973956924059"
[28] "0.379973956924059" "0.379973956924059" "0.379973956924059"
[31] "0.379973956924059" "0.379973956924059" "0.379973956924059"
[34] "0.379973956924059" "0.379973956924059" "0.379973956924059"
[37] "0.379973956924059" "0.379973956924059" "0.379973956924059"
[40] "0.379973956924059" "0.379973956924059" "beta :"           
[43] "1"                
[1] " old Likelihood:  -10335127.9693344"
[1] "New Likelihood:  -10335125.5460434"
iter:  0  f-value:  35078.47  pgrad:  0.7599479 
iter:  10  f-value:  35078.47  pgrad:  0.7594805 
iter:  20  f-value:  35078.47  pgrad:  0.3611058 
iter:  30  f-value:  35078.47  pgrad:  0.2735032 
  Unsuccessful convergence.
Time difference of 10.34995 mins
[1] "maxIt: 20"
[1] "It: 16"
 [1] "sigma:"            "0.976995770292721" "0.976995770292721"
 [4] "0.976995770292721" "0.976995770292721" "0.976995770292721"
 [7] "0.976995770292721" "0.976995770292721" "0.976995770292721"
[10] "0.378806560234177" "0.378806560234177" "0.378806560234177"
[13] "0.378806560234177" "0.378806560234177" "0.378806560234177"
[16] "0.378806560234177" "0.378806560234177" "0.378806560234177"
[19] "0.378806560234177" "0.378806560234177" "0.378806560234177"
[22] "0.378806560234177" "0.378806560234177" "0.378806560234177"
[25] "0.378806560234177" "0.378806560234177" "0.378806560234177"
[28] "0.378806560234177" "0.378806560234177" "0.378806560234177"
[31] "0.378806560234177" "0.378806560234177" "0.378806560234177"
[34] "0.378806560234177" "0.378806560234177" "0.378806560234177"
[37] "0.378806560234177" "0.378806560234177" "0.378806560234177"
[40] "0.378806560234177" "0.378806560234177" "beta :"           
[43] "1"                
[1] 10335138
[1] 10335124
[1] 10335149
 [1] "sigma:"            "0.976995770292721" "0.976995770292721"
 [4] "0.976995770292721" "0.976995770292721" "0.976995770292721"
 [7] "0.976995770292721" "0.976995770292721" "0.976995770292721"
[10] "0.378806560234177" "0.378806560234177" "0.378806560234177"
[13] "0.378806560234177" "0.378806560234177" "0.378806560234177"
[16] "0.378806560234177" "0.378806560234177" "0.378806560234177"
[19] "0.378806560234177" "0.378806560234177" "0.378806560234177"
[22] "0.378806560234177" "0.378806560234177" "0.378806560234177"
[25] "0.378806560234177" "0.378806560234177" "0.378806560234177"
[28] "0.378806560234177" "0.378806560234177" "0.378806560234177"
[31] "0.378806560234177" "0.378806560234177" "0.378806560234177"
[34] "0.378806560234177" "0.378806560234177" "0.378806560234177"
[37] "0.378806560234177" "0.378806560234177" "0.378806560234177"
[40] "0.378806560234177" "0.378806560234177" "beta :"           
[43] "1"                
[1] " old Likelihood:  -10335125.5460434"
[1] "New Likelihood:  -10335123.5329341"
iter:  0  f-value:  35109.12  pgrad:  0.7576131 
iter:  10  f-value:  35109.12  pgrad:  0.7571977 
iter:  20  f-value:  35109.12  pgrad:  0.5076097 
iter:  30  f-value:  35109.12  pgrad:  0.2184242 
  Unsuccessful convergence.
Time difference of 10.35316 mins
[1] "maxIt: 20"
[1] "It: 17"
 [1] "sigma:"            "0.977812500965777" "0.977812500965777"
 [4] "0.977812500965777" "0.977812500965777" "0.977812500965777"
 [7] "0.977812500965777" "0.977812500965777" "0.977812500965777"
[10] "0.377663325679558" "0.377663325679558" "0.377663325679558"
[13] "0.377663325679558" "0.377663325679558" "0.377663325679558"
[16] "0.377663325679558" "0.377663325679558" "0.377663325679558"
[19] "0.377663325679558" "0.377663325679558" "0.377663325679558"
[22] "0.377663325679558" "0.377663325679558" "0.377663325679558"
[25] "0.377663325679558" "0.377663325679558" "0.377663325679558"
[28] "0.377663325679558" "0.377663325679558" "0.377663325679558"
[31] "0.377663325679558" "0.377663325679558" "0.377663325679558"
[34] "0.377663325679558" "0.377663325679558" "0.377663325679558"
[37] "0.377663325679558" "0.377663325679558" "0.377663325679558"
[40] "0.377663325679558" "0.377663325679558" "beta :"           
[43] "1"                
[1] 10335137
[1] 10335122
[1] 10335147
 [1] "sigma:"            "0.977812500965777" "0.977812500965777"
 [4] "0.977812500965777" "0.977812500965777" "0.977812500965777"
 [7] "0.977812500965777" "0.977812500965777" "0.977812500965777"
[10] "0.377663325679558" "0.377663325679558" "0.377663325679558"
[13] "0.377663325679558" "0.377663325679558" "0.377663325679558"
[16] "0.377663325679558" "0.377663325679558" "0.377663325679558"
[19] "0.377663325679558" "0.377663325679558" "0.377663325679558"
[22] "0.377663325679558" "0.377663325679558" "0.377663325679558"
[25] "0.377663325679558" "0.377663325679558" "0.377663325679558"
[28] "0.377663325679558" "0.377663325679558" "0.377663325679558"
[31] "0.377663325679558" "0.377663325679558" "0.377663325679558"
[34] "0.377663325679558" "0.377663325679558" "0.377663325679558"
[37] "0.377663325679558" "0.377663325679558" "0.377663325679558"
[40] "0.377663325679558" "0.377663325679558" "beta :"           
[43] "1"                
[1] " old Likelihood:  -10335123.5329341"
[1] "New Likelihood:  -10335121.7015549"
iter:  0  f-value:  35139.48  pgrad:  0.7553267 
iter:  10  f-value:  35139.48  pgrad:  0.7549344 
iter:  20  f-value:  35139.48  pgrad:  0.3426248 
iter:  30  f-value:  35139.48  pgrad:  0.1876469 
  Unsuccessful convergence.
Time difference of 10.33381 mins
[1] "maxIt: 20"
[1] "It: 18"
 [1] "sigma:"            "0.978750084425286" "0.978750084425286"
 [4] "0.978750084425286" "0.978750084425286" "0.978750084425286"
 [7] "0.978750084425286" "0.978750084425286" "0.978750084425286"
[10] "0.376501247827326" "0.376501247827326" "0.376501247827326"
[13] "0.376501247827326" "0.376501247827326" "0.376501247827326"
[16] "0.376501247827326" "0.376501247827326" "0.376501247827326"
[19] "0.376501247827326" "0.376501247827326" "0.376501247827326"
[22] "0.376501247827326" "0.376501247827326" "0.376501247827326"
[25] "0.376501247827326" "0.376501247827326" "0.376501247827326"
[28] "0.376501247827326" "0.376501247827326" "0.376501247827326"
[31] "0.376501247827326" "0.376501247827326" "0.376501247827326"
[34] "0.376501247827326" "0.376501247827326" "0.376501247827326"
[37] "0.376501247827326" "0.376501247827326" "0.376501247827326"
[40] "0.376501247827326" "0.376501247827326" "beta :"           
[43] "1"                
[1] 10335135
[1] 10335120
[1] 10335146
 [1] "sigma:"            "0.978750084425286" "0.978750084425286"
 [4] "0.978750084425286" "0.978750084425286" "0.978750084425286"
 [7] "0.978750084425286" "0.978750084425286" "0.978750084425286"
[10] "0.376501247827326" "0.376501247827326" "0.376501247827326"
[13] "0.376501247827326" "0.376501247827326" "0.376501247827326"
[16] "0.376501247827326" "0.376501247827326" "0.376501247827326"
[19] "0.376501247827326" "0.376501247827326" "0.376501247827326"
[22] "0.376501247827326" "0.376501247827326" "0.376501247827326"
[25] "0.376501247827326" "0.376501247827326" "0.376501247827326"
[28] "0.376501247827326" "0.376501247827326" "0.376501247827326"
[31] "0.376501247827326" "0.376501247827326" "0.376501247827326"
[34] "0.376501247827326" "0.376501247827326" "0.376501247827326"
[37] "0.376501247827326" "0.376501247827326" "0.376501247827326"
[40] "0.376501247827326" "0.376501247827326" "beta :"           
[43] "1"                
[1] " old Likelihood:  -10335121.7015549"
[1] "New Likelihood:  -10335119.9788274"
iter:  0  f-value:  35170.56  pgrad:  0.7530025 
iter:  10  f-value:  35170.55  pgrad:  0.7526091 
iter:  20  f-value:  35170.55  pgrad:  0.3464083 
iter:  30  f-value:  35170.55  pgrad:  0.1775334 
  Unsuccessful convergence.
Time difference of 10.30576 mins
[1] "maxIt: 20"
[1] "It: 19"
 [1] "sigma:"            "0.979681710143996" "0.979681710143996"
 [4] "0.979681710143996" "0.979681710143996" "0.979681710143996"
 [7] "0.979681710143996" "0.979681710143996" "0.979681710143996"
[10] "0.375394854482976" "0.375394854482976" "0.375394854482976"
[13] "0.375394854482976" "0.375394854482976" "0.375394854482976"
[16] "0.375394854482976" "0.375394854482976" "0.375394854482976"
[19] "0.375394854482976" "0.375394854482976" "0.375394854482976"
[22] "0.375394854482976" "0.375394854482976" "0.375394854482976"
[25] "0.375394854482976" "0.375394854482976" "0.375394854482976"
[28] "0.375394854482976" "0.375394854482976" "0.375394854482976"
[31] "0.375394854482976" "0.375394854482976" "0.375394854482976"
[34] "0.375394854482976" "0.375394854482976" "0.375394854482976"
[37] "0.375394854482976" "0.375394854482976" "0.375394854482976"
[40] "0.375394854482976" "0.375394854482976" "beta :"           
[43] "1"                
[1] 10335134
[1] 10335118
[1] 10335144
 [1] "sigma:"            "0.979681710143996" "0.979681710143996"
 [4] "0.979681710143996" "0.979681710143996" "0.979681710143996"
 [7] "0.979681710143996" "0.979681710143996" "0.979681710143996"
[10] "0.375394854482976" "0.375394854482976" "0.375394854482976"
[13] "0.375394854482976" "0.375394854482976" "0.375394854482976"
[16] "0.375394854482976" "0.375394854482976" "0.375394854482976"
[19] "0.375394854482976" "0.375394854482976" "0.375394854482976"
[22] "0.375394854482976" "0.375394854482976" "0.375394854482976"
[25] "0.375394854482976" "0.375394854482976" "0.375394854482976"
[28] "0.375394854482976" "0.375394854482976" "0.375394854482976"
[31] "0.375394854482976" "0.375394854482976" "0.375394854482976"
[34] "0.375394854482976" "0.375394854482976" "0.375394854482976"
[37] "0.375394854482976" "0.375394854482976" "0.375394854482976"
[40] "0.375394854482976" "0.375394854482976" "beta :"           
[43] "1"                
[1] " old Likelihood:  -10335119.9788274"
[1] "New Likelihood:  -10335118.4272144"
iter:  0  f-value:  35200.56  pgrad:  0.7507897 
iter:  10  f-value:  35200.55  pgrad:  0.7504119 
iter:  20  f-value:  35200.55  pgrad:  0.3525929 
iter:  30  f-value:  35200.55  pgrad:  0.171276 
  Unsuccessful convergence.
Time difference of 10.34078 mins
[1] "maxIt: 20"
[1] "It: 20"
 [1] "sigma:"            "0.980425795730652" "0.980425795730652"
 [4] "0.980425795730652" "0.980425795730652" "0.980425795730652"
 [7] "0.980425795730652" "0.980425795730652" "0.980425795730652"
[10] "0.374411559802126" "0.374411559802126" "0.374411559802126"
[13] "0.374411559802126" "0.374411559802126" "0.374411559802126"
[16] "0.374411559802126" "0.374411559802126" "0.374411559802126"
[19] "0.374411559802126" "0.374411559802126" "0.374411559802126"
[22] "0.374411559802126" "0.374411559802126" "0.374411559802126"
[25] "0.374411559802126" "0.374411559802126" "0.374411559802126"
[28] "0.374411559802126" "0.374411559802126" "0.374411559802126"
[31] "0.374411559802126" "0.374411559802126" "0.374411559802126"
[34] "0.374411559802126" "0.374411559802126" "0.374411559802126"
[37] "0.374411559802126" "0.374411559802126" "0.374411559802126"
[40] "0.374411559802126" "0.374411559802126" "beta :"           
[43] "1"                
[1] 10335133
[1] 10335117
[1] 10335143
 [1] "sigma:"            "0.980425795730652" "0.980425795730652"
 [4] "0.980425795730652" "0.980425795730652" "0.980425795730652"
 [7] "0.980425795730652" "0.980425795730652" "0.980425795730652"
[10] "0.374411559802126" "0.374411559802126" "0.374411559802126"
[13] "0.374411559802126" "0.374411559802126" "0.374411559802126"
[16] "0.374411559802126" "0.374411559802126" "0.374411559802126"
[19] "0.374411559802126" "0.374411559802126" "0.374411559802126"
[22] "0.374411559802126" "0.374411559802126" "0.374411559802126"
[25] "0.374411559802126" "0.374411559802126" "0.374411559802126"
[28] "0.374411559802126" "0.374411559802126" "0.374411559802126"
[31] "0.374411559802126" "0.374411559802126" "0.374411559802126"
[34] "0.374411559802126" "0.374411559802126" "0.374411559802126"
[37] "0.374411559802126" "0.374411559802126" "0.374411559802126"
[40] "0.374411559802126" "0.374411559802126" "beta :"           
[43] "1"                
[1] " old Likelihood:  -10335118.4272144"
[1] "New Likelihood:  -10335117.1176291"
iter:  0  f-value:  35227.63  pgrad:  0.7488231 
iter:  10  f-value:  35227.63  pgrad:  0.7485685 
iter:  20  f-value:  35227.63  pgrad:  0.6714254 
iter:  30  f-value:  35227.63  pgrad:  0.4314643 
  Unsuccessful convergence.
Time difference of 10.31979 mins
 [1] "sigma:"            "0.98092564840311"  "0.98092564840311" 
 [4] "0.98092564840311"  "0.98092564840311"  "0.98092564840311" 
 [7] "0.98092564840311"  "0.98092564840311"  "0.98092564840311" 
[10] "0.373641002885953" "0.373641002885953" "0.373641002885953"
[13] "0.373641002885953" "0.373641002885953" "0.373641002885953"
[16] "0.373641002885953" "0.373641002885953" "0.373641002885953"
[19] "0.373641002885953" "0.373641002885953" "0.373641002885953"
[22] "0.373641002885953" "0.373641002885953" "0.373641002885953"
[25] "0.373641002885953" "0.373641002885953" "0.373641002885953"
[28] "0.373641002885953" "0.373641002885953" "0.373641002885953"
[31] "0.373641002885953" "0.373641002885953" "0.373641002885953"
[34] "0.373641002885953" "0.373641002885953" "0.373641002885953"
[37] "0.373641002885953" "0.373641002885953" "0.373641002885953"
[40] "0.373641002885953" "0.373641002885953" "beta :"           
[43] "1"                
[1] 1999790 1999726 1999406 1999858 1999874
[1] 1 1 1 1 1
saved RDS
inference successful
