[1] "Original length"
[1] 999997
[1] "Final length"
[1] 20822
[1] "sequence length : 999998" "sequence length : 999768"
[3] "sequence length : 999173" "sequence length : 999960"
[5] "sequence length : 999910"
[1] 1 1 1 1 1
[1] "Beta: 1"
[1] "Self: 0.5"
 [1] 0 0 0 0 0 0 0 0 0 0 0 0 0 0 0 0 0 0 0 0
[1] "maxIt: 20"
[1] "It: 1"
 [1] "sigma:" "0.5"    "0.5"    "0.5"    "0.5"    "0.5"    "0.5"    "0.5"   
 [9] "0.5"    "0.5"    "0.5"    "0.5"    "0.5"    "0.5"    "0.5"    "0.5"   
[17] "0.5"    "0.5"    "0.5"    "0"      "0"      "0"      "0"      "0"     
[25] "0"      "0"      "0"      "0"      "0"      "0"      "0"      "0"     
[33] "0"      "0"      "0"      "0"      "0"      "0"      "0"      "0"     
[41] "0"      "beta :" "1"     
[1] 10672018
[1] 10672018
[1] 10672018
[1] 10672018
[1] 10672019
[1] 10672022
[1] 10672026
[1] 10672032
[1] 10672042
[1] 10672057
[1] 10672078
[1] 10672105
[1] 10672135
[1] 10672163
[1] 10672184
[1] 10672191
[1] 10672185
[1] 10672173
[1] 10672158
[1] 10672147
[1] 10672141
 [1] "sigma:" "0.5"    "0.5"    "0.475"  "0.475"  "0.475"  "0.475"  "0.475" 
 [9] "0.475"  "0.475"  "0.475"  "0.475"  "0.475"  "0.475"  "0.475"  "0.475" 
[17] "0.475"  "0.475"  "0.475"  "0.475"  "0.475"  "0.475"  "0.475"  "0.475" 
[25] "0.475"  "0.475"  "0.475"  "0.475"  "0.475"  "0.475"  "0.475"  "0.475" 
[33] "0.475"  "0.475"  "0.475"  "0.475"  "0.475"  "0.475"  "0.475"  "0.475" 
[41] "0.475"  "beta :" "1"     
[1] "New Likelihood:  -10672017.5278392"
iter:  0  f-value:  33923.11  pgrad:  0.95 
iter:  10  f-value:  33922.66  pgrad:  0.9433738 
iter:  20  f-value:  33922.54  pgrad:  0.9330721 
iter:  30  f-value:  33922.53  pgrad:  0.4983923 
  Unsuccessful convergence.
Time difference of 34.33484 mins
[1] "maxIt: 20"
[1] "It: 2"
 [1] "sigma:"            "0.500064928833668" "0.500064928833668"
 [4] "0.464992597848153" "0.464992597848153" "0.464992597848153"
 [7] "0.464992597848153" "0.464992597848153" "0.464992597848153"
[10] "0.464992597848153" "0.464992597848153" "0.464992597848153"
[13] "0.464992597848153" "0.464992597848153" "0.464992597848153"
[16] "0.464992597848153" "0.464992597848153" "0.464992597848153"
[19] "0.464992597848153" "0.464992597848153" "0.464992597848153"
[22] "0.464992597848153" "0.464992597848153" "0.464992597848153"
[25] "0.464992597848153" "0.464992597848153" "0.464992597848153"
[28] "0.464992597848153" "0.464992597848153" "0.464992597848153"
[31] "0.464992597848153" "0.464992597848153" "0.464992597848153"
[34] "0.464992597848153" "0.464992597848153" "0.464992597848153"
[37] "0.464992597848153" "0.464992597848153" "0.464992597848153"
[40] "0.464992597848153" "0.464992597848153" "beta :"           
[43] "1"                
[1] 10671775
[1] 10671772
[1] 10671773
 [1] "sigma:"            "0.794064928833668" "0.794064928833668"
 [4] "0.439992597848153" "0.439992597848153" "0.439992597848153"
 [7] "0.439992597848153" "0.439992597848153" "0.439992597848153"
[10] "0.439992597848153" "0.439992597848153" "0.439992597848153"
[13] "0.439992597848153" "0.439992597848153" "0.439992597848153"
[16] "0.439992597848153" "0.439992597848153" "0.439992597848153"
[19] "0.439992597848153" "0.439992597848153" "0.439992597848153"
[22] "0.439992597848153" "0.439992597848153" "0.439992597848153"
[25] "0.439992597848153" "0.439992597848153" "0.439992597848153"
[28] "0.439992597848153" "0.439992597848153" "0.439992597848153"
[31] "0.439992597848153" "0.439992597848153" "0.439992597848153"
[34] "0.439992597848153" "0.439992597848153" "0.439992597848153"
[37] "0.439992597848153" "0.439992597848153" "0.439992597848153"
[40] "0.439992597848153" "0.439992597848153" "beta :"           
[43] "1"                
[1] " old Likelihood:  -10672017.5278392"
[1] "New Likelihood:  -10671771.7296183"
iter:  0  f-value:  35110  pgrad:  0.8799852 
iter:  10  f-value:  35109.64  pgrad:  0.8738959 
iter:  20  f-value:  35109.56  pgrad:  0.8659493 
iter:  30  f-value:  35109.56  pgrad:  0.8638146 
  Unsuccessful convergence.
Time difference of 20.16462 mins
[1] "maxIt: 20"
[1] "It: 3"
 [1] "sigma:"            "0.794154212524143" "0.794154212524143"
 [4] "0.43183661540745"  "0.43183661540745"  "0.43183661540745" 
 [7] "0.43183661540745"  "0.43183661540745"  "0.43183661540745" 
[10] "0.43183661540745"  "0.43183661540745"  "0.43183661540745" 
[13] "0.43183661540745"  "0.43183661540745"  "0.43183661540745" 
[16] "0.43183661540745"  "0.43183661540745"  "0.43183661540745" 
[19] "0.43183661540745"  "0.43183661540745"  "0.43183661540745" 
[22] "0.43183661540745"  "0.43183661540745"  "0.43183661540745" 
[25] "0.43183661540745"  "0.43183661540745"  "0.43183661540745" 
[28] "0.43183661540745"  "0.43183661540745"  "0.43183661540745" 
[31] "0.43183661540745"  "0.43183661540745"  "0.43183661540745" 
[34] "0.43183661540745"  "0.43183661540745"  "0.43183661540745" 
[37] "0.43183661540745"  "0.43183661540745"  "0.43183661540745" 
[40] "0.43183661540745"  "0.43183661540745"  "beta :"           
[43] "1"                
[1] 10671632
[1] 10671622
[1] 10671624
 [1] "sigma:"            "0.916654212524143" "0.916654212524143"
 [4] "0.40683661540745"  "0.40683661540745"  "0.40683661540745" 
 [7] "0.40683661540745"  "0.40683661540745"  "0.40683661540745" 
[10] "0.40683661540745"  "0.40683661540745"  "0.40683661540745" 
[13] "0.40683661540745"  "0.40683661540745"  "0.40683661540745" 
[16] "0.40683661540745"  "0.40683661540745"  "0.40683661540745" 
[19] "0.40683661540745"  "0.40683661540745"  "0.40683661540745" 
[22] "0.40683661540745"  "0.40683661540745"  "0.40683661540745" 
[25] "0.40683661540745"  "0.40683661540745"  "0.40683661540745" 
[28] "0.40683661540745"  "0.40683661540745"  "0.40683661540745" 
[31] "0.40683661540745"  "0.40683661540745"  "0.40683661540745" 
[34] "0.40683661540745"  "0.40683661540745"  "0.40683661540745" 
[37] "0.40683661540745"  "0.40683661540745"  "0.40683661540745" 
[40] "0.40683661540745"  "0.40683661540745"  "beta :"           
[43] "1"                
[1] " old Likelihood:  -10671771.7296183"
[1] "New Likelihood:  -10671622.4320222"
iter:  0  f-value:  36177.38  pgrad:  0.50527 
iter:  10  f-value:  36177.07  pgrad:  0.8099342 
iter:  20  f-value:  36177.01  pgrad:  0.8026687 
iter:  30  f-value:  36177  pgrad:  0.8011824 
  Unsuccessful convergence.
Time difference of 15.49973 mins
[1] "maxIt: 20"
[1] "It: 4"
 [1] "sigma:"            "0.916751683938794" "0.916751683938794"
 [4] "0.400533107862123" "0.400533107862123" "0.400533107862123"
 [7] "0.400533107862123" "0.400533107862123" "0.400533107862123"
[10] "0.400533107862123" "0.400533107862123" "0.400533107862123"
[13] "0.400533107862123" "0.400533107862123" "0.400533107862123"
[16] "0.400533107862123" "0.400533107862123" "0.400533107862123"
[19] "0.400533107862123" "0.400533107862123" "0.400533107862123"
[22] "0.400533107862123" "0.400533107862123" "0.400533107862123"
[25] "0.400533107862123" "0.400533107862123" "0.400533107862123"
[28] "0.400533107862123" "0.400533107862123" "0.400533107862123"
[31] "0.400533107862123" "0.400533107862123" "0.400533107862123"
[34] "0.400533107862123" "0.400533107862123" "0.400533107862123"
[37] "0.400533107862123" "0.400533107862123" "0.400533107862123"
[40] "0.400533107862123" "0.400533107862123" "beta :"           
[43] "1"                
[1] 10671521
[1] 10671508
[1] 10671510
 [1] "sigma:"            "0.965751683938794" "0.965751683938794"
 [4] "0.400533107862123" "0.400533107862123" "0.400533107862123"
 [7] "0.400533107862123" "0.400533107862123" "0.400533107862123"
[10] "0.400533107862123" "0.400533107862123" "0.400533107862123"
[13] "0.400533107862123" "0.400533107862123" "0.400533107862123"
[16] "0.400533107862123" "0.400533107862123" "0.400533107862123"
[19] "0.400533107862123" "0.400533107862123" "0.400533107862123"
[22] "0.400533107862123" "0.400533107862123" "0.400533107862123"
[25] "0.400533107862123" "0.400533107862123" "0.400533107862123"
[28] "0.400533107862123" "0.400533107862123" "0.400533107862123"
[31] "0.400533107862123" "0.400533107862123" "0.400533107862123"
[34] "0.400533107862123" "0.400533107862123" "0.400533107862123"
[37] "0.400533107862123" "0.400533107862123" "0.400533107862123"
[40] "0.400533107862123" "0.400533107862123" "beta :"           
[43] "1"                
[1] " old Likelihood:  -10671622.4320222"
[1] "New Likelihood:  -10671508.4391721"
iter:  0  f-value:  36221.24  pgrad:  0.8010662 
iter:  10  f-value:  36221.12  pgrad:  0.79796 
iter:  20  f-value:  36221.09  pgrad:  0.7922538 
iter:  30  f-value:  36221.08  pgrad:  0.7910174 
  Unsuccessful convergence.
Time difference of 12.15456 mins
[1] "maxIt: 20"
[1] "It: 5"
 [1] "sigma:"            "0.965798426252774" "0.965798426252774"
 [4] "0.394639965769237" "0.394639965769237" "0.394639965769237"
 [7] "0.394639965769237" "0.394639965769237" "0.394639965769237"
[10] "0.394639965769237" "0.394639965769237" "0.394639965769237"
[13] "0.394639965769237" "0.394639965769237" "0.394639965769237"
[16] "0.394639965769237" "0.394639965769237" "0.394639965769237"
[19] "0.394639965769237" "0.394639965769237" "0.394639965769237"
[22] "0.394639965769237" "0.394639965769237" "0.394639965769237"
[25] "0.394639965769237" "0.394639965769237" "0.394639965769237"
[28] "0.394639965769237" "0.394639965769237" "0.394639965769237"
[31] "0.394639965769237" "0.394639965769237" "0.394639965769237"
[34] "0.394639965769237" "0.394639965769237" "0.394639965769237"
[37] "0.394639965769237" "0.394639965769237" "0.394639965769237"
[40] "0.394639965769237" "0.394639965769237" "beta :"           
[43] "1"                
[1] 10671468
[1] 10671450
[1] 10671449
 [1] "sigma:"            "0.965798426252774" "0.965798426252774"
 [4] "0.965798426252774" "0.965798426252774" "0.369639965769237"
 [7] "0.369639965769237" "0.369639965769237" "0.369639965769237"
[10] "0.369639965769237" "0.369639965769237" "0.369639965769237"
[13] "0.369639965769237" "0.369639965769237" "0.369639965769237"
[16] "0.369639965769237" "0.369639965769237" "0.369639965769237"
[19] "0.369639965769237" "0.369639965769237" "0.369639965769237"
[22] "0.369639965769237" "0.369639965769237" "0.369639965769237"
[25] "0.369639965769237" "0.369639965769237" "0.369639965769237"
[28] "0.369639965769237" "0.369639965769237" "0.369639965769237"
[31] "0.369639965769237" "0.369639965769237" "0.369639965769237"
[34] "0.369639965769237" "0.369639965769237" "0.369639965769237"
[37] "0.369639965769237" "0.369639965769237" "0.369639965769237"
[40] "0.369639965769237" "0.369639965769237" "beta :"           
[43] "1"                
[1] " old Likelihood:  -10671508.4391721"
[1] "New Likelihood:  -10671449.081265"
iter:  0  f-value:  37205.5  pgrad:  0.5066599 
iter:  10  f-value:  37205.31  pgrad:  0.7365037 
iter:  20  f-value:  37205.28  pgrad:  0.7325619 
iter:  30  f-value:  37205.27  pgrad:  0.7302973 
  Unsuccessful convergence.
Time difference of 11.50541 mins
[1] "maxIt: 20"
[1] "It: 6"
 [1] "sigma:"            "0.965610324376971" "0.965610324376971"
 [4] "0.965610324376971" "0.965610324376971" "0.363495629004106"
 [7] "0.363495629004106" "0.363495629004106" "0.363495629004106"
[10] "0.363495629004106" "0.363495629004106" "0.363495629004106"
[13] "0.363495629004106" "0.363495629004106" "0.363495629004106"
[16] "0.363495629004106" "0.363495629004106" "0.363495629004106"
[19] "0.363495629004106" "0.363495629004106" "0.363495629004106"
[22] "0.363495629004106" "0.363495629004106" "0.363495629004106"
[25] "0.363495629004106" "0.363495629004106" "0.363495629004106"
[28] "0.363495629004106" "0.363495629004106" "0.363495629004106"
[31] "0.363495629004106" "0.363495629004106" "0.363495629004106"
[34] "0.363495629004106" "0.363495629004106" "0.363495629004106"
[37] "0.363495629004106" "0.363495629004106" "0.363495629004106"
[40] "0.363495629004106" "0.363495629004106" "beta :"           
[43] "1"                
[1] 10671380
[1] 10671377
[1] 10671380
 [1] "sigma:"            "0.941110324376971" "0.941110324376971"
 [4] "0.941110324376971" "0.941110324376971" "0.363495629004106"
 [7] "0.363495629004106" "0.363495629004106" "0.363495629004106"
[10] "0.363495629004106" "0.363495629004106" "0.363495629004106"
[13] "0.363495629004106" "0.363495629004106" "0.363495629004106"
[16] "0.363495629004106" "0.363495629004106" "0.363495629004106"
[19] "0.363495629004106" "0.363495629004106" "0.363495629004106"
[22] "0.363495629004106" "0.363495629004106" "0.363495629004106"
[25] "0.363495629004106" "0.363495629004106" "0.363495629004106"
[28] "0.363495629004106" "0.363495629004106" "0.363495629004106"
[31] "0.363495629004106" "0.363495629004106" "0.363495629004106"
[34] "0.363495629004106" "0.363495629004106" "0.363495629004106"
[37] "0.363495629004106" "0.363495629004106" "0.363495629004106"
[40] "0.363495629004106" "0.363495629004106" "beta :"           
[43] "1"                
[1] " old Likelihood:  -10671449.081265"
[1] "New Likelihood:  -10671376.5587207"
iter:  0  f-value:  37274.55  pgrad:  0.7269913 
iter:  10  f-value:  37274.49  pgrad:  0.7252954 
iter:  20  f-value:  37274.47  pgrad:  0.72087 
iter:  30  f-value:  37274.46  pgrad:  0.4985488 
  Unsuccessful convergence.
Time difference of 11.4938 mins
[1] "maxIt: 20"
[1] "It: 7"
 [1] "sigma:"            "0.941230019501845" "0.941230019501845"
 [4] "0.941230019501845" "0.941230019501845" "0.358558382555365"
 [7] "0.358558382555365" "0.358558382555365" "0.358558382555365"
[10] "0.358558382555365" "0.358558382555365" "0.358558382555365"
[13] "0.358558382555365" "0.358558382555365" "0.358558382555365"
[16] "0.358558382555365" "0.358558382555365" "0.358558382555365"
[19] "0.358558382555365" "0.358558382555365" "0.358558382555365"
[22] "0.358558382555365" "0.358558382555365" "0.358558382555365"
[25] "0.358558382555365" "0.358558382555365" "0.358558382555365"
[28] "0.358558382555365" "0.358558382555365" "0.358558382555365"
[31] "0.358558382555365" "0.358558382555365" "0.358558382555365"
[34] "0.358558382555365" "0.358558382555365" "0.358558382555365"
[37] "0.358558382555365" "0.358558382555365" "0.358558382555365"
[40] "0.358558382555365" "0.358558382555365" "beta :"           
[43] "1"                
[1] 10671350
[1] 10671345
[1] 10671348
 [1] "sigma:"            "0.941230019501845" "0.941230019501845"
 [4] "0.941230019501845" "0.941230019501845" "0.358558382555365"
 [7] "0.358558382555365" "0.358558382555365" "0.358558382555365"
[10] "0.358558382555365" "0.358558382555365" "0.358558382555365"
[13] "0.358558382555365" "0.358558382555365" "0.358558382555365"
[16] "0.358558382555365" "0.358558382555365" "0.358558382555365"
[19] "0.358558382555365" "0.358558382555365" "0.358558382555365"
[22] "0.358558382555365" "0.358558382555365" "0.358558382555365"
[25] "0.358558382555365" "0.358558382555365" "0.358558382555365"
[28] "0.358558382555365" "0.358558382555365" "0.358558382555365"
[31] "0.358558382555365" "0.358558382555365" "0.358558382555365"
[34] "0.358558382555365" "0.358558382555365" "0.358558382555365"
[37] "0.358558382555365" "0.358558382555365" "0.358558382555365"
[40] "0.358558382555365" "0.358558382555365" "beta :"           
[43] "1"                
[1] " old Likelihood:  -10671376.5587207"
[1] "New Likelihood:  -10671345.4891098"
iter:  0  f-value:  37361.21  pgrad:  0.7171168 
iter:  10  f-value:  37361.17  pgrad:  0.7160502 
iter:  20  f-value:  37361.16  pgrad:  0.712582 
iter:  30  f-value:  37361.15  pgrad:  0.7110223 
  Unsuccessful convergence.
Time difference of 11.50403 mins
[1] "maxIt: 20"
[1] "It: 8"
 [1] "sigma:"            "0.941287681019577" "0.941287681019577"
 [4] "0.941287681019577" "0.941287681019577" "0.355414784809705"
 [7] "0.355414784809705" "0.355414784809705" "0.355414784809705"
[10] "0.355414784809705" "0.355414784809705" "0.355414784809705"
[13] "0.355414784809705" "0.355414784809705" "0.355414784809705"
[16] "0.355414784809705" "0.355414784809705" "0.355414784809705"
[19] "0.355414784809705" "0.355414784809705" "0.355414784809705"
[22] "0.355414784809705" "0.355414784809705" "0.355414784809705"
[25] "0.355414784809705" "0.355414784809705" "0.355414784809705"
[28] "0.355414784809705" "0.355414784809705" "0.355414784809705"
[31] "0.355414784809705" "0.355414784809705" "0.355414784809705"
[34] "0.355414784809705" "0.355414784809705" "0.355414784809705"
[37] "0.355414784809705" "0.355414784809705" "0.355414784809705"
[40] "0.355414784809705" "0.355414784809705" "beta :"           
[43] "1"                
[1] 10671333
[1] 10671328
[1] 10671332
 [1] "sigma:"            "0.965787681019577" "0.965787681019577"
 [4] "0.965787681019577" "0.965787681019577" "0.355414784809705"
 [7] "0.355414784809705" "0.355414784809705" "0.355414784809705"
[10] "0.355414784809705" "0.355414784809705" "0.355414784809705"
[13] "0.355414784809705" "0.355414784809705" "0.355414784809705"
[16] "0.355414784809705" "0.355414784809705" "0.355414784809705"
[19] "0.355414784809705" "0.355414784809705" "0.355414784809705"
[22] "0.355414784809705" "0.355414784809705" "0.355414784809705"
[25] "0.355414784809705" "0.355414784809705" "0.355414784809705"
[28] "0.355414784809705" "0.355414784809705" "0.355414784809705"
[31] "0.355414784809705" "0.355414784809705" "0.355414784809705"
[34] "0.355414784809705" "0.355414784809705" "0.355414784809705"
[37] "0.355414784809705" "0.355414784809705" "0.355414784809705"
[40] "0.355414784809705" "0.355414784809705" "beta :"           
[43] "1"                
[1] " old Likelihood:  -10671345.4891098"
[1] "New Likelihood:  -10671328.2659901"
iter:  0  f-value:  37415.84  pgrad:  0.7108296 
iter:  10  f-value:  37415.82  pgrad:  0.7097415 
iter:  20  f-value:  37415.8  pgrad:  0.7061822 
iter:  30  f-value:  37415.8  pgrad:  0.7046965 
  Unsuccessful convergence.
Time difference of 11.49257 mins
[1] "maxIt: 20"
[1] "It: 9"
 [1] "sigma:"            "0.965762316277675" "0.965762316277675"
 [4] "0.965762316277675" "0.965762316277675" "0.35191408505847" 
 [7] "0.35191408505847"  "0.35191408505847"  "0.35191408505847" 
[10] "0.35191408505847"  "0.35191408505847"  "0.35191408505847" 
[13] "0.35191408505847"  "0.35191408505847"  "0.35191408505847" 
[16] "0.35191408505847"  "0.35191408505847"  "0.35191408505847" 
[19] "0.35191408505847"  "0.35191408505847"  "0.35191408505847" 
[22] "0.35191408505847"  "0.35191408505847"  "0.35191408505847" 
[25] "0.35191408505847"  "0.35191408505847"  "0.35191408505847" 
[28] "0.35191408505847"  "0.35191408505847"  "0.35191408505847" 
[31] "0.35191408505847"  "0.35191408505847"  "0.35191408505847" 
[34] "0.35191408505847"  "0.35191408505847"  "0.35191408505847" 
[37] "0.35191408505847"  "0.35191408505847"  "0.35191408505847" 
[40] "0.35191408505847"  "0.35191408505847"  "beta :"           
[43] "1"                
[1] 10671319
[1] 10671313
[1] 10671315
 [1] "sigma:"            "0.965762316277675" "0.965762316277675"
 [4] "0.965762316277675" "0.965762316277675" "0.32691408505847" 
 [7] "0.32691408505847"  "0.32691408505847"  "0.32691408505847" 
[10] "0.32691408505847"  "0.32691408505847"  "0.32691408505847" 
[13] "0.32691408505847"  "0.32691408505847"  "0.32691408505847" 
[16] "0.32691408505847"  "0.32691408505847"  "0.32691408505847" 
[19] "0.32691408505847"  "0.32691408505847"  "0.32691408505847" 
[22] "0.32691408505847"  "0.32691408505847"  "0.32691408505847" 
[25] "0.32691408505847"  "0.32691408505847"  "0.32691408505847" 
[28] "0.32691408505847"  "0.32691408505847"  "0.32691408505847" 
[31] "0.32691408505847"  "0.32691408505847"  "0.32691408505847" 
[34] "0.32691408505847"  "0.32691408505847"  "0.32691408505847" 
[37] "0.32691408505847"  "0.32691408505847"  "0.32691408505847" 
[40] "0.32691408505847"  "0.32691408505847"  "beta :"           
[43] "1"                
[1] " old Likelihood:  -10671328.2659901"
[1] "New Likelihood:  -10671313.2232308"
iter:  0  f-value:  38377.4  pgrad:  0.5020878 
iter:  10  f-value:  38377.32  pgrad:  0.6532221 
iter:  20  f-value:  38377.3  pgrad:  0.6496079 
iter:  30  f-value:  38377.29  pgrad:  0.6471285 
  Unsuccessful convergence.
Time difference of 11.50209 mins
[1] "maxIt: 20"
[1] "It: 10"
 [1] "sigma:"            "0.965793071144892" "0.965793071144892"
 [4] "0.965793071144892" "0.965793071144892" "0.323503582973213"
 [7] "0.323503582973213" "0.323503582973213" "0.323503582973213"
[10] "0.323503582973213" "0.323503582973213" "0.323503582973213"
[13] "0.323503582973213" "0.323503582973213" "0.323503582973213"
[16] "0.323503582973213" "0.323503582973213" "0.323503582973213"
[19] "0.323503582973213" "0.323503582973213" "0.323503582973213"
[22] "0.323503582973213" "0.323503582973213" "0.323503582973213"
[25] "0.323503582973213" "0.323503582973213" "0.323503582973213"
[28] "0.323503582973213" "0.323503582973213" "0.323503582973213"
[31] "0.323503582973213" "0.323503582973213" "0.323503582973213"
[34] "0.323503582973213" "0.323503582973213" "0.323503582973213"
[37] "0.323503582973213" "0.323503582973213" "0.323503582973213"
[40] "0.323503582973213" "0.323503582973213" "beta :"           
[43] "1"                
[1] 10671288
[1] 10671281
[1] 10671280
 [1] "sigma:"            "0.965793071144892" "0.965793071144892"
 [4] "0.965793071144892" "0.965793071144892" "0.965793071144892"
 [7] "0.965793071144892" "0.323503582973213" "0.323503582973213"
[10] "0.323503582973213" "0.323503582973213" "0.323503582973213"
[13] "0.323503582973213" "0.323503582973213" "0.323503582973213"
[16] "0.323503582973213" "0.323503582973213" "0.323503582973213"
[19] "0.323503582973213" "0.323503582973213" "0.323503582973213"
[22] "0.323503582973213" "0.323503582973213" "0.323503582973213"
[25] "0.323503582973213" "0.323503582973213" "0.323503582973213"
[28] "0.323503582973213" "0.323503582973213" "0.323503582973213"
[31] "0.323503582973213" "0.323503582973213" "0.323503582973213"
[34] "0.323503582973213" "0.323503582973213" "0.323503582973213"
[37] "0.323503582973213" "0.323503582973213" "0.323503582973213"
[40] "0.323503582973213" "0.323503582973213" "beta :"           
[43] "1"                
[1] " old Likelihood:  -10671313.2232308"
[1] "New Likelihood:  -10671280.4369272"
iter:  0  f-value:  38325.24  pgrad:  0.5002199 
iter:  10  f-value:  38325.21  pgrad:  0.6464549 
iter:  20  f-value:  38325.2  pgrad:  0.6430126 
iter:  30  f-value:  38325.2  pgrad:  0.6409133 
  Unsuccessful convergence.
Time difference of 10.83503 mins
[1] "maxIt: 20"
[1] "It: 11"
 [1] "sigma:"            "0.965370970385254" "0.965370970385254"
 [4] "0.965370970385254" "0.965370970385254" "0.965370970385254"
 [7] "0.965370970385254" "0.320439134993446" "0.320439134993446"
[10] "0.320439134993446" "0.320439134993446" "0.320439134993446"
[13] "0.320439134993446" "0.320439134993446" "0.320439134993446"
[16] "0.320439134993446" "0.320439134993446" "0.320439134993446"
[19] "0.320439134993446" "0.320439134993446" "0.320439134993446"
[22] "0.320439134993446" "0.320439134993446" "0.320439134993446"
[25] "0.320439134993446" "0.320439134993446" "0.320439134993446"
[28] "0.320439134993446" "0.320439134993446" "0.320439134993446"
[31] "0.320439134993446" "0.320439134993446" "0.320439134993446"
[34] "0.320439134993446" "0.320439134993446" "0.320439134993446"
[37] "0.320439134993446" "0.320439134993446" "0.320439134993446"
[40] "0.320439134993446" "0.320439134993446" "beta :"           
[43] "1"                
[1] 10671267
[1] 10671264
[1] 10671276
 [1] "sigma:"            "0.940870970385254" "0.940870970385254"
 [4] "0.940870970385254" "0.940870970385254" "0.940870970385254"
 [7] "0.940870970385254" "0.320439134993446" "0.320439134993446"
[10] "0.320439134993446" "0.320439134993446" "0.320439134993446"
[13] "0.320439134993446" "0.320439134993446" "0.320439134993446"
[16] "0.320439134993446" "0.320439134993446" "0.320439134993446"
[19] "0.320439134993446" "0.320439134993446" "0.320439134993446"
[22] "0.320439134993446" "0.320439134993446" "0.320439134993446"
[25] "0.320439134993446" "0.320439134993446" "0.320439134993446"
[28] "0.320439134993446" "0.320439134993446" "0.320439134993446"
[31] "0.320439134993446" "0.320439134993446" "0.320439134993446"
[34] "0.320439134993446" "0.320439134993446" "0.320439134993446"
[37] "0.320439134993446" "0.320439134993446" "0.320439134993446"
[40] "0.320439134993446" "0.320439134993446" "beta :"           
[43] "1"                
[1] " old Likelihood:  -10671280.4369272"
[1] "New Likelihood:  -10671263.8155213"
iter:  0  f-value:  38376.1  pgrad:  0.6408783 
iter:  10  f-value:  38376.08  pgrad:  0.6400629 
iter:  20  f-value:  38376.07  pgrad:  0.6378428 
iter:  30  f-value:  38376.07  pgrad:  0.6373595 
  Unsuccessful convergence.
Time difference of 12.15252 mins
[1] "maxIt: 20"
[1] "It: 12"
 [1] "sigma:"            "0.940913277020385" "0.940913277020385"
 [4] "0.940913277020385" "0.940913277020385" "0.940913277020385"
 [7] "0.940913277020385" "0.3175820080191"   "0.3175820080191"  
[10] "0.3175820080191"   "0.3175820080191"   "0.3175820080191"  
[13] "0.3175820080191"   "0.3175820080191"   "0.3175820080191"  
[16] "0.3175820080191"   "0.3175820080191"   "0.3175820080191"  
[19] "0.3175820080191"   "0.3175820080191"   "0.3175820080191"  
[22] "0.3175820080191"   "0.3175820080191"   "0.3175820080191"  
[25] "0.3175820080191"   "0.3175820080191"   "0.3175820080191"  
[28] "0.3175820080191"   "0.3175820080191"   "0.3175820080191"  
[31] "0.3175820080191"   "0.3175820080191"   "0.3175820080191"  
[34] "0.3175820080191"   "0.3175820080191"   "0.3175820080191"  
[37] "0.3175820080191"   "0.3175820080191"   "0.3175820080191"  
[40] "0.3175820080191"   "0.3175820080191"   "beta :"           
[43] "1"                
[1] 10671258
[1] 10671254
[1] 10671265
 [1] "sigma:"            "0.940913277020385" "0.940913277020385"
 [4] "0.940913277020385" "0.940913277020385" "0.940913277020385"
 [7] "0.940913277020385" "0.3175820080191"   "0.3175820080191"  
[10] "0.3175820080191"   "0.3175820080191"   "0.3175820080191"  
[13] "0.3175820080191"   "0.3175820080191"   "0.3175820080191"  
[16] "0.3175820080191"   "0.3175820080191"   "0.3175820080191"  
[19] "0.3175820080191"   "0.3175820080191"   "0.3175820080191"  
[22] "0.3175820080191"   "0.3175820080191"   "0.3175820080191"  
[25] "0.3175820080191"   "0.3175820080191"   "0.3175820080191"  
[28] "0.3175820080191"   "0.3175820080191"   "0.3175820080191"  
[31] "0.3175820080191"   "0.3175820080191"   "0.3175820080191"  
[34] "0.3175820080191"   "0.3175820080191"   "0.3175820080191"  
[37] "0.3175820080191"   "0.3175820080191"   "0.3175820080191"  
[40] "0.3175820080191"   "0.3175820080191"   "beta :"           
[43] "1"                
[1] " old Likelihood:  -10671263.8155213"
[1] "New Likelihood:  -10671254.1865817"
iter:  0  f-value:  38428.35  pgrad:  0.635164 
iter:  10  f-value:  38428.34  pgrad:  0.6346118 
iter:  20  f-value:  38428.33  pgrad:  0.6317833 
iter:  30  f-value:  38428.33  pgrad:  0.6313613 
  Unsuccessful convergence.
Time difference of 11.48277 mins
[1] "maxIt: 20"
[1] "It: 13"
 [1] "sigma:"            "0.940937897223693" "0.940937897223693"
 [4] "0.940937897223693" "0.940937897223693" "0.940937897223693"
 [7] "0.940937897223693" "0.315509749752935" "0.315509749752935"
[10] "0.315509749752935" "0.315509749752935" "0.315509749752935"
[13] "0.315509749752935" "0.315509749752935" "0.315509749752935"
[16] "0.315509749752935" "0.315509749752935" "0.315509749752935"
[19] "0.315509749752935" "0.315509749752935" "0.315509749752935"
[22] "0.315509749752935" "0.315509749752935" "0.315509749752935"
[25] "0.315509749752935" "0.315509749752935" "0.315509749752935"
[28] "0.315509749752935" "0.315509749752935" "0.315509749752935"
[31] "0.315509749752935" "0.315509749752935" "0.315509749752935"
[34] "0.315509749752935" "0.315509749752935" "0.315509749752935"
[37] "0.315509749752935" "0.315509749752935" "0.315509749752935"
[40] "0.315509749752935" "0.315509749752935" "beta :"           
[43] "1"                
[1] 10671251
[1] 10671247
[1] 10671258
 [1] "sigma:"            "0.940937897223693" "0.940937897223693"
 [4] "0.940937897223693" "0.940937897223693" "0.940937897223693"
 [7] "0.940937897223693" "0.315509749752935" "0.315509749752935"
[10] "0.315509749752935" "0.315509749752935" "0.315509749752935"
[13] "0.315509749752935" "0.315509749752935" "0.315509749752935"
[16] "0.315509749752935" "0.315509749752935" "0.315509749752935"
[19] "0.315509749752935" "0.315509749752935" "0.315509749752935"
[22] "0.315509749752935" "0.315509749752935" "0.315509749752935"
[25] "0.315509749752935" "0.315509749752935" "0.315509749752935"
[28] "0.315509749752935" "0.315509749752935" "0.315509749752935"
[31] "0.315509749752935" "0.315509749752935" "0.315509749752935"
[34] "0.315509749752935" "0.315509749752935" "0.315509749752935"
[37] "0.315509749752935" "0.315509749752935" "0.315509749752935"
[40] "0.315509749752935" "0.315509749752935" "beta :"           
[43] "1"                
[1] " old Likelihood:  -10671254.1865817"
[1] "New Likelihood:  -10671247.4709907"
iter:  0  f-value:  38473.81  pgrad:  0.6310195 
iter:  10  f-value:  38473.8  pgrad:  0.6304826 
iter:  20  f-value:  38473.8  pgrad:  0.627617 
iter:  30  f-value:  38473.79  pgrad:  0.6274544 
  Unsuccessful convergence.
Time difference of 11.49036 mins
[1] "maxIt: 20"
[1] "It: 14"
 [1] "sigma:"            "0.940968078113915" "0.940968078113915"
 [4] "0.940968078113915" "0.940968078113915" "0.940968078113915"
 [7] "0.940968078113915" "0.313567447148001" "0.313567447148001"
[10] "0.313567447148001" "0.313567447148001" "0.313567447148001"
[13] "0.313567447148001" "0.313567447148001" "0.313567447148001"
[16] "0.313567447148001" "0.313567447148001" "0.313567447148001"
[19] "0.313567447148001" "0.313567447148001" "0.313567447148001"
[22] "0.313567447148001" "0.313567447148001" "0.313567447148001"
[25] "0.313567447148001" "0.313567447148001" "0.313567447148001"
[28] "0.313567447148001" "0.313567447148001" "0.313567447148001"
[31] "0.313567447148001" "0.313567447148001" "0.313567447148001"
[34] "0.313567447148001" "0.313567447148001" "0.313567447148001"
[37] "0.313567447148001" "0.313567447148001" "0.313567447148001"
[40] "0.313567447148001" "0.313567447148001" "beta :"           
[43] "1"                
[1] 10671246
[1] 10671242
[1] 10671252
 [1] "sigma:"            "0.940968078113915" "0.940968078113915"
 [4] "0.940968078113915" "0.940968078113915" "0.940968078113915"
 [7] "0.940968078113915" "0.313567447148001" "0.313567447148001"
[10] "0.313567447148001" "0.313567447148001" "0.313567447148001"
[13] "0.313567447148001" "0.313567447148001" "0.313567447148001"
[16] "0.313567447148001" "0.313567447148001" "0.313567447148001"
[19] "0.313567447148001" "0.313567447148001" "0.313567447148001"
[22] "0.313567447148001" "0.313567447148001" "0.313567447148001"
[25] "0.313567447148001" "0.313567447148001" "0.313567447148001"
[28] "0.313567447148001" "0.313567447148001" "0.313567447148001"
[31] "0.313567447148001" "0.313567447148001" "0.313567447148001"
[34] "0.313567447148001" "0.313567447148001" "0.313567447148001"
[37] "0.313567447148001" "0.313567447148001" "0.313567447148001"
[40] "0.313567447148001" "0.313567447148001" "beta :"           
[43] "1"                
[1] " old Likelihood:  -10671247.4709907"
[1] "New Likelihood:  -10671241.8529274"
iter:  0  f-value:  38521.19  pgrad:  0.6271349 
iter:  10  f-value:  38521.18  pgrad:  0.6266548 
iter:  20  f-value:  38521.18  pgrad:  0.6236371 
iter:  30  f-value:  38521.17  pgrad:  0.5478796 
  Unsuccessful convergence.
Time difference of 11.45806 mins
[1] "maxIt: 20"
[1] "It: 15"
 [1] "sigma:"            "0.94100246580511"  "0.94100246580511" 
 [4] "0.94100246580511"  "0.94100246580511"  "0.94100246580511" 
 [7] "0.94100246580511"  "0.311633348724632" "0.311633348724632"
[10] "0.311633348724632" "0.311633348724632" "0.311633348724632"
[13] "0.311633348724632" "0.311633348724632" "0.311633348724632"
[16] "0.311633348724632" "0.311633348724632" "0.311633348724632"
[19] "0.311633348724632" "0.311633348724632" "0.311633348724632"
[22] "0.311633348724632" "0.311633348724632" "0.311633348724632"
[25] "0.311633348724632" "0.311633348724632" "0.311633348724632"
[28] "0.311633348724632" "0.311633348724632" "0.311633348724632"
[31] "0.311633348724632" "0.311633348724632" "0.311633348724632"
[34] "0.311633348724632" "0.311633348724632" "0.311633348724632"
[37] "0.311633348724632" "0.311633348724632" "0.311633348724632"
[40] "0.311633348724632" "0.311633348724632" "beta :"           
[43] "1"                
[1] 10671241
[1] 10671237
[1] 10671247
 [1] "sigma:"            "0.94100246580511"  "0.94100246580511" 
 [4] "0.94100246580511"  "0.94100246580511"  "0.94100246580511" 
 [7] "0.94100246580511"  "0.311633348724632" "0.311633348724632"
[10] "0.311633348724632" "0.311633348724632" "0.311633348724632"
[13] "0.311633348724632" "0.311633348724632" "0.311633348724632"
[16] "0.311633348724632" "0.311633348724632" "0.311633348724632"
[19] "0.311633348724632" "0.311633348724632" "0.311633348724632"
[22] "0.311633348724632" "0.311633348724632" "0.311633348724632"
[25] "0.311633348724632" "0.311633348724632" "0.311633348724632"
[28] "0.311633348724632" "0.311633348724632" "0.311633348724632"
[31] "0.311633348724632" "0.311633348724632" "0.311633348724632"
[34] "0.311633348724632" "0.311633348724632" "0.311633348724632"
[37] "0.311633348724632" "0.311633348724632" "0.311633348724632"
[40] "0.311633348724632" "0.311633348724632" "beta :"           
[43] "1"                
[1] " old Likelihood:  -10671241.8529274"
[1] "New Likelihood:  -10671236.7925465"
iter:  0  f-value:  38568.55  pgrad:  0.6232667 
iter:  10  f-value:  38568.55  pgrad:  0.6228325 
iter:  20  f-value:  38568.54  pgrad:  0.6216904 
iter:  30  f-value:  38568.54  pgrad:  0.6207167 
  Unsuccessful convergence.
Time difference of 11.46679 mins
[1] "maxIt: 20"
[1] "It: 16"
 [1] "sigma:"            "0.941027447947698" "0.941027447947698"
 [4] "0.941027447947698" "0.941027447947698" "0.941027447947698"
 [7] "0.941027447947698" "0.310164022176544" "0.310164022176544"
[10] "0.310164022176544" "0.310164022176544" "0.310164022176544"
[13] "0.310164022176544" "0.310164022176544" "0.310164022176544"
[16] "0.310164022176544" "0.310164022176544" "0.310164022176544"
[19] "0.310164022176544" "0.310164022176544" "0.310164022176544"
[22] "0.310164022176544" "0.310164022176544" "0.310164022176544"
[25] "0.310164022176544" "0.310164022176544" "0.310164022176544"
[28] "0.310164022176544" "0.310164022176544" "0.310164022176544"
[31] "0.310164022176544" "0.310164022176544" "0.310164022176544"
[34] "0.310164022176544" "0.310164022176544" "0.310164022176544"
[37] "0.310164022176544" "0.310164022176544" "0.310164022176544"
[40] "0.310164022176544" "0.310164022176544" "beta :"           
[43] "1"                
[1] 10671237
[1] 10671233
[1] 10671242
 [1] "sigma:"            "0.941027447947698" "0.941027447947698"
 [4] "0.941027447947698" "0.941027447947698" "0.941027447947698"
 [7] "0.941027447947698" "0.310164022176544" "0.310164022176544"
[10] "0.310164022176544" "0.310164022176544" "0.310164022176544"
[13] "0.310164022176544" "0.310164022176544" "0.310164022176544"
[16] "0.310164022176544" "0.310164022176544" "0.310164022176544"
[19] "0.310164022176544" "0.310164022176544" "0.310164022176544"
[22] "0.310164022176544" "0.310164022176544" "0.310164022176544"
[25] "0.310164022176544" "0.310164022176544" "0.310164022176544"
[28] "0.310164022176544" "0.310164022176544" "0.310164022176544"
[31] "0.310164022176544" "0.310164022176544" "0.310164022176544"
[34] "0.310164022176544" "0.310164022176544" "0.310164022176544"
[37] "0.310164022176544" "0.310164022176544" "0.310164022176544"
[40] "0.310164022176544" "0.310164022176544" "beta :"           
[43] "1"                
[1] " old Likelihood:  -10671236.7925465"
[1] "New Likelihood:  -10671232.7181285"
iter:  0  f-value:  38606.13  pgrad:  0.620328 
iter:  10  f-value:  38606.12  pgrad:  0.6199076 
iter:  20  f-value:  38606.12  pgrad:  0.5902257 
iter:  30  f-value:  38606.12  pgrad:  0.4992762 
  Unsuccessful convergence.
Time difference of 11.46961 mins
[1] "maxIt: 20"
[1] "It: 17"
 [1] "sigma:"            "0.941062125059558" "0.941062125059558"
 [4] "0.941062125059558" "0.941062125059558" "0.941062125059558"
 [7] "0.941062125059558" "0.308524662396265" "0.308524662396265"
[10] "0.308524662396265" "0.308524662396265" "0.308524662396265"
[13] "0.308524662396265" "0.308524662396265" "0.308524662396265"
[16] "0.308524662396265" "0.308524662396265" "0.308524662396265"
[19] "0.308524662396265" "0.308524662396265" "0.308524662396265"
[22] "0.308524662396265" "0.308524662396265" "0.308524662396265"
[25] "0.308524662396265" "0.308524662396265" "0.308524662396265"
[28] "0.308524662396265" "0.308524662396265" "0.308524662396265"
[31] "0.308524662396265" "0.308524662396265" "0.308524662396265"
[34] "0.308524662396265" "0.308524662396265" "0.308524662396265"
[37] "0.308524662396265" "0.308524662396265" "0.308524662396265"
[40] "0.308524662396265" "0.308524662396265" "beta :"           
[43] "1"                
[1] 10671234
[1] 10671229
[1] 10671238
 [1] "sigma:"            "0.941062125059558" "0.941062125059558"
 [4] "0.941062125059558" "0.941062125059558" "0.941062125059558"
 [7] "0.941062125059558" "0.308524662396265" "0.308524662396265"
[10] "0.308524662396265" "0.308524662396265" "0.308524662396265"
[13] "0.308524662396265" "0.308524662396265" "0.308524662396265"
[16] "0.308524662396265" "0.308524662396265" "0.308524662396265"
[19] "0.308524662396265" "0.308524662396265" "0.308524662396265"
[22] "0.308524662396265" "0.308524662396265" "0.308524662396265"
[25] "0.308524662396265" "0.308524662396265" "0.308524662396265"
[28] "0.308524662396265" "0.308524662396265" "0.308524662396265"
[31] "0.308524662396265" "0.308524662396265" "0.308524662396265"
[34] "0.308524662396265" "0.308524662396265" "0.308524662396265"
[37] "0.308524662396265" "0.308524662396265" "0.308524662396265"
[40] "0.308524662396265" "0.308524662396265" "beta :"           
[43] "1"                
[1] " old Likelihood:  -10671232.7181285"
[1] "New Likelihood:  -10671228.8167697"
iter:  0  f-value:  38648.2  pgrad:  0.6170493 
iter:  10  f-value:  38648.2  pgrad:  0.6166261 
iter:  20  f-value:  38648.19  pgrad:  0.6148163 
iter:  30  f-value:  38648.19  pgrad:  0.5866605 
  Unsuccessful convergence.
Time difference of 11.4398 mins
[1] "maxIt: 20"
[1] "It: 18"
 [1] "sigma:"            "0.941122359347449" "0.941122359347449"
 [4] "0.941122359347449" "0.941122359347449" "0.941122359347449"
 [7] "0.941122359347449" "0.306751844691601" "0.306751844691601"
[10] "0.306751844691601" "0.306751844691601" "0.306751844691601"
[13] "0.306751844691601" "0.306751844691601" "0.306751844691601"
[16] "0.306751844691601" "0.306751844691601" "0.306751844691601"
[19] "0.306751844691601" "0.306751844691601" "0.306751844691601"
[22] "0.306751844691601" "0.306751844691601" "0.306751844691601"
[25] "0.306751844691601" "0.306751844691601" "0.306751844691601"
[28] "0.306751844691601" "0.306751844691601" "0.306751844691601"
[31] "0.306751844691601" "0.306751844691601" "0.306751844691601"
[34] "0.306751844691601" "0.306751844691601" "0.306751844691601"
[37] "0.306751844691601" "0.306751844691601" "0.306751844691601"
[40] "0.306751844691601" "0.306751844691601" "beta :"           
[43] "1"                
[1] 10671230
[1] 10671225
[1] 10671234
 [1] "sigma:"            "0.941122359347449" "0.941122359347449"
 [4] "0.941122359347449" "0.941122359347449" "0.941122359347449"
 [7] "0.941122359347449" "0.306751844691601" "0.306751844691601"
[10] "0.306751844691601" "0.306751844691601" "0.306751844691601"
[13] "0.306751844691601" "0.306751844691601" "0.306751844691601"
[16] "0.306751844691601" "0.306751844691601" "0.306751844691601"
[19] "0.306751844691601" "0.306751844691601" "0.306751844691601"
[22] "0.306751844691601" "0.306751844691601" "0.306751844691601"
[25] "0.306751844691601" "0.306751844691601" "0.306751844691601"
[28] "0.306751844691601" "0.306751844691601" "0.306751844691601"
[31] "0.306751844691601" "0.306751844691601" "0.306751844691601"
[34] "0.306751844691601" "0.306751844691601" "0.306751844691601"
[37] "0.306751844691601" "0.306751844691601" "0.306751844691601"
[40] "0.306751844691601" "0.306751844691601" "beta :"           
[43] "1"                
[1] " old Likelihood:  -10671228.8167697"
[1] "New Likelihood:  -10671225.0178487"
iter:  0  f-value:  38694.11  pgrad:  0.6135037 
iter:  10  f-value:  38694.11  pgrad:  0.6130886 
iter:  20  f-value:  38694.1  pgrad:  0.6115746 
iter:  30  f-value:  38694.11  pgrad:  0.5163988 
  Unsuccessful convergence.
Time difference of 11.47106 mins
[1] "maxIt: 20"
[1] "It: 19"
 [1] "sigma:"            "0.941180656880584" "0.941180656880584"
 [4] "0.941180656880584" "0.941180656880584" "0.941180656880584"
 [7] "0.941180656880584" "0.305094486707843" "0.305094486707843"
[10] "0.305094486707843" "0.305094486707843" "0.305094486707843"
[13] "0.305094486707843" "0.305094486707843" "0.305094486707843"
[16] "0.305094486707843" "0.305094486707843" "0.305094486707843"
[19] "0.305094486707843" "0.305094486707843" "0.305094486707843"
[22] "0.305094486707843" "0.305094486707843" "0.305094486707843"
[25] "0.305094486707843" "0.305094486707843" "0.305094486707843"
[28] "0.305094486707843" "0.305094486707843" "0.305094486707843"
[31] "0.305094486707843" "0.305094486707843" "0.305094486707843"
[34] "0.305094486707843" "0.305094486707843" "0.305094486707843"
[37] "0.305094486707843" "0.305094486707843" "0.305094486707843"
[40] "0.305094486707843" "0.305094486707843" "beta :"           
[43] "1"                
[1] 10671227
[1] 10671222
[1] 10671230
 [1] "sigma:"            "0.941180656880584" "0.941180656880584"
 [4] "0.941180656880584" "0.941180656880584" "0.941180656880584"
 [7] "0.941180656880584" "0.305094486707843" "0.305094486707843"
[10] "0.305094486707843" "0.305094486707843" "0.305094486707843"
[13] "0.305094486707843" "0.305094486707843" "0.305094486707843"
[16] "0.305094486707843" "0.305094486707843" "0.305094486707843"
[19] "0.305094486707843" "0.305094486707843" "0.305094486707843"
[22] "0.305094486707843" "0.305094486707843" "0.305094486707843"
[25] "0.305094486707843" "0.305094486707843" "0.305094486707843"
[28] "0.305094486707843" "0.305094486707843" "0.305094486707843"
[31] "0.305094486707843" "0.305094486707843" "0.305094486707843"
[34] "0.305094486707843" "0.305094486707843" "0.305094486707843"
[37] "0.305094486707843" "0.305094486707843" "0.305094486707843"
[40] "0.305094486707843" "0.305094486707843" "beta :"           
[43] "1"                
[1] " old Likelihood:  -10671225.0178487"
[1] "New Likelihood:  -10671221.5891011"
iter:  0  f-value:  38737.69  pgrad:  0.610189 
iter:  10  f-value:  38737.69  pgrad:  0.6097837 
iter:  20  f-value:  38737.69  pgrad:  0.6083575 
iter:  30  f-value:  38737.69  pgrad:  0.6072597 
  Unsuccessful convergence.
Time difference of 11.45747 mins
[1] "maxIt: 20"
[1] "It: 20"
 [1] "sigma:"            "0.941230673382816" "0.941230673382816"
 [4] "0.941230673382816" "0.941230673382816" "0.941230673382816"
 [7] "0.941230673382816" "0.303623301352534" "0.303623301352534"
[10] "0.303623301352534" "0.303623301352534" "0.303623301352534"
[13] "0.303623301352534" "0.303623301352534" "0.303623301352534"
[16] "0.303623301352534" "0.303623301352534" "0.303623301352534"
[19] "0.303623301352534" "0.303623301352534" "0.303623301352534"
[22] "0.303623301352534" "0.303623301352534" "0.303623301352534"
[25] "0.303623301352534" "0.303623301352534" "0.303623301352534"
[28] "0.303623301352534" "0.303623301352534" "0.303623301352534"
[31] "0.303623301352534" "0.303623301352534" "0.303623301352534"
[34] "0.303623301352534" "0.303623301352534" "0.303623301352534"
[37] "0.303623301352534" "0.303623301352534" "0.303623301352534"
[40] "0.303623301352534" "0.303623301352534" "beta :"           
[43] "1"                
[1] 10671224
[1] 10671219
[1] 10671227
 [1] "sigma:"            "0.941230673382816" "0.941230673382816"
 [4] "0.941230673382816" "0.941230673382816" "0.941230673382816"
 [7] "0.941230673382816" "0.303623301352534" "0.303623301352534"
[10] "0.303623301352534" "0.303623301352534" "0.303623301352534"
[13] "0.303623301352534" "0.303623301352534" "0.303623301352534"
[16] "0.303623301352534" "0.303623301352534" "0.303623301352534"
[19] "0.303623301352534" "0.303623301352534" "0.303623301352534"
[22] "0.303623301352534" "0.303623301352534" "0.303623301352534"
[25] "0.303623301352534" "0.303623301352534" "0.303623301352534"
[28] "0.303623301352534" "0.303623301352534" "0.303623301352534"
[31] "0.303623301352534" "0.303623301352534" "0.303623301352534"
[34] "0.303623301352534" "0.303623301352534" "0.303623301352534"
[37] "0.303623301352534" "0.303623301352534" "0.303623301352534"
[40] "0.303623301352534" "0.303623301352534" "beta :"           
[43] "1"                
[1] " old Likelihood:  -10671221.5891011"
[1] "New Likelihood:  -10671218.6067906"
iter:  0  f-value:  38777.25  pgrad:  0.6072466 
iter:  10  f-value:  38777.24  pgrad:  0.6068476 
iter:  20  f-value:  38777.24  pgrad:  0.6057807 
iter:  30  f-value:  38777.24  pgrad:  0.6049788 
  Unsuccessful convergence.
Time difference of 11.43778 mins
 [1] "sigma:"            "0.941272386389309" "0.941272386389309"
 [4] "0.941272386389309" "0.941272386389309" "0.941272386389309"
 [7] "0.941272386389309" "0.302376278499344" "0.302376278499344"
[10] "0.302376278499344" "0.302376278499344" "0.302376278499344"
[13] "0.302376278499344" "0.302376278499344" "0.302376278499344"
[16] "0.302376278499344" "0.302376278499344" "0.302376278499344"
[19] "0.302376278499344" "0.302376278499344" "0.302376278499344"
[22] "0.302376278499344" "0.302376278499344" "0.302376278499344"
[25] "0.302376278499344" "0.302376278499344" "0.302376278499344"
[28] "0.302376278499344" "0.302376278499344" "0.302376278499344"
[31] "0.302376278499344" "0.302376278499344" "0.302376278499344"
[34] "0.302376278499344" "0.302376278499344" "0.302376278499344"
[37] "0.302376278499344" "0.302376278499344" "0.302376278499344"
[40] "0.302376278499344" "0.302376278499344" "beta :"           
[43] "1"                
[1] 1999996 1999536 1998346 1999920 1999820
[1] 1 1 1 1 1
saved RDS
inference successful
