[1] "Original length"
[1] 999616
[1] "Final length"
[1] 20176
[1] "sequence length : 999617" "sequence length : 999975"
[3] "sequence length : 999817" "sequence length : 999974"
[5] "sequence length : 999928"
[1] 1 1 1 1 1
[1] "Beta: 1"
[1] "Self: 0.5"
 [1] 0 0 0 0 0 0 0 0 0 0 0 0 0 0 0 0 0 0 0 0
[1] "maxIt: 20"
[1] "It: 1"
 [1] "sigma:" "0.5"    "0.5"    "0.5"    "0.5"    "0.5"    "0.5"    "0.5"   
 [9] "0.5"    "0.5"    "0.5"    "0.5"    "0.5"    "0.5"    "0.5"    "0.5"   
[17] "0.5"    "0.5"    "0.5"    "0"      "0"      "0"      "0"      "0"     
[25] "0"      "0"      "0"      "0"      "0"      "0"      "0"      "0"     
[33] "0"      "0"      "0"      "0"      "0"      "0"      "0"      "0"     
[41] "0"      "beta :" "1"     
[1] 10573836
[1] 10573835
[1] 10573834
[1] 10573834
[1] 10573834
[1] 10573835
[1] 10573837
[1] 10573840
[1] 10573847
[1] 10573859
[1] 10573876
[1] 10573901
[1] 10573930
[1] 10573954
[1] 10573971
[1] 10573977
[1] 10573969
[1] 10573948
[1] 10573926
[1] 10573915
[1] 10573915
 [1] "sigma:" "0.5"    "0.5"    "0.5"    "0.5"    "0.5"    "0.5"    "0.475" 
 [9] "0.475"  "0.475"  "0.475"  "0.475"  "0.475"  "0.475"  "0.475"  "0.475" 
[17] "0.475"  "0.475"  "0.475"  "0.475"  "0.475"  "0.475"  "0.475"  "0.475" 
[25] "0.475"  "0.475"  "0.475"  "0.475"  "0.475"  "0.475"  "0.475"  "0.475" 
[33] "0.475"  "0.475"  "0.475"  "0.475"  "0.475"  "0.475"  "0.475"  "0.475" 
[41] "0.475"  "beta :" "1"     
[1] "New Likelihood:  -10573833.9428157"
iter:  0  f-value:  33436.63  pgrad:  0.95 
iter:  10  f-value:  33436  pgrad:  0.9438711 
iter:  20  f-value:  33435.86  pgrad:  0.9365024 
iter:  30  f-value:  33435.85  pgrad:  0.9346834 
  Unsuccessful convergence.
Time difference of 31.7441 mins
[1] "maxIt: 20"
[1] "It: 2"
 [1] "sigma:"            "0.500686169077127" "0.500686169077127"
 [4] "0.500686169077127" "0.500686169077127" "0.500686169077127"
 [7] "0.500686169077127" "0.467033220464471" "0.467033220464471"
[10] "0.467033220464471" "0.467033220464471" "0.467033220464471"
[13] "0.467033220464471" "0.467033220464471" "0.467033220464471"
[16] "0.467033220464471" "0.467033220464471" "0.467033220464471"
[19] "0.467033220464471" "0.467033220464471" "0.467033220464471"
[22] "0.467033220464471" "0.467033220464471" "0.467033220464471"
[25] "0.467033220464471" "0.467033220464471" "0.467033220464471"
[28] "0.467033220464471" "0.467033220464471" "0.467033220464471"
[31] "0.467033220464471" "0.467033220464471" "0.467033220464471"
[34] "0.467033220464471" "0.467033220464471" "0.467033220464471"
[37] "0.467033220464471" "0.467033220464471" "0.467033220464471"
[40] "0.467033220464471" "0.467033220464471" "beta :"           
[43] "1"                
[1] 10573535
[1] 10573527
[1] 10573538
 [1] "sigma:"            "0.966186169077127" "0.966186169077127"
 [4] "0.966186169077127" "0.966186169077127" "0.966186169077127"
 [7] "0.966186169077127" "0.442033220464471" "0.442033220464471"
[10] "0.442033220464471" "0.442033220464471" "0.442033220464471"
[13] "0.442033220464471" "0.442033220464471" "0.442033220464471"
[16] "0.442033220464471" "0.442033220464471" "0.442033220464471"
[19] "0.442033220464471" "0.442033220464471" "0.442033220464471"
[22] "0.442033220464471" "0.442033220464471" "0.442033220464471"
[25] "0.442033220464471" "0.442033220464471" "0.442033220464471"
[28] "0.442033220464471" "0.442033220464471" "0.442033220464471"
[31] "0.442033220464471" "0.442033220464471" "0.442033220464471"
[34] "0.442033220464471" "0.442033220464471" "0.442033220464471"
[37] "0.442033220464471" "0.442033220464471" "0.442033220464471"
[40] "0.442033220464471" "0.442033220464471" "beta :"           
[43] "1"                
[1] " old Likelihood:  -10573833.9428157"
[1] "New Likelihood:  -10573527.4707411"
iter:  0  f-value:  34425.84  pgrad:  0.5013561 
iter:  10  f-value:  34425.43  pgrad:  0.8815029 
iter:  20  f-value:  34425.4  pgrad:  0.5032587 
iter:  30  f-value:  34425.33  pgrad:  0.8688342 
  Unsuccessful convergence.
Time difference of 22.42926 mins
[1] "maxIt: 20"
[1] "It: 3"
 [1] "sigma:"            "0.966575299613146" "0.966575299613146"
 [4] "0.966575299613146" "0.966575299613146" "0.966575299613146"
 [7] "0.966575299613146" "0.434375186222207" "0.434375186222207"
[10] "0.434375186222207" "0.434375186222207" "0.434375186222207"
[13] "0.434375186222207" "0.434375186222207" "0.434375186222207"
[16] "0.434375186222207" "0.434375186222207" "0.434375186222207"
[19] "0.434375186222207" "0.434375186222207" "0.434375186222207"
[22] "0.434375186222207" "0.434375186222207" "0.434375186222207"
[25] "0.434375186222207" "0.434375186222207" "0.434375186222207"
[28] "0.434375186222207" "0.434375186222207" "0.434375186222207"
[31] "0.434375186222207" "0.434375186222207" "0.434375186222207"
[34] "0.434375186222207" "0.434375186222207" "0.434375186222207"
[37] "0.434375186222207" "0.434375186222207" "0.434375186222207"
[40] "0.434375186222207" "0.434375186222207" "beta :"           
[43] "1"                
[1] 10573385
[1] 10573376
[1] 10573383
 [1] "sigma:"            "0.966575299613146" "0.966575299613146"
 [4] "0.966575299613146" "0.966575299613146" "0.966575299613146"
 [7] "0.966575299613146" "0.434375186222207" "0.434375186222207"
[10] "0.434375186222207" "0.434375186222207" "0.434375186222207"
[13] "0.434375186222207" "0.434375186222207" "0.434375186222207"
[16] "0.434375186222207" "0.434375186222207" "0.434375186222207"
[19] "0.434375186222207" "0.434375186222207" "0.434375186222207"
[22] "0.434375186222207" "0.434375186222207" "0.434375186222207"
[25] "0.434375186222207" "0.434375186222207" "0.434375186222207"
[28] "0.434375186222207" "0.434375186222207" "0.434375186222207"
[31] "0.434375186222207" "0.434375186222207" "0.434375186222207"
[34] "0.434375186222207" "0.434375186222207" "0.434375186222207"
[37] "0.434375186222207" "0.434375186222207" "0.434375186222207"
[40] "0.434375186222207" "0.434375186222207" "beta :"           
[43] "1"                
[1] " old Likelihood:  -10573527.4707411"
[1] "New Likelihood:  -10573375.5467051"
iter:  0  f-value:  34520.49  pgrad:  0.8687504 
iter:  10  f-value:  34520.33  pgrad:  0.8653985 
iter:  20  f-value:  34520.29  pgrad:  0.8594695 
iter:  30  f-value:  34520.28  pgrad:  0.4996786 
  Unsuccessful convergence.
Time difference of 10.32941 mins
[1] "maxIt: 20"
[1] "It: 4"
 [1] "sigma:"            "0.967080413832619" "0.967080413832619"
 [4] "0.967080413832619" "0.967080413832619" "0.967080413832619"
 [7] "0.967080413832619" "0.427752212766463" "0.427752212766463"
[10] "0.427752212766463" "0.427752212766463" "0.427752212766463"
[13] "0.427752212766463" "0.427752212766463" "0.427752212766463"
[16] "0.427752212766463" "0.427752212766463" "0.427752212766463"
[19] "0.427752212766463" "0.427752212766463" "0.427752212766463"
[22] "0.427752212766463" "0.427752212766463" "0.427752212766463"
[25] "0.427752212766463" "0.427752212766463" "0.427752212766463"
[28] "0.427752212766463" "0.427752212766463" "0.427752212766463"
[31] "0.427752212766463" "0.427752212766463" "0.427752212766463"
[34] "0.427752212766463" "0.427752212766463" "0.427752212766463"
[37] "0.427752212766463" "0.427752212766463" "0.427752212766463"
[40] "0.427752212766463" "0.427752212766463" "beta :"           
[43] "1"                
[1] 10573313
[1] 10573300
[1] 10573305
 [1] "sigma:"            "0.967080413832619" "0.967080413832619"
 [4] "0.967080413832619" "0.967080413832619" "0.967080413832619"
 [7] "0.967080413832619" "0.402752212766463" "0.402752212766463"
[10] "0.402752212766463" "0.402752212766463" "0.402752212766463"
[13] "0.402752212766463" "0.402752212766463" "0.402752212766463"
[16] "0.402752212766463" "0.402752212766463" "0.402752212766463"
[19] "0.402752212766463" "0.402752212766463" "0.402752212766463"
[22] "0.402752212766463" "0.402752212766463" "0.402752212766463"
[25] "0.402752212766463" "0.402752212766463" "0.402752212766463"
[28] "0.402752212766463" "0.402752212766463" "0.402752212766463"
[31] "0.402752212766463" "0.402752212766463" "0.402752212766463"
[34] "0.402752212766463" "0.402752212766463" "0.402752212766463"
[37] "0.402752212766463" "0.402752212766463" "0.402752212766463"
[40] "0.402752212766463" "0.402752212766463" "beta :"           
[43] "1"                
[1] " old Likelihood:  -10573375.5467051"
[1] "New Likelihood:  -10573300.451729"
iter:  0  f-value:  35587.23  pgrad:  0.5049848 
iter:  10  f-value:  35587.04  pgrad:  0.8038344 
iter:  20  f-value:  35587.05  pgrad:  0.5055846 
iter:  30  f-value:  35586.99  pgrad:  0.6986375 
  Unsuccessful convergence.
Time difference of 10.95678 mins
[1] "maxIt: 20"
[1] "It: 5"
 [1] "sigma:"            "0.967634628012418" "0.967634628012418"
 [4] "0.967634628012418" "0.967634628012418" "0.967634628012418"
 [7] "0.967634628012418" "0.396989104196189" "0.396989104196189"
[10] "0.396989104196189" "0.396989104196189" "0.396989104196189"
[13] "0.396989104196189" "0.396989104196189" "0.396989104196189"
[16] "0.396989104196189" "0.396989104196189" "0.396989104196189"
[19] "0.396989104196189" "0.396989104196189" "0.396989104196189"
[22] "0.396989104196189" "0.396989104196189" "0.396989104196189"
[25] "0.396989104196189" "0.396989104196189" "0.396989104196189"
[28] "0.396989104196189" "0.396989104196189" "0.396989104196189"
[31] "0.396989104196189" "0.396989104196189" "0.396989104196189"
[34] "0.396989104196189" "0.396989104196189" "0.396989104196189"
[37] "0.396989104196189" "0.396989104196189" "0.396989104196189"
[40] "0.396989104196189" "0.396989104196189" "beta :"           
[43] "1"                
[1] 10573246
[1] 10573231
[1] 10573232
 [1] "sigma:"            "0.967634628012418" "0.967634628012418"
 [4] "0.967634628012418" "0.967634628012418" "0.967634628012418"
 [7] "0.967634628012418" "0.396989104196189" "0.396989104196189"
[10] "0.396989104196189" "0.396989104196189" "0.396989104196189"
[13] "0.396989104196189" "0.396989104196189" "0.396989104196189"
[16] "0.396989104196189" "0.396989104196189" "0.396989104196189"
[19] "0.396989104196189" "0.396989104196189" "0.396989104196189"
[22] "0.396989104196189" "0.396989104196189" "0.396989104196189"
[25] "0.396989104196189" "0.396989104196189" "0.396989104196189"
[28] "0.396989104196189" "0.396989104196189" "0.396989104196189"
[31] "0.396989104196189" "0.396989104196189" "0.396989104196189"
[34] "0.396989104196189" "0.396989104196189" "0.396989104196189"
[37] "0.396989104196189" "0.396989104196189" "0.396989104196189"
[40] "0.396989104196189" "0.396989104196189" "beta :"           
[43] "1"                
[1] " old Likelihood:  -10573300.451729"
[1] "New Likelihood:  -10573231.3322622"
iter:  0  f-value:  35644.73  pgrad:  0.6381015 
iter:  10  f-value:  35644.66  pgrad:  0.7916367 
iter:  20  f-value:  35644.65  pgrad:  0.7885335 
iter:  30  f-value:  35644.64  pgrad:  0.2700108 
  Unsuccessful convergence.
Time difference of 10.36175 mins
[1] "maxIt: 20"
[1] "It: 6"
 [1] "sigma:"            "0.968310950215747" "0.968310950215747"
 [4] "0.968310950215747" "0.968310950215747" "0.968310950215747"
 [7] "0.968310950215747" "0.392326650707845" "0.392326650707845"
[10] "0.392326650707845" "0.392326650707845" "0.392326650707845"
[13] "0.392326650707845" "0.392326650707845" "0.392326650707845"
[16] "0.392326650707845" "0.392326650707845" "0.392326650707845"
[19] "0.392326650707845" "0.392326650707845" "0.392326650707845"
[22] "0.392326650707845" "0.392326650707845" "0.392326650707845"
[25] "0.392326650707845" "0.392326650707845" "0.392326650707845"
[28] "0.392326650707845" "0.392326650707845" "0.392326650707845"
[31] "0.392326650707845" "0.392326650707845" "0.392326650707845"
[34] "0.392326650707845" "0.392326650707845" "0.392326650707845"
[37] "0.392326650707845" "0.392326650707845" "0.392326650707845"
[40] "0.392326650707845" "0.392326650707845" "beta :"           
[43] "1"                
[1] 10573218
[1] 10573202
[1] 10573202
 [1] "sigma:"            "0.968310950215747" "0.968310950215747"
 [4] "0.968310950215747" "0.968310950215747" "0.968310950215747"
 [7] "0.968310950215747" "0.968310950215747" "0.968310950215747"
[10] "0.392326650707845" "0.392326650707845" "0.392326650707845"
[13] "0.392326650707845" "0.392326650707845" "0.392326650707845"
[16] "0.392326650707845" "0.392326650707845" "0.392326650707845"
[19] "0.392326650707845" "0.392326650707845" "0.392326650707845"
[22] "0.392326650707845" "0.392326650707845" "0.392326650707845"
[25] "0.392326650707845" "0.392326650707845" "0.392326650707845"
[28] "0.392326650707845" "0.392326650707845" "0.392326650707845"
[31] "0.392326650707845" "0.392326650707845" "0.392326650707845"
[34] "0.392326650707845" "0.392326650707845" "0.392326650707845"
[37] "0.392326650707845" "0.392326650707845" "0.392326650707845"
[40] "0.392326650707845" "0.392326650707845" "beta :"           
[43] "1"                
[1] " old Likelihood:  -10573231.3322622"
[1] "New Likelihood:  -10573201.6192783"
iter:  0  f-value:  35630.94  pgrad:  0.7846533 
iter:  10  f-value:  35630.91  pgrad:  0.7830215 
iter:  20  f-value:  35630.89  pgrad:  0.7796538 
iter:  30  f-value:  35630.89  pgrad:  0.7787241 
  Unsuccessful convergence.
Time difference of 10.34263 mins
[1] "maxIt: 20"
[1] "It: 7"
 [1] "sigma:"            "0.968540544891702" "0.968540544891702"
 [4] "0.968540544891702" "0.968540544891702" "0.968540544891702"
 [7] "0.968540544891702" "0.968540544891702" "0.968540544891702"
[10] "0.388603714640313" "0.388603714640313" "0.388603714640313"
[13] "0.388603714640313" "0.388603714640313" "0.388603714640313"
[16] "0.388603714640313" "0.388603714640313" "0.388603714640313"
[19] "0.388603714640313" "0.388603714640313" "0.388603714640313"
[22] "0.388603714640313" "0.388603714640313" "0.388603714640313"
[25] "0.388603714640313" "0.388603714640313" "0.388603714640313"
[28] "0.388603714640313" "0.388603714640313" "0.388603714640313"
[31] "0.388603714640313" "0.388603714640313" "0.388603714640313"
[34] "0.388603714640313" "0.388603714640313" "0.388603714640313"
[37] "0.388603714640313" "0.388603714640313" "0.388603714640313"
[40] "0.388603714640313" "0.388603714640313" "beta :"           
[43] "1"                
[1] 10573186
[1] 10573182
[1] 10573212
 [1] "sigma:"            "0.968540544891702" "0.968540544891702"
 [4] "0.968540544891702" "0.968540544891702" "0.968540544891702"
 [7] "0.968540544891702" "0.968540544891702" "0.968540544891702"
[10] "0.363603714640313" "0.363603714640313" "0.363603714640313"
[13] "0.363603714640313" "0.363603714640313" "0.363603714640313"
[16] "0.363603714640313" "0.363603714640313" "0.363603714640313"
[19] "0.363603714640313" "0.363603714640313" "0.363603714640313"
[22] "0.363603714640313" "0.363603714640313" "0.363603714640313"
[25] "0.363603714640313" "0.363603714640313" "0.363603714640313"
[28] "0.363603714640313" "0.363603714640313" "0.363603714640313"
[31] "0.363603714640313" "0.363603714640313" "0.363603714640313"
[34] "0.363603714640313" "0.363603714640313" "0.363603714640313"
[37] "0.363603714640313" "0.363603714640313" "0.363603714640313"
[40] "0.363603714640313" "0.363603714640313" "beta :"           
[43] "1"                
[1] " old Likelihood:  -10573201.6192783"
[1] "New Likelihood:  -10573181.8541209"
iter:  0  f-value:  36601.11  pgrad:  0.5137889 
iter:  10  f-value:  36601  pgrad:  0.7265037 
iter:  20  f-value:  36600.98  pgrad:  0.7221093 
iter:  30  f-value:  36600.98  pgrad:  0.7193021 
  Unsuccessful convergence.
Time difference of 10.98029 mins
[1] "maxIt: 20"
[1] "It: 8"
 [1] "sigma:"            "0.969030314738242" "0.969030314738242"
 [4] "0.969030314738242" "0.969030314738242" "0.969030314738242"
 [7] "0.969030314738242" "0.969030314738242" "0.969030314738242"
[10] "0.359613565758566" "0.359613565758566" "0.359613565758566"
[13] "0.359613565758566" "0.359613565758566" "0.359613565758566"
[16] "0.359613565758566" "0.359613565758566" "0.359613565758566"
[19] "0.359613565758566" "0.359613565758566" "0.359613565758566"
[22] "0.359613565758566" "0.359613565758566" "0.359613565758566"
[25] "0.359613565758566" "0.359613565758566" "0.359613565758566"
[28] "0.359613565758566" "0.359613565758566" "0.359613565758566"
[31] "0.359613565758566" "0.359613565758566" "0.359613565758566"
[34] "0.359613565758566" "0.359613565758566" "0.359613565758566"
[37] "0.359613565758566" "0.359613565758566" "0.359613565758566"
[40] "0.359613565758566" "0.359613565758566" "beta :"           
[43] "1"                
[1] 10573153
[1] 10573145
[1] 10573170
 [1] "sigma:"            "0.969030314738242" "0.969030314738242"
 [4] "0.969030314738242" "0.969030314738242" "0.969030314738242"
 [7] "0.969030314738242" "0.969030314738242" "0.969030314738242"
[10] "0.359613565758566" "0.359613565758566" "0.359613565758566"
[13] "0.359613565758566" "0.359613565758566" "0.359613565758566"
[16] "0.359613565758566" "0.359613565758566" "0.359613565758566"
[19] "0.359613565758566" "0.359613565758566" "0.359613565758566"
[22] "0.359613565758566" "0.359613565758566" "0.359613565758566"
[25] "0.359613565758566" "0.359613565758566" "0.359613565758566"
[28] "0.359613565758566" "0.359613565758566" "0.359613565758566"
[31] "0.359613565758566" "0.359613565758566" "0.359613565758566"
[34] "0.359613565758566" "0.359613565758566" "0.359613565758566"
[37] "0.359613565758566" "0.359613565758566" "0.359613565758566"
[40] "0.359613565758566" "0.359613565758566" "beta :"           
[43] "1"                
[1] " old Likelihood:  -10573181.8541209"
[1] "New Likelihood:  -10573145.1581837"
iter:  0  f-value:  36622.97  pgrad:  0.5115644 
iter:  10  f-value:  36622.94  pgrad:  0.7187436 
iter:  20  f-value:  36622.92  pgrad:  0.7153323 
iter:  30  f-value:  36622.92  pgrad:  0.7148484 
  Unsuccessful convergence.
Time difference of 10.34811 mins
[1] "maxIt: 20"
[1] "It: 9"
 [1] "sigma:"            "0.969281730769824" "0.969281730769824"
 [4] "0.969281730769824" "0.969281730769824" "0.969281730769824"
 [7] "0.969281730769824" "0.969281730769824" "0.969281730769824"
[10] "0.357335475178414" "0.357335475178414" "0.357335475178414"
[13] "0.357335475178414" "0.357335475178414" "0.357335475178414"
[16] "0.357335475178414" "0.357335475178414" "0.357335475178414"
[19] "0.357335475178414" "0.357335475178414" "0.357335475178414"
[22] "0.357335475178414" "0.357335475178414" "0.357335475178414"
[25] "0.357335475178414" "0.357335475178414" "0.357335475178414"
[28] "0.357335475178414" "0.357335475178414" "0.357335475178414"
[31] "0.357335475178414" "0.357335475178414" "0.357335475178414"
[34] "0.357335475178414" "0.357335475178414" "0.357335475178414"
[37] "0.357335475178414" "0.357335475178414" "0.357335475178414"
[40] "0.357335475178414" "0.357335475178414" "beta :"           
[43] "1"                
[1] 10573142
[1] 10573133
[1] 10573156
 [1] "sigma:"            "0.969281730769824" "0.969281730769824"
 [4] "0.969281730769824" "0.969281730769824" "0.969281730769824"
 [7] "0.969281730769824" "0.969281730769824" "0.969281730769824"
[10] "0.357335475178414" "0.357335475178414" "0.357335475178414"
[13] "0.357335475178414" "0.357335475178414" "0.357335475178414"
[16] "0.357335475178414" "0.357335475178414" "0.357335475178414"
[19] "0.357335475178414" "0.357335475178414" "0.357335475178414"
[22] "0.357335475178414" "0.357335475178414" "0.357335475178414"
[25] "0.357335475178414" "0.357335475178414" "0.357335475178414"
[28] "0.357335475178414" "0.357335475178414" "0.357335475178414"
[31] "0.357335475178414" "0.357335475178414" "0.357335475178414"
[34] "0.357335475178414" "0.357335475178414" "0.357335475178414"
[37] "0.357335475178414" "0.357335475178414" "0.357335475178414"
[40] "0.357335475178414" "0.357335475178414" "beta :"           
[43] "1"                
[1] " old Likelihood:  -10573145.1581837"
[1] "New Likelihood:  -10573132.5098305"
iter:  0  f-value:  36642.72  pgrad:  0.714671 
iter:  10  f-value:  36642.7  pgrad:  0.713734 
iter:  20  f-value:  36642.69  pgrad:  0.6608752 
iter:  30  f-value:  36642.69  pgrad:  0.7106865 
  Unsuccessful convergence.
Time difference of 10.32367 mins
[1] "maxIt: 20"
[1] "It: 10"
 [1] "sigma:"            "0.969708468312211" "0.969708468312211"
 [4] "0.969708468312211" "0.969708468312211" "0.969708468312211"
 [7] "0.969708468312211" "0.969708468312211" "0.969708468312211"
[10] "0.354744307367231" "0.354744307367231" "0.354744307367231"
[13] "0.354744307367231" "0.354744307367231" "0.354744307367231"
[16] "0.354744307367231" "0.354744307367231" "0.354744307367231"
[19] "0.354744307367231" "0.354744307367231" "0.354744307367231"
[22] "0.354744307367231" "0.354744307367231" "0.354744307367231"
[25] "0.354744307367231" "0.354744307367231" "0.354744307367231"
[28] "0.354744307367231" "0.354744307367231" "0.354744307367231"
[31] "0.354744307367231" "0.354744307367231" "0.354744307367231"
[34] "0.354744307367231" "0.354744307367231" "0.354744307367231"
[37] "0.354744307367231" "0.354744307367231" "0.354744307367231"
[40] "0.354744307367231" "0.354744307367231" "beta :"           
[43] "1"                
[1] 10573134
[1] 10573124
[1] 10573146
 [1] "sigma:"            "0.969708468312211" "0.969708468312211"
 [4] "0.969708468312211" "0.969708468312211" "0.969708468312211"
 [7] "0.969708468312211" "0.969708468312211" "0.969708468312211"
[10] "0.354744307367231" "0.354744307367231" "0.354744307367231"
[13] "0.354744307367231" "0.354744307367231" "0.354744307367231"
[16] "0.354744307367231" "0.354744307367231" "0.354744307367231"
[19] "0.354744307367231" "0.354744307367231" "0.354744307367231"
[22] "0.354744307367231" "0.354744307367231" "0.354744307367231"
[25] "0.354744307367231" "0.354744307367231" "0.354744307367231"
[28] "0.354744307367231" "0.354744307367231" "0.354744307367231"
[31] "0.354744307367231" "0.354744307367231" "0.354744307367231"
[34] "0.354744307367231" "0.354744307367231" "0.354744307367231"
[37] "0.354744307367231" "0.354744307367231" "0.354744307367231"
[40] "0.354744307367231" "0.354744307367231" "beta :"           
[43] "1"                
[1] " old Likelihood:  -10573132.5098305"
[1] "New Likelihood:  -10573124.2170038"
iter:  0  f-value:  36688.87  pgrad:  0.7094886 
iter:  10  f-value:  36688.86  pgrad:  0.7087224 
iter:  20  f-value:  36688.86  pgrad:  0.7067885 
iter:  30  f-value:  36688.86  pgrad:  0.2126762 
  Unsuccessful convergence.
Time difference of 10.41362 mins
[1] "maxIt: 20"
[1] "It: 11"
 [1] "sigma:"            "0.970115712108935" "0.970115712108935"
 [4] "0.970115712108935" "0.970115712108935" "0.970115712108935"
 [7] "0.970115712108935" "0.970115712108935" "0.970115712108935"
[10] "0.352423214450226" "0.352423214450226" "0.352423214450226"
[13] "0.352423214450226" "0.352423214450226" "0.352423214450226"
[16] "0.352423214450226" "0.352423214450226" "0.352423214450226"
[19] "0.352423214450226" "0.352423214450226" "0.352423214450226"
[22] "0.352423214450226" "0.352423214450226" "0.352423214450226"
[25] "0.352423214450226" "0.352423214450226" "0.352423214450226"
[28] "0.352423214450226" "0.352423214450226" "0.352423214450226"
[31] "0.352423214450226" "0.352423214450226" "0.352423214450226"
[34] "0.352423214450226" "0.352423214450226" "0.352423214450226"
[37] "0.352423214450226" "0.352423214450226" "0.352423214450226"
[40] "0.352423214450226" "0.352423214450226" "beta :"           
[43] "1"                
[1] 10573129
[1] 10573118
[1] 10573139
 [1] "sigma:"            "0.970115712108935" "0.970115712108935"
 [4] "0.970115712108935" "0.970115712108935" "0.970115712108935"
 [7] "0.970115712108935" "0.970115712108935" "0.970115712108935"
[10] "0.352423214450226" "0.352423214450226" "0.352423214450226"
[13] "0.352423214450226" "0.352423214450226" "0.352423214450226"
[16] "0.352423214450226" "0.352423214450226" "0.352423214450226"
[19] "0.352423214450226" "0.352423214450226" "0.352423214450226"
[22] "0.352423214450226" "0.352423214450226" "0.352423214450226"
[25] "0.352423214450226" "0.352423214450226" "0.352423214450226"
[28] "0.352423214450226" "0.352423214450226" "0.352423214450226"
[31] "0.352423214450226" "0.352423214450226" "0.352423214450226"
[34] "0.352423214450226" "0.352423214450226" "0.352423214450226"
[37] "0.352423214450226" "0.352423214450226" "0.352423214450226"
[40] "0.352423214450226" "0.352423214450226" "beta :"           
[43] "1"                
[1] " old Likelihood:  -10573124.2170038"
[1] "New Likelihood:  -10573118.403665"
iter:  0  f-value:  36738.6  pgrad:  0.7048464 
iter:  10  f-value:  36738.59  pgrad:  0.7042141 
iter:  20  f-value:  36738.59  pgrad:  0.7018552 
iter:  30  f-value:  36738.58  pgrad:  0.5555921 
  Unsuccessful convergence.
Time difference of 10.37126 mins
[1] "maxIt: 20"
[1] "It: 12"
 [1] "sigma:"            "0.970468125736677" "0.970468125736677"
 [4] "0.970468125736677" "0.970468125736677" "0.970468125736677"
 [7] "0.970468125736677" "0.970468125736677" "0.970468125736677"
[10] "0.350586157349386" "0.350586157349386" "0.350586157349386"
[13] "0.350586157349386" "0.350586157349386" "0.350586157349386"
[16] "0.350586157349386" "0.350586157349386" "0.350586157349386"
[19] "0.350586157349386" "0.350586157349386" "0.350586157349386"
[22] "0.350586157349386" "0.350586157349386" "0.350586157349386"
[25] "0.350586157349386" "0.350586157349386" "0.350586157349386"
[28] "0.350586157349386" "0.350586157349386" "0.350586157349386"
[31] "0.350586157349386" "0.350586157349386" "0.350586157349386"
[34] "0.350586157349386" "0.350586157349386" "0.350586157349386"
[37] "0.350586157349386" "0.350586157349386" "0.350586157349386"
[40] "0.350586157349386" "0.350586157349386" "beta :"           
[43] "1"                
[1] 10573125
[1] 10573114
[1] 10573135
 [1] "sigma:"            "0.970468125736677" "0.970468125736677"
 [4] "0.970468125736677" "0.970468125736677" "0.970468125736677"
 [7] "0.970468125736677" "0.970468125736677" "0.970468125736677"
[10] "0.350586157349386" "0.350586157349386" "0.350586157349386"
[13] "0.350586157349386" "0.350586157349386" "0.350586157349386"
[16] "0.350586157349386" "0.350586157349386" "0.350586157349386"
[19] "0.350586157349386" "0.350586157349386" "0.350586157349386"
[22] "0.350586157349386" "0.350586157349386" "0.350586157349386"
[25] "0.350586157349386" "0.350586157349386" "0.350586157349386"
[28] "0.350586157349386" "0.350586157349386" "0.350586157349386"
[31] "0.350586157349386" "0.350586157349386" "0.350586157349386"
[34] "0.350586157349386" "0.350586157349386" "0.350586157349386"
[37] "0.350586157349386" "0.350586157349386" "0.350586157349386"
[40] "0.350586157349386" "0.350586157349386" "beta :"           
[43] "1"                
[1] " old Likelihood:  -10573118.403665"
[1] "New Likelihood:  -10573114.0840557"
iter:  0  f-value:  36780.96  pgrad:  0.7011723 
iter:  10  f-value:  36780.96  pgrad:  0.7006926 
iter:  20  f-value:  36780.95  pgrad:  0.6986337 
iter:  30  f-value:  36780.95  pgrad:  0.516593 
  Unsuccessful convergence.
Time difference of 10.39102 mins
[1] "maxIt: 20"
[1] "It: 13"
 [1] "sigma:"            "0.970789577189908" "0.970789577189908"
 [4] "0.970789577189908" "0.970789577189908" "0.970789577189908"
 [7] "0.970789577189908" "0.970789577189908" "0.970789577189908"
[10] "0.348950302504045" "0.348950302504045" "0.348950302504045"
[13] "0.348950302504045" "0.348950302504045" "0.348950302504045"
[16] "0.348950302504045" "0.348950302504045" "0.348950302504045"
[19] "0.348950302504045" "0.348950302504045" "0.348950302504045"
[22] "0.348950302504045" "0.348950302504045" "0.348950302504045"
[25] "0.348950302504045" "0.348950302504045" "0.348950302504045"
[28] "0.348950302504045" "0.348950302504045" "0.348950302504045"
[31] "0.348950302504045" "0.348950302504045" "0.348950302504045"
[34] "0.348950302504045" "0.348950302504045" "0.348950302504045"
[37] "0.348950302504045" "0.348950302504045" "0.348950302504045"
[40] "0.348950302504045" "0.348950302504045" "beta :"           
[43] "1"                
[1] 10573122
[1] 10573111
[1] 10573131
 [1] "sigma:"            "0.970789577189908" "0.970789577189908"
 [4] "0.970789577189908" "0.970789577189908" "0.970789577189908"
 [7] "0.970789577189908" "0.970789577189908" "0.970789577189908"
[10] "0.348950302504045" "0.348950302504045" "0.348950302504045"
[13] "0.348950302504045" "0.348950302504045" "0.348950302504045"
[16] "0.348950302504045" "0.348950302504045" "0.348950302504045"
[19] "0.348950302504045" "0.348950302504045" "0.348950302504045"
[22] "0.348950302504045" "0.348950302504045" "0.348950302504045"
[25] "0.348950302504045" "0.348950302504045" "0.348950302504045"
[28] "0.348950302504045" "0.348950302504045" "0.348950302504045"
[31] "0.348950302504045" "0.348950302504045" "0.348950302504045"
[34] "0.348950302504045" "0.348950302504045" "0.348950302504045"
[37] "0.348950302504045" "0.348950302504045" "0.348950302504045"
[40] "0.348950302504045" "0.348950302504045" "beta :"           
[43] "1"                
[1] " old Likelihood:  -10573114.0840557"
[1] "New Likelihood:  -10573110.5293912"
iter:  0  f-value:  36820.6  pgrad:  0.6979006 
iter:  10  f-value:  36820.6  pgrad:  0.6974308 
iter:  20  f-value:  36820.59  pgrad:  0.6953928 
iter:  30  f-value:  36820.59  pgrad:  0.3060995 
  Unsuccessful convergence.
Time difference of 10.3883 mins
[1] "maxIt: 20"
[1] "It: 14"
 [1] "sigma:"            "0.971177900940716" "0.971177900940716"
 [4] "0.971177900940716" "0.971177900940716" "0.971177900940716"
 [7] "0.971177900940716" "0.971177900940716" "0.971177900940716"
[10] "0.34726205848283"  "0.34726205848283"  "0.34726205848283" 
[13] "0.34726205848283"  "0.34726205848283"  "0.34726205848283" 
[16] "0.34726205848283"  "0.34726205848283"  "0.34726205848283" 
[19] "0.34726205848283"  "0.34726205848283"  "0.34726205848283" 
[22] "0.34726205848283"  "0.34726205848283"  "0.34726205848283" 
[25] "0.34726205848283"  "0.34726205848283"  "0.34726205848283" 
[28] "0.34726205848283"  "0.34726205848283"  "0.34726205848283" 
[31] "0.34726205848283"  "0.34726205848283"  "0.34726205848283" 
[34] "0.34726205848283"  "0.34726205848283"  "0.34726205848283" 
[37] "0.34726205848283"  "0.34726205848283"  "0.34726205848283" 
[40] "0.34726205848283"  "0.34726205848283"  "beta :"           
[43] "1"                
[1] 10573119
[1] 10573107
[1] 10573127
 [1] "sigma:"            "0.971177900940716" "0.971177900940716"
 [4] "0.971177900940716" "0.971177900940716" "0.971177900940716"
 [7] "0.971177900940716" "0.971177900940716" "0.971177900940716"
[10] "0.34726205848283"  "0.34726205848283"  "0.34726205848283" 
[13] "0.34726205848283"  "0.34726205848283"  "0.34726205848283" 
[16] "0.34726205848283"  "0.34726205848283"  "0.34726205848283" 
[19] "0.34726205848283"  "0.34726205848283"  "0.34726205848283" 
[22] "0.34726205848283"  "0.34726205848283"  "0.34726205848283" 
[25] "0.34726205848283"  "0.34726205848283"  "0.34726205848283" 
[28] "0.34726205848283"  "0.34726205848283"  "0.34726205848283" 
[31] "0.34726205848283"  "0.34726205848283"  "0.34726205848283" 
[34] "0.34726205848283"  "0.34726205848283"  "0.34726205848283" 
[37] "0.34726205848283"  "0.34726205848283"  "0.34726205848283" 
[40] "0.34726205848283"  "0.34726205848283"  "beta :"           
[43] "1"                
[1] " old Likelihood:  -10573110.5293912"
[1] "New Likelihood:  -10573107.2942502"
iter:  0  f-value:  36862.88  pgrad:  0.6945241 
iter:  10  f-value:  36862.87  pgrad:  0.6939979 
iter:  20  f-value:  36862.87  pgrad:  0.4848698 
iter:  30  f-value:  36862.87  pgrad:  0.5093687 
  Unsuccessful convergence.
Time difference of 10.39833 mins
[1] "maxIt: 20"
[1] "It: 15"
 [1] "sigma:"            "0.971644886213611" "0.971644886213611"
 [4] "0.971644886213611" "0.971644886213611" "0.971644886213611"
 [7] "0.971644886213611" "0.971644886213611" "0.971644886213611"
[10] "0.345563434553434" "0.345563434553434" "0.345563434553434"
[13] "0.345563434553434" "0.345563434553434" "0.345563434553434"
[16] "0.345563434553434" "0.345563434553434" "0.345563434553434"
[19] "0.345563434553434" "0.345563434553434" "0.345563434553434"
[22] "0.345563434553434" "0.345563434553434" "0.345563434553434"
[25] "0.345563434553434" "0.345563434553434" "0.345563434553434"
[28] "0.345563434553434" "0.345563434553434" "0.345563434553434"
[31] "0.345563434553434" "0.345563434553434" "0.345563434553434"
[34] "0.345563434553434" "0.345563434553434" "0.345563434553434"
[37] "0.345563434553434" "0.345563434553434" "0.345563434553434"
[40] "0.345563434553434" "0.345563434553434" "beta :"           
[43] "1"                
[1] 10573117
[1] 10573104
[1] 10573124
 [1] "sigma:"            "0.971644886213611" "0.971644886213611"
 [4] "0.971644886213611" "0.971644886213611" "0.971644886213611"
 [7] "0.971644886213611" "0.971644886213611" "0.971644886213611"
[10] "0.345563434553434" "0.345563434553434" "0.345563434553434"
[13] "0.345563434553434" "0.345563434553434" "0.345563434553434"
[16] "0.345563434553434" "0.345563434553434" "0.345563434553434"
[19] "0.345563434553434" "0.345563434553434" "0.345563434553434"
[22] "0.345563434553434" "0.345563434553434" "0.345563434553434"
[25] "0.345563434553434" "0.345563434553434" "0.345563434553434"
[28] "0.345563434553434" "0.345563434553434" "0.345563434553434"
[31] "0.345563434553434" "0.345563434553434" "0.345563434553434"
[34] "0.345563434553434" "0.345563434553434" "0.345563434553434"
[37] "0.345563434553434" "0.345563434553434" "0.345563434553434"
[40] "0.345563434553434" "0.345563434553434" "beta :"           
[43] "1"                
[1] " old Likelihood:  -10573107.2942502"
[1] "New Likelihood:  -10573104.3284122"
iter:  0  f-value:  36906.37  pgrad:  0.6911269 
iter:  10  f-value:  36906.37  pgrad:  0.6905523 
iter:  20  f-value:  36906.37  pgrad:  0.6892794 
iter:  30  f-value:  36906.37  pgrad:  0.689017 
  Unsuccessful convergence.
Time difference of 10.34487 mins
[1] "maxIt: 20"
[1] "It: 16"
 [1] "sigma:"            "0.971980560777918" "0.971980560777918"
 [4] "0.971980560777918" "0.971980560777918" "0.971980560777918"
 [7] "0.971980560777918" "0.971980560777918" "0.971980560777918"
[10] "0.344090083336235" "0.344090083336235" "0.344090083336235"
[13] "0.344090083336235" "0.344090083336235" "0.344090083336235"
[16] "0.344090083336235" "0.344090083336235" "0.344090083336235"
[19] "0.344090083336235" "0.344090083336235" "0.344090083336235"
[22] "0.344090083336235" "0.344090083336235" "0.344090083336235"
[25] "0.344090083336235" "0.344090083336235" "0.344090083336235"
[28] "0.344090083336235" "0.344090083336235" "0.344090083336235"
[31] "0.344090083336235" "0.344090083336235" "0.344090083336235"
[34] "0.344090083336235" "0.344090083336235" "0.344090083336235"
[37] "0.344090083336235" "0.344090083336235" "0.344090083336235"
[40] "0.344090083336235" "0.344090083336235" "beta :"           
[43] "1"                
[1] 10573114
[1] 10573102
[1] 10573121
 [1] "sigma:"            "0.971980560777918" "0.971980560777918"
 [4] "0.971980560777918" "0.971980560777918" "0.971980560777918"
 [7] "0.971980560777918" "0.971980560777918" "0.971980560777918"
[10] "0.344090083336235" "0.344090083336235" "0.344090083336235"
[13] "0.344090083336235" "0.344090083336235" "0.344090083336235"
[16] "0.344090083336235" "0.344090083336235" "0.344090083336235"
[19] "0.344090083336235" "0.344090083336235" "0.344090083336235"
[22] "0.344090083336235" "0.344090083336235" "0.344090083336235"
[25] "0.344090083336235" "0.344090083336235" "0.344090083336235"
[28] "0.344090083336235" "0.344090083336235" "0.344090083336235"
[31] "0.344090083336235" "0.344090083336235" "0.344090083336235"
[34] "0.344090083336235" "0.344090083336235" "0.344090083336235"
[37] "0.344090083336235" "0.344090083336235" "0.344090083336235"
[40] "0.344090083336235" "0.344090083336235" "beta :"           
[43] "1"                
[1] " old Likelihood:  -10573104.3284122"
[1] "New Likelihood:  -10573101.7803589"
iter:  0  f-value:  36945.1  pgrad:  0.6881802 
iter:  10  f-value:  36945.1  pgrad:  0.6876153 
iter:  20  f-value:  36945.09  pgrad:  0.6865898 
iter:  30  f-value:  36945.09  pgrad:  0.5077755 
  Unsuccessful convergence.
Time difference of 10.37339 mins
[1] "maxIt: 20"
[1] "It: 17"
 [1] "sigma:"            "0.972260809617858" "0.972260809617858"
 [4] "0.972260809617858" "0.972260809617858" "0.972260809617858"
 [7] "0.972260809617858" "0.972260809617858" "0.972260809617858"
[10] "0.342834205968155" "0.342834205968155" "0.342834205968155"
[13] "0.342834205968155" "0.342834205968155" "0.342834205968155"
[16] "0.342834205968155" "0.342834205968155" "0.342834205968155"
[19] "0.342834205968155" "0.342834205968155" "0.342834205968155"
[22] "0.342834205968155" "0.342834205968155" "0.342834205968155"
[25] "0.342834205968155" "0.342834205968155" "0.342834205968155"
[28] "0.342834205968155" "0.342834205968155" "0.342834205968155"
[31] "0.342834205968155" "0.342834205968155" "0.342834205968155"
[34] "0.342834205968155" "0.342834205968155" "0.342834205968155"
[37] "0.342834205968155" "0.342834205968155" "0.342834205968155"
[40] "0.342834205968155" "0.342834205968155" "beta :"           
[43] "1"                
[1] 10573112
[1] 10573100
[1] 10573118
 [1] "sigma:"            "0.972260809617858" "0.972260809617858"
 [4] "0.972260809617858" "0.972260809617858" "0.972260809617858"
 [7] "0.972260809617858" "0.972260809617858" "0.972260809617858"
[10] "0.342834205968155" "0.342834205968155" "0.342834205968155"
[13] "0.342834205968155" "0.342834205968155" "0.342834205968155"
[16] "0.342834205968155" "0.342834205968155" "0.342834205968155"
[19] "0.342834205968155" "0.342834205968155" "0.342834205968155"
[22] "0.342834205968155" "0.342834205968155" "0.342834205968155"
[25] "0.342834205968155" "0.342834205968155" "0.342834205968155"
[28] "0.342834205968155" "0.342834205968155" "0.342834205968155"
[31] "0.342834205968155" "0.342834205968155" "0.342834205968155"
[34] "0.342834205968155" "0.342834205968155" "0.342834205968155"
[37] "0.342834205968155" "0.342834205968155" "0.342834205968155"
[40] "0.342834205968155" "0.342834205968155" "beta :"           
[43] "1"                
[1] " old Likelihood:  -10573101.7803589"
[1] "New Likelihood:  -10573099.5816193"
iter:  0  f-value:  36978.54  pgrad:  0.6856684 
iter:  10  f-value:  36978.54  pgrad:  0.6851334 
iter:  20  f-value:  36978.53  pgrad:  0.6836747 
iter:  30  f-value:  36978.53  pgrad:  0.5646871 
  Unsuccessful convergence.
Time difference of 10.37113 mins
[1] "maxIt: 20"
[1] "It: 18"
 [1] "sigma:"            "0.972620687620535" "0.972620687620535"
 [4] "0.972620687620535" "0.972620687620535" "0.972620687620535"
 [7] "0.972620687620535" "0.972620687620535" "0.972620687620535"
[10] "0.34146085120608"  "0.34146085120608"  "0.34146085120608" 
[13] "0.34146085120608"  "0.34146085120608"  "0.34146085120608" 
[16] "0.34146085120608"  "0.34146085120608"  "0.34146085120608" 
[19] "0.34146085120608"  "0.34146085120608"  "0.34146085120608" 
[22] "0.34146085120608"  "0.34146085120608"  "0.34146085120608" 
[25] "0.34146085120608"  "0.34146085120608"  "0.34146085120608" 
[28] "0.34146085120608"  "0.34146085120608"  "0.34146085120608" 
[31] "0.34146085120608"  "0.34146085120608"  "0.34146085120608" 
[34] "0.34146085120608"  "0.34146085120608"  "0.34146085120608" 
[37] "0.34146085120608"  "0.34146085120608"  "0.34146085120608" 
[40] "0.34146085120608"  "0.34146085120608"  "beta :"           
[43] "1"                
[1] 10573110
[1] 10573097
[1] 10573116
 [1] "sigma:"            "0.972620687620535" "0.972620687620535"
 [4] "0.972620687620535" "0.972620687620535" "0.972620687620535"
 [7] "0.972620687620535" "0.972620687620535" "0.972620687620535"
[10] "0.34146085120608"  "0.34146085120608"  "0.34146085120608" 
[13] "0.34146085120608"  "0.34146085120608"  "0.34146085120608" 
[16] "0.34146085120608"  "0.34146085120608"  "0.34146085120608" 
[19] "0.34146085120608"  "0.34146085120608"  "0.34146085120608" 
[22] "0.34146085120608"  "0.34146085120608"  "0.34146085120608" 
[25] "0.34146085120608"  "0.34146085120608"  "0.34146085120608" 
[28] "0.34146085120608"  "0.34146085120608"  "0.34146085120608" 
[31] "0.34146085120608"  "0.34146085120608"  "0.34146085120608" 
[34] "0.34146085120608"  "0.34146085120608"  "0.34146085120608" 
[37] "0.34146085120608"  "0.34146085120608"  "0.34146085120608" 
[40] "0.34146085120608"  "0.34146085120608"  "beta :"           
[43] "1"                
[1] " old Likelihood:  -10573099.5816193"
[1] "New Likelihood:  -10573097.4200261"
iter:  0  f-value:  37014.95  pgrad:  0.6829217 
iter:  10  f-value:  37014.95  pgrad:  0.6825019 
iter:  20  f-value:  37014.95  pgrad:  0.6810187 
iter:  30  f-value:  37014.95  pgrad:  0.4294998 
  Unsuccessful convergence.
Time difference of 10.31756 mins
[1] "maxIt: 20"
[1] "It: 19"
 [1] "sigma:"            "0.972941698883085" "0.972941698883085"
 [4] "0.972941698883085" "0.972941698883085" "0.972941698883085"
 [7] "0.972941698883085" "0.972941698883085" "0.972941698883085"
[10] "0.340237913838059" "0.340237913838059" "0.340237913838059"
[13] "0.340237913838059" "0.340237913838059" "0.340237913838059"
[16] "0.340237913838059" "0.340237913838059" "0.340237913838059"
[19] "0.340237913838059" "0.340237913838059" "0.340237913838059"
[22] "0.340237913838059" "0.340237913838059" "0.340237913838059"
[25] "0.340237913838059" "0.340237913838059" "0.340237913838059"
[28] "0.340237913838059" "0.340237913838059" "0.340237913838059"
[31] "0.340237913838059" "0.340237913838059" "0.340237913838059"
[34] "0.340237913838059" "0.340237913838059" "0.340237913838059"
[37] "0.340237913838059" "0.340237913838059" "0.340237913838059"
[40] "0.340237913838059" "0.340237913838059" "beta :"           
[43] "1"                
[1] 10573109
[1] 10573095
[1] 10573113
 [1] "sigma:"            "0.972941698883085" "0.972941698883085"
 [4] "0.972941698883085" "0.972941698883085" "0.972941698883085"
 [7] "0.972941698883085" "0.972941698883085" "0.972941698883085"
[10] "0.340237913838059" "0.340237913838059" "0.340237913838059"
[13] "0.340237913838059" "0.340237913838059" "0.340237913838059"
[16] "0.340237913838059" "0.340237913838059" "0.340237913838059"
[19] "0.340237913838059" "0.340237913838059" "0.340237913838059"
[22] "0.340237913838059" "0.340237913838059" "0.340237913838059"
[25] "0.340237913838059" "0.340237913838059" "0.340237913838059"
[28] "0.340237913838059" "0.340237913838059" "0.340237913838059"
[31] "0.340237913838059" "0.340237913838059" "0.340237913838059"
[34] "0.340237913838059" "0.340237913838059" "0.340237913838059"
[37] "0.340237913838059" "0.340237913838059" "0.340237913838059"
[40] "0.340237913838059" "0.340237913838059" "beta :"           
[43] "1"                
[1] " old Likelihood:  -10573097.4200261"
[1] "New Likelihood:  -10573095.4883532"
iter:  0  f-value:  37047.6  pgrad:  0.6804758 
iter:  10  f-value:  37047.6  pgrad:  0.6799909 
iter:  20  f-value:  37047.6  pgrad:  0.6788393 
iter:  30  f-value:  37047.6  pgrad:  0.5098136 
  Unsuccessful convergence.
Time difference of 10.28555 mins
[1] "maxIt: 20"
[1] "It: 20"
 [1] "sigma:"            "0.973332674850499" "0.973332674850499"
 [4] "0.973332674850499" "0.973332674850499" "0.973332674850499"
 [7] "0.973332674850499" "0.973332674850499" "0.973332674850499"
[10] "0.338908512787438" "0.338908512787438" "0.338908512787438"
[13] "0.338908512787438" "0.338908512787438" "0.338908512787438"
[16] "0.338908512787438" "0.338908512787438" "0.338908512787438"
[19] "0.338908512787438" "0.338908512787438" "0.338908512787438"
[22] "0.338908512787438" "0.338908512787438" "0.338908512787438"
[25] "0.338908512787438" "0.338908512787438" "0.338908512787438"
[28] "0.338908512787438" "0.338908512787438" "0.338908512787438"
[31] "0.338908512787438" "0.338908512787438" "0.338908512787438"
[34] "0.338908512787438" "0.338908512787438" "0.338908512787438"
[37] "0.338908512787438" "0.338908512787438" "0.338908512787438"
[40] "0.338908512787438" "0.338908512787438" "beta :"           
[43] "1"                
[1] 10573107
[1] 10573094
[1] 10573111
 [1] "sigma:"            "0.973332674850499" "0.973332674850499"
 [4] "0.973332674850499" "0.973332674850499" "0.973332674850499"
 [7] "0.973332674850499" "0.973332674850499" "0.973332674850499"
[10] "0.338908512787438" "0.338908512787438" "0.338908512787438"
[13] "0.338908512787438" "0.338908512787438" "0.338908512787438"
[16] "0.338908512787438" "0.338908512787438" "0.338908512787438"
[19] "0.338908512787438" "0.338908512787438" "0.338908512787438"
[22] "0.338908512787438" "0.338908512787438" "0.338908512787438"
[25] "0.338908512787438" "0.338908512787438" "0.338908512787438"
[28] "0.338908512787438" "0.338908512787438" "0.338908512787438"
[31] "0.338908512787438" "0.338908512787438" "0.338908512787438"
[34] "0.338908512787438" "0.338908512787438" "0.338908512787438"
[37] "0.338908512787438" "0.338908512787438" "0.338908512787438"
[40] "0.338908512787438" "0.338908512787438" "beta :"           
[43] "1"                
[1] " old Likelihood:  -10573095.4883532"
[1] "New Likelihood:  -10573093.5718219"
iter:  0  f-value:  37083.17  pgrad:  0.677817 
iter:  10  f-value:  37083.17  pgrad:  0.6773639 
iter:  20  f-value:  37083.17  pgrad:  0.641885 
iter:  30  f-value:  37083.17  pgrad:  0.4779577 
  Unsuccessful convergence.
Time difference of 10.35106 mins
 [1] "sigma:"            "0.973570924774252" "0.973570924774252"
 [4] "0.973570924774252" "0.973570924774252" "0.973570924774252"
 [7] "0.973570924774252" "0.973570924774252" "0.973570924774252"
[10] "0.33787936947555"  "0.33787936947555"  "0.33787936947555" 
[13] "0.33787936947555"  "0.33787936947555"  "0.33787936947555" 
[16] "0.33787936947555"  "0.33787936947555"  "0.33787936947555" 
[19] "0.33787936947555"  "0.33787936947555"  "0.33787936947555" 
[22] "0.33787936947555"  "0.33787936947555"  "0.33787936947555" 
[25] "0.33787936947555"  "0.33787936947555"  "0.33787936947555" 
[28] "0.33787936947555"  "0.33787936947555"  "0.33787936947555" 
[31] "0.33787936947555"  "0.33787936947555"  "0.33787936947555" 
[34] "0.33787936947555"  "0.33787936947555"  "0.33787936947555" 
[37] "0.33787936947555"  "0.33787936947555"  "0.33787936947555" 
[40] "0.33787936947555"  "0.33787936947555"  "beta :"           
[43] "1"                
[1] 1999234 1999950 1999634 1999948 1999856
[1] 1 1 1 1 1
saved RDS
inference successful
