[1] "Original length"
[1] 999257
[1] "Final length"
[1] 19872
[1] "sequence length : 999258" "sequence length : 999928"
[3] "sequence length : 999791" "sequence length : 999516"
[5] "sequence length : 999902"
[1] 1 1 1 1 1
[1] "Beta: 1"
[1] "Self: 0.5"
 [1] 0 0 0 0 0 0 0 0 0 0 0 0 0 0 0 0 0 0 0 0
[1] "maxIt: 20"
[1] "It: 1"
 [1] "sigma:" "0.5"    "0.5"    "0.5"    "0.5"    "0.5"    "0.5"    "0.5"   
 [9] "0.5"    "0.5"    "0.5"    "0.5"    "0.5"    "0.5"    "0.5"    "0.5"   
[17] "0.5"    "0.5"    "0.5"    "0"      "0"      "0"      "0"      "0"     
[25] "0"      "0"      "0"      "0"      "0"      "0"      "0"      "0"     
[33] "0"      "0"      "0"      "0"      "0"      "0"      "0"      "0"     
[41] "0"      "beta :" "1"     
[1] 10295531
[1] 10295525
[1] 10295523
[1] 10295521
[1] 10295520
[1] 10295521
[1] 10295525
[1] 10295533
[1] 10295547
[1] 10295570
[1] 10295605
[1] 10295656
[1] 10295724
[1] 10295803
[1] 10295886
[1] 10295956
[1] 10295989
[1] 10295985
[1] 10295966
[1] 10295956
[1] 10295954
 [1] "sigma:" "0.5"    "0.5"    "0.5"    "0.5"    "0.5"    "0.5"    "0.5"   
 [9] "0.5"    "0.425"  "0.425"  "0.425"  "0.425"  "0.425"  "0.425"  "0.425" 
[17] "0.425"  "0.425"  "0.425"  "0.425"  "0.425"  "0.425"  "0.425"  "0.425" 
[25] "0.425"  "0.425"  "0.425"  "0.425"  "0.425"  "0.425"  "0.425"  "0.425" 
[33] "0.425"  "0.425"  "0.425"  "0.425"  "0.425"  "0.425"  "0.425"  "0.425" 
[41] "0.425"  "beta :" "1"     
[1] "New Likelihood:  -10295520.0891394"
iter:  0  f-value:  34308.62  pgrad:  0.85 
iter:  10  f-value:  34308.27  pgrad:  0.8420715 
iter:  20  f-value:  34308.23  pgrad:  0.8373369 
iter:  30  f-value:  34308.22  pgrad:  0.8333269 
  Unsuccessful convergence.
Time difference of 31.79808 mins
[1] "maxIt: 20"
[1] "It: 2"
 [1] "sigma:"            "0.500884824064498" "0.500884824064498"
 [4] "0.500884824064498" "0.500884824064498" "0.500884824064498"
 [7] "0.500884824064498" "0.500884824064498" "0.500884824064498"
[10] "0.416620533171521" "0.416620533171521" "0.416620533171521"
[13] "0.416620533171521" "0.416620533171521" "0.416620533171521"
[16] "0.416620533171521" "0.416620533171521" "0.416620533171521"
[19] "0.416620533171521" "0.416620533171521" "0.416620533171521"
[22] "0.416620533171521" "0.416620533171521" "0.416620533171521"
[25] "0.416620533171521" "0.416620533171521" "0.416620533171521"
[28] "0.416620533171521" "0.416620533171521" "0.416620533171521"
[31] "0.416620533171521" "0.416620533171521" "0.416620533171521"
[34] "0.416620533171521" "0.416620533171521" "0.416620533171521"
[37] "0.416620533171521" "0.416620533171521" "0.416620533171521"
[40] "0.416620533171521" "0.416620533171521" "beta :"           
[43] "1"                
[1] 10295295
[1] 10295294
[1] 10295335
 [1] "sigma:"            "0.966384824064498" "0.966384824064498"
 [4] "0.966384824064498" "0.966384824064498" "0.966384824064498"
 [7] "0.966384824064498" "0.966384824064498" "0.966384824064498"
[10] "0.391620533171521" "0.391620533171521" "0.391620533171521"
[13] "0.391620533171521" "0.391620533171521" "0.391620533171521"
[16] "0.391620533171521" "0.391620533171521" "0.391620533171521"
[19] "0.391620533171521" "0.391620533171521" "0.391620533171521"
[22] "0.391620533171521" "0.391620533171521" "0.391620533171521"
[25] "0.391620533171521" "0.391620533171521" "0.391620533171521"
[28] "0.391620533171521" "0.391620533171521" "0.391620533171521"
[31] "0.391620533171521" "0.391620533171521" "0.391620533171521"
[34] "0.391620533171521" "0.391620533171521" "0.391620533171521"
[37] "0.391620533171521" "0.391620533171521" "0.391620533171521"
[40] "0.391620533171521" "0.391620533171521" "beta :"           
[43] "1"                
[1] " old Likelihood:  -10295520.0891394"
[1] "New Likelihood:  -10295293.8233864"
iter:  0  f-value:  35121.34  pgrad:  0.5025238 
iter:  10  f-value:  35121.05  pgrad:  0.7812291 
iter:  20  f-value:  35120.93  pgrad:  0.6021583 
iter:  30  f-value:  35120.93  pgrad:  0.5676702 
  Unsuccessful convergence.
Time difference of 23.09628 mins
[1] "maxIt: 20"
[1] "It: 3"
 [1] "sigma:"            "0.967017098137201" "0.967017098137201"
 [4] "0.967017098137201" "0.967017098137201" "0.967017098137201"
 [7] "0.967017098137201" "0.967017098137201" "0.967017098137201"
[10] "0.382243357415573" "0.382243357415573" "0.382243357415573"
[13] "0.382243357415573" "0.382243357415573" "0.382243357415573"
[16] "0.382243357415573" "0.382243357415573" "0.382243357415573"
[19] "0.382243357415573" "0.382243357415573" "0.382243357415573"
[22] "0.382243357415573" "0.382243357415573" "0.382243357415573"
[25] "0.382243357415573" "0.382243357415573" "0.382243357415573"
[28] "0.382243357415573" "0.382243357415573" "0.382243357415573"
[31] "0.382243357415573" "0.382243357415573" "0.382243357415573"
[34] "0.382243357415573" "0.382243357415573" "0.382243357415573"
[37] "0.382243357415573" "0.382243357415573" "0.382243357415573"
[40] "0.382243357415573" "0.382243357415573" "beta :"           
[43] "1"                
[1] 10295173
[1] 10295167
[1] 10295199
 [1] "sigma:"            "0.967017098137201" "0.967017098137201"
 [4] "0.967017098137201" "0.967017098137201" "0.967017098137201"
 [7] "0.967017098137201" "0.967017098137201" "0.967017098137201"
[10] "0.382243357415573" "0.382243357415573" "0.382243357415573"
[13] "0.382243357415573" "0.382243357415573" "0.382243357415573"
[16] "0.382243357415573" "0.382243357415573" "0.382243357415573"
[19] "0.382243357415573" "0.382243357415573" "0.382243357415573"
[22] "0.382243357415573" "0.382243357415573" "0.382243357415573"
[25] "0.382243357415573" "0.382243357415573" "0.382243357415573"
[28] "0.382243357415573" "0.382243357415573" "0.382243357415573"
[31] "0.382243357415573" "0.382243357415573" "0.382243357415573"
[34] "0.382243357415573" "0.382243357415573" "0.382243357415573"
[37] "0.382243357415573" "0.382243357415573" "0.382243357415573"
[40] "0.382243357415573" "0.382243357415573" "beta :"           
[43] "1"                
[1] " old Likelihood:  -10295293.8233864"
[1] "New Likelihood:  -10295166.6583946"
iter:  0  f-value:  35241.75  pgrad:  0.7644867 
iter:  10  f-value:  35241.65  pgrad:  0.7613861 
iter:  20  f-value:  35241.61  pgrad:  0.7555236 
iter:  30  f-value:  35241.59  pgrad:  0.7520297 
  Unsuccessful convergence.
Time difference of 10.34878 mins
[1] "maxIt: 20"
[1] "It: 4"
 [1] "sigma:"            "0.967396403295643" "0.967396403295643"
 [4] "0.967396403295643" "0.967396403295643" "0.967396403295643"
 [7] "0.967396403295643" "0.967396403295643" "0.967396403295643"
[10] "0.375858574696116" "0.375858574696116" "0.375858574696116"
[13] "0.375858574696116" "0.375858574696116" "0.375858574696116"
[16] "0.375858574696116" "0.375858574696116" "0.375858574696116"
[19] "0.375858574696116" "0.375858574696116" "0.375858574696116"
[22] "0.375858574696116" "0.375858574696116" "0.375858574696116"
[25] "0.375858574696116" "0.375858574696116" "0.375858574696116"
[28] "0.375858574696116" "0.375858574696116" "0.375858574696116"
[31] "0.375858574696116" "0.375858574696116" "0.375858574696116"
[34] "0.375858574696116" "0.375858574696116" "0.375858574696116"
[37] "0.375858574696116" "0.375858574696116" "0.375858574696116"
[40] "0.375858574696116" "0.375858574696116" "beta :"           
[43] "1"                
[1] 10295114
[1] 10295103
[1] 10295129
 [1] "sigma:"            "0.967396403295643" "0.967396403295643"
 [4] "0.967396403295643" "0.967396403295643" "0.967396403295643"
 [7] "0.967396403295643" "0.967396403295643" "0.967396403295643"
[10] "0.350858574696116" "0.350858574696116" "0.350858574696116"
[13] "0.350858574696116" "0.350858574696116" "0.350858574696116"
[16] "0.350858574696116" "0.350858574696116" "0.350858574696116"
[19] "0.350858574696116" "0.350858574696116" "0.350858574696116"
[22] "0.350858574696116" "0.350858574696116" "0.350858574696116"
[25] "0.350858574696116" "0.350858574696116" "0.350858574696116"
[28] "0.350858574696116" "0.350858574696116" "0.350858574696116"
[31] "0.350858574696116" "0.350858574696116" "0.350858574696116"
[34] "0.350858574696116" "0.350858574696116" "0.350858574696116"
[37] "0.350858574696116" "0.350858574696116" "0.350858574696116"
[40] "0.350858574696116" "0.350858574696116" "beta :"           
[43] "1"                
[1] " old Likelihood:  -10295166.6583946"
[1] "New Likelihood:  -10295102.9149244"
iter:  0  f-value:  36213.51  pgrad:  0.500718 
iter:  10  f-value:  36213.37  pgrad:  0.7005558 
iter:  20  f-value:  36213.31  pgrad:  0.6910012 
iter:  30  f-value:  36213.3  pgrad:  0.6897874 
  Unsuccessful convergence.
Time difference of 10.98339 mins
[1] "maxIt: 20"
[1] "It: 5"
 [1] "sigma:"            "0.967892425861685" "0.967892425861685"
 [4] "0.967892425861685" "0.967892425861685" "0.967892425861685"
 [7] "0.967892425861685" "0.967892425861685" "0.967892425861685"
[10] "0.344825859604494" "0.344825859604494" "0.344825859604494"
[13] "0.344825859604494" "0.344825859604494" "0.344825859604494"
[16] "0.344825859604494" "0.344825859604494" "0.344825859604494"
[19] "0.344825859604494" "0.344825859604494" "0.344825859604494"
[22] "0.344825859604494" "0.344825859604494" "0.344825859604494"
[25] "0.344825859604494" "0.344825859604494" "0.344825859604494"
[28] "0.344825859604494" "0.344825859604494" "0.344825859604494"
[31] "0.344825859604494" "0.344825859604494" "0.344825859604494"
[34] "0.344825859604494" "0.344825859604494" "0.344825859604494"
[37] "0.344825859604494" "0.344825859604494" "0.344825859604494"
[40] "0.344825859604494" "0.344825859604494" "beta :"           
[43] "1"                
[1] 10295056
[1] 10295041
[1] 10295061
 [1] "sigma:"            "0.967892425861685" "0.967892425861685"
 [4] "0.967892425861685" "0.967892425861685" "0.967892425861685"
 [7] "0.967892425861685" "0.967892425861685" "0.967892425861685"
[10] "0.344825859604494" "0.344825859604494" "0.344825859604494"
[13] "0.344825859604494" "0.344825859604494" "0.344825859604494"
[16] "0.344825859604494" "0.344825859604494" "0.344825859604494"
[19] "0.344825859604494" "0.344825859604494" "0.344825859604494"
[22] "0.344825859604494" "0.344825859604494" "0.344825859604494"
[25] "0.344825859604494" "0.344825859604494" "0.344825859604494"
[28] "0.344825859604494" "0.344825859604494" "0.344825859604494"
[31] "0.344825859604494" "0.344825859604494" "0.344825859604494"
[34] "0.344825859604494" "0.344825859604494" "0.344825859604494"
[37] "0.344825859604494" "0.344825859604494" "0.344825859604494"
[40] "0.344825859604494" "0.344825859604494" "beta :"           
[43] "1"                
[1] " old Likelihood:  -10295102.9149244"
[1] "New Likelihood:  -10295040.731726"
iter:  0  f-value:  36270.64  pgrad:  0.6896517 
iter:  10  f-value:  36270.58  pgrad:  0.6874642 
iter:  20  f-value:  36270.57  pgrad:  0.6844393 
iter:  30  f-value:  36270.55  pgrad:  0.680322 
  Unsuccessful convergence.
Time difference of 10.32295 mins
[1] "maxIt: 20"
[1] "It: 6"
 [1] "sigma:"            "0.968332708273991" "0.968332708273991"
 [4] "0.968332708273991" "0.968332708273991" "0.968332708273991"
 [7] "0.968332708273991" "0.968332708273991" "0.968332708273991"
[10] "0.340073334733289" "0.340073334733289" "0.340073334733289"
[13] "0.340073334733289" "0.340073334733289" "0.340073334733289"
[16] "0.340073334733289" "0.340073334733289" "0.340073334733289"
[19] "0.340073334733289" "0.340073334733289" "0.340073334733289"
[22] "0.340073334733289" "0.340073334733289" "0.340073334733289"
[25] "0.340073334733289" "0.340073334733289" "0.340073334733289"
[28] "0.340073334733289" "0.340073334733289" "0.340073334733289"
[31] "0.340073334733289" "0.340073334733289" "0.340073334733289"
[34] "0.340073334733289" "0.340073334733289" "0.340073334733289"
[37] "0.340073334733289" "0.340073334733289" "0.340073334733289"
[40] "0.340073334733289" "0.340073334733289" "beta :"           
[43] "1"                
[1] 10295032
[1] 10295014
[1] 10295031
 [1] "sigma:"            "0.968332708273991" "0.968332708273991"
 [4] "0.968332708273991" "0.968332708273991" "0.968332708273991"
 [7] "0.968332708273991" "0.968332708273991" "0.968332708273991"
[10] "0.340073334733289" "0.340073334733289" "0.340073334733289"
[13] "0.340073334733289" "0.340073334733289" "0.340073334733289"
[16] "0.340073334733289" "0.340073334733289" "0.340073334733289"
[19] "0.340073334733289" "0.340073334733289" "0.340073334733289"
[22] "0.340073334733289" "0.340073334733289" "0.340073334733289"
[25] "0.340073334733289" "0.340073334733289" "0.340073334733289"
[28] "0.340073334733289" "0.340073334733289" "0.340073334733289"
[31] "0.340073334733289" "0.340073334733289" "0.340073334733289"
[34] "0.340073334733289" "0.340073334733289" "0.340073334733289"
[37] "0.340073334733289" "0.340073334733289" "0.340073334733289"
[40] "0.340073334733289" "0.340073334733289" "beta :"           
[43] "1"                
[1] " old Likelihood:  -10295040.731726"
[1] "New Likelihood:  -10295013.982852"
iter:  0  f-value:  36344.26  pgrad:  0.6801467 
iter:  10  f-value:  36344.24  pgrad:  0.6788645 
iter:  20  f-value:  36344.21  pgrad:  0.5769107 
iter:  30  f-value:  36344.21  pgrad:  0.4559843 
  Unsuccessful convergence.
Time difference of 10.31867 mins
[1] "maxIt: 20"
[1] "It: 7"
 [1] "sigma:"            "0.96887722123231"  "0.96887722123231" 
 [4] "0.96887722123231"  "0.96887722123231"  "0.96887722123231" 
 [7] "0.96887722123231"  "0.96887722123231"  "0.96887722123231" 
[10] "0.335265125948352" "0.335265125948352" "0.335265125948352"
[13] "0.335265125948352" "0.335265125948352" "0.335265125948352"
[16] "0.335265125948352" "0.335265125948352" "0.335265125948352"
[19] "0.335265125948352" "0.335265125948352" "0.335265125948352"
[22] "0.335265125948352" "0.335265125948352" "0.335265125948352"
[25] "0.335265125948352" "0.335265125948352" "0.335265125948352"
[28] "0.335265125948352" "0.335265125948352" "0.335265125948352"
[31] "0.335265125948352" "0.335265125948352" "0.335265125948352"
[34] "0.335265125948352" "0.335265125948352" "0.335265125948352"
[37] "0.335265125948352" "0.335265125948352" "0.335265125948352"
[40] "0.335265125948352" "0.335265125948352" "beta :"           
[43] "1"                
[1] 10295012
[1] 10294990
[1] 10295004
 [1] "sigma:"            "0.96887722123231"  "0.96887722123231" 
 [4] "0.96887722123231"  "0.96887722123231"  "0.96887722123231" 
 [7] "0.96887722123231"  "0.96887722123231"  "0.96887722123231" 
[10] "0.310265125948352" "0.310265125948352" "0.310265125948352"
[13] "0.310265125948352" "0.310265125948352" "0.310265125948352"
[16] "0.310265125948352" "0.310265125948352" "0.310265125948352"
[19] "0.310265125948352" "0.310265125948352" "0.310265125948352"
[22] "0.310265125948352" "0.310265125948352" "0.310265125948352"
[25] "0.310265125948352" "0.310265125948352" "0.310265125948352"
[28] "0.310265125948352" "0.310265125948352" "0.310265125948352"
[31] "0.310265125948352" "0.310265125948352" "0.310265125948352"
[34] "0.310265125948352" "0.310265125948352" "0.310265125948352"
[37] "0.310265125948352" "0.310265125948352" "0.310265125948352"
[40] "0.310265125948352" "0.310265125948352" "beta :"           
[43] "1"                
[1] " old Likelihood:  -10295013.982852"
[1] "New Likelihood:  -10294990.4354986"
iter:  0  f-value:  37269.23  pgrad:  0.5021669 
iter:  10  f-value:  37269.13  pgrad:  0.6188824 
iter:  20  f-value:  37269.12  pgrad:  0.6161539 
iter:  30  f-value:  37269.13  pgrad:  0.5069246 
  Unsuccessful convergence.
Time difference of 10.94982 mins
[1] "maxIt: 20"
[1] "It: 8"
 [1] "sigma:"            "0.970034727270638" "0.970034727270638"
 [4] "0.970034727270638" "0.970034727270638" "0.970034727270638"
 [7] "0.970034727270638" "0.970034727270638" "0.970034727270638"
[10] "0.304959550466988" "0.304959550466988" "0.304959550466988"
[13] "0.304959550466988" "0.304959550466988" "0.304959550466988"
[16] "0.304959550466988" "0.304959550466988" "0.304959550466988"
[19] "0.304959550466988" "0.304959550466988" "0.304959550466988"
[22] "0.304959550466988" "0.304959550466988" "0.304959550466988"
[25] "0.304959550466988" "0.304959550466988" "0.304959550466988"
[28] "0.304959550466988" "0.304959550466988" "0.304959550466988"
[31] "0.304959550466988" "0.304959550466988" "0.304959550466988"
[34] "0.304959550466988" "0.304959550466988" "0.304959550466988"
[37] "0.304959550466988" "0.304959550466988" "0.304959550466988"
[40] "0.304959550466988" "0.304959550466988" "beta :"           
[43] "1"                
[1] 10294979
[1] 10294954
[1] 10294962
 [1] "sigma:"            "0.970034727270638" "0.970034727270638"
 [4] "0.970034727270638" "0.970034727270638" "0.970034727270638"
 [7] "0.970034727270638" "0.970034727270638" "0.970034727270638"
[10] "0.304959550466988" "0.304959550466988" "0.304959550466988"
[13] "0.304959550466988" "0.304959550466988" "0.304959550466988"
[16] "0.304959550466988" "0.304959550466988" "0.304959550466988"
[19] "0.304959550466988" "0.304959550466988" "0.304959550466988"
[22] "0.304959550466988" "0.304959550466988" "0.304959550466988"
[25] "0.304959550466988" "0.304959550466988" "0.304959550466988"
[28] "0.304959550466988" "0.304959550466988" "0.304959550466988"
[31] "0.304959550466988" "0.304959550466988" "0.304959550466988"
[34] "0.304959550466988" "0.304959550466988" "0.304959550466988"
[37] "0.304959550466988" "0.304959550466988" "0.304959550466988"
[40] "0.304959550466988" "0.304959550466988" "beta :"           
[43] "1"                
[1] " old Likelihood:  -10294990.4354986"
[1] "New Likelihood:  -10294953.651084"
iter:  0  f-value:  37320.49  pgrad:  0.4947232 
iter:  10  f-value:  37320.46  pgrad:  0.6086902 
iter:  20  f-value:  37320.45  pgrad:  0.6061622 
iter:  30  f-value:  37320.44  pgrad:  0.604741 
  Unsuccessful convergence.
Time difference of 10.31494 mins
[1] "maxIt: 20"
[1] "It: 9"
 [1] "sigma:"            "0.970674438985628" "0.970674438985628"
 [4] "0.970674438985628" "0.970674438985628" "0.970674438985628"
 [7] "0.970674438985628" "0.970674438985628" "0.970674438985628"
[10] "0.301507948139064" "0.301507948139064" "0.301507948139064"
[13] "0.301507948139064" "0.301507948139064" "0.301507948139064"
[16] "0.301507948139064" "0.301507948139064" "0.301507948139064"
[19] "0.301507948139064" "0.301507948139064" "0.301507948139064"
[22] "0.301507948139064" "0.301507948139064" "0.301507948139064"
[25] "0.301507948139064" "0.301507948139064" "0.301507948139064"
[28] "0.301507948139064" "0.301507948139064" "0.301507948139064"
[31] "0.301507948139064" "0.301507948139064" "0.301507948139064"
[34] "0.301507948139064" "0.301507948139064" "0.301507948139064"
[37] "0.301507948139064" "0.301507948139064" "0.301507948139064"
[40] "0.301507948139064" "0.301507948139064" "beta :"           
[43] "1"                
[1] 10294966
[1] 10294940
[1] 10294945
 [1] "sigma:"            "0.970674438985628" "0.970674438985628"
 [4] "0.970674438985628" "0.970674438985628" "0.970674438985628"
 [7] "0.970674438985628" "0.970674438985628" "0.970674438985628"
[10] "0.301507948139064" "0.301507948139064" "0.301507948139064"
[13] "0.301507948139064" "0.301507948139064" "0.301507948139064"
[16] "0.301507948139064" "0.301507948139064" "0.301507948139064"
[19] "0.301507948139064" "0.301507948139064" "0.301507948139064"
[22] "0.301507948139064" "0.301507948139064" "0.301507948139064"
[25] "0.301507948139064" "0.301507948139064" "0.301507948139064"
[28] "0.301507948139064" "0.301507948139064" "0.301507948139064"
[31] "0.301507948139064" "0.301507948139064" "0.301507948139064"
[34] "0.301507948139064" "0.301507948139064" "0.301507948139064"
[37] "0.301507948139064" "0.301507948139064" "0.301507948139064"
[40] "0.301507948139064" "0.301507948139064" "beta :"           
[43] "1"                
[1] " old Likelihood:  -10294953.651084"
[1] "New Likelihood:  -10294939.6572339"
iter:  0  f-value:  37365.93  pgrad:  0.6030159 
iter:  10  f-value:  37365.92  pgrad:  0.602191 
iter:  20  f-value:  37365.91  pgrad:  0.5972711 
iter:  30  f-value:  37365.91  pgrad:  0.5969755 
  Unsuccessful convergence.
Time difference of 10.32164 mins
[1] "maxIt: 20"
[1] "It: 10"
 [1] "sigma:"            "0.971286171872104" "0.971286171872104"
 [4] "0.971286171872104" "0.971286171872104" "0.971286171872104"
 [7] "0.971286171872104" "0.971286171872104" "0.971286171872104"
[10] "0.298477529554806" "0.298477529554806" "0.298477529554806"
[13] "0.298477529554806" "0.298477529554806" "0.298477529554806"
[16] "0.298477529554806" "0.298477529554806" "0.298477529554806"
[19] "0.298477529554806" "0.298477529554806" "0.298477529554806"
[22] "0.298477529554806" "0.298477529554806" "0.298477529554806"
[25] "0.298477529554806" "0.298477529554806" "0.298477529554806"
[28] "0.298477529554806" "0.298477529554806" "0.298477529554806"
[31] "0.298477529554806" "0.298477529554806" "0.298477529554806"
[34] "0.298477529554806" "0.298477529554806" "0.298477529554806"
[37] "0.298477529554806" "0.298477529554806" "0.298477529554806"
[40] "0.298477529554806" "0.298477529554806" "beta :"           
[43] "1"                
[1] 10294959
[1] 10294931
[1] 10294936
 [1] "sigma:"            "0.971286171872104" "0.971286171872104"
 [4] "0.971286171872104" "0.971286171872104" "0.971286171872104"
 [7] "0.971286171872104" "0.971286171872104" "0.971286171872104"
[10] "0.298477529554806" "0.298477529554806" "0.298477529554806"
[13] "0.298477529554806" "0.298477529554806" "0.298477529554806"
[16] "0.298477529554806" "0.298477529554806" "0.298477529554806"
[19] "0.298477529554806" "0.298477529554806" "0.298477529554806"
[22] "0.298477529554806" "0.298477529554806" "0.298477529554806"
[25] "0.298477529554806" "0.298477529554806" "0.298477529554806"
[28] "0.298477529554806" "0.298477529554806" "0.298477529554806"
[31] "0.298477529554806" "0.298477529554806" "0.298477529554806"
[34] "0.298477529554806" "0.298477529554806" "0.298477529554806"
[37] "0.298477529554806" "0.298477529554806" "0.298477529554806"
[40] "0.298477529554806" "0.298477529554806" "beta :"           
[43] "1"                
[1] " old Likelihood:  -10294939.6572339"
[1] "New Likelihood:  -10294931.4153607"
iter:  0  f-value:  37419.61  pgrad:  0.5969551 
iter:  10  f-value:  37419.6  pgrad:  0.596247 
iter:  20  f-value:  37419.59  pgrad:  0.5920934 
iter:  30  f-value:  37419.59  pgrad:  0.5832408 
  Unsuccessful convergence.
Time difference of 10.36218 mins
[1] "maxIt: 20"
[1] "It: 11"
 [1] "sigma:"            "0.971895818423353" "0.971895818423353"
 [4] "0.971895818423353" "0.971895818423353" "0.971895818423353"
 [7] "0.971895818423353" "0.971895818423353" "0.971895818423353"
[10] "0.295784114432935" "0.295784114432935" "0.295784114432935"
[13] "0.295784114432935" "0.295784114432935" "0.295784114432935"
[16] "0.295784114432935" "0.295784114432935" "0.295784114432935"
[19] "0.295784114432935" "0.295784114432935" "0.295784114432935"
[22] "0.295784114432935" "0.295784114432935" "0.295784114432935"
[25] "0.295784114432935" "0.295784114432935" "0.295784114432935"
[28] "0.295784114432935" "0.295784114432935" "0.295784114432935"
[31] "0.295784114432935" "0.295784114432935" "0.295784114432935"
[34] "0.295784114432935" "0.295784114432935" "0.295784114432935"
[37] "0.295784114432935" "0.295784114432935" "0.295784114432935"
[40] "0.295784114432935" "0.295784114432935" "beta :"           
[43] "1"                
[1] 10294954
[1] 10294926
[1] 10294929
 [1] "sigma:"            "0.971895818423353" "0.971895818423353"
 [4] "0.971895818423353" "0.971895818423353" "0.971895818423353"
 [7] "0.971895818423353" "0.971895818423353" "0.971895818423353"
[10] "0.295784114432935" "0.295784114432935" "0.295784114432935"
[13] "0.295784114432935" "0.295784114432935" "0.295784114432935"
[16] "0.295784114432935" "0.295784114432935" "0.295784114432935"
[19] "0.295784114432935" "0.295784114432935" "0.295784114432935"
[22] "0.295784114432935" "0.295784114432935" "0.295784114432935"
[25] "0.295784114432935" "0.295784114432935" "0.295784114432935"
[28] "0.295784114432935" "0.295784114432935" "0.295784114432935"
[31] "0.295784114432935" "0.295784114432935" "0.295784114432935"
[34] "0.295784114432935" "0.295784114432935" "0.295784114432935"
[37] "0.295784114432935" "0.295784114432935" "0.295784114432935"
[40] "0.295784114432935" "0.295784114432935" "beta :"           
[43] "1"                
[1] " old Likelihood:  -10294931.4153607"
[1] "New Likelihood:  -10294925.5654898"
iter:  0  f-value:  37474.22  pgrad:  0.5915682 
iter:  10  f-value:  37474.22  pgrad:  0.5908431 
iter:  20  f-value:  37474.21  pgrad:  0.5872723 
iter:  30  f-value:  37474.21  pgrad:  0.5773472 
  Unsuccessful convergence.
Time difference of 10.34856 mins
[1] "maxIt: 20"
[1] "It: 12"
 [1] "sigma:"            "0.972478683013078" "0.972478683013078"
 [4] "0.972478683013078" "0.972478683013078" "0.972478683013078"
 [7] "0.972478683013078" "0.972478683013078" "0.972478683013078"
[10] "0.293372441907679" "0.293372441907679" "0.293372441907679"
[13] "0.293372441907679" "0.293372441907679" "0.293372441907679"
[16] "0.293372441907679" "0.293372441907679" "0.293372441907679"
[19] "0.293372441907679" "0.293372441907679" "0.293372441907679"
[22] "0.293372441907679" "0.293372441907679" "0.293372441907679"
[25] "0.293372441907679" "0.293372441907679" "0.293372441907679"
[28] "0.293372441907679" "0.293372441907679" "0.293372441907679"
[31] "0.293372441907679" "0.293372441907679" "0.293372441907679"
[34] "0.293372441907679" "0.293372441907679" "0.293372441907679"
[37] "0.293372441907679" "0.293372441907679" "0.293372441907679"
[40] "0.293372441907679" "0.293372441907679" "beta :"           
[43] "1"                
[1] 10294950
[1] 10294921
[1] 10294924
 [1] "sigma:"            "0.972478683013078" "0.972478683013078"
 [4] "0.972478683013078" "0.972478683013078" "0.972478683013078"
 [7] "0.972478683013078" "0.972478683013078" "0.972478683013078"
[10] "0.293372441907679" "0.293372441907679" "0.293372441907679"
[13] "0.293372441907679" "0.293372441907679" "0.293372441907679"
[16] "0.293372441907679" "0.293372441907679" "0.293372441907679"
[19] "0.293372441907679" "0.293372441907679" "0.293372441907679"
[22] "0.293372441907679" "0.293372441907679" "0.293372441907679"
[25] "0.293372441907679" "0.293372441907679" "0.293372441907679"
[28] "0.293372441907679" "0.293372441907679" "0.293372441907679"
[31] "0.293372441907679" "0.293372441907679" "0.293372441907679"
[34] "0.293372441907679" "0.293372441907679" "0.293372441907679"
[37] "0.293372441907679" "0.293372441907679" "0.293372441907679"
[40] "0.293372441907679" "0.293372441907679" "beta :"           
[43] "1"                
[1] " old Likelihood:  -10294925.5654898"
[1] "New Likelihood:  -10294921.0569371"
iter:  0  f-value:  37526.82  pgrad:  0.5867449 
iter:  10  f-value:  37526.81  pgrad:  0.5860102 
iter:  20  f-value:  37526.81  pgrad:  0.5842996 
iter:  30  f-value:  37526.81  pgrad:  0.5830659 
  Unsuccessful convergence.
Time difference of 10.32584 mins
[1] "maxIt: 20"
[1] "It: 13"
 [1] "sigma:"            "0.972922961160972" "0.972922961160972"
 [4] "0.972922961160972" "0.972922961160972" "0.972922961160972"
 [7] "0.972922961160972" "0.972922961160972" "0.972922961160972"
[10] "0.291516469884771" "0.291516469884771" "0.291516469884771"
[13] "0.291516469884771" "0.291516469884771" "0.291516469884771"
[16] "0.291516469884771" "0.291516469884771" "0.291516469884771"
[19] "0.291516469884771" "0.291516469884771" "0.291516469884771"
[22] "0.291516469884771" "0.291516469884771" "0.291516469884771"
[25] "0.291516469884771" "0.291516469884771" "0.291516469884771"
[28] "0.291516469884771" "0.291516469884771" "0.291516469884771"
[31] "0.291516469884771" "0.291516469884771" "0.291516469884771"
[34] "0.291516469884771" "0.291516469884771" "0.291516469884771"
[37] "0.291516469884771" "0.291516469884771" "0.291516469884771"
[40] "0.291516469884771" "0.291516469884771" "beta :"           
[43] "1"                
[1] 10294947
[1] 10294918
[1] 10294921
 [1] "sigma:"            "0.972922961160972" "0.972922961160972"
 [4] "0.972922961160972" "0.972922961160972" "0.972922961160972"
 [7] "0.972922961160972" "0.972922961160972" "0.972922961160972"
[10] "0.291516469884771" "0.291516469884771" "0.291516469884771"
[13] "0.291516469884771" "0.291516469884771" "0.291516469884771"
[16] "0.291516469884771" "0.291516469884771" "0.291516469884771"
[19] "0.291516469884771" "0.291516469884771" "0.291516469884771"
[22] "0.291516469884771" "0.291516469884771" "0.291516469884771"
[25] "0.291516469884771" "0.291516469884771" "0.291516469884771"
[28] "0.291516469884771" "0.291516469884771" "0.291516469884771"
[31] "0.291516469884771" "0.291516469884771" "0.291516469884771"
[34] "0.291516469884771" "0.291516469884771" "0.291516469884771"
[37] "0.291516469884771" "0.291516469884771" "0.291516469884771"
[40] "0.291516469884771" "0.291516469884771" "beta :"           
[43] "1"                
[1] " old Likelihood:  -10294921.0569371"
[1] "New Likelihood:  -10294917.8115038"
iter:  0  f-value:  37569  pgrad:  0.5830329 
iter:  10  f-value:  37568.99  pgrad:  0.5823555 
iter:  20  f-value:  37568.99  pgrad:  0.5804728 
iter:  30  f-value:  37568.99  pgrad:  0.5789442 
  Unsuccessful convergence.
Time difference of 10.34103 mins
[1] "maxIt: 20"
[1] "It: 14"
 [1] "sigma:"            "0.973496433186623" "0.973496433186623"
 [4] "0.973496433186623" "0.973496433186623" "0.973496433186623"
 [7] "0.973496433186623" "0.973496433186623" "0.973496433186623"
[10] "0.28945778136074"  "0.28945778136074"  "0.28945778136074" 
[13] "0.28945778136074"  "0.28945778136074"  "0.28945778136074" 
[16] "0.28945778136074"  "0.28945778136074"  "0.28945778136074" 
[19] "0.28945778136074"  "0.28945778136074"  "0.28945778136074" 
[22] "0.28945778136074"  "0.28945778136074"  "0.28945778136074" 
[25] "0.28945778136074"  "0.28945778136074"  "0.28945778136074" 
[28] "0.28945778136074"  "0.28945778136074"  "0.28945778136074" 
[31] "0.28945778136074"  "0.28945778136074"  "0.28945778136074" 
[34] "0.28945778136074"  "0.28945778136074"  "0.28945778136074" 
[37] "0.28945778136074"  "0.28945778136074"  "0.28945778136074" 
[40] "0.28945778136074"  "0.28945778136074"  "beta :"           
[43] "1"                
[1] 10294944
[1] 10294915
[1] 10294917
 [1] "sigma:"            "0.973496433186623" "0.973496433186623"
 [4] "0.973496433186623" "0.973496433186623" "0.973496433186623"
 [7] "0.973496433186623" "0.973496433186623" "0.973496433186623"
[10] "0.28945778136074"  "0.28945778136074"  "0.28945778136074" 
[13] "0.28945778136074"  "0.28945778136074"  "0.28945778136074" 
[16] "0.28945778136074"  "0.28945778136074"  "0.28945778136074" 
[19] "0.28945778136074"  "0.28945778136074"  "0.28945778136074" 
[22] "0.28945778136074"  "0.28945778136074"  "0.28945778136074" 
[25] "0.28945778136074"  "0.28945778136074"  "0.28945778136074" 
[28] "0.28945778136074"  "0.28945778136074"  "0.28945778136074" 
[31] "0.28945778136074"  "0.28945778136074"  "0.28945778136074" 
[34] "0.28945778136074"  "0.28945778136074"  "0.28945778136074" 
[37] "0.28945778136074"  "0.28945778136074"  "0.28945778136074" 
[40] "0.28945778136074"  "0.28945778136074"  "beta :"           
[43] "1"                
[1] " old Likelihood:  -10294917.8115038"
[1] "New Likelihood:  -10294914.664355"
iter:  0  f-value:  37616.85  pgrad:  0.5789156 
iter:  10  f-value:  37616.85  pgrad:  0.5782916 
iter:  20  f-value:  37616.85  pgrad:  0.576105 
iter:  30  f-value:  37616.85  pgrad:  0.5079467 
  Unsuccessful convergence.
Time difference of 10.35889 mins
[1] "maxIt: 20"
[1] "It: 15"
 [1] "sigma:"            "0.9741690971217"   "0.9741690971217"  
 [4] "0.9741690971217"   "0.9741690971217"   "0.9741690971217"  
 [7] "0.9741690971217"   "0.9741690971217"   "0.9741690971217"  
[10] "0.287279517738808" "0.287279517738808" "0.287279517738808"
[13] "0.287279517738808" "0.287279517738808" "0.287279517738808"
[16] "0.287279517738808" "0.287279517738808" "0.287279517738808"
[19] "0.287279517738808" "0.287279517738808" "0.287279517738808"
[22] "0.287279517738808" "0.287279517738808" "0.287279517738808"
[25] "0.287279517738808" "0.287279517738808" "0.287279517738808"
[28] "0.287279517738808" "0.287279517738808" "0.287279517738808"
[31] "0.287279517738808" "0.287279517738808" "0.287279517738808"
[34] "0.287279517738808" "0.287279517738808" "0.287279517738808"
[37] "0.287279517738808" "0.287279517738808" "0.287279517738808"
[40] "0.287279517738808" "0.287279517738808" "beta :"           
[43] "1"                
[1] 10294942
[1] 10294912
[1] 10294914
 [1] "sigma:"            "0.9741690971217"   "0.9741690971217"  
 [4] "0.9741690971217"   "0.9741690971217"   "0.9741690971217"  
 [7] "0.9741690971217"   "0.9741690971217"   "0.9741690971217"  
[10] "0.287279517738808" "0.287279517738808" "0.287279517738808"
[13] "0.287279517738808" "0.287279517738808" "0.287279517738808"
[16] "0.287279517738808" "0.287279517738808" "0.287279517738808"
[19] "0.287279517738808" "0.287279517738808" "0.287279517738808"
[22] "0.287279517738808" "0.287279517738808" "0.287279517738808"
[25] "0.287279517738808" "0.287279517738808" "0.287279517738808"
[28] "0.287279517738808" "0.287279517738808" "0.287279517738808"
[31] "0.287279517738808" "0.287279517738808" "0.287279517738808"
[34] "0.287279517738808" "0.287279517738808" "0.287279517738808"
[37] "0.287279517738808" "0.287279517738808" "0.287279517738808"
[40] "0.287279517738808" "0.287279517738808" "beta :"           
[43] "1"                
[1] " old Likelihood:  -10294914.664355"
[1] "New Likelihood:  -10294911.6504203"
iter:  0  f-value:  37668.42  pgrad:  0.574559 
iter:  10  f-value:  37668.42  pgrad:  0.5738625 
iter:  20  f-value:  37668.42  pgrad:  0.5718629 
iter:  30  f-value:  37668.42  pgrad:  0.5711901 
  Unsuccessful convergence.
Time difference of 10.34366 mins
[1] "maxIt: 20"
[1] "It: 16"
 [1] "sigma:"            "0.974645457585824" "0.974645457585824"
 [4] "0.974645457585824" "0.974645457585824" "0.974645457585824"
 [7] "0.974645457585824" "0.974645457585824" "0.974645457585824"
[10] "0.285574280151784" "0.285574280151784" "0.285574280151784"
[13] "0.285574280151784" "0.285574280151784" "0.285574280151784"
[16] "0.285574280151784" "0.285574280151784" "0.285574280151784"
[19] "0.285574280151784" "0.285574280151784" "0.285574280151784"
[22] "0.285574280151784" "0.285574280151784" "0.285574280151784"
[25] "0.285574280151784" "0.285574280151784" "0.285574280151784"
[28] "0.285574280151784" "0.285574280151784" "0.285574280151784"
[31] "0.285574280151784" "0.285574280151784" "0.285574280151784"
[34] "0.285574280151784" "0.285574280151784" "0.285574280151784"
[37] "0.285574280151784" "0.285574280151784" "0.285574280151784"
[40] "0.285574280151784" "0.285574280151784" "beta :"           
[43] "1"                
[1] 10294940
[1] 10294909
[1] 10294911
 [1] "sigma:"            "0.974645457585824" "0.974645457585824"
 [4] "0.974645457585824" "0.974645457585824" "0.974645457585824"
 [7] "0.974645457585824" "0.974645457585824" "0.974645457585824"
[10] "0.285574280151784" "0.285574280151784" "0.285574280151784"
[13] "0.285574280151784" "0.285574280151784" "0.285574280151784"
[16] "0.285574280151784" "0.285574280151784" "0.285574280151784"
[19] "0.285574280151784" "0.285574280151784" "0.285574280151784"
[22] "0.285574280151784" "0.285574280151784" "0.285574280151784"
[25] "0.285574280151784" "0.285574280151784" "0.285574280151784"
[28] "0.285574280151784" "0.285574280151784" "0.285574280151784"
[31] "0.285574280151784" "0.285574280151784" "0.285574280151784"
[34] "0.285574280151784" "0.285574280151784" "0.285574280151784"
[37] "0.285574280151784" "0.285574280151784" "0.285574280151784"
[40] "0.285574280151784" "0.285574280151784" "beta :"           
[43] "1"                
[1] " old Likelihood:  -10294911.6504203"
[1] "New Likelihood:  -10294909.3783943"
iter:  0  f-value:  37710.09  pgrad:  0.5711486 
iter:  10  f-value:  37710.09  pgrad:  0.5704955 
iter:  20  f-value:  37710.09  pgrad:  0.5687562 
iter:  30  f-value:  37710.08  pgrad:  0.5685509 
  Unsuccessful convergence.
Time difference of 10.31719 mins
[1] "maxIt: 20"
[1] "It: 17"
 [1] "sigma:"            "0.975572894758326" "0.975572894758326"
 [4] "0.975572894758326" "0.975572894758326" "0.975572894758326"
 [7] "0.975572894758326" "0.975572894758326" "0.975572894758326"
[10] "0.283297929524351" "0.283297929524351" "0.283297929524351"
[13] "0.283297929524351" "0.283297929524351" "0.283297929524351"
[16] "0.283297929524351" "0.283297929524351" "0.283297929524351"
[19] "0.283297929524351" "0.283297929524351" "0.283297929524351"
[22] "0.283297929524351" "0.283297929524351" "0.283297929524351"
[25] "0.283297929524351" "0.283297929524351" "0.283297929524351"
[28] "0.283297929524351" "0.283297929524351" "0.283297929524351"
[31] "0.283297929524351" "0.283297929524351" "0.283297929524351"
[34] "0.283297929524351" "0.283297929524351" "0.283297929524351"
[37] "0.283297929524351" "0.283297929524351" "0.283297929524351"
[40] "0.283297929524351" "0.283297929524351" "beta :"           
[43] "1"                
[1] 10294937
[1] 10294907
[1] 10294908
 [1] "sigma:"            "0.975572894758326" "0.975572894758326"
 [4] "0.975572894758326" "0.975572894758326" "0.975572894758326"
 [7] "0.975572894758326" "0.975572894758326" "0.975572894758326"
[10] "0.283297929524351" "0.283297929524351" "0.283297929524351"
[13] "0.283297929524351" "0.283297929524351" "0.283297929524351"
[16] "0.283297929524351" "0.283297929524351" "0.283297929524351"
[19] "0.283297929524351" "0.283297929524351" "0.283297929524351"
[22] "0.283297929524351" "0.283297929524351" "0.283297929524351"
[25] "0.283297929524351" "0.283297929524351" "0.283297929524351"
[28] "0.283297929524351" "0.283297929524351" "0.283297929524351"
[31] "0.283297929524351" "0.283297929524351" "0.283297929524351"
[34] "0.283297929524351" "0.283297929524351" "0.283297929524351"
[37] "0.283297929524351" "0.283297929524351" "0.283297929524351"
[40] "0.283297929524351" "0.283297929524351" "beta :"           
[43] "1"                
[1] " old Likelihood:  -10294909.3783943"
[1] "New Likelihood:  -10294906.6353909"
iter:  0  f-value:  37765.19  pgrad:  0.5665959 
iter:  10  f-value:  37765.19  pgrad:  0.56587 
iter:  20  f-value:  37765.19  pgrad:  0.5643581 
iter:  30  f-value:  37765.19  pgrad:  0.563628 
  Unsuccessful convergence.
Time difference of 10.33899 mins
[1] "maxIt: 20"
[1] "It: 18"
 [1] "sigma:"            "0.976002390313569" "0.976002390313569"
 [4] "0.976002390313569" "0.976002390313569" "0.976002390313569"
 [7] "0.976002390313569" "0.976002390313569" "0.976002390313569"
[10] "0.281797403731612" "0.281797403731612" "0.281797403731612"
[13] "0.281797403731612" "0.281797403731612" "0.281797403731612"
[16] "0.281797403731612" "0.281797403731612" "0.281797403731612"
[19] "0.281797403731612" "0.281797403731612" "0.281797403731612"
[22] "0.281797403731612" "0.281797403731612" "0.281797403731612"
[25] "0.281797403731612" "0.281797403731612" "0.281797403731612"
[28] "0.281797403731612" "0.281797403731612" "0.281797403731612"
[31] "0.281797403731612" "0.281797403731612" "0.281797403731612"
[34] "0.281797403731612" "0.281797403731612" "0.281797403731612"
[37] "0.281797403731612" "0.281797403731612" "0.281797403731612"
[40] "0.281797403731612" "0.281797403731612" "beta :"           
[43] "1"                
[1] 10294936
[1] 10294905
[1] 10294906
 [1] "sigma:"            "0.976002390313569" "0.976002390313569"
 [4] "0.976002390313569" "0.976002390313569" "0.976002390313569"
 [7] "0.976002390313569" "0.976002390313569" "0.976002390313569"
[10] "0.281797403731612" "0.281797403731612" "0.281797403731612"
[13] "0.281797403731612" "0.281797403731612" "0.281797403731612"
[16] "0.281797403731612" "0.281797403731612" "0.281797403731612"
[19] "0.281797403731612" "0.281797403731612" "0.281797403731612"
[22] "0.281797403731612" "0.281797403731612" "0.281797403731612"
[25] "0.281797403731612" "0.281797403731612" "0.281797403731612"
[28] "0.281797403731612" "0.281797403731612" "0.281797403731612"
[31] "0.281797403731612" "0.281797403731612" "0.281797403731612"
[34] "0.281797403731612" "0.281797403731612" "0.281797403731612"
[37] "0.281797403731612" "0.281797403731612" "0.281797403731612"
[40] "0.281797403731612" "0.281797403731612" "beta :"           
[43] "1"                
[1] " old Likelihood:  -10294906.6353909"
[1] "New Likelihood:  -10294904.8423258"
iter:  0  f-value:  37803.05  pgrad:  0.5635948 
iter:  10  f-value:  37803.05  pgrad:  0.5629638 
iter:  20  f-value:  37803.05  pgrad:  0.5612932 
iter:  30  f-value:  37803.04  pgrad:  0.5088485 
  Unsuccessful convergence.
Time difference of 10.31308 mins
[1] "maxIt: 20"
[1] "It: 19"
 [1] "sigma:"            "0.976658273038732" "0.976658273038732"
 [4] "0.976658273038732" "0.976658273038732" "0.976658273038732"
 [7] "0.976658273038732" "0.976658273038732" "0.976658273038732"
[10] "0.279956611752122" "0.279956611752122" "0.279956611752122"
[13] "0.279956611752122" "0.279956611752122" "0.279956611752122"
[16] "0.279956611752122" "0.279956611752122" "0.279956611752122"
[19] "0.279956611752122" "0.279956611752122" "0.279956611752122"
[22] "0.279956611752122" "0.279956611752122" "0.279956611752122"
[25] "0.279956611752122" "0.279956611752122" "0.279956611752122"
[28] "0.279956611752122" "0.279956611752122" "0.279956611752122"
[31] "0.279956611752122" "0.279956611752122" "0.279956611752122"
[34] "0.279956611752122" "0.279956611752122" "0.279956611752122"
[37] "0.279956611752122" "0.279956611752122" "0.279956611752122"
[40] "0.279956611752122" "0.279956611752122" "beta :"           
[43] "1"                
[1] 10294934
[1] 10294903
[1] 10294903
 [1] "sigma:"            "0.976658273038732" "0.976658273038732"
 [4] "0.976658273038732" "0.976658273038732" "0.976658273038732"
 [7] "0.976658273038732" "0.976658273038732" "0.976658273038732"
[10] "0.279956611752122" "0.279956611752122" "0.279956611752122"
[13] "0.279956611752122" "0.279956611752122" "0.279956611752122"
[16] "0.279956611752122" "0.279956611752122" "0.279956611752122"
[19] "0.279956611752122" "0.279956611752122" "0.279956611752122"
[22] "0.279956611752122" "0.279956611752122" "0.279956611752122"
[25] "0.279956611752122" "0.279956611752122" "0.279956611752122"
[28] "0.279956611752122" "0.279956611752122" "0.279956611752122"
[31] "0.279956611752122" "0.279956611752122" "0.279956611752122"
[34] "0.279956611752122" "0.279956611752122" "0.279956611752122"
[37] "0.279956611752122" "0.279956611752122" "0.279956611752122"
[40] "0.279956611752122" "0.279956611752122" "beta :"           
[43] "1"                
[1] " old Likelihood:  -10294904.8423258"
[1] "New Likelihood:  -10294902.8031568"
iter:  0  f-value:  37848.07  pgrad:  0.5599132 
iter:  10  f-value:  37848.06  pgrad:  0.559394 
iter:  20  f-value:  37848.06  pgrad:  0.557741 
iter:  30  f-value:  37848.06  pgrad:  0.5570649 
  Unsuccessful convergence.
Time difference of 10.32598 mins
[1] "maxIt: 20"
[1] "It: 20"
 [1] "sigma:"            "0.977066350353512" "0.977066350353512"
 [4] "0.977066350353512" "0.977066350353512" "0.977066350353512"
 [7] "0.977066350353512" "0.977066350353512" "0.977066350353512"
[10] "0.278517752065324" "0.278517752065324" "0.278517752065324"
[13] "0.278517752065324" "0.278517752065324" "0.278517752065324"
[16] "0.278517752065324" "0.278517752065324" "0.278517752065324"
[19] "0.278517752065324" "0.278517752065324" "0.278517752065324"
[22] "0.278517752065324" "0.278517752065324" "0.278517752065324"
[25] "0.278517752065324" "0.278517752065324" "0.278517752065324"
[28] "0.278517752065324" "0.278517752065324" "0.278517752065324"
[31] "0.278517752065324" "0.278517752065324" "0.278517752065324"
[34] "0.278517752065324" "0.278517752065324" "0.278517752065324"
[37] "0.278517752065324" "0.278517752065324" "0.278517752065324"
[40] "0.278517752065324" "0.278517752065324" "beta :"           
[43] "1"                
[1] 10294933
[1] 10294901
[1] 10294902
 [1] "sigma:"            "0.977066350353512" "0.977066350353512"
 [4] "0.977066350353512" "0.977066350353512" "0.977066350353512"
 [7] "0.977066350353512" "0.977066350353512" "0.977066350353512"
[10] "0.278517752065324" "0.278517752065324" "0.278517752065324"
[13] "0.278517752065324" "0.278517752065324" "0.278517752065324"
[16] "0.278517752065324" "0.278517752065324" "0.278517752065324"
[19] "0.278517752065324" "0.278517752065324" "0.278517752065324"
[22] "0.278517752065324" "0.278517752065324" "0.278517752065324"
[25] "0.278517752065324" "0.278517752065324" "0.278517752065324"
[28] "0.278517752065324" "0.278517752065324" "0.278517752065324"
[31] "0.278517752065324" "0.278517752065324" "0.278517752065324"
[34] "0.278517752065324" "0.278517752065324" "0.278517752065324"
[37] "0.278517752065324" "0.278517752065324" "0.278517752065324"
[40] "0.278517752065324" "0.278517752065324" "beta :"           
[43] "1"                
[1] " old Likelihood:  -10294902.8031568"
[1] "New Likelihood:  -10294901.2610354"
iter:  0  f-value:  37884.36  pgrad:  0.5570355 
iter:  10  f-value:  37884.36  pgrad:  0.5565607 
iter:  20  f-value:  37884.35  pgrad:  0.5543068 
iter:  30  f-value:  37884.35  pgrad:  0.4306639 
  Unsuccessful convergence.
Time difference of 10.33873 mins
 [1] "sigma:"            "0.977569058757135" "0.977569058757135"
 [4] "0.977569058757135" "0.977569058757135" "0.977569058757135"
 [7] "0.977569058757135" "0.977569058757135" "0.977569058757135"
[10] "0.276897348777258" "0.276897348777258" "0.276897348777258"
[13] "0.276897348777258" "0.276897348777258" "0.276897348777258"
[16] "0.276897348777258" "0.276897348777258" "0.276897348777258"
[19] "0.276897348777258" "0.276897348777258" "0.276897348777258"
[22] "0.276897348777258" "0.276897348777258" "0.276897348777258"
[25] "0.276897348777258" "0.276897348777258" "0.276897348777258"
[28] "0.276897348777258" "0.276897348777258" "0.276897348777258"
[31] "0.276897348777258" "0.276897348777258" "0.276897348777258"
[34] "0.276897348777258" "0.276897348777258" "0.276897348777258"
[37] "0.276897348777258" "0.276897348777258" "0.276897348777258"
[40] "0.276897348777258" "0.276897348777258" "beta :"           
[43] "1"                
[1] 1998516 1999856 1999582 1999032 1999804
[1] 1 1 1 1 1
saved RDS
inference successful
