[1] "Original length"
[1] 999616
[1] "Final length"
[1] 20176
[1] "sequence length : 999617" "sequence length : 999975"
[3] "sequence length : 999817" "sequence length : 999974"
[5] "sequence length : 999928"
[1] "former Rho:"
[1] 1484.221 1562.235 1616.301 1521.072 1500.252
[1] "old mu :"
[1] 0.0007423951 0.0007811369 0.0008082983 0.0007605555 0.0007501798
[1] "new mu :"
[1] 0.0007685131
[1] "new Rho:"
[1] 1536.438 1536.988 1536.745 1536.986 1536.916
[1] 1 1 1 1 1
[1] "Beta: 1"
[1] "Self: 0"
[1] 1
[1] "Rho"
[1] 1536.438 1536.988 1536.745 1536.986 1536.916
[1] "It: 1"
[1] "sigma:" "0"      "beta :" "1"     
[1] "rho/theta:" "1"         
[1] "sigma:" "0.0495" "beta :" "1"     
[1] "rho/theta:" "1"         
Time difference of 1.594236 secs
[1] "New Likelihood:  -10574072.7596901"
[1] 4999306
[1] 4999311
iter:  0  f-value:  44133.63  pgrad:  0.5 
iter:  10  f-value:  44133.25  pgrad:  0.9472617 
iter:  20  f-value:  44133.07  pgrad:  0.9380261 
iter:  30  f-value:  44133.05  pgrad:  0.9356979 
  Unsuccessful convergence.
[1] 0.06434037
 [1] "Xi: 0.501023603092193" "Xi: 0.501035202440026" "Xi: 0.501549840455872"
 [4] "Xi: 0.502226000319663" "Xi: 0.50308965704177"  "Xi: 0.504408383673004"
 [7] "Xi: 0.506319464939163" "Xi: 0.508067115054309" "Xi: 0.507966834513321"
[10] "Xi: 0.506092378800925" "Xi: 0.504342255324002" "Xi: 0.502997490544448"
[13] "Xi: 0.502149969701407" "Xi: 0.50176215798541"  "Xi: 0.501549562043462"
[16] "Xi: 0.501315474673421" "Xi: 0.501043187476512" "Xi: 0.500794454749264"
[19] "Xi: 0.500701518547054" "Xi: 0.500861896254678"
Time difference of 11.36052 mins
[1] "Rho"
[1] 1536.438 1536.988 1536.745 1536.986 1536.916
[1] "It: 2"
[1] "sigma:"             "0.0636969694189958" "beta :"            
[4] "1"                 
[1] "rho/theta:" "1"         
Time difference of 1.615715 secs
[1] " old Likelihood:  -10574072.7596901"
[1] "New Likelihood:  -10573917.6162963"
[1] 4999306
[1] 4999311
iter:  0  f-value:  44024.25  pgrad:  0.9356596 
iter:  10  f-value:  44024.15  pgrad:  0.9323785 
iter:  20  f-value:  44024.07  pgrad:  0.9252485 
iter:  30  f-value:  44024.06  pgrad:  0.924404 
  Unsuccessful convergence.
[1] 0.07561879
 [1] "Xi: 0.501459024079874" "Xi: 0.501466535911975" "Xi: 0.502392674862636"
 [4] "Xi: 0.503687054002379" "Xi: 0.505095267208607" "Xi: 0.507088202379552"
 [7] "Xi: 0.509836561227208" "Xi: 0.51227746591112"  "Xi: 0.512063478509391"
[10] "Xi: 0.509070867316861" "Xi: 0.506307687381566" "Xi: 0.504228783329089"
[13] "Xi: 0.503030465002838" "Xi: 0.50259748674068"  "Xi: 0.502436794813948"
[16] "Xi: 0.502158834075059" "Xi: 0.501746041894544" "Xi: 0.501334230606921"
[19] "Xi: 0.501199258078161" "Xi: 0.501548859585044"
Time difference of 5.148365 mins
[1] "Rho"
[1] 1536.438 1536.988 1536.745 1536.986 1536.916
[1] "It: 3"
[1] "sigma:"             "0.0748625998255198" "beta :"            
[4] "1"                 
[1] "rho/theta:" "1"         
Time difference of 1.608702 secs
[1] " old Likelihood:  -10573917.6162963"
[1] "New Likelihood:  -10573863.1449069"
[1] 4999306
[1] 4999311
iter:  0  f-value:  43870.01  pgrad:  0.9243812 
iter:  10  f-value:  43869.97  pgrad:  0.9218812 
iter:  20  f-value:  43869.9  pgrad:  0.9134801 
iter:  30  f-value:  43869.89  pgrad:  0.8196366 
  Unsuccessful convergence.
[1] 0.08730322
 [1] "Xi: 0.501920124463063" "Xi: 0.501918024693978" "Xi: 0.503251516039424"
 [4] "Xi: 0.505306227102315" "Xi: 0.507355228414859" "Xi: 0.509958304639068"
 [7] "Xi: 0.513231667459842" "Xi: 0.515785404225997" "Xi: 0.514935936388649"
[10] "Xi: 0.510926355031605" "Xi: 0.507457519026061" "Xi: 0.504866973221385"
[13] "Xi: 0.503510071851156" "Xi: 0.50315138547676"  "Xi: 0.503130210344838"
[16] "Xi: 0.502873524833583" "Xi: 0.502362801150658" "Xi: 0.501827461141858"
[19] "Xi: 0.501676308712986" "Xi: 0.50221757431696" 
Time difference of 5.152709 mins
[1] "Rho"
[1] 1536.438 1536.988 1536.745 1536.986 1536.916
[1] "It: 4"
[1] "sigma:"             "0.0864301841174526" "beta :"            
[4] "1"                 
[1] "rho/theta:" "1"         
Time difference of 1.604702 secs
[1] " old Likelihood:  -10573863.1449069"
[1] "New Likelihood:  -10573822.6735188"
[1] 4999306
[1] 4999311
iter:  0  f-value:  43666.22  pgrad:  0.9126968 
iter:  10  f-value:  43666.17  pgrad:  0.9091486 
iter:  20  f-value:  43666.14  pgrad:  0.9058485 
iter:  30  f-value:  43666.12  pgrad:  0.5037122 
  Unsuccessful convergence.
[1] 0.09811727
 [1] "Xi: 0.502381954188565" "Xi: 0.502365142757766" "Xi: 0.504081539695"   
 [4] "Xi: 0.506843124072625" "Xi: 0.509392587331273" "Xi: 0.512340129858881"
 [7] "Xi: 0.515782722931785" "Xi: 0.518208216136937" "Xi: 0.51685267965975" 
[10] "Xi: 0.512137219233878" "Xi: 0.50818363849114"  "Xi: 0.505233820556341"
[13] "Xi: 0.503766430803517" "Xi: 0.503573592597703" "Xi: 0.503692287921121"
[16] "Xi: 0.503471297140156" "Xi: 0.502893800468168" "Xi: 0.502247157494685"
[19] "Xi: 0.502091421879147" "Xi: 0.502848158735626"
Time difference of 5.468334 mins
[1] "Rho"
[1] 1536.438 1536.988 1536.745 1536.986 1536.916
[1] "It: 5"
[1] "sigma:"             "0.0971360927005016" "beta :"            
[4] "1"                 
[1] "rho/theta:" "1"         
Time difference of 1.596163 secs
[1] " old Likelihood:  -10573822.6735188"
[1] "New Likelihood:  -10573789.3503543"
[1] 4999306
[1] 4999311
iter:  0  f-value:  43458.73  pgrad:  0.9018827 
iter:  10  f-value:  43458.7  pgrad:  0.8998946 
iter:  20  f-value:  43458.66  pgrad:  0.8937206 
iter:  30  f-value:  43458.65  pgrad:  0.8926071 
  Unsuccessful convergence.
[1] 0.1084071
 [1] "Xi: 0.502854655088186" "Xi: 0.502817396847311" "Xi: 0.504905415407709"
 [4] "Xi: 0.508394313665109" "Xi: 0.511410817783537" "Xi: 0.514564553319127"
 [7] "Xi: 0.517970233063878" "Xi: 0.520116932622974" "Xi: 0.51830773376402" 
[10] "Xi: 0.513064914084298" "Xi: 0.508752635710558" "Xi: 0.505504756282172"
[13] "Xi: 0.503931164233008" "Xi: 0.503889063417105" "Xi: 0.50416122203581" 
[16] "Xi: 0.503909469257303" "Xi: 0.503359102107754" "Xi: 0.502594442243588"
[19] "Xi: 0.502461906271083" "Xi: 0.503444686830265"
Time difference of 5.163602 mins
[1] "Rho"
[1] 1536.438 1536.988 1536.745 1536.986 1536.916
[1] "It: 6"
[1] "sigma:"            "0.107323030765543" "beta :"           
[4] "1"                
[1] "rho/theta:" "1"         
Time difference of 1.602214 secs
[1] " old Likelihood:  -10573789.3503543"
[1] "New Likelihood:  -10573759.014638"
[1] 4999306
[1] 4999311
iter:  0  f-value:  43244.52  pgrad:  0.8915929 
iter:  10  f-value:  43244.5  pgrad:  0.8897334 
iter:  20  f-value:  43244.45  pgrad:  0.8825415 
iter:  30  f-value:  43244.45  pgrad:  0.5032052 
  Unsuccessful convergence.
[1] 0.1177263
 [1] "Xi: 0.503196368803884" "Xi: 0.503140536854228" "Xi: 0.505484865770135"
 [4] "Xi: 0.509460447829832" "Xi: 0.512748713812195" "Xi: 0.51597188867939" 
 [7] "Xi: 0.519295263186487" "Xi: 0.521281596478402" "Xi: 0.519330703960818"
[10] "Xi: 0.513806508459027" "Xi: 0.509233668144127" "Xi: 0.505733741667292"
[13] "Xi: 0.504072786167115" "Xi: 0.504144919637898" "Xi: 0.504579068864208"
[16] "Xi: 0.504375805720629" "Xi: 0.503768075883797" "Xi: 0.502910403630128"
[19] "Xi: 0.50278635393057"  "Xi: 0.503995061013632"
Time difference of 5.158468 mins
[1] "Rho"
[1] 1536.438 1536.988 1536.745 1536.986 1536.916
[1] "It: 7"
[1] "sigma:"            "0.116549059462413" "beta :"           
[4] "1"                
[1] "rho/theta:" "1"         
Time difference of 1.698072 secs
[1] " old Likelihood:  -10573759.014638"
[1] "New Likelihood:  -10573732.6557503"
[1] 4999306
[1] 4999311
iter:  0  f-value:  43048.18  pgrad:  0.8822737 
iter:  10  f-value:  43048.15  pgrad:  0.8804619 
iter:  20  f-value:  43048.11  pgrad:  0.5097975 
iter:  30  f-value:  43048.11  pgrad:  0.4895032 
  Unsuccessful convergence.
[1] 0.1266943
 [1] "Xi: 0.50354246241046"  "Xi: 0.503467789487558" "Xi: 0.506062655386077"
 [4] "Xi: 0.51051300029921"  "Xi: 0.514041969459989" "Xi: 0.517282160926484"
 [7] "Xi: 0.520465094447648" "Xi: 0.522264296039832" "Xi: 0.520227311920772"
[10] "Xi: 0.514510601880965" "Xi: 0.5097274752589"   "Xi: 0.505981505997921"
[13] "Xi: 0.504220486608599" "Xi: 0.50438871881813"  "Xi: 0.504971854048377"
[16] "Xi: 0.50481067564825"  "Xi: 0.504145788722129" "Xi: 0.503199215465801"
[19] "Xi: 0.503087735496309" "Xi: 0.504526717881625"
Time difference of 5.163397 mins
[1] "Rho"
[1] 1536.438 1536.988 1536.745 1536.986 1536.916
[1] "It: 8"
[1] "sigma:"            "0.125427343090369" "beta :"           
[4] "1"                
[1] "rho/theta:" "1"         
Time difference of 1.704791 secs
[1] " old Likelihood:  -10573732.6557503"
[1] "New Likelihood:  -10573707.934243"
[1] 4999306
[1] 4999311
iter:  0  f-value:  42855.27  pgrad:  0.8733057 
iter:  10  f-value:  42855.24  pgrad:  0.8715312 
iter:  20  f-value:  42855.2  pgrad:  0.5790935 
iter:  30  f-value:  42855.2  pgrad:  0.4884007 
  Unsuccessful convergence.
[1] 0.1353822
 [1] "Xi: 0.503927671316642" "Xi: 0.503828961325085" "Xi: 0.506693896679437"
 [4] "Xi: 0.511654870473574" "Xi: 0.515418874498087" "Xi: 0.518624337858768"
 [7] "Xi: 0.521592198278891" "Xi: 0.523153620808323" "Xi: 0.521052701081015"
[10] "Xi: 0.515190769194736" "Xi: 0.510236456773844" "Xi: 0.506251009217245"
[13] "Xi: 0.504379534208704" "Xi: 0.504627266778739" "Xi: 0.505347231250589"
[16] "Xi: 0.505221926642608" "Xi: 0.504499229257233" "Xi: 0.503467247607644"
[19] "Xi: 0.503371791987704" "Xi: 0.505044692917951"
Time difference of 5.163155 mins
[1] "Rho"
[1] 1536.438 1536.988 1536.745 1536.986 1536.916
[1] "It: 9"
[1] "sigma:"            "0.134028419826153" "beta :"           
[4] "1"                
[1] "rho/theta:" "1"         
Time difference of 1.714449 secs
[1] " old Likelihood:  -10573707.934243"
[1] "New Likelihood:  -10573684.4971006"
[1] 4999306
[1] 4999311
iter:  0  f-value:  42665.29  pgrad:  0.8646178 
iter:  10  f-value:  42665.27  pgrad:  0.8628239 
iter:  20  f-value:  42665.23  pgrad:  0.8568323 
iter:  30  f-value:  42665.23  pgrad:  0.5708716 
  Unsuccessful convergence.
[1] 0.1434201
 [1] "Xi: 0.504250377336775" "Xi: 0.504130809669352" "Xi: 0.507215462870556"
 [4] "Xi: 0.512584954197884" "Xi: 0.516517885686668" "Xi: 0.519663263040997"
 [7] "Xi: 0.522423822445763" "Xi: 0.523774057641916" "Xi: 0.521683654710907"
[10] "Xi: 0.515788251952709" "Xi: 0.510722143977497" "Xi: 0.506513273716605"
[13] "Xi: 0.504524359960811" "Xi: 0.504839646916959" "Xi: 0.505687769928753"
[16] "Xi: 0.505593931598727" "Xi: 0.504814338024519" "Xi: 0.503699894126389"
[19] "Xi: 0.50362299122759"  "Xi: 0.50553293713508" 
Time difference of 5.175555 mins
[1] "Rho"
[1] 1536.438 1536.988 1536.745 1536.986 1536.916
[1] "It: 10"
[1] "sigma:"           "0.14198586205434" "beta :"           "1"               
[1] "rho/theta:" "1"         
Time difference of 1.608751 secs
[1] " old Likelihood:  -10573684.4971006"
[1] "New Likelihood:  -10573663.2697589"
[1] 4999306
[1] 4999311
iter:  0  f-value:  42485.88  pgrad:  0.8565799 
iter:  10  f-value:  42485.86  pgrad:  0.8547621 
iter:  20  f-value:  42485.83  pgrad:  0.7510243 
iter:  30  f-value:  42485.83  pgrad:  0.4863874 
  Unsuccessful convergence.
[1] 0.1512596
 [1] "Xi: 0.504615986538791" "Xi: 0.504471619325288" "Xi: 0.507798457187324"
 [4] "Xi: 0.513619854578754" "Xi: 0.517725238453216" "Xi: 0.520771252215281"
 [7] "Xi: 0.523267365211219" "Xi: 0.524363260943223" "Xi: 0.522300409119864"
[10] "Xi: 0.516379541268041" "Xi: 0.511225596783692" "Xi: 0.506801155822827"
[13] "Xi: 0.504684826993219" "Xi: 0.50505550398013"  "Xi: 0.506021274283909"
[16] "Xi: 0.505953306660366" "Xi: 0.505116011220775" "Xi: 0.503920716109624"
[19] "Xi: 0.503864509262179" "Xi: 0.50601384062066" 
Time difference of 5.174897 mins
[1] "Rho"
[1] 1536.438 1536.988 1536.745 1536.986 1536.916
[1] "It: 11"
[1] "sigma:"            "0.149746987585587" "beta :"           
[4] "1"                
[1] "rho/theta:" "1"         
Time difference of 1.629514 secs
[1] " old Likelihood:  -10573663.2697589"
[1] "New Likelihood:  -10573642.9652337"
[1] 4999306
[1] 4999311
iter:  0  f-value:  42309.29  pgrad:  0.8487404 
iter:  10  f-value:  42309.25  pgrad:  0.8456156 
iter:  20  f-value:  42309.24  pgrad:  0.8433827 
iter:  30  f-value:  42309.24  pgrad:  0.8421254 
  Unsuccessful convergence.
[1] 0.1578855
 [1] "Xi: 0.504921125452224" "Xi: 0.504754512330525" "Xi: 0.508277502593095"
 [4] "Xi: 0.51443687633023"  "Xi: 0.518638860089424" "Xi: 0.521597629609713"
 [7] "Xi: 0.523882021333222" "Xi: 0.524727542627988" "Xi: 0.5227131969422"  
[10] "Xi: 0.516850570809236" "Xi: 0.511665117303456" "Xi: 0.507040274126858"
[13] "Xi: 0.504795676874392" "Xi: 0.505216005446692" "Xi: 0.506292301822656"
[16] "Xi: 0.506248687006997" "Xi: 0.505355321530314" "Xi: 0.504082923456494"
[19] "Xi: 0.504050287971016" "Xi: 0.506439749265031"
Time difference of 5.162772 mins
[1] "Rho"
[1] 1536.438 1536.988 1536.745 1536.986 1536.916
[1] "It: 12"
[1] "sigma:"            "0.156306691263983" "beta :"           
[4] "1"                
[1] "rho/theta:" "1"         
Time difference of 1.611286 secs
[1] " old Likelihood:  -10573642.9652337"
[1] "New Likelihood:  -10573625.925072"
[1] 4999306
[1] 4999311
iter:  0  f-value:  42155.83  pgrad:  0.8421145 
iter:  10  f-value:  42155.81  pgrad:  0.8402043 
iter:  20  f-value:  42155.78  pgrad:  0.505627 
iter:  30  f-value:  42155.78  pgrad:  0.4803237 
  Unsuccessful convergence.
[1] 0.1651142
 [1] "Xi: 0.505257078115246" "Xi: 0.505065562911118" "Xi: 0.508800271196582"
 [4] "Xi: 0.515352258413676" "Xi: 0.519682251158463" "Xi: 0.522516917015586"
 [7] "Xi: 0.524525520755188" "Xi: 0.525124426257309" "Xi: 0.523197732411583"
[10] "Xi: 0.517402737840978" "Xi: 0.512183580469255" "Xi: 0.507354464159853"
[13] "Xi: 0.504971690141867" "Xi: 0.505426751378573" "Xi: 0.506605089345985"
[16] "Xi: 0.506578698003662" "Xi: 0.505626338663442" "Xi: 0.504275622318767"
[19] "Xi: 0.504266006320806" "Xi: 0.506898487072729"
Time difference of 5.165474 mins
[1] "Rho"
[1] 1536.438 1536.988 1536.745 1536.986 1536.916
[1] "It: 13"
[1] "sigma:"           "0.16346306916686" "beta :"           "1"               
[1] "rho/theta:" "1"         
Time difference of 1.687698 secs
[1] " old Likelihood:  -10573625.925072"
[1] "New Likelihood:  -10573607.9324801"
[1] 4999306
[1] 4999311
iter:  0  f-value:  41990.34  pgrad:  0.8348858 
iter:  10  f-value:  41990.31  pgrad:  0.8329726 
iter:  20  f-value:  41990.29  pgrad:  0.8295051 
iter:  30  f-value:  41990.29  pgrad:  0.4991307 
  Unsuccessful convergence.
[1] 0.1718833
 [1] "Xi: 0.505564696585852" "Xi: 0.505348829184394" "Xi: 0.509273575548029"
 [4] "Xi: 0.516174519287594" "Xi: 0.52060912163998"  "Xi: 0.52331974425428" 
 [7] "Xi: 0.525058165399323" "Xi: 0.525417447305646" "Xi: 0.523589054909275"
[10] "Xi: 0.517899571377447" "Xi: 0.512672002707908" "Xi: 0.507652139118208"
[13] "Xi: 0.505130964049529" "Xi: 0.505616357743662" "Xi: 0.506893095903642"
[16] "Xi: 0.506882782690958" "Xi: 0.505871567168608" "Xi: 0.504446644015188"
[19] "Xi: 0.504461376248667" "Xi: 0.507338475785477"
Time difference of 5.161961 mins
[1] "Rho"
[1] 1536.438 1536.988 1536.745 1536.986 1536.916
[1] "It: 14"
[1] "sigma:"            "0.170164465763638" "beta :"           
[4] "1"                
[1] "rho/theta:" "1"         
Time difference of 1.716627 secs
[1] " old Likelihood:  -10573607.9324801"
[1] "New Likelihood:  -10573591.3454324"
[1] 4999306
[1] 4999311
iter:  0  f-value:  41832.77  pgrad:  0.8281167 
iter:  10  f-value:  41832.75  pgrad:  0.8261793 
iter:  20  f-value:  41832.73  pgrad:  0.8217554 
iter:  30  f-value:  41832.73  pgrad:  0.4784497 
  Unsuccessful convergence.
[1] 0.1784057
 [1] "Xi: 0.505885339933245" "Xi: 0.505644007479236" "Xi: 0.509761908814133"
 [4] "Xi: 0.517018980959215" "Xi: 0.521553720751584" "Xi: 0.524124580617761"
 [7] "Xi: 0.525571666193173" "Xi: 0.525680938518871" "Xi: 0.523955210378618"
[10] "Xi: 0.518377921878888" "Xi: 0.513156581329931" "Xi: 0.507952050215984"
[13] "Xi: 0.505290325641202" "Xi: 0.50580042934732"  "Xi: 0.507171211109843"
[16] "Xi: 0.507174660381332" "Xi: 0.506106272039232" "Xi: 0.504606780654633"
[19] "Xi: 0.504646857213684" "Xi: 0.507770401245164"
Time difference of 5.160984 mins
[1] "Rho"
[1] 1536.438 1536.988 1536.745 1536.986 1536.916
[1] "It: 15"
[1] "sigma:"            "0.176621595295368" "beta :"           
[4] "1"                
[1] "rho/theta:" "1"         
Time difference of 1.617097 secs
[1] " old Likelihood:  -10573591.3454324"
[1] "New Likelihood:  -10573575.6465986"
[1] 4999306
[1] 4999311
iter:  0  f-value:  41679.61  pgrad:  0.8215943 
iter:  10  f-value:  41679.59  pgrad:  0.819639 
iter:  20  f-value:  41679.58  pgrad:  0.5075302 
iter:  30  f-value:  41679.57  pgrad:  0.5063432 
  Unsuccessful convergence.
[1] 0.1848179
 [1] "Xi: 0.506236982171298" "Xi: 0.505966553054423" "Xi: 0.510290878570237"
 [4] "Xi: 0.517931273078908" "Xi: 0.522566410725273" "Xi: 0.524971190137807"
 [7] "Xi: 0.526089118974748" "Xi: 0.525928345096964" "Xi: 0.524312121246236"
[10] "Xi: 0.518848549667068" "Xi: 0.513643131308746" "Xi: 0.508261105055077"
[13] "Xi: 0.505456273070687" "Xi: 0.505986258701047" "Xi: 0.507446220945456"
[16] "Xi: 0.507461826956365" "Xi: 0.506329262646043" "Xi: 0.504761911648674"
[19] "Xi: 0.504829364951607" "Xi: 0.508201235700546"
Time difference of 5.155155 mins
[1] "Rho"
[1] 1536.438 1536.988 1536.745 1536.986 1536.916
[1] "It: 16"
[1] "sigma:"            "0.182969686804634" "beta :"           
[4] "1"                
[1] "rho/theta:" "1"         
Time difference of 1.618273 secs
[1] " old Likelihood:  -10573575.6465986"
[1] "New Likelihood:  -10573560.5003158"
[1] 4999306
[1] 4999311
iter:  0  f-value:  41527.81  pgrad:  0.8151821 
iter:  10  f-value:  41527.79  pgrad:  0.8132235 
iter:  20  f-value:  41527.78  pgrad:  0.8091773 
iter:  30  f-value:  41527.78  pgrad:  0.4764297 
  Unsuccessful convergence.
[1] 0.1909608
 [1] "Xi: 0.506595167252094" "Xi: 0.506295522929804" "Xi: 0.51082546310319" 
 [4] "Xi: 0.518847749333568" "Xi: 0.523575613149333" "Xi: 0.525799502946261"
 [7] "Xi: 0.526571108754705" "Xi: 0.52613324852487"  "Xi: 0.524629447949411"
[10] "Xi: 0.519287810481954" "Xi: 0.514117414189401" "Xi: 0.508553428959301"
[13] "Xi: 0.505615610417166" "Xi: 0.506162298098768" "Xi: 0.507709602401265"
[16] "Xi: 0.50773598565447"  "Xi: 0.506547300117702" "Xi: 0.504907819429545"
[19] "Xi: 0.505002056741604" "Xi: 0.50862182610421" 
Time difference of 5.159644 mins
[1] "Rho"
[1] 1536.438 1536.988 1536.745 1536.986 1536.916
[1] "It: 17"
[1] "sigma:"            "0.189051225338362" "beta :"           
[4] "1"                
[1] "rho/theta:" "1"         
Time difference of 1.603304 secs
[1] " old Likelihood:  -10573560.5003158"
[1] "New Likelihood:  -10573546.277722"
[1] 4999306
[1] 4999311
iter:  0  f-value:  41381.18  pgrad:  0.8090392 
iter:  10  f-value:  41381.15  pgrad:  0.8070485 
iter:  20  f-value:  41381.14  pgrad:  0.8037028 
iter:  30  f-value:  41381.14  pgrad:  0.4476169 
  Unsuccessful convergence.
[1] 0.196967
 [1] "Xi: 0.506997333193894" "Xi: 0.506663878902138" "Xi: 0.511418451021707"
 [4] "Xi: 0.519860787537645" "Xi: 0.524683469690245" "Xi: 0.526690090148524"
 [7] "Xi: 0.527070058767621" "Xi: 0.526333532225353" "Xi: 0.524951607604947"
[10] "Xi: 0.519701868905128" "Xi: 0.514581608019871" "Xi: 0.508859846794297"
[13] "Xi: 0.505778619189865" "Xi: 0.506337340512924" "Xi: 0.50796854891152" 
[16] "Xi: 0.508004424359172" "Xi: 0.506760037520224" "Xi: 0.505049442170675"
[19] "Xi: 0.505170603886948" "Xi: 0.509041724126137"
Time difference of 5.16553 mins
[1] "Rho"
[1] 1536.438 1536.988 1536.745 1536.986 1536.916
[1] "It: 18"
[1] "sigma:"            "0.194997354575007" "beta :"           
[4] "1"                
[1] "rho/theta:" "1"         
Time difference of 1.607234 secs
[1] " old Likelihood:  -10573546.277722"
[1] "New Likelihood:  -10573532.6524621"
[1] 4999306
[1] 4999311
iter:  0  f-value:  41236.93  pgrad:  0.803033 
iter:  10  f-value:  41236.91  pgrad:  0.8010047 
iter:  20  f-value:  41236.9  pgrad:  0.7977745 
iter:  30  f-value:  41236.9  pgrad:  0.4350295 
  Unsuccessful convergence.
[1] 0.2027011
 [1] "Xi: 0.5073747006232"   "Xi: 0.507008457642718" "Xi: 0.511968473919403"
 [4] "Xi: 0.520793249937775" "Xi: 0.52569270621777"  "Xi: 0.527487993676198"
 [7] "Xi: 0.527493318498002" "Xi: 0.526471657229578" "Xi: 0.525218629265061"
[10] "Xi: 0.520098306161747" "Xi: 0.51503580952974"  "Xi: 0.509160910281514"
[13] "Xi: 0.505933813549432" "Xi: 0.506501528982231" "Xi: 0.50821422861802" 
[16] "Xi: 0.508259396455651" "Xi: 0.506960514056959" "Xi: 0.505180150310139"
[19] "Xi: 0.50532869622056"  "Xi: 0.509454489950419"
Time difference of 5.157575 mins
[1] "Rho"
[1] 1536.438 1536.988 1536.745 1536.986 1536.916
[1] "It: 19"
[1] "sigma:"            "0.200674087638189" "beta :"           
[4] "1"                
[1] "rho/theta:" "1"         
Time difference of 1.700556 secs
[1] " old Likelihood:  -10573532.6524621"
[1] "New Likelihood:  -10573519.8987575"
[1] 4999306
[1] 4999311
iter:  0  f-value:  41097.84  pgrad:  0.7972989 
iter:  10  f-value:  41097.82  pgrad:  0.7952135 
iter:  20  f-value:  41097.81  pgrad:  0.792428 
iter:  30  f-value:  41097.81  pgrad:  0.4264439 
  Unsuccessful convergence.
[1] 0.208107
 [1] "Xi: 0.50770423943302"  "Xi: 0.507307675295768" "Xi: 0.512442197698477"
 [4] "Xi: 0.521594433770495" "Xi: 0.526552271078813" "Xi: 0.528159983111279"
 [7] "Xi: 0.52783665049207"  "Xi: 0.526552532000173" "Xi: 0.52542342417888" 
[10] "Xi: 0.520462953238162" "Xi: 0.515469371766992" "Xi: 0.509446726227133"
[13] "Xi: 0.50607913573377"  "Xi: 0.506652321299518" "Xi: 0.508445476477685"
[16] "Xi: 0.508498989154669" "Xi: 0.507146514660166" "Xi: 0.505297651597699"
[19] "Xi: 0.505473940869014" "Xi: 0.509852782099422"
Time difference of 5.164925 mins
[1] "Rho"
[1] 1536.438 1536.988 1536.745 1536.986 1536.916
[1] "It: 20"
[1] "sigma:"            "0.206025906919055" "beta :"           
[4] "1"                
[1] "rho/theta:" "1"         
Time difference of 1.719563 secs
[1] " old Likelihood:  -10573519.8987575"
[1] "New Likelihood:  -10573508.1106493"
[1] 4999306
[1] 4999311
iter:  0  f-value:  40965.33  pgrad:  0.791893 
iter:  10  f-value:  40965.31  pgrad:  0.7897061 
iter:  20  f-value:  40965.3  pgrad:  0.7870893 
iter:  30  f-value:  40965.3  pgrad:  0.4180765 
  Unsuccessful convergence.
[1] 0.2132868
 [1] "Xi: 0.50802072404854"  "Xi: 0.507594914234863" "Xi: 0.512893227889334"
 [4] "Xi: 0.52235436668444"  "Xi: 0.527364284706931" "Xi: 0.528790267922528"
 [7] "Xi: 0.528156229696426" "Xi: 0.526619167403047" "Xi: 0.525609562045986"
[10] "Xi: 0.520812554347599" "Xi: 0.515894514065593" "Xi: 0.509728525516606"
[13] "Xi: 0.506225562889871" "Xi: 0.506800268938219" "Xi: 0.508668211132393"
[16] "Xi: 0.508729348982091" "Xi: 0.507323882670779" "Xi: 0.505407434671903"
[19] "Xi: 0.505610586784435" "Xi: 0.510244300277061"
Time difference of 5.160352 mins
[1] 1 1 1 1 1
[1] 1 1 1 1 1
saved RDS
inference successful
