[1] "Original length"
[1] 999955
[1] "Final length"
[1] 12458
[1] "sequence length : 999956" "sequence length : 999882"
[3] "sequence length : 999518" "sequence length : 999981"
[5] "sequence length : 999980"
[1] "former Rho:"
[1]  887.2481  697.1102 1207.1054  956.9920  943.8943
[1] "old mu :"
[1] 0.0004436436 0.0003485962 0.0006038437 0.0004785051 0.0004719566
[1] "new mu :"
[1] 0.000469309
[1] "new Rho:"
[1] 938.5768 938.5073 938.1656 938.6002 938.5993
[1] 1 1 1 1 1
[1] "Beta: 1"
[1] "Self: 0"
[1] 1
[1] "Rho"
[1] 938.5768 938.5073 938.1656 938.6002 938.5993
[1] "It: 1"
[1] "sigma:" "0"      "beta :" "1"     
[1] "rho/theta:" "1"         
[1] "sigma:" "0.9405" "beta :" "1"     
[1] "rho/theta:" "1"         
Time difference of 2.000213 secs
[1] "New Likelihood:  -6697646.43795664"
[1] 4999312
[1] 4999317
iter:  0  f-value:  2669.927  pgrad:  0.5 
iter:  10  f-value:  2632.909  pgrad:  0.5612172 
iter:  20  f-value:  2632.648  pgrad:  0.5410389 
iter:  30  f-value:  2632.632  pgrad:  0.5602539 
  Unsuccessful convergence.
[1] 0.9692492
 [1] "Xi: 0.502596285263762" "Xi: 0.502794005740658" "Xi: 0.505050259282507"
 [4] "Xi: 0.50845732948901"  "Xi: 0.518673709810265" "Xi: 0.547159659891025"
 [7] "Xi: 0.54740056779669"  "Xi: 0.549900103992916" "Xi: 0.553433440773554"
[10] "Xi: 0.552972796486051" "Xi: 0.547641465510286" "Xi: 0.538626697763584"
[13] "Xi: 0.516337880024524" "Xi: 0.512551603791212" "Xi: 0.516144099485947"
[16] "Xi: 0.526976352645302" "Xi: 0.551651176655827" "Xi: 0.560152479620829"
[19] "Xi: 0.540962644568499" "Xi: 0.537121717271158"
Time difference of 29.93119 mins
[1] "Rho"
[1] 938.5768 938.5073 938.1656 938.6002 938.5993
[1] "It: 2"
[1] "sigma:"           "0.95955671045318" "beta :"           "1"               
[1] "rho/theta:" "1"         
Time difference of 2.09069 secs
[1] " old Likelihood:  -6697646.43795664"
[1] "New Likelihood:  -6686742.70942416"
[1] 4999312
[1] 4999317
iter:  0  f-value:  2268.128  pgrad:  0.5163379 
iter:  10  f-value:  2260.557  pgrad:  0.9769314 
iter:  20  f-value:  2260.433  pgrad:  0.572377 
iter:  30  f-value:  2260.426  pgrad:  0.5209722 
  Unsuccessful convergence.
[1] 0.9769907
 [1] "Xi: 0.503874961995355" "Xi: 0.503988219816609" "Xi: 0.506868411486323"
 [4] "Xi: 0.510210948111836" "Xi: 0.520498246974003" "Xi: 0.54927538396496" 
 [7] "Xi: 0.547822451297613" "Xi: 0.578337926212587" "Xi: 0.582499725168606"
[10] "Xi: 0.578654096845604" "Xi: 0.568177221081592" "Xi: 0.559422594216675"
[13] "Xi: 0.516750876646953" "Xi: 0.514334442610424" "Xi: 0.523136552195648"
[16] "Xi: 0.542804370014584" "Xi: 0.579004459012124" "Xi: 0.586162840229815"
[19] "Xi: 0.560339325946072" "Xi: 0.555888724029276"
Time difference of 3.462444 mins
[1] "Rho"
[1] 938.5768 938.5073 938.1656 938.6002 938.5993
[1] "It: 3"
[1] "sigma:"            "0.967220838767153" "beta :"           
[4] "1"                
[1] "rho/theta:" "1"         
Time difference of 2.083892 secs
[1] " old Likelihood:  -6686742.70942416"
[1] "New Likelihood:  -6684455.40285172"
[1] 4999312
[1] 4999317
iter:  0  f-value:  2009.133  pgrad:  0.5681772 
iter:  10  f-value:  2007.048  pgrad:  0.5726757 
iter:  20  f-value:  2006.973  pgrad:  0.9814731 
iter:  30  f-value:  2006.962  pgrad:  0.4406533 
  Unsuccessful convergence.
[1] 0.9814133
 [1] "Xi: 0.504360342197308" "Xi: 0.504379685820217" "Xi: 0.507461060572585"
 [4] "Xi: 0.510548425209192" "Xi: 0.520454357004091" "Xi: 0.548645621802628"
 [7] "Xi: 0.542501849085411" "Xi: 0.582202067629292" "Xi: 0.588869856407923"
[10] "Xi: 0.56685675808803"  "Xi: 0.559782565257252" "Xi: 0.572014515297553"
[13] "Xi: 0.512654857832838" "Xi: 0.51317147962016"  "Xi: 0.525655225742682"
[16] "Xi: 0.550188649284539" "Xi: 0.591845777377124" "Xi: 0.596521329975958"
[19] "Xi: 0.569774400305567" "Xi: 0.566056931200846"
Time difference of 3.475137 mins
[1] "Rho"
[1] 938.5768 938.5073 938.1656 938.6002 938.5993
[1] "It: 4"
[1] "sigma:"           "0.97159918351337" "beta :"           "1"               
[1] "rho/theta:" "1"         
Time difference of 1.992428 secs
[1] " old Likelihood:  -6684455.40285172"
[1] "New Likelihood:  -6683771.18344034"
[1] 4999312
[1] 4999317
iter:  0  f-value:  1827.752  pgrad:  0.5256552 
iter:  10  f-value:  1826.828  pgrad:  0.600234 
iter:  20  f-value:  1826.818  pgrad:  0.5745265 
iter:  30  f-value:  1826.82  pgrad:  0.9847202 
  Unsuccessful convergence.
[1] 0.9844592
 [1] "Xi: 0.504634532421068" "Xi: 0.504621510097141" "Xi: 0.507765269223592"
 [4] "Xi: 0.510684461812871" "Xi: 0.520275762762132" "Xi: 0.548141592358514"
 [7] "Xi: 0.538751969568955" "Xi: 0.583140774461683" "Xi: 0.591262303866617"
[10] "Xi: 0.567210181154005" "Xi: 0.557759217997461" "Xi: 0.582707235196673"
[13] "Xi: 0.509245289292893" "Xi: 0.512636105061418" "Xi: 0.527235781036941"
[16] "Xi: 0.554012466571664" "Xi: 0.598452835428307" "Xi: 0.600112022369762"
[19] "Xi: 0.574408244111717" "Xi: 0.571619560827841"
Time difference of 3.465628 mins
[1] "Rho"
[1] 938.5768 938.5073 938.1656 938.6002 938.5993
[1] "It: 5"
[1] "sigma:"            "0.974614595363684" "beta :"           
[4] "1"                
[1] "rho/theta:" "1"         
Time difference of 1.991909 secs
[1] " old Likelihood:  -6683771.18344034"
[1] "New Likelihood:  -6683469.96778845"
[1] 4999312
[1] 4999317
iter:  0  f-value:  1696.38  pgrad:  0.600112 
iter:  10  f-value:  1695.919  pgrad:  0.6010306 
iter:  20  f-value:  1695.904  pgrad:  0.411606 
iter:  30  f-value:  1695.903  pgrad:  0.9866465 
  Unsuccessful convergence.
[1] 0.9865872
 [1] "Xi: 0.504756410435401" "Xi: 0.504723588583105" "Xi: 0.507899770744459"
 [4] "Xi: 0.510731266429627" "Xi: 0.520153772772788" "Xi: 0.547876811984012"
 [7] "Xi: 0.536863934687119" "Xi: 0.583393044218646" "Xi: 0.591707025213638"
[10] "Xi: 0.56672040357586"  "Xi: 0.555058471931525" "Xi: 0.590190252895587"
[13] "Xi: 0.506799616350311" "Xi: 0.512960964923546" "Xi: 0.52869703329465" 
[16] "Xi: 0.556301406247608" "Xi: 0.60244594699241"  "Xi: 0.60091740437059" 
[19] "Xi: 0.576647380512498" "Xi: 0.574650892552517"
Time difference of 3.463591 mins
[1] "Rho"
[1] 938.5768 938.5073 938.1656 938.6002 938.5993
[1] "It: 6"
[1] "sigma:"            "0.976721357094822" "beta :"           
[4] "1"                
[1] "rho/theta:" "1"         
Time difference of 1.998411 secs
[1] " old Likelihood:  -6683469.96778845"
[1] "New Likelihood:  -6683316.47308521"
[1] 4999312
[1] 4999317
iter:  0  f-value:  1602.872  pgrad:  0.6009174 
iter:  10  f-value:  1602.623  pgrad:  0.4870659 
iter:  20  f-value:  1602.619  pgrad:  0.4052939 
iter:  30  f-value:  1602.619  pgrad:  0.6055913 
  Unsuccessful convergence.
[1] 0.9880754
 [1] "Xi: 0.504815916084876" "Xi: 0.504770748501676" "Xi: 0.507963121073479"
 [4] "Xi: 0.510745670365233" "Xi: 0.520074539552794" "Xi: 0.547725790189044"
 [7] "Xi: 0.535846778431615" "Xi: 0.583458718630467" "Xi: 0.5917858663044"  
[10] "Xi: 0.566482369083553" "Xi: 0.55293601270752"  "Xi: 0.594709887965145"
[13] "Xi: 0.505148000340271" "Xi: 0.513832650505008" "Xi: 0.530082784938645"
[16] "Xi: 0.557804724880418" "Xi: 0.605260384806104" "Xi: 0.600733875443746"
[19] "Xi: 0.57777927846916"  "Xi: 0.57632077543352" 
Time difference of 3.472328 mins
[1] "Rho"
[1] 938.5768 938.5073 938.1656 938.6002 938.5993
[1] "It: 7"
[1] "sigma:"            "0.978194617595922" "beta :"           
[4] "1"                
[1] "rho/theta:" "1"         
Time difference of 2.006215 secs
[1] " old Likelihood:  -6683316.47308521"
[1] "New Likelihood:  -6683235.71379538"
[1] 4999312
[1] 4999317
iter:  0  f-value:  1537.137  pgrad:  0.6007339 
iter:  10  f-value:  1537.007  pgrad:  0.4965185 
iter:  20  f-value:  1537.003  pgrad:  0.4013893 
iter:  30  f-value:  1537.002  pgrad:  0.3992229 
  Unsuccessful convergence.
[1] 0.9891187
 [1] "Xi: 0.50489033410854"  "Xi: 0.504831433711659" "Xi: 0.508042938148414"
 [4] "Xi: 0.51076722874119"  "Xi: 0.519958639605313" "Xi: 0.547524184888207"
 [7] "Xi: 0.534513380980297" "Xi: 0.583515413262326" "Xi: 0.591825470535297"
[10] "Xi: 0.566436101961811" "Xi: 0.550720664720386" "Xi: 0.600778808418019"
[13] "Xi: 0.504151007034786" "Xi: 0.514934341015973" "Xi: 0.531300214280556"
[16] "Xi: 0.558783141000783" "Xi: 0.607425523651494" "Xi: 0.600282159292351"
[19] "Xi: 0.578464860877683" "Xi: 0.57725878560249" 
Time difference of 3.472467 mins
[1] "Rho"
[1] 938.5768 938.5073 938.1656 938.6002 938.5993
[1] "It: 8"
[1] "sigma:"            "0.979227514336842" "beta :"           
[4] "1"                
[1] "rho/theta:" "1"         
Time difference of 2.000898 secs
[1] " old Likelihood:  -6683235.71379538"
[1] "New Likelihood:  -6683191.94817788"
[1] 4999312
[1] 4999317
iter:  0  f-value:  1491.108  pgrad:  0.6002822 
iter:  10  f-value:  1491.041  pgrad:  0.4847246 
iter:  20  f-value:  1491.038  pgrad:  0.3950688 
iter:  30  f-value:  1491.037  pgrad:  0.9898504 
  Unsuccessful convergence.
[1] 0.989843
 [1] "Xi: 0.504956354986668" "Xi: 0.504881597736542" "Xi: 0.508110096741396"
 [4] "Xi: 0.510782188069188" "Xi: 0.519864215753904" "Xi: 0.547362237007117"
 [7] "Xi: 0.533439485748554" "Xi: 0.583561115823204" "Xi: 0.591818114716434"
[10] "Xi: 0.566565320283146" "Xi: 0.548658142528875" "Xi: 0.606180208881536"
[13] "Xi: 0.503351697864502" "Xi: 0.515968220304415" "Xi: 0.532251843985107"
[16] "Xi: 0.559368932833434" "Xi: 0.609129132561395" "Xi: 0.59978603462528" 
[19] "Xi: 0.578871293525014" "Xi: 0.577780234595775"
Time difference of 3.470373 mins
[1] "Rho"
[1] 938.5768 938.5073 938.1656 938.6002 938.5993
[1] "It: 9"
[1] "sigma:"            "0.979944555918562" "beta :"           
[4] "1"                
[1] "rho/theta:" "1"         
Time difference of 1.995339 secs
[1] " old Likelihood:  -6683191.94817788"
[1] "New Likelihood:  -6683168.7489296"
[1] 4999312
[1] 4999317
iter:  0  f-value:  1459.05  pgrad:  0.599786 
iter:  10  f-value:  1459.015  pgrad:  0.46747 
iter:  20  f-value:  1459.013  pgrad:  0.3912056 
iter:  30  f-value:  1459.013  pgrad:  0.3907025 
  Unsuccessful convergence.
[1] 0.9903464
 [1] "Xi: 0.505237152881976" "Xi: 0.505156158448334" "Xi: 0.508388817715356"
 [4] "Xi: 0.511025696970263" "Xi: 0.519543806044552" "Xi: 0.546984675476667"
 [7] "Xi: 0.532464490106363" "Xi: 0.583773931291274" "Xi: 0.591469195494849"
[10] "Xi: 0.566841017599245" "Xi: 0.546710431413248" "Xi: 0.609299552445549"
[13] "Xi: 0.502809252767049" "Xi: 0.516964405438248" "Xi: 0.533044098374596"
[16] "Xi: 0.559719706117326" "Xi: 0.610539368906319" "Xi: 0.599346432328493"
[19] "Xi: 0.579169162500505" "Xi: 0.577961731316111"
Time difference of 3.481107 mins
[1] "Rho"
[1] 938.5768 938.5073 938.1656 938.6002 938.5993
[1] "It: 10"
[1] "sigma:"            "0.980442926164959" "beta :"           
[4] "1"                
[1] "rho/theta:" "1"         
Time difference of 2.003693 secs
[1] " old Likelihood:  -6683168.7489296"
[1] "New Likelihood:  -6683156.33540148"
[1] 4999312
[1] 4999317
iter:  0  f-value:  1436.737  pgrad:  0.5993464 
iter:  10  f-value:  1436.719  pgrad:  0.3894321 
iter:  20  f-value:  1436.718  pgrad:  0.3879574 
iter:  30  f-value:  1436.717  pgrad:  0.3670334 
  Unsuccessful convergence.
[1] 0.9906919
 [1] "Xi: 0.50528815248401"  "Xi: 0.50519710931207"  "Xi: 0.508440871759531"
 [4] "Xi: 0.511035130467374" "Xi: 0.51945991953602"  "Xi: 0.546850417713064"
 [7] "Xi: 0.531557494542473" "Xi: 0.583784983018657" "Xi: 0.591377721074508"
[10] "Xi: 0.567027952591724" "Xi: 0.544871470816929" "Xi: 0.612873928663049"
[13] "Xi: 0.502235183630647" "Xi: 0.517648079301082" "Xi: 0.533521875228581"
[16] "Xi: 0.55980477589599"  "Xi: 0.611605302375225" "Xi: 0.598965555797474"
[19] "Xi: 0.579407692374249" "Xi: 0.578171607562806"
Time difference of 3.470938 mins
[1] "Rho"
[1] 938.5768 938.5073 938.1656 938.6002 938.5993
[1] "It: 11"
[1] "sigma:"            "0.980785029444225" "beta :"           
[4] "1"                
[1] "rho/theta:" "1"         
Time difference of 2.077595 secs
[1] " old Likelihood:  -6683156.33540148"
[1] "New Likelihood:  -6683149.8412811"
[1] 4999312
[1] 4999317
iter:  0  f-value:  1421.287  pgrad:  0.5989656 
iter:  10  f-value:  1421.278  pgrad:  0.385936 
iter:  20  f-value:  1421.282  pgrad:  0.613093 
iter:  30  f-value:  1421.276  pgrad:  0.3673881 
  Unsuccessful convergence.
[1] 0.9909325
 [1] "Xi: 0.506292791686593" "Xi: 0.506192932592796" "Xi: 0.509437433608039"
 [4] "Xi: 0.511995767463684" "Xi: 0.518381310230034" "Xi: 0.545689024412245"
 [7] "Xi: 0.529846941786459" "Xi: 0.584591394460025" "Xi: 0.590163778290248"
[10] "Xi: 0.568013404700509" "Xi: 0.542565315076464" "Xi: 0.615832491066635"
[13] "Xi: 0.501941220951152" "Xi: 0.518315229850758" "Xi: 0.533917171944762"
[16] "Xi: 0.559836058767475" "Xi: 0.612482433622761" "Xi: 0.598658198859067"
[19] "Xi: 0.579623050521271" "Xi: 0.578205892198283"
Time difference of 3.487044 mins
[1] "Rho"
[1] 938.5768 938.5073 938.1656 938.6002 938.5993
[1] "It: 12"
[1] "sigma:"            "0.981023133021691" "beta :"           
[4] "1"                
[1] "rho/theta:" "1"         
Time difference of 1.989454 secs
[1] " old Likelihood:  -6683149.8412811"
[1] "New Likelihood:  -6683145.58833424"
[1] 4999312
[1] 4999317
iter:  0  f-value:  1410.543  pgrad:  0.5986582 
iter:  10  f-value:  1410.538  pgrad:  0.3830264 
iter:  20  f-value:  1410.537  pgrad:  0.381853 
iter:  30  f-value:  1410.537  pgrad:  0.3152149 
  Unsuccessful convergence.
[1] 0.9911002
 [1] "Xi: 0.506815735700217" "Xi: 0.506708897117759" "Xi: 0.5099591085112"  
 [4] "Xi: 0.5124764114704"   "Xi: 0.517802397389097" "Xi: 0.545045464456062"
 [7] "Xi: 0.528551997040917" "Xi: 0.585009628719784" "Xi: 0.589504570177106"
[10] "Xi: 0.568720947069104" "Xi: 0.540775984074463" "Xi: 0.618771406619444"
[13] "Xi: 0.501721866162927" "Xi: 0.518896611548241" "Xi: 0.534259848985483"
[16] "Xi: 0.559751252254121" "Xi: 0.613223732575038" "Xi: 0.598399536951362"
[19] "Xi: 0.579777090281605" "Xi: 0.578412955522968"
Time difference of 3.480147 mins
[1] "Rho"
[1] 938.5768 938.5073 938.1656 938.6002 938.5993
[1] "It: 13"
[1] "sigma:"           "0.98118918949564" "beta :"           "1"               
[1] "rho/theta:" "1"         
Time difference of 1.986331 secs
[1] " old Likelihood:  -6683145.58833424"
[1] "New Likelihood:  -6683143.13905988"
[1] 4999312
[1] 4999317
iter:  0  f-value:  1403.014  pgrad:  0.5983995 
iter:  10  f-value:  1403.011  pgrad:  0.3805642 
iter:  20  f-value:  1403.012  pgrad:  0.5985009 
iter:  30  f-value:  1403.01  pgrad:  0.3436799 
  Unsuccessful convergence.
[1] 0.9912115
 [1] "Xi: 0.507326683927235" "Xi: 0.507214513735371" "Xi: 0.51046649800919" 
 [4] "Xi: 0.512957620543583" "Xi: 0.517252482224206" "Xi: 0.544449258234371"
 [7] "Xi: 0.527524741565472" "Xi: 0.58542463865825"  "Xi: 0.588894105721377"
[10] "Xi: 0.56935533337826"  "Xi: 0.539645370791781" "Xi: 0.620983148635062"
[13] "Xi: 0.501278711361097" "Xi: 0.519142623547007" "Xi: 0.534384740990973"
[16] "Xi: 0.559653414461579" "Xi: 0.613766493312413" "Xi: 0.59816970775105" 
[19] "Xi: 0.579889974725654" "Xi: 0.578384894932533"
Time difference of 3.474292 mins
[1] "Rho"
[1] 938.5768 938.5073 938.1656 938.6002 938.5993
[1] "It: 14"
[1] "sigma:"            "0.981299430961649" "beta :"           
[4] "1"                
[1] "rho/theta:" "1"         
Time difference of 2.018935 secs
[1] " old Likelihood:  -6683143.13905988"
[1] "New Likelihood:  -6683141.9722146"
[1] 4999312
[1] 4999317
iter:  0  f-value:  1397.886  pgrad:  0.5981697 
iter:  10  f-value:  1397.884  pgrad:  0.3783987 
iter:  20  f-value:  1397.884  pgrad:  0.377814 
iter:  30  f-value:  1397.885  pgrad:  0.6073242 
  Unsuccessful convergence.
[1] 0.9912994
 [1] "Xi: 0.507830920229302" "Xi: 0.50771400078871"  "Xi: 0.510967797451559"
 [4] "Xi: 0.512461602619469" "Xi: 0.51671099083058"  "Xi: 0.543867446428712"
 [7] "Xi: 0.526595445097469" "Xi: 0.585845914007911" "Xi: 0.588278836511228"
[10] "Xi: 0.569989651788269" "Xi: 0.538582052069917" "Xi: 0.622779460046934"
[13] "Xi: 0.501298241142419" "Xi: 0.519690912538759" "Xi: 0.534758831608448"
[16] "Xi: 0.559767576564886" "Xi: 0.614394541778653" "Xi: 0.59802448055098" 
[19] "Xi: 0.579971469286904" "Xi: 0.578605582598108"
Time difference of 3.483905 mins
[1] "Rho"
[1] 938.5768 938.5073 938.1656 938.6002 938.5993
[1] "It: 15"
[1] "sigma:"            "0.981386424043842" "beta :"           
[4] "1"                
[1] "rho/theta:" "1"         
Time difference of 2.00596 secs
[1] " old Likelihood:  -6683141.9722146"
[1] "New Likelihood:  -6683140.72811941"
[1] 4999312
[1] 4999317
iter:  0  f-value:  1394.022  pgrad:  0.5980245 
iter:  10  f-value:  1394.021  pgrad:  0.3764604 
iter:  20  f-value:  1394.02  pgrad:  0.3760019 
iter:  30  f-value:  1394.02  pgrad:  0.3452942 
  Unsuccessful convergence.
[1] 0.991349
 [1] "Xi: 0.508096341197842" "Xi: 0.50797482940996"  "Xi: 0.511232695155271"
 [4] "Xi: 0.512706642741452" "Xi: 0.516425120847318" "Xi: 0.543556350906998"
 [7] "Xi: 0.525923524899704" "Xi: 0.586068934399547" "Xi: 0.587956883806646"
[10] "Xi: 0.570414702466037" "Xi: 0.537913257806521" "Xi: 0.624322801786299"
[13] "Xi: 0.500880982144235" "Xi: 0.519710229906435" "Xi: 0.534684977850002"
[16] "Xi: 0.559536143921904" "Xi: 0.61465304731418"  "Xi: 0.597843037178283"
[19] "Xi: 0.580050217905525" "Xi: 0.57849999474161" 
Time difference of 3.482336 mins
[1] "Rho"
[1] 938.5768 938.5073 938.1656 938.6002 938.5993
[1] "It: 16"
[1] "sigma:"            "0.981435543791917" "beta :"           
[4] "1"                
[1] "rho/theta:" "1"         
Time difference of 1.995647 secs
[1] " old Likelihood:  -6683140.72811941"
[1] "New Likelihood:  -6683140.46222453"
[1] 4999312
[1] 4999317
iter:  0  f-value:  1391.599  pgrad:  0.5445054 
iter:  10  f-value:  1391.598  pgrad:  0.3752328 
iter:  20  f-value:  1391.598  pgrad:  0.3718537 
iter:  30  f-value:  1391.598  pgrad:  0.5979135 
  Unsuccessful convergence.
[1] 0.9913839
 [1] "Xi: 0.508126200631297" "Xi: 0.507996956276358" "Xi: 0.511264962697112"
 [4] "Xi: 0.512714663276916" "Xi: 0.516383190415011" "Xi: 0.543503701844156"
 [7] "Xi: 0.525419076933005" "Xi: 0.586102417385374" "Xi: 0.587908375957604"
[10] "Xi: 0.570703048416518" "Xi: 0.537468120223992" "Xi: 0.626129264893967"
[13] "Xi: 0.500623415050126" "Xi: 0.519805931789927" "Xi: 0.534704455124774"
[16] "Xi: 0.559414967448579" "Xi: 0.614917215855983" "Xi: 0.597717099287425"
[19] "Xi: 0.580137815205897" "Xi: 0.578418131861319"
Time difference of 3.477801 mins
[1] "Rho"
[1] 938.5768 938.5073 938.1656 938.6002 938.5993
[1] "It: 17"
[1] "sigma:"            "0.981470022361941" "beta :"           
[4] "1"                
[1] "rho/theta:" "1"         
Time difference of 2.005997 secs
[1] " old Likelihood:  -6683140.46222453"
[1] "New Likelihood:  -6683140.16908932"
[1] 4999312
[1] 4999317
iter:  0  f-value:  1389.954  pgrad:  0.4262097 
iter:  10  f-value:  1389.954  pgrad:  0.3734311 
iter:  20  f-value:  1389.954  pgrad:  0.3310879 
iter:  30  f-value:  1389.953  pgrad:  0.1875128 
  Unsuccessful convergence.
[1] 0.9914081
 [1] "Xi: 0.508171626571095" "Xi: 0.508029830104843" "Xi: 0.511311330827506"
 [4] "Xi: 0.512726468577939" "Xi: 0.516318358967434" "Xi: 0.54342476030468" 
 [7] "Xi: 0.524665974997989" "Xi: 0.586159719959058" "Xi: 0.58783046284054" 
[10] "Xi: 0.571129867843455" "Xi: 0.536869624231849" "Xi: 0.628538766866257"
[13] "Xi: 0.500445947152212" "Xi: 0.519921855197628" "Xi: 0.53474011630487" 
[16] "Xi: 0.559319146403611" "Xi: 0.615139309799415" "Xi: 0.597614444933795"
[19] "Xi: 0.58022107409771"  "Xi: 0.57835463245709" 
Time difference of 3.481543 mins
[1] "Rho"
[1] 938.5768 938.5073 938.1656 938.6002 938.5993
[1] "It: 18"
[1] "sigma:"            "0.981493973132027" "beta :"           
[4] "1"                
[1] "rho/theta:" "1"         
Time difference of 1.997998 secs
[1] " old Likelihood:  -6683140.16908932"
[1] "New Likelihood:  -6683139.77936865"
[1] 4999312
[1] 4999317
iter:  0  f-value:  1388.818  pgrad:  0.3714612 
iter:  10  f-value:  1388.818  pgrad:  0.3623518 
iter:  20  f-value:  1388.818  pgrad:  0.3018818 
iter:  30  f-value:  1388.818  pgrad:  0.9914288 
  Unsuccessful convergence.
[1] 0.9914246
 [1] "Xi: 0.508434321220034" "Xi: 0.50828750575706"  "Xi: 0.511573281101893"
 [4] "Xi: 0.512970389677059" "Xi: 0.51603922698081"  "Xi: 0.543126144352792"
 [7] "Xi: 0.524044044206635" "Xi: 0.586391408331684" "Xi: 0.587509488359643"
[10] "Xi: 0.571545200240058" "Xi: 0.536303433602451" "Xi: 0.629695443728803"
[13] "Xi: 0.500319787779707" "Xi: 0.520000115552126" "Xi: 0.534788736604223"
[16] "Xi: 0.5592709609234"   "Xi: 0.615343161973989" "Xi: 0.597530624327932"
[19] "Xi: 0.580292907846168" "Xi: 0.578332491441796"
Time difference of 3.486019 mins
[1] "Rho"
[1] 938.5768 938.5073 938.1656 938.6002 938.5993
[1] "It: 19"
[1] "sigma:"            "0.981510327512127" "beta :"           
[4] "1"                
[1] "rho/theta:" "1"         
Time difference of 2.001257 secs
[1] " old Likelihood:  -6683139.77936865"
[1] "New Likelihood:  -6683139.55239043"
[1] 4999312
[1] 4999317
iter:  0  f-value:  1388.024  pgrad:  0.3703046 
iter:  10  f-value:  1388.024  pgrad:  0.3450123 
iter:  20  f-value:  1388.023  pgrad:  0.3020159 
iter:  30  f-value:  1388.023  pgrad:  0.2894353 
  Unsuccessful convergence.
[1] 0.9914351
 [1] "Xi: 0.508602196903237" "Xi: 0.508452567490415" "Xi: 0.511741970877497"
 [4] "Xi: 0.513125165412989" "Xi: 0.515858731232985" "Xi: 0.54293345925033" 
 [7] "Xi: 0.523584412150578" "Xi: 0.586545851637327" "Xi: 0.587299921042544"
[10] "Xi: 0.571859403649585" "Xi: 0.535886011389764" "Xi: 0.630572790816349"
[13] "Xi: 0.500194954238794" "Xi: 0.520068360819764" "Xi: 0.534797444281073"
[16] "Xi: 0.559200061082167" "Xi: 0.615502123642736" "Xi: 0.597449130705113"
[19] "Xi: 0.580345139202928" "Xi: 0.578287492712432"
Time difference of 3.503162 mins
[1] "Rho"
[1] 938.5768 938.5073 938.1656 938.6002 938.5993
[1] "It: 20"
[1] "sigma:"            "0.981520796349501" "beta :"           
[4] "1"                
[1] "rho/theta:" "1"         
Time difference of 2.006023 secs
[1] " old Likelihood:  -6683139.55239043"
[1] "New Likelihood:  -6683139.38172112"
[1] 4999312
[1] 4999317
iter:  0  f-value:  1387.485  pgrad:  0.3694272 
iter:  10  f-value:  1387.485  pgrad:  0.4027529 
iter:  20  f-value:  1387.485  pgrad:  0.2967749 
iter:  30  f-value:  1387.485  pgrad:  0.5377228 
  Unsuccessful convergence.
[1] 0.9914435
 [1] "Xi: 0.508987510395883" "Xi: 0.508833768808545" "Xi: 0.512127005613348"
 [4] "Xi: 0.513488913965156" "Xi: 0.515448871225277" "Xi: 0.542498697627966"
 [7] "Xi: 0.522780751773314" "Xi: 0.586888675817199" "Xi: 0.58683789025079" 
[10] "Xi: 0.572409288969214" "Xi: 0.535298492887417" "Xi: 0.632039728967147"
[13] "Xi: 0.500017873327306" "Xi: 0.520216127102133" "Xi: 0.534872528532817"
[16] "Xi: 0.559189038077602" "Xi: 0.615661381892545" "Xi: 0.597389164080403"
[19] "Xi: 0.580393429722631" "Xi: 0.578175321402232"
Time difference of 3.483239 mins
[1] 1 1 1 1 1
[1] 1 1 1 1 1
saved RDS
inference successful
