[1] "Original length"
[1] 999703
[1] "Final length"
[1] 17241
[1] "sequence length : 999704" "sequence length : 999696"
[3] "sequence length : 999881" "sequence length : 999172"
[5] "sequence length : 999951"
[1] 1 1 1 1 1
[1] "Beta: 1"
[1] "Self: 0.5"
 [1] 0 0 0 0 0 0 0 0 0 0 0 0 0 0 0 0 0 0 0 0
[1] "maxIt: 20"
[1] "It: 1"
 [1] "sigma:" "0.5"    "0.5"    "0.5"    "0.5"    "0.5"    "0.5"    "0.5"   
 [9] "0.5"    "0.5"    "0.5"    "0.5"    "0.5"    "0.5"    "0.5"    "0.5"   
[17] "0.5"    "0.5"    "0.5"    "0"      "0"      "0"      "0"      "0"     
[25] "0"      "0"      "0"      "0"      "0"      "0"      "0"      "0"     
[33] "0"      "0"      "0"      "0"      "0"      "0"      "0"      "0"     
[41] "0"      "beta :" "1"     
[1] 8401146
[1] 8400648
[1] 8400395
[1] 8400018
[1] 8399462
[1] 8398644
[1] 8397442
[1] 8395709
[1] 8393308
[1] 8390089
[1] 8385840
[1] 8380538
[1] 8374364
[1] 8367460
[1] 8360462
[1] 8354551
[1] 8352150
[1] 8353792
[1] 8356085
[1] 8356695
[1] 8356828
 [1] "sigma:" "0.9655" "0.9655" "0.9655" "0.9655" "0.9655" "0.9655" "0.9655"
 [9] "0.9655" "0.9655" "0.9655" "0.9655" "0.9655" "0.9655" "0.9655" "0.9655"
[17] "0.9655" "0.9655" "0.9655" "0.9655" "0.9655" "0.9655" "0.9655" "0.9655"
[25] "0.9655" "0.9655" "0.9655" "0.9655" "0.9655" "0.9655" "0.9655" "0.9655"
[33] "0.9655" "0.475"  "0.475"  "0.475"  "0.475"  "0.475"  "0.475"  "0.475" 
[41] "0.475"  "beta :" "1"     
[1] "New Likelihood:  -8352149.90219721"
iter:  0  f-value:  6841.229  pgrad:  0.95 
iter:  10  f-value:  6832.624  pgrad:  0.5001716 
iter:  20  f-value:  6832.308  pgrad:  0.9697269 
iter:  30  f-value:  6832.238  pgrad:  0.4985028 
  Unsuccessful convergence.
Time difference of 34.78012 mins
[1] "maxIt: 20"
[1] "It: 2"
 [1] "sigma:"            "0.975113441881705" "0.975113441881705"
 [4] "0.975113441881705" "0.975113441881705" "0.975113441881705"
 [7] "0.975113441881705" "0.975113441881705" "0.975113441881705"
[10] "0.975113441881705" "0.975113441881705" "0.975113441881705"
[13] "0.975113441881705" "0.975113441881705" "0.975113441881705"
[16] "0.975113441881705" "0.975113441881705" "0.975113441881705"
[19] "0.975113441881705" "0.975113441881705" "0.975113441881705"
[22] "0.975113441881705" "0.975113441881705" "0.975113441881705"
[25] "0.975113441881705" "0.975113441881705" "0.975113441881705"
[28] "0.975113441881705" "0.975113441881705" "0.975113441881705"
[31] "0.975113441881705" "0.975113441881705" "0.975113441881705"
[34] "0.473801346581636" "0.473801346581636" "0.473801346581636"
[37] "0.473801346581636" "0.473801346581636" "0.473801346581636"
[40] "0.473801346581636" "0.473801346581636" "beta :"           
[43] "1"                
[1] 8352635
[1] 8349611
[1] 8351527
 [1] "sigma:"            "0.975113441881705" "0.975113441881705"
 [4] "0.975113441881705" "0.975113441881705" "0.975113441881705"
 [7] "0.975113441881705" "0.975113441881705" "0.975113441881705"
[10] "0.975113441881705" "0.975113441881705" "0.975113441881705"
[13] "0.975113441881705" "0.975113441881705" "0.975113441881705"
[16] "0.975113441881705" "0.975113441881705" "0.975113441881705"
[19] "0.975113441881705" "0.975113441881705" "0.975113441881705"
[22] "0.975113441881705" "0.975113441881705" "0.975113441881705"
[25] "0.975113441881705" "0.975113441881705" "0.975113441881705"
[28] "0.975113441881705" "0.975113441881705" "0.975113441881705"
[31] "0.975113441881705" "0.975113441881705" "0.975113441881705"
[34] "0.398801346581636" "0.398801346581636" "0.398801346581636"
[37] "0.398801346581636" "0.398801346581636" "0.398801346581636"
[40] "0.398801346581636" "0.398801346581636" "beta :"           
[43] "1"                
[1] " old Likelihood:  -8352149.90219721"
[1] "New Likelihood:  -8349610.98702138"
iter:  0  f-value:  7023.581  pgrad:  0.5204492 
iter:  10  f-value:  7020.697  pgrad:  0.7967681 
iter:  20  f-value:  7020.666  pgrad:  0.7949438 
iter:  30  f-value:  7020.655  pgrad:  0.792866 
  Unsuccessful convergence.
Time difference of 9.816142 mins
[1] "maxIt: 20"
[1] "It: 3"
 [1] "sigma:"            "0.980303061987979" "0.980303061987979"
 [4] "0.980303061987979" "0.980303061987979" "0.980303061987979"
 [7] "0.980303061987979" "0.980303061987979" "0.980303061987979"
[10] "0.980303061987979" "0.980303061987979" "0.980303061987979"
[13] "0.980303061987979" "0.980303061987979" "0.980303061987979"
[16] "0.980303061987979" "0.980303061987979" "0.980303061987979"
[19] "0.980303061987979" "0.980303061987979" "0.980303061987979"
[22] "0.980303061987979" "0.980303061987979" "0.980303061987979"
[25] "0.980303061987979" "0.980303061987979" "0.980303061987979"
[28] "0.980303061987979" "0.980303061987979" "0.980303061987979"
[31] "0.980303061987979" "0.980303061987979" "0.980303061987979"
[34] "0.394953625051876" "0.394953625051876" "0.394953625051876"
[37] "0.394953625051876" "0.394953625051876" "0.394953625051876"
[40] "0.394953625051876" "0.394953625051876" "beta :"           
[43] "1"                
[1] 8351948
[1] 8348746
[1] 8351103
 [1] "sigma:"            "0.980303061987979" "0.980303061987979"
 [4] "0.980303061987979" "0.980303061987979" "0.980303061987979"
 [7] "0.980303061987979" "0.980303061987979" "0.980303061987979"
[10] "0.980303061987979" "0.980303061987979" "0.980303061987979"
[13] "0.980303061987979" "0.980303061987979" "0.980303061987979"
[16] "0.980303061987979" "0.980303061987979" "0.980303061987979"
[19] "0.980303061987979" "0.980303061987979" "0.980303061987979"
[22] "0.980303061987979" "0.980303061987979" "0.980303061987979"
[25] "0.980303061987979" "0.980303061987979" "0.980303061987979"
[28] "0.980303061987979" "0.980303061987979" "0.980303061987979"
[31] "0.980303061987979" "0.980303061987979" "0.980303061987979"
[34] "0.369953625051876" "0.369953625051876" "0.369953625051876"
[37] "0.369953625051876" "0.369953625051876" "0.369953625051876"
[40] "0.369953625051876" "0.369953625051876" "beta :"           
[43] "1"                
[1] " old Likelihood:  -8349610.98702138"
[1] "New Likelihood:  -8348745.85406611"
iter:  0  f-value:  6949.706  pgrad:  0.5494949 
iter:  10  f-value:  6948.462  pgrad:  0.7402202 
iter:  20  f-value:  6948.444  pgrad:  0.7385772 
iter:  30  f-value:  6948.44  pgrad:  0.7367995 
  Unsuccessful convergence.
Time difference of 8.860575 mins
[1] "maxIt: 20"
[1] "It: 4"
 [1] "sigma:"            "0.983319726103822" "0.983319726103822"
 [4] "0.983319726103822" "0.983319726103822" "0.983319726103822"
 [7] "0.983319726103822" "0.983319726103822" "0.983319726103822"
[10] "0.983319726103822" "0.983319726103822" "0.983319726103822"
[13] "0.983319726103822" "0.983319726103822" "0.983319726103822"
[16] "0.983319726103822" "0.983319726103822" "0.983319726103822"
[19] "0.983319726103822" "0.983319726103822" "0.983319726103822"
[22] "0.983319726103822" "0.983319726103822" "0.983319726103822"
[25] "0.983319726103822" "0.983319726103822" "0.983319726103822"
[28] "0.983319726103822" "0.983319726103822" "0.983319726103822"
[31] "0.983319726103822" "0.983319726103822" "0.983319726103822"
[34] "0.368357583825744" "0.368357583825744" "0.368357583825744"
[37] "0.368357583825744" "0.368357583825744" "0.368357583825744"
[40] "0.368357583825744" "0.368357583825744" "beta :"           
[43] "1"                
[1] 8351577
[1] 8348362
[1] 8351091
 [1] "sigma:"            "0.983319726103822" "0.983319726103822"
 [4] "0.983319726103822" "0.983319726103822" "0.983319726103822"
 [7] "0.983319726103822" "0.983319726103822" "0.983319726103822"
[10] "0.983319726103822" "0.983319726103822" "0.983319726103822"
[13] "0.983319726103822" "0.983319726103822" "0.983319726103822"
[16] "0.983319726103822" "0.983319726103822" "0.983319726103822"
[19] "0.983319726103822" "0.983319726103822" "0.983319726103822"
[22] "0.983319726103822" "0.983319726103822" "0.983319726103822"
[25] "0.983319726103822" "0.983319726103822" "0.983319726103822"
[28] "0.983319726103822" "0.983319726103822" "0.983319726103822"
[31] "0.983319726103822" "0.983319726103822" "0.983319726103822"
[34] "0.368357583825744" "0.368357583825744" "0.368357583825744"
[37] "0.368357583825744" "0.368357583825744" "0.368357583825744"
[40] "0.368357583825744" "0.368357583825744" "beta :"           
[43] "1"                
[1] " old Likelihood:  -8348745.85406611"
[1] "New Likelihood:  -8348361.6617743"
iter:  0  f-value:  6800.421  pgrad:  0.5521343 
iter:  10  f-value:  6799.87  pgrad:  0.7368705 
iter:  20  f-value:  6799.866  pgrad:  0.7355472 
iter:  30  f-value:  6799.864  pgrad:  0.5776928 
  Unsuccessful convergence.
Time difference of 8.423516 mins
[1] "maxIt: 20"
[1] "It: 5"
 [1] "sigma:"            "0.985102447574281" "0.985102447574281"
 [4] "0.985102447574281" "0.985102447574281" "0.985102447574281"
 [7] "0.985102447574281" "0.985102447574281" "0.985102447574281"
[10] "0.985102447574281" "0.985102447574281" "0.985102447574281"
[13] "0.985102447574281" "0.985102447574281" "0.985102447574281"
[16] "0.985102447574281" "0.985102447574281" "0.985102447574281"
[19] "0.985102447574281" "0.985102447574281" "0.985102447574281"
[22] "0.985102447574281" "0.985102447574281" "0.985102447574281"
[25] "0.985102447574281" "0.985102447574281" "0.985102447574281"
[28] "0.985102447574281" "0.985102447574281" "0.985102447574281"
[31] "0.985102447574281" "0.985102447574281" "0.985102447574281"
[34] "0.366725256639419" "0.366725256639419" "0.366725256639419"
[37] "0.366725256639419" "0.366725256639419" "0.366725256639419"
[40] "0.366725256639419" "0.366725256639419" "beta :"           
[43] "1"                
[1] 8351511
[1] 8348186
[1] 8351200
 [1] "sigma:"            "0.985102447574281" "0.985102447574281"
 [4] "0.985102447574281" "0.985102447574281" "0.985102447574281"
 [7] "0.985102447574281" "0.985102447574281" "0.985102447574281"
[10] "0.985102447574281" "0.985102447574281" "0.985102447574281"
[13] "0.985102447574281" "0.985102447574281" "0.985102447574281"
[16] "0.985102447574281" "0.985102447574281" "0.985102447574281"
[19] "0.985102447574281" "0.985102447574281" "0.985102447574281"
[22] "0.985102447574281" "0.985102447574281" "0.985102447574281"
[25] "0.985102447574281" "0.985102447574281" "0.985102447574281"
[28] "0.985102447574281" "0.985102447574281" "0.985102447574281"
[31] "0.985102447574281" "0.985102447574281" "0.985102447574281"
[34] "0.341725256639419" "0.341725256639419" "0.341725256639419"
[37] "0.341725256639419" "0.341725256639419" "0.341725256639419"
[40] "0.341725256639419" "0.341725256639419" "beta :"           
[43] "1"                
[1] " old Likelihood:  -8348361.6617743"
[1] "New Likelihood:  -8348185.76223075"
iter:  0  f-value:  6854.032  pgrad:  0.5518657 
iter:  10  f-value:  6853.77  pgrad:  0.6838793 
iter:  20  f-value:  6853.766  pgrad:  0.6827961 
iter:  30  f-value:  6853.765  pgrad:  0.6819915 
  Unsuccessful convergence.
Time difference of 8.852386 mins
[1] "maxIt: 20"
[1] "It: 6"
 [1] "sigma:"            "0.986157155676715" "0.986157155676715"
 [4] "0.986157155676715" "0.986157155676715" "0.986157155676715"
 [7] "0.986157155676715" "0.986157155676715" "0.986157155676715"
[10] "0.986157155676715" "0.986157155676715" "0.986157155676715"
[13] "0.986157155676715" "0.986157155676715" "0.986157155676715"
[16] "0.986157155676715" "0.986157155676715" "0.986157155676715"
[19] "0.986157155676715" "0.986157155676715" "0.986157155676715"
[22] "0.986157155676715" "0.986157155676715" "0.986157155676715"
[25] "0.986157155676715" "0.986157155676715" "0.986157155676715"
[28] "0.986157155676715" "0.986157155676715" "0.986157155676715"
[31] "0.986157155676715" "0.986157155676715" "0.986157155676715"
[34] "0.340634454922733" "0.340634454922733" "0.340634454922733"
[37] "0.340634454922733" "0.340634454922733" "0.340634454922733"
[40] "0.340634454922733" "0.340634454922733" "beta :"           
[43] "1"                
[1] 8351435
[1] 8348098
[1] 8351330
 [1] "sigma:"            "0.986157155676715" "0.986157155676715"
 [4] "0.986157155676715" "0.986157155676715" "0.986157155676715"
 [7] "0.986157155676715" "0.986157155676715" "0.986157155676715"
[10] "0.986157155676715" "0.986157155676715" "0.986157155676715"
[13] "0.986157155676715" "0.986157155676715" "0.986157155676715"
[16] "0.986157155676715" "0.986157155676715" "0.986157155676715"
[19] "0.986157155676715" "0.986157155676715" "0.986157155676715"
[22] "0.986157155676715" "0.986157155676715" "0.986157155676715"
[25] "0.986157155676715" "0.986157155676715" "0.986157155676715"
[28] "0.986157155676715" "0.986157155676715" "0.986157155676715"
[31] "0.986157155676715" "0.986157155676715" "0.986157155676715"
[34] "0.340634454922733" "0.340634454922733" "0.340634454922733"
[37] "0.340634454922733" "0.340634454922733" "0.340634454922733"
[40] "0.340634454922733" "0.340634454922733" "beta :"           
[43] "1"                
[1] " old Likelihood:  -8348185.76223075"
[1] "New Likelihood:  -8348097.95251607"
iter:  0  f-value:  6789.139  pgrad:  0.5501196 
iter:  10  f-value:  6789.013  pgrad:  0.6285245 
iter:  20  f-value:  6789.012  pgrad:  0.5736456 
iter:  30  f-value:  6789.012  pgrad:  0.5217316 
  Unsuccessful convergence.
Time difference of 8.392627 mins
[1] "maxIt: 20"
[1] "It: 7"
 [1] "sigma:"            "0.986767948124015" "0.986767948124015"
 [4] "0.986767948124015" "0.986767948124015" "0.986767948124015"
 [7] "0.986767948124015" "0.986767948124015" "0.986767948124015"
[10] "0.986767948124015" "0.986767948124015" "0.986767948124015"
[13] "0.986767948124015" "0.986767948124015" "0.986767948124015"
[16] "0.986767948124015" "0.986767948124015" "0.986767948124015"
[19] "0.986767948124015" "0.986767948124015" "0.986767948124015"
[22] "0.986767948124015" "0.986767948124015" "0.986767948124015"
[25] "0.986767948124015" "0.986767948124015" "0.986767948124015"
[28] "0.986767948124015" "0.986767948124015" "0.986767948124015"
[31] "0.986767948124015" "0.986767948124015" "0.986767948124015"
[34] "0.340216596598973" "0.340216596598973" "0.340216596598973"
[37] "0.340216596598973" "0.340216596598973" "0.340216596598973"
[40] "0.340216596598973" "0.340216596598973" "beta :"           
[43] "1"                
[1] 8351500
[1] 8348052
[1] 8351453
 [1] "sigma:"            "0.986767948124015" "0.986767948124015"
 [4] "0.986767948124015" "0.986767948124015" "0.986767948124015"
 [7] "0.986767948124015" "0.986767948124015" "0.986767948124015"
[10] "0.986767948124015" "0.986767948124015" "0.986767948124015"
[13] "0.986767948124015" "0.986767948124015" "0.986767948124015"
[16] "0.986767948124015" "0.986767948124015" "0.986767948124015"
[19] "0.986767948124015" "0.986767948124015" "0.986767948124015"
[22] "0.986767948124015" "0.986767948124015" "0.986767948124015"
[25] "0.986767948124015" "0.986767948124015" "0.986767948124015"
[28] "0.986767948124015" "0.986767948124015" "0.986767948124015"
[31] "0.986767948124015" "0.986767948124015" "0.986767948124015"
[34] "0.315216596598973" "0.315216596598973" "0.315216596598973"
[37] "0.315216596598973" "0.315216596598973" "0.315216596598973"
[40] "0.315216596598973" "0.315216596598973" "beta :"           
[43] "1"                
[1] " old Likelihood:  -8348097.95251607"
[1] "New Likelihood:  -8348051.9420761"
iter:  0  f-value:  6885.463  pgrad:  0.5484155 
iter:  10  f-value:  6885.38  pgrad:  0.6309779 
iter:  20  f-value:  6885.379  pgrad:  0.6301368 
iter:  30  f-value:  6885.378  pgrad:  0.8317693 
  Unsuccessful convergence.
Time difference of 8.903547 mins
[1] "maxIt: 20"
[1] "It: 8"
 [1] "sigma:"            "0.987132184978352" "0.987132184978352"
 [4] "0.987132184978352" "0.987132184978352" "0.987132184978352"
 [7] "0.987132184978352" "0.987132184978352" "0.987132184978352"
[10] "0.987132184978352" "0.987132184978352" "0.987132184978352"
[13] "0.987132184978352" "0.987132184978352" "0.987132184978352"
[16] "0.987132184978352" "0.987132184978352" "0.987132184978352"
[19] "0.987132184978352" "0.987132184978352" "0.987132184978352"
[22] "0.987132184978352" "0.987132184978352" "0.987132184978352"
[25] "0.987132184978352" "0.987132184978352" "0.987132184978352"
[28] "0.987132184978352" "0.987132184978352" "0.987132184978352"
[31] "0.987132184978352" "0.987132184978352" "0.987132184978352"
[34] "0.314045051792087" "0.314045051792087" "0.314045051792087"
[37] "0.314045051792087" "0.314045051792087" "0.314045051792087"
[40] "0.314045051792087" "0.314045051792087" "beta :"           
[43] "1"                
[1] 8351480
[1] 8348022
[1] 8351552
 [1] "sigma:"            "0.987132184978352" "0.987132184978352"
 [4] "0.987132184978352" "0.987132184978352" "0.987132184978352"
 [7] "0.987132184978352" "0.987132184978352" "0.987132184978352"
[10] "0.987132184978352" "0.987132184978352" "0.987132184978352"
[13] "0.987132184978352" "0.987132184978352" "0.987132184978352"
[16] "0.987132184978352" "0.987132184978352" "0.987132184978352"
[19] "0.987132184978352" "0.987132184978352" "0.987132184978352"
[22] "0.987132184978352" "0.987132184978352" "0.987132184978352"
[25] "0.987132184978352" "0.987132184978352" "0.987132184978352"
[28] "0.987132184978352" "0.987132184978352" "0.987132184978352"
[31] "0.987132184978352" "0.987132184978352" "0.987132184978352"
[34] "0.314045051792087" "0.314045051792087" "0.314045051792087"
[37] "0.314045051792087" "0.314045051792087" "0.314045051792087"
[40] "0.314045051792087" "0.314045051792087" "beta :"           
[43] "1"                
[1] " old Likelihood:  -8348051.9420761"
[1] "New Likelihood:  -8348021.60634388"
iter:  0  f-value:  6851.401  pgrad:  0.5468031 
iter:  10  f-value:  6851.356  pgrad:  0.4795857 
iter:  20  f-value:  6851.356  pgrad:  0.4391768 
iter:  30  f-value:  6851.356  pgrad:  0.402224 
  Unsuccessful convergence.
Time difference of 8.377498 mins
[1] "maxIt: 20"
[1] "It: 9"
 [1] "sigma:"            "0.987354779164875" "0.987354779164875"
 [4] "0.987354779164875" "0.987354779164875" "0.987354779164875"
 [7] "0.987354779164875" "0.987354779164875" "0.987354779164875"
[10] "0.987354779164875" "0.987354779164875" "0.987354779164875"
[13] "0.987354779164875" "0.987354779164875" "0.987354779164875"
[16] "0.987354779164875" "0.987354779164875" "0.987354779164875"
[19] "0.987354779164875" "0.987354779164875" "0.987354779164875"
[22] "0.987354779164875" "0.987354779164875" "0.987354779164875"
[25] "0.987354779164875" "0.987354779164875" "0.987354779164875"
[28] "0.987354779164875" "0.987354779164875" "0.987354779164875"
[31] "0.987354779164875" "0.987354779164875" "0.987354779164875"
[34] "0.313901309326561" "0.313901309326561" "0.313901309326561"
[37] "0.313901309326561" "0.313901309326561" "0.313901309326561"
[40] "0.313901309326561" "0.313901309326561" "beta :"           
[43] "1"                
[1] 8351476
[1] 8348004
[1] 8351621
 [1] "sigma:"            "0.987354779164875" "0.987354779164875"
 [4] "0.987354779164875" "0.987354779164875" "0.987354779164875"
 [7] "0.987354779164875" "0.987354779164875" "0.987354779164875"
[10] "0.987354779164875" "0.987354779164875" "0.987354779164875"
[13] "0.987354779164875" "0.987354779164875" "0.987354779164875"
[16] "0.987354779164875" "0.987354779164875" "0.987354779164875"
[19] "0.987354779164875" "0.987354779164875" "0.987354779164875"
[22] "0.987354779164875" "0.987354779164875" "0.987354779164875"
[25] "0.987354779164875" "0.987354779164875" "0.987354779164875"
[28] "0.987354779164875" "0.987354779164875" "0.987354779164875"
[31] "0.987354779164875" "0.987354779164875" "0.987354779164875"
[34] "0.313901309326561" "0.313901309326561" "0.313901309326561"
[37] "0.313901309326561" "0.313901309326561" "0.313901309326561"
[40] "0.313901309326561" "0.313901309326561" "beta :"           
[43] "1"                
[1] " old Likelihood:  -8348021.60634388"
[1] "New Likelihood:  -8348003.61075808"
iter:  0  f-value:  6827.733  pgrad:  0.5455803 
iter:  10  f-value:  6827.705  pgrad:  0.4824838 
iter:  20  f-value:  6827.705  pgrad:  0.2495199 
iter:  30  f-value:  6827.705  pgrad:  0.2213164 
  Unsuccessful convergence.
Time difference of 8.365878 mins
[1] "maxIt: 20"
[1] "It: 10"
 [1] "sigma:"            "0.987496357895657" "0.987496357895657"
 [4] "0.987496357895657" "0.987496357895657" "0.987496357895657"
 [7] "0.987496357895657" "0.987496357895657" "0.987496357895657"
[10] "0.987496357895657" "0.987496357895657" "0.987496357895657"
[13] "0.987496357895657" "0.987496357895657" "0.987496357895657"
[16] "0.987496357895657" "0.987496357895657" "0.987496357895657"
[19] "0.987496357895657" "0.987496357895657" "0.987496357895657"
[22] "0.987496357895657" "0.987496357895657" "0.987496357895657"
[25] "0.987496357895657" "0.987496357895657" "0.987496357895657"
[28] "0.987496357895657" "0.987496357895657" "0.987496357895657"
[31] "0.987496357895657" "0.987496357895657" "0.987496357895657"
[34] "0.313596659208304" "0.313596659208304" "0.313596659208304"
[37] "0.313596659208304" "0.313596659208304" "0.313596659208304"
[40] "0.313596659208304" "0.313596659208304" "beta :"           
[43] "1"                
[1] 8351566
[1] 8347991
[1] 8351702
 [1] "sigma:"            "0.987496357895657" "0.987496357895657"
 [4] "0.987496357895657" "0.987496357895657" "0.987496357895657"
 [7] "0.987496357895657" "0.987496357895657" "0.987496357895657"
[10] "0.987496357895657" "0.987496357895657" "0.987496357895657"
[13] "0.987496357895657" "0.987496357895657" "0.987496357895657"
[16] "0.987496357895657" "0.987496357895657" "0.987496357895657"
[19] "0.987496357895657" "0.987496357895657" "0.987496357895657"
[22] "0.987496357895657" "0.987496357895657" "0.987496357895657"
[25] "0.987496357895657" "0.987496357895657" "0.987496357895657"
[28] "0.987496357895657" "0.987496357895657" "0.987496357895657"
[31] "0.987496357895657" "0.987496357895657" "0.987496357895657"
[34] "0.288596659208304" "0.288596659208304" "0.288596659208304"
[37] "0.288596659208304" "0.288596659208304" "0.288596659208304"
[40] "0.288596659208304" "0.288596659208304" "beta :"           
[43] "1"                
[1] " old Likelihood:  -8348003.61075808"
[1] "New Likelihood:  -8347991.22035217"
iter:  0  f-value:  6945.099  pgrad:  0.5410925 
iter:  10  f-value:  6945.069  pgrad:  0.5593665 
iter:  20  f-value:  6945.068  pgrad:  0.5213587 
iter:  30  f-value:  6945.068  pgrad:  0.435939 
  Unsuccessful convergence.
Time difference of 8.917918 mins
[1] "maxIt: 20"
[1] "It: 11"
 [1] "sigma:"            "0.987583141770908" "0.987583141770908"
 [4] "0.987583141770908" "0.987583141770908" "0.987583141770908"
 [7] "0.987583141770908" "0.987583141770908" "0.987583141770908"
[10] "0.987583141770908" "0.987583141770908" "0.987583141770908"
[13] "0.987583141770908" "0.987583141770908" "0.987583141770908"
[16] "0.987583141770908" "0.987583141770908" "0.987583141770908"
[19] "0.987583141770908" "0.987583141770908" "0.987583141770908"
[22] "0.987583141770908" "0.987583141770908" "0.987583141770908"
[25] "0.987583141770908" "0.987583141770908" "0.987583141770908"
[28] "0.987583141770908" "0.987583141770908" "0.987583141770908"
[31] "0.987583141770908" "0.987583141770908" "0.987583141770908"
[34] "0.287990566845537" "0.287990566845537" "0.287990566845537"
[37] "0.287990566845537" "0.287990566845537" "0.287990566845537"
[40] "0.287990566845537" "0.287990566845537" "beta :"           
[43] "1"                
[1] 8351556
[1] 8347980
[1] 8351762
 [1] "sigma:"            "0.987583141770908" "0.987583141770908"
 [4] "0.987583141770908" "0.987583141770908" "0.987583141770908"
 [7] "0.987583141770908" "0.987583141770908" "0.987583141770908"
[10] "0.987583141770908" "0.987583141770908" "0.987583141770908"
[13] "0.987583141770908" "0.987583141770908" "0.987583141770908"
[16] "0.987583141770908" "0.987583141770908" "0.987583141770908"
[19] "0.987583141770908" "0.987583141770908" "0.987583141770908"
[22] "0.987583141770908" "0.987583141770908" "0.987583141770908"
[25] "0.987583141770908" "0.987583141770908" "0.987583141770908"
[28] "0.987583141770908" "0.987583141770908" "0.987583141770908"
[31] "0.987583141770908" "0.987583141770908" "0.987583141770908"
[34] "0.287990566845537" "0.287990566845537" "0.287990566845537"
[37] "0.287990566845537" "0.287990566845537" "0.287990566845537"
[40] "0.287990566845537" "0.287990566845537" "beta :"           
[43] "1"                
[1] " old Likelihood:  -8347991.22035217"
[1] "New Likelihood:  -8347980.37925622"
iter:  0  f-value:  6924.562  pgrad:  0.5406553 
iter:  10  f-value:  6924.546  pgrad:  0.3433342 
iter:  20  f-value:  6924.546  pgrad:  0.3291552 
iter:  30  f-value:  6924.546  pgrad:  0.2874003 
  Unsuccessful convergence.
Time difference of 8.410054 mins
[1] "maxIt: 20"
[1] "It: 12"
 [1] "sigma:"            "0.987641855236714" "0.987641855236714"
 [4] "0.987641855236714" "0.987641855236714" "0.987641855236714"
 [7] "0.987641855236714" "0.987641855236714" "0.987641855236714"
[10] "0.987641855236714" "0.987641855236714" "0.987641855236714"
[13] "0.987641855236714" "0.987641855236714" "0.987641855236714"
[16] "0.987641855236714" "0.987641855236714" "0.987641855236714"
[19] "0.987641855236714" "0.987641855236714" "0.987641855236714"
[22] "0.987641855236714" "0.987641855236714" "0.987641855236714"
[25] "0.987641855236714" "0.987641855236714" "0.987641855236714"
[28] "0.987641855236714" "0.987641855236714" "0.987641855236714"
[31] "0.987641855236714" "0.987641855236714" "0.987641855236714"
[34] "0.287794452700556" "0.287794452700556" "0.287794452700556"
[37] "0.287794452700556" "0.287794452700556" "0.287794452700556"
[40] "0.287794452700556" "0.287794452700556" "beta :"           
[43] "1"                
[1] 8351557
[1] 8347974
[1] 8351803
 [1] "sigma:"            "0.987641855236714" "0.987641855236714"
 [4] "0.987641855236714" "0.987641855236714" "0.987641855236714"
 [7] "0.987641855236714" "0.987641855236714" "0.987641855236714"
[10] "0.987641855236714" "0.987641855236714" "0.987641855236714"
[13] "0.987641855236714" "0.987641855236714" "0.987641855236714"
[16] "0.987641855236714" "0.987641855236714" "0.987641855236714"
[19] "0.987641855236714" "0.987641855236714" "0.987641855236714"
[22] "0.987641855236714" "0.987641855236714" "0.987641855236714"
[25] "0.987641855236714" "0.987641855236714" "0.987641855236714"
[28] "0.987641855236714" "0.987641855236714" "0.987641855236714"
[31] "0.987641855236714" "0.987641855236714" "0.987641855236714"
[34] "0.287794452700556" "0.287794452700556" "0.287794452700556"
[37] "0.287794452700556" "0.287794452700556" "0.287794452700556"
[40] "0.287794452700556" "0.287794452700556" "beta :"           
[43] "1"                
[1] " old Likelihood:  -8347980.37925622"
[1] "New Likelihood:  -8347973.87001676"
iter:  0  f-value:  6910.925  pgrad:  0.540299 
iter:  10  f-value:  6910.915  pgrad:  0.2745765 
iter:  20  f-value:  6910.915  pgrad:  0.1946592 
iter:  30  f-value:  6910.915  pgrad:  0.1801709 
  Unsuccessful convergence.
Time difference of 8.428925 mins
[1] "maxIt: 20"
[1] "It: 13"
 [1] "sigma:"            "0.987684082120305" "0.987684082120305"
 [4] "0.987684082120305" "0.987684082120305" "0.987684082120305"
 [7] "0.987684082120305" "0.987684082120305" "0.987684082120305"
[10] "0.987684082120305" "0.987684082120305" "0.987684082120305"
[13] "0.987684082120305" "0.987684082120305" "0.987684082120305"
[16] "0.987684082120305" "0.987684082120305" "0.987684082120305"
[19] "0.987684082120305" "0.987684082120305" "0.987684082120305"
[22] "0.987684082120305" "0.987684082120305" "0.987684082120305"
[25] "0.987684082120305" "0.987684082120305" "0.987684082120305"
[28] "0.987684082120305" "0.987684082120305" "0.987684082120305"
[31] "0.987684082120305" "0.987684082120305" "0.987684082120305"
[34] "0.287654446533616" "0.287654446533616" "0.287654446533616"
[37] "0.287654446533616" "0.287654446533616" "0.287654446533616"
[40] "0.287654446533616" "0.287654446533616" "beta :"           
[43] "1"                
[1] 8351559
[1] 8347969
[1] 8351834
 [1] "sigma:"            "0.987684082120305" "0.987684082120305"
 [4] "0.987684082120305" "0.987684082120305" "0.987684082120305"
 [7] "0.987684082120305" "0.987684082120305" "0.987684082120305"
[10] "0.987684082120305" "0.987684082120305" "0.987684082120305"
[13] "0.987684082120305" "0.987684082120305" "0.987684082120305"
[16] "0.987684082120305" "0.987684082120305" "0.987684082120305"
[19] "0.987684082120305" "0.987684082120305" "0.987684082120305"
[22] "0.987684082120305" "0.987684082120305" "0.987684082120305"
[25] "0.987684082120305" "0.987684082120305" "0.987684082120305"
[28] "0.987684082120305" "0.987684082120305" "0.987684082120305"
[31] "0.987684082120305" "0.987684082120305" "0.987684082120305"
[34] "0.287654446533616" "0.287654446533616" "0.287654446533616"
[37] "0.287654446533616" "0.287654446533616" "0.287654446533616"
[40] "0.287654446533616" "0.287654446533616" "beta :"           
[43] "1"                
[1] " old Likelihood:  -8347973.87001676"
[1] "New Likelihood:  -8347969.36806832"
iter:  0  f-value:  6901.705  pgrad:  0.5399474 
iter:  10  f-value:  6901.699  pgrad:  0.2189518 
iter:  20  f-value:  6901.699  pgrad:  0.1264834 
iter:  30  f-value:  6901.698  pgrad:  0.1086937 
  Unsuccessful convergence.
Time difference of 8.334498 mins
[1] "maxIt: 20"
[1] "It: 14"
 [1] "sigma:"            "0.987715759835641" "0.987715759835641"
 [4] "0.987715759835641" "0.987715759835641" "0.987715759835641"
 [7] "0.987715759835641" "0.987715759835641" "0.987715759835641"
[10] "0.987715759835641" "0.987715759835641" "0.987715759835641"
[13] "0.987715759835641" "0.987715759835641" "0.987715759835641"
[16] "0.987715759835641" "0.987715759835641" "0.987715759835641"
[19] "0.987715759835641" "0.987715759835641" "0.987715759835641"
[22] "0.987715759835641" "0.987715759835641" "0.987715759835641"
[25] "0.987715759835641" "0.987715759835641" "0.987715759835641"
[28] "0.987715759835641" "0.987715759835641" "0.987715759835641"
[31] "0.987715759835641" "0.987715759835641" "0.987715759835641"
[34] "0.287418082173647" "0.287418082173647" "0.287418082173647"
[37] "0.287418082173647" "0.287418082173647" "0.287418082173647"
[40] "0.287418082173647" "0.287418082173647" "beta :"           
[43] "1"                
[1] 8351560
[1] 8347966
[1] 8351859
 [1] "sigma:"            "0.987715759835641" "0.987715759835641"
 [4] "0.987715759835641" "0.987715759835641" "0.987715759835641"
 [7] "0.987715759835641" "0.987715759835641" "0.987715759835641"
[10] "0.987715759835641" "0.987715759835641" "0.987715759835641"
[13] "0.987715759835641" "0.987715759835641" "0.987715759835641"
[16] "0.987715759835641" "0.987715759835641" "0.987715759835641"
[19] "0.987715759835641" "0.987715759835641" "0.987715759835641"
[22] "0.987715759835641" "0.987715759835641" "0.987715759835641"
[25] "0.987715759835641" "0.987715759835641" "0.987715759835641"
[28] "0.987715759835641" "0.987715759835641" "0.987715759835641"
[31] "0.987715759835641" "0.987715759835641" "0.987715759835641"
[34] "0.287418082173647" "0.287418082173647" "0.287418082173647"
[37] "0.287418082173647" "0.287418082173647" "0.287418082173647"
[40] "0.287418082173647" "0.287418082173647" "beta :"           
[43] "1"                
[1] " old Likelihood:  -8347969.36806832"
[1] "New Likelihood:  -8347966.05967425"
iter:  0  f-value:  6895.624  pgrad:  0.539623 
iter:  10  f-value:  6895.619  pgrad:  0.1587796 
iter:  20  f-value:  6895.619  pgrad:  0.1094759 
iter:  30  f-value:  6895.619  pgrad:  0.1087483 
  Unsuccessful convergence.
Time difference of 8.417521 mins
[1] "maxIt: 20"
[1] "It: 15"
 [1] "sigma:"            "0.987739011226456" "0.987739011226456"
 [4] "0.987739011226456" "0.987739011226456" "0.987739011226456"
 [7] "0.987739011226456" "0.987739011226456" "0.987739011226456"
[10] "0.987739011226456" "0.987739011226456" "0.987739011226456"
[13] "0.987739011226456" "0.987739011226456" "0.987739011226456"
[16] "0.987739011226456" "0.987739011226456" "0.987739011226456"
[19] "0.987739011226456" "0.987739011226456" "0.987739011226456"
[22] "0.987739011226456" "0.987739011226456" "0.987739011226456"
[25] "0.987739011226456" "0.987739011226456" "0.987739011226456"
[28] "0.987739011226456" "0.987739011226456" "0.987739011226456"
[31] "0.987739011226456" "0.987739011226456" "0.987739011226456"
[34] "0.287260971857719" "0.287260971857719" "0.287260971857719"
[37] "0.287260971857719" "0.287260971857719" "0.287260971857719"
[40] "0.287260971857719" "0.287260971857719" "beta :"           
[43] "1"                
[1] 8351561
[1] 8347963
[1] 8351879
 [1] "sigma:"            "0.987739011226456" "0.987739011226456"
 [4] "0.987739011226456" "0.987739011226456" "0.987739011226456"
 [7] "0.987739011226456" "0.987739011226456" "0.987739011226456"
[10] "0.987739011226456" "0.987739011226456" "0.987739011226456"
[13] "0.987739011226456" "0.987739011226456" "0.987739011226456"
[16] "0.987739011226456" "0.987739011226456" "0.987739011226456"
[19] "0.987739011226456" "0.987739011226456" "0.987739011226456"
[22] "0.987739011226456" "0.987739011226456" "0.987739011226456"
[25] "0.987739011226456" "0.987739011226456" "0.987739011226456"
[28] "0.987739011226456" "0.987739011226456" "0.987739011226456"
[31] "0.987739011226456" "0.987739011226456" "0.987739011226456"
[34] "0.287260971857719" "0.287260971857719" "0.287260971857719"
[37] "0.287260971857719" "0.287260971857719" "0.287260971857719"
[40] "0.287260971857719" "0.287260971857719" "beta :"           
[43] "1"                
[1] " old Likelihood:  -8347966.05967425"
[1] "New Likelihood:  -8347963.48718728"
iter:  0  f-value:  6891.122  pgrad:  0.5327274 
iter:  10  f-value:  6891.119  pgrad:  0.1156695 
iter:  20  f-value:  6891.119  pgrad:  0.1082753 
iter:  30  f-value:  6891.119  pgrad:  0.1123954 
  Unsuccessful convergence.
Time difference of 8.41797 mins
[1] "maxIt: 20"
[1] "It: 16"
 [1] "sigma:"            "0.987756474405683" "0.987756474405683"
 [4] "0.987756474405683" "0.987756474405683" "0.987756474405683"
 [7] "0.987756474405683" "0.987756474405683" "0.987756474405683"
[10] "0.987756474405683" "0.987756474405683" "0.987756474405683"
[13] "0.987756474405683" "0.987756474405683" "0.987756474405683"
[16] "0.987756474405683" "0.987756474405683" "0.987756474405683"
[19] "0.987756474405683" "0.987756474405683" "0.987756474405683"
[22] "0.987756474405683" "0.987756474405683" "0.987756474405683"
[25] "0.987756474405683" "0.987756474405683" "0.987756474405683"
[28] "0.987756474405683" "0.987756474405683" "0.987756474405683"
[31] "0.987756474405683" "0.987756474405683" "0.987756474405683"
[34] "0.287112076488373" "0.287112076488373" "0.287112076488373"
[37] "0.287112076488373" "0.287112076488373" "0.287112076488373"
[40] "0.287112076488373" "0.287112076488373" "beta :"           
[43] "1"                
[1] 8351561
[1] 8347961
[1] 8351897
 [1] "sigma:"            "0.987756474405683" "0.987756474405683"
 [4] "0.987756474405683" "0.987756474405683" "0.987756474405683"
 [7] "0.987756474405683" "0.987756474405683" "0.987756474405683"
[10] "0.987756474405683" "0.987756474405683" "0.987756474405683"
[13] "0.987756474405683" "0.987756474405683" "0.987756474405683"
[16] "0.987756474405683" "0.987756474405683" "0.987756474405683"
[19] "0.987756474405683" "0.987756474405683" "0.987756474405683"
[22] "0.987756474405683" "0.987756474405683" "0.987756474405683"
[25] "0.987756474405683" "0.987756474405683" "0.987756474405683"
[28] "0.987756474405683" "0.987756474405683" "0.987756474405683"
[31] "0.987756474405683" "0.987756474405683" "0.987756474405683"
[34] "0.287112076488373" "0.287112076488373" "0.287112076488373"
[37] "0.287112076488373" "0.287112076488373" "0.287112076488373"
[40] "0.287112076488373" "0.287112076488373" "beta :"           
[43] "1"                
[1] " old Likelihood:  -8347963.48718728"
[1] "New Likelihood:  -8347961.39919868"
iter:  0  f-value:  6887.738  pgrad:  0.4996333 
iter:  10  f-value:  6887.736  pgrad:  0.1079661 
iter:  20  f-value:  6887.736  pgrad:  0.4829693 
iter:  30  f-value:  6887.735  pgrad:  0.1068838 
  Unsuccessful convergence.
Time difference of 8.434351 mins
[1] "maxIt: 20"
[1] "It: 17"
 [1] "sigma:"            "0.987770025057449" "0.987770025057449"
 [4] "0.987770025057449" "0.987770025057449" "0.987770025057449"
 [7] "0.987770025057449" "0.987770025057449" "0.987770025057449"
[10] "0.987770025057449" "0.987770025057449" "0.987770025057449"
[13] "0.987770025057449" "0.987770025057449" "0.987770025057449"
[16] "0.987770025057449" "0.987770025057449" "0.987770025057449"
[19] "0.987770025057449" "0.987770025057449" "0.987770025057449"
[22] "0.987770025057449" "0.987770025057449" "0.987770025057449"
[25] "0.987770025057449" "0.987770025057449" "0.987770025057449"
[28] "0.987770025057449" "0.987770025057449" "0.987770025057449"
[31] "0.987770025057449" "0.987770025057449" "0.987770025057449"
[34] "0.286901178895393" "0.286901178895393" "0.286901178895393"
[37] "0.286901178895393" "0.286901178895393" "0.286901178895393"
[40] "0.286901178895393" "0.286901178895393" "beta :"           
[43] "1"                
[1] 8351562
[1] 8347960
[1] 8351911
 [1] "sigma:"            "0.987770025057449" "0.987770025057449"
 [4] "0.987770025057449" "0.987770025057449" "0.987770025057449"
 [7] "0.987770025057449" "0.987770025057449" "0.987770025057449"
[10] "0.987770025057449" "0.987770025057449" "0.987770025057449"
[13] "0.987770025057449" "0.987770025057449" "0.987770025057449"
[16] "0.987770025057449" "0.987770025057449" "0.987770025057449"
[19] "0.987770025057449" "0.987770025057449" "0.987770025057449"
[22] "0.987770025057449" "0.987770025057449" "0.987770025057449"
[25] "0.987770025057449" "0.987770025057449" "0.987770025057449"
[28] "0.987770025057449" "0.987770025057449" "0.987770025057449"
[31] "0.987770025057449" "0.987770025057449" "0.987770025057449"
[34] "0.286901178895393" "0.286901178895393" "0.286901178895393"
[37] "0.286901178895393" "0.286901178895393" "0.286901178895393"
[40] "0.286901178895393" "0.286901178895393" "beta :"           
[43] "1"                
[1] " old Likelihood:  -8347961.39919868"
[1] "New Likelihood:  -8347959.644187"
iter:  0  f-value:  6885.405  pgrad:  0.4995165 
iter:  10  f-value:  6885.403  pgrad:  0.106902 
iter:  20  f-value:  6885.403  pgrad:  0.106611 
iter:  30  f-value:  6885.403  pgrad:  0.1052376 
  Unsuccessful convergence.
Time difference of 8.447284 mins
[1] "maxIt: 20"
[1] "It: 18"
 [1] "sigma:"            "0.987780654995565" "0.987780654995565"
 [4] "0.987780654995565" "0.987780654995565" "0.987780654995565"
 [7] "0.987780654995565" "0.987780654995565" "0.987780654995565"
[10] "0.987780654995565" "0.987780654995565" "0.987780654995565"
[13] "0.987780654995565" "0.987780654995565" "0.987780654995565"
[16] "0.987780654995565" "0.987780654995565" "0.987780654995565"
[19] "0.987780654995565" "0.987780654995565" "0.987780654995565"
[22] "0.987780654995565" "0.987780654995565" "0.987780654995565"
[25] "0.987780654995565" "0.987780654995565" "0.987780654995565"
[28] "0.987780654995565" "0.987780654995565" "0.987780654995565"
[31] "0.987780654995565" "0.987780654995565" "0.987780654995565"
[34] "0.286672749009165" "0.286672749009165" "0.286672749009165"
[37] "0.286672749009165" "0.286672749009165" "0.286672749009165"
[40] "0.286672749009165" "0.286672749009165" "beta :"           
[43] "1"                
[1] 8351562
[1] 8347958
[1] 8351923
 [1] "sigma:"            "0.987780654995565" "0.987780654995565"
 [4] "0.987780654995565" "0.987780654995565" "0.987780654995565"
 [7] "0.987780654995565" "0.987780654995565" "0.987780654995565"
[10] "0.987780654995565" "0.987780654995565" "0.987780654995565"
[13] "0.987780654995565" "0.987780654995565" "0.987780654995565"
[16] "0.987780654995565" "0.987780654995565" "0.987780654995565"
[19] "0.987780654995565" "0.987780654995565" "0.987780654995565"
[22] "0.987780654995565" "0.987780654995565" "0.987780654995565"
[25] "0.987780654995565" "0.987780654995565" "0.987780654995565"
[28] "0.987780654995565" "0.987780654995565" "0.987780654995565"
[31] "0.987780654995565" "0.987780654995565" "0.987780654995565"
[34] "0.286672749009165" "0.286672749009165" "0.286672749009165"
[37] "0.286672749009165" "0.286672749009165" "0.286672749009165"
[40] "0.286672749009165" "0.286672749009165" "beta :"           
[43] "1"                
[1] " old Likelihood:  -8347959.644187"
[1] "New Likelihood:  -8347958.18013174"
iter:  0  f-value:  6883.655  pgrad:  0.5061401 
iter:  10  f-value:  6883.653  pgrad:  0.1437184 
iter:  20  f-value:  6883.653  pgrad:  0.1058379 
iter:  30  f-value:  6883.653  pgrad:  0.1089575 
  Unsuccessful convergence.
Time difference of 8.442122 mins
[1] "maxIt: 20"
[1] "It: 19"
 [1] "sigma:"            "0.987788539410394" "0.987788539410394"
 [4] "0.987788539410394" "0.987788539410394" "0.987788539410394"
 [7] "0.987788539410394" "0.987788539410394" "0.987788539410394"
[10] "0.987788539410394" "0.987788539410394" "0.987788539410394"
[13] "0.987788539410394" "0.987788539410394" "0.987788539410394"
[16] "0.987788539410394" "0.987788539410394" "0.987788539410394"
[19] "0.987788539410394" "0.987788539410394" "0.987788539410394"
[22] "0.987788539410394" "0.987788539410394" "0.987788539410394"
[25] "0.987788539410394" "0.987788539410394" "0.987788539410394"
[28] "0.987788539410394" "0.987788539410394" "0.987788539410394"
[31] "0.987788539410394" "0.987788539410394" "0.987788539410394"
[34] "0.286512797722107" "0.286512797722107" "0.286512797722107"
[37] "0.286512797722107" "0.286512797722107" "0.286512797722107"
[40] "0.286512797722107" "0.286512797722107" "beta :"           
[43] "1"                
[1] 8351563
[1] 8347957
[1] 8351934
 [1] "sigma:"            "0.987788539410394" "0.987788539410394"
 [4] "0.987788539410394" "0.987788539410394" "0.987788539410394"
 [7] "0.987788539410394" "0.987788539410394" "0.987788539410394"
[10] "0.987788539410394" "0.987788539410394" "0.987788539410394"
[13] "0.987788539410394" "0.987788539410394" "0.987788539410394"
[16] "0.987788539410394" "0.987788539410394" "0.987788539410394"
[19] "0.987788539410394" "0.987788539410394" "0.987788539410394"
[22] "0.987788539410394" "0.987788539410394" "0.987788539410394"
[25] "0.987788539410394" "0.987788539410394" "0.987788539410394"
[28] "0.987788539410394" "0.987788539410394" "0.987788539410394"
[31] "0.987788539410394" "0.987788539410394" "0.987788539410394"
[34] "0.286512797722107" "0.286512797722107" "0.286512797722107"
[37] "0.286512797722107" "0.286512797722107" "0.286512797722107"
[40] "0.286512797722107" "0.286512797722107" "beta :"           
[43] "1"                
[1] " old Likelihood:  -8347958.18013174"
[1] "New Likelihood:  -8347956.86619041"
iter:  0  f-value:  6882.09  pgrad:  0.5060885 
iter:  10  f-value:  6882.089  pgrad:  0.2933029 
iter:  20  f-value:  6882.089  pgrad:  0.105083 
iter:  30  f-value:  6882.089  pgrad:  0.1041917 
  Unsuccessful convergence.
Time difference of 8.446627 mins
[1] "maxIt: 20"
[1] "It: 20"
 [1] "sigma:"            "0.987795683858454" "0.987795683858454"
 [4] "0.987795683858454" "0.987795683858454" "0.987795683858454"
 [7] "0.987795683858454" "0.987795683858454" "0.987795683858454"
[10] "0.987795683858454" "0.987795683858454" "0.987795683858454"
[13] "0.987795683858454" "0.987795683858454" "0.987795683858454"
[16] "0.987795683858454" "0.987795683858454" "0.987795683858454"
[19] "0.987795683858454" "0.987795683858454" "0.987795683858454"
[22] "0.987795683858454" "0.987795683858454" "0.987795683858454"
[25] "0.987795683858454" "0.987795683858454" "0.987795683858454"
[28] "0.987795683858454" "0.987795683858454" "0.987795683858454"
[31] "0.987795683858454" "0.987795683858454" "0.987795683858454"
[34] "0.286342307398702" "0.286342307398702" "0.286342307398702"
[37] "0.286342307398702" "0.286342307398702" "0.286342307398702"
[40] "0.286342307398702" "0.286342307398702" "beta :"           
[43] "1"                
[1] 8351562
[1] 8347956
[1] 8351944
 [1] "sigma:"            "0.987795683858454" "0.987795683858454"
 [4] "0.987795683858454" "0.987795683858454" "0.987795683858454"
 [7] "0.987795683858454" "0.987795683858454" "0.987795683858454"
[10] "0.987795683858454" "0.987795683858454" "0.987795683858454"
[13] "0.987795683858454" "0.987795683858454" "0.987795683858454"
[16] "0.987795683858454" "0.987795683858454" "0.987795683858454"
[19] "0.987795683858454" "0.987795683858454" "0.987795683858454"
[22] "0.987795683858454" "0.987795683858454" "0.987795683858454"
[25] "0.987795683858454" "0.987795683858454" "0.987795683858454"
[28] "0.987795683858454" "0.987795683858454" "0.987795683858454"
[31] "0.987795683858454" "0.987795683858454" "0.987795683858454"
[34] "0.286342307398702" "0.286342307398702" "0.286342307398702"
[37] "0.286342307398702" "0.286342307398702" "0.286342307398702"
[40] "0.286342307398702" "0.286342307398702" "beta :"           
[43] "1"                
[1] " old Likelihood:  -8347956.86619041"
[1] "New Likelihood:  -8347955.76528771"
iter:  0  f-value:  6880.8  pgrad:  0.5060224 
iter:  10  f-value:  6880.799  pgrad:  0.2421075 
iter:  20  f-value:  6880.799  pgrad:  0.1043281 
iter:  30  f-value:  6880.799  pgrad:  0.5462061 
  Unsuccessful convergence.
Time difference of 8.41182 mins
 [1] "sigma:"            "0.987800908304109" "0.987800908304109"
 [4] "0.987800908304109" "0.987800908304109" "0.987800908304109"
 [7] "0.987800908304109" "0.987800908304109" "0.987800908304109"
[10] "0.987800908304109" "0.987800908304109" "0.987800908304109"
[13] "0.987800908304109" "0.987800908304109" "0.987800908304109"
[16] "0.987800908304109" "0.987800908304109" "0.987800908304109"
[19] "0.987800908304109" "0.987800908304109" "0.987800908304109"
[22] "0.987800908304109" "0.987800908304109" "0.987800908304109"
[25] "0.987800908304109" "0.987800908304109" "0.987800908304109"
[28] "0.987800908304109" "0.987800908304109" "0.987800908304109"
[31] "0.987800908304109" "0.987800908304109" "0.987800908304109"
[34] "0.28612886162913"  "0.28612886162913"  "0.28612886162913" 
[37] "0.28612886162913"  "0.28612886162913"  "0.28612886162913" 
[40] "0.28612886162913"  "0.28612886162913"  "beta :"           
[43] "1"                
[1] 1999408 1999392 1999762 1998344 1999902
[1] 1 1 1 1 1
saved RDS
inference successful
