[1] "Original length"
[1] 999921
[1] "Final length"
[1] 12192
[1] "sequence length : 999922" "sequence length : 999680"
[3] "sequence length : 999880" "sequence length : 999718"
[5] "sequence length : 999834"
[1] "former Rho:"
[1]  658.6903 1192.3635  758.1875  544.9519  963.0410
[1] "old mu :"
[1] 0.0003293708 0.0005963726 0.0003791392 0.0002725528 0.0004816004
[1] "new mu :"
[1] 0.0004118072
[1] "new Rho:"
[1] 823.5501 823.3508 823.5155 823.3821 823.4776
[1] 1 1 1 1 1
[1] "Beta: 1"
[1] "Self: 0"
[1] 1
[1] "Rho"
[1] 823.5501 823.3508 823.5155 823.3821 823.4776
[1] "It: 1"
[1] "sigma:" "0"      "beta :" "1"     
[1] "rho/theta:" "1"         
[1] "sigma:" "0.9405" "beta :" "1"     
[1] "rho/theta:" "1"         
Time difference of 1.600238 secs
[1] "New Likelihood:  -5948583.606346"
[1] 4999029
[1] 4999034
iter:  0  f-value:  2235.641  pgrad:  0.5 
iter:  10  f-value:  2200.354  pgrad:  0.5466371 
iter:  20  f-value:  2200.231  pgrad:  0.544602 
iter:  30  f-value:  2200.224  pgrad:  0.5426563 
  Unsuccessful convergence.
[1] 0.9713833
 [1] "Xi: 0.501769793684138" "Xi: 0.501932688263767" "Xi: 0.503906377562249"
 [4] "Xi: 0.505622986555291" "Xi: 0.502869933307544" "Xi: 0.507908685059115"
 [7] "Xi: 0.547757570650401" "Xi: 0.548524268192249" "Xi: 0.547579703922589"
[10] "Xi: 0.541312237528079" "Xi: 0.537708093829962" "Xi: 0.543991579511759"
[13] "Xi: 0.546799329375412" "Xi: 0.542108379710091" "Xi: 0.52021593073544" 
[16] "Xi: 0.511634533034841" "Xi: 0.542010419071567" "Xi: 0.571655938093144"
[19] "Xi: 0.544517476923812" "Xi: 0.526707154565857"
Time difference of 27.88789 mins
[1] "Rho"
[1] 823.5501 823.3508 823.5155 823.3821 823.4776
[1] "It: 2"
[1] "sigma:"            "0.961669499467421" "beta :"           
[4] "1"                
[1] "rho/theta:" "1"         
Time difference of 1.628642 secs
[1] " old Likelihood:  -5948583.606346"
[1] "New Likelihood:  -5938455.56242477"
[1] 4999029
[1] 4999034
iter:  0  f-value:  1825.435  pgrad:  0.5202159 
iter:  10  f-value:  1818.082  pgrad:  0.9796088 
iter:  20  f-value:  1818.18  pgrad:  0.9813728 
iter:  30  f-value:  1817.961  pgrad:  0.4633941 
  Unsuccessful convergence.
[1] 0.979736
 [1] "Xi: 0.502112676183992" "Xi: 0.50234571356225"  "Xi: 0.504806778592937"
 [4] "Xi: 0.507015029749019" "Xi: 0.504027251465807" "Xi: 0.508784384628173"
 [7] "Xi: 0.550904217984189" "Xi: 0.555948781704131" "Xi: 0.555331706163682"
[10] "Xi: 0.536605872133273" "Xi: 0.542036073498045" "Xi: 0.560000064792726"
[13] "Xi: 0.567308265216104" "Xi: 0.563540055968642" "Xi: 0.52521466146758" 
[16] "Xi: 0.51311246516188"  "Xi: 0.570521982768319" "Xi: 0.603455215000953"
[19] "Xi: 0.565959845608489" "Xi: 0.540532855512696"
Time difference of 3.2591 mins
[1] "Rho"
[1] 823.5501 823.3508 823.5155 823.3821 823.4776
[1] "It: 3"
[1] "sigma:"            "0.969938648533177" "beta :"           
[4] "1"                
[1] "rho/theta:" "1"         
Time difference of 1.628397 secs
[1] " old Likelihood:  -5938455.56242477"
[1] "New Likelihood:  -5936217.16276229"
[1] 4999029
[1] 4999034
iter:  0  f-value:  1576.683  pgrad:  0.5600001 
iter:  10  f-value:  1574.42  pgrad:  0.5790776 
iter:  20  f-value:  1574.348  pgrad:  0.5750579 
iter:  30  f-value:  1574.328  pgrad:  0.4717467 
  Unsuccessful convergence.
[1] 0.984817
 [1] "Xi: 0.502438797058407" "Xi: 0.502733922388907" "Xi: 0.505515378597597"
 [4] "Xi: 0.508232398237507" "Xi: 0.505103706005364" "Xi: 0.509652057222301"
 [7] "Xi: 0.552903012393926" "Xi: 0.559866033133873" "Xi: 0.55889094444386" 
[10] "Xi: 0.532074129362494" "Xi: 0.540514371986863" "Xi: 0.563451937100326"
[13] "Xi: 0.57385299000997"  "Xi: 0.576368464287863" "Xi: 0.526159537715842"
[16] "Xi: 0.511786535304257" "Xi: 0.589110458619467" "Xi: 0.617415058540452"
[19] "Xi: 0.575709521247239" "Xi: 0.54835771778194" 
Time difference of 3.262743 mins
[1] "Rho"
[1] 823.5501 823.3508 823.5155 823.3821 823.4776
[1] "It: 4"
[1] "sigma:"            "0.974968857476123" "beta :"           
[4] "1"                
[1] "rho/theta:" "1"         
Time difference of 1.607193 secs
[1] " old Likelihood:  -5936217.16276229"
[1] "New Likelihood:  -5935438.82544063"
[1] 4999029
[1] 4999034
iter:  0  f-value:  1398.024  pgrad:  0.573853 
iter:  10  f-value:  1397.119  pgrad:  0.553813 
iter:  20  f-value:  1397.097  pgrad:  0.4656659 
iter:  30  f-value:  1397.091  pgrad:  0.840389 
  Unsuccessful convergence.
[1] 0.9877155
 [1] "Xi: 0.50258332879315"  "Xi: 0.50291584252949"  "Xi: 0.505856527825103"
 [4] "Xi: 0.508804051798303" "Xi: 0.505706614479777" "Xi: 0.510175375183532"
 [7] "Xi: 0.553840002602717" "Xi: 0.561401440418457" "Xi: 0.560559987896989"
[10] "Xi: 0.530990692844782" "Xi: 0.535926808362142" "Xi: 0.559095062224627"
[13] "Xi: 0.573134240523657" "Xi: 0.584862769743703" "Xi: 0.526765131148814"
[16] "Xi: 0.511009849854074" "Xi: 0.602285161407395" "Xi: 0.622999614333295"
[19] "Xi: 0.579736937972053" "Xi: 0.553066036317125"
Time difference of 3.269225 mins
[1] "Rho"
[1] 823.5501 823.3508 823.5155 823.3821 823.4776
[1] "It: 5"
[1] "sigma:"            "0.977838329357182" "beta :"           
[4] "1"                
[1] "rho/theta:" "1"         
Time difference of 1.605534 secs
[1] " old Likelihood:  -5935438.82544063"
[1] "New Likelihood:  -5935132.20937427"
[1] 4999029
[1] 4999034
iter:  0  f-value:  1290.906  pgrad:  0.5731342 
iter:  10  f-value:  1290.479  pgrad:  0.5812973 
iter:  20  f-value:  1290.474  pgrad:  0.4658735 
iter:  30  f-value:  1290.472  pgrad:  0.9896927 
  Unsuccessful convergence.
[1] 0.9896352
 [1] "Xi: 0.50267141174221"  "Xi: 0.503029741447203" "Xi: 0.506076511881879"
 [4] "Xi: 0.509165602261783" "Xi: 0.506141030145536" "Xi: 0.510651460181636"
 [7] "Xi: 0.554533731171157" "Xi: 0.562467410822128" "Xi: 0.561940946194669"
[10] "Xi: 0.532414306298471" "Xi: 0.536091566704099" "Xi: 0.557614655728438"
[13] "Xi: 0.571924900681938" "Xi: 0.591170525030353" "Xi: 0.527456354225941"
[16] "Xi: 0.510942550168232" "Xi: 0.611803630324644" "Xi: 0.624752946838715"
[19] "Xi: 0.581126358649258" "Xi: 0.556128501533169"
Time difference of 3.263118 mins
[1] "Rho"
[1] 823.5501 823.3508 823.5155 823.3821 823.4776
[1] "It: 6"
[1] "sigma:"            "0.979738863195532" "beta :"           
[4] "1"                
[1] "rho/theta:" "1"         
Time difference of 1.621496 secs
[1] " old Likelihood:  -5935132.20937427"
[1] "New Likelihood:  -5934987.61274781"
[1] 4999029
[1] 4999034
iter:  0  f-value:  1219.194  pgrad:  0.6247529 
iter:  10  f-value:  1218.994  pgrad:  0.5815762 
iter:  20  f-value:  1218.985  pgrad:  0.2092497 
iter:  30  f-value:  1218.986  pgrad:  0.6193613 
  Unsuccessful convergence.
[1] 0.9909094
 [1] "Xi: 0.502709166041051" "Xi: 0.503070141421045" "Xi: 0.506162631388396"
 [4] "Xi: 0.509321915564854" "Xi: 0.506336790289405" "Xi: 0.510881401012478"
 [7] "Xi: 0.554839777063335" "Xi: 0.562899733050167" "Xi: 0.562436885364002"
[10] "Xi: 0.532720776143647" "Xi: 0.535866627836426" "Xi: 0.555783456349533"
[13] "Xi: 0.569456269992404" "Xi: 0.595186827615346" "Xi: 0.528095147030709"
[16] "Xi: 0.511269556653024" "Xi: 0.61879551305825"  "Xi: 0.624994603185997"
[19] "Xi: 0.581238522123956" "Xi: 0.558266301339292"
Time difference of 3.271205 mins
[1] "Rho"
[1] 823.5501 823.3508 823.5155 823.3821 823.4776
[1] "It: 7"
[1] "sigma:"            "0.981000288962909" "beta :"           
[4] "1"                
[1] "rho/theta:" "1"         
Time difference of 1.615737 secs
[1] " old Likelihood:  -5934987.61274781"
[1] "New Likelihood:  -5934915.89261122"
[1] 4999029
[1] 4999034
iter:  0  f-value:  1170.835  pgrad:  0.6249946 
iter:  10  f-value:  1170.736  pgrad:  0.4718702 
iter:  20  f-value:  1170.733  pgrad:  0.194816 
iter:  30  f-value:  1170.733  pgrad:  0.991765 
  Unsuccessful convergence.
[1] 0.9917603
 [1] "Xi: 0.50276232417281"  "Xi: 0.503137302312577" "Xi: 0.506291718911249"
 [4] "Xi: 0.509547038983063" "Xi: 0.506631037010252" "Xi: 0.511254510168382"
 [7] "Xi: 0.555304822493694" "Xi: 0.563531693511166" "Xi: 0.563157732982643"
[10] "Xi: 0.533282367941212" "Xi: 0.536434924229962" "Xi: 0.554542227252834"
[13] "Xi: 0.566945821680982" "Xi: 0.598425227289958" "Xi: 0.528649727493872"
[16] "Xi: 0.511729082980426" "Xi: 0.623925516759551" "Xi: 0.624758252035749"
[19] "Xi: 0.580908482727456" "Xi: 0.55989652452724" 
Time difference of 3.26274 mins
[1] "Rho"
[1] 823.5501 823.3508 823.5155 823.3821 823.4776
[1] "It: 8"
[1] "sigma:"            "0.981842657012585" "beta :"           
[4] "1"                
[1] "rho/theta:" "1"         
Time difference of 1.618635 secs
[1] " old Likelihood:  -5934915.89261122"
[1] "New Likelihood:  -5934879.81792738"
[1] 4999029
[1] 4999034
iter:  0  f-value:  1138.356  pgrad:  0.6247583 
iter:  10  f-value:  1138.308  pgrad:  0.4712671 
iter:  20  f-value:  1138.307  pgrad:  0.1722196 
iter:  30  f-value:  1138.307  pgrad:  0.6283428 
  Unsuccessful convergence.
[1] 0.9923252
 [1] "Xi: 0.502798843835009" "Xi: 0.503183474922025" "Xi: 0.506376156651643"
 [4] "Xi: 0.509696487173906" "Xi: 0.506829697688676" "Xi: 0.511506588870704"
 [7] "Xi: 0.55560379217809"  "Xi: 0.563921907029096" "Xi: 0.563546670475065"
[10] "Xi: 0.533353452001372" "Xi: 0.536540737283035" "Xi: 0.553004829733935"
[13] "Xi: 0.564630882539938" "Xi: 0.60052573917269"  "Xi: 0.529082072601272"
[16] "Xi: 0.512138675111402" "Xi: 0.627641944919781" "Xi: 0.624464367036603"
[19] "Xi: 0.580417425096594" "Xi: 0.561207383652816"
Time difference of 3.266277 mins
[1] "Rho"
[1] 823.5501 823.3508 823.5155 823.3821 823.4776
[1] "It: 9"
[1] "sigma:"            "0.982401995134615" "beta :"           
[4] "1"                
[1] "rho/theta:" "1"         
Time difference of 1.627267 secs
[1] " old Likelihood:  -5934879.81792738"
[1] "New Likelihood:  -5934861.31725643"
[1] 4999029
[1] 4999034
iter:  0  f-value:  1116.511  pgrad:  0.6244644 
iter:  10  f-value:  1116.488  pgrad:  0.3703978 
iter:  20  f-value:  1116.487  pgrad:  0.1284889 
iter:  30  f-value:  1116.487  pgrad:  0.07829385 
  Unsuccessful convergence.
[1] 0.9927051
 [1] "Xi: 0.502858233941638" "Xi: 0.503248490859033" "Xi: 0.506473939511449"
 [4] "Xi: 0.509850062305468" "Xi: 0.507029052726313" "Xi: 0.511762023931584"
 [7] "Xi: 0.555897627309153" "Xi: 0.564290838047847" "Xi: 0.563925770772693"
[10] "Xi: 0.53351889252882"  "Xi: 0.536988683649694" "Xi: 0.552820922996697"
[13] "Xi: 0.56292478790501"  "Xi: 0.602300324557477" "Xi: 0.529413201723455"
[16] "Xi: 0.51245415851882"  "Xi: 0.630414029967646" "Xi: 0.624218806198655"
[19] "Xi: 0.579943301567974" "Xi: 0.562272299201104"
Time difference of 3.269086 mins
[1] "Rho"
[1] 823.5501 823.3508 823.5155 823.3821 823.4776
[1] "It: 10"
[1] "sigma:"            "0.982778072312814" "beta :"           
[4] "1"                
[1] "rho/theta:" "1"         
Time difference of 1.616811 secs
[1] " old Likelihood:  -5934861.31725643"
[1] "New Likelihood:  -5934851.58353517"
[1] 4999029
[1] 4999034
iter:  0  f-value:  1101.813  pgrad:  0.6242188 
iter:  10  f-value:  1101.801  pgrad:  0.3681247 
iter:  20  f-value:  1101.801  pgrad:  0.08210463 
iter:  30  f-value:  1101.801  pgrad:  0.864336 
  Unsuccessful convergence.
[1] 0.9929583
 [1] "Xi: 0.502883805594979" "Xi: 0.503277434025712" "Xi: 0.506537102988421"
 [4] "Xi: 0.509963273283057" "Xi: 0.507184493683241" "Xi: 0.511969043812611"
 [7] "Xi: 0.556140632966245" "Xi: 0.564594335465217" "Xi: 0.564225982915009"
[10] "Xi: 0.533566051353112" "Xi: 0.537267423036024" "Xi: 0.552680118519349"
[13] "Xi: 0.561531893847393" "Xi: 0.603584912942474" "Xi: 0.529664645742387"
[16] "Xi: 0.512687612565335" "Xi: 0.63243471079069"  "Xi: 0.624076634038597"
[19] "Xi: 0.579494800914629" "Xi: 0.563205043570005"
Time difference of 3.267844 mins
[1] "Rho"
[1] 823.5501 823.3508 823.5155 823.3821 823.4776
[1] "It: 11"
[1] "sigma:"            "0.983028753173059" "beta :"           
[4] "1"                
[1] "rho/theta:" "1"         
Time difference of 1.621505 secs
[1] " old Likelihood:  -5934851.58353517"
[1] "New Likelihood:  -5934846.12874646"
[1] 4999029
[1] 4999034
iter:  0  f-value:  1091.905  pgrad:  0.5794948 
iter:  10  f-value:  1091.9  pgrad:  0.3665072 
iter:  20  f-value:  1091.9  pgrad:  0.1219655 
iter:  30  f-value:  1091.899  pgrad:  0.2114302 
  Unsuccessful convergence.
[1] 0.9931282
 [1] "Xi: 0.502935586903863" "Xi: 0.503334617969616" "Xi: 0.506619068492412"
 [4] "Xi: 0.510084778949231" "Xi: 0.507341148511844" "Xi: 0.512169162586772"
 [7] "Xi: 0.556365281251963" "Xi: 0.564863685695902" "Xi: 0.564489836681467"
[10] "Xi: 0.53361750733428"  "Xi: 0.537514960625265" "Xi: 0.552709392335789"
[13] "Xi: 0.560441413130073" "Xi: 0.604614443358946" "Xi: 0.529863396945325"
[16] "Xi: 0.512857874877239" "Xi: 0.633885763811161" "Xi: 0.623953909930624"
[19] "Xi: 0.579128168610459" "Xi: 0.563976597944181"
Time difference of 3.281495 mins
[1] "Rho"
[1] 823.5501 823.3508 823.5155 823.3821 823.4776
[1] "It: 12"
[1] "sigma:"            "0.983196932213032" "beta :"           
[4] "1"                
[1] "rho/theta:" "1"         
Time difference of 1.613555 secs
[1] " old Likelihood:  -5934846.12874646"
[1] "New Likelihood:  -5934842.95164904"
[1] 4999029
[1] 4999034
iter:  0  f-value:  1085.221  pgrad:  0.5791282 
iter:  10  f-value:  1085.218  pgrad:  0.2795946 
iter:  20  f-value:  1085.218  pgrad:  0.06559276 
iter:  30  f-value:  1085.218  pgrad:  0.1851686 
  Unsuccessful convergence.
[1] 0.9932435
 [1] "Xi: 0.503439666180862" "Xi: 0.503843465704965" "Xi: 0.507146744981992"
 [4] "Xi: 0.510642619185043" "Xi: 0.5079338914285"   "Xi: 0.512794554261025"
 [7] "Xi: 0.556971389627253" "Xi: 0.565498277334202" "Xi: 0.565109597097116"
[10] "Xi: 0.534045796937853" "Xi: 0.538075453141356" "Xi: 0.553101029969515"
[13] "Xi: 0.559226606034037" "Xi: 0.605631124907911" "Xi: 0.530040557275719"
[16] "Xi: 0.512947053029364" "Xi: 0.635096891901969" "Xi: 0.62398411082207" 
[19] "Xi: 0.578790228537664" "Xi: 0.564818188215162"
Time difference of 3.277702 mins
[1] "Rho"
[1] 823.5501 823.3508 823.5155 823.3821 823.4776
[1] "It: 13"
[1] "sigma:"            "0.983311087943906" "beta :"           
[4] "1"                
[1] "rho/theta:" "1"         
Time difference of 1.61626 secs
[1] " old Likelihood:  -5934842.95164904"
[1] "New Likelihood:  -5934840.84719463"
[1] 4999029
[1] 4999034
iter:  0  f-value:  1080.621  pgrad:  0.5787902 
iter:  10  f-value:  1080.62  pgrad:  0.1639023 
iter:  20  f-value:  1080.62  pgrad:  0.0786622 
iter:  30  f-value:  1080.62  pgrad:  0.04654112 
  Unsuccessful convergence.
[1] 0.9933162
 [1] "Xi: 0.503454283542886" "Xi: 0.503860559928795" "Xi: 0.507180722707978"
 [4] "Xi: 0.510702568056654" "Xi: 0.508016696435662" "Xi: 0.51290601174822" 
 [7] "Xi: 0.557098733527298" "Xi: 0.565649369748612" "Xi: 0.565241976903564"
[10] "Xi: 0.533969182175364" "Xi: 0.538068763026673" "Xi: 0.553039023699318"
[13] "Xi: 0.558664728832947" "Xi: 0.606160256463431" "Xi: 0.530049160427759"
[16] "Xi: 0.512939799816903" "Xi: 0.63572251134828"  "Xi: 0.623932617819033"
[19] "Xi: 0.578485045211247" "Xi: 0.565359655813447"
Time difference of 3.272385 mins
[1] "Rho"
[1] 823.5501 823.3508 823.5155 823.3821 823.4776
[1] "It: 14"
[1] "sigma:"            "0.983383038335581" "beta :"           
[4] "1"                
[1] "rho/theta:" "1"         
Time difference of 1.611623 secs
[1] " old Likelihood:  -5934840.84719463"
[1] "New Likelihood:  -5934839.56608409"
[1] 4999029
[1] 4999034
iter:  0  f-value:  1077.621  pgrad:  0.578485 
iter:  10  f-value:  1077.621  pgrad:  0.1067815 
iter:  20  f-value:  1077.621  pgrad:  0.04925823 
iter:  30  f-value:  1077.621  pgrad:  0.0950854 
  Unsuccessful convergence.
[1] 0.9933666
 [1] "Xi: 0.503710557046182" "Xi: 0.504121300999237" "Xi: 0.507455376681331"
 [4] "Xi: 0.511002539105576" "Xi: 0.508341963414526" "Xi: 0.513254471894318"
 [7] "Xi: 0.557443468032837" "Xi: 0.566012321144235" "Xi: 0.565585206372415"
[10] "Xi: 0.533646015056523" "Xi: 0.538282111734206" "Xi: 0.553213622298903"
[13] "Xi: 0.558042991087936" "Xi: 0.606768595827432" "Xi: 0.530123118396758"
[16] "Xi: 0.512976589862253" "Xi: 0.636311285057328" "Xi: 0.62397178632642" 
[19] "Xi: 0.578243257597243" "Xi: 0.56592011101335" 
Time difference of 3.277561 mins
[1] "Rho"
[1] 823.5501 823.3508 823.5155 823.3821 823.4776
[1] "It: 15"
[1] "sigma:"            "0.983432944816018" "beta :"           
[4] "1"                
[1] "rho/theta:" "1"         
Time difference of 1.609812 secs
[1] " old Likelihood:  -5934839.56608409"
[1] "New Likelihood:  -5934838.48651969"
[1] 4999029
[1] 4999034
iter:  0  f-value:  1075.527  pgrad:  0.5782433 
iter:  10  f-value:  1075.526  pgrad:  0.09617906 
iter:  20  f-value:  1075.526  pgrad:  0.06431037 
iter:  30  f-value:  1075.526  pgrad:  0.9934004 
  Unsuccessful convergence.
[1] 0.9933988
 [1] "Xi: 0.503734761002571" "Xi: 0.504148180754123" "Xi: 0.507494571481581"
 [4] "Xi: 0.511060270189018" "Xi: 0.508415902716918" "Xi: 0.513346894911801"
 [7] "Xi: 0.557545194268767" "Xi: 0.56613033546043"  "Xi: 0.565688982696827"
[10] "Xi: 0.533585287948353" "Xi: 0.538251561848116" "Xi: 0.553175702342902"
[13] "Xi: 0.557802714573056" "Xi: 0.607072562212848" "Xi: 0.530122465417859"
[16] "Xi: 0.512970451976672" "Xi: 0.63662830458051"  "Xi: 0.623977475266012"
[19] "Xi: 0.578034079985051" "Xi: 0.566307150836189"
Time difference of 3.29064 mins
[1] "Rho"
[1] 823.5501 823.3508 823.5155 823.3821 823.4776
[1] "It: 16"
[1] "sigma:"            "0.983464828883236" "beta :"           
[4] "1"                
[1] "rho/theta:" "1"         
Time difference of 1.614187 secs
[1] " old Likelihood:  -5934838.48651969"
[1] "New Likelihood:  -5934837.76308293"
[1] 4999029
[1] 4999034
iter:  0  f-value:  1074.145  pgrad:  0.5780341 
iter:  10  f-value:  933.4007  pgrad:  0.9992023 
iter:  20  f-value:  893.4027  pgrad:  0.992186 
iter:  30  f-value:  880.9128  pgrad:  0.9803834 
  Unsuccessful convergence.
[1] 0.9959552
 [1] "Xi: 0.511553171247328"   "Xi: 0.512632296035222"  
 [3] "Xi: 0.524540133668903"   "Xi: 0.540746606195773"  
 [5] "Xi: 0.548757663164274"   "Xi: 0.566911488598312"  
 [7] "Xi: 0.618334324922189"   "Xi: 0.636150649892252"  
 [9] "Xi: 0.624866332653907"   "Xi: 0.503050737200128"  
[11] "Xi: 0.525847408679946"   "Xi: 0.538347768999605"  
[13] "Xi: 0.535200982538981"   "Xi: 0.76793132305249"   
[15] "Xi: 0.524664911159517"   "Xi: 0.49647481733601"   
[17] "Xi: 0.787460614308894"   "Xi: 0.571703268077009"  
[19] "Xi: 2.7206343622563e-06" "Xi: 0.977696882850446"  
Time difference of 3.274257 mins
[1] "Rho"
[1] 823.5501 823.3508 823.5155 823.3821 823.4776
[1] "It: 17"
[1] "sigma:"            "0.985995685026927" "beta :"           
[4] "1"                
[1] "rho/theta:" "1"         
Time difference of 1.612999 secs
[1] " old Likelihood:  -5934837.76308293"
[1] "New Likelihood:  -5943754.8205688"
Time difference of 2.92139 mins
[1] 1 1 1 1 1
[1] 1 1 1 1 1
saved RDS
inference successful
