[1] "Original length"
[1] 998667
[1] "Final length"
[1] 13997
[1] "sequence length : 998668" "sequence length : 999996"
[3] "sequence length : 999746" "sequence length : 999989"
[5] "sequence length : 999038"
[1] "former Rho:"
[1] 1029.6468  916.3399  597.5474 1471.2792 1181.9816
[1] "old mu :"
[1] 0.0005155100 0.0004581718 0.0002988496 0.0007356477 0.0005915599
[1] "new mu :"
[1] 0.0005199478
[1] "new Rho:"
[1] 1038.510 1039.891 1039.631 1039.884 1038.895
[1] 1 1 1 1 1
[1] "Beta: 1"
[1] "Self: 0"
[1] 1
[1] "Rho"
[1] 1038.510 1039.891 1039.631 1039.884 1038.895
[1] "It: 1"
[1] "sigma:" "0"      "beta :" "1"     
[1] "rho/theta:" "1"         
[1] "sigma:" "0.9405" "beta :" "1"     
[1] "rho/theta:" "1"         
Time difference of 1.628582 secs
[1] "New Likelihood:  -7327059.46426701"
[1] 4997432
[1] 4997437
iter:  0  f-value:  2915.651  pgrad:  0.5 
iter:  10  f-value:  2878.397  pgrad:  0.5633389 
iter:  20  f-value:  2877.787  pgrad:  0.9693065 
iter:  30  f-value:  2877.708  pgrad:  0.5488136 
  Unsuccessful convergence.
[1] 0.9692549
 [1] "Xi: 0.503700233473763" "Xi: 0.503742410043399" "Xi: 0.5062296809409"  
 [4] "Xi: 0.510738630520805" "Xi: 0.519654696784887" "Xi: 0.544444848684283"
 [7] "Xi: 0.544711701460132" "Xi: 0.544856116096193" "Xi: 0.545865011222416"
[10] "Xi: 0.54136045684671"  "Xi: 0.530175035628197" "Xi: 0.520162301236474"
[13] "Xi: 0.515998578098219" "Xi: 0.519214783367633" "Xi: 0.522633271777472"
[16] "Xi: 0.531582868735915" "Xi: 0.562313819127852" "Xi: 0.548648913299738"
[19] "Xi: 0.522744530068197" "Xi: 0.517862204122786"
Time difference of 32.28941 mins
[1] "Rho"
[1] 1038.510 1039.891 1039.631 1039.884 1038.895
[1] "It: 2"
[1] "sigma:"            "0.959562385721801" "beta :"           
[4] "1"                
[1] "rho/theta:" "1"         
Time difference of 1.747207 secs
[1] " old Likelihood:  -7327059.46426701"
[1] "New Likelihood:  -7316137.42012904"
[1] 4997432
[1] 4997437
iter:  0  f-value:  2507.902  pgrad:  0.530175 
iter:  10  f-value:  2500.882  pgrad:  0.5331571 
iter:  20  f-value:  2500.721  pgrad:  0.5478478 
iter:  30  f-value:  2500.691  pgrad:  0.4699391 
  Unsuccessful convergence.
[1] 0.9764702
 [1] "Xi: 0.504688948593712" "Xi: 0.504676073702348" "Xi: 0.507501403232378"
 [4] "Xi: 0.511924857093264" "Xi: 0.518959702322635" "Xi: 0.541393064236133"
 [7] "Xi: 0.541302809451469" "Xi: 0.539488496466414" "Xi: 0.560662588504018"
[10] "Xi: 0.548035071442873" "Xi: 0.53032007274871"  "Xi: 0.522290619024919"
[13] "Xi: 0.518224755305013" "Xi: 0.526344980024466" "Xi: 0.533255862652228"
[16] "Xi: 0.548008048982967" "Xi: 0.594044302242727" "Xi: 0.56909966909519" 
[19] "Xi: 0.533842247894572" "Xi: 0.522699153073259"
Time difference of 3.721902 mins
[1] "Rho"
[1] 1038.510 1039.891 1039.631 1039.884 1038.895
[1] "It: 3"
[1] "sigma:"            "0.966705501962604" "beta :"           
[4] "1"                
[1] "rho/theta:" "1"         
Time difference of 1.633697 secs
[1] " old Likelihood:  -7316137.42012904"
[1] "New Likelihood:  -7313998.40647613"
[1] 4997432
[1] 4997437
iter:  0  f-value:  2263.11  pgrad:  0.5303201 
iter:  10  f-value:  2261.238  pgrad:  0.5403141 
iter:  20  f-value:  2261.207  pgrad:  0.5402171 
iter:  30  f-value:  2261.204  pgrad:  0.5770158 
  Unsuccessful convergence.
[1] 0.9805145
 [1] "Xi: 0.505166647871486" "Xi: 0.50513635299456"  "Xi: 0.508080681358242"
 [4] "Xi: 0.512432933818491" "Xi: 0.518372779214411" "Xi: 0.539466411833199"
 [7] "Xi: 0.539175098410565" "Xi: 0.534145850972115" "Xi: 0.568084077483508"
[10] "Xi: 0.544625221969972" "Xi: 0.528219907434273" "Xi: 0.521204814024083"
[13] "Xi: 0.517069743146071" "Xi: 0.528480777516568" "Xi: 0.537227433204867"
[16] "Xi: 0.554147842185398" "Xi: 0.610442495823186" "Xi: 0.577011331074503"
[19] "Xi: 0.539834087566213" "Xi: 0.525113763379684"
Time difference of 3.721322 mins
[1] "Rho"
[1] 1038.510 1039.891 1039.631 1039.884 1038.895
[1] "It: 4"
[1] "sigma:"            "0.970709313084009" "beta :"           
[4] "1"                
[1] "rho/theta:" "1"         
Time difference of 1.637203 secs
[1] " old Likelihood:  -7313998.40647613"
[1] "New Likelihood:  -7313387.90980334"
[1] 4997432
[1] 4997437
iter:  0  f-value:  2093.477  pgrad:  0.5541478 
iter:  10  f-value:  2092.75  pgrad:  0.5276248 
iter:  20  f-value:  2092.736  pgrad:  0.5794696 
iter:  30  f-value:  2092.735  pgrad:  0.7758626 
  Unsuccessful convergence.
[1] 0.9830732
 [1] "Xi: 0.505408379107714" "Xi: 0.505365490737947" "Xi: 0.50838713289719" 
 [4] "Xi: 0.512682147908865" "Xi: 0.518055428808161" "Xi: 0.538390532002628"
 [7] "Xi: 0.538170717038174" "Xi: 0.531155859742344" "Xi: 0.571978613317037"
[10] "Xi: 0.543958605150345" "Xi: 0.526507407258078" "Xi: 0.520038256361207"
[13] "Xi: 0.515833550566547" "Xi: 0.529319102969599" "Xi: 0.539080511407134"
[16] "Xi: 0.555958995955226" "Xi: 0.619867001148433" "Xi: 0.579264921480747"
[19] "Xi: 0.543270396069088" "Xi: 0.526313610569142"
Time difference of 3.73056 mins
[1] "Rho"
[1] 1038.510 1039.891 1039.631 1039.884 1038.895
[1] "It: 5"
[1] "sigma:"            "0.973242422490834" "beta :"           
[4] "1"                
[1] "rho/theta:" "1"         
Time difference of 1.634131 secs
[1] " old Likelihood:  -7313387.90980334"
[1] "New Likelihood:  -7313141.81055719"
[1] 4997432
[1] 4997437
iter:  0  f-value:  1976.476  pgrad:  0.5792649 
iter:  10  f-value:  1976.132  pgrad:  0.4872515 
iter:  20  f-value:  1976.111  pgrad:  0.9848206 
iter:  30  f-value:  1976.115  pgrad:  0.9850366 
  Unsuccessful convergence.
[1] 0.984814
 [1] "Xi: 0.505629036946337" "Xi: 0.50558309150672"  "Xi: 0.508659272621853"
 [4] "Xi: 0.512905034540223" "Xi: 0.517752556532598" "Xi: 0.537375869589539"
 [7] "Xi: 0.53730100677898"  "Xi: 0.528275534452642" "Xi: 0.5752230487046"  
[10] "Xi: 0.54368669065948"  "Xi: 0.524931020543793" "Xi: 0.519332697549165"
[13] "Xi: 0.515332232882198" "Xi: 0.52990192656262"  "Xi: 0.540432509357522"
[16] "Xi: 0.556160592092822" "Xi: 0.626173545043974" "Xi: 0.57917392838859" 
[19] "Xi: 0.545454010668537" "Xi: 0.526758542090144"
Time difference of 3.72695 mins
[1] "Rho"
[1] 1038.510 1039.891 1039.631 1039.884 1038.895
[1] "It: 6"
[1] "sigma:"            "0.974965851541931" "beta :"           
[4] "1"                
[1] "rho/theta:" "1"         
Time difference of 1.642039 secs
[1] " old Likelihood:  -7313141.81055719"
[1] "New Likelihood:  -7313017.64099447"
[1] 4997432
[1] 4997437
iter:  0  f-value:  1893.37  pgrad:  0.5791739 
iter:  10  f-value:  1893.179  pgrad:  0.4860822 
iter:  20  f-value:  1893.172  pgrad:  0.3922128 
iter:  30  f-value:  1893.172  pgrad:  0.9860751 
  Unsuccessful convergence.
[1] 0.986032
 [1] "Xi: 0.505766923082089" "Xi: 0.505712453718197" "Xi: 0.508834620285221"
 [4] "Xi: 0.513043209098029" "Xi: 0.51756908496909"  "Xi: 0.536752339765142"
 [7] "Xi: 0.536842991335558" "Xi: 0.526579152304867" "Xi: 0.577233964362746"
[10] "Xi: 0.544067413537172" "Xi: 0.524374211871101" "Xi: 0.519212242656574"
[13] "Xi: 0.515352448735461" "Xi: 0.530395657094282" "Xi: 0.541631255172368"
[16] "Xi: 0.555748318543675" "Xi: 0.630913610403792" "Xi: 0.578295553083295"
[19] "Xi: 0.547042660990982" "Xi: 0.526762275107235"
Time difference of 3.72101 mins
[1] "Rho"
[1] 1038.510 1039.891 1039.631 1039.884 1038.895
[1] "It: 7"
[1] "sigma:"            "0.976171713225442" "beta :"           
[4] "1"                
[1] "rho/theta:" "1"         
Time difference of 1.639782 secs
[1] " old Likelihood:  -7313017.64099447"
[1] "New Likelihood:  -7312949.03054356"
[1] 4997432
[1] 4997437
iter:  0  f-value:  1833.971  pgrad:  0.5782956 
iter:  10  f-value:  1833.864  pgrad:  0.4858564 
iter:  20  f-value:  1833.86  pgrad:  0.3757464 
iter:  30  f-value:  1833.86  pgrad:  0.183386 
  Unsuccessful convergence.
[1] 0.9868865
 [1] "Xi: 0.505893500439596" "Xi: 0.50583550097822"  "Xi: 0.508995290457415"
 [4] "Xi: 0.513166898868633" "Xi: 0.517384858713507" "Xi: 0.536160137387928"
 [7] "Xi: 0.536437438610537" "Xi: 0.524983974233697" "Xi: 0.578980313754183"
[10] "Xi: 0.544319836355209" "Xi: 0.523734165152824" "Xi: 0.519100278287126"
[13] "Xi: 0.515591688930872" "Xi: 0.530756192563284" "Xi: 0.542728468495834"
[16] "Xi: 0.555103518179108" "Xi: 0.634759542957794" "Xi: 0.577166423793809"
[19] "Xi: 0.54821904305287"  "Xi: 0.52649030290363" 
Time difference of 3.729338 mins
[1] "Rho"
[1] 1038.510 1039.891 1039.631 1039.884 1038.895
[1] "It: 8"
[1] "sigma:"           "0.97701765217056" "beta :"           "1"               
[1] "rho/theta:" "1"         
Time difference of 1.649542 secs
[1] " old Likelihood:  -7312949.03054356"
[1] "New Likelihood:  -7312909.79015055"
[1] 4997432
[1] 4997437
iter:  0  f-value:  1791.449  pgrad:  0.5771664 
iter:  10  f-value:  1791.389  pgrad:  0.485601 
iter:  20  f-value:  1791.386  pgrad:  0.4197159 
iter:  30  f-value:  1791.385  pgrad:  0.1350941 
  Unsuccessful convergence.
[1] 0.9874888
 [1] "Xi: 0.506015816900576" "Xi: 0.505953892711681" "Xi: 0.50915095679953" 
 [4] "Xi: 0.513292379778665" "Xi: 0.517209590014701" "Xi: 0.535578986508271"
 [7] "Xi: 0.536075680715553" "Xi: 0.523457917474405" "Xi: 0.580626751899732"
[10] "Xi: 0.544597672625378" "Xi: 0.523457147312772" "Xi: 0.519071024358581"
[13] "Xi: 0.515943896716033" "Xi: 0.530988520583413" "Xi: 0.543727500874874"
[16] "Xi: 0.554396902385407" "Xi: 0.638033838619668" "Xi: 0.576076746737334"
[19] "Xi: 0.549143819063432" "Xi: 0.526038466783646"
Time difference of 3.731513 mins
[1] "Rho"
[1] 1038.510 1039.891 1039.631 1039.884 1038.895
[1] "It: 9"
[1] "sigma:"            "0.977613922461764" "beta :"           
[4] "1"                
[1] "rho/theta:" "1"         
Time difference of 1.626325 secs
[1] " old Likelihood:  -7312909.79015055"
[1] "New Likelihood:  -7312886.59979664"
[1] 4997432
[1] 4997437
iter:  0  f-value:  1761.042  pgrad:  0.5760767 
iter:  10  f-value:  1761.007  pgrad:  0.48519 
iter:  20  f-value:  1761.004  pgrad:  0.2412594 
iter:  30  f-value:  1761.014  pgrad:  0.6415397 
  Unsuccessful convergence.
[1] 0.987912
 [1] "Xi: 0.506127788669762" "Xi: 0.506066454686171" "Xi: 0.509290502264447"
 [4] "Xi: 0.513406181275095" "Xi: 0.517059740204591" "Xi: 0.535067890214954"
 [7] "Xi: 0.535789042420212" "Xi: 0.522122218277206" "Xi: 0.582046007071989"
[10] "Xi: 0.544780493401642" "Xi: 0.523226766011726" "Xi: 0.518809137688187"
[13] "Xi: 0.516201531246171" "Xi: 0.531064622301112" "Xi: 0.544608775883177"
[16] "Xi: 0.553681924123722" "Xi: 0.640866191809386" "Xi: 0.575119319324398"
[19] "Xi: 0.549904521601268" "Xi: 0.525443583450223"
Time difference of 3.744109 mins
[1] "Rho"
[1] 1038.510 1039.891 1039.631 1039.884 1038.895
[1] "It: 10"
[1] "sigma:"            "0.978032928584195" "beta :"           
[4] "1"                
[1] "rho/theta:" "1"         
Time difference of 1.649848 secs
[1] " old Likelihood:  -7312886.59979664"
[1] "New Likelihood:  -7312872.68368533"
[1] 4997432
[1] 4997437
iter:  0  f-value:  1739.303  pgrad:  0.5751193 
iter:  10  f-value:  1739.281  pgrad:  0.4693195 
iter:  20  f-value:  1739.28  pgrad:  0.1395597 
iter:  30  f-value:  1739.281  pgrad:  0.5746056 
  Unsuccessful convergence.
[1] 0.9882123
 [1] "Xi: 0.506191055708918" "Xi: 0.506127786606577" "Xi: 0.509371503503277"
 [4] "Xi: 0.513469555710542" "Xi: 0.516976313555334" "Xi: 0.534774712239535"
 [7] "Xi: 0.53564710185146"  "Xi: 0.521384412361612" "Xi: 0.582860301344908"
[10] "Xi: 0.544912326086725" "Xi: 0.523313284342442" "Xi: 0.518839929177997"
[13] "Xi: 0.516518806218329" "Xi: 0.531072553468369" "Xi: 0.545391734861961"
[16] "Xi: 0.553009112170022" "Xi: 0.643364359312754" "Xi: 0.57430564883021" 
[19] "Xi: 0.550551526165377" "Xi: 0.52476760574663" 
Time difference of 3.735094 mins
[1] "Rho"
[1] 1038.510 1039.891 1039.631 1039.884 1038.895
[1] "It: 11"
[1] "sigma:"           "0.97833017640608" "beta :"           "1"               
[1] "rho/theta:" "1"         
Time difference of 1.634863 secs
[1] " old Likelihood:  -7312872.68368533"
[1] "New Likelihood:  -7312863.77230844"
[1] 4997432
[1] 4997437
iter:  0  f-value:  1723.73  pgrad:  0.5743056 
iter:  10  f-value:  1723.716  pgrad:  0.4694205 
iter:  20  f-value:  1723.715  pgrad:  0.1350486 
iter:  30  f-value:  1548.531  pgrad:  0.9999166 
  Unsuccessful convergence.
[1] 0.9964014
 [1] "Xi: 0.999999247223779"    "Xi: 0.999999737430053"   
 [3] "Xi: 0.999999332209771"    "Xi: 0.999995177539528"   
 [5] "Xi: 2.69290713268763e-05" "Xi: 0.000148825077097039"
 [7] "Xi: 0.000762885192097684" "Xi: 0.00358750003502419" 
 [9] "Xi: 0.999901280267344"    "Xi: 0.999613057732519"   
[11] "Xi: 0.998913656220044"    "Xi: 0.997770506798401"   
[13] "Xi: 0.995885453508717"    "Xi: 0.993905737272381"   
[15] "Xi: 0.991444685776095"    "Xi: 0.987241233363582"   
[17] "Xi: 0.992326391494726"    "Xi: 1.59780301185681e-06"
[19] "Xi: 0"                    "Xi: 0.999828020091579"   
Time difference of 3.72962 mins
[1] "Rho"
[1] 1038.510 1039.891 1039.631 1039.884 1038.895
[1] "It: 12"
[1] "sigma:"            "0.986437383312781" "beta :"           
[4] "1"                
[1] "rho/theta:" "1"         
Time difference of 1.651043 secs
[1] " old Likelihood:  -7312863.77230844"
[1] "New Likelihood:  -7437206.19456313"
Time difference of 3.37992 mins
[1] 1 1 1 1 1
[1] 1 1 1 1 1
saved RDS
inference successful
