[1] "Original length"
[1] 999119
[1] "Final length"
[1] 14509
[1] "sequence length : 999120" "sequence length : 999777"
[3] "sequence length : 998752" "sequence length : 999851"
[5] "sequence length : 999780"
[1] "former Rho:"
[1]  984.1513  660.5370 1142.8942  675.0429  525.3563
[1] "old mu :"
[1] 0.0004925090 0.0003303422 0.0005721612 0.0003375718 0.0002627360
[1] "new mu :"
[1] 0.000399064
[1] "new Rho:"
[1] 797.4257 797.9501 797.1320 798.0091 797.9524
[1] 1 1 1 1 1
[1] "Beta: 1"
[1] "Self: 0"
[1] 1
[1] "Rho"
[1] 797.4257 797.9501 797.1320 798.0091 797.9524
[1] "It: 1"
[1] "sigma:" "0"      "beta :" "1"     
[1] "rho/theta:" "1"         
[1] "sigma:" "0.9405" "beta :" "1"     
[1] "rho/theta:" "1"         
Time difference of 1.685664 secs
[1] "New Likelihood:  -5795429.25053818"
[1] 4997275
[1] 4997280
iter:  0  f-value:  2262.817  pgrad:  0.5 
iter:  10  f-value:  2229.392  pgrad:  0.552008 
iter:  20  f-value:  2229.026  pgrad:  0.9701539 
iter:  30  f-value:  2228.981  pgrad:  0.5489701 
  Unsuccessful convergence.
[1] 0.9699014
 [1] "Xi: 0.503123799145367" "Xi: 0.503938596345302" "Xi: 0.509102027928005"
 [4] "Xi: 0.519278813859349" "Xi: 0.537267246832678" "Xi: 0.553416794460969"
 [7] "Xi: 0.553592441527118" "Xi: 0.55241354212841"  "Xi: 0.548003672206166"
[10] "Xi: 0.542520732180961" "Xi: 0.529068194348876" "Xi: 0.521661056736601"
[13] "Xi: 0.5175228518139"   "Xi: 0.534690759172848" "Xi: 0.531181102621388"
[16] "Xi: 0.522256124898664" "Xi: 0.541826169672049" "Xi: 0.570300315928536"
[19] "Xi: 0.546193535208802" "Xi: 0.529463987335927"
Time difference of 28.24159 mins
[1] "Rho"
[1] 797.4257 797.9501 797.1320 798.0091 797.9524
[1] "It: 2"
[1] "sigma:"            "0.960202337056249" "beta :"           
[4] "1"                
[1] "rho/theta:" "1"         
Time difference of 1.646398 secs
[1] " old Likelihood:  -5795429.25053818"
[1] "New Likelihood:  -5785656.45375458"
[1] 4997275
[1] 4997280
iter:  0  f-value:  1920.876  pgrad:  0.5290682 
iter:  10  f-value:  1914.581  pgrad:  0.5563155 
iter:  20  f-value:  1914.21  pgrad:  0.5524544 
iter:  30  f-value:  1914.128  pgrad:  0.4774547 
  Unsuccessful convergence.
[1] 0.9773821
 [1] "Xi: 0.504479887156217" "Xi: 0.505603589586228" "Xi: 0.512514084341578"
 [4] "Xi: 0.52557521664278"  "Xi: 0.545565766526161" "Xi: 0.562197069793667"
 [7] "Xi: 0.565447554572105" "Xi: 0.550359726204415" "Xi: 0.522581299302022"
[10] "Xi: 0.528703712632997" "Xi: 0.528374105216481" "Xi: 0.526487767650376"
[13] "Xi: 0.517079077610357" "Xi: 0.555207691740551" "Xi: 0.545356422404412"
[16] "Xi: 0.528566935260717" "Xi: 0.565273414937091" "Xi: 0.602870505210161"
[19] "Xi: 0.566663072546246" "Xi: 0.546740537801877"
Time difference of 3.305446 mins
[1] "Rho"
[1] 797.4257 797.9501 797.1320 798.0091 797.9524
[1] "It: 3"
[1] "sigma:"            "0.967608260211834" "beta :"           
[4] "1"                
[1] "rho/theta:" "1"         
Time difference of 1.652241 secs
[1] " old Likelihood:  -5785656.45375458"
[1] "New Likelihood:  -5783656.87797673"
[1] 4997275
[1] 4997280
iter:  0  f-value:  1710.76  pgrad:  0.5285669 
iter:  10  f-value:  1708.916  pgrad:  0.559099 
iter:  20  f-value:  1708.791  pgrad:  0.5289335 
iter:  30  f-value:  1708.775  pgrad:  0.5525113 
  Unsuccessful convergence.
[1] 0.9816208
 [1] "Xi: 0.50505371501571"  "Xi: 0.506352808599206" "Xi: 0.513998123354729"
 [4] "Xi: 0.528193248393015" "Xi: 0.548838358024314" "Xi: 0.565168859382122"
 [7] "Xi: 0.569712777423425" "Xi: 0.553262077986908" "Xi: 0.52339359286112" 
[10] "Xi: 0.538188843284673" "Xi: 0.52850608918289"  "Xi: 0.529485457416979"
[13] "Xi: 0.511935895988789" "Xi: 0.569563971196098" "Xi: 0.552506381625991"
[16] "Xi: 0.528282499624082" "Xi: 0.577821463622688" "Xi: 0.618834363042382"
[19] "Xi: 0.575522436621246" "Xi: 0.557593724483323"
Time difference of 3.304945 mins
[1] "Rho"
[1] 797.4257 797.9501 797.1320 798.0091 797.9524
[1] "It: 4"
[1] "sigma:"            "0.971804559715035" "beta :"           
[4] "1"                
[1] "rho/theta:" "1"         
Time difference of 1.72999 secs
[1] " old Likelihood:  -5783656.87797673"
[1] "New Likelihood:  -5783032.33701926"
[1] 4997275
[1] 4997280
iter:  0  f-value:  1568.08  pgrad:  0.5285061 
iter:  10  f-value:  1567.311  pgrad:  0.5568679 
iter:  20  f-value:  1567.293  pgrad:  0.4761673 
iter:  30  f-value:  1567.288  pgrad:  0.9843907 
  Unsuccessful convergence.
[1] 0.984306
 [1] "Xi: 0.505361682788497" "Xi: 0.506745918539952" "Xi: 0.514774795807778"
 [4] "Xi: 0.529507816110653" "Xi: 0.550445134232876" "Xi: 0.566507375922896"
 [7] "Xi: 0.571572022111267" "Xi: 0.554167652416194" "Xi: 0.520876880708907"
[10] "Xi: 0.537231715395317" "Xi: 0.526709062248831" "Xi: 0.531161273271657"
[13] "Xi: 0.506193605315614" "Xi: 0.58038273769243"  "Xi: 0.556415347993945"
[16] "Xi: 0.526356183522123" "Xi: 0.58546278592271"  "Xi: 0.627002798316286"
[19] "Xi: 0.578745484968848" "Xi: 0.564690775364217"
Time difference of 3.311291 mins
[1] "Rho"
[1] 797.4257 797.9501 797.1320 798.0091 797.9524
[1] "It: 5"
[1] "sigma:"            "0.974462894607338" "beta :"           
[4] "1"                
[1] "rho/theta:" "1"         
Time difference of 1.706643 secs
[1] " old Likelihood:  -5783032.33701926"
[1] "New Likelihood:  -5782773.28515687"
[1] 4997275
[1] 4997280
iter:  0  f-value:  1469.903  pgrad:  0.5787455 
iter:  10  f-value:  1469.537  pgrad:  0.4766849 
iter:  20  f-value:  1469.53  pgrad:  0.4749745 
iter:  30  f-value:  1469.529  pgrad:  0.9861099 
  Unsuccessful convergence.
[1] 0.9860988
 [1] "Xi: 0.50550824862356"  "Xi: 0.506919317317818" "Xi: 0.515139663801356"
 [4] "Xi: 0.530130536145684" "Xi: 0.551216253467359" "Xi: 0.567139484013212"
 [7] "Xi: 0.57248614018711"  "Xi: 0.554792527738188" "Xi: 0.520607324660246"
[10] "Xi: 0.537819818611198" "Xi: 0.526007275241251" "Xi: 0.534432914115108"
[13] "Xi: 0.501883791254448" "Xi: 0.589181444053138" "Xi: 0.559104708026079"
[16] "Xi: 0.524815715408447" "Xi: 0.590871371888174" "Xi: 0.631455016847482"
[19] "Xi: 0.579025977428151" "Xi: 0.569640922772463"
Time difference of 3.314185 mins
[1] "Rho"
[1] 797.4257 797.9501 797.1320 798.0091 797.9524
[1] "It: 6"
[1] "sigma:"            "0.976237840963028" "beta :"           
[4] "1"                
[1] "rho/theta:" "1"         
Time difference of 1.654553 secs
[1] " old Likelihood:  -5782773.28515687"
[1] "New Likelihood:  -5782646.99480205"
[1] 4997275
[1] 4997280
iter:  0  f-value:  1402.214  pgrad:  0.579026 
iter:  10  f-value:  1402.028  pgrad:  0.5614584 
iter:  20  f-value:  1402.025  pgrad:  0.3883451 
iter:  30  f-value:  1402.024  pgrad:  0.2493721 
  Unsuccessful convergence.
[1] 0.9873097
 [1] "Xi: 0.505670583488583" "Xi: 0.507111874813385" "Xi: 0.515519622631539"
 [4] "Xi: 0.530769194564577" "Xi: 0.551987278477925" "Xi: 0.567773288453125"
 [7] "Xi: 0.573390626257315" "Xi: 0.555447933921608" "Xi: 0.520526200432227"
[10] "Xi: 0.538313003344693" "Xi: 0.525668007644394" "Xi: 0.537899561350104"
[13] "Xi: 0.498801978081806" "Xi: 0.596373282555188" "Xi: 0.560963403730506"
[16] "Xi: 0.523794673587395" "Xi: 0.594910883558983" "Xi: 0.6341451309064"  
[19] "Xi: 0.578095486662428" "Xi: 0.573369111254334"
Time difference of 3.3084 mins
[1] "Rho"
[1] 797.4257 797.9501 797.1320 798.0091 797.9524
[1] "It: 7"
[1] "sigma:"            "0.977436625183561" "beta :"           
[4] "1"                
[1] "rho/theta:" "1"         
Time difference of 1.665514 secs
[1] " old Likelihood:  -5782646.99480205"
[1] "New Likelihood:  -5782580.75449877"
[1] 4997275
[1] 4997280
iter:  0  f-value:  1355.492  pgrad:  0.5780955 
iter:  10  f-value:  1355.395  pgrad:  0.5627797 
iter:  20  f-value:  1355.393  pgrad:  0.3624609 
iter:  30  f-value:  1355.393  pgrad:  0.423408 
  Unsuccessful convergence.
[1] 0.9881342
 [1] "Xi: 0.50629974319905"  "Xi: 0.507769167065734" "Xi: 0.516332345747803"
 [4] "Xi: 0.531800426368918" "Xi: 0.55313584289258"  "Xi: 0.568756221864437"
 [7] "Xi: 0.574607994352859" "Xi: 0.556451940391603" "Xi: 0.520909527399354"
[10] "Xi: 0.538983762191016" "Xi: 0.525180832536046" "Xi: 0.540790766780832"
[13] "Xi: 0.496899161290723" "Xi: 0.602212157001188" "Xi: 0.562371860287231"
[16] "Xi: 0.523299588360546" "Xi: 0.598076124438154" "Xi: 0.636074777450628"
[19] "Xi: 0.576596775261329" "Xi: 0.576558450748135"
Time difference of 3.319062 mins
[1] "Rho"
[1] 797.4257 797.9501 797.1320 798.0091 797.9524
[1] "It: 8"
[1] "sigma:"            "0.978252842304473" "beta :"           
[4] "1"                
[1] "rho/theta:" "1"         
Time difference of 1.643843 secs
[1] " old Likelihood:  -5782580.75449877"
[1] "New Likelihood:  -5782543.82471479"
[1] 4997275
[1] 4997280
iter:  0  f-value:  1323.047  pgrad:  0.5765968 
iter:  10  f-value:  1322.996  pgrad:  0.4213246 
iter:  20  f-value:  1322.995  pgrad:  0.252644 
iter:  30  f-value:  1322.995  pgrad:  0.1031799 
  Unsuccessful convergence.
[1] 0.988689
 [1] "Xi: 0.506392559833797" "Xi: 0.507883568484992" "Xi: 0.51655818976138" 
 [4] "Xi: 0.53217631438621"  "Xi: 0.553596706962722" "Xi: 0.56912075311905" 
 [7] "Xi: 0.575124751519636" "Xi: 0.556822486232616" "Xi: 0.520894340558597"
[10] "Xi: 0.539149238080461" "Xi: 0.524862594289609" "Xi: 0.54356481726265" 
[13] "Xi: 0.4951533874082"   "Xi: 0.606575373890264" "Xi: 0.5629946708799"  
[16] "Xi: 0.522808868916702" "Xi: 0.600231738358063" "Xi: 0.637450821624682"
[19] "Xi: 0.575374524959204" "Xi: 0.579016668902278"
Time difference of 3.309163 mins
[1] "Rho"
[1] 797.4257 797.9501 797.1320 798.0091 797.9524
[1] "It: 9"
[1] "sigma:"            "0.978802146160401" "beta :"           
[4] "1"                
[1] "rho/theta:" "1"         
Time difference of 1.728679 secs
[1] " old Likelihood:  -5782543.82471479"
[1] "New Likelihood:  -5782523.50372823"
[1] 4997275
[1] 4997280
iter:  0  f-value:  1300.784  pgrad:  0.5753745 
iter:  10  f-value:  1300.757  pgrad:  0.4369986 
iter:  20  f-value:  1300.761  pgrad:  0.6391696 
iter:  30  f-value:  1300.756  pgrad:  0.3104969 
  Unsuccessful convergence.
[1] 0.9890717
 [1] "Xi: 0.507432800784173" "Xi: 0.508936875704524" "Xi: 0.517683400590215"
 [4] "Xi: 0.53340415188269"  "Xi: 0.554843011346479" "Xi: 0.570256278501805"
 [7] "Xi: 0.576374721420017" "Xi: 0.557975898359374" "Xi: 0.521769923207915"
[10] "Xi: 0.540055633691438" "Xi: 0.524951267849735" "Xi: 0.546514889155621"
[13] "Xi: 0.494152032208793" "Xi: 0.610188862406158" "Xi: 0.563355759456348"
[16] "Xi: 0.522536091312556" "Xi: 0.601817824198456" "Xi: 0.638560040666279"
[19] "Xi: 0.574335228717275" "Xi: 0.581143066901474"
Time difference of 3.311507 mins
[1] "Rho"
[1] 797.4257 797.9501 797.1320 798.0091 797.9524
[1] "It: 10"
[1] "sigma:"            "0.979180973485723" "beta :"           
[4] "1"                
[1] "rho/theta:" "1"         
Time difference of 1.657408 secs
[1] " old Likelihood:  -5782523.50372823"
[1] "New Likelihood:  -5782510.65200412"
[1] 4997275
[1] 4997280
iter:  0  f-value:  1285.353  pgrad:  0.5743352 
iter:  10  f-value:  1285.338  pgrad:  0.4368677 
iter:  20  f-value:  1285.337  pgrad:  0.2441561 
iter:  30  f-value:  1285.338  pgrad:  0.6138839 
  Unsuccessful convergence.
[1] 0.9893244
 [1] "Xi: 0.507514552911124" "Xi: 0.509032143011938" "Xi: 0.517871088780851"
 [4] "Xi: 0.53372213908664"  "Xi: 0.555225224055974" "Xi: 0.570547994972722"
 [7] "Xi: 0.576775918124739" "Xi: 0.558211335571084" "Xi: 0.5215832520228"  
[10] "Xi: 0.539882568209148" "Xi: 0.523820824998956" "Xi: 0.548490060976446"
[13] "Xi: 0.493084515615212" "Xi: 0.612770245541931" "Xi: 0.563527473028667"
[16] "Xi: 0.522387748318093" "Xi: 0.602953261189522" "Xi: 0.639464236391573"
[19] "Xi: 0.573332932675083" "Xi: 0.582815719598051"
Time difference of 3.323321 mins
[1] "Rho"
[1] 797.4257 797.9501 797.1320 798.0091 797.9524
[1] "It: 11"
[1] "sigma:"            "0.979431177775546" "beta :"           
[4] "1"                
[1] "rho/theta:" "1"         
Time difference of 1.651473 secs
[1] " old Likelihood:  -5782510.65200412"
[1] "New Likelihood:  -5782503.33990169"
[1] 4997275
[1] 4997280
iter:  0  f-value:  1274.658  pgrad:  0.5733329 
iter:  10  f-value:  1274.65  pgrad:  0.3860394 
iter:  20  f-value:  1274.649  pgrad:  0.1852709 
iter:  30  f-value:  1274.65  pgrad:  0.5728103 
  Unsuccessful convergence.
[1] 0.9894989
 [1] "Xi: 0.507574342394589" "Xi: 0.509107795822657" "Xi: 0.518015346414281"
 [4] "Xi: 0.533960773575441" "Xi: 0.555510605259276" "Xi: 0.570765344845739"
 [7] "Xi: 0.577077486248923" "Xi: 0.55839859166422"  "Xi: 0.521515454005131"
[10] "Xi: 0.539906317710767" "Xi: 0.523283286215987" "Xi: 0.550155822863596"
[13] "Xi: 0.492421343152128" "Xi: 0.615002923044157" "Xi: 0.563601005294081"
[16] "Xi: 0.522306911047079" "Xi: 0.603738940557289" "Xi: 0.64024621192584" 
[19] "Xi: 0.5725241404902"   "Xi: 0.584229840364246"
Time difference of 3.330726 mins
[1] "Rho"
[1] 797.4257 797.9501 797.1320 798.0091 797.9524
[1] "It: 12"
[1] "sigma:"            "0.979603916988477" "beta :"           
[4] "1"                
[1] "rho/theta:" "1"         
Time difference of 1.6431 secs
[1] " old Likelihood:  -5782503.33990169"
[1] "New Likelihood:  -5782498.36385019"
[1] 4997275
[1] 4997280
iter:  0  f-value:  1267.175  pgrad:  0.5725241 
iter:  10  f-value:  1267.17  pgrad:  0.3839493 
iter:  20  f-value:  1267.17  pgrad:  0.1733792 
iter:  30  f-value:  1267.17  pgrad:  0.1045214 
  Unsuccessful convergence.
[1] 0.989618
 [1] "Xi: 0.507632353828299" "Xi: 0.509178922422157" "Xi: 0.518153055989073"
 [4] "Xi: 0.534189530678489" "Xi: 0.555787921011919" "Xi: 0.570972113198066"
 [7] "Xi: 0.577367291980027" "Xi: 0.558574232377513" "Xi: 0.521465178417858"
[10] "Xi: 0.539960850960679" "Xi: 0.522752274609188" "Xi: 0.551629275528453"
[13] "Xi: 0.49191802625641"  "Xi: 0.616804071353019" "Xi: 0.563586805654485"
[16] "Xi: 0.522257994049384" "Xi: 0.604253344822122" "Xi: 0.640919445559376"
[19] "Xi: 0.571860602985256" "Xi: 0.585406651746897"
Time difference of 3.316419 mins
[1] "Rho"
[1] 797.4257 797.9501 797.1320 798.0091 797.9524
[1] "It: 13"
[1] "sigma:"            "0.979721855095742" "beta :"           
[4] "1"                
[1] "rho/theta:" "1"         
Time difference of 1.659276 secs
[1] " old Likelihood:  -5782498.36385019"
[1] "New Likelihood:  -5782494.8470089"
[1] 4997275
[1] 4997280
iter:  0  f-value:  1261.919  pgrad:  0.5718606 
iter:  10  f-value:  1261.916  pgrad:  0.3824865 
iter:  20  f-value:  1261.916  pgrad:  0.1317721 
iter:  30  f-value:  1261.916  pgrad:  0.1842545 
  Unsuccessful convergence.
[1] 0.989702
 [1] "Xi: 0.50815780983714"  "Xi: 0.509712060896705" "Xi: 0.518730473573426"
 [4] "Xi: 0.534820761733365" "Xi: 0.556434580569149" "Xi: 0.571549909880222"
 [7] "Xi: 0.57800129122321"  "Xi: 0.559138472477718" "Xi: 0.520948586260329"
[10] "Xi: 0.540458877234696" "Xi: 0.52191993855114"  "Xi: 0.553182405691499"
[13] "Xi: 0.491750962805964" "Xi: 0.618551221430721" "Xi: 0.563607494126254"
[16] "Xi: 0.522231615926968" "Xi: 0.604510262656136" "Xi: 0.641534268828091"
[19] "Xi: 0.571324075550592" "Xi: 0.586218099065275"
Time difference of 3.321101 mins
[1] "Rho"
[1] 797.4257 797.9501 797.1320 798.0091 797.9524
[1] "It: 14"
[1] "sigma:"            "0.979804966866684" "beta :"           
[4] "1"                
[1] "rho/theta:" "1"         
Time difference of 1.653318 secs
[1] " old Likelihood:  -5782494.8470089"
[1] "New Likelihood:  -5782492.36857443"
[1] 4997275
[1] 4997280
iter:  0  f-value:  1258.189  pgrad:  0.5713241 
iter:  10  f-value:  1258.187  pgrad:  0.2764932 
iter:  20  f-value:  1258.186  pgrad:  0.102491 
iter:  30  f-value:  1258.186  pgrad:  0.08717279 
  Unsuccessful convergence.
[1] 0.9897566
 [1] "Xi: 0.508197296281332" "Xi: 0.509761380739541" "Xi: 0.518826264704531"
 [4] "Xi: 0.534982120981153" "Xi: 0.556628941290048" "Xi: 0.571691886226608"
 [7] "Xi: 0.578199663735353" "Xi: 0.559258111499222" "Xi: 0.520933745397386"
[10] "Xi: 0.540532679077528" "Xi: 0.521579306295528" "Xi: 0.554152477843733"
[13] "Xi: 0.491283485226114" "Xi: 0.619641477072323" "Xi: 0.563467772096671"
[16] "Xi: 0.522221465776877" "Xi: 0.604708663556494" "Xi: 0.642038357714491"
[19] "Xi: 0.570891833839559" "Xi: 0.58707513260248" 
Time difference of 3.326118 mins
[1] "Rho"
[1] 797.4257 797.9501 797.1320 798.0091 797.9524
[1] "It: 15"
[1] "sigma:"            "0.979858998276965" "beta :"           
[4] "1"                
[1] "rho/theta:" "1"         
Time difference of 1.647401 secs
[1] " old Likelihood:  -5782492.36857443"
[1] "New Likelihood:  -5782490.41101479"
[1] 4997275
[1] 4997280
iter:  0  f-value:  1255.556  pgrad:  0.5708918 
iter:  10  f-value:  1255.554  pgrad:  0.2109709 
iter:  20  f-value:  1255.554  pgrad:  0.09239102 
iter:  30  f-value:  1255.554  pgrad:  0.6868891 
  Unsuccessful convergence.
[1] 0.9897937
 [1] "Xi: 0.50825661812485"  "Xi: 0.509829598893156" "Xi: 0.518944441409306"
 [4] "Xi: 0.535168157218856" "Xi: 0.556848859734804" "Xi: 0.571855188733582"
 [7] "Xi: 0.578422449507369" "Xi: 0.559397448955326" "Xi: 0.520904463012742"
[10] "Xi: 0.540635721865805" "Xi: 0.521221001924819" "Xi: 0.55508610952633" 
[13] "Xi: 0.490993458367882" "Xi: 0.620633882561118" "Xi: 0.563358514628504"
[16] "Xi: 0.522224972116777" "Xi: 0.604818646095527" "Xi: 0.642462780845647"
[19] "Xi: 0.570519855946806" "Xi: 0.587748622741611"
Time difference of 3.330754 mins
[1] "Rho"
[1] 797.4257 797.9501 797.1320 798.0091 797.9524
[1] "It: 16"
[1] "sigma:"            "0.979895766540722" "beta :"           
[4] "1"                
[1] "rho/theta:" "1"         
Time difference of 1.648544 secs
[1] " old Likelihood:  -5782490.41101479"
[1] "New Likelihood:  -5782488.86899462"
[1] 4997275
[1] 4997280
iter:  0  f-value:  1253.688  pgrad:  0.5705199 
iter:  10  f-value:  1253.687  pgrad:  0.1692956 
iter:  20  f-value:  1253.687  pgrad:  0.1018452 
iter:  30  f-value:  1253.687  pgrad:  0.07506287 
  Unsuccessful convergence.
[1] 0.9898194
 [1] "Xi: 0.508320457859048" "Xi: 0.509901429965478" "Xi: 0.519053493214535"
 [4] "Xi: 0.535327858653921" "Xi: 0.557034810212272" "Xi: 0.5719973286371"  
 [7] "Xi: 0.578609248685876" "Xi: 0.559518977960878" "Xi: 0.520862039497521"
[10] "Xi: 0.540739995928022" "Xi: 0.520899828452999" "Xi: 0.555837595060696"
[13] "Xi: 0.490750283150282" "Xi: 0.621394348748902" "Xi: 0.563233958702975"
[16] "Xi: 0.522240518802803" "Xi: 0.604840240375315" "Xi: 0.642838770810093"
[19] "Xi: 0.570219453849147" "Xi: 0.588321992114748"
Time difference of 3.32655 mins
[1] "Rho"
[1] 797.4257 797.9501 797.1320 798.0091 797.9524
[1] "It: 17"
[1] "sigma:"            "0.979921215156531" "beta :"           
[4] "1"                
[1] "rho/theta:" "1"         
Time difference of 1.64117 secs
[1] " old Likelihood:  -5782488.86899462"
[1] "New Likelihood:  -5782487.61946606"
[1] 4997275
[1] 4997280
iter:  0  f-value:  1252.332  pgrad:  0.5702195 
iter:  10  f-value:  1252.332  pgrad:  0.1350122 
iter:  20  f-value:  1252.331  pgrad:  0.1281342 
iter:  30  f-value:  1252.331  pgrad:  0.04489493 
  Unsuccessful convergence.
[1] 0.9898378
 [1] "Xi: 0.508590870432944" "Xi: 0.510177143814046" "Xi: 0.519360797106497"
 [4] "Xi: 0.53567441489244"  "Xi: 0.557393597524523" "Xi: 0.572309485257914"
 [7] "Xi: 0.578958193285198" "Xi: 0.559814901053509" "Xi: 0.520614866921518"
[10] "Xi: 0.541017413462893" "Xi: 0.520457648325423" "Xi: 0.556602529838887"
[13] "Xi: 0.490599058610107" "Xi: 0.622130401461622" "Xi: 0.563139943222393"
[16] "Xi: 0.52226586672227"  "Xi: 0.604836300857562" "Xi: 0.643182391199227"
[19] "Xi: 0.569969994439532" "Xi: 0.588795266492223"
Time difference of 3.34138 mins
[1] "Rho"
[1] 797.4257 797.9501 797.1320 798.0091 797.9524
[1] "It: 18"
[1] "sigma:"            "0.979939431627145" "beta :"           
[4] "1"                
[1] "rho/theta:" "1"         
Time difference of 1.654023 secs
[1] " old Likelihood:  -5782487.61946606"
[1] "New Likelihood:  -5782486.58437078"
[1] 4997275
[1] 4997280
iter:  0  f-value:  1251.321  pgrad:  0.56997 
iter:  10  f-value:  1251.32  pgrad:  0.09915539 
iter:  20  f-value:  1251.32  pgrad:  0.08056759 
iter:  30  f-value:  1251.32  pgrad:  0.1799935 
  Unsuccessful convergence.
[1] 0.9898514
 [1] "Xi: 0.508862952711852" "Xi: 0.510454851595743" "Xi: 0.519671114163454"
 [4] "Xi: 0.536026736214457" "Xi: 0.557759006423859" "Xi: 0.572626891916778"
 [7] "Xi: 0.579312414207882" "Xi: 0.560113290510632" "Xi: 0.520362075667349"
[10] "Xi: 0.541313790617305" "Xi: 0.520009479024875" "Xi: 0.557333005370016"
[13] "Xi: 0.490535293636692" "Xi: 0.622832665843311" "Xi: 0.563093926857083"
[16] "Xi: 0.522292942648023" "Xi: 0.604843554330884" "Xi: 0.643510654530208"
[19] "Xi: 0.569767678402249" "Xi: 0.589051255159078"
Time difference of 3.335968 mins
[1] "Rho"
[1] 797.4257 797.9501 797.1320 798.0091 797.9524
[1] "It: 19"
[1] "sigma:"            "0.979952894130143" "beta :"           
[4] "1"                
[1] "rho/theta:" "1"         
Time difference of 1.634797 secs
[1] " old Likelihood:  -5782486.58437078"
[1] "New Likelihood:  -5782485.95399481"
[1] 4997275
[1] 4997280
iter:  0  f-value:  1250.562  pgrad:  0.5697677 
iter:  10  f-value:  1250.561  pgrad:  0.1147987 
iter:  20  f-value:  1250.561  pgrad:  0.0721775 
iter:  30  f-value:  1250.561  pgrad:  0.430516 
  Unsuccessful convergence.
[1] 0.9898595
 [1] "Xi: 0.508902856287424" "Xi: 0.51050395949579"  "Xi: 0.519766554270816"
 [4] "Xi: 0.536184919568975" "Xi: 0.557947685417971" "Xi: 0.572762565951337"
 [7] "Xi: 0.579499401333848" "Xi: 0.560216311451525" "Xi: 0.520356342011326"
[10] "Xi: 0.541420511895016" "Xi: 0.519783549089101" "Xi: 0.557856099449709"
[13] "Xi: 0.490327469493277" "Xi: 0.623320101842078" "Xi: 0.56297304314233" 
[16] "Xi: 0.522303234009356" "Xi: 0.604757560223063" "Xi: 0.643749265590834"
[19] "Xi: 0.569599566617933" "Xi: 0.589379582907964"
Time difference of 3.331452 mins
[1] "Rho"
[1] 797.4257 797.9501 797.1320 798.0091 797.9524
[1] "It: 20"
[1] "sigma:"            "0.979960869049857" "beta :"           
[4] "1"                
[1] "rho/theta:" "1"         
Time difference of 1.656176 secs
[1] " old Likelihood:  -5782485.95399481"
[1] "New Likelihood:  -5782485.27587793"
[1] 4997275
[1] 4997280
iter:  0  f-value:  1250.017  pgrad:  0.5695996 
iter:  10  f-value:  1250.017  pgrad:  0.103305 
iter:  20  f-value:  1250.017  pgrad:  0.06672053 
iter:  30  f-value:  1250.017  pgrad:  0.05124548 
  Unsuccessful convergence.
[1] 0.9898648
 [1] "Xi: 0.509047760948858" "Xi: 0.510654179233776" "Xi: 0.519941833923568"
 [4] "Xi: 0.536394178685765" "Xi: 0.558169727682715" "Xi: 0.572948544510756"
 [7] "Xi: 0.579713395444972" "Xi: 0.560384545885928" "Xi: 0.520233261756705"
[10] "Xi: 0.541587811225813" "Xi: 0.519540624025261" "Xi: 0.55826640183345" 
[13] "Xi: 0.490166600733713" "Xi: 0.623708290153519" "Xi: 0.562879269200566"
[16] "Xi: 0.522328887068238" "Xi: 0.604684088921421" "Xi: 0.643967109307256"
[19] "Xi: 0.56945682561085"  "Xi: 0.589650875563548"
Time difference of 3.33774 mins
[1] 1 1 1 1 1
[1] 1 1 1 1 1
saved RDS
inference successful
