[1] "Original length"
[1] 999789
[1] "Final length"
[1] 14922
[1] "sequence length : 999790" "sequence length : 999486"
[3] "sequence length : 999058" "sequence length : 999577"
[5] "sequence length : 999999"
[1] 1 1 1 1 1
[1] "Beta: 1"
[1] "Self: 0"
[1] "maxIt: 20"
[1] "It: 1"
 [1] "sigma:" "0"      "0"      "0"      "0"      "0"      "0"      "0"     
 [9] "0"      "0"      "0"      "0"      "0"      "0"      "0"      "0"     
[17] "0"      "0"      "0"      "0"      "0"      "0"      "0"      "0"     
[25] "0"      "0"      "0"      "0"      "0"      "0"      "0"      "0"     
[33] "0"      "0"      "0"      "0"      "0"      "0"      "0"      "0"     
[41] "0"      "beta :" "1"     
 [1] "sigma:" "0.9405" "0.9405" "0.9405" "0.9405" "0.9405" "0.9405" "0.9405"
 [9] "0.9405" "0.9405" "0.9405" "0.9405" "0.9405" "0.9405" "0.9405" "0.9405"
[17] "0.9405" "0.9405" "0.9405" "0.9405" "0.9405" "0.9405" "0.9405" "0.9405"
[25] "0.9405" "0.9405" "0.9405" "0.9405" "0.9405" "0"      "0"      "0"     
[33] "0"      "0"      "0"      "0"      "0"      "0"      "0"      "0"     
[41] "0"      "beta :" "1"     
[1] "New Likelihood:  -7888500.87318113"
iter:  0  f-value:  17764.02  pgrad:  0.5 
iter:  10  f-value:  17747.36  pgrad:  0.9989269 
iter:  20  f-value:  17746.26  pgrad:  0.9968076 
iter:  30  f-value:  17745.91  pgrad:  0.9949616 
iter:  40  f-value:  17745.53  pgrad:  0.9916022 
iter:  50  f-value:  17744.82  pgrad:  0.9796749 
  Unsuccessful convergence.
Time difference of 2.386587 hours
[1] "maxIt: 20"
[1] "It: 2"
 [1] "sigma:"              "0.964857182901354"   "0.964857182901354"  
 [4] "0.95241885641044"    "0.95241885641044"    "0.956963193982995"  
 [7] "0.956963193982995"   "0.962971826267273"   "0.962971826267273"  
[10] "0.970854540974928"   "0.970854540974928"   "0.979961314249344"  
[13] "0.979961314249344"   "0.984822087918244"   "0.984822087918244"  
[16] "0.982896900443632"   "0.982896900443632"   "0.966544064437367"  
[19] "0.966544064437367"   "0.950855083358914"   "0.950855083358914"  
[22] "0.955851801955857"   "0.955851801955857"   "0.965318043375463"  
[25] "0.965318043375463"   "0.963967825718898"   "0.963967825718898"  
[28] "0.947046098571224"   "0.947046098571224"   "0"                  
[31] "0"                   "0.0657164998726269"  "0.0657164998726269" 
[34] "0.0802242742261795"  "0.0802242742261795"  "0.04963865372036"   
[37] "0.04963865372036"    "0.0202143004516658"  "0.0202143004516658" 
[40] "0.00314907509391909" "0.00314907509391909" "beta :"             
[43] "1"                  
 [1] "sigma:"               "0.964857182901354"    "0.964857182901354"   
 [4] "0.95241885641044"     "0.95241885641044"     "0.956963193982995"   
 [7] "0.956963193982995"    "0.962971826267273"    "0.962971826267273"   
[10] "0.970854540974928"    "0.970854540974928"    "0.979961314249344"   
[13] "0.979961314249344"    "0.984822087918244"    "0.984822087918244"   
[16] "0.982896900443632"    "0.982896900443632"    "0.966544064437367"   
[19] "0.966544064437367"    "0.950855083358914"    "0.950855083358914"   
[22] "0.955851801955857"    "0.955851801955857"    "0.965318043375463"   
[25] "0.965318043375463"    "0.963967825718898"    "0.963967825718898"   
[28] "0.947046098571224"    "0.947046098571224"    "0"                   
[31] "0"                    "0.0162164998726269"   "0.0162164998726269"  
[34] "0.0307242742261795"   "0.0307242742261795"   "0.000138653720360009"
[37] "0.000138653720360009" "0.0202143004516658"   "0.0202143004516658"  
[40] "0.00314907509391909"  "0.00314907509391909"  "beta :"              
[43] "1"                   
[1] " old Likelihood:  -7888500.87318113"
[1] "New Likelihood:  -7882747.22632923"
iter:  0  f-value:  18212.35  pgrad:  0.5063493 
iter:  10  f-value:  18207.07  pgrad:  0.9984953 
iter:  20  f-value:  18206.9  pgrad:  0.9964973 
iter:  30  f-value:  18206.85  pgrad:  0.9948388 
iter:  40  f-value:  18206.8  pgrad:  0.9919078 
iter:  50  f-value:  18206.77  pgrad:  0.9902308 
  Unsuccessful convergence.
Time difference of 18.74467 mins
[1] "maxIt: 20"
[1] "It: 3"
 [1] "sigma:"              "0.972126078352099"   "0.972126078352099"  
 [4] "0.956000950894403"   "0.956000950894403"   "0.961884230276139"  
 [7] "0.961884230276139"   "0.969727139369191"   "0.969727139369191"  
[10] "0.980179322114763"   "0.980179322114763"   "0.99"               
[13] "0.99"                "0.99"                "0.99"               
[16] "0.99"                "0.99"                "0.98534888490155"   
[19] "0.98534888490155"    "0.968002565717894"   "0.968002565717894"  
[22] "0.970275991168319"   "0.970275991168319"   "0.976809712215178"  
[25] "0.976809712215178"   "0.974952198706684"   "0.974952198706684"  
[28] "0.947725734755634"   "0.947725734755634"   "0"                  
[31] "0"                   "0.0259490184432959"  "0.0259490184432959" 
[34] "0.0440165535547152"  "0.0440165535547152"  "0.00970963598588444"
[37] "0.00970963598588444" "0.0247857198822146"  "0.0247857198822146" 
[40] "0.00392359131432783" "0.00392359131432783" "beta :"             
[43] "1"                  
 [1] "sigma:"              "0.972126078352099"   "0.972126078352099"  
 [4] "0.956000950894403"   "0.956000950894403"   "0.961884230276139"  
 [7] "0.961884230276139"   "0.969727139369191"   "0.969727139369191"  
[10] "0.980179322114763"   "0.980179322114763"   "0.99"               
[13] "0.99"                "0.99"                "0.99"               
[16] "0.99"                "0.99"                "0.98534888490155"   
[19] "0.98534888490155"    "0.968002565717894"   "0.968002565717894"  
[22] "0.970275991168319"   "0.970275991168319"   "0.976809712215178"  
[25] "0.976809712215178"   "0.974952198706684"   "0.974952198706684"  
[28] "0.947725734755634"   "0.947725734755634"   "0.099"              
[31] "0.099"               "0.0259490184432959"  "0.0259490184432959" 
[34] "0.0440165535547152"  "0.0440165535547152"  "0.00970963598588444"
[37] "0.00970963598588444" "0.0247857198822146"  "0.0247857198822146" 
[40] "0.00392359131432783" "0.00392359131432783" "beta :"             
[43] "1"                  
[1] " old Likelihood:  -7882747.22632923"
[1] "New Likelihood:  -7881092.58709649"
iter:  0  f-value:  18069.14  pgrad:  0.5024773 
iter:  10  f-value:  18067.24  pgrad:  0.9912341 
iter:  20  f-value:  18067.17  pgrad:  0.9878319 
iter:  30  f-value:  18067.16  pgrad:  0.98686 
iter:  40  f-value:  18067.13  pgrad:  0.9658971 
iter:  50  f-value:  18067.1  pgrad:  0.9814511 
  Unsuccessful convergence.
Time difference of 18.27981 mins
[1] "maxIt: 20"
[1] "It: 4"
 [1] "sigma:"              "0.980260952499888"   "0.980260952499888"  
 [4] "0.959813689766817"   "0.959813689766817"   "0.96692977950285"   
 [7] "0.96692977950285"    "0.976338866263808"   "0.976338866263808"  
[10] "0.988950131482094"   "0.988950131482094"   "0.99"               
[13] "0.99"                "0.99"                "0.99"               
[16] "0.99"                "0.99"                "0.99"               
[19] "0.99"                "0.977020281963805"   "0.977020281963805"  
[22] "0.977756858011311"   "0.977756858011311"   "0.983921551380583"  
[25] "0.983921551380583"   "0.981425057682592"   "0.981425057682592"  
[28] "0.947159695370153"   "0.947159695370153"   "0.0998310767945925" 
[31] "0.0998310767945925"  "0.0357567926592166"  "0.0357567926592166" 
[34] "0.0570948435213899"  "0.0570948435213899"  "0.0201464539905067" 
[37] "0.0201464539905067"  "0.0308250841739883"  "0.0308250841739883" 
[40] "0.00507062565701103" "0.00507062565701103" "beta :"             
[43] "1"                  
 [1] "sigma:"              "0.980260952499888"   "0.980260952499888"  
 [4] "0.959813689766817"   "0.959813689766817"   "0.96692977950285"   
 [7] "0.96692977950285"    "0.976338866263808"   "0.976338866263808"  
[10] "0.988950131482094"   "0.988950131482094"   "0.99"               
[13] "0.99"                "0.99"                "0.99"               
[16] "0.99"                "0.99"                "0.99"               
[19] "0.99"                "0.977020281963805"   "0.977020281963805"  
[22] "0.977756858011311"   "0.977756858011311"   "0.983921551380583"  
[25] "0.983921551380583"   "0.981425057682592"   "0.981425057682592"  
[28] "0.947159695370153"   "0.947159695370153"   "0.198831076794592"  
[31] "0.198831076794592"   "0.0357567926592166"  "0.0357567926592166" 
[34] "0.0075948435213899"  "0.0075948435213899"  "0.0201464539905067" 
[37] "0.0201464539905067"  "0.0308250841739883"  "0.0308250841739883" 
[40] "0.00507062565701103" "0.00507062565701103" "beta :"             
[43] "1"                  
[1] " old Likelihood:  -7881092.58709649"
[1] "New Likelihood:  -7880462.10939807"
iter:  0  f-value:  17999.82  pgrad:  0.4988824 
iter:  10  f-value:  17999.2  pgrad:  0.99478 
iter:  20  f-value:  17999.19  pgrad:  0.9911708 
iter:  30  f-value:  17999.16  pgrad:  0.9882215 
iter:  40  f-value:  17999.15  pgrad:  0.6678238 
iter:  50  f-value:  17999.14  pgrad:  0.7200288 
  Unsuccessful convergence.
Time difference of 18.72304 mins
[1] "maxIt: 20"
[1] "It: 5"
 [1] "sigma:"              "0.987486196168268"   "0.987486196168268"  
 [4] "0.962851168683642"   "0.962851168683642"   "0.970614493045698"  
 [7] "0.970614493045698"   "0.98059287538941"    "0.98059287538941"   
[10] "0.99"                "0.99"                "0.99"               
[13] "0.99"                "0.989999102434377"   "0.989999102434377"  
[16] "0.989759677736067"   "0.989759677736067"   "0.989534760326709"  
[19] "0.989534760326709"   "0.980927557974283"   "0.980927557974283"  
[22] "0.981000503366159"   "0.981000503366159"   "0.988456298687715"  
[25] "0.988456298687715"   "0.98514784920747"    "0.98514784920747"   
[28] "0.94655134301139"    "0.94655134301139"    "0.200154462644324"  
[31] "0.200154462644324"   "0.0449496371657516"  "0.0449496371657516" 
[34] "0.0168223517973262"  "0.0168223517973262"  "0.0290843865638609" 
[37] "0.0290843865638609"  "0.0376519344547835"  "0.0376519344547835" 
[40] "0.00649534064695251" "0.00649534064695251" "beta :"             
[43] "1"                  
 [1] "sigma:"              "0.987486196168268"   "0.987486196168268"  
 [4] "0.962851168683642"   "0.962851168683642"   "0.970614493045698"  
 [7] "0.970614493045698"   "0.98059287538941"    "0.98059287538941"   
[10] "0.99"                "0.99"                "0.99"               
[13] "0.99"                "0.989999102434377"   "0.989999102434377"  
[16] "0.989759677736067"   "0.989759677736067"   "0.989534760326709"  
[19] "0.989534760326709"   "0.980927557974283"   "0.980927557974283"  
[22] "0.981000503366159"   "0.981000503366159"   "0.988456298687715"  
[25] "0.988456298687715"   "0.98514784920747"    "0.98514784920747"   
[28] "0.94655134301139"    "0.94655134301139"    "0.249654462644324"  
[31] "0.249654462644324"   "0.0944496371657516"  "0.0944496371657516" 
[34] "0.0168223517973262"  "0.0168223517973262"  "0.0290843865638609" 
[37] "0.0290843865638609"  "0.0376519344547835"  "0.0376519344547835" 
[40] "0.00649534064695251" "0.00649534064695251" "beta :"             
[43] "1"                  
[1] " old Likelihood:  -7880462.10939807"
[1] "New Likelihood:  -7880249.51780871"
iter:  0  f-value:  17732.11  pgrad:  0.495828 
iter:  10  f-value:  17731.86  pgrad:  0.9827156 
iter:  20  f-value:  17731.85  pgrad:  0.9820685 
iter:  30  f-value:  17731.85  pgrad:  0.9815172 
iter:  40  f-value:  17731.83  pgrad:  0.8013376 
iter:  50  f-value:  17731.83  pgrad:  0.6724804 
  Unsuccessful convergence.
Time difference of 18.22375 mins
[1] "maxIt: 20"
[1] "It: 6"
 [1] "sigma:"              "0.99"                "0.99"               
 [4] "0.964453321980914"   "0.964453321980914"   "0.972377116660684"  
 [7] "0.972377116660684"   "0.982324538913733"   "0.982324538913733"  
[10] "0.99"                "0.99"                "0.99"               
[13] "0.99"                "0.989731505236606"   "0.989731505236606"  
[16] "0.988997833266457"   "0.988997833266457"   "0.988827037578197"  
[19] "0.988827037578197"   "0.982302133079782"   "0.982302133079782"  
[22] "0.983603689003888"   "0.983603689003888"   "0.99"               
[25] "0.99"                "0.987499001679271"   "0.987499001679271"  
[28] "0.946533546377689"   "0.946533546377689"   "0.249608842872252"  
[31] "0.249608842872252"   "0.100985643865108"   "0.100985643865108"  
[34] "0.0224951757392797"  "0.0224951757392797"  "0.0344060530685129" 
[37] "0.0344060530685129"  "0.0421144974872924"  "0.0421144974872924" 
[40] "0.00745188794469058" "0.00745188794469058" "beta :"             
[43] "1"                  
 [1] "sigma:"              "0.99"                "0.99"               
 [4] "0.964453321980914"   "0.964453321980914"   "0.972377116660684"  
 [7] "0.972377116660684"   "0.982324538913733"   "0.982324538913733"  
[10] "0.99"                "0.99"                "0.99"               
[13] "0.99"                "0.989731505236606"   "0.989731505236606"  
[16] "0.988997833266457"   "0.988997833266457"   "0.988827037578197"  
[19] "0.988827037578197"   "0.982302133079782"   "0.982302133079782"  
[22] "0.983603689003888"   "0.983603689003888"   "0.99"               
[25] "0.99"                "0.987499001679271"   "0.987499001679271"  
[28] "0.946533546377689"   "0.946533546377689"   "0.249608842872252"  
[31] "0.249608842872252"   "0.150485643865108"   "0.150485643865108"  
[34] "0.0224951757392797"  "0.0224951757392797"  "0.0344060530685129" 
[37] "0.0344060530685129"  "0.0421144974872924"  "0.0421144974872924" 
[40] "0.00745188794469058" "0.00745188794469058" "beta :"             
[43] "1"                  
[1] " old Likelihood:  -7880249.51780871"
[1] "New Likelihood:  -7880154.71603009"
iter:  0  f-value:  17598.14  pgrad:  0.5469701 
iter:  10  f-value:  17598.02  pgrad:  0.866894 
iter:  20  f-value:  17598.02  pgrad:  0.7838025 
iter:  30  f-value:  17598.01  pgrad:  0.6424671 
iter:  40  f-value:  17598.01  pgrad:  0.6150731 
iter:  50  f-value:  17598  pgrad:  0.44427 
  Unsuccessful convergence.
Time difference of 18.15411 mins
[1] "maxIt: 20"
[1] "It: 7"
 [1] "sigma:"              "0.99"                "0.99"               
 [4] "0.967288185291267"   "0.967288185291267"   "0.975350686748839"  
 [7] "0.975350686748839"   "0.985014551915478"   "0.985014551915478"  
[10] "0.99"                "0.99"                "0.99"               
[13] "0.99"                "0.989182708792268"   "0.989182708792268"  
[16] "0.988189272638605"   "0.988189272638605"   "0.987850587250949"  
[19] "0.987850587250949"   "0.982106361719781"   "0.982106361719781"  
[22] "0.985884146837945"   "0.985884146837945"   "0.99"               
[25] "0.99"                "0.989358974235937"   "0.989358974235937"  
[28] "0.946562188553145"   "0.946562188553145"   "0.249194305995424"  
[31] "0.249194305995424"   "0.158834904543655"   "0.158834904543655"  
[34] "0.0299758310627646"  "0.0299758310627646"  "0.0418115125369967" 
[37] "0.0418115125369967"  "0.0496018130707457"  "0.0496018130707457" 
[40] "0.00924205708362963" "0.00924205708362963" "beta :"             
[43] "1"                  
 [1] "sigma:"               "0.99"                 "0.99"                
 [4] "0.967288185291267"    "0.967288185291267"    "0.975350686748839"   
 [7] "0.975350686748839"    "0.985014551915478"    "0.985014551915478"   
[10] "0.99"                 "0.99"                 "0.99"                
[13] "0.99"                 "0.989182708792268"    "0.989182708792268"   
[16] "0.988189272638605"    "0.988189272638605"    "0.987850587250949"   
[19] "0.987850587250949"    "0.982106361719781"    "0.982106361719781"   
[22] "0.985884146837945"    "0.985884146837945"    "0.99"                
[25] "0.99"                 "0.989358974235937"    "0.989358974235937"   
[28] "0.946562188553145"    "0.946562188553145"    "0.298694305995424"   
[31] "0.298694305995424"    "0.208334904543655"    "0.208334904543655"   
[34] "0.0299758310627646"   "0.0299758310627646"   "0.0418115125369967"  
[37] "0.0418115125369967"   "0.000101813070745728" "0.000101813070745728"
[40] "0.00924205708362963"  "0.00924205708362963"  "beta :"              
[43] "1"                   
[1] " old Likelihood:  -7880154.71603009"
[1] "New Likelihood:  -7880086.7610228"
iter:  0  f-value:  17350.87  pgrad:  0.5523303 
iter:  10  f-value:  17350.8  pgrad:  0.7896365 
iter:  20  f-value:  17350.8  pgrad:  0.7886028 
iter:  30  f-value:  17350.8  pgrad:  0.7669951 
iter:  40  f-value:  17350.79  pgrad:  0.5190136 
iter:  50  f-value:  17350.79  pgrad:  0.4169488 
  Unsuccessful convergence.
Time difference of 18.68373 mins
[1] "maxIt: 20"
[1] "It: 8"
 [1] "sigma:"              "0.99"                "0.99"               
 [4] "0.968890757366252"   "0.968890757366252"   "0.976953672415379"  
 [7] "0.976953672415379"   "0.986341950165365"   "0.986341950165365"  
[10] "0.99"                "0.99"                "0.99"               
[13] "0.99"                "0.988868740660185"   "0.988868740660185"  
[16] "0.987933486275947"   "0.987933486275947"   "0.987291256007769"  
[19] "0.987291256007769"   "0.981427294416077"   "0.981427294416077"  
[22] "0.987661634110163"   "0.987661634110163"   "0.99"               
[25] "0.99"                "0.99"                "0.99"               
[28] "0.947016979024282"   "0.947016979024282"   "0.296620050797048"  
[31] "0.296620050797048"   "0.213715190599756"   "0.213715190599756"  
[34] "0.0343231602102927"  "0.0343231602102927"  "0.0449087231985289" 
[37] "0.0449087231985289"  "0.00363442223941285" "0.00363442223941285"
[40] "0.0102075002124773"  "0.0102075002124773"  "beta :"             
[43] "1"                  
 [1] "sigma:"              "0.99"                "0.99"               
 [4] "0.968890757366252"   "0.968890757366252"   "0.976953672415379"  
 [7] "0.976953672415379"   "0.986341950165365"   "0.986341950165365"  
[10] "0.99"                "0.99"                "0.99"               
[13] "0.99"                "0.988868740660185"   "0.988868740660185"  
[16] "0.987933486275947"   "0.987933486275947"   "0.987291256007769"  
[19] "0.987291256007769"   "0.981427294416077"   "0.981427294416077"  
[22] "0.987661634110163"   "0.987661634110163"   "0.99"               
[25] "0.99"                "0.99"                "0.99"               
[28] "0.947016979024282"   "0.947016979024282"   "0.296620050797048"  
[31] "0.296620050797048"   "0.213715190599756"   "0.213715190599756"  
[34] "0.0343231602102927"  "0.0343231602102927"  "0.0449087231985289" 
[37] "0.0449087231985289"  "0.00363442223941285" "0.00363442223941285"
[40] "0.0102075002124773"  "0.0102075002124773"  "beta :"             
[43] "1"                  
[1] " old Likelihood:  -7880086.7610228"
[1] "New Likelihood:  -7880056.22044154"
iter:  0  f-value:  17362.51  pgrad:  0.5067341 
iter:  10  f-value:  17362.47  pgrad:  0.5598122 
iter:  20  f-value:  17362.47  pgrad:  0.5018956 
iter:  30  f-value:  17362.47  pgrad:  0.4476897 
iter:  40  f-value:  17362.47  pgrad:  0.3504465 
iter:  50  f-value:  17362.47  pgrad:  0.3303649 
  Unsuccessful convergence.
Time difference of 18.18429 mins
[1] "maxIt: 20"
[1] "It: 9"
 [1] "sigma:"              "0.99"                "0.99"               
 [4] "0.970170129928455"   "0.970170129928455"   "0.978177848077055"  
 [7] "0.978177848077055"   "0.987258848716491"   "0.987258848716491"  
[10] "0.99"                "0.99"                "0.99"               
[13] "0.99"                "0.988499294556413"   "0.988499294556413"  
[16] "0.987768729828408"   "0.987768729828408"   "0.986931734430111"  
[19] "0.986931734430111"   "0.980519809309321"   "0.980519809309321"  
[22] "0.989195507593704"   "0.989195507593704"   "0.99"               
[25] "0.99"                "0.99"                "0.99"               
[28] "0.947580850442099"   "0.947580850442099"   "0.295554355792987"  
[31] "0.295554355792987"   "0.217396950288625"   "0.217396950288625"  
[34] "0.0368292666191626"  "0.0368292666191626"  "0.0463755542679146" 
[37] "0.0463755542679146"  "0.00626495239697872" "0.00626495239697872"
[40] "0.0109829478160332"  "0.0109829478160332"  "beta :"             
[43] "1"                  
 [1] "sigma:"              "0.99"                "0.99"               
 [4] "0.970170129928455"   "0.970170129928455"   "0.978177848077055"  
 [7] "0.978177848077055"   "0.987258848716491"   "0.987258848716491"  
[10] "0.99"                "0.99"                "0.99"               
[13] "0.99"                "0.988499294556413"   "0.988499294556413"  
[16] "0.987768729828408"   "0.987768729828408"   "0.986931734430111"  
[19] "0.986931734430111"   "0.980519809309321"   "0.980519809309321"  
[22] "0.989195507593704"   "0.989195507593704"   "0.99"               
[25] "0.99"                "0.99"                "0.99"               
[28] "0.947580850442099"   "0.947580850442099"   "0.295554355792987"  
[31] "0.295554355792987"   "0.266896950288625"   "0.266896950288625"  
[34] "0.0368292666191626"  "0.0368292666191626"  "0.0463755542679146" 
[37] "0.0463755542679146"  "0.00626495239697873" "0.00626495239697873"
[40] "0.0109829478160332"  "0.0109829478160332"  "beta :"             
[43] "1"                  
[1] " old Likelihood:  -7880056.22044154"
[1] "New Likelihood:  -7880036.19731333"
iter:  0  f-value:  17194.15  pgrad:  0.4858068 
iter:  10  f-value:  17194.12  pgrad:  0.7004201 
iter:  20  f-value:  17194.11  pgrad:  0.6304617 
iter:  30  f-value:  17194.11  pgrad:  0.5627953 
iter:  40  f-value:  17194.11  pgrad:  0.4574758 
iter:  50  f-value:  17194.11  pgrad:  0.3943569 
  Unsuccessful convergence.
Time difference of 18.18045 mins
[1] "maxIt: 20"
[1] "It: 10"
 [1] "sigma:"              "0.99"                "0.99"               
 [4] "0.971051807122622"   "0.971051807122622"   "0.978985205329495"  
 [7] "0.978985205329495"   "0.987805437910386"   "0.987805437910386"  
[10] "0.99"                "0.99"                "0.99"               
[13] "0.99"                "0.988201322370384"   "0.988201322370384"  
[16] "0.987694162792536"   "0.987694162792536"   "0.986741799162464"  
[19] "0.986741799162464"   "0.979866366967449"   "0.979866366967449"  
[22] "0.99"                "0.99"                "0.99"               
[25] "0.99"                "0.99"                "0.99"               
[28] "0.947994998888607"   "0.947994998888607"   "0.294642070767427"  
[31] "0.294642070767427"   "0.269530274640866"   "0.269530274640866"  
[34] "0.0390462879930119"  "0.0390462879930119"  "0.0474914455043179" 
[37] "0.0474914455043179"  "0.00803988790655986" "0.00803988790655986"
[40] "0.0115099178652938"  "0.0115099178652938"  "beta :"             
[43] "1"                  
 [1] "sigma:"              "0.99"                "0.99"               
 [4] "0.971051807122622"   "0.971051807122622"   "0.978985205329495"  
 [7] "0.978985205329495"   "0.987805437910386"   "0.987805437910386"  
[10] "0.99"                "0.99"                "0.99"               
[13] "0.99"                "0.988201322370384"   "0.988201322370384"  
[16] "0.987694162792536"   "0.987694162792536"   "0.986741799162464"  
[19] "0.986741799162464"   "0.979866366967449"   "0.979866366967449"  
[22] "0.99"                "0.99"                "0.99"               
[25] "0.99"                "0.99"                "0.99"               
[28] "0.947994998888607"   "0.947994998888607"   "0.294642070767427"  
[31] "0.294642070767427"   "0.269530274640866"   "0.269530274640866"  
[34] "0.0885462879930119"  "0.0885462879930119"  "0.0474914455043179" 
[37] "0.0474914455043179"  "0.00803988790655986" "0.00803988790655986"
[40] "0.0115099178652938"  "0.0115099178652938"  "beta :"             
[43] "1"                  
[1] " old Likelihood:  -7880036.19731333"
[1] "New Likelihood:  -7880018.14300173"
iter:  0  f-value:  17069.33  pgrad:  0.5347147 
iter:  10  f-value:  17069.3  pgrad:  0.6971459 
iter:  20  f-value:  17069.3  pgrad:  0.5963375 
iter:  30  f-value:  17069.3  pgrad:  0.3706009 
iter:  40  f-value:  17069.3  pgrad:  0.3494279 
iter:  50  f-value:  17069.3  pgrad:  0.2759043 
  Unsuccessful convergence.
Time difference of 18.69277 mins
[1] "maxIt: 20"
[1] "It: 11"
 [1] "sigma:"             "0.99"               "0.99"              
 [4] "0.972342133337054"  "0.972342133337054"  "0.980120397231373" 
 [7] "0.980120397231373"  "0.988486275168937"  "0.988486275168937" 
[10] "0.99"               "0.99"               "0.99"              
[13] "0.99"               "0.987689324930555"  "0.987689324930555" 
[16] "0.987684864810647"  "0.987684864810647"  "0.986611214745829" 
[19] "0.986611214745829"  "0.979962716591854"  "0.979962716591854" 
[22] "0.99"               "0.99"               "0.99"              
[25] "0.99"               "0.99"               "0.99"              
[28] "0.948199482046367"  "0.948199482046367"  "0.293931471634046" 
[31] "0.293931471634046"  "0.273245131822089"  "0.273245131822089" 
[34] "0.091874408497993"  "0.091874408497993"  "0.049277590065156" 
[37] "0.049277590065156"  "0.0106914802321507" "0.0106914802321507"
[40] "0.0123226532581426" "0.0123226532581426" "beta :"            
[43] "1"                 
 [1] "sigma:"             "0.99"               "0.99"              
 [4] "0.972342133337054"  "0.972342133337054"  "0.980120397231373" 
 [7] "0.980120397231373"  "0.988486275168937"  "0.988486275168937" 
[10] "0.99"               "0.99"               "0.99"              
[13] "0.99"               "0.987689324930555"  "0.987689324930555" 
[16] "0.987684864810647"  "0.987684864810647"  "0.986611214745829" 
[19] "0.986611214745829"  "0.979962716591854"  "0.979962716591854" 
[22] "0.99"               "0.99"               "0.99"              
[25] "0.99"               "0.99"               "0.99"              
[28] "0.948199482046367"  "0.948199482046367"  "0.293931471634046" 
[31] "0.293931471634046"  "0.273245131822089"  "0.273245131822089" 
[34] "0.091874408497993"  "0.091874408497993"  "0.049277590065156" 
[37] "0.049277590065156"  "0.0106914802321507" "0.0106914802321507"
[40] "0.0123226532581426" "0.0123226532581426" "beta :"            
[43] "1"                 
[1] " old Likelihood:  -7880018.14300173"
[1] "New Likelihood:  -7880001.32069355"
iter:  0  f-value:  17077.77  pgrad:  0.5345097 
iter:  10  f-value:  17077.75  pgrad:  0.4566391 
iter:  20  f-value:  17077.75  pgrad:  0.3847163 
iter:  30  f-value:  17077.75  pgrad:  0.5157919 
iter:  40  f-value:  17077.75  pgrad:  0.2423621 
iter:  50  f-value:  17077.75  pgrad:  0.2315937 
  Unsuccessful convergence.
Time difference of 18.67897 mins
[1] "maxIt: 20"
[1] "It: 12"
 [1] "sigma:"             "0.99"               "0.99"              
 [4] "0.973452117533896"  "0.973452117533896"  "0.981046723429523" 
 [7] "0.981046723429523"  "0.988949773303434"  "0.988949773303434" 
[10] "0.989996444421028"  "0.989996444421028"  "0.99"              
[13] "0.99"               "0.987195394547345"  "0.987195394547345" 
[16] "0.987705094775809"  "0.987705094775809"  "0.986523943041391" 
[19] "0.986523943041391"  "0.980043601733051"  "0.980043601733051" 
[22] "0.99"               "0.99"               "0.99"              
[25] "0.99"               "0.99"               "0.99"              
[28] "0.948204901294738"  "0.948204901294738"  "0.29406425590459"  
[31] "0.29406425590459"   "0.275847360216385"  "0.275847360216385" 
[34] "0.0937137475723795" "0.0937137475723795" "0.0499382105082146"
[37] "0.0499382105082146" "0.0127380968177692" "0.0127380968177692"
[40] "0.01301275181023"   "0.01301275181023"   "beta :"            
[43] "1"                 
 [1] "sigma:"             "0.99"               "0.99"              
 [4] "0.973452117533896"  "0.973452117533896"  "0.981046723429523" 
 [7] "0.981046723429523"  "0.988949773303434"  "0.988949773303434" 
[10] "0.989996444421028"  "0.989996444421028"  "0.99"              
[13] "0.99"               "0.987195394547345"  "0.987195394547345" 
[16] "0.987705094775809"  "0.987705094775809"  "0.986523943041391" 
[19] "0.986523943041391"  "0.980043601733051"  "0.980043601733051" 
[22] "0.99"               "0.99"               "0.99"              
[25] "0.99"               "0.99"               "0.99"              
[28] "0.948204901294738"  "0.948204901294738"  "0.29406425590459"  
[31] "0.29406425590459"   "0.275847360216385"  "0.275847360216385" 
[34] "0.0937137475723794" "0.0937137475723794" "0.0499382105082146"
[37] "0.0499382105082146" "0.0127380968177692" "0.0127380968177692"
[40] "0.01301275181023"   "0.01301275181023"   "beta :"            
[43] "1"                 
[1] " old Likelihood:  -7880001.32069355"
[1] "New Likelihood:  -7879989.9005819"
iter:  0  f-value:  17076.9  pgrad:  0.5341404 
iter:  10  f-value:  17076.89  pgrad:  0.3454625 
iter:  20  f-value:  17076.89  pgrad:  0.3223249 
iter:  30  f-value:  17076.89  pgrad:  0.2181696 
iter:  40  f-value:  17076.89  pgrad:  0.2520392 
iter:  50  f-value:  17076.89  pgrad:  0.2082015 
  Unsuccessful convergence.
Time difference of 19.21409 mins
[1] "maxIt: 20"
[1] "It: 13"
 [1] "sigma:"             "0.99"               "0.99"              
 [4] "0.974219648833223"  "0.974219648833223"  "0.981656747659345" 
 [7] "0.981656747659345"  "0.989198168858239"  "0.989198168858239" 
[10] "0.989978627476299"  "0.989978627476299"  "0.99"              
[13] "0.99"               "0.986820185239916"  "0.986820185239916" 
[16] "0.987752985231105"  "0.987752985231105"  "0.986465199695783" 
[19] "0.986465199695783"  "0.980103716316454"  "0.980103716316454" 
[22] "0.99"               "0.99"               "0.99"              
[25] "0.99"               "0.99"               "0.99"              
[28] "0.948130577357572"  "0.948130577357572"  "0.294536344880584" 
[31] "0.294536344880584"  "0.277616382591902"  "0.277616382591902" 
[34] "0.0947225816588003" "0.0947225816588003" "0.0499863166158345"
[37] "0.0499863166158345" "0.0140250221637846" "0.0140250221637846"
[40] "0.0134741779026648" "0.0134741779026648" "beta :"            
[43] "1"                 
 [1] "sigma:"               "0.99"                 "0.99"                
 [4] "0.974219648833223"    "0.974219648833223"    "0.981656747659345"   
 [7] "0.981656747659345"    "0.989198168858239"    "0.989198168858239"   
[10] "0.989978627476299"    "0.989978627476299"    "0.99"                
[13] "0.99"                 "0.986820185239916"    "0.986820185239916"   
[16] "0.987752985231105"    "0.987752985231105"    "0.986465199695783"   
[19] "0.986465199695783"    "0.980103716316454"    "0.980103716316454"   
[22] "0.99"                 "0.99"                 "0.99"                
[25] "0.99"                 "0.99"                 "0.99"                
[28] "0.948130577357572"    "0.948130577357572"    "0.294536344880584"   
[31] "0.294536344880584"    "0.277616382591902"    "0.277616382591902"   
[34] "0.1442225816588"      "0.1442225816588"      "0.000486316615834457"
[37] "0.000486316615834457" "0.0140250221637846"   "0.0140250221637846"  
[40] "0.0134741779026648"   "0.0134741779026648"   "beta :"              
[43] "1"                   
[1] " old Likelihood:  -7879989.9005819"
[1] "New Likelihood:  -7879978.72442135"
iter:  0  f-value:  17028.81  pgrad:  0.5197074 
iter:  10  f-value:  17028.8  pgrad:  0.3820969 
iter:  20  f-value:  17028.8  pgrad:  0.3503737 
iter:  30  f-value:  17028.8  pgrad:  0.1601438 
iter:  40  f-value:  17028.8  pgrad:  0.159198 
iter:  50  f-value:  17028.8  pgrad:  0.1542139 
  Unsuccessful convergence.
Time difference of 19.1919 mins
[1] "maxIt: 20"
[1] "It: 14"
 [1] "sigma:"               "0.99"                 "0.99"                
 [4] "0.975172205770101"    "0.975172205770101"    "0.982386294298337"   
 [7] "0.982386294298337"    "0.98943931053713"     "0.98943931053713"    
[10] "0.989877492192183"    "0.989877492192183"    "0.99"                
[13] "0.99"                 "0.986390108210259"    "0.986390108210259"   
[16] "0.987870031105337"    "0.987870031105337"    "0.98638180883368"    
[19] "0.98638180883368"     "0.980158734664514"    "0.980158734664514"   
[22] "0.99"                 "0.99"                 "0.99"                
[25] "0.99"                 "0.99"                 "0.99"                
[28] "0.947975331543671"    "0.947975331543671"    "0.295144864972042"   
[31] "0.295144864972042"    "0.279717705926128"    "0.279717705926128"   
[34] "0.14547233237932"     "0.14547233237932"     "0.000251564562235472"
[37] "0.000251564562235472" "0.0153024423915817"   "0.0153024423915817"  
[40] "0.0140108448510011"   "0.0140108448510011"   "beta :"              
[43] "1"                   
 [1] "sigma:"              "0.99"                "0.99"               
 [4] "0.975172205770101"   "0.975172205770101"   "0.982386294298337"  
 [7] "0.982386294298337"   "0.98943931053713"    "0.98943931053713"   
[10] "0.989877492192183"   "0.989877492192183"   "0.99"               
[13] "0.99"                "0.986390108210259"   "0.986390108210259"  
[16] "0.987870031105337"   "0.987870031105337"   "0.98638180883368"   
[19] "0.98638180883368"    "0.980158734664514"   "0.980158734664514"  
[22] "0.99"                "0.99"                "0.99"               
[25] "0.99"                "0.99"                "0.99"               
[28] "0.947975331543671"   "0.947975331543671"   "0.295144864972042"  
[31] "0.295144864972042"   "0.279717705926128"   "0.279717705926128"  
[34] "0.14547233237932"    "0.14547233237932"    "0.00025156456223547"
[37] "0.00025156456223547" "0.0153024423915817"  "0.0153024423915817" 
[40] "0.0140108448510011"  "0.0140108448510011"  "beta :"             
[43] "1"                  
[1] " old Likelihood:  -7879978.72442135"
[1] "New Likelihood:  -7879971.09534253"
iter:  0  f-value:  17024.75  pgrad:  0.5336936 
iter:  10  f-value:  17024.74  pgrad:  0.3077366 
iter:  20  f-value:  17024.74  pgrad:  0.2760862 
iter:  30  f-value:  17024.74  pgrad:  0.136788 
iter:  40  f-value:  17024.74  pgrad:  0.1353328 
iter:  50  f-value:  17024.74  pgrad:  0.131804 
  Unsuccessful convergence.
Time difference of 18.71204 mins
[1] "maxIt: 20"
[1] "It: 15"
 [1] "sigma:"             "0.99"               "0.99"              
 [4] "0.975936793995846"  "0.975936793995846"  "0.982951276121257" 
 [7] "0.982951276121257"  "0.98959374922194"   "0.98959374922194"  
[10] "0.989629849858086"  "0.989629849858086"  "0.99"              
[13] "0.99"               "0.985965197722994"  "0.985965197722994" 
[16] "0.9880326398239"    "0.9880326398239"    "0.98623418670506"  
[19] "0.98623418670506"   "0.9802640238815"    "0.9802640238815"   
[22] "0.99"               "0.99"               "0.99"              
[25] "0.99"               "0.99"               "0.99"              
[28] "0.947727240995779"  "0.947727240995779"  "0.296046581581166" 
[31] "0.296046581581166"  "0.281424141842266"  "0.281424141842266" 
[34] "0.146341182280811"  "0.146341182280811"  "0"                 
[37] "0"                  "0.0163263431991577" "0.0163263431991577"
[40] "0.0145436436108544" "0.0145436436108544" "beta :"            
[43] "1"                 
 [1] "sigma:"             "0.99"               "0.99"              
 [4] "0.975936793995846"  "0.975936793995846"  "0.982951276121257" 
 [7] "0.982951276121257"  "0.98959374922194"   "0.98959374922194"  
[10] "0.989629849858086"  "0.989629849858086"  "0.99"              
[13] "0.99"               "0.985965197722994"  "0.985965197722994" 
[16] "0.9880326398239"    "0.9880326398239"    "0.98623418670506"  
[19] "0.98623418670506"   "0.9802640238815"    "0.9802640238815"   
[22] "0.99"               "0.99"               "0.99"              
[25] "0.99"               "0.99"               "0.99"              
[28] "0.947727240995779"  "0.947727240995779"  "0.296046581581166" 
[31] "0.296046581581166"  "0.281424141842266"  "0.281424141842266" 
[34] "0.146341182280811"  "0.146341182280811"  "0"                 
[37] "0"                  "0.0163263431991577" "0.0163263431991577"
[40] "0.0145436436108544" "0.0145436436108544" "beta :"            
[43] "1"                 
[1] " old Likelihood:  -7879971.09534253"
[1] "New Likelihood:  -7879964.4707457"
iter:  0  f-value:  17017.65  pgrad:  0.5279435 
iter:  10  f-value:  17017.64  pgrad:  0.2747402 
iter:  20  f-value:  17017.64  pgrad:  0.2526212 
iter:  30  f-value:  17017.64  pgrad:  0.1184526 
iter:  40  f-value:  17017.64  pgrad:  0.1173976 
iter:  50  f-value:  17017.64  pgrad:  0.1150329 
  Unsuccessful convergence.
Time difference of 18.67669 mins
[1] "maxIt: 20"
[1] "It: 16"
 [1] "sigma:"             "0.99"               "0.99"              
 [4] "0.976770593246287"  "0.976770593246287"  "0.983547734711207" 
 [7] "0.983547734711207"  "0.989714737761346"  "0.989714737761346" 
[10] "0.989464755455561"  "0.989464755455561"  "0.99"              
[13] "0.99"               "0.98568199172367"   "0.98568199172367"  
[16] "0.988206125033567"  "0.988206125033567"  "0.986146672967022" 
[19] "0.986146672967022"  "0.980329120865595"  "0.980329120865595" 
[22] "0.99"               "0.99"               "0.99"              
[25] "0.99"               "0.99"               "0.99"              
[28] "0.947522448103228"  "0.947522448103228"  "0.296966129859845" 
[31] "0.296966129859845"  "0.282989755108774"  "0.282989755108774" 
[34] "0.146892014983538"  "0.146892014983538"  "0"                 
[37] "0"                  "0.0172066570791808" "0.0172066570791808"
[40] "0.0149886293093346" "0.0149886293093346" "beta :"            
[43] "1"                 
 [1] "sigma:"             "0.99"               "0.99"              
 [4] "0.976770593246287"  "0.976770593246287"  "0.983547734711207" 
 [7] "0.983547734711207"  "0.989714737761346"  "0.989714737761346" 
[10] "0.989464755455561"  "0.989464755455561"  "0.99"              
[13] "0.99"               "0.98568199172367"   "0.98568199172367"  
[16] "0.988206125033567"  "0.988206125033567"  "0.986146672967022" 
[19] "0.986146672967022"  "0.980329120865595"  "0.980329120865595" 
[22] "0.99"               "0.99"               "0.99"              
[25] "0.99"               "0.99"               "0.99"              
[28] "0.947522448103228"  "0.947522448103228"  "0.296966129859845" 
[31] "0.296966129859845"  "0.282989755108774"  "0.282989755108774" 
[34] "0.146892014983538"  "0.146892014983538"  "0.0495"            
[37] "0.0495"             "0.0172066570791808" "0.0172066570791808"
[40] "0.0149886293093346" "0.0149886293093346" "beta :"            
[43] "1"                 
[1] " old Likelihood:  -7879964.4707457"
[1] "New Likelihood:  -7879958.21160165"
iter:  0  f-value:  16908.84  pgrad:  0.4843123 
iter:  10  f-value:  16908.83  pgrad:  0.4099275 
iter:  20  f-value:  16908.83  pgrad:  0.3307287 
iter:  30  f-value:  16908.83  pgrad:  0.5267137 
iter:  40  f-value:  16908.83  pgrad:  0.1801527 
iter:  50  f-value:  16908.83  pgrad:  0.1656736 
  Unsuccessful convergence.
Time difference of 19.21338 mins
[1] "maxIt: 20"
[1] "It: 17"
 [1] "sigma:"             "0.99"               "0.99"              
 [4] "0.977455976770322"  "0.977455976770322"  "0.984021347863613" 
 [7] "0.984021347863613"  "0.989778413102926"  "0.989778413102926" 
[10] "0.989269059992407"  "0.989269059992407"  "0.99"              
[13] "0.99"               "0.985429981400045"  "0.985429981400045" 
[16] "0.988367627449951"  "0.988367627449951"  "0.986049026266425" 
[19] "0.986049026266425"  "0.980382581732323"  "0.980382581732323" 
[22] "0.99"               "0.99"               "0.99"              
[25] "0.99"               "0.99"               "0.99"              
[28] "0.947298036450574"  "0.947298036450574"  "0.297947890820977" 
[31] "0.297947890820977"  "0.284792008440395"  "0.284792008440395" 
[34] "0.148115368327032"  "0.148115368327032"  "0.0495992423137604"
[37] "0.0495992423137604" "0.0182846818227884" "0.0182846818227884"
[40] "0.0153968660699156" "0.0153968660699156" "beta :"            
[43] "1"                 
 [1] "sigma:"             "0.99"               "0.99"              
 [4] "0.977455976770322"  "0.977455976770322"  "0.984021347863613" 
 [7] "0.984021347863613"  "0.989778413102926"  "0.989778413102926" 
[10] "0.989269059992407"  "0.989269059992407"  "0.99"              
[13] "0.99"               "0.985429981400045"  "0.985429981400045" 
[16] "0.988367627449951"  "0.988367627449951"  "0.986049026266425" 
[19] "0.986049026266425"  "0.980382581732323"  "0.980382581732323" 
[22] "0.99"               "0.99"               "0.99"              
[25] "0.99"               "0.99"               "0.99"              
[28] "0.947298036450574"  "0.947298036450574"  "0.297947890820977" 
[31] "0.297947890820977"  "0.284792008440395"  "0.284792008440395" 
[34] "0.148115368327032"  "0.148115368327032"  "0.0495992423137604"
[37] "0.0495992423137604" "0.0182846818227884" "0.0182846818227884"
[40] "0.0153968660699156" "0.0153968660699156" "beta :"            
[43] "1"                 
[1] " old Likelihood:  -7879958.21160165"
[1] "New Likelihood:  -7879950.56828155"
iter:  0  f-value:  16909.18  pgrad:  0.4829117 
iter:  10  f-value:  16909.17  pgrad:  0.3245805 
iter:  20  f-value:  16909.17  pgrad:  0.4842648 
iter:  30  f-value:  16909.17  pgrad:  0.2274101 
iter:  40  f-value:  16909.17  pgrad:  0.2006709 
iter:  50  f-value:  16909.17  pgrad:  0.1312947 
  Unsuccessful convergence.
Time difference of 19.18909 mins
[1] "maxIt: 20"
[1] "It: 18"
 [1] "sigma:"             "0.99"               "0.99"              
 [4] "0.978293146102725"  "0.978293146102725"  "0.984583801626269" 
 [7] "0.984583801626269"  "0.989822489813455"  "0.989822489813455" 
[10] "0.989004363050312"  "0.989004363050312"  "0.99"              
[13] "0.99"               "0.985148388525208"  "0.985148388525208" 
[16] "0.988572362609386"  "0.988572362609386"  "0.985914125181508" 
[19] "0.985914125181508"  "0.980471644186436"  "0.980471644186436" 
[22] "0.99"               "0.99"               "0.99"              
[25] "0.99"               "0.99"               "0.99"              
[28] "0.94703536742603"   "0.94703536742603"   "0.299195131385865" 
[31] "0.299195131385865"  "0.286640009951595"  "0.286640009951595" 
[34] "0.149051900970367"  "0.149051900970367"  "0.0492021783117687"
[37] "0.0492021783117687" "0.0193799614230762" "0.0193799614230762"
[40] "0.0158730762036559" "0.0158730762036559" "beta :"            
[43] "1"                 
 [1] "sigma:"             "0.99"               "0.99"              
 [4] "0.978293146102725"  "0.978293146102725"  "0.984583801626269" 
 [7] "0.984583801626269"  "0.989822489813455"  "0.989822489813455" 
[10] "0.989004363050312"  "0.989004363050312"  "0.99"              
[13] "0.99"               "0.985148388525208"  "0.985148388525208" 
[16] "0.988572362609386"  "0.988572362609386"  "0.985914125181508" 
[19] "0.985914125181508"  "0.980471644186436"  "0.980471644186436" 
[22] "0.99"               "0.99"               "0.99"              
[25] "0.99"               "0.99"               "0.99"              
[28] "0.94703536742603"   "0.94703536742603"   "0.299195131385865" 
[31] "0.299195131385865"  "0.286640009951595"  "0.286640009951595" 
[34] "0.149051900970367"  "0.149051900970367"  "0.0492021783117687"
[37] "0.0492021783117687" "0.0193799614230762" "0.0193799614230762"
[40] "0.0158730762036559" "0.0158730762036559" "beta :"            
[43] "1"                 
[1] " old Likelihood:  -7879950.56828155"
[1] "New Likelihood:  -7879944.33796219"
iter:  0  f-value:  16903.8  pgrad:  0.5198425 
iter:  10  f-value:  16903.79  pgrad:  0.3032255 
iter:  20  f-value:  16903.79  pgrad:  0.5156931 
iter:  30  f-value:  16903.79  pgrad:  0.1679291 
iter:  40  f-value:  16903.79  pgrad:  0.1141598 
iter:  50  f-value:  16903.79  pgrad:  0.1076842 
  Unsuccessful convergence.
Time difference of 18.67571 mins
[1] "maxIt: 20"
[1] "It: 19"
 [1] "sigma:"             "0.99"               "0.99"              
 [4] "0.979260602767957"  "0.979260602767957"  "0.985203388207113" 
 [7] "0.985203388207113"  "0.98980954241472"   "0.98980954241472"  
[10] "0.98866617729736"   "0.98866617729736"   "0.99"              
[13] "0.99"               "0.984858168889839"  "0.984858168889839" 
[16] "0.98880632498957"   "0.98880632498957"   "0.985745262061202" 
[19] "0.985745262061202"  "0.980577049858642"  "0.980577049858642" 
[22] "0.99"               "0.99"               "0.99"              
[25] "0.99"               "0.99"               "0.99"              
[28] "0.946798590581825"  "0.946798590581825"  "0.300392116884562" 
[31] "0.300392116884562"  "0.288334578092196"  "0.288334578092196" 
[34] "0.149644704609375"  "0.149644704609375"  "0.0483680784170501"
[37] "0.0483680784170501" "0.020455374641472"  "0.020455374641472" 
[40] "0.0164083260229754" "0.0164083260229754" "beta :"            
[43] "1"                 
 [1] "sigma:"             "0.99"               "0.99"              
 [4] "0.979260602767957"  "0.979260602767957"  "0.985203388207113" 
 [7] "0.985203388207113"  "0.98980954241472"   "0.98980954241472"  
[10] "0.98866617729736"   "0.98866617729736"   "0.99"              
[13] "0.99"               "0.984858168889839"  "0.984858168889839" 
[16] "0.98880632498957"   "0.98880632498957"   "0.985745262061202" 
[19] "0.985745262061202"  "0.980577049858642"  "0.980577049858642" 
[22] "0.99"               "0.99"               "0.99"              
[25] "0.99"               "0.99"               "0.99"              
[28] "0.946798590581825"  "0.946798590581825"  "0.300392116884562" 
[31] "0.300392116884562"  "0.288334578092196"  "0.288334578092196" 
[34] "0.149644704609375"  "0.149644704609375"  "0.0483680784170501"
[37] "0.0483680784170501" "0.0204553746414721" "0.0204553746414721"
[40] "0.0164083260229754" "0.0164083260229754" "beta :"            
[43] "1"                 
[1] " old Likelihood:  -7879944.33796219"
[1] "New Likelihood:  -7879938.86614894"
iter:  0  f-value:  16896.62  pgrad:  0.5198481 
iter:  10  f-value:  16896.62  pgrad:  0.2796514 
iter:  20  f-value:  16896.62  pgrad:  0.2272282 
iter:  30  f-value:  16896.62  pgrad:  0.1883382 
iter:  40  f-value:  16896.62  pgrad:  0.1262015 
iter:  50  f-value:  16896.62  pgrad:  0.09564246 
  Unsuccessful convergence.
Time difference of 18.67489 mins
[1] "maxIt: 20"
[1] "It: 20"
 [1] "sigma:"             "0.99"               "0.99"              
 [4] "0.979933205804653"  "0.979933205804653"  "0.985623866936441" 
 [7] "0.985623866936441"  "0.98977675030437"   "0.98977675030437"  
[10] "0.988408009754576"  "0.988408009754576"  "0.99"              
[13] "0.99"               "0.984668888193097"  "0.984668888193097" 
[16] "0.988978069497266"  "0.988978069497266"  "0.985613563159141" 
[19] "0.985613563159141"  "0.980665854928149"  "0.980665854928149" 
[22] "0.99"               "0.99"               "0.99"              
[25] "0.99"               "0.99"               "0.99"              
[28] "0.946610974498039"  "0.946610974498039"  "0.301432512452948" 
[31] "0.301432512452948"  "0.289689003873071"  "0.289689003873071" 
[34] "0.150012451930101"  "0.150012451930101"  "0.0476226268171596"
[37] "0.0476226268171596" "0.0211055647987977" "0.0211055647987977"
[40] "0.0167593282174544" "0.0167593282174544" "beta :"            
[43] "1"                 
 [1] "sigma:"             "0.99"               "0.99"              
 [4] "0.979933205804653"  "0.979933205804653"  "0.985623866936441" 
 [7] "0.985623866936441"  "0.98977675030437"   "0.98977675030437"  
[10] "0.988408009754576"  "0.988408009754576"  "0.99"              
[13] "0.99"               "0.984668888193097"  "0.984668888193097" 
[16] "0.988978069497266"  "0.988978069497266"  "0.985613563159141" 
[19] "0.985613563159141"  "0.980665854928149"  "0.980665854928149" 
[22] "0.99"               "0.99"               "0.99"              
[25] "0.99"               "0.99"               "0.99"              
[28] "0.946610974498039"  "0.946610974498039"  "0.301432512452948" 
[31] "0.301432512452948"  "0.289689003873071"  "0.289689003873071" 
[34] "0.150012451930101"  "0.150012451930101"  "0.0476226268171596"
[37] "0.0476226268171596" "0.0211055647987977" "0.0211055647987977"
[40] "0.0167593282174544" "0.0167593282174544" "beta :"            
[43] "1"                 
[1] " old Likelihood:  -7879938.86614894"
[1] "New Likelihood:  -7879933.93914546"
iter:  0  f-value:  16889.34  pgrad:  0.5198255 
iter:  10  f-value:  16889.34  pgrad:  0.2687375 
iter:  20  f-value:  16889.34  pgrad:  0.4845348 
iter:  30  f-value:  16889.34  pgrad:  0.1418812 
iter:  40  f-value:  16889.34  pgrad:  0.1147055 
iter:  50  f-value:  16889.34  pgrad:  0.1010631 
  Unsuccessful convergence.
Time difference of 18.67508 mins
 [1] "sigma:"             "0.99"               "0.99"              
 [4] "0.980541025872746"  "0.980541025872746"  "0.985996449100552" 
 [7] "0.985996449100552"  "0.989731182193256"  "0.989731182193256" 
[10] "0.988166825156112"  "0.988166825156112"  "0.99"              
[13] "0.99"               "0.984512561764166"  "0.984512561764166" 
[16] "0.989138330155437"  "0.989138330155437"  "0.985485660771395" 
[19] "0.985485660771395"  "0.980748543404142"  "0.980748543404142" 
[22] "0.99"               "0.99"               "0.99"              
[25] "0.99"               "0.99"               "0.99"              
[28] "0.946448328460906"  "0.946448328460906"  "0.302408829044284" 
[31] "0.302408829044284"  "0.290949033868646"  "0.290949033868646" 
[34] "0.150291069824454"  "0.150291069824454"  "0.0468405440778258"
[37] "0.0468405440778258" "0.0216120399012804" "0.0216120399012804"
[40] "0.0170615932068167" "0.0170615932068167" "beta :"            
[43] "1"                 
[1] 1999580 1998972 1998116 1999154 1999998
[1] 1 1 1 1 1
saved RDS
inference successful
