[1] "Original length"
[1] 999742
[1] "Final length"
[1] 14536
[1] "sequence length : 999743" "sequence length : 999863"
[3] "sequence length : 999646" "sequence length : 999873"
[5] "sequence length : 999570"
[1] "former Rho:"
[1] 1202.4881  877.2892  816.0395 1212.5893 1322.6165
[1] "old mu :"
[1] 0.0006013986 0.0004387047 0.0004081643 0.0006063717 0.0006615927
[1] "new mu :"
[1] 0.0005432464
[1] "new Rho:"
[1] 1086.214 1086.344 1086.108 1086.355 1086.026
[1] 1 1 1 1 1
[1] "Beta: 1"
[1] "Self: 0"
[1] 1
[1] "Rho"
[1] 1086.214 1086.344 1086.108 1086.355 1086.026
[1] "It: 1"
[1] "sigma:" "0"      "beta :" "1"     
[1] "rho/theta:" "1"         
[1] "sigma:" "0"      "beta :" "1"     
[1] "rho/theta:" "1"         
Time difference of 1.617159 secs
[1] "New Likelihood:  -7593168.78381318"
[1] 4998690
[1] 4998695
iter:  0  f-value:  27036.39  pgrad:  1 
iter:  10  f-value:  27008.88  pgrad:  0.9435353 
iter:  20  f-value:  27000.92  pgrad:  0.8438211 
iter:  30  f-value:  27000.21  pgrad:  0.8157954 
  Unsuccessful convergence.
[1] 0.1844253
 [1] "Xi: 0.503820070769475" "Xi: 0.50430090515477"  "Xi: 0.508128191998084"
 [4] "Xi: 0.511969576405687" "Xi: 0.509080128822558" "Xi: 0.487188981700708"
 [7] "Xi: 0.486396618065296" "Xi: 0.482952678378291" "Xi: 0.475955238547219"
[10] "Xi: 0.476555258692609" "Xi: 0.485067189349854" "Xi: 0.4978704670661"  
[13] "Xi: 0.509167763631734" "Xi: 0.516587290444003" "Xi: 0.520206438005246"
[16] "Xi: 0.52055287457361"  "Xi: 0.518537024383823" "Xi: 0.515326696179429"
[19] "Xi: 0.512588569383975" "Xi: 0.510890702143621"
Time difference of 6.793214 mins
[1] "Rho"
[1] 1086.214 1086.344 1086.108 1086.355 1086.026
[1] "It: 2"
[1] "sigma:"            "0.182581094584101" "beta :"           
[4] "1"                
[1] "rho/theta:" "1"         
Time difference of 1.623946 secs
[1] " old Likelihood:  -7593168.78381318"
[1] "New Likelihood:  -7581520.47652424"
[1] 4998690
[1] 4998695
iter:  0  f-value:  25506.41  pgrad:  0.8155747 
iter:  10  f-value:  25491.33  pgrad:  0.7703852 
iter:  20  f-value:  25486.71  pgrad:  0.6984213 
iter:  30  f-value:  25486.64  pgrad:  0.6934777 
  Unsuccessful convergence.
[1] 0.3074648
 [1] "Xi: 0.506126348694697" "Xi: 0.506930500630923" "Xi: 0.512986097762612"
 [4] "Xi: 0.519452825023935" "Xi: 0.517484811372788" "Xi: 0.495685259625256"
 [7] "Xi: 0.491475459110274" "Xi: 0.480941179974354" "Xi: 0.4680689830698"  
[10] "Xi: 0.462992016664117" "Xi: 0.472161450149724" "Xi: 0.493411381960721"
[13] "Xi: 0.514482917532212" "Xi: 0.528773783949364" "Xi: 0.535321214643173"
[16] "Xi: 0.535499290287392" "Xi: 0.531726041748712" "Xi: 0.526108051521198"
[19] "Xi: 0.521446126751431" "Xi: 0.518618632657985"
Time difference of 3.834422 mins
[1] "Rho"
[1] 1086.214 1086.344 1086.108 1086.355 1086.026
[1] "It: 3"
[1] "sigma:"            "0.304390104115211" "beta :"           
[4] "1"                
[1] "rho/theta:" "1"         
Time difference of 1.622813 secs
[1] " old Likelihood:  -7581520.47652424"
[1] "New Likelihood:  -7575003.97179807"
[1] 4998690
[1] 4998695
iter:  0  f-value:  24011.65  pgrad:  0.6925352 
iter:  10  f-value:  24001.78  pgrad:  0.6461403 
iter:  20  f-value:  23999.7  pgrad:  0.6051749 
iter:  30  f-value:  23999.67  pgrad:  0.5292006 
  Unsuccessful convergence.
[1] 0.3990213
 [1] "Xi: 0.508676748505467" "Xi: 0.509856404491577" "Xi: 0.518285317252735"
 [4] "Xi: 0.527500855435696" "Xi: 0.525893586310446" "Xi: 0.504626936309979"
 [7] "Xi: 0.500534554393655" "Xi: 0.49062911662717"  "Xi: 0.470858176436763"
[10] "Xi: 0.457456642934586" "Xi: 0.462481701474465" "Xi: 0.488261778299607"
[13] "Xi: 0.517504300150523" "Xi: 0.537937865115677" "Xi: 0.546813864455837"
[16] "Xi: 0.546524247199659" "Xi: 0.541321683886324" "Xi: 0.533953214096522"
[19] "Xi: 0.527991840700032" "Xi: 0.524411781219875"
Time difference of 3.825902 mins
[1] "Rho"
[1] 1086.214 1086.344 1086.108 1086.355 1086.026
[1] "It: 4"
[1] "sigma:"            "0.395031054236849" "beta :"           
[4] "1"                
[1] "rho/theta:" "1"         
Time difference of 1.654764 secs
[1] " old Likelihood:  -7575003.97179807"
[1] "New Likelihood:  -7570898.11572381"
[1] 4998690
[1] 4998695
iter:  0  f-value:  22558.2  pgrad:  0.6009787 
iter:  10  f-value:  22550.55  pgrad:  0.5504908 
iter:  20  f-value:  22549.94  pgrad:  0.5554337 
iter:  30  f-value:  22549.91  pgrad:  0.5215442 
  Unsuccessful convergence.
[1] 0.4701626
 [1] "Xi: 0.510101834974981" "Xi: 0.511471352997405" "Xi: 0.521159765873683"
 [4] "Xi: 0.531711714045948" "Xi: 0.530295922760949" "Xi: 0.509552144191029"
 [7] "Xi: 0.506133362208179" "Xi: 0.499336113289453" "Xi: 0.478470821539332"
[10] "Xi: 0.457179500062106" "Xi: 0.455510864802677" "Xi: 0.482942160064033"
[13] "Xi: 0.518949657538904" "Xi: 0.544850668340679" "Xi: 0.555521789018344"
[16] "Xi: 0.55460890537214"  "Xi: 0.548264471033201" "Xi: 0.539674501708525"
[19] "Xi: 0.532851247003242" "Xi: 0.528811069187018"
Time difference of 3.829507 mins
[1] "Rho"
[1] 1086.214 1086.344 1086.108 1086.355 1086.026
[1] "It: 5"
[1] "sigma:"            "0.465460949782283" "beta :"           
[4] "1"                
[1] "rho/theta:" "1"         
Time difference of 1.637137 secs
[1] " old Likelihood:  -7570898.11572381"
[1] "New Likelihood:  -7567977.21850599"
[1] 4998690
[1] 4998695
iter:  0  f-value:  21185.63  pgrad:  0.5298374 
iter:  10  f-value:  21179.33  pgrad:  0.5514237 
iter:  20  f-value:  21179.11  pgrad:  0.5396062 
iter:  30  f-value:  21179.09  pgrad:  0.4896483 
  Unsuccessful convergence.
[1] 0.5285423
 [1] "Xi: 0.511691277450672" "Xi: 0.513287823906233" "Xi: 0.524353391398857"
 [4] "Xi: 0.536149198084446" "Xi: 0.535038313712525" "Xi: 0.515003087804446"
 [7] "Xi: 0.512439395922382" "Xi: 0.510411182316173" "Xi: 0.490356441582314"
[10] "Xi: 0.460975539547283" "Xi: 0.451350947109777" "Xi: 0.478164160317654"
[13] "Xi: 0.519660407263618" "Xi: 0.55036928438571"  "Xi: 0.562367894027034"
[16] "Xi: 0.560661507142334" "Xi: 0.553382382869147" "Xi: 0.543946607026211"
[19] "Xi: 0.536579387800256" "Xi: 0.532280408124158"
Time difference of 3.830846 mins
[1] "Rho"
[1] 1086.214 1086.344 1086.108 1086.355 1086.026
[1] "It: 6"
[1] "sigma:"            "0.523256843599952" "beta :"           
[4] "1"                
[1] "rho/theta:" "1"         
Time difference of 1.644957 secs
[1] " old Likelihood:  -7567977.21850599"
[1] "New Likelihood:  -7565626.67997007"
[1] 4998690
[1] 4998695
iter:  0  f-value:  19886.06  pgrad:  0.5439466 
iter:  10  f-value:  19880.61  pgrad:  0.5530498 
iter:  20  f-value:  19880.46  pgrad:  0.577869 
iter:  30  f-value:  19880.45  pgrad:  0.4995424 
  Unsuccessful convergence.
[1] 0.5780177
 [1] "Xi: 0.5124426364996"   "Xi: 0.514154705521761" "Xi: 0.525855165597388"
 [4] "Xi: 0.538356019312835" "Xi: 0.53748679603983"  "Xi: 0.517860245700181"
 [7] "Xi: 0.515687848684847" "Xi: 0.516823429808995" "Xi: 0.500496007573643"
[10] "Xi: 0.467280759950704" "Xi: 0.449439618916494" "Xi: 0.474022323690078"
[13] "Xi: 0.520003209466561" "Xi: 0.554984188156895" "Xi: 0.567955299588846"
[16] "Xi: 0.565273959733028" "Xi: 0.557206757616538" "Xi: 0.547191457437488"
[19] "Xi: 0.539498634244653" "Xi: 0.535073596541043"
Time difference of 3.832002 mins
[1] "Rho"
[1] 1086.214 1086.344 1086.108 1086.355 1086.026
[1] "It: 7"
[1] "sigma:"           "0.57223751570874" "beta :"           "1"               
[1] "rho/theta:" "1"         
Time difference of 1.728436 secs
[1] " old Likelihood:  -7565626.67997007"
[1] "New Likelihood:  -7563579.76759464"
[1] 4998690
[1] 4998695
iter:  0  f-value:  18651.8  pgrad:  0.565274 
iter:  10  f-value:  18646.78  pgrad:  0.5687439 
iter:  20  f-value:  18646.73  pgrad:  0.5601354 
iter:  30  f-value:  18646.72  pgrad:  0.4888368 
  Unsuccessful convergence.
[1] 0.6208244
 [1] "Xi: 0.513156180352246" "Xi: 0.514977471856337" "Xi: 0.527281830369236"
 [4] "Xi: 0.540465489245191" "Xi: 0.540010795477634" "Xi: 0.520832479749856"
 [7] "Xi: 0.518925496685355" "Xi: 0.523106398682908" "Xi: 0.511202173499109"
[10] "Xi: 0.475507834542845" "Xi: 0.449479025172185" "Xi: 0.470597618668733"
[13] "Xi: 0.520233264543778" "Xi: 0.559046241993086" "Xi: 0.572706225016838"
[16] "Xi: 0.568884979762046" "Xi: 0.560107570815076" "Xi: 0.54969442459871" 
[19] "Xi: 0.541818892185007" "Xi: 0.537367151248172"
Time difference of 3.831086 mins
[1] "Rho"
[1] 1086.214 1086.344 1086.108 1086.355 1086.026
[1] "It: 8"
[1] "sigma:"            "0.614616173500783" "beta :"           
[4] "1"                
[1] "rho/theta:" "1"         
Time difference of 1.639042 secs
[1] " old Likelihood:  -7563579.76759464"
[1] "New Likelihood:  -7561715.01894822"
[1] 4998690
[1] 4998695
iter:  0  f-value:  17483.39  pgrad:  0.568885 
iter:  10  f-value:  17478.72  pgrad:  0.5717815 
iter:  20  f-value:  17478.7  pgrad:  0.5160482 
iter:  30  f-value:  17478.68  pgrad:  0.5722469 
  Unsuccessful convergence.
[1] 0.6583673
 [1] "Xi: 0.513943491026674" "Xi: 0.515894024805035" "Xi: 0.528869345509423"
 [4] "Xi: 0.542831956521494" "Xi: 0.543057749262049" "Xi: 0.524578860771604"
 [7] "Xi: 0.522800643361846" "Xi: 0.530781100506085" "Xi: 0.52398844520181" 
[10] "Xi: 0.484933675222484" "Xi: 0.451018776609195" "Xi: 0.46777265131903" 
[13] "Xi: 0.520413277042597" "Xi: 0.562733312482147" "Xi: 0.57690668654497" 
[16] "Xi: 0.571674952211733" "Xi: 0.562365397565979" "Xi: 0.551661548671219"
[19] "Xi: 0.543595118057674" "Xi: 0.539273778345253"
Time difference of 3.836191 mins
[1] "Rho"
[1] 1086.214 1086.344 1086.108 1086.355 1086.026
[1] "It: 9"
[1] "sigma:"            "0.651783649390358" "beta :"           
[4] "1"                
[1] "rho/theta:" "1"         
Time difference of 1.653527 secs
[1] " old Likelihood:  -7561715.01894822"
[1] "New Likelihood:  -7559979.50301706"
[1] 4998690
[1] 4998695
iter:  0  f-value:  16377.69  pgrad:  0.571675 
iter:  10  f-value:  16373.35  pgrad:  0.5471736 
iter:  20  f-value:  16373.33  pgrad:  0.5066232 
iter:  30  f-value:  16373.32  pgrad:  0.6915111 
  Unsuccessful convergence.
[1] 0.6914233
 [1] "Xi: 0.514685180626432" "Xi: 0.516755094004486" "Xi: 0.530367268379416"
 [4] "Xi: 0.545060995118229" "Xi: 0.546037973313939" "Xi: 0.52816519000767" 
 [7] "Xi: 0.525652324907126" "Xi: 0.536776915033491" "Xi: 0.535044520852445"
[10] "Xi: 0.494653370047591" "Xi: 0.453622176137243" "Xi: 0.46542276046158" 
[13] "Xi: 0.520562376391948" "Xi: 0.566144499663957" "Xi: 0.580734522384836"
[16] "Xi: 0.574009716691464" "Xi: 0.564139116483265" "Xi: 0.553216751966395"
[19] "Xi: 0.545100074579162" "Xi: 0.540870245049468"
Time difference of 3.832395 mins
[1] "Rho"
[1] 1086.214 1086.344 1086.108 1086.355 1086.026
[1] "It: 10"
[1] "sigma:"            "0.684509019235704" "beta :"           
[4] "1"                
[1] "rho/theta:" "1"         
Time difference of 1.639794 secs
[1] " old Likelihood:  -7559979.50301706"
[1] "New Likelihood:  -7558367.20177529"
[1] 4998690
[1] 4998695
iter:  0  f-value:  15339.28  pgrad:  0.5740097 
iter:  10  f-value:  15335.25  pgrad:  0.5656672 
iter:  20  f-value:  15335.21  pgrad:  0.5655549 
iter:  30  f-value:  15335.21  pgrad:  0.4588625 
  Unsuccessful convergence.
[1] 0.7206648
 [1] "Xi: 0.515374689330954" "Xi: 0.517550788894062" "Xi: 0.531743629875986"
 [4] "Xi: 0.547111504076659" "Xi: 0.548881847437853" "Xi: 0.531525607480892"
 [7] "Xi: 0.527572330205211" "Xi: 0.54131745558553"  "Xi: 0.544180310144954"
[10] "Xi: 0.504395008169105" "Xi: 0.457091316629629" "Xi: 0.463491805544655"
[13] "Xi: 0.520686098581573" "Xi: 0.569324466120959" "Xi: 0.584298327323394"
[16] "Xi: 0.576087096778591" "Xi: 0.565525762876094" "Xi: 0.554407980501367"
[19] "Xi: 0.546285959653372" "Xi: 0.542203507953512"
Time difference of 3.839341 mins
[1] "Rho"
[1] 1086.214 1086.344 1086.108 1086.355 1086.026
[1] "It: 11"
[1] "sigma:"            "0.713458168605831" "beta :"           
[4] "1"                
[1] "rho/theta:" "1"         
Time difference of 1.639339 secs
[1] " old Likelihood:  -7558367.20177529"
[1] "New Likelihood:  -7556870.07811438"
[1] 4998690
[1] 4998695
iter:  0  f-value:  14366.23  pgrad:  0.5760871 
iter:  10  f-value:  14362.49  pgrad:  0.5669122 
iter:  20  f-value:  14362.47  pgrad:  0.4874891 
iter:  30  f-value:  14362.46  pgrad:  0.5554138 
  Unsuccessful convergence.
[1] 0.746606
 [1] "Xi: 0.516024069712105" "Xi: 0.518304487553729" "Xi: 0.533031515233435"
 [4] "Xi: 0.549022730520548" "Xi: 0.551573784573016" "Xi: 0.534766949492292"
 [7] "Xi: 0.528973345036214" "Xi: 0.544716723338343" "Xi: 0.551780998237623"
[10] "Xi: 0.513907309780232" "Xi: 0.461277325185416" "Xi: 0.461947971896812"
[13] "Xi: 0.520791617946758" "Xi: 0.572283924385511" "Xi: 0.587686298999965"
[16] "Xi: 0.577926454335487" "Xi: 0.566652645718758" "Xi: 0.555399292135404"
[19] "Xi: 0.547231002039221" "Xi: 0.54332710807929" 
Time difference of 3.836536 mins
[1] "Rho"
[1] 1086.214 1086.344 1086.108 1086.355 1086.026
[1] "It: 12"
[1] "sigma:"            "0.739139917037898" "beta :"           
[4] "1"                
[1] "rho/theta:" "1"         
Time difference of 1.64878 secs
[1] " old Likelihood:  -7556870.07811438"
[1] "New Likelihood:  -7555489.53172552"
[1] 4998690
[1] 4998695
iter:  0  f-value:  13459.43  pgrad:  0.5779265 
iter:  10  f-value:  13456  pgrad:  0.5676069 
iter:  20  f-value:  13455.98  pgrad:  0.4784676 
iter:  30  f-value:  13455.98  pgrad:  0.4438087 
  Unsuccessful convergence.
[1] 0.769624
 [1] "Xi: 0.516566700740658" "Xi: 0.518936122399015" "Xi: 0.534118112384185"
 [4] "Xi: 0.550644712424743" "Xi: 0.553848150010344" "Xi: 0.537597591244636"
 [7] "Xi: 0.529790650860319" "Xi: 0.54608309459327"  "Xi: 0.557240356487479"
[10] "Xi: 0.522597959000552" "Xi: 0.466015167833661" "Xi: 0.460749508762622"
[13] "Xi: 0.52086994414401"  "Xi: 0.575009486297033" "Xi: 0.590925874933476"
[16] "Xi: 0.579591761741123" "Xi: 0.567574734299408" "Xi: 0.556201050679362"
[19] "Xi: 0.547958381552806" "Xi: 0.54426455651214" 
Time difference of 3.842168 mins
[1] "Rho"
[1] 1086.214 1086.344 1086.108 1086.355 1086.026
[1] "It: 13"
[1] "sigma:"            "0.761927752547235" "beta :"           
[4] "1"                
[1] "rho/theta:" "1"         
Time difference of 1.641595 secs
[1] " old Likelihood:  -7555489.53172552"
[1] "New Likelihood:  -7554226.24485038"
[1] 4998690
[1] 4998695
iter:  0  f-value:  12618.01  pgrad:  0.5795918 
iter:  10  f-value:  12614.88  pgrad:  0.5683704 
iter:  20  f-value:  12614.87  pgrad:  0.4706373 
iter:  30  f-value:  12614.87  pgrad:  0.4368983 
  Unsuccessful convergence.
[1] 0.790081
 [1] "Xi: 0.517178279163975" "Xi: 0.519651365022683" "Xi: 0.535330530621016"
 [4] "Xi: 0.552456181473786" "Xi: 0.556381561248897" "Xi: 0.54092734076346" 
 [7] "Xi: 0.531018289400862" "Xi: 0.547166821115851" "Xi: 0.56311093844167" 
[10] "Xi: 0.531219419343814" "Xi: 0.471270008853731" "Xi: 0.459926879442392"
[13] "Xi: 0.520960092137415" "Xi: 0.577514178277768" "Xi: 0.594047568531441"
[16] "Xi: 0.581143645049027" "Xi: 0.568346472712805" "Xi: 0.556853243110495"
[19] "Xi: 0.548499652426282" "Xi: 0.545043547615744"
Time difference of 3.841432 mins
[1] "Rho"
[1] 1086.214 1086.344 1086.108 1086.355 1086.026
[1] "It: 14"
[1] "sigma:"            "0.782180181457826" "beta :"           
[4] "1"                
[1] "rho/theta:" "1"         
Time difference of 1.627846 secs
[1] " old Likelihood:  -7554226.24485038"
[1] "New Likelihood:  -7553080.11100468"
[1] 4998690
[1] 4998695
iter:  0  f-value:  11840.61  pgrad:  0.5811436 
iter:  10  f-value:  11837.8  pgrad:  0.8081537 
iter:  20  f-value:  11837.79  pgrad:  0.462558 
iter:  30  f-value:  11837.79  pgrad:  0.4328075 
  Unsuccessful convergence.
[1] 0.8082183
 [1] "Xi: 0.517700090921207" "Xi: 0.52025925361038"  "Xi: 0.536365526654593"
 [4] "Xi: 0.553984565682103" "Xi: 0.558514990883047" "Xi: 0.543701327420318"
 [7] "Xi: 0.531832120326983" "Xi: 0.546931122378037" "Xi: 0.567322915727495"
[10] "Xi: 0.538618963458021" "Xi: 0.476822896105114" "Xi: 0.459411501468345"
[13] "Xi: 0.521044923082348" "Xi: 0.579739743393782" "Xi: 0.597059332446888"
[16] "Xi: 0.582607624424186" "Xi: 0.568987560830106" "Xi: 0.557391839454382"
[19] "Xi: 0.54888404843323"  "Xi: 0.545695034499308"
Time difference of 3.841835 mins
[1] "Rho"
[1] 1086.214 1086.344 1086.108 1086.355 1086.026
[1] "It: 15"
[1] "sigma:"            "0.800136104451832" "beta :"           
[4] "1"                
[1] "rho/theta:" "1"         
Time difference of 1.651386 secs
[1] " old Likelihood:  -7553080.11100468"
[1] "New Likelihood:  -7552051.39806903"
[1] 4998690
[1] 4998695
iter:  0  f-value:  11126.36  pgrad:  0.5826076 
iter:  10  f-value:  11123.85  pgrad:  0.8243226 
iter:  20  f-value:  11123.84  pgrad:  0.4566167 
iter:  30  f-value:  11123.84  pgrad:  0.3169043 
  Unsuccessful convergence.
[1] 0.8243058
 [1] "Xi: 0.518248340025069" "Xi: 0.520906911149355" "Xi: 0.537462503046977"
 [4] "Xi: 0.555603599950221" "Xi: 0.560744856768695" "Xi: 0.546640472460401"
 [7] "Xi: 0.532899681293934" "Xi: 0.546488150246071" "Xi: 0.571305636245013"
[10] "Xi: 0.545429542961449" "Xi: 0.482659969266175" "Xi: 0.459233586973401"
[13] "Xi: 0.521167490361236" "Xi: 0.581695785608898" "Xi: 0.59993330041448" 
[16] "Xi: 0.583997423938845" "Xi: 0.56951083541693"  "Xi: 0.557817749257341"
[19] "Xi: 0.549175966264424" "Xi: 0.546173993596112"
Time difference of 3.846185 mins
[1] "Rho"
[1] 1086.214 1086.344 1086.108 1086.355 1086.026
[1] "It: 16"
[1] "sigma:"            "0.816062708563298" "beta :"           
[4] "1"                
[1] "rho/theta:" "1"         
Time difference of 1.634278 secs
[1] " old Likelihood:  -7552051.39806903"
[1] "New Likelihood:  -7551136.89344759"
[1] 4998690
[1] 4998695
iter:  0  f-value:  10472.64  pgrad:  0.5839974 
iter:  10  f-value:  10470.43  pgrad:  0.8386959 
iter:  20  f-value:  10470.42  pgrad:  0.450411 
iter:  30  f-value:  10470.42  pgrad:  0.3742389 
  Unsuccessful convergence.
[1] 0.8385331
 [1] "Xi: 0.518677723906037" "Xi: 0.521415108897109" "Xi: 0.538322770263718"
 [4] "Xi: 0.556874117675601" "Xi: 0.562475432240129" "Xi: 0.548891824551516"
 [7] "Xi: 0.533539286096201" "Xi: 0.545152484780433" "Xi: 0.573505698280791"
[10] "Xi: 0.550652338422369" "Xi: 0.488604692601609" "Xi: 0.459333469843345"
[13] "Xi: 0.521319778439215" "Xi: 0.583347349817221" "Xi: 0.602718215293785"
[16] "Xi: 0.585365766886678" "Xi: 0.570003271063503" "Xi: 0.558166826937548"
[19] "Xi: 0.549270870031054" "Xi: 0.546615387867901"
Time difference of 3.84247 mins
[1] "Rho"
[1] 1086.214 1086.344 1086.108 1086.355 1086.026
[1] "It: 17"
[1] "sigma:"            "0.830147807940053" "beta :"           
[4] "1"                
[1] "rho/theta:" "1"         
Time difference of 1.657125 secs
[1] " old Likelihood:  -7551136.89344759"
[1] "New Likelihood:  -7550332.4575536"
[1] 4998690
[1] 4998695
iter:  0  f-value:  9877.746  pgrad:  0.5853658 
iter:  10  f-value:  9875.82  pgrad:  0.8512916 
iter:  20  f-value:  9875.809  pgrad:  0.4457911 
iter:  30  f-value:  9875.809  pgrad:  0.3547393 
  Unsuccessful convergence.
[1] 0.851107
 [1] "Xi: 0.519072223351906" "Xi: 0.521876487677778" "Xi: 0.539101119280819"
 [4] "Xi: 0.558020112946243" "Xi: 0.564019020689905" "Xi: 0.550910242099766"
 [7] "Xi: 0.53416392892824"  "Xi: 0.543642985325307" "Xi: 0.574989046325584"
[10] "Xi: 0.554865199455119" "Xi: 0.494650737491933" "Xi: 0.459721940786992"
[13] "Xi: 0.521538015051731" "Xi: 0.584689376424042" "Xi: 0.605371624871185"
[16] "Xi: 0.586691940740786" "Xi: 0.570433045561387" "Xi: 0.558451823449621"
[19] "Xi: 0.549249693579487" "Xi: 0.546983944103964"
Time difference of 3.845256 mins
[1] "Rho"
[1] 1086.214 1086.344 1086.108 1086.355 1086.026
[1] "It: 18"
[1] "sigma:"            "0.842595925752743" "beta :"           
[4] "1"                
[1] "rho/theta:" "1"         
Time difference of 1.738167 secs
[1] " old Likelihood:  -7550332.4575536"
[1] "New Likelihood:  -7549632.08652983"
[1] 4998690
[1] 4998695
iter:  0  f-value:  9338.569  pgrad:  0.5866919 
iter:  10  f-value:  9336.902  pgrad:  0.8622812 
iter:  20  f-value:  9336.896  pgrad:  0.4421659 
iter:  30  f-value:  9336.895  pgrad:  0.2854904 
  Unsuccessful convergence.
[1] 0.862204
 [1] "Xi: 0.519458924111895" "Xi: 0.522327042823637" "Xi: 0.539860076504958"
 [4] "Xi: 0.559139076107167" "Xi: 0.565520937429584" "Xi: 0.552881164491266"
 [7] "Xi: 0.534909082312257" "Xi: 0.542176706199576" "Xi: 0.576270771608699"
[10] "Xi: 0.558457542508161" "Xi: 0.500723448267298" "Xi: 0.460366250873052"
[13] "Xi: 0.521839069318719" "Xi: 0.585720169711108" "Xi: 0.607888566069514"
[16] "Xi: 0.587981769057609" "Xi: 0.570811215688956" "Xi: 0.558684099054676"
[19] "Xi: 0.549132966416361" "Xi: 0.54730084769076" 
Time difference of 3.850208 mins
[1] "Rho"
[1] 1086.214 1086.344 1086.108 1086.355 1086.026
[1] "It: 19"
[1] "sigma:"            "0.853581960210295" "beta :"           
[4] "1"                
[1] "rho/theta:" "1"         
Time difference of 1.717221 secs
[1] " old Likelihood:  -7549632.08652983"
[1] "New Likelihood:  -7549028.79334578"
[1] 4998690
[1] 4998695
iter:  0  f-value:  8851.954  pgrad:  0.5879818 
iter:  10  f-value:  8850.531  pgrad:  0.8718464 
iter:  20  f-value:  8850.522  pgrad:  0.4397677 
iter:  30  f-value:  8850.522  pgrad:  0.3408604 
  Unsuccessful convergence.
[1] 0.871974
 [1] "Xi: 0.519804063865889" "Xi: 0.522726660735824" "Xi: 0.540537250489987"
 [4] "Xi: 0.560129589308674" "Xi: 0.566838763656393" "Xi: 0.554602632234049"
 [7] "Xi: 0.535566155612043" "Xi: 0.540602680146477" "Xi: 0.577133310230496"
[10] "Xi: 0.560789538348847" "Xi: 0.506701090759976" "Xi: 0.461209774430088"
[13] "Xi: 0.52222264034144"  "Xi: 0.586437355359659" "Xi: 0.610258131918842"
[16] "Xi: 0.589234372301937" "Xi: 0.571141066883639" "Xi: 0.558872759000266"
[19] "Xi: 0.548928780919039" "Xi: 0.547577533041811"
Time difference of 3.848611 mins
[1] "Rho"
[1] 1086.214 1086.344 1086.108 1086.355 1086.026
[1] "It: 20"
[1] "sigma:"            "0.863254211009059" "beta :"           
[4] "1"                
[1] "rho/theta:" "1"         
Time difference of 1.637443 secs
[1] " old Likelihood:  -7549028.79334578"
[1] "New Likelihood:  -7548514.15592814"
[1] 4998690
[1] 4998695
iter:  0  f-value:  8414.669  pgrad:  0.5892344 
iter:  10  f-value:  8413.466  pgrad:  0.5388007 
iter:  20  f-value:  8413.457  pgrad:  0.4992762 
iter:  30  f-value:  8413.456  pgrad:  0.2320849 
  Unsuccessful convergence.
[1] 0.8805682
 [1] "Xi: 0.520168291004488" "Xi: 0.523158391848722" "Xi: 0.541255803827537"
 [4] "Xi: 0.561191812095963" "Xi: 0.568243794593246" "Xi: 0.556444180848389"
 [7] "Xi: 0.536421334342511" "Xi: 0.539237402748152" "Xi: 0.578273888477339"
[10] "Xi: 0.562685047663678" "Xi: 0.512562060965152" "Xi: 0.462230910142776"
[13] "Xi: 0.522711859292545" "Xi: 0.586861835574666" "Xi: 0.612481974698736"
[16] "Xi: 0.590448273559426" "Xi: 0.571429716491837" "Xi: 0.55902659227406" 
[19] "Xi: 0.548651095343001" "Xi: 0.547828983824028"
Time difference of 3.848437 mins
[1] 1 1 1 1 1
[1] 1 1 1 1 1
saved RDS
inference successful
