[1] "Original length"
[1] 999638
[1] "Final length"
[1] 14098
[1] "sequence length : 999639" "sequence length : 999534"
[3] "sequence length : 999746" "sequence length : 999659"
[5] "sequence length : 999607"
[1] "former Rho:"
[1]  669.1168 1424.8162 1105.0523 1244.3538  924.1886
[1] "old mu :"
[1] 0.0003346792 0.0007127402 0.0005526666 0.0006223892 0.0004622760
[1] "new mu :"
[1] 0.0005369502
[1] "new Rho:"
[1] 1073.513 1073.400 1073.628 1073.534 1073.478
[1] 1 1 1 1 1
[1] "Beta: 1"
[1] "Self: 0"
[1] 1
[1] "Rho"
[1] 1073.513 1073.400 1073.628 1073.534 1073.478
[1] "It: 1"
[1] "sigma:" "0"      "beta :" "1"     
[1] "rho/theta:" "1"         
[1] "sigma:" "0.9405" "beta :" "1"     
[1] "rho/theta:" "1"         
Time difference of 1.6912 secs
[1] "New Likelihood:  -7479885.82257506"
[1] 4998180
[1] 4998185
iter:  0  f-value:  3586.399  pgrad:  0.5 
iter:  10  f-value:  3527.505  pgrad:  0.5844231 
iter:  20  f-value:  3522.674  pgrad:  0.5604695 
iter:  30  f-value:  3522.254  pgrad:  0.9618908 
  Unsuccessful convergence.
[1] 0.9610423
 [1] "Xi: 0.505330850892453" "Xi: 0.506753170771529" "Xi: 0.515232010909982"
 [4] "Xi: 0.53460253186261"  "Xi: 0.564767972409064" "Xi: 0.564717257226066"
 [7] "Xi: 0.564724780620305" "Xi: 0.563699316976014" "Xi: 0.557402727091636"
[10] "Xi: 0.541890954207001" "Xi: 0.502417086140382" "Xi: 0.510611547260136"
[13] "Xi: 0.529113281814587" "Xi: 0.547382909578354" "Xi: 0.569768141146777"
[16] "Xi: 0.57351021471072"  "Xi: 0.554997133243492" "Xi: 0.53255416039427" 
[19] "Xi: 0.524815258594304" "Xi: 0.528533757639906"
Time difference of 34.49275 mins
[1] "Rho"
[1] 1073.513 1073.400 1073.628 1073.534 1073.478
[1] "It: 2"
[1] "sigma:"            "0.951431878743595" "beta :"           
[4] "1"                
[1] "rho/theta:" "1"         
Time difference of 1.704342 secs
[1] " old Likelihood:  -7479885.82257506"
[1] "New Likelihood:  -7462539.53617021"
[1] 4998180
[1] 4998185
iter:  0  f-value:  3795.001  pgrad:  0.9610423 
iter:  10  f-value:  3786.184  pgrad:  0.4970834 
iter:  20  f-value:  3786.128  pgrad:  0.5463296 
iter:  30  f-value:  3786.125  pgrad:  0.9593153 
  Unsuccessful convergence.
[1] 0.9593153
 [1] "Xi: 0.505735847468021" "Xi: 0.5072555269489"   "Xi: 0.516235395281804"
 [4] "Xi: 0.536345018444669" "Xi: 0.567075750937717" "Xi: 0.56749820424824" 
 [7] "Xi: 0.570632208938773" "Xi: 0.572014112055469" "Xi: 0.559051745573049"
[10] "Xi: 0.538076919838119" "Xi: 0.505970015552849" "Xi: 0.515595800556384"
[13] "Xi: 0.546417377704959" "Xi: 0.569119281338546" "Xi: 0.597671003495552"
[16] "Xi: 0.595165668687148" "Xi: 0.571718078180301" "Xi: 0.546173540069176"
[19] "Xi: 0.537551897202968" "Xi: 0.540322109841111"
Time difference of 3.932431 mins
[1] "Rho"
[1] 1073.513 1073.400 1073.628 1073.534 1073.478
[1] "It: 3"
[1] "sigma:"            "0.949722154843497" "beta :"           
[4] "1"                
[1] "rho/theta:" "1"         
Time difference of 1.697491 secs
[1] " old Likelihood:  -7462539.53617021"
[1] "New Likelihood:  -7460008.28160001"
[1] 4998180
[1] 4998185
iter:  0  f-value:  4050.111  pgrad:  0.9593153 
iter:  10  f-value:  4047.958  pgrad:  0.5066385 
iter:  20  f-value:  4047.945  pgrad:  0.5053982 
iter:  30  f-value:  4047.945  pgrad:  0.2826164 
  Unsuccessful convergence.
[1] 0.9561303
 [1] "Xi: 0.505960145893809" "Xi: 0.507533374733854" "Xi: 0.516784786019165"
 [4] "Xi: 0.537279695248901" "Xi: 0.568295280520964" "Xi: 0.568860275220584"
 [7] "Xi: 0.57343219373214"  "Xi: 0.575978633784149" "Xi: 0.559810564692213"
[10] "Xi: 0.53401824231998"  "Xi: 0.504639759262526" "Xi: 0.513295471099101"
[13] "Xi: 0.552006212806953" "Xi: 0.574896405594636" "Xi: 0.607700568389389"
[16] "Xi: 0.600438585256428" "Xi: 0.57649634151134"  "Xi: 0.552556286729682"
[19] "Xi: 0.545081130794883" "Xi: 0.548411709296812"
Time difference of 3.933071 mins
[1] "Rho"
[1] 1073.513 1073.400 1073.628 1073.534 1073.478
[1] "It: 4"
[1] "sigma:"            "0.946568981296519" "beta :"           
[4] "1"                
[1] "rho/theta:" "1"         
Time difference of 1.699884 secs
[1] " old Likelihood:  -7460008.28160001"
[1] "New Likelihood:  -7459304.90469805"
[1] 4998180
[1] 4998185
iter:  0  f-value:  4274.529  pgrad:  0.9561303 
iter:  10  f-value:  4273.568  pgrad:  0.5325102 
iter:  20  f-value:  4273.566  pgrad:  0.5034227 
iter:  30  f-value:  4273.564  pgrad:  0.2253728 
  Unsuccessful convergence.
[1] 0.9529775
 [1] "Xi: 0.506133474203343" "Xi: 0.507747295028756" "Xi: 0.517209191078855"
 [4] "Xi: 0.538002960405236" "Xi: 0.56922106842206"  "Xi: 0.569836799221714"
 [7] "Xi: 0.57537797481985"  "Xi: 0.578457407396654" "Xi: 0.559672636626903"
[10] "Xi: 0.530739558820418" "Xi: 0.50214710884048"  "Xi: 0.509259525580294"
[13] "Xi: 0.553458375680842" "Xi: 0.575376827250296" "Xi: 0.61195152356186" 
[16] "Xi: 0.600735403635941" "Xi: 0.577378244263276" "Xi: 0.55579921629838" 
[19] "Xi: 0.54986841131524"  "Xi: 0.554290938248702"
Time difference of 3.933201 mins
[1] "Rho"
[1] 1073.513 1073.400 1073.628 1073.534 1073.478
[1] "It: 5"
[1] "sigma:"            "0.943447699134644" "beta :"           
[4] "1"                
[1] "rho/theta:" "1"         
Time difference of 1.703103 secs
[1] " old Likelihood:  -7459304.90469805"
[1] "New Likelihood:  -7458962.2318586"
[1] 4998180
[1] 4998185
iter:  0  f-value:  4463.689  pgrad:  0.9529775 
iter:  10  f-value:  4463.126  pgrad:  0.5998744 
iter:  20  f-value:  4463.123  pgrad:  0.5013506 
iter:  30  f-value:  4463.123  pgrad:  0.5008907 
  Unsuccessful convergence.
[1] 0.9501468
 [1] "Xi: 0.506274026126359" "Xi: 0.507921478981756" "Xi: 0.517557833771817"
 [4] "Xi: 0.538590820362626" "Xi: 0.56997025799089"  "Xi: 0.570616419202482"
 [7] "Xi: 0.576912244875023" "Xi: 0.580359310297438" "Xi: 0.559621449103239"
[10] "Xi: 0.528866450136652" "Xi: 0.500498935392625" "Xi: 0.505457154050793"
[13] "Xi: 0.553790045763408" "Xi: 0.574365485631297" "Xi: 0.614409174021027"
[16] "Xi: 0.599683252021701" "Xi: 0.577023623788094" "Xi: 0.557563292493219"
[19] "Xi: 0.553006012090185" "Xi: 0.558719982965142"
Time difference of 3.932426 mins
[1] "Rho"
[1] 1073.513 1073.400 1073.628 1073.534 1073.478
[1] "It: 6"
[1] "sigma:"            "0.940645373603346" "beta :"           
[4] "1"                
[1] "rho/theta:" "1"         
Time difference of 1.793298 secs
[1] " old Likelihood:  -7458962.2318586"
[1] "New Likelihood:  -7458753.60274871"
[1] 4998180
[1] 4998185
iter:  0  f-value:  4622.079  pgrad:  0.9501468 
iter:  10  f-value:  4621.718  pgrad:  0.598538 
iter:  20  f-value:  4621.715  pgrad:  0.9477027 
iter:  30  f-value:  4621.715  pgrad:  0.4996229 
  Unsuccessful convergence.
[1] 0.9476625
 [1] "Xi: 0.506414758727501" "Xi: 0.508095310759483" "Xi: 0.51789715082319" 
 [4] "Xi: 0.539157181409303" "Xi: 0.570687795572717" "Xi: 0.571349165612174"
 [7] "Xi: 0.578339634499722" "Xi: 0.582054083754815" "Xi: 0.559438065073803"
[10] "Xi: 0.527495530409095" "Xi: 0.499354577302205" "Xi: 0.502210782369701"
[13] "Xi: 0.553839386108676" "Xi: 0.572982578800298" "Xi: 0.616294796199582"
[16] "Xi: 0.598397192182085" "Xi: 0.576347988030263" "Xi: 0.558514084121377"
[19] "Xi: 0.555069671205502" "Xi: 0.562097007325606"
Time difference of 3.936327 mins
[1] "Rho"
[1] 1073.513 1073.400 1073.628 1073.534 1073.478
[1] "It: 7"
[1] "sigma:"            "0.938185870007626" "beta :"           
[4] "1"                
[1] "rho/theta:" "1"         
Time difference of 1.71346 secs
[1] " old Likelihood:  -7458753.60274871"
[1] "New Likelihood:  -7458616.81422313"
[1] 4998180
[1] 4998185
iter:  0  f-value:  4755.359  pgrad:  0.9476625 
iter:  10  f-value:  4755.118  pgrad:  0.5973003 
iter:  20  f-value:  4755.116  pgrad:  0.9455612 
iter:  30  f-value:  4755.116  pgrad:  0.4974117 
  Unsuccessful convergence.
[1] 0.9455386
 [1] "Xi: 0.506557658713158" "Xi: 0.508270313595353" "Xi: 0.518241226356995"
 [4] "Xi: 0.53973605168093"  "Xi: 0.571415949257979" "Xi: 0.572084605819923"
 [7] "Xi: 0.579751046008534" "Xi: 0.583662465446096" "Xi: 0.559090651989897"
[10] "Xi: 0.526354533427767" "Xi: 0.498432859783493" "Xi: 0.499465708496932"
[13] "Xi: 0.553831384201499" "Xi: 0.571549953868231" "Xi: 0.6179753179413"  
[16] "Xi: 0.597196215626491" "Xi: 0.575674005870951" "Xi: 0.559046385151441"
[19] "Xi: 0.556416966234896" "Xi: 0.564711291365417"
Time difference of 3.936629 mins
[1] "Rho"
[1] 1073.513 1073.400 1073.628 1073.534 1073.478
[1] "It: 8"
[1] "sigma:"            "0.936083216541825" "beta :"           
[4] "1"                
[1] "rho/theta:" "1"         
Time difference of 1.724039 secs
[1] " old Likelihood:  -7458616.81422313"
[1] "New Likelihood:  -7458524.81380151"
[1] 4998180
[1] 4998185
iter:  0  f-value:  4866.246  pgrad:  0.9455386 
iter:  10  f-value:  4866.081  pgrad:  0.9437321 
iter:  20  f-value:  4866.08  pgrad:  0.4006233 
iter:  30  f-value:  4866.08  pgrad:  0.943717 
  Unsuccessful convergence.
[1] 0.9436933
 [1] "Xi: 0.506655098396068" "Xi: 0.508392033336681" "Xi: 0.518475198812735"
 [4] "Xi: 0.540127798471608" "Xi: 0.571902534650274" "Xi: 0.572563542698939"
 [7] "Xi: 0.580659831912806" "Xi: 0.584655385577328" "Xi: 0.558712175820784"
[10] "Xi: 0.525544015734782" "Xi: 0.497821220994348" "Xi: 0.497221653617755"
[13] "Xi: 0.553907255426539" "Xi: 0.570185963976487" "Xi: 0.61957412618849" 
[16] "Xi: 0.596152713634331" "Xi: 0.575103293910029" "Xi: 0.559329272908266"
[19] "Xi: 0.557276313014738" "Xi: 0.566765019174393"
Time difference of 3.988993 mins
[1] "Rho"
[1] 1073.513 1073.400 1073.628 1073.534 1073.478
[1] "It: 9"
[1] "sigma:"            "0.934256377680745" "beta :"           
[4] "1"                
[1] "rho/theta:" "1"         
Time difference of 1.716279 secs
[1] " old Likelihood:  -7458524.81380151"
[1] "New Likelihood:  -7458460.6295906"
[1] 4998180
[1] 4998185
iter:  0  f-value:  4960.804  pgrad:  0.9436933 
iter:  10  f-value:  4960.69  pgrad:  0.4982461 
iter:  20  f-value:  4960.689  pgrad:  0.2522211 
iter:  30  f-value:  4960.689  pgrad:  0.1804074 
  Unsuccessful convergence.
[1] 0.9421254
 [1] "Xi: 0.50680261949251"  "Xi: 0.508575432755061" "Xi: 0.518834392779887"
 [4] "Xi: 0.540721882275729" "Xi: 0.572641156652083" "Xi: 0.573275534068957"
 [7] "Xi: 0.581991902928047" "Xi: 0.586034348029892" "Xi: 0.558006011541883"
[10] "Xi: 0.524480072803289" "Xi: 0.497176168767967" "Xi: 0.495293244912983"
[13] "Xi: 0.554007572322436" "Xi: 0.568873168084778" "Xi: 0.621094136544102"
[16] "Xi: 0.595284689557787" "Xi: 0.574645203822716" "Xi: 0.559489683962307"
[19] "Xi: 0.557799559405932" "Xi: 0.568401971932914"
Time difference of 3.959255 mins
[1] "Rho"
[1] 1073.513 1073.400 1073.628 1073.534 1073.478
[1] "It: 10"
[1] "sigma:"            "0.932704172711326" "beta :"           
[4] "1"                
[1] "rho/theta:" "1"         
Time difference of 1.713454 secs
[1] " old Likelihood:  -7458460.6295906"
[1] "New Likelihood:  -7458415.47128196"
[1] 4998180
[1] 4998185
iter:  0  f-value:  5039.938  pgrad:  0.9421254 
iter:  10  f-value:  5039.857  pgrad:  0.4977355 
iter:  20  f-value:  5039.857  pgrad:  0.9408062 
iter:  30  f-value:  5039.856  pgrad:  0.1780245 
  Unsuccessful convergence.
[1] 0.9407864
 [1] "Xi: 0.506908043638168" "Xi: 0.508705615210715" "Xi: 0.519087559624862"
 [4] "Xi: 0.541142205891482" "Xi: 0.573158918783016" "Xi: 0.573775684479302"
 [7] "Xi: 0.582921389598136" "Xi: 0.587001911160479" "Xi: 0.557560869583233"
[10] "Xi: 0.524013222897576" "Xi: 0.496963098568317" "Xi: 0.493755905332745"
[13] "Xi: 0.554227673857442" "Xi: 0.567661531395602" "Xi: 0.622570016679327"
[16] "Xi: 0.594488787168353" "Xi: 0.574300288574492" "Xi: 0.559586207450214"
[19] "Xi: 0.558089470740531" "Xi: 0.569729096696461"
Time difference of 3.977043 mins
[1] "Rho"
[1] 1073.513 1073.400 1073.628 1073.534 1073.478
[1] "It: 11"
[1] "sigma:"            "0.931378492539434" "beta :"           
[4] "1"                
[1] "rho/theta:" "1"         
Time difference of 1.705359 secs
[1] " old Likelihood:  -7458415.47128196"
[1] "New Likelihood:  -7458383.15385679"
[1] 4998180
[1] 4998185
iter:  0  f-value:  5106.965  pgrad:  0.9407864 
iter:  10  f-value:  5106.907  pgrad:  0.4976331 
iter:  20  f-value:  5106.907  pgrad:  0.2487013 
iter:  30  f-value:  5106.906  pgrad:  0.1777971 
  Unsuccessful convergence.
[1] 0.9396546
 [1] "Xi: 0.507013690148216" "Xi: 0.508834734115239" "Xi: 0.519339364828983"
 [4] "Xi: 0.541558109265435" "Xi: 0.573667927977784" "Xi: 0.57426250528059" 
 [7] "Xi: 0.583819888313794" "Xi: 0.587919700228116" "Xi: 0.557099402396333"
[10] "Xi: 0.523635833015148" "Xi: 0.496868726859409" "Xi: 0.49244799799872" 
[13] "Xi: 0.55450505685507"  "Xi: 0.566519040205188" "Xi: 0.623997068837765"
[16] "Xi: 0.593783833512028" "Xi: 0.57404865241728"  "Xi: 0.559650938247373"
[19] "Xi: 0.558218197067844" "Xi: 0.570821891636209"
Time difference of 3.959957 mins
[1] "Rho"
[1] 1073.513 1073.400 1073.628 1073.534 1073.478
[1] "It: 12"
[1] "sigma:"            "0.930258073193706" "beta :"           
[4] "1"                
[1] "rho/theta:" "1"         
Time difference of 1.724633 secs
[1] " old Likelihood:  -7458383.15385679"
[1] "New Likelihood:  -7458359.6458796"
[1] 4998180
[1] 4998185
iter:  0  f-value:  5163.14  pgrad:  0.9396546 
iter:  10  f-value:  5163.098  pgrad:  0.9387184 
iter:  20  f-value:  5163.098  pgrad:  0.178743 
iter:  30  f-value:  5163.097  pgrad:  0.9387062 
  Unsuccessful convergence.
[1] 0.9386846
 [1] "Xi: 0.507124842881986" "Xi: 0.508971127134927" "Xi: 0.519606142891519"
 [4] "Xi: 0.541997873569007" "Xi: 0.574204827162866" "Xi: 0.574765340950516"
 [7] "Xi: 0.584741329944629" "Xi: 0.588833543497676" "Xi: 0.556533692351058"
[10] "Xi: 0.523174516176323" "Xi: 0.496754854911933" "Xi: 0.491311175329641"
[13] "Xi: 0.554823336951264" "Xi: 0.565439870604182" "Xi: 0.625378250360213"
[16] "Xi: 0.593149277867492" "Xi: 0.573860849358934" "Xi: 0.55967950049529" 
[19] "Xi: 0.558229201725724" "Xi: 0.571736681196198"
Time difference of 3.962929 mins
[1] "Rho"
[1] 1073.513 1073.400 1073.628 1073.534 1073.478
[1] "It: 13"
[1] "sigma:"            "0.929297773478909" "beta :"           
[4] "1"                
[1] "rho/theta:" "1"         
Time difference of 1.70345 secs
[1] " old Likelihood:  -7458359.6458796"
[1] "New Likelihood:  -7458342.0138581"
[1] 4998180
[1] 4998185
iter:  0  f-value:  5210.79  pgrad:  0.9386846 
iter:  10  f-value:  5210.759  pgrad:  0.2691468 
iter:  20  f-value:  5210.759  pgrad:  0.1763783 
iter:  30  f-value:  5210.759  pgrad:  0.1759418 
  Unsuccessful convergence.
[1] 0.937867
 [1] "Xi: 0.507197965271138" "Xi: 0.509060829791354" "Xi: 0.519778103825472"
 [4] "Xi: 0.542281710967419" "Xi: 0.574551100848324" "Xi: 0.575087918798746"
 [7] "Xi: 0.585330060732924" "Xi: 0.589420689246205" "Xi: 0.556181992160451"
[10] "Xi: 0.52296841862018"  "Xi: 0.496824274091316" "Xi: 0.490362099606275"
[13] "Xi: 0.555211373315154" "Xi: 0.564433719830369" "Xi: 0.626725014363746"
[16] "Xi: 0.592573311779349" "Xi: 0.573745537235434" "Xi: 0.559714309862063"
[19] "Xi: 0.558164490311804" "Xi: 0.572518471482009"
Time difference of 3.963391 mins
[1] "Rho"
[1] 1073.513 1073.400 1073.628 1073.534 1073.478
[1] "It: 14"
[1] "sigma:"            "0.928488294666764" "beta :"           
[4] "1"                
[1] "rho/theta:" "1"         
Time difference of 1.718141 secs
[1] " old Likelihood:  -7458342.0138581"
[1] "New Likelihood:  -7458328.7247658"
[1] 4998180
[1] 4998185
iter:  0  f-value:  5250.832  pgrad:  0.937867 
iter:  10  f-value:  5250.808  pgrad:  0.3720921 
iter:  20  f-value:  5250.808  pgrad:  0.1768785 
iter:  30  f-value:  5250.807  pgrad:  0.1700209 
  Unsuccessful convergence.
[1] 0.9371704
 [1] "Xi: 0.507315973087034" "Xi: 0.509204649076719" "Xi: 0.520056149556486"
 [4] "Xi: 0.542738451089917" "Xi: 0.575103862950086" "Xi: 0.575599703104334"
 [7] "Xi: 0.586255980475246" "Xi: 0.590321312372998" "Xi: 0.555610494348955"
[10] "Xi: 0.522641291415399" "Xi: 0.496842248462119" "Xi: 0.489516372827526"
[13] "Xi: 0.555621448072003" "Xi: 0.563478197302766" "Xi: 0.628031084397444"
[16] "Xi: 0.59203675286091"  "Xi: 0.573674015841745" "Xi: 0.559745789091623"
[19] "Xi: 0.558045497145337" "Xi: 0.5731959446312"  
Time difference of 3.962176 mins
[1] "Rho"
[1] 1073.513 1073.400 1073.628 1073.534 1073.478
[1] "It: 15"
[1] "sigma:"            "0.927798739805699" "beta :"           
[4] "1"                
[1] "rho/theta:" "1"         
Time difference of 1.806335 secs
[1] " old Likelihood:  -7458328.7247658"
[1] "New Likelihood:  -7458318.36932451"
[1] 4998180
[1] 4998185
iter:  0  f-value:  5284.662  pgrad:  0.9371704 
iter:  10  f-value:  5284.643  pgrad:  0.400687 
iter:  20  f-value:  5284.643  pgrad:  0.1725311 
iter:  30  f-value:  5284.643  pgrad:  0.1710941 
  Unsuccessful convergence.
[1] 0.9365833
 [1] "Xi: 0.507386307973733" "Xi: 0.50929007858866"  "Xi: 0.520222028886366"
 [4] "Xi: 0.543009008332908" "Xi: 0.575430829983383" "Xi: 0.575899996078927"
 [7] "Xi: 0.586800829767928" "Xi: 0.59085622313127"  "Xi: 0.555277668808122"
[10] "Xi: 0.522512515851041" "Xi: 0.496997499182415" "Xi: 0.488791344830664"
[13] "Xi: 0.556085334250196" "Xi: 0.56258730778668"  "Xi: 0.62931108985381" 
[16] "Xi: 0.591536990556156" "Xi: 0.573637704663742" "Xi: 0.559778144608076"
[19] "Xi: 0.557890430059677" "Xi: 0.57379376233244" 
Time difference of 3.962517 mins
[1] "Rho"
[1] 1073.513 1073.400 1073.628 1073.534 1073.478
[1] "It: 16"
[1] "sigma:"            "0.927217467958803" "beta :"           
[4] "1"                
[1] "rho/theta:" "1"         
Time difference of 1.715052 secs
[1] " old Likelihood:  -7458318.36932451"
[1] "New Likelihood:  -7458310.22787505"
[1] 4998180
[1] 4998185
iter:  0  f-value:  5313.041  pgrad:  0.9365833 
iter:  10  f-value:  5313.027  pgrad:  0.3697241 
iter:  20  f-value:  5313.027  pgrad:  0.1707031 
iter:  30  f-value:  5313.027  pgrad:  0.1689659 
  Unsuccessful convergence.
[1] 0.9360839
 [1] "Xi: 0.507472034545798" "Xi: 0.509394529628522" "Xi: 0.520421948755806"
 [4] "Xi: 0.54333721837014"  "Xi: 0.575826923837441" "Xi: 0.576259725781981"
 [7] "Xi: 0.587449363222068" "Xi: 0.591485079454057" "Xi: 0.554873484209896"
[10] "Xi: 0.522349505967763" "Xi: 0.497125142376691" "Xi: 0.488133220336065"
[13] "Xi: 0.556570241477208" "Xi: 0.561743264344154" "Xi: 0.63056181849296" 
[16] "Xi: 0.591065155590714" "Xi: 0.57362828164102"  "Xi: 0.559812280898127"
[19] "Xi: 0.557711721851503" "Xi: 0.574328770184379"
Time difference of 3.956737 mins
[1] "Rho"
[1] 1073.513 1073.400 1073.628 1073.534 1073.478
[1] "It: 17"
[1] "sigma:"            "0.926723083593342" "beta :"           
[4] "1"                
[1] "rho/theta:" "1"         
Time difference of 1.717174 secs
[1] " old Likelihood:  -7458310.22787505"
[1] "New Likelihood:  -7458303.60442243"
[1] 4998180
[1] 4998185
iter:  0  f-value:  5336.989  pgrad:  0.9360839 
iter:  10  f-value:  5336.977  pgrad:  0.1817989 
iter:  20  f-value:  5336.977  pgrad:  0.1698209 
iter:  30  f-value:  5336.977  pgrad:  0.935706 
  Unsuccessful convergence.
[1] 0.9356595
 [1] "Xi: 0.507569846850544" "Xi: 0.509514387343651" "Xi: 0.520653632694752"
 [4] "Xi: 0.543714189192025" "Xi: 0.57628161494255"  "Xi: 0.576669805475008"
 [7] "Xi: 0.588182304391141" "Xi: 0.592186205163551" "Xi: 0.55440925849121" 
[10] "Xi: 0.522162737919967" "Xi: 0.497252549638666" "Xi: 0.487544061999793"
[13] "Xi: 0.557077549339598" "Xi: 0.560946774132283" "Xi: 0.631788413493747"
[16] "Xi: 0.590622996194516" "Xi: 0.573644643697198" "Xi: 0.559845957764628"
[19] "Xi: 0.557518196957504" "Xi: 0.574814150404608"
Time difference of 3.956293 mins
[1] "Rho"
[1] 1073.513 1073.400 1073.628 1073.534 1073.478
[1] "It: 18"
[1] "sigma:"            "0.926302869184861" "beta :"           
[4] "1"                
[1] "rho/theta:" "1"         
Time difference of 1.710876 secs
[1] " old Likelihood:  -7458303.60442243"
[1] "New Likelihood:  -7458298.11741568"
[1] 4998180
[1] 4998185
iter:  0  f-value:  5357.195  pgrad:  0.9356595 
iter:  10  f-value:  5357.185  pgrad:  0.4170579 
iter:  20  f-value:  5357.185  pgrad:  0.1650369 
iter:  30  f-value:  5357.185  pgrad:  0.1646276 
  Unsuccessful convergence.
[1] 0.9353019
 [1] "Xi: 0.507648107103148" "Xi: 0.509610395152598" "Xi: 0.520838307508645"
 [4] "Xi: 0.544014863456422" "Xi: 0.57664179570675"  "Xi: 0.576992314686887"
 [7] "Xi: 0.588756530751691" "Xi: 0.592736455724481" "Xi: 0.554048040372614"
[10] "Xi: 0.522041168341374" "Xi: 0.497411489282255" "Xi: 0.487018587265172"
[13] "Xi: 0.557609360649187" "Xi: 0.560195623865186" "Xi: 0.632994585057803"
[16] "Xi: 0.59019532658661"  "Xi: 0.57367073729536"  "Xi: 0.559885302705311"
[19] "Xi: 0.557317024294713" "Xi: 0.575260041066376"
Time difference of 3.951343 mins
[1] "Rho"
[1] 1073.513 1073.400 1073.628 1073.534 1073.478
[1] "It: 19"
[1] "sigma:"           "0.92594892465687" "beta :"           "1"               
[1] "rho/theta:" "1"         
Time difference of 1.711415 secs
[1] " old Likelihood:  -7458298.11741568"
[1] "New Likelihood:  -7458293.49450939"
[1] 4998180
[1] 4998185
iter:  0  f-value:  5374.067  pgrad:  0.9353019 
iter:  10  f-value:  5374.059  pgrad:  0.3660582 
iter:  20  f-value:  5374.059  pgrad:  0.3641435 
iter:  30  f-value:  5374.059  pgrad:  0.1610624 
  Unsuccessful convergence.
[1] 0.9349965
 [1] "Xi: 0.50771852166843"  "Xi: 0.509696701612814" "Xi: 0.521003878052952"
 [4] "Xi: 0.544283689662064" "Xi: 0.576962892531842" "Xi: 0.577277498783862"
 [7] "Xi: 0.589264480999327" "Xi: 0.59322156643756"  "Xi: 0.553729052554167"
[10] "Xi: 0.52194351224303"  "Xi: 0.49758333794312"  "Xi: 0.486541563556597"
[13] "Xi: 0.558155475767736" "Xi: 0.559485326626174" "Xi: 0.634183956205432"
[16] "Xi: 0.589788660630828" "Xi: 0.573710034398233" "Xi: 0.55992742098853" 
[19] "Xi: 0.557112494352026" "Xi: 0.575673639611077"
Time difference of 3.959067 mins
[1] "Rho"
[1] 1073.513 1073.400 1073.628 1073.534 1073.478
[1] "It: 20"
[1] "sigma:"            "0.925646563463359" "beta :"           
[4] "1"                
[1] "rho/theta:" "1"         
Time difference of 1.707283 secs
[1] " old Likelihood:  -7458293.49450939"
[1] "New Likelihood:  -7458289.49858922"
[1] 4998180
[1] 4998185
iter:  0  f-value:  5388.367  pgrad:  0.9349965 
iter:  10  f-value:  5388.36  pgrad:  0.3648557 
iter:  20  f-value:  5388.36  pgrad:  0.1625267 
iter:  30  f-value:  5388.36  pgrad:  0.5599884 
  Unsuccessful convergence.
[1] 0.9347622
 [1] "Xi: 0.507836997166187" "Xi: 0.50982765064832"  "Xi: 0.521198296844169"
 [4] "Xi: 0.544559599346012" "Xi: 0.577278083194266" "Xi: 0.577561214490905"
 [7] "Xi: 0.589727373710464" "Xi: 0.593665541545575" "Xi: 0.553402402904632"
[10] "Xi: 0.521807527468906" "Xi: 0.497817788621877" "Xi: 0.486054443705691"
[13] "Xi: 0.558754633592429" "Xi: 0.558849881633255" "Xi: 0.635390746820889"
[16] "Xi: 0.589375091028344" "Xi: 0.573757007866243" "Xi: 0.559975096755017"
[19] "Xi: 0.556899309790561" "Xi: 0.576100125867167"
Time difference of 3.943486 mins
[1] 1 1 1 1 1
[1] 1 1 1 1 1
saved RDS
inference successful
