[1] "Original length"
[1] 999811
[1] "Final length"
[1] 17985
[1] "sequence length : 999812" "sequence length : 999691"
[3] "sequence length : 999863" "sequence length : 999556"
[5] "sequence length : 999725"
[1] 1 1 1 1 1
[1] "Beta: 1"
[1] "Self: 0.5"
 [1] 0 0 0 0 0 0 0 0 0 0 0 0 0 0 0 0 0 0 0 0
[1] "maxIt: 20"
[1] "It: 1"
 [1] "sigma:" "0.5"    "0.5"    "0.5"    "0.5"    "0.5"    "0.5"    "0.5"   
 [9] "0.5"    "0.5"    "0.5"    "0.5"    "0.5"    "0.5"    "0.5"    "0.5"   
[17] "0.5"    "0.5"    "0.5"    "0"      "0"      "0"      "0"      "0"     
[25] "0"      "0"      "0"      "0"      "0"      "0"      "0"      "0"     
[33] "0"      "0"      "0"      "0"      "0"      "0"      "0"      "0"     
[41] "0"      "beta :" "1"     
[1] 9845850
[1] 9845455
[1] 9845258
[1] 9844971
[1] 9844557
[1] 9843972
[1] 9843180
[1] 9842201
[1] 9841164
[1] 9840312
[1] 9840094
[1] 9841101
[1] 9843924
[1] 9849441
[1] 9858171
[1] 9869139
[1] 9878668
[1] 9884731
[1] 9887027
[1] 9887857
[1] 9887962
 [1] "sigma:" "0.9655" "0.9655" "0.9655" "0.9655" "0.9655" "0.9655" "0.9655"
 [9] "0.9655" "0.9655" "0.9655" "0.9655" "0.9655" "0.9655" "0.9655" "0.9655"
[17] "0.9655" "0.9655" "0.9655" "0.9655" "0.9655" "0.4"    "0.4"    "0.4"   
[25] "0.4"    "0.4"    "0.4"    "0.4"    "0.4"    "0.4"    "0.4"    "0.4"   
[33] "0.4"    "0.4"    "0.4"    "0.4"    "0.4"    "0.4"    "0.4"    "0.4"   
[41] "0.4"    "beta :" "1"     
[1] "New Likelihood:  -9840093.6831094"
iter:  0  f-value:  29542.07  pgrad:  0.8 
iter:  10  f-value:  29541.68  pgrad:  0.7982083 
iter:  20  f-value:  29541.47  pgrad:  0.7944794 
iter:  30  f-value:  29541.45  pgrad:  0.7897659 
  Unsuccessful convergence.
Time difference of 38.70478 mins
[1] "maxIt: 20"
[1] "It: 2"
 [1] "sigma:"            "0.976601373385615" "0.976601373385615"
 [4] "0.976601373385615" "0.976601373385615" "0.976601373385615"
 [7] "0.976601373385615" "0.976601373385615" "0.976601373385615"
[10] "0.976601373385615" "0.976601373385615" "0.976601373385615"
[13] "0.976601373385615" "0.976601373385615" "0.976601373385615"
[16] "0.976601373385615" "0.976601373385615" "0.976601373385615"
[19] "0.976601373385615" "0.976601373385615" "0.976601373385615"
[22] "0.394851943065009" "0.394851943065009" "0.394851943065009"
[25] "0.394851943065009" "0.394851943065009" "0.394851943065009"
[28] "0.394851943065009" "0.394851943065009" "0.394851943065009"
[31] "0.394851943065009" "0.394851943065009" "0.394851943065009"
[34] "0.394851943065009" "0.394851943065009" "0.394851943065009"
[37] "0.394851943065009" "0.394851943065009" "0.394851943065009"
[40] "0.394851943065009" "0.394851943065009" "beta :"           
[43] "1"                
[1] 9840170
[1] 9839898
[1] 9840970
 [1] "sigma:"            "0.976601373385615" "0.976601373385615"
 [4] "0.976601373385615" "0.976601373385615" "0.976601373385615"
 [7] "0.976601373385615" "0.976601373385615" "0.976601373385615"
[10] "0.976601373385615" "0.976601373385615" "0.976601373385615"
[13] "0.976601373385615" "0.976601373385615" "0.976601373385615"
[16] "0.976601373385615" "0.976601373385615" "0.976601373385615"
[19] "0.976601373385615" "0.976601373385615" "0.976601373385615"
[22] "0.369851943065009" "0.369851943065009" "0.369851943065009"
[25] "0.369851943065009" "0.369851943065009" "0.369851943065009"
[28] "0.369851943065009" "0.369851943065009" "0.369851943065009"
[31] "0.369851943065009" "0.369851943065009" "0.369851943065009"
[34] "0.369851943065009" "0.369851943065009" "0.369851943065009"
[37] "0.369851943065009" "0.369851943065009" "0.369851943065009"
[40] "0.369851943065009" "0.369851943065009" "beta :"           
[43] "1"                
[1] " old Likelihood:  -9840093.6831094"
[1] "New Likelihood:  -9839897.85128206"
iter:  0  f-value:  30296.46  pgrad:  0.5014344 
iter:  10  f-value:  30296.24  pgrad:  0.7391705 
iter:  20  f-value:  30296.14  pgrad:  0.7347635 
iter:  30  f-value:  30296.13  pgrad:  0.7311719 
  Unsuccessful convergence.
Time difference of 10.06108 mins
[1] "maxIt: 20"
[1] "It: 3"
 [1] "sigma:"            "0.982671569479071" "0.982671569479071"
 [4] "0.982671569479071" "0.982671569479071" "0.982671569479071"
 [7] "0.982671569479071" "0.982671569479071" "0.982671569479071"
[10] "0.982671569479071" "0.982671569479071" "0.982671569479071"
[13] "0.982671569479071" "0.982671569479071" "0.982671569479071"
[16] "0.982671569479071" "0.982671569479071" "0.982671569479071"
[19] "0.982671569479071" "0.982671569479071" "0.982671569479071"
[22] "0.365541512264561" "0.365541512264561" "0.365541512264561"
[25] "0.365541512264561" "0.365541512264561" "0.365541512264561"
[28] "0.365541512264561" "0.365541512264561" "0.365541512264561"
[31] "0.365541512264561" "0.365541512264561" "0.365541512264561"
[34] "0.365541512264561" "0.365541512264561" "0.365541512264561"
[37] "0.365541512264561" "0.365541512264561" "0.365541512264561"
[40] "0.365541512264561" "0.365541512264561" "beta :"           
[43] "1"                
[1] 9840127
[1] 9839811
[1] 9840878
 [1] "sigma:"            "0.982671569479071" "0.982671569479071"
 [4] "0.982671569479071" "0.982671569479071" "0.982671569479071"
 [7] "0.982671569479071" "0.982671569479071" "0.982671569479071"
[10] "0.982671569479071" "0.982671569479071" "0.982671569479071"
[13] "0.982671569479071" "0.982671569479071" "0.982671569479071"
[16] "0.982671569479071" "0.982671569479071" "0.982671569479071"
[19] "0.982671569479071" "0.982671569479071" "0.982671569479071"
[22] "0.365541512264561" "0.365541512264561" "0.365541512264561"
[25] "0.365541512264561" "0.365541512264561" "0.365541512264561"
[28] "0.365541512264561" "0.365541512264561" "0.365541512264561"
[31] "0.365541512264561" "0.365541512264561" "0.365541512264561"
[34] "0.365541512264561" "0.365541512264561" "0.365541512264561"
[37] "0.365541512264561" "0.365541512264561" "0.365541512264561"
[40] "0.365541512264561" "0.365541512264561" "beta :"           
[43] "1"                
[1] " old Likelihood:  -9839897.85128206"
[1] "New Likelihood:  -9839811.16921896"
iter:  0  f-value:  30288.81  pgrad:  0.731083 
iter:  10  f-value:  30288.74  pgrad:  0.7300289 
iter:  20  f-value:  30288.73  pgrad:  0.7280478 
iter:  30  f-value:  30288.72  pgrad:  0.7264333 
  Unsuccessful convergence.
Time difference of 9.474813 mins
[1] "maxIt: 20"
[1] "It: 4"
 [1] "sigma:"            "0.985424297138643" "0.985424297138643"
 [4] "0.985424297138643" "0.985424297138643" "0.985424297138643"
 [7] "0.985424297138643" "0.985424297138643" "0.985424297138643"
[10] "0.985424297138643" "0.985424297138643" "0.985424297138643"
[13] "0.985424297138643" "0.985424297138643" "0.985424297138643"
[16] "0.985424297138643" "0.985424297138643" "0.985424297138643"
[19] "0.985424297138643" "0.985424297138643" "0.985424297138643"
[22] "0.363131127082031" "0.363131127082031" "0.363131127082031"
[25] "0.363131127082031" "0.363131127082031" "0.363131127082031"
[28] "0.363131127082031" "0.363131127082031" "0.363131127082031"
[31] "0.363131127082031" "0.363131127082031" "0.363131127082031"
[34] "0.363131127082031" "0.363131127082031" "0.363131127082031"
[37] "0.363131127082031" "0.363131127082031" "0.363131127082031"
[40] "0.363131127082031" "0.363131127082031" "beta :"           
[43] "1"                
[1] 9840123
[1] 9839788
[1] 9840856
 [1] "sigma:"            "0.985424297138643" "0.985424297138643"
 [4] "0.985424297138643" "0.985424297138643" "0.985424297138643"
 [7] "0.985424297138643" "0.985424297138643" "0.985424297138643"
[10] "0.985424297138643" "0.985424297138643" "0.985424297138643"
[13] "0.985424297138643" "0.985424297138643" "0.985424297138643"
[16] "0.985424297138643" "0.985424297138643" "0.985424297138643"
[19] "0.985424297138643" "0.985424297138643" "0.985424297138643"
[22] "0.338131127082031" "0.338131127082031" "0.338131127082031"
[25] "0.338131127082031" "0.338131127082031" "0.338131127082031"
[28] "0.338131127082031" "0.338131127082031" "0.338131127082031"
[31] "0.338131127082031" "0.338131127082031" "0.338131127082031"
[34] "0.338131127082031" "0.338131127082031" "0.338131127082031"
[37] "0.338131127082031" "0.338131127082031" "0.338131127082031"
[40] "0.338131127082031" "0.338131127082031" "beta :"           
[43] "1"                
[1] " old Likelihood:  -9839811.16921896"
[1] "New Likelihood:  -9839787.85856121"
iter:  0  f-value:  31026.47  pgrad:  0.5004562 
iter:  10  f-value:  31026.39  pgrad:  0.6759655 
iter:  20  f-value:  31026.38  pgrad:  0.6737505 
iter:  30  f-value:  31026.37  pgrad:  0.4990808 
  Unsuccessful convergence.
Time difference of 10.06974 mins
[1] "maxIt: 20"
[1] "It: 5"
 [1] "sigma:"            "0.986766648541576" "0.986766648541576"
 [4] "0.986766648541576" "0.986766648541576" "0.986766648541576"
 [7] "0.986766648541576" "0.986766648541576" "0.986766648541576"
[10] "0.986766648541576" "0.986766648541576" "0.986766648541576"
[13] "0.986766648541576" "0.986766648541576" "0.986766648541576"
[16] "0.986766648541576" "0.986766648541576" "0.986766648541576"
[19] "0.986766648541576" "0.986766648541576" "0.986766648541576"
[22] "0.3346583984879"   "0.3346583984879"   "0.3346583984879"  
[25] "0.3346583984879"   "0.3346583984879"   "0.3346583984879"  
[28] "0.3346583984879"   "0.3346583984879"   "0.3346583984879"  
[31] "0.3346583984879"   "0.3346583984879"   "0.3346583984879"  
[34] "0.3346583984879"   "0.3346583984879"   "0.3346583984879"  
[37] "0.3346583984879"   "0.3346583984879"   "0.3346583984879"  
[40] "0.3346583984879"   "0.3346583984879"   "beta :"           
[43] "1"                
[1] 9840135
[1] 9839763
[1] 9840782
 [1] "sigma:"            "0.986766648541576" "0.986766648541576"
 [4] "0.986766648541576" "0.986766648541576" "0.986766648541576"
 [7] "0.986766648541576" "0.986766648541576" "0.986766648541576"
[10] "0.986766648541576" "0.986766648541576" "0.986766648541576"
[13] "0.986766648541576" "0.986766648541576" "0.986766648541576"
[16] "0.986766648541576" "0.986766648541576" "0.986766648541576"
[19] "0.986766648541576" "0.986766648541576" "0.986766648541576"
[22] "0.3346583984879"   "0.3346583984879"   "0.3346583984879"  
[25] "0.3346583984879"   "0.3346583984879"   "0.3346583984879"  
[28] "0.3346583984879"   "0.3346583984879"   "0.3346583984879"  
[31] "0.3346583984879"   "0.3346583984879"   "0.3346583984879"  
[34] "0.3346583984879"   "0.3346583984879"   "0.3346583984879"  
[37] "0.3346583984879"   "0.3346583984879"   "0.3346583984879"  
[40] "0.3346583984879"   "0.3346583984879"   "beta :"           
[43] "1"                
[1] " old Likelihood:  -9839787.85856121"
[1] "New Likelihood:  -9839762.73987488"
iter:  0  f-value:  31028.13  pgrad:  0.5001939 
iter:  10  f-value:  31028.11  pgrad:  0.6690569 
iter:  20  f-value:  31028.11  pgrad:  0.6670377 
iter:  30  f-value:  31028.11  pgrad:  0.4404501 
  Unsuccessful convergence.
Time difference of 9.487353 mins
[1] "maxIt: 20"
[1] "It: 6"
 [1] "sigma:"            "0.987234496296689" "0.987234496296689"
 [4] "0.987234496296689" "0.987234496296689" "0.987234496296689"
 [7] "0.987234496296689" "0.987234496296689" "0.987234496296689"
[10] "0.987234496296689" "0.987234496296689" "0.987234496296689"
[13] "0.987234496296689" "0.987234496296689" "0.987234496296689"
[16] "0.987234496296689" "0.987234496296689" "0.987234496296689"
[19] "0.987234496296689" "0.987234496296689" "0.987234496296689"
[22] "0.332890448228001" "0.332890448228001" "0.332890448228001"
[25] "0.332890448228001" "0.332890448228001" "0.332890448228001"
[28] "0.332890448228001" "0.332890448228001" "0.332890448228001"
[31] "0.332890448228001" "0.332890448228001" "0.332890448228001"
[34] "0.332890448228001" "0.332890448228001" "0.332890448228001"
[37] "0.332890448228001" "0.332890448228001" "0.332890448228001"
[40] "0.332890448228001" "0.332890448228001" "beta :"           
[43] "1"                
[1] 9840142
[1] 9839758
[1] 9840753
 [1] "sigma:"            "0.987234496296689" "0.987234496296689"
 [4] "0.987234496296689" "0.987234496296689" "0.987234496296689"
 [7] "0.987234496296689" "0.987234496296689" "0.987234496296689"
[10] "0.987234496296689" "0.987234496296689" "0.987234496296689"
[13] "0.987234496296689" "0.987234496296689" "0.987234496296689"
[16] "0.987234496296689" "0.987234496296689" "0.987234496296689"
[19] "0.987234496296689" "0.987234496296689" "0.987234496296689"
[22] "0.332890448228001" "0.332890448228001" "0.332890448228001"
[25] "0.332890448228001" "0.332890448228001" "0.332890448228001"
[28] "0.332890448228001" "0.332890448228001" "0.332890448228001"
[31] "0.332890448228001" "0.332890448228001" "0.332890448228001"
[34] "0.332890448228001" "0.332890448228001" "0.332890448228001"
[37] "0.332890448228001" "0.332890448228001" "0.332890448228001"
[40] "0.332890448228001" "0.332890448228001" "beta :"           
[43] "1"                
[1] " old Likelihood:  -9839762.73987488"
[1] "New Likelihood:  -9839757.94235847"
iter:  0  f-value:  31037.85  pgrad:  0.603286 
iter:  10  f-value:  31037.85  pgrad:  0.6653221 
iter:  20  f-value:  31037.84  pgrad:  0.6642568 
iter:  30  f-value:  31037.84  pgrad:  0.6639867 
  Unsuccessful convergence.
Time difference of 9.482726 mins
[1] "maxIt: 20"
[1] "It: 7"
 [1] "sigma:"            "0.987386595051594" "0.987386595051594"
 [4] "0.987386595051594" "0.987386595051594" "0.987386595051594"
 [7] "0.987386595051594" "0.987386595051594" "0.987386595051594"
[10] "0.987386595051594" "0.987386595051594" "0.987386595051594"
[13] "0.987386595051594" "0.987386595051594" "0.987386595051594"
[16] "0.987386595051594" "0.987386595051594" "0.987386595051594"
[19] "0.987386595051594" "0.987386595051594" "0.987386595051594"
[22] "0.331715869668938" "0.331715869668938" "0.331715869668938"
[25] "0.331715869668938" "0.331715869668938" "0.331715869668938"
[28] "0.331715869668938" "0.331715869668938" "0.331715869668938"
[31] "0.331715869668938" "0.331715869668938" "0.331715869668938"
[34] "0.331715869668938" "0.331715869668938" "0.331715869668938"
[37] "0.331715869668938" "0.331715869668938" "0.331715869668938"
[40] "0.331715869668938" "0.331715869668938" "beta :"           
[43] "1"                
[1] 9840146
[1] 9839756
[1] 9840736
 [1] "sigma:"            "0.987386595051594" "0.987386595051594"
 [4] "0.987386595051594" "0.987386595051594" "0.987386595051594"
 [7] "0.987386595051594" "0.987386595051594" "0.987386595051594"
[10] "0.987386595051594" "0.987386595051594" "0.987386595051594"
[13] "0.987386595051594" "0.987386595051594" "0.987386595051594"
[16] "0.987386595051594" "0.987386595051594" "0.987386595051594"
[19] "0.987386595051594" "0.987386595051594" "0.987386595051594"
[22] "0.331715869668938" "0.331715869668938" "0.331715869668938"
[25] "0.331715869668938" "0.331715869668938" "0.331715869668938"
[28] "0.331715869668938" "0.331715869668938" "0.331715869668938"
[31] "0.331715869668938" "0.331715869668938" "0.331715869668938"
[34] "0.331715869668938" "0.331715869668938" "0.331715869668938"
[37] "0.331715869668938" "0.331715869668938" "0.331715869668938"
[40] "0.331715869668938" "0.331715869668938" "beta :"           
[43] "1"                
[1] " old Likelihood:  -9839757.94235847"
[1] "New Likelihood:  -9839756.42215975"
iter:  0  f-value:  31051.81  pgrad:  0.6634317 
iter:  10  f-value:  31051.81  pgrad:  0.6629561 
iter:  20  f-value:  31051.81  pgrad:  0.4986318 
iter:  30  f-value:  31051.81  pgrad:  0.3695459 
  Unsuccessful convergence.
Time difference of 9.475917 mins
[1] "maxIt: 20"
[1] "It: 8"
 [1] "sigma:"            "0.98741981452153"  "0.98741981452153" 
 [4] "0.98741981452153"  "0.98741981452153"  "0.98741981452153" 
 [7] "0.98741981452153"  "0.98741981452153"  "0.98741981452153" 
[10] "0.98741981452153"  "0.98741981452153"  "0.98741981452153" 
[13] "0.98741981452153"  "0.98741981452153"  "0.98741981452153" 
[16] "0.98741981452153"  "0.98741981452153"  "0.98741981452153" 
[19] "0.98741981452153"  "0.98741981452153"  "0.98741981452153" 
[22] "0.330784757207951" "0.330784757207951" "0.330784757207951"
[25] "0.330784757207951" "0.330784757207951" "0.330784757207951"
[28] "0.330784757207951" "0.330784757207951" "0.330784757207951"
[31] "0.330784757207951" "0.330784757207951" "0.330784757207951"
[34] "0.330784757207951" "0.330784757207951" "0.330784757207951"
[37] "0.330784757207951" "0.330784757207951" "0.330784757207951"
[40] "0.330784757207951" "0.330784757207951" "beta :"           
[43] "1"                
[1] 9840148
[1] 9839756
[1] 9840727
 [1] "sigma:"            "0.98741981452153"  "0.98741981452153" 
 [4] "0.98741981452153"  "0.98741981452153"  "0.98741981452153" 
 [7] "0.98741981452153"  "0.98741981452153"  "0.98741981452153" 
[10] "0.98741981452153"  "0.98741981452153"  "0.98741981452153" 
[13] "0.98741981452153"  "0.98741981452153"  "0.98741981452153" 
[16] "0.98741981452153"  "0.98741981452153"  "0.98741981452153" 
[19] "0.98741981452153"  "0.98741981452153"  "0.98741981452153" 
[22] "0.330784757207951" "0.330784757207951" "0.330784757207951"
[25] "0.330784757207951" "0.330784757207951" "0.330784757207951"
[28] "0.330784757207951" "0.330784757207951" "0.330784757207951"
[31] "0.330784757207951" "0.330784757207951" "0.330784757207951"
[34] "0.330784757207951" "0.330784757207951" "0.330784757207951"
[37] "0.330784757207951" "0.330784757207951" "0.330784757207951"
[40] "0.330784757207951" "0.330784757207951" "beta :"           
[43] "1"                
[1] " old Likelihood:  -9839756.42215975"
[1] "New Likelihood:  -9839755.56051062"
iter:  0  f-value:  31067.46  pgrad:  0.6615695 
iter:  10  f-value:  31067.45  pgrad:  0.6612349 
iter:  20  f-value:  31067.45  pgrad:  0.5042039 
iter:  30  f-value:  31067.45  pgrad:  0.3755486 
  Unsuccessful convergence.
Time difference of 9.458922 mins
[1] "maxIt: 20"
[1] "It: 9"
 [1] "sigma:"            "0.987408726371593" "0.987408726371593"
 [4] "0.987408726371593" "0.987408726371593" "0.987408726371593"
 [7] "0.987408726371593" "0.987408726371593" "0.987408726371593"
[10] "0.987408726371593" "0.987408726371593" "0.987408726371593"
[13] "0.987408726371593" "0.987408726371593" "0.987408726371593"
[16] "0.987408726371593" "0.987408726371593" "0.987408726371593"
[19] "0.987408726371593" "0.987408726371593" "0.987408726371593"
[22] "0.329856959761535" "0.329856959761535" "0.329856959761535"
[25] "0.329856959761535" "0.329856959761535" "0.329856959761535"
[28] "0.329856959761535" "0.329856959761535" "0.329856959761535"
[31] "0.329856959761535" "0.329856959761535" "0.329856959761535"
[34] "0.329856959761535" "0.329856959761535" "0.329856959761535"
[37] "0.329856959761535" "0.329856959761535" "0.329856959761535"
[40] "0.329856959761535" "0.329856959761535" "beta :"           
[43] "1"                
[1] 9840150
[1] 9839755
[1] 9840719
 [1] "sigma:"            "0.987408726371593" "0.987408726371593"
 [4] "0.987408726371593" "0.987408726371593" "0.987408726371593"
 [7] "0.987408726371593" "0.987408726371593" "0.987408726371593"
[10] "0.987408726371593" "0.987408726371593" "0.987408726371593"
[13] "0.987408726371593" "0.987408726371593" "0.987408726371593"
[16] "0.987408726371593" "0.987408726371593" "0.987408726371593"
[19] "0.987408726371593" "0.987408726371593" "0.987408726371593"
[22] "0.329856959761535" "0.329856959761535" "0.329856959761535"
[25] "0.329856959761535" "0.329856959761535" "0.329856959761535"
[28] "0.329856959761535" "0.329856959761535" "0.329856959761535"
[31] "0.329856959761535" "0.329856959761535" "0.329856959761535"
[34] "0.329856959761535" "0.329856959761535" "0.329856959761535"
[37] "0.329856959761535" "0.329856959761535" "0.329856959761535"
[40] "0.329856959761535" "0.329856959761535" "beta :"           
[43] "1"                
[1] " old Likelihood:  -9839755.56051062"
[1] "New Likelihood:  -9839754.93645429"
iter:  0  f-value:  31085.31  pgrad:  0.6597139 
iter:  10  f-value:  31085.31  pgrad:  0.6594007 
iter:  20  f-value:  31085.31  pgrad:  0.5005531 
iter:  30  f-value:  31085.3  pgrad:  0.2453453 
  Unsuccessful convergence.
Time difference of 9.465799 mins
[1] "maxIt: 20"
[1] "It: 10"
 [1] "sigma:"            "0.987385554962937" "0.987385554962937"
 [4] "0.987385554962937" "0.987385554962937" "0.987385554962937"
 [7] "0.987385554962937" "0.987385554962937" "0.987385554962937"
[10] "0.987385554962937" "0.987385554962937" "0.987385554962937"
[13] "0.987385554962937" "0.987385554962937" "0.987385554962937"
[16] "0.987385554962937" "0.987385554962937" "0.987385554962937"
[19] "0.987385554962937" "0.987385554962937" "0.987385554962937"
[22] "0.329073497709681" "0.329073497709681" "0.329073497709681"
[25] "0.329073497709681" "0.329073497709681" "0.329073497709681"
[28] "0.329073497709681" "0.329073497709681" "0.329073497709681"
[31] "0.329073497709681" "0.329073497709681" "0.329073497709681"
[34] "0.329073497709681" "0.329073497709681" "0.329073497709681"
[37] "0.329073497709681" "0.329073497709681" "0.329073497709681"
[40] "0.329073497709681" "0.329073497709681" "beta :"           
[43] "1"                
[1] 9840151
[1] 9839754
[1] 9840713
 [1] "sigma:"            "0.987385554962937" "0.987385554962937"
 [4] "0.987385554962937" "0.987385554962937" "0.987385554962937"
 [7] "0.987385554962937" "0.987385554962937" "0.987385554962937"
[10] "0.987385554962937" "0.987385554962937" "0.987385554962937"
[13] "0.987385554962937" "0.987385554962937" "0.987385554962937"
[16] "0.987385554962937" "0.987385554962937" "0.987385554962937"
[19] "0.987385554962937" "0.987385554962937" "0.987385554962937"
[22] "0.329073497709681" "0.329073497709681" "0.329073497709681"
[25] "0.329073497709681" "0.329073497709681" "0.329073497709681"
[28] "0.329073497709681" "0.329073497709681" "0.329073497709681"
[31] "0.329073497709681" "0.329073497709681" "0.329073497709681"
[34] "0.329073497709681" "0.329073497709681" "0.329073497709681"
[37] "0.329073497709681" "0.329073497709681" "0.329073497709681"
[40] "0.329073497709681" "0.329073497709681" "beta :"           
[43] "1"                
[1] " old Likelihood:  -9839754.93645429"
[1] "New Likelihood:  -9839754.37949583"
iter:  0  f-value:  31102.12  pgrad:  0.658147 
iter:  10  f-value:  31102.11  pgrad:  0.6578525 
iter:  20  f-value:  31102.11  pgrad:  0.49834 
iter:  30  f-value:  31102.11  pgrad:  0.1858643 
  Unsuccessful convergence.
Time difference of 9.441455 mins
[1] "maxIt: 20"
[1] "It: 11"
 [1] "sigma:"            "0.987361458019134" "0.987361458019134"
 [4] "0.987361458019134" "0.987361458019134" "0.987361458019134"
 [7] "0.987361458019134" "0.987361458019134" "0.987361458019134"
[10] "0.987361458019134" "0.987361458019134" "0.987361458019134"
[13] "0.987361458019134" "0.987361458019134" "0.987361458019134"
[16] "0.987361458019134" "0.987361458019134" "0.987361458019134"
[19] "0.987361458019134" "0.987361458019134" "0.987361458019134"
[22] "0.328232187486592" "0.328232187486592" "0.328232187486592"
[25] "0.328232187486592" "0.328232187486592" "0.328232187486592"
[28] "0.328232187486592" "0.328232187486592" "0.328232187486592"
[31] "0.328232187486592" "0.328232187486592" "0.328232187486592"
[34] "0.328232187486592" "0.328232187486592" "0.328232187486592"
[37] "0.328232187486592" "0.328232187486592" "0.328232187486592"
[40] "0.328232187486592" "0.328232187486592" "beta :"           
[43] "1"                
[1] 9840152
[1] 9839754
[1] 9840708
 [1] "sigma:"            "0.987361458019134" "0.987361458019134"
 [4] "0.987361458019134" "0.987361458019134" "0.987361458019134"
 [7] "0.987361458019134" "0.987361458019134" "0.987361458019134"
[10] "0.987361458019134" "0.987361458019134" "0.987361458019134"
[13] "0.987361458019134" "0.987361458019134" "0.987361458019134"
[16] "0.987361458019134" "0.987361458019134" "0.987361458019134"
[19] "0.987361458019134" "0.987361458019134" "0.987361458019134"
[22] "0.328232187486592" "0.328232187486592" "0.328232187486592"
[25] "0.328232187486592" "0.328232187486592" "0.328232187486592"
[28] "0.328232187486592" "0.328232187486592" "0.328232187486592"
[31] "0.328232187486592" "0.328232187486592" "0.328232187486592"
[34] "0.328232187486592" "0.328232187486592" "0.328232187486592"
[37] "0.328232187486592" "0.328232187486592" "0.328232187486592"
[40] "0.328232187486592" "0.328232187486592" "beta :"           
[43] "1"                
[1] " old Likelihood:  -9839754.37949583"
[1] "New Likelihood:  -9839753.89320787"
iter:  0  f-value:  31120.53  pgrad:  0.6564644 
iter:  10  f-value:  31120.53  pgrad:  0.6561868 
iter:  20  f-value:  31120.53  pgrad:  0.4982635 
iter:  30  f-value:  31120.53  pgrad:  0.3808964 
  Unsuccessful convergence.
Time difference of 9.463057 mins
[1] "maxIt: 20"
[1] "It: 12"
 [1] "sigma:"            "0.987339651665478" "0.987339651665478"
 [4] "0.987339651665478" "0.987339651665478" "0.987339651665478"
 [7] "0.987339651665478" "0.987339651665478" "0.987339651665478"
[10] "0.987339651665478" "0.987339651665478" "0.987339651665478"
[13] "0.987339651665478" "0.987339651665478" "0.987339651665478"
[16] "0.987339651665478" "0.987339651665478" "0.987339651665478"
[19] "0.987339651665478" "0.987339651665478" "0.987339651665478"
[22] "0.327617791262576" "0.327617791262576" "0.327617791262576"
[25] "0.327617791262576" "0.327617791262576" "0.327617791262576"
[28] "0.327617791262576" "0.327617791262576" "0.327617791262576"
[31] "0.327617791262576" "0.327617791262576" "0.327617791262576"
[34] "0.327617791262576" "0.327617791262576" "0.327617791262576"
[37] "0.327617791262576" "0.327617791262576" "0.327617791262576"
[40] "0.327617791262576" "0.327617791262576" "beta :"           
[43] "1"                
[1] 9840153
[1] 9839753
[1] 9840705
 [1] "sigma:"            "0.987339651665478" "0.987339651665478"
 [4] "0.987339651665478" "0.987339651665478" "0.987339651665478"
 [7] "0.987339651665478" "0.987339651665478" "0.987339651665478"
[10] "0.987339651665478" "0.987339651665478" "0.987339651665478"
[13] "0.987339651665478" "0.987339651665478" "0.987339651665478"
[16] "0.987339651665478" "0.987339651665478" "0.987339651665478"
[19] "0.987339651665478" "0.987339651665478" "0.987339651665478"
[22] "0.327617791262576" "0.327617791262576" "0.327617791262576"
[25] "0.327617791262576" "0.327617791262576" "0.327617791262576"
[28] "0.327617791262576" "0.327617791262576" "0.327617791262576"
[31] "0.327617791262576" "0.327617791262576" "0.327617791262576"
[34] "0.327617791262576" "0.327617791262576" "0.327617791262576"
[37] "0.327617791262576" "0.327617791262576" "0.327617791262576"
[40] "0.327617791262576" "0.327617791262576" "beta :"           
[43] "1"                
[1] " old Likelihood:  -9839753.89320787"
[1] "New Likelihood:  -9839753.393823"
iter:  0  f-value:  31134.54  pgrad:  0.6552356 
iter:  10  f-value:  31134.54  pgrad:  0.654967 
iter:  20  f-value:  31134.54  pgrad:  0.4981663 
iter:  30  f-value:  31134.54  pgrad:  0.2923844 
  Unsuccessful convergence.
Time difference of 9.466706 mins
[1] "maxIt: 20"
[1] "It: 13"
 [1] "sigma:"            "0.987321618603627" "0.987321618603627"
 [4] "0.987321618603627" "0.987321618603627" "0.987321618603627"
 [7] "0.987321618603627" "0.987321618603627" "0.987321618603627"
[10] "0.987321618603627" "0.987321618603627" "0.987321618603627"
[13] "0.987321618603627" "0.987321618603627" "0.987321618603627"
[16] "0.987321618603627" "0.987321618603627" "0.987321618603627"
[19] "0.987321618603627" "0.987321618603627" "0.987321618603627"
[22] "0.326938820461258" "0.326938820461258" "0.326938820461258"
[25] "0.326938820461258" "0.326938820461258" "0.326938820461258"
[28] "0.326938820461258" "0.326938820461258" "0.326938820461258"
[31] "0.326938820461258" "0.326938820461258" "0.326938820461258"
[34] "0.326938820461258" "0.326938820461258" "0.326938820461258"
[37] "0.326938820461258" "0.326938820461258" "0.326938820461258"
[40] "0.326938820461258" "0.326938820461258" "beta :"           
[43] "1"                
[1] 9840154
[1] 9839753
[1] 9840701
 [1] "sigma:"            "0.987321618603627" "0.987321618603627"
 [4] "0.987321618603627" "0.987321618603627" "0.987321618603627"
 [7] "0.987321618603627" "0.987321618603627" "0.987321618603627"
[10] "0.987321618603627" "0.987321618603627" "0.987321618603627"
[13] "0.987321618603627" "0.987321618603627" "0.987321618603627"
[16] "0.987321618603627" "0.987321618603627" "0.987321618603627"
[19] "0.987321618603627" "0.987321618603627" "0.987321618603627"
[22] "0.326938820461258" "0.326938820461258" "0.326938820461258"
[25] "0.326938820461258" "0.326938820461258" "0.326938820461258"
[28] "0.326938820461258" "0.326938820461258" "0.326938820461258"
[31] "0.326938820461258" "0.326938820461258" "0.326938820461258"
[34] "0.326938820461258" "0.326938820461258" "0.326938820461258"
[37] "0.326938820461258" "0.326938820461258" "0.326938820461258"
[40] "0.326938820461258" "0.326938820461258" "beta :"           
[43] "1"                
[1] " old Likelihood:  -9839753.393823"
[1] "New Likelihood:  -9839752.92003905"
iter:  0  f-value:  31149.75  pgrad:  0.6538776 
iter:  10  f-value:  31149.75  pgrad:  0.6536195 
iter:  20  f-value:  31149.75  pgrad:  0.4980906 
iter:  30  f-value:  31149.75  pgrad:  0.361797 
  Unsuccessful convergence.
Time difference of 9.448639 mins
[1] "maxIt: 20"
[1] "It: 14"
 [1] "sigma:"            "0.987307590149129" "0.987307590149129"
 [4] "0.987307590149129" "0.987307590149129" "0.987307590149129"
 [7] "0.987307590149129" "0.987307590149129" "0.987307590149129"
[10] "0.987307590149129" "0.987307590149129" "0.987307590149129"
[13] "0.987307590149129" "0.987307590149129" "0.987307590149129"
[16] "0.987307590149129" "0.987307590149129" "0.987307590149129"
[19] "0.987307590149129" "0.987307590149129" "0.987307590149129"
[22] "0.326188393720268" "0.326188393720268" "0.326188393720268"
[25] "0.326188393720268" "0.326188393720268" "0.326188393720268"
[28] "0.326188393720268" "0.326188393720268" "0.326188393720268"
[31] "0.326188393720268" "0.326188393720268" "0.326188393720268"
[34] "0.326188393720268" "0.326188393720268" "0.326188393720268"
[37] "0.326188393720268" "0.326188393720268" "0.326188393720268"
[40] "0.326188393720268" "0.326188393720268" "beta :"           
[43] "1"                
[1] 9840155
[1] 9839752
[1] 9840697
 [1] "sigma:"            "0.987307590149129" "0.987307590149129"
 [4] "0.987307590149129" "0.987307590149129" "0.987307590149129"
 [7] "0.987307590149129" "0.987307590149129" "0.987307590149129"
[10] "0.987307590149129" "0.987307590149129" "0.987307590149129"
[13] "0.987307590149129" "0.987307590149129" "0.987307590149129"
[16] "0.987307590149129" "0.987307590149129" "0.987307590149129"
[19] "0.987307590149129" "0.987307590149129" "0.987307590149129"
[22] "0.326188393720268" "0.326188393720268" "0.326188393720268"
[25] "0.326188393720268" "0.326188393720268" "0.326188393720268"
[28] "0.326188393720268" "0.326188393720268" "0.326188393720268"
[31] "0.326188393720268" "0.326188393720268" "0.326188393720268"
[34] "0.326188393720268" "0.326188393720268" "0.326188393720268"
[37] "0.326188393720268" "0.326188393720268" "0.326188393720268"
[40] "0.326188393720268" "0.326188393720268" "beta :"           
[43] "1"                
[1] " old Likelihood:  -9839752.92003905"
[1] "New Likelihood:  -9839752.48324567"
iter:  0  f-value:  31166.92  pgrad:  0.6523768 
iter:  10  f-value:  31166.92  pgrad:  0.6521314 
iter:  20  f-value:  31166.92  pgrad:  0.4980093 
iter:  30  f-value:  31166.92  pgrad:  0.1393346 
  Unsuccessful convergence.
Time difference of 9.455584 mins
[1] "maxIt: 20"
[1] "It: 15"
 [1] "sigma:"            "0.987293749175237" "0.987293749175237"
 [4] "0.987293749175237" "0.987293749175237" "0.987293749175237"
 [7] "0.987293749175237" "0.987293749175237" "0.987293749175237"
[10] "0.987293749175237" "0.987293749175237" "0.987293749175237"
[13] "0.987293749175237" "0.987293749175237" "0.987293749175237"
[16] "0.987293749175237" "0.987293749175237" "0.987293749175237"
[19] "0.987293749175237" "0.987293749175237" "0.987293749175237"
[22] "0.325475594959217" "0.325475594959217" "0.325475594959217"
[25] "0.325475594959217" "0.325475594959217" "0.325475594959217"
[28] "0.325475594959217" "0.325475594959217" "0.325475594959217"
[31] "0.325475594959217" "0.325475594959217" "0.325475594959217"
[34] "0.325475594959217" "0.325475594959217" "0.325475594959217"
[37] "0.325475594959217" "0.325475594959217" "0.325475594959217"
[40] "0.325475594959217" "0.325475594959217" "beta :"           
[43] "1"                
[1] 9840156
[1] 9839752
[1] 9840694
 [1] "sigma:"            "0.987293749175237" "0.987293749175237"
 [4] "0.987293749175237" "0.987293749175237" "0.987293749175237"
 [7] "0.987293749175237" "0.987293749175237" "0.987293749175237"
[10] "0.987293749175237" "0.987293749175237" "0.987293749175237"
[13] "0.987293749175237" "0.987293749175237" "0.987293749175237"
[16] "0.987293749175237" "0.987293749175237" "0.987293749175237"
[19] "0.987293749175237" "0.987293749175237" "0.987293749175237"
[22] "0.325475594959217" "0.325475594959217" "0.325475594959217"
[25] "0.325475594959217" "0.325475594959217" "0.325475594959217"
[28] "0.325475594959217" "0.325475594959217" "0.325475594959217"
[31] "0.325475594959217" "0.325475594959217" "0.325475594959217"
[34] "0.325475594959217" "0.325475594959217" "0.325475594959217"
[37] "0.325475594959217" "0.325475594959217" "0.325475594959217"
[40] "0.325475594959217" "0.325475594959217" "beta :"           
[43] "1"                
[1] " old Likelihood:  -9839752.48324567"
[1] "New Likelihood:  -9839752.01950594"
iter:  0  f-value:  31182.83  pgrad:  0.6509512 
iter:  10  f-value:  31182.83  pgrad:  0.6507129 
iter:  20  f-value:  31182.83  pgrad:  0.4979451 
iter:  30  f-value:  31182.83  pgrad:  0.3044261 
  Unsuccessful convergence.
Time difference of 9.431436 mins
[1] "maxIt: 20"
[1] "It: 16"
 [1] "sigma:"            "0.987280163536894" "0.987280163536894"
 [4] "0.987280163536894" "0.987280163536894" "0.987280163536894"
 [7] "0.987280163536894" "0.987280163536894" "0.987280163536894"
[10] "0.987280163536894" "0.987280163536894" "0.987280163536894"
[13] "0.987280163536894" "0.987280163536894" "0.987280163536894"
[16] "0.987280163536894" "0.987280163536894" "0.987280163536894"
[19] "0.987280163536894" "0.987280163536894" "0.987280163536894"
[22] "0.324904367783348" "0.324904367783348" "0.324904367783348"
[25] "0.324904367783348" "0.324904367783348" "0.324904367783348"
[28] "0.324904367783348" "0.324904367783348" "0.324904367783348"
[31] "0.324904367783348" "0.324904367783348" "0.324904367783348"
[34] "0.324904367783348" "0.324904367783348" "0.324904367783348"
[37] "0.324904367783348" "0.324904367783348" "0.324904367783348"
[40] "0.324904367783348" "0.324904367783348" "beta :"           
[43] "1"                
[1] 9840157
[1] 9839752
[1] 9840692
 [1] "sigma:"            "0.987280163536894" "0.987280163536894"
 [4] "0.987280163536894" "0.987280163536894" "0.987280163536894"
 [7] "0.987280163536894" "0.987280163536894" "0.987280163536894"
[10] "0.987280163536894" "0.987280163536894" "0.987280163536894"
[13] "0.987280163536894" "0.987280163536894" "0.987280163536894"
[16] "0.987280163536894" "0.987280163536894" "0.987280163536894"
[19] "0.987280163536894" "0.987280163536894" "0.987280163536894"
[22] "0.324904367783348" "0.324904367783348" "0.324904367783348"
[25] "0.324904367783348" "0.324904367783348" "0.324904367783348"
[28] "0.324904367783348" "0.324904367783348" "0.324904367783348"
[31] "0.324904367783348" "0.324904367783348" "0.324904367783348"
[34] "0.324904367783348" "0.324904367783348" "0.324904367783348"
[37] "0.324904367783348" "0.324904367783348" "0.324904367783348"
[40] "0.324904367783348" "0.324904367783348" "beta :"           
[43] "1"                
[1] " old Likelihood:  -9839752.01950594"
[1] "New Likelihood:  -9839751.57883869"
iter:  0  f-value:  31195.92  pgrad:  0.6498087 
iter:  10  f-value:  31195.92  pgrad:  0.649573 
iter:  20  f-value:  31195.92  pgrad:  0.5073272 
iter:  30  f-value:  31195.92  pgrad:  0.1468288 
  Unsuccessful convergence.
Time difference of 9.459889 mins
[1] "maxIt: 20"
[1] "It: 17"
 [1] "sigma:"            "0.987273758004446" "0.987273758004446"
 [4] "0.987273758004446" "0.987273758004446" "0.987273758004446"
 [7] "0.987273758004446" "0.987273758004446" "0.987273758004446"
[10] "0.987273758004446" "0.987273758004446" "0.987273758004446"
[13] "0.987273758004446" "0.987273758004446" "0.987273758004446"
[16] "0.987273758004446" "0.987273758004446" "0.987273758004446"
[19] "0.987273758004446" "0.987273758004446" "0.987273758004446"
[22] "0.324224557505198" "0.324224557505198" "0.324224557505198"
[25] "0.324224557505198" "0.324224557505198" "0.324224557505198"
[28] "0.324224557505198" "0.324224557505198" "0.324224557505198"
[31] "0.324224557505198" "0.324224557505198" "0.324224557505198"
[34] "0.324224557505198" "0.324224557505198" "0.324224557505198"
[37] "0.324224557505198" "0.324224557505198" "0.324224557505198"
[40] "0.324224557505198" "0.324224557505198" "beta :"           
[43] "1"                
[1] 9840158
[1] 9839751
[1] 9840690
 [1] "sigma:"            "0.987273758004446" "0.987273758004446"
 [4] "0.987273758004446" "0.987273758004446" "0.987273758004446"
 [7] "0.987273758004446" "0.987273758004446" "0.987273758004446"
[10] "0.987273758004446" "0.987273758004446" "0.987273758004446"
[13] "0.987273758004446" "0.987273758004446" "0.987273758004446"
[16] "0.987273758004446" "0.987273758004446" "0.987273758004446"
[19] "0.987273758004446" "0.987273758004446" "0.987273758004446"
[22] "0.324224557505198" "0.324224557505198" "0.324224557505198"
[25] "0.324224557505198" "0.324224557505198" "0.324224557505198"
[28] "0.324224557505198" "0.324224557505198" "0.324224557505198"
[31] "0.324224557505198" "0.324224557505198" "0.324224557505198"
[34] "0.324224557505198" "0.324224557505198" "0.324224557505198"
[37] "0.324224557505198" "0.324224557505198" "0.324224557505198"
[40] "0.324224557505198" "0.324224557505198" "beta :"           
[43] "1"                
[1] " old Likelihood:  -9839751.57883869"
[1] "New Likelihood:  -9839751.14445091"
iter:  0  f-value:  31211  pgrad:  0.6484491 
iter:  10  f-value:  31210.99  pgrad:  0.6482185 
iter:  20  f-value:  31210.99  pgrad:  0.504525 
iter:  30  f-value:  31210.99  pgrad:  0.2293746 
  Unsuccessful convergence.
Time difference of 9.455338 mins
[1] "maxIt: 20"
[1] "It: 18"
 [1] "sigma:"            "0.987266026298841" "0.987266026298841"
 [4] "0.987266026298841" "0.987266026298841" "0.987266026298841"
 [7] "0.987266026298841" "0.987266026298841" "0.987266026298841"
[10] "0.987266026298841" "0.987266026298841" "0.987266026298841"
[13] "0.987266026298841" "0.987266026298841" "0.987266026298841"
[16] "0.987266026298841" "0.987266026298841" "0.987266026298841"
[19] "0.987266026298841" "0.987266026298841" "0.987266026298841"
[22] "0.323594204070374" "0.323594204070374" "0.323594204070374"
[25] "0.323594204070374" "0.323594204070374" "0.323594204070374"
[28] "0.323594204070374" "0.323594204070374" "0.323594204070374"
[31] "0.323594204070374" "0.323594204070374" "0.323594204070374"
[34] "0.323594204070374" "0.323594204070374" "0.323594204070374"
[37] "0.323594204070374" "0.323594204070374" "0.323594204070374"
[40] "0.323594204070374" "0.323594204070374" "beta :"           
[43] "1"                
[1] 9840159
[1] 9839751
[1] 9840687
 [1] "sigma:"            "0.987266026298841" "0.987266026298841"
 [4] "0.987266026298841" "0.987266026298841" "0.987266026298841"
 [7] "0.987266026298841" "0.987266026298841" "0.987266026298841"
[10] "0.987266026298841" "0.987266026298841" "0.987266026298841"
[13] "0.987266026298841" "0.987266026298841" "0.987266026298841"
[16] "0.987266026298841" "0.987266026298841" "0.987266026298841"
[19] "0.987266026298841" "0.987266026298841" "0.987266026298841"
[22] "0.323594204070374" "0.323594204070374" "0.323594204070374"
[25] "0.323594204070374" "0.323594204070374" "0.323594204070374"
[28] "0.323594204070374" "0.323594204070374" "0.323594204070374"
[31] "0.323594204070374" "0.323594204070374" "0.323594204070374"
[34] "0.323594204070374" "0.323594204070374" "0.323594204070374"
[37] "0.323594204070374" "0.323594204070374" "0.323594204070374"
[40] "0.323594204070374" "0.323594204070374" "beta :"           
[43] "1"                
[1] " old Likelihood:  -9839751.14445091"
[1] "New Likelihood:  -9839750.7205761"
iter:  0  f-value:  31225.18  pgrad:  0.6471884 
iter:  10  f-value:  31225.18  pgrad:  0.6469593 
iter:  20  f-value:  31225.18  pgrad:  0.4049798 
iter:  30  f-value:  31225.18  pgrad:  0.356049 
  Unsuccessful convergence.
Time difference of 9.461485 mins
[1] "maxIt: 20"
[1] "It: 19"
 [1] "sigma:"            "0.987252921340734" "0.987252921340734"
 [4] "0.987252921340734" "0.987252921340734" "0.987252921340734"
 [7] "0.987252921340734" "0.987252921340734" "0.987252921340734"
[10] "0.987252921340734" "0.987252921340734" "0.987252921340734"
[13] "0.987252921340734" "0.987252921340734" "0.987252921340734"
[16] "0.987252921340734" "0.987252921340734" "0.987252921340734"
[19] "0.987252921340734" "0.987252921340734" "0.987252921340734"
[22] "0.323163503364327" "0.323163503364327" "0.323163503364327"
[25] "0.323163503364327" "0.323163503364327" "0.323163503364327"
[28] "0.323163503364327" "0.323163503364327" "0.323163503364327"
[31] "0.323163503364327" "0.323163503364327" "0.323163503364327"
[34] "0.323163503364327" "0.323163503364327" "0.323163503364327"
[37] "0.323163503364327" "0.323163503364327" "0.323163503364327"
[40] "0.323163503364327" "0.323163503364327" "beta :"           
[43] "1"                
[1] 9840160
[1] 9839750
[1] 9840686
 [1] "sigma:"            "0.987252921340734" "0.987252921340734"
 [4] "0.987252921340734" "0.987252921340734" "0.987252921340734"
 [7] "0.987252921340734" "0.987252921340734" "0.987252921340734"
[10] "0.987252921340734" "0.987252921340734" "0.987252921340734"
[13] "0.987252921340734" "0.987252921340734" "0.987252921340734"
[16] "0.987252921340734" "0.987252921340734" "0.987252921340734"
[19] "0.987252921340734" "0.987252921340734" "0.987252921340734"
[22] "0.323163503364327" "0.323163503364327" "0.323163503364327"
[25] "0.323163503364327" "0.323163503364327" "0.323163503364327"
[28] "0.323163503364327" "0.323163503364327" "0.323163503364327"
[31] "0.323163503364327" "0.323163503364327" "0.323163503364327"
[34] "0.323163503364327" "0.323163503364327" "0.323163503364327"
[37] "0.323163503364327" "0.323163503364327" "0.323163503364327"
[40] "0.323163503364327" "0.323163503364327" "beta :"           
[43] "1"                
[1] " old Likelihood:  -9839750.7205761"
[1] "New Likelihood:  -9839750.32562559"
iter:  0  f-value:  31235.2  pgrad:  0.646327 
iter:  10  f-value:  31235.2  pgrad:  0.6461089 
iter:  20  f-value:  31235.2  pgrad:  0.5045991 
iter:  30  f-value:  31235.2  pgrad:  0.113323 
  Unsuccessful convergence.
Time difference of 9.414421 mins
[1] "maxIt: 20"
[1] "It: 20"
 [1] "sigma:"            "0.987259061345288" "0.987259061345288"
 [4] "0.987259061345288" "0.987259061345288" "0.987259061345288"
 [7] "0.987259061345288" "0.987259061345288" "0.987259061345288"
[10] "0.987259061345288" "0.987259061345288" "0.987259061345288"
[13] "0.987259061345288" "0.987259061345288" "0.987259061345288"
[16] "0.987259061345288" "0.987259061345288" "0.987259061345288"
[19] "0.987259061345288" "0.987259061345288" "0.987259061345288"
[22] "0.322473463516495" "0.322473463516495" "0.322473463516495"
[25] "0.322473463516495" "0.322473463516495" "0.322473463516495"
[28] "0.322473463516495" "0.322473463516495" "0.322473463516495"
[31] "0.322473463516495" "0.322473463516495" "0.322473463516495"
[34] "0.322473463516495" "0.322473463516495" "0.322473463516495"
[37] "0.322473463516495" "0.322473463516495" "0.322473463516495"
[40] "0.322473463516495" "0.322473463516495" "beta :"           
[43] "1"                
[1] 9840161
[1] 9839750
[1] 9840684
 [1] "sigma:"            "0.987259061345288" "0.987259061345288"
 [4] "0.987259061345288" "0.987259061345288" "0.987259061345288"
 [7] "0.987259061345288" "0.987259061345288" "0.987259061345288"
[10] "0.987259061345288" "0.987259061345288" "0.987259061345288"
[13] "0.987259061345288" "0.987259061345288" "0.987259061345288"
[16] "0.987259061345288" "0.987259061345288" "0.987259061345288"
[19] "0.987259061345288" "0.987259061345288" "0.987259061345288"
[22] "0.322473463516495" "0.322473463516495" "0.322473463516495"
[25] "0.322473463516495" "0.322473463516495" "0.322473463516495"
[28] "0.322473463516495" "0.322473463516495" "0.322473463516495"
[31] "0.322473463516495" "0.322473463516495" "0.322473463516495"
[34] "0.322473463516495" "0.322473463516495" "0.322473463516495"
[37] "0.322473463516495" "0.322473463516495" "0.322473463516495"
[40] "0.322473463516495" "0.322473463516495" "beta :"           
[43] "1"                
[1] " old Likelihood:  -9839750.32562559"
[1] "New Likelihood:  -9839749.92040534"
iter:  0  f-value:  31250.26  pgrad:  0.6449469 
iter:  10  f-value:  31250.26  pgrad:  0.6290793 
iter:  20  f-value:  31250.26  pgrad:  0.5023184 
iter:  30  f-value:  31250.26  pgrad:  0.1113585 
  Unsuccessful convergence.
Time difference of 9.429446 mins
 [1] "sigma:"            "0.987253950527063" "0.987253950527063"
 [4] "0.987253950527063" "0.987253950527063" "0.987253950527063"
 [7] "0.987253950527063" "0.987253950527063" "0.987253950527063"
[10] "0.987253950527063" "0.987253950527063" "0.987253950527063"
[13] "0.987253950527063" "0.987253950527063" "0.987253950527063"
[16] "0.987253950527063" "0.987253950527063" "0.987253950527063"
[19] "0.987253950527063" "0.987253950527063" "0.987253950527063"
[22] "0.321829324577276" "0.321829324577276" "0.321829324577276"
[25] "0.321829324577276" "0.321829324577276" "0.321829324577276"
[28] "0.321829324577276" "0.321829324577276" "0.321829324577276"
[31] "0.321829324577276" "0.321829324577276" "0.321829324577276"
[34] "0.321829324577276" "0.321829324577276" "0.321829324577276"
[37] "0.321829324577276" "0.321829324577276" "0.321829324577276"
[40] "0.321829324577276" "0.321829324577276" "beta :"           
[43] "1"                
[1] 1999624 1999382 1999726 1999112 1999450
[1] 1 1 1 1 1
saved RDS
inference successful
