[1] "Original length"
[1] 999786
[1] "Final length"
[1] 18043
[1] "sequence length : 999787" "sequence length : 999961"
[3] "sequence length : 999601" "sequence length : 999878"
[5] "sequence length : 999570"
[1] "former Rho:"
[1] 1496.4602 1448.6264 1561.7081  891.4835 1446.0629
[1] "old mu :"
[1] 0.0007483895 0.0007243415 0.0007811657 0.0004457961 0.0007233425
[1] "new mu :"
[1] 0.0006846071
[1] "new Rho:"
[1] 1368.922 1369.161 1368.668 1369.047 1368.625
[1] 1 1 1 1 1
[1] "Beta: 1"
[1] "Self: 0"
[1] 1
[1] "Rho"
[1] 1368.922 1369.161 1368.668 1369.047 1368.625
[1] "It: 1"
[1] "sigma:" "0"      "beta :" "1"     
[1] "rho/theta:" "1"         
[1] "sigma:" "0"      "beta :" "1"     
[1] "rho/theta:" "1"         
Time difference of 1.515626 secs
[1] "New Likelihood:  -9413179.0255356"
[1] 4998792
[1] 4998797
iter:  0  f-value:  37330.1  pgrad:  0.5 
iter:  10  f-value:  37322.52  pgrad:  0.9861737 
iter:  20  f-value:  37320.13  pgrad:  0.9375076 
iter:  30  f-value:  37319.79  pgrad:  0.9144789 
  Unsuccessful convergence.
[1] 0.08559833
 [1] "Xi: 0.505573335671434" "Xi: 0.504609067132833" "Xi: 0.507191951905124"
 [4] "Xi: 0.509054434808773" "Xi: 0.510583405992674" "Xi: 0.510007367214446"
 [7] "Xi: 0.497556962315749" "Xi: 0.501040079558385" "Xi: 0.514468142526895"
[10] "Xi: 0.517697919949923" "Xi: 0.51687501681243"  "Xi: 0.514992683460779"
[13] "Xi: 0.512865495708854" "Xi: 0.510866631179703" "Xi: 0.509377248167961"
[16] "Xi: 0.508222020704389" "Xi: 0.507263740872968" "Xi: 0.506452170799461"
[19] "Xi: 0.505743469909805" "Xi: 0.505285348836564"
Time difference of 8.049073 mins
[1] "Rho"
[1] 1368.922 1369.161 1368.668 1369.047 1368.625
[1] "It: 2"
[1] "sigma:"             "0.0847423493068507" "beta :"            
[4] "1"                 
[1] "rho/theta:" "1"         
Time difference of 1.522026 secs
[1] " old Likelihood:  -9413179.0255356"
[1] "New Likelihood:  -9410188.79380528"
[1] 4998792
[1] 4998797
iter:  0  f-value:  36784.52  pgrad:  0.9144017 
iter:  10  f-value:  36782.1  pgrad:  0.8970784 
iter:  20  f-value:  36781.01  pgrad:  0.856714 
iter:  30  f-value:  36781  pgrad:  0.5905167 
  Unsuccessful convergence.
[1] 0.144385
 [1] "Xi: 0.507250402462397" "Xi: 0.506036227436913" "Xi: 0.50927833758587" 
 [4] "Xi: 0.513908163637401" "Xi: 0.516780837967144" "Xi: 0.516481041664289"
 [7] "Xi: 0.499344339276829" "Xi: 0.498969442273786" "Xi: 0.521156957571513"
[10] "Xi: 0.526784204291434" "Xi: 0.525331566870043" "Xi: 0.522498627223654"
[13] "Xi: 0.519336452631711" "Xi: 0.516466742061324" "Xi: 0.514536992069522"
[16] "Xi: 0.513153868208563" "Xi: 0.511950888101223" "Xi: 0.51085728519304" 
[19] "Xi: 0.509800002474744" "Xi: 0.509083815453472"
Time difference of 4.502584 mins
[1] "Rho"
[1] 1368.922 1369.161 1368.668 1369.047 1368.625
[1] "It: 3"
[1] "sigma:"            "0.142941175922057" "beta :"           
[4] "1"                
[1] "rho/theta:" "1"         
Time difference of 1.543947 secs
[1] " old Likelihood:  -9410188.79380528"
[1] "New Likelihood:  -9409081.35439642"
[1] 4998792
[1] 4998797
iter:  0  f-value:  36127.72  pgrad:  0.855615 
iter:  10  f-value:  36126.76  pgrad:  0.8439627 
iter:  20  f-value:  36125.9  pgrad:  0.8098325 
iter:  30  f-value:  36125.9  pgrad:  0.4977017 
  Unsuccessful convergence.
[1] 0.1903323
 [1] "Xi: 0.508250660717126" "Xi: 0.506904640361466" "Xi: 0.51052209427045" 
 [4] "Xi: 0.516670036337156" "Xi: 0.520697372718444" "Xi: 0.520905313567213"
 [7] "Xi: 0.502317122779702" "Xi: 0.496371833877641" "Xi: 0.52459079003623" 
[10] "Xi: 0.53197988950098"  "Xi: 0.529912540980205" "Xi: 0.526588598723093"
[13] "Xi: 0.52279465865114"  "Xi: 0.519524218546036" "Xi: 0.517599279831124"
[16] "Xi: 0.516386499556839" "Xi: 0.515272313229364" "Xi: 0.514156991717815"
[19] "Xi: 0.512937190961103" "Xi: 0.51207261999803" 
Time difference of 4.502167 mins
[1] "Rho"
[1] 1368.922 1369.161 1368.668 1369.047 1368.625
[1] "It: 4"
[1] "sigma:"            "0.188429017950071" "beta :"           
[4] "1"                
[1] "rho/theta:" "1"         
Time difference of 1.545846 secs
[1] " old Likelihood:  -9409081.35439642"
[1] "New Likelihood:  -9408456.84211253"
[1] 4998792
[1] 4998797
iter:  0  f-value:  35438.62  pgrad:  0.8096677 
iter:  10  f-value:  35438  pgrad:  0.799874 
iter:  20  f-value:  35437.31  pgrad:  0.7711152 
iter:  30  f-value:  35437.31  pgrad:  0.4948868 
  Unsuccessful convergence.
[1] 0.2290018
 [1] "Xi: 0.508921130559394" "Xi: 0.507497769745983" "Xi: 0.511364793149611"
 [4] "Xi: 0.518491248416658" "Xi: 0.523695892895909" "Xi: 0.524576712468002"
 [7] "Xi: 0.505140286417622" "Xi: 0.494218543361482" "Xi: 0.527079631313439"
[10] "Xi: 0.535795778973983" "Xi: 0.532946284473777" "Xi: 0.529171471018237"
[13] "Xi: 0.524879245883437" "Xi: 0.521347522009399" "Xi: 0.519575715730016"
[16] "Xi: 0.518685229056967" "Xi: 0.517801709963091" "Xi: 0.516792229600518"
[19] "Xi: 0.51551224412017"  "Xi: 0.51456386217365" 
Time difference of 4.507815 mins
[1] "Rho"
[1] 1368.922 1369.161 1368.668 1369.047 1368.625
[1] "It: 5"
[1] "sigma:"            "0.226711811505237" "beta :"           
[4] "1"                
[1] "rho/theta:" "1"         
Time difference of 1.553286 secs
[1] " old Likelihood:  -9408456.84211253"
[1] "New Likelihood:  -9407987.12445414"
[1] 4998792
[1] 4998797
iter:  0  f-value:  34749.46  pgrad:  0.7709982 
iter:  10  f-value:  34748.53  pgrad:  0.7498895 
iter:  20  f-value:  34748.37  pgrad:  0.7390474 
iter:  30  f-value:  34748.37  pgrad:  0.4916134 
  Unsuccessful convergence.
[1] 0.2626801
 [1] "Xi: 0.509624072825125" "Xi: 0.508129908472067" "Xi: 0.512256524006979"
 [4] "Xi: 0.520331081664971" "Xi: 0.526727943594678" "Xi: 0.528367171887216"
 [7] "Xi: 0.508407854086976" "Xi: 0.492592184361442" "Xi: 0.529254590427632"
[10] "Xi: 0.538939135297361" "Xi: 0.535238931434454" "Xi: 0.531114895938135"
[13] "Xi: 0.526345160881368" "Xi: 0.522552718550697" "Xi: 0.520952463347849"
[16] "Xi: 0.520422817580443" "Xi: 0.519819113390022" "Xi: 0.518976053140769"
[19] "Xi: 0.517694130921449" "Xi: 0.516701383585956"
Time difference of 4.507791 mins
[1] "Rho"
[1] 1368.922 1369.161 1368.668 1369.047 1368.625
[1] "It: 6"
[1] "sigma:"            "0.260053272482031" "beta :"           
[4] "1"                
[1] "rho/theta:" "1"         
Time difference of 1.533357 secs
[1] " old Likelihood:  -9407987.12445414"
[1] "New Likelihood:  -9407589.38088504"
[1] 4998792
[1] 4998797
iter:  0  f-value:  34078.62  pgrad:  0.7373199 
iter:  10  f-value:  34077.74  pgrad:  0.7157799 
iter:  20  f-value:  34077.67  pgrad:  0.7094509 
iter:  30  f-value:  34077.66  pgrad:  0.7082071 
  Unsuccessful convergence.
[1] 0.2918836
 [1] "Xi: 0.510242651069385" "Xi: 0.508694329939014" "Xi: 0.513042759005448"
 [4] "Xi: 0.521874317854707" "Xi: 0.529070417770745" "Xi: 0.531271563000339"
 [7] "Xi: 0.511187580612297" "Xi: 0.491331185402249" "Xi: 0.530987682817435"
[10] "Xi: 0.541598640077495" "Xi: 0.537181220090789" "Xi: 0.532754514930982"
[13] "Xi: 0.527497701069863" "Xi: 0.523407619011132" "Xi: 0.521944086633567"
[16] "Xi: 0.521760029630384" "Xi: 0.521439809562714" "Xi: 0.520806215683127"
[19] "Xi: 0.519545334161096" "Xi: 0.518532945632149"
Time difference of 4.510524 mins
[1] "Rho"
[1] 1368.922 1369.161 1368.668 1369.047 1368.625
[1] "It: 7"
[1] "sigma:"            "0.288964714520385" "beta :"           
[4] "1"                
[1] "rho/theta:" "1"         
Time difference of 1.53856 secs
[1] " old Likelihood:  -9407589.38088504"
[1] "New Likelihood:  -9407245.16814485"
[1] 4998792
[1] 4998797
iter:  0  f-value:  33449.7  pgrad:  0.7081164 
iter:  10  f-value:  33448.94  pgrad:  0.6906712 
iter:  20  f-value:  33448.85  pgrad:  0.6808014 
iter:  30  f-value:  33448.82  pgrad:  0.4855987 
  Unsuccessful convergence.
[1] 0.3192991
 [1] "Xi: 0.510902459274546" "Xi: 0.509301758543186" "Xi: 0.513887087833532"
 [4] "Xi: 0.523485375645275" "Xi: 0.531571211558694" "Xi: 0.534444307687394"
 [7] "Xi: 0.514413793874863" "Xi: 0.49062089804324"  "Xi: 0.532921011309962"
[10] "Xi: 0.544454906473109" "Xi: 0.539192957825141" "Xi: 0.534436652776302"
[13] "Xi: 0.528656754360426" "Xi: 0.524205087879405" "Xi: 0.522816250686755"
[16] "Xi: 0.522935163993179" "Xi: 0.522874062093629" "Xi: 0.52243556243748" 
[19] "Xi: 0.521224755898068" "Xi: 0.520212542348527"
Time difference of 4.5075 mins
[1] "Rho"
[1] 1368.922 1369.161 1368.668 1369.047 1368.625
[1] "It: 8"
[1] "sigma:"            "0.316106098340972" "beta :"           
[4] "1"                
[1] "rho/theta:" "1"         
Time difference of 1.619604 secs
[1] " old Likelihood:  -9407245.16814485"
[1] "New Likelihood:  -9406923.46919859"
[1] 4998792
[1] 4998797
iter:  0  f-value:  32826  pgrad:  0.6807009 
iter:  10  f-value:  32825.34  pgrad:  0.6659484 
iter:  20  f-value:  32825.21  pgrad:  0.6577349 
iter:  30  f-value:  32825.2  pgrad:  0.4826482 
  Unsuccessful convergence.
[1] 0.3443608
 [1] "Xi: 0.511361875374615" "Xi: 0.509730054880907" "Xi: 0.514478201844605"
 [4] "Xi: 0.524611673477285" "Xi: 0.533563725798326" "Xi: 0.537139266677214"
 [7] "Xi: 0.517368371950469" "Xi: 0.490406764273207" "Xi: 0.534672872220472"
[10] "Xi: 0.547191143006961" "Xi: 0.541106625844475" "Xi: 0.536076983496656"
[13] "Xi: 0.529780724635626" "Xi: 0.524927259814868" "Xi: 0.523551507071225"
[16] "Xi: 0.523943078377497" "Xi: 0.52411543601346"  "Xi: 0.523869517178777"
[19] "Xi: 0.522720370421142" "Xi: 0.521721434172579"
Time difference of 4.514629 mins
[1] "Rho"
[1] 1368.922 1369.161 1368.668 1369.047 1368.625
[1] "It: 9"
[1] "sigma:"            "0.340917162715228" "beta :"           
[4] "1"                
[1] "rho/theta:" "1"         
Time difference of 1.55346 secs
[1] " old Likelihood:  -9406923.46919859"
[1] "New Likelihood:  -9406629.15539927"
[1] 4998792
[1] 4998797
iter:  0  f-value:  32227.36  pgrad:  0.6556392 
iter:  10  f-value:  32226.73  pgrad:  0.641315 
iter:  20  f-value:  32226.62  pgrad:  0.6336898 
iter:  30  f-value:  32226.61  pgrad:  0.4795221 
  Unsuccessful convergence.
[1] 0.3675254
 [1] "Xi: 0.511836121259438" "Xi: 0.510176968496845" "Xi: 0.515094290498305"
 [4] "Xi: 0.525752497243696" "Xi: 0.535582168015937" "Xi: 0.539900495434532"
 [7] "Xi: 0.52049464151855"  "Xi: 0.490538760104549" "Xi: 0.536365242472602"
[10] "Xi: 0.549870551719236" "Xi: 0.542950847692095" "Xi: 0.537705882363504"
[13] "Xi: 0.530911381814504" "Xi: 0.525627433026908" "Xi: 0.524228397409678"
[16] "Xi: 0.524839139217088" "Xi: 0.525212304259609" "Xi: 0.525148998265545"
[19] "Xi: 0.524068466504483" "Xi: 0.52309283777451" 
Time difference of 4.513589 mins
[1] "Rho"
[1] 1368.922 1369.161 1368.668 1369.047 1368.625
[1] "It: 10"
[1] "sigma:"            "0.363850140834485" "beta :"           
[4] "1"                
[1] "rho/theta:" "1"         
Time difference of 1.548361 secs
[1] " old Likelihood:  -9406629.15539927"
[1] "New Likelihood:  -9406357.60106483"
[1] 4998792
[1] 4998797
iter:  0  f-value:  31651.62  pgrad:  0.6324746 
iter:  10  f-value:  31651.02  pgrad:  0.6183838 
iter:  20  f-value:  31650.96  pgrad:  0.5264991 
iter:  30  f-value:  31650.94  pgrad:  0.4837057 
  Unsuccessful convergence.
[1] 0.3888945
 [1] "Xi: 0.512299409342292" "Xi: 0.510616349600675" "Xi: 0.515698338312668"
 [4] "Xi: 0.526838993851008" "Xi: 0.537469931098165" "Xi: 0.542490366359968"
 [7] "Xi: 0.523498817201276" "Xi: 0.490869508359316" "Xi: 0.537849997376813"
[10] "Xi: 0.552358122782629" "Xi: 0.544669152824017" "Xi: 0.539292309716848"
[13] "Xi: 0.532035952795965" "Xi: 0.526304391977883" "Xi: 0.524846769899228"
[16] "Xi: 0.525639912893026" "Xi: 0.526182592985769" "Xi: 0.5262926305132"  
[19] "Xi: 0.525282902028216" "Xi: 0.524338123677389"
Time difference of 4.505593 mins
[1] "Rho"
[1] 1368.922 1369.161 1368.668 1369.047 1368.625
[1] "It: 11"
[1] "sigma:"            "0.385005512237449" "beta :"           
[4] "1"                
[1] "rho/theta:" "1"         
Time difference of 1.607896 secs
[1] " old Likelihood:  -9406357.60106483"
[1] "New Likelihood:  -9406107.52303018"
[1] 4998792
[1] 4998797
iter:  0  f-value:  31100.96  pgrad:  0.6111055 
iter:  10  f-value:  31100.39  pgrad:  0.5974303 
iter:  20  f-value:  31100.33  pgrad:  0.5269761 
iter:  30  f-value:  31100.33  pgrad:  0.5086931 
  Unsuccessful convergence.
[1] 0.4086009
 [1] "Xi: 0.512732218173797" "Xi: 0.511031183155527" "Xi: 0.516266283175341"
 [4] "Xi: 0.527823912380908" "Xi: 0.539120836711939" "Xi: 0.544747071041152"
 [7] "Xi: 0.526168872168233" "Xi: 0.491313269467813" "Xi: 0.539068782163822"
[10] "Xi: 0.554579269008412" "Xi: 0.546235809715431" "Xi: 0.540823255406863"
[13] "Xi: 0.53315037768596"  "Xi: 0.52696523932203"  "Xi: 0.525419497761384"
[16] "Xi: 0.526362134369745" "Xi: 0.527044090925494" "Xi: 0.527315776716375"
[19] "Xi: 0.526378541513751" "Xi: 0.525470558337228"
Time difference of 4.514791 mins
[1] "Rho"
[1] 1368.922 1369.161 1368.668 1369.047 1368.625
[1] "It: 12"
[1] "sigma:"            "0.404514895977729" "beta :"           
[4] "1"                
[1] "rho/theta:" "1"         
Time difference of 1.536598 secs
[1] " old Likelihood:  -9406107.52303018"
[1] "New Likelihood:  -9405877.67942757"
[1] 4998792
[1] 4998797
iter:  0  f-value:  30576.41  pgrad:  0.5913991 
iter:  10  f-value:  30575.87  pgrad:  0.5774911 
iter:  20  f-value:  30575.83  pgrad:  0.5735515 
iter:  30  f-value:  30575.83  pgrad:  0.4707616 
  Unsuccessful convergence.
[1] 0.4270467
 [1] "Xi: 0.513313283076874" "Xi: 0.511593451177755" "Xi: 0.517034084184993"
 [4] "Xi: 0.529156798251573" "Xi: 0.541552327359956" "Xi: 0.548185276508321"
 [7] "Xi: 0.530234800781074" "Xi: 0.492604618413745" "Xi: 0.540553084822693"
[10] "Xi: 0.557065623294189" "Xi: 0.547750068991245" "Xi: 0.542338154990241"
[13] "Xi: 0.534281450561107" "Xi: 0.527634212478451" "Xi: 0.525996757602731"
[16] "Xi: 0.52703328698078"  "Xi: 0.527822591801732" "Xi: 0.528244129990578"
[19] "Xi: 0.527382362591389" "Xi: 0.526516356882812"
Time difference of 4.524341 mins
[1] "Rho"
[1] 1368.922 1369.161 1368.668 1369.047 1368.625
[1] "It: 13"
[1] "sigma:"            "0.422776239827469" "beta :"           
[4] "1"                
[1] "rho/theta:" "1"         
Time difference of 1.542001 secs
[1] " old Likelihood:  -9405877.67942757"
[1] "New Likelihood:  -9405664.78689631"
[1] 4998792
[1] 4998797
iter:  0  f-value:  30071.95  pgrad:  0.5729533 
iter:  10  f-value:  30071.44  pgrad:  0.5595671 
iter:  20  f-value:  30071.41  pgrad:  0.5559229 
iter:  30  f-value:  30071.4  pgrad:  0.4668812 
  Unsuccessful convergence.
[1] 0.4441973
 [1] "Xi: 0.513790106065332" "Xi: 0.512055879535133" "Xi: 0.517662255654459"
 [4] "Xi: 0.530201596954497" "Xi: 0.543324854316369" "Xi: 0.550638141616505"
 [7] "Xi: 0.53315818873629"  "Xi: 0.493645111363683" "Xi: 0.541425055750881"
[10] "Xi: 0.559120622273658" "Xi: 0.549072712270181" "Xi: 0.543760110902082"
[13] "Xi: 0.535383240036261" "Xi: 0.528288665800623" "Xi: 0.526523944709493"
[16] "Xi: 0.527657534720496" "Xi: 0.52853138314371"  "Xi: 0.529090039462876"
[19] "Xi: 0.528298726982476" "Xi: 0.527478465959199"
Time difference of 4.523687 mins
[1] "Rho"
[1] 1368.922 1369.161 1368.668 1369.047 1368.625
[1] "It: 14"
[1] "sigma:"            "0.439755366097351" "beta :"           
[4] "1"                
[1] "rho/theta:" "1"         
Time difference of 1.557664 secs
[1] " old Likelihood:  -9405664.78689631"
[1] "New Likelihood:  -9405467.90977778"
[1] 4998792
[1] 4998797
iter:  0  f-value:  29589.75  pgrad:  0.5558027 
iter:  10  f-value:  29589.28  pgrad:  0.5429598 
iter:  20  f-value:  29589.26  pgrad:  0.5405133 
iter:  30  f-value:  29589.25  pgrad:  0.5282624 
  Unsuccessful convergence.
[1] 0.4602087
 [1] "Xi: 0.514374204032612" "Xi: 0.512626792197748" "Xi: 0.518434636011436"
 [4] "Xi: 0.531480016180201" "Xi: 0.545612962965831" "Xi: 0.553874660918256"
 [7] "Xi: 0.536995694987893" "Xi: 0.495242422521644" "Xi: 0.542393706020604"
[10] "Xi: 0.561276718928278" "Xi: 0.550270763079816" "Xi: 0.545130219680192"
[13] "Xi: 0.536475932111096" "Xi: 0.528940013560517" "Xi: 0.527036014299026"
[16] "Xi: 0.528262383464385" "Xi: 0.529180215577658" "Xi: 0.529860676894833"
[19] "Xi: 0.529135317696463" "Xi: 0.528367123951631"
Time difference of 4.524613 mins
[1] "Rho"
[1] 1368.922 1369.161 1368.668 1369.047 1368.625
[1] "It: 15"
[1] "sigma:"            "0.455606623530477" "beta :"           
[4] "1"                
[1] "rho/theta:" "1"         
Time difference of 1.548312 secs
[1] " old Likelihood:  -9405467.90977778"
[1] "New Likelihood:  -9405286.71628473"
[1] 4998792
[1] 4998797
iter:  0  f-value:  29129.18  pgrad:  0.5397913 
iter:  10  f-value:  29128.74  pgrad:  0.527145 
iter:  20  f-value:  29128.73  pgrad:  0.5255449 
iter:  30  f-value:  29128.72  pgrad:  0.529593 
  Unsuccessful convergence.
[1] 0.4751055
 [1] "Xi: 0.514921638278064" "Xi: 0.513165283941799" "Xi: 0.519156341916256"
 [4] "Xi: 0.532639020556194" "Xi: 0.547622213191339" "Xi: 0.556686797269422"
 [7] "Xi: 0.540307158464837" "Xi: 0.496764888606577" "Xi: 0.542967362382698"
[10] "Xi: 0.563164874115205" "Xi: 0.551312865712278" "Xi: 0.546412108355272"
[13] "Xi: 0.537534824302603" "Xi: 0.529584723902531" "Xi: 0.527520865851877"
[16] "Xi: 0.528806918439035" "Xi: 0.529763578367777" "Xi: 0.530559151485735"
[19] "Xi: 0.529901672210643" "Xi: 0.529185858070252"
Time difference of 4.530034 mins
[1] "Rho"
[1] 1368.922 1369.161 1368.668 1369.047 1368.625
[1] "It: 16"
[1] "sigma:"            "0.470354451888774" "beta :"           
[4] "1"                
[1] "rho/theta:" "1"         
Time difference of 1.522807 secs
[1] " old Likelihood:  -9405286.71628473"
[1] "New Likelihood:  -9405119.76645965"
[1] 4998792
[1] 4998797
iter:  0  f-value:  28689.95  pgrad:  0.5513129 
iter:  10  f-value:  28689.54  pgrad:  0.5129655 
iter:  20  f-value:  28689.53  pgrad:  0.5114581 
iter:  30  f-value:  28689.52  pgrad:  0.5312258 
  Unsuccessful convergence.
[1] 0.4890248
 [1] "Xi: 0.515516372300031" "Xi: 0.513749861757407" "Xi: 0.519938023528382"
 [4] "Xi: 0.533906132176528" "Xi: 0.549862680884275" "Xi: 0.559846361032289"
 [7] "Xi: 0.54399257903976"  "Xi: 0.498549375466465" "Xi: 0.543504374605864"
[10] "Xi: 0.565038580979452" "Xi: 0.552237144630631" "Xi: 0.547630423884121"
[13] "Xi: 0.538573342401881" "Xi: 0.530204083321441" "Xi: 0.528007322004276"
[16] "Xi: 0.529326355793983" "Xi: 0.530307547578013" "Xi: 0.531194856916598"
[19] "Xi: 0.530603869838944" "Xi: 0.529944655665684"
Time difference of 4.51572 mins
[1] "Rho"
[1] 1368.922 1369.161 1368.668 1369.047 1368.625
[1] "It: 17"
[1] "sigma:"            "0.484134520677354" "beta :"           
[4] "1"                
[1] "rho/theta:" "1"         
Time difference of 1.550674 secs
[1] " old Likelihood:  -9405119.76645965"
[1] "New Likelihood:  -9404966.45865775"
[1] 4998792
[1] 4998797
iter:  0  f-value:  28271.27  pgrad:  0.5522371 
iter:  10  f-value:  28270.89  pgrad:  0.5007679 
iter:  20  f-value:  28270.88  pgrad:  0.5004307 
iter:  30  f-value:  28270.88  pgrad:  0.4532969 
  Unsuccessful convergence.
[1] 0.5019968
 [1] "Xi: 0.516104693417387" "Xi: 0.514332868555218" "Xi: 0.520711921124716"
 [4] "Xi: 0.535149376132306" "Xi: 0.552038592923369" "Xi: 0.562900712940978"
 [7] "Xi: 0.547500017275251" "Xi: 0.500345995051717" "Xi: 0.543814425562771"
[10] "Xi: 0.566739063800451" "Xi: 0.553032993556739" "Xi: 0.548764979329251"
[13] "Xi: 0.539656877374401" "Xi: 0.530780858082163" "Xi: 0.528442589490839"
[16] "Xi: 0.529799227245449" "Xi: 0.530845456925041" "Xi: 0.531811332791704"
[19] "Xi: 0.531249659001107" "Xi: 0.530588128905925"
Time difference of 4.538452 mins
[1] "Rho"
[1] 1368.922 1369.161 1368.668 1369.047 1368.625
[1] "It: 18"
[1] "sigma:"            "0.496976868690303" "beta :"           
[4] "1"                
[1] "rho/theta:" "1"         
Time difference of 1.549569 secs
[1] " old Likelihood:  -9404966.45865775"
[1] "New Likelihood:  -9404826.08042159"
[1] 4998792
[1] 4998797
iter:  0  f-value:  27874.07  pgrad:  0.553033 
iter:  10  f-value:  27873.72  pgrad:  0.4989496 
iter:  20  f-value:  27873.72  pgrad:  0.498576 
iter:  30  f-value:  27873.71  pgrad:  0.4667527 
  Unsuccessful convergence.
[1] 0.5140898
 [1] "Xi: 0.516552020571731" "Xi: 0.51477760798697"  "Xi: 0.521297237496568"
 [4] "Xi: 0.53607149171215"  "Xi: 0.553506634826603" "Xi: 0.564895747594096"
 [7] "Xi: 0.549796198998495" "Xi: 0.501791189318704" "Xi: 0.543759028665502"
[10] "Xi: 0.568148002360059" "Xi: 0.553696450838585" "Xi: 0.549820812942264"
[13] "Xi: 0.540623201465307" "Xi: 0.531364571500537" "Xi: 0.528867886206456"
[16] "Xi: 0.530250779837092" "Xi: 0.531282678254336" "Xi: 0.532338889689175"
[19] "Xi: 0.531839646498628" "Xi: 0.531238615925687"
Time difference of 4.522082 mins
[1] "Rho"
[1] 1368.922 1369.161 1368.668 1369.047 1368.625
[1] "It: 19"
[1] "sigma:"            "0.508948852642877" "beta :"           
[4] "1"                
[1] "rho/theta:" "1"         
Time difference of 1.550317 secs
[1] " old Likelihood:  -9404826.08042159"
[1] "New Likelihood:  -9404696.62242594"
[1] 4998792
[1] 4998797
iter:  0  f-value:  27494.84  pgrad:  0.5536965 
iter:  10  f-value:  27494.52  pgrad:  0.4974646 
iter:  20  f-value:  27494.51  pgrad:  0.4970286 
iter:  30  f-value:  27494.51  pgrad:  0.4967795 
  Unsuccessful convergence.
[1] 0.5253942
 [1] "Xi: 0.516980667167493" "Xi: 0.515205209649357" "Xi: 0.521857976300911"
 [4] "Xi: 0.536950049604207" "Xi: 0.554877391260683" "Xi: 0.56675329555398" 
 [7] "Xi: 0.551934499575341" "Xi: 0.503301110847972" "Xi: 0.543637148943304"
[10] "Xi: 0.569503941694886" "Xi: 0.554288721462065" "Xi: 0.550828227378844"
[13] "Xi: 0.541568908313172" "Xi: 0.531932383062475" "Xi: 0.529279022665891"
[16] "Xi: 0.530682999144562" "Xi: 0.531686130292985" "Xi: 0.532824077058056"
[19] "Xi: 0.53238441939799"  "Xi: 0.531844804707405"
Time difference of 4.534586 mins
[1] "Rho"
[1] 1368.922 1369.161 1368.668 1369.047 1368.625
[1] "It: 20"
[1] "sigma:"            "0.520140279115342" "beta :"           
[4] "1"                
[1] "rho/theta:" "1"         
Time difference of 1.62103 secs
[1] " old Likelihood:  -9404696.62242594"
[1] "New Likelihood:  -9404578.20667555"
[1] 4998792
[1] 4998797
iter:  0  f-value:  27134.46  pgrad:  0.5542887 
iter:  10  f-value:  27134.16  pgrad:  0.5243783 
iter:  20  f-value:  27134.16  pgrad:  0.4954741 
iter:  30  f-value:  27134.16  pgrad:  0.4951883 
  Unsuccessful convergence.
[1] 0.5359682
 [1] "Xi: 0.517409178618311" "Xi: 0.515635199723633" "Xi: 0.522418318790382"
 [4] "Xi: 0.537826990309597" "Xi: 0.556243906350677" "Xi: 0.568612985264254"
 [7] "Xi: 0.554073748402457" "Xi: 0.504940839242503" "Xi: 0.543490911155728"
[10] "Xi: 0.570860705294149" "Xi: 0.554820890216985" "Xi: 0.551783816021685"
[13] "Xi: 0.542488158873836" "Xi: 0.532489245408232" "Xi: 0.5296784574659"  
[16] "Xi: 0.531096867185107" "Xi: 0.532062074511269" "Xi: 0.533271231569544"
[19] "Xi: 0.532887787761394" "Xi: 0.532410839950968"
Time difference of 4.524928 mins
[1] "Rho"
[1] 1368.922 1369.161 1368.668 1369.047 1368.625
[1] "It: 21"
[1] "sigma:"            "0.530608480620565" "beta :"           
[4] "1"                
[1] "rho/theta:" "1"         
Time difference of 1.533081 secs
[1] " old Likelihood:  -9404578.20667555"
[1] "New Likelihood:  -9404470.16822944"
[1] 4998792
[1] 4998797
iter:  0  f-value:  26792.27  pgrad:  0.5548209 
iter:  10  f-value:  26792  pgrad:  0.5329526 
iter:  20  f-value:  26791.99  pgrad:  0.4938054 
iter:  30  f-value:  26791.99  pgrad:  0.4662434 
  Unsuccessful convergence.
[1] 0.5458714
 [1] "Xi: 0.51788473542943"  "Xi: 0.516113648925286" "Xi: 0.523043316485098"
 [4] "Xi: 0.538799322026072" "Xi: 0.557818617925657" "Xi: 0.570800539007705"
 [7] "Xi: 0.556582465850902" "Xi: 0.506930775087217" "Xi: 0.543393636977162"
[10] "Xi: 0.572343233103369" "Xi: 0.555317551166894" "Xi: 0.552685863646381"
[13] "Xi: 0.543376759317172" "Xi: 0.533026988510979" "Xi: 0.53006233064577" 
[16] "Xi: 0.5314919853524"   "Xi: 0.532404676283483" "Xi: 0.533682541468171"
[19] "Xi: 0.533353480089987" "Xi: 0.532940506247611"
Time difference of 4.52544 mins
[1] "Rho"
[1] 1368.922 1369.161 1368.668 1369.047 1368.625
[1] "It: 22"
[1] "sigma:"            "0.540412674370918" "beta :"           
[4] "1"                
[1] "rho/theta:" "1"         
Time difference of 1.551542 secs
[1] " old Likelihood:  -9404470.16822944"
[1] "New Likelihood:  -9404371.80521654"
[1] 4998792
[1] 4998797
iter:  0  f-value:  26466.91  pgrad:  0.5553176 
iter:  10  f-value:  26466.67  pgrad:  0.5334749 
iter:  20  f-value:  26466.66  pgrad:  0.491874 
iter:  30  f-value:  26466.66  pgrad:  0.4407137 
  Unsuccessful convergence.
[1] 0.5551272
 [1] "Xi: 0.518410554541152" "Xi: 0.516643506876506" "Xi: 0.523729446674468"
 [4] "Xi: 0.539858368990385" "Xi: 0.559585803697362" "Xi: 0.573285753247052"
 [7] "Xi: 0.559387443590425" "Xi: 0.509149345484366" "Xi: 0.543254189017319"
[10] "Xi: 0.573819934446735" "Xi: 0.555692660387786" "Xi: 0.553514838345485"
[13] "Xi: 0.544223570486178" "Xi: 0.533539751463823" "Xi: 0.530426691666221"
[16] "Xi: 0.531867962808283" "Xi: 0.532716806917079" "Xi: 0.534059558392003"
[19] "Xi: 0.533784124983559" "Xi: 0.533435687256521"
Time difference of 4.526449 mins
[1] 1 1 1 1 1
[1] 1 1 1 1 1
saved RDS
inference successful
