[1] "Original length"
[1] 999661
[1] "Final length"
[1] 17200
[1] "sequence length : 999662" "sequence length : 999976"
[3] "sequence length : 999649" "sequence length : 999813"
[5] "sequence length : 999841"
[1] "former Rho:"
[1] 1482.547 1482.581 1231.558 1360.380 1351.920
[1] "old mu :"
[1] 0.0007415242 0.0007413085 0.0006159954 0.0006803173 0.0006760673
[1] "new mu :"
[1] 0.0006910425
[1] "new Rho:"
[1] 1381.618 1382.052 1381.600 1381.827 1381.865
[1] 1 1 1 1 1
[1] "Beta: 1"
[1] "Self: 0"
[1] 1
[1] "Rho"
[1] 1381.618 1382.052 1381.600 1381.827 1381.865
[1] "It: 1"
[1] "sigma:" "0"      "beta :" "1"     
[1] "rho/theta:" "1"         
[1] "sigma:" "0"      "beta :" "1"     
[1] "rho/theta:" "1"         
Time difference of 1.682601 secs
[1] "New Likelihood:  -9509274.32224878"
[1] 4998936
[1] 4998941
iter:  0  f-value:  37995.39  pgrad:  0.5 
iter:  10  f-value:  37987.93  pgrad:  0.9880063 
iter:  20  f-value:  37986.51  pgrad:  0.9611655 
iter:  30  f-value:  37986.27  pgrad:  0.9201514 
  Unsuccessful convergence.
[1] 0.08063077
 [1] "Xi: 0.502687569734812" "Xi: 0.50244021787515"  "Xi: 0.504428722240214"
 [4] "Xi: 0.505190605053487" "Xi: 0.506500185557848" "Xi: 0.507107084829077"
 [7] "Xi: 0.502428458349615" "Xi: 0.499117792579411" "Xi: 0.507082333812864"
[10] "Xi: 0.514347690546593" "Xi: 0.515158928450005" "Xi: 0.514434525015909"
[13] "Xi: 0.513001801091859" "Xi: 0.511277007476046" "Xi: 0.509713724052001"
[16] "Xi: 0.508226577620714" "Xi: 0.506829257296187" "Xi: 0.505640853246608"
[19] "Xi: 0.504655034222537" "Xi: 0.503847242752997"
Time difference of 7.709408 mins
[1] "Rho"
[1] 1381.618 1382.052 1381.600 1381.827 1381.865
[1] "It: 2"
[1] "sigma:"             "0.0798244638238114" "beta :"            
[4] "1"                 
[1] "rho/theta:" "1"         
Time difference of 1.605242 secs
[1] " old Likelihood:  -9509274.32224878"
[1] "New Likelihood:  -9506426.26400437"
[1] 4998936
[1] 4998941
iter:  0  f-value:  37499.19  pgrad:  0.9193692 
iter:  10  f-value:  37496.95  pgrad:  0.903761 
iter:  20  f-value:  37496.12  pgrad:  0.8690908 
iter:  30  f-value:  37496.12  pgrad:  0.8680412 
  Unsuccessful convergence.
[1] 0.1328524
 [1] "Xi: 0.50434980724976"  "Xi: 0.50397635330495"  "Xi: 0.507239130572056"
 [4] "Xi: 0.510576923109438" "Xi: 0.513477015445715" "Xi: 0.515058758181947"
 [7] "Xi: 0.50755612747451"  "Xi: 0.496855548168314" "Xi: 0.50859607358496" 
[10] "Xi: 0.52047116944861"  "Xi: 0.522288791838896" "Xi: 0.52138080522021" 
[13] "Xi: 0.519573595939413" "Xi: 0.517175465202841" "Xi: 0.515100320404092"
[16] "Xi: 0.513000609600298" "Xi: 0.511096620048672" "Xi: 0.509266777924618"
[19] "Xi: 0.507656608203151" "Xi: 0.506281927390921"
Time difference of 4.343396 mins
[1] "Rho"
[1] 1381.618 1382.052 1381.600 1381.827 1381.865
[1] "It: 3"
[1] "sigma:"            "0.131523866347732" "beta :"           
[4] "1"                
[1] "rho/theta:" "1"         
Time difference of 1.600619 secs
[1] " old Likelihood:  -9506426.26400437"
[1] "New Likelihood:  -9505472.7402754"
[1] 4998936
[1] 4998941
iter:  0  f-value:  36947.73  pgrad:  0.8671476 
iter:  10  f-value:  36946.89  pgrad:  0.8555721 
iter:  20  f-value:  36946.34  pgrad:  0.8333632 
iter:  30  f-value:  36946.3  pgrad:  0.5205719 
  Unsuccessful convergence.
[1] 0.1733411
 [1] "Xi: 0.505356142376359" "Xi: 0.504907389664948" "Xi: 0.508887478899259"
 [4] "Xi: 0.513765277754461" "Xi: 0.518015814473829" "Xi: 0.520632704698008"
 [7] "Xi: 0.511632778853513" "Xi: 0.494321683234839" "Xi: 0.507640202007098"
[10] "Xi: 0.523335634260422" "Xi: 0.525933381325528" "Xi: 0.525004475848705"
[13] "Xi: 0.523135515568644" "Xi: 0.520571927823745" "Xi: 0.518397419136223"
[16] "Xi: 0.516124096037976" "Xi: 0.513919048228438" "Xi: 0.511777647574751"
[19] "Xi: 0.509867448283177" "Xi: 0.508036398157322"
Time difference of 4.345776 mins
[1] "Rho"
[1] 1381.618 1382.052 1381.600 1381.827 1381.865
[1] "It: 4"
[1] "sigma:"            "0.171607703734266" "beta :"           
[4] "1"                
[1] "rho/theta:" "1"         
Time difference of 1.602705 secs
[1] " old Likelihood:  -9505472.7402754"
[1] "New Likelihood:  -9504994.54014425"
[1] 4998936
[1] 4998941
iter:  0  f-value:  36355.03  pgrad:  0.8266589 
iter:  10  f-value:  36354.56  pgrad:  0.8176441 
iter:  20  f-value:  36354.09  pgrad:  0.7960709 
iter:  30  f-value:  36354.07  pgrad:  0.5138482 
  Unsuccessful convergence.
[1] 0.2072733
 [1] "Xi: 0.506012317600819" "Xi: 0.505517176191052" "Xi: 0.509953014178015"
 [4] "Xi: 0.515856012696836" "Xi: 0.521314268170461" "Xi: 0.524968493178548"
 [7] "Xi: 0.515313867797768" "Xi: 0.492629396723702" "Xi: 0.50633743518335" 
[10] "Xi: 0.525140484923628" "Xi: 0.528178146660477" "Xi: 0.527141126279637"
[13] "Xi: 0.525270730182566" "Xi: 0.522617645013115" "Xi: 0.520569390291066"
[16] "Xi: 0.518464944471884" "Xi: 0.516193954333144" "Xi: 0.513848166342045"
[19] "Xi: 0.511632226382798" "Xi: 0.509399082731205"
Time difference of 4.341639 mins
[1] "Rho"
[1] 1381.618 1382.052 1381.600 1381.827 1381.865
[1] "It: 5"
[1] "sigma:"            "0.205200601185259" "beta :"           
[4] "1"                
[1] "rho/theta:" "1"         
Time difference of 1.689804 secs
[1] " old Likelihood:  -9504994.54014425"
[1] "New Likelihood:  -9504655.19179606"
[1] 4998936
[1] 4998941
iter:  0  f-value:  35771.96  pgrad:  0.7927267 
iter:  10  f-value:  35771.34  pgrad:  0.7756055 
iter:  20  f-value:  35771.37  pgrad:  0.5239711 
iter:  30  f-value:  35771.19  pgrad:  0.7638213 
  Unsuccessful convergence.
[1] 0.2364068
 [1] "Xi: 0.50645179005638"  "Xi: 0.505928703581521" "Xi: 0.510665199297848"
 [4] "Xi: 0.517269563652697" "Xi: 0.523717334467502" "Xi: 0.528277931818207"
 [7] "Xi: 0.518509136882136" "Xi: 0.491824297878754" "Xi: 0.505185628108826"
[10] "Xi: 0.526578806121931" "Xi: 0.529881079300908" "Xi: 0.528593005926478"
[13] "Xi: 0.526679264518614" "Xi: 0.523943412131579" "Xi: 0.522073140458034"
[16] "Xi: 0.520220060178066" "Xi: 0.517981777493064" "Xi: 0.515503107817147"
[19] "Xi: 0.513065888706703" "Xi: 0.510484472846035"
Time difference of 4.349056 mins
[1] "Rho"
[1] 1381.618 1382.052 1381.600 1381.827 1381.865
[1] "It: 6"
[1] "sigma:"           "0.23404274784826" "beta :"           "1"               
[1] "rho/theta:" "1"         
Time difference of 1.60993 secs
[1] " old Likelihood:  -9504655.19179606"
[1] "New Likelihood:  -9504380.9126092"
[1] 4998936
[1] 4998941
iter:  0  f-value:  35208.86  pgrad:  0.7635932 
iter:  10  f-value:  35208.23  pgrad:  0.7427223 
iter:  20  f-value:  35208.19  pgrad:  0.7387741 
iter:  30  f-value:  35208.19  pgrad:  0.7374384 
  Unsuccessful convergence.
[1] 0.2625616
 [1] "Xi: 0.506899553790175" "Xi: 0.506349880707391" "Xi: 0.511388137199666"
 [4] "Xi: 0.51867219171221"  "Xi: 0.52608685510358"  "Xi: 0.531553807457935"
 [7] "Xi: 0.521918322097423" "Xi: 0.491786697049932" "Xi: 0.504491294802981"
[10] "Xi: 0.528107261127549" "Xi: 0.531492031916383" "Xi: 0.529815976612726"
[13] "Xi: 0.527783802587774" "Xi: 0.524915663497548" "Xi: 0.523215503409521"
[16] "Xi: 0.521649005789441" "Xi: 0.519463796736299" "Xi: 0.516896121257126"
[19] "Xi: 0.51428777824335"  "Xi: 0.511395736027759"
Time difference of 4.34808 mins
[1] "Rho"
[1] 1381.618 1382.052 1381.600 1381.827 1381.865
[1] "It: 7"
[1] "sigma:"            "0.259935994870205" "beta :"           
[4] "1"                
[1] "rho/theta:" "1"         
Time difference of 1.70849 secs
[1] " old Likelihood:  -9504380.9126092"
[1] "New Likelihood:  -9504137.77731482"
[1] 4998936
[1] 4998941
iter:  0  f-value:  34661.88  pgrad:  0.7374384 
iter:  10  f-value:  34661.34  pgrad:  0.7215366 
iter:  20  f-value:  34661.27  pgrad:  0.7158241 
iter:  30  f-value:  34661.26  pgrad:  0.5207678 
  Unsuccessful convergence.
[1] 0.2867221
 [1] "Xi: 0.507359637026523" "Xi: 0.506785462015821" "Xi: 0.512129361037302"
 [4] "Xi: 0.520078809537199" "Xi: 0.528454143091067" "Xi: 0.534831873792204"
 [7] "Xi: 0.525508868481202" "Xi: 0.492389562473363" "Xi: 0.504180440695922"
[10] "Xi: 0.529807105118854" "Xi: 0.533154294749352" "Xi: 0.530989660384413"
[13] "Xi: 0.528780075491857" "Xi: 0.525725516456858" "Xi: 0.524151802995612"
[16] "Xi: 0.522861831425628" "Xi: 0.52075620238872"  "Xi: 0.518128465822768"
[19] "Xi: 0.515371025917625" "Xi: 0.512177818638906"
Time difference of 4.359225 mins
[1] "Rho"
[1] 1381.618 1382.052 1381.600 1381.827 1381.865
[1] "It: 8"
[1] "sigma:"            "0.283854836564504" "beta :"           
[4] "1"                
[1] "rho/theta:" "1"         
Time difference of 1.609384 secs
[1] " old Likelihood:  -9504137.77731482"
[1] "New Likelihood:  -9503912.77048442"
[1] 4998936
[1] 4998941
iter:  0  f-value:  34127.08  pgrad:  0.7132779 
iter:  10  f-value:  34126.58  pgrad:  0.6984041 
iter:  20  f-value:  34126.51  pgrad:  0.6916648 
iter:  30  f-value:  34126.51  pgrad:  0.5239319 
  Unsuccessful convergence.
[1] 0.3091002
 [1] "Xi: 0.507825543877116" "Xi: 0.507227045351941" "Xi: 0.512875799669823"
 [4] "Xi: 0.521464854516632" "Xi: 0.530768786290379" "Xi: 0.538031772548696"
 [7] "Xi: 0.529140907051811" "Xi: 0.49355736681389"  "Xi: 0.504111566423852"
[10] "Xi: 0.531602665729844" "Xi: 0.534855210907961" "Xi: 0.532146623225933"
[13] "Xi: 0.529723256969981" "Xi: 0.526434145630669" "Xi: 0.524958342853504"
[16] "Xi: 0.523923473146203" "Xi: 0.521902146716146" "Xi: 0.519228983900895"
[19] "Xi: 0.516337488476237" "Xi: 0.512856535918473"
Time difference of 4.357053 mins
[1] "Rho"
[1] 1381.618 1382.052 1381.600 1381.827 1381.865
[1] "It: 9"
[1] "sigma:"            "0.306009187494227" "beta :"           
[4] "1"                
[1] "rho/theta:" "1"         
Time difference of 1.609484 secs
[1] " old Likelihood:  -9503912.77048442"
[1] "New Likelihood:  -9503703.32457934"
[1] 4998936
[1] 4998941
iter:  0  f-value:  33609.04  pgrad:  0.6908998 
iter:  10  f-value:  33608.56  pgrad:  0.6762582 
iter:  20  f-value:  33608.51  pgrad:  0.6723005 
iter:  30  f-value:  33608.51  pgrad:  0.6704892 
  Unsuccessful convergence.
[1] 0.329524
 [1] "Xi: 0.508237504293858" "Xi: 0.50761886464983"  "Xi: 0.513531235832339"
 [4] "Xi: 0.522639638415364" "Xi: 0.532651483525223" "Xi: 0.54059556921382" 
 [7] "Xi: 0.53213015344021"  "Xi: 0.494862860264354" "Xi: 0.503995474499602"
[10] "Xi: 0.533259643479719" "Xi: 0.53650508431352"  "Xi: 0.533253895852791"
[13] "Xi: 0.530608817614229" "Xi: 0.527053425592977" "Xi: 0.525642870846573"
[16] "Xi: 0.524849290498263" "Xi: 0.522907758536433" "Xi: 0.520197368941959"
[19] "Xi: 0.517185666896439" "Xi: 0.513425936424092"
Time difference of 4.360622 mins
[1] "Rho"
[1] 1381.618 1382.052 1381.600 1381.827 1381.865
[1] "It: 10"
[1] "sigma:"            "0.326228761144426" "beta :"           
[4] "1"                
[1] "rho/theta:" "1"         
Time difference of 1.60531 secs
[1] " old Likelihood:  -9503703.32457934"
[1] "New Likelihood:  -9503511.02246152"
[1] 4998936
[1] 4998941
iter:  0  f-value:  33117.02  pgrad:  0.670476 
iter:  10  f-value:  33116.56  pgrad:  0.6554702 
iter:  20  f-value:  33116.53  pgrad:  0.65232 
iter:  30  f-value:  33116.52  pgrad:  0.5238527 
  Unsuccessful convergence.
[1] 0.3489536
 [1] "Xi: 0.508726666125624" "Xi: 0.508086614422934" "Xi: 0.51430836560292" 
 [4] "Xi: 0.524041813208754" "Xi: 0.534979908110172" "Xi: 0.543806637857092"
 [7] "Xi: 0.535919394747967" "Xi: 0.496713844311126" "Xi: 0.504180809551993"
[10] "Xi: 0.535098584143089" "Xi: 0.538234574538517" "Xi: 0.53440576934049" 
[13] "Xi: 0.531525758007862" "Xi: 0.527670167341409" "Xi: 0.526292487224402"
[16] "Xi: 0.525715034016315" "Xi: 0.523841387186421" "Xi: 0.521094186399019"
[19] "Xi: 0.517974255800302" "Xi: 0.513938865883276"
Time difference of 4.358109 mins
[1] "Rho"
[1] 1381.618 1382.052 1381.600 1381.827 1381.865
[1] "It: 11"
[1] "sigma:"            "0.345464067328721" "beta :"           
[4] "1"                
[1] "rho/theta:" "1"         
Time difference of 1.603194 secs
[1] " old Likelihood:  -9503511.02246152"
[1] "New Likelihood:  -9503327.83848905"
[1] 4998936
[1] 4998941
iter:  0  f-value:  32634.9  pgrad:  0.6510464 
iter:  10  f-value:  32634.45  pgrad:  0.6360095 
iter:  20  f-value:  32634.43  pgrad:  0.6333602 
iter:  30  f-value:  32634.43  pgrad:  0.5016114 
  Unsuccessful convergence.
[1] 0.3669461
 [1] "Xi: 0.509157411781275" "Xi: 0.508498023939062" "Xi: 0.514986153910934"
 [4] "Xi: 0.525217193256755" "Xi: 0.536849771655814" "Xi: 0.546339761581238"
 [7] "Xi: 0.53894780191029"  "Xi: 0.498395724222504" "Xi: 0.504187092039971"
[10] "Xi: 0.536728415821472" "Xi: 0.539876299513289" "Xi: 0.535502511398507"
[13] "Xi: 0.532409766037478" "Xi: 0.528241771174464" "Xi: 0.526870693749347"
[16] "Xi: 0.526498447090805" "Xi: 0.524685199882699" "Xi: 0.521903307785975"
[19] "Xi: 0.518682115852192" "Xi: 0.514378200557071"
Time difference of 4.357867 mins
[1] "Rho"
[1] 1381.618 1382.052 1381.600 1381.827 1381.865
[1] "It: 12"
[1] "sigma:"            "0.363276678288317" "beta :"           
[4] "1"                
[1] "rho/theta:" "1"         
Time difference of 1.609015 secs
[1] " old Likelihood:  -9503327.83848905"
[1] "New Likelihood:  -9503157.97174148"
[1] 4998936
[1] 4998941
iter:  0  f-value:  32174.36  pgrad:  0.6330539 
iter:  10  f-value:  32173.94  pgrad:  0.6180214 
iter:  20  f-value:  32173.93  pgrad:  0.6164382 
iter:  30  f-value:  32173.93  pgrad:  0.4998012 
  Unsuccessful convergence.
[1] 0.3838136
 [1] "Xi: 0.509587412532424" "Xi: 0.508909880045419" "Xi: 0.515660932009735"
 [4] "Xi: 0.526369397642103" "Xi: 0.538668719649452" "Xi: 0.548795539205175"
 [7] "Xi: 0.54191404574446"  "Xi: 0.500204129266246" "Xi: 0.504212950667736"
[10] "Xi: 0.538300061154223" "Xi: 0.54148681490363"  "Xi: 0.536580408908293"
[13] "Xi: 0.533291095149209" "Xi: 0.528799772843913" "Xi: 0.527409934079986"
[16] "Xi: 0.527226568157185" "Xi: 0.525462801580334" "Xi: 0.522644948195643"
[19] "Xi: 0.519329413667855" "Xi: 0.514760408695772"
Time difference of 4.355696 mins
[1] "Rho"
[1] 1381.618 1382.052 1381.600 1381.827 1381.865
[1] "It: 13"
[1] "sigma:"            "0.379975512550481" "beta :"           
[4] "1"                
[1] "rho/theta:" "1"         
Time difference of 1.623445 secs
[1] " old Likelihood:  -9503157.97174148"
[1] "New Likelihood:  -9502999.09317566"
[1] 4998936
[1] 4998941
iter:  0  f-value:  31731.33  pgrad:  0.6161864 
iter:  10  f-value:  31730.93  pgrad:  0.601538 
iter:  20  f-value:  31730.92  pgrad:  0.6008286 
iter:  30  f-value:  31730.92  pgrad:  0.4976314 
  Unsuccessful convergence.
[1] 0.3997076
 [1] "Xi: 0.510121908318236" "Xi: 0.509421854473002" "Xi: 0.516491802671307"
 [4] "Xi: 0.527805586749586" "Xi: 0.541036423650921" "Xi: 0.552037851532672"
 [7] "Xi: 0.54583035556239"  "Xi: 0.502568736992694" "Xi: 0.504410839105174"
[10] "Xi: 0.539914751690877" "Xi: 0.543081322294743" "Xi: 0.537633309902194"
[13] "Xi: 0.534173183299869" "Xi: 0.529348814177379" "Xi: 0.527922307866664"
[16] "Xi: 0.527907543862636" "Xi: 0.526186429351057" "Xi: 0.523331124670614"
[19] "Xi: 0.519925620499396" "Xi: 0.515093943952063"
Time difference of 4.360385 mins
[1] "Rho"
[1] 1381.618 1382.052 1381.600 1381.827 1381.865
[1] "It: 14"
[1] "sigma:"            "0.395710484773205" "beta :"           
[4] "1"                
[1] "rho/theta:" "1"         
Time difference of 1.60516 secs
[1] " old Likelihood:  -9502999.09317566"
[1] "New Likelihood:  -9502850.05190348"
[1] 4998936
[1] 4998941
iter:  0  f-value:  31304  pgrad:  0.6002924 
iter:  10  f-value:  31303.63  pgrad:  0.5862186 
iter:  20  f-value:  31303.62  pgrad:  0.5857401 
iter:  30  f-value:  31303.62  pgrad:  0.4924368 
  Unsuccessful convergence.
[1] 0.4146119
 [1] "Xi: 0.510660928499365" "Xi: 0.509939357417196" "Xi: 0.517324640407192"
 [4] "Xi: 0.529227955728872" "Xi: 0.543362934102269" "Xi: 0.555196979153894"
 [7] "Xi: 0.549635645902549" "Xi: 0.504928985071506" "Xi: 0.504504947966995"
[10] "Xi: 0.541389938664233" "Xi: 0.544584705022696" "Xi: 0.538636797667147"
[13] "Xi: 0.535035837666797" "Xi: 0.529883216709804" "Xi: 0.528409102410384"
[16] "Xi: 0.528550307171393" "Xi: 0.526868643925989" "Xi: 0.523965894831349"
[19] "Xi: 0.520470158078096" "Xi: 0.515378778758537"
Time difference of 4.355441 mins
[1] "Rho"
[1] 1381.618 1382.052 1381.600 1381.827 1381.865
[1] "It: 15"
[1] "sigma:"            "0.410465790358923" "beta :"           
[4] "1"                
[1] "rho/theta:" "1"         
Time difference of 1.628766 secs
[1] " old Likelihood:  -9502850.05190348"
[1] "New Likelihood:  -9502711.37203784"
[1] 4998936
[1] 4998941
iter:  0  f-value:  30894.59  pgrad:  0.5853881 
iter:  10  f-value:  30894.24  pgrad:  0.5720081 
iter:  20  f-value:  30894.24  pgrad:  0.5715184 
iter:  30  f-value:  30894.24  pgrad:  0.4932103 
  Unsuccessful convergence.
[1] 0.4285681
 [1] "Xi: 0.511101436326272" "Xi: 0.510360446751596" "Xi: 0.517994754100342"
 [4] "Xi: 0.530321495961437" "Xi: 0.54504413573685"  "Xi: 0.557420435209664"
 [7] "Xi: 0.552324940067886" "Xi: 0.506823674821771" "Xi: 0.504384421215512"
[10] "Xi: 0.542642285575553" "Xi: 0.545986622924849" "Xi: 0.539581755513189"
[13] "Xi: 0.535873591318061" "Xi: 0.530393788165563" "Xi: 0.528854557595042"
[16] "Xi: 0.52914816523652"  "Xi: 0.527488592272466" "Xi: 0.524545379393837"
[19] "Xi: 0.52096910263212"  "Xi: 0.515617151109296"
Time difference of 4.360852 mins
[1] "Rho"
[1] 1381.618 1382.052 1381.600 1381.827 1381.865
[1] "It: 16"
[1] "sigma:"            "0.424282392800563" "beta :"           
[4] "1"                
[1] "rho/theta:" "1"         
Time difference of 1.629502 secs
[1] " old Likelihood:  -9502711.37203784"
[1] "New Likelihood:  -9502582.45248116"
[1] 4998936
[1] 4998941
iter:  0  f-value:  30502.09  pgrad:  0.5714319 
iter:  10  f-value:  30501.77  pgrad:  0.5588148 
iter:  20  f-value:  30501.77  pgrad:  0.491618 
iter:  30  f-value:  30501.76  pgrad:  0.528116 
  Unsuccessful convergence.
[1] 0.4417253
 [1] "Xi: 0.511723279479807" "Xi: 0.510959589588775" "Xi: 0.518936564184639"
 [4] "Xi: 0.531916718485035" "Xi: 0.547685001942648" "Xi: 0.560997973952005"
 [7] "Xi: 0.556627909366803" "Xi: 0.509603698985095" "Xi: 0.504482996326858"
[10] "Xi: 0.543960763521378" "Xi: 0.547359862902843" "Xi: 0.540503128603174"
[13] "Xi: 0.536702831514055" "Xi: 0.530901172385695" "Xi: 0.529279694870847"
[16] "Xi: 0.529732344383188" "Xi: 0.528039486053583" "Xi: 0.525048109950295"
[19] "Xi: 0.521428332734439" "Xi: 0.515820656243414"
Time difference of 4.35896 mins
[1] "Rho"
[1] 1381.618 1382.052 1381.600 1381.827 1381.865
[1] "It: 17"
[1] "sigma:"           "0.43730809399807" "beta :"           "1"               
[1] "rho/theta:" "1"         
Time difference of 1.712659 secs
[1] " old Likelihood:  -9502582.45248116"
[1] "New Likelihood:  -9502462.06500347"
[1] 4998936
[1] 4998941
iter:  0  f-value:  30124.03  pgrad:  0.5582747 
iter:  10  f-value:  30123.73  pgrad:  0.546366 
iter:  20  f-value:  30123.73  pgrad:  0.4888829 
iter:  30  f-value:  30123.73  pgrad:  0.5303052 
  Unsuccessful convergence.
[1] 0.4540945
 [1] "Xi: 0.512234246274027" "Xi: 0.511450088914994" "Xi: 0.519699464587041"
 [4] "Xi: 0.533162524547092" "Xi: 0.549642158899634" "Xi: 0.563585218113828"
 [7] "Xi: 0.5597320715929"   "Xi: 0.511824085844694" "Xi: 0.504373614338045"
[10] "Xi: 0.545088017012981" "Xi: 0.548639523392543" "Xi: 0.541362249313549"
[13] "Xi: 0.537515867455318" "Xi: 0.531378157359637" "Xi: 0.52968446146003" 
[16] "Xi: 0.530264098006557" "Xi: 0.528588127129728" "Xi: 0.525562266032891"
[19] "Xi: 0.521856521833276" "Xi: 0.51598632719174" 
Time difference of 4.355872 mins
[1] "Rho"
[1] 1381.618 1382.052 1381.600 1381.827 1381.865
[1] "It: 18"
[1] "sigma:"           "0.44955355694861" "beta :"           "1"               
[1] "rho/theta:" "1"         
Time difference of 1.603045 secs
[1] " old Likelihood:  -9502462.06500347"
[1] "New Likelihood:  -9502350.70881462"
[1] 4998936
[1] 4998941
iter:  0  f-value:  29763.35  pgrad:  0.5459055 
iter:  10  f-value:  29763.07  pgrad:  0.5347419 
iter:  20  f-value:  29763.07  pgrad:  0.486757 
iter:  30  f-value:  29763.06  pgrad:  0.4863759 
  Unsuccessful convergence.
[1] 0.4656999
 [1] "Xi: 0.512656979707437" "Xi: 0.511854152086072" "Xi: 0.520323645988806"
 [4] "Xi: 0.534137575666622" "Xi: 0.551078533795289" "Xi: 0.565433435489423"
 [7] "Xi: 0.561951816436201" "Xi: 0.513630447959055" "Xi: 0.504147354903352"
[10] "Xi: 0.546042863821848" "Xi: 0.549841153535538" "Xi: 0.542170202377062"
[13] "Xi: 0.538306627236048" "Xi: 0.53185635772007"  "Xi: 0.530066740183298"
[16] "Xi: 0.530774607499747" "Xi: 0.529098734831258" "Xi: 0.526026680556173"
[19] "Xi: 0.522248620749314" "Xi: 0.516116832791831"
Time difference of 4.357637 mins
[1] "Rho"
[1] 1381.618 1382.052 1381.600 1381.827 1381.865
[1] "It: 19"
[1] "sigma:"            "0.461042920805694" "beta :"           
[4] "1"                
[1] "rho/theta:" "1"         
Time difference of 1.592388 secs
[1] " old Likelihood:  -9502350.70881462"
[1] "New Likelihood:  -9502247.72661287"
[1] 4998936
[1] 4998941
iter:  0  f-value:  29418.95  pgrad:  0.5343001 
iter:  10  f-value:  29418.69  pgrad:  0.5238416 
iter:  20  f-value:  29418.69  pgrad:  0.4849742 
iter:  30  f-value:  29418.68  pgrad:  0.5391383 
  Unsuccessful convergence.
[1] 0.4767092
 [1] "Xi: 0.513320019176835" "Xi: 0.512489728022986" "Xi: 0.521298252275943"
 [4] "Xi: 0.535741025577203" "Xi: 0.553702999916295" "Xi: 0.568940734247908"
 [7] "Xi: 0.566147540816125" "Xi: 0.516598510325927" "Xi: 0.504166208347524"
[10] "Xi: 0.547080022644214" "Xi: 0.55106150346909"  "Xi: 0.54295619378198" 
[13] "Xi: 0.539117299536688" "Xi: 0.532329625671285" "Xi: 0.530488907846823"
[16] "Xi: 0.531267611338847" "Xi: 0.529560622467393" "Xi: 0.526431546286741"
[19] "Xi: 0.522619189121951" "Xi: 0.516208231533644"
Time difference of 4.351272 mins
[1] "Rho"
[1] 1381.618 1382.052 1381.600 1381.827 1381.865
[1] "It: 20"
[1] "sigma:"            "0.471942123099608" "beta :"           
[4] "1"                
[1] "rho/theta:" "1"         
Time difference of 1.619534 secs
[1] " old Likelihood:  -9502247.72661287"
[1] "New Likelihood:  -9502151.86379989"
[1] 4998936
[1] 4998941
iter:  0  f-value:  29087.2  pgrad:  0.5429562 
iter:  10  f-value:  29086.96  pgrad:  0.5163423 
iter:  20  f-value:  29086.96  pgrad:  0.4820885 
iter:  30  f-value:  29086.96  pgrad:  0.481376 
  Unsuccessful convergence.
[1] 0.4870029
 [1] "Xi: 0.513776094198484" "Xi: 0.512925569605138" "Xi: 0.521956922553711"
 [4] "Xi: 0.536788249066321" "Xi: 0.555266033251194" "Xi: 0.570949355180411"
 [7] "Xi: 0.568548774908544" "Xi: 0.518633508646011" "Xi: 0.50398458389421" 
[10] "Xi: 0.547940546612085" "Xi: 0.552153260372705" "Xi: 0.543657407733385"
[13] "Xi: 0.539854543106189" "Xi: 0.53277008077269"  "Xi: 0.530823718239622"
[16] "Xi: 0.531724550982434" "Xi: 0.530010913162245" "Xi: 0.526835828416157"
[19] "Xi: 0.522955860953562" "Xi: 0.516281803071739"
Time difference of 4.358071 mins
[1] "Rho"
[1] 1381.618 1382.052 1381.600 1381.827 1381.865
[1] "It: 21"
[1] "sigma:"            "0.482132844746112" "beta :"           
[4] "1"                
[1] "rho/theta:" "1"         
Time difference of 1.603237 secs
[1] " old Likelihood:  -9502151.86379989"
[1] "New Likelihood:  -9502063.72234732"
[1] 4998936
[1] 4998941
iter:  0  f-value:  28771.65  pgrad:  0.5436574 
iter:  10  f-value:  28771.43  pgrad:  0.5405742 
iter:  20  f-value:  28771.43  pgrad:  0.5321649 
iter:  30  f-value:  28771.43  pgrad:  0.4793657 
  Unsuccessful convergence.
[1] 0.496684
 [1] "Xi: 0.51423106584312"  "Xi: 0.513359493008194" "Xi: 0.522608166268754"
 [4] "Xi: 0.537826704296314" "Xi: 0.55680912640204"  "Xi: 0.57292811670825" 
 [7] "Xi: 0.570914062952729" "Xi: 0.520710535902536" "Xi: 0.503830278576584"
[10] "Xi: 0.548735022366785" "Xi: 0.553191330559779" "Xi: 0.544320447582185"
[13] "Xi: 0.540576846887926" "Xi: 0.533200264846805" "Xi: 0.53114065105772" 
[16] "Xi: 0.532158709720623" "Xi: 0.53043259880496"  "Xi: 0.527210031961259"
[19] "Xi: 0.523266080975339" "Xi: 0.516328993655458"
Time difference of 4.370898 mins
[1] "Rho"
[1] 1381.618 1382.052 1381.600 1381.827 1381.865
[1] "It: 22"
[1] "sigma:"            "0.491717151781233" "beta :"           
[4] "1"                
[1] "rho/theta:" "1"         
Time difference of 1.668247 secs
[1] " old Likelihood:  -9502063.72234732"
[1] "New Likelihood:  -9501982.52263334"
[1] 4998936
[1] 4998941
iter:  0  f-value:  28470.6  pgrad:  0.5443204 
iter:  10  f-value:  28470.4  pgrad:  0.5412988 
iter:  20  f-value:  28470.4  pgrad:  0.4778266 
iter:  30  f-value:  28470.4  pgrad:  0.4775067 
  Unsuccessful convergence.
[1] 0.5057886
 [1] "Xi: 0.514626814783463" "Xi: 0.513737944897217" "Xi: 0.523171253043037"
 [4] "Xi: 0.538713010244054" "Xi: 0.558065573773824" "Xi: 0.57450533283895" 
 [7] "Xi: 0.572792180951089" "Xi: 0.522500794119129" "Xi: 0.503632883467117"
[10] "Xi: 0.549405357543291" "Xi: 0.554169646684169" "Xi: 0.54493967727806" 
[13] "Xi: 0.541278516361958" "Xi: 0.533618180239855" "Xi: 0.531440735083966"
[16] "Xi: 0.532571008451741" "Xi: 0.530827770398961" "Xi: 0.527557361704156"
[19] "Xi: 0.523552021318258" "Xi: 0.516350431618515"
Time difference of 4.37458 mins
[1] 1 1 1 1 1
[1] 1 1 1 1 1
saved RDS
inference successful
