[1] "Original length"
[1] 999866
[1] "Final length"
[1] 18682
[1] "sequence length : 999867" "sequence length : 999940"
[3] "sequence length : 999346" "sequence length : 999682"
[5] "sequence length : 999616"
[1] 1 1 1 1 1
[1] "Beta: 1"
[1] "Self: 0.5"
 [1] 0 0 0 0 0 0 0 0 0 0 0 0 0 0 0 0 0 0 0 0
[1] "maxIt: 20"
[1] "It: 1"
 [1] "sigma:" "0.5"    "0.5"    "0.5"    "0.5"    "0.5"    "0.5"    "0.5"   
 [9] "0.5"    "0.5"    "0.5"    "0.5"    "0.5"    "0.5"    "0.5"    "0.5"   
[17] "0.5"    "0.5"    "0.5"    "0"      "0"      "0"      "0"      "0"     
[25] "0"      "0"      "0"      "0"      "0"      "0"      "0"      "0"     
[33] "0"      "0"      "0"      "0"      "0"      "0"      "0"      "0"     
[41] "0"      "beta :" "1"     
[1] 10082235
[1] 10081876
[1] 10081698
[1] 10081438
[1] 10081067
[1] 10080547
[1] 10079852
[1] 10079004
[1] 10078109
[1] 10077454
[1] 10077449
[1] 10078492
[1] 10081360
[1] 10087108
[1] 10096192
[1] 10107119
[1] 10116752
[1] 10122458
[1] 10124471
[1] 10125030
[1] 10125154
 [1] "sigma:" "0.9655" "0.9655" "0.9655" "0.9655" "0.9655" "0.9655" "0.9655"
 [9] "0.9655" "0.9655" "0.9655" "0.9655" "0.9655" "0.9655" "0.9655" "0.9655"
[17] "0.9655" "0.9655" "0.9655" "0.9655" "0.9655" "0.425"  "0.425"  "0.425" 
[25] "0.425"  "0.425"  "0.425"  "0.425"  "0.425"  "0.425"  "0.425"  "0.425" 
[33] "0.425"  "0.425"  "0.425"  "0.425"  "0.425"  "0.425"  "0.425"  "0.425" 
[41] "0.425"  "beta :" "1"     
[1] "New Likelihood:  -10077449.3029765"
iter:  0  f-value:  29758.78  pgrad:  0.85 
iter:  10  f-value:  29758.58  pgrad:  0.8468005 
iter:  20  f-value:  29758.46  pgrad:  0.841217 
iter:  30  f-value:  29758.44  pgrad:  0.8379516 
  Unsuccessful convergence.
Time difference of 40.08729 mins
[1] "maxIt: 20"
[1] "It: 2"
 [1] "sigma:"            "0.971322692470892" "0.971322692470892"
 [4] "0.971322692470892" "0.971322692470892" "0.971322692470892"
 [7] "0.971322692470892" "0.971322692470892" "0.971322692470892"
[10] "0.971322692470892" "0.971322692470892" "0.971322692470892"
[13] "0.971322692470892" "0.971322692470892" "0.971322692470892"
[16] "0.971322692470892" "0.971322692470892" "0.971322692470892"
[19] "0.971322692470892" "0.971322692470892" "0.971322692470892"
[22] "0.41891396770295"  "0.41891396770295"  "0.41891396770295" 
[25] "0.41891396770295"  "0.41891396770295"  "0.41891396770295" 
[28] "0.41891396770295"  "0.41891396770295"  "0.41891396770295" 
[31] "0.41891396770295"  "0.41891396770295"  "0.41891396770295" 
[34] "0.41891396770295"  "0.41891396770295"  "0.41891396770295" 
[37] "0.41891396770295"  "0.41891396770295"  "0.41891396770295" 
[40] "0.41891396770295"  "0.41891396770295"  "beta :"           
[43] "1"                
[1] 10077349
[1] 10077337
[1] 10078425
 [1] "sigma:"            "0.971322692470892" "0.971322692470892"
 [4] "0.971322692470892" "0.971322692470892" "0.971322692470892"
 [7] "0.971322692470892" "0.971322692470892" "0.971322692470892"
[10] "0.971322692470892" "0.971322692470892" "0.971322692470892"
[13] "0.971322692470892" "0.971322692470892" "0.971322692470892"
[16] "0.971322692470892" "0.971322692470892" "0.971322692470892"
[19] "0.971322692470892" "0.971322692470892" "0.971322692470892"
[22] "0.39391396770295"  "0.39391396770295"  "0.39391396770295" 
[25] "0.39391396770295"  "0.39391396770295"  "0.39391396770295" 
[28] "0.39391396770295"  "0.39391396770295"  "0.39391396770295" 
[31] "0.39391396770295"  "0.39391396770295"  "0.39391396770295" 
[34] "0.39391396770295"  "0.39391396770295"  "0.39391396770295" 
[37] "0.39391396770295"  "0.39391396770295"  "0.39391396770295" 
[40] "0.39391396770295"  "0.39391396770295"  "beta :"           
[43] "1"                
[1] " old Likelihood:  -10077449.3029765"
[1] "New Likelihood:  -10077337.372609"
iter:  0  f-value:  30617.46  pgrad:  0.5004335 
iter:  10  f-value:  30617.28  pgrad:  0.7865105 
iter:  20  f-value:  30617.21  pgrad:  0.7802234 
iter:  30  f-value:  30617.19  pgrad:  0.7753861 
  Unsuccessful convergence.
Time difference of 10.31367 mins
[1] "maxIt: 20"
[1] "It: 3"
 [1] "sigma:"            "0.975551873323904" "0.975551873323904"
 [4] "0.975551873323904" "0.975551873323904" "0.975551873323904"
 [7] "0.975551873323904" "0.975551873323904" "0.975551873323904"
[10] "0.975551873323904" "0.975551873323904" "0.975551873323904"
[13] "0.975551873323904" "0.975551873323904" "0.975551873323904"
[16] "0.975551873323904" "0.975551873323904" "0.975551873323904"
[19] "0.975551873323904" "0.975551873323904" "0.975551873323904"
[22] "0.387626837551638" "0.387626837551638" "0.387626837551638"
[25] "0.387626837551638" "0.387626837551638" "0.387626837551638"
[28] "0.387626837551638" "0.387626837551638" "0.387626837551638"
[31] "0.387626837551638" "0.387626837551638" "0.387626837551638"
[34] "0.387626837551638" "0.387626837551638" "0.387626837551638"
[37] "0.387626837551638" "0.387626837551638" "0.387626837551638"
[40] "0.387626837551638" "0.387626837551638" "beta :"           
[43] "1"                
[1] 10077300
[1] 10077258
[1] 10078357
 [1] "sigma:"            "0.975551873323904" "0.975551873323904"
 [4] "0.975551873323904" "0.975551873323904" "0.975551873323904"
 [7] "0.975551873323904" "0.975551873323904" "0.975551873323904"
[10] "0.975551873323904" "0.975551873323904" "0.975551873323904"
[13] "0.975551873323904" "0.975551873323904" "0.975551873323904"
[16] "0.975551873323904" "0.975551873323904" "0.975551873323904"
[19] "0.975551873323904" "0.975551873323904" "0.975551873323904"
[22] "0.387626837551638" "0.387626837551638" "0.387626837551638"
[25] "0.387626837551638" "0.387626837551638" "0.387626837551638"
[28] "0.387626837551638" "0.387626837551638" "0.387626837551638"
[31] "0.387626837551638" "0.387626837551638" "0.387626837551638"
[34] "0.387626837551638" "0.387626837551638" "0.387626837551638"
[37] "0.387626837551638" "0.387626837551638" "0.387626837551638"
[40] "0.387626837551638" "0.387626837551638" "beta :"           
[43] "1"                
[1] " old Likelihood:  -10077337.372609"
[1] "New Likelihood:  -10077257.9273711"
iter:  0  f-value:  30653.01  pgrad:  0.7752537 
iter:  10  f-value:  30652.95  pgrad:  0.7735179 
iter:  20  f-value:  30652.92  pgrad:  0.7691716 
iter:  30  f-value:  30652.91  pgrad:  0.7681575 
  Unsuccessful convergence.
Time difference of 9.757534 mins
[1] "maxIt: 20"
[1] "It: 4"
 [1] "sigma:"            "0.97818239572834"  "0.97818239572834" 
 [4] "0.97818239572834"  "0.97818239572834"  "0.97818239572834" 
 [7] "0.97818239572834"  "0.97818239572834"  "0.97818239572834" 
[10] "0.97818239572834"  "0.97818239572834"  "0.97818239572834" 
[13] "0.97818239572834"  "0.97818239572834"  "0.97818239572834" 
[16] "0.97818239572834"  "0.97818239572834"  "0.97818239572834" 
[19] "0.97818239572834"  "0.97818239572834"  "0.97818239572834" 
[22] "0.382579811519084" "0.382579811519084" "0.382579811519084"
[25] "0.382579811519084" "0.382579811519084" "0.382579811519084"
[28] "0.382579811519084" "0.382579811519084" "0.382579811519084"
[31] "0.382579811519084" "0.382579811519084" "0.382579811519084"
[34] "0.382579811519084" "0.382579811519084" "0.382579811519084"
[37] "0.382579811519084" "0.382579811519084" "0.382579811519084"
[40] "0.382579811519084" "0.382579811519084" "beta :"           
[43] "1"                
[1] 10077282
[1] 10077225
[1] 10078341
 [1] "sigma:"            "0.97818239572834"  "0.97818239572834" 
 [4] "0.97818239572834"  "0.97818239572834"  "0.97818239572834" 
 [7] "0.97818239572834"  "0.97818239572834"  "0.97818239572834" 
[10] "0.97818239572834"  "0.97818239572834"  "0.97818239572834" 
[13] "0.97818239572834"  "0.97818239572834"  "0.97818239572834" 
[16] "0.97818239572834"  "0.97818239572834"  "0.97818239572834" 
[19] "0.97818239572834"  "0.97818239572834"  "0.97818239572834" 
[22] "0.382579811519084" "0.382579811519084" "0.382579811519084"
[25] "0.382579811519084" "0.382579811519084" "0.382579811519084"
[28] "0.382579811519084" "0.382579811519084" "0.382579811519084"
[31] "0.382579811519084" "0.382579811519084" "0.382579811519084"
[34] "0.382579811519084" "0.382579811519084" "0.382579811519084"
[37] "0.382579811519084" "0.382579811519084" "0.382579811519084"
[40] "0.382579811519084" "0.382579811519084" "beta :"           
[43] "1"                
[1] " old Likelihood:  -10077257.9273711"
[1] "New Likelihood:  -10077224.6222902"
iter:  0  f-value:  30713.53  pgrad:  0.7651596 
iter:  10  f-value:  30713.51  pgrad:  0.7636886 
iter:  20  f-value:  30713.49  pgrad:  0.7593978 
iter:  30  f-value:  30713.49  pgrad:  0.7584515 
  Unsuccessful convergence.
Time difference of 9.728944 mins
[1] "maxIt: 20"
[1] "It: 5"
 [1] "sigma:"            "0.979715283569083" "0.979715283569083"
 [4] "0.979715283569083" "0.979715283569083" "0.979715283569083"
 [7] "0.979715283569083" "0.979715283569083" "0.979715283569083"
[10] "0.979715283569083" "0.979715283569083" "0.979715283569083"
[13] "0.979715283569083" "0.979715283569083" "0.979715283569083"
[16] "0.979715283569083" "0.979715283569083" "0.979715283569083"
[19] "0.979715283569083" "0.979715283569083" "0.979715283569083"
[22] "0.379185779675972" "0.379185779675972" "0.379185779675972"
[25] "0.379185779675972" "0.379185779675972" "0.379185779675972"
[28] "0.379185779675972" "0.379185779675972" "0.379185779675972"
[31] "0.379185779675972" "0.379185779675972" "0.379185779675972"
[34] "0.379185779675972" "0.379185779675972" "0.379185779675972"
[37] "0.379185779675972" "0.379185779675972" "0.379185779675972"
[40] "0.379185779675972" "0.379185779675972" "beta :"           
[43] "1"                
[1] 10077276
[1] 10077206
[1] 10078351
 [1] "sigma:"            "0.979715283569083" "0.979715283569083"
 [4] "0.979715283569083" "0.979715283569083" "0.979715283569083"
 [7] "0.979715283569083" "0.979715283569083" "0.979715283569083"
[10] "0.979715283569083" "0.979715283569083" "0.979715283569083"
[13] "0.979715283569083" "0.979715283569083" "0.979715283569083"
[16] "0.979715283569083" "0.979715283569083" "0.979715283569083"
[19] "0.979715283569083" "0.979715283569083" "0.979715283569083"
[22] "0.354185779675972" "0.354185779675972" "0.354185779675972"
[25] "0.354185779675972" "0.354185779675972" "0.354185779675972"
[28] "0.354185779675972" "0.354185779675972" "0.354185779675972"
[31] "0.354185779675972" "0.354185779675972" "0.354185779675972"
[34] "0.354185779675972" "0.354185779675972" "0.354185779675972"
[37] "0.354185779675972" "0.354185779675972" "0.354185779675972"
[40] "0.354185779675972" "0.354185779675972" "beta :"           
[43] "1"                
[1] " old Likelihood:  -10077224.6222902"
[1] "New Likelihood:  -10077206.4163588"
iter:  0  f-value:  31524.99  pgrad:  0.4989563 
iter:  10  f-value:  31524.91  pgrad:  0.7076868 
iter:  20  f-value:  31524.89  pgrad:  0.7041814 
iter:  30  f-value:  31524.88  pgrad:  0.7007014 
  Unsuccessful convergence.
Time difference of 10.28051 mins
[1] "maxIt: 20"
[1] "It: 6"
 [1] "sigma:"          "0.9809843744408" "0.9809843744408" "0.9809843744408"
 [5] "0.9809843744408" "0.9809843744408" "0.9809843744408" "0.9809843744408"
 [9] "0.9809843744408" "0.9809843744408" "0.9809843744408" "0.9809843744408"
[13] "0.9809843744408" "0.9809843744408" "0.9809843744408" "0.9809843744408"
[17] "0.9809843744408" "0.9809843744408" "0.9809843744408" "0.9809843744408"
[21] "0.9809843744408" "0.3503177912922" "0.3503177912922" "0.3503177912922"
[25] "0.3503177912922" "0.3503177912922" "0.3503177912922" "0.3503177912922"
[29] "0.3503177912922" "0.3503177912922" "0.3503177912922" "0.3503177912922"
[33] "0.3503177912922" "0.3503177912922" "0.3503177912922" "0.3503177912922"
[37] "0.3503177912922" "0.3503177912922" "0.3503177912922" "0.3503177912922"
[41] "0.3503177912922" "beta :"          "1"              
[1] 10077279
[1] 10077176
[1] 10078308
 [1] "sigma:"          "0.9809843744408" "0.9809843744408" "0.9809843744408"
 [5] "0.9809843744408" "0.9809843744408" "0.9809843744408" "0.9809843744408"
 [9] "0.9809843744408" "0.9809843744408" "0.9809843744408" "0.9809843744408"
[13] "0.9809843744408" "0.9809843744408" "0.9809843744408" "0.9809843744408"
[17] "0.9809843744408" "0.9809843744408" "0.9809843744408" "0.9809843744408"
[21] "0.9809843744408" "0.3503177912922" "0.3503177912922" "0.3503177912922"
[25] "0.3503177912922" "0.3503177912922" "0.3503177912922" "0.3503177912922"
[29] "0.3503177912922" "0.3503177912922" "0.3503177912922" "0.3503177912922"
[33] "0.3503177912922" "0.3503177912922" "0.3503177912922" "0.3503177912922"
[37] "0.3503177912922" "0.3503177912922" "0.3503177912922" "0.3503177912922"
[41] "0.3503177912922" "beta :"          "1"              
[1] " old Likelihood:  -10077206.4163588"
[1] "New Likelihood:  -10077175.7924224"
iter:  0  f-value:  31534.44  pgrad:  0.4986458 
iter:  10  f-value:  31534.42  pgrad:  0.6998414 
iter:  20  f-value:  31534.41  pgrad:  0.6970166 
iter:  30  f-value:  31534.41  pgrad:  0.529617 
  Unsuccessful convergence.
Time difference of 9.684678 mins
[1] "maxIt: 20"
[1] "It: 7"
 [1] "sigma:"            "0.981735988180988" "0.981735988180988"
 [4] "0.981735988180988" "0.981735988180988" "0.981735988180988"
 [7] "0.981735988180988" "0.981735988180988" "0.981735988180988"
[10] "0.981735988180988" "0.981735988180988" "0.981735988180988"
[13] "0.981735988180988" "0.981735988180988" "0.981735988180988"
[16] "0.981735988180988" "0.981735988180988" "0.981735988180988"
[19] "0.981735988180988" "0.981735988180988" "0.981735988180988"
[22] "0.347103673157144" "0.347103673157144" "0.347103673157144"
[25] "0.347103673157144" "0.347103673157144" "0.347103673157144"
[28] "0.347103673157144" "0.347103673157144" "0.347103673157144"
[31] "0.347103673157144" "0.347103673157144" "0.347103673157144"
[34] "0.347103673157144" "0.347103673157144" "0.347103673157144"
[37] "0.347103673157144" "0.347103673157144" "0.347103673157144"
[40] "0.347103673157144" "0.347103673157144" "beta :"           
[43] "1"                
[1] 10077284
[1] 10077164
[1] 10078296
 [1] "sigma:"            "0.981735988180988" "0.981735988180988"
 [4] "0.981735988180988" "0.981735988180988" "0.981735988180988"
 [7] "0.981735988180988" "0.981735988180988" "0.981735988180988"
[10] "0.981735988180988" "0.981735988180988" "0.981735988180988"
[13] "0.981735988180988" "0.981735988180988" "0.981735988180988"
[16] "0.981735988180988" "0.981735988180988" "0.981735988180988"
[19] "0.981735988180988" "0.981735988180988" "0.981735988180988"
[22] "0.347103673157144" "0.347103673157144" "0.347103673157144"
[25] "0.347103673157144" "0.347103673157144" "0.347103673157144"
[28] "0.347103673157144" "0.347103673157144" "0.347103673157144"
[31] "0.347103673157144" "0.347103673157144" "0.347103673157144"
[34] "0.347103673157144" "0.347103673157144" "0.347103673157144"
[37] "0.347103673157144" "0.347103673157144" "0.347103673157144"
[40] "0.347103673157144" "0.347103673157144" "beta :"           
[43] "1"                
[1] " old Likelihood:  -10077175.7924224"
[1] "New Likelihood:  -10077164.0310604"
iter:  0  f-value:  31569.59  pgrad:  0.6942073 
iter:  10  f-value:  31569.57  pgrad:  0.6933763 
iter:  20  f-value:  31569.57  pgrad:  0.6914174 
iter:  30  f-value:  31569.57  pgrad:  0.4964781 
  Unsuccessful convergence.
Time difference of 9.677271 mins
[1] "maxIt: 20"
[1] "It: 8"
 [1] "sigma:"            "0.982069068005765" "0.982069068005765"
 [4] "0.982069068005765" "0.982069068005765" "0.982069068005765"
 [7] "0.982069068005765" "0.982069068005765" "0.982069068005765"
[10] "0.982069068005765" "0.982069068005765" "0.982069068005765"
[13] "0.982069068005765" "0.982069068005765" "0.982069068005765"
[16] "0.982069068005765" "0.982069068005765" "0.982069068005765"
[19] "0.982069068005765" "0.982069068005765" "0.982069068005765"
[22] "0.344704527878481" "0.344704527878481" "0.344704527878481"
[25] "0.344704527878481" "0.344704527878481" "0.344704527878481"
[28] "0.344704527878481" "0.344704527878481" "0.344704527878481"
[31] "0.344704527878481" "0.344704527878481" "0.344704527878481"
[34] "0.344704527878481" "0.344704527878481" "0.344704527878481"
[37] "0.344704527878481" "0.344704527878481" "0.344704527878481"
[40] "0.344704527878481" "0.344704527878481" "beta :"           
[43] "1"                
[1] 10077285
[1] 10077158
[1] 10078292
 [1] "sigma:"            "0.982069068005765" "0.982069068005765"
 [4] "0.982069068005765" "0.982069068005765" "0.982069068005765"
 [7] "0.982069068005765" "0.982069068005765" "0.982069068005765"
[10] "0.982069068005765" "0.982069068005765" "0.982069068005765"
[13] "0.982069068005765" "0.982069068005765" "0.982069068005765"
[16] "0.982069068005765" "0.982069068005765" "0.982069068005765"
[19] "0.982069068005765" "0.982069068005765" "0.982069068005765"
[22] "0.344704527878481" "0.344704527878481" "0.344704527878481"
[25] "0.344704527878481" "0.344704527878481" "0.344704527878481"
[28] "0.344704527878481" "0.344704527878481" "0.344704527878481"
[31] "0.344704527878481" "0.344704527878481" "0.344704527878481"
[34] "0.344704527878481" "0.344704527878481" "0.344704527878481"
[37] "0.344704527878481" "0.344704527878481" "0.344704527878481"
[40] "0.344704527878481" "0.344704527878481" "beta :"           
[43] "1"                
[1] " old Likelihood:  -10077164.0310604"
[1] "New Likelihood:  -10077157.9439605"
iter:  0  f-value:  31606.87  pgrad:  0.6894091 
iter:  10  f-value:  31606.87  pgrad:  0.688677 
iter:  20  f-value:  31606.86  pgrad:  0.6866475 
iter:  30  f-value:  31606.86  pgrad:  0.4709727 
  Unsuccessful convergence.
Time difference of 9.703769 mins
[1] "maxIt: 20"
[1] "It: 9"
 [1] "sigma:"            "0.982251536637799" "0.982251536637799"
 [4] "0.982251536637799" "0.982251536637799" "0.982251536637799"
 [7] "0.982251536637799" "0.982251536637799" "0.982251536637799"
[10] "0.982251536637799" "0.982251536637799" "0.982251536637799"
[13] "0.982251536637799" "0.982251536637799" "0.982251536637799"
[16] "0.982251536637799" "0.982251536637799" "0.982251536637799"
[19] "0.982251536637799" "0.982251536637799" "0.982251536637799"
[22] "0.342867049235566" "0.342867049235566" "0.342867049235566"
[25] "0.342867049235566" "0.342867049235566" "0.342867049235566"
[28] "0.342867049235566" "0.342867049235566" "0.342867049235566"
[31] "0.342867049235566" "0.342867049235566" "0.342867049235566"
[34] "0.342867049235566" "0.342867049235566" "0.342867049235566"
[37] "0.342867049235566" "0.342867049235566" "0.342867049235566"
[40] "0.342867049235566" "0.342867049235566" "beta :"           
[43] "1"                
[1] 10077285
[1] 10077154
[1] 10078293
 [1] "sigma:"            "0.982251536637799" "0.982251536637799"
 [4] "0.982251536637799" "0.982251536637799" "0.982251536637799"
 [7] "0.982251536637799" "0.982251536637799" "0.982251536637799"
[10] "0.982251536637799" "0.982251536637799" "0.982251536637799"
[13] "0.982251536637799" "0.982251536637799" "0.982251536637799"
[16] "0.982251536637799" "0.982251536637799" "0.982251536637799"
[19] "0.982251536637799" "0.982251536637799" "0.982251536637799"
[22] "0.342867049235566" "0.342867049235566" "0.342867049235566"
[25] "0.342867049235566" "0.342867049235566" "0.342867049235566"
[28] "0.342867049235566" "0.342867049235566" "0.342867049235566"
[31] "0.342867049235566" "0.342867049235566" "0.342867049235566"
[34] "0.342867049235566" "0.342867049235566" "0.342867049235566"
[37] "0.342867049235566" "0.342867049235566" "0.342867049235566"
[40] "0.342867049235566" "0.342867049235566" "beta :"           
[43] "1"                
[1] " old Likelihood:  -10077157.9439605"
[1] "New Likelihood:  -10077154.0172377"
iter:  0  f-value:  31640.21  pgrad:  0.6857341 
iter:  10  f-value:  31640.21  pgrad:  0.6852756 
iter:  20  f-value:  31640.21  pgrad:  0.6837408 
iter:  30  f-value:  31640.21  pgrad:  0.683305 
  Unsuccessful convergence.
Time difference of 9.714906 mins
[1] "maxIt: 20"
[1] "It: 10"
 [1] "sigma:"            "0.982353012167293" "0.982353012167293"
 [4] "0.982353012167293" "0.982353012167293" "0.982353012167293"
 [7] "0.982353012167293" "0.982353012167293" "0.982353012167293"
[10] "0.982353012167293" "0.982353012167293" "0.982353012167293"
[13] "0.982353012167293" "0.982353012167293" "0.982353012167293"
[16] "0.982353012167293" "0.982353012167293" "0.982353012167293"
[19] "0.982353012167293" "0.982353012167293" "0.982353012167293"
[22] "0.34142711404892"  "0.34142711404892"  "0.34142711404892" 
[25] "0.34142711404892"  "0.34142711404892"  "0.34142711404892" 
[28] "0.34142711404892"  "0.34142711404892"  "0.34142711404892" 
[31] "0.34142711404892"  "0.34142711404892"  "0.34142711404892" 
[34] "0.34142711404892"  "0.34142711404892"  "0.34142711404892" 
[37] "0.34142711404892"  "0.34142711404892"  "0.34142711404892" 
[40] "0.34142711404892"  "0.34142711404892"  "beta :"           
[43] "1"                
[1] 10077285
[1] 10077151
[1] 10078294
 [1] "sigma:"            "0.982353012167293" "0.982353012167293"
 [4] "0.982353012167293" "0.982353012167293" "0.982353012167293"
 [7] "0.982353012167293" "0.982353012167293" "0.982353012167293"
[10] "0.982353012167293" "0.982353012167293" "0.982353012167293"
[13] "0.982353012167293" "0.982353012167293" "0.982353012167293"
[16] "0.982353012167293" "0.982353012167293" "0.982353012167293"
[19] "0.982353012167293" "0.982353012167293" "0.982353012167293"
[22] "0.34142711404892"  "0.34142711404892"  "0.34142711404892" 
[25] "0.34142711404892"  "0.34142711404892"  "0.34142711404892" 
[28] "0.34142711404892"  "0.34142711404892"  "0.34142711404892" 
[31] "0.34142711404892"  "0.34142711404892"  "0.34142711404892" 
[34] "0.34142711404892"  "0.34142711404892"  "0.34142711404892" 
[37] "0.34142711404892"  "0.34142711404892"  "0.34142711404892" 
[40] "0.34142711404892"  "0.34142711404892"  "beta :"           
[43] "1"                
[1] " old Likelihood:  -10077154.0172377"
[1] "New Likelihood:  -10077151.1618802"
iter:  0  f-value:  31668.63  pgrad:  0.6828542 
iter:  10  f-value:  31668.63  pgrad:  0.6824205 
iter:  20  f-value:  31668.62  pgrad:  0.6802398 
iter:  30  f-value:  31668.62  pgrad:  0.4796311 
  Unsuccessful convergence.
Time difference of 9.71506 mins
[1] "maxIt: 20"
[1] "It: 11"
 [1] "sigma:"            "0.982428465049545" "0.982428465049545"
 [4] "0.982428465049545" "0.982428465049545" "0.982428465049545"
 [7] "0.982428465049545" "0.982428465049545" "0.982428465049545"
[10] "0.982428465049545" "0.982428465049545" "0.982428465049545"
[13] "0.982428465049545" "0.982428465049545" "0.982428465049545"
[16] "0.982428465049545" "0.982428465049545" "0.982428465049545"
[19] "0.982428465049545" "0.982428465049545" "0.982428465049545"
[22] "0.339732538482658" "0.339732538482658" "0.339732538482658"
[25] "0.339732538482658" "0.339732538482658" "0.339732538482658"
[28] "0.339732538482658" "0.339732538482658" "0.339732538482658"
[31] "0.339732538482658" "0.339732538482658" "0.339732538482658"
[34] "0.339732538482658" "0.339732538482658" "0.339732538482658"
[37] "0.339732538482658" "0.339732538482658" "0.339732538482658"
[40] "0.339732538482658" "0.339732538482658" "beta :"           
[43] "1"                
[1] 10077286
[1] 10077148
[1] 10078293
 [1] "sigma:"            "0.982428465049545" "0.982428465049545"
 [4] "0.982428465049545" "0.982428465049545" "0.982428465049545"
 [7] "0.982428465049545" "0.982428465049545" "0.982428465049545"
[10] "0.982428465049545" "0.982428465049545" "0.982428465049545"
[13] "0.982428465049545" "0.982428465049545" "0.982428465049545"
[16] "0.982428465049545" "0.982428465049545" "0.982428465049545"
[19] "0.982428465049545" "0.982428465049545" "0.982428465049545"
[22] "0.339732538482658" "0.339732538482658" "0.339732538482658"
[25] "0.339732538482658" "0.339732538482658" "0.339732538482658"
[28] "0.339732538482658" "0.339732538482658" "0.339732538482658"
[31] "0.339732538482658" "0.339732538482658" "0.339732538482658"
[34] "0.339732538482658" "0.339732538482658" "0.339732538482658"
[37] "0.339732538482658" "0.339732538482658" "0.339732538482658"
[40] "0.339732538482658" "0.339732538482658" "beta :"           
[43] "1"                
[1] " old Likelihood:  -10077151.1618802"
[1] "New Likelihood:  -10077148.3496487"
iter:  0  f-value:  31704.45  pgrad:  0.6794651 
iter:  10  f-value:  31704.44  pgrad:  0.6790291 
iter:  20  f-value:  31704.44  pgrad:  0.5401671 
iter:  30  f-value:  31704.44  pgrad:  0.4172398 
  Unsuccessful convergence.
Time difference of 9.740436 mins
[1] "maxIt: 20"
[1] "It: 12"
 [1] "sigma:"            "0.982479369444577" "0.982479369444577"
 [4] "0.982479369444577" "0.982479369444577" "0.982479369444577"
 [7] "0.982479369444577" "0.982479369444577" "0.982479369444577"
[10] "0.982479369444577" "0.982479369444577" "0.982479369444577"
[13] "0.982479369444577" "0.982479369444577" "0.982479369444577"
[16] "0.982479369444577" "0.982479369444577" "0.982479369444577"
[19] "0.982479369444577" "0.982479369444577" "0.982479369444577"
[22] "0.338252305800518" "0.338252305800518" "0.338252305800518"
[25] "0.338252305800518" "0.338252305800518" "0.338252305800518"
[28] "0.338252305800518" "0.338252305800518" "0.338252305800518"
[31] "0.338252305800518" "0.338252305800518" "0.338252305800518"
[34] "0.338252305800518" "0.338252305800518" "0.338252305800518"
[37] "0.338252305800518" "0.338252305800518" "0.338252305800518"
[40] "0.338252305800518" "0.338252305800518" "beta :"           
[43] "1"                
[1] 10077287
[1] 10077146
[1] 10078293
 [1] "sigma:"            "0.982479369444577" "0.982479369444577"
 [4] "0.982479369444577" "0.982479369444577" "0.982479369444577"
 [7] "0.982479369444577" "0.982479369444577" "0.982479369444577"
[10] "0.982479369444577" "0.982479369444577" "0.982479369444577"
[13] "0.982479369444577" "0.982479369444577" "0.982479369444577"
[16] "0.982479369444577" "0.982479369444577" "0.982479369444577"
[19] "0.982479369444577" "0.982479369444577" "0.982479369444577"
[22] "0.338252305800518" "0.338252305800518" "0.338252305800518"
[25] "0.338252305800518" "0.338252305800518" "0.338252305800518"
[28] "0.338252305800518" "0.338252305800518" "0.338252305800518"
[31] "0.338252305800518" "0.338252305800518" "0.338252305800518"
[34] "0.338252305800518" "0.338252305800518" "0.338252305800518"
[37] "0.338252305800518" "0.338252305800518" "0.338252305800518"
[40] "0.338252305800518" "0.338252305800518" "beta :"           
[43] "1"                
[1] " old Likelihood:  -10077148.3496487"
[1] "New Likelihood:  -10077146.0620633"
iter:  0  f-value:  31737.33  pgrad:  0.6765046 
iter:  10  f-value:  31737.33  pgrad:  0.6760367 
iter:  20  f-value:  31737.33  pgrad:  0.5036141 
iter:  30  f-value:  31737.33  pgrad:  0.3780588 
  Unsuccessful convergence.
Time difference of 9.729736 mins
[1] "maxIt: 20"
[1] "It: 13"
 [1] "sigma:"            "0.982514540215556" "0.982514540215556"
 [4] "0.982514540215556" "0.982514540215556" "0.982514540215556"
 [7] "0.982514540215556" "0.982514540215556" "0.982514540215556"
[10] "0.982514540215556" "0.982514540215556" "0.982514540215556"
[13] "0.982514540215556" "0.982514540215556" "0.982514540215556"
[16] "0.982514540215556" "0.982514540215556" "0.982514540215556"
[19] "0.982514540215556" "0.982514540215556" "0.982514540215556"
[22] "0.33686146612263"  "0.33686146612263"  "0.33686146612263" 
[25] "0.33686146612263"  "0.33686146612263"  "0.33686146612263" 
[28] "0.33686146612263"  "0.33686146612263"  "0.33686146612263" 
[31] "0.33686146612263"  "0.33686146612263"  "0.33686146612263" 
[34] "0.33686146612263"  "0.33686146612263"  "0.33686146612263" 
[37] "0.33686146612263"  "0.33686146612263"  "0.33686146612263" 
[40] "0.33686146612263"  "0.33686146612263"  "beta :"           
[43] "1"                
[1] 10077288
[1] 10077144
[1] 10078293
 [1] "sigma:"            "0.982514540215556" "0.982514540215556"
 [4] "0.982514540215556" "0.982514540215556" "0.982514540215556"
 [7] "0.982514540215556" "0.982514540215556" "0.982514540215556"
[10] "0.982514540215556" "0.982514540215556" "0.982514540215556"
[13] "0.982514540215556" "0.982514540215556" "0.982514540215556"
[16] "0.982514540215556" "0.982514540215556" "0.982514540215556"
[19] "0.982514540215556" "0.982514540215556" "0.982514540215556"
[22] "0.33686146612263"  "0.33686146612263"  "0.33686146612263" 
[25] "0.33686146612263"  "0.33686146612263"  "0.33686146612263" 
[28] "0.33686146612263"  "0.33686146612263"  "0.33686146612263" 
[31] "0.33686146612263"  "0.33686146612263"  "0.33686146612263" 
[34] "0.33686146612263"  "0.33686146612263"  "0.33686146612263" 
[37] "0.33686146612263"  "0.33686146612263"  "0.33686146612263" 
[40] "0.33686146612263"  "0.33686146612263"  "beta :"           
[43] "1"                
[1] " old Likelihood:  -10077146.0620633"
[1] "New Likelihood:  -10077144.0206976"
iter:  0  f-value:  31768.97  pgrad:  0.6737229 
iter:  10  f-value:  31768.97  pgrad:  0.6732309 
iter:  20  f-value:  31768.96  pgrad:  0.5035685 
iter:  30  f-value:  31768.96  pgrad:  0.3174864 
  Unsuccessful convergence.
Time difference of 9.731626 mins
[1] "maxIt: 20"
[1] "It: 14"
 [1] "sigma:"            "0.982546773348157" "0.982546773348157"
 [4] "0.982546773348157" "0.982546773348157" "0.982546773348157"
 [7] "0.982546773348157" "0.982546773348157" "0.982546773348157"
[10] "0.982546773348157" "0.982546773348157" "0.982546773348157"
[13] "0.982546773348157" "0.982546773348157" "0.982546773348157"
[16] "0.982546773348157" "0.982546773348157" "0.982546773348157"
[19] "0.982546773348157" "0.982546773348157" "0.982546773348157"
[22] "0.335395556127596" "0.335395556127596" "0.335395556127596"
[25] "0.335395556127596" "0.335395556127596" "0.335395556127596"
[28] "0.335395556127596" "0.335395556127596" "0.335395556127596"
[31] "0.335395556127596" "0.335395556127596" "0.335395556127596"
[34] "0.335395556127596" "0.335395556127596" "0.335395556127596"
[37] "0.335395556127596" "0.335395556127596" "0.335395556127596"
[40] "0.335395556127596" "0.335395556127596" "beta :"           
[43] "1"                
[1] 10077289
[1] 10077142
[1] 10078291
 [1] "sigma:"            "0.982546773348157" "0.982546773348157"
 [4] "0.982546773348157" "0.982546773348157" "0.982546773348157"
 [7] "0.982546773348157" "0.982546773348157" "0.982546773348157"
[10] "0.982546773348157" "0.982546773348157" "0.982546773348157"
[13] "0.982546773348157" "0.982546773348157" "0.982546773348157"
[16] "0.982546773348157" "0.982546773348157" "0.982546773348157"
[19] "0.982546773348157" "0.982546773348157" "0.982546773348157"
[22] "0.335395556127596" "0.335395556127596" "0.335395556127596"
[25] "0.335395556127596" "0.335395556127596" "0.335395556127596"
[28] "0.335395556127596" "0.335395556127596" "0.335395556127596"
[31] "0.335395556127596" "0.335395556127596" "0.335395556127596"
[34] "0.335395556127596" "0.335395556127596" "0.335395556127596"
[37] "0.335395556127596" "0.335395556127596" "0.335395556127596"
[40] "0.335395556127596" "0.335395556127596" "beta :"           
[43] "1"                
[1] " old Likelihood:  -10077144.0206976"
[1] "New Likelihood:  -10077142.0316529"
iter:  0  f-value:  31802.52  pgrad:  0.6707911 
iter:  10  f-value:  31802.52  pgrad:  0.6703098 
iter:  20  f-value:  31802.52  pgrad:  0.5080119 
iter:  30  f-value:  31802.52  pgrad:  0.3057357 
  Unsuccessful convergence.
Time difference of 9.683127 mins
[1] "maxIt: 20"
[1] "It: 15"
 [1] "sigma:"            "0.982565484115619" "0.982565484115619"
 [4] "0.982565484115619" "0.982565484115619" "0.982565484115619"
 [7] "0.982565484115619" "0.982565484115619" "0.982565484115619"
[10] "0.982565484115619" "0.982565484115619" "0.982565484115619"
[13] "0.982565484115619" "0.982565484115619" "0.982565484115619"
[16] "0.982565484115619" "0.982565484115619" "0.982565484115619"
[19] "0.982565484115619" "0.982565484115619" "0.982565484115619"
[22] "0.334062338406173" "0.334062338406173" "0.334062338406173"
[25] "0.334062338406173" "0.334062338406173" "0.334062338406173"
[28] "0.334062338406173" "0.334062338406173" "0.334062338406173"
[31] "0.334062338406173" "0.334062338406173" "0.334062338406173"
[34] "0.334062338406173" "0.334062338406173" "0.334062338406173"
[37] "0.334062338406173" "0.334062338406173" "0.334062338406173"
[40] "0.334062338406173" "0.334062338406173" "beta :"           
[43] "1"                
[1] 10077290
[1] 10077140
[1] 10078290
 [1] "sigma:"            "0.982565484115619" "0.982565484115619"
 [4] "0.982565484115619" "0.982565484115619" "0.982565484115619"
 [7] "0.982565484115619" "0.982565484115619" "0.982565484115619"
[10] "0.982565484115619" "0.982565484115619" "0.982565484115619"
[13] "0.982565484115619" "0.982565484115619" "0.982565484115619"
[16] "0.982565484115619" "0.982565484115619" "0.982565484115619"
[19] "0.982565484115619" "0.982565484115619" "0.982565484115619"
[22] "0.334062338406173" "0.334062338406173" "0.334062338406173"
[25] "0.334062338406173" "0.334062338406173" "0.334062338406173"
[28] "0.334062338406173" "0.334062338406173" "0.334062338406173"
[31] "0.334062338406173" "0.334062338406173" "0.334062338406173"
[34] "0.334062338406173" "0.334062338406173" "0.334062338406173"
[37] "0.334062338406173" "0.334062338406173" "0.334062338406173"
[40] "0.334062338406173" "0.334062338406173" "beta :"           
[43] "1"                
[1] " old Likelihood:  -10077142.0316529"
[1] "New Likelihood:  -10077140.256883"
iter:  0  f-value:  31833.68  pgrad:  0.6681247 
iter:  10  f-value:  31833.68  pgrad:  0.6676468 
iter:  20  f-value:  31833.67  pgrad:  0.6666038 
iter:  30  f-value:  31833.67  pgrad:  0.3510286 
  Unsuccessful convergence.
Time difference of 9.704197 mins
[1] "maxIt: 20"
[1] "It: 16"
 [1] "sigma:"            "0.982575098791639" "0.982575098791639"
 [4] "0.982575098791639" "0.982575098791639" "0.982575098791639"
 [7] "0.982575098791639" "0.982575098791639" "0.982575098791639"
[10] "0.982575098791639" "0.982575098791639" "0.982575098791639"
[13] "0.982575098791639" "0.982575098791639" "0.982575098791639"
[16] "0.982575098791639" "0.982575098791639" "0.982575098791639"
[19] "0.982575098791639" "0.982575098791639" "0.982575098791639"
[22] "0.332876021361926" "0.332876021361926" "0.332876021361926"
[25] "0.332876021361926" "0.332876021361926" "0.332876021361926"
[28] "0.332876021361926" "0.332876021361926" "0.332876021361926"
[31] "0.332876021361926" "0.332876021361926" "0.332876021361926"
[34] "0.332876021361926" "0.332876021361926" "0.332876021361926"
[37] "0.332876021361926" "0.332876021361926" "0.332876021361926"
[40] "0.332876021361926" "0.332876021361926" "beta :"           
[43] "1"                
[1] 10077291
[1] 10077139
[1] 10078288
 [1] "sigma:"            "0.982575098791639" "0.982575098791639"
 [4] "0.982575098791639" "0.982575098791639" "0.982575098791639"
 [7] "0.982575098791639" "0.982575098791639" "0.982575098791639"
[10] "0.982575098791639" "0.982575098791639" "0.982575098791639"
[13] "0.982575098791639" "0.982575098791639" "0.982575098791639"
[16] "0.982575098791639" "0.982575098791639" "0.982575098791639"
[19] "0.982575098791639" "0.982575098791639" "0.982575098791639"
[22] "0.332876021361926" "0.332876021361926" "0.332876021361926"
[25] "0.332876021361926" "0.332876021361926" "0.332876021361926"
[28] "0.332876021361926" "0.332876021361926" "0.332876021361926"
[31] "0.332876021361926" "0.332876021361926" "0.332876021361926"
[34] "0.332876021361926" "0.332876021361926" "0.332876021361926"
[37] "0.332876021361926" "0.332876021361926" "0.332876021361926"
[40] "0.332876021361926" "0.332876021361926" "beta :"           
[43] "1"                
[1] " old Likelihood:  -10077140.256883"
[1] "New Likelihood:  -10077138.678076"
iter:  0  f-value:  31861.83  pgrad:  0.665752 
iter:  10  f-value:  31861.83  pgrad:  0.665296 
iter:  20  f-value:  31861.83  pgrad:  0.6644215 
iter:  30  f-value:  31861.83  pgrad:  0.2441448 
  Unsuccessful convergence.
Time difference of 9.701278 mins
[1] "maxIt: 20"
[1] "It: 17"
 [1] "sigma:"            "0.982599358498666" "0.982599358498666"
 [4] "0.982599358498666" "0.982599358498666" "0.982599358498666"
 [7] "0.982599358498666" "0.982599358498666" "0.982599358498666"
[10] "0.982599358498666" "0.982599358498666" "0.982599358498666"
[13] "0.982599358498666" "0.982599358498666" "0.982599358498666"
[16] "0.982599358498666" "0.982599358498666" "0.982599358498666"
[19] "0.982599358498666" "0.982599358498666" "0.982599358498666"
[22] "0.331527581642581" "0.331527581642581" "0.331527581642581"
[25] "0.331527581642581" "0.331527581642581" "0.331527581642581"
[28] "0.331527581642581" "0.331527581642581" "0.331527581642581"
[31] "0.331527581642581" "0.331527581642581" "0.331527581642581"
[34] "0.331527581642581" "0.331527581642581" "0.331527581642581"
[37] "0.331527581642581" "0.331527581642581" "0.331527581642581"
[40] "0.331527581642581" "0.331527581642581" "beta :"           
[43] "1"                
[1] 10077292
[1] 10077137
[1] 10078286
 [1] "sigma:"            "0.982599358498666" "0.982599358498666"
 [4] "0.982599358498666" "0.982599358498666" "0.982599358498666"
 [7] "0.982599358498666" "0.982599358498666" "0.982599358498666"
[10] "0.982599358498666" "0.982599358498666" "0.982599358498666"
[13] "0.982599358498666" "0.982599358498666" "0.982599358498666"
[16] "0.982599358498666" "0.982599358498666" "0.982599358498666"
[19] "0.982599358498666" "0.982599358498666" "0.982599358498666"
[22] "0.331527581642581" "0.331527581642581" "0.331527581642581"
[25] "0.331527581642581" "0.331527581642581" "0.331527581642581"
[28] "0.331527581642581" "0.331527581642581" "0.331527581642581"
[31] "0.331527581642581" "0.331527581642581" "0.331527581642581"
[34] "0.331527581642581" "0.331527581642581" "0.331527581642581"
[37] "0.331527581642581" "0.331527581642581" "0.331527581642581"
[40] "0.331527581642581" "0.331527581642581" "beta :"           
[43] "1"                
[1] " old Likelihood:  -10077138.678076"
[1] "New Likelihood:  -10077137.0362673"
iter:  0  f-value:  31893.16  pgrad:  0.6630552 
iter:  10  f-value:  31893.15  pgrad:  0.6626344 
iter:  20  f-value:  31893.15  pgrad:  0.6615725 
iter:  30  f-value:  31893.15  pgrad:  0.5056791 
  Unsuccessful convergence.
Time difference of 9.698403 mins
[1] "maxIt: 20"
[1] "It: 18"
 [1] "sigma:"            "0.982597044359406" "0.982597044359406"
 [4] "0.982597044359406" "0.982597044359406" "0.982597044359406"
 [7] "0.982597044359406" "0.982597044359406" "0.982597044359406"
[10] "0.982597044359406" "0.982597044359406" "0.982597044359406"
[13] "0.982597044359406" "0.982597044359406" "0.982597044359406"
[16] "0.982597044359406" "0.982597044359406" "0.982597044359406"
[19] "0.982597044359406" "0.982597044359406" "0.982597044359406"
[22] "0.330534495190532" "0.330534495190532" "0.330534495190532"
[25] "0.330534495190532" "0.330534495190532" "0.330534495190532"
[28] "0.330534495190532" "0.330534495190532" "0.330534495190532"
[31] "0.330534495190532" "0.330534495190532" "0.330534495190532"
[34] "0.330534495190532" "0.330534495190532" "0.330534495190532"
[37] "0.330534495190532" "0.330534495190532" "0.330534495190532"
[40] "0.330534495190532" "0.330534495190532" "beta :"           
[43] "1"                
[1] 10077293
[1] 10077136
[1] 10078285
 [1] "sigma:"            "0.982597044359406" "0.982597044359406"
 [4] "0.982597044359406" "0.982597044359406" "0.982597044359406"
 [7] "0.982597044359406" "0.982597044359406" "0.982597044359406"
[10] "0.982597044359406" "0.982597044359406" "0.982597044359406"
[13] "0.982597044359406" "0.982597044359406" "0.982597044359406"
[16] "0.982597044359406" "0.982597044359406" "0.982597044359406"
[19] "0.982597044359406" "0.982597044359406" "0.982597044359406"
[22] "0.330534495190532" "0.330534495190532" "0.330534495190532"
[25] "0.330534495190532" "0.330534495190532" "0.330534495190532"
[28] "0.330534495190532" "0.330534495190532" "0.330534495190532"
[31] "0.330534495190532" "0.330534495190532" "0.330534495190532"
[34] "0.330534495190532" "0.330534495190532" "0.330534495190532"
[37] "0.330534495190532" "0.330534495190532" "0.330534495190532"
[40] "0.330534495190532" "0.330534495190532" "beta :"           
[43] "1"                
[1] " old Likelihood:  -10077137.0362673"
[1] "New Likelihood:  -10077135.7182301"
iter:  0  f-value:  31917.67  pgrad:  0.661069 
iter:  10  f-value:  31917.67  pgrad:  0.6605075 
iter:  20  f-value:  31917.67  pgrad:  0.5922629 
iter:  30  f-value:  31917.67  pgrad:  0.5328911 
  Unsuccessful convergence.
Time difference of 9.702105 mins
[1] "maxIt: 20"
[1] "It: 19"
 [1] "sigma:"            "0.982603662452445" "0.982603662452445"
 [4] "0.982603662452445" "0.982603662452445" "0.982603662452445"
 [7] "0.982603662452445" "0.982603662452445" "0.982603662452445"
[10] "0.982603662452445" "0.982603662452445" "0.982603662452445"
[13] "0.982603662452445" "0.982603662452445" "0.982603662452445"
[16] "0.982603662452445" "0.982603662452445" "0.982603662452445"
[19] "0.982603662452445" "0.982603662452445" "0.982603662452445"
[22] "0.329523960356385" "0.329523960356385" "0.329523960356385"
[25] "0.329523960356385" "0.329523960356385" "0.329523960356385"
[28] "0.329523960356385" "0.329523960356385" "0.329523960356385"
[31] "0.329523960356385" "0.329523960356385" "0.329523960356385"
[34] "0.329523960356385" "0.329523960356385" "0.329523960356385"
[37] "0.329523960356385" "0.329523960356385" "0.329523960356385"
[40] "0.329523960356385" "0.329523960356385" "beta :"           
[43] "1"                
[1] 10077293
[1] 10077134
[1] 10078283
 [1] "sigma:"            "0.982603662452445" "0.982603662452445"
 [4] "0.982603662452445" "0.982603662452445" "0.982603662452445"
 [7] "0.982603662452445" "0.982603662452445" "0.982603662452445"
[10] "0.982603662452445" "0.982603662452445" "0.982603662452445"
[13] "0.982603662452445" "0.982603662452445" "0.982603662452445"
[16] "0.982603662452445" "0.982603662452445" "0.982603662452445"
[19] "0.982603662452445" "0.982603662452445" "0.982603662452445"
[22] "0.329523960356385" "0.329523960356385" "0.329523960356385"
[25] "0.329523960356385" "0.329523960356385" "0.329523960356385"
[28] "0.329523960356385" "0.329523960356385" "0.329523960356385"
[31] "0.329523960356385" "0.329523960356385" "0.329523960356385"
[34] "0.329523960356385" "0.329523960356385" "0.329523960356385"
[37] "0.329523960356385" "0.329523960356385" "0.329523960356385"
[40] "0.329523960356385" "0.329523960356385" "beta :"           
[43] "1"                
[1] " old Likelihood:  -10077135.7182301"
[1] "New Likelihood:  -10077134.4067016"
iter:  0  f-value:  31941.48  pgrad:  0.6590479 
iter:  10  f-value:  31941.48  pgrad:  0.6584964 
iter:  20  f-value:  31941.48  pgrad:  0.3624154 
iter:  30  f-value:  31941.48  pgrad:  0.2062734 
  Unsuccessful convergence.
Time difference of 9.705784 mins
[1] "maxIt: 20"
[1] "It: 20"
 [1] "sigma:"            "0.982625239158453" "0.982625239158453"
 [4] "0.982625239158453" "0.982625239158453" "0.982625239158453"
 [7] "0.982625239158453" "0.982625239158453" "0.982625239158453"
[10] "0.982625239158453" "0.982625239158453" "0.982625239158453"
[13] "0.982625239158453" "0.982625239158453" "0.982625239158453"
[16] "0.982625239158453" "0.982625239158453" "0.982625239158453"
[19] "0.982625239158453" "0.982625239158453" "0.982625239158453"
[22] "0.328373428166217" "0.328373428166217" "0.328373428166217"
[25] "0.328373428166217" "0.328373428166217" "0.328373428166217"
[28] "0.328373428166217" "0.328373428166217" "0.328373428166217"
[31] "0.328373428166217" "0.328373428166217" "0.328373428166217"
[34] "0.328373428166217" "0.328373428166217" "0.328373428166217"
[37] "0.328373428166217" "0.328373428166217" "0.328373428166217"
[40] "0.328373428166217" "0.328373428166217" "beta :"           
[43] "1"                
[1] 10077295
[1] 10077133
[1] 10078281
 [1] "sigma:"            "0.982625239158453" "0.982625239158453"
 [4] "0.982625239158453" "0.982625239158453" "0.982625239158453"
 [7] "0.982625239158453" "0.982625239158453" "0.982625239158453"
[10] "0.982625239158453" "0.982625239158453" "0.982625239158453"
[13] "0.982625239158453" "0.982625239158453" "0.982625239158453"
[16] "0.982625239158453" "0.982625239158453" "0.982625239158453"
[19] "0.982625239158453" "0.982625239158453" "0.982625239158453"
[22] "0.328373428166217" "0.328373428166217" "0.328373428166217"
[25] "0.328373428166217" "0.328373428166217" "0.328373428166217"
[28] "0.328373428166217" "0.328373428166217" "0.328373428166217"
[31] "0.328373428166217" "0.328373428166217" "0.328373428166217"
[34] "0.328373428166217" "0.328373428166217" "0.328373428166217"
[37] "0.328373428166217" "0.328373428166217" "0.328373428166217"
[40] "0.328373428166217" "0.328373428166217" "beta :"           
[43] "1"                
[1] " old Likelihood:  -10077134.4067016"
[1] "New Likelihood:  -10077133.0701639"
iter:  0  f-value:  31968.45  pgrad:  0.6567469 
iter:  10  f-value:  31968.44  pgrad:  0.6562634 
iter:  20  f-value:  31968.44  pgrad:  0.5031661 
iter:  30  f-value:  31968.44  pgrad:  0.1875014 
  Unsuccessful convergence.
Time difference of 9.710619 mins
 [1] "sigma:"            "0.982648615868482" "0.982648615868482"
 [4] "0.982648615868482" "0.982648615868482" "0.982648615868482"
 [7] "0.982648615868482" "0.982648615868482" "0.982648615868482"
[10] "0.982648615868482" "0.982648615868482" "0.982648615868482"
[13] "0.982648615868482" "0.982648615868482" "0.982648615868482"
[16] "0.982648615868482" "0.982648615868482" "0.982648615868482"
[19] "0.982648615868482" "0.982648615868482" "0.982648615868482"
[22] "0.327180730419497" "0.327180730419497" "0.327180730419497"
[25] "0.327180730419497" "0.327180730419497" "0.327180730419497"
[28] "0.327180730419497" "0.327180730419497" "0.327180730419497"
[31] "0.327180730419497" "0.327180730419497" "0.327180730419497"
[34] "0.327180730419497" "0.327180730419497" "0.327180730419497"
[37] "0.327180730419497" "0.327180730419497" "0.327180730419497"
[40] "0.327180730419497" "0.327180730419497" "beta :"           
[43] "1"                
[1] 1999734 1999880 1998692 1999364 1999232
[1] 1 1 1 1 1
saved RDS
inference successful
