[1] "Original length"
[1] 999981
[1] "Final length"
[1] 21617
[1] "sequence length : 999982" "sequence length : 999970"
[3] "sequence length : 999619" "sequence length : 999907"
[5] "sequence length : 999999"
[1] 1 1 1 1 1
[1] "Beta: 1"
[1] "Self: 0.5"
 [1] 0 0 0 0 0 0 0 0 0 0 0 0 0 0 0 0 0 0 0 0
[1] "maxIt: 20"
[1] "It: 1"
 [1] "sigma:" "0.5"    "0.5"    "0.5"    "0.5"    "0.5"    "0.5"    "0.5"   
 [9] "0.5"    "0.5"    "0.5"    "0.5"    "0.5"    "0.5"    "0.5"    "0.5"   
[17] "0.5"    "0.5"    "0.5"    "0"      "0"      "0"      "0"      "0"     
[25] "0"      "0"      "0"      "0"      "0"      "0"      "0"      "0"     
[33] "0"      "0"      "0"      "0"      "0"      "0"      "0"      "0"     
[41] "0"      "beta :" "1"     
[1] 10279540
[1] 10279479
[1] 10279453
[1] 10279420
[1] 10279378
[1] 10279330
[1] 10279286
[1] 10279274
[1] 10279324
[1] 10279470
[1] 10279759
[1] 10280247
[1] 10280970
[1] 10281934
[1] 10283057
[1] 10284115
[1] 10284865
[1] 10285367
[1] 10285758
[1] 10285971
[1] 10286032
 [1] "sigma:" "0.7205" "0.7205" "0.7205" "0.7205" "0.7205" "0.7205" "0.7205"
 [9] "0.7205" "0.7205" "0.7205" "0.7205" "0.7205" "0.7205" "0.7205" "0.425" 
[17] "0.425"  "0.425"  "0.425"  "0.425"  "0.425"  "0.425"  "0.425"  "0.425" 
[25] "0.425"  "0.425"  "0.425"  "0.425"  "0.425"  "0.425"  "0.425"  "0.425" 
[33] "0.425"  "0.425"  "0.425"  "0.425"  "0.425"  "0.425"  "0.425"  "0.425" 
[41] "0.425"  "beta :" "1"     
[1] "New Likelihood:  -10279273.585814"
iter:  0  f-value:  33722.01  pgrad:  0.55 
iter:  10  f-value:  33721.34  pgrad:  0.847784 
iter:  20  f-value:  33721.16  pgrad:  0.8371283 
iter:  30  f-value:  33721.13  pgrad:  0.8351728 
  Unsuccessful convergence.
Time difference of 36.70509 mins
[1] "maxIt: 20"
[1] "It: 2"
 [1] "sigma:"            "0.7233964869658"   "0.7233964869658"  
 [4] "0.7233964869658"   "0.7233964869658"   "0.7233964869658"  
 [7] "0.7233964869658"   "0.7233964869658"   "0.7233964869658"  
[10] "0.7233964869658"   "0.7233964869658"   "0.7233964869658"  
[13] "0.7233964869658"   "0.7233964869658"   "0.7233964869658"  
[16] "0.417530415329894" "0.417530415329894" "0.417530415329894"
[19] "0.417530415329894" "0.417530415329894" "0.417530415329894"
[22] "0.417530415329894" "0.417530415329894" "0.417530415329894"
[25] "0.417530415329894" "0.417530415329894" "0.417530415329894"
[28] "0.417530415329894" "0.417530415329894" "0.417530415329894"
[31] "0.417530415329894" "0.417530415329894" "0.417530415329894"
[34] "0.417530415329894" "0.417530415329894" "0.417530415329894"
[37] "0.417530415329894" "0.417530415329894" "0.417530415329894"
[40] "0.417530415329894" "0.417530415329894" "beta :"           
[43] "1"                
[1] 10278756
[1] 10278775
[1] 10279017
 [1] "sigma:"            "0.9683964869658"   "0.9683964869658"  
 [4] "0.9683964869658"   "0.9683964869658"   "0.9683964869658"  
 [7] "0.9683964869658"   "0.9683964869658"   "0.9683964869658"  
[10] "0.9683964869658"   "0.9683964869658"   "0.9683964869658"  
[13] "0.9683964869658"   "0.417530415329894" "0.417530415329894"
[16] "0.417530415329894" "0.417530415329894" "0.417530415329894"
[19] "0.417530415329894" "0.417530415329894" "0.417530415329894"
[22] "0.417530415329894" "0.417530415329894" "0.417530415329894"
[25] "0.417530415329894" "0.417530415329894" "0.417530415329894"
[28] "0.417530415329894" "0.417530415329894" "0.417530415329894"
[31] "0.417530415329894" "0.417530415329894" "0.417530415329894"
[34] "0.417530415329894" "0.417530415329894" "0.417530415329894"
[37] "0.417530415329894" "0.417530415329894" "0.417530415329894"
[40] "0.417530415329894" "0.417530415329894" "beta :"           
[43] "1"                
[1] " old Likelihood:  -10279273.585814"
[1] "New Likelihood:  -10278755.7362826"
iter:  0  f-value:  33605.27  pgrad:  0.8350608 
iter:  10  f-value:  33605  pgrad:  0.8309827 
iter:  20  f-value:  33604.93  pgrad:  0.8234692 
iter:  30  f-value:  33604.95  pgrad:  0.8194781 
  Unsuccessful convergence.
Time difference of 16.28403 mins
[1] "maxIt: 20"
[1] "It: 3"
 [1] "sigma:"            "0.971138398799912" "0.971138398799912"
 [4] "0.971138398799912" "0.971138398799912" "0.971138398799912"
 [7] "0.971138398799912" "0.971138398799912" "0.971138398799912"
[10] "0.971138398799912" "0.971138398799912" "0.971138398799912"
[13] "0.971138398799912" "0.409709619812669" "0.409709619812669"
[16] "0.409709619812669" "0.409709619812669" "0.409709619812669"
[19] "0.409709619812669" "0.409709619812669" "0.409709619812669"
[22] "0.409709619812669" "0.409709619812669" "0.409709619812669"
[25] "0.409709619812669" "0.409709619812669" "0.409709619812669"
[28] "0.409709619812669" "0.409709619812669" "0.409709619812669"
[31] "0.409709619812669" "0.409709619812669" "0.409709619812669"
[34] "0.409709619812669" "0.409709619812669" "0.409709619812669"
[37] "0.409709619812669" "0.409709619812669" "0.409709619812669"
[40] "0.409709619812669" "0.409709619812669" "beta :"           
[43] "1"                
[1] 10278728
[1] 10278640
[1] 10278650
 [1] "sigma:"            "0.971138398799912" "0.971138398799912"
 [4] "0.971138398799912" "0.971138398799912" "0.971138398799912"
 [7] "0.971138398799912" "0.971138398799912" "0.971138398799912"
[10] "0.971138398799912" "0.971138398799912" "0.971138398799912"
[13] "0.971138398799912" "0.384709619812669" "0.384709619812669"
[16] "0.384709619812669" "0.384709619812669" "0.384709619812669"
[19] "0.384709619812669" "0.384709619812669" "0.384709619812669"
[22] "0.384709619812669" "0.384709619812669" "0.384709619812669"
[25] "0.384709619812669" "0.384709619812669" "0.384709619812669"
[28] "0.384709619812669" "0.384709619812669" "0.384709619812669"
[31] "0.384709619812669" "0.384709619812669" "0.384709619812669"
[34] "0.384709619812669" "0.384709619812669" "0.384709619812669"
[37] "0.384709619812669" "0.384709619812669" "0.384709619812669"
[40] "0.384709619812669" "0.384709619812669" "beta :"           
[43] "1"                
[1] " old Likelihood:  -10278755.7362826"
[1] "New Likelihood:  -10278640.0175473"
iter:  0  f-value:  34607.13  pgrad:  0.5030647 
iter:  10  f-value:  34606.9  pgrad:  0.767966 
iter:  20  f-value:  34606.83  pgrad:  0.7607509 
iter:  30  f-value:  34606.81  pgrad:  0.7549854 
  Unsuccessful convergence.
Time difference of 10.78441 mins
[1] "maxIt: 20"
[1] "It: 4"
 [1] "sigma:"            "0.974037874330379" "0.974037874330379"
 [4] "0.974037874330379" "0.974037874330379" "0.974037874330379"
 [7] "0.974037874330379" "0.974037874330379" "0.974037874330379"
[10] "0.974037874330379" "0.974037874330379" "0.974037874330379"
[13] "0.974037874330379" "0.377474637718182" "0.377474637718182"
[16] "0.377474637718182" "0.377474637718182" "0.377474637718182"
[19] "0.377474637718182" "0.377474637718182" "0.377474637718182"
[22] "0.377474637718182" "0.377474637718182" "0.377474637718182"
[25] "0.377474637718182" "0.377474637718182" "0.377474637718182"
[28] "0.377474637718182" "0.377474637718182" "0.377474637718182"
[31] "0.377474637718182" "0.377474637718182" "0.377474637718182"
[34] "0.377474637718182" "0.377474637718182" "0.377474637718182"
[37] "0.377474637718182" "0.377474637718182" "0.377474637718182"
[40] "0.377474637718182" "0.377474637718182" "beta :"           
[43] "1"                
[1] 10278637
[1] 10278542
[1] 10278542
 [1] "sigma:"            "0.974037874330379" "0.974037874330379"
 [4] "0.974037874330379" "0.974037874330379" "0.974037874330379"
 [7] "0.974037874330379" "0.974037874330379" "0.974037874330379"
[10] "0.974037874330379" "0.974037874330379" "0.974037874330379"
[13] "0.974037874330379" "0.974037874330379" "0.974037874330379"
[16] "0.377474637718182" "0.377474637718182" "0.377474637718182"
[19] "0.377474637718182" "0.377474637718182" "0.377474637718182"
[22] "0.377474637718182" "0.377474637718182" "0.377474637718182"
[25] "0.377474637718182" "0.377474637718182" "0.377474637718182"
[28] "0.377474637718182" "0.377474637718182" "0.377474637718182"
[31] "0.377474637718182" "0.377474637718182" "0.377474637718182"
[34] "0.377474637718182" "0.377474637718182" "0.377474637718182"
[37] "0.377474637718182" "0.377474637718182" "0.377474637718182"
[40] "0.377474637718182" "0.377474637718182" "beta :"           
[43] "1"                
[1] " old Likelihood:  -10278640.0175473"
[1] "New Likelihood:  -10278541.871636"
iter:  0  f-value:  34370.37  pgrad:  0.7549493 
iter:  10  f-value:  34370.25  pgrad:  0.7519928 
iter:  20  f-value:  34370.21  pgrad:  0.74677 
iter:  30  f-value:  34370.2  pgrad:  0.7437641 
  Unsuccessful convergence.
Time difference of 10.15366 mins
[1] "maxIt: 20"
[1] "It: 5"
 [1] "sigma:"            "0.97439012452053"  "0.97439012452053" 
 [4] "0.97439012452053"  "0.97439012452053"  "0.97439012452053" 
 [7] "0.97439012452053"  "0.97439012452053"  "0.97439012452053" 
[10] "0.97439012452053"  "0.97439012452053"  "0.97439012452053" 
[13] "0.97439012452053"  "0.97439012452053"  "0.97439012452053" 
[16] "0.371464313207869" "0.371464313207869" "0.371464313207869"
[19] "0.371464313207869" "0.371464313207869" "0.371464313207869"
[22] "0.371464313207869" "0.371464313207869" "0.371464313207869"
[25] "0.371464313207869" "0.371464313207869" "0.371464313207869"
[28] "0.371464313207869" "0.371464313207869" "0.371464313207869"
[31] "0.371464313207869" "0.371464313207869" "0.371464313207869"
[34] "0.371464313207869" "0.371464313207869" "0.371464313207869"
[37] "0.371464313207869" "0.371464313207869" "0.371464313207869"
[40] "0.371464313207869" "0.371464313207869" "beta :"           
[43] "1"                
[1] 10278497
[1] 10278480
[1] 10278679
 [1] "sigma:"            "0.97439012452053"  "0.97439012452053" 
 [4] "0.97439012452053"  "0.97439012452053"  "0.97439012452053" 
 [7] "0.97439012452053"  "0.97439012452053"  "0.97439012452053" 
[10] "0.97439012452053"  "0.97439012452053"  "0.97439012452053" 
[13] "0.97439012452053"  "0.97439012452053"  "0.97439012452053" 
[16] "0.346464313207869" "0.346464313207869" "0.346464313207869"
[19] "0.346464313207869" "0.346464313207869" "0.346464313207869"
[22] "0.346464313207869" "0.346464313207869" "0.346464313207869"
[25] "0.346464313207869" "0.346464313207869" "0.346464313207869"
[28] "0.346464313207869" "0.346464313207869" "0.346464313207869"
[31] "0.346464313207869" "0.346464313207869" "0.346464313207869"
[34] "0.346464313207869" "0.346464313207869" "0.346464313207869"
[37] "0.346464313207869" "0.346464313207869" "0.346464313207869"
[40] "0.346464313207869" "0.346464313207869" "beta :"           
[43] "1"                
[1] " old Likelihood:  -10278541.871636"
[1] "New Likelihood:  -10278480.1775347"
iter:  0  f-value:  35287.95  pgrad:  0.5133604 
iter:  10  f-value:  35287.79  pgrad:  0.6920267 
iter:  20  f-value:  35287.74  pgrad:  0.6853975 
iter:  30  f-value:  35287.72  pgrad:  0.6794797 
  Unsuccessful convergence.
Time difference of 10.75006 mins
[1] "maxIt: 20"
[1] "It: 6"
 [1] "sigma:"            "0.975483777800922" "0.975483777800922"
 [4] "0.975483777800922" "0.975483777800922" "0.975483777800922"
 [7] "0.975483777800922" "0.975483777800922" "0.975483777800922"
[10] "0.975483777800922" "0.975483777800922" "0.975483777800922"
[13] "0.975483777800922" "0.975483777800922" "0.975483777800922"
[16] "0.33970766975744"  "0.33970766975744"  "0.33970766975744" 
[19] "0.33970766975744"  "0.33970766975744"  "0.33970766975744" 
[22] "0.33970766975744"  "0.33970766975744"  "0.33970766975744" 
[25] "0.33970766975744"  "0.33970766975744"  "0.33970766975744" 
[28] "0.33970766975744"  "0.33970766975744"  "0.33970766975744" 
[31] "0.33970766975744"  "0.33970766975744"  "0.33970766975744" 
[34] "0.33970766975744"  "0.33970766975744"  "0.33970766975744" 
[37] "0.33970766975744"  "0.33970766975744"  "0.33970766975744" 
[40] "0.33970766975744"  "0.33970766975744"  "beta :"           
[43] "1"                
[1] 10278444
[1] 10278412
[1] 10278592
 [1] "sigma:"            "0.975483777800922" "0.975483777800922"
 [4] "0.975483777800922" "0.975483777800922" "0.975483777800922"
 [7] "0.975483777800922" "0.975483777800922" "0.975483777800922"
[10] "0.975483777800922" "0.975483777800922" "0.975483777800922"
[13] "0.975483777800922" "0.975483777800922" "0.975483777800922"
[16] "0.33970766975744"  "0.33970766975744"  "0.33970766975744" 
[19] "0.33970766975744"  "0.33970766975744"  "0.33970766975744" 
[22] "0.33970766975744"  "0.33970766975744"  "0.33970766975744" 
[25] "0.33970766975744"  "0.33970766975744"  "0.33970766975744" 
[28] "0.33970766975744"  "0.33970766975744"  "0.33970766975744" 
[31] "0.33970766975744"  "0.33970766975744"  "0.33970766975744" 
[34] "0.33970766975744"  "0.33970766975744"  "0.33970766975744" 
[37] "0.33970766975744"  "0.33970766975744"  "0.33970766975744" 
[40] "0.33970766975744"  "0.33970766975744"  "beta :"           
[43] "1"                
[1] " old Likelihood:  -10278480.1775347"
[1] "New Likelihood:  -10278412.4700796"
iter:  0  f-value:  35349.98  pgrad:  0.6794153 
iter:  10  f-value:  35349.93  pgrad:  0.6774528 
iter:  20  f-value:  35349.9  pgrad:  0.6727016 
iter:  30  f-value:  35349.9  pgrad:  0.6715005 
  Unsuccessful convergence.
Time difference of 10.14901 mins
[1] "maxIt: 20"
[1] "It: 7"
 [1] "sigma:"            "0.976454695779626" "0.976454695779626"
 [4] "0.976454695779626" "0.976454695779626" "0.976454695779626"
 [7] "0.976454695779626" "0.976454695779626" "0.976454695779626"
[10] "0.976454695779626" "0.976454695779626" "0.976454695779626"
[13] "0.976454695779626" "0.976454695779626" "0.976454695779626"
[16] "0.334137499614677" "0.334137499614677" "0.334137499614677"
[19] "0.334137499614677" "0.334137499614677" "0.334137499614677"
[22] "0.334137499614677" "0.334137499614677" "0.334137499614677"
[25] "0.334137499614677" "0.334137499614677" "0.334137499614677"
[28] "0.334137499614677" "0.334137499614677" "0.334137499614677"
[31] "0.334137499614677" "0.334137499614677" "0.334137499614677"
[34] "0.334137499614677" "0.334137499614677" "0.334137499614677"
[37] "0.334137499614677" "0.334137499614677" "0.334137499614677"
[40] "0.334137499614677" "0.334137499614677" "beta :"           
[43] "1"                
[1] 10278424
[1] 10278385
[1] 10278557
 [1] "sigma:"            "0.976454695779626" "0.976454695779626"
 [4] "0.976454695779626" "0.976454695779626" "0.976454695779626"
 [7] "0.976454695779626" "0.976454695779626" "0.976454695779626"
[10] "0.976454695779626" "0.976454695779626" "0.976454695779626"
[13] "0.976454695779626" "0.976454695779626" "0.976454695779626"
[16] "0.334137499614677" "0.334137499614677" "0.334137499614677"
[19] "0.334137499614677" "0.334137499614677" "0.334137499614677"
[22] "0.334137499614677" "0.334137499614677" "0.334137499614677"
[25] "0.334137499614677" "0.334137499614677" "0.334137499614677"
[28] "0.334137499614677" "0.334137499614677" "0.334137499614677"
[31] "0.334137499614677" "0.334137499614677" "0.334137499614677"
[34] "0.334137499614677" "0.334137499614677" "0.334137499614677"
[37] "0.334137499614677" "0.334137499614677" "0.334137499614677"
[40] "0.334137499614677" "0.334137499614677" "beta :"           
[43] "1"                
[1] " old Likelihood:  -10278412.4700796"
[1] "New Likelihood:  -10278384.8506702"
iter:  0  f-value:  35438.14  pgrad:  0.668275 
iter:  10  f-value:  35438.12  pgrad:  0.667007 
iter:  20  f-value:  35438.09  pgrad:  0.6599012 
iter:  30  f-value:  35438.09  pgrad:  0.6595596 
  Unsuccessful convergence.
Time difference of 10.15181 mins
[1] "maxIt: 20"
[1] "It: 8"
 [1] "sigma:"            "0.977077390200121" "0.977077390200121"
 [4] "0.977077390200121" "0.977077390200121" "0.977077390200121"
 [7] "0.977077390200121" "0.977077390200121" "0.977077390200121"
[10] "0.977077390200121" "0.977077390200121" "0.977077390200121"
[13] "0.977077390200121" "0.977077390200121" "0.977077390200121"
[16] "0.329699039110175" "0.329699039110175" "0.329699039110175"
[19] "0.329699039110175" "0.329699039110175" "0.329699039110175"
[22] "0.329699039110175" "0.329699039110175" "0.329699039110175"
[25] "0.329699039110175" "0.329699039110175" "0.329699039110175"
[28] "0.329699039110175" "0.329699039110175" "0.329699039110175"
[31] "0.329699039110175" "0.329699039110175" "0.329699039110175"
[34] "0.329699039110175" "0.329699039110175" "0.329699039110175"
[37] "0.329699039110175" "0.329699039110175" "0.329699039110175"
[40] "0.329699039110175" "0.329699039110175" "beta :"           
[43] "1"                
[1] 10278410
[1] 10278363
[1] 10278530
 [1] "sigma:"            "0.977077390200121" "0.977077390200121"
 [4] "0.977077390200121" "0.977077390200121" "0.977077390200121"
 [7] "0.977077390200121" "0.977077390200121" "0.977077390200121"
[10] "0.977077390200121" "0.977077390200121" "0.977077390200121"
[13] "0.977077390200121" "0.977077390200121" "0.977077390200121"
[16] "0.304699039110175" "0.304699039110175" "0.304699039110175"
[19] "0.304699039110175" "0.304699039110175" "0.304699039110175"
[22] "0.304699039110175" "0.304699039110175" "0.304699039110175"
[25] "0.304699039110175" "0.304699039110175" "0.304699039110175"
[28] "0.304699039110175" "0.304699039110175" "0.304699039110175"
[31] "0.304699039110175" "0.304699039110175" "0.304699039110175"
[34] "0.304699039110175" "0.304699039110175" "0.304699039110175"
[37] "0.304699039110175" "0.304699039110175" "0.304699039110175"
[40] "0.304699039110175" "0.304699039110175" "beta :"           
[43] "1"                
[1] " old Likelihood:  -10278384.8506702"
[1] "New Likelihood:  -10278363.3324507"
iter:  0  f-value:  36326.05  pgrad:  0.5104028 
iter:  10  f-value:  36325.96  pgrad:  0.6087035 
iter:  20  f-value:  36325.95  pgrad:  0.6052694 
iter:  30  f-value:  36325.93  pgrad:  0.6010833 
  Unsuccessful convergence.
Time difference of 10.76275 mins
[1] "maxIt: 20"
[1] "It: 9"
 [1] "sigma:"            "0.978546259764967" "0.978546259764967"
 [4] "0.978546259764967" "0.978546259764967" "0.978546259764967"
 [7] "0.978546259764967" "0.978546259764967" "0.978546259764967"
[10] "0.978546259764967" "0.978546259764967" "0.978546259764967"
[13] "0.978546259764967" "0.978546259764967" "0.978546259764967"
[16] "0.299244459220985" "0.299244459220985" "0.299244459220985"
[19] "0.299244459220985" "0.299244459220985" "0.299244459220985"
[22] "0.299244459220985" "0.299244459220985" "0.299244459220985"
[25] "0.299244459220985" "0.299244459220985" "0.299244459220985"
[28] "0.299244459220985" "0.299244459220985" "0.299244459220985"
[31] "0.299244459220985" "0.299244459220985" "0.299244459220985"
[34] "0.299244459220985" "0.299244459220985" "0.299244459220985"
[37] "0.299244459220985" "0.299244459220985" "0.299244459220985"
[40] "0.299244459220985" "0.299244459220985" "beta :"           
[43] "1"                
[1] 10278385
[1] 10278326
[1] 10278478
 [1] "sigma:"            "0.978546259764967" "0.978546259764967"
 [4] "0.978546259764967" "0.978546259764967" "0.978546259764967"
 [7] "0.978546259764967" "0.978546259764967" "0.978546259764967"
[10] "0.978546259764967" "0.978546259764967" "0.978546259764967"
[13] "0.978546259764967" "0.978546259764967" "0.978546259764967"
[16] "0.299244459220985" "0.299244459220985" "0.299244459220985"
[19] "0.299244459220985" "0.299244459220985" "0.299244459220985"
[22] "0.299244459220985" "0.299244459220985" "0.299244459220985"
[25] "0.299244459220985" "0.299244459220985" "0.299244459220985"
[28] "0.299244459220985" "0.299244459220985" "0.299244459220985"
[31] "0.299244459220985" "0.299244459220985" "0.299244459220985"
[34] "0.299244459220985" "0.299244459220985" "0.299244459220985"
[37] "0.299244459220985" "0.299244459220985" "0.299244459220985"
[40] "0.299244459220985" "0.299244459220985" "beta :"           
[43] "1"                
[1] " old Likelihood:  -10278363.3324507"
[1] "New Likelihood:  -10278325.7458953"
iter:  0  f-value:  36371.41  pgrad:  0.5984889 
iter:  10  f-value:  36371.39  pgrad:  0.5973394 
iter:  20  f-value:  36371.37  pgrad:  0.5930686 
iter:  30  f-value:  36371.37  pgrad:  0.5912957 
  Unsuccessful convergence.
Time difference of 10.13757 mins
[1] "maxIt: 20"
[1] "It: 10"
 [1] "sigma:"            "0.979254983418364" "0.979254983418364"
 [4] "0.979254983418364" "0.979254983418364" "0.979254983418364"
 [7] "0.979254983418364" "0.979254983418364" "0.979254983418364"
[10] "0.979254983418364" "0.979254983418364" "0.979254983418364"
[13] "0.979254983418364" "0.979254983418364" "0.979254983418364"
[16] "0.295632989157365" "0.295632989157365" "0.295632989157365"
[19] "0.295632989157365" "0.295632989157365" "0.295632989157365"
[22] "0.295632989157365" "0.295632989157365" "0.295632989157365"
[25] "0.295632989157365" "0.295632989157365" "0.295632989157365"
[28] "0.295632989157365" "0.295632989157365" "0.295632989157365"
[31] "0.295632989157365" "0.295632989157365" "0.295632989157365"
[34] "0.295632989157365" "0.295632989157365" "0.295632989157365"
[37] "0.295632989157365" "0.295632989157365" "0.295632989157365"
[40] "0.295632989157365" "0.295632989157365" "beta :"           
[43] "1"                
[1] 10278376
[1] 10278312
[1] 10278459
 [1] "sigma:"            "0.979254983418364" "0.979254983418364"
 [4] "0.979254983418364" "0.979254983418364" "0.979254983418364"
 [7] "0.979254983418364" "0.979254983418364" "0.979254983418364"
[10] "0.979254983418364" "0.979254983418364" "0.979254983418364"
[13] "0.979254983418364" "0.979254983418364" "0.979254983418364"
[16] "0.295632989157365" "0.295632989157365" "0.295632989157365"
[19] "0.295632989157365" "0.295632989157365" "0.295632989157365"
[22] "0.295632989157365" "0.295632989157365" "0.295632989157365"
[25] "0.295632989157365" "0.295632989157365" "0.295632989157365"
[28] "0.295632989157365" "0.295632989157365" "0.295632989157365"
[31] "0.295632989157365" "0.295632989157365" "0.295632989157365"
[34] "0.295632989157365" "0.295632989157365" "0.295632989157365"
[37] "0.295632989157365" "0.295632989157365" "0.295632989157365"
[40] "0.295632989157365" "0.295632989157365" "beta :"           
[43] "1"                
[1] " old Likelihood:  -10278325.7458953"
[1] "New Likelihood:  -10278312.0482099"
iter:  0  f-value:  36418.2  pgrad:  0.591266 
iter:  10  f-value:  36418.19  pgrad:  0.5904865 
iter:  20  f-value:  36418.18  pgrad:  0.5881322 
iter:  30  f-value:  36418.18  pgrad:  0.5866418 
  Unsuccessful convergence.
Time difference of 10.14169 mins
[1] "maxIt: 20"
[1] "It: 11"
 [1] "sigma:"            "0.979690883085366" "0.979690883085366"
 [4] "0.979690883085366" "0.979690883085366" "0.979690883085366"
 [7] "0.979690883085366" "0.979690883085366" "0.979690883085366"
[10] "0.979690883085366" "0.979690883085366" "0.979690883085366"
[13] "0.979690883085366" "0.979690883085366" "0.979690883085366"
[16] "0.29286137949281"  "0.29286137949281"  "0.29286137949281" 
[19] "0.29286137949281"  "0.29286137949281"  "0.29286137949281" 
[22] "0.29286137949281"  "0.29286137949281"  "0.29286137949281" 
[25] "0.29286137949281"  "0.29286137949281"  "0.29286137949281" 
[28] "0.29286137949281"  "0.29286137949281"  "0.29286137949281" 
[31] "0.29286137949281"  "0.29286137949281"  "0.29286137949281" 
[34] "0.29286137949281"  "0.29286137949281"  "0.29286137949281" 
[37] "0.29286137949281"  "0.29286137949281"  "0.29286137949281" 
[40] "0.29286137949281"  "0.29286137949281"  "beta :"           
[43] "1"                
[1] 10278371
[1] 10278305
[1] 10278449
 [1] "sigma:"            "0.979690883085366" "0.979690883085366"
 [4] "0.979690883085366" "0.979690883085366" "0.979690883085366"
 [7] "0.979690883085366" "0.979690883085366" "0.979690883085366"
[10] "0.979690883085366" "0.979690883085366" "0.979690883085366"
[13] "0.979690883085366" "0.979690883085366" "0.979690883085366"
[16] "0.29286137949281"  "0.29286137949281"  "0.29286137949281" 
[19] "0.29286137949281"  "0.29286137949281"  "0.29286137949281" 
[22] "0.29286137949281"  "0.29286137949281"  "0.29286137949281" 
[25] "0.29286137949281"  "0.29286137949281"  "0.29286137949281" 
[28] "0.29286137949281"  "0.29286137949281"  "0.29286137949281" 
[31] "0.29286137949281"  "0.29286137949281"  "0.29286137949281" 
[34] "0.29286137949281"  "0.29286137949281"  "0.29286137949281" 
[37] "0.29286137949281"  "0.29286137949281"  "0.29286137949281" 
[40] "0.29286137949281"  "0.29286137949281"  "beta :"           
[43] "1"                
[1] " old Likelihood:  -10278312.0482099"
[1] "New Likelihood:  -10278304.5068454"
iter:  0  f-value:  36463.72  pgrad:  0.5857228 
iter:  10  f-value:  36463.71  pgrad:  0.5848906 
iter:  20  f-value:  36463.7  pgrad:  0.5208858 
iter:  30  f-value:  36463.7  pgrad:  0.5810317 
  Unsuccessful convergence.
Time difference of 10.15751 mins
[1] "maxIt: 20"
[1] "It: 12"
 [1] "sigma:"            "0.980130625751495" "0.980130625751495"
 [4] "0.980130625751495" "0.980130625751495" "0.980130625751495"
 [7] "0.980130625751495" "0.980130625751495" "0.980130625751495"
[10] "0.980130625751495" "0.980130625751495" "0.980130625751495"
[13] "0.980130625751495" "0.980130625751495" "0.980130625751495"
[16] "0.290236626158016" "0.290236626158016" "0.290236626158016"
[19] "0.290236626158016" "0.290236626158016" "0.290236626158016"
[22] "0.290236626158016" "0.290236626158016" "0.290236626158016"
[25] "0.290236626158016" "0.290236626158016" "0.290236626158016"
[28] "0.290236626158016" "0.290236626158016" "0.290236626158016"
[31] "0.290236626158016" "0.290236626158016" "0.290236626158016"
[34] "0.290236626158016" "0.290236626158016" "0.290236626158016"
[37] "0.290236626158016" "0.290236626158016" "0.290236626158016"
[40] "0.290236626158016" "0.290236626158016" "beta :"           
[43] "1"                
[1] 10278367
[1] 10278299
[1] 10278443
 [1] "sigma:"            "0.980130625751495" "0.980130625751495"
 [4] "0.980130625751495" "0.980130625751495" "0.980130625751495"
 [7] "0.980130625751495" "0.980130625751495" "0.980130625751495"
[10] "0.980130625751495" "0.980130625751495" "0.980130625751495"
[13] "0.980130625751495" "0.980130625751495" "0.980130625751495"
[16] "0.290236626158016" "0.290236626158016" "0.290236626158016"
[19] "0.290236626158016" "0.290236626158016" "0.290236626158016"
[22] "0.290236626158016" "0.290236626158016" "0.290236626158016"
[25] "0.290236626158016" "0.290236626158016" "0.290236626158016"
[28] "0.290236626158016" "0.290236626158016" "0.290236626158016"
[31] "0.290236626158016" "0.290236626158016" "0.290236626158016"
[34] "0.290236626158016" "0.290236626158016" "0.290236626158016"
[37] "0.290236626158016" "0.290236626158016" "0.290236626158016"
[40] "0.290236626158016" "0.290236626158016" "beta :"           
[43] "1"                
[1] " old Likelihood:  -10278304.5068454"
[1] "New Likelihood:  -10278298.9377102"
iter:  0  f-value:  36514.7  pgrad:  0.5804733 
iter:  10  f-value:  36514.7  pgrad:  0.5799382 
iter:  20  f-value:  36514.69  pgrad:  0.5782047 
iter:  30  f-value:  36514.69  pgrad:  0.576956 
  Unsuccessful convergence.
Time difference of 10.15401 mins
[1] "maxIt: 20"
[1] "It: 13"
 [1] "sigma:"            "0.980418825324793" "0.980418825324793"
 [4] "0.980418825324793" "0.980418825324793" "0.980418825324793"
 [7] "0.980418825324793" "0.980418825324793" "0.980418825324793"
[10] "0.980418825324793" "0.980418825324793" "0.980418825324793"
[13] "0.980418825324793" "0.980418825324793" "0.980418825324793"
[16] "0.28806285850214"  "0.28806285850214"  "0.28806285850214" 
[19] "0.28806285850214"  "0.28806285850214"  "0.28806285850214" 
[22] "0.28806285850214"  "0.28806285850214"  "0.28806285850214" 
[25] "0.28806285850214"  "0.28806285850214"  "0.28806285850214" 
[28] "0.28806285850214"  "0.28806285850214"  "0.28806285850214" 
[31] "0.28806285850214"  "0.28806285850214"  "0.28806285850214" 
[34] "0.28806285850214"  "0.28806285850214"  "0.28806285850214" 
[37] "0.28806285850214"  "0.28806285850214"  "0.28806285850214" 
[40] "0.28806285850214"  "0.28806285850214"  "beta :"           
[43] "1"                
[1] 10278364
[1] 10278295
[1] 10278438
 [1] "sigma:"            "0.980418825324793" "0.980418825324793"
 [4] "0.980418825324793" "0.980418825324793" "0.980418825324793"
 [7] "0.980418825324793" "0.980418825324793" "0.980418825324793"
[10] "0.980418825324793" "0.980418825324793" "0.980418825324793"
[13] "0.980418825324793" "0.980418825324793" "0.980418825324793"
[16] "0.28806285850214"  "0.28806285850214"  "0.28806285850214" 
[19] "0.28806285850214"  "0.28806285850214"  "0.28806285850214" 
[22] "0.28806285850214"  "0.28806285850214"  "0.28806285850214" 
[25] "0.28806285850214"  "0.28806285850214"  "0.28806285850214" 
[28] "0.28806285850214"  "0.28806285850214"  "0.28806285850214" 
[31] "0.28806285850214"  "0.28806285850214"  "0.28806285850214" 
[34] "0.28806285850214"  "0.28806285850214"  "0.28806285850214" 
[37] "0.28806285850214"  "0.28806285850214"  "0.28806285850214" 
[40] "0.28806285850214"  "0.28806285850214"  "beta :"           
[43] "1"                
[1] " old Likelihood:  -10278298.9377102"
[1] "New Likelihood:  -10278294.6136395"
iter:  0  f-value:  36558.92  pgrad:  0.5761257 
iter:  10  f-value:  36558.92  pgrad:  0.5756297 
iter:  20  f-value:  36558.91  pgrad:  0.5733374 
iter:  30  f-value:  36558.91  pgrad:  0.5720615 
  Unsuccessful convergence.
Time difference of 10.15925 mins
[1] "maxIt: 20"
[1] "It: 14"
 [1] "sigma:"           "0.9808862541892"  "0.9808862541892"  "0.9808862541892" 
 [5] "0.9808862541892"  "0.9808862541892"  "0.9808862541892"  "0.9808862541892" 
 [9] "0.9808862541892"  "0.9808862541892"  "0.9808862541892"  "0.9808862541892" 
[13] "0.9808862541892"  "0.9808862541892"  "0.9808862541892"  "0.28542042462559"
[17] "0.28542042462559" "0.28542042462559" "0.28542042462559" "0.28542042462559"
[21] "0.28542042462559" "0.28542042462559" "0.28542042462559" "0.28542042462559"
[25] "0.28542042462559" "0.28542042462559" "0.28542042462559" "0.28542042462559"
[29] "0.28542042462559" "0.28542042462559" "0.28542042462559" "0.28542042462559"
[33] "0.28542042462559" "0.28542042462559" "0.28542042462559" "0.28542042462559"
[37] "0.28542042462559" "0.28542042462559" "0.28542042462559" "0.28542042462559"
[41] "0.28542042462559" "beta :"           "1"               
[1] 10278362
[1] 10278290
[1] 10278433
 [1] "sigma:"           "0.9808862541892"  "0.9808862541892"  "0.9808862541892" 
 [5] "0.9808862541892"  "0.9808862541892"  "0.9808862541892"  "0.9808862541892" 
 [9] "0.9808862541892"  "0.9808862541892"  "0.9808862541892"  "0.9808862541892" 
[13] "0.9808862541892"  "0.9808862541892"  "0.9808862541892"  "0.28542042462559"
[17] "0.28542042462559" "0.28542042462559" "0.28542042462559" "0.28542042462559"
[21] "0.28542042462559" "0.28542042462559" "0.28542042462559" "0.28542042462559"
[25] "0.28542042462559" "0.28542042462559" "0.28542042462559" "0.28542042462559"
[29] "0.28542042462559" "0.28542042462559" "0.28542042462559" "0.28542042462559"
[33] "0.28542042462559" "0.28542042462559" "0.28542042462559" "0.28542042462559"
[37] "0.28542042462559" "0.28542042462559" "0.28542042462559" "0.28542042462559"
[41] "0.28542042462559" "beta :"           "1"               
[1] " old Likelihood:  -10278294.6136395"
[1] "New Likelihood:  -10278290.2733298"
iter:  0  f-value:  36616.48  pgrad:  0.5708408 
iter:  10  f-value:  36616.47  pgrad:  0.5703413 
iter:  20  f-value:  36616.47  pgrad:  0.5674802 
iter:  30  f-value:  36616.47  pgrad:  0.567155 
  Unsuccessful convergence.
Time difference of 10.14902 mins
[1] "maxIt: 20"
[1] "It: 15"
 [1] "sigma:"            "0.981191369076382" "0.981191369076382"
 [4] "0.981191369076382" "0.981191369076382" "0.981191369076382"
 [7] "0.981191369076382" "0.981191369076382" "0.981191369076382"
[10] "0.981191369076382" "0.981191369076382" "0.981191369076382"
[13] "0.981191369076382" "0.981191369076382" "0.981191369076382"
[16] "0.2831418467647"   "0.2831418467647"   "0.2831418467647"  
[19] "0.2831418467647"   "0.2831418467647"   "0.2831418467647"  
[22] "0.2831418467647"   "0.2831418467647"   "0.2831418467647"  
[25] "0.2831418467647"   "0.2831418467647"   "0.2831418467647"  
[28] "0.2831418467647"   "0.2831418467647"   "0.2831418467647"  
[31] "0.2831418467647"   "0.2831418467647"   "0.2831418467647"  
[34] "0.2831418467647"   "0.2831418467647"   "0.2831418467647"  
[37] "0.2831418467647"   "0.2831418467647"   "0.2831418467647"  
[40] "0.2831418467647"   "0.2831418467647"   "beta :"           
[43] "1"                
[1] 10278359
[1] 10278287
[1] 10278429
 [1] "sigma:"            "0.981191369076382" "0.981191369076382"
 [4] "0.981191369076382" "0.981191369076382" "0.981191369076382"
 [7] "0.981191369076382" "0.981191369076382" "0.981191369076382"
[10] "0.981191369076382" "0.981191369076382" "0.981191369076382"
[13] "0.981191369076382" "0.981191369076382" "0.981191369076382"
[16] "0.2831418467647"   "0.2831418467647"   "0.2831418467647"  
[19] "0.2831418467647"   "0.2831418467647"   "0.2831418467647"  
[22] "0.2831418467647"   "0.2831418467647"   "0.2831418467647"  
[25] "0.2831418467647"   "0.2831418467647"   "0.2831418467647"  
[28] "0.2831418467647"   "0.2831418467647"   "0.2831418467647"  
[31] "0.2831418467647"   "0.2831418467647"   "0.2831418467647"  
[34] "0.2831418467647"   "0.2831418467647"   "0.2831418467647"  
[37] "0.2831418467647"   "0.2831418467647"   "0.2831418467647"  
[40] "0.2831418467647"   "0.2831418467647"   "beta :"           
[43] "1"                
[1] " old Likelihood:  -10278290.2733298"
[1] "New Likelihood:  -10278286.697556"
iter:  0  f-value:  36668.2  pgrad:  0.5662837 
iter:  10  f-value:  36668.19  pgrad:  0.565817 
iter:  20  f-value:  36668.19  pgrad:  0.5633807 
iter:  30  f-value:  36668.19  pgrad:  0.5394395 
  Unsuccessful convergence.
Time difference of 10.14799 mins
[1] "maxIt: 20"
[1] "It: 16"
 [1] "sigma:"            "0.98141407754857"  "0.98141407754857" 
 [4] "0.98141407754857"  "0.98141407754857"  "0.98141407754857" 
 [7] "0.98141407754857"  "0.98141407754857"  "0.98141407754857" 
[10] "0.98141407754857"  "0.98141407754857"  "0.98141407754857" 
[13] "0.98141407754857"  "0.98141407754857"  "0.98141407754857" 
[16] "0.281090287705977" "0.281090287705977" "0.281090287705977"
[19] "0.281090287705977" "0.281090287705977" "0.281090287705977"
[22] "0.281090287705977" "0.281090287705977" "0.281090287705977"
[25] "0.281090287705977" "0.281090287705977" "0.281090287705977"
[28] "0.281090287705977" "0.281090287705977" "0.281090287705977"
[31] "0.281090287705977" "0.281090287705977" "0.281090287705977"
[34] "0.281090287705977" "0.281090287705977" "0.281090287705977"
[37] "0.281090287705977" "0.281090287705977" "0.281090287705977"
[40] "0.281090287705977" "0.281090287705977" "beta :"           
[43] "1"                
[1] 10278358
[1] 10278284
[1] 10278426
 [1] "sigma:"            "0.98141407754857"  "0.98141407754857" 
 [4] "0.98141407754857"  "0.98141407754857"  "0.98141407754857" 
 [7] "0.98141407754857"  "0.98141407754857"  "0.98141407754857" 
[10] "0.98141407754857"  "0.98141407754857"  "0.98141407754857" 
[13] "0.98141407754857"  "0.98141407754857"  "0.98141407754857" 
[16] "0.281090287705977" "0.281090287705977" "0.281090287705977"
[19] "0.281090287705977" "0.281090287705977" "0.281090287705977"
[22] "0.281090287705977" "0.281090287705977" "0.281090287705977"
[25] "0.281090287705977" "0.281090287705977" "0.281090287705977"
[28] "0.281090287705977" "0.281090287705977" "0.281090287705977"
[31] "0.281090287705977" "0.281090287705977" "0.281090287705977"
[34] "0.281090287705977" "0.281090287705977" "0.281090287705977"
[37] "0.281090287705977" "0.281090287705977" "0.281090287705977"
[40] "0.281090287705977" "0.281090287705977" "beta :"           
[43] "1"                
[1] " old Likelihood:  -10278286.697556"
[1] "New Likelihood:  -10278283.6911125"
iter:  0  f-value:  36715.91  pgrad:  0.5621806 
iter:  10  f-value:  36715.91  pgrad:  0.5617031 
iter:  20  f-value:  36715.9  pgrad:  0.4930012 
iter:  30  f-value:  36715.9  pgrad:  0.3386231 
  Unsuccessful convergence.
Time difference of 10.13815 mins
[1] "maxIt: 20"
[1] "It: 17"
 [1] "sigma:"            "0.981630661053428" "0.981630661053428"
 [4] "0.981630661053428" "0.981630661053428" "0.981630661053428"
 [7] "0.981630661053428" "0.981630661053428" "0.981630661053428"
[10] "0.981630661053428" "0.981630661053428" "0.981630661053428"
[13] "0.981630661053428" "0.981630661053428" "0.981630661053428"
[16] "0.279005054185881" "0.279005054185881" "0.279005054185881"
[19] "0.279005054185881" "0.279005054185881" "0.279005054185881"
[22] "0.279005054185881" "0.279005054185881" "0.279005054185881"
[25] "0.279005054185881" "0.279005054185881" "0.279005054185881"
[28] "0.279005054185881" "0.279005054185881" "0.279005054185881"
[31] "0.279005054185881" "0.279005054185881" "0.279005054185881"
[34] "0.279005054185881" "0.279005054185881" "0.279005054185881"
[37] "0.279005054185881" "0.279005054185881" "0.279005054185881"
[40] "0.279005054185881" "0.279005054185881" "beta :"           
[43] "1"                
[1] 10278356
[1] 10278281
[1] 10278422
 [1] "sigma:"            "0.981630661053428" "0.981630661053428"
 [4] "0.981630661053428" "0.981630661053428" "0.981630661053428"
 [7] "0.981630661053428" "0.981630661053428" "0.981630661053428"
[10] "0.981630661053428" "0.981630661053428" "0.981630661053428"
[13] "0.981630661053428" "0.981630661053428" "0.981630661053428"
[16] "0.279005054185881" "0.279005054185881" "0.279005054185881"
[19] "0.279005054185881" "0.279005054185881" "0.279005054185881"
[22] "0.279005054185881" "0.279005054185881" "0.279005054185881"
[25] "0.279005054185881" "0.279005054185881" "0.279005054185881"
[28] "0.279005054185881" "0.279005054185881" "0.279005054185881"
[31] "0.279005054185881" "0.279005054185881" "0.279005054185881"
[34] "0.279005054185881" "0.279005054185881" "0.279005054185881"
[37] "0.279005054185881" "0.279005054185881" "0.279005054185881"
[40] "0.279005054185881" "0.279005054185881" "beta :"           
[43] "1"                
[1] " old Likelihood:  -10278283.6911125"
[1] "New Likelihood:  -10278280.8188728"
iter:  0  f-value:  36765.04  pgrad:  0.5580101 
iter:  10  f-value:  36765.04  pgrad:  0.5575202 
iter:  20  f-value:  36765.04  pgrad:  0.4718459 
iter:  30  f-value:  36765.04  pgrad:  0.440632 
  Unsuccessful convergence.
Time difference of 10.13669 mins
[1] "maxIt: 20"
[1] "It: 18"
 [1] "sigma:"            "0.981808823255006" "0.981808823255006"
 [4] "0.981808823255006" "0.981808823255006" "0.981808823255006"
 [7] "0.981808823255006" "0.981808823255006" "0.981808823255006"
[10] "0.981808823255006" "0.981808823255006" "0.981808823255006"
[13] "0.981808823255006" "0.981808823255006" "0.981808823255006"
[16] "0.277058196127888" "0.277058196127888" "0.277058196127888"
[19] "0.277058196127888" "0.277058196127888" "0.277058196127888"
[22] "0.277058196127888" "0.277058196127888" "0.277058196127888"
[25] "0.277058196127888" "0.277058196127888" "0.277058196127888"
[28] "0.277058196127888" "0.277058196127888" "0.277058196127888"
[31] "0.277058196127888" "0.277058196127888" "0.277058196127888"
[34] "0.277058196127888" "0.277058196127888" "0.277058196127888"
[37] "0.277058196127888" "0.277058196127888" "0.277058196127888"
[40] "0.277058196127888" "0.277058196127888" "beta :"           
[43] "1"                
[1] 10278354
[1] 10278278
[1] 10278419
 [1] "sigma:"            "0.981808823255006" "0.981808823255006"
 [4] "0.981808823255006" "0.981808823255006" "0.981808823255006"
 [7] "0.981808823255006" "0.981808823255006" "0.981808823255006"
[10] "0.981808823255006" "0.981808823255006" "0.981808823255006"
[13] "0.981808823255006" "0.981808823255006" "0.981808823255006"
[16] "0.277058196127888" "0.277058196127888" "0.277058196127888"
[19] "0.277058196127888" "0.277058196127888" "0.277058196127888"
[22] "0.277058196127888" "0.277058196127888" "0.277058196127888"
[25] "0.277058196127888" "0.277058196127888" "0.277058196127888"
[28] "0.277058196127888" "0.277058196127888" "0.277058196127888"
[31] "0.277058196127888" "0.277058196127888" "0.277058196127888"
[34] "0.277058196127888" "0.277058196127888" "0.277058196127888"
[37] "0.277058196127888" "0.277058196127888" "0.277058196127888"
[40] "0.277058196127888" "0.277058196127888" "beta :"           
[43] "1"                
[1] " old Likelihood:  -10278280.8188728"
[1] "New Likelihood:  -10278278.2082238"
iter:  0  f-value:  36811.63  pgrad:  0.5541164 
iter:  10  f-value:  36811.62  pgrad:  0.5537789 
iter:  20  f-value:  36811.62  pgrad:  0.552133 
iter:  30  f-value:  36811.62  pgrad:  0.5513629 
  Unsuccessful convergence.
Time difference of 10.12123 mins
[1] "maxIt: 20"
[1] "It: 19"
 [1] "sigma:"            "0.981910796952396" "0.981910796952396"
 [4] "0.981910796952396" "0.981910796952396" "0.981910796952396"
 [7] "0.981910796952396" "0.981910796952396" "0.981910796952396"
[10] "0.981910796952396" "0.981910796952396" "0.981910796952396"
[13] "0.981910796952396" "0.981910796952396" "0.981910796952396"
[16] "0.275523935910618" "0.275523935910618" "0.275523935910618"
[19] "0.275523935910618" "0.275523935910618" "0.275523935910618"
[22] "0.275523935910618" "0.275523935910618" "0.275523935910618"
[25] "0.275523935910618" "0.275523935910618" "0.275523935910618"
[28] "0.275523935910618" "0.275523935910618" "0.275523935910618"
[31] "0.275523935910618" "0.275523935910618" "0.275523935910618"
[34] "0.275523935910618" "0.275523935910618" "0.275523935910618"
[37] "0.275523935910618" "0.275523935910618" "0.275523935910618"
[40] "0.275523935910618" "0.275523935910618" "beta :"           
[43] "1"                
[1] 10278353
[1] 10278276
[1] 10278416
 [1] "sigma:"            "0.981910796952396" "0.981910796952396"
 [4] "0.981910796952396" "0.981910796952396" "0.981910796952396"
 [7] "0.981910796952396" "0.981910796952396" "0.981910796952396"
[10] "0.981910796952396" "0.981910796952396" "0.981910796952396"
[13] "0.981910796952396" "0.981910796952396" "0.981910796952396"
[16] "0.275523935910618" "0.275523935910618" "0.275523935910618"
[19] "0.275523935910618" "0.275523935910618" "0.275523935910618"
[22] "0.275523935910618" "0.275523935910618" "0.275523935910618"
[25] "0.275523935910618" "0.275523935910618" "0.275523935910618"
[28] "0.275523935910618" "0.275523935910618" "0.275523935910618"
[31] "0.275523935910618" "0.275523935910618" "0.275523935910618"
[34] "0.275523935910618" "0.275523935910618" "0.275523935910618"
[37] "0.275523935910618" "0.275523935910618" "0.275523935910618"
[40] "0.275523935910618" "0.275523935910618" "beta :"           
[43] "1"                
[1] " old Likelihood:  -10278278.2082238"
[1] "New Likelihood:  -10278276.1474989"
iter:  0  f-value:  36849.1  pgrad:  0.5510479 
iter:  10  f-value:  36849.1  pgrad:  0.550717 
iter:  20  f-value:  36849.1  pgrad:  0.5491428 
iter:  30  f-value:  36849.1  pgrad:  0.5483857 
  Unsuccessful convergence.
Time difference of 10.10306 mins
[1] "maxIt: 20"
[1] "It: 20"
 [1] "sigma:"            "0.982070583598381" "0.982070583598381"
 [4] "0.982070583598381" "0.982070583598381" "0.982070583598381"
 [7] "0.982070583598381" "0.982070583598381" "0.982070583598381"
[10] "0.982070583598381" "0.982070583598381" "0.982070583598381"
[13] "0.982070583598381" "0.982070583598381" "0.982070583598381"
[16] "0.27371848032282"  "0.27371848032282"  "0.27371848032282" 
[19] "0.27371848032282"  "0.27371848032282"  "0.27371848032282" 
[22] "0.27371848032282"  "0.27371848032282"  "0.27371848032282" 
[25] "0.27371848032282"  "0.27371848032282"  "0.27371848032282" 
[28] "0.27371848032282"  "0.27371848032282"  "0.27371848032282" 
[31] "0.27371848032282"  "0.27371848032282"  "0.27371848032282" 
[34] "0.27371848032282"  "0.27371848032282"  "0.27371848032282" 
[37] "0.27371848032282"  "0.27371848032282"  "0.27371848032282" 
[40] "0.27371848032282"  "0.27371848032282"  "beta :"           
[43] "1"                
[1] 10278352
[1] 10278274
[1] 10278413
 [1] "sigma:"            "0.982070583598381" "0.982070583598381"
 [4] "0.982070583598381" "0.982070583598381" "0.982070583598381"
 [7] "0.982070583598381" "0.982070583598381" "0.982070583598381"
[10] "0.982070583598381" "0.982070583598381" "0.982070583598381"
[13] "0.982070583598381" "0.982070583598381" "0.982070583598381"
[16] "0.27371848032282"  "0.27371848032282"  "0.27371848032282" 
[19] "0.27371848032282"  "0.27371848032282"  "0.27371848032282" 
[22] "0.27371848032282"  "0.27371848032282"  "0.27371848032282" 
[25] "0.27371848032282"  "0.27371848032282"  "0.27371848032282" 
[28] "0.27371848032282"  "0.27371848032282"  "0.27371848032282" 
[31] "0.27371848032282"  "0.27371848032282"  "0.27371848032282" 
[34] "0.27371848032282"  "0.27371848032282"  "0.27371848032282" 
[37] "0.27371848032282"  "0.27371848032282"  "0.27371848032282" 
[40] "0.27371848032282"  "0.27371848032282"  "beta :"           
[43] "1"                
[1] " old Likelihood:  -10278276.1474989"
[1] "New Likelihood:  -10278273.9065693"
iter:  0  f-value:  36891.63  pgrad:  0.547437 
iter:  10  f-value:  36891.63  pgrad:  0.5471198 
iter:  20  f-value:  36891.63  pgrad:  0.5456651 
iter:  30  f-value:  36891.63  pgrad:  0.5447293 
  Unsuccessful convergence.
Time difference of 10.09914 mins
 [1] "sigma:"            "0.982147099296974" "0.982147099296974"
 [4] "0.982147099296974" "0.982147099296974" "0.982147099296974"
 [7] "0.982147099296974" "0.982147099296974" "0.982147099296974"
[10] "0.982147099296974" "0.982147099296974" "0.982147099296974"
[13] "0.982147099296974" "0.982147099296974" "0.982147099296974"
[16] "0.27234090728449"  "0.27234090728449"  "0.27234090728449" 
[19] "0.27234090728449"  "0.27234090728449"  "0.27234090728449" 
[22] "0.27234090728449"  "0.27234090728449"  "0.27234090728449" 
[25] "0.27234090728449"  "0.27234090728449"  "0.27234090728449" 
[28] "0.27234090728449"  "0.27234090728449"  "0.27234090728449" 
[31] "0.27234090728449"  "0.27234090728449"  "0.27234090728449" 
[34] "0.27234090728449"  "0.27234090728449"  "0.27234090728449" 
[37] "0.27234090728449"  "0.27234090728449"  "0.27234090728449" 
[40] "0.27234090728449"  "0.27234090728449"  "beta :"           
[43] "1"                
[1] 1999964 1999940 1999238 1999814 1999998
[1] 1 1 1 1 1
saved RDS
inference successful
