[1] "Original length"
[1] 999791
[1] "Final length"
[1] 20385
[1] "sequence length : 999792" "sequence length : 999808"
[3] "sequence length : 999834" "sequence length : 999991"
[5] "sequence length : 999856"
[1] "former Rho:"
[1] 1551.102 1497.493 1454.323 1418.543 1451.985
[1] "old mu :"
[1] 0.0007757121 0.0007488900 0.0007272822 0.0007092777 0.0007260971
[1] "new mu :"
[1] 0.0007374518
[1] "new Rho:"
[1] 1474.597 1474.620 1474.659 1474.890 1474.691
[1] 1 1 1 1 1
[1] "Beta: 1"
[1] "Self: 0"
[1] 1
[1] "Rho"
[1] 1474.597 1474.620 1474.659 1474.890 1474.691
[1] "It: 1"
[1] "sigma:" "0"      "beta :" "1"     
[1] "rho/theta:" "1"         
[1] "sigma:" "0"      "beta :" "1"     
[1] "rho/theta:" "1"         
Time difference of 1.665292 secs
[1] "New Likelihood:  -10142076.4483426"
[1] 4999276
[1] 4999281
iter:  0  f-value:  42646.31  pgrad:  0.5 
iter:  10  f-value:  42645.01  pgrad:  0.9960642 
iter:  20  f-value:  42644.71  pgrad:  0.5102916 
iter:  30  f-value:  42644.43  pgrad:  0.9720186 
  Unsuccessful convergence.
[1] 0.02804695
 [1] "Xi: 0.50198729219653"  "Xi: 0.501782877568357" "Xi: 0.502575864693721"
 [4] "Xi: 0.503067000591912" "Xi: 0.503665632654306" "Xi: 0.506378250397462"
 [7] "Xi: 0.511594870722464" "Xi: 0.514453349786186" "Xi: 0.513422783090996"
[10] "Xi: 0.510115721616598" "Xi: 0.507983631077936" "Xi: 0.506300667016668"
[13] "Xi: 0.504769350766927" "Xi: 0.50363921894752"  "Xi: 0.502948061821871"
[16] "Xi: 0.502597113944393" "Xi: 0.502356159550023" "Xi: 0.501982420169643"
[19] "Xi: 0.501465245702852" "Xi: 0.501193192093086"
Time difference of 8.70388 mins
[1] "Rho"
[1] 1474.597 1474.620 1474.659 1474.890 1474.691
[1] "It: 2"
[1] "sigma:"             "0.0277664836528137" "beta :"            
[4] "1"                 
[1] "rho/theta:" "1"         
Time difference of 1.580703 secs
[1] " old Likelihood:  -10142076.4483426"
[1] "New Likelihood:  -10141558.2199044"
[1] 4999276
[1] 4999281
iter:  0  f-value:  42499.94  pgrad:  0.971953 
iter:  10  f-value:  42499.64  pgrad:  0.967202 
iter:  20  f-value:  42499.43  pgrad:  0.9546629 
iter:  30  f-value:  42499.41  pgrad:  0.9533691 
  Unsuccessful convergence.
[1] 0.04758859
 [1] "Xi: 0.50270758373241"  "Xi: 0.502424258197797" "Xi: 0.50373608809346" 
 [4] "Xi: 0.504889168298986" "Xi: 0.505785983950734" "Xi: 0.509962755970924"
 [7] "Xi: 0.517913646541283" "Xi: 0.521505003035205" "Xi: 0.51945474495242" 
[10] "Xi: 0.514432298458306" "Xi: 0.511416864711024" "Xi: 0.509054366090324"
[13] "Xi: 0.506870639605524" "Xi: 0.505283485380037" "Xi: 0.504415996534018"
[16] "Xi: 0.504076538108776" "Xi: 0.503905456530266" "Xi: 0.503331675443733"
[19] "Xi: 0.502408128996692" "Xi: 0.501937593822579"
Time difference of 4.84827 mins
[1] "Rho"
[1] 1474.597 1474.620 1474.659 1474.890 1474.691
[1] "It: 3"
[1] "sigma:"             "0.0471127034458638" "beta :"            
[4] "1"                 
[1] "rho/theta:" "1"         
Time difference of 1.562267 secs
[1] " old Likelihood:  -10141558.2199044"
[1] "New Likelihood:  -10141401.5675955"
[1] 4999276
[1] 4999281
iter:  0  f-value:  42292.98  pgrad:  0.9524114 
iter:  10  f-value:  42292.87  pgrad:  0.9490857 
iter:  20  f-value:  42292.68  pgrad:  0.5027124 
iter:  30  f-value:  42292.68  pgrad:  0.4947769 
  Unsuccessful convergence.
[1] 0.0674548
 [1] "Xi: 0.503320601299272" "Xi: 0.502966410326882" "Xi: 0.504704708069161"
 [4] "Xi: 0.506437089831959" "Xi: 0.507604451060058" "Xi: 0.513207108168464"
 [7] "Xi: 0.523810291002391" "Xi: 0.527386651849281" "Xi: 0.523546880712295"
[10] "Xi: 0.516798593760832" "Xi: 0.513338613204917" "Xi: 0.510669344578355"
[13] "Xi: 0.508129121120565" "Xi: 0.506320341928428" "Xi: 0.505442775738545"
[16] "Xi: 0.505266759161453" "Xi: 0.50522723714441"  "Xi: 0.504538125085101"
[19] "Xi: 0.503271539497568" "Xi: 0.502641291564789"
Time difference of 4.844134 mins
[1] "Rho"
[1] 1474.597 1474.620 1474.659 1474.890 1474.691
[1] "It: 4"
[1] "sigma:"             "0.0667802558882379" "beta :"            
[4] "1"                 
[1] "rho/theta:" "1"         
Time difference of 1.586399 secs
[1] " old Likelihood:  -10141401.5675955"
[1] "New Likelihood:  -10141299.2791683"
[1] 4999276
[1] 4999281
iter:  0  f-value:  41995.79  pgrad:  0.9325452 
iter:  10  f-value:  41995.7  pgrad:  0.9286266 
iter:  20  f-value:  41995.57  pgrad:  0.9160083 
iter:  30  f-value:  41995.57  pgrad:  0.5145533 
  Unsuccessful convergence.
[1] 0.08481963
 [1] "Xi: 0.503952364968496" "Xi: 0.503522914199035" "Xi: 0.505686694499082"
 [4] "Xi: 0.508004782242884" "Xi: 0.509397083777692" "Xi: 0.516312468062295"
 [7] "Xi: 0.529387894343576" "Xi: 0.532215275376575" "Xi: 0.526201666219036"
[10] "Xi: 0.518048160269828" "Xi: 0.514511173452084" "Xi: 0.511642528659612"
[13] "Xi: 0.508891735598065" "Xi: 0.506941868478887" "Xi: 0.506119132321072"
[16] "Xi: 0.506160642674852" "Xi: 0.506299444231009" "Xi: 0.505539779226116"
[19] "Xi: 0.503960073857991" "Xi: 0.503200618457889"
Time difference of 4.845525 mins
[1] "Rho"
[1] 1474.597 1474.620 1474.659 1474.890 1474.691
[1] "It: 5"
[1] "sigma:"             "0.0839714308823148" "beta :"            
[4] "1"                 
[1] "rho/theta:" "1"         
Time difference of 1.657154 secs
[1] " old Likelihood:  -10141299.2791683"
[1] "New Likelihood:  -10141221.2422134"
[1] 4999276
[1] 4999281
iter:  0  f-value:  41696.79  pgrad:  0.9151804 
iter:  10  f-value:  41696.7  pgrad:  0.9111919 
iter:  20  f-value:  41696.62  pgrad:  0.9036041 
iter:  30  f-value:  41696.6  pgrad:  0.4893642 
  Unsuccessful convergence.
[1] 0.1006351
 [1] "Xi: 0.504442838232409" "Xi: 0.503952437113308" "Xi: 0.506436591071316"
 [4] "Xi: 0.509173275400368" "Xi: 0.51065085189907"  "Xi: 0.518291051379301"
 [7] "Xi: 0.53303237948605"  "Xi: 0.535407044176956" "Xi: 0.527941558570513"
[10] "Xi: 0.518840737104766" "Xi: 0.515282528501474" "Xi: 0.512405398123615"
[13] "Xi: 0.509464471041056" "Xi: 0.507385867842349" "Xi: 0.506624606148689"
[16] "Xi: 0.506889180544241" "Xi: 0.507223131592649" "Xi: 0.506413095967378"
[19] "Xi: 0.504547228914392" "Xi: 0.5036677359292"  
Time difference of 4.847976 mins
[1] "Rho"
[1] 1474.597 1474.620 1474.659 1474.890 1474.691
[1] "It: 6"
[1] "sigma:"             "0.0996287737694266" "beta :"            
[4] "1"                 
[1] "rho/theta:" "1"         
Time difference of 1.582381 secs
[1] " old Likelihood:  -10141221.2422134"
[1] "New Likelihood:  -10141154.6724276"
[1] 4999276
[1] 4999281
iter:  0  f-value:  41402.01  pgrad:  0.8993649 
iter:  10  f-value:  41401.9  pgrad:  0.8936617 
iter:  20  f-value:  41401.88  pgrad:  0.5077433 
iter:  30  f-value:  41401.85  pgrad:  0.8869118 
  Unsuccessful convergence.
[1] 0.113285
 [1] "Xi: 0.504821729279903" "Xi: 0.504282513670038" "Xi: 0.507009885585837"
 [4] "Xi: 0.510051249052215" "Xi: 0.511560412715715" "Xi: 0.519602000586478"
 [7] "Xi: 0.535439839427034" "Xi: 0.537509171326731" "Xi: 0.529065562681648"
[10] "Xi: 0.519247072022258" "Xi: 0.515820652157596" "Xi: 0.512985059516182"
[13] "Xi: 0.509861370382791" "Xi: 0.507643956473279" "Xi: 0.506930162559227"
[16] "Xi: 0.507413069903533" "Xi: 0.507947883108961" "Xi: 0.507101678730506"
[19] "Xi: 0.504968274621589" "Xi: 0.503977853029081"
Time difference of 4.857726 mins
[1] "Rho"
[1] 1474.597 1474.620 1474.659 1474.890 1474.691
[1] "It: 7"
[1] "sigma:"           "0.11215211809183" "beta :"           "1"               
[1] "rho/theta:" "1"         
Time difference of 1.593684 secs
[1] " old Likelihood:  -10141154.6724276"
[1] "New Likelihood:  -10141102.370959"
[1] 4999276
[1] 4999281
iter:  0  f-value:  41152.22  pgrad:  0.886715 
iter:  10  f-value:  41152.11  pgrad:  0.8807874 
iter:  20  f-value:  41152.07  pgrad:  0.8758266 
iter:  30  f-value:  41152.06  pgrad:  0.5137621 
  Unsuccessful convergence.
[1] 0.1272366
 [1] "Xi: 0.505384322690113" "Xi: 0.504771736666428" "Xi: 0.507856926598454"
 [4] "Xi: 0.511339252571284" "Xi: 0.512878081402059" "Xi: 0.521448653769864"
 [7] "Xi: 0.538870422687038" "Xi: 0.540312016803084" "Xi: 0.530473284119873"
[10] "Xi: 0.519845859278864" "Xi: 0.516532504657498" "Xi: 0.513725378476419"
[13] "Xi: 0.510391976612307" "Xi: 0.508030120513003" "Xi: 0.507308644473878"
[16] "Xi: 0.507983446332863" "Xi: 0.508714975648652" "Xi: 0.507828552852361"
[19] "Xi: 0.50543033814526"  "Xi: 0.50433914456046" 
Time difference of 4.861287 mins
[1] "Rho"
[1] 1474.597 1474.620 1474.659 1474.890 1474.691
[1] "It: 8"
[1] "sigma:"            "0.125964217264514" "beta :"           
[4] "1"                
[1] "rho/theta:" "1"         
Time difference of 1.570513 secs
[1] " old Likelihood:  -10141102.370959"
[1] "New Likelihood:  -10141046.345452"
[1] 4999276
[1] 4999281
iter:  0  f-value:  40874.11  pgrad:  0.8727634 
iter:  10  f-value:  40874.02  pgrad:  0.8672519 
iter:  20  f-value:  40873.98  pgrad:  0.8637263 
iter:  30  f-value:  40873.97  pgrad:  0.8621374 
  Unsuccessful convergence.
[1] 0.1378874
 [1] "Xi: 0.505712446833625" "Xi: 0.505056483539984" "Xi: 0.50834592081287" 
 [4] "Xi: 0.512068808247756" "Xi: 0.513602112479862" "Xi: 0.522360372084849"
 [7] "Xi: 0.540562058066877" "Xi: 0.541766736808305" "Xi: 0.531232586467466"
[10] "Xi: 0.520075478644139" "Xi: 0.517007775224394" "Xi: 0.514281513441524"
[13] "Xi: 0.51075412946603"  "Xi: 0.508220464820476" "Xi: 0.507502939394195"
[16] "Xi: 0.508365045130926" "Xi: 0.509288933924674" "Xi: 0.508376230028892"
[19] "Xi: 0.505725526548658" "Xi: 0.504542384786659"
Time difference of 4.859108 mins
[1] "Rho"
[1] 1474.597 1474.620 1474.659 1474.890 1474.691
[1] "It: 9"
[1] "sigma:"            "0.136508485784406" "beta :"           
[4] "1"                
[1] "rho/theta:" "1"         
Time difference of 1.587071 secs
[1] " old Likelihood:  -10141046.345452"
[1] "New Likelihood:  -10141003.732473"
[1] 4999276
[1] 4999281
iter:  0  f-value:  40649.64  pgrad:  0.8621126 
iter:  10  f-value:  40649.55  pgrad:  0.8566059 
iter:  20  f-value:  40649.52  pgrad:  0.8528001 
iter:  30  f-value:  40649.51  pgrad:  0.8515345 
  Unsuccessful convergence.
[1] 0.1484853
 [1] "Xi: 0.506053709981476" "Xi: 0.505352042921513" "Xi: 0.508851964416931"
 [4] "Xi: 0.512818699522891" "Xi: 0.51434189256879"  "Xi: 0.523260562144981"
 [7] "Xi: 0.54225717795656"  "Xi: 0.543226452185528" "Xi: 0.53202812910902" 
[10] "Xi: 0.520379550157167" "Xi: 0.517564855411247" "Xi: 0.514917111113706"
[13] "Xi: 0.51118245974007"  "Xi: 0.508454108943789" "Xi: 0.507717021127601"
[16] "Xi: 0.508745976736476" "Xi: 0.509850678147188" "Xi: 0.508910542498185"
[19] "Xi: 0.506011871301422" "Xi: 0.504742324311723"
Time difference of 4.854125 mins
[1] "Rho"
[1] 1474.597 1474.620 1474.659 1474.890 1474.691
[1] "It: 10"
[1] "sigma:"            "0.147000441430538" "beta :"           
[4] "1"                
[1] "rho/theta:" "1"         
Time difference of 1.679957 secs
[1] " old Likelihood:  -10141003.732473"
[1] "New Likelihood:  -10140962.1469025"
[1] 4999276
[1] 4999281
iter:  0  f-value:  40425.07  pgrad:  0.8515147 
iter:  10  f-value:  40424.98  pgrad:  0.8461894 
iter:  20  f-value:  40424.95  pgrad:  0.843164 
iter:  30  f-value:  40424.94  pgrad:  0.8399792 
  Unsuccessful convergence.
[1] 0.1600329
 [1] "Xi: 0.506465669702555" "Xi: 0.505708501974729" "Xi: 0.509460949286365"
 [4] "Xi: 0.513716381017793" "Xi: 0.515221694494014" "Xi: 0.524299465631214"
 [7] "Xi: 0.544280674178547" "Xi: 0.544930676073416" "Xi: 0.532944948616048"
[10] "Xi: 0.520808384286146" "Xi: 0.51823229665069"  "Xi: 0.515659796691807"
[13] "Xi: 0.511710611635642" "Xi: 0.508771370292141" "Xi: 0.507996688697093"
[16] "Xi: 0.509174828329551" "Xi: 0.510449277188998" "Xi: 0.509479683776765"
[19] "Xi: 0.50633557753543"  "Xi: 0.504987249477005"
Time difference of 4.863251 mins
[1] "Rho"
[1] 1474.597 1474.620 1474.659 1474.890 1474.691
[1] "It: 11"
[1] "sigma:"            "0.158432538674776" "beta :"           
[4] "1"                
[1] "rho/theta:" "1"         
Time difference of 1.590019 secs
[1] " old Likelihood:  -10140962.1469025"
[1] "New Likelihood:  -10140917.9170294"
[1] 4999276
[1] 4999281
iter:  0  f-value:  40179.84  pgrad:  0.8399671 
iter:  10  f-value:  40179.76  pgrad:  0.8350222 
iter:  20  f-value:  40179.73  pgrad:  0.8315085 
iter:  30  f-value:  40179.72  pgrad:  0.5066644 
  Unsuccessful convergence.
[1] 0.1716612
 [1] "Xi: 0.50692441570824"  "Xi: 0.506104297789012" "Xi: 0.510134586200961"
 [4] "Xi: 0.514701917395726" "Xi: 0.516176398274584" "Xi: 0.525368304944954"
 [7] "Xi: 0.546419777837743" "Xi: 0.546683382549469" "Xi: 0.533844443060378"
[10] "Xi: 0.521234300457411" "Xi: 0.518906420928155" "Xi: 0.516421505627647"
[13] "Xi: 0.512259967579051" "Xi: 0.509106230988875" "Xi: 0.508282987066236"
[16] "Xi: 0.509600040600245" "Xi: 0.511039519465237" "Xi: 0.510041723347787"
[19] "Xi: 0.506657974149382" "Xi: 0.505236789184979"
Time difference of 4.876469 mins
[1] "Rho"
[1] 1474.597 1474.620 1474.659 1474.890 1474.691
[1] "It: 12"
[1] "sigma:"            "0.169944605819803" "beta :"           
[4] "1"                
[1] "rho/theta:" "1"         
Time difference of 1.697448 secs
[1] " old Likelihood:  -10140917.9170294"
[1] "New Likelihood:  -10140874.1447212"
[1] 4999276
[1] 4999281
iter:  0  f-value:  39928.58  pgrad:  0.8283388 
iter:  10  f-value:  39928.51  pgrad:  0.8240247 
iter:  20  f-value:  39928.48  pgrad:  0.8198016 
iter:  30  f-value:  39928.47  pgrad:  0.8186441 
  Unsuccessful convergence.
[1] 0.1813703
 [1] "Xi: 0.507276492397505" "Xi: 0.506408247722245" "Xi: 0.510649091877068"
 [4] "Xi: 0.515446364568483" "Xi: 0.516890710234143" "Xi: 0.526113750887445"
 [7] "Xi: 0.547896885037208" "Xi: 0.5479058877757"   "Xi: 0.534460624829275"
[10] "Xi: 0.52144165645983"  "Xi: 0.519429544767298" "Xi: 0.517068026937966"
[13] "Xi: 0.512711666966226" "Xi: 0.509346251120867" "Xi: 0.508468847190091"
[16] "Xi: 0.509918630839951" "Xi: 0.511522485798245" "Xi: 0.510502395772332"
[19] "Xi: 0.506884849276818" "Xi: 0.505396610860972"
Time difference of 4.868445 mins
[1] "Rho"
[1] 1474.597 1474.620 1474.659 1474.890 1474.691
[1] "It: 13"
[1] "sigma:"            "0.179556640944327" "beta :"           
[4] "1"                
[1] "rho/theta:" "1"         
Time difference of 1.58489 secs
[1] " old Likelihood:  -10140874.1447212"
[1] "New Likelihood:  -10140837.6354974"
[1] 4999276
[1] 4999281
iter:  0  f-value:  39711.11  pgrad:  0.8186297 
iter:  10  f-value:  39711.03  pgrad:  0.8141322 
iter:  20  f-value:  39711  pgrad:  0.808847 
iter:  30  f-value:  39711  pgrad:  0.4903419 
  Unsuccessful convergence.
[1] 0.1919833
 [1] "Xi: 0.507819735491079" "Xi: 0.506876361551896" "Xi: 0.511439078652333"
 [4] "Xi: 0.51658269356361"  "Xi: 0.51796878768875"  "Xi: 0.527192272621508"
 [7] "Xi: 0.550180144835728" "Xi: 0.549694958622472" "Xi: 0.535330529718922"
[10] "Xi: 0.521805654539129" "Xi: 0.520060497416028" "Xi: 0.517814705025264"
[13] "Xi: 0.513258258802163" "Xi: 0.50966625684815"  "Xi: 0.508724554287756"
[16] "Xi: 0.510291871835091" "Xi: 0.512049750532668" "Xi: 0.511003981876222"
[19] "Xi: 0.507153988168031" "Xi: 0.505603968721651"
Time difference of 4.870849 mins
[1] "Rho"
[1] 1474.597 1474.620 1474.659 1474.890 1474.691
[1] "It: 14"
[1] "sigma:"            "0.190063487706838" "beta :"           
[4] "1"                
[1] "rho/theta:" "1"         
Time difference of 1.582378 secs
[1] " old Likelihood:  -10140837.6354974"
[1] "New Likelihood:  -10140798.6983868"
[1] 4999276
[1] 4999281
iter:  0  f-value:  39474.56  pgrad:  0.8080167 
iter:  10  f-value:  39474.5  pgrad:  0.8040699 
iter:  20  f-value:  39474.47  pgrad:  0.7993653 
iter:  30  f-value:  39474.46  pgrad:  0.7987166 
  Unsuccessful convergence.
[1] 0.2012935
 [1] "Xi: 0.508196625878969" "Xi: 0.507201023080289" "Xi: 0.511983249514531"
 [4] "Xi: 0.51735737403182"  "Xi: 0.518689710932467" "Xi: 0.527844579430275"
 [7] "Xi: 0.551602891568384" "Xi: 0.550836621198842" "Xi: 0.535861940371419"
[10] "Xi: 0.52197914673643"  "Xi: 0.520570863099623" "Xi: 0.51847308598176" 
[13] "Xi: 0.513734093691447" "Xi: 0.50992648380452"  "Xi: 0.508911736272434"
[16] "Xi: 0.510593408663627" "Xi: 0.512504364755268" "Xi: 0.511437096878846"
[19] "Xi: 0.507360264815884" "Xi: 0.505753395568055"
Time difference of 4.871616 mins
[1] "Rho"
[1] 1474.597 1474.620 1474.659 1474.890 1474.691
[1] "It: 15"
[1] "sigma:"            "0.199280594161251" "beta :"           
[4] "1"                
[1] "rho/theta:" "1"         
Time difference of 1.595247 secs
[1] " old Likelihood:  -10140798.6983868"
[1] "New Likelihood:  -10140764.8002435"
[1] 4999276
[1] 4999281
iter:  0  f-value:  39260.88  pgrad:  0.7987065 
iter:  10  f-value:  39260.8  pgrad:  0.7928773 
iter:  20  f-value:  39260.79  pgrad:  0.7903391 
iter:  30  f-value:  39260.78  pgrad:  0.4463972 
  Unsuccessful convergence.
[1] 0.2109621
 [1] "Xi: 0.508732278099644" "Xi: 0.507661173424154" "Xi: 0.512753044527579"
 [4] "Xi: 0.518445818962987" "Xi: 0.519695249620364" "Xi: 0.52869370365432" 
 [7] "Xi: 0.553607800278246" "Xi: 0.552375531756149" "Xi: 0.536578792235533"
[10] "Xi: 0.522251326356273" "Xi: 0.521143343307693" "Xi: 0.519181980639402"
[13] "Xi: 0.514259763991398" "Xi: 0.510233903525639" "Xi: 0.509138372722572"
[16] "Xi: 0.51092104697745"  "Xi: 0.512977481373556" "Xi: 0.511887058348646"
[19] "Xi: 0.507584435378821" "Xi: 0.505923683748195"
Time difference of 4.877629 mins
[1] "Rho"
[1] 1474.597 1474.620 1474.659 1474.890 1474.691
[1] "It: 16"
[1] "sigma:"            "0.208852494729699" "beta :"           
[4] "1"                
[1] "rho/theta:" "1"         
Time difference of 1.600517 secs
[1] " old Likelihood:  -10140764.8002435"
[1] "New Likelihood:  -10140730.3668903"
[1] 4999276
[1] 4999281
iter:  0  f-value:  39038.91  pgrad:  0.7890379 
iter:  10  f-value:  39038.83  pgrad:  0.7826481 
iter:  20  f-value:  39038.82  pgrad:  0.7809433 
iter:  30  f-value:  39038.82  pgrad:  0.780519 
  Unsuccessful convergence.
[1] 0.219502
 [1] "Xi: 0.50909322432367"  "Xi: 0.507969964102695" "Xi: 0.513267342991366"
 [4] "Xi: 0.519168466330087" "Xi: 0.52035282071115"  "Xi: 0.529186690110289"
 [7] "Xi: 0.554833790569844" "Xi: 0.553351543473529" "Xi: 0.537008116071036"
[10] "Xi: 0.522359172024045" "Xi: 0.521605982280363" "Xi: 0.519814990475404"
[13] "Xi: 0.51472556283549"  "Xi: 0.510486492183287" "Xi: 0.509308860640436"
[16] "Xi: 0.511188449826152" "Xi: 0.513389198459779" "Xi: 0.512278855203362"
[19] "Xi: 0.507754858661132" "Xi: 0.506047290256928"
Time difference of 4.873127 mins
[1] "Rho"
[1] 1474.597 1474.620 1474.659 1474.890 1474.691
[1] "It: 17"
[1] "sigma:"            "0.217306971465259" "beta :"           
[4] "1"                
[1] "rho/theta:" "1"         
Time difference of 1.709632 secs
[1] " old Likelihood:  -10140730.3668903"
[1] "New Likelihood:  -10140700.1911375"
[1] 4999276
[1] 4999281
iter:  0  f-value:  38837.66  pgrad:  0.780498 
iter:  10  f-value:  38837.6  pgrad:  0.7768424 
iter:  20  f-value:  38837.57  pgrad:  0.7729206 
iter:  30  f-value:  38837.57  pgrad:  0.444561 
  Unsuccessful convergence.
[1] 0.2281154
 [1] "Xi: 0.509509642801186" "Xi: 0.508326347224018" "Xi: 0.513857700789192"
 [4] "Xi: 0.519992348390653" "Xi: 0.521104426687935" "Xi: 0.529714649014356"
 [7] "Xi: 0.556232498808083" "Xi: 0.554459373541374" "Xi: 0.537529877684957"
[10] "Xi: 0.522532542845376" "Xi: 0.522102541422061" "Xi: 0.520477086558656"
[13] "Xi: 0.515220609739619" "Xi: 0.510766497145016" "Xi: 0.509500480051234"
[16] "Xi: 0.511467907600967" "Xi: 0.513806751863656" "Xi: 0.512675460176113"
[19] "Xi: 0.507931778848719" "Xi: 0.506182094023899"
Time difference of 4.875106 mins
[1] "Rho"
[1] 1474.597 1474.620 1474.659 1474.890 1474.691
[1] "It: 18"
[1] "sigma:"           "0.22583423111473" "beta :"           "1"               
[1] "rho/theta:" "1"         
Time difference of 1.591488 secs
[1] " old Likelihood:  -10140700.1911375"
[1] "New Likelihood:  -10140670.3990534"
[1] 4999276
[1] 4999281
iter:  0  f-value:  38634.23  pgrad:  0.7718846 
iter:  10  f-value:  38634.18  pgrad:  0.7683619 
iter:  20  f-value:  38634.16  pgrad:  0.7645598 
iter:  30  f-value:  38634.15  pgrad:  0.4423198 
  Unsuccessful convergence.
[1] 0.2365891
 [1] "Xi: 0.509955867594012" "Xi: 0.508708051039421" "Xi: 0.514488568158693"
 [4] "Xi: 0.520865666913848" "Xi: 0.521899618650785" "Xi: 0.530224852568704"
 [7] "Xi: 0.557690121954474" "Xi: 0.555605354807818" "Xi: 0.538073274006239"
[10] "Xi: 0.522717836950585" "Xi: 0.522589113925518" "Xi: 0.521134730049009"
[13] "Xi: 0.515719461518165" "Xi: 0.511053306982934" "Xi: 0.509694898485457"
[16] "Xi: 0.511743762789669" "Xi: 0.514216791367618" "Xi: 0.513065102384924"
[19] "Xi: 0.508104177735149" "Xi: 0.506317311504799"
Time difference of 4.871888 mins
[1] "Rho"
[1] 1474.597 1474.620 1474.659 1474.890 1474.691
[1] "It: 19"
[1] "sigma:"            "0.234223200247185" "beta :"           
[4] "1"                
[1] "rho/theta:" "1"         
Time difference of 1.59016 secs
[1] " old Likelihood:  -10140670.3990534"
[1] "New Likelihood:  -10140641.651643"
[1] 4999276
[1] 4999281
iter:  0  f-value:  38432.25  pgrad:  0.7634109 
iter:  10  f-value:  38432.2  pgrad:  0.7600112 
iter:  20  f-value:  38432.18  pgrad:  0.7562871 
iter:  30  f-value:  38432.18  pgrad:  0.5162929 
  Unsuccessful convergence.
[1] 0.2446043
 [1] "Xi: 0.510423371790451" "Xi: 0.509106854355704" "Xi: 0.515145532865537"
 [4] "Xi: 0.521767655829887" "Xi: 0.522717023752786" "Xi: 0.530695784967673"
 [7] "Xi: 0.559149976452401" "Xi: 0.556730348877707" "Xi: 0.538585250680785"
[10] "Xi: 0.52285307680399"  "Xi: 0.52303644255024"  "Xi: 0.521761969932547"
[13] "Xi: 0.516186732620942" "Xi: 0.5113234221862"   "Xi: 0.509890480674022"
[16] "Xi: 0.512040277642101" "Xi: 0.514608181594045" "Xi: 0.513449548439614"
[19] "Xi: 0.508246110399333" "Xi: 0.506436852222968"
Time difference of 4.87732 mins
[1] "Rho"
[1] 1474.597 1474.620 1474.659 1474.890 1474.691
[1] "It: 20"
[1] "sigma:"            "0.242158275276199" "beta :"           
[4] "1"                
[1] "rho/theta:" "1"         
Time difference of 1.587653 secs
[1] " old Likelihood:  -10140641.651643"
[1] "New Likelihood:  -10140615.0363744"
[1] 4999276
[1] 4999281
iter:  0  f-value:  38240.55  pgrad:  0.7553957 
iter:  10  f-value:  38240.5  pgrad:  0.7521188 
iter:  20  f-value:  38240.48  pgrad:  0.7484995 
iter:  30  f-value:  38240.48  pgrad:  0.5408219 
  Unsuccessful convergence.
[1] 0.2520776
 [1] "Xi: 0.510814873709186" "Xi: 0.509440048857761" "Xi: 0.515692203812766"
 [4] "Xi: 0.522513166536152" "Xi: 0.523392198157441" "Xi: 0.531035801631694"
 [7] "Xi: 0.560307800363234" "Xi: 0.55764306091935"  "Xi: 0.538996193530403"
[10] "Xi: 0.522927114426038" "Xi: 0.523436235022972" "Xi: 0.522350291038571"
[13] "Xi: 0.516630930983408" "Xi: 0.511568866277571" "Xi: 0.510050652858711"
[16] "Xi: 0.512264756456929" "Xi: 0.514960152198724" "Xi: 0.513786103162366"
[19] "Xi: 0.508370912420405" "Xi: 0.506535817249763"
Time difference of 4.870784 mins
[1] 1 1 1 1 1
[1] 1 1 1 1 1
saved RDS
inference successful
