[1] "Original length"
[1] 999571
[1] "Final length"
[1] 19107
[1] "sequence length : 999572" "sequence length : 999385"
[3] "sequence length : 999559" "sequence length : 999686"
[5] "sequence length : 999641"
[1] 1 1 1 1 1
[1] "Beta: 1"
[1] "Self: 0"
[1] "maxIt: 20"
[1] "It: 1"
 [1] "sigma:" "0"      "0"      "0"      "0"      "0"      "0"      "0"     
 [9] "0"      "0"      "0"      "0"      "0"      "0"      "0"      "0"     
[17] "0"      "0"      "0"      "0"      "0"      "0"      "0"      "0"     
[25] "0"      "0"      "0"      "0"      "0"      "0"      "0"      "0"     
[33] "0"      "0"      "0"      "0"      "0"      "0"      "0"      "0"     
[41] "0"      "beta :" "1"     
 [1] "sigma:" "0.9405" "0.9405" "0.9405" "0.9405" "0.9405" "0.9405" "0.9405"
 [9] "0.9405" "0.9405" "0.9405" "0.9405" "0.9405" "0.9405" "0.9405" "0.9405"
[17] "0.9405" "0.099"  "0.099"  "0.2475" "0.2475" "0.198"  "0.198"  "0.099" 
[25] "0.099"  "0.099"  "0.099"  "0"      "0"      "0"      "0"      "0"     
[33] "0"      "0"      "0"      "0"      "0"      "0"      "0"      "0"     
[41] "0"      "beta :" "1"     
[1] "New Likelihood:  -10191037.1880546"
iter:  0  f-value:  40720.6  pgrad:  0.5 
iter:  10  f-value:  40720.41  pgrad:  0.999803 
iter:  20  f-value:  40720.33  pgrad:  0.9982271 
iter:  30  f-value:  40720.28  pgrad:  0.9980655 
iter:  40  f-value:  40720.21  pgrad:  0.9955631 
iter:  50  f-value:  40720.13  pgrad:  0.9429697 
  Unsuccessful convergence.
Time difference of 1.975844 hours
[1] "maxIt: 20"
[1] "It: 2"
 [1] "sigma:"               "0.951253898745566"    "0.951253898745566"   
 [4] "0.945893855376577"    "0.945893855376577"    "0.948092234020938"   
 [7] "0.948092234020938"    "0.950765796589585"    "0.950765796589585"   
[10] "0.952928452754271"    "0.952928452754271"    "0.950851791202767"   
[13] "0.950851791202767"    "0.943155336443676"    "0.943155336443676"   
[16] "0.933540046161177"    "0.933540046161177"    "0.095136634773432"   
[19] "0.095136634773432"    "0.243341290255491"    "0.243341290255491"   
[22] "0.195621601149318"    "0.195621601149318"    "0.0995449387844389"  
[25] "0.0995449387844389"   "0.10325627810882"     "0.10325627810882"    
[28] "0.00737801668176483"  "0.00737801668176483"  "0.00846503154355875" 
[31] "0.00846503154355875"  "0.00775283730341272"  "0.00775283730341272" 
[34] "0.00567747109619147"  "0.00567747109619147"  "0.00309840112382798" 
[37] "0.00309840112382798"  "0.00123396223383535"  "0.00123396223383535" 
[40] "0.000198783017211293" "0.000198783017211293" "beta :"              
[43] "1"                   
 [1] "sigma:"               "0.951253898745566"    "0.951253898745566"   
 [4] "0.945893855376577"    "0.945893855376577"    "0.948092234020938"   
 [7] "0.948092234020938"    "0.950765796589585"    "0.950765796589585"   
[10] "0.952928452754271"    "0.952928452754271"    "0.950851791202767"   
[13] "0.950851791202767"    "0.943155336443676"    "0.943155336443676"   
[16] "0.884040046161177"    "0.884040046161177"    "0.045636634773432"   
[19] "0.045636634773432"    "0.193841290255492"    "0.193841290255492"   
[22] "0.195621601149318"    "0.195621601149318"    "0.149044938784439"   
[25] "0.149044938784439"    "0.15275627810882"     "0.15275627810882"    
[28] "0.0568780166817648"   "0.0568780166817648"   "0.00846503154355875" 
[31] "0.00846503154355875"  "0.00775283730341273"  "0.00775283730341273" 
[34] "0.00567747109619147"  "0.00567747109619147"  "0.00309840112382798" 
[37] "0.00309840112382798"  "0.00123396223383535"  "0.00123396223383535" 
[40] "0.000198783017211294" "0.000198783017211294" "beta :"              
[43] "1"                   
[1] " old Likelihood:  -10191037.1880546"
[1] "New Likelihood:  -10190920.4908298"
iter:  0  f-value:  40496.37  pgrad:  0.4996448 
iter:  10  f-value:  40496.24  pgrad:  0.9919491 
iter:  20  f-value:  40496.22  pgrad:  0.9911638 
iter:  30  f-value:  40496.18  pgrad:  0.9895358 
iter:  40  f-value:  40496.12  pgrad:  0.9855403 
iter:  50  f-value:  40496.11  pgrad:  0.9852058 
  Unsuccessful convergence.
Time difference of 26.07223 mins
[1] "maxIt: 20"
[1] "It: 3"
 [1] "sigma:"               "0.959215448898004"    "0.959215448898004"   
 [4] "0.949916863639434"    "0.949916863639434"    "0.953783721281221"   
 [7] "0.953783721281221"    "0.958532783930256"    "0.958532783930256"   
[10] "0.962501826651106"    "0.962501826651106"    "0.959114559098926"   
[13] "0.959114559098926"    "0.945946758205644"    "0.945946758205644"   
[16] "0.881505624633409"    "0.881505624633409"    "0.0442875049589501"  
[19] "0.0442875049589501"   "0.192075248645247"    "0.192075248645247"   
[22] "0.193831353343375"    "0.193831353343375"    "0.148584755898702"   
[25] "0.148584755898702"    "0.155089399758249"    "0.155089399758249"   
[28] "0.0620960306070209"   "0.0620960306070209"   "0.0146960435275018"  
[31] "0.0146960435275018"   "0.0132243139001632"   "0.0132243139001632"  
[34] "0.00935459526308289"  "0.00935459526308289"  "0.00499232291521206" 
[37] "0.00499232291521206"  "0.00201605872364673"  "0.00201605872364673" 
[40] "0.000338826339482559" "0.000338826339482559" "beta :"              
[43] "1"                   
 [1] "sigma:"               "0.959215448898004"    "0.959215448898004"   
 [4] "0.949916863639434"    "0.949916863639434"    "0.953783721281221"   
 [7] "0.953783721281221"    "0.958532783930256"    "0.958532783930256"   
[10] "0.962501826651106"    "0.962501826651106"    "0.959114559098926"   
[13] "0.959114559098926"    "0.945946758205644"    "0.945946758205644"   
[16] "0.881505624633409"    "0.881505624633409"    "0.0442875049589501"  
[19] "0.0442875049589501"   "0.192075248645247"    "0.192075248645247"   
[22] "0.193831353343375"    "0.193831353343375"    "0.148584755898702"   
[25] "0.148584755898702"    "0.155089399758249"    "0.155089399758249"   
[28] "0.111596030607021"    "0.111596030607021"    "0.0146960435275018"  
[31] "0.0146960435275018"   "0.0132243139001632"   "0.0132243139001632"  
[34] "0.00935459526308289"  "0.00935459526308289"  "0.00499232291521207" 
[37] "0.00499232291521207"  "0.00201605872364673"  "0.00201605872364673" 
[40] "0.000338826339482561" "0.000338826339482561" "beta :"              
[43] "1"                   
[1] " old Likelihood:  -10190920.4908298"
[1] "New Likelihood:  -10190855.5845866"
iter:  0  f-value:  40370.95  pgrad:  0.4993622 
iter:  10  f-value:  40370.9  pgrad:  0.9864911 
iter:  20  f-value:  40370.87  pgrad:  0.9834279 
iter:  30  f-value:  40370.86  pgrad:  0.9831981 
iter:  40  f-value:  40370.84  pgrad:  0.9444193 
iter:  50  f-value:  40370.82  pgrad:  0.8388452 
  Unsuccessful convergence.
Time difference of 24.23212 mins
[1] "maxIt: 20"
[1] "It: 4"
 [1] "sigma:"               "0.965511948873555"    "0.965511948873555"   
 [4] "0.953112175242905"    "0.953112175242905"    "0.958341488450921"   
 [7] "0.958341488450921"    "0.964805592088239"    "0.964805592088239"   
[10] "0.970331442797228"    "0.970331442797228"    "0.965937379955397"   
[13] "0.965937379955397"    "0.948298943283284"    "0.948298943283284"   
[16] "0.879812620040919"    "0.879812620040919"    "0.0436003575342456"  
[19] "0.0436003575342456"   "0.191338252339426"    "0.191338252339426"   
[22] "0.192742607293483"    "0.192742607293483"    "0.148137047037277"   
[25] "0.148137047037277"    "0.156396765424416"    "0.156396765424416"   
[28] "0.115430844564722"    "0.115430844564722"    "0.0187848398815635"  
[31] "0.0187848398815635"   "0.0166962036700653"   "0.0166962036700653"  
[34] "0.0115694680361726"   "0.0115694680361726"   "0.00611380479213666" 
[37] "0.00611380479213666"  "0.00251907571630365"  "0.00251907571630365" 
[40] "0.000429035931311372" "0.000429035931311372" "beta :"              
[43] "1"                   
 [1] "sigma:"              "0.965511948873555"   "0.965511948873555"  
 [4] "0.953112175242905"   "0.953112175242905"   "0.958341488450921"  
 [7] "0.958341488450921"   "0.964805592088239"   "0.964805592088239"  
[10] "0.970331442797228"   "0.970331442797228"   "0.965937379955397"  
[13] "0.965937379955397"   "0.948298943283284"   "0.948298943283284"  
[16] "0.830312620040918"   "0.830312620040918"   "0.0436003575342456" 
[19] "0.0436003575342456"  "0.240838252339426"   "0.240838252339426"  
[22] "0.192742607293483"   "0.192742607293483"   "0.148137047037277"  
[25] "0.148137047037277"   "0.156396765424416"   "0.156396765424416"  
[28] "0.164930844564722"   "0.164930844564722"   "0.0187848398815635" 
[31] "0.0187848398815635"  "0.0166962036700653"  "0.0166962036700653" 
[34] "0.0115694680361726"  "0.0115694680361726"  "0.00611380479213666"
[37] "0.00611380479213666" "0.00251907571630365" "0.00251907571630365"
[40] "0.00042903593131137" "0.00042903593131137" "beta :"             
[43] "1"                  
[1] " old Likelihood:  -10190855.5845866"
[1] "New Likelihood:  -10190818.9121887"
iter:  0  f-value:  40216.85  pgrad:  0.4991655 
iter:  10  f-value:  40216.81  pgrad:  0.9806696 
iter:  20  f-value:  40216.78  pgrad:  0.9793307 
iter:  30  f-value:  40216.78  pgrad:  0.9791416 
iter:  40  f-value:  40216.73  pgrad:  0.780783 
iter:  50  f-value:  40216.73  pgrad:  0.7116614 
  Unsuccessful convergence.
Time difference of 24.87562 mins
[1] "maxIt: 20"
[1] "It: 5"
 [1] "sigma:"               "0.972162297025511"    "0.972162297025511"   
 [4] "0.956539599339463"    "0.956539599339463"    "0.96326296433295"    
 [7] "0.96326296433295"     "0.971629711392647"    "0.971629711392647"   
[10] "0.978953839302251"    "0.978953839302251"    "0.97353896444583"    
[13] "0.97353896444583"     "0.950826354170832"    "0.950826354170832"   
[16] "0.828580378315455"    "0.828580378315455"    "0.0427673556250488"  
[19] "0.0427673556250488"   "0.239626478119845"    "0.239626478119845"   
[22] "0.191403521716552"    "0.191403521716552"    "0.147471827832516"   
[25] "0.147471827832516"    "0.157538435735392"    "0.157538435735392"   
[28] "0.168833271629706"    "0.168833271629706"    "0.0230845333381571"  
[31] "0.0230845333381571"   "0.0200183353351284"   "0.0200183353351284"  
[34] "0.0134734835238577"   "0.0134734835238577"   "0.00701556056804237" 
[37] "0.00701556056804237"  "0.00296814104426557"  "0.00296814104426557" 
[40] "0.000519261052196304" "0.000519261052196304" "beta :"              
[43] "1"                   
 [1] "sigma:"               "0.972162297025511"    "0.972162297025511"   
 [4] "0.956539599339463"    "0.956539599339463"    "0.96326296433295"    
 [7] "0.96326296433295"     "0.971629711392647"    "0.971629711392647"   
[10] "0.978953839302251"    "0.978953839302251"    "0.97353896444583"    
[13] "0.97353896444583"     "0.950826354170832"    "0.950826354170832"   
[16] "0.779080378315455"    "0.779080378315455"    "0.0427673556250488"  
[19] "0.0427673556250488"   "0.239626478119845"    "0.239626478119845"   
[22] "0.191403521716552"    "0.191403521716552"    "0.147471827832516"   
[25] "0.147471827832516"    "0.157538435735392"    "0.157538435735392"   
[28] "0.218333271629706"    "0.218333271629706"    "0.0230845333381571"  
[31] "0.0230845333381571"   "0.0200183353351284"   "0.0200183353351284"  
[34] "0.0134734835238577"   "0.0134734835238577"   "0.00701556056804237" 
[37] "0.00701556056804237"  "0.00296814104426558"  "0.00296814104426558" 
[40] "0.000519261052196308" "0.000519261052196308" "beta :"              
[43] "1"                   
[1] " old Likelihood:  -10190818.9121887"
[1] "New Likelihood:  -10190787.9681637"
iter:  0  f-value:  40086.24  pgrad:  0.4990175 
iter:  10  f-value:  40086.2  pgrad:  0.9764568 
iter:  20  f-value:  40086.19  pgrad:  0.9759447 
iter:  30  f-value:  40086.18  pgrad:  0.9755818 
iter:  40  f-value:  40086.16  pgrad:  0.8442294 
iter:  50  f-value:  40086.12  pgrad:  0.5541369 
  Unsuccessful convergence.
Time difference of 24.79152 mins
[1] "maxIt: 20"
[1] "It: 6"
 [1] "sigma:"               "0.979938487146089"    "0.979938487146089"   
 [4] "0.96067325640263"     "0.96067325640263"     "0.969267674235768"   
 [7] "0.969267674235768"    "0.980051409336669"    "0.980051409336669"   
[10] "0.989788565579975"    "0.989788565579975"    "0.983306892336585"   
[13] "0.983306892336585"    "0.954134134489826"    "0.954134134489826"   
[16] "0.777507332437461"    "0.777507332437461"    "0.0419861442368814"  
[19] "0.0419861442368814"   "0.238332201194267"    "0.238332201194267"   
[22] "0.189822249362014"    "0.189822249362014"    "0.146435912168256"   
[25] "0.146435912168256"    "0.158569224735934"    "0.158569224735934"   
[28] "0.22283365526288"     "0.22283365526288"     "0.0281344834836064"  
[31] "0.0281344834836064"   "0.0238937583949235"   "0.0238937583949235"  
[34] "0.0154136267414954"   "0.0154136267414954"   "0.00782136759610785" 
[37] "0.00782136759610785"  "0.00342205674878296"  "0.00342205674878296" 
[40] "0.000614931380091722" "0.000614931380091722" "beta :"              
[43] "1"                   
 [1] "sigma:"               "0.979938487146089"    "0.979938487146089"   
 [4] "0.96067325640263"     "0.96067325640263"     "0.969267674235768"   
 [7] "0.969267674235768"    "0.980051409336669"    "0.980051409336669"   
[10] "0.989788565579975"    "0.989788565579975"    "0.983306892336585"   
[13] "0.983306892336585"    "0.954134134489826"    "0.954134134489826"   
[16] "0.728007332437461"    "0.728007332437461"    "0.0419861442368814"  
[19] "0.0419861442368814"   "0.238332201194267"    "0.238332201194267"   
[22] "0.189822249362014"    "0.189822249362014"    "0.146435912168256"   
[25] "0.146435912168256"    "0.158569224735934"    "0.158569224735934"   
[28] "0.27233365526288"     "0.27233365526288"     "0.0281344834836064"  
[31] "0.0281344834836064"   "0.0238937583949235"   "0.0238937583949235"  
[34] "0.0154136267414954"   "0.0154136267414954"   "0.00782136759610785" 
[37] "0.00782136759610785"  "0.00342205674878296"  "0.00342205674878296" 
[40] "0.000614931380091722" "0.000614931380091722" "beta :"              
[43] "1"                   
[1] " old Likelihood:  -10190787.9681637"
[1] "New Likelihood:  -10190759.6908889"
iter:  0  f-value:  39923.71  pgrad:  0.512435 
iter:  10  f-value:  39923.68  pgrad:  0.9714456 
iter:  20  f-value:  39923.66  pgrad:  0.9353971 
iter:  30  f-value:  39923.66  pgrad:  0.9182986 
iter:  40  f-value:  39923.65  pgrad:  0.8471397 
iter:  50  f-value:  39923.64  pgrad:  0.7494964 
  Unsuccessful convergence.
Time difference of 24.7949 mins
[1] "maxIt: 20"
[1] "It: 7"
 [1] "sigma:"               "0.98394766304054"     "0.98394766304054"    
 [4] "0.962958257018126"    "0.962958257018126"    "0.972642164480463"   
 [7] "0.972642164480463"    "0.984883773517376"    "0.984883773517376"   
[10] "0.99"                 "0.99"                 "0.989469115454994"   
[13] "0.989469115454994"    "0.956624545684384"    "0.956624545684384"   
[16] "0.727694846566185"    "0.727694846566185"    "0.0417494718606758"  
[19] "0.0417494718606758"   "0.237788353303216"    "0.237788353303216"   
[22] "0.189023193573493"    "0.189023193573493"    "0.145818294334633"   
[25] "0.145818294334633"    "0.159074257409599"    "0.159074257409599"   
[28] "0.275112808899439"    "0.275112808899439"    "0.0312297358525989"  
[31] "0.0312297358525989"   "0.0262575457142108"   "0.0262575457142108"  
[34] "0.0164544021694578"   "0.0164544021694578"   "0.00816607392958842" 
[37] "0.00816607392958842"  "0.00364034060888557"  "0.00364034060888557" 
[40] "0.000665753335823505" "0.000665753335823505" "beta :"              
[43] "1"                   
 [1] "sigma:"               "0.98394766304054"     "0.98394766304054"    
 [4] "0.962958257018126"    "0.962958257018126"    "0.972642164480463"   
 [7] "0.972642164480463"    "0.984883773517376"    "0.984883773517376"   
[10] "0.99"                 "0.99"                 "0.989469115454994"   
[13] "0.989469115454994"    "0.956624545684384"    "0.956624545684384"   
[16] "0.727694846566185"    "0.727694846566185"    "0.0417494718606758"  
[19] "0.0417494718606758"   "0.237788353303216"    "0.237788353303216"   
[22] "0.189023193573493"    "0.189023193573493"    "0.145818294334633"   
[25] "0.145818294334633"    "0.159074257409599"    "0.159074257409599"   
[28] "0.275112808899439"    "0.275112808899439"    "0.0807297358525989"  
[31] "0.0807297358525989"   "0.0262575457142108"   "0.0262575457142108"  
[34] "0.0164544021694578"   "0.0164544021694578"   "0.00816607392958843" 
[37] "0.00816607392958843"  "0.00364034060888557"  "0.00364034060888557" 
[40] "0.000665753335823505" "0.000665753335823505" "beta :"              
[43] "1"                   
[1] " old Likelihood:  -10190759.6908889"
[1] "New Likelihood:  -10190742.3591077"
iter:  0  f-value:  39746.43  pgrad:  0.511403 
iter:  10  f-value:  39746.4  pgrad:  0.9183632 
iter:  20  f-value:  39746.4  pgrad:  0.9177616 
iter:  30  f-value:  39746.38  pgrad:  0.6550545 
iter:  40  f-value:  39746.38  pgrad:  0.6786286 
iter:  50  f-value:  39746.37  pgrad:  0.4750473 
  Unsuccessful convergence.
Time difference of 24.71443 mins
[1] "maxIt: 20"
[1] "It: 8"
 [1] "sigma:"               "0.989698857385814"    "0.989698857385814"   
 [4] "0.96681499564245"     "0.96681499564245"     "0.978470382347818"   
 [7] "0.978470382347818"    "0.99"                 "0.99"                
[10] "0.99"                 "0.99"                 "0.99"                
[13] "0.99"                 "0.961258500884425"    "0.961258500884425"   
[16] "0.726961284804913"    "0.726961284804913"    "0.0412489169566316"  
[19] "0.0412489169566316"   "0.236777051443862"    "0.236777051443862"   
[22] "0.187686739084484"    "0.187686739084484"    "0.144541817668961"   
[25] "0.144541817668961"    "0.15946757204921"     "0.15946757204921"    
[28] "0.279355487095171"    "0.279355487095171"    "0.0860141730462999"  
[31] "0.0860141730462999"   "0.0301679409234323"   "0.0301679409234323"  
[34] "0.0181247172859034"   "0.0181247172859034"   "0.00866604684381045" 
[37] "0.00866604684381045"  "0.00400371535709334"  "0.00400371535709334" 
[40] "0.000761024528154513" "0.000761024528154513" "beta :"              
[43] "1"                   
 [1] "sigma:"               "0.989698857385814"    "0.989698857385814"   
 [4] "0.96681499564245"     "0.96681499564245"     "0.978470382347818"   
 [7] "0.978470382347818"    "0.99"                 "0.99"                
[10] "0.99"                 "0.99"                 "0.99"                
[13] "0.99"                 "0.961258500884425"    "0.961258500884425"   
[16] "0.726961284804913"    "0.726961284804913"    "0.0412489169566316"  
[19] "0.0412489169566316"   "0.236777051443862"    "0.236777051443862"   
[22] "0.187686739084484"    "0.187686739084484"    "0.144541817668961"   
[25] "0.144541817668961"    "0.15946757204921"     "0.15946757204921"    
[28] "0.279355487095171"    "0.279355487095171"    "0.1355141730463"     
[31] "0.1355141730463"      "0.0301679409234323"   "0.0301679409234323"  
[34] "0.0181247172859034"   "0.0181247172859034"   "0.00866604684381045" 
[37] "0.00866604684381045"  "0.00400371535709334"  "0.00400371535709334" 
[40] "0.000761024528154512" "0.000761024528154512" "beta :"              
[43] "1"                   
[1] " old Likelihood:  -10190742.3591077"
[1] "New Likelihood:  -10190728.1722172"
iter:  0  f-value:  39543  pgrad:  0.5098699 
iter:  10  f-value:  39542.98  pgrad:  0.8630583 
iter:  20  f-value:  39542.97  pgrad:  0.861956 
iter:  30  f-value:  39542.97  pgrad:  0.861672 
iter:  40  f-value:  39542.96  pgrad:  0.4701724 
iter:  50  f-value:  39542.96  pgrad:  0.4530011 
  Unsuccessful convergence.
Time difference of 24.84309 mins
[1] "maxIt: 20"
[1] "It: 9"
 [1] "sigma:"               "0.99"                 "0.99"                
 [4] "0.97013247710364"     "0.97013247710364"     "0.98364210241863"    
 [7] "0.98364210241863"     "0.99"                 "0.99"                
[10] "0.99"                 "0.99"                 "0.99"                
[13] "0.99"                 "0.966040235192041"    "0.966040235192041"   
[16] "0.726445109750161"    "0.726445109750161"    "0.0408255925367526"  
[19] "0.0408255925367526"   "0.235980141207665"    "0.235980141207665"   
[22] "0.18669028475742"     "0.18669028475742"     "0.143492653352007"   
[25] "0.143492653352007"    "0.159762469466372"    "0.159762469466372"   
[28] "0.283157775429584"    "0.283157775429584"    "0.140789501326106"   
[31] "0.140789501326106"    "0.0340245197001896"   "0.0340245197001896"  
[34] "0.0197636395526314"   "0.0197636395526314"   "0.00906840696260371" 
[37] "0.00906840696260371"  "0.0043006165672897"   "0.0043006165672897"  
[40] "0.000845874748261571" "0.000845874748261571" "beta :"              
[43] "1"                   
 [1] "sigma:"              "0.99"                "0.99"               
 [4] "0.97013247710364"    "0.97013247710364"    "0.98364210241863"   
 [7] "0.98364210241863"    "0.99"                "0.99"               
[10] "0.99"                "0.99"                "0.99"               
[13] "0.99"                "0.966040235192041"   "0.966040235192041"  
[16] "0.676945109750161"   "0.676945109750161"   "0.0408255925367526" 
[19] "0.0408255925367526"  "0.235980141207665"   "0.235980141207665"  
[22] "0.23619028475742"    "0.23619028475742"    "0.143492653352007"  
[25] "0.143492653352007"   "0.159762469466372"   "0.159762469466372"  
[28] "0.283157775429584"   "0.283157775429584"   "0.140789501326106"  
[31] "0.140789501326106"   "0.0340245197001896"  "0.0340245197001896" 
[34] "0.0197636395526314"  "0.0197636395526314"  "0.00906840696260371"
[37] "0.00906840696260371" "0.0043006165672897"  "0.0043006165672897" 
[40] "0.00084587474826157" "0.00084587474826157" "beta :"             
[43] "1"                  
[1] " old Likelihood:  -10190728.1722172"
[1] "New Likelihood:  -10190717.5937214"
iter:  0  f-value:  39510.56  pgrad:  0.5013501 
iter:  10  f-value:  39510.55  pgrad:  0.8575693 
iter:  20  f-value:  39510.55  pgrad:  0.828004 
iter:  30  f-value:  39510.55  pgrad:  0.7056951 
iter:  40  f-value:  39510.55  pgrad:  0.7000199 
iter:  50  f-value:  39510.54  pgrad:  0.6349001 
  Unsuccessful convergence.
Time difference of 25.40977 mins
[1] "maxIt: 20"
[1] "It: 10"
 [1] "sigma:"               "0.99"                 "0.99"                
 [4] "0.971419386517829"    "0.971419386517829"    "0.985677649626125"   
 [7] "0.985677649626125"    "0.99"                 "0.99"                
[10] "0.99"                 "0.99"                 "0.99"                
[13] "0.99"                 "0.968146004868691"    "0.968146004868691"   
[16] "0.676838360537527"    "0.676838360537527"    "0.0405719306228493"  
[19] "0.0405719306228493"   "0.235446797134738"    "0.235446797134738"   
[22] "0.235627340950463"    "0.235627340950463"    "0.14314932382369"    
[25] "0.14314932382369"     "0.160035611872373"    "0.160035611872373"   
[28] "0.284783805537151"    "0.284783805537151"    "0.142844324864705"   
[31] "0.142844324864705"    "0.0352677447416168"   "0.0352677447416168"  
[34] "0.0201288905567259"   "0.0201288905567259"   "0.00913747222949174" 
[37] "0.00913747222949174"  "0.00438417560154229"  "0.00438417560154229" 
[40] "0.000873582774992807" "0.000873582774992807" "beta :"              
[43] "1"                   
 [1] "sigma:"              "0.99"                "0.99"               
 [4] "0.971419386517829"   "0.971419386517829"   "0.985677649626125"  
 [7] "0.985677649626125"   "0.99"                "0.99"               
[10] "0.99"                "0.99"                "0.99"               
[13] "0.99"                "0.968146004868691"   "0.968146004868691"  
[16] "0.676838360537527"   "0.676838360537527"   "0.0405719306228493" 
[19] "0.0405719306228493"  "0.185946797134738"   "0.185946797134738"  
[22] "0.235627340950463"   "0.235627340950463"   "0.14314932382369"   
[25] "0.14314932382369"    "0.160035611872373"   "0.160035611872373"  
[28] "0.284783805537151"   "0.284783805537151"   "0.192344324864705"  
[31] "0.192344324864705"   "0.0352677447416168"  "0.0352677447416168" 
[34] "0.0201288905567259"  "0.0201288905567259"  "0.00913747222949174"
[37] "0.00913747222949174" "0.00438417560154229" "0.00438417560154229"
[40] "0.00087358277499281" "0.00087358277499281" "beta :"             
[43] "1"                  
[1] " old Likelihood:  -10190717.5937214"
[1] "New Likelihood:  -10190712.7065386"
iter:  0  f-value:  39348.4  pgrad:  0.5080048 
iter:  10  f-value:  39348.38  pgrad:  0.8056786 
iter:  20  f-value:  39348.37  pgrad:  0.8048815 
iter:  30  f-value:  39348.37  pgrad:  0.804607 
iter:  40  f-value:  39348.37  pgrad:  0.8039522 
iter:  50  f-value:  39348.36  pgrad:  0.6404298 
  Unsuccessful convergence.
Time difference of 25.39772 mins
[1] "maxIt: 20"
[1] "It: 11"
 [1] "sigma:"               "0.99"                 "0.99"                
 [4] "0.973426275456504"    "0.973426275456504"    "0.988700675375025"   
 [7] "0.988700675375025"    "0.99"                 "0.99"                
[10] "0.99"                 "0.99"                 "0.99"                
[13] "0.99"                 "0.971724793057848"    "0.971724793057848"   
[16] "0.676957837428101"    "0.676957837428101"    "0.0404514245708496"  
[19] "0.0404514245708496"   "0.185552867232402"    "0.185552867232402"   
[22] "0.234995472764142"    "0.234995472764142"    "0.142459346074663"   
[25] "0.142459346074663"    "0.16015451221356"     "0.16015451221356"    
[28] "0.287091116291367"    "0.287091116291367"    "0.195838082270692"   
[31] "0.195838082270692"    "0.0376546083849104"   "0.0376546083849104"  
[34] "0.0210037984379223"   "0.0210037984379223"   "0.00929041693865435" 
[37] "0.00929041693865435"  "0.00452533512223876"  "0.00452533512223876" 
[40] "0.000925807086221359" "0.000925807086221359" "beta :"              
[43] "1"                   
 [1] "sigma:"               "0.99"                 "0.99"                
 [4] "0.973426275456504"    "0.973426275456504"    "0.988700675375025"   
 [7] "0.988700675375025"    "0.99"                 "0.99"                
[10] "0.99"                 "0.99"                 "0.99"                
[13] "0.99"                 "0.971724793057848"    "0.971724793057848"   
[16] "0.676957837428101"    "0.676957837428101"    "0.0404514245708496"  
[19] "0.0404514245708496"   "0.185552867232402"    "0.185552867232402"   
[22] "0.234995472764142"    "0.234995472764142"    "0.142459346074663"   
[25] "0.142459346074663"    "0.16015451221356"     "0.16015451221356"    
[28] "0.287091116291367"    "0.287091116291367"    "0.195838082270692"   
[31] "0.195838082270692"    "0.0376546083849104"   "0.0376546083849104"  
[34] "0.0210037984379223"   "0.0210037984379223"   "0.00929041693865435" 
[37] "0.00929041693865435"  "0.00452533512223876"  "0.00452533512223876" 
[40] "0.000925807086221358" "0.000925807086221358" "beta :"              
[43] "1"                   
[1] " old Likelihood:  -10190712.7065386"
[1] "New Likelihood:  -10190705.4903527"
iter:  0  f-value:  39354.4  pgrad:  0.5076822 
iter:  10  f-value:  39354.4  pgrad:  0.7933704 
iter:  20  f-value:  39354.4  pgrad:  0.7156632 
iter:  30  f-value:  39354.4  pgrad:  0.6656046 
iter:  40  f-value:  39354.39  pgrad:  0.5411857 
iter:  50  f-value:  39354.39  pgrad:  0.5240145 
  Unsuccessful convergence.
Time difference of 24.8212 mins
[1] "maxIt: 20"
[1] "It: 12"
 [1] "sigma:"               "0.99"                 "0.99"                
 [4] "0.97484630812991"     "0.97484630812991"     "0.99"                
 [7] "0.99"                 "0.99"                 "0.99"                
[10] "0.99"                 "0.99"                 "0.99"                
[13] "0.99"                 "0.974456784269745"    "0.974456784269745"   
[16] "0.677000347274882"    "0.677000347274882"    "0.0403210783473271"  
[19] "0.0403210783473271"   "0.185258531192743"    "0.185258531192743"   
[22] "0.234625153183887"    "0.234625153183887"    "0.142126757748401"   
[25] "0.142126757748401"    "0.160273256063753"    "0.160273256063753"   
[28] "0.288629545209931"    "0.288629545209931"    "0.198043809341858"   
[31] "0.198043809341858"    "0.0389447916684513"   "0.0389447916684513"  
[34] "0.0212962740059955"   "0.0212962740059955"   "0.00930518896108859" 
[37] "0.00930518896108859"  "0.00460802687832977"  "0.00460802687832977" 
[40] "0.000958441662759769" "0.000958441662759769" "beta :"              
[43] "1"                   
 [1] "sigma:"               "0.99"                 "0.99"                
 [4] "0.97484630812991"     "0.97484630812991"     "0.99"                
 [7] "0.99"                 "0.99"                 "0.99"                
[10] "0.99"                 "0.99"                 "0.99"                
[13] "0.99"                 "0.974456784269745"    "0.974456784269745"   
[16] "0.677000347274882"    "0.677000347274882"    "0.0403210783473271"  
[19] "0.0403210783473271"   "0.185258531192743"    "0.185258531192743"   
[22] "0.234625153183887"    "0.234625153183887"    "0.142126757748401"   
[25] "0.142126757748401"    "0.160273256063753"    "0.160273256063753"   
[28] "0.288629545209931"    "0.288629545209931"    "0.247543809341858"   
[31] "0.247543809341858"    "0.0389447916684513"   "0.0389447916684513"  
[34] "0.0212962740059955"   "0.0212962740059955"   "0.00930518896108859" 
[37] "0.00930518896108859"  "0.00460802687832977"  "0.00460802687832977" 
[40] "0.000958441662759768" "0.000958441662759768" "beta :"              
[43] "1"                   
[1] " old Likelihood:  -10190705.4903527"
[1] "New Likelihood:  -10190702.2717574"
iter:  0  f-value:  39123.83  pgrad:  0.5073764 
iter:  10  f-value:  39123.82  pgrad:  0.7499551 
iter:  20  f-value:  39123.82  pgrad:  0.7494166 
iter:  30  f-value:  39123.81  pgrad:  0.7479993 
iter:  40  f-value:  39123.81  pgrad:  0.6752816 
iter:  50  f-value:  39123.81  pgrad:  0.5921174 
  Unsuccessful convergence.
Time difference of 24.67184 mins
[1] "maxIt: 20"
[1] "It: 13"
 [1] "sigma:"              "0.99"                "0.99"               
 [4] "0.976401527646964"   "0.976401527646964"   "0.99"               
 [7] "0.99"                "0.99"                "0.99"               
[10] "0.99"                "0.99"                "0.99"               
[13] "0.99"                "0.977455880515526"   "0.977455880515526"  
[16] "0.676972377017751"   "0.676972377017751"   "0.0400573929220956" 
[19] "0.0400573929220956"  "0.184762640031787"   "0.184762640031787"  
[22] "0.234058386782434"   "0.234058386782434"   "0.141571722280024"  
[25] "0.141571722280024"   "0.160299960158378"   "0.160299960158378"  
[28] "0.290418907040704"   "0.290418907040704"   "0.250603323855642"  
[31] "0.250603323855642"   "0.0409643498915663"  "0.0409643498915663" 
[34] "0.0219824911334085"  "0.0219824911334085"  "0.00943540080226772"
[37] "0.00943540080226772" "0.00471503892743813" "0.00471503892743813"
[40] "0.00100058405229585" "0.00100058405229585" "beta :"             
[43] "1"                  
 [1] "sigma:"              "0.99"                "0.99"               
 [4] "0.976401527646964"   "0.976401527646964"   "0.99"               
 [7] "0.99"                "0.99"                "0.99"               
[10] "0.99"                "0.99"                "0.99"               
[13] "0.99"                "0.977455880515526"   "0.977455880515526"  
[16] "0.676972377017751"   "0.676972377017751"   "0.0400573929220956" 
[19] "0.0400573929220956"  "0.184762640031787"   "0.184762640031787"  
[22] "0.234058386782434"   "0.234058386782434"   "0.141571722280024"  
[25] "0.141571722280024"   "0.160299960158378"   "0.160299960158378"  
[28] "0.290418907040704"   "0.290418907040704"   "0.250603323855642"  
[31] "0.250603323855642"   "0.0409643498915663"  "0.0409643498915663" 
[34] "0.0219824911334085"  "0.0219824911334085"  "0.0589354008022677" 
[37] "0.0589354008022677"  "0.00471503892743813" "0.00471503892743813"
[40] "0.00100058405229585" "0.00100058405229585" "beta :"             
[43] "1"                  
[1] " old Likelihood:  -10190702.2717574"
[1] "New Likelihood:  -10190695.6616522"
iter:  0  f-value:  39018.98  pgrad:  0.5072632 
iter:  10  f-value:  39018.97  pgrad:  0.7468346 
iter:  20  f-value:  39018.97  pgrad:  0.7461863 
iter:  30  f-value:  39018.97  pgrad:  0.731452 
iter:  40  f-value:  39018.97  pgrad:  0.6045593 
iter:  50  f-value:  39018.97  pgrad:  0.5612674 
  Unsuccessful convergence.
Time difference of 25.41876 mins
[1] "maxIt: 20"
[1] "It: 14"
 [1] "sigma:"              "0.99"                "0.99"               
 [4] "0.977610382600396"   "0.977610382600396"   "0.99"               
 [7] "0.99"                "0.99"                "0.99"               
[10] "0.99"                "0.99"                "0.99"               
[13] "0.99"                "0.979870009667307"   "0.979870009667307"  
[16] "0.676921086896613"   "0.676921086896613"   "0.039837293405154"  
[19] "0.039837293405154"   "0.184353409187912"   "0.184353409187912"  
[22] "0.233702795598813"   "0.233702795598813"   "0.141292902846926"  
[25] "0.141292902846926"   "0.160316111298176"   "0.160316111298176"  
[28] "0.291663323490662"   "0.291663323490662"   "0.252741184912383"  
[31] "0.252741184912383"   "0.0424790844483462"  "0.0424790844483462" 
[34] "0.0226889051050637"  "0.0226889051050637"  "0.0591670774001697" 
[37] "0.0591670774001697"  "0.00490328248167698" "0.00490328248167698"
[40] "0.00104642162158394" "0.00104642162158394" "beta :"             
[43] "1"                  
 [1] "sigma:"              "0.99"                "0.99"               
 [4] "0.977610382600396"   "0.977610382600396"   "0.99"               
 [7] "0.99"                "0.99"                "0.99"               
[10] "0.99"                "0.99"                "0.99"               
[13] "0.99"                "0.979870009667307"   "0.979870009667307"  
[16] "0.676921086896613"   "0.676921086896613"   "0.039837293405154"  
[19] "0.039837293405154"   "0.134853409187912"   "0.134853409187912"  
[22] "0.283202795598813"   "0.283202795598813"   "0.141292902846926"  
[25] "0.141292902846926"   "0.160316111298176"   "0.160316111298176"  
[28] "0.291663323490662"   "0.291663323490662"   "0.252741184912383"  
[31] "0.252741184912383"   "0.0424790844483462"  "0.0424790844483462" 
[34] "0.0226889051050637"  "0.0226889051050637"  "0.0591670774001697" 
[37] "0.0591670774001697"  "0.00490328248167698" "0.00490328248167698"
[40] "0.00104642162158393" "0.00104642162158393" "beta :"             
[43] "1"                  
[1] " old Likelihood:  -10190695.6616522"
[1] "New Likelihood:  -10190690.2488319"
iter:  0  f-value:  39000.15  pgrad:  0.5069236 
iter:  10  f-value:  39000.14  pgrad:  0.7198832 
iter:  20  f-value:  39000.14  pgrad:  0.6776827 
iter:  30  f-value:  39000.14  pgrad:  0.5532638 
iter:  40  f-value:  39000.14  pgrad:  0.5165202 
iter:  50  f-value:  39000.13  pgrad:  0.25997 
  Unsuccessful convergence.
Time difference of 26.02217 mins
[1] "maxIt: 20"
[1] "It: 15"
 [1] "sigma:"              "0.99"                "0.99"               
 [4] "0.98020235232461"    "0.98020235232461"    "0.99"               
 [7] "0.99"                "0.99"                "0.99"               
[10] "0.99"                "0.99"                "0.99"               
[13] "0.99"                "0.984949480524251"   "0.984949480524251"  
[16] "0.676606640700902"   "0.676606640700902"   "0.0392064829833535" 
[19] "0.0392064829833535"  "0.133679050497463"   "0.133679050497463"  
[22] "0.281641190584036"   "0.281641190584036"   "0.140210313777487"  
[25] "0.140210313777487"   "0.160247936772998"   "0.160247936772998"  
[28] "0.294207874800174"   "0.294207874800174"   "0.2567430690964"    
[31] "0.2567430690964"     "0.0447331785491861"  "0.0447331785491861" 
[34] "0.0234006234748539"  "0.0234006234748539"  "0.0592884683689704" 
[37] "0.0592884683689704"  "0.00522539962125714" "0.00522539962125714"
[40] "0.00114405725151291" "0.00114405725151291" "beta :"             
[43] "1"                  
 [1] "sigma:"              "0.99"                "0.99"               
 [4] "0.98020235232461"    "0.98020235232461"    "0.99"               
 [7] "0.99"                "0.99"                "0.99"               
[10] "0.99"                "0.99"                "0.99"               
[13] "0.99"                "0.984949480524251"   "0.984949480524251"  
[16] "0.676606640700902"   "0.676606640700902"   "0.0392064829833535" 
[19] "0.0392064829833535"  "0.0841790504974634"  "0.0841790504974634" 
[22] "0.281641190584036"   "0.281641190584036"   "0.140210313777487"  
[25] "0.140210313777487"   "0.160247936772998"   "0.160247936772998"  
[28] "0.294207874800174"   "0.294207874800174"   "0.2567430690964"    
[31] "0.2567430690964"     "0.0447331785491861"  "0.0447331785491861" 
[34] "0.023400623474854"   "0.023400623474854"   "0.0592884683689704" 
[37] "0.0592884683689704"  "0.00522539962125714" "0.00522539962125714"
[40] "0.00114405725151291" "0.00114405725151291" "beta :"             
[43] "1"                  
[1] " old Likelihood:  -10190690.2488319"
[1] "New Likelihood:  -10190686.4126733"
iter:  0  f-value:  39032.4  pgrad:  0.5101226 
iter:  10  f-value:  39032.39  pgrad:  0.5981565 
iter:  20  f-value:  39032.39  pgrad:  0.5256879 
iter:  30  f-value:  39032.39  pgrad:  0.4909816 
iter:  40  f-value:  39032.39  pgrad:  0.4350295 
iter:  50  f-value:  39032.39  pgrad:  0.2477464 
  Unsuccessful convergence.
Time difference of 26.0383 mins
[1] "maxIt: 20"
[1] "It: 16"
 [1] "sigma:"              "0.99"                "0.99"               
 [4] "0.981957602761547"   "0.981957602761547"   "0.99"               
 [7] "0.99"                "0.99"                "0.99"               
[10] "0.99"                "0.99"                "0.99"               
[13] "0.99"                "0.988835335813159"   "0.988835335813159"  
[16] "0.676719473614476"   "0.676719473614476"   "0.0390449244958602" 
[19] "0.0390449244958602"  "0.0837642968338706"  "0.0837642968338706" 
[22] "0.280927184895746"   "0.280927184895746"   "0.139602120318135"  
[25] "0.139602120318135"   "0.160231022219277"   "0.160231022219277"  
[28] "0.295880447314032"   "0.295880447314032"   "0.259345829630976"  
[31] "0.259345829630976"   "0.046023081051942"   "0.046023081051942"  
[34] "0.0236144072655578"  "0.0236144072655578"  "0.059244779760813"  
[37] "0.059244779760813"   "0.00540991763907104" "0.00540991763907104"
[40] "0.00120599781152487" "0.00120599781152487" "beta :"             
[43] "1"                  
 [1] "sigma:"              "0.99"                "0.99"               
 [4] "0.981957602761547"   "0.981957602761547"   "0.99"               
 [7] "0.99"                "0.99"                "0.99"               
[10] "0.99"                "0.99"                "0.99"               
[13] "0.99"                "0.988835335813159"   "0.988835335813159"  
[16] "0.676719473614476"   "0.676719473614476"   "0.0390449244958602" 
[19] "0.0390449244958602"  "0.0342642968338706"  "0.0342642968338706" 
[22] "0.280927184895746"   "0.280927184895746"   "0.189102120318135"  
[25] "0.189102120318135"   "0.160231022219277"   "0.160231022219277"  
[28] "0.295880447314032"   "0.295880447314032"   "0.259345829630976"  
[31] "0.259345829630976"   "0.046023081051942"   "0.046023081051942"  
[34] "0.0236144072655578"  "0.0236144072655578"  "0.059244779760813"  
[37] "0.059244779760813"   "0.00540991763907104" "0.00540991763907104"
[40] "0.00120599781152487" "0.00120599781152487" "beta :"             
[43] "1"                  
[1] " old Likelihood:  -10190686.4126733"
[1] "New Likelihood:  -10190683.7675034"
iter:  0  f-value:  38963.55  pgrad:  0.5029899 
iter:  10  f-value:  38963.55  pgrad:  0.6617483 
iter:  20  f-value:  38963.55  pgrad:  0.605578 
iter:  30  f-value:  38963.55  pgrad:  0.4573667 
iter:  40  f-value:  38963.55  pgrad:  0.4245521 
iter:  50  f-value:  38963.54  pgrad:  0.2663 
  Unsuccessful convergence.
Time difference of 25.40236 mins
[1] "maxIt: 20"
[1] "It: 17"
 [1] "sigma:"              "0.99"                "0.99"               
 [4] "0.983850682369257"   "0.983850682369257"   "0.99"               
 [7] "0.99"                "0.99"                "0.99"               
[10] "0.99"                "0.99"                "0.99"               
[13] "0.99"                "0.99"                "0.99"               
[16] "0.67676497309789"    "0.67676497309789"    "0.0387289965078503" 
[19] "0.0387289965078503"  "0.0335580765595216"  "0.0335580765595216" 
[22] "0.279490102057114"   "0.279490102057114"   "0.187873082625518"  
[25] "0.187873082625518"   "0.160100655333436"   "0.160100655333436"  
[28] "0.298046751518497"   "0.298046751518497"   "0.262549464416725"  
[31] "0.262549464416725"   "0.0474140234409768"  "0.0474140234409768" 
[34] "0.0236408416774404"  "0.0236408416774404"  "0.0590798384466862" 
[37] "0.0590798384466862"  "0.00558577337246385" "0.00558577337246385"
[40] "0.00127569716746004" "0.00127569716746004" "beta :"             
[43] "1"                  
 [1] "sigma:"              "0.99"                "0.99"               
 [4] "0.983850682369257"   "0.983850682369257"   "0.99"               
 [7] "0.99"                "0.99"                "0.99"               
[10] "0.99"                "0.99"                "0.99"               
[13] "0.99"                "0.99"                "0.99"               
[16] "0.67676497309789"    "0.67676497309789"    "0.0387289965078503" 
[19] "0.0387289965078503"  "0.0335580765595216"  "0.0335580765595216" 
[22] "0.279490102057114"   "0.279490102057114"   "0.187873082625518"  
[25] "0.187873082625518"   "0.160100655333436"   "0.160100655333436"  
[28] "0.298046751518497"   "0.298046751518497"   "0.312049464416725"  
[31] "0.312049464416725"   "0.0474140234409768"  "0.0474140234409768" 
[34] "0.0236408416774404"  "0.0236408416774404"  "0.0590798384466862" 
[37] "0.0590798384466862"  "0.00558577337246385" "0.00558577337246385"
[40] "0.00127569716746004" "0.00127569716746004" "beta :"             
[43] "1"                  
[1] " old Likelihood:  -10190683.7675034"
[1] "New Likelihood:  -10190680.3558628"
iter:  0  f-value:  38709.99  pgrad:  0.5026832 
iter:  10  f-value:  38709.97  pgrad:  0.6848203 
iter:  20  f-value:  38709.97  pgrad:  0.6837959 
iter:  30  f-value:  38709.97  pgrad:  0.6836288 
iter:  40  f-value:  38709.97  pgrad:  0.4746835 
iter:  50  f-value:  38709.97  pgrad:  0.5107812 
  Unsuccessful convergence.
Time difference of 24.73704 mins
[1] "maxIt: 20"
[1] "It: 18"
 [1] "sigma:"              "0.99"                "0.99"               
 [4] "0.98590681259607"    "0.98590681259607"    "0.99"               
 [7] "0.99"                "0.99"                "0.99"               
[10] "0.99"                "0.99"                "0.99"               
[13] "0.99"                "0.99"                "0.99"               
[16] "0.676803912093838"   "0.676803912093838"   "0.0382620807671998" 
[19] "0.0382620807671998"  "0.0326367174182375"  "0.0326367174182375" 
[22] "0.277662003506193"   "0.277662003506193"   "0.186195159464498"  
[25] "0.186195159464498"   "0.159647798699645"   "0.159647798699645"  
[28] "0.300423261890816"   "0.300423261890816"   "0.316518673661813"  
[31] "0.316518673661813"   "0.0499832015309534"  "0.0499832015309534" 
[34] "0.0243733568950942"  "0.0243733568950942"  "0.0590782912822827" 
[37] "0.0590782912822827"  "0.00581000631950081" "0.00581000631950081"
[40] "0.00136063484042727" "0.00136063484042727" "beta :"             
[43] "1"                  
 [1] "sigma:"              "0.99"                "0.99"               
 [4] "0.98590681259607"    "0.98590681259607"    "0.99"               
 [7] "0.99"                "0.99"                "0.99"               
[10] "0.99"                "0.99"                "0.99"               
[13] "0.99"                "0.99"                "0.99"               
[16] "0.676803912093838"   "0.676803912093838"   "0.0382620807671998" 
[19] "0.0382620807671998"  "0.0326367174182375"  "0.0326367174182375" 
[22] "0.277662003506193"   "0.277662003506193"   "0.186195159464498"  
[25] "0.186195159464498"   "0.159647798699645"   "0.159647798699645"  
[28] "0.300423261890816"   "0.300423261890816"   "0.316518673661813"  
[31] "0.316518673661813"   "0.0499832015309534"  "0.0499832015309534" 
[34] "0.0243733568950943"  "0.0243733568950943"  "0.0590782912822827" 
[37] "0.0590782912822827"  "0.00581000631950081" "0.00581000631950081"
[40] "0.00136063484042727" "0.00136063484042727" "beta :"             
[43] "1"                  
[1] " old Likelihood:  -10190680.3558628"
[1] "New Likelihood:  -10190675.8818295"
iter:  0  f-value:  38717.57  pgrad:  0.5065229 
iter:  10  f-value:  38717.57  pgrad:  0.6644404 
iter:  20  f-value:  38717.57  pgrad:  0.592554 
iter:  30  f-value:  38717.56  pgrad:  0.4425237 
iter:  40  f-value:  38717.56  pgrad:  0.4235335 
iter:  50  f-value:  38717.56  pgrad:  0.3571768 
  Unsuccessful convergence.
Time difference of 25.47685 mins
[1] "maxIt: 20"
[1] "It: 19"
 [1] "sigma:"              "0.99"                "0.99"               
 [4] "0.987060726058467"   "0.987060726058467"   "0.99"               
 [7] "0.99"                "0.99"                "0.99"               
[10] "0.99"                "0.99"                "0.99"               
[13] "0.99"                "0.99"                "0.99"               
[16] "0.676868745340225"   "0.676868745340225"   "0.0380481025814755" 
[19] "0.0380481025814755"  "0.0322267168071854"  "0.0322267168071854" 
[22] "0.276846797172953"   "0.276846797172953"   "0.185407116098574"  
[25] "0.185407116098574"   "0.159408252548639"   "0.159408252548639"  
[28] "0.30157297840331"    "0.30157297840331"    "0.318727360016721"  
[31] "0.318727360016721"   "0.0510494433299241"  "0.0510494433299241" 
[34] "0.0244405010391128"  "0.0244405010391128"  "0.0589580756734096" 
[37] "0.0589580756734096"  "0.00589952033756858" "0.00589952033756858"
[40] "0.00140252655578302" "0.00140252655578302" "beta :"             
[43] "1"                  
 [1] "sigma:"              "0.99"                "0.99"               
 [4] "0.987060726058467"   "0.987060726058467"   "0.99"               
 [7] "0.99"                "0.99"                "0.99"               
[10] "0.99"                "0.99"                "0.99"               
[13] "0.99"                "0.99"                "0.99"               
[16] "0.676868745340225"   "0.676868745340225"   "0.0380481025814755" 
[19] "0.0380481025814755"  "0.0322267168071854"  "0.0322267168071854" 
[22] "0.276846797172953"   "0.276846797172953"   "0.185407116098574"  
[25] "0.185407116098574"   "0.159408252548639"   "0.159408252548639"  
[28] "0.30157297840331"    "0.30157297840331"    "0.318727360016721"  
[31] "0.318727360016721"   "0.0510494433299241"  "0.0510494433299241" 
[34] "0.0244405010391128"  "0.0244405010391128"  "0.0589580756734096" 
[37] "0.0589580756734096"  "0.00589952033756859" "0.00589952033756859"
[40] "0.00140252655578302" "0.00140252655578302" "beta :"             
[43] "1"                  
[1] " old Likelihood:  -10190675.8818295"
[1] "New Likelihood:  -10190674.3672278"
iter:  0  f-value:  38718.28  pgrad:  0.5063085 
iter:  10  f-value:  38718.28  pgrad:  0.5422044 
iter:  20  f-value:  38718.28  pgrad:  0.5015569 
iter:  30  f-value:  38718.28  pgrad:  0.457876 
iter:  40  f-value:  38718.27  pgrad:  0.2118759 
iter:  50  f-value:  38718.27  pgrad:  0.1941225 
  Unsuccessful convergence.
Time difference of 25.3386 mins
[1] "maxIt: 20"
[1] "It: 20"
 [1] "sigma:"              "0.989883732378436"   "0.989883732378436"  
 [4] "0.989268988405633"   "0.989268988405633"   "0.99"               
 [7] "0.99"                "0.99"                "0.99"               
[10] "0.99"                "0.99"                "0.99"               
[13] "0.99"                "0.99"                "0.99"               
[16] "0.676968063214211"   "0.676968063214211"   "0.0375352944644141" 
[19] "0.0375352944644141"  "0.0313454083130936"  "0.0313454083130936" 
[22] "0.275241946790009"   "0.275241946790009"   "0.183899044659773"  
[25] "0.183899044659773"   "0.158831871931867"   "0.158831871931867"  
[28] "0.303290325424408"   "0.303290325424408"   "0.321901996469606"  
[31] "0.321901996469606"   "0.0522710530375994"  "0.0522710530375994" 
[34] "0.0240755388277927"  "0.0240755388277927"  "0.0584793780262111" 
[37] "0.0584793780262111"  "0.00604105017449372" "0.00604105017449372"
[40] "0.00148834682886839" "0.00148834682886839" "beta :"             
[43] "1"                  
 [1] "sigma:"              "0.989883732378436"   "0.989883732378436"  
 [4] "0.989268988405633"   "0.989268988405633"   "0.99"               
 [7] "0.99"                "0.99"                "0.99"               
[10] "0.99"                "0.99"                "0.99"               
[13] "0.99"                "0.99"                "0.99"               
[16] "0.676968063214211"   "0.676968063214211"   "0.0375352944644141" 
[19] "0.0375352944644141"  "0.0313454083130936"  "0.0313454083130936" 
[22] "0.275241946790009"   "0.275241946790009"   "0.183899044659773"  
[25] "0.183899044659773"   "0.158831871931867"   "0.158831871931867"  
[28] "0.303290325424408"   "0.303290325424408"   "0.321901996469606"  
[31] "0.321901996469606"   "0.0522710530375994"  "0.0522710530375994" 
[34] "0.0240755388277927"  "0.0240755388277927"  "0.107979378026211"  
[37] "0.107979378026211"   "0.00604105017449373" "0.00604105017449373"
[40] "0.00148834682886839" "0.00148834682886839" "beta :"             
[43] "1"                  
[1] " old Likelihood:  -10190674.3672278"
[1] "New Likelihood:  -10190672.9138526"
iter:  0  f-value:  38591.91  pgrad:  0.5108667 
iter:  10  f-value:  38591.9  pgrad:  0.5926267 
iter:  20  f-value:  38591.9  pgrad:  0.5408219 
iter:  30  f-value:  38591.9  pgrad:  0.4152389 
iter:  40  f-value:  38591.9  pgrad:  0.5045671 
iter:  50  f-value:  38591.9  pgrad:  0.3047899 
  Unsuccessful convergence.
Time difference of 25.34954 mins
 [1] "sigma:"              "0.98970961983348"    "0.98970961983348"   
 [4] "0.99"                "0.99"                "0.99"               
 [7] "0.99"                "0.99"                "0.99"               
[10] "0.99"                "0.99"                "0.99"               
[13] "0.99"                "0.99"                "0.99"               
[16] "0.676989548206156"   "0.676989548206156"   "0.0372276286564296" 
[19] "0.0372276286564296"  "0.0308466461340527"  "0.0308466461340527" 
[22] "0.274372966515116"   "0.274372966515116"   "0.183136551405169"  
[25] "0.183136551405169"   "0.158624165079645"   "0.158624165079645"  
[28] "0.304488230135643"   "0.304488230135643"   "0.324135382821828"  
[31] "0.324135382821828"   "0.0534595002924315"  "0.0534595002924315" 
[34] "0.0245227499712469"  "0.0245227499712469"  "0.108194991552219"  
[37] "0.108194991552219"   "0.00631658517067649" "0.00631658517067649"
[40] "0.00155320566809928" "0.00155320566809928" "beta :"             
[43] "1"                  
[1] 1999144 1998770 1999118 1999372 1999282
[1] 1 1 1 1 1
saved RDS
inference successful
