[1] "Original length"
[1] 999420
[1] "Final length"
[1] 18899
[1] "sequence length : 999421" "sequence length : 999767"
[3] "sequence length : 999240" "sequence length : 999744"
[5] "sequence length : 999592"
[1] "former Rho:"
[1] 1350.882 1475.414 1413.900 1440.523 1602.269
[1] "old mu :"
[1] 0.0006758322 0.0007378789 0.0007074876 0.0007204460 0.0008014616
[1] "new mu :"
[1] 0.0007286212
[1] "new Rho:"
[1] 1456.399 1456.903 1456.135 1456.869 1456.648
[1] 1 1 1 1 1
[1] "Beta: 1"
[1] "Self: 0"
[1] 1
[1] "Rho"
[1] 1456.399 1456.903 1456.135 1456.869 1456.648
[1] "It: 1"
[1] "sigma:" "0"      "beta :" "1"     
[1] "rho/theta:" "1"         
[1] "sigma:" "0"      "beta :" "1"     
[1] "rho/theta:" "1"         
Time difference of 1.586083 secs
[1] "New Likelihood:  -10014607.2960291"
[1] 4997759
[1] 4997764
iter:  0  f-value:  41817.39  pgrad:  0.5 
iter:  10  f-value:  41815.51  pgrad:  0.9950448 
iter:  20  f-value:  41815.06  pgrad:  0.9810802 
iter:  30  f-value:  41814.82  pgrad:  0.5076368 
  Unsuccessful convergence.
[1] 0.0378782
 [1] "Xi: 0.500665486305002" "Xi: 0.501085396851374" "Xi: 0.502807675788468"
 [4] "Xi: 0.503122542179003" "Xi: 0.501734737932789" "Xi: 0.502895751711991"
 [7] "Xi: 0.509203492955798" "Xi: 0.514546146601148" "Xi: 0.513241385760029"
[10] "Xi: 0.509907374940221" "Xi: 0.508461801266822" "Xi: 0.507474528890256"
[13] "Xi: 0.506225000040211" "Xi: 0.505045499384849" "Xi: 0.504080274471128"
[16] "Xi: 0.503617176294845" "Xi: 0.50322236786109"  "Xi: 0.502587695088326"
[19] "Xi: 0.50205911971941"  "Xi: 0.501837444667167"
Time difference of 8.763288 mins
[1] "Rho"
[1] 1456.399 1456.903 1456.135 1456.869 1456.648
[1] "It: 2"
[1] "sigma:"             "0.0374994134795831" "beta :"            
[4] "1"                 
[1] "rho/theta:" "1"         
Time difference of 1.688453 secs
[1] " old Likelihood:  -10014607.2960291"
[1] "New Likelihood:  -10013889.0843434"
[1] 4997759
[1] 4997764
iter:  0  f-value:  41601.1  pgrad:  0.9621218 
iter:  10  f-value:  41600.62  pgrad:  0.9548624 
iter:  20  f-value:  41600.39  pgrad:  0.937236 
iter:  30  f-value:  41600.38  pgrad:  0.5031132 
  Unsuccessful convergence.
[1] 0.06469816
 [1] "Xi: 0.501102234041762" "Xi: 0.501750007607515" "Xi: 0.50479909361506" 
 [4] "Xi: 0.50573487254397"  "Xi: 0.502254513578261" "Xi: 0.501921609765004"
 [7] "Xi: 0.51383707375914"  "Xi: 0.521838055930244" "Xi: 0.519721035366209"
[10] "Xi: 0.514322185789531" "Xi: 0.511796653299366" "Xi: 0.510653069432518"
[13] "Xi: 0.509174497682039" "Xi: 0.507527788387195" "Xi: 0.506219489544554"
[16] "Xi: 0.505769708351586" "Xi: 0.505326245425614" "Xi: 0.504323174241823"
[19] "Xi: 0.503437772215164" "Xi: 0.503080915605998"
Time difference of 4.961804 mins
[1] "Rho"
[1] 1456.399 1456.903 1456.135 1456.869 1456.648
[1] "It: 3"
[1] "sigma:"             "0.0640511745416712" "beta :"            
[4] "1"                 
[1] "rho/theta:" "1"         
Time difference of 1.589198 secs
[1] " old Likelihood:  -10013889.0843434"
[1] "New Likelihood:  -10013668.0266793"
[1] 4997759
[1] 4997764
iter:  0  f-value:  41308.71  pgrad:  0.9353018 
iter:  10  f-value:  41308.57  pgrad:  0.9314886 
iter:  20  f-value:  41308.38  pgrad:  0.917423 
iter:  30  f-value:  41308.36  pgrad:  0.5074911 
  Unsuccessful convergence.
[1] 0.08635439
 [1] "Xi: 0.501315296125089" "Xi: 0.502062037586173" "Xi: 0.505730700798316"
 [4] "Xi: 0.506967461333017" "Xi: 0.502491448162177" "Xi: 0.500905853926132"
 [7] "Xi: 0.51592671272312"  "Xi: 0.525882185457695" "Xi: 0.523368042585905"
[10] "Xi: 0.516250903045392" "Xi: 0.513091154882577" "Xi: 0.51215479311849" 
[13] "Xi: 0.510752886270101" "Xi: 0.50890068515923"  "Xi: 0.507485369843784"
[16] "Xi: 0.50722066725417"  "Xi: 0.506881324363495" "Xi: 0.505625948971595"
[19] "Xi: 0.504472634129648" "Xi: 0.504024451978632"
Time difference of 4.962182 mins
[1] "Rho"
[1] 1456.399 1456.903 1456.135 1456.869 1456.648
[1] "It: 4"
[1] "sigma:"             "0.0854908426505166" "beta :"            
[4] "1"                 
[1] "rho/theta:" "1"         
Time difference of 1.603388 secs
[1] " old Likelihood:  -10013668.0266793"
[1] "New Likelihood:  -10013549.9550417"
[1] 4997759
[1] 4997764
iter:  0  f-value:  40993.44  pgrad:  0.9136456 
iter:  10  f-value:  40993.35  pgrad:  0.9103809 
iter:  20  f-value:  40993.19  pgrad:  0.8958391 
iter:  30  f-value:  40993.18  pgrad:  0.8953816 
  Unsuccessful convergence.
[1] 0.1047042
 [1] "Xi: 0.501508647532623" "Xi: 0.50233775644243"  "Xi: 0.506553771975746"
 [4] "Xi: 0.508068582553887" "Xi: 0.502731716813333" "Xi: 0.499842020345796"
 [7] "Xi: 0.517327318483616" "Xi: 0.528694529881206" "Xi: 0.525875087306333"
[10] "Xi: 0.517307549816605" "Xi: 0.51362324460527"  "Xi: 0.512966224900095"
[13] "Xi: 0.511734467109009" "Xi: 0.509754181203344" "Xi: 0.508307684671029"
[16] "Xi: 0.508274836771547" "Xi: 0.508102413326854" "Xi: 0.506649304218366"
[19] "Xi: 0.50528072086275"  "Xi: 0.504769351929622"
Time difference of 4.962484 mins
[1] "Rho"
[1] 1456.399 1456.903 1456.135 1456.869 1456.648
[1] "It: 5"
[1] "sigma:"            "0.103657120409794" "beta :"           
[4] "1"                
[1] "rho/theta:" "1"         
Time difference of 1.582903 secs
[1] " old Likelihood:  -10013549.9550417"
[1] "New Likelihood:  -10013462.7228192"
[1] 4997759
[1] 4997764
iter:  0  f-value:  40683.14  pgrad:  0.8952958 
iter:  10  f-value:  40683.02  pgrad:  0.8895221 
iter:  20  f-value:  40682.94  pgrad:  0.8822627 
iter:  30  f-value:  40682.93  pgrad:  0.8794944 
  Unsuccessful convergence.
[1] 0.1205231
 [1] "Xi: 0.50165997895339"  "Xi: 0.502547868159963" "Xi: 0.507180083765825"
 [4] "Xi: 0.508918193251739" "Xi: 0.502976404928916" "Xi: 0.499002165611309"
 [7] "Xi: 0.518332796496882" "Xi: 0.530920269334738" "Xi: 0.527910878950206"
[10] "Xi: 0.518019819192347" "Xi: 0.513880224001791" "Xi: 0.513510680456472"
[13] "Xi: 0.512459751732123" "Xi: 0.510317735878781" "Xi: 0.508836443147361"
[16] "Xi: 0.509075943119789" "Xi: 0.50910592878404"  "Xi: 0.507489623851734"
[19] "Xi: 0.505926058219278" "Xi: 0.505369658174462"
Time difference of 4.961107 mins
[1] "Rho"
[1] 1456.399 1456.903 1456.135 1456.869 1456.648
[1] "It: 6"
[1] "sigma:"            "0.119317826069706" "beta :"           
[4] "1"                
[1] "rho/theta:" "1"         
Time difference of 1.584657 secs
[1] " old Likelihood:  -10013462.7228192"
[1] "New Likelihood:  -10013390.4471852"
[1] 4997759
[1] 4997764
iter:  0  f-value:  40390.78  pgrad:  0.8794769 
iter:  10  f-value:  40390.64  pgrad:  0.8727011 
iter:  20  f-value:  40390.61  pgrad:  0.8699026 
iter:  30  f-value:  40390.58  pgrad:  0.4663613 
  Unsuccessful convergence.
[1] 0.1366288
 [1] "Xi: 0.501862073066083" "Xi: 0.502824274821658" "Xi: 0.508000422264177"
 [4] "Xi: 0.510045678319809" "Xi: 0.503379027427876" "Xi: 0.497997294359003"
 [7] "Xi: 0.519561204167742" "Xi: 0.533653825678977" "Xi: 0.530305799609409"
[10] "Xi: 0.51896206690915"  "Xi: 0.514235713941111" "Xi: 0.514112607548489"
[13] "Xi: 0.513190948096366" "Xi: 0.510872727443617" "Xi: 0.509323006747057"
[16] "Xi: 0.509824302526863" "Xi: 0.510061636867797" "Xi: 0.508293494634102"
[19] "Xi: 0.506549541018475" "Xi: 0.505963686798813"
Time difference of 4.970883 mins
[1] "Rho"
[1] 1456.399 1456.903 1456.135 1456.869 1456.648
[1] "It: 7"
[1] "sigma:"            "0.135262503930791" "beta :"           
[4] "1"                
[1] "rho/theta:" "1"         
Time difference of 1.585723 secs
[1] " old Likelihood:  -10013390.4471852"
[1] "New Likelihood:  -10013318.9431505"
[1] 4997759
[1] 4997764
iter:  0  f-value:  40078.73  pgrad:  0.8633712 
iter:  10  f-value:  40078.59  pgrad:  0.8554906 
iter:  20  f-value:  40078.58  pgrad:  0.5095559 
iter:  30  f-value:  40078.55  pgrad:  0.464183 
  Unsuccessful convergence.
[1] 0.1515427
 [1] "Xi: 0.502043939711487" "Xi: 0.503067877211669" "Xi: 0.508724895790745"
 [4] "Xi: 0.511048229339901" "Xi: 0.503777774868217" "Xi: 0.497070783853926"
 [7] "Xi: 0.52046811428554"  "Xi: 0.535824511708205" "Xi: 0.532323284912923"
[10] "Xi: 0.519708166172847" "Xi: 0.51453161591612"  "Xi: 0.514664738067348"
[13] "Xi: 0.513861753818439" "Xi: 0.511345844196478" "Xi: 0.509708711339133"
[16] "Xi: 0.510464448727753" "Xi: 0.510912511460265" "Xi: 0.50900337952358" 
[19] "Xi: 0.507091729248414" "Xi: 0.506487429499657"
Time difference of 4.970637 mins
[1] "Rho"
[1] 1456.399 1456.903 1456.135 1456.869 1456.648
[1] "It: 8"
[1] "sigma:"           "0.15002725250036" "beta :"           "1"               
[1] "rho/theta:" "1"         
Time difference of 1.599292 secs
[1] " old Likelihood:  -10013318.9431505"
[1] "New Likelihood:  -10013253.661759"
[1] 4997759
[1] 4997764
iter:  0  f-value:  39776.21  pgrad:  0.8484573 
iter:  10  f-value:  39776.1  pgrad:  0.8431279 
iter:  20  f-value:  39776.06  pgrad:  0.8392274 
iter:  30  f-value:  39776.05  pgrad:  0.8368015 
  Unsuccessful convergence.
[1] 0.1632229
 [1] "Xi: 0.502168487427117" "Xi: 0.503231450584006" "Xi: 0.509212602123691"
 [4] "Xi: 0.511730551140671" "Xi: 0.504076033472883" "Xi: 0.496404165907639"
 [7] "Xi: 0.521003362380251" "Xi: 0.537182400902694" "Xi: 0.533744535721202"
[10] "Xi: 0.520206806984286" "Xi: 0.514667591328423" "Xi: 0.515073488379687"
[13] "Xi: 0.51438608457485"  "Xi: 0.51161415180186"  "Xi: 0.509904007217362"
[16] "Xi: 0.510910489899457" "Xi: 0.5115747213548"   "Xi: 0.509533494336712"
[19] "Xi: 0.507467107206473" "Xi: 0.506850132901484"
Time difference of 4.974025 mins
[1] "Rho"
[1] 1456.399 1456.903 1456.135 1456.869 1456.648
[1] "It: 9"
[1] "sigma:"            "0.161590709555752" "beta :"           
[4] "1"                
[1] "rho/theta:" "1"         
Time difference of 1.67079 secs
[1] " old Likelihood:  -10013253.661759"
[1] "New Likelihood:  -10013202.0427469"
[1] 4997759
[1] 4997764
iter:  0  f-value:  39526.84  pgrad:  0.8367771 
iter:  10  f-value:  39526.73  pgrad:  0.8306526 
iter:  20  f-value:  39526.7  pgrad:  0.8272318 
iter:  30  f-value:  39526.69  pgrad:  0.8249189 
  Unsuccessful convergence.
[1] 0.1751505
 [1] "Xi: 0.502306822394291" "Xi: 0.503410576462502" "Xi: 0.509747750478"   
 [4] "Xi: 0.512485878464284" "Xi: 0.50444252792714"  "Xi: 0.495719573868804"
 [7] "Xi: 0.521580938295987" "Xi: 0.538660833084865" "Xi: 0.53532234100583" 
[10] "Xi: 0.520868413930885" "Xi: 0.514949799053249" "Xi: 0.515604333477745"
[13] "Xi: 0.515004130593166" "Xi: 0.511985973291787" "Xi: 0.510139010706894"
[16] "Xi: 0.511370072167631" "Xi: 0.512239157113244" "Xi: 0.510062622610081"
[19] "Xi: 0.507843622394899" "Xi: 0.507221333231307"
Time difference of 4.958369 mins
[1] "Rho"
[1] 1456.399 1456.903 1456.135 1456.869 1456.648
[1] "It: 10"
[1] "sigma:"            "0.173399043205235" "beta :"           
[4] "1"                
[1] "rho/theta:" "1"         
Time difference of 1.583984 secs
[1] " old Likelihood:  -10013202.0427469"
[1] "New Likelihood:  -10013150.6451231"
[1] 4997759
[1] 4997764
iter:  0  f-value:  39271.65  pgrad:  0.8248495 
iter:  10  f-value:  39271.56  pgrad:  0.8201049 
iter:  20  f-value:  39271.5  pgrad:  0.8128463 
iter:  30  f-value:  39271.5  pgrad:  0.459557 
  Unsuccessful convergence.
[1] 0.187745
 [1] "Xi: 0.502488752844903" "Xi: 0.503642846177536" "Xi: 0.510439150376834"
 [4] "Xi: 0.513468026744725" "Xi: 0.504966579153273" "Xi: 0.494923217877656"
 [7] "Xi: 0.522284024190385" "Xi: 0.540483491522344" "Xi: 0.53717970306877" 
[10] "Xi: 0.52167104378945"  "Xi: 0.515341306377821" "Xi: 0.516228441099869"
[13] "Xi: 0.515703230808205" "Xi: 0.512424119964329" "Xi: 0.510418878171709"
[16] "Xi: 0.511856769473205" "Xi: 0.512924054607784" "Xi: 0.510610924110825"
[19] "Xi: 0.508242740618541" "Xi: 0.507623191112452"
Time difference of 4.96803 mins
[1] "Rho"
[1] 1456.399 1456.903 1456.135 1456.869 1456.648
[1] "It: 11"
[1] "sigma:"            "0.185867563135287" "beta :"           
[4] "1"                
[1] "rho/theta:" "1"         
Time difference of 1.596183 secs
[1] " old Likelihood:  -10013150.6451231"
[1] "New Likelihood:  -10013097.4217046"
[1] 4997759
[1] 4997764
iter:  0  f-value:  38999.47  pgrad:  0.812255 
iter:  10  f-value:  38999.39  pgrad:  0.8076536 
iter:  20  f-value:  38999.34  pgrad:  0.8009181 
iter:  30  f-value:  38999.34  pgrad:  0.4576855 
  Unsuccessful convergence.
[1] 0.1998453
 [1] "Xi: 0.502695525990576" "Xi: 0.503902772393493" "Xi: 0.511212670771346"
 [4] "Xi: 0.514567913805175" "Xi: 0.505600263867184" "Xi: 0.494078185614021"
 [7] "Xi: 0.522965911648711" "Xi: 0.542332080039797" "Xi: 0.539012112657682"
[10] "Xi: 0.522422758432637" "Xi: 0.515722991899733" "Xi: 0.516835121889325"
[13] "Xi: 0.516389570508133" "Xi: 0.512844756848533" "Xi: 0.510670349414517"
[16] "Xi: 0.51230779352146"  "Xi: 0.513570687822835" "Xi: 0.511122859650542"
[19] "Xi: 0.508609424526057" "Xi: 0.50799793156315" 
Time difference of 4.971399 mins
[1] "Rho"
[1] 1456.399 1456.903 1456.135 1456.869 1456.648
[1] "It: 12"
[1] "sigma:"            "0.197846824538588" "beta :"           
[4] "1"                
[1] "rho/theta:" "1"         
Time difference of 1.598449 secs
[1] " old Likelihood:  -10013097.4217046"
[1] "New Likelihood:  -10013046.700806"
[1] 4997759
[1] 4997764
iter:  0  f-value:  38731.75  pgrad:  0.8001547 
iter:  10  f-value:  38731.66  pgrad:  0.7956453 
iter:  20  f-value:  38731.62  pgrad:  0.7897979 
iter:  30  f-value:  38731.62  pgrad:  0.4561203 
  Unsuccessful convergence.
[1] 0.2113004
 [1] "Xi: 0.502884171270864" "Xi: 0.50413709918222"  "Xi: 0.511906599714815"
 [4] "Xi: 0.515557551614987" "Xi: 0.506204180468578" "Xi: 0.49330398534795" 
 [7] "Xi: 0.523481044504451" "Xi: 0.543883120478145" "Xi: 0.540635543289296"
[10] "Xi: 0.523105249382734" "Xi: 0.516041189756274" "Xi: 0.517415470119767"
[13] "Xi: 0.517056604647697" "Xi: 0.513245200560703" "Xi: 0.510889208182134"
[16] "Xi: 0.512719191360122" "Xi: 0.514175894324377" "Xi: 0.511594535373328"
[19] "Xi: 0.508941444105216" "Xi: 0.508344044672834"
Time difference of 4.961079 mins
[1] "Rho"
[1] 1456.399 1456.903 1456.135 1456.869 1456.648
[1] "It: 13"
[1] "sigma:"            "0.209187422084195" "beta :"           
[4] "1"                
[1] "rho/theta:" "1"         
Time difference of 1.602513 secs
[1] " old Likelihood:  -10013046.700806"
[1] "New Likelihood:  -10012999.0919594"
[1] 4997759
[1] 4997764
iter:  0  f-value:  38472.49  pgrad:  0.7886996 
iter:  10  f-value:  38472.41  pgrad:  0.7842035 
iter:  20  f-value:  38472.37  pgrad:  0.7797542 
iter:  30  f-value:  38472.37  pgrad:  0.7785275 
  Unsuccessful convergence.
[1] 0.2214805
 [1] "Xi: 0.503032846925198" "Xi: 0.504319260198361" "Xi: 0.512446957461671"
 [4] "Xi: 0.516328447632985" "Xi: 0.506702798159013" "Xi: 0.492677949354593"
 [7] "Xi: 0.523818734746487" "Xi: 0.54501527844729"  "Xi: 0.54190185059947" 
[10] "Xi: 0.523639727247836" "Xi: 0.516276044164781" "Xi: 0.517934271021751"
[13] "Xi: 0.51767095180753"  "Xi: 0.513616836646618" "Xi: 0.511047812391646"
[16] "Xi: 0.513062162487805" "Xi: 0.514713724302292" "Xi: 0.511999553660005"
[19] "Xi: 0.509209544333143" "Xi: 0.508630664614626"
Time difference of 4.975256 mins
[1] "Rho"
[1] 1456.399 1456.903 1456.135 1456.869 1456.648
[1] "It: 14"
[1] "sigma:"            "0.219265701165364" "beta :"           
[4] "1"                
[1] "rho/theta:" "1"         
Time difference of 1.609687 secs
[1] " old Likelihood:  -10012999.0919594"
[1] "New Likelihood:  -10012956.9298448"
[1] 4997759
[1] 4997764
iter:  0  f-value:  38236.58  pgrad:  0.7785195 
iter:  10  f-value:  38236.5  pgrad:  0.7740256 
iter:  20  f-value:  38236.47  pgrad:  0.770562 
iter:  30  f-value:  38236.47  pgrad:  0.5112438 
  Unsuccessful convergence.
[1] 0.2316812
 [1] "Xi: 0.503200089415266" "Xi: 0.504521924681954" "Xi: 0.513047923703462"
 [4] "Xi: 0.517187737987021" "Xi: 0.507291906510841" "Xi: 0.492039148235893"
 [7] "Xi: 0.52418958922433"  "Xi: 0.546245287840197" "Xi: 0.543271587295473"
[10] "Xi: 0.524244351344177" "Xi: 0.51655936025372"  "Xi: 0.518495027529236"
[13] "Xi: 0.518328735559067" "Xi: 0.513932406616052" "Xi: 0.511224874027024"
[16] "Xi: 0.51341236260191"  "Xi: 0.51525135576399"  "Xi: 0.512402815050995"
[19] "Xi: 0.509478542157444" "Xi: 0.508923046659554"
Time difference of 4.965563 mins
[1] "Rho"
[1] 1456.399 1456.903 1456.135 1456.869 1456.648
[1] "It: 15"
[1] "sigma:"            "0.229364429317024" "beta :"           
[4] "1"                
[1] "rho/theta:" "1"         
Time difference of 1.679888 secs
[1] " old Likelihood:  -10012956.9298448"
[1] "New Likelihood:  -10012915.3107691"
[1] 4997759
[1] 4997764
iter:  0  f-value:  37997.4  pgrad:  0.7683188 
iter:  10  f-value:  37997.33  pgrad:  0.763855 
iter:  20  f-value:  37997.3  pgrad:  0.760449 
iter:  30  f-value:  37997.3  pgrad:  0.7588073 
  Unsuccessful convergence.
[1] 0.2411997
 [1] "Xi: 0.503356279766996" "Xi: 0.504708624324945" "Xi: 0.513601667067976"
 [4] "Xi: 0.517979267412113" "Xi: 0.50786278881311"  "Xi: 0.491464601951871"
 [7] "Xi: 0.524497619968543" "Xi: 0.547324221310389" "Xi: 0.544503526814156"
[10] "Xi: 0.524791039044555" "Xi: 0.516809818628253" "Xi: 0.519033457639319"
[13] "Xi: 0.518968522180002" "Xi: 0.514296859789466" "Xi: 0.511377996808251"
[16] "Xi: 0.513732040291987" "Xi: 0.515755614811892" "Xi: 0.512771181110704"
[19] "Xi: 0.509714963098087" "Xi: 0.5091862808176"  
Time difference of 4.971884 mins
[1] "Rho"
[1] 1456.399 1456.903 1456.135 1456.869 1456.648
[1] "It: 16"
[1] "sigma:"           "0.23878774464231" "beta :"           "1"               
[1] "rho/theta:" "1"         
Time difference of 1.596008 secs
[1] " old Likelihood:  -10012915.3107691"
[1] "New Likelihood:  -10012876.9782339"
[1] 4997759
[1] 4997764
iter:  0  f-value:  37771.66  pgrad:  0.7588003 
iter:  10  f-value:  37771.58  pgrad:  0.7544428 
iter:  20  f-value:  37771.56  pgrad:  0.7512296 
iter:  30  f-value:  37771.56  pgrad:  0.7501716 
  Unsuccessful convergence.
[1] 0.2498436
 [1] "Xi: 0.503492856346475" "Xi: 0.504870439188617" "Xi: 0.514081612663609"
 [4] "Xi: 0.518664554584659" "Xi: 0.508381599398728" "Xi: 0.490975360445072"
 [7] "Xi: 0.524738887506283" "Xi: 0.548220078486472" "Xi: 0.545557011455023"
[10] "Xi: 0.525253224382603" "Xi: 0.517001069315867" "Xi: 0.519523953296731"
[13] "Xi: 0.519570690448036" "Xi: 0.51462774633708"  "Xi: 0.511492182949036"
[16] "Xi: 0.514008348926306" "Xi: 0.51621488281165"  "Xi: 0.513095327827008"
[19] "Xi: 0.509910053917788" "Xi: 0.509410898610817"
Time difference of 4.96756 mins
[1] "Rho"
[1] 1456.399 1456.903 1456.135 1456.869 1456.648
[1] "It: 17"
[1] "sigma:"            "0.247345147388509" "beta :"           
[4] "1"                
[1] "rho/theta:" "1"         
Time difference of 1.609823 secs
[1] " old Likelihood:  -10012876.9782339"
[1] "New Likelihood:  -10012842.3448189"
[1] 4997759
[1] 4997764
iter:  0  f-value:  37562.67  pgrad:  0.7501564 
iter:  10  f-value:  37562.6  pgrad:  0.7459349 
iter:  20  f-value:  37562.58  pgrad:  0.7429491 
iter:  30  f-value:  37562.57  pgrad:  0.7420085 
  Unsuccessful convergence.
[1] 0.2580054
 [1] "Xi: 0.503623799906131" "Xi: 0.505023628083084" "Xi: 0.514538064266601"
 [4] "Xi: 0.519314996160161" "Xi: 0.508895882967565" "Xi: 0.490538749715566"
 [7] "Xi: 0.524960752170068" "Xi: 0.549050995921462" "Xi: 0.546550265082312"
[10] "Xi: 0.525698582313798" "Xi: 0.517177900944814" "Xi: 0.520001851325746"
[13] "Xi: 0.520165247492048" "Xi: 0.514957131129364" "Xi: 0.511596303952734"
[16] "Xi: 0.514267094370763" "Xi: 0.51665182459982"  "Xi: 0.513396217241505"
[19] "Xi: 0.510084094928456" "Xi: 0.50961774286131" 
Time difference of 4.966097 mins
[1] "Rho"
[1] 1456.399 1456.903 1456.135 1456.869 1456.648
[1] "It: 18"
[1] "sigma:"            "0.255425390150501" "beta :"           
[4] "1"                
[1] "rho/theta:" "1"         
Time difference of 1.583671 secs
[1] " old Likelihood:  -10012842.3448189"
[1] "New Likelihood:  -10012810.0605707"
[1] 4997759
[1] 4997764
iter:  0  f-value:  37363.29  pgrad:  0.7419946 
iter:  10  f-value:  37363.23  pgrad:  0.7379292 
iter:  20  f-value:  37363.21  pgrad:  0.735143 
iter:  30  f-value:  37363.21  pgrad:  0.734135 
  Unsuccessful convergence.
[1] 0.2658782
 [1] "Xi: 0.50375567952207"  "Xi: 0.505176080010612" "Xi: 0.514990859473734"
 [4] "Xi: 0.519960824266476" "Xi: 0.509426231418047" "Xi: 0.490137955520312"
 [7] "Xi: 0.525177236147306" "Xi: 0.549859820408364" "Xi: 0.547525359371805"
[10] "Xi: 0.526144696016561" "Xi: 0.51734993671129"  "Xi: 0.520474137231457"
[13] "Xi: 0.520759471693355" "Xi: 0.515285528206506" "Xi: 0.511698210543483"
[16] "Xi: 0.51451802778527"  "Xi: 0.517077829693448" "Xi: 0.513684901048462"
[19] "Xi: 0.510247516352037" "Xi: 0.509817015511788"
Time difference of 4.971294 mins
[1] "Rho"
[1] 1456.399 1456.903 1456.135 1456.869 1456.648
[1] "It: 19"
[1] "sigma:"            "0.263219416512242" "beta :"           
[4] "1"                
[1] "rho/theta:" "1"         
Time difference of 1.690062 secs
[1] " old Likelihood:  -10012810.0605707"
[1] "New Likelihood:  -10012779.3969867"
[1] 4997759
[1] 4997764
iter:  0  f-value:  37169.4  pgrad:  0.7341218 
iter:  10  f-value:  37169.34  pgrad:  0.730206 
iter:  20  f-value:  37169.32  pgrad:  0.7275084 
iter:  30  f-value:  37169.31  pgrad:  0.7262552 
  Unsuccessful convergence.
[1] 0.2737539
 [1] "Xi: 0.503899416630047" "Xi: 0.505340229425411" "Xi: 0.51547822786441" 
 [4] "Xi: 0.520657680158441" "Xi: 0.510016244012629" "Xi: 0.489750985668454"
 [7] "Xi: 0.525408795460384" "Xi: 0.550716741920276" "Xi: 0.548555591079145"
[10] "Xi: 0.526623023654608" "Xi: 0.517537458292145" "Xi: 0.520956775432923"
[13] "Xi: 0.521368017369422" "Xi: 0.515629526921197" "Xi: 0.51181310279443" 
[16] "Xi: 0.514776712480776" "Xi: 0.517508895307643" "Xi: 0.513976972117866"
[19] "Xi: 0.510415077163671" "Xi: 0.510024061600963"
Time difference of 4.970216 mins
[1] "Rho"
[1] 1456.399 1456.903 1456.135 1456.869 1456.648
[1] "It: 20"
[1] "sigma:"            "0.271016328545804" "beta :"           
[4] "1"                
[1] "rho/theta:" "1"         
Time difference of 1.606789 secs
[1] " old Likelihood:  -10012779.3969867"
[1] "New Likelihood:  -10012749.3650613"
[1] 4997759
[1] 4997764
iter:  0  f-value:  36974.62  pgrad:  0.7262461 
iter:  10  f-value:  36974.56  pgrad:  0.7224505 
iter:  20  f-value:  36974.54  pgrad:  0.7198231 
iter:  30  f-value:  36974.54  pgrad:  0.4857349 
  Unsuccessful convergence.
[1] 0.2816445
 [1] "Xi: 0.504062157046935" "Xi: 0.505524793055471" "Xi: 0.516025571835547"
 [4] "Xi: 0.52144385481611"  "Xi: 0.510698688007045" "Xi: 0.489366517152597"
 [7] "Xi: 0.525660570608834" "Xi: 0.551653513931202" "Xi: 0.549667236143416"
[10] "Xi: 0.527130997299502" "Xi: 0.51773196384809"  "Xi: 0.521442159806824"
[13] "Xi: 0.521984548777966" "Xi: 0.515985926883968" "Xi: 0.511938956254346"
[16] "Xi: 0.515041307040483" "Xi: 0.517942899947075" "Xi: 0.514271291186636"
[19] "Xi: 0.510586223227067" "Xi: 0.510239299923399"
Time difference of 4.968806 mins
[1] 1 1 1 1 1
[1] 1 1 1 1 1
saved RDS
inference successful
