[1] "Original length"
[1] 999892
[1] "Final length"
[1] 20110
[1] "sequence length : 999893" "sequence length : 999886"
[3] "sequence length : 999875" "sequence length : 999773"
[5] "sequence length : 999968"
[1] 1 1 1 1 1
[1] "Beta: 1"
[1] "Self: 0"
[1] "maxIt: 20"
[1] "It: 1"
 [1] "sigma:" "0"      "0"      "0"      "0"      "0"      "0"      "0"     
 [9] "0"      "0"      "0"      "0"      "0"      "0"      "0"      "0"     
[17] "0"      "0"      "0"      "0"      "0"      "0"      "0"      "0"     
[25] "0"      "0"      "0"      "0"      "0"      "0"      "0"      "0"     
[33] "0"      "0"      "0"      "0"      "0"      "0"      "0"      "0"     
[41] "0"      "beta :" "1"     
 [1] "sigma:" "0.9405" "0.9405" "0.9405" "0.9405" "0.9405" "0.9405" "0.9405"
 [9] "0.9405" "0.9405" "0.9405" "0.9405" "0.9405" "0.9405" "0.9405" "0.9405"
[17] "0.9405" "0.3465" "0.3465" "0.198"  "0.198"  "0.1485" "0.1485" "0.1485"
[25] "0.1485" "0.099"  "0.099"  "0"      "0"      "0"      "0"      "0"     
[33] "0"      "0"      "0"      "0"      "0"      "0"      "0"      "0.297" 
[41] "0.297"  "beta :" "1"     
[1] "New Likelihood:  -10095296.8015673"
iter:  0  f-value:  40000.79  pgrad:  0.5 
iter:  10  f-value:  40000.47  pgrad:  0.9996785 
iter:  20  f-value:  40000.35  pgrad:  0.9976685 
iter:  30  f-value:  40000.29  pgrad:  0.9973204 
iter:  40  f-value:  40000.17  pgrad:  0.9946372 
iter:  50  f-value:  39999.99  pgrad:  0.938275 
  Unsuccessful convergence.
Time difference of 2.014441 hours
[1] "maxIt: 20"
[1] "It: 2"
 [1] "sigma:"              "0.957897861788457"   "0.957897861788457"  
 [4] "0.948760220566879"   "0.948760220566879"   "0.952146984517013"  
 [7] "0.952146984517013"   "0.955699866051793"   "0.955699866051793"  
[10] "0.958164031681208"   "0.958164031681208"   "0.958255986984903"  
[13] "0.958255986984903"   "0.949313475462049"   "0.949313475462049"  
[16] "0.928848718952796"   "0.928848718952796"   "0.3374504535932"    
[19] "0.3374504535932"     "0.192069271637323"   "0.192069271637323"  
[22] "0.145427551686728"   "0.145427551686728"   "0.1511179676811"    
[25] "0.1511179676811"     "0.108480831000758"   "0.108480831000758"  
[28] "0.0143728523797342"  "0.0143728523797342"  "0.0170876266428329" 
[31] "0.0170876266428329"  "0.0159537424735345"  "0.0159537424735345" 
[34] "0.0119590687632143"  "0.0119590687632143"  "0.00614339321863085"
[37] "0.00614339321863085" "0.00141059927036399" "0.00141059927036399"
[40] "0.297017307821005"   "0.297017307821005"   "beta :"             
[43] "1"                  
 [1] "sigma:"              "0.957897861788457"   "0.957897861788457"  
 [4] "0.948760220566879"   "0.948760220566879"   "0.952146984517013"  
 [7] "0.952146984517013"   "0.955699866051793"   "0.955699866051793"  
[10] "0.958164031681208"   "0.958164031681208"   "0.958255986984903"  
[13] "0.958255986984903"   "0.949313475462049"   "0.949313475462049"  
[16] "0.978348718952796"   "0.978348718952796"   "0.1394504535932"    
[19] "0.1394504535932"     "0.241569271637323"   "0.241569271637323"  
[22] "0.145427551686728"   "0.145427551686728"   "0.2006179676811"    
[25] "0.2006179676811"     "0.207480831000758"   "0.207480831000758"  
[28] "0.0638728523797342"  "0.0638728523797342"  "0.0170876266428329" 
[31] "0.0170876266428329"  "0.0159537424735344"  "0.0159537424735344" 
[34] "0.0119590687632143"  "0.0119590687632143"  "0.00614339321863086"
[37] "0.00614339321863086" "0.00141059927036399" "0.00141059927036399"
[40] "0.396017307821005"   "0.396017307821005"   "beta :"             
[43] "1"                  
[1] " old Likelihood:  -10095296.8015673"
[1] "New Likelihood:  -10095075.9082125"
iter:  0  f-value:  39489.59  pgrad:  0.4997441 
iter:  10  f-value:  39489.43  pgrad:  0.9876854 
iter:  20  f-value:  39489.4  pgrad:  0.9869755 
iter:  30  f-value:  39489.36  pgrad:  0.9855917 
iter:  40  f-value:  39489.33  pgrad:  0.984621 
iter:  50  f-value:  39489.31  pgrad:  0.9861559 
  Unsuccessful convergence.
Time difference of 27.8642 mins
[1] "maxIt: 20"
[1] "It: 3"
 [1] "sigma:"              "0.964523160287227"   "0.964523160287227"  
 [4] "0.951883784718676"   "0.951883784718676"   "0.95655457916297"   
 [7] "0.95655457916297"    "0.961468582383771"   "0.961468582383771"  
[10] "0.964919935002932"   "0.964919935002932"   "0.965351722234025"  
[13] "0.965351722234025"   "0.953747224463226"   "0.953747224463226"  
[16] "0.976283825925208"   "0.976283825925208"   "0.138238654806436"  
[19] "0.138238654806436"   "0.239832761578746"   "0.239832761578746"  
[22] "0.143687375533811"   "0.143687375533811"   "0.200366855496318"  
[25] "0.200366855496318"   "0.210394332114195"   "0.210394332114195"  
[28] "0.0695456664778825"  "0.0695456664778825"  "0.0239411988138196" 
[31] "0.0239411988138196"  "0.022151942920696"   "0.022151942920696"  
[34] "0.0163829438467618"  "0.0163829438467618"  "0.00837499647447741"
[37] "0.00837499647447741" "0.00193408887368205" "0.00193408887368205"
[40] "0.396021148378372"   "0.396021148378372"   "beta :"             
[43] "1"                  
 [1] "sigma:"              "0.964523160287227"   "0.964523160287227"  
 [4] "0.951883784718676"   "0.951883784718676"   "0.95655457916297"   
 [7] "0.95655457916297"    "0.961468582383771"   "0.961468582383771"  
[10] "0.964919935002932"   "0.964919935002932"   "0.965351722234025"  
[13] "0.965351722234025"   "0.953747224463226"   "0.953747224463226"  
[16] "0.976283825925208"   "0.976283825925208"   "0.0887386548064361" 
[19] "0.0887386548064361"  "0.239832761578746"   "0.239832761578746"  
[22] "0.0941873755338109"  "0.0941873755338109"  "0.200366855496318"  
[25] "0.200366855496318"   "0.259894332114195"   "0.259894332114195"  
[28] "0.119045666477883"   "0.119045666477883"   "0.0239411988138196" 
[31] "0.0239411988138196"  "0.022151942920696"   "0.022151942920696"  
[34] "0.0163829438467618"  "0.0163829438467618"  "0.00837499647447741"
[37] "0.00837499647447741" "0.00193408887368205" "0.00193408887368205"
[40] "0.445521148378372"   "0.445521148378372"   "beta :"             
[43] "1"                  
[1] " old Likelihood:  -10095075.9082125"
[1] "New Likelihood:  -10095000.8703814"
iter:  0  f-value:  39308.23  pgrad:  0.4995843 
iter:  10  f-value:  39308.14  pgrad:  0.9832934 
iter:  20  f-value:  39308.1  pgrad:  0.975171 
iter:  30  f-value:  39308.05  pgrad:  0.9895307 
iter:  40  f-value:  39308.05  pgrad:  0.9716464 
iter:  50  f-value:  39308.01  pgrad:  0.981569 
  Unsuccessful convergence.
Time difference of 25.52549 mins
[1] "maxIt: 20"
[1] "It: 4"
 [1] "sigma:"              "0.975569750754642"   "0.975569750754642"  
 [4] "0.956938075577297"   "0.956938075577297"   "0.963708473569147"  
 [7] "0.963708473569147"   "0.970718337588644"   "0.970718337588644"  
[10] "0.975420632164735"   "0.975420632164735"   "0.976155602792991"  
[13] "0.976155602792991"   "0.959695301754909"   "0.959695301754909"  
[16] "0.971744078496443"   "0.971744078496443"   "0.0873538469584746" 
[19] "0.0873538469584746"  "0.238234910677013"   "0.238234910677013"  
[22] "0.0916301604895827"  "0.0916301604895827"  "0.199109499080753"  
[25] "0.199109499080753"   "0.263366157327575"   "0.263366157327575"  
[28] "0.127485814881249"   "0.127485814881249"   "0.0340850230772663" 
[31] "0.0340850230772663"  "0.0310571321874532"  "0.0310571321874532" 
[34] "0.0226527007313664"  "0.0226527007313664"  "0.0116982028558593" 
[37] "0.0116982028558593"  "0.00271994608041931" "0.00271994608041931"
[40] "0.445551757531813"   "0.445551757531813"   "beta :"             
[43] "1"                  
 [1] "sigma:"              "0.975569750754642"   "0.975569750754642"  
 [4] "0.956938075577297"   "0.956938075577297"   "0.963708473569147"  
 [7] "0.963708473569147"   "0.970718337588644"   "0.970718337588644"  
[10] "0.975420632164735"   "0.975420632164735"   "0.976155602792991"  
[13] "0.976155602792991"   "0.959695301754909"   "0.959695301754909"  
[16] "0.971744078496443"   "0.971744078496443"   "0.0378538469584746" 
[19] "0.0378538469584746"  "0.287734910677013"   "0.287734910677013"  
[22] "0.0421301604895827"  "0.0421301604895827"  "0.248609499080753"  
[25] "0.248609499080753"   "0.263366157327575"   "0.263366157327575"  
[28] "0.176985814881249"   "0.176985814881249"   "0.0340850230772663" 
[31] "0.0340850230772663"  "0.0310571321874532"  "0.0310571321874532" 
[34] "0.0226527007313665"  "0.0226527007313665"  "0.0116982028558593" 
[37] "0.0116982028558593"  "0.00271994608041931" "0.00271994608041931"
[40] "0.495051757531813"   "0.495051757531813"   "beta :"             
[43] "1"                  
[1] " old Likelihood:  -10095000.8703814"
[1] "New Likelihood:  -10094941.4712495"
iter:  0  f-value:  39046.99  pgrad:  0.5189514 
iter:  10  f-value:  39046.94  pgrad:  0.9769875 
iter:  20  f-value:  39046.91  pgrad:  0.9120413 
iter:  30  f-value:  39046.9  pgrad:  0.9659969 
iter:  40  f-value:  39046.89  pgrad:  0.9649159 
iter:  50  f-value:  39046.88  pgrad:  0.9599734 
  Unsuccessful convergence.
Time difference of 24.3178 mins
[1] "maxIt: 20"
[1] "It: 5"
 [1] "sigma:"              "0.980592129465522"   "0.980592129465522"  
 [4] "0.959224470323858"   "0.959224470323858"   "0.966957994228454"  
 [7] "0.966957994228454"   "0.974943404016025"   "0.974943404016025"  
[10] "0.980279535660846"   "0.980279535660846"   "0.981441091371698"  
[13] "0.981441091371698"   "0.962985850149171"   "0.962985850149171"  
[16] "0.97012130307039"    "0.97012130307039"    "0.037391298406607"  
[19] "0.037391298406607"   "0.28716365594179"    "0.28716365594179"   
[22] "0.0410798014702363"  "0.0410798014702363"  "0.247874092651004"  
[25] "0.247874092651004"   "0.264907980917465"   "0.264907980917465"  
[28] "0.181546422938069"   "0.181546422938069"   "0.0396379840436653" 
[31] "0.0396379840436653"  "0.0353557216336745"  "0.0353557216336745" 
[34] "0.0255695640000013"  "0.0255695640000013"  "0.0132116183906128" 
[37] "0.0132116183906128"  "0.00307701831258626" "0.00307701831258626"
[40] "0.495065886279628"   "0.495065886279628"   "beta :"             
[43] "1"                  
 [1] "sigma:"              "0.980592129465522"   "0.980592129465522"  
 [4] "0.959224470323858"   "0.959224470323858"   "0.966957994228454"  
 [7] "0.966957994228454"   "0.974943404016025"   "0.974943404016025"  
[10] "0.980279535660846"   "0.980279535660846"   "0.981441091371698"  
[13] "0.981441091371698"   "0.962985850149171"   "0.962985850149171"  
[16] "0.92062130307039"    "0.92062130307039"    "0.037391298406607"  
[19] "0.037391298406607"   "0.33666365594179"    "0.33666365594179"   
[22] "0.0410798014702363"  "0.0410798014702363"  "0.247874092651004"  
[25] "0.247874092651004"   "0.264907980917465"   "0.264907980917465"  
[28] "0.231046422938069"   "0.231046422938069"   "0.0891379840436653" 
[31] "0.0891379840436653"  "0.0353557216336745"  "0.0353557216336745" 
[34] "0.0255695640000013"  "0.0255695640000013"  "0.0132116183906128" 
[37] "0.0132116183906128"  "0.00307701831258626" "0.00307701831258626"
[40] "0.544565886279628"   "0.544565886279628"   "beta :"             
[43] "1"                  
[1] " old Likelihood:  -10094941.4712495"
[1] "New Likelihood:  -10094910.382707"
iter:  0  f-value:  38674.7  pgrad:  0.4993386 
iter:  10  f-value:  38674.63  pgrad:  0.9740404 
iter:  20  f-value:  38674.61  pgrad:  0.9624558 
iter:  30  f-value:  38674.6  pgrad:  0.9620704 
iter:  40  f-value:  38674.56  pgrad:  0.9277154 
iter:  50  f-value:  38674.56  pgrad:  0.9271063 
  Unsuccessful convergence.
Time difference of 24.30596 mins
[1] "maxIt: 20"
[1] "It: 6"
 [1] "sigma:"             "0.987512059875426"  "0.987512059875426" 
 [4] "0.962337124821532"  "0.962337124821532"  "0.97139919787548"  
 [7] "0.97139919787548"   "0.980696205541595"  "0.980696205541595" 
[10] "0.986854281246192"  "0.986854281246192"  "0.98892156400319"  
[13] "0.98892156400319"   "0.967679261424299"  "0.967679261424299" 
[16] "0.917827831078547"  "0.917827831078547"  "0.0363459992466991"
[19] "0.0363459992466991" "0.33493364382394"   "0.33493364382394"  
[22] "0.0392464245865157" "0.0392464245865157" "0.246536840334381" 
[25] "0.246536840334381"  "0.266938359866636"  "0.266938359866636" 
[28] "0.237934256643457"  "0.237934256643457"  "0.0976356690260232"
[31] "0.0976356690260232" "0.0424171821876197" "0.0424171821876197"
[34] "0.030207856422654"  "0.030207856422654"  "0.0155275838516373"
[37] "0.0155275838516373" "0.0036217950966136" "0.0036217950966136"
[40] "0.544598034234763"  "0.544598034234763"  "beta :"            
[43] "1"                 
 [1] "sigma:"             "0.987512059875426"  "0.987512059875426" 
 [4] "0.962337124821532"  "0.962337124821532"  "0.97139919787548"  
 [7] "0.97139919787548"   "0.980696205541595"  "0.980696205541595" 
[10] "0.986854281246192"  "0.986854281246192"  "0.98892156400319"  
[13] "0.98892156400319"   "0.967679261424299"  "0.967679261424299" 
[16] "0.868327831078547"  "0.868327831078547"  "0.0363459992466991"
[19] "0.0363459992466991" "0.33493364382394"   "0.33493364382394"  
[22] "0.0392464245865157" "0.0392464245865157" "0.246536840334381" 
[25] "0.246536840334381"  "0.266938359866636"  "0.266938359866636" 
[28] "0.237934256643457"  "0.237934256643457"  "0.147135669026023" 
[31] "0.147135669026023"  "0.0424171821876197" "0.0424171821876197"
[34] "0.030207856422654"  "0.030207856422654"  "0.0155275838516373"
[37] "0.0155275838516373" "0.0036217950966136" "0.0036217950966136"
[40] "0.544598034234763"  "0.544598034234763"  "beta :"            
[43] "1"                 
[1] " old Likelihood:  -10094910.382707"
[1] "New Likelihood:  -10094870.7443543"
iter:  0  f-value:  38515.26  pgrad:  0.4992295 
iter:  10  f-value:  38515.22  pgrad:  0.9569949 
iter:  20  f-value:  38515.21  pgrad:  0.9561229 
iter:  30  f-value:  38515.2  pgrad:  0.9548049 
iter:  40  f-value:  38515.19  pgrad:  0.9538579 
iter:  50  f-value:  38515.18  pgrad:  0.8450326 
  Unsuccessful convergence.
Time difference of 24.8145 mins
[1] "maxIt: 20"
[1] "It: 7"
 [1] "sigma:"              "0.99"                "0.99"               
 [4] "0.964284841476733"   "0.964284841476733"   "0.974184346330427"  
 [7] "0.974184346330427"   "0.984263457906106"   "0.984263457906106"  
[10] "0.99"                "0.99"                "0.99"               
[13] "0.99"                "0.971631606251869"   "0.971631606251869"  
[16] "0.867069641869962"   "0.867069641869962"   "0.0359282440094006" 
[19] "0.0359282440094006"  "0.334196402600914"   "0.334196402600914"  
[22] "0.0382106315184837"  "0.0382106315184837"  "0.245854401410255"  
[25] "0.245854401410255"   "0.268269850175347"   "0.268269850175347"  
[28] "0.242632947520071"   "0.242632947520071"   "0.15342466416389"   
[31] "0.15342466416389"    "0.047426967017255"   "0.047426967017255"  
[34] "0.0335020827635935"  "0.0335020827635935"  "0.0171746765735831" 
[37] "0.0171746765735831"  "0.00399594777528388" "0.00399594777528388"
[40] "0.544610742048567"   "0.544610742048567"   "beta :"             
[43] "1"                  
 [1] "sigma:"              "0.99"                "0.99"               
 [4] "0.964284841476733"   "0.964284841476733"   "0.974184346330427"  
 [7] "0.974184346330427"   "0.984263457906106"   "0.984263457906106"  
[10] "0.99"                "0.99"                "0.99"               
[13] "0.99"                "0.971631606251869"   "0.971631606251869"  
[16] "0.817569641869963"   "0.817569641869963"   "0.0359282440094006" 
[19] "0.0359282440094006"  "0.334196402600914"   "0.334196402600914"  
[22] "0.0382106315184837"  "0.0382106315184837"  "0.245854401410255"  
[25] "0.245854401410255"   "0.268269850175347"   "0.268269850175347"  
[28] "0.292132947520071"   "0.292132947520071"   "0.15342466416389"   
[31] "0.15342466416389"    "0.047426967017255"   "0.047426967017255"  
[34] "0.0335020827635934"  "0.0335020827635934"  "0.0171746765735831" 
[37] "0.0171746765735831"  "0.00399594777528388" "0.00399594777528388"
[40] "0.594110742048567"   "0.594110742048567"   "beta :"             
[43] "1"                  
[1] " old Likelihood:  -10094870.7443543"
[1] "New Likelihood:  -10094850.5295285"
iter:  0  f-value:  38354.07  pgrad:  0.4991548 
iter:  10  f-value:  38354.04  pgrad:  0.9519025 
iter:  20  f-value:  38354.03  pgrad:  0.9508434 
iter:  30  f-value:  38354.03  pgrad:  0.9505055 
iter:  40  f-value:  38354.02  pgrad:  0.9498364 
iter:  50  f-value:  38354  pgrad:  0.5001493 
  Unsuccessful convergence.
Time difference of 24.79909 mins
[1] "maxIt: 20"
[1] "It: 8"
 [1] "sigma:"              "0.99"                "0.99"               
 [4] "0.966839552838299"   "0.966839552838299"   "0.977865293541535"  
 [7] "0.977865293541535"   "0.989037196097257"   "0.989037196097257"  
[10] "0.99"                "0.99"                "0.99"               
[13] "0.99"                "0.977922315885479"   "0.977922315885479"  
[16] "0.81675124121843"    "0.81675124121843"    "0.0355527750883947" 
[19] "0.0355527750883947"  "0.333279467172449"   "0.333279467172449"  
[22] "0.0369805447423389"  "0.0369805447423389"  "0.245026231940951"  
[25] "0.245026231940951"   "0.270023931523217"   "0.270023931523217"  
[28] "0.298835275198989"   "0.298835275198989"   "0.162034036952871"  
[31] "0.162034036952871"   "0.0540582810149775"  "0.0540582810149775" 
[34] "0.0376663872286941"  "0.0376663872286941"  "0.0192396838909221" 
[37] "0.0192396838909221"  "0.00447306847309321" "0.00447306847309321"
[40] "0.594137980460544"   "0.594137980460544"   "beta :"             
[43] "1"                  
 [1] "sigma:"              "0.99"                "0.99"               
 [4] "0.966839552838299"   "0.966839552838299"   "0.977865293541535"  
 [7] "0.977865293541535"   "0.989037196097257"   "0.989037196097257"  
[10] "0.99"                "0.99"                "0.99"               
[13] "0.99"                "0.977922315885479"   "0.977922315885479"  
[16] "0.81675124121843"    "0.81675124121843"    "0.0355527750883947" 
[19] "0.0355527750883947"  "0.333279467172449"   "0.333279467172449"  
[22] "0.0369805447423389"  "0.0369805447423389"  "0.245026231940951"  
[25] "0.245026231940951"   "0.270023931523217"   "0.270023931523217"  
[28] "0.298835275198989"   "0.298835275198989"   "0.211534036952871"  
[31] "0.211534036952871"   "0.0540582810149775"  "0.0540582810149775" 
[34] "0.0376663872286941"  "0.0376663872286941"  "0.0192396838909221" 
[37] "0.0192396838909221"  "0.00447306847309321" "0.00447306847309321"
[40] "0.594137980460544"   "0.594137980460544"   "beta :"             
[43] "1"                  
[1] " old Likelihood:  -10094850.5295285"
[1] "New Likelihood:  -10094829.6348002"
iter:  0  f-value:  38108.06  pgrad:  0.5143547 
iter:  10  f-value:  38108.03  pgrad:  0.9452626 
iter:  20  f-value:  38108.02  pgrad:  0.841319 
iter:  30  f-value:  38108.01  pgrad:  0.8117786 
iter:  40  f-value:  38108  pgrad:  0.5111461 
iter:  50  f-value:  38108  pgrad:  0.4717731 
  Unsuccessful convergence.
Time difference of 24.78546 mins
[1] "maxIt: 20"
[1] "It: 9"
 [1] "sigma:"              "0.99"                "0.99"               
 [4] "0.968892042357121"   "0.968892042357121"   "0.980802106520566"  
 [7] "0.980802106520566"   "0.99"                "0.99"               
[10] "0.99"                "0.99"                "0.99"               
[13] "0.99"                "0.983667510632348"   "0.983667510632348"  
[16] "0.8155264079944"     "0.8155264079944"     "0.0350544348032224" 
[19] "0.0350544348032224"  "0.332231212241941"   "0.332231212241941"  
[22] "0.0356270800219412"  "0.0356270800219412"  "0.243861947756356"  
[25] "0.243861947756356"   "0.270796257683359"   "0.270796257683359"  
[28] "0.304314319094577"   "0.304314319094577"   "0.219700122777752"  
[31] "0.219700122777752"   "0.0601584396095636"  "0.0601584396095636" 
[34] "0.0415650805691629"  "0.0415650805691629"  "0.02124209512277"   
[37] "0.02124209512277"    "0.00493356386847828" "0.00493356386847828"
[40] "0.594154830000036"   "0.594154830000036"   "beta :"             
[43] "1"                  
 [1] "sigma:"              "0.99"                "0.99"               
 [4] "0.968892042357121"   "0.968892042357121"   "0.980802106520566"  
 [7] "0.980802106520566"   "0.99"                "0.99"               
[10] "0.99"                "0.99"                "0.99"               
[13] "0.99"                "0.983667510632348"   "0.983667510632348"  
[16] "0.7660264079944"     "0.7660264079944"     "0.0350544348032224" 
[19] "0.0350544348032224"  "0.332231212241941"   "0.332231212241941"  
[22] "0.0356270800219411"  "0.0356270800219411"  "0.293361947756356"  
[25] "0.293361947756356"   "0.270796257683359"   "0.270796257683359"  
[28] "0.304314319094577"   "0.304314319094577"   "0.219700122777752"  
[31] "0.219700122777752"   "0.0601584396095636"  "0.0601584396095636" 
[34] "0.0415650805691629"  "0.0415650805691629"  "0.02124209512277"   
[37] "0.02124209512277"    "0.00493356386847828" "0.00493356386847828"
[40] "0.643654830000036"   "0.643654830000036"   "beta :"             
[43] "1"                  
[1] " old Likelihood:  -10094829.6348002"
[1] "New Likelihood:  -10094814.9743054"
iter:  0  f-value:  38009.27  pgrad:  0.499023 
iter:  10  f-value:  38009.26  pgrad:  0.938756 
iter:  20  f-value:  38009.25  pgrad:  0.8063216 
iter:  30  f-value:  38009.25  pgrad:  0.784421 
iter:  40  f-value:  38009.24  pgrad:  0.5043302 
iter:  50  f-value:  38009.24  pgrad:  0.4649337 
  Unsuccessful convergence.
Time difference of 25.37867 mins
[1] "maxIt: 20"
[1] "It: 10"
 [1] "sigma:"              "0.99"                "0.99"               
 [4] "0.970314929431325"   "0.970314929431325"   "0.982839099343429"  
 [7] "0.982839099343429"   "0.99"                "0.99"               
[10] "0.99"                "0.99"                "0.99"               
[13] "0.99"                "0.988292316361823"   "0.988292316361823"  
[16] "0.765461697061596"   "0.765461697061596"   "0.0346081613926814" 
[19] "0.0346081613926814"  "0.331057502505558"   "0.331057502505558"  
[22] "0.0343356096661821"  "0.0343356096661821"  "0.292246824025653"  
[25] "0.292246824025653"   "0.271758185631526"   "0.271758185631526"  
[28] "0.309140866656468"   "0.309140866656468"   "0.226459975976399"  
[31] "0.226459975976399"   "0.0647546852788679"  "0.0647546852788679" 
[34] "0.0443158696911882"  "0.0443158696911882"  "0.022738768448419"  
[37] "0.022738768448419"   "0.00528307742406002" "0.00528307742406002"
[40] "0.643680759885412"   "0.643680759885412"   "beta :"             
[43] "1"                  
 [1] "sigma:"              "0.99"                "0.99"               
 [4] "0.970314929431325"   "0.970314929431325"   "0.982839099343429"  
 [7] "0.982839099343429"   "0.99"                "0.99"               
[10] "0.99"                "0.99"                "0.99"               
[13] "0.99"                "0.988292316361823"   "0.988292316361823"  
[16] "0.765461697061596"   "0.765461697061596"   "0.0346081613926814" 
[19] "0.0346081613926814"  "0.281557502505558"   "0.281557502505558"  
[22] "0.0343356096661821"  "0.0343356096661821"  "0.292246824025653"  
[25] "0.292246824025653"   "0.271758185631526"   "0.271758185631526"  
[28] "0.358640866656468"   "0.358640866656468"   "0.226459975976399"  
[31] "0.226459975976399"   "0.0647546852788679"  "0.0647546852788679" 
[34] "0.0443158696911882"  "0.0443158696911882"  "0.022738768448419"  
[37] "0.022738768448419"   "0.00528307742406002" "0.00528307742406002"
[40] "0.643680759885412"   "0.643680759885412"   "beta :"             
[43] "1"                  
[1] " old Likelihood:  -10094814.9743054"
[1] "New Likelihood:  -10094806.5332521"
iter:  0  f-value:  37818.68  pgrad:  0.5125285 
iter:  10  f-value:  37818.67  pgrad:  0.9341812 
iter:  20  f-value:  37818.66  pgrad:  0.7682559 
iter:  30  f-value:  37818.66  pgrad:  0.7680541 
iter:  40  f-value:  37818.65  pgrad:  0.7670175 
iter:  50  f-value:  37818.65  pgrad:  0.766429 
  Unsuccessful convergence.
Time difference of 25.46192 mins
[1] "maxIt: 20"
[1] "It: 11"
 [1] "sigma:"              "0.99"                "0.99"               
 [4] "0.971117753934381"   "0.971117753934381"   "0.983980266773793"  
 [7] "0.983980266773793"   "0.99"                "0.99"               
[10] "0.99"                "0.99"                "0.99"               
[13] "0.99"                "0.99"                "0.99"               
[16] "0.765384607063208"   "0.765384607063208"   "0.0346025616831451" 
[19] "0.0346025616831451"  "0.281231673554681"   "0.281231673554681"  
[22] "0.0335342217941241"  "0.0335342217941241"  "0.291254532402391"  
[25] "0.291254532402391"   "0.271983952441549"   "0.271983952441549"  
[28] "0.361820905897105"   "0.361820905897105"   "0.231241821079101"  
[31] "0.231241821079101"   "0.0681796751720137"  "0.0681796751720137" 
[34] "0.0463401335032824"  "0.0463401335032824"  "0.0238103226604354" 
[37] "0.0238103226604354"  "0.00549760350054331" "0.00549760350054331"
[40] "0.643693930784855"   "0.643693930784855"   "beta :"             
[43] "1"                  
 [1] "sigma:"              "0.99"                "0.99"               
 [4] "0.971117753934381"   "0.971117753934381"   "0.983980266773793"  
 [7] "0.983980266773793"   "0.99"                "0.99"               
[10] "0.99"                "0.99"                "0.99"               
[13] "0.99"                "0.99"                "0.99"               
[16] "0.765384607063208"   "0.765384607063208"   "0.0346025616831451" 
[19] "0.0346025616831451"  "0.281231673554681"   "0.281231673554681"  
[22] "0.0335342217941241"  "0.0335342217941241"  "0.291254532402391"  
[25] "0.291254532402391"   "0.271983952441549"   "0.271983952441549"  
[28] "0.361820905897105"   "0.361820905897105"   "0.280741821079101"  
[31] "0.280741821079101"   "0.0681796751720137"  "0.0681796751720137" 
[34] "0.0463401335032824"  "0.0463401335032824"  "0.0238103226604354" 
[37] "0.0238103226604354"  "0.00549760350054331" "0.00549760350054331"
[40] "0.643693930784855"   "0.643693930784855"   "beta :"             
[43] "1"                  
[1] " old Likelihood:  -10094806.5332521"
[1] "New Likelihood:  -10094796.3228567"
iter:  0  f-value:  37575.24  pgrad:  0.5109769 
iter:  10  f-value:  37575.22  pgrad:  0.9310305 
iter:  20  f-value:  37575.21  pgrad:  0.9196083 
iter:  30  f-value:  37575.21  pgrad:  0.7129379 
iter:  40  f-value:  37575.21  pgrad:  0.712551 
iter:  50  f-value:  37575.2  pgrad:  0.6460323 
  Unsuccessful convergence.
Time difference of 24.8251 mins
[1] "maxIt: 20"
[1] "It: 12"
 [1] "sigma:"              "0.99"                "0.99"               
 [4] "0.972074619104593"   "0.972074619104593"   "0.985344052241171"  
 [7] "0.985344052241171"   "0.99"                "0.99"               
[10] "0.99"                "0.99"                "0.99"               
[13] "0.99"                "0.99"                "0.99"               
[16] "0.765279159790907"   "0.765279159790907"   "0.0344948352820749" 
[19] "0.0344948352820749"  "0.280736234631597"   "0.280736234631597"  
[22] "0.0325277290105063"  "0.0325277290105063"  "0.289982621611306"  
[25] "0.289982621611306"   "0.27196192141489"    "0.27196192141489"   
[28] "0.365393175834098"   "0.365393175834098"   "0.286723732319024"  
[31] "0.286723732319024"   "0.0723245059863886"  "0.0723245059863886" 
[34] "0.0488692277791988"  "0.0488692277791988"  "0.0251373621199615" 
[37] "0.0251373621199615"  "0.00576859644059687" "0.00576859644059687"
[40] "0.643709097994435"   "0.643709097994435"   "beta :"             
[43] "1"                  
 [1] "sigma:"              "0.99"                "0.99"               
 [4] "0.972074619104593"   "0.972074619104593"   "0.985344052241171"  
 [7] "0.985344052241171"   "0.99"                "0.99"               
[10] "0.99"                "0.99"                "0.99"               
[13] "0.99"                "0.99"                "0.99"               
[16] "0.765279159790907"   "0.765279159790907"   "0.0344948352820749" 
[19] "0.0344948352820749"  "0.280736234631597"   "0.280736234631597"  
[22] "0.0325277290105063"  "0.0325277290105063"  "0.289982621611306"  
[25] "0.289982621611306"   "0.27196192141489"    "0.27196192141489"   
[28] "0.365393175834098"   "0.365393175834098"   "0.286723732319024"  
[31] "0.286723732319024"   "0.121824505986389"   "0.121824505986389"  
[34] "0.0488692277791988"  "0.0488692277791988"  "0.0251373621199615" 
[37] "0.0251373621199615"  "0.00576859644059687" "0.00576859644059687"
[40] "0.643709097994435"   "0.643709097994435"   "beta :"             
[43] "1"                  
[1] " old Likelihood:  -10094796.3228567"
[1] "New Likelihood:  -10094785.447362"
iter:  0  f-value:  37360.57  pgrad:  0.5135693 
iter:  10  f-value:  37360.54  pgrad:  0.8768675 
iter:  20  f-value:  37360.54  pgrad:  0.8760752 
iter:  30  f-value:  37360.54  pgrad:  0.8756698 
iter:  40  f-value:  37360.54  pgrad:  0.8675124 
iter:  50  f-value:  37360.53  pgrad:  0.7065837 
  Unsuccessful convergence.
Time difference of 24.82715 mins
[1] "maxIt: 20"
[1] "It: 13"
 [1] "sigma:"              "0.99"                "0.99"               
 [4] "0.972610093853661"   "0.972610093853661"   "0.986104101514104"  
 [7] "0.986104101514104"   "0.99"                "0.99"               
[10] "0.99"                "0.99"                "0.99"               
[13] "0.99"                "0.99"                "0.99"               
[16] "0.765214771052322"   "0.765214771052322"   "0.0344305085528836" 
[19] "0.0344305085528836"  "0.280542042006234"   "0.280542042006234"  
[22] "0.0321106529740758"  "0.0321106529740758"  "0.289585970090089"  
[25] "0.289585970090089"   "0.272032258743903"   "0.272032258743903"  
[28] "0.367532604026757"   "0.367532604026757"   "0.290490299743915"  
[31] "0.290490299743915"   "0.124804476795429"   "0.124804476795429"  
[34] "0.0506629438771528"  "0.0506629438771528"  "0.0260503230602477" 
[37] "0.0260503230602477"  "0.00596789635600958" "0.00596789635600958"
[40] "0.643721973447306"   "0.643721973447306"   "beta :"             
[43] "1"                  
 [1] "sigma:"              "0.99"                "0.99"               
 [4] "0.972610093853661"   "0.972610093853661"   "0.986104101514104"  
 [7] "0.986104101514104"   "0.99"                "0.99"               
[10] "0.99"                "0.99"                "0.99"               
[13] "0.99"                "0.99"                "0.99"               
[16] "0.765214771052322"   "0.765214771052322"   "0.0344305085528836" 
[19] "0.0344305085528836"  "0.280542042006234"   "0.280542042006234"  
[22] "0.0321106529740758"  "0.0321106529740758"  "0.289585970090089"  
[25] "0.289585970090089"   "0.272032258743903"   "0.272032258743903"  
[28] "0.367532604026757"   "0.367532604026757"   "0.290490299743915"  
[31] "0.290490299743915"   "0.124804476795429"   "0.124804476795429"  
[34] "0.0506629438771528"  "0.0506629438771528"  "0.0260503230602477" 
[37] "0.0260503230602477"  "0.00596789635600958" "0.00596789635600958"
[40] "0.643721973447306"   "0.643721973447306"   "beta :"             
[43] "1"                  
[1] " old Likelihood:  -10094785.447362"
[1] "New Likelihood:  -10094776.6291243"
iter:  0  f-value:  37365.62  pgrad:  0.5133525 
iter:  10  f-value:  37365.61  pgrad:  0.8565257 
iter:  20  f-value:  37365.61  pgrad:  0.708169 
iter:  30  f-value:  37365.61  pgrad:  0.7046975 
iter:  40  f-value:  37365.61  pgrad:  0.7042734 
iter:  50  f-value:  37365.61  pgrad:  0.7038586 
  Unsuccessful convergence.
Time difference of 25.36754 mins
[1] "maxIt: 20"
[1] "It: 14"
 [1] "sigma:"             "0.99"               "0.99"              
 [4] "0.973021816825258"  "0.973021816825258"  "0.986686404349256" 
 [7] "0.986686404349256"  "0.99"               "0.99"              
[10] "0.99"               "0.99"               "0.99"              
[13] "0.99"               "0.99"               "0.99"              
[16] "0.765106760078477"  "0.765106760078477"  "0.0343333087521131"
[19] "0.0343333087521131" "0.280329558697561"  "0.280329558697561" 
[22] "0.0318045026338252" "0.0318045026338252" "0.289410139738548" 
[25] "0.289410139738548"  "0.272223143735507"  "0.272223143735507" 
[28] "0.369064345267772"  "0.369064345267772"  "0.29318544935094"  
[31] "0.29318544935094"   "0.126786268109649"  "0.126786268109649" 
[34] "0.0518894107737754" "0.0518894107737754" "0.0267928714711558"
[37] "0.0267928714711558" "0.0060967010428429" "0.0060967010428429"
[40] "0.643727484824841"  "0.643727484824841"  "beta :"            
[43] "1"                 
 [1] "sigma:"              "0.99"                "0.99"               
 [4] "0.973021816825258"   "0.973021816825258"   "0.986686404349256"  
 [7] "0.986686404349256"   "0.99"                "0.99"               
[10] "0.99"                "0.99"                "0.99"               
[13] "0.99"                "0.99"                "0.99"               
[16] "0.765106760078477"   "0.765106760078477"   "0.0343333087521131" 
[19] "0.0343333087521131"  "0.230829558697561"   "0.230829558697561"  
[22] "0.0318045026338252"  "0.0318045026338252"  "0.338910139738548"  
[25] "0.338910139738548"   "0.272223143735507"   "0.272223143735507"  
[28] "0.369064345267772"   "0.369064345267772"   "0.29318544935094"   
[31] "0.29318544935094"    "0.126786268109649"   "0.126786268109649"  
[34] "0.0518894107737754"  "0.0518894107737754"  "0.0762928714711558" 
[37] "0.0762928714711558"  "0.00609670104284289" "0.00609670104284289"
[40] "0.544727484824841"   "0.544727484824841"   "beta :"             
[43] "1"                  
[1] " old Likelihood:  -10094776.6291243"
[1] "New Likelihood:  -10094771.4874453"
iter:  0  f-value:  37194.84  pgrad:  0.5083364 
iter:  10  f-value:  37194.83  pgrad:  0.8717298 
iter:  20  f-value:  37194.83  pgrad:  0.733271 
iter:  30  f-value:  37194.83  pgrad:  0.7012162 
iter:  40  f-value:  37194.83  pgrad:  0.7004098 
iter:  50  f-value:  37194.82  pgrad:  0.5076194 
  Unsuccessful convergence.
Time difference of 27.81571 mins
[1] "maxIt: 20"
[1] "It: 15"
 [1] "sigma:"              "0.99"                "0.99"               
 [4] "0.973759535067442"   "0.973759535067442"   "0.987736027889037"  
 [7] "0.987736027889037"   "0.99"                "0.99"               
[10] "0.99"                "0.99"                "0.99"               
[13] "0.99"                "0.99"                "0.99"               
[16] "0.764843438409943"   "0.764843438409943"   "0.0340868948859428" 
[19] "0.0340868948859428"  "0.230120127095863"   "0.230120127095863"  
[22] "0.0306454918568868"  "0.0306454918568868"  "0.337440953286169"  
[25] "0.337440953286169"   "0.272053820749863"   "0.272053820749863"  
[28] "0.371952162337497"   "0.371952162337497"   "0.29819465341222"   
[31] "0.29819465341222"    "0.130370806791184"   "0.130370806791184"  
[34] "0.0541389810021358"  "0.0541389810021358"  "0.0776833583637321" 
[37] "0.0776833583637321"  "0.00642386353199653" "0.00642386353199653"
[40] "0.544736609601834"   "0.544736609601834"   "beta :"             
[43] "1"                  
 [1] "sigma:"              "0.99"                "0.99"               
 [4] "0.973759535067442"   "0.973759535067442"   "0.987736027889037"  
 [7] "0.987736027889037"   "0.99"                "0.99"               
[10] "0.99"                "0.99"                "0.99"               
[13] "0.99"                "0.99"                "0.99"               
[16] "0.764843438409943"   "0.764843438409943"   "0.0340868948859428" 
[19] "0.0340868948859428"  "0.180620127095863"   "0.180620127095863"  
[22] "0.0306454918568868"  "0.0306454918568868"  "0.337440953286169"  
[25] "0.337440953286169"   "0.272053820749863"   "0.272053820749863"  
[28] "0.371952162337497"   "0.371952162337497"   "0.34769465341222"   
[31] "0.34769465341222"    "0.130370806791184"   "0.130370806791184"  
[34] "0.0541389810021357"  "0.0541389810021357"  "0.0776833583637321" 
[37] "0.0776833583637321"  "0.00642386353199653" "0.00642386353199653"
[40] "0.594236609601834"   "0.594236609601834"   "beta :"             
[43] "1"                  
[1] " old Likelihood:  -10094771.4874453"
[1] "New Likelihood:  -10094764.7999823"
iter:  0  f-value:  36970.61  pgrad:  0.5129232 
iter:  10  f-value:  36970.59  pgrad:  0.8682369 
iter:  20  f-value:  36970.58  pgrad:  0.8672091 
iter:  30  f-value:  36970.58  pgrad:  0.8460484 
iter:  40  f-value:  36970.58  pgrad:  0.8051575 
iter:  50  f-value:  36970.58  pgrad:  0.6447829 
  Unsuccessful convergence.
Time difference of 26.5414 mins
[1] "maxIt: 20"
[1] "It: 16"
 [1] "sigma:"              "0.99"                "0.99"               
 [4] "0.974215594403994"   "0.974215594403994"   "0.988382077295588"  
 [7] "0.988382077295588"   "0.99"                "0.99"               
[10] "0.99"                "0.99"                "0.99"               
[13] "0.99"                "0.99"                "0.99"               
[16] "0.7648789381185"     "0.7648789381185"     "0.0341299491954764" 
[19] "0.0341299491954764"  "0.180502356097565"   "0.180502356097565"  
[22] "0.0300298625935288"  "0.0300298625935288"  "0.336551192312022"  
[25] "0.336551192312022"   "0.271844065694842"   "0.271844065694842"  
[28] "0.373909247311081"   "0.373909247311081"   "0.351664942395835"  
[31] "0.351664942395835"   "0.133383905083917"   "0.133383905083917"  
[34] "0.0560578894761141"  "0.0560578894761141"  "0.0787493038737782" 
[37] "0.0787493038737782"  "0.00667614795501753" "0.00667614795501753"
[40] "0.594254381164737"   "0.594254381164737"   "beta :"             
[43] "1"                  
 [1] "sigma:"              "0.99"                "0.99"               
 [4] "0.974215594403994"   "0.974215594403994"   "0.988382077295588"  
 [7] "0.988382077295588"   "0.99"                "0.99"               
[10] "0.99"                "0.99"                "0.99"               
[13] "0.99"                "0.99"                "0.99"               
[16] "0.7648789381185"     "0.7648789381185"     "0.0341299491954764" 
[19] "0.0341299491954764"  "0.180502356097565"   "0.180502356097565"  
[22] "0.0300298625935288"  "0.0300298625935288"  "0.336551192312022"  
[25] "0.336551192312022"   "0.271844065694842"   "0.271844065694842"  
[28] "0.373909247311081"   "0.373909247311081"   "0.351664942395835"  
[31] "0.351664942395835"   "0.133383905083917"   "0.133383905083917"  
[34] "0.0560578894761141"  "0.0560578894761141"  "0.0787493038737782" 
[37] "0.0787493038737782"  "0.00667614795501753" "0.00667614795501753"
[40] "0.594254381164737"   "0.594254381164737"   "beta :"             
[43] "1"                  
[1] " old Likelihood:  -10094764.7999823"
[1] "New Likelihood:  -10094755.9701364"
iter:  0  f-value:  36976.43  pgrad:  0.5128821 
iter:  10  f-value:  36976.42  pgrad:  0.8306961 
iter:  20  f-value:  36976.42  pgrad:  0.7127528 
iter:  30  f-value:  36976.42  pgrad:  0.6426808 
iter:  40  f-value:  36976.42  pgrad:  0.5918264 
iter:  50  f-value:  36976.42  pgrad:  0.5510083 
  Unsuccessful convergence.
Time difference of 25.93552 mins
[1] "maxIt: 20"
[1] "It: 17"
 [1] "sigma:"              "0.99"                "0.99"               
 [4] "0.974691375502089"   "0.974691375502089"   "0.989061719880738"  
 [7] "0.989061719880738"   "0.99"                "0.99"               
[10] "0.99"                "0.99"                "0.99"               
[13] "0.99"                "0.99"                "0.99"               
[16] "0.764857734087992"   "0.764857734087992"   "0.0340788106931903" 
[19] "0.0340788106931903"  "0.180268263282373"   "0.180268263282373"  
[22] "0.0293886452795978"  "0.0293886452795978"  "0.335687122718805"  
[25] "0.335687122718805"   "0.271655109578958"   "0.271655109578958"  
[28] "0.375668601969643"   "0.375668601969643"   "0.355229033081997"  
[31] "0.355229033081997"   "0.135885193231986"   "0.135885193231986"  
[34] "0.0576201719806404"  "0.0576201719806404"  "0.0797421700852426" 
[37] "0.0797421700852426"  "0.00690137993359955" "0.00690137993359955"
[40] "0.594265357628943"   "0.594265357628943"   "beta :"             
[43] "1"                  
 [1] "sigma:"              "0.99"                "0.99"               
 [4] "0.974691375502089"   "0.974691375502089"   "0.989061719880738"  
 [7] "0.989061719880738"   "0.99"                "0.99"               
[10] "0.99"                "0.99"                "0.99"               
[13] "0.99"                "0.99"                "0.99"               
[16] "0.764857734087992"   "0.764857734087992"   "0.0340788106931903" 
[19] "0.0340788106931903"  "0.130768263282373"   "0.130768263282373"  
[22] "0.0293886452795978"  "0.0293886452795978"  "0.335687122718805"  
[25] "0.335687122718805"   "0.271655109578958"   "0.271655109578958"  
[28] "0.375668601969643"   "0.375668601969643"   "0.355229033081997"  
[31] "0.355229033081997"   "0.135885193231986"   "0.135885193231986"  
[34] "0.0576201719806404"  "0.0576201719806404"  "0.0797421700852426" 
[37] "0.0797421700852426"  "0.00690137993359955" "0.00690137993359955"
[40] "0.594265357628943"   "0.594265357628943"   "beta :"             
[43] "1"                  
[1] " old Likelihood:  -10094755.9701364"
[1] "New Likelihood:  -10094752.2858421"
iter:  0  f-value:  37009.45  pgrad:  0.5127883 
iter:  10  f-value:  37009.45  pgrad:  0.6709161 
iter:  20  f-value:  37009.45  pgrad:  0.6404178 
iter:  30  f-value:  37009.45  pgrad:  0.6397369 
iter:  40  f-value:  37009.44  pgrad:  0.639387 
iter:  50  f-value:  37009.44  pgrad:  0.2945308 
  Unsuccessful convergence.
Time difference of 26.53219 mins
[1] "maxIt: 20"
[1] "It: 18"
 [1] "sigma:"              "0.99"                "0.99"               
 [4] "0.975312258053881"   "0.975312258053881"   "0.989954836148711"  
 [7] "0.989954836148711"   "0.99"                "0.99"               
[10] "0.99"                "0.99"                "0.99"               
[13] "0.99"                "0.99"                "0.99"               
[16] "0.765153250849577"   "0.765153250849577"   "0.0342341133732808" 
[19] "0.0342341133732808"  "0.130761592248642"   "0.130761592248642"  
[22] "0.0287357990014928"  "0.0287357990014928"  "0.334682956034436"  
[25] "0.334682956034436"   "0.271389981182597"   "0.271389981182597"  
[28] "0.377751615250169"   "0.377751615250169"   "0.359342934666688"  
[31] "0.359342934666688"   "0.138705766098883"   "0.138705766098883"  
[34] "0.059360370107882"   "0.059360370107882"   "0.0809292625467325" 
[37] "0.0809292625467325"  "0.00716915755817036" "0.00716915755817036"
[40] "0.594273796841654"   "0.594273796841654"   "beta :"             
[43] "1"                  
 [1] "sigma:"              "0.99"                "0.99"               
 [4] "0.975312258053881"   "0.975312258053881"   "0.989954836148711"  
 [7] "0.989954836148711"   "0.99"                "0.99"               
[10] "0.99"                "0.99"                "0.99"               
[13] "0.99"                "0.99"                "0.99"               
[16] "0.765153250849577"   "0.765153250849577"   "0.0342341133732808" 
[19] "0.0342341133732808"  "0.130761592248642"   "0.130761592248642"  
[22] "0.0287357990014928"  "0.0287357990014928"  "0.334682956034436"  
[25] "0.334682956034436"   "0.271389981182597"   "0.271389981182597"  
[28] "0.377751615250169"   "0.377751615250169"   "0.408842934666688"  
[31] "0.408842934666688"   "0.138705766098883"   "0.138705766098883"  
[34] "0.059360370107882"   "0.059360370107882"   "0.0809292625467325" 
[37] "0.0809292625467325"  "0.00716915755817036" "0.00716915755817036"
[40] "0.594273796841654"   "0.594273796841654"   "beta :"             
[43] "1"                  
[1] " old Likelihood:  -10094752.2858421"
[1] "New Likelihood:  -10094747.8243027"
iter:  0  f-value:  36714.62  pgrad:  0.5118519 
iter:  10  f-value:  36714.6  pgrad:  0.8598297 
iter:  20  f-value:  36714.6  pgrad:  0.8591758 
iter:  30  f-value:  36714.6  pgrad:  0.6319169 
iter:  40  f-value:  36714.6  pgrad:  0.5835781 
iter:  50  f-value:  36714.59  pgrad:  0.5832237 
  Unsuccessful convergence.
Time difference of 25.77428 mins
[1] "maxIt: 20"
[1] "It: 19"
 [1] "sigma:"              "0.99"                "0.99"               
 [4] "0.975689346912222"   "0.975689346912222"   "0.99"               
 [7] "0.99"                "0.99"                "0.99"               
[10] "0.99"                "0.99"                "0.99"               
[13] "0.99"                "0.99"                "0.99"               
[16] "0.765168084739634"   "0.765168084739634"   "0.034163610025887"  
[19] "0.034163610025887"   "0.130546304188174"   "0.130546304188174"  
[22] "0.0280795709544913"  "0.0280795709544913"  "0.333775494433496"  
[25] "0.333775494433496"   "0.271055456614377"   "0.271055456614377"  
[28] "0.379418546152238"   "0.379418546152238"   "0.412749700907215"  
[31] "0.412749700907215"   "0.141445491216024"   "0.141445491216024"  
[34] "0.0610049044899896"  "0.0610049044899896"  "0.0819425512339477" 
[37] "0.0819425512339477"  "0.00736591579205525" "0.00736591579205525"
[40] "0.594279982926072"   "0.594279982926072"   "beta :"             
[43] "1"                  
 [1] "sigma:"              "0.99"                "0.99"               
 [4] "0.975689346912222"   "0.975689346912222"   "0.99"               
 [7] "0.99"                "0.99"                "0.99"               
[10] "0.99"                "0.99"                "0.99"               
[13] "0.99"                "0.99"                "0.99"               
[16] "0.765168084739634"   "0.765168084739634"   "0.034163610025887"  
[19] "0.034163610025887"   "0.130546304188174"   "0.130546304188174"  
[22] "0.0280795709544913"  "0.0280795709544913"  "0.333775494433496"  
[25] "0.333775494433496"   "0.271055456614377"   "0.271055456614377"  
[28] "0.379418546152238"   "0.379418546152238"   "0.412749700907215"  
[31] "0.412749700907215"   "0.141445491216024"   "0.141445491216024"  
[34] "0.0610049044899896"  "0.0610049044899896"  "0.0819425512339477" 
[37] "0.0819425512339477"  "0.00736591579205525" "0.00736591579205525"
[40] "0.643779982926072"   "0.643779982926072"   "beta :"             
[43] "1"                  
[1] " old Likelihood:  -10094747.8243027"
[1] "New Likelihood:  -10094741.0578423"
iter:  0  f-value:  36707.82  pgrad:  0.5126763 
iter:  10  f-value:  36707.82  pgrad:  0.7306517 
iter:  20  f-value:  36707.81  pgrad:  0.6167102 
iter:  30  f-value:  36707.81  pgrad:  0.5813602 
iter:  40  f-value:  36707.81  pgrad:  0.5803431 
iter:  50  f-value:  36707.81  pgrad:  0.4867616 
  Unsuccessful convergence.
Time difference of 25.78281 mins
[1] "maxIt: 20"
[1] "It: 20"
 [1] "sigma:"              "0.99"                "0.99"               
 [4] "0.976074030680443"   "0.976074030680443"   "0.99"               
 [7] "0.99"                "0.99"                "0.99"               
[10] "0.99"                "0.99"                "0.99"               
[13] "0.99"                "0.99"                "0.99"               
[16] "0.765149858258708"   "0.765149858258708"   "0.0340648795610059" 
[19] "0.0340648795610059"  "0.130301832623214"   "0.130301832623214"  
[22] "0.0274725974947322"  "0.0274725974947322"  "0.332946390555326"  
[25] "0.332946390555326"   "0.270742119962563"   "0.270742119962563"  
[28] "0.380745380234487"   "0.380745380234487"   "0.415987446636753"  
[31] "0.415987446636753"   "0.143601356681647"   "0.143601356681647"  
[34] "0.0623571313128847"  "0.0623571313128847"  "0.0828439283235142" 
[37] "0.0828439283235142"  "0.00757332931543616" "0.00757332931543616"
[40] "0.643797358212502"   "0.643797358212502"   "beta :"             
[43] "1"                  
 [1] "sigma:"              "0.99"                "0.99"               
 [4] "0.976074030680443"   "0.976074030680443"   "0.99"               
 [7] "0.99"                "0.99"                "0.99"               
[10] "0.99"                "0.99"                "0.99"               
[13] "0.99"                "0.99"                "0.99"               
[16] "0.765149858258708"   "0.765149858258708"   "0.0340648795610059" 
[19] "0.0340648795610059"  "0.0808018326232136"  "0.0808018326232136" 
[22] "0.0274725974947322"  "0.0274725974947322"  "0.332946390555326"  
[25] "0.332946390555326"   "0.270742119962563"   "0.270742119962563"  
[28] "0.380745380234487"   "0.380745380234487"   "0.415987446636753"  
[31] "0.415987446636753"   "0.143601356681647"   "0.143601356681647"  
[34] "0.0623571313128847"  "0.0623571313128847"  "0.0828439283235142" 
[37] "0.0828439283235142"  "0.00757332931543617" "0.00757332931543617"
[40] "0.643797358212502"   "0.643797358212502"   "beta :"             
[43] "1"                  
[1] " old Likelihood:  -10094741.0578423"
[1] "New Likelihood:  -10094737.9248178"
iter:  0  f-value:  36739.05  pgrad:  0.5125289 
iter:  10  f-value:  36739.04  pgrad:  0.5952461 
iter:  20  f-value:  36739.04  pgrad:  0.5783348 
iter:  30  f-value:  36739.04  pgrad:  0.5780646 
iter:  40  f-value:  36739.04  pgrad:  0.543514 
iter:  50  f-value:  36739.04  pgrad:  0.469081 
  Unsuccessful convergence.
Time difference of 26.2746 mins
 [1] "sigma:"              "0.99"                "0.99"               
 [4] "0.976416147868044"   "0.976416147868044"   "0.99"               
 [7] "0.99"                "0.99"                "0.99"               
[10] "0.99"                "0.99"                "0.99"               
[13] "0.99"                "0.99"                "0.99"               
[16] "0.765335156098094"   "0.765335156098094"   "0.0341412924217435" 
[19] "0.0341412924217435"  "0.0808198016160071"  "0.0808198016160071" 
[22] "0.0271105023912288"  "0.0271105023912288"  "0.332399324509382"  
[25] "0.332399324509382"   "0.270541922176617"   "0.270541922176617"  
[28] "0.381859728692971"   "0.381859728692971"   "0.418613583389908"  
[31] "0.418613583389908"   "0.145326023661747"   "0.145326023661747"  
[34] "0.0634213821254655"  "0.0634213821254655"  "0.0835870615869941" 
[37] "0.0835870615869941"  "0.00773661324404879" "0.00773661324404879"
[40] "0.643809401673098"   "0.643809401673098"   "beta :"             
[43] "1"                  
[1] 1999786 1999772 1999750 1999546 1999936
[1] 1 1 1 1 1
saved RDS
inference successful
