[1] "Original length"
[1] 999790
[1] "Final length"
[1] 20624
[1] "sequence length : 999791" "sequence length : 999942"
[3] "sequence length : 999357" "sequence length : 999966"
[5] "sequence length : 999982"
[1] 1 1 1 1 1
[1] "Beta: 1"
[1] "Self: 0.5"
 [1] 0 0 0 0 0 0 0 0 0 0 0 0 0 0 0 0 0 0 0 0
[1] "maxIt: 20"
[1] "It: 1"
 [1] "sigma:" "0.5"    "0.5"    "0.5"    "0.5"    "0.5"    "0.5"    "0.5"   
 [9] "0.5"    "0.5"    "0.5"    "0.5"    "0.5"    "0.5"    "0.5"    "0.5"   
[17] "0.5"    "0.5"    "0.5"    "0"      "0"      "0"      "0"      "0"     
[25] "0"      "0"      "0"      "0"      "0"      "0"      "0"      "0"     
[33] "0"      "0"      "0"      "0"      "0"      "0"      "0"      "0"     
[41] "0"      "beta :" "1"     
[1] 9933919
[1] 9933740
[1] 9933655
[1] 9933540
[1] 9933395
[1] 9933233
[1] 9933088
[1] 9933023
[1] 9933101
[1] 9933394
[1] 9934077
[1] 9935447
[1] 9937845
[1] 9941433
[1] 9945988
[1] 9950605
[1] 9954163
[1] 9956656
[1] 9958055
[1] 9958468
[1] 9958522
 [1] "sigma:" "0.892"  "0.892"  "0.892"  "0.892"  "0.892"  "0.892"  "0.892" 
 [9] "0.892"  "0.892"  "0.892"  "0.892"  "0.892"  "0.892"  "0.892"  "0.425" 
[17] "0.425"  "0.425"  "0.425"  "0.425"  "0.425"  "0.425"  "0.425"  "0.425" 
[25] "0.425"  "0.425"  "0.425"  "0.425"  "0.425"  "0.425"  "0.425"  "0.425" 
[33] "0.425"  "0.425"  "0.425"  "0.425"  "0.425"  "0.425"  "0.425"  "0.425" 
[41] "0.425"  "beta :" "1"     
[1] "New Likelihood:  -9933023.15072866"
iter:  0  f-value:  31925.76  pgrad:  0.85 
iter:  10  f-value:  31925.45  pgrad:  0.8461421 
iter:  20  f-value:  31925.36  pgrad:  0.8422955 
iter:  30  f-value:  31925.33  pgrad:  0.8410775 
  Unsuccessful convergence.
Time difference of 40.26715 mins
[1] "maxIt: 20"
[1] "It: 2"
 [1] "sigma:"            "0.899474337583134" "0.899474337583134"
 [4] "0.899474337583134" "0.899474337583134" "0.899474337583134"
 [7] "0.899474337583134" "0.899474337583134" "0.899474337583134"
[10] "0.899474337583134" "0.899474337583134" "0.899474337583134"
[13] "0.899474337583134" "0.899474337583134" "0.899474337583134"
[16] "0.419761876907927" "0.419761876907927" "0.419761876907927"
[19] "0.419761876907927" "0.419761876907927" "0.419761876907927"
[22] "0.419761876907927" "0.419761876907927" "0.419761876907927"
[25] "0.419761876907927" "0.419761876907927" "0.419761876907927"
[28] "0.419761876907927" "0.419761876907927" "0.419761876907927"
[31] "0.419761876907927" "0.419761876907927" "0.419761876907927"
[34] "0.419761876907927" "0.419761876907927" "0.419761876907927"
[37] "0.419761876907927" "0.419761876907927" "0.419761876907927"
[40] "0.419761876907927" "0.419761876907927" "beta :"           
[43] "1"                
[1] 9932766
[1] 9932696
[1] 9932843
 [1] "sigma:"            "0.972974337583134" "0.972974337583134"
 [4] "0.972974337583134" "0.972974337583134" "0.972974337583134"
 [7] "0.972974337583134" "0.972974337583134" "0.972974337583134"
[10] "0.972974337583134" "0.972974337583134" "0.972974337583134"
[13] "0.972974337583134" "0.972974337583134" "0.972974337583134"
[16] "0.394761876907927" "0.394761876907927" "0.394761876907927"
[19] "0.394761876907927" "0.394761876907927" "0.394761876907927"
[22] "0.394761876907927" "0.394761876907927" "0.394761876907927"
[25] "0.394761876907927" "0.394761876907927" "0.394761876907927"
[28] "0.394761876907927" "0.394761876907927" "0.394761876907927"
[31] "0.394761876907927" "0.394761876907927" "0.394761876907927"
[34] "0.394761876907927" "0.394761876907927" "0.394761876907927"
[37] "0.394761876907927" "0.394761876907927" "0.394761876907927"
[40] "0.394761876907927" "0.394761876907927" "beta :"           
[43] "1"                
[1] " old Likelihood:  -9933023.15072866"
[1] "New Likelihood:  -9932695.85584057"
iter:  0  f-value:  32704.43  pgrad:  0.4993887 
iter:  10  f-value:  32704.2  pgrad:  0.7882807 
iter:  20  f-value:  32704.14  pgrad:  0.7821891 
iter:  30  f-value:  32704.11  pgrad:  0.7791368 
  Unsuccessful convergence.
Time difference of 12.41649 mins
[1] "maxIt: 20"
[1] "It: 3"
 [1] "sigma:"            "0.977987892484019" "0.977987892484019"
 [4] "0.977987892484019" "0.977987892484019" "0.977987892484019"
 [7] "0.977987892484019" "0.977987892484019" "0.977987892484019"
[10] "0.977987892484019" "0.977987892484019" "0.977987892484019"
[13] "0.977987892484019" "0.977987892484019" "0.977987892484019"
[16] "0.389474268966859" "0.389474268966859" "0.389474268966859"
[19] "0.389474268966859" "0.389474268966859" "0.389474268966859"
[22] "0.389474268966859" "0.389474268966859" "0.389474268966859"
[25] "0.389474268966859" "0.389474268966859" "0.389474268966859"
[28] "0.389474268966859" "0.389474268966859" "0.389474268966859"
[31] "0.389474268966859" "0.389474268966859" "0.389474268966859"
[34] "0.389474268966859" "0.389474268966859" "0.389474268966859"
[37] "0.389474268966859" "0.389474268966859" "0.389474268966859"
[40] "0.389474268966859" "0.389474268966859" "beta :"           
[43] "1"                
[1] 9932687
[1] 9932609
[1] 9932747
 [1] "sigma:"            "0.977987892484019" "0.977987892484019"
 [4] "0.977987892484019" "0.977987892484019" "0.977987892484019"
 [7] "0.977987892484019" "0.977987892484019" "0.977987892484019"
[10] "0.977987892484019" "0.977987892484019" "0.977987892484019"
[13] "0.977987892484019" "0.977987892484019" "0.977987892484019"
[16] "0.389474268966859" "0.389474268966859" "0.389474268966859"
[19] "0.389474268966859" "0.389474268966859" "0.389474268966859"
[22] "0.389474268966859" "0.389474268966859" "0.389474268966859"
[25] "0.389474268966859" "0.389474268966859" "0.389474268966859"
[28] "0.389474268966859" "0.389474268966859" "0.389474268966859"
[31] "0.389474268966859" "0.389474268966859" "0.389474268966859"
[34] "0.389474268966859" "0.389474268966859" "0.389474268966859"
[37] "0.389474268966859" "0.389474268966859" "0.389474268966859"
[40] "0.389474268966859" "0.389474268966859" "beta :"           
[43] "1"                
[1] " old Likelihood:  -9932695.85584057"
[1] "New Likelihood:  -9932608.84483663"
iter:  0  f-value:  32728.7  pgrad:  0.5948823 
iter:  10  f-value:  32728.61  pgrad:  0.77693 
iter:  20  f-value:  32728.58  pgrad:  0.5039731 
iter:  30  f-value:  32728.56  pgrad:  0.7710073 
  Unsuccessful convergence.
Time difference of 10.01886 mins
[1] "maxIt: 20"
[1] "It: 4"
 [1] "sigma:"            "0.982461582507181" "0.982461582507181"
 [4] "0.982461582507181" "0.982461582507181" "0.982461582507181"
 [7] "0.982461582507181" "0.982461582507181" "0.982461582507181"
[10] "0.982461582507181" "0.982461582507181" "0.982461582507181"
[13] "0.982461582507181" "0.982461582507181" "0.982461582507181"
[16] "0.385201397621226" "0.385201397621226" "0.385201397621226"
[19] "0.385201397621226" "0.385201397621226" "0.385201397621226"
[22] "0.385201397621226" "0.385201397621226" "0.385201397621226"
[25] "0.385201397621226" "0.385201397621226" "0.385201397621226"
[28] "0.385201397621226" "0.385201397621226" "0.385201397621226"
[31] "0.385201397621226" "0.385201397621226" "0.385201397621226"
[34] "0.385201397621226" "0.385201397621226" "0.385201397621226"
[37] "0.385201397621226" "0.385201397621226" "0.385201397621226"
[40] "0.385201397621226" "0.385201397621226" "beta :"           
[43] "1"                
[1] 9932650
[1] 9932571
[1] 9932710
 [1] "sigma:"            "0.982461582507181" "0.982461582507181"
 [4] "0.982461582507181" "0.982461582507181" "0.982461582507181"
 [7] "0.982461582507181" "0.982461582507181" "0.982461582507181"
[10] "0.982461582507181" "0.982461582507181" "0.982461582507181"
[13] "0.982461582507181" "0.982461582507181" "0.982461582507181"
[16] "0.385201397621226" "0.385201397621226" "0.385201397621226"
[19] "0.385201397621226" "0.385201397621226" "0.385201397621226"
[22] "0.385201397621226" "0.385201397621226" "0.385201397621226"
[25] "0.385201397621226" "0.385201397621226" "0.385201397621226"
[28] "0.385201397621226" "0.385201397621226" "0.385201397621226"
[31] "0.385201397621226" "0.385201397621226" "0.385201397621226"
[34] "0.385201397621226" "0.385201397621226" "0.385201397621226"
[37] "0.385201397621226" "0.385201397621226" "0.385201397621226"
[40] "0.385201397621226" "0.385201397621226" "beta :"           
[43] "1"                
[1] " old Likelihood:  -9932608.84483663"
[1] "New Likelihood:  -9932570.68281985"
iter:  0  f-value:  32781.57  pgrad:  0.7704028 
iter:  10  f-value:  32781.53  pgrad:  0.7683335 
iter:  20  f-value:  32781.51  pgrad:  0.76602 
iter:  30  f-value:  32781.5  pgrad:  0.7086055 
  Unsuccessful convergence.
Time difference of 9.99772 mins
[1] "maxIt: 20"
[1] "It: 5"
 [1] "sigma:"            "0.985446360203464" "0.985446360203464"
 [4] "0.985446360203464" "0.985446360203464" "0.985446360203464"
 [7] "0.985446360203464" "0.985446360203464" "0.985446360203464"
[10] "0.985446360203464" "0.985446360203464" "0.985446360203464"
[13] "0.985446360203464" "0.985446360203464" "0.985446360203464"
[16] "0.381693447128101" "0.381693447128101" "0.381693447128101"
[19] "0.381693447128101" "0.381693447128101" "0.381693447128101"
[22] "0.381693447128101" "0.381693447128101" "0.381693447128101"
[25] "0.381693447128101" "0.381693447128101" "0.381693447128101"
[28] "0.381693447128101" "0.381693447128101" "0.381693447128101"
[31] "0.381693447128101" "0.381693447128101" "0.381693447128101"
[34] "0.381693447128101" "0.381693447128101" "0.381693447128101"
[37] "0.381693447128101" "0.381693447128101" "0.381693447128101"
[40] "0.381693447128101" "0.381693447128101" "beta :"           
[43] "1"                
[1] 9932634
[1] 9932548
[1] 9932684
 [1] "sigma:"            "0.985446360203464" "0.985446360203464"
 [4] "0.985446360203464" "0.985446360203464" "0.985446360203464"
 [7] "0.985446360203464" "0.985446360203464" "0.985446360203464"
[10] "0.985446360203464" "0.985446360203464" "0.985446360203464"
[13] "0.985446360203464" "0.985446360203464" "0.985446360203464"
[16] "0.356693447128101" "0.356693447128101" "0.356693447128101"
[19] "0.356693447128101" "0.356693447128101" "0.356693447128101"
[22] "0.356693447128101" "0.356693447128101" "0.356693447128101"
[25] "0.356693447128101" "0.356693447128101" "0.356693447128101"
[28] "0.356693447128101" "0.356693447128101" "0.356693447128101"
[31] "0.356693447128101" "0.356693447128101" "0.356693447128101"
[34] "0.356693447128101" "0.356693447128101" "0.356693447128101"
[37] "0.356693447128101" "0.356693447128101" "0.356693447128101"
[40] "0.356693447128101" "0.356693447128101" "beta :"           
[43] "1"                
[1] " old Likelihood:  -9932570.68281985"
[1] "New Likelihood:  -9932548.46495932"
iter:  0  f-value:  33654.73  pgrad:  0.5091022 
iter:  10  f-value:  33654.62  pgrad:  0.7128269 
iter:  20  f-value:  33654.69  pgrad:  0.5072165 
iter:  30  f-value:  33654.6  pgrad:  0.7060912 
  Unsuccessful convergence.
Time difference of 10.57323 mins
[1] "maxIt: 20"
[1] "It: 6"
 [1] "sigma:"            "0.987829117463906" "0.987829117463906"
 [4] "0.987829117463906" "0.987829117463906" "0.987829117463906"
 [7] "0.987829117463906" "0.987829117463906" "0.987829117463906"
[10] "0.987829117463906" "0.987829117463906" "0.987829117463906"
[13] "0.987829117463906" "0.987829117463906" "0.987829117463906"
[16] "0.352968984172525" "0.352968984172525" "0.352968984172525"
[19] "0.352968984172525" "0.352968984172525" "0.352968984172525"
[22] "0.352968984172525" "0.352968984172525" "0.352968984172525"
[25] "0.352968984172525" "0.352968984172525" "0.352968984172525"
[28] "0.352968984172525" "0.352968984172525" "0.352968984172525"
[31] "0.352968984172525" "0.352968984172525" "0.352968984172525"
[34] "0.352968984172525" "0.352968984172525" "0.352968984172525"
[37] "0.352968984172525" "0.352968984172525" "0.352968984172525"
[40] "0.352968984172525" "0.352968984172525" "beta :"           
[43] "1"                
[1] 9932607
[1] 9932513
[1] 9932638
 [1] "sigma:"            "0.987829117463906" "0.987829117463906"
 [4] "0.987829117463906" "0.987829117463906" "0.987829117463906"
 [7] "0.987829117463906" "0.987829117463906" "0.987829117463906"
[10] "0.987829117463906" "0.987829117463906" "0.987829117463906"
[13] "0.987829117463906" "0.987829117463906" "0.987829117463906"
[16] "0.352968984172525" "0.352968984172525" "0.352968984172525"
[19] "0.352968984172525" "0.352968984172525" "0.352968984172525"
[22] "0.352968984172525" "0.352968984172525" "0.352968984172525"
[25] "0.352968984172525" "0.352968984172525" "0.352968984172525"
[28] "0.352968984172525" "0.352968984172525" "0.352968984172525"
[31] "0.352968984172525" "0.352968984172525" "0.352968984172525"
[34] "0.352968984172525" "0.352968984172525" "0.352968984172525"
[37] "0.352968984172525" "0.352968984172525" "0.352968984172525"
[40] "0.352968984172525" "0.352968984172525" "beta :"           
[43] "1"                
[1] " old Likelihood:  -9932548.46495932"
[1] "New Likelihood:  -9932512.78556944"
iter:  0  f-value:  33665.19  pgrad:  0.5075963 
iter:  10  f-value:  33665.16  pgrad:  0.7053378 
iter:  20  f-value:  33665.15  pgrad:  0.7029945 
iter:  30  f-value:  33665.15  pgrad:  0.3832974 
  Unsuccessful convergence.
Time difference of 9.962473 mins
[1] "maxIt: 20"
[1] "It: 7"
 [1] "sigma:"            "0.988961015223885" "0.988961015223885"
 [4] "0.988961015223885" "0.988961015223885" "0.988961015223885"
 [7] "0.988961015223885" "0.988961015223885" "0.988961015223885"
[10] "0.988961015223885" "0.988961015223885" "0.988961015223885"
[13] "0.988961015223885" "0.988961015223885" "0.988961015223885"
[16] "0.350048321748962" "0.350048321748962" "0.350048321748962"
[19] "0.350048321748962" "0.350048321748962" "0.350048321748962"
[22] "0.350048321748962" "0.350048321748962" "0.350048321748962"
[25] "0.350048321748962" "0.350048321748962" "0.350048321748962"
[28] "0.350048321748962" "0.350048321748962" "0.350048321748962"
[31] "0.350048321748962" "0.350048321748962" "0.350048321748962"
[34] "0.350048321748962" "0.350048321748962" "0.350048321748962"
[37] "0.350048321748962" "0.350048321748962" "0.350048321748962"
[40] "0.350048321748962" "0.350048321748962" "beta :"           
[43] "1"                
[1] 9932596
[1] 9932498
[1] 9932620
 [1] "sigma:"            "0.988961015223885" "0.988961015223885"
 [4] "0.988961015223885" "0.988961015223885" "0.988961015223885"
 [7] "0.988961015223885" "0.988961015223885" "0.988961015223885"
[10] "0.988961015223885" "0.988961015223885" "0.988961015223885"
[13] "0.988961015223885" "0.988961015223885" "0.988961015223885"
[16] "0.350048321748962" "0.350048321748962" "0.350048321748962"
[19] "0.350048321748962" "0.350048321748962" "0.350048321748962"
[22] "0.350048321748962" "0.350048321748962" "0.350048321748962"
[25] "0.350048321748962" "0.350048321748962" "0.350048321748962"
[28] "0.350048321748962" "0.350048321748962" "0.350048321748962"
[31] "0.350048321748962" "0.350048321748962" "0.350048321748962"
[34] "0.350048321748962" "0.350048321748962" "0.350048321748962"
[37] "0.350048321748962" "0.350048321748962" "0.350048321748962"
[40] "0.350048321748962" "0.350048321748962" "beta :"           
[43] "1"                
[1] " old Likelihood:  -9932512.78556944"
[1] "New Likelihood:  -9932498.39014438"
iter:  0  f-value:  33699.12  pgrad:  0.7000966 
iter:  10  f-value:  33699.1  pgrad:  0.6991392 
iter:  20  f-value:  33699.1  pgrad:  0.5733455 
iter:  30  f-value:  33699.1  pgrad:  0.3835157 
  Unsuccessful convergence.
Time difference of 9.981974 mins
[1] "maxIt: 20"
[1] "It: 8"
 [1] "sigma:"            "0.989281170478871" "0.989281170478871"
 [4] "0.989281170478871" "0.989281170478871" "0.989281170478871"
 [7] "0.989281170478871" "0.989281170478871" "0.989281170478871"
[10] "0.989281170478871" "0.989281170478871" "0.989281170478871"
[13] "0.989281170478871" "0.989281170478871" "0.989281170478871"
[16] "0.348007246304982" "0.348007246304982" "0.348007246304982"
[19] "0.348007246304982" "0.348007246304982" "0.348007246304982"
[22] "0.348007246304982" "0.348007246304982" "0.348007246304982"
[25] "0.348007246304982" "0.348007246304982" "0.348007246304982"
[28] "0.348007246304982" "0.348007246304982" "0.348007246304982"
[31] "0.348007246304982" "0.348007246304982" "0.348007246304982"
[34] "0.348007246304982" "0.348007246304982" "0.348007246304982"
[37] "0.348007246304982" "0.348007246304982" "0.348007246304982"
[40] "0.348007246304982" "0.348007246304982" "beta :"           
[43] "1"                
[1] 9932589
[1] 9932490
[1] 9932610
 [1] "sigma:"            "0.989281170478871" "0.989281170478871"
 [4] "0.989281170478871" "0.989281170478871" "0.989281170478871"
 [7] "0.989281170478871" "0.989281170478871" "0.989281170478871"
[10] "0.989281170478871" "0.989281170478871" "0.989281170478871"
[13] "0.989281170478871" "0.989281170478871" "0.989281170478871"
[16] "0.348007246304982" "0.348007246304982" "0.348007246304982"
[19] "0.348007246304982" "0.348007246304982" "0.348007246304982"
[22] "0.348007246304982" "0.348007246304982" "0.348007246304982"
[25] "0.348007246304982" "0.348007246304982" "0.348007246304982"
[28] "0.348007246304982" "0.348007246304982" "0.348007246304982"
[31] "0.348007246304982" "0.348007246304982" "0.348007246304982"
[34] "0.348007246304982" "0.348007246304982" "0.348007246304982"
[37] "0.348007246304982" "0.348007246304982" "0.348007246304982"
[40] "0.348007246304982" "0.348007246304982" "beta :"           
[43] "1"                
[1] " old Likelihood:  -9932498.39014438"
[1] "New Likelihood:  -9932489.78391237"
iter:  0  f-value:  33732.22  pgrad:  0.6960145 
iter:  10  f-value:  33732.2  pgrad:  0.6951229 
iter:  20  f-value:  33732.2  pgrad:  0.6943668 
iter:  30  f-value:  33732.2  pgrad:  0.3533205 
  Unsuccessful convergence.
Time difference of 9.969273 mins
[1] "maxIt: 20"
[1] "It: 9"
 [1] "sigma:"           "0.98941310004833" "0.98941310004833" "0.98941310004833"
 [5] "0.98941310004833" "0.98941310004833" "0.98941310004833" "0.98941310004833"
 [9] "0.98941310004833" "0.98941310004833" "0.98941310004833" "0.98941310004833"
[13] "0.98941310004833" "0.98941310004833" "0.98941310004833" "0.34615411643306"
[17] "0.34615411643306" "0.34615411643306" "0.34615411643306" "0.34615411643306"
[21] "0.34615411643306" "0.34615411643306" "0.34615411643306" "0.34615411643306"
[25] "0.34615411643306" "0.34615411643306" "0.34615411643306" "0.34615411643306"
[29] "0.34615411643306" "0.34615411643306" "0.34615411643306" "0.34615411643306"
[33] "0.34615411643306" "0.34615411643306" "0.34615411643306" "0.34615411643306"
[37] "0.34615411643306" "0.34615411643306" "0.34615411643306" "0.34615411643306"
[41] "0.34615411643306" "beta :"           "1"               
[1] 9932583
[1] 9932483
[1] 9932602
 [1] "sigma:"           "0.98941310004833" "0.98941310004833" "0.98941310004833"
 [5] "0.98941310004833" "0.98941310004833" "0.98941310004833" "0.98941310004833"
 [9] "0.98941310004833" "0.98941310004833" "0.98941310004833" "0.98941310004833"
[13] "0.98941310004833" "0.98941310004833" "0.98941310004833" "0.34615411643306"
[17] "0.34615411643306" "0.34615411643306" "0.34615411643306" "0.34615411643306"
[21] "0.34615411643306" "0.34615411643306" "0.34615411643306" "0.34615411643306"
[25] "0.34615411643306" "0.34615411643306" "0.34615411643306" "0.34615411643306"
[29] "0.34615411643306" "0.34615411643306" "0.34615411643306" "0.34615411643306"
[33] "0.34615411643306" "0.34615411643306" "0.34615411643306" "0.34615411643306"
[37] "0.34615411643306" "0.34615411643306" "0.34615411643306" "0.34615411643306"
[41] "0.34615411643306" "beta :"           "1"               
[1] " old Likelihood:  -9932489.78391237"
[1] "New Likelihood:  -9932482.96346325"
iter:  0  f-value:  33768.97  pgrad:  0.6923082 
iter:  10  f-value:  33768.96  pgrad:  0.6915043 
iter:  20  f-value:  33768.96  pgrad:  0.6903287 
iter:  30  f-value:  33768.96  pgrad:  0.6900561 
  Unsuccessful convergence.
Time difference of 9.965562 mins
[1] "maxIt: 20"
[1] "It: 10"
 [1] "sigma:"            "0.989398797555654" "0.989398797555654"
 [4] "0.989398797555654" "0.989398797555654" "0.989398797555654"
 [7] "0.989398797555654" "0.989398797555654" "0.989398797555654"
[10] "0.989398797555654" "0.989398797555654" "0.989398797555654"
[13] "0.989398797555654" "0.989398797555654" "0.989398797555654"
[16] "0.344973969486061" "0.344973969486061" "0.344973969486061"
[19] "0.344973969486061" "0.344973969486061" "0.344973969486061"
[22] "0.344973969486061" "0.344973969486061" "0.344973969486061"
[25] "0.344973969486061" "0.344973969486061" "0.344973969486061"
[28] "0.344973969486061" "0.344973969486061" "0.344973969486061"
[31] "0.344973969486061" "0.344973969486061" "0.344973969486061"
[34] "0.344973969486061" "0.344973969486061" "0.344973969486061"
[37] "0.344973969486061" "0.344973969486061" "0.344973969486061"
[40] "0.344973969486061" "0.344973969486061" "beta :"           
[43] "1"                
[1] 9932578
[1] 9932478
[1] 9932596
 [1] "sigma:"            "0.989398797555654" "0.989398797555654"
 [4] "0.989398797555654" "0.989398797555654" "0.989398797555654"
 [7] "0.989398797555654" "0.989398797555654" "0.989398797555654"
[10] "0.989398797555654" "0.989398797555654" "0.989398797555654"
[13] "0.989398797555654" "0.989398797555654" "0.989398797555654"
[16] "0.344973969486061" "0.344973969486061" "0.344973969486061"
[19] "0.344973969486061" "0.344973969486061" "0.344973969486061"
[22] "0.344973969486061" "0.344973969486061" "0.344973969486061"
[25] "0.344973969486061" "0.344973969486061" "0.344973969486061"
[28] "0.344973969486061" "0.344973969486061" "0.344973969486061"
[31] "0.344973969486061" "0.344973969486061" "0.344973969486061"
[34] "0.344973969486061" "0.344973969486061" "0.344973969486061"
[37] "0.344973969486061" "0.344973969486061" "0.344973969486061"
[40] "0.344973969486061" "0.344973969486061" "beta :"           
[43] "1"                
[1] " old Likelihood:  -9932482.96346325"
[1] "New Likelihood:  -9932477.60264431"
iter:  0  f-value:  33794.83  pgrad:  0.6899479 
iter:  10  f-value:  33794.82  pgrad:  0.6891984 
iter:  20  f-value:  33794.81  pgrad:  0.688299 
iter:  30  f-value:  33794.81  pgrad:  0.6869582 
  Unsuccessful convergence.
Time difference of 9.975082 mins
[1] "maxIt: 20"
[1] "It: 11"
 [1] "sigma:"            "0.989422333400392" "0.989422333400392"
 [4] "0.989422333400392" "0.989422333400392" "0.989422333400392"
 [7] "0.989422333400392" "0.989422333400392" "0.989422333400392"
[10] "0.989422333400392" "0.989422333400392" "0.989422333400392"
[13] "0.989422333400392" "0.989422333400392" "0.989422333400392"
[16] "0.343474549075336" "0.343474549075336" "0.343474549075336"
[19] "0.343474549075336" "0.343474549075336" "0.343474549075336"
[22] "0.343474549075336" "0.343474549075336" "0.343474549075336"
[25] "0.343474549075336" "0.343474549075336" "0.343474549075336"
[28] "0.343474549075336" "0.343474549075336" "0.343474549075336"
[31] "0.343474549075336" "0.343474549075336" "0.343474549075336"
[34] "0.343474549075336" "0.343474549075336" "0.343474549075336"
[37] "0.343474549075336" "0.343474549075336" "0.343474549075336"
[40] "0.343474549075336" "0.343474549075336" "beta :"           
[43] "1"                
[1] 9932574
[1] 9932472
[1] 9932590
 [1] "sigma:"            "0.989422333400392" "0.989422333400392"
 [4] "0.989422333400392" "0.989422333400392" "0.989422333400392"
 [7] "0.989422333400392" "0.989422333400392" "0.989422333400392"
[10] "0.989422333400392" "0.989422333400392" "0.989422333400392"
[13] "0.989422333400392" "0.989422333400392" "0.989422333400392"
[16] "0.343474549075336" "0.343474549075336" "0.343474549075336"
[19] "0.343474549075336" "0.343474549075336" "0.343474549075336"
[22] "0.343474549075336" "0.343474549075336" "0.343474549075336"
[25] "0.343474549075336" "0.343474549075336" "0.343474549075336"
[28] "0.343474549075336" "0.343474549075336" "0.343474549075336"
[31] "0.343474549075336" "0.343474549075336" "0.343474549075336"
[34] "0.343474549075336" "0.343474549075336" "0.343474549075336"
[37] "0.343474549075336" "0.343474549075336" "0.343474549075336"
[40] "0.343474549075336" "0.343474549075336" "beta :"           
[43] "1"                
[1] " old Likelihood:  -9932477.60264431"
[1] "New Likelihood:  -9932472.48945728"
iter:  0  f-value:  33829.1  pgrad:  0.6869491 
iter:  10  f-value:  33829.09  pgrad:  0.6862573 
iter:  20  f-value:  33829.09  pgrad:  0.685357 
iter:  30  f-value:  33829.09  pgrad:  0.3526657 
  Unsuccessful convergence.
Time difference of 9.966822 mins
[1] "maxIt: 20"
[1] "It: 12"
 [1] "sigma:"            "0.989413841255458" "0.989413841255458"
 [4] "0.989413841255458" "0.989413841255458" "0.989413841255458"
 [7] "0.989413841255458" "0.989413841255458" "0.989413841255458"
[10] "0.989413841255458" "0.989413841255458" "0.989413841255458"
[13] "0.989413841255458" "0.989413841255458" "0.989413841255458"
[16] "0.342250280530435" "0.342250280530435" "0.342250280530435"
[19] "0.342250280530435" "0.342250280530435" "0.342250280530435"
[22] "0.342250280530435" "0.342250280530435" "0.342250280530435"
[25] "0.342250280530435" "0.342250280530435" "0.342250280530435"
[28] "0.342250280530435" "0.342250280530435" "0.342250280530435"
[31] "0.342250280530435" "0.342250280530435" "0.342250280530435"
[34] "0.342250280530435" "0.342250280530435" "0.342250280530435"
[37] "0.342250280530435" "0.342250280530435" "0.342250280530435"
[40] "0.342250280530435" "0.342250280530435" "beta :"           
[43] "1"                
[1] 9932570
[1] 9932468
[1] 9932585
 [1] "sigma:"            "0.989413841255458" "0.989413841255458"
 [4] "0.989413841255458" "0.989413841255458" "0.989413841255458"
 [7] "0.989413841255458" "0.989413841255458" "0.989413841255458"
[10] "0.989413841255458" "0.989413841255458" "0.989413841255458"
[13] "0.989413841255458" "0.989413841255458" "0.989413841255458"
[16] "0.342250280530435" "0.342250280530435" "0.342250280530435"
[19] "0.342250280530435" "0.342250280530435" "0.342250280530435"
[22] "0.342250280530435" "0.342250280530435" "0.342250280530435"
[25] "0.342250280530435" "0.342250280530435" "0.342250280530435"
[28] "0.342250280530435" "0.342250280530435" "0.342250280530435"
[31] "0.342250280530435" "0.342250280530435" "0.342250280530435"
[34] "0.342250280530435" "0.342250280530435" "0.342250280530435"
[37] "0.342250280530435" "0.342250280530435" "0.342250280530435"
[40] "0.342250280530435" "0.342250280530435" "beta :"           
[43] "1"                
[1] " old Likelihood:  -9932472.48945728"
[1] "New Likelihood:  -9932468.04449752"
iter:  0  f-value:  33858.53  pgrad:  0.6845006 
iter:  10  f-value:  33858.52  pgrad:  0.6838468 
iter:  20  f-value:  33858.52  pgrad:  0.6827674 
iter:  30  f-value:  33858.52  pgrad:  0.5926995 
  Unsuccessful convergence.
Time difference of 9.985985 mins
[1] "maxIt: 20"
[1] "It: 13"
 [1] "sigma:"            "0.989426475909779" "0.989426475909779"
 [4] "0.989426475909779" "0.989426475909779" "0.989426475909779"
 [7] "0.989426475909779" "0.989426475909779" "0.989426475909779"
[10] "0.989426475909779" "0.989426475909779" "0.989426475909779"
[13] "0.989426475909779" "0.989426475909779" "0.989426475909779"
[16] "0.340896967917629" "0.340896967917629" "0.340896967917629"
[19] "0.340896967917629" "0.340896967917629" "0.340896967917629"
[22] "0.340896967917629" "0.340896967917629" "0.340896967917629"
[25] "0.340896967917629" "0.340896967917629" "0.340896967917629"
[28] "0.340896967917629" "0.340896967917629" "0.340896967917629"
[31] "0.340896967917629" "0.340896967917629" "0.340896967917629"
[34] "0.340896967917629" "0.340896967917629" "0.340896967917629"
[37] "0.340896967917629" "0.340896967917629" "0.340896967917629"
[40] "0.340896967917629" "0.340896967917629" "beta :"           
[43] "1"                
[1] 9932567
[1] 9932464
[1] 9932580
 [1] "sigma:"            "0.989426475909779" "0.989426475909779"
 [4] "0.989426475909779" "0.989426475909779" "0.989426475909779"
 [7] "0.989426475909779" "0.989426475909779" "0.989426475909779"
[10] "0.989426475909779" "0.989426475909779" "0.989426475909779"
[13] "0.989426475909779" "0.989426475909779" "0.989426475909779"
[16] "0.340896967917629" "0.340896967917629" "0.340896967917629"
[19] "0.340896967917629" "0.340896967917629" "0.340896967917629"
[22] "0.340896967917629" "0.340896967917629" "0.340896967917629"
[25] "0.340896967917629" "0.340896967917629" "0.340896967917629"
[28] "0.340896967917629" "0.340896967917629" "0.340896967917629"
[31] "0.340896967917629" "0.340896967917629" "0.340896967917629"
[34] "0.340896967917629" "0.340896967917629" "0.340896967917629"
[37] "0.340896967917629" "0.340896967917629" "0.340896967917629"
[40] "0.340896967917629" "0.340896967917629" "beta :"           
[43] "1"                
[1] " old Likelihood:  -9932468.04449752"
[1] "New Likelihood:  -9932463.84779255"
iter:  0  f-value:  33891.08  pgrad:  0.6817939 
iter:  10  f-value:  33891.08  pgrad:  0.6811767 
iter:  20  f-value:  33891.07  pgrad:  0.6803584 
iter:  30  f-value:  33891.07  pgrad:  0.3444438 
  Unsuccessful convergence.
Time difference of 9.97972 mins
[1] "maxIt: 20"
[1] "It: 14"
 [1] "sigma:"            "0.989411188648743" "0.989411188648743"
 [4] "0.989411188648743" "0.989411188648743" "0.989411188648743"
 [7] "0.989411188648743" "0.989411188648743" "0.989411188648743"
[10] "0.989411188648743" "0.989411188648743" "0.989411188648743"
[13] "0.989411188648743" "0.989411188648743" "0.989411188648743"
[16] "0.339736513792339" "0.339736513792339" "0.339736513792339"
[19] "0.339736513792339" "0.339736513792339" "0.339736513792339"
[22] "0.339736513792339" "0.339736513792339" "0.339736513792339"
[25] "0.339736513792339" "0.339736513792339" "0.339736513792339"
[28] "0.339736513792339" "0.339736513792339" "0.339736513792339"
[31] "0.339736513792339" "0.339736513792339" "0.339736513792339"
[34] "0.339736513792339" "0.339736513792339" "0.339736513792339"
[37] "0.339736513792339" "0.339736513792339" "0.339736513792339"
[40] "0.339736513792339" "0.339736513792339" "beta :"           
[43] "1"                
[1] 9932564
[1] 9932460
[1] 9932576
 [1] "sigma:"            "0.989411188648743" "0.989411188648743"
 [4] "0.989411188648743" "0.989411188648743" "0.989411188648743"
 [7] "0.989411188648743" "0.989411188648743" "0.989411188648743"
[10] "0.989411188648743" "0.989411188648743" "0.989411188648743"
[13] "0.989411188648743" "0.989411188648743" "0.989411188648743"
[16] "0.339736513792339" "0.339736513792339" "0.339736513792339"
[19] "0.339736513792339" "0.339736513792339" "0.339736513792339"
[22] "0.339736513792339" "0.339736513792339" "0.339736513792339"
[25] "0.339736513792339" "0.339736513792339" "0.339736513792339"
[28] "0.339736513792339" "0.339736513792339" "0.339736513792339"
[31] "0.339736513792339" "0.339736513792339" "0.339736513792339"
[34] "0.339736513792339" "0.339736513792339" "0.339736513792339"
[37] "0.339736513792339" "0.339736513792339" "0.339736513792339"
[40] "0.339736513792339" "0.339736513792339" "beta :"           
[43] "1"                
[1] " old Likelihood:  -9932463.84779255"
[1] "New Likelihood:  -9932460.06929915"
iter:  0  f-value:  33920.35  pgrad:  0.679473 
iter:  10  f-value:  33920.34  pgrad:  0.6788787 
iter:  20  f-value:  33920.34  pgrad:  0.6781082 
iter:  30  f-value:  33920.34  pgrad:  0.3428431 
  Unsuccessful convergence.
Time difference of 9.990574 mins
[1] "maxIt: 20"
[1] "It: 15"
 [1] "sigma:"            "0.989391624621853" "0.989391624621853"
 [4] "0.989391624621853" "0.989391624621853" "0.989391624621853"
 [7] "0.989391624621853" "0.989391624621853" "0.989391624621853"
[10] "0.989391624621853" "0.989391624621853" "0.989391624621853"
[13] "0.989391624621853" "0.989391624621853" "0.989391624621853"
[16] "0.338611367281342" "0.338611367281342" "0.338611367281342"
[19] "0.338611367281342" "0.338611367281342" "0.338611367281342"
[22] "0.338611367281342" "0.338611367281342" "0.338611367281342"
[25] "0.338611367281342" "0.338611367281342" "0.338611367281342"
[28] "0.338611367281342" "0.338611367281342" "0.338611367281342"
[31] "0.338611367281342" "0.338611367281342" "0.338611367281342"
[34] "0.338611367281342" "0.338611367281342" "0.338611367281342"
[37] "0.338611367281342" "0.338611367281342" "0.338611367281342"
[40] "0.338611367281342" "0.338611367281342" "beta :"           
[43] "1"                
[1] 9932561
[1] 9932457
[1] 9932572
 [1] "sigma:"            "0.989391624621853" "0.989391624621853"
 [4] "0.989391624621853" "0.989391624621853" "0.989391624621853"
 [7] "0.989391624621853" "0.989391624621853" "0.989391624621853"
[10] "0.989391624621853" "0.989391624621853" "0.989391624621853"
[13] "0.989391624621853" "0.989391624621853" "0.989391624621853"
[16] "0.338611367281342" "0.338611367281342" "0.338611367281342"
[19] "0.338611367281342" "0.338611367281342" "0.338611367281342"
[22] "0.338611367281342" "0.338611367281342" "0.338611367281342"
[25] "0.338611367281342" "0.338611367281342" "0.338611367281342"
[28] "0.338611367281342" "0.338611367281342" "0.338611367281342"
[31] "0.338611367281342" "0.338611367281342" "0.338611367281342"
[34] "0.338611367281342" "0.338611367281342" "0.338611367281342"
[37] "0.338611367281342" "0.338611367281342" "0.338611367281342"
[40] "0.338611367281342" "0.338611367281342" "beta :"           
[43] "1"                
[1] " old Likelihood:  -9932460.06929915"
[1] "New Likelihood:  -9932456.59242561"
iter:  0  f-value:  33948.8  pgrad:  0.6772227 
iter:  10  f-value:  33948.79  pgrad:  0.6766484 
iter:  20  f-value:  33948.79  pgrad:  0.6759113 
iter:  30  f-value:  33948.79  pgrad:  0.5219044 
  Unsuccessful convergence.
Time difference of 9.986919 mins
[1] "maxIt: 20"
[1] "It: 16"
 [1] "sigma:"            "0.989377665623499" "0.989377665623499"
 [4] "0.989377665623499" "0.989377665623499" "0.989377665623499"
 [7] "0.989377665623499" "0.989377665623499" "0.989377665623499"
[10] "0.989377665623499" "0.989377665623499" "0.989377665623499"
[13] "0.989377665623499" "0.989377665623499" "0.989377665623499"
[16] "0.337502581908028" "0.337502581908028" "0.337502581908028"
[19] "0.337502581908028" "0.337502581908028" "0.337502581908028"
[22] "0.337502581908028" "0.337502581908028" "0.337502581908028"
[25] "0.337502581908028" "0.337502581908028" "0.337502581908028"
[28] "0.337502581908028" "0.337502581908028" "0.337502581908028"
[31] "0.337502581908028" "0.337502581908028" "0.337502581908028"
[34] "0.337502581908028" "0.337502581908028" "0.337502581908028"
[37] "0.337502581908028" "0.337502581908028" "0.337502581908028"
[40] "0.337502581908028" "0.337502581908028" "beta :"           
[43] "1"                
[1] 9932559
[1] 9932453
[1] 9932567
 [1] "sigma:"            "0.989377665623499" "0.989377665623499"
 [4] "0.989377665623499" "0.989377665623499" "0.989377665623499"
 [7] "0.989377665623499" "0.989377665623499" "0.989377665623499"
[10] "0.989377665623499" "0.989377665623499" "0.989377665623499"
[13] "0.989377665623499" "0.989377665623499" "0.989377665623499"
[16] "0.337502581908028" "0.337502581908028" "0.337502581908028"
[19] "0.337502581908028" "0.337502581908028" "0.337502581908028"
[22] "0.337502581908028" "0.337502581908028" "0.337502581908028"
[25] "0.337502581908028" "0.337502581908028" "0.337502581908028"
[28] "0.337502581908028" "0.337502581908028" "0.337502581908028"
[31] "0.337502581908028" "0.337502581908028" "0.337502581908028"
[34] "0.337502581908028" "0.337502581908028" "0.337502581908028"
[37] "0.337502581908028" "0.337502581908028" "0.337502581908028"
[40] "0.337502581908028" "0.337502581908028" "beta :"           
[43] "1"                
[1] " old Likelihood:  -9932456.59242561"
[1] "New Likelihood:  -9932453.36615453"
iter:  0  f-value:  33976.13  pgrad:  0.6750052 
iter:  10  f-value:  33976.13  pgrad:  0.6744384 
iter:  20  f-value:  33976.12  pgrad:  0.5077163 
iter:  30  f-value:  33976.12  pgrad:  0.4275353 
  Unsuccessful convergence.
Time difference of 9.972226 mins
[1] "maxIt: 20"
[1] "It: 17"
 [1] "sigma:"            "0.989339633589444" "0.989339633589444"
 [4] "0.989339633589444" "0.989339633589444" "0.989339633589444"
 [7] "0.989339633589444" "0.989339633589444" "0.989339633589444"
[10] "0.989339633589444" "0.989339633589444" "0.989339633589444"
[13] "0.989339633589444" "0.989339633589444" "0.989339633589444"
[16] "0.336654529258925" "0.336654529258925" "0.336654529258925"
[19] "0.336654529258925" "0.336654529258925" "0.336654529258925"
[22] "0.336654529258925" "0.336654529258925" "0.336654529258925"
[25] "0.336654529258925" "0.336654529258925" "0.336654529258925"
[28] "0.336654529258925" "0.336654529258925" "0.336654529258925"
[31] "0.336654529258925" "0.336654529258925" "0.336654529258925"
[34] "0.336654529258925" "0.336654529258925" "0.336654529258925"
[37] "0.336654529258925" "0.336654529258925" "0.336654529258925"
[40] "0.336654529258925" "0.336654529258925" "beta :"           
[43] "1"                
[1] 9932556
[1] 9932451
[1] 9932564
 [1] "sigma:"            "0.989339633589444" "0.989339633589444"
 [4] "0.989339633589444" "0.989339633589444" "0.989339633589444"
 [7] "0.989339633589444" "0.989339633589444" "0.989339633589444"
[10] "0.989339633589444" "0.989339633589444" "0.989339633589444"
[13] "0.989339633589444" "0.989339633589444" "0.989339633589444"
[16] "0.336654529258925" "0.336654529258925" "0.336654529258925"
[19] "0.336654529258925" "0.336654529258925" "0.336654529258925"
[22] "0.336654529258925" "0.336654529258925" "0.336654529258925"
[25] "0.336654529258925" "0.336654529258925" "0.336654529258925"
[28] "0.336654529258925" "0.336654529258925" "0.336654529258925"
[31] "0.336654529258925" "0.336654529258925" "0.336654529258925"
[34] "0.336654529258925" "0.336654529258925" "0.336654529258925"
[37] "0.336654529258925" "0.336654529258925" "0.336654529258925"
[40] "0.336654529258925" "0.336654529258925" "beta :"           
[43] "1"                
[1] " old Likelihood:  -9932453.36615453"
[1] "New Likelihood:  -9932450.55148461"
iter:  0  f-value:  33998.6  pgrad:  0.6733091 
iter:  10  f-value:  33998.6  pgrad:  0.6727571 
iter:  20  f-value:  33998.6  pgrad:  0.5681068 
iter:  30  f-value:  33998.6  pgrad:  0.5056144 
  Unsuccessful convergence.
Time difference of 9.989793 mins
[1] "maxIt: 20"
[1] "It: 18"
 [1] "sigma:"            "0.989353308988088" "0.989353308988088"
 [4] "0.989353308988088" "0.989353308988088" "0.989353308988088"
 [7] "0.989353308988088" "0.989353308988088" "0.989353308988088"
[10] "0.989353308988088" "0.989353308988088" "0.989353308988088"
[13] "0.989353308988088" "0.989353308988088" "0.989353308988088"
[16] "0.335557741114734" "0.335557741114734" "0.335557741114734"
[19] "0.335557741114734" "0.335557741114734" "0.335557741114734"
[22] "0.335557741114734" "0.335557741114734" "0.335557741114734"
[25] "0.335557741114734" "0.335557741114734" "0.335557741114734"
[28] "0.335557741114734" "0.335557741114734" "0.335557741114734"
[31] "0.335557741114734" "0.335557741114734" "0.335557741114734"
[34] "0.335557741114734" "0.335557741114734" "0.335557741114734"
[37] "0.335557741114734" "0.335557741114734" "0.335557741114734"
[40] "0.335557741114734" "0.335557741114734" "beta :"           
[43] "1"                
[1] 9932554
[1] 9932448
[1] 9932560
 [1] "sigma:"            "0.989353308988088" "0.989353308988088"
 [4] "0.989353308988088" "0.989353308988088" "0.989353308988088"
 [7] "0.989353308988088" "0.989353308988088" "0.989353308988088"
[10] "0.989353308988088" "0.989353308988088" "0.989353308988088"
[13] "0.989353308988088" "0.989353308988088" "0.989353308988088"
[16] "0.335557741114734" "0.335557741114734" "0.335557741114734"
[19] "0.335557741114734" "0.335557741114734" "0.335557741114734"
[22] "0.335557741114734" "0.335557741114734" "0.335557741114734"
[25] "0.335557741114734" "0.335557741114734" "0.335557741114734"
[28] "0.335557741114734" "0.335557741114734" "0.335557741114734"
[31] "0.335557741114734" "0.335557741114734" "0.335557741114734"
[34] "0.335557741114734" "0.335557741114734" "0.335557741114734"
[37] "0.335557741114734" "0.335557741114734" "0.335557741114734"
[40] "0.335557741114734" "0.335557741114734" "beta :"           
[43] "1"                
[1] " old Likelihood:  -9932450.55148461"
[1] "New Likelihood:  -9932447.69244288"
iter:  0  f-value:  34026.29  pgrad:  0.6711155 
iter:  10  f-value:  34026.28  pgrad:  0.6705753 
iter:  20  f-value:  34026.28  pgrad:  0.6473419 
iter:  30  f-value:  34026.28  pgrad:  0.4239701 
  Unsuccessful convergence.
Time difference of 9.967227 mins
[1] "maxIt: 20"
[1] "It: 19"
 [1] "sigma:"            "0.989353587971456" "0.989353587971456"
 [4] "0.989353587971456" "0.989353587971456" "0.989353587971456"
 [7] "0.989353587971456" "0.989353587971456" "0.989353587971456"
[10] "0.989353587971456" "0.989353587971456" "0.989353587971456"
[13] "0.989353587971456" "0.989353587971456" "0.989353587971456"
[16] "0.334460128031766" "0.334460128031766" "0.334460128031766"
[19] "0.334460128031766" "0.334460128031766" "0.334460128031766"
[22] "0.334460128031766" "0.334460128031766" "0.334460128031766"
[25] "0.334460128031766" "0.334460128031766" "0.334460128031766"
[28] "0.334460128031766" "0.334460128031766" "0.334460128031766"
[31] "0.334460128031766" "0.334460128031766" "0.334460128031766"
[34] "0.334460128031766" "0.334460128031766" "0.334460128031766"
[37] "0.334460128031766" "0.334460128031766" "0.334460128031766"
[40] "0.334460128031766" "0.334460128031766" "beta :"           
[43] "1"                
[1] 9932552
[1] 9932445
[1] 9932557
 [1] "sigma:"            "0.989353587971456" "0.989353587971456"
 [4] "0.989353587971456" "0.989353587971456" "0.989353587971456"
 [7] "0.989353587971456" "0.989353587971456" "0.989353587971456"
[10] "0.989353587971456" "0.989353587971456" "0.989353587971456"
[13] "0.989353587971456" "0.989353587971456" "0.989353587971456"
[16] "0.334460128031766" "0.334460128031766" "0.334460128031766"
[19] "0.334460128031766" "0.334460128031766" "0.334460128031766"
[22] "0.334460128031766" "0.334460128031766" "0.334460128031766"
[25] "0.334460128031766" "0.334460128031766" "0.334460128031766"
[28] "0.334460128031766" "0.334460128031766" "0.334460128031766"
[31] "0.334460128031766" "0.334460128031766" "0.334460128031766"
[34] "0.334460128031766" "0.334460128031766" "0.334460128031766"
[37] "0.334460128031766" "0.334460128031766" "0.334460128031766"
[40] "0.334460128031766" "0.334460128031766" "beta :"           
[43] "1"                
[1] " old Likelihood:  -9932447.69244288"
[1] "New Likelihood:  -9932444.9923614"
iter:  0  f-value:  34054.02  pgrad:  0.6689203 
iter:  10  f-value:  34054.01  pgrad:  0.6684653 
iter:  20  f-value:  34054.01  pgrad:  0.5764741 
iter:  30  f-value:  34054.01  pgrad:  0.4332105 
  Unsuccessful convergence.
Time difference of 9.957799 mins
[1] "maxIt: 20"
[1] "It: 20"
 [1] "sigma:"            "0.989300812573655" "0.989300812573655"
 [4] "0.989300812573655" "0.989300812573655" "0.989300812573655"
 [7] "0.989300812573655" "0.989300812573655" "0.989300812573655"
[10] "0.989300812573655" "0.989300812573655" "0.989300812573655"
[13] "0.989300812573655" "0.989300812573655" "0.989300812573655"
[16] "0.333711400029954" "0.333711400029954" "0.333711400029954"
[19] "0.333711400029954" "0.333711400029954" "0.333711400029954"
[22] "0.333711400029954" "0.333711400029954" "0.333711400029954"
[25] "0.333711400029954" "0.333711400029954" "0.333711400029954"
[28] "0.333711400029954" "0.333711400029954" "0.333711400029954"
[31] "0.333711400029954" "0.333711400029954" "0.333711400029954"
[34] "0.333711400029954" "0.333711400029954" "0.333711400029954"
[37] "0.333711400029954" "0.333711400029954" "0.333711400029954"
[40] "0.333711400029954" "0.333711400029954" "beta :"           
[43] "1"                
[1] 9932550
[1] 9932443
[1] 9932554
 [1] "sigma:"            "0.989300812573655" "0.989300812573655"
 [4] "0.989300812573655" "0.989300812573655" "0.989300812573655"
 [7] "0.989300812573655" "0.989300812573655" "0.989300812573655"
[10] "0.989300812573655" "0.989300812573655" "0.989300812573655"
[13] "0.989300812573655" "0.989300812573655" "0.989300812573655"
[16] "0.333711400029954" "0.333711400029954" "0.333711400029954"
[19] "0.333711400029954" "0.333711400029954" "0.333711400029954"
[22] "0.333711400029954" "0.333711400029954" "0.333711400029954"
[25] "0.333711400029954" "0.333711400029954" "0.333711400029954"
[28] "0.333711400029954" "0.333711400029954" "0.333711400029954"
[31] "0.333711400029954" "0.333711400029954" "0.333711400029954"
[34] "0.333711400029954" "0.333711400029954" "0.333711400029954"
[37] "0.333711400029954" "0.333711400029954" "0.333711400029954"
[40] "0.333711400029954" "0.333711400029954" "beta :"           
[43] "1"                
[1] " old Likelihood:  -9932444.9923614"
[1] "New Likelihood:  -9932442.77391881"
iter:  0  f-value:  34073.9  pgrad:  0.6674228 
iter:  10  f-value:  34073.89  pgrad:  0.6669695 
iter:  20  f-value:  34073.89  pgrad:  0.5236507 
iter:  30  f-value:  34073.89  pgrad:  0.3632158 
  Unsuccessful convergence.
Time difference of 9.980886 mins
 [1] "sigma:"            "0.989272637138084" "0.989272637138084"
 [4] "0.989272637138084" "0.989272637138084" "0.989272637138084"
 [7] "0.989272637138084" "0.989272637138084" "0.989272637138084"
[10] "0.989272637138084" "0.989272637138084" "0.989272637138084"
[13] "0.989272637138084" "0.989272637138084" "0.989272637138084"
[16] "0.332941898688523" "0.332941898688523" "0.332941898688523"
[19] "0.332941898688523" "0.332941898688523" "0.332941898688523"
[22] "0.332941898688523" "0.332941898688523" "0.332941898688523"
[25] "0.332941898688523" "0.332941898688523" "0.332941898688523"
[28] "0.332941898688523" "0.332941898688523" "0.332941898688523"
[31] "0.332941898688523" "0.332941898688523" "0.332941898688523"
[34] "0.332941898688523" "0.332941898688523" "0.332941898688523"
[37] "0.332941898688523" "0.332941898688523" "0.332941898688523"
[40] "0.332941898688523" "0.332941898688523" "beta :"           
[43] "1"                
[1] 1999582 1999884 1998714 1999932 1999964
[1] 1 1 1 1 1
saved RDS
inference successful
