[1] "Original length"
[1] 999933
[1] "Final length"
[1] 18754
[1] "sequence length : 999934" "sequence length : 999269"
[3] "sequence length : 999754" "sequence length : 999972"
[5] "sequence length : 999657"
[1] "former Rho:"
[1] 1450.006 1221.676 1349.224 1465.227 1385.723
[1] "old mu :"
[1] 0.0007250507 0.0006112848 0.0006747780 0.0007326338 0.0006930991
[1] "new mu :"
[1] 0.0006873693
[1] "new Rho:"
[1] 1374.648 1373.734 1374.400 1374.700 1374.267
[1] 1 1 1 1 1
[1] "Beta: 1"
[1] "Self: 0"
[1] 1
[1] "Rho"
[1] 1374.648 1373.734 1374.400 1374.700 1374.267
[1] "It: 1"
[1] "sigma:" "0"      "beta :" "1"     
[1] "rho/theta:" "1"         
[1] "sigma:" "0"      "beta :" "1"     
[1] "rho/theta:" "1"         
Time difference of 1.543829 secs
[1] "New Likelihood:  -9497096.08591337"
[1] 4998581
[1] 4998586
iter:  0  f-value:  38888.35  pgrad:  0.5 
iter:  10  f-value:  38883.86  pgrad:  0.9931245 
iter:  20  f-value:  38882.79  pgrad:  0.5062658 
iter:  30  f-value:  38882.52  pgrad:  0.9477915 
  Unsuccessful convergence.
[1] 0.05249573
 [1] "Xi: 0.501436599072831" "Xi: 0.501452139816067" "Xi: 0.504619100955481"
 [4] "Xi: 0.505769441576046" "Xi: 0.508117622783984" "Xi: 0.510565354794577"
 [7] "Xi: 0.510976199111134" "Xi: 0.51310169471513"  "Xi: 0.519208807358258"
[10] "Xi: 0.517812845786856" "Xi: 0.516074890997437" "Xi: 0.513148433290795"
[13] "Xi: 0.510366779573788" "Xi: 0.508058767211573" "Xi: 0.506293445171227"
[16] "Xi: 0.505027775169095" "Xi: 0.504057341620704" "Xi: 0.503311053519732"
[19] "Xi: 0.502633999794079" "Xi: 0.502805398114259"
Time difference of 7.925013 mins
[1] "Rho"
[1] 1374.648 1373.734 1374.400 1374.700 1374.267
[1] "It: 2"
[1] "sigma:"             "0.0519707728032847" "beta :"            
[4] "1"                 
[1] "rho/theta:" "1"         
Time difference of 1.541901 secs
[1] " old Likelihood:  -9497096.08591337"
[1] "New Likelihood:  -9495490.11753084"
[1] 4998581
[1] 4998586
iter:  0  f-value:  38637.1  pgrad:  0.9475043 
iter:  10  f-value:  38636.06  pgrad:  0.9383779 
iter:  20  f-value:  38635.61  pgrad:  0.9186797 
iter:  30  f-value:  38635.57  pgrad:  0.9144654 
  Unsuccessful convergence.
[1] 0.08614763
 [1] "Xi: 0.501934251945462" "Xi: 0.501933303806978" "Xi: 0.506273710387525"
 [4] "Xi: 0.509012125436956" "Xi: 0.512963280484626" "Xi: 0.516875277532945"
 [7] "Xi: 0.516731471858337" "Xi: 0.517652694013766" "Xi: 0.527823554686032"
[10] "Xi: 0.526683087148681" "Xi: 0.523846763527988" "Xi: 0.51952669968842" 
[13] "Xi: 0.515266515389486" "Xi: 0.511924509565293" "Xi: 0.509529507222692"
[16] "Xi: 0.507772735277572" "Xi: 0.506375093748655" "Xi: 0.505304987054566"
[19] "Xi: 0.504576152485715" "Xi: 0.504635310509682"
Time difference of 4.424377 mins
[1] "Rho"
[1] 1374.648 1373.734 1374.400 1374.700 1374.267
[1] "It: 3"
[1] "sigma:"             "0.0852861554389487" "beta :"            
[4] "1"                 
[1] "rho/theta:" "1"         
Time difference of 1.562991 secs
[1] " old Likelihood:  -9495490.11753084"
[1] "New Likelihood:  -9495051.7603569"
[1] 4998581
[1] 4998586
iter:  0  f-value:  38311.99  pgrad:  0.9138524 
iter:  10  f-value:  38311.62  pgrad:  0.9057485 
iter:  20  f-value:  38311.39  pgrad:  0.5144702 
iter:  30  f-value:  38311.31  pgrad:  0.8852455 
  Unsuccessful convergence.
[1] 0.114764
 [1] "Xi: 0.502294050740534" "Xi: 0.502276109563493" "Xi: 0.507408935190448"
 [4] "Xi: 0.511355796910155" "Xi: 0.516950862960188" "Xi: 0.522253133610867"
 [7] "Xi: 0.521259099798434" "Xi: 0.519517479468285" "Xi: 0.532684541462517"
[10] "Xi: 0.531503403492592" "Xi: 0.528072960431852" "Xi: 0.523007315647531"
[13] "Xi: 0.517950811194997" "Xi: 0.514095733727159" "Xi: 0.511490368543968"
[16] "Xi: 0.509609574246101" "Xi: 0.508047261122264" "Xi: 0.506809135234217"
[19] "Xi: 0.506062261040741" "Xi: 0.506102377982266"
Time difference of 4.430432 mins
[1] "Rho"
[1] 1374.648 1373.734 1374.400 1374.700 1374.267
[1] "It: 4"
[1] "sigma:"            "0.113616339141638" "beta :"           
[4] "1"                
[1] "rho/theta:" "1"         
Time difference of 1.54622 secs
[1] " old Likelihood:  -9495051.7603569"
[1] "New Likelihood:  -9494837.4256959"
[1] 4998581
[1] 4998586
iter:  0  f-value:  37907.22  pgrad:  0.885236 
iter:  10  f-value:  37907  pgrad:  0.8780269 
iter:  20  f-value:  37906.95  pgrad:  0.5194769 
iter:  30  f-value:  37906.76  pgrad:  0.8613948 
  Unsuccessful convergence.
[1] 0.1386239
 [1] "Xi: 0.502486017249106" "Xi: 0.502456485327636" "Xi: 0.507999032374172"
 [4] "Xi: 0.51267579353563"  "Xi: 0.519526494495875" "Xi: 0.525867624697209"
 [7] "Xi: 0.524273046497478" "Xi: 0.519840453354814" "Xi: 0.535354346817354"
[10] "Xi: 0.534264826441912" "Xi: 0.530547657285411" "Xi: 0.52508487446441" 
[13] "Xi: 0.519510381488557" "Xi: 0.515364142485489" "Xi: 0.512743860855322"
[16] "Xi: 0.510893450005268" "Xi: 0.509283744609374" "Xi: 0.507960669197725"
[19] "Xi: 0.50725166436171"  "Xi: 0.507357418820034"
Time difference of 4.435603 mins
[1] "Rho"
[1] 1374.648 1373.734 1374.400 1374.700 1374.267
[1] "It: 5"
[1] "sigma:"            "0.137237684415149" "beta :"           
[4] "1"                
[1] "rho/theta:" "1"         
Time difference of 1.588519 secs
[1] " old Likelihood:  -9494837.4256959"
[1] "New Likelihood:  -9494686.99440448"
[1] 4998581
[1] 4998586
iter:  0  f-value:  37505.9  pgrad:  0.8613761 
iter:  10  f-value:  37505.63  pgrad:  0.850854 
iter:  20  f-value:  37505.52  pgrad:  0.8415751 
iter:  30  f-value:  37505.51  pgrad:  0.8393374 
  Unsuccessful convergence.
[1] 0.1606771
 [1] "Xi: 0.502687412939783" "Xi: 0.502643767270135" "Xi: 0.508603323180236"
 [4] "Xi: 0.514007240892667" "Xi: 0.522094281581954" "Xi: 0.529425911796256"
 [7] "Xi: 0.527275142854514" "Xi: 0.519899060328578" "Xi: 0.537441224696438"
[10] "Xi: 0.536281804494405" "Xi: 0.532355793826997" "Xi: 0.52661554470998" 
[13] "Xi: 0.52061822912087"  "Xi: 0.516251265664752" "Xi: 0.513700635183862"
[16] "Xi: 0.511938693911785" "Xi: 0.510327686381247" "Xi: 0.508953976187011"
[19] "Xi: 0.508310321302461" "Xi: 0.508497730522314"
Time difference of 4.430618 mins
[1] "Rho"
[1] 1374.648 1373.734 1374.400 1374.700 1374.267
[1] "It: 6"
[1] "sigma:"            "0.159070295710215" "beta :"           
[4] "1"                
[1] "rho/theta:" "1"         
Time difference of 1.54676 secs
[1] " old Likelihood:  -9494686.99440448"
[1] "New Likelihood:  -9494552.0088299"
[1] 4998581
[1] 4998586
iter:  0  f-value:  37096.63  pgrad:  0.8393229 
iter:  10  f-value:  37096.42  pgrad:  0.8315512 
iter:  20  f-value:  37096.29  pgrad:  0.8226179 
iter:  30  f-value:  37096.27  pgrad:  0.8196562 
  Unsuccessful convergence.
[1] 0.1803658
 [1] "Xi: 0.502870128932153" "Xi: 0.502812265222402" "Xi: 0.509141431670997"
 [4] "Xi: 0.515163587907121" "Xi: 0.524266942974845" "Xi: 0.53240009108445" 
 [7] "Xi: 0.529867384132124" "Xi: 0.519821269710424" "Xi: 0.539070120543391"
[10] "Xi: 0.537827942828676" "Xi: 0.533780373683222" "Xi: 0.52783985252975" 
[13] "Xi: 0.521463192935591" "Xi: 0.516967321365367" "Xi: 0.514452472433553"
[16] "Xi: 0.512792292222848" "Xi: 0.511197047970662" "Xi: 0.509790033331861"
[19] "Xi: 0.5092283627538"   "Xi: 0.509509414065261"
Time difference of 4.431895 mins
[1] "Rho"
[1] 1374.648 1373.734 1374.400 1374.700 1374.267
[1] "It: 7"
[1] "sigma:"            "0.178562154903108" "beta :"           
[4] "1"                
[1] "rho/theta:" "1"         
Time difference of 1.553771 secs
[1] " old Likelihood:  -9494552.0088299"
[1] "New Likelihood:  -9494431.46445345"
[1] 4998581
[1] 4998586
iter:  0  f-value:  36708.16  pgrad:  0.8196342 
iter:  10  f-value:  36707.98  pgrad:  0.8136373 
iter:  20  f-value:  36707.82  pgrad:  0.8008657 
iter:  30  f-value:  36707.81  pgrad:  0.5120643 
  Unsuccessful convergence.
[1] 0.200483
 [1] "Xi: 0.503104683649383" "Xi: 0.503027697779169" "Xi: 0.509819944429347"
 [4] "Xi: 0.516627085913483" "Xi: 0.527052353819548" "Xi: 0.536199870130165"
 [7] "Xi: 0.533233536638022" "Xi: 0.519947272098136" "Xi: 0.54097910508579" 
[10] "Xi: 0.539489374229136" "Xi: 0.535216241677219" "Xi: 0.529073956246091"
[13] "Xi: 0.522322410782489" "Xi: 0.517646486735547" "Xi: 0.515194872700796"
[16] "Xi: 0.51364425501551"  "Xi: 0.512057251834758" "Xi: 0.510620199468752"
[19] "Xi: 0.510147287389104" "Xi: 0.510532165460418"
Time difference of 4.423565 mins
[1] "Rho"
[1] 1374.648 1373.734 1374.400 1374.700 1374.267
[1] "It: 8"
[1] "sigma:"            "0.198478187083641" "beta :"           
[4] "1"                
[1] "rho/theta:" "1"         
Time difference of 1.574212 secs
[1] " old Likelihood:  -9494431.46445345"
[1] "New Likelihood:  -9494307.97198008"
[1] 4998581
[1] 4998586
iter:  0  f-value:  36296.3  pgrad:  0.799517 
iter:  10  f-value:  36296.09  pgrad:  0.7920877 
iter:  20  f-value:  36295.98  pgrad:  0.7819769 
iter:  30  f-value:  36295.97  pgrad:  0.4817074 
  Unsuccessful convergence.
[1] 0.2193122
 [1] "Xi: 0.503398860259968" "Xi: 0.503295883329026" "Xi: 0.510650251333232"
 [4] "Xi: 0.518298727589515" "Xi: 0.529976918486242" "Xi: 0.540046311969277"
 [7] "Xi: 0.536700266471788" "Xi: 0.520013563988945" "Xi: 0.542764416044166"
[10] "Xi: 0.540971013410934" "Xi: 0.53651448931455"  "Xi: 0.530217005477437"
[13] "Xi: 0.523105476719069" "Xi: 0.518244123142571" "Xi: 0.515861412261305"
[16] "Xi: 0.514407880348777" "Xi: 0.512833210373544" "Xi: 0.511367888851385"
[19] "Xi: 0.510989891404532" "Xi: 0.511483549448924"
Time difference of 4.419274 mins
[1] "Rho"
[1] 1374.648 1373.734 1374.400 1374.700 1374.267
[1] "It: 9"
[1] "sigma:"            "0.217119081554506" "beta :"           
[4] "1"                
[1] "rho/theta:" "1"         
Time difference of 1.571391 secs
[1] " old Likelihood:  -9494307.97198008"
[1] "New Likelihood:  -9494191.89295089"
[1] 4998581
[1] 4998586
iter:  0  f-value:  35895.99  pgrad:  0.7806878 
iter:  10  f-value:  35895.8  pgrad:  0.7734426 
iter:  20  f-value:  35895.7  pgrad:  0.7650063 
iter:  30  f-value:  35895.69  pgrad:  0.7635921 
  Unsuccessful convergence.
[1] 0.2364186
 [1] "Xi: 0.503648765344422" "Xi: 0.503521378450594" "Xi: 0.511347169138299"
 [4] "Xi: 0.519646154562971" "Xi: 0.532221203743598" "Xi: 0.542943731187594"
 [7] "Xi: 0.539409874275369" "Xi: 0.519950414090298" "Xi: 0.54419821923621" 
[10] "Xi: 0.5421985575272"   "Xi: 0.537669015011156" "Xi: 0.531271302833774"
[13] "Xi: 0.523817459979852" "Xi: 0.518767107821844" "Xi: 0.51644496605747" 
[16] "Xi: 0.515077563211285" "Xi: 0.513511380886234" "Xi: 0.512017937718959"
[19] "Xi: 0.511739730782477" "Xi: 0.512345400002948"
Time difference of 4.426045 mins
[1] "Rho"
[1] 1374.648 1373.734 1374.400 1374.700 1374.267
[1] "It: 10"
[1] "sigma:"            "0.234054437581564" "beta :"           
[4] "1"                
[1] "rho/theta:" "1"         
Time difference of 1.567571 secs
[1] " old Likelihood:  -9494191.89295089"
[1] "New Likelihood:  -9494086.20395222"
[1] 4998581
[1] 4998586
iter:  0  f-value:  35520.07  pgrad:  0.7635814 
iter:  10  f-value:  35519.88  pgrad:  0.7565244 
iter:  20  f-value:  35519.79  pgrad:  0.7489027 
iter:  30  f-value:  35519.78  pgrad:  0.7472914 
  Unsuccessful convergence.
[1] 0.2527189
 [1] "Xi: 0.503902101169243" "Xi: 0.503747881067251" "Xi: 0.512037201283033"
 [4] "Xi: 0.520962007174418" "Xi: 0.534387658754497" "Xi: 0.545724672150336"
 [7] "Xi: 0.542076106080899" "Xi: 0.519997791195396" "Xi: 0.545603875405049"
[10] "Xi: 0.543391186053724" "Xi: 0.53879775976948"  "Xi: 0.532323248063797"
[13] "Xi: 0.524528787447086" "Xi: 0.519282363850301" "Xi: 0.51699980935991" 
[16] "Xi: 0.515713395185716" "Xi: 0.514146032884918" "Xi: 0.51262177321373" 
[19] "Xi: 0.512442981086198" "Xi: 0.513165870737631"
Time difference of 4.44288 mins
[1] "Rho"
[1] 1374.648 1373.734 1374.400 1374.700 1374.267
[1] "It: 11"
[1] "sigma:"            "0.250191727422638" "beta :"           
[4] "1"                
[1] "rho/theta:" "1"         
Time difference of 1.560941 secs
[1] " old Likelihood:  -9494086.20395222"
[1] "New Likelihood:  -9493985.77071509"
[1] 4998581
[1] 4998586
iter:  0  f-value:  35153.48  pgrad:  0.7472811 
iter:  10  f-value:  35153.3  pgrad:  0.7404241 
iter:  20  f-value:  35153.22  pgrad:  0.7326287 
iter:  30  f-value:  35153.21  pgrad:  0.7317115 
  Unsuccessful convergence.
[1] 0.2682994
 [1] "Xi: 0.504155533801849" "Xi: 0.503972323877466" "Xi: 0.512715861642229"
 [4] "Xi: 0.522238878920711" "Xi: 0.536464319318988" "Xi: 0.548374923817653"
 [7] "Xi: 0.544674451210752" "Xi: 0.520132904992501" "Xi: 0.546962031510189"
[10] "Xi: 0.544533722653052" "Xi: 0.539892960780619" "Xi: 0.533367647451685"
[13] "Xi: 0.525239768618084" "Xi: 0.519791027247038" "Xi: 0.517539257451023"
[16] "Xi: 0.51632223203696"  "Xi: 0.514747499693936" "Xi: 0.513187228623718"
[19] "Xi: 0.513111034872834" "Xi: 0.513951485542026"
Time difference of 4.439038 mins
[1] "Rho"
[1] 1374.648 1373.734 1374.400 1374.700 1374.267
[1] "It: 12"
[1] "sigma:"            "0.265616441781082" "beta :"           
[4] "1"                
[1] "rho/theta:" "1"         
Time difference of 1.623429 secs
[1] " old Likelihood:  -9493985.77071509"
[1] "New Likelihood:  -9493890.25810987"
[1] 4998581
[1] 4998586
iter:  0  f-value:  34795.83  pgrad:  0.7317006 
iter:  10  f-value:  34795.65  pgrad:  0.725031 
iter:  20  f-value:  34795.58  pgrad:  0.7178892 
iter:  30  f-value:  34795.57  pgrad:  0.5203183 
  Unsuccessful convergence.
[1] 0.2834334
 [1] "Xi: 0.504445621657903" "Xi: 0.504229020401023" "Xi: 0.513480004361803"
 [4] "Xi: 0.523687856266824" "Xi: 0.538869477248274" "Xi: 0.551453831479178"
 [7] "Xi: 0.547728818783635" "Xi: 0.520476713066194" "Xi: 0.548461830551781"
[10] "Xi: 0.545739618197977" "Xi: 0.540969726056935" "Xi: 0.534418161420325"
[13] "Xi: 0.525962131384572" "Xi: 0.520307744148233" "Xi: 0.518076459340437"
[16] "Xi: 0.516919377701083" "Xi: 0.515329704168253" "Xi: 0.513728791386611"
[19] "Xi: 0.513755858842076" "Xi: 0.514716808959166"
Time difference of 4.441758 mins
[1] "Rho"
[1] 1374.648 1373.734 1374.400 1374.700 1374.267
[1] "It: 13"
[1] "sigma:"            "0.280599099561854" "beta :"           
[4] "1"                
[1] "rho/theta:" "1"         
Time difference of 1.568923 secs
[1] " old Likelihood:  -9493890.25810987"
[1] "New Likelihood:  -9493798.15908663"
[1] 4998581
[1] 4998586
iter:  0  f-value:  34442.03  pgrad:  0.7165666 
iter:  10  f-value:  34441.86  pgrad:  0.7100682 
iter:  20  f-value:  34441.8  pgrad:  0.7039555 
iter:  30  f-value:  34441.79  pgrad:  0.7027797 
  Unsuccessful convergence.
[1] 0.2972292
 [1] "Xi: 0.504691050921439" "Xi: 0.504444147745848" "Xi: 0.514119840849662"
 [4] "Xi: 0.524851958505852" "Xi: 0.540701623119861" "Xi: 0.553752579024334"
 [7] "Xi: 0.550059670887547" "Xi: 0.52068298721295"  "Xi: 0.549630275593902"
[10] "Xi: 0.54668641994855"  "Xi: 0.541909417534845" "Xi: 0.535382895011229"
[13] "Xi: 0.526622830550229" "Xi: 0.520758337486468" "Xi: 0.518551792292402"
[16] "Xi: 0.517451322302696" "Xi: 0.51584457024719"  "Xi: 0.514200155177515"
[19] "Xi: 0.51433240909324"  "Xi: 0.515414555848713"
Time difference of 4.433342 mins
[1] "Rho"
[1] 1374.648 1373.734 1374.400 1374.700 1374.267
[1] "It: 14"
[1] "sigma:"            "0.294256909313727" "beta :"           
[4] "1"                
[1] "rho/theta:" "1"         
Time difference of 1.543014 secs
[1] " old Likelihood:  -9493798.15908663"
[1] "New Likelihood:  -9493714.42876305"
[1] 4998581
[1] 4998586
iter:  0  f-value:  34110.98  pgrad:  0.7027708 
iter:  10  f-value:  34110.82  pgrad:  0.6964769 
iter:  20  f-value:  34110.76  pgrad:  0.6900828 
iter:  30  f-value:  34110.75  pgrad:  0.4737308 
  Unsuccessful convergence.
[1] 0.3108071
 [1] "Xi: 0.504989824541066" "Xi: 0.504704572916285" "Xi: 0.514884207907822"
 [4] "Xi: 0.526273024276407" "Xi: 0.543025442600603" "Xi: 0.556695710557146"
 [7] "Xi: 0.553060419780073" "Xi: 0.521154374625983" "Xi: 0.55100676281301" 
[10] "Xi: 0.547742266903974" "Xi: 0.542878685233349" "Xi: 0.536378267431919"
[13] "Xi: 0.527259486486014" "Xi: 0.521240024562384" "Xi: 0.519043076347721"
[16] "Xi: 0.517989615675648" "Xi: 0.516355958406044" "Xi: 0.51466384115367" 
[19] "Xi: 0.514900787629581" "Xi: 0.516092301385048"
Time difference of 4.425637 mins
[1] "Rho"
[1] 1374.648 1373.734 1374.400 1374.700 1374.267
[1] "It: 15"
[1] "sigma:"            "0.307699039703637" "beta :"           
[4] "1"                
[1] "rho/theta:" "1"         
Time difference of 1.551171 secs
[1] " old Likelihood:  -9493714.42876305"
[1] "New Likelihood:  -9493633.05112966"
[1] 4998581
[1] 4998586
iter:  0  f-value:  33780.81  pgrad:  0.6891929 
iter:  10  f-value:  33780.66  pgrad:  0.6830851 
iter:  20  f-value:  33780.61  pgrad:  0.6766149 
iter:  30  f-value:  33780.6  pgrad:  0.4724312 
  Unsuccessful convergence.
[1] 0.3236732
 [1] "Xi: 0.505273980426185" "Xi: 0.504949379286976" "Xi: 0.515596866129273"
 [4] "Xi: 0.527572759744059" "Xi: 0.545101852987903" "Xi: 0.559297455044423"
 [7] "Xi: 0.555754360480217" "Xi: 0.521585670478055" "Xi: 0.552239657323589"
[10] "Xi: 0.548698207312246" "Xi: 0.543782879575709" "Xi: 0.537339536998139"
[13] "Xi: 0.527935230460236" "Xi: 0.521700443371649" "Xi: 0.519512466311088"
[16] "Xi: 0.518500833811655" "Xi: 0.516835011082572" "Xi: 0.515092326791636"
[19] "Xi: 0.515434950397241" "Xi: 0.516751001447994"
Time difference of 4.436955 mins
[1] "Rho"
[1] 1374.648 1373.734 1374.400 1374.700 1374.267
[1] "It: 16"
[1] "sigma:"          "0.3204364955888" "beta :"          "1"              
[1] "rho/theta:" "1"         
Time difference of 1.568057 secs
[1] " old Likelihood:  -9493633.05112966"
[1] "New Likelihood:  -9493556.6806991"
[1] 4998581
[1] 4998586
iter:  0  f-value:  33462.44  pgrad:  0.6763268 
iter:  10  f-value:  33462.29  pgrad:  0.670419 
iter:  20  f-value:  33462.24  pgrad:  0.6642595 
iter:  30  f-value:  33462.24  pgrad:  0.4576577 
  Unsuccessful convergence.
[1] 0.3359089
 [1] "Xi: 0.505577913231614" "Xi: 0.505208773125911" "Xi: 0.516347023805219"
 [4] "Xi: 0.528941483570185" "Xi: 0.547299285503493" "Xi: 0.56204620990651" 
 [7] "Xi: 0.558625494136145" "Xi: 0.522110343878642" "Xi: 0.553478642619378"
[10] "Xi: 0.549629329561475" "Xi: 0.54463142883306"  "Xi: 0.538267898978348"
[13] "Xi: 0.528589123222174" "Xi: 0.522147631795681" "Xi: 0.519963010802646"
[16] "Xi: 0.518989345290581" "Xi: 0.517287106374426" "Xi: 0.515490777505187"
[19] "Xi: 0.515939046893262" "Xi: 0.517380410549712"
Time difference of 4.43516 mins
[1] "Rho"
[1] 1374.648 1373.734 1374.400 1374.700 1374.267
[1] "It: 17"
[1] "sigma:"            "0.332549796521547" "beta :"           
[4] "1"                
[1] "rho/theta:" "1"         
Time difference of 1.558046 secs
[1] " old Likelihood:  -9493556.6806991"
[1] "New Likelihood:  -9493484.89629532"
[1] 4998581
[1] 4998586
iter:  0  f-value:  33154.46  pgrad:  0.6640911 
iter:  10  f-value:  33154.32  pgrad:  0.6583726 
iter:  20  f-value:  33154.27  pgrad:  0.6526606 
iter:  30  f-value:  33154.27  pgrad:  0.5177209 
  Unsuccessful convergence.
[1] 0.3475002
 [1] "Xi: 0.505874427040379" "Xi: 0.505460708050527" "Xi: 0.517066178693531"
 [4] "Xi: 0.530235187225998" "Xi: 0.549342334175768" "Xi: 0.564578168738036"
 [7] "Xi: 0.561292490559455" "Xi: 0.522611410642803" "Xi: 0.55459440513548" 
[10] "Xi: 0.550446190555824" "Xi: 0.545400656482893" "Xi: 0.539156874249928"
[13] "Xi: 0.529205836735401" "Xi: 0.522571516711704" "Xi: 0.520391011432396"
[16] "Xi: 0.519453496135692" "Xi: 0.517710449058605" "Xi: 0.515858624721733"
[19] "Xi: 0.516411275596071" "Xi: 0.51797992225286" 
Time difference of 4.438119 mins
[1] "Rho"
[1] 1374.648 1373.734 1374.400 1374.700 1374.267
[1] "It: 18"
[1] "sigma:"           "0.34402522323492" "beta :"           "1"               
[1] "rho/theta:" "1"         
Time difference of 1.558752 secs
[1] " old Likelihood:  -9493484.89629532"
[1] "New Likelihood:  -9493417.68046325"
[1] 4998581
[1] 4998586
iter:  0  f-value:  32857.45  pgrad:  0.6524998 
iter:  10  f-value:  32857.32  pgrad:  0.6469555 
iter:  20  f-value:  32857.29  pgrad:  0.6416376 
iter:  30  f-value:  32857.28  pgrad:  0.4488949 
  Unsuccessful convergence.
[1] 0.3584714
 [1] "Xi: 0.5061477451092"   "Xi: 0.505690633914443" "Xi: 0.517720038205615"
 [4] "Xi: 0.531390059801618" "Xi: 0.551111744600229" "Xi: 0.566746069598039"
 [7] "Xi: 0.563602737695999" "Xi: 0.523080088772858" "Xi: 0.555576078582424"
[10] "Xi: 0.551158338320884" "Xi: 0.54610947280327"  "Xi: 0.5400152537649"  
[13] "Xi: 0.529808834441535" "Xi: 0.522979380891057" "Xi: 0.520801489764806"
[16] "Xi: 0.519896252235679" "Xi: 0.518109395044602" "Xi: 0.516198573612282"
[19] "Xi: 0.516856819990854" "Xi: 0.518552591724262"
Time difference of 4.447172 mins
[1] "Rho"
[1] 1374.648 1373.734 1374.400 1374.700 1374.267
[1] "It: 19"
[1] "sigma:"            "0.354886699132177" "beta :"           
[4] "1"                
[1] "rho/theta:" "1"         
Time difference of 1.558658 secs
[1] " old Likelihood:  -9493417.68046325"
[1] "New Likelihood:  -9493354.93163769"
[1] 4998581
[1] 4998586
iter:  0  f-value:  32572.08  pgrad:  0.6415286 
iter:  10  f-value:  32571.96  pgrad:  0.6361503 
iter:  20  f-value:  32571.93  pgrad:  0.6312186 
iter:  30  f-value:  32571.92  pgrad:  0.4474354 
  Unsuccessful convergence.
[1] 0.3688299
 [1] "Xi: 0.506395420021929" "Xi: 0.505895311116114" "Xi: 0.518305143018715"
 [4] "Xi: 0.532397450737842" "Xi: 0.552596836061882" "Xi: 0.568541413265001"
 [7] "Xi: 0.565539157124734" "Xi: 0.523536455118277" "Xi: 0.556436632858169"
[10] "Xi: 0.551771954790154" "Xi: 0.546763078097368" "Xi: 0.540842444152699"
[13] "Xi: 0.530403172875347" "Xi: 0.523369384870922" "Xi: 0.521192444151017"
[16] "Xi: 0.520316728197429" "Xi: 0.518482837694353" "Xi: 0.516510657106152"
[19] "Xi: 0.517274878340174" "Xi: 0.519097757670801"
Time difference of 4.459997 mins
[1] "Rho"
[1] 1374.648 1373.734 1374.400 1374.700 1374.267
[1] "It: 20"
[1] "sigma:"            "0.365141612243714" "beta :"           
[4] "1"                
[1] "rho/theta:" "1"         
Time difference of 1.604273 secs
[1] " old Likelihood:  -9493354.93163769"
[1] "New Likelihood:  -9493296.53702832"
[1] 4998581
[1] 4998586
iter:  0  f-value:  32298.66  pgrad:  0.6311701 
iter:  10  f-value:  32298.55  pgrad:  0.6259515 
iter:  20  f-value:  32298.53  pgrad:  0.6213558 
iter:  30  f-value:  32298.51  pgrad:  0.4459748 
  Unsuccessful convergence.
[1] 0.378681
 [1] "Xi: 0.506641311253912" "Xi: 0.506099393628055" "Xi: 0.518881522393985"
 [4] "Xi: 0.533380406760744" "Xi: 0.554032681156503" "Xi: 0.570272880290467"
 [7] "Xi: 0.567424097006257" "Xi: 0.524073999418246" "Xi: 0.557276435939927"
[10] "Xi: 0.55236554102119"  "Xi: 0.547383278082981" "Xi: 0.541648313811572"
[13] "Xi: 0.530983527386423" "Xi: 0.523746336642377" "Xi: 0.521569170079827"
[16] "Xi: 0.52072087522361"  "Xi: 0.518837053870916" "Xi: 0.51680114853718" 
[19] "Xi: 0.517671129671164" "Xi: 0.519621248265903"
Time difference of 4.445339 mins
[1] "Rho"
[1] 1374.648 1373.734 1374.400 1374.700 1374.267
[1] "It: 21"
[1] "sigma:"            "0.374894185151137" "beta :"           
[4] "1"                
[1] "rho/theta:" "1"         
Time difference of 1.542528 secs
[1] " old Likelihood:  -9493296.53702832"
[1] "New Likelihood:  -9493241.94478634"
[1] 4998581
[1] 4998586
iter:  0  f-value:  32035.23  pgrad:  0.621319 
iter:  10  f-value:  32035.09  pgrad:  0.6120293 
iter:  20  f-value:  32035.09  pgrad:  0.4450271 
iter:  30  f-value:  32035.08  pgrad:  0.4443909 
  Unsuccessful convergence.
[1] 0.3881212
 [1] "Xi: 0.506870158219131" "Xi: 0.506288890049648" "Xi: 0.519409462400701"
 [4] "Xi: 0.534349336055535" "Xi: 0.555648523343595" "Xi: 0.572311954132365"
 [7] "Xi: 0.569690282676716" "Xi: 0.524749646756343" "Xi: 0.55818330048007" 
[10] "Xi: 0.553031497194104" "Xi: 0.547983173926916" "Xi: 0.54243909911716" 
[13] "Xi: 0.531554887065831" "Xi: 0.524114642419779" "Xi: 0.521936863340359"
[16] "Xi: 0.521116632768312" "Xi: 0.5191726452922"   "Xi: 0.517073189106076"
[19] "Xi: 0.518038028447372" "Xi: 0.520128345624886"
Time difference of 4.443434 mins
[1] 1 1 1 1 1
[1] 1 1 1 1 1
saved RDS
inference successful
