[1] "Original length"
[1] 999901
[1] "Final length"
[1] 19048
[1] "sequence length : 999902" "sequence length : 999584"
[3] "sequence length : 999986" "sequence length : 999320"
[5] "sequence length : 999974"
[1] "former Rho:"
[1] 1424.602 1472.430 1284.981 1414.299 1506.588
[1] "old mu :"
[1] 0.0007123710 0.0007365213 0.0006424995 0.0007076308 0.0007533136
[1] "new mu :"
[1] 0.0007104672
[1] "new Rho:"
[1] 1420.795 1420.343 1420.915 1419.968 1420.897
[1] 1 1 1 1 1
[1] "Beta: 1"
[1] "Self: 0"
[1] 1
[1] "Rho"
[1] 1420.795 1420.343 1420.915 1419.968 1420.897
[1] "It: 1"
[1] "sigma:" "0"      "beta :" "1"     
[1] "rho/theta:" "1"         
[1] "sigma:" "0"      "beta :" "1"     
[1] "rho/theta:" "1"         
Time difference of 1.576596 secs
[1] "New Likelihood:  -9761376.85887781"
[1] 4998761
[1] 4998766
iter:  0  f-value:  39855.91  pgrad:  0.5 
iter:  10  f-value:  39851.09  pgrad:  0.9925096 
iter:  20  f-value:  39849.77  pgrad:  0.9605159 
iter:  30  f-value:  39849.58  pgrad:  0.9542022 
  Unsuccessful convergence.
[1] 0.04886877
 [1] "Xi: 0.503244345148197" "Xi: 0.50286739597343"  "Xi: 0.504346068662787"
 [4] "Xi: 0.504702920173232" "Xi: 0.50556138614213"  "Xi: 0.506709567603788"
 [7] "Xi: 0.507483821473965" "Xi: 0.512171252347676" "Xi: 0.517523894190538"
[10] "Xi: 0.517901386404163" "Xi: 0.515489141066633" "Xi: 0.513066481696659"
[13] "Xi: 0.510411085972764" "Xi: 0.508761393420797" "Xi: 0.506421081267305"
[16] "Xi: 0.504649532620989" "Xi: 0.503427803628581" "Xi: 0.503019210991097"
[19] "Xi: 0.502854592133487" "Xi: 0.503054591345529"
Time difference of 8.531622 mins
[1] "Rho"
[1] 1420.795 1420.343 1420.915 1419.968 1420.897
[1] "It: 2"
[1] "sigma:"             "0.0483800776651073" "beta :"            
[4] "1"                 
[1] "rho/theta:" "1"         
Time difference of 1.576304 secs
[1] " old Likelihood:  -9761376.85887781"
[1] "New Likelihood:  -9759653.44049003"
[1] 4998761
[1] 4998766
iter:  0  f-value:  39661.19  pgrad:  0.9511312 
iter:  10  f-value:  39660  pgrad:  0.9414313 
iter:  20  f-value:  39659.38  pgrad:  0.917226 
iter:  30  f-value:  39659.34  pgrad:  0.9130472 
  Unsuccessful convergence.
[1] 0.08739338
 [1] "Xi: 0.504329071230016" "Xi: 0.503835590844419" "Xi: 0.505869800299939"
 [4] "Xi: 0.507416767011517" "Xi: 0.509189359199969" "Xi: 0.511368006126651"
 [7] "Xi: 0.511651097749804" "Xi: 0.518236514040107" "Xi: 0.526266991343478"
[10] "Xi: 0.52683381261998"  "Xi: 0.52303640594806"  "Xi: 0.5195667858917"  
[13] "Xi: 0.516043305345038" "Xi: 0.513520875285386" "Xi: 0.510103353488697"
[16] "Xi: 0.507382281446231" "Xi: 0.505573687663874" "Xi: 0.505076393081682"
[19] "Xi: 0.505105174039132" "Xi: 0.505495587169611"
Time difference of 4.773552 mins
[1] "Rho"
[1] 1420.795 1420.343 1420.915 1419.968 1420.897
[1] "It: 3"
[1] "sigma:"             "0.0865194511280057" "beta :"            
[4] "1"                 
[1] "rho/theta:" "1"         
Time difference of 1.571406 secs
[1] " old Likelihood:  -9759653.44049003"
[1] "New Likelihood:  -9759109.80606375"
[1] 4998761
[1] 4998766
iter:  0  f-value:  39239.87  pgrad:  0.9126066 
iter:  10  f-value:  39239.39  pgrad:  0.9028661 
iter:  20  f-value:  39239.05  pgrad:  0.8871866 
iter:  30  f-value:  39239  pgrad:  0.8811558 
  Unsuccessful convergence.
[1] 0.1188701
 [1] "Xi: 0.505014900258839" "Xi: 0.504453386777877" "Xi: 0.506833254008568"
 [4] "Xi: 0.509092909388496" "Xi: 0.511612932557003" "Xi: 0.514646019520773"
 [7] "Xi: 0.514008288430819" "Xi: 0.521204435284288" "Xi: 0.530622260177983"
[10] "Xi: 0.531433379696714" "Xi: 0.526726263916588" "Xi: 0.522899171110628"
[13] "Xi: 0.519194782462631" "Xi: 0.516349613505565" "Xi: 0.512408693076068"
[16] "Xi: 0.509122631194729" "Xi: 0.507013234179999" "Xi: 0.506588452701584"
[19] "Xi: 0.506907817212349" "Xi: 0.507541767266135"
Time difference of 4.782589 mins
[1] "Rho"
[1] 1420.795 1420.343 1420.915 1419.968 1420.897
[1] "It: 4"
[1] "sigma:"            "0.117681383278802" "beta :"           
[4] "1"                
[1] "rho/theta:" "1"         
Time difference of 1.590542 secs
[1] " old Likelihood:  -9759109.80606375"
[1] "New Likelihood:  -9758829.0794777"
[1] 4998761
[1] 4998766
iter:  0  f-value:  38761.92  pgrad:  0.8811299 
iter:  10  f-value:  38761.51  pgrad:  0.8693168 
iter:  20  f-value:  38761.32  pgrad:  0.8575022 
iter:  30  f-value:  38761.27  pgrad:  0.5213627 
  Unsuccessful convergence.
[1] 0.1487282
 [1] "Xi: 0.505577886551994" "Xi: 0.50496639854059"  "Xi: 0.507630965071277"
 [4] "Xi: 0.510450758574216" "Xi: 0.513829025428946" "Xi: 0.517869871201493"
 [7] "Xi: 0.515976978857278" "Xi: 0.52337440621357"  "Xi: 0.53363604154574" 
[10] "Xi: 0.534469444614936" "Xi: 0.528912616614046" "Xi: 0.524952686486205"
[13] "Xi: 0.521353848588815" "Xi: 0.51841773835484"  "Xi: 0.514165161686043"
[16] "Xi: 0.510480631262773" "Xi: 0.508187854956827" "Xi: 0.507909010600568"
[19] "Xi: 0.508562712848483" "Xi: 0.509488760342301"
Time difference of 4.778032 mins
[1] "Rho"
[1] 1420.795 1420.343 1420.915 1419.968 1420.897
[1] "It: 5"
[1] "sigma:"            "0.147240939776486" "beta :"           
[4] "1"                
[1] "rho/theta:" "1"         
Time difference of 1.57368 secs
[1] " old Likelihood:  -9758829.0794777"
[1] "New Likelihood:  -9758594.87400968"
[1] 4998761
[1] 4998766
iter:  0  f-value:  38226.25  pgrad:  0.8512718 
iter:  10  f-value:  38226.01  pgrad:  0.8450867 
iter:  20  f-value:  38225.7  pgrad:  0.827367 
iter:  30  f-value:  38225.69  pgrad:  0.8260299 
  Unsuccessful convergence.
[1] 0.1746564
 [1] "Xi: 0.506084357097389" "Xi: 0.505430472895705" "Xi: 0.508350396023561"
 [4] "Xi: 0.511645449179433" "Xi: 0.515701781220379" "Xi: 0.520562159064268"
 [7] "Xi: 0.517556259854029" "Xi: 0.524902382186788" "Xi: 0.535632781517313"
[10] "Xi: 0.536534850068598" "Xi: 0.530233284196509" "Xi: 0.526237300431853"
[13] "Xi: 0.522834975687271" "Xi: 0.519946073813657" "Xi: 0.515488093431756"
[16] "Xi: 0.511486161224854" "Xi: 0.509071188306001" "Xi: 0.508982710356751"
[19] "Xi: 0.509994186169209" "Xi: 0.511206816748084"
Time difference of 4.784885 mins
[1] "Rho"
[1] 1420.795 1420.343 1420.915 1419.968 1420.897
[1] "It: 6"
[1] "sigma:"            "0.172909832820843" "beta :"           
[4] "1"                
[1] "rho/theta:" "1"         
Time difference of 1.575163 secs
[1] " old Likelihood:  -9758594.87400968"
[1] "New Likelihood:  -9758392.91283291"
[1] 4998761
[1] 4998766
iter:  0  f-value:  37712.56  pgrad:  0.8253436 
iter:  10  f-value:  37712.28  pgrad:  0.8178004 
iter:  20  f-value:  37712.14  pgrad:  0.8009003 
iter:  30  f-value:  37712.03  pgrad:  0.7112976 
  Unsuccessful convergence.
[1] 0.1994345
 [1] "Xi: 0.506640065520215" "Xi: 0.505942179194528" "Xi: 0.509141729684291"
 [4] "Xi: 0.512934273417429" "Xi: 0.517735343086453" "Xi: 0.523516338956371"
 [7] "Xi: 0.519274507957426" "Xi: 0.526498806192507" "Xi: 0.537568030317173"
[10] "Xi: 0.538468921050039" "Xi: 0.531342345090128" "Xi: 0.527291490804425"
[13] "Xi: 0.5241006010282"   "Xi: 0.521292918971723" "Xi: 0.516667049281665"
[16] "Xi: 0.512377673046207" "Xi: 0.509857319874294" "Xi: 0.509967912977991"
[19] "Xi: 0.511349095745093" "Xi: 0.512853635041382"
Time difference of 4.791517 mins
[1] "Rho"
[1] 1420.795 1420.343 1420.915 1419.968 1420.897
[1] "It: 7"
[1] "sigma:"            "0.197440168528571" "beta :"           
[4] "1"                
[1] "rho/theta:" "1"         
Time difference of 1.591606 secs
[1] " old Likelihood:  -9758392.91283291"
[1] "New Likelihood:  -9758197.58544887"
[1] 4998761
[1] 4998766
iter:  0  f-value:  37192.48  pgrad:  0.8005655 
iter:  10  f-value:  37192.23  pgrad:  0.7944193 
iter:  20  f-value:  37191.98  pgrad:  0.7788104 
iter:  30  f-value:  37191.98  pgrad:  0.513172 
  Unsuccessful convergence.
[1] 0.2225404
 [1] "Xi: 0.507200534820363" "Xi: 0.506460437385473" "Xi: 0.509942899863054"
 [4] "Xi: 0.514211001298894" "Xi: 0.519723617180341" "Xi: 0.526410885077788"
 [7] "Xi: 0.520963095629109" "Xi: 0.528038760573207" "Xi: 0.539360295050145"
[10] "Xi: 0.540287683689304" "Xi: 0.532323716258155" "Xi: 0.52820030095374" 
[13] "Xi: 0.525212276454702" "Xi: 0.522496649267867" "Xi: 0.517722541380706"
[16] "Xi: 0.51315722869283"  "Xi: 0.51054193055124"  "Xi: 0.510856924043657"
[19] "Xi: 0.512610976235876" "Xi: 0.514412898893846"
Time difference of 4.801276 mins
[1] "Rho"
[1] 1420.795 1420.343 1420.915 1419.968 1420.897
[1] "It: 8"
[1] "sigma:"            "0.220315003236444" "beta :"           
[4] "1"                
[1] "rho/theta:" "1"         
Time difference of 1.589912 secs
[1] " old Likelihood:  -9758197.58544887"
[1] "New Likelihood:  -9758012.70909504"
[1] 4998761
[1] 4998766
iter:  0  f-value:  36684.62  pgrad:  0.7774596 
iter:  10  f-value:  36684.37  pgrad:  0.7710712 
iter:  20  f-value:  36684.15  pgrad:  0.7564292 
iter:  30  f-value:  36684.14  pgrad:  0.4781911 
  Unsuccessful convergence.
[1] 0.2443743
 [1] "Xi: 0.50782058007417"  "Xi: 0.507037012552211" "Xi: 0.510828494241743"
 [4] "Xi: 0.515598815442753" "Xi: 0.521895419114234" "Xi: 0.529601861960703"
 [7] "Xi: 0.522809940259851" "Xi: 0.529701930034294" "Xi: 0.541206744005344"
[10] "Xi: 0.542118737784872" "Xi: 0.533227775743785" "Xi: 0.52903033697869" 
[13] "Xi: 0.526242448709041" "Xi: 0.523623109907007" "Xi: 0.518706677439006"
[16] "Xi: 0.513878408725154" "Xi: 0.511160984112366" "Xi: 0.511677214116774"
[19] "Xi: 0.513804556436681" "Xi: 0.515904642056452"
Time difference of 4.798093 mins
[1] "Rho"
[1] 1420.795 1420.343 1420.915 1419.968 1420.897
[1] "It: 9"
[1] "sigma:"            "0.241930581844727" "beta :"           
[4] "1"                
[1] "rho/theta:" "1"         
Time difference of 1.575473 secs
[1] " old Likelihood:  -9758012.70909504"
[1] "New Likelihood:  -9757836.24705004"
[1] 4998761
[1] 4998766
iter:  0  f-value:  36187.41  pgrad:  0.7556257 
iter:  10  f-value:  36187.16  pgrad:  0.7491382 
iter:  20  f-value:  36186.97  pgrad:  0.7355654 
iter:  30  f-value:  36186.96  pgrad:  0.4765381 
  Unsuccessful convergence.
[1] 0.2647431
 [1] "Xi: 0.508354042517759" "Xi: 0.507533516877156" "Xi: 0.511588181889457"
 [4] "Xi: 0.516761970133316" "Xi: 0.523631406466568" "Xi: 0.532112031076202"
 [7] "Xi: 0.524295690796096" "Xi: 0.531034665161368" "Xi: 0.542690746026291"
[10] "Xi: 0.543805492078674" "Xi: 0.534104902128392" "Xi: 0.529794214700833"
[13] "Xi: 0.52720393787153"  "Xi: 0.524626580375525" "Xi: 0.51961578070111" 
[16] "Xi: 0.514520901746756" "Xi: 0.511711379139486" "Xi: 0.512424274423897"
[19] "Xi: 0.514925225868982" "Xi: 0.5173195003957"  
Time difference of 4.795887 mins
[1] "Rho"
[1] 1420.795 1420.343 1420.915 1419.968 1420.897
[1] "It: 10"
[1] "sigma:"            "0.262095718249275" "beta :"           
[4] "1"                
[1] "rho/theta:" "1"         
Time difference of 1.582187 secs
[1] " old Likelihood:  -9757836.24705004"
[1] "New Likelihood:  -9757670.01226943"
[1] 4998761
[1] 4998766
iter:  0  f-value:  35707.22  pgrad:  0.7352569 
iter:  10  f-value:  35706.96  pgrad:  0.7286828 
iter:  20  f-value:  35706.79  pgrad:  0.7163747 
iter:  30  f-value:  35706.79  pgrad:  0.4749723 
  Unsuccessful convergence.
[1] 0.2839588
 [1] "Xi: 0.508878513571039" "Xi: 0.508024438537964" "Xi: 0.512337980683373"
 [4] "Xi: 0.517890571234533" "Xi: 0.525291555343276" "Xi: 0.534514569225616"
 [7] "Xi: 0.525749381463318" "Xi: 0.532348538769222" "Xi: 0.54412297754208" 
[10] "Xi: 0.545516047107981" "Xi: 0.53499115101719"  "Xi: 0.530538556792634"
[13] "Xi: 0.52812331006361"  "Xi: 0.525634637115691" "Xi: 0.52049223456672" 
[16] "Xi: 0.515129075907661" "Xi: 0.512210361455347" "Xi: 0.513116271166692"
[19] "Xi: 0.515986369564871" "Xi: 0.518673918647005"
Time difference of 4.796596 mins
[1] "Rho"
[1] 1420.795 1420.343 1420.915 1419.968 1420.897
[1] "It: 11"
[1] "sigma:"            "0.281119193852208" "beta :"           
[4] "1"                
[1] "rho/theta:" "1"         
Time difference of 1.57292 secs
[1] " old Likelihood:  -9757670.01226943"
[1] "New Likelihood:  -9757512.57052226"
[1] 4998761
[1] 4998766
iter:  0  f-value:  35242.66  pgrad:  0.7160412 
iter:  10  f-value:  35242.4  pgrad:  0.7093034 
iter:  20  f-value:  35242.26  pgrad:  0.6971095 
iter:  30  f-value:  35242.26  pgrad:  0.5290366 
  Unsuccessful convergence.
[1] 0.302158
 [1] "Xi: 0.509550892040946" "Xi: 0.508656127385844" "Xi: 0.513299870066213"
 [4] "Xi: 0.519326131423193" "Xi: 0.527479886385591" "Xi: 0.537760569346173"
 [7] "Xi: 0.52764696794803"  "Xi: 0.534013454617706" "Xi: 0.545792254384388"
[10] "Xi: 0.547317529974906" "Xi: 0.535875858986649" "Xi: 0.53123047020812" 
[13] "Xi: 0.529030705651218" "Xi: 0.526574891213529" "Xi: 0.521332128296837"
[16] "Xi: 0.515702943832932" "Xi: 0.512672967517119" "Xi: 0.513762890278594"
[19] "Xi: 0.516991703292433" "Xi: 0.519997565454123"
Time difference of 4.800784 mins
[1] "Rho"
[1] 1420.795 1420.343 1420.915 1419.968 1420.897
[1] "It: 12"
[1] "sigma:"            "0.299136460398994" "beta :"           
[4] "1"                
[1] "rho/theta:" "1"         
Time difference of 1.587158 secs
[1] " old Likelihood:  -9757512.57052226"
[1] "New Likelihood:  -9757363.26443439"
[1] 4998761
[1] 4998766
iter:  0  f-value:  34791.4  pgrad:  0.697842 
iter:  10  f-value:  34791.14  pgrad:  0.6908131 
iter:  20  f-value:  34791.02  pgrad:  0.4715205 
iter:  30  f-value:  34791.02  pgrad:  0.5143892 
  Unsuccessful convergence.
[1] 0.3192995
 [1] "Xi: 0.510142859259976" "Xi: 0.50921285209663"  "Xi: 0.514141799085044"
 [4] "Xi: 0.520554783077722" "Xi: 0.529279994209688" "Xi: 0.540391927285202"
 [7] "Xi: 0.529202193043586" "Xi: 0.53537165945831"  "Xi: 0.547156650636928"
[10] "Xi: 0.549014817050522" "Xi: 0.536715208464702" "Xi: 0.531907073022569"
[13] "Xi: 0.529867450630576" "Xi: 0.527502691935325" "Xi: 0.522129627955796"
[16] "Xi: 0.516244983730683" "Xi: 0.513095967523139" "Xi: 0.514350887600216"
[19] "Xi: 0.517943952040045" "Xi: 0.521241254122358"
Time difference of 4.784409 mins
[1] "Rho"
[1] 1420.795 1420.343 1420.915 1419.968 1420.897
[1] "It: 13"
[1] "sigma:"            "0.316106551319514" "beta :"           
[4] "1"                
[1] "rho/theta:" "1"         
Time difference of 1.58034 secs
[1] " old Likelihood:  -9757363.26443439"
[1] "New Likelihood:  -9757222.59546755"
[1] 4998761
[1] 4998766
iter:  0  f-value:  34355.83  pgrad:  0.6807005 
iter:  10  f-value:  34355.56  pgrad:  0.6731405 
iter:  20  f-value:  34355.47  pgrad:  0.4699379 
iter:  30  f-value:  34355.47  pgrad:  0.4690542 
  Unsuccessful convergence.
[1] 0.3354759
 [1] "Xi: 0.510714423263061" "Xi: 0.509752383343888" "Xi: 0.51495242655455" 
 [4] "Xi: 0.521718601806239" "Xi: 0.530950900624616" "Xi: 0.542824158633467"
 [7] "Xi: 0.530656342778164" "Xi: 0.536631631630654" "Xi: 0.548379651864581"
[10] "Xi: 0.550652142107502" "Xi: 0.537530839188569" "Xi: 0.532545607282975"
[13] "Xi: 0.530659206913516" "Xi: 0.528389546272682" "Xi: 0.52290329467626" 
[16] "Xi: 0.516756107695828" "Xi: 0.513490365598375" "Xi: 0.514910736751348"
[19] "Xi: 0.518848051207891" "Xi: 0.522452615974334"
Time difference of 4.802023 mins
[1] "Rho"
[1] 1420.795 1420.343 1420.915 1419.968 1420.897
[1] "It: 14"
[1] "sigma:"            "0.332121158041279" "beta :"           
[4] "1"                
[1] "rho/theta:" "1"         
Time difference of 1.590852 secs
[1] " old Likelihood:  -9757222.59546755"
[1] "New Likelihood:  -9757090.26365674"
[1] 4998761
[1] 4998766
iter:  0  f-value:  33936.01  pgrad:  0.6645241 
iter:  10  f-value:  33935.74  pgrad:  0.6562093 
iter:  20  f-value:  33935.68  pgrad:  0.4684742 
iter:  30  f-value:  33935.68  pgrad:  0.5154425 
  Unsuccessful convergence.
[1] 0.3507494
 [1] "Xi: 0.511251135602583" "Xi: 0.510259903273789" "Xi: 0.515711511910854"
 [4] "Xi: 0.522790968409967" "Xi: 0.532451428586831" "Xi: 0.544988921944543"
 [7] "Xi: 0.531983834948002" "Xi: 0.537780865586329" "Xi: 0.549458875212052"
[10] "Xi: 0.552228716215775" "Xi: 0.538327474595786" "Xi: 0.533156548736191"
[13] "Xi: 0.531418986028957" "Xi: 0.529240206217837" "Xi: 0.523646792511744"
[16] "Xi: 0.517240289485108" "Xi: 0.513853002633558" "Xi: 0.515432163782523"
[19] "Xi: 0.519707820649963" "Xi: 0.523594385346849"
Time difference of 4.789959 mins
[1] "Rho"
[1] 1420.795 1420.343 1420.915 1419.968 1420.897
[1] "It: 15"
[1] "sigma:"            "0.347241933709737" "beta :"           
[4] "1"                
[1] "rho/theta:" "1"         
Time difference of 1.692808 secs
[1] " old Likelihood:  -9757090.26365674"
[1] "New Likelihood:  -9756965.87988781"
[1] 4998761
[1] 4998766
iter:  0  f-value:  33531.21  pgrad:  0.6492506 
iter:  10  f-value:  33530.94  pgrad:  0.6400879 
iter:  20  f-value:  33530.9  pgrad:  0.4671012 
iter:  30  f-value:  33530.89  pgrad:  0.4658353 
  Unsuccessful convergence.
[1] 0.3652082
 [1] "Xi: 0.51186062898918"  "Xi: 0.510838368779039" "Xi: 0.516571992890702"
 [4] "Xi: 0.523998949328391" "Xi: 0.534169340452884" "Xi: 0.547515068632469"
 [7] "Xi: 0.533510268762425" "Xi: 0.539079302808647" "Xi: 0.550602355708994"
[10] "Xi: 0.553859498983913" "Xi: 0.539096925049905" "Xi: 0.533749951174778"
[13] "Xi: 0.532145670218296" "Xi: 0.530057526411377" "Xi: 0.524364822617662"
[16] "Xi: 0.517701996531373" "Xi: 0.514190898570077" "Xi: 0.515919636406682"
[19] "Xi: 0.520523836251134" "Xi: 0.524691022502097"
Time difference of 4.785215 mins
[1] "Rho"
[1] 1420.795 1420.343 1420.915 1419.968 1420.897
[1] "It: 16"
[1] "sigma:"            "0.361556128844513" "beta :"           
[4] "1"                
[1] "rho/theta:" "1"         
Time difference of 1.686158 secs
[1] " old Likelihood:  -9756965.87988781"
[1] "New Likelihood:  -9756849.00907476"
[1] 4998761
[1] 4998766
iter:  0  f-value:  33140.55  pgrad:  0.6347918 
iter:  10  f-value:  33140.28  pgrad:  0.6250852 
iter:  20  f-value:  33140.25  pgrad:  0.4656152 
iter:  30  f-value:  33140.25  pgrad:  0.5145072 
  Unsuccessful convergence.
[1] 0.3788517
 [1] "Xi: 0.51235669562218"  "Xi: 0.511310429002594" "Xi: 0.517270850390173"
 [4] "Xi: 0.524958699261489" "Xi: 0.535457633176954" "Xi: 0.549346756873315"
 [7] "Xi: 0.534675399134466" "Xi: 0.540076286644807" "Xi: 0.551417539140839"
[10] "Xi: 0.555315429711034" "Xi: 0.539848864995616" "Xi: 0.534297282274659"
[13] "Xi: 0.532830953370427" "Xi: 0.530836704522722" "Xi: 0.525054029940736"
[16] "Xi: 0.518139883088578" "Xi: 0.514502985891783" "Xi: 0.516373192869922"
[19] "Xi: 0.521297813143177" "Xi: 0.525741431337317"
Time difference of 4.778892 mins
[1] "Rho"
[1] 1420.795 1420.343 1420.915 1419.968 1420.897
[1] "It: 17"
[1] "sigma:"           "0.37506315196516" "beta :"           "1"               
[1] "rho/theta:" "1"         
Time difference of 1.598121 secs
[1] " old Likelihood:  -9756849.00907476"
[1] "New Likelihood:  -9756739.48957677"
[1] 4998761
[1] 4998766
iter:  0  f-value:  32764.64  pgrad:  0.6211483 
iter:  10  f-value:  32764.38  pgrad:  0.6114332 
iter:  20  f-value:  32764.36  pgrad:  0.4644427 
iter:  30  f-value:  32764.36  pgrad:  0.4632067 
  Unsuccessful convergence.
[1] 0.3917663
 [1] "Xi: 0.512878966929957" "Xi: 0.511807929160929" "Xi: 0.518004664996971"
 [4] "Xi: 0.525955234863715" "Xi: 0.5367999615857"   "Xi: 0.551274015910302"
 [7] "Xi: 0.535911253778737" "Xi: 0.541129860787617" "Xi: 0.552240257227113"
[10] "Xi: 0.556801565673757" "Xi: 0.540598172990799" "Xi: 0.534824605614341"
[13] "Xi: 0.533486227738628" "Xi: 0.531585083264336" "Xi: 0.525719280357003"
[16] "Xi: 0.518558366686751" "Xi: 0.514795327422533" "Xi: 0.516797843374208"
[19] "Xi: 0.522033913797087" "Xi: 0.526749796148482"
Time difference of 4.778235 mins
[1] "Rho"
[1] 1420.795 1420.343 1420.915 1419.968 1420.897
[1] "It: 18"
[1] "sigma:"            "0.387848668579011" "beta :"           
[4] "1"                
[1] "rho/theta:" "1"         
Time difference of 1.590722 secs
[1] " old Likelihood:  -9756739.48957677"
[1] "New Likelihood:  -9756636.93029532"
[1] 4998761
[1] 4998766
iter:  0  f-value:  32402.68  pgrad:  0.6082337 
iter:  10  f-value:  32402.44  pgrad:  0.5989205 
iter:  20  f-value:  32402.43  pgrad:  0.4632191 
iter:  30  f-value:  32402.42  pgrad:  0.5263774 
  Unsuccessful convergence.
[1] 0.4039971
 [1] "Xi: 0.513478145216376" "Xi: 0.512379698813183" "Xi: 0.518844159592646"
 [4] "Xi: 0.527086882180713" "Xi: 0.538355494698072" "Xi: 0.553558074065844"
 [7] "Xi: 0.537341986058909" "Xi: 0.542315778952871" "Xi: 0.553106247516279"
[10] "Xi: 0.558327478436811" "Xi: 0.541335939581884" "Xi: 0.535330359131721"
[13] "Xi: 0.53411367667718"  "Xi: 0.5323047166895"   "Xi: 0.526367275332329"
[16] "Xi: 0.51896027347036"  "Xi: 0.515077296528276" "Xi: 0.517196330467544"
[19] "Xi: 0.522738980487136" "Xi: 0.527724844494793"
Time difference of 4.760011 mins
[1] "Rho"
[1] 1420.795 1420.343 1420.915 1419.968 1420.897
[1] "It: 19"
[1] "sigma:"            "0.399957113540229" "beta :"           
[4] "1"                
[1] "rho/theta:" "1"         
Time difference of 1.578259 secs
[1] " old Likelihood:  -9756636.93029532"
[1] "New Likelihood:  -9756541.16297657"
[1] 4998761
[1] 4998766
iter:  0  f-value:  32054.75  pgrad:  0.5960029 
iter:  10  f-value:  32054.52  pgrad:  0.5872459 
iter:  20  f-value:  32054.51  pgrad:  0.4618248 
iter:  30  f-value:  32054.51  pgrad:  0.5361789 
  Unsuccessful convergence.
[1] 0.4155512
 [1] "Xi: 0.513957029310821" "Xi: 0.512835901575625" "Xi: 0.519511592833746"
 [4] "Xi: 0.527969073993233" "Xi: 0.539493062090133" "Xi: 0.555157065610695"
 [7] "Xi: 0.538411571480097" "Xi: 0.543220098580216" "Xi: 0.553672050038093"
[10] "Xi: 0.559676474027605" "Xi: 0.542038127653159" "Xi: 0.535792242796201"
[13] "Xi: 0.534695837671841" "Xi: 0.532983960676898" "Xi: 0.526982442959532"
[16] "Xi: 0.519340263601727" "Xi: 0.515327399408053" "Xi: 0.517565297634698"
[19] "Xi: 0.523402603472743" "Xi: 0.528652105949344"
Time difference of 4.790999 mins
[1] "Rho"
[1] 1420.795 1420.343 1420.915 1419.968 1420.897
[1] "It: 20"
[1] "sigma:"            "0.411395728972181" "beta :"           
[4] "1"                
[1] "rho/theta:" "1"         
Time difference of 1.577792 secs
[1] " old Likelihood:  -9756541.16297657"
[1] "New Likelihood:  -9756451.57159757"
[1] 4998761
[1] 4998766
iter:  0  f-value:  31719.69  pgrad:  0.5844488 
iter:  10  f-value:  31719.49  pgrad:  0.5764671 
iter:  20  f-value:  31719.47  pgrad:  0.460757 
iter:  30  f-value:  31719.47  pgrad:  0.459166 
  Unsuccessful convergence.
[1] 0.4265105
 [1] "Xi: 0.514526024769281" "Xi: 0.51337986673879"  "Xi: 0.520302549354454"
 [4] "Xi: 0.529010427671028" "Xi: 0.540881082948931" "Xi: 0.557178473140631"
 [7] "Xi: 0.539723784717556" "Xi: 0.544302389087786" "Xi: 0.554352759919127"
[10] "Xi: 0.561126025896764" "Xi: 0.542739491859678" "Xi: 0.536241795731159"
[13] "Xi: 0.535256316790291" "Xi: 0.533638393100001" "Xi: 0.527579524134709"
[16] "Xi: 0.519704957633994" "Xi: 0.515554361823802" "Xi: 0.517909258633766"
[19] "Xi: 0.524034902493125" "Xi: 0.529542878485012"
Time difference of 4.774443 mins
[1] "Rho"
[1] 1420.795 1420.343 1420.915 1419.968 1420.897
[1] "It: 21"
[1] "sigma:"            "0.422245409208732" "beta :"           
[4] "1"                
[1] "rho/theta:" "1"         
Time difference of 1.580847 secs
[1] " old Likelihood:  -9756451.57159757"
[1] "New Likelihood:  -9756367.91842891"
[1] 4998761
[1] 4998766
iter:  0  f-value:  31397.09  pgrad:  0.5734895 
iter:  10  f-value:  31396.9  pgrad:  0.5662337 
iter:  20  f-value:  31396.88  pgrad:  0.5182483 
iter:  30  f-value:  31396.88  pgrad:  0.4578739 
  Unsuccessful convergence.
[1] 0.4368901
 [1] "Xi: 0.515072730520667" "Xi: 0.513903231648791" "Xi: 0.521059868671461"
 [4] "Xi: 0.529996947898125" "Xi: 0.542171750297887" "Xi: 0.559043622254545"
 [7] "Xi: 0.540951609145468" "Xi: 0.545308649203999" "Xi: 0.554913809210423"
[10] "Xi: 0.562525785538462" "Xi: 0.543423210304562" "Xi: 0.536663541372386"
[13] "Xi: 0.535782766758601" "Xi: 0.534261363744153" "Xi: 0.528155817602442"
[16] "Xi: 0.520057900635572" "Xi: 0.515776239673682" "Xi: 0.518235211515334"
[19] "Xi: 0.52464384388658"  "Xi: 0.530398645449426"
Time difference of 4.766515 mins
[1] "Rho"
[1] 1420.795 1420.343 1420.915 1419.968 1420.897
[1] "It: 22"
[1] "sigma:"            "0.432521153345295" "beta :"           
[4] "1"                
[1] "rho/theta:" "1"         
Time difference of 1.593428 secs
[1] " old Likelihood:  -9756367.91842891"
[1] "New Likelihood:  -9756290.11446006"
[1] 4998761
[1] 4998766
iter:  0  f-value:  31087.61  pgrad:  0.5631099 
iter:  10  f-value:  31087.44  pgrad:  0.5564526 
iter:  20  f-value:  31087.42  pgrad:  0.515987 
iter:  30  f-value:  31087.42  pgrad:  0.4393951 
  Unsuccessful convergence.
[1] 0.4467231
 [1] "Xi: 0.515619193409075" "Xi: 0.514427536406891" "Xi: 0.521812163083562"
 [4] "Xi: 0.530968266704606" "Xi: 0.543430059011533" "Xi: 0.560859781240377"
 [7] "Xi: 0.542157936802038" "Xi: 0.546289208607709" "Xi: 0.555404535303434"
[10] "Xi: 0.563898688641601" "Xi: 0.544081602398451" "Xi: 0.537060855325613"
[13] "Xi: 0.536278973670505" "Xi: 0.534855370921289" "Xi: 0.528710281624756"
[16] "Xi: 0.520395694536838" "Xi: 0.515983554430909" "Xi: 0.518539713493169"
[19] "Xi: 0.525215817949151" "Xi: 0.531218637123699"
Time difference of 4.764753 mins
[1] "Rho"
[1] 1420.795 1420.343 1420.915 1419.968 1420.897
[1] "It: 23"
[1] "sigma:"            "0.442255873951727" "beta :"           
[4] "1"                
[1] "rho/theta:" "1"         
Time difference of 1.590558 secs
[1] " old Likelihood:  -9756290.11446006"
[1] "New Likelihood:  -9756217.72310101"
[1] 4998761
[1] 4998766
iter:  0  f-value:  30790.23  pgrad:  0.5532769 
iter:  10  f-value:  30790.06  pgrad:  0.5461363 
iter:  20  f-value:  30790.05  pgrad:  0.438121 
iter:  30  f-value:  30790.05  pgrad:  0.5354563 
  Unsuccessful convergence.
[1] 0.4560429
 [1] "Xi: 0.516291758092109" "Xi: 0.51507138427818"  "Xi: 0.522732932248522"
 [4] "Xi: 0.532150827690169" "Xi: 0.545007567268046" "Xi: 0.563214883758178"
 [7] "Xi: 0.543646281847131" "Xi: 0.547436195038081" "Xi: 0.55597030041645" 
[10] "Xi: 0.565277986241531" "Xi: 0.544674453415464" "Xi: 0.537434198491799"
[13] "Xi: 0.536742762621337" "Xi: 0.535445994508709" "Xi: 0.52924657025642" 
[16] "Xi: 0.520720085441275" "Xi: 0.51617737086221"  "Xi: 0.518824869834137"
[19] "Xi: 0.525759371284444" "Xi: 0.53202078605305" 
Time difference of 4.76179 mins
[1] 1 1 1 1 1
[1] 1 1 1 1 1
saved RDS
inference successful
