[1] "Original length"
[1] 999828
[1] "Final length"
[1] 19058
[1] "sequence length : 999829" "sequence length : 999946"
[3] "sequence length : 999776" "sequence length : 999858"
[5] "sequence length : 999800"
[1] 1 1 1 1 1
[1] "Beta: 1"
[1] "Self: 0"
[1] "maxIt: 20"
[1] "It: 1"
 [1] "sigma:" "0"      "0"      "0"      "0"      "0"      "0"      "0"     
 [9] "0"      "0"      "0"      "0"      "0"      "0"      "0"      "0"     
[17] "0"      "0"      "0"      "0"      "0"      "0"      "0"      "0"     
[25] "0"      "0"      "0"      "0"      "0"      "0"      "0"      "0"     
[33] "0"      "0"      "0"      "0"      "0"      "0"      "0"      "0"     
[41] "0"      "beta :" "1"     
 [1] "sigma:" "0.9405" "0.9405" "0.9405" "0.9405" "0.9405" "0.9405" "0.9405"
 [9] "0.9405" "0.9405" "0.9405" "0.9405" "0.9405" "0.9405" "0.9405" "0.9405"
[17] "0.9405" "0.9405" "0.9405" "0.9405" "0.9405" "0.099"  "0.099"  "0.1485"
[25] "0.1485" "0"      "0"      "0"      "0"      "0"      "0"      "0"     
[33] "0"      "0"      "0"      "0"      "0"      "0"      "0"      "0"     
[41] "0"      "beta :" "1"     
[1] "New Likelihood:  -9935325.99968145"
iter:  0  f-value:  37436.81  pgrad:  0.5 
iter:  10  f-value:  37435.88  pgrad:  0.9997126 
iter:  20  f-value:  37435.16  pgrad:  0.9983045 
iter:  30  f-value:  37434.69  pgrad:  0.9948628 
iter:  40  f-value:  37434.64  pgrad:  0.9953637 
iter:  50  f-value:  37434.49  pgrad:  0.9936926 
  Unsuccessful convergence.
Time difference of 2.128327 hours
[1] "maxIt: 20"
[1] "It: 2"
 [1] "sigma:"               "0.957609323675802"    "0.957609323675802"   
 [4] "0.948890380001072"    "0.948890380001072"    "0.952566926103198"   
 [7] "0.952566926103198"    "0.95765483356202"     "0.95765483356202"    
[10] "0.964129848103181"    "0.964129848103181"    "0.970941097412479"   
[13] "0.970941097412479"    "0.972423294031595"    "0.972423294031595"   
[16] "0.962887921048932"    "0.962887921048932"    "0.944579288287095"   
[19] "0.944579288287095"    "0.921706232062251"    "0.921706232062251"   
[22] "0.0936804271471867"   "0.0936804271471867"   "0.148714225914687"   
[25] "0.148714225914687"    "0.00319726748127957"  "0.00319726748127957" 
[28] "0.0062517767443657"   "0.0062517767443657"   "0.00919311279329801" 
[31] "0.00919311279329801"  "0.0100865780757868"   "0.0100865780757868"  
[34] "0.00758244122044274"  "0.00758244122044274"  "0.00392423938563947" 
[37] "0.00392423938563947"  "0.00140138642547381"  "0.00140138642547381" 
[40] "0.000228263663655752" "0.000228263663655752" "beta :"              
[43] "1"                   
 [1] "sigma:"               "0.957609323675802"    "0.957609323675802"   
 [4] "0.948890380001072"    "0.948890380001072"    "0.952566926103198"   
 [7] "0.952566926103198"    "0.95765483356202"     "0.95765483356202"    
[10] "0.964129848103181"    "0.964129848103181"    "0.970941097412479"   
[13] "0.970941097412479"    "0.972423294031595"    "0.972423294031595"   
[16] "0.962887921048932"    "0.962887921048932"    "0.944579288287095"   
[19] "0.944579288287095"    "0.971206232062252"    "0.971206232062252"   
[22] "0.0936804271471867"   "0.0936804271471867"   "0.297214225914687"   
[25] "0.297214225914687"    "0.00319726748127957"  "0.00319726748127957" 
[28] "0.00625177674436571"  "0.00625177674436571"  "0.00919311279329801" 
[31] "0.00919311279329801"  "0.0100865780757868"   "0.0100865780757868"  
[34] "0.00758244122044274"  "0.00758244122044274"  "0.00392423938563947" 
[37] "0.00392423938563947"  "0.00140138642547381"  "0.00140138642547381" 
[40] "0.000228263663655751" "0.000228263663655751" "beta :"              
[43] "1"                   
[1] " old Likelihood:  -9935325.99968145"
[1] "New Likelihood:  -9934683.09938684"
iter:  0  f-value:  37176.86  pgrad:  0.499404 
iter:  10  f-value:  37176.61  pgrad:  0.9905245 
iter:  20  f-value:  37176.23  pgrad:  0.9800883 
iter:  30  f-value:  37176.09  pgrad:  0.9734262 
iter:  40  f-value:  37176.07  pgrad:  0.9713595 
iter:  50  f-value:  37176.05  pgrad:  0.9699751 
  Unsuccessful convergence.
Time difference of 21.93961 mins
[1] "maxIt: 20"
[1] "It: 3"
 [1] "sigma:"               "0.968275983191832"    "0.968275983191832"   
 [4] "0.95400257884375"     "0.95400257884375"     "0.959926891966668"   
 [7] "0.959926891966668"    "0.968157627814968"    "0.968157627814968"   
[10] "0.978756005004242"    "0.978756005004242"    "0.99"                
[13] "0.99"                 "0.99"                 "0.99"                
[16] "0.979454187408842"    "0.979454187408842"    "0.950059490593694"   
[19] "0.950059490593694"    "0.960179506820742"    "0.960179506820742"   
[22] "0.0900928563665466"   "0.0900928563665466"   "0.296687728767693"   
[25] "0.296687728767693"    "0.00438120224756443"  "0.00438120224756443" 
[28] "0.00826077712097828"  "0.00826077712097828"  "0.0120966236969827"  
[31] "0.0120966236969827"   "0.0134541757708156"   "0.0134541757708156"  
[34] "0.0103275860957356"   "0.0103275860957356"   "0.00552354171534088" 
[37] "0.00552354171534088"  "0.0020624374590035"   "0.0020624374590035"  
[40] "0.000343199649410817" "0.000343199649410817" "beta :"              
[43] "1"                   
 [1] "sigma:"               "0.968275983191832"    "0.968275983191832"   
 [4] "0.95400257884375"     "0.95400257884375"     "0.959926891966668"   
 [7] "0.959926891966668"    "0.968157627814968"    "0.968157627814968"   
[10] "0.978756005004242"    "0.978756005004242"    "0.99"                
[13] "0.99"                 "0.99"                 "0.99"                
[16] "0.979454187408842"    "0.979454187408842"    "0.950059490593694"   
[19] "0.950059490593694"    "0.960179506820742"    "0.960179506820742"   
[22] "0.0405928563665466"   "0.0405928563665466"   "0.346187728767693"   
[25] "0.346187728767693"    "0.0538812022475644"   "0.0538812022475644"  
[28] "0.00826077712097829"  "0.00826077712097829"  "0.0120966236969827"  
[31] "0.0120966236969827"   "0.0134541757708156"   "0.0134541757708156"  
[34] "0.0103275860957356"   "0.0103275860957356"   "0.00552354171534087" 
[37] "0.00552354171534087"  "0.0020624374590035"   "0.0020624374590035"  
[40] "0.000343199649410818" "0.000343199649410818" "beta :"              
[43] "1"                   
[1] " old Likelihood:  -9934683.09938684"
[1] "New Likelihood:  -9934466.5147012"
iter:  0  f-value:  37065.92  pgrad:  0.4989244 
iter:  10  f-value:  37065.82  pgrad:  0.7345807 
iter:  20  f-value:  37065.89  pgrad:  0.9679845 
iter:  30  f-value:  37065.65  pgrad:  0.9674288 
iter:  40  f-value:  37065.59  pgrad:  0.987863 
iter:  50  f-value:  37065.59  pgrad:  0.9606481 
  Unsuccessful convergence.
Time difference of 21.35827 mins
[1] "maxIt: 20"
[1] "It: 4"
 [1] "sigma:"               "0.978762066020681"    "0.978762066020681"   
 [4] "0.958907086758622"    "0.958907086758622"    "0.966989388282964"   
 [7] "0.966989388282964"    "0.978274397744207"    "0.978274397744207"   
[10] "0.99"                 "0.99"                 "0.99"                
[13] "0.99"                 "0.99"                 "0.99"                
[16] "0.99"                 "0.99"                 "0.95894614540422"    
[19] "0.95894614540422"     "0.951025121969441"    "0.951025121969441"   
[22] "0.0377786120811015"   "0.0377786120811015"   "0.344685460930112"   
[25] "0.344685460930112"    "0.0546901386663485"   "0.0546901386663485"  
[28] "0.0103227866597156"   "0.0103227866597156"   "0.0146282000525163"  
[31] "0.0146282000525163"   "0.0159028592271114"   "0.0159028592271114"  
[34] "0.0120930345740251"   "0.0120930345740251"   "0.0065915712162895"  
[37] "0.0065915712162895"   "0.00258325963523442"  "0.00258325963523442" 
[40] "0.000436515218986595" "0.000436515218986595" "beta :"              
[43] "1"                   
 [1] "sigma:"               "0.978762066020681"    "0.978762066020681"   
 [4] "0.958907086758622"    "0.958907086758622"    "0.966989388282964"   
 [7] "0.966989388282964"    "0.978274397744207"    "0.978274397744207"   
[10] "0.99"                 "0.99"                 "0.99"                
[13] "0.99"                 "0.99"                 "0.99"                
[16] "0.99"                 "0.99"                 "0.95894614540422"    
[19] "0.95894614540422"     "0.951025121969441"    "0.951025121969441"   
[22] "0.0377786120811015"   "0.0377786120811015"   "0.344685460930112"   
[25] "0.344685460930112"    "0.104190138666349"    "0.104190138666349"   
[28] "0.0103227866597156"   "0.0103227866597156"   "0.0146282000525163"  
[31] "0.0146282000525163"   "0.0159028592271114"   "0.0159028592271114"  
[34] "0.0120930345740251"   "0.0120930345740251"   "0.0065915712162895"  
[37] "0.0065915712162895"   "0.00258325963523442"  "0.00258325963523442" 
[40] "0.000436515218986595" "0.000436515218986595" "beta :"              
[43] "1"                   
[1] " old Likelihood:  -9934466.5147012"
[1] "New Likelihood:  -9934384.86820062"
iter:  0  f-value:  36992.6  pgrad:  0.4985184 
iter:  10  f-value:  36992.56  pgrad:  0.5483162 
iter:  20  f-value:  36992.51  pgrad:  0.9596927 
iter:  30  f-value:  36992.51  pgrad:  0.9593946 
iter:  40  f-value:  36992.46  pgrad:  0.9545061 
iter:  50  f-value:  36992.45  pgrad:  0.9520823 
  Unsuccessful convergence.
Time difference of 20.80548 mins
[1] "maxIt: 20"
[1] "It: 5"
 [1] "sigma:"               "0.988839626325362"    "0.988839626325362"   
 [4] "0.963525012712666"    "0.963525012712666"    "0.973607574474553"   
 [7] "0.973607574474553"    "0.987808769791681"    "0.987808769791681"   
[10] "0.99"                 "0.99"                 "0.99"                
[13] "0.99"                 "0.99"                 "0.99"                
[16] "0.99"                 "0.99"                 "0.971778177560861"   
[19] "0.971778177560861"    "0.942561524935083"    "0.942561524935083"   
[22] "0.035134245826013"    "0.035134245826013"    "0.342963354849225"   
[25] "0.342963354849225"    "0.104970357812891"    "0.104970357812891"   
[28] "0.0124689081126154"   "0.0124689081126154"   "0.016916743785322"   
[31] "0.016916743785322"    "0.0176481902424553"   "0.0176481902424553"  
[34] "0.0130601395657414"   "0.0130601395657414"   "0.00721934030996938" 
[37] "0.00721934030996938"  "0.00300501162940235"  "0.00300501162940235" 
[40] "0.000530030244511449" "0.000530030244511449" "beta :"              
[43] "1"                   
 [1] "sigma:"               "0.988839626325362"    "0.988839626325362"   
 [4] "0.963525012712666"    "0.963525012712666"    "0.973607574474553"   
 [7] "0.973607574474553"    "0.987808769791681"    "0.987808769791681"   
[10] "0.99"                 "0.99"                 "0.99"                
[13] "0.99"                 "0.99"                 "0.99"                
[16] "0.99"                 "0.99"                 "0.971778177560861"   
[19] "0.971778177560861"    "0.893061524935083"    "0.893061524935083"   
[22] "0.035134245826013"    "0.035134245826013"    "0.342963354849225"   
[25] "0.342963354849225"    "0.104970357812891"    "0.104970357812891"   
[28] "0.0124689081126154"   "0.0124689081126154"   "0.016916743785322"   
[31] "0.016916743785322"    "0.0176481902424553"   "0.0176481902424553"  
[34] "0.0130601395657414"   "0.0130601395657414"   "0.00721934030996938" 
[37] "0.00721934030996938"  "0.00300501162940235"  "0.00300501162940235" 
[40] "0.000530030244511446" "0.000530030244511446" "beta :"              
[43] "1"                   
[1] " old Likelihood:  -9934384.86820062"
[1] "New Likelihood:  -9934345.58659502"
iter:  0  f-value:  37127.16  pgrad:  0.5120628 
iter:  10  f-value:  37127.13  pgrad:  0.5056063 
iter:  20  f-value:  37127.11  pgrad:  0.7633207 
iter:  30  f-value:  37127.08  pgrad:  0.9000018 
iter:  40  f-value:  37127.08  pgrad:  0.8994571 
iter:  50  f-value:  37127.07  pgrad:  0.8986691 
  Unsuccessful convergence.
Time difference of 21.33984 mins
[1] "maxIt: 20"
[1] "It: 6"
 [1] "sigma:"               "0.99"                 "0.99"                
 [4] "0.965932168332726"    "0.965932168332726"    "0.97702234410286"    
 [7] "0.97702234410286"     "0.99"                 "0.99"                
[10] "0.99"                 "0.99"                 "0.99"                
[13] "0.99"                 "0.99"                 "0.99"                
[16] "0.99"                 "0.99"                 "0.983303080938576"   
[19] "0.983303080938576"    "0.889598174165407"    "0.889598174165407"   
[22] "0.0339329486527341"   "0.0339329486527341"   "0.342431441866066"   
[25] "0.342431441866066"    "0.105692416685902"    "0.105692416685902"   
[28] "0.0139671478997938"   "0.0139671478997938"   "0.0183022066946651"  
[31] "0.0183022066946651"   "0.0185011925186934"   "0.0185011925186934"  
[34] "0.0133339559345815"   "0.0133339559345815"   "0.00736791756630642" 
[37] "0.00736791756630642"  "0.00317744528008467"  "0.00317744528008467" 
[40] "0.000574631121254934" "0.000574631121254934" "beta :"              
[43] "1"                   
 [1] "sigma:"               "0.99"                 "0.99"                
 [4] "0.965932168332726"    "0.965932168332726"    "0.97702234410286"    
 [7] "0.97702234410286"     "0.99"                 "0.99"                
[10] "0.99"                 "0.99"                 "0.99"                
[13] "0.99"                 "0.99"                 "0.99"                
[16] "0.99"                 "0.99"                 "0.983303080938576"   
[19] "0.983303080938576"    "0.889598174165407"    "0.889598174165407"   
[22] "0.0339329486527341"   "0.0339329486527341"   "0.342431441866066"   
[25] "0.342431441866066"    "0.105692416685902"    "0.105692416685902"   
[28] "0.0634671478997938"   "0.0634671478997938"   "0.0183022066946651"  
[31] "0.0183022066946651"   "0.0185011925186934"   "0.0185011925186934"  
[34] "0.0133339559345815"   "0.0133339559345815"   "0.00736791756630642" 
[37] "0.00736791756630642"  "0.00317744528008467"  "0.00317744528008467" 
[40] "0.000574631121254935" "0.000574631121254935" "beta :"              
[43] "1"                   
[1] " old Likelihood:  -9934345.58659502"
[1] "New Likelihood:  -9934323.62938616"
iter:  0  f-value:  36988.74  pgrad:  0.5114331 
iter:  10  f-value:  36988.71  pgrad:  0.4986214 
iter:  20  f-value:  36988.69  pgrad:  0.8976124 
iter:  30  f-value:  36988.69  pgrad:  0.8973092 
iter:  40  f-value:  36988.68  pgrad:  0.8965129 
iter:  50  f-value:  36988.68  pgrad:  0.8953904 
  Unsuccessful convergence.
Time difference of 21.95594 mins
[1] "maxIt: 20"
[1] "It: 7"
 [1] "sigma:"               "0.99"                 "0.99"                
 [4] "0.967985172907071"    "0.967985172907071"    "0.979892691301376"   
 [7] "0.979892691301376"    "0.99"                 "0.99"                
[10] "0.99"                 "0.99"                 "0.99"                
[13] "0.99"                 "0.99"                 "0.99"                
[16] "0.99"                 "0.99"                 "0.99"                
[19] "0.99"                 "0.886428805184832"    "0.886428805184832"   
[22] "0.0328150037286573"   "0.0328150037286573"   "0.341792020207291"   
[25] "0.341792020207291"    "0.106237588914709"    "0.106237588914709"   
[28] "0.064921930403734"    "0.064921930403734"    "0.0197790979768804"  
[31] "0.0197790979768804"   "0.0193842673841113"   "0.0193842673841113"  
[34] "0.0134422566738449"   "0.0134422566738449"   "0.00732927310013182" 
[37] "0.00732927310013182"  "0.00327340205216014"  "0.00327340205216014" 
[40] "0.000612062579416831" "0.000612062579416831" "beta :"              
[43] "1"                   
 [1] "sigma:"               "0.99"                 "0.99"                
 [4] "0.967985172907071"    "0.967985172907071"    "0.979892691301376"   
 [7] "0.979892691301376"    "0.99"                 "0.99"                
[10] "0.99"                 "0.99"                 "0.99"                
[13] "0.99"                 "0.99"                 "0.99"                
[16] "0.99"                 "0.99"                 "0.99"                
[19] "0.99"                 "0.886428805184832"    "0.886428805184832"   
[22] "0.0328150037286573"   "0.0328150037286573"   "0.341792020207291"   
[25] "0.341792020207291"    "0.106237588914709"    "0.106237588914709"   
[28] "0.064921930403734"    "0.064921930403734"    "0.0197790979768804"  
[31] "0.0197790979768804"   "0.0193842673841113"   "0.0193842673841113"  
[34] "0.0134422566738449"   "0.0134422566738449"   "0.00732927310013182" 
[37] "0.00732927310013182"  "0.00327340205216014"  "0.00327340205216014" 
[40] "0.000612062579416831" "0.000612062579416831" "beta :"              
[43] "1"                   
[1] " old Likelihood:  -9934323.62938616"
[1] "New Likelihood:  -9934310.01727303"
iter:  0  f-value:  37010.33  pgrad:  0.5107513 
iter:  10  f-value:  37010.32  pgrad:  0.5103355 
iter:  20  f-value:  37010.32  pgrad:  0.4363477 
iter:  30  f-value:  37010.32  pgrad:  0.4361253 
iter:  40  f-value:  37010.32  pgrad:  0.4123285 
iter:  50  f-value:  37010.32  pgrad:  0.3787136 
  Unsuccessful convergence.
Time difference of 21.95363 mins
[1] "maxIt: 20"
[1] "It: 8"
 [1] "sigma:"               "0.99"                 "0.99"                
 [4] "0.970130565196899"    "0.970130565196899"    "0.982899043171921"   
 [7] "0.982899043171921"    "0.99"                 "0.99"                
[10] "0.99"                 "0.99"                 "0.99"                
[13] "0.99"                 "0.99"                 "0.99"                
[16] "0.99"                 "0.99"                 "0.99"                
[19] "0.99"                 "0.885257235268424"    "0.885257235268424"   
[22] "0.0321424473505236"   "0.0321424473505236"   "0.341853336310501"   
[25] "0.341853336310501"    "0.107139444592097"    "0.107139444592097"   
[28] "0.0664467176656239"   "0.0664467176656239"   "0.0210017532973275"  
[31] "0.0210017532973275"   "0.0198631166257225"   "0.0198631166257225"  
[34] "0.0130900821577564"   "0.0130900821577564"   "0.00704373778701472" 
[37] "0.00704373778701472"  "0.0032949398661727"   "0.0032949398661727"  
[40] "0.000644312764985472" "0.000644312764985472" "beta :"              
[43] "1"                   
 [1] "sigma:"              "0.99"                "0.99"               
 [4] "0.970130565196899"   "0.970130565196899"   "0.982899043171921"  
 [7] "0.982899043171921"   "0.99"                "0.99"               
[10] "0.99"                "0.99"                "0.99"               
[13] "0.99"                "0.99"                "0.99"               
[16] "0.99"                "0.99"                "0.99"               
[19] "0.99"                "0.885257235268424"   "0.885257235268424"  
[22] "0.0321424473505236"  "0.0321424473505236"  "0.341853336310501"  
[25] "0.341853336310501"   "0.107139444592097"   "0.107139444592097"  
[28] "0.0664467176656239"  "0.0664467176656239"  "0.0705017532973275" 
[31] "0.0705017532973275"  "0.0198631166257225"  "0.0198631166257225" 
[34] "0.0130900821577564"  "0.0130900821577564"  "0.00704373778701472"
[37] "0.00704373778701472" "0.0032949398661727"  "0.0032949398661727" 
[40] "0.00064431276498547" "0.00064431276498547" "beta :"             
[43] "1"                  
[1] " old Likelihood:  -9934310.01727303"
[1] "New Likelihood:  -9934305.27830943"
iter:  0  f-value:  36837.51  pgrad:  0.5098947 
iter:  10  f-value:  36837.49  pgrad:  0.5094646 
iter:  20  f-value:  36837.49  pgrad:  0.4968504 
iter:  30  f-value:  36837.49  pgrad:  0.4336649 
iter:  40  f-value:  36837.49  pgrad:  0.3436435 
iter:  50  f-value:  36837.48  pgrad:  0.3436435 
  Unsuccessful convergence.
Time difference of 22.50833 mins
[1] "maxIt: 20"
[1] "It: 9"
 [1] "sigma:"               "0.99"                 "0.99"                
 [4] "0.972693201051795"    "0.972693201051795"    "0.98645244233147"    
 [7] "0.98645244233147"     "0.99"                 "0.99"                
[10] "0.99"                 "0.99"                 "0.99"                
[13] "0.99"                 "0.99"                 "0.99"                
[16] "0.99"                 "0.99"                 "0.99"                
[19] "0.99"                 "0.88378483833855"     "0.88378483833855"    
[22] "0.0311268147089005"   "0.0311268147089005"   "0.341787445404988"   
[25] "0.341787445404988"    "0.108148604208829"    "0.108148604208829"   
[28] "0.068424104597964"    "0.068424104597964"    "0.0725664983318645"  
[31] "0.0725664983318645"   "0.0210260011158677"   "0.0210260011158677"  
[34] "0.0130140249777601"   "0.0130140249777601"   "0.00669065425215476" 
[37] "0.00669065425215476"  "0.00328319290181917"  "0.00328319290181917" 
[40] "0.000682642029283118" "0.000682642029283118" "beta :"              
[43] "1"                   
 [1] "sigma:"               "0.99"                 "0.99"                
 [4] "0.972693201051795"    "0.972693201051795"    "0.98645244233147"    
 [7] "0.98645244233147"     "0.99"                 "0.99"                
[10] "0.99"                 "0.99"                 "0.99"                
[13] "0.99"                 "0.99"                 "0.99"                
[16] "0.99"                 "0.99"                 "0.99"                
[19] "0.99"                 "0.88378483833855"     "0.88378483833855"    
[22] "0.0311268147089005"   "0.0311268147089005"   "0.341787445404988"   
[25] "0.341787445404988"    "0.108148604208829"    "0.108148604208829"   
[28] "0.068424104597964"    "0.068424104597964"    "0.0725664983318645"  
[31] "0.0725664983318645"   "0.0210260011158677"   "0.0210260011158677"  
[34] "0.0130140249777601"   "0.0130140249777601"   "0.00669065425215476" 
[37] "0.00669065425215476"  "0.00328319290181917"  "0.00328319290181917" 
[40] "0.000682642029283117" "0.000682642029283117" "beta :"              
[43] "1"                   
[1] " old Likelihood:  -9934305.27830943"
[1] "New Likelihood:  -9934299.12261737"
iter:  0  f-value:  36859.33  pgrad:  0.5091366 
iter:  10  f-value:  36859.32  pgrad:  0.5087139 
iter:  20  f-value:  36859.32  pgrad:  0.3902824 
iter:  30  f-value:  36859.32  pgrad:  0.3605965 
iter:  40  f-value:  36859.31  pgrad:  0.3598689 
iter:  50  f-value:  36859.31  pgrad:  0.3578316 
  Unsuccessful convergence.
Time difference of 22.52371 mins
[1] "maxIt: 20"
[1] "It: 10"
 [1] "sigma:"               "0.99"                 "0.99"                
 [4] "0.974656495292078"    "0.974656495292078"    "0.989135897891514"   
 [7] "0.989135897891514"    "0.99"                 "0.99"                
[10] "0.99"                 "0.99"                 "0.99"                
[13] "0.99"                 "0.99"                 "0.99"                
[16] "0.99"                 "0.99"                 "0.99"                
[19] "0.99"                 "0.882800290782892"    "0.882800290782892"   
[22] "0.0303385923105685"   "0.0303385923105685"   "0.341960913969874"   
[25] "0.341960913969874"    "0.109188127291521"    "0.109188127291521"   
[28] "0.0699303794514623"   "0.0699303794514623"   "0.0737846612601619"  
[31] "0.0737846612601619"   "0.0213587594434042"   "0.0213587594434042"  
[34] "0.0123925351876486"   "0.0123925351876486"   "0.00608126705646951" 
[37] "0.00608126705646951"  "0.00317505859271392"  "0.00317505859271392" 
[40] "0.000703736103902029" "0.000703736103902029" "beta :"              
[43] "1"                   
 [1] "sigma:"               "0.99"                 "0.99"                
 [4] "0.974656495292078"    "0.974656495292078"    "0.989135897891514"   
 [7] "0.989135897891514"    "0.99"                 "0.99"                
[10] "0.99"                 "0.99"                 "0.99"                
[13] "0.99"                 "0.99"                 "0.99"                
[16] "0.99"                 "0.99"                 "0.99"                
[19] "0.99"                 "0.882800290782892"    "0.882800290782892"   
[22] "0.0303385923105685"   "0.0303385923105685"   "0.341960913969874"   
[25] "0.341960913969874"    "0.109188127291521"    "0.109188127291521"   
[28] "0.0699303794514623"   "0.0699303794514623"   "0.0737846612601619"  
[31] "0.0737846612601619"   "0.0213587594434042"   "0.0213587594434042"  
[34] "0.0123925351876486"   "0.0123925351876486"   "0.0060812670564695"  
[37] "0.0060812670564695"   "0.00317505859271392"  "0.00317505859271392" 
[40] "0.000703736103902029" "0.000703736103902029" "beta :"              
[43] "1"                   
[1] " old Likelihood:  -9934299.12261737"
[1] "New Likelihood:  -9934295.76796645"
iter:  0  f-value:  36869.52  pgrad:  0.5080851 
iter:  10  f-value:  36869.51  pgrad:  0.507666 
iter:  20  f-value:  36869.51  pgrad:  0.3715832 
iter:  30  f-value:  36869.51  pgrad:  0.3710738 
iter:  40  f-value:  36869.51  pgrad:  0.3704918 
iter:  50  f-value:  36869.51  pgrad:  0.3696186 
  Unsuccessful convergence.
Time difference of 22.56034 mins
[1] "maxIt: 20"
[1] "It: 11"
 [1] "sigma:"               "0.99"                 "0.99"                
 [4] "0.975356781173696"    "0.975356781173696"    "0.99"                
 [7] "0.99"                 "0.99"                 "0.99"                
[10] "0.99"                 "0.99"                 "0.99"                
[13] "0.99"                 "0.99"                 "0.99"                
[16] "0.99"                 "0.99"                 "0.99"                
[19] "0.99"                 "0.882231857913484"    "0.882231857913484"   
[22] "0.0300133010166762"   "0.0300133010166762"   "0.342195718886911"   
[25] "0.342195718886911"    "0.109809307973535"    "0.109809307973535"   
[28] "0.0706927854636485"   "0.0706927854636485"   "0.0743368072628834"  
[31] "0.0743368072628834"   "0.0214280728277461"   "0.0214280728277461"  
[34] "0.0120021037028164"   "0.0120021037028164"   "0.00574663257973756" 
[37] "0.00574663257973756"  "0.00309840569670012"  "0.00309840569670012" 
[40] "0.000830206637435245" "0.000830206637435245" "beta :"              
[43] "1"                   
 [1] "sigma:"               "0.99"                 "0.99"                
 [4] "0.975356781173696"    "0.975356781173696"    "0.99"                
 [7] "0.99"                 "0.99"                 "0.99"                
[10] "0.99"                 "0.99"                 "0.99"                
[13] "0.99"                 "0.99"                 "0.99"                
[16] "0.99"                 "0.99"                 "0.99"                
[19] "0.99"                 "0.882231857913484"    "0.882231857913484"   
[22] "0.0300133010166762"   "0.0300133010166762"   "0.342195718886911"   
[25] "0.342195718886911"    "0.109809307973535"    "0.109809307973535"   
[28] "0.0706927854636485"   "0.0706927854636485"   "0.0743368072628834"  
[31] "0.0743368072628834"   "0.0214280728277461"   "0.0214280728277461"  
[34] "0.0120021037028164"   "0.0120021037028164"   "0.00574663257973756" 
[37] "0.00574663257973756"  "0.00309840569670012"  "0.00309840569670012" 
[40] "0.000830206637435246" "0.000830206637435246" "beta :"              
[43] "1"                   
[1] " old Likelihood:  -9934295.76796645"
[1] "New Likelihood:  -9934293.62464891"
iter:  0  f-value:  36875.63  pgrad:  0.5070759 
iter:  10  f-value:  36875.62  pgrad:  0.5067159 
iter:  20  f-value:  36875.62  pgrad:  0.3703462 
iter:  30  f-value:  36875.62  pgrad:  0.3637251 
iter:  40  f-value:  36875.62  pgrad:  0.3596506 
iter:  50  f-value:  36875.62  pgrad:  0.3560126 
  Unsuccessful convergence.
Time difference of 22.54153 mins
[1] "maxIt: 20"
[1] "It: 12"
 [1] "sigma:"              "0.99"                "0.99"               
 [4] "0.976804983980852"   "0.976804983980852"   "0.99"               
 [7] "0.99"                "0.99"                "0.99"               
[10] "0.99"                "0.99"                "0.99"               
[13] "0.99"                "0.99"                "0.99"               
[16] "0.99"                "0.99"                "0.99"               
[19] "0.99"                "0.881401512089987"   "0.881401512089987"  
[22] "0.0292274093672103"  "0.0292274093672103"  "0.342409293748848"  
[25] "0.342409293748848"   "0.110857391825996"   "0.110857391825996"  
[28] "0.0719831130326743"  "0.0719831130326743"  "0.0751101439239536" 
[31] "0.0751101439239536"  "0.021360034392735"   "0.021360034392735"  
[34] "0.011060098596755"   "0.011060098596755"   "0.00496843218975255"
[37] "0.00496843218975255" "0.00290598712808039" "0.00290598712808039"
[40] "0.00083690375400865" "0.00083690375400865" "beta :"             
[43] "1"                  
 [1] "sigma:"               "0.99"                 "0.99"                
 [4] "0.976804983980852"    "0.976804983980852"    "0.99"                
 [7] "0.99"                 "0.99"                 "0.99"                
[10] "0.99"                 "0.99"                 "0.99"                
[13] "0.99"                 "0.99"                 "0.99"                
[16] "0.99"                 "0.99"                 "0.99"                
[19] "0.99"                 "0.881401512089987"    "0.881401512089987"   
[22] "0.0292274093672103"   "0.0292274093672103"   "0.342409293748848"   
[25] "0.342409293748848"    "0.110857391825996"    "0.110857391825996"   
[28] "0.0719831130326743"   "0.0719831130326743"   "0.0751101439239536"  
[31] "0.0751101439239536"   "0.021360034392735"    "0.021360034392735"   
[34] "0.011060098596755"    "0.011060098596755"    "0.00496843218975255" 
[37] "0.00496843218975255"  "0.0029059871280804"   "0.0029059871280804"  
[40] "0.000836903754008649" "0.000836903754008649" "beta :"              
[43] "1"                   
[1] " old Likelihood:  -9934293.62464891"
[1] "New Likelihood:  -9934291.73756526"
iter:  0  f-value:  36878.92  pgrad:  0.5062835 
iter:  10  f-value:  36878.91  pgrad:  0.5059492 
iter:  20  f-value:  36878.91  pgrad:  0.3680179 
iter:  30  f-value:  36878.91  pgrad:  0.3650348 
iter:  40  f-value:  36878.91  pgrad:  0.3635796 
iter:  50  f-value:  36878.91  pgrad:  0.354994 
  Unsuccessful convergence.
Time difference of 22.50458 mins
[1] "maxIt: 20"
[1] "It: 13"
 [1] "sigma:"               "0.99"                 "0.99"                
 [4] "0.978015881865158"    "0.978015881865158"    "0.99"                
 [7] "0.99"                 "0.99"                 "0.99"                
[10] "0.99"                 "0.99"                 "0.99"                
[13] "0.99"                 "0.99"                 "0.99"                
[16] "0.99"                 "0.99"                 "0.99"                
[19] "0.99"                 "0.88068195513196"     "0.88068195513196"    
[22] "0.0285070118162025"   "0.0285070118162025"   "0.342611522292066"   
[25] "0.342611522292066"    "0.111828337687529"    "0.111828337687529"   
[28] "0.0731415887330719"   "0.0731415887330719"   "0.0757542790896929"  
[31] "0.0757542790896929"   "0.021248304340488"    "0.021248304340488"   
[34] "0.0101425747759219"   "0.0101425747759219"   "0.00421779371846436" 
[37] "0.00421779371846436"  "0.00270754384717782"  "0.00270754384717782" 
[40] "0.000838857850845652" "0.000838857850845652" "beta :"              
[43] "1"                   
 [1] "sigma:"               "0.99"                 "0.99"                
 [4] "0.978015881865158"    "0.978015881865158"    "0.99"                
 [7] "0.99"                 "0.99"                 "0.99"                
[10] "0.99"                 "0.99"                 "0.99"                
[13] "0.99"                 "0.99"                 "0.99"                
[16] "0.99"                 "0.99"                 "0.99"                
[19] "0.99"                 "0.88068195513196"     "0.88068195513196"    
[22] "0.0285070118162025"   "0.0285070118162025"   "0.342611522292066"   
[25] "0.342611522292066"    "0.161328337687529"    "0.161328337687529"   
[28] "0.0731415887330719"   "0.0731415887330719"   "0.075754279089693"   
[31] "0.075754279089693"    "0.021248304340488"    "0.021248304340488"   
[34] "0.0101425747759219"   "0.0101425747759219"   "0.00421779371846436" 
[37] "0.00421779371846436"  "0.00270754384717783"  "0.00270754384717783" 
[40] "0.000838857850845653" "0.000838857850845653" "beta :"              
[43] "1"                   
[1] " old Likelihood:  -9934291.73756526"
[1] "New Likelihood:  -9934290.01542993"
iter:  0  f-value:  36756.56  pgrad:  0.5055888 
iter:  10  f-value:  36756.55  pgrad:  0.4910535 
iter:  20  f-value:  36756.55  pgrad:  0.4953495 
iter:  30  f-value:  36756.55  pgrad:  0.3591413 
iter:  40  f-value:  36756.55  pgrad:  0.3564492 
iter:  50  f-value:  36756.55  pgrad:  0.3545574 
  Unsuccessful convergence.
Time difference of 22.50188 mins
[1] "maxIt: 20"
[1] "It: 14"
 [1] "sigma:"               "0.99"                 "0.99"                
 [4] "0.978934629944759"    "0.978934629944759"    "0.99"                
 [7] "0.99"                 "0.99"                 "0.99"                
[10] "0.99"                 "0.99"                 "0.99"                
[13] "0.99"                 "0.99"                 "0.99"                
[16] "0.99"                 "0.99"                 "0.99"                
[19] "0.99"                 "0.879697871372931"    "0.879697871372931"   
[22] "0.0276222526406715"   "0.0276222526406715"   "0.342144996599477"   
[25] "0.342144996599477"    "0.161856649467375"    "0.161856649467375"   
[28] "0.0741654861230484"   "0.0741654861230484"   "0.076546190468976"   
[31] "0.076546190468976"    "0.0213633281168663"   "0.0213633281168663"  
[34] "0.00941635522229593"  "0.00941635522229593"  "0.00357525485208877" 
[37] "0.00357525485208877"  "0.00252719348212779"  "0.00252719348212779" 
[40] "0.000837766422677078" "0.000837766422677078" "beta :"              
[43] "1"                   
 [1] "sigma:"               "0.99"                 "0.99"                
 [4] "0.978934629944759"    "0.978934629944759"    "0.99"                
 [7] "0.99"                 "0.99"                 "0.99"                
[10] "0.99"                 "0.99"                 "0.99"                
[13] "0.99"                 "0.99"                 "0.99"                
[16] "0.99"                 "0.99"                 "0.99"                
[19] "0.99"                 "0.879697871372931"    "0.879697871372931"   
[22] "0.0276222526406715"   "0.0276222526406715"   "0.342144996599477"   
[25] "0.342144996599477"    "0.161856649467375"    "0.161856649467375"   
[28] "0.0741654861230484"   "0.0741654861230484"   "0.076546190468976"   
[31] "0.076546190468976"    "0.0708633281168663"   "0.0708633281168663"  
[34] "0.00941635522229593"  "0.00941635522229593"  "0.00357525485208877" 
[37] "0.00357525485208877"  "0.00252719348212779"  "0.00252719348212779" 
[40] "0.000837766422677078" "0.000837766422677078" "beta :"              
[43] "1"                   
[1] " old Likelihood:  -9934290.01542993"
[1] "New Likelihood:  -9934287.38217326"
iter:  0  f-value:  36571.26  pgrad:  0.5055249 
iter:  10  f-value:  36571.24  pgrad:  0.3955938 
iter:  20  f-value:  36571.24  pgrad:  0.4968992 
iter:  30  f-value:  36571.24  pgrad:  0.357395 
iter:  40  f-value:  36571.24  pgrad:  0.351356 
iter:  50  f-value:  36571.24  pgrad:  0.3349123 
  Unsuccessful convergence.
Time difference of 23.094 mins
[1] "maxIt: 20"
[1] "It: 15"
 [1] "sigma:"              "0.99"                "0.99"               
 [4] "0.980822449139244"   "0.980822449139244"   "0.99"               
 [7] "0.99"                "0.99"                "0.99"               
[10] "0.99"                "0.99"                "0.99"               
[13] "0.99"                "0.99"                "0.99"               
[16] "0.99"                "0.99"                "0.99"               
[19] "0.99"                "0.878100477802512"   "0.878100477802512"  
[22] "0.0259814312931907"  "0.0259814312931907"  "0.341596540249458"  
[25] "0.341596540249458"   "0.162949880826492"   "0.162949880826492"  
[28] "0.076218617914378"   "0.076218617914378"   "0.07858125703247"   
[31] "0.07858125703247"    "0.0719543872334256"  "0.0719543872334256" 
[34] "0.00896471604906332" "0.00896471604906332" "0.00273445488805638"
[37] "0.00273445488805638" "0.00224890477451123" "0.00224890477451123"
[40] "0.00084577987956036" "0.00084577987956036" "beta :"             
[43] "1"                  
 [1] "sigma:"               "0.99"                 "0.99"                
 [4] "0.980822449139244"    "0.980822449139244"    "0.99"                
 [7] "0.99"                 "0.99"                 "0.99"                
[10] "0.99"                 "0.99"                 "0.99"                
[13] "0.99"                 "0.99"                 "0.99"                
[16] "0.99"                 "0.99"                 "0.99"                
[19] "0.99"                 "0.878100477802512"    "0.878100477802512"   
[22] "0.0259814312931907"   "0.0259814312931907"   "0.341596540249458"   
[25] "0.341596540249458"    "0.162949880826492"    "0.162949880826492"   
[28] "0.076218617914378"    "0.076218617914378"    "0.07858125703247"    
[31] "0.07858125703247"     "0.0719543872334256"   "0.0719543872334256"  
[34] "0.00896471604906332"  "0.00896471604906332"  "0.00273445488805638" 
[37] "0.00273445488805638"  "0.00224890477451123"  "0.00224890477451123" 
[40] "0.000845779879560358" "0.000845779879560358" "beta :"              
[43] "1"                   
[1] " old Likelihood:  -9934287.38217326"
[1] "New Likelihood:  -9934283.42342374"
iter:  0  f-value:  36593.81  pgrad:  0.505225 
iter:  10  f-value:  36593.81  pgrad:  0.5049035 
iter:  20  f-value:  36593.81  pgrad:  0.3544847 
iter:  30  f-value:  36593.81  pgrad:  0.3523746 
iter:  40  f-value:  36593.81  pgrad:  0.3445166 
iter:  50  f-value:  36593.8  pgrad:  0.3279274 
  Unsuccessful convergence.
Time difference of 23.11388 mins
[1] "maxIt: 20"
[1] "It: 16"
 [1] "sigma:"               "0.99"                 "0.99"                
 [4] "0.982770552378979"    "0.982770552378979"    "0.99"                
 [7] "0.99"                 "0.99"                 "0.99"                
[10] "0.99"                 "0.99"                 "0.99"                
[13] "0.99"                 "0.99"                 "0.99"                
[16] "0.99"                 "0.99"                 "0.99"                
[19] "0.99"                 "0.876902839175826"    "0.876902839175826"   
[22] "0.0244500162477785"   "0.0244500162477785"   "0.341388903112166"   
[25] "0.341388903112166"    "0.164241001489618"    "0.164241001489618"   
[28] "0.0779520058076662"   "0.0779520058076662"   "0.0798173329202313"  
[31] "0.0798173329202313"   "0.0721080243419188"   "0.0721080243419188"  
[34] "0.00780433411604607"  "0.00780433411604607"  "0.00150023605350257" 
[37] "0.00150023605350257"  "0.00183875127691784"  "0.00183875127691784" 
[40] "0.000838585304532245" "0.000838585304532245" "beta :"              
[43] "1"                   
 [1] "sigma:"               "0.99"                 "0.99"                
 [4] "0.982770552378979"    "0.982770552378979"    "0.99"                
 [7] "0.99"                 "0.99"                 "0.99"                
[10] "0.99"                 "0.99"                 "0.99"                
[13] "0.99"                 "0.99"                 "0.99"                
[16] "0.99"                 "0.99"                 "0.99"                
[19] "0.99"                 "0.876902839175826"    "0.876902839175826"   
[22] "0.0244500162477785"   "0.0244500162477785"   "0.341388903112166"   
[25] "0.341388903112166"    "0.164241001489618"    "0.164241001489618"   
[28] "0.0779520058076662"   "0.0779520058076662"   "0.0798173329202313"  
[31] "0.0798173329202313"   "0.0721080243419188"   "0.0721080243419188"  
[34] "0.00780433411604607"  "0.00780433411604607"  "0.00150023605350257" 
[37] "0.00150023605350257"  "0.00183875127691784"  "0.00183875127691784" 
[40] "0.000838585304532248" "0.000838585304532248" "beta :"              
[43] "1"                   
[1] " old Likelihood:  -9934283.42342374"
[1] "New Likelihood:  -9934281.52686768"
iter:  0  f-value:  36605.12  pgrad:  0.5045618 
iter:  10  f-value:  36605.12  pgrad:  0.5041525 
iter:  20  f-value:  36605.12  pgrad:  0.3489549 
iter:  30  f-value:  36605.12  pgrad:  0.345899 
iter:  40  f-value:  36605.12  pgrad:  0.3416062 
iter:  50  f-value:  36605.12  pgrad:  0.3253081 
  Unsuccessful convergence.
Time difference of 23.12497 mins
[1] "maxIt: 20"
[1] "It: 17"
 [1] "sigma:"               "0.99"                 "0.99"                
 [4] "0.984312698063005"    "0.984312698063005"    "0.99"                
 [7] "0.99"                 "0.99"                 "0.99"                
[10] "0.99"                 "0.99"                 "0.99"                
[13] "0.99"                 "0.99"                 "0.99"                
[16] "0.99"                 "0.99"                 "0.99"                
[19] "0.99"                 "0.875930454698074"    "0.875930454698074"   
[22] "0.023179717651686"    "0.023179717651686"    "0.341319462518717"   
[25] "0.341319462518717"    "0.165425911733117"    "0.165425911733117"   
[28] "0.079379025624738"    "0.079379025624738"    "0.0805925074860844"  
[31] "0.0805925074860844"   "0.0718648012309778"   "0.0718648012309778"  
[34] "0.0065231644132441"   "0.0065231644132441"   "0.00028300377413706" 
[37] "0.00028300377413706"  "0.00143410740290254"  "0.00143410740290254" 
[40] "0.000826427219635573" "0.000826427219635573" "beta :"              
[43] "1"                   
 [1] "sigma:"               "0.99"                 "0.99"                
 [4] "0.984312698063005"    "0.984312698063005"    "0.99"                
 [7] "0.99"                 "0.99"                 "0.99"                
[10] "0.99"                 "0.99"                 "0.99"                
[13] "0.99"                 "0.99"                 "0.99"                
[16] "0.99"                 "0.99"                 "0.99"                
[19] "0.99"                 "0.875930454698074"    "0.875930454698074"   
[22] "0.023179717651686"    "0.023179717651686"    "0.341319462518717"   
[25] "0.341319462518717"    "0.165425911733117"    "0.165425911733117"   
[28] "0.079379025624738"    "0.079379025624738"    "0.0805925074860844"  
[31] "0.0805925074860844"   "0.0718648012309778"   "0.0718648012309778"  
[34] "0.00652316441324411"  "0.00652316441324411"  "0.000283003774137062"
[37] "0.000283003774137062" "0.00143410740290254"  "0.00143410740290254" 
[40] "0.000826427219635575" "0.000826427219635575" "beta :"              
[43] "1"                   
[1] " old Likelihood:  -9934281.52686768"
[1] "New Likelihood:  -9934280.19056831"
iter:  0  f-value:  36612.43  pgrad:  0.5039006 
iter:  10  f-value:  36612.42  pgrad:  0.503628 
iter:  20  f-value:  36612.42  pgrad:  0.3417517 
iter:  30  f-value:  36612.42  pgrad:  0.3387686 
iter:  40  f-value:  36612.42  pgrad:  0.3237074 
iter:  50  f-value:  36612.42  pgrad:  0.3207242 
  Unsuccessful convergence.
Time difference of 23.14487 mins
[1] "maxIt: 20"
[1] "It: 18"
 [1] "sigma:"               "0.99"                 "0.99"                
 [4] "0.985723075825895"    "0.985723075825895"    "0.99"                
 [7] "0.99"                 "0.99"                 "0.99"                
[10] "0.99"                 "0.99"                 "0.99"                
[13] "0.99"                 "0.99"                 "0.99"                
[16] "0.99"                 "0.99"                 "0.99"                
[19] "0.99"                 "0.875036371802507"    "0.875036371802507"   
[22] "0.0219191449912421"   "0.0219191449912421"   "0.341263960082869"   
[25] "0.341263960082869"    "0.166580829832175"    "0.166580829832175"   
[28] "0.0807057370819754"   "0.0807057370819754"   "0.081209538940226"   
[31] "0.081209538940226"    "0.0714648263625546"   "0.0714648263625546"  
[34] "0.00512655927150515"  "0.00512655927150515"  "0"                   
[37] "0"                    "0.000998483255673315" "0.000998483255673315"
[40] "0.000807958921158718" "0.000807958921158718" "beta :"              
[43] "1"                   
 [1] "sigma:"               "0.99"                 "0.99"                
 [4] "0.985723075825895"    "0.985723075825895"    "0.99"                
 [7] "0.99"                 "0.99"                 "0.99"                
[10] "0.99"                 "0.99"                 "0.99"                
[13] "0.99"                 "0.99"                 "0.99"                
[16] "0.99"                 "0.99"                 "0.99"                
[19] "0.99"                 "0.875036371802507"    "0.875036371802507"   
[22] "0.0219191449912421"   "0.0219191449912421"   "0.341263960082869"   
[25] "0.341263960082869"    "0.166580829832175"    "0.166580829832175"   
[28] "0.0807057370819754"   "0.0807057370819754"   "0.081209538940226"   
[31] "0.081209538940226"    "0.0714648263625546"   "0.0714648263625546"  
[34] "0.00512655927150515"  "0.00512655927150515"  "0"                   
[37] "0"                    "0.000998483255673318" "0.000998483255673318"
[40] "0.00080795892115872"  "0.00080795892115872"  "beta :"              
[43] "1"                   
[1] " old Likelihood:  -9934280.19056831"
[1] "New Likelihood:  -9934279.11995116"
iter:  0  f-value:  36616.73  pgrad:  0.5033274 
iter:  10  f-value:  36616.73  pgrad:  0.5030929 
iter:  20  f-value:  36616.73  pgrad:  0.336222 
iter:  30  f-value:  36616.73  pgrad:  0.4095637 
iter:  40  f-value:  36616.73  pgrad:  0.3298919 
iter:  50  f-value:  36616.73  pgrad:  0.305954 
  Unsuccessful convergence.
Time difference of 23.10501 mins
[1] "maxIt: 20"
[1] "It: 19"
 [1] "sigma:"               "0.99"                 "0.99"                
 [4] "0.987510566281428"    "0.987510566281428"    "0.99"                
 [7] "0.99"                 "0.99"                 "0.99"                
[10] "0.99"                 "0.99"                 "0.99"                
[13] "0.99"                 "0.99"                 "0.99"                
[16] "0.99"                 "0.99"                 "0.99"                
[19] "0.99"                 "0.873895812661984"    "0.873895812661984"   
[22] "0.0201922069965035"   "0.0201922069965035"   "0.34119245897744"    
[25] "0.34119245897744"     "0.168140642190569"    "0.168140642190569"   
[28] "0.0824388588344611"   "0.0824388588344611"   "0.0819342514675955"  
[31] "0.0819342514675955"   "0.0708103766108644"   "0.0708103766108644"  
[34] "0.00314752143590661"  "0.00314752143590661"  "0"                   
[37] "0"                    "0.000370382969974493" "0.000370382969974493"
[40] "0.000779166263274653" "0.000779166263274653" "beta :"              
[43] "1"                   
 [1] "sigma:"               "0.99"                 "0.99"                
 [4] "0.987510566281428"    "0.987510566281428"    "0.99"                
 [7] "0.99"                 "0.99"                 "0.99"                
[10] "0.99"                 "0.99"                 "0.99"                
[13] "0.99"                 "0.99"                 "0.99"                
[16] "0.99"                 "0.99"                 "0.99"                
[19] "0.99"                 "0.873895812661984"    "0.873895812661984"   
[22] "0.0201922069965035"   "0.0201922069965035"   "0.34119245897744"    
[25] "0.34119245897744"     "0.168140642190569"    "0.168140642190569"   
[28] "0.0824388588344611"   "0.0824388588344611"   "0.0819342514675955"  
[31] "0.0819342514675955"   "0.0708103766108644"   "0.0708103766108644"  
[34] "0.00314752143590661"  "0.00314752143590661"  "0"                   
[37] "0"                    "0.000370382969974494" "0.000370382969974494"
[40] "0.000779166263274655" "0.000779166263274655" "beta :"              
[43] "1"                   
[1] " old Likelihood:  -9934279.11995116"
[1] "New Likelihood:  -9934278.03264717"
iter:  0  f-value:  36619.77  pgrad:  0.5029858 
iter:  10  f-value:  36619.77  pgrad:  0.5026542 
iter:  20  f-value:  36619.77  pgrad:  0.3270543 
iter:  30  f-value:  36619.77  pgrad:  0.3193418 
iter:  40  f-value:  36619.77  pgrad:  0.508029 
iter:  50  f-value:  36619.77  pgrad:  0.3032619 
  Unsuccessful convergence.
Time difference of 23.1242 mins
[1] "maxIt: 20"
[1] "It: 20"
 [1] "sigma:"               "0.99"                 "0.99"                
 [4] "0.988894455703166"    "0.988894455703166"    "0.99"                
 [7] "0.99"                 "0.99"                 "0.99"                
[10] "0.99"                 "0.99"                 "0.99"                
[13] "0.99"                 "0.99"                 "0.99"                
[16] "0.99"                 "0.99"                 "0.99"                
[19] "0.99"                 "0.872986230936798"    "0.872986230936798"   
[22] "0.0187490076547173"   "0.0187490076547173"   "0.341150738695642"   
[25] "0.341150738695642"    "0.169461633064041"    "0.169461633064041"   
[28] "0.0838695778812408"   "0.0838695778812408"   "0.0824868614760282"  
[31] "0.0824868614760282"   "0.0702112842582713"   "0.0702112842582713"  
[34] "0.00145467425445539"  "0.00145467425445539"  "0"                   
[37] "0"                    "0"                    "0"                   
[40] "0.000751990574021504" "0.000751990574021504" "beta :"              
[43] "1"                   
 [1] "sigma:"               "0.99"                 "0.99"                
 [4] "0.988894455703166"    "0.988894455703166"    "0.99"                
 [7] "0.99"                 "0.99"                 "0.99"                
[10] "0.99"                 "0.99"                 "0.99"                
[13] "0.99"                 "0.99"                 "0.99"                
[16] "0.99"                 "0.99"                 "0.99"                
[19] "0.99"                 "0.872986230936798"    "0.872986230936798"   
[22] "0.0187490076547173"   "0.0187490076547173"   "0.341150738695642"   
[25] "0.341150738695642"    "0.218961633064041"    "0.218961633064041"   
[28] "0.0838695778812408"   "0.0838695778812408"   "0.0824868614760282"  
[31] "0.0824868614760282"   "0.0702112842582713"   "0.0702112842582713"  
[34] "0.00145467425445539"  "0.00145467425445539"  "0"                   
[37] "0"                    "0"                    "0"                   
[40] "0.000751990574021506" "0.000751990574021506" "beta :"              
[43] "1"                   
[1] " old Likelihood:  -9934278.03264717"
[1] "New Likelihood:  -9934277.08098958"
iter:  0  f-value:  36490.28  pgrad:  0.5030519 
iter:  10  f-value:  36490.28  pgrad:  0.4895791 
iter:  20  f-value:  36490.28  pgrad:  0.5030384 
iter:  30  f-value:  36490.28  pgrad:  0.3138121 
iter:  40  f-value:  36490.28  pgrad:  0.5055326 
iter:  50  f-value:  36490.27  pgrad:  0.2764864 
  Unsuccessful convergence.
Time difference of 23.08892 mins
 [1] "sigma:"               "0.99"                 "0.99"                
 [4] "0.99"                 "0.99"                 "0.99"                
 [7] "0.99"                 "0.99"                 "0.99"                
[10] "0.99"                 "0.99"                 "0.99"                
[13] "0.99"                 "0.99"                 "0.99"                
[16] "0.99"                 "0.99"                 "0.99"                
[19] "0.99"                 "0.870257043122131"    "0.870257043122131"   
[22] "0.0156978780533497"   "0.0156978780533497"   "0.339459467284919"   
[25] "0.339459467284919"    "0.220350691303798"    "0.220350691303798"   
[28] "0.0865611700589576"   "0.0865611700589576"   "0.08439749750562"    
[31] "0.08439749750562"     "0.0699259328411459"   "0.0699259328411459"  
[34] "0"                    "0"                    "0"                   
[37] "0"                    "0"                    "0"                   
[40] "0.000707217086607374" "0.000707217086607374" "beta :"              
[43] "1"                   
[1] 1999658 1999892 1999552 1999716 1999600
[1] 1 1 1 1 1
saved RDS
inference successful
