[1] "Original length"
[1] 999901
[1] "Final length"
[1] 19048
[1] "sequence length : 999902" "sequence length : 999584"
[3] "sequence length : 999986" "sequence length : 999320"
[5] "sequence length : 999974"
[1] 1 1 1 1 1
[1] "Beta: 1"
[1] "Self: 0"
[1] "maxIt: 20"
[1] "It: 1"
 [1] "sigma:" "0"      "0"      "0"      "0"      "0"      "0"      "0"     
 [9] "0"      "0"      "0"      "0"      "0"      "0"      "0"      "0"     
[17] "0"      "0"      "0"      "0"      "0"      "0"      "0"      "0"     
[25] "0"      "0"      "0"      "0"      "0"      "0"      "0"      "0"     
[33] "0"      "0"      "0"      "0"      "0"      "0"      "0"      "0"     
[41] "0"      "beta :" "1"     
 [1] "sigma:" "0.9405" "0.9405" "0.9405" "0.9405" "0.9405" "0.9405" "0.9405"
 [9] "0.9405" "0.9405" "0.9405" "0.9405" "0.9405" "0.9405" "0.9405" "0.9405"
[17] "0.9405" "0.9405" "0.9405" "0.9405" "0.9405" "0.297"  "0.297"  "0"     
[25] "0"      "0"      "0"      "0"      "0"      "0"      "0"      "0"     
[33] "0"      "0"      "0"      "0"      "0"      "0"      "0"      "0"     
[41] "0"      "beta :" "1"     
[1] "New Likelihood:  -9753249.46541125"
iter:  0  f-value:  36317.42  pgrad:  0.5 
iter:  10  f-value:  36315.8  pgrad:  0.9999025 
iter:  20  f-value:  36314.65  pgrad:  0.9975696 
iter:  30  f-value:  36314.53  pgrad:  0.9971744 
iter:  40  f-value:  36314.38  pgrad:  0.9963613 
iter:  50  f-value:  36314.23  pgrad:  0.995405 
  Unsuccessful convergence.
Time difference of 2.059708 hours
[1] "maxIt: 20"
[1] "It: 2"
 [1] "sigma:"               "0.953622685292178"    "0.953622685292178"   
 [4] "0.947176996029945"    "0.947176996029945"    "0.95019907278105"    
 [7] "0.95019907278105"     "0.954519506051134"    "0.954519506051134"   
[10] "0.960276644765211"    "0.960276644765211"    "0.965353613528818"   
[13] "0.965353613528818"    "0.967836043505769"    "0.967836043505769"   
[16] "0.966634955606179"    "0.966634955606179"    "0.952822741603699"   
[19] "0.952822741603699"    "0.93141725218093"     "0.93141725218093"    
[22] "0.291977800529701"    "0.291977800529701"    "0"                   
[25] "0"                    "0.00326481410311394"  "0.00326481410311394" 
[28] "0.00749778692242974"  "0.00749778692242974"  "0.0116094455032322"  
[31] "0.0116094455032322"   "0.0124628061315765"   "0.0124628061315765"  
[34] "0.00877412981006153"  "0.00877412981006153"  "0.00455770131153228" 
[37] "0.00455770131153228"  "0.00189202755988051"  "0.00189202755988051" 
[40] "0.000306045769448656" "0.000306045769448656" "beta :"              
[43] "1"                   
 [1] "sigma:"               "0.953622685292178"    "0.953622685292178"   
 [4] "0.947176996029945"    "0.947176996029945"    "0.95019907278105"    
 [7] "0.95019907278105"     "0.954519506051134"    "0.954519506051134"   
[10] "0.960276644765211"    "0.960276644765211"    "0.965353613528818"   
[13] "0.965353613528818"    "0.967836043505769"    "0.967836043505769"   
[16] "0.966634955606179"    "0.966634955606179"    "0.952822741603699"   
[19] "0.952822741603699"    "0.98091725218093"     "0.98091725218093"    
[22] "0.291977800529701"    "0.291977800529701"    "0.2475"              
[25] "0.2475"               "0.00326481410311394"  "0.00326481410311394" 
[28] "0.00749778692242974"  "0.00749778692242974"  "0.0116094455032322"  
[31] "0.0116094455032322"   "0.0124628061315765"   "0.0124628061315765"  
[34] "0.00877412981006152"  "0.00877412981006152"  "0.00455770131153227" 
[37] "0.00455770131153227"  "0.00189202755988051"  "0.00189202755988051" 
[40] "0.000306045769448657" "0.000306045769448657" "beta :"              
[43] "1"                   
[1] " old Likelihood:  -9753249.46541125"
[1] "New Likelihood:  -9752348.60591715"
iter:  0  f-value:  35997.82  pgrad:  0.4990286 
iter:  10  f-value:  35997.38  pgrad:  0.9951769 
iter:  20  f-value:  35996.95  pgrad:  0.9905364 
iter:  30  f-value:  35996.87  pgrad:  0.9899384 
iter:  40  f-value:  35996.69  pgrad:  0.9858943 
iter:  50  f-value:  35996.58  pgrad:  0.9852433 
  Unsuccessful convergence.
Time difference of 22.49567 mins
[1] "maxIt: 20"
[1] "It: 3"
 [1] "sigma:"               "0.969604853159154"    "0.969604853159154"   
 [4] "0.95513662347649"     "0.95513662347649"     "0.96171020246585"    
 [7] "0.96171020246585"     "0.971024972551526"    "0.971024972551526"   
[10] "0.983306536931924"    "0.983306536931924"    "0.99"                
[13] "0.99"                 "0.99"                 "0.99"                
[16] "0.984147486629303"    "0.984147486629303"    "0.956326461605376"   
[19] "0.956326461605376"    "0.959767014563174"    "0.959767014563174"   
[22] "0.281762088075847"    "0.281762088075847"    "0.245385867363005"   
[25] "0.245385867363005"    "0.00704821046296044"  "0.00704821046296044" 
[28] "0.0156991783398429"   "0.0156991783398429"   "0.0234448088119106"  
[31] "0.0234448088119106"   "0.0249760633840948"   "0.0249760633840948"  
[34] "0.0177007119794558"   "0.0177007119794558"   "0.00998509063042801" 
[37] "0.00998509063042801"  "0.00469451292491759"  "0.00469451292491759" 
[40] "0.000777072517665759" "0.000777072517665759" "beta :"              
[43] "1"                   
 [1] "sigma:"               "0.969604853159154"    "0.969604853159154"   
 [4] "0.95513662347649"     "0.95513662347649"     "0.96171020246585"    
 [7] "0.96171020246585"     "0.971024972551526"    "0.971024972551526"   
[10] "0.983306536931924"    "0.983306536931924"    "0.99"                
[13] "0.99"                 "0.99"                 "0.99"                
[16] "0.984147486629303"    "0.984147486629303"    "0.956326461605376"   
[19] "0.956326461605376"    "0.959767014563174"    "0.959767014563174"   
[22] "0.182762088075847"    "0.182762088075847"    "0.344385867363005"   
[25] "0.344385867363005"    "0.0565482104629604"   "0.0565482104629604"  
[28] "0.0156991783398429"   "0.0156991783398429"   "0.0234448088119105"  
[31] "0.0234448088119105"   "0.0249760633840948"   "0.0249760633840948"  
[34] "0.0177007119794558"   "0.0177007119794558"   "0.00998509063042801" 
[37] "0.00998509063042801"  "0.00469451292491759"  "0.00469451292491759" 
[40] "0.000777072517665758" "0.000777072517665758" "beta :"              
[43] "1"                   
[1] " old Likelihood:  -9752348.60591715"
[1] "New Likelihood:  -9751999.79552281"
iter:  0  f-value:  35884.2  pgrad:  0.4982327 
iter:  10  f-value:  35884.06  pgrad:  0.983949 
iter:  20  f-value:  35883.96  pgrad:  0.9828726 
iter:  30  f-value:  35883.91  pgrad:  0.98154 
iter:  40  f-value:  35883.87  pgrad:  0.9705921 
iter:  50  f-value:  35883.87  pgrad:  0.9702485 
  Unsuccessful convergence.
Time difference of 22.47176 mins
[1] "maxIt: 20"
[1] "It: 4"
 [1] "sigma:"              "0.978929849569395"   "0.978929849569395"  
 [4] "0.959823920129891"   "0.959823920129891"   "0.968603995832383"  
 [7] "0.968603995832383"   "0.981173922860101"   "0.981173922860101"  
[10] "0.99"                "0.99"                "0.99"               
[13] "0.99"                "0.99"                "0.99"               
[16] "0.99"                "0.99"                "0.965835579434239"  
[19] "0.965835579434239"   "0.95336531515624"    "0.95336531515624"   
[22] "0.179445400698568"   "0.179445400698568"   "0.343345096883142"  
[25] "0.343345096883142"   "0.0590804397938314"  "0.0590804397938314" 
[28] "0.0201575565440704"  "0.0201575565440704"  "0.0294643223614366" 
[31] "0.0294643223614366"  "0.0311619504334093"  "0.0311619504334093" 
[34] "0.022086584631367"   "0.022086584631367"   "0.0125153499440878" 
[37] "0.0125153499440878"  "0.00616658154522261" "0.00616658154522261"
[40] "0.00102682966590634" "0.00102682966590634" "beta :"             
[43] "1"                  
 [1] "sigma:"              "0.978929849569395"   "0.978929849569395"  
 [4] "0.959823920129891"   "0.959823920129891"   "0.968603995832383"  
 [7] "0.968603995832383"   "0.981173922860101"   "0.981173922860101"  
[10] "0.99"                "0.99"                "0.99"               
[13] "0.99"                "0.99"                "0.99"               
[16] "0.99"                "0.99"                "0.965835579434239"  
[19] "0.965835579434239"   "0.95336531515624"    "0.95336531515624"   
[22] "0.129945400698568"   "0.129945400698568"   "0.392845096883142"  
[25] "0.392845096883142"   "0.108580439793831"   "0.108580439793831"  
[28] "0.0201575565440704"  "0.0201575565440704"  "0.0294643223614366" 
[31] "0.0294643223614366"  "0.0806619504334094"  "0.0806619504334094" 
[34] "0.022086584631367"   "0.022086584631367"   "0.0125153499440878" 
[37] "0.0125153499440878"  "0.0061665815452226"  "0.0061665815452226" 
[40] "0.00102682966590634" "0.00102682966590634" "beta :"             
[43] "1"                  
[1] " old Likelihood:  -9751999.79552281"
[1] "New Likelihood:  -9751905.21225148"
iter:  0  f-value:  35536.59  pgrad:  0.4978645 
iter:  10  f-value:  35536.5  pgrad:  0.9794633 
iter:  20  f-value:  35536.46  pgrad:  0.9781274 
iter:  30  f-value:  35536.45  pgrad:  0.9775957 
iter:  40  f-value:  35536.43  pgrad:  0.976689 
iter:  50  f-value:  35536.4  pgrad:  0.9638295 
  Unsuccessful convergence.
Time difference of 21.92431 mins
[1] "maxIt: 20"
[1] "It: 5"
 [1] "sigma:"              "0.986509111166985"   "0.986509111166985"  
 [4] "0.963782802983719"   "0.963782802983719"   "0.974488892245008"  
 [7] "0.974488892245008"   "0.99"                "0.99"               
[10] "0.99"                "0.99"                "0.99"               
[13] "0.99"                "0.99"                "0.99"               
[16] "0.99"                "0.99"                "0.974829601061041"  
[19] "0.974829601061041"   "0.947793773062317"   "0.947793773062317"  
[22] "0.127240110164157"   "0.127240110164157"   "0.391145642270223"  
[25] "0.391145642270223"   "0.110871703901111"   "0.110871703901111"  
[28] "0.0248271460869883"  "0.0248271460869883"  "0.0358194756630149" 
[31] "0.0358194756630149"  "0.0873970370357633"  "0.0873970370357633" 
[34] "0.0265749295695286"  "0.0265749295695286"  "0.0150928963810367" 
[37] "0.0150928963810367"  "0.00768741009521568" "0.00768741009521568"
[40] "0.00129167794219529" "0.00129167794219529" "beta :"             
[43] "1"                  
 [1] "sigma:"              "0.986509111166985"   "0.986509111166985"  
 [4] "0.963782802983719"   "0.963782802983719"   "0.974488892245008"  
 [7] "0.974488892245008"   "0.99"                "0.99"               
[10] "0.99"                "0.99"                "0.99"               
[13] "0.99"                "0.99"                "0.99"               
[16] "0.99"                "0.99"                "0.974829601061041"  
[19] "0.974829601061041"   "0.947793773062317"   "0.947793773062317"  
[22] "0.0777401101641575"  "0.0777401101641575"  "0.440645642270223"  
[25] "0.440645642270223"   "0.160371703901111"   "0.160371703901111"  
[28] "0.0248271460869883"  "0.0248271460869883"  "0.0358194756630149" 
[31] "0.0358194756630149"  "0.136897037035763"   "0.136897037035763"  
[34] "0.0265749295695286"  "0.0265749295695286"  "0.0150928963810367" 
[37] "0.0150928963810367"  "0.00768741009521568" "0.00768741009521568"
[40] "0.00129167794219529" "0.00129167794219529" "beta :"             
[43] "1"                  
[1] " old Likelihood:  -9751905.21225148"
[1] "New Likelihood:  -9751847.37352271"
iter:  0  f-value:  35160.18  pgrad:  0.4975195 
iter:  10  f-value:  35160.1  pgrad:  0.9747559 
iter:  20  f-value:  35160.08  pgrad:  0.9733278 
iter:  30  f-value:  35160.07  pgrad:  0.9731083 
iter:  40  f-value:  35160.06  pgrad:  0.9720907 
iter:  50  f-value:  35160.05  pgrad:  0.9592778 
  Unsuccessful convergence.
Time difference of 21.92577 mins
[1] "maxIt: 20"
[1] "It: 6"
 [1] "sigma:"              "0.99"                "0.99"               
 [4] "0.965811222178382"   "0.965811222178382"   "0.97754462414057"   
 [7] "0.97754462414057"    "0.99"                "0.99"               
[10] "0.99"                "0.99"                "0.99"               
[13] "0.99"                "0.99"                "0.99"               
[16] "0.99"                "0.99"                "0.979889043714076"  
[19] "0.979889043714076"   "0.944512241219103"   "0.944512241219103"  
[22] "0.0761491923242298"  "0.0761491923242298"  "0.438821670321651"  
[25] "0.438821670321651"   "0.161562275131964"   "0.161562275131964"  
[28] "0.02808128633637"    "0.02808128633637"    "0.0403376753474626" 
[31] "0.0403376753474626"  "0.14183818680596"    "0.14183818680596"   
[34] "0.0297897139028887"  "0.0297897139028887"  "0.0168150774459473" 
[37] "0.0168150774459473"  "0.00866951500281425" "0.00866951500281425"
[40] "0.00145884917710323" "0.00145884917710323" "beta :"             
[43] "1"                  
 [1] "sigma:"              "0.99"                "0.99"               
 [4] "0.965811222178382"   "0.965811222178382"   "0.97754462414057"   
 [7] "0.97754462414057"    "0.99"                "0.99"               
[10] "0.99"                "0.99"                "0.99"               
[13] "0.99"                "0.99"                "0.99"               
[16] "0.99"                "0.99"                "0.979889043714076"  
[19] "0.979889043714076"   "0.944512241219103"   "0.944512241219103"  
[22] "0.0266491923242298"  "0.0266491923242298"  "0.438821670321651"  
[25] "0.438821670321651"   "0.211062275131964"   "0.211062275131964"  
[28] "0.02808128633637"    "0.02808128633637"    "0.0403376753474626" 
[31] "0.0403376753474626"  "0.19133818680596"    "0.19133818680596"   
[34] "0.0297897139028887"  "0.0297897139028887"  "0.0168150774459474" 
[37] "0.0168150774459474"  "0.00866951500281425" "0.00866951500281425"
[40] "0.00145884917710323" "0.00145884917710323" "beta :"             
[43] "1"                  
[1] " old Likelihood:  -9751847.37352271"
[1] "New Likelihood:  -9751806.83633704"
iter:  0  f-value:  34891.19  pgrad:  0.5306474 
iter:  10  f-value:  34891.12  pgrad:  0.9714972 
iter:  20  f-value:  34891.1  pgrad:  0.970535 
iter:  30  f-value:  34891.09  pgrad:  0.968721 
iter:  40  f-value:  34891.08  pgrad:  0.9540922 
iter:  50  f-value:  34891.07  pgrad:  0.9535981 
  Unsuccessful convergence.
Time difference of 21.37362 mins
[1] "maxIt: 20"
[1] "It: 7"
 [1] "sigma:"              "0.99"                "0.99"               
 [4] "0.967984528576933"   "0.967984528576933"   "0.980852731609445"  
 [7] "0.980852731609445"   "0.99"                "0.99"               
[10] "0.99"                "0.99"                "0.99"               
[13] "0.99"                "0.99"                "0.99"               
[16] "0.99"                "0.99"                "0.984333872774247"  
[19] "0.984333872774247"   "0.940575470912164"   "0.940575470912164"  
[22] "0.0253832998279884"  "0.0253832998279884"  "0.436946235438343"  
[25] "0.436946235438343"   "0.212465149625554"   "0.212465149625554"  
[28] "0.0319380944723621"  "0.0319380944723621"  "0.0459466656283791" 
[31] "0.0459466656283791"  "0.197924167396297"   "0.197924167396297"  
[34] "0.0335438566769477"  "0.0335438566769477"  "0.0190165225148095" 
[37] "0.0190165225148095"  "0.00991713408259821" "0.00991713408259821"
[40] "0.00167943500340646" "0.00167943500340646" "beta :"             
[43] "1"                  
 [1] "sigma:"              "0.99"                "0.99"               
 [4] "0.967984528576933"   "0.967984528576933"   "0.980852731609445"  
 [7] "0.980852731609445"   "0.99"                "0.99"               
[10] "0.99"                "0.99"                "0.99"               
[13] "0.99"                "0.99"                "0.99"               
[16] "0.99"                "0.99"                "0.984333872774247"  
[19] "0.984333872774247"   "0.891075470912164"   "0.891075470912164"  
[22] "0.0253832998279884"  "0.0253832998279884"  "0.436946235438343"  
[25] "0.436946235438343"   "0.261965149625554"   "0.261965149625554"  
[28] "0.0319380944723621"  "0.0319380944723621"  "0.0459466656283791" 
[31] "0.0459466656283791"  "0.197924167396297"   "0.197924167396297"  
[34] "0.0830438566769476"  "0.0830438566769476"  "0.0190165225148095" 
[37] "0.0190165225148095"  "0.0099171340825982"  "0.0099171340825982" 
[40] "0.00167943500340646" "0.00167943500340646" "beta :"             
[43] "1"                  
[1] " old Likelihood:  -9751806.83633704"
[1] "New Likelihood:  -9751769.88314781"
iter:  0  f-value:  34706.05  pgrad:  0.5152028 
iter:  10  f-value:  34705.97  pgrad:  0.9675975 
iter:  20  f-value:  34705.95  pgrad:  0.9508892 
iter:  30  f-value:  34705.94  pgrad:  0.9504676 
iter:  40  f-value:  34705.94  pgrad:  0.9493314 
iter:  50  f-value:  34705.92  pgrad:  0.9131327 
  Unsuccessful convergence.
Time difference of 21.93008 mins
[1] "maxIt: 20"
[1] "It: 8"
 [1] "sigma:"              "0.99"                "0.99"               
 [4] "0.970334340637484"   "0.970334340637484"   "0.98446934989717"   
 [7] "0.98446934989717"    "0.99"                "0.99"               
[10] "0.99"                "0.99"                "0.99"               
[13] "0.99"                "0.99"                "0.99"               
[16] "0.99"                "0.99"                "0.99"               
[19] "0.99"                "0.887958897441047"   "0.887958897441047"  
[22] "0.0237081967490153"  "0.0237081967490153"  "0.434506519084541"  
[25] "0.434506519084541"   "0.263476285625237"   "0.263476285625237"  
[28] "0.0364658252679624"  "0.0364658252679624"  "0.0525384566794949" 
[31] "0.0525384566794949"  "0.205714316870253"   "0.205714316870253"  
[34] "0.0876539196767645"  "0.0876539196767645"  "0.0216912208246259" 
[37] "0.0216912208246259"  "0.0114225686922636"  "0.0114225686922636" 
[40] "0.00194675943422425" "0.00194675943422425" "beta :"             
[43] "1"                  
 [1] "sigma:"              "0.99"                "0.99"               
 [4] "0.970334340637484"   "0.970334340637484"   "0.98446934989717"   
 [7] "0.98446934989717"    "0.99"                "0.99"               
[10] "0.99"                "0.99"                "0.99"               
[13] "0.99"                "0.99"                "0.99"               
[16] "0.99"                "0.99"                "0.99"               
[19] "0.99"                "0.887958897441047"   "0.887958897441047"  
[22] "0.0237081967490153"  "0.0237081967490153"  "0.434506519084541"  
[25] "0.434506519084541"   "0.312976285625237"   "0.312976285625237"  
[28] "0.0364658252679624"  "0.0364658252679624"  "0.052538456679495"  
[31] "0.052538456679495"   "0.205714316870253"   "0.205714316870253"  
[34] "0.137153919676764"   "0.137153919676764"   "0.0216912208246259" 
[37] "0.0216912208246259"  "0.0114225686922636"  "0.0114225686922636" 
[40] "0.00194675943422425" "0.00194675943422425" "beta :"             
[43] "1"                  
[1] " old Likelihood:  -9751769.88314781"
[1] "New Likelihood:  -9751732.05828103"
iter:  0  f-value:  34392.43  pgrad:  0.5303374 
iter:  10  f-value:  34392.37  pgrad:  0.9628572 
iter:  20  f-value:  34392.35  pgrad:  0.9431936 
iter:  30  f-value:  34392.35  pgrad:  0.9429637 
iter:  40  f-value:  34392.34  pgrad:  0.9303039 
iter:  50  f-value:  34392.34  pgrad:  0.8704228 
  Unsuccessful convergence.
Time difference of 22.41976 mins
[1] "maxIt: 20"
[1] "It: 9"
 [1] "sigma:"              "0.99"                "0.99"               
 [4] "0.972275906436745"   "0.972275906436745"   "0.987500625423459"  
 [7] "0.987500625423459"   "0.99"                "0.99"               
[10] "0.99"                "0.99"                "0.99"               
[13] "0.99"                "0.99"                "0.99"               
[16] "0.99"                "0.99"                "0.99"               
[19] "0.99"                "0.886678002716264"   "0.886678002716264"  
[22] "0.0222895643445066"  "0.0222895643445066"  "0.432138934424277"  
[25] "0.432138934424277"   "0.314286353207976"   "0.314286353207976"  
[28] "0.0406082563051266"  "0.0406082563051266"  "0.0582660563329761" 
[31] "0.0582660563329761"  "0.212573619405823"   "0.212573619405823"  
[34] "0.141549698989427"   "0.141549698989427"   "0.0241624605102077" 
[37] "0.0241624605102077"  "0.0127976338403793"  "0.0127976338403793" 
[40] "0.00218788236129092" "0.00218788236129092" "beta :"             
[43] "1"                  
 [1] "sigma:"              "0.99"                "0.99"               
 [4] "0.972275906436745"   "0.972275906436745"   "0.987500625423459"  
 [7] "0.987500625423459"   "0.99"                "0.99"               
[10] "0.99"                "0.99"                "0.99"               
[13] "0.99"                "0.99"                "0.99"               
[16] "0.99"                "0.99"                "0.99"               
[19] "0.99"                "0.886678002716264"   "0.886678002716264"  
[22] "0.0222895643445066"  "0.0222895643445066"  "0.432138934424277"  
[25] "0.432138934424277"   "0.363786353207976"   "0.363786353207976"  
[28] "0.0406082563051266"  "0.0406082563051266"  "0.0582660563329761" 
[31] "0.0582660563329761"  "0.212573619405823"   "0.212573619405823"  
[34] "0.141549698989427"   "0.141549698989427"   "0.0241624605102077" 
[37] "0.0241624605102077"  "0.0127976338403793"  "0.0127976338403793" 
[40] "0.00218788236129092" "0.00218788236129092" "beta :"             
[43] "1"                  
[1] " old Likelihood:  -9751732.05828103"
[1] "New Likelihood:  -9751704.38504693"
iter:  0  f-value:  34257.05  pgrad:  0.5302164 
iter:  10  f-value:  34257.01  pgrad:  0.9406363 
iter:  20  f-value:  34257  pgrad:  0.9394056 
iter:  30  f-value:  34257  pgrad:  0.9390068 
iter:  40  f-value:  34257  pgrad:  0.9378796 
iter:  50  f-value:  34256.99  pgrad:  0.7825292 
  Unsuccessful convergence.
Time difference of 22.40287 mins
[1] "maxIt: 20"
[1] "It: 10"
 [1] "sigma:"              "0.99"                "0.99"               
 [4] "0.973821870591633"   "0.973821870591633"   "0.989954520699029"  
 [7] "0.989954520699029"   "0.99"                "0.99"               
[10] "0.99"                "0.99"                "0.99"               
[13] "0.99"                "0.99"                "0.99"               
[16] "0.99"                "0.99"                "0.99"               
[19] "0.99"                "0.884948831368976"   "0.884948831368976"  
[22] "0.0208119158519177"  "0.0208119158519177"  "0.429443427273622"  
[25] "0.429443427273622"   "0.364286321408316"   "0.364286321408316"  
[28] "0.0443461411890825"  "0.0443461411890825"  "0.0630158214484937" 
[31] "0.0630158214484937"  "0.218164446801023"   "0.218164446801023"  
[34] "0.145109815972525"   "0.145109815972525"   "0.025862104249805"  
[37] "0.025862104249805"   "0.0138881152693889"  "0.0138881152693889" 
[40] "0.00239129926441474" "0.00239129926441474" "beta :"             
[43] "1"                  
 [1] "sigma:"              "0.99"                "0.99"               
 [4] "0.973821870591633"   "0.973821870591633"   "0.989954520699029"  
 [7] "0.989954520699029"   "0.99"                "0.99"               
[10] "0.99"                "0.99"                "0.99"               
[13] "0.99"                "0.99"                "0.99"               
[16] "0.99"                "0.99"                "0.99"               
[19] "0.99"                "0.884948831368976"   "0.884948831368976"  
[22] "0.0208119158519177"  "0.0208119158519177"  "0.379943427273622"  
[25] "0.379943427273622"   "0.413786321408316"   "0.413786321408316"  
[28] "0.0938461411890825"  "0.0938461411890825"  "0.0630158214484937" 
[31] "0.0630158214484937"  "0.218164446801023"   "0.218164446801023"  
[34] "0.194609815972525"   "0.194609815972525"   "0.025862104249805"  
[37] "0.025862104249805"   "0.0138881152693889"  "0.0138881152693889" 
[40] "0.00239129926441474" "0.00239129926441474" "beta :"             
[43] "1"                  
[1] " old Likelihood:  -9751704.38504693"
[1] "New Likelihood:  -9751682.99395611"
iter:  0  f-value:  33869.73  pgrad:  0.5299606 
iter:  10  f-value:  33869.67  pgrad:  0.9361665 
iter:  20  f-value:  33869.66  pgrad:  0.9335798 
iter:  30  f-value:  33869.65  pgrad:  0.9331375 
iter:  40  f-value:  33869.65  pgrad:  0.9327873 
iter:  50  f-value:  33869.64  pgrad:  0.8021743 
  Unsuccessful convergence.
Time difference of 23.52774 mins
[1] "maxIt: 20"
[1] "It: 11"
 [1] "sigma:"              "0.99"                "0.99"               
 [4] "0.975191007626628"   "0.975191007626628"   "0.99"               
 [7] "0.99"                "0.99"                "0.99"               
[10] "0.99"                "0.99"                "0.99"               
[13] "0.99"                "0.99"                "0.99"               
[16] "0.99"                "0.99"                "0.99"               
[19] "0.99"                "0.883769952754369"   "0.883769952754369"  
[22] "0.0197442105633307"  "0.0197442105633307"  "0.377570528864356"  
[25] "0.377570528864356"   "0.41362908151395"    "0.41362908151395"   
[28] "0.0969929528611501"  "0.0969929528611501"  "0.0679521130628276" 
[31] "0.0679521130628276"  "0.224129336595836"   "0.224129336595836"  
[34] "0.198445259489915"   "0.198445259489915"   "0.0278216716645521" 
[37] "0.0278216716645521"  "0.014977676646686"   "0.014977676646686"  
[40] "0.00258516045029861" "0.00258516045029861" "beta :"             
[43] "1"                  
 [1] "sigma:"              "0.99"                "0.99"               
 [4] "0.975191007626628"   "0.975191007626628"   "0.99"               
 [7] "0.99"                "0.99"                "0.99"               
[10] "0.99"                "0.99"                "0.99"               
[13] "0.99"                "0.99"                "0.99"               
[16] "0.99"                "0.99"                "0.99"               
[19] "0.99"                "0.883769952754369"   "0.883769952754369"  
[22] "0.0197442105633307"  "0.0197442105633307"  "0.377570528864356"  
[25] "0.377570528864356"   "0.41362908151395"    "0.41362908151395"   
[28] "0.0969929528611501"  "0.0969929528611501"  "0.0679521130628276" 
[31] "0.0679521130628276"  "0.224129336595836"   "0.224129336595836"  
[34] "0.198445259489915"   "0.198445259489915"   "0.0278216716645521" 
[37] "0.0278216716645521"  "0.014977676646686"   "0.014977676646686"  
[40] "0.00258516045029861" "0.00258516045029861" "beta :"             
[43] "1"                  
[1] " old Likelihood:  -9751682.99395611"
[1] "New Likelihood:  -9751657.77723831"
iter:  0  f-value:  33888.81  pgrad:  0.5413312 
iter:  10  f-value:  33888.79  pgrad:  0.9309833 
iter:  20  f-value:  33888.79  pgrad:  0.913933 
iter:  30  f-value:  33888.79  pgrad:  0.854634 
iter:  40  f-value:  33888.78  pgrad:  0.6559276 
iter:  50  f-value:  33888.78  pgrad:  0.6960181 
  Unsuccessful convergence.
Time difference of 22.97819 mins
[1] "maxIt: 20"
[1] "It: 12"
 [1] "sigma:"             "0.99"               "0.99"              
 [4] "0.977575496235171"  "0.977575496235171"  "0.99"              
 [7] "0.99"               "0.99"               "0.99"              
[10] "0.99"               "0.99"               "0.99"              
[13] "0.99"               "0.99"               "0.99"              
[16] "0.99"               "0.99"               "0.99"              
[19] "0.99"               "0.882284690822746"  "0.882284690822746" 
[22] "0.0182105917049113" "0.0182105917049113" "0.374574799576337" 
[25] "0.374574799576337"  "0.413691735710423"  "0.413691735710423" 
[28] "0.101285017157229"  "0.101285017157229"  "0.0738191207200131"
[31] "0.0738191207200131" "0.230883793910918"  "0.230883793910918" 
[34] "0.202735502856195"  "0.202735502856195"  "0.0301906144387861"
[37] "0.0301906144387861" "0.0165660528104766" "0.0165660528104766"
[40] "0.0028913268275385" "0.0028913268275385" "beta :"            
[43] "1"                 
 [1] "sigma:"             "0.99"               "0.99"              
 [4] "0.977575496235171"  "0.977575496235171"  "0.99"              
 [7] "0.99"               "0.99"               "0.99"              
[10] "0.99"               "0.99"               "0.99"              
[13] "0.99"               "0.99"               "0.99"              
[16] "0.99"               "0.99"               "0.99"              
[19] "0.99"               "0.832784690822746"  "0.832784690822746" 
[22] "0.0182105917049113" "0.0182105917049113" "0.374574799576337" 
[25] "0.374574799576337"  "0.413691735710423"  "0.413691735710423" 
[28] "0.150785017157229"  "0.150785017157229"  "0.0738191207200131"
[31] "0.0738191207200131" "0.230883793910918"  "0.230883793910918" 
[34] "0.252235502856195"  "0.252235502856195"  "0.0301906144387861"
[37] "0.0301906144387861" "0.0165660528104766" "0.0165660528104766"
[40] "0.0028913268275385" "0.0028913268275385" "beta :"            
[43] "1"                 
[1] " old Likelihood:  -9751657.77723831"
[1] "New Likelihood:  -9751641.05230167"
iter:  0  f-value:  33598.2  pgrad:  0.5274566 
iter:  10  f-value:  33598.16  pgrad:  0.9252845 
iter:  20  f-value:  33598.15  pgrad:  0.9243561 
iter:  30  f-value:  33598.15  pgrad:  0.9239614 
iter:  40  f-value:  33598.14  pgrad:  0.9220073 
iter:  50  f-value:  33598.14  pgrad:  0.8933421 
  Unsuccessful convergence.
Time difference of 23.5555 mins
[1] "maxIt: 20"
[1] "It: 13"
 [1] "sigma:"              "0.99"                "0.99"               
 [4] "0.978745042234966"   "0.978745042234966"   "0.99"               
 [7] "0.99"                "0.99"                "0.99"               
[10] "0.99"                "0.99"                "0.99"               
[13] "0.99"                "0.99"                "0.99"               
[16] "0.99"                "0.99"                "0.99"               
[19] "0.99"                "0.833195752746423"   "0.833195752746423"  
[22] "0.0176242599357124"  "0.0176242599357124"  "0.373361868699185"  
[25] "0.373361868699185"   "0.413724534868914"   "0.413724534868914"  
[28] "0.153147262777153"   "0.153147262777153"   "0.0774646761760413" 
[31] "0.0774646761760413"  "0.235448687911889"   "0.235448687911889"  
[34] "0.255342375545751"   "0.255342375545751"   "0.0316082919237862" 
[37] "0.0316082919237862"  "0.0173139230322674"  "0.0173139230322674" 
[40] "0.00302244550798745" "0.00302244550798745" "beta :"             
[43] "1"                  
 [1] "sigma:"              "0.99"                "0.99"               
 [4] "0.978745042234966"   "0.978745042234966"   "0.99"               
 [7] "0.99"                "0.99"                "0.99"               
[10] "0.99"                "0.99"                "0.99"               
[13] "0.99"                "0.99"                "0.99"               
[16] "0.99"                "0.99"                "0.99"               
[19] "0.99"                "0.833195752746423"   "0.833195752746423"  
[22] "0.0176242599357124"  "0.0176242599357124"  "0.373361868699185"  
[25] "0.373361868699185"   "0.413724534868914"   "0.413724534868914"  
[28] "0.202647262777153"   "0.202647262777153"   "0.0279646761760413" 
[31] "0.0279646761760413"  "0.284948687911889"   "0.284948687911889"  
[34] "0.255342375545751"   "0.255342375545751"   "0.0316082919237862" 
[37] "0.0316082919237862"  "0.0173139230322674"  "0.0173139230322674" 
[40] "0.00302244550798745" "0.00302244550798745" "beta :"             
[43] "1"                  
[1] " old Likelihood:  -9751641.05230167"
[1] "New Likelihood:  -9751619.61565423"
iter:  0  f-value:  33384.43  pgrad:  0.5269515 
iter:  10  f-value:  33384.39  pgrad:  0.9715845 
iter:  20  f-value:  33384.39  pgrad:  0.9705503 
iter:  30  f-value:  33384.38  pgrad:  0.9529322 
iter:  40  f-value:  33384.38  pgrad:  0.8349161 
iter:  50  f-value:  33384.38  pgrad:  0.8120696 
  Unsuccessful convergence.
Time difference of 23.00882 mins
[1] "maxIt: 20"
[1] "It: 14"
 [1] "sigma:"             "0.99"               "0.99"              
 [4] "0.979780152350079"  "0.979780152350079"  "0.99"              
 [7] "0.99"               "0.99"               "0.99"              
[10] "0.99"               "0.99"               "0.99"              
[13] "0.99"               "0.99"               "0.99"              
[16] "0.99"               "0.99"               "0.99"              
[19] "0.99"               "0.83353448204748"   "0.83353448204748"  
[22] "0.0170480389503852" "0.0170480389503852" "0.372253901836474" 
[25] "0.372253901836474"  "0.413603876232154"  "0.413603876232154" 
[28] "0.204654364498529"  "0.204654364498529"  "0.0308503729306002"
[31] "0.0308503729306002" "0.288963907223822"  "0.288963907223822" 
[34] "0.257907305661103"  "0.257907305661103"  "0.0327733512603745"
[37] "0.0327733512603745" "0.0179257922479387" "0.0179257922479387"
[40] "0.003131650616437"  "0.003131650616437"  "beta :"            
[43] "1"                 
 [1] "sigma:"             "0.99"               "0.99"              
 [4] "0.979780152350079"  "0.979780152350079"  "0.99"              
 [7] "0.99"               "0.99"               "0.99"              
[10] "0.99"               "0.99"               "0.99"              
[13] "0.99"               "0.99"               "0.99"              
[16] "0.99"               "0.99"               "0.99"              
[19] "0.99"               "0.83353448204748"   "0.83353448204748"  
[22] "0.0170480389503852" "0.0170480389503852" "0.372253901836474" 
[25] "0.372253901836474"  "0.413603876232154"  "0.413603876232154" 
[28] "0.254154364498529"  "0.254154364498529"  "0.0308503729306002"
[31] "0.0308503729306002" "0.288963907223822"  "0.288963907223822" 
[34] "0.257907305661103"  "0.257907305661103"  "0.0327733512603745"
[37] "0.0327733512603745" "0.0179257922479387" "0.0179257922479387"
[40] "0.003131650616437"  "0.003131650616437"  "beta :"            
[43] "1"                 
[1] " old Likelihood:  -9751619.61565423"
[1] "New Likelihood:  -9751602.83125407"
iter:  0  f-value:  33227.96  pgrad:  0.5261849 
iter:  10  f-value:  33227.93  pgrad:  0.968685 
iter:  20  f-value:  33227.93  pgrad:  0.967853 
iter:  30  f-value:  33227.92  pgrad:  0.9211362 
iter:  40  f-value:  33227.92  pgrad:  0.939981 
iter:  50  f-value:  33227.92  pgrad:  0.7035792 
  Unsuccessful convergence.
Time difference of 22.47388 mins
[1] "maxIt: 20"
[1] "It: 15"
 [1] "sigma:"              "0.99"                "0.99"               
 [4] "0.981068787384683"   "0.981068787384683"   "0.99"               
 [7] "0.99"                "0.99"                "0.99"               
[10] "0.99"                "0.99"                "0.99"               
[13] "0.99"                "0.99"                "0.99"               
[16] "0.99"                "0.99"                "0.99"               
[19] "0.99"                "0.833728645936844"   "0.833728645936844"  
[22] "0.0161888139871257"  "0.0161888139871257"  "0.37046984654111"   
[25] "0.37046984654111"    "0.412978125785498"   "0.412978125785498"  
[28] "0.256304643877121"   "0.256304643877121"   "0.0341149784994506" 
[31] "0.0341149784994506"  "0.293467085455793"   "0.293467085455793"  
[34] "0.260742716942968"   "0.260742716942968"   "0.0338647925456078" 
[37] "0.0338647925456078"  "0.0185717358372832"  "0.0185717358372832" 
[40] "0.00325817720344275" "0.00325817720344275" "beta :"             
[43] "1"                  
 [1] "sigma:"              "0.99"                "0.99"               
 [4] "0.981068787384683"   "0.981068787384683"   "0.99"               
 [7] "0.99"                "0.99"                "0.99"               
[10] "0.99"                "0.99"                "0.99"               
[13] "0.99"                "0.99"                "0.99"               
[16] "0.99"                "0.99"                "0.99"               
[19] "0.99"                "0.833728645936844"   "0.833728645936844"  
[22] "0.0161888139871257"  "0.0161888139871257"  "0.37046984654111"   
[25] "0.37046984654111"    "0.412978125785498"   "0.412978125785498"  
[28] "0.256304643877121"   "0.256304643877121"   "0.0341149784994506" 
[31] "0.0341149784994506"  "0.293467085455793"   "0.293467085455793"  
[34] "0.260742716942968"   "0.260742716942968"   "0.0338647925456077" 
[37] "0.0338647925456077"  "0.0185717358372832"  "0.0185717358372832" 
[40] "0.00325817720344275" "0.00325817720344275" "beta :"             
[43] "1"                  
[1] " old Likelihood:  -9751602.83125407"
[1] "New Likelihood:  -9751589.21508995"
iter:  0  f-value:  33234.87  pgrad:  0.6405025 
iter:  10  f-value:  33234.85  pgrad:  0.8293136 
iter:  20  f-value:  33234.85  pgrad:  0.7652125 
iter:  30  f-value:  33234.85  pgrad:  0.6524351 
iter:  40  f-value:  33234.85  pgrad:  0.5542825 
iter:  50  f-value:  33234.85  pgrad:  0.4961475 
  Unsuccessful convergence.
Time difference of 22.45007 mins
[1] "maxIt: 20"
[1] "It: 16"
 [1] "sigma:"              "0.99"                "0.99"               
 [4] "0.982592916835145"   "0.982592916835145"   "0.99"               
 [7] "0.99"                "0.99"                "0.99"               
[10] "0.99"                "0.99"                "0.99"               
[13] "0.99"                "0.99"                "0.99"               
[16] "0.99"                "0.99"                "0.99"               
[19] "0.99"                "0.834012712152203"   "0.834012712152203"  
[22] "0.0152764863847436"  "0.0152764863847436"  "0.368764243693627"  
[25] "0.368764243693627"   "0.412545253610685"   "0.412545253610685"  
[28] "0.258665198471623"   "0.258665198471623"   "0.0371475766338086" 
[31] "0.0371475766338086"  "0.297551655095389"   "0.297551655095389"  
[34] "0.263083677247887"   "0.263083677247887"   "0.0348372653409719" 
[37] "0.0348372653409719"  "0.019230023809022"   "0.019230023809022"  
[40] "0.00339160697771849" "0.00339160697771849" "beta :"             
[43] "1"                  
 [1] "sigma:"              "0.99"                "0.99"               
 [4] "0.982592916835145"   "0.982592916835145"   "0.99"               
 [7] "0.99"                "0.99"                "0.99"               
[10] "0.99"                "0.99"                "0.99"               
[13] "0.99"                "0.99"                "0.99"               
[16] "0.99"                "0.99"                "0.99"               
[19] "0.99"                "0.834012712152203"   "0.834012712152203"  
[22] "0.0152764863847436"  "0.0152764863847436"  "0.368764243693627"  
[25] "0.368764243693627"   "0.412545253610685"   "0.412545253610685"  
[28] "0.308165198471623"   "0.308165198471623"   "0.0371475766338086" 
[31] "0.0371475766338086"  "0.297551655095389"   "0.297551655095389"  
[34] "0.312583677247887"   "0.312583677247887"   "0.0348372653409719" 
[37] "0.0348372653409719"  "0.019230023809022"   "0.019230023809022"  
[40] "0.00339160697771849" "0.00339160697771849" "beta :"             
[43] "1"                  
[1] " old Likelihood:  -9751589.21508995"
[1] "New Likelihood:  -9751580.88989207"
iter:  0  f-value:  32816.17  pgrad:  0.5243661 
iter:  10  f-value:  32816.14  pgrad:  0.9623395 
iter:  20  f-value:  32816.13  pgrad:  0.9616034 
iter:  30  f-value:  32816.13  pgrad:  0.9527866 
iter:  40  f-value:  32816.13  pgrad:  0.8580537 
iter:  50  f-value:  32816.13  pgrad:  0.8254574 
  Unsuccessful convergence.
Time difference of 22.45442 mins
[1] "maxIt: 20"
[1] "It: 17"
 [1] "sigma:"              "0.99"                "0.99"               
 [4] "0.98329454179572"    "0.98329454179572"    "0.99"               
 [7] "0.99"                "0.99"                "0.99"               
[10] "0.99"                "0.99"                "0.99"               
[13] "0.99"                "0.99"                "0.99"               
[16] "0.99"                "0.99"                "0.99"               
[19] "0.99"                "0.834070184825034"   "0.834070184825034"  
[22] "0.0147063970413862"  "0.0147063970413862"  "0.367466182846777"  
[25] "0.367466182846777"   "0.411898213016577"   "0.411898213016577"  
[28] "0.309313210882659"   "0.309313210882659"   "0.0391993643587419" 
[31] "0.0391993643587419"  "0.300480961860002"   "0.300480961860002"  
[34] "0.314471677170762"   "0.314471677170762"   "0.0355900096754176" 
[37] "0.0355900096754176"  "0.0196060399202979"  "0.0196060399202979" 
[40] "0.00345970109274992" "0.00345970109274992" "beta :"             
[43] "1"                  
 [1] "sigma:"              "0.99"                "0.99"               
 [4] "0.98329454179572"    "0.98329454179572"    "0.99"               
 [7] "0.99"                "0.99"                "0.99"               
[10] "0.99"                "0.99"                "0.99"               
[13] "0.99"                "0.99"                "0.99"               
[16] "0.99"                "0.99"                "0.99"               
[19] "0.99"                "0.834070184825034"   "0.834070184825034"  
[22] "0.0147063970413862"  "0.0147063970413862"  "0.367466182846777"  
[25] "0.367466182846777"   "0.411898213016577"   "0.411898213016577"  
[28] "0.309313210882659"   "0.309313210882659"   "0.0391993643587419" 
[31] "0.0391993643587419"  "0.300480961860002"   "0.300480961860002"  
[34] "0.314471677170762"   "0.314471677170762"   "0.0355900096754176" 
[37] "0.0355900096754176"  "0.0196060399202979"  "0.0196060399202979" 
[40] "0.00345970109274992" "0.00345970109274992" "beta :"             
[43] "1"                  
[1] " old Likelihood:  -9751580.88989207"
[1] "New Likelihood:  -9751566.11581729"
iter:  0  f-value:  32843.36  pgrad:  0.5237199 
iter:  10  f-value:  32843.35  pgrad:  0.8139614 
iter:  20  f-value:  32843.35  pgrad:  0.7377093 
iter:  30  f-value:  32843.34  pgrad:  0.5306356 
iter:  40  f-value:  32843.34  pgrad:  0.4879257 
iter:  50  f-value:  32843.34  pgrad:  0.3985042 
  Unsuccessful convergence.
Time difference of 22.43341 mins
[1] "maxIt: 20"
[1] "It: 18"
 [1] "sigma:"              "0.99"                "0.99"               
 [4] "0.985030920634983"   "0.985030920634983"   "0.99"               
 [7] "0.99"                "0.99"                "0.99"               
[10] "0.99"                "0.99"                "0.99"               
[13] "0.99"                "0.99"                "0.99"               
[16] "0.99"                "0.99"                "0.99"               
[19] "0.99"                "0.834053371862535"   "0.834053371862535"  
[22] "0.0133976812493115"  "0.0133976812493115"  "0.365064001545933"  
[25] "0.365064001545933"   "0.410819564519003"   "0.410819564519003"  
[28] "0.311726096524384"   "0.311726096524384"   "0.0425228340246115" 
[31] "0.0425228340246115"  "0.305277268449354"   "0.305277268449354"  
[34] "0.317454767947353"   "0.317454767947353"   "0.0368139627230427" 
[37] "0.0368139627230427"  "0.0203734953505139"  "0.0203734953505139" 
[40] "0.00361384653961972" "0.00361384653961972" "beta :"             
[43] "1"                  
 [1] "sigma:"              "0.99"                "0.99"               
 [4] "0.985030920634983"   "0.985030920634983"   "0.99"               
 [7] "0.99"                "0.99"                "0.99"               
[10] "0.99"                "0.99"                "0.99"               
[13] "0.99"                "0.99"                "0.99"               
[16] "0.99"                "0.99"                "0.99"               
[19] "0.99"                "0.834053371862535"   "0.834053371862535"  
[22] "0.0133976812493115"  "0.0133976812493115"  "0.315564001545933"  
[25] "0.315564001545933"   "0.410819564519003"   "0.410819564519003"  
[28] "0.361226096524384"   "0.361226096524384"   "0.0425228340246115" 
[31] "0.0425228340246115"  "0.305277268449354"   "0.305277268449354"  
[34] "0.317454767947353"   "0.317454767947353"   "0.0368139627230427" 
[37] "0.0368139627230427"  "0.0203734953505139"  "0.0203734953505139" 
[40] "0.00361384653961972" "0.00361384653961972" "beta :"             
[43] "1"                  
[1] " old Likelihood:  -9751566.11581729"
[1] "New Likelihood:  -9751556.95529662"
iter:  0  f-value:  32740.6  pgrad:  0.5227293 
iter:  10  f-value:  32740.58  pgrad:  0.8317511 
iter:  20  f-value:  32740.58  pgrad:  0.7370909 
iter:  30  f-value:  32740.58  pgrad:  0.6889268 
iter:  40  f-value:  32740.58  pgrad:  0.6887412 
iter:  50  f-value:  32740.57  pgrad:  0.318978 
  Unsuccessful convergence.
Time difference of 22.9794 mins
[1] "maxIt: 20"
[1] "It: 19"
 [1] "sigma:"              "0.99"                "0.99"               
 [4] "0.986992776483131"   "0.986992776483131"   "0.99"               
 [7] "0.99"                "0.99"                "0.99"               
[10] "0.99"                "0.99"                "0.99"               
[13] "0.99"                "0.99"                "0.99"               
[16] "0.99"                "0.99"                "0.99"               
[19] "0.99"                "0.83496544616601"    "0.83496544616601"   
[22] "0.0123993307270695"  "0.0123993307270695"  "0.313577511879523"  
[25] "0.313577511879523"   "0.409049791980504"   "0.409049791980504"  
[28] "0.363246602229807"   "0.363246602229807"   "0.0463051367632638" 
[31] "0.0463051367632638"  "0.310775121571155"   "0.310775121571155"  
[34] "0.320558407122016"   "0.320558407122016"   "0.0379341242681089" 
[37] "0.0379341242681089"  "0.0211360777515058"  "0.0211360777515058" 
[40] "0.00378026639700677" "0.00378026639700677" "beta :"             
[43] "1"                  
 [1] "sigma:"              "0.99"                "0.99"               
 [4] "0.986992776483131"   "0.986992776483131"   "0.99"               
 [7] "0.99"                "0.99"                "0.99"               
[10] "0.99"                "0.99"                "0.99"               
[13] "0.99"                "0.99"                "0.99"               
[16] "0.99"                "0.99"                "0.99"               
[19] "0.99"                "0.83496544616601"    "0.83496544616601"   
[22] "0.0123993307270695"  "0.0123993307270695"  "0.313577511879523"  
[25] "0.313577511879523"   "0.409049791980504"   "0.409049791980504"  
[28] "0.363246602229807"   "0.363246602229807"   "0.0463051367632638" 
[31] "0.0463051367632638"  "0.310775121571155"   "0.310775121571155"  
[34] "0.320558407122016"   "0.320558407122016"   "0.0379341242681089" 
[37] "0.0379341242681089"  "0.0211360777515058"  "0.0211360777515058" 
[40] "0.00378026639700677" "0.00378026639700677" "beta :"             
[43] "1"                  
[1] " old Likelihood:  -9751556.95529662"
[1] "New Likelihood:  -9751547.39852596"
iter:  0  f-value:  32726.88  pgrad:  0.6762036 
iter:  10  f-value:  32726.87  pgrad:  0.6855608 
iter:  20  f-value:  32726.87  pgrad:  0.6849535 
iter:  30  f-value:  32726.87  pgrad:  0.6845712 
iter:  40  f-value:  32726.87  pgrad:  0.5068764 
iter:  50  f-value:  32726.87  pgrad:  0.3436799 
  Unsuccessful convergence.
Time difference of 22.46045 mins
[1] "maxIt: 20"
[1] "It: 20"
 [1] "sigma:"              "0.99"                "0.99"               
 [4] "0.988236839506991"   "0.988236839506991"   "0.99"               
 [7] "0.99"                "0.99"                "0.99"               
[10] "0.99"                "0.99"                "0.99"               
[13] "0.99"                "0.99"                "0.99"               
[16] "0.99"                "0.99"                "0.99"               
[19] "0.99"                "0.8355200155317"     "0.8355200155317"    
[22] "0.0116885443774437"  "0.0116885443774437"  "0.312358101835019"  
[25] "0.312358101835019"   "0.408181109313553"   "0.408181109313553"  
[28] "0.364832664257997"   "0.364832664257997"   "0.0487650260661506" 
[31] "0.0487650260661506"  "0.314374921091105"   "0.314374921091105"  
[34] "0.322480768883442"   "0.322480768883442"   "0.0386393561253427" 
[37] "0.0386393561253427"  "0.0215573959422116"  "0.0215573959422116" 
[40] "0.00387678001313413" "0.00387678001313413" "beta :"             
[43] "1"                  
 [1] "sigma:"              "0.99"                "0.99"               
 [4] "0.988236839506991"   "0.988236839506991"   "0.99"               
 [7] "0.99"                "0.99"                "0.99"               
[10] "0.99"                "0.99"                "0.99"               
[13] "0.99"                "0.99"                "0.99"               
[16] "0.99"                "0.99"                "0.99"               
[19] "0.99"                "0.8355200155317"     "0.8355200155317"    
[22] "0.0116885443774437"  "0.0116885443774437"  "0.312358101835019"  
[25] "0.312358101835019"   "0.408181109313553"   "0.408181109313553"  
[28] "0.364832664257997"   "0.364832664257997"   "0.0487650260661507" 
[31] "0.0487650260661507"  "0.363874921091105"   "0.363874921091105"  
[34] "0.322480768883442"   "0.322480768883442"   "0.0386393561253427" 
[37] "0.0386393561253427"  "0.0215573959422116"  "0.0215573959422116" 
[40] "0.00387678001313412" "0.00387678001313412" "beta :"             
[43] "1"                  
[1] " old Likelihood:  -9751547.39852596"
[1] "New Likelihood:  -9751541.1770536"
iter:  0  f-value:  32446.37  pgrad:  0.5211672 
iter:  10  f-value:  32446.35  pgrad:  0.8515417 
iter:  20  f-value:  32446.35  pgrad:  0.6884147 
iter:  30  f-value:  32446.34  pgrad:  0.6292929 
iter:  40  f-value:  32446.34  pgrad:  0.6290217 
iter:  50  f-value:  32446.34  pgrad:  0.4261892 
  Unsuccessful convergence.
Time difference of 22.39884 mins
 [1] "sigma:"              "0.99"                "0.99"               
 [4] "0.989620255771342"   "0.989620255771342"   "0.99"               
 [7] "0.99"                "0.99"                "0.99"               
[10] "0.99"                "0.99"                "0.99"               
[13] "0.99"                "0.99"                "0.99"               
[16] "0.99"                "0.99"                "0.99"               
[19] "0.99"                "0.835880103133463"   "0.835880103133463"  
[22] "0.0105794827373358"  "0.0105794827373358"  "0.310664091745009"  
[25] "0.310664091745009"   "0.407010409363034"   "0.407010409363034"  
[28] "0.366552908580833"   "0.366552908580833"   "0.0519483816237561" 
[31] "0.0519483816237561"  "0.369149417073829"   "0.369149417073829"  
[34] "0.325415801636363"   "0.325415801636363"   "0.0396514180563554" 
[37] "0.0396514180563554"  "0.0221093874024468"  "0.0221093874024468" 
[40] "0.00399358768622125" "0.00399358768622125" "beta :"             
[43] "1"                  
[1] 1999804 1999168 1999972 1998640 1999948
[1] 1 1 1 1 1
saved RDS
inference successful
