[1] "Original length"
[1] 999933
[1] "Final length"
[1] 18754
[1] "sequence length : 999934" "sequence length : 999269"
[3] "sequence length : 999754" "sequence length : 999972"
[5] "sequence length : 999657"
[1] 1 1 1 1 1
[1] "Beta: 1"
[1] "Self: 0"
[1] "maxIt: 20"
[1] "It: 1"
 [1] "sigma:" "0"      "0"      "0"      "0"      "0"      "0"      "0"     
 [9] "0"      "0"      "0"      "0"      "0"      "0"      "0"      "0"     
[17] "0"      "0"      "0"      "0"      "0"      "0"      "0"      "0"     
[25] "0"      "0"      "0"      "0"      "0"      "0"      "0"      "0"     
[33] "0"      "0"      "0"      "0"      "0"      "0"      "0"      "0"     
[41] "0"      "beta :" "1"     
 [1] "sigma:" "0.9405" "0.9405" "0.9405" "0.9405" "0.9405" "0.9405" "0.9405"
 [9] "0.9405" "0.9405" "0.9405" "0.9405" "0.9405" "0.9405" "0.9405" "0.9405"
[17] "0.9405" "0.9405" "0.9405" "0.9405" "0.9405" "0"      "0"      "0"     
[25] "0"      "0"      "0"      "0"      "0"      "0"      "0"      "0"     
[33] "0"      "0"      "0"      "0"      "0"      "0"      "0"      "0"     
[41] "0"      "beta :" "1"     
[1] "New Likelihood:  -9489253.46586334"
iter:  0  f-value:  35714.09  pgrad:  0.5 
iter:  10  f-value:  35712.51  pgrad:  0.9997437 
iter:  20  f-value:  35711.76  pgrad:  0.9988393 
iter:  30  f-value:  35711.19  pgrad:  0.9973673 
iter:  40  f-value:  35710.99  pgrad:  0.9959932 
iter:  50  f-value:  35710.96  pgrad:  0.9957557 
  Unsuccessful convergence.
Time difference of 1.906377 hours
[1] "maxIt: 20"
[1] "It: 2"
 [1] "sigma:"               "0.959926330136387"    "0.959926330136387"   
 [4] "0.95014481213007"     "0.95014481213007"     "0.954223132611334"   
 [7] "0.954223132611334"    "0.959262751722868"    "0.959262751722868"   
[10] "0.965062827526389"    "0.965062827526389"    "0.971365661208615"   
[13] "0.971365661208615"    "0.975939113613137"    "0.975939113613137"   
[16] "0.974615308480735"    "0.974615308480735"    "0.96268307649555"    
[19] "0.96268307649555"     "0.928194893667297"    "0.928194893667297"   
[22] "0"                    "0"                    "0"                   
[25] "0"                    "0.00120756545575308"  "0.00120756545575308" 
[28] "0.00784610206880289"  "0.00784610206880289"  "0.0133791682256772"  
[31] "0.0133791682256772"   "0.0153521333628464"   "0.0153521333628464"  
[34] "0.0121894957437159"   "0.0121894957437159"   "0.00632470501715511" 
[37] "0.00632470501715511"  "0.00208004260784882"  "0.00208004260784882" 
[40] "0.000303344007943561" "0.000303344007943561" "beta :"              
[43] "1"                   
 [1] "sigma:"               "0.959926330136387"    "0.959926330136387"   
 [4] "0.95014481213007"     "0.95014481213007"     "0.954223132611334"   
 [7] "0.954223132611334"    "0.959262751722868"    "0.959262751722868"   
[10] "0.965062827526389"    "0.965062827526389"    "0.971365661208615"   
[13] "0.971365661208615"    "0.975939113613137"    "0.975939113613137"   
[16] "0.974615308480735"    "0.974615308480735"    "0.96268307649555"    
[19] "0.96268307649555"     "0.977694893667297"    "0.977694893667297"   
[22] "0.0495"               "0.0495"               "0.0495"              
[25] "0.0495"               "0.00120756545575308"  "0.00120756545575308" 
[28] "0.00784610206880289"  "0.00784610206880289"  "0.0133791682256772"  
[31] "0.0133791682256772"   "0.0153521333628464"   "0.0153521333628464"  
[34] "0.0121894957437159"   "0.0121894957437159"   "0.00632470501715511" 
[37] "0.00632470501715511"  "0.00208004260784882"  "0.00208004260784882" 
[40] "0.000303344007943562" "0.000303344007943562" "beta :"              
[43] "1"                   
[1] " old Likelihood:  -9489253.46586334"
[1] "New Likelihood:  -9488276.45505561"
iter:  0  f-value:  35630.55  pgrad:  0.4991832 
iter:  10  f-value:  35630.09  pgrad:  0.9918338 
iter:  20  f-value:  35629.72  pgrad:  0.9907859 
iter:  30  f-value:  35629.67  pgrad:  0.989203 
iter:  40  f-value:  35629.6  pgrad:  0.9812896 
iter:  50  f-value:  35629.56  pgrad:  0.9811981 
  Unsuccessful convergence.
Time difference of 19.62656 mins
[1] "maxIt: 20"
[1] "It: 3"
 [1] "sigma:"               "0.973625295468848"    "0.973625295468848"   
 [4] "0.956780537150028"    "0.956780537150028"    "0.963626250930975"   
 [7] "0.963626250930975"    "0.971867233407992"    "0.971867233407992"   
[10] "0.980853277671339"    "0.980853277671339"    "0.989883229071131"   
[13] "0.989883229071131"    "0.99"                 "0.99"                
[16] "0.989893979145546"    "0.989893979145546"    "0.97530337895178"    
[19] "0.97530337895178"     "0.971070934242127"    "0.971070934242127"   
[22] "0.045093152696843"    "0.045093152696843"    "0.0472025403817936"  
[25] "0.0472025403817936"   "0.00152034980838"     "0.00152034980838"    
[28] "0.0109320953413975"   "0.0109320953413975"   "0.0187578979618833"  
[31] "0.0187578979618833"   "0.0222988187648098"   "0.0222988187648098"  
[34] "0.0186237404579114"   "0.0186237404579114"   "0.0101047142702416"  
[37] "0.0101047142702416"   "0.00344301448362394"  "0.00344301448362394" 
[40] "0.000506692479331093" "0.000506692479331093" "beta :"              
[43] "1"                   
 [1] "sigma:"               "0.973625295468848"    "0.973625295468848"   
 [4] "0.956780537150028"    "0.956780537150028"    "0.963626250930975"   
 [7] "0.963626250930975"    "0.971867233407992"    "0.971867233407992"   
[10] "0.980853277671339"    "0.980853277671339"    "0.989883229071131"   
[13] "0.989883229071131"    "0.99"                 "0.99"                
[16] "0.989893979145546"    "0.989893979145546"    "0.97530337895178"    
[19] "0.97530337895178"     "0.971070934242127"    "0.971070934242127"   
[22] "0.045093152696843"    "0.045093152696843"    "0.0967025403817936"  
[25] "0.0967025403817936"   "0.05102034980838"     "0.05102034980838"    
[28] "0.0109320953413975"   "0.0109320953413975"   "0.0187578979618833"  
[31] "0.0187578979618833"   "0.0222988187648098"   "0.0222988187648098"  
[34] "0.0186237404579114"   "0.0186237404579114"   "0.0101047142702416"  
[37] "0.0101047142702416"   "0.00344301448362393"  "0.00344301448362393" 
[40] "0.000506692479331095" "0.000506692479331095" "beta :"              
[43] "1"                   
[1] " old Likelihood:  -9488276.45505561"
[1] "New Likelihood:  -9488006.20692527"
iter:  0  f-value:  35505.49  pgrad:  0.4985384 
iter:  10  f-value:  35505.35  pgrad:  0.9810501 
iter:  20  f-value:  35505.21  pgrad:  0.9759898 
iter:  30  f-value:  35505.18  pgrad:  0.9835411 
iter:  40  f-value:  35505.17  pgrad:  0.982466 
iter:  50  f-value:  35505.15  pgrad:  0.9808255 
  Unsuccessful convergence.
Time difference of 19.59754 mins
[1] "maxIt: 20"
[1] "It: 4"
 [1] "sigma:"               "0.984084082573562"    "0.984084082573562"   
 [4] "0.961850331965952"    "0.961850331965952"    "0.970877157971362"   
 [7] "0.970877157971362"    "0.98164197466034"     "0.98164197466034"    
[10] "0.99"                 "0.99"                 "0.99"                
[13] "0.99"                 "0.99"                 "0.99"                
[16] "0.99"                 "0.99"                 "0.989410169305234"   
[19] "0.989410169305234"    "0.970679382742163"    "0.970679382742163"   
[22] "0.0422202591640116"   "0.0422202591640116"   "0.0947555762550911"  
[25] "0.0947555762550911"   "0.0513039358445471"   "0.0513039358445471"  
[28] "0.0135391818034518"   "0.0135391818034518"   "0.0221330696143642"  
[31] "0.0221330696143642"   "0.0262861221251072"   "0.0262861221251072"  
[34] "0.0224059808731203"   "0.0224059808731203"   "0.0124580939485184"  
[37] "0.0124580939485184"   "0.00436221963507385"  "0.00436221963507385" 
[40] "0.000664241035319488" "0.000664241035319488" "beta :"              
[43] "1"                   
 [1] "sigma:"               "0.984084082573562"    "0.984084082573562"   
 [4] "0.961850331965952"    "0.961850331965952"    "0.970877157971362"   
 [7] "0.970877157971362"    "0.98164197466034"     "0.98164197466034"    
[10] "0.99"                 "0.99"                 "0.99"                
[13] "0.99"                 "0.99"                 "0.99"                
[16] "0.99"                 "0.99"                 "0.989410169305234"   
[19] "0.989410169305234"    "0.970679382742163"    "0.970679382742163"   
[22] "0.0422202591640116"   "0.0422202591640116"   "0.094755576255091"   
[25] "0.094755576255091"    "0.100803935844547"    "0.100803935844547"   
[28] "0.0630391818034519"   "0.0630391818034519"   "0.0221330696143642"  
[31] "0.0221330696143642"   "0.0262861221251072"   "0.0262861221251072"  
[34] "0.0224059808731203"   "0.0224059808731203"   "0.0124580939485184"  
[37] "0.0124580939485184"   "0.00436221963507385"  "0.00436221963507385" 
[40] "0.000664241035319491" "0.000664241035319491" "beta :"              
[43] "1"                   
[1] " old Likelihood:  -9488006.20692527"
[1] "New Likelihood:  -9487916.01105966"
iter:  0  f-value:  35285.1  pgrad:  0.498085 
iter:  10  f-value:  35285.02  pgrad:  0.973302 
iter:  20  f-value:  35284.99  pgrad:  0.7234485 
iter:  30  f-value:  35284.98  pgrad:  0.8193456 
iter:  40  f-value:  35284.98  pgrad:  0.7910421 
iter:  50  f-value:  35284.96  pgrad:  0.6351183 
  Unsuccessful convergence.
Time difference of 20.10145 mins
[1] "maxIt: 20"
[1] "It: 5"
 [1] "sigma:"               "0.99"                 "0.99"                
 [4] "0.965609589014158"    "0.965609589014158"    "0.976372635569734"   
 [7] "0.976372635569734"    "0.989198559664023"    "0.989198559664023"   
[10] "0.99"                 "0.99"                 "0.99"                
[13] "0.99"                 "0.99"                 "0.99"                
[16] "0.99"                 "0.99"                 "0.99"                
[19] "0.99"                 "0.976536696349925"    "0.976536696349925"   
[22] "0.0402731847459936"   "0.0402731847459936"   "0.0930867504409096"  
[25] "0.0930867504409096"   "0.10084107102716"     "0.10084107102716"    
[28] "0.0651056010044084"   "0.0651056010044084"   "0.0249968046594034"  
[31] "0.0249968046594034"   "0.0292965928248635"   "0.0292965928248635"  
[34] "0.0249913179771837"   "0.0249913179771837"   "0.0139995616035167"  
[37] "0.0139995616035167"   "0.00497490958014744"  "0.00497490958014744" 
[40] "0.000768115369501129" "0.000768115369501129" "beta :"              
[43] "1"                   
 [1] "sigma:"               "0.99"                 "0.99"                
 [4] "0.965609589014158"    "0.965609589014158"    "0.976372635569734"   
 [7] "0.976372635569734"    "0.989198559664023"    "0.989198559664023"   
[10] "0.99"                 "0.99"                 "0.99"                
[13] "0.99"                 "0.99"                 "0.99"                
[16] "0.99"                 "0.99"                 "0.99"                
[19] "0.99"                 "0.976536696349925"    "0.976536696349925"   
[22] "0.0402731847459936"   "0.0402731847459936"   "0.0435867504409095"  
[25] "0.0435867504409095"   "0.10084107102716"     "0.10084107102716"    
[28] "0.114605601004408"    "0.114605601004408"    "0.0249968046594034"  
[31] "0.0249968046594034"   "0.0292965928248635"   "0.0292965928248635"  
[34] "0.0249913179771837"   "0.0249913179771837"   "0.0139995616035167"  
[37] "0.0139995616035167"   "0.00497490958014744"  "0.00497490958014744" 
[40] "0.000768115369501128" "0.000768115369501128" "beta :"              
[43] "1"                   
[1] " old Likelihood:  -9487916.01105966"
[1] "New Likelihood:  -9487877.21019251"
iter:  0  f-value:  35240.58  pgrad:  0.5114736 
iter:  10  f-value:  35240.55  pgrad:  0.7669587 
iter:  20  f-value:  35240.53  pgrad:  0.6532355 
iter:  30  f-value:  35240.52  pgrad:  0.6018672 
iter:  40  f-value:  35240.52  pgrad:  0.5360198 
iter:  50  f-value:  35240.52  pgrad:  0.4944741 
  Unsuccessful convergence.
Time difference of 20.1307 mins
[1] "maxIt: 20"
[1] "It: 6"
 [1] "sigma:"               "0.99"                 "0.99"                
 [4] "0.968451035301905"    "0.968451035301905"    "0.980556472540253"   
 [7] "0.980556472540253"    "0.99"                 "0.99"                
[10] "0.99"                 "0.99"                 "0.99"                
[13] "0.99"                 "0.99"                 "0.99"                
[16] "0.99"                 "0.99"                 "0.99"                
[19] "0.99"                 "0.982869641932482"    "0.982869641932482"   
[22] "0.0390775026401175"   "0.0390775026401175"   "0.0426204984286879"  
[25] "0.0426204984286879"   "0.100757665611903"    "0.100757665611903"   
[28] "0.116021158734859"    "0.116021158734859"    "0.0270386000960541"  
[31] "0.0270386000960541"   "0.0314506860332321"   "0.0314506860332321"  
[34] "0.0268109539945263"   "0.0268109539945263"   "0.0150707952910345"  
[37] "0.0150707952910345"   "0.00541754519020687"  "0.00541754519020687" 
[40] "0.000851985449313516" "0.000851985449313516" "beta :"              
[43] "1"                   
 [1] "sigma:"               "0.99"                 "0.99"                
 [4] "0.968451035301905"    "0.968451035301905"    "0.980556472540253"   
 [7] "0.980556472540253"    "0.99"                 "0.99"                
[10] "0.99"                 "0.99"                 "0.99"                
[13] "0.99"                 "0.99"                 "0.99"                
[16] "0.99"                 "0.99"                 "0.99"                
[19] "0.99"                 "0.982869641932482"    "0.982869641932482"   
[22] "0.0390775026401175"   "0.0390775026401175"   "0.0426204984286879"  
[25] "0.0426204984286879"   "0.100757665611903"    "0.100757665611903"   
[28] "0.116021158734859"    "0.116021158734859"    "0.0270386000960541"  
[31] "0.0270386000960541"   "0.0314506860332321"   "0.0314506860332321"  
[34] "0.0268109539945263"   "0.0268109539945263"   "0.0150707952910345"  
[37] "0.0150707952910345"   "0.00541754519020687"  "0.00541754519020687" 
[40] "0.000851985449313518" "0.000851985449313518" "beta :"              
[43] "1"                   
[1] " old Likelihood:  -9487877.21019251"
[1] "New Likelihood:  -9487858.13392844"
iter:  0  f-value:  35258.95  pgrad:  0.5094437 
iter:  10  f-value:  35258.93  pgrad:  0.5174661 
iter:  20  f-value:  35258.92  pgrad:  0.5080082 
iter:  30  f-value:  35258.92  pgrad:  0.452556 
iter:  40  f-value:  35258.91  pgrad:  0.4520761 
iter:  50  f-value:  35258.91  pgrad:  0.4516743 
  Unsuccessful convergence.
Time difference of 19.67941 mins
[1] "maxIt: 20"
[1] "It: 7"
 [1] "sigma:"               "0.99"                 "0.99"                
 [4] "0.970854299766841"    "0.970854299766841"    "0.98412493261965"    
 [7] "0.98412493261965"     "0.99"                 "0.99"                
[10] "0.99"                 "0.99"                 "0.99"                
[13] "0.99"                 "0.99"                 "0.99"                
[16] "0.99"                 "0.99"                 "0.99"                
[19] "0.99"                 "0.988750979936436"    "0.988750979936436"   
[22] "0.0379017197517178"   "0.0379017197517178"   "0.0417708824459243"  
[25] "0.0417708824459243"   "0.10071633357737"     "0.10071633357737"    
[28] "0.11742324458499"     "0.11742324458499"     "0.0286103403980462"  
[31] "0.0286103403980462"   "0.0327686305377653"   "0.0327686305377653"  
[34] "0.0279653430255853"   "0.0279653430255853"   "0.0157965670554495"  
[37] "0.0157965670554495"   "0.00574577006936476"  "0.00574577006936476" 
[40] "0.000916706977746888" "0.000916706977746888" "beta :"              
[43] "1"                   
 [1] "sigma:"               "0.99"                 "0.99"                
 [4] "0.970854299766841"    "0.970854299766841"    "0.98412493261965"    
 [7] "0.98412493261965"     "0.99"                 "0.99"                
[10] "0.99"                 "0.99"                 "0.99"                
[13] "0.99"                 "0.99"                 "0.99"                
[16] "0.99"                 "0.99"                 "0.99"                
[19] "0.99"                 "0.988750979936436"    "0.988750979936436"   
[22] "0.0379017197517178"   "0.0379017197517178"   "0.0417708824459243"  
[25] "0.0417708824459243"   "0.10071633357737"     "0.10071633357737"    
[28] "0.16692324458499"     "0.16692324458499"     "0.0286103403980462"  
[31] "0.0286103403980462"   "0.0327686305377653"   "0.0327686305377653"  
[34] "0.0279653430255853"   "0.0279653430255853"   "0.0157965670554495"  
[37] "0.0157965670554495"   "0.00574577006936476"  "0.00574577006936476" 
[40] "0.000916706977746891" "0.000916706977746891" "beta :"              
[43] "1"                   
[1] " old Likelihood:  -9487858.13392844"
[1] "New Likelihood:  -9487846.06635786"
iter:  0  f-value:  35100.61  pgrad:  0.5073322 
iter:  10  f-value:  35100.59  pgrad:  0.5864422 
iter:  20  f-value:  35100.58  pgrad:  0.4937774 
iter:  30  f-value:  35100.58  pgrad:  0.5149195 
iter:  40  f-value:  35100.58  pgrad:  0.4708272 
iter:  50  f-value:  35100.58  pgrad:  0.4520552 
  Unsuccessful convergence.
Time difference of 19.67836 mins
[1] "maxIt: 20"
[1] "It: 8"
 [1] "sigma:"               "0.99"                 "0.99"                
 [4] "0.972552837227137"    "0.972552837227137"    "0.986665068878848"   
 [7] "0.986665068878848"    "0.99"                 "0.99"                
[10] "0.99"                 "0.99"                 "0.99"                
[13] "0.99"                 "0.99"                 "0.99"                
[16] "0.99"                 "0.99"                 "0.99"                
[19] "0.99"                 "0.99"                 "0.99"                
[22] "0.0369808781705993"   "0.0369808781705993"   "0.0410439187004603"  
[25] "0.0410439187004603"   "0.100649217503746"    "0.100649217503746"   
[28] "0.167972768336231"    "0.167972768336231"    "0.0299737098887182"  
[31] "0.0299737098887182"   "0.0340013654355945"   "0.0340013654355945"  
[34] "0.0288361306323042"   "0.0288361306323042"   "0.0162530327104137"  
[37] "0.0162530327104137"   "0.00594836431749657"  "0.00594836431749657" 
[40] "0.000959978175009057" "0.000959978175009057" "beta :"              
[43] "1"                   
 [1] "sigma:"               "0.99"                 "0.99"                
 [4] "0.972552837227137"    "0.972552837227137"    "0.986665068878848"   
 [7] "0.986665068878848"    "0.99"                 "0.99"                
[10] "0.99"                 "0.99"                 "0.99"                
[13] "0.99"                 "0.99"                 "0.99"                
[16] "0.99"                 "0.99"                 "0.99"                
[19] "0.99"                 "0.99"                 "0.99"                
[22] "0.0369808781705993"   "0.0369808781705993"   "0.0410439187004603"  
[25] "0.0410439187004603"   "0.0511492175037457"   "0.0511492175037457"  
[28] "0.217472768336231"    "0.217472768336231"    "0.0299737098887182"  
[31] "0.0299737098887182"   "0.0340013654355945"   "0.0340013654355945"  
[34] "0.0288361306323042"   "0.0288361306323042"   "0.0162530327104137"  
[37] "0.0162530327104137"   "0.00594836431749657"  "0.00594836431749657" 
[40] "0.000959978175009059" "0.000959978175009059" "beta :"              
[43] "1"                   
[1] " old Likelihood:  -9487846.06635786"
[1] "New Likelihood:  -9487836.21559295"
iter:  0  f-value:  35062.4  pgrad:  0.5063638 
iter:  10  f-value:  35062.39  pgrad:  0.5058973 
iter:  20  f-value:  35062.39  pgrad:  0.461805 
iter:  30  f-value:  35062.38  pgrad:  0.4461313 
iter:  40  f-value:  35062.38  pgrad:  0.5061249 
iter:  50  f-value:  35062.38  pgrad:  0.445308 
  Unsuccessful convergence.
Time difference of 20.18662 mins
[1] "maxIt: 20"
[1] "It: 9"
 [1] "sigma:"              "0.99"                "0.99"               
 [4] "0.975062053523896"   "0.975062053523896"   "0.99"               
 [7] "0.99"                "0.99"                "0.99"               
[10] "0.99"                "0.99"                "0.99"               
[13] "0.99"                "0.99"                "0.99"               
[16] "0.99"                "0.99"                "0.99"               
[19] "0.99"                "0.99"                "0.99"               
[22] "0.0358260617235857"  "0.0358260617235857"  "0.0402782572765312" 
[25] "0.0402782572765312"  "0.0512014951436814"  "0.0512014951436814" 
[28] "0.21897144756784"    "0.21897144756784"    "0.0318038033537023" 
[31] "0.0318038033537023"  "0.0356444995559536"  "0.0356444995559536" 
[34] "0.02993458383923"    "0.02993458383923"    "0.0167865429516837" 
[37] "0.0167865429516837"  "0.00620331651284363" "0.00620331651284363"
[40] "0.00102686039884768" "0.00102686039884768" "beta :"             
[43] "1"                  
 [1] "sigma:"              "0.99"                "0.99"               
 [4] "0.975062053523896"   "0.975062053523896"   "0.99"               
 [7] "0.99"                "0.99"                "0.99"               
[10] "0.99"                "0.99"                "0.99"               
[13] "0.99"                "0.99"                "0.99"               
[16] "0.99"                "0.99"                "0.99"               
[19] "0.99"                "0.99"                "0.99"               
[22] "0.0358260617235857"  "0.0358260617235857"  "0.0402782572765312" 
[25] "0.0402782572765312"  "0.0512014951436814"  "0.0512014951436814" 
[28] "0.21897144756784"    "0.21897144756784"    "0.0318038033537023" 
[31] "0.0318038033537023"  "0.0356444995559536"  "0.0356444995559536" 
[34] "0.02993458383923"    "0.02993458383923"    "0.0167865429516837" 
[37] "0.0167865429516837"  "0.00620331651284362" "0.00620331651284362"
[40] "0.00102686039884767" "0.00102686039884767" "beta :"             
[43] "1"                  
[1] " old Likelihood:  -9487836.21559295"
[1] "New Likelihood:  -9487830.99009282"
iter:  0  f-value:  35074.69  pgrad:  0.5051809 
iter:  10  f-value:  35074.68  pgrad:  0.5048186 
iter:  20  f-value:  35074.68  pgrad:  0.4443958 
iter:  30  f-value:  35074.68  pgrad:  0.4438443 
iter:  40  f-value:  35074.68  pgrad:  0.4433241 
iter:  50  f-value:  35074.68  pgrad:  0.4431289 
  Unsuccessful convergence.
Time difference of 19.658 mins
[1] "maxIt: 20"
[1] "It: 10"
 [1] "sigma:"              "0.99"                "0.99"               
 [4] "0.976536497366036"   "0.976536497366036"   "0.99"               
 [7] "0.99"                "0.99"                "0.99"               
[10] "0.99"                "0.99"                "0.99"               
[13] "0.99"                "0.99"                "0.99"               
[16] "0.99"                "0.99"                "0.99"               
[19] "0.99"                "0.99"                "0.99"               
[22] "0.035110659383419"   "0.035110659383419"   "0.039877973762796"  
[25] "0.039877973762796"   "0.0512962746383644"  "0.0512962746383644" 
[28] "0.219938169952775"   "0.219938169952775"   "0.0328255474895802" 
[31] "0.0328255474895802"  "0.0363778909764521"  "0.0363778909764521" 
[34] "0.0303856089192119"  "0.0303856089192119"  "0.0169947974901017" 
[37] "0.0169947974901017"  "0.00631910444240676" "0.00631910444240676"
[40] "0.00105929657545384" "0.00105929657545384" "beta :"             
[43] "1"                  
 [1] "sigma:"              "0.99"                "0.99"               
 [4] "0.976536497366036"   "0.976536497366036"   "0.99"               
 [7] "0.99"                "0.99"                "0.99"               
[10] "0.99"                "0.99"                "0.99"               
[13] "0.99"                "0.99"                "0.99"               
[16] "0.99"                "0.99"                "0.99"               
[19] "0.99"                "0.99"                "0.99"               
[22] "0.035110659383419"   "0.035110659383419"   "0.039877973762796"  
[25] "0.039877973762796"   "0.0512962746383644"  "0.0512962746383644" 
[28] "0.219938169952775"   "0.219938169952775"   "0.0328255474895802" 
[31] "0.0328255474895802"  "0.0363778909764521"  "0.0363778909764521" 
[34] "0.0303856089192119"  "0.0303856089192119"  "0.0169947974901017" 
[37] "0.0169947974901017"  "0.00631910444240675" "0.00631910444240675"
[40] "0.00105929657545384" "0.00105929657545384" "beta :"             
[43] "1"                  
[1] " old Likelihood:  -9487830.99009282"
[1] "New Likelihood:  -9487828.65459654"
iter:  0  f-value:  35080.32  pgrad:  0.5066314 
iter:  10  f-value:  35080.32  pgrad:  0.5037549 
iter:  20  f-value:  35080.32  pgrad:  0.496399 
iter:  30  f-value:  35080.32  pgrad:  0.4418321 
iter:  40  f-value:  35080.32  pgrad:  0.4414562 
iter:  50  f-value:  35080.32  pgrad:  0.4412264 
  Unsuccessful convergence.
Time difference of 19.52569 mins
[1] "maxIt: 20"
[1] "It: 11"
 [1] "sigma:"              "0.99"                "0.99"               
 [4] "0.977842671419214"   "0.977842671419214"   "0.99"               
 [7] "0.99"                "0.99"                "0.99"               
[10] "0.99"                "0.99"                "0.99"               
[13] "0.99"                "0.99"                "0.99"               
[16] "0.99"                "0.99"                "0.99"               
[19] "0.99"                "0.99"                "0.99"               
[22] "0.0344072008748944"  "0.0344072008748944"  "0.0395226056359183" 
[25] "0.0395226056359183"  "0.0514083314441919"  "0.0514083314441919" 
[28] "0.220838732027049"   "0.220838732027049"   "0.0337008547343701" 
[31] "0.0337008547343701"  "0.0369272005742511"  "0.0369272005742511" 
[34] "0.0306601723896381"  "0.0306601723896381"  "0.0171078181761106" 
[37] "0.0171078181761106"  "0.00639725481225668" "0.00639725481225668"
[40] "0.00108558750460268" "0.00108558750460268" "beta :"             
[43] "1"                  
 [1] "sigma:"              "0.99"                "0.99"               
 [4] "0.977842671419214"   "0.977842671419214"   "0.99"               
 [7] "0.99"                "0.99"                "0.99"               
[10] "0.99"                "0.99"                "0.99"               
[13] "0.99"                "0.99"                "0.99"               
[16] "0.99"                "0.99"                "0.99"               
[19] "0.99"                "0.99"                "0.99"               
[22] "0.0344072008748944"  "0.0344072008748944"  "0.0395226056359183" 
[25] "0.0395226056359183"  "0.0514083314441919"  "0.0514083314441919" 
[28] "0.220838732027049"   "0.220838732027049"   "0.0832008547343701" 
[31] "0.0832008547343701"  "0.0369272005742511"  "0.0369272005742511" 
[34] "0.0306601723896381"  "0.0306601723896381"  "0.0171078181761106" 
[37] "0.0171078181761106"  "0.00639725481225668" "0.00639725481225668"
[40] "0.00108558750460268" "0.00108558750460268" "beta :"             
[43] "1"                  
[1] " old Likelihood:  -9487828.65459654"
[1] "New Likelihood:  -9487826.83989249"
iter:  0  f-value:  34905.37  pgrad:  0.503162 
iter:  10  f-value:  34905.36  pgrad:  0.4989852 
iter:  20  f-value:  34905.36  pgrad:  0.4749745 
iter:  30  f-value:  34905.36  pgrad:  0.447908 
iter:  40  f-value:  34905.36  pgrad:  0.4400461 
iter:  50  f-value:  34905.36  pgrad:  0.4392692 
  Unsuccessful convergence.
Time difference of 20.18406 mins
[1] "maxIt: 20"
[1] "It: 12"
 [1] "sigma:"              "0.99"                "0.99"               
 [4] "0.97912505994019"    "0.97912505994019"    "0.99"               
 [7] "0.99"                "0.99"                "0.99"               
[10] "0.99"                "0.99"                "0.99"               
[13] "0.99"                "0.99"                "0.99"               
[16] "0.99"                "0.99"                "0.99"               
[19] "0.99"                "0.99"                "0.99"               
[22] "0.033550231043356"   "0.033550231043356"   "0.0390363406067634" 
[25] "0.0390363406067634"  "0.0515409876321311"  "0.0515409876321311" 
[28] "0.221742367276698"   "0.221742367276698"   "0.0844340527538946" 
[31] "0.0844340527538946"  "0.0380324978349056"  "0.0380324978349056" 
[34] "0.0313529244749567"  "0.0313529244749567"  "0.0174070474675253" 
[37] "0.0174070474675253"  "0.00659413267581518" "0.00659413267581518"
[40] "0.00123752773763794" "0.00123752773763794" "beta :"             
[43] "1"                  
 [1] "sigma:"              "0.99"                "0.99"               
 [4] "0.97912505994019"    "0.97912505994019"    "0.99"               
 [7] "0.99"                "0.99"                "0.99"               
[10] "0.99"                "0.99"                "0.99"               
[13] "0.99"                "0.99"                "0.99"               
[16] "0.99"                "0.99"                "0.99"               
[19] "0.99"                "0.99"                "0.99"               
[22] "0.033550231043356"   "0.033550231043356"   "0.0390363406067634" 
[25] "0.0390363406067634"  "0.0515409876321311"  "0.0515409876321311" 
[28] "0.221742367276698"   "0.221742367276698"   "0.0844340527538946" 
[31] "0.0844340527538946"  "0.0380324978349056"  "0.0380324978349056" 
[34] "0.0313529244749567"  "0.0313529244749567"  "0.0174070474675253" 
[37] "0.0174070474675253"  "0.00659413267581518" "0.00659413267581518"
[40] "0.00123752773763794" "0.00123752773763794" "beta :"             
[43] "1"                  
[1] " old Likelihood:  -9487826.83989249"
[1] "New Likelihood:  -9487823.07489742"
iter:  0  f-value:  34921.71  pgrad:  0.5026397 
iter:  10  f-value:  34921.71  pgrad:  0.5023699 
iter:  20  f-value:  34921.7  pgrad:  0.43857 
iter:  30  f-value:  34921.7  pgrad:  0.4381801 
iter:  40  f-value:  34921.7  pgrad:  0.5055918 
iter:  50  f-value:  34921.7  pgrad:  0.4373147 
  Unsuccessful convergence.
Time difference of 20.19982 mins
[1] "maxIt: 20"
[1] "It: 13"
 [1] "sigma:"              "0.99"                "0.99"               
 [4] "0.980559794352503"   "0.980559794352503"   "0.99"               
 [7] "0.99"                "0.99"                "0.99"               
[10] "0.99"                "0.99"                "0.99"               
[13] "0.99"                "0.99"                "0.99"               
[16] "0.99"                "0.99"                "0.99"               
[19] "0.99"                "0.99"                "0.99"               
[22] "0.0326173257794758"  "0.0326173257794758"  "0.0385817844753608" 
[25] "0.0385817844753608"  "0.0516166653238909"  "0.0516166653238909" 
[28] "0.222613349440165"   "0.222613349440165"   "0.0854144635052138" 
[31] "0.0854144635052138"  "0.0387640915172224"  "0.0387640915172224" 
[34] "0.0317219954778165"  "0.0317219954778165"  "0.0174816653779187" 
[37] "0.0174816653779187"  "0.00664165900874954" "0.00664165900874954"
[40] "0.00126461508610005" "0.00126461508610005" "beta :"             
[43] "1"                  
 [1] "sigma:"              "0.99"                "0.99"               
 [4] "0.980559794352503"   "0.980559794352503"   "0.99"               
 [7] "0.99"                "0.99"                "0.99"               
[10] "0.99"                "0.99"                "0.99"               
[13] "0.99"                "0.99"                "0.99"               
[16] "0.99"                "0.99"                "0.99"               
[19] "0.99"                "0.99"                "0.99"               
[22] "0.0326173257794758"  "0.0326173257794758"  "0.0385817844753608" 
[25] "0.0385817844753608"  "0.0516166653238909"  "0.0516166653238909" 
[28] "0.222613349440165"   "0.222613349440165"   "0.0854144635052139" 
[31] "0.0854144635052139"  "0.0387640915172224"  "0.0387640915172224" 
[34] "0.0317219954778165"  "0.0317219954778165"  "0.0174816653779187" 
[37] "0.0174816653779187"  "0.00664165900874953" "0.00664165900874953"
[40] "0.00126461508610005" "0.00126461508610005" "beta :"             
[43] "1"                  
[1] " old Likelihood:  -9487823.07489742"
[1] "New Likelihood:  -9487821.41175771"
iter:  0  f-value:  34927.41  pgrad:  0.5114342 
iter:  10  f-value:  34927.41  pgrad:  0.5017505 
iter:  20  f-value:  34927.41  pgrad:  0.4367127 
iter:  30  f-value:  34927.41  pgrad:  0.4362863 
iter:  40  f-value:  34927.41  pgrad:  0.5056573 
iter:  50  f-value:  34927.41  pgrad:  0.4246976 
  Unsuccessful convergence.
Time difference of 20.18033 mins
[1] "maxIt: 20"
[1] "It: 14"
 [1] "sigma:"              "0.99"                "0.99"               
 [4] "0.982676437743581"   "0.982676437743581"   "0.99"               
 [7] "0.99"                "0.99"                "0.99"               
[10] "0.99"                "0.99"                "0.99"               
[13] "0.99"                "0.99"                "0.99"               
[16] "0.99"                "0.99"                "0.99"               
[19] "0.99"                "0.99"                "0.99"               
[22] "0.0311241389310856"  "0.0311241389310856"  "0.0379192174287381" 
[25] "0.0379192174287381"  "0.0517677065051016"  "0.0517677065051016" 
[28] "0.223835025185359"   "0.223835025185359"   "0.086624756855883"  
[31] "0.086624756855883"   "0.0395373059318362"  "0.0395373059318362" 
[34] "0.0320245415995285"  "0.0320245415995285"  "0.0174709620064824" 
[37] "0.0174709620064824"  "0.00667279078172059" "0.00667279078172059"
[40] "0.00130403671777795" "0.00130403671777795" "beta :"             
[43] "1"                  
 [1] "sigma:"              "0.99"                "0.99"               
 [4] "0.982676437743581"   "0.982676437743581"   "0.99"               
 [7] "0.99"                "0.99"                "0.99"               
[10] "0.99"                "0.99"                "0.99"               
[13] "0.99"                "0.99"                "0.99"               
[16] "0.99"                "0.99"                "0.99"               
[19] "0.99"                "0.99"                "0.99"               
[22] "0.0311241389310856"  "0.0311241389310856"  "0.0379192174287381" 
[25] "0.0379192174287381"  "0.0517677065051016"  "0.0517677065051016" 
[28] "0.223835025185359"   "0.223835025185359"   "0.0866247568558829" 
[31] "0.0866247568558829"  "0.0395373059318362"  "0.0395373059318362" 
[34] "0.0320245415995285"  "0.0320245415995285"  "0.0174709620064824" 
[37] "0.0174709620064824"  "0.00667279078172059" "0.00667279078172059"
[40] "0.00130403671777795" "0.00130403671777795" "beta :"             
[43] "1"                  
[1] " old Likelihood:  -9487821.41175771"
[1] "New Likelihood:  -9487820.33224445"
iter:  0  f-value:  34926.43  pgrad:  0.5113585 
iter:  10  f-value:  34926.42  pgrad:  0.5012157 
iter:  20  f-value:  34926.42  pgrad:  0.434183 
iter:  30  f-value:  34926.42  pgrad:  0.4334218 
iter:  40  f-value:  34926.42  pgrad:  0.4882895 
iter:  50  f-value:  34926.42  pgrad:  0.4024332 
  Unsuccessful convergence.
Time difference of 19.9949 mins
[1] "maxIt: 20"
[1] "It: 15"
 [1] "sigma:"              "0.99"                "0.99"               
 [4] "0.984486439482703"   "0.984486439482703"   "0.99"               
 [7] "0.99"                "0.99"                "0.99"               
[10] "0.99"                "0.99"                "0.99"               
[13] "0.99"                "0.99"                "0.99"               
[16] "0.99"                "0.99"                "0.99"               
[19] "0.99"                "0.99"                "0.99"               
[22] "0.0297075022286775"  "0.0297075022286775"  "0.0373224638545742" 
[25] "0.0373224638545742"  "0.0519413213777115"  "0.0519413213777115" 
[28] "0.224948743065608"   "0.224948743065608"   "0.0876421615686691" 
[31] "0.0876421615686691"  "0.0401163313673546"  "0.0401163313673546" 
[34] "0.0321780401213801"  "0.0321780401213801"  "0.0174012317314296" 
[37] "0.0174012317314296"  "0.00667393262770398" "0.00667393262770398"
[40] "0.0013367811779043"  "0.0013367811779043"  "beta :"             
[43] "1"                  
 [1] "sigma:"              "0.99"                "0.99"               
 [4] "0.984486439482703"   "0.984486439482703"   "0.99"               
 [7] "0.99"                "0.99"                "0.99"               
[10] "0.99"                "0.99"                "0.99"               
[13] "0.99"                "0.99"                "0.99"               
[16] "0.99"                "0.99"                "0.99"               
[19] "0.99"                "0.99"                "0.99"               
[22] "0.0297075022286775"  "0.0297075022286775"  "0.0373224638545742" 
[25] "0.0373224638545742"  "0.0519413213777115"  "0.0519413213777115" 
[28] "0.224948743065608"   "0.224948743065608"   "0.087642161568669"  
[31] "0.087642161568669"   "0.0401163313673546"  "0.0401163313673546" 
[34] "0.0321780401213801"  "0.0321780401213801"  "0.0174012317314296" 
[37] "0.0174012317314296"  "0.00667393262770398" "0.00667393262770398"
[40] "0.0013367811779043"  "0.0013367811779043"  "beta :"             
[43] "1"                  
[1] " old Likelihood:  -9487820.33224445"
[1] "New Likelihood:  -9487819.47659633"
iter:  0  f-value:  34923.55  pgrad:  0.5112533 
iter:  10  f-value:  34923.55  pgrad:  0.4458707 
iter:  20  f-value:  34923.55  pgrad:  0.5072056 
iter:  30  f-value:  34923.55  pgrad:  0.4300819 
iter:  40  f-value:  34923.54  pgrad:  0.4069443 
iter:  50  f-value:  34923.54  pgrad:  0.3691093 
  Unsuccessful convergence.
Time difference of 20.12745 mins
[1] "maxIt: 20"
[1] "It: 16"
 [1] "sigma:"              "0.99"                "0.99"               
 [4] "0.985914636301434"   "0.985914636301434"   "0.99"               
 [7] "0.99"                "0.99"                "0.99"               
[10] "0.99"                "0.99"                "0.99"               
[13] "0.99"                "0.99"                "0.99"               
[16] "0.99"                "0.99"                "0.99"               
[19] "0.99"                "0.99"                "0.99"               
[22] "0.028474089847105"   "0.028474089847105"   "0.0368187715974261" 
[25] "0.0368187715974261"  "0.0521152733763824"  "0.0521152733763824" 
[28] "0.225920454781974"   "0.225920454781974"   "0.0884968198847327" 
[31] "0.0884968198847327"  "0.0405679638179333"  "0.0405679638179333" 
[34] "0.0322535456901535"  "0.0322535456901535"  "0.0173126941453803" 
[37] "0.0173126941453803"  "0.00665737899163299" "0.00665737899163299"
[40] "0.00136115732132268" "0.00136115732132268" "beta :"             
[43] "1"                  
 [1] "sigma:"              "0.99"                "0.99"               
 [4] "0.985914636301434"   "0.985914636301434"   "0.99"               
 [7] "0.99"                "0.99"                "0.99"               
[10] "0.99"                "0.99"                "0.99"               
[13] "0.99"                "0.99"                "0.99"               
[16] "0.99"                "0.99"                "0.99"               
[19] "0.99"                "0.99"                "0.99"               
[22] "0.028474089847105"   "0.028474089847105"   "0.0368187715974261" 
[25] "0.0368187715974261"  "0.0521152733763824"  "0.0521152733763824" 
[28] "0.225920454781974"   "0.225920454781974"   "0.0884968198847327" 
[31] "0.0884968198847327"  "0.0405679638179333"  "0.0405679638179333" 
[34] "0.0322535456901535"  "0.0322535456901535"  "0.0173126941453803" 
[37] "0.0173126941453803"  "0.00665737899163299" "0.00665737899163299"
[40] "0.00136115732132268" "0.00136115732132268" "beta :"             
[43] "1"                  
[1] " old Likelihood:  -9487819.47659633"
[1] "New Likelihood:  -9487818.72785682"
iter:  0  f-value:  34919.82  pgrad:  0.5111461 
iter:  10  f-value:  34919.82  pgrad:  0.430591 
iter:  20  f-value:  34919.82  pgrad:  0.415821 
iter:  30  f-value:  34919.82  pgrad:  0.3822788 
iter:  40  f-value:  34919.82  pgrad:  0.3713649 
iter:  50  f-value:  34919.82  pgrad:  0.3541936 
  Unsuccessful convergence.
Time difference of 20.14524 mins
[1] "maxIt: 20"
[1] "It: 17"
 [1] "sigma:"              "0.99"                "0.99"               
 [4] "0.987047719436941"   "0.987047719436941"   "0.99"               
 [7] "0.99"                "0.99"                "0.99"               
[10] "0.99"                "0.99"                "0.99"               
[13] "0.99"                "0.99"                "0.99"               
[16] "0.99"                "0.99"                "0.99"               
[19] "0.99"                "0.99"                "0.99"               
[22] "0.0274091545480057"  "0.0274091545480057"  "0.036392192966261"  
[25] "0.036392192966261"   "0.0522800766607087"  "0.0522800766607087" 
[28] "0.226768980889932"   "0.226768980889932"   "0.089230893893879"  
[31] "0.089230893893879"   "0.0409412214545638"  "0.0409412214545638" 
[34] "0.032293479249617"   "0.032293479249617"   "0.0172246139243764" 
[37] "0.0172246139243764"  "0.00663162284163005" "0.00663162284163005"
[40] "0.00137921389165773" "0.00137921389165773" "beta :"             
[43] "1"                  
 [1] "sigma:"              "0.99"                "0.99"               
 [4] "0.987047719436941"   "0.987047719436941"   "0.99"               
 [7] "0.99"                "0.99"                "0.99"               
[10] "0.99"                "0.99"                "0.99"               
[13] "0.99"                "0.99"                "0.99"               
[16] "0.99"                "0.99"                "0.99"               
[19] "0.99"                "0.99"                "0.99"               
[22] "0.0274091545480057"  "0.0274091545480057"  "0.036392192966261"  
[25] "0.036392192966261"   "0.0522800766607087"  "0.0522800766607087" 
[28] "0.226768980889932"   "0.226768980889932"   "0.089230893893879"  
[31] "0.089230893893879"   "0.0409412214545638"  "0.0409412214545638" 
[34] "0.032293479249617"   "0.032293479249617"   "0.0172246139243764" 
[37] "0.0172246139243764"  "0.00663162284163005" "0.00663162284163005"
[40] "0.00137921389165773" "0.00137921389165773" "beta :"             
[43] "1"                  
[1] " old Likelihood:  -9487818.72785682"
[1] "New Likelihood:  -9487818.03881719"
iter:  0  f-value:  34915.93  pgrad:  0.5110481 
iter:  10  f-value:  34915.93  pgrad:  0.4035246 
iter:  20  f-value:  34915.93  pgrad:  0.3845344 
iter:  30  f-value:  34915.93  pgrad:  0.376458 
iter:  40  f-value:  34915.93  pgrad:  0.5088434 
iter:  50  f-value:  34915.93  pgrad:  0.3050081 
  Unsuccessful convergence.
Time difference of 20.14352 mins
[1] "maxIt: 20"
[1] "It: 18"
 [1] "sigma:"              "0.99"                "0.99"               
 [4] "0.988543169893241"   "0.988543169893241"   "0.99"               
 [7] "0.99"                "0.99"                "0.99"               
[10] "0.99"                "0.99"                "0.99"               
[13] "0.99"                "0.99"                "0.99"               
[16] "0.99"                "0.99"                "0.99"               
[19] "0.99"                "0.99"                "0.99"               
[22] "0.0258755254658235"  "0.0258755254658235"  "0.035780694816807"  
[25] "0.035780694816807"   "0.0525145743475071"  "0.0525145743475071" 
[28] "0.227923001239692"   "0.227923001239692"   "0.0901976439174708" 
[31] "0.0901976439174708"  "0.0414143671533912"  "0.0414143671533912" 
[34] "0.032319190746924"   "0.032319190746924"   "0.0170687316107147" 
[37] "0.0170687316107147"  "0.00658281806207761" "0.00658281806207761"
[40] "0.00140572523087411" "0.00140572523087411" "beta :"             
[43] "1"                  
 [1] "sigma:"              "0.99"                "0.99"               
 [4] "0.988543169893241"   "0.988543169893241"   "0.99"               
 [7] "0.99"                "0.99"                "0.99"               
[10] "0.99"                "0.99"                "0.99"               
[13] "0.99"                "0.99"                "0.99"               
[16] "0.99"                "0.99"                "0.99"               
[19] "0.99"                "0.99"                "0.99"               
[22] "0.0258755254658235"  "0.0258755254658235"  "0.035780694816807"  
[25] "0.035780694816807"   "0.0525145743475071"  "0.0525145743475071" 
[28] "0.227923001239692"   "0.227923001239692"   "0.0901976439174708" 
[31] "0.0901976439174708"  "0.0414143671533912"  "0.0414143671533912" 
[34] "0.032319190746924"   "0.032319190746924"   "0.0170687316107147" 
[37] "0.0170687316107147"  "0.00658281806207761" "0.00658281806207761"
[40] "0.00140572523087412" "0.00140572523087412" "beta :"             
[43] "1"                  
[1] " old Likelihood:  -9487818.03881719"
[1] "New Likelihood:  -9487817.34678997"
iter:  0  f-value:  34910.75  pgrad:  0.510968 
iter:  10  f-value:  34910.75  pgrad:  0.3656896 
iter:  20  f-value:  34910.75  pgrad:  0.5072258 
iter:  30  f-value:  34910.75  pgrad:  0.3389869 
iter:  40  f-value:  34910.75  pgrad:  0.3281457 
iter:  50  f-value:  34910.75  pgrad:  0.3226887 
  Unsuccessful convergence.
Time difference of 20.00864 mins
[1] "maxIt: 20"
[1] "It: 19"
 [1] "sigma:"              "0.99"                "0.99"               
 [4] "0.989214499896207"   "0.989214499896207"   "0.99"               
 [7] "0.99"                "0.99"                "0.99"               
[10] "0.99"                "0.99"                "0.99"               
[13] "0.99"                "0.99"                "0.99"               
[16] "0.99"                "0.99"                "0.99"               
[19] "0.99"                "0.99"                "0.99"               
[22] "0.0251318322014027"  "0.0251318322014027"  "0.0354902333014476" 
[25] "0.0354902333014476"  "0.0526457026512202"  "0.0526457026512202" 
[28] "0.228537748100252"   "0.228537748100252"   "0.090726888036665"  
[31] "0.090726888036665"   "0.0416729486431517"  "0.0416729486431517" 
[34] "0.032329619680577"   "0.032329619680577"   "0.0170033610894449" 
[37] "0.0170033610894449"  "0.00655244803222217" "0.00655244803222217"
[40] "0.00141411699318007" "0.00141411699318007" "beta :"             
[43] "1"                  
 [1] "sigma:"              "0.99"                "0.99"               
 [4] "0.989214499896207"   "0.989214499896207"   "0.99"               
 [7] "0.99"                "0.99"                "0.99"               
[10] "0.99"                "0.99"                "0.99"               
[13] "0.99"                "0.99"                "0.99"               
[16] "0.99"                "0.99"                "0.99"               
[19] "0.99"                "0.99"                "0.99"               
[22] "0.0251318322014027"  "0.0251318322014027"  "0.0354902333014476" 
[25] "0.0354902333014476"  "0.0526457026512202"  "0.0526457026512202" 
[28] "0.228537748100252"   "0.228537748100252"   "0.090726888036665"  
[31] "0.090726888036665"   "0.0416729486431517"  "0.0416729486431517" 
[34] "0.032329619680577"   "0.032329619680577"   "0.0170033610894449" 
[37] "0.0170033610894449"  "0.00655244803222217" "0.00655244803222217"
[40] "0.00141411699318008" "0.00141411699318008" "beta :"             
[43] "1"                  
[1] " old Likelihood:  -9487817.34678997"
[1] "New Likelihood:  -9487816.73032472"
iter:  0  f-value:  34907.11  pgrad:  0.510873 
iter:  10  f-value:  34907.11  pgrad:  0.3504101 
iter:  20  f-value:  34907.11  pgrad:  0.5068233 
iter:  30  f-value:  34907.11  pgrad:  0.313521 
iter:  40  f-value:  34907.11  pgrad:  0.292639 
iter:  50  f-value:  34907.11  pgrad:  0.2851448 
  Unsuccessful convergence.
Time difference of 20.19355 mins
[1] "maxIt: 20"
[1] "It: 20"
 [1] "sigma:"              "0.99"                "0.99"               
 [4] "0.99"                "0.99"                "0.99"               
 [7] "0.99"                "0.99"                "0.99"               
[10] "0.99"                "0.99"                "0.99"               
[13] "0.99"                "0.99"                "0.99"               
[16] "0.99"                "0.99"                "0.99"               
[19] "0.99"                "0.99"                "0.99"               
[22] "0.0239447324254421"  "0.0239447324254421"  "0.0350249947550656" 
[25] "0.0350249947550656"  "0.0528445440837424"  "0.0528445440837424" 
[28] "0.229447114691711"   "0.229447114691711"   "0.0914836948107936" 
[31] "0.0914836948107936"  "0.0420348839333786"  "0.0420348839333786" 
[34] "0.0323336186834066"  "0.0323336186834066"  "0.0168726404180974" 
[37] "0.0168726404180974"  "0.00649789301693174" "0.00649789301693174"
[40] "0.00143000704842295" "0.00143000704842295" "beta :"             
[43] "1"                  
 [1] "sigma:"              "0.99"                "0.99"               
 [4] "0.99"                "0.99"                "0.99"               
 [7] "0.99"                "0.99"                "0.99"               
[10] "0.99"                "0.99"                "0.99"               
[13] "0.99"                "0.99"                "0.99"               
[16] "0.99"                "0.99"                "0.99"               
[19] "0.99"                "0.99"                "0.99"               
[22] "0.0239447324254421"  "0.0239447324254421"  "0.0350249947550656" 
[25] "0.0350249947550656"  "0.0528445440837424"  "0.0528445440837424" 
[28] "0.229447114691711"   "0.229447114691711"   "0.0914836948107936" 
[31] "0.0914836948107936"  "0.0420348839333786"  "0.0420348839333786" 
[34] "0.0323336186834066"  "0.0323336186834066"  "0.0168726404180974" 
[37] "0.0168726404180974"  "0.00649789301693174" "0.00649789301693174"
[40] "0.00143000704842295" "0.00143000704842295" "beta :"             
[43] "1"                  
[1] " old Likelihood:  -9487816.73032472"
[1] "New Likelihood:  -9487816.10311589"
iter:  0  f-value:  34902.56  pgrad:  0.5107974 
iter:  10  f-value:  34902.56  pgrad:  0.3274909 
iter:  20  f-value:  34902.55  pgrad:  0.4966041 
iter:  30  f-value:  34902.55  pgrad:  0.3033347 
iter:  40  f-value:  34902.55  pgrad:  0.2851448 
iter:  50  f-value:  34902.55  pgrad:  0.2951856 
  Unsuccessful convergence.
Time difference of 20.08926 mins
 [1] "sigma:"              "0.99"                "0.99"               
 [4] "0.99"                "0.99"                "0.99"               
 [7] "0.99"                "0.99"                "0.99"               
[10] "0.99"                "0.99"                "0.99"               
[13] "0.99"                "0.99"                "0.99"               
[16] "0.99"                "0.99"                "0.99"               
[19] "0.99"                "0.99"                "0.99"               
[22] "0.0224270537973698"  "0.0224270537973698"  "0.0344325531564986" 
[25] "0.0344325531564986"  "0.0530972195249226"  "0.0530972195249226" 
[28] "0.23057033092581"    "0.23057033092581"    "0.0923958887602453" 
[31] "0.0923958887602453"  "0.0424597112010421"  "0.0424597112010421" 
[34] "0.0323245146730792"  "0.0323245146730792"  "0.016685742819276"  
[37] "0.016685742819276"   "0.00641950807859217" "0.00641950807859217"
[40] "0.00145049528495034" "0.00145049528495034" "beta :"             
[43] "1"                  
[1] 1999868 1998538 1999508 1999944 1999314
[1] 1 1 1 1 1
saved RDS
inference successful
