[1] "Original length"
[1] 999821
[1] "Final length"
[1] 18953
[1] "sequence length : 999822" "sequence length : 999992"
[3] "sequence length : 999797" "sequence length : 998690"
[5] "sequence length : 999864"
[1] 1 1 1 1 1
[1] "Beta: 1"
[1] "Self: 0.5"
 [1] 0 0 0 0 0 0 0 0 0 0 0 0 0 0 0 0 0 0 0 0
[1] "maxIt: 20"
[1] "It: 1"
 [1] "sigma:" "0.5"    "0.5"    "0.5"    "0.5"    "0.5"    "0.5"    "0.5"   
 [9] "0.5"    "0.5"    "0.5"    "0.5"    "0.5"    "0.5"    "0.5"    "0.5"   
[17] "0.5"    "0.5"    "0.5"    "0"      "0"      "0"      "0"      "0"     
[25] "0"      "0"      "0"      "0"      "0"      "0"      "0"      "0"     
[33] "0"      "0"      "0"      "0"      "0"      "0"      "0"      "0"     
[41] "0"      "beta :" "1"     
[1] 9564644
[1] 9564225
[1] 9564019
[1] 9563722
[1] 9563299
[1] 9562698
[1] 9561872
[1] 9560844
[1] 9559854
[1] 9559327
[1] 9559526
[1] 9560703
[1] 9563550
[1] 9569057
[1] 9578038
[1] 9589548
[1] 9599364
[1] 9605415
[1] 9608237
[1] 9609011
[1] 9609065
 [1] "sigma:" "0.9655" "0.9655" "0.9655" "0.9655" "0.9655" "0.9655" "0.9655"
 [9] "0.9655" "0.9655" "0.9655" "0.9655" "0.9655" "0.9655" "0.9655" "0.9655"
[17] "0.9655" "0.9655" "0.9655" "0.375"  "0.375"  "0.375"  "0.375"  "0.375" 
[25] "0.375"  "0.375"  "0.375"  "0.375"  "0.375"  "0.375"  "0.375"  "0.375" 
[33] "0.375"  "0.375"  "0.375"  "0.375"  "0.375"  "0.375"  "0.375"  "0.375" 
[41] "0.375"  "beta :" "1"     
[1] "New Likelihood:  -9559327.43370911"
iter:  0  f-value:  30253.56  pgrad:  0.5 
iter:  10  f-value:  30253.17  pgrad:  0.5000114 
iter:  20  f-value:  30252.69  pgrad:  0.7495251 
iter:  30  f-value:  30252.68  pgrad:  0.7483763 
  Unsuccessful convergence.
Time difference of 36.87068 mins
[1] "maxIt: 20"
[1] "It: 2"
 [1] "sigma:"            "0.983286099113645" "0.983286099113645"
 [4] "0.983286099113645" "0.983286099113645" "0.983286099113645"
 [7] "0.983286099113645" "0.983286099113645" "0.983286099113645"
[10] "0.983286099113645" "0.983286099113645" "0.983286099113645"
[13] "0.983286099113645" "0.983286099113645" "0.983286099113645"
[16] "0.983286099113645" "0.983286099113645" "0.983286099113645"
[19] "0.983286099113645" "0.373768040016773" "0.373768040016773"
[22] "0.373768040016773" "0.373768040016773" "0.373768040016773"
[25] "0.373768040016773" "0.373768040016773" "0.373768040016773"
[28] "0.373768040016773" "0.373768040016773" "0.373768040016773"
[31] "0.373768040016773" "0.373768040016773" "0.373768040016773"
[34] "0.373768040016773" "0.373768040016773" "0.373768040016773"
[37] "0.373768040016773" "0.373768040016773" "0.373768040016773"
[40] "0.373768040016773" "0.373768040016773" "beta :"           
[43] "1"                
[1] 9559619
[1] 9559078
[1] 9559325
 [1] "sigma:"            "0.983286099113645" "0.983286099113645"
 [4] "0.983286099113645" "0.983286099113645" "0.983286099113645"
 [7] "0.983286099113645" "0.983286099113645" "0.983286099113645"
[10] "0.983286099113645" "0.983286099113645" "0.983286099113645"
[13] "0.983286099113645" "0.983286099113645" "0.983286099113645"
[16] "0.983286099113645" "0.983286099113645" "0.983286099113645"
[19] "0.983286099113645" "0.373768040016773" "0.373768040016773"
[22] "0.373768040016773" "0.373768040016773" "0.373768040016773"
[25] "0.373768040016773" "0.373768040016773" "0.373768040016773"
[28] "0.373768040016773" "0.373768040016773" "0.373768040016773"
[31] "0.373768040016773" "0.373768040016773" "0.373768040016773"
[34] "0.373768040016773" "0.373768040016773" "0.373768040016773"
[37] "0.373768040016773" "0.373768040016773" "0.373768040016773"
[40] "0.373768040016773" "0.373768040016773" "beta :"           
[43] "1"                
[1] " old Likelihood:  -9559327.43370911"
[1] "New Likelihood:  -9559077.872864"
iter:  0  f-value:  30201.16  pgrad:  0.5000113 
iter:  10  f-value:  30201  pgrad:  0.4997966 
iter:  20  f-value:  30200.95  pgrad:  0.4943867 
iter:  30  f-value:  30200.94  pgrad:  0.5015664 
  Unsuccessful convergence.
Time difference of 9.343341 mins
[1] "maxIt: 20"
[1] "It: 3"
 [1] "sigma:"            "0.988672760800942" "0.988672760800942"
 [4] "0.988672760800942" "0.988672760800942" "0.988672760800942"
 [7] "0.988672760800942" "0.988672760800942" "0.988672760800942"
[10] "0.988672760800942" "0.988672760800942" "0.988672760800942"
[13] "0.988672760800942" "0.988672760800942" "0.988672760800942"
[16] "0.988672760800942" "0.988672760800942" "0.988672760800942"
[19] "0.988672760800942" "0.374044193258554" "0.374044193258554"
[22] "0.374044193258554" "0.374044193258554" "0.374044193258554"
[25] "0.374044193258554" "0.374044193258554" "0.374044193258554"
[28] "0.374044193258554" "0.374044193258554" "0.374044193258554"
[31] "0.374044193258554" "0.374044193258554" "0.374044193258554"
[34] "0.374044193258554" "0.374044193258554" "0.374044193258554"
[37] "0.374044193258554" "0.374044193258554" "0.374044193258554"
[40] "0.374044193258554" "0.374044193258554" "beta :"           
[43] "1"                
[1] 9559543
[1] 9559014
[1] 9559287
 [1] "sigma:"            "0.988672760800942" "0.988672760800942"
 [4] "0.988672760800942" "0.988672760800942" "0.988672760800942"
 [7] "0.988672760800942" "0.988672760800942" "0.988672760800942"
[10] "0.988672760800942" "0.988672760800942" "0.988672760800942"
[13] "0.988672760800942" "0.988672760800942" "0.988672760800942"
[16] "0.988672760800942" "0.988672760800942" "0.988672760800942"
[19] "0.988672760800942" "0.374044193258554" "0.374044193258554"
[22] "0.374044193258554" "0.374044193258554" "0.374044193258554"
[25] "0.374044193258554" "0.374044193258554" "0.374044193258554"
[28] "0.374044193258554" "0.374044193258554" "0.374044193258554"
[31] "0.374044193258554" "0.374044193258554" "0.374044193258554"
[34] "0.374044193258554" "0.374044193258554" "0.374044193258554"
[37] "0.374044193258554" "0.374044193258554" "0.374044193258554"
[40] "0.374044193258554" "0.374044193258554" "beta :"           
[43] "1"                
[1] " old Likelihood:  -9559077.872864"
[1] "New Likelihood:  -9559014.17426647"
iter:  0  f-value:  30171.03  pgrad:  0.499907 
iter:  10  f-value:  30170.97  pgrad:  0.5010954 
iter:  20  f-value:  30170.96  pgrad:  0.5021201 
iter:  30  f-value:  30170.95  pgrad:  0.5002255 
  Unsuccessful convergence.
Time difference of 9.338771 mins
[1] "maxIt: 20"
[1] "It: 4"
 [1] "sigma:"            "0.99"              "0.99"             
 [4] "0.99"              "0.99"              "0.99"             
 [7] "0.99"              "0.99"              "0.99"             
[10] "0.99"              "0.99"              "0.99"             
[13] "0.99"              "0.99"              "0.99"             
[16] "0.99"              "0.99"              "0.99"             
[19] "0.99"              "0.375054943128232" "0.375054943128232"
[22] "0.375054943128232" "0.375054943128232" "0.375054943128232"
[25] "0.375054943128232" "0.375054943128232" "0.375054943128232"
[28] "0.375054943128232" "0.375054943128232" "0.375054943128232"
[31] "0.375054943128232" "0.375054943128232" "0.375054943128232"
[34] "0.375054943128232" "0.375054943128232" "0.375054943128232"
[37] "0.375054943128232" "0.375054943128232" "0.375054943128232"
[40] "0.375054943128232" "0.375054943128232" "beta :"           
[43] "1"                
[1] 9559511
[1] 9558989
[1] 9559273
 [1] "sigma:"            "0.99"              "0.99"             
 [4] "0.99"              "0.99"              "0.99"             
 [7] "0.99"              "0.99"              "0.99"             
[10] "0.99"              "0.99"              "0.99"             
[13] "0.99"              "0.99"              "0.99"             
[16] "0.99"              "0.99"              "0.99"             
[19] "0.99"              "0.375054943128232" "0.375054943128232"
[22] "0.375054943128232" "0.375054943128232" "0.375054943128232"
[25] "0.375054943128232" "0.375054943128232" "0.375054943128232"
[28] "0.375054943128232" "0.375054943128232" "0.375054943128232"
[31] "0.375054943128232" "0.375054943128232" "0.375054943128232"
[34] "0.375054943128232" "0.375054943128232" "0.375054943128232"
[37] "0.375054943128232" "0.375054943128232" "0.375054943128232"
[40] "0.375054943128232" "0.375054943128232" "beta :"           
[43] "1"                
[1] " old Likelihood:  -9559014.17426647"
[1] "New Likelihood:  -9558988.67768451"
iter:  0  f-value:  30142.15  pgrad:  0.5016006 
iter:  10  f-value:  30142.12  pgrad:  0.4848423 
iter:  20  f-value:  30142.11  pgrad:  0.4995959 
iter:  30  f-value:  30142.11  pgrad:  0.4794207 
  Unsuccessful convergence.
Time difference of 9.328652 mins
[1] "maxIt: 20"
[1] "It: 5"
 [1] "sigma:"            "0.99"              "0.99"             
 [4] "0.99"              "0.99"              "0.99"             
 [7] "0.99"              "0.99"              "0.99"             
[10] "0.99"              "0.99"              "0.99"             
[13] "0.99"              "0.99"              "0.99"             
[16] "0.99"              "0.99"              "0.99"             
[19] "0.99"              "0.376349722739879" "0.376349722739879"
[22] "0.376349722739879" "0.376349722739879" "0.376349722739879"
[25] "0.376349722739879" "0.376349722739879" "0.376349722739879"
[28] "0.376349722739879" "0.376349722739879" "0.376349722739879"
[31] "0.376349722739879" "0.376349722739879" "0.376349722739879"
[34] "0.376349722739879" "0.376349722739879" "0.376349722739879"
[37] "0.376349722739879" "0.376349722739879" "0.376349722739879"
[40] "0.376349722739879" "0.376349722739879" "beta :"           
[43] "1"                
[1] 9559494
[1] 9558970
[1] 9559259
 [1] "sigma:"            "0.99"              "0.99"             
 [4] "0.99"              "0.99"              "0.99"             
 [7] "0.99"              "0.99"              "0.99"             
[10] "0.99"              "0.99"              "0.99"             
[13] "0.99"              "0.99"              "0.99"             
[16] "0.99"              "0.99"              "0.99"             
[19] "0.99"              "0.376349722739879" "0.376349722739879"
[22] "0.376349722739879" "0.376349722739879" "0.376349722739879"
[25] "0.376349722739879" "0.376349722739879" "0.376349722739879"
[28] "0.376349722739879" "0.376349722739879" "0.376349722739879"
[31] "0.376349722739879" "0.376349722739879" "0.376349722739879"
[34] "0.376349722739879" "0.376349722739879" "0.376349722739879"
[37] "0.376349722739879" "0.376349722739879" "0.376349722739879"
[40] "0.376349722739879" "0.376349722739879" "beta :"           
[43] "1"                
[1] " old Likelihood:  -9558988.67768451"
[1] "New Likelihood:  -9558970.25918978"
iter:  0  f-value:  30112.06  pgrad:  0.5010672 
iter:  10  f-value:  30112.03  pgrad:  0.5003933 
iter:  20  f-value:  30112.03  pgrad:  0.5028745 
iter:  30  f-value:  30112.03  pgrad:  0.4769351 
  Unsuccessful convergence.
Time difference of 9.331097 mins
[1] "maxIt: 20"
[1] "It: 6"
 [1] "sigma:"           "0.99"             "0.99"             "0.99"            
 [5] "0.99"             "0.99"             "0.99"             "0.99"            
 [9] "0.99"             "0.99"             "0.99"             "0.99"            
[13] "0.99"             "0.99"             "0.99"             "0.99"            
[17] "0.99"             "0.99"             "0.99"             "0.37760857525415"
[21] "0.37760857525415" "0.37760857525415" "0.37760857525415" "0.37760857525415"
[25] "0.37760857525415" "0.37760857525415" "0.37760857525415" "0.37760857525415"
[29] "0.37760857525415" "0.37760857525415" "0.37760857525415" "0.37760857525415"
[33] "0.37760857525415" "0.37760857525415" "0.37760857525415" "0.37760857525415"
[37] "0.37760857525415" "0.37760857525415" "0.37760857525415" "0.37760857525415"
[41] "0.37760857525415" "beta :"           "1"               
[1] 9559481
[1] 9558956
[1] 9559248
 [1] "sigma:"           "0.99"             "0.99"             "0.99"            
 [5] "0.99"             "0.99"             "0.99"             "0.99"            
 [9] "0.99"             "0.99"             "0.99"             "0.99"            
[13] "0.99"             "0.99"             "0.99"             "0.99"            
[17] "0.99"             "0.99"             "0.99"             "0.37760857525415"
[21] "0.37760857525415" "0.37760857525415" "0.37760857525415" "0.37760857525415"
[25] "0.37760857525415" "0.37760857525415" "0.37760857525415" "0.37760857525415"
[29] "0.37760857525415" "0.37760857525415" "0.37760857525415" "0.37760857525415"
[33] "0.37760857525415" "0.37760857525415" "0.37760857525415" "0.37760857525415"
[37] "0.37760857525415" "0.37760857525415" "0.37760857525415" "0.37760857525415"
[41] "0.37760857525415" "beta :"           "1"               
[1] " old Likelihood:  -9558970.25918978"
[1] "New Likelihood:  -9558955.76952944"
iter:  0  f-value:  30080.55  pgrad:  0.5002333 
iter:  10  f-value:  30080.52  pgrad:  0.4994953 
iter:  20  f-value:  30080.52  pgrad:  0.50323 
iter:  30  f-value:  30080.52  pgrad:  0.4720312 
  Unsuccessful convergence.
Time difference of 9.269063 mins
[1] "maxIt: 20"
[1] "It: 7"
 [1] "sigma:"            "0.99"              "0.99"             
 [4] "0.99"              "0.99"              "0.99"             
 [7] "0.99"              "0.99"              "0.99"             
[10] "0.99"              "0.99"              "0.99"             
[13] "0.99"              "0.99"              "0.99"             
[16] "0.99"              "0.99"              "0.99"             
[19] "0.99"              "0.378754274031128" "0.378754274031128"
[22] "0.378754274031128" "0.378754274031128" "0.378754274031128"
[25] "0.378754274031128" "0.378754274031128" "0.378754274031128"
[28] "0.378754274031128" "0.378754274031128" "0.378754274031128"
[31] "0.378754274031128" "0.378754274031128" "0.378754274031128"
[34] "0.378754274031128" "0.378754274031128" "0.378754274031128"
[37] "0.378754274031128" "0.378754274031128" "0.378754274031128"
[40] "0.378754274031128" "0.378754274031128" "beta :"           
[43] "1"                
[1] 9559472
[1] 9558944
[1] 9559240
 [1] "sigma:"            "0.99"              "0.99"             
 [4] "0.99"              "0.99"              "0.99"             
 [7] "0.99"              "0.99"              "0.99"             
[10] "0.99"              "0.99"              "0.99"             
[13] "0.99"              "0.99"              "0.99"             
[16] "0.99"              "0.99"              "0.99"             
[19] "0.99"              "0.378754274031128" "0.378754274031128"
[22] "0.378754274031128" "0.378754274031128" "0.378754274031128"
[25] "0.378754274031128" "0.378754274031128" "0.378754274031128"
[28] "0.378754274031128" "0.378754274031128" "0.378754274031128"
[31] "0.378754274031128" "0.378754274031128" "0.378754274031128"
[34] "0.378754274031128" "0.378754274031128" "0.378754274031128"
[37] "0.378754274031128" "0.378754274031128" "0.378754274031128"
[40] "0.378754274031128" "0.378754274031128" "beta :"           
[43] "1"                
[1] " old Likelihood:  -9558955.76952944"
[1] "New Likelihood:  -9558944.38506345"
iter:  0  f-value:  30054  pgrad:  0.4997384 
iter:  10  f-value:  30053.98  pgrad:  0.5038557 
iter:  20  f-value:  30053.98  pgrad:  0.5035325 
iter:  30  f-value:  30053.97  pgrad:  0.4684779 
  Unsuccessful convergence.
Time difference of 9.285597 mins
[1] "maxIt: 20"
[1] "It: 8"
 [1] "sigma:"            "0.99"              "0.99"             
 [4] "0.99"              "0.99"              "0.99"             
 [7] "0.99"              "0.99"              "0.99"             
[10] "0.99"              "0.99"              "0.99"             
[13] "0.99"              "0.99"              "0.99"             
[16] "0.99"              "0.99"              "0.99"             
[19] "0.99"              "0.379720344085577" "0.379720344085577"
[22] "0.379720344085577" "0.379720344085577" "0.379720344085577"
[25] "0.379720344085577" "0.379720344085577" "0.379720344085577"
[28] "0.379720344085577" "0.379720344085577" "0.379720344085577"
[31] "0.379720344085577" "0.379720344085577" "0.379720344085577"
[34] "0.379720344085577" "0.379720344085577" "0.379720344085577"
[37] "0.379720344085577" "0.379720344085577" "0.379720344085577"
[40] "0.379720344085577" "0.379720344085577" "beta :"           
[43] "1"                
[1] 9559464
[1] 9558935
[1] 9559234
 [1] "sigma:"            "0.99"              "0.99"             
 [4] "0.99"              "0.99"              "0.99"             
 [7] "0.99"              "0.99"              "0.99"             
[10] "0.99"              "0.99"              "0.99"             
[13] "0.99"              "0.99"              "0.99"             
[16] "0.99"              "0.99"              "0.99"             
[19] "0.99"              "0.379720344085577" "0.379720344085577"
[22] "0.379720344085577" "0.379720344085577" "0.379720344085577"
[25] "0.379720344085577" "0.379720344085577" "0.379720344085577"
[28] "0.379720344085577" "0.379720344085577" "0.379720344085577"
[31] "0.379720344085577" "0.379720344085577" "0.379720344085577"
[34] "0.379720344085577" "0.379720344085577" "0.379720344085577"
[37] "0.379720344085577" "0.379720344085577" "0.379720344085577"
[40] "0.379720344085577" "0.379720344085577" "beta :"           
[43] "1"                
[1] " old Likelihood:  -9558944.38506345"
[1] "New Likelihood:  -9558934.84537067"
iter:  0  f-value:  30030.96  pgrad:  0.499559 
iter:  10  f-value:  30030.94  pgrad:  0.4975573 
iter:  20  f-value:  30030.94  pgrad:  0.4990027 
iter:  30  f-value:  30030.93  pgrad:  0.5011534 
  Unsuccessful convergence.
Time difference of 9.2995 mins
[1] "maxIt: 20"
[1] "It: 9"
 [1] "sigma:"           "0.99"             "0.99"             "0.99"            
 [5] "0.99"             "0.99"             "0.99"             "0.99"            
 [9] "0.99"             "0.99"             "0.99"             "0.99"            
[13] "0.99"             "0.99"             "0.99"             "0.99"            
[17] "0.99"             "0.99"             "0.99"             "0.38062678115425"
[21] "0.38062678115425" "0.38062678115425" "0.38062678115425" "0.38062678115425"
[25] "0.38062678115425" "0.38062678115425" "0.38062678115425" "0.38062678115425"
[29] "0.38062678115425" "0.38062678115425" "0.38062678115425" "0.38062678115425"
[33] "0.38062678115425" "0.38062678115425" "0.38062678115425" "0.38062678115425"
[37] "0.38062678115425" "0.38062678115425" "0.38062678115425" "0.38062678115425"
[41] "0.38062678115425" "beta :"           "1"               
[1] 9559458
[1] 9558927
[1] 9559229
 [1] "sigma:"           "0.99"             "0.99"             "0.99"            
 [5] "0.99"             "0.99"             "0.99"             "0.99"            
 [9] "0.99"             "0.99"             "0.99"             "0.99"            
[13] "0.99"             "0.99"             "0.99"             "0.99"            
[17] "0.99"             "0.99"             "0.99"             "0.38062678115425"
[21] "0.38062678115425" "0.38062678115425" "0.38062678115425" "0.38062678115425"
[25] "0.38062678115425" "0.38062678115425" "0.38062678115425" "0.38062678115425"
[29] "0.38062678115425" "0.38062678115425" "0.38062678115425" "0.38062678115425"
[33] "0.38062678115425" "0.38062678115425" "0.38062678115425" "0.38062678115425"
[37] "0.38062678115425" "0.38062678115425" "0.38062678115425" "0.38062678115425"
[41] "0.38062678115425" "beta :"           "1"               
[1] " old Likelihood:  -9558934.84537067"
[1] "New Likelihood:  -9558926.69109019"
iter:  0  f-value:  30009.33  pgrad:  0.4993617 
iter:  10  f-value:  30009.32  pgrad:  0.4965458 
iter:  20  f-value:  30009.31  pgrad:  0.504082 
iter:  30  f-value:  30009.31  pgrad:  0.4642629 
  Unsuccessful convergence.
Time difference of 9.295852 mins
[1] "maxIt: 20"
[1] "It: 10"
 [1] "sigma:"            "0.99"              "0.99"             
 [4] "0.99"              "0.99"              "0.99"             
 [7] "0.99"              "0.99"              "0.99"             
[10] "0.99"              "0.99"              "0.99"             
[13] "0.99"              "0.99"              "0.99"             
[16] "0.99"              "0.99"              "0.99"             
[19] "0.99"              "0.381427896191907" "0.381427896191907"
[22] "0.381427896191907" "0.381427896191907" "0.381427896191907"
[25] "0.381427896191907" "0.381427896191907" "0.381427896191907"
[28] "0.381427896191907" "0.381427896191907" "0.381427896191907"
[31] "0.381427896191907" "0.381427896191907" "0.381427896191907"
[34] "0.381427896191907" "0.381427896191907" "0.381427896191907"
[37] "0.381427896191907" "0.381427896191907" "0.381427896191907"
[40] "0.381427896191907" "0.381427896191907" "beta :"           
[43] "1"                
[1] 9559452
[1] 9558920
[1] 9559225
 [1] "sigma:"            "0.99"              "0.99"             
 [4] "0.99"              "0.99"              "0.99"             
 [7] "0.99"              "0.99"              "0.99"             
[10] "0.99"              "0.99"              "0.99"             
[13] "0.99"              "0.99"              "0.99"             
[16] "0.99"              "0.99"              "0.99"             
[19] "0.99"              "0.381427896191907" "0.381427896191907"
[22] "0.381427896191907" "0.381427896191907" "0.381427896191907"
[25] "0.381427896191907" "0.381427896191907" "0.381427896191907"
[28] "0.381427896191907" "0.381427896191907" "0.381427896191907"
[31] "0.381427896191907" "0.381427896191907" "0.381427896191907"
[34] "0.381427896191907" "0.381427896191907" "0.381427896191907"
[37] "0.381427896191907" "0.381427896191907" "0.381427896191907"
[40] "0.381427896191907" "0.381427896191907" "beta :"           
[43] "1"                
[1] " old Likelihood:  -9558926.69109019"
[1] "New Likelihood:  -9558919.7499774"
iter:  0  f-value:  29990.1  pgrad:  0.4991582 
iter:  10  f-value:  29990.09  pgrad:  0.4955905 
iter:  20  f-value:  29990.09  pgrad:  0.5043251 
iter:  30  f-value:  29990.08  pgrad:  0.4629342 
  Unsuccessful convergence.
Time difference of 9.297576 mins
[1] "maxIt: 20"
[1] "It: 11"
 [1] "sigma:"            "0.99"              "0.99"             
 [4] "0.99"              "0.99"              "0.99"             
 [7] "0.99"              "0.99"              "0.99"             
[10] "0.99"              "0.99"              "0.99"             
[13] "0.99"              "0.99"              "0.99"             
[16] "0.99"              "0.99"              "0.99"             
[19] "0.99"              "0.382237017350296" "0.382237017350296"
[22] "0.382237017350296" "0.382237017350296" "0.382237017350296"
[25] "0.382237017350296" "0.382237017350296" "0.382237017350296"
[28] "0.382237017350296" "0.382237017350296" "0.382237017350296"
[31] "0.382237017350296" "0.382237017350296" "0.382237017350296"
[34] "0.382237017350296" "0.382237017350296" "0.382237017350296"
[37] "0.382237017350296" "0.382237017350296" "0.382237017350296"
[40] "0.382237017350296" "0.382237017350296" "beta :"           
[43] "1"                
[1] 9559446
[1] 9558913
[1] 9559221
 [1] "sigma:"            "0.99"              "0.99"             
 [4] "0.99"              "0.99"              "0.99"             
 [7] "0.99"              "0.99"              "0.99"             
[10] "0.99"              "0.99"              "0.99"             
[13] "0.99"              "0.99"              "0.99"             
[16] "0.99"              "0.99"              "0.99"             
[19] "0.99"              "0.382237017350296" "0.382237017350296"
[22] "0.382237017350296" "0.382237017350296" "0.382237017350296"
[25] "0.382237017350296" "0.382237017350296" "0.382237017350296"
[28] "0.382237017350296" "0.382237017350296" "0.382237017350296"
[31] "0.382237017350296" "0.382237017350296" "0.382237017350296"
[34] "0.382237017350296" "0.382237017350296" "0.382237017350296"
[37] "0.382237017350296" "0.382237017350296" "0.382237017350296"
[40] "0.382237017350296" "0.382237017350296" "beta :"           
[43] "1"                
[1] " old Likelihood:  -9558919.7499774"
[1] "New Likelihood:  -9558913.46338231"
iter:  0  f-value:  29971.3  pgrad:  0.4989353 
iter:  10  f-value:  29971.28  pgrad:  0.4946864 
iter:  20  f-value:  29971.28  pgrad:  0.4984227 
iter:  30  f-value:  29971.28  pgrad:  0.4611902 
  Unsuccessful convergence.
Time difference of 9.317119 mins
[1] "maxIt: 20"
[1] "It: 12"
 [1] "sigma:"            "0.99"              "0.99"             
 [4] "0.99"              "0.99"              "0.99"             
 [7] "0.99"              "0.99"              "0.99"             
[10] "0.99"              "0.99"              "0.99"             
[13] "0.99"              "0.99"              "0.99"             
[16] "0.99"              "0.99"              "0.99"             
[19] "0.99"              "0.382956815609555" "0.382956815609555"
[22] "0.382956815609555" "0.382956815609555" "0.382956815609555"
[25] "0.382956815609555" "0.382956815609555" "0.382956815609555"
[28] "0.382956815609555" "0.382956815609555" "0.382956815609555"
[31] "0.382956815609555" "0.382956815609555" "0.382956815609555"
[34] "0.382956815609555" "0.382956815609555" "0.382956815609555"
[37] "0.382956815609555" "0.382956815609555" "0.382956815609555"
[40] "0.382956815609555" "0.382956815609555" "beta :"           
[43] "1"                
[1] 9559442
[1] 9558908
[1] 9559219
 [1] "sigma:"            "0.99"              "0.99"             
 [4] "0.99"              "0.99"              "0.99"             
 [7] "0.99"              "0.99"              "0.99"             
[10] "0.99"              "0.99"              "0.99"             
[13] "0.99"              "0.99"              "0.99"             
[16] "0.99"              "0.99"              "0.99"             
[19] "0.99"              "0.382956815609555" "0.382956815609555"
[22] "0.382956815609555" "0.382956815609555" "0.382956815609555"
[25] "0.382956815609555" "0.382956815609555" "0.382956815609555"
[28] "0.382956815609555" "0.382956815609555" "0.382956815609555"
[31] "0.382956815609555" "0.382956815609555" "0.382956815609555"
[34] "0.382956815609555" "0.382956815609555" "0.382956815609555"
[37] "0.382956815609555" "0.382956815609555" "0.382956815609555"
[40] "0.382956815609555" "0.382956815609555" "beta :"           
[43] "1"                
[1] " old Likelihood:  -9558913.46338231"
[1] "New Likelihood:  -9558908.0102147"
iter:  0  f-value:  29954.03  pgrad:  0.4987268 
iter:  10  f-value:  29954.02  pgrad:  0.4938665 
iter:  20  f-value:  29954.02  pgrad:  0.5047149 
iter:  30  f-value:  29954.02  pgrad:  0.4600016 
  Unsuccessful convergence.
Time difference of 9.30504 mins
[1] "maxIt: 20"
[1] "It: 13"
 [1] "sigma:"            "0.99"              "0.99"             
 [4] "0.99"              "0.99"              "0.99"             
 [7] "0.99"              "0.99"              "0.99"             
[10] "0.99"              "0.99"              "0.99"             
[13] "0.99"              "0.99"              "0.99"             
[16] "0.99"              "0.99"              "0.99"             
[19] "0.99"              "0.383896003944268" "0.383896003944268"
[22] "0.383896003944268" "0.383896003944268" "0.383896003944268"
[25] "0.383896003944268" "0.383896003944268" "0.383896003944268"
[28] "0.383896003944268" "0.383896003944268" "0.383896003944268"
[31] "0.383896003944268" "0.383896003944268" "0.383896003944268"
[34] "0.383896003944268" "0.383896003944268" "0.383896003944268"
[37] "0.383896003944268" "0.383896003944268" "0.383896003944268"
[40] "0.383896003944268" "0.383896003944268" "beta :"           
[43] "1"                
[1] 9559437
[1] 9558903
[1] 9559217
 [1] "sigma:"            "0.99"              "0.99"             
 [4] "0.99"              "0.99"              "0.99"             
 [7] "0.99"              "0.99"              "0.99"             
[10] "0.99"              "0.99"              "0.99"             
[13] "0.99"              "0.99"              "0.99"             
[16] "0.99"              "0.99"              "0.99"             
[19] "0.99"              "0.383896003944268" "0.383896003944268"
[22] "0.383896003944268" "0.383896003944268" "0.383896003944268"
[25] "0.383896003944268" "0.383896003944268" "0.383896003944268"
[28] "0.383896003944268" "0.383896003944268" "0.383896003944268"
[31] "0.383896003944268" "0.383896003944268" "0.383896003944268"
[34] "0.383896003944268" "0.383896003944268" "0.383896003944268"
[37] "0.383896003944268" "0.383896003944268" "0.383896003944268"
[40] "0.383896003944268" "0.383896003944268" "beta :"           
[43] "1"                
[1] " old Likelihood:  -9558908.0102147"
[1] "New Likelihood:  -9558902.69248819"
iter:  0  f-value:  29929.6  pgrad:  0.4984818 
iter:  10  f-value:  29929.59  pgrad:  0.4931018 
iter:  20  f-value:  29929.59  pgrad:  0.4982993 
iter:  30  f-value:  29929.59  pgrad:  0.443297 
  Unsuccessful convergence.
Time difference of 9.302983 mins
[1] "maxIt: 20"
[1] "It: 14"
 [1] "sigma:"            "0.99"              "0.99"             
 [4] "0.99"              "0.99"              "0.99"             
 [7] "0.99"              "0.99"              "0.99"             
[10] "0.99"              "0.99"              "0.99"             
[13] "0.99"              "0.99"              "0.99"             
[16] "0.99"              "0.99"              "0.99"             
[19] "0.99"              "0.384603503544566" "0.384603503544566"
[22] "0.384603503544566" "0.384603503544566" "0.384603503544566"
[25] "0.384603503544566" "0.384603503544566" "0.384603503544566"
[28] "0.384603503544566" "0.384603503544566" "0.384603503544566"
[31] "0.384603503544566" "0.384603503544566" "0.384603503544566"
[34] "0.384603503544566" "0.384603503544566" "0.384603503544566"
[37] "0.384603503544566" "0.384603503544566" "0.384603503544566"
[40] "0.384603503544566" "0.384603503544566" "beta :"           
[43] "1"                
[1] 9559434
[1] 9558898
[1] 9559216
 [1] "sigma:"            "0.99"              "0.99"             
 [4] "0.99"              "0.99"              "0.99"             
 [7] "0.99"              "0.99"              "0.99"             
[10] "0.99"              "0.99"              "0.99"             
[13] "0.99"              "0.99"              "0.99"             
[16] "0.99"              "0.99"              "0.99"             
[19] "0.99"              "0.384603503544566" "0.384603503544566"
[22] "0.384603503544566" "0.384603503544566" "0.384603503544566"
[25] "0.384603503544566" "0.384603503544566" "0.384603503544566"
[28] "0.384603503544566" "0.384603503544566" "0.384603503544566"
[31] "0.384603503544566" "0.384603503544566" "0.384603503544566"
[34] "0.384603503544566" "0.384603503544566" "0.384603503544566"
[37] "0.384603503544566" "0.384603503544566" "0.384603503544566"
[40] "0.384603503544566" "0.384603503544566" "beta :"           
[43] "1"                
[1] " old Likelihood:  -9558902.69248819"
[1] "New Likelihood:  -9558898.35148516"
iter:  0  f-value:  29912.33  pgrad:  0.5018135 
iter:  10  f-value:  29912.32  pgrad:  0.4923532 
iter:  20  f-value:  29912.32  pgrad:  0.4980585 
iter:  30  f-value:  29912.32  pgrad:  0.440657 
  Unsuccessful convergence.
Time difference of 9.288598 mins
[1] "maxIt: 20"
[1] "It: 15"
 [1] "sigma:"            "0.99"              "0.99"             
 [4] "0.99"              "0.99"              "0.99"             
 [7] "0.99"              "0.99"              "0.99"             
[10] "0.99"              "0.99"              "0.99"             
[13] "0.99"              "0.99"              "0.99"             
[16] "0.99"              "0.99"              "0.99"             
[19] "0.99"              "0.385315427643771" "0.385315427643771"
[22] "0.385315427643771" "0.385315427643771" "0.385315427643771"
[25] "0.385315427643771" "0.385315427643771" "0.385315427643771"
[28] "0.385315427643771" "0.385315427643771" "0.385315427643771"
[31] "0.385315427643771" "0.385315427643771" "0.385315427643771"
[34] "0.385315427643771" "0.385315427643771" "0.385315427643771"
[37] "0.385315427643771" "0.385315427643771" "0.385315427643771"
[40] "0.385315427643771" "0.385315427643771" "beta :"           
[43] "1"                
[1] 9559430
[1] 9558894
[1] 9559214
 [1] "sigma:"            "0.99"              "0.99"             
 [4] "0.99"              "0.99"              "0.99"             
 [7] "0.99"              "0.99"              "0.99"             
[10] "0.99"              "0.99"              "0.99"             
[13] "0.99"              "0.99"              "0.99"             
[16] "0.99"              "0.99"              "0.99"             
[19] "0.99"              "0.385315427643771" "0.385315427643771"
[22] "0.385315427643771" "0.385315427643771" "0.385315427643771"
[25] "0.385315427643771" "0.385315427643771" "0.385315427643771"
[28] "0.385315427643771" "0.385315427643771" "0.385315427643771"
[31] "0.385315427643771" "0.385315427643771" "0.385315427643771"
[34] "0.385315427643771" "0.385315427643771" "0.385315427643771"
[37] "0.385315427643771" "0.385315427643771" "0.385315427643771"
[40] "0.385315427643771" "0.385315427643771" "beta :"           
[43] "1"                
[1] " old Likelihood:  -9558898.35148516"
[1] "New Likelihood:  -9558894.38569902"
iter:  0  f-value:  29895.15  pgrad:  0.5018131 
iter:  10  f-value:  29895.14  pgrad:  0.4916708 
iter:  20  f-value:  29895.14  pgrad:  0.497896 
iter:  30  f-value:  29895.14  pgrad:  0.4390141 
  Unsuccessful convergence.
Time difference of 9.27786 mins
[1] "maxIt: 20"
[1] "It: 16"
 [1] "sigma:"            "0.99"              "0.99"             
 [4] "0.99"              "0.99"              "0.99"             
 [7] "0.99"              "0.99"              "0.99"             
[10] "0.99"              "0.99"              "0.99"             
[13] "0.99"              "0.99"              "0.99"             
[16] "0.99"              "0.99"              "0.99"             
[19] "0.99"              "0.385933461828635" "0.385933461828635"
[22] "0.385933461828635" "0.385933461828635" "0.385933461828635"
[25] "0.385933461828635" "0.385933461828635" "0.385933461828635"
[28] "0.385933461828635" "0.385933461828635" "0.385933461828635"
[31] "0.385933461828635" "0.385933461828635" "0.385933461828635"
[34] "0.385933461828635" "0.385933461828635" "0.385933461828635"
[37] "0.385933461828635" "0.385933461828635" "0.385933461828635"
[40] "0.385933461828635" "0.385933461828635" "beta :"           
[43] "1"                
[1] 9559427
[1] 9558891
[1] 9559214
 [1] "sigma:"            "0.99"              "0.99"             
 [4] "0.99"              "0.99"              "0.99"             
 [7] "0.99"              "0.99"              "0.99"             
[10] "0.99"              "0.99"              "0.99"             
[13] "0.99"              "0.99"              "0.99"             
[16] "0.99"              "0.99"              "0.99"             
[19] "0.99"              "0.385933461828635" "0.385933461828635"
[22] "0.385933461828635" "0.385933461828635" "0.385933461828635"
[25] "0.385933461828635" "0.385933461828635" "0.385933461828635"
[28] "0.385933461828635" "0.385933461828635" "0.385933461828635"
[31] "0.385933461828635" "0.385933461828635" "0.385933461828635"
[34] "0.385933461828635" "0.385933461828635" "0.385933461828635"
[37] "0.385933461828635" "0.385933461828635" "0.385933461828635"
[40] "0.385933461828635" "0.385933461828635" "beta :"           
[43] "1"                
[1] " old Likelihood:  -9558894.38569902"
[1] "New Likelihood:  -9558890.93303983"
iter:  0  f-value:  29879.92  pgrad:  0.5017975 
iter:  10  f-value:  29879.92  pgrad:  0.4910359 
iter:  20  f-value:  29879.91  pgrad:  0.437582 
iter:  30  f-value:  29879.91  pgrad:  0.4365833 
  Unsuccessful convergence.
Time difference of 9.300873 mins
[1] "maxIt: 20"
[1] "It: 17"
 [1] "sigma:"            "0.99"              "0.99"             
 [4] "0.99"              "0.99"              "0.99"             
 [7] "0.99"              "0.99"              "0.99"             
[10] "0.99"              "0.99"              "0.99"             
[13] "0.99"              "0.99"              "0.99"             
[16] "0.99"              "0.99"              "0.99"             
[19] "0.99"              "0.386688506766822" "0.386688506766822"
[22] "0.386688506766822" "0.386688506766822" "0.386688506766822"
[25] "0.386688506766822" "0.386688506766822" "0.386688506766822"
[28] "0.386688506766822" "0.386688506766822" "0.386688506766822"
[31] "0.386688506766822" "0.386688506766822" "0.386688506766822"
[34] "0.386688506766822" "0.386688506766822" "0.386688506766822"
[37] "0.386688506766822" "0.386688506766822" "0.386688506766822"
[40] "0.386688506766822" "0.386688506766822" "beta :"           
[43] "1"                
[1] 9559424
[1] 9558887
[1] 9559213
 [1] "sigma:"            "0.99"              "0.99"             
 [4] "0.99"              "0.99"              "0.99"             
 [7] "0.99"              "0.99"              "0.99"             
[10] "0.99"              "0.99"              "0.99"             
[13] "0.99"              "0.99"              "0.99"             
[16] "0.99"              "0.99"              "0.99"             
[19] "0.99"              "0.386688506766822" "0.386688506766822"
[22] "0.386688506766822" "0.386688506766822" "0.386688506766822"
[25] "0.386688506766822" "0.386688506766822" "0.386688506766822"
[28] "0.386688506766822" "0.386688506766822" "0.386688506766822"
[31] "0.386688506766822" "0.386688506766822" "0.386688506766822"
[34] "0.386688506766822" "0.386688506766822" "0.386688506766822"
[37] "0.386688506766822" "0.386688506766822" "0.386688506766822"
[40] "0.386688506766822" "0.386688506766822" "beta :"           
[43] "1"                
[1] " old Likelihood:  -9558890.93303983"
[1] "New Likelihood:  -9558887.4190328"
iter:  0  f-value:  29861.76  pgrad:  0.5017802 
iter:  10  f-value:  29861.75  pgrad:  0.490452 
iter:  20  f-value:  29861.75  pgrad:  0.4530375 
iter:  30  f-value:  29861.75  pgrad:  0.3182504 
  Unsuccessful convergence.
Time difference of 9.302895 mins
[1] "maxIt: 20"
[1] "It: 18"
 [1] "sigma:"            "0.99"              "0.99"             
 [4] "0.99"              "0.99"              "0.99"             
 [7] "0.99"              "0.99"              "0.99"             
[10] "0.99"              "0.99"              "0.99"             
[13] "0.99"              "0.99"              "0.99"             
[16] "0.99"              "0.99"              "0.99"             
[19] "0.99"              "0.387419382422646" "0.387419382422646"
[22] "0.387419382422646" "0.387419382422646" "0.387419382422646"
[25] "0.387419382422646" "0.387419382422646" "0.387419382422646"
[28] "0.387419382422646" "0.387419382422646" "0.387419382422646"
[31] "0.387419382422646" "0.387419382422646" "0.387419382422646"
[34] "0.387419382422646" "0.387419382422646" "0.387419382422646"
[37] "0.387419382422646" "0.387419382422646" "0.387419382422646"
[40] "0.387419382422646" "0.387419382422646" "beta :"           
[43] "1"                
[1] 9559421
[1] 9558884
[1] 9559212
 [1] "sigma:"            "0.99"              "0.99"             
 [4] "0.99"              "0.99"              "0.99"             
 [7] "0.99"              "0.99"              "0.99"             
[10] "0.99"              "0.99"              "0.99"             
[13] "0.99"              "0.99"              "0.99"             
[16] "0.99"              "0.99"              "0.99"             
[19] "0.99"              "0.387419382422646" "0.387419382422646"
[22] "0.387419382422646" "0.387419382422646" "0.387419382422646"
[25] "0.387419382422646" "0.387419382422646" "0.387419382422646"
[28] "0.387419382422646" "0.387419382422646" "0.387419382422646"
[31] "0.387419382422646" "0.387419382422646" "0.387419382422646"
[34] "0.387419382422646" "0.387419382422646" "0.387419382422646"
[37] "0.387419382422646" "0.387419382422646" "0.387419382422646"
[40] "0.387419382422646" "0.387419382422646" "beta :"           
[43] "1"                
[1] " old Likelihood:  -9558887.4190328"
[1] "New Likelihood:  -9558884.28418326"
iter:  0  f-value:  29843.61  pgrad:  0.5017542 
iter:  10  f-value:  29843.6  pgrad:  0.4898828 
iter:  20  f-value:  29843.6  pgrad:  0.5057056 
iter:  30  f-value:  29843.6  pgrad:  0.4314118 
  Unsuccessful convergence.
Time difference of 9.285985 mins
[1] "maxIt: 20"
[1] "It: 19"
 [1] "sigma:"            "0.99"              "0.99"             
 [4] "0.99"              "0.99"              "0.99"             
 [7] "0.99"              "0.99"              "0.99"             
[10] "0.99"              "0.99"              "0.99"             
[13] "0.99"              "0.99"              "0.99"             
[16] "0.99"              "0.99"              "0.99"             
[19] "0.99"              "0.387997007898968" "0.387997007898968"
[22] "0.387997007898968" "0.387997007898968" "0.387997007898968"
[25] "0.387997007898968" "0.387997007898968" "0.387997007898968"
[28] "0.387997007898968" "0.387997007898968" "0.387997007898968"
[31] "0.387997007898968" "0.387997007898968" "0.387997007898968"
[34] "0.387997007898968" "0.387997007898968" "0.387997007898968"
[37] "0.387997007898968" "0.387997007898968" "0.387997007898968"
[40] "0.387997007898968" "0.387997007898968" "beta :"           
[43] "1"                
[1] 9559419
[1] 9558882
[1] 9559212
 [1] "sigma:"            "0.99"              "0.99"             
 [4] "0.99"              "0.99"              "0.99"             
 [7] "0.99"              "0.99"              "0.99"             
[10] "0.99"              "0.99"              "0.99"             
[13] "0.99"              "0.99"              "0.99"             
[16] "0.99"              "0.99"              "0.99"             
[19] "0.99"              "0.387997007898968" "0.387997007898968"
[22] "0.387997007898968" "0.387997007898968" "0.387997007898968"
[25] "0.387997007898968" "0.387997007898968" "0.387997007898968"
[28] "0.387997007898968" "0.387997007898968" "0.387997007898968"
[31] "0.387997007898968" "0.387997007898968" "0.387997007898968"
[34] "0.387997007898968" "0.387997007898968" "0.387997007898968"
[37] "0.387997007898968" "0.387997007898968" "0.387997007898968"
[40] "0.387997007898968" "0.387997007898968" "beta :"           
[43] "1"                
[1] " old Likelihood:  -9558884.28418326"
[1] "New Likelihood:  -9558881.66510961"
iter:  0  f-value:  29828.47  pgrad:  0.5017136 
iter:  10  f-value:  29828.46  pgrad:  0.4847971 
iter:  20  f-value:  29828.46  pgrad:  0.5058446 
iter:  30  f-value:  29828.46  pgrad:  0.4296854 
  Unsuccessful convergence.
Time difference of 9.300779 mins
[1] "maxIt: 20"
[1] "It: 20"
 [1] "sigma:"            "0.99"              "0.99"             
 [4] "0.99"              "0.99"              "0.99"             
 [7] "0.99"              "0.99"              "0.99"             
[10] "0.99"              "0.99"              "0.99"             
[13] "0.99"              "0.99"              "0.99"             
[16] "0.99"              "0.99"              "0.99"             
[19] "0.99"              "0.388682718326563" "0.388682718326563"
[22] "0.388682718326563" "0.388682718326563" "0.388682718326563"
[25] "0.388682718326563" "0.388682718326563" "0.388682718326563"
[28] "0.388682718326563" "0.388682718326563" "0.388682718326563"
[31] "0.388682718326563" "0.388682718326563" "0.388682718326563"
[34] "0.388682718326563" "0.388682718326563" "0.388682718326563"
[37] "0.388682718326563" "0.388682718326563" "0.388682718326563"
[40] "0.388682718326563" "0.388682718326563" "beta :"           
[43] "1"                
[1] 9559416
[1] 9558879
[1] 9559212
 [1] "sigma:"            "0.99"              "0.99"             
 [4] "0.99"              "0.99"              "0.99"             
 [7] "0.99"              "0.99"              "0.99"             
[10] "0.99"              "0.99"              "0.99"             
[13] "0.99"              "0.99"              "0.99"             
[16] "0.99"              "0.99"              "0.99"             
[19] "0.99"              "0.388682718326563" "0.388682718326563"
[22] "0.388682718326563" "0.388682718326563" "0.388682718326563"
[25] "0.388682718326563" "0.388682718326563" "0.388682718326563"
[28] "0.388682718326563" "0.388682718326563" "0.388682718326563"
[31] "0.388682718326563" "0.388682718326563" "0.388682718326563"
[34] "0.388682718326563" "0.388682718326563" "0.388682718326563"
[37] "0.388682718326563" "0.388682718326563" "0.388682718326563"
[40] "0.388682718326563" "0.388682718326563" "beta :"           
[43] "1"                
[1] " old Likelihood:  -9558881.66510961"
[1] "New Likelihood:  -9558879.15223261"
iter:  0  f-value:  29812.36  pgrad:  0.5016738 
iter:  10  f-value:  29812.36  pgrad:  0.4889421 
iter:  20  f-value:  29812.36  pgrad:  0.4972242 
iter:  30  f-value:  29812.36  pgrad:  0.4273152 
  Unsuccessful convergence.
Time difference of 9.311118 mins
 [1] "sigma:"           "0.99"             "0.99"             "0.99"            
 [5] "0.99"             "0.99"             "0.99"             "0.99"            
 [9] "0.99"             "0.99"             "0.99"             "0.99"            
[13] "0.99"             "0.99"             "0.99"             "0.99"            
[17] "0.99"             "0.99"             "0.99"             "0.38918296802463"
[21] "0.38918296802463" "0.38918296802463" "0.38918296802463" "0.38918296802463"
[25] "0.38918296802463" "0.38918296802463" "0.38918296802463" "0.38918296802463"
[29] "0.38918296802463" "0.38918296802463" "0.38918296802463" "0.38918296802463"
[33] "0.38918296802463" "0.38918296802463" "0.38918296802463" "0.38918296802463"
[37] "0.38918296802463" "0.38918296802463" "0.38918296802463" "0.38918296802463"
[41] "0.38918296802463" "beta :"           "1"               
[1] 1999644 1999984 1999594 1997380 1999728
[1] 1 1 1 1 1
saved RDS
inference successful
