[1] "Original length"
[1] 999828
[1] "Final length"
[1] 19058
[1] "sequence length : 999829" "sequence length : 999946"
[3] "sequence length : 999776" "sequence length : 999858"
[5] "sequence length : 999800"
[1] "former Rho:"
[1] 1507.933 1394.093 1474.674 1364.761 1493.853
[1] "old mu :"
[1] 0.0007540955 0.0006970844 0.0007375021 0.0006824772 0.0007470761
[1] "new mu :"
[1] 0.0007236471
[1] "new Rho:"
[1] 1447.047 1447.216 1446.970 1447.089 1447.005
[1] 1 1 1 1 1
[1] "Beta: 1"
[1] "Self: 0"
[1] 1
[1] "Rho"
[1] 1447.047 1447.216 1446.970 1447.089 1447.005
[1] "It: 1"
[1] "sigma:" "0"      "beta :" "1"     
[1] "rho/theta:" "1"         
[1] "sigma:" "0"      "beta :" "1"     
[1] "rho/theta:" "1"         
Time difference of 1.601664 secs
[1] "New Likelihood:  -9942190.48882492"
[1] 4999204
[1] 4999209
iter:  0  f-value:  41233.07  pgrad:  0.5 
iter:  10  f-value:  41230.24  pgrad:  0.9931642 
iter:  20  f-value:  41229.56  pgrad:  0.9746442 
iter:  30  f-value:  41229.41  pgrad:  0.9688709 
  Unsuccessful convergence.
[1] 0.03138844
 [1] "Xi: 0.503593468420309" "Xi: 0.503600239890108" "Xi: 0.504358041348365"
 [4] "Xi: 0.504833708067535" "Xi: 0.505418950208293" "Xi: 0.507085126899217"
 [7] "Xi: 0.509490834957367" "Xi: 0.511119862497367" "Xi: 0.513523341833416"
[10] "Xi: 0.512855322525617" "Xi: 0.510766073535697" "Xi: 0.508895543375339"
[13] "Xi: 0.507157196861641" "Xi: 0.505644853619204" "Xi: 0.504338109429202"
[16] "Xi: 0.503299146683256" "Xi: 0.502678807018592" "Xi: 0.50228275460973" 
[19] "Xi: 0.501965070835888" "Xi: 0.501775472947776"
Time difference of 8.306316 mins
[1] "Rho"
[1] 1447.047 1447.216 1446.970 1447.089 1447.005
[1] "It: 2"
[1] "sigma:"             "0.0310745561001542" "beta :"            
[4] "1"                 
[1] "rho/theta:" "1"         
Time difference of 1.65286 secs
[1] " old Likelihood:  -9942190.48882492"
[1] "New Likelihood:  -9941251.98729358"
[1] 4999204
[1] 4999209
iter:  0  f-value:  41172.8  pgrad:  0.9686116 
iter:  10  f-value:  41172.02  pgrad:  0.9595125 
iter:  20  f-value:  41171.63  pgrad:  0.9409586 
iter:  30  f-value:  41171.57  pgrad:  0.5058842 
  Unsuccessful convergence.
[1] 0.06628413
 [1] "Xi: 0.504956560048279" "Xi: 0.50496815824901"  "Xi: 0.506950335532584"
 [4] "Xi: 0.508780628444479" "Xi: 0.510516412733298" "Xi: 0.515093724683322"
 [7] "Xi: 0.52043398619916"  "Xi: 0.520968956289985" "Xi: 0.522579662604283"
[10] "Xi: 0.519776057461258" "Xi: 0.51624091077529"  "Xi: 0.513724882371757"
[13] "Xi: 0.511279673255312" "Xi: 0.509137793210642" "Xi: 0.507250082720737"
[16] "Xi: 0.505884157755503" "Xi: 0.504880107577153" "Xi: 0.504297063771545"
[19] "Xi: 0.503780594445157" "Xi: 0.503418514129818"
Time difference of 4.663166 mins
[1] "Rho"
[1] 1447.047 1447.216 1446.970 1447.089 1447.005
[1] "It: 3"
[1] "sigma:"             "0.0656212912343537" "beta :"            
[4] "1"                 
[1] "rho/theta:" "1"         
Time difference of 1.635765 secs
[1] " old Likelihood:  -9941251.98729358"
[1] "New Likelihood:  -9940889.73490192"
[1] 4999204
[1] 4999209
iter:  0  f-value:  40776.39  pgrad:  0.9337159 
iter:  10  f-value:  40776.1  pgrad:  0.926152 
iter:  20  f-value:  40775.91  pgrad:  0.9172074 
iter:  30  f-value:  40775.82  pgrad:  0.908917 
  Unsuccessful convergence.
[1] 0.09111082
 [1] "Xi: 0.505687075234359" "Xi: 0.505701160227674" "Xi: 0.508310933172078"
 [4] "Xi: 0.510860113988721" "Xi: 0.513163009309522" "Xi: 0.519128091600487"
 [7] "Xi: 0.525795688176214" "Xi: 0.525257096811204" "Xi: 0.526648314850047"
[10] "Xi: 0.522823681555477" "Xi: 0.51866688393112"  "Xi: 0.515957520489689"
[13] "Xi: 0.513318880422937" "Xi: 0.510984072387808" "Xi: 0.508873255033007"
[16] "Xi: 0.507306354056405" "Xi: 0.506264533908687" "Xi: 0.505693389128757"
[19] "Xi: 0.505108006737276" "Xi: 0.504704184463192"
Time difference of 4.663947 mins
[1] "Rho"
[1] 1447.047 1447.216 1446.970 1447.089 1447.005
[1] "It: 4"
[1] "sigma:"             "0.0901997094781878" "beta :"            
[4] "1"                 
[1] "rho/theta:" "1"         
Time difference of 1.544173 secs
[1] " old Likelihood:  -9940889.73490192"
[1] "New Likelihood:  -9940721.39903007"
[1] 4999204
[1] 4999209
iter:  0  f-value:  40405.96  pgrad:  0.9088892 
iter:  10  f-value:  40405.76  pgrad:  0.9018756 
iter:  20  f-value:  40405.66  pgrad:  0.5153 
iter:  30  f-value:  40405.52  pgrad:  0.4875529 
  Unsuccessful convergence.
[1] 0.1160267
 [1] "Xi: 0.506177714615481" "Xi: 0.50619612880181"  "Xi: 0.509218562966595"
 [4] "Xi: 0.512479410150332" "Xi: 0.515447677181477" "Xi: 0.522958108369466"
 [7] "Xi: 0.531039366855139" "Xi: 0.528941010009086" "Xi: 0.529810367803856"
[10] "Xi: 0.524886405311167" "Xi: 0.520204065521175" "Xi: 0.517456537151307"
[13] "Xi: 0.514776923502457" "Xi: 0.512388386937433" "Xi: 0.510167100680225"
[16] "Xi: 0.508489122074347" "Xi: 0.507492966612297" "Xi: 0.506980035855977"
[19] "Xi: 0.506365074138586" "Xi: 0.505947133989415"
Time difference of 4.66907 mins
[1] "Rho"
[1] 1447.047 1447.216 1446.970 1447.089 1447.005
[1] "It: 5"
[1] "sigma:"            "0.114866403209529" "beta :"           
[4] "1"                
[1] "rho/theta:" "1"         
Time difference of 1.55434 secs
[1] " old Likelihood:  -9940721.39903007"
[1] "New Likelihood:  -9940571.66769358"
[1] 4999204
[1] 4999209
iter:  0  f-value:  39970.27  pgrad:  0.8839733 
iter:  10  f-value:  39970.05  pgrad:  0.8756683 
iter:  20  f-value:  39969.96  pgrad:  0.8696141 
iter:  30  f-value:  39969.89  pgrad:  0.8618529 
  Unsuccessful convergence.
[1] 0.138165
 [1] "Xi: 0.506606669067908" "Xi: 0.506630388080794" "Xi: 0.51000697980827" 
 [4] "Xi: 0.513845514071338" "Xi: 0.517320775788166" "Xi: 0.525964976675113"
 [7] "Xi: 0.535104356320995" "Xi: 0.531612024839066" "Xi: 0.532011205328984"
[10] "Xi: 0.526208298033502" "Xi: 0.521177266463223" "Xi: 0.518477696358862"
[13] "Xi: 0.515819265435081" "Xi: 0.513429354862945" "Xi: 0.511146176770892"
[16] "Xi: 0.509403021144621" "Xi: 0.508483093458349" "Xi: 0.508070147327391"
[19] "Xi: 0.507447596681502" "Xi: 0.507031951850995"
Time difference of 4.65631 mins
[1] "Rho"
[1] 1447.047 1447.216 1446.970 1447.089 1447.005
[1] "It: 6"
[1] "sigma:"            "0.136783356536196" "beta :"           
[4] "1"                
[1] "rho/theta:" "1"         
Time difference of 1.563461 secs
[1] " old Likelihood:  -9940571.66769358"
[1] "New Likelihood:  -9940441.29423787"
[1] 4999204
[1] 4999209
iter:  0  f-value:  39545.89  pgrad:  0.861835 
iter:  10  f-value:  39545.64  pgrad:  0.8511854 
iter:  20  f-value:  39545.56  pgrad:  0.8452045 
iter:  30  f-value:  39545.55  pgrad:  0.8427157 
  Unsuccessful convergence.
[1] 0.1573055
 [1] "Xi: 0.507015538539896" "Xi: 0.507044871876597" "Xi: 0.510754286254256"
 [4] "Xi: 0.515114733235848" "Xi: 0.519027775254711" "Xi: 0.528612190983093"
 [7] "Xi: 0.538651495708586" "Xi: 0.533872753386295" "Xi: 0.533831300518109"
[10] "Xi: 0.527247637778834" "Xi: 0.52188574551033"  "Xi: 0.519252957543632"
[13] "Xi: 0.516619540239859" "Xi: 0.514248189363981" "Xi: 0.511900567607781"
[16] "Xi: 0.510101397004371" "Xi: 0.509272727357163" "Xi: 0.508977831367103"
[19] "Xi: 0.508352772896426" "Xi: 0.507956798010818"
Time difference of 4.666942 mins
[1] "Rho"
[1] 1447.047 1447.216 1446.970 1447.089 1447.005
[1] "It: 7"
[1] "sigma:"            "0.155732434398504" "beta :"           
[4] "1"                
[1] "rho/theta:" "1"         
Time difference of 1.558824 secs
[1] " old Likelihood:  -9940441.29423787"
[1] "New Likelihood:  -9940327.84622547"
[1] 4999204
[1] 4999209
iter:  0  f-value:  39156.13  pgrad:  0.8426945 
iter:  10  f-value:  39155.91  pgrad:  0.833996 
iter:  20  f-value:  39155.81  pgrad:  0.8233878 
iter:  30  f-value:  39155.8  pgrad:  0.7071503 
  Unsuccessful convergence.
[1] 0.1767953
 [1] "Xi: 0.507491455107352" "Xi: 0.507529301563481" "Xi: 0.511620507632966"
 [4] "Xi: 0.51659216022925"  "Xi: 0.521005910213037" "Xi: 0.531619558272453"
 [7] "Xi: 0.542671030736865" "Xi: 0.536372992934698" "Xi: 0.535827431168996"
[10] "Xi: 0.528424788929612" "Xi: 0.522686729313363" "Xi: 0.520086715996715"
[13] "Xi: 0.517457413515043" "Xi: 0.515071355207767" "Xi: 0.512657100824527"
[16] "Xi: 0.510794877990561" "Xi: 0.510054882646627" "Xi: 0.509878671402733"
[19] "Xi: 0.509261500957278" "Xi: 0.508887746428373"
Time difference of 4.663872 mins
[1] "Rho"
[1] 1447.047 1447.216 1446.970 1447.089 1447.005
[1] "It: 8"
[1] "sigma:"            "0.175027300581957" "beta :"           
[4] "1"                
[1] "rho/theta:" "1"         
Time difference of 1.563839 secs
[1] " old Likelihood:  -9940327.84622547"
[1] "New Likelihood:  -9940212.27297165"
[1] 4999204
[1] 4999209
iter:  0  f-value:  38746.74  pgrad:  0.8232047 
iter:  10  f-value:  38746.54  pgrad:  0.8153653 
iter:  20  f-value:  38746.45  pgrad:  0.8079084 
iter:  30  f-value:  38746.43  pgrad:  0.4818451 
  Unsuccessful convergence.
[1] 0.1954628
 [1] "Xi: 0.508003214069465" "Xi: 0.508050668095366" "Xi: 0.512544560460579"
 [4] "Xi: 0.518159387856415" "Xi: 0.523075248469473" "Xi: 0.534678060950899"
 [7] "Xi: 0.54674442699174"  "Xi: 0.538829462676332" "Xi: 0.537768457231865"
[10] "Xi: 0.529575557346238" "Xi: 0.523467511569778" "Xi: 0.52090368100974" 
[13] "Xi: 0.518265029252261" "Xi: 0.515855809335308" "Xi: 0.513362703440018"
[16] "Xi: 0.511429961022213" "Xi: 0.510777106648596" "Xi: 0.510721767347165"
[19] "Xi: 0.510114774172722" "Xi: 0.509764457113185"
Time difference of 4.667968 mins
[1] "Rho"
[1] 1447.047 1447.216 1446.970 1447.089 1447.005
[1] "It: 9"
[1] "sigma:"            "0.193508131298371" "beta :"           
[4] "1"                
[1] "rho/theta:" "1"         
Time difference of 1.568293 secs
[1] " old Likelihood:  -9940212.27297165"
[1] "New Likelihood:  -9940101.32543322"
[1] 4999204
[1] 4999209
iter:  0  f-value:  38341.38  pgrad:  0.8045372 
iter:  10  f-value:  38341.22  pgrad:  0.7985925 
iter:  20  f-value:  38341.09  pgrad:  0.5109114 
iter:  30  f-value:  38341.09  pgrad:  0.4802854 
  Unsuccessful convergence.
[1] 0.2130427
 [1] "Xi: 0.508573460696593" "Xi: 0.508632815023387" "Xi: 0.513566088331702"
 [4] "Xi: 0.519732763246976" "Xi: 0.525031608637994" "Xi: 0.537365816638325"
 [7] "Xi: 0.550253275797021" "Xi: 0.540950400277471" "Xi: 0.53945918309832" 
[10] "Xi: 0.530643859782956" "Xi: 0.524202428437722" "Xi: 0.521686037285162"
[13] "Xi: 0.519032886939978" "Xi: 0.516588742970237" "Xi: 0.514012890789274"
[16] "Xi: 0.51200319346961"  "Xi: 0.511433980960818" "Xi: 0.511500045645127"
[19] "Xi: 0.51090429280617"  "Xi: 0.510579702552715"
Time difference of 4.673398 mins
[1] "Rho"
[1] 1447.047 1447.216 1446.970 1447.089 1447.005
[1] "It: 10"
[1] "sigma:"            "0.210912299515299" "beta :"           
[4] "1"                
[1] "rho/theta:" "1"         
Time difference of 1.559096 secs
[1] " old Likelihood:  -9940101.32543322"
[1] "New Likelihood:  -9939996.71907939"
[1] 4999204
[1] 4999209
iter:  0  f-value:  37947.69  pgrad:  0.7869573 
iter:  10  f-value:  37947.52  pgrad:  0.7808573 
iter:  20  f-value:  37947.42  pgrad:  0.512037 
iter:  30  f-value:  37947.42  pgrad:  0.4786927 
  Unsuccessful convergence.
[1] 0.229665
 [1] "Xi: 0.50916301280119"  "Xi: 0.509234783443113" "Xi: 0.514613869957055"
 [4] "Xi: 0.521333188586045" "Xi: 0.5269997406353"   "Xi: 0.540007644024493"
 [7] "Xi: 0.553713627055835" "Xi: 0.543004456038912" "Xi: 0.541088697672567"
[10] "Xi: 0.53168422508055"  "Xi: 0.524925681283966" "Xi: 0.522461756167844"
[13] "Xi: 0.519781475931722" "Xi: 0.517291954200306" "Xi: 0.514624582020895"
[16] "Xi: 0.512529147954548" "Xi: 0.512038748700942" "Xi: 0.512224691490583"
[19] "Xi: 0.511638962617352" "Xi: 0.511342140788442"
Time difference of 4.677121 mins
[1] "Rho"
[1] 1447.047 1447.216 1446.970 1447.089 1447.005
[1] "It: 11"
[1] "sigma:"           "0.22736833603308" "beta :"           "1"               
[1] "rho/theta:" "1"         
Time difference of 1.556447 secs
[1] " old Likelihood:  -9939996.71907939"
[1] "New Likelihood:  -9939897.86328918"
[1] 4999204
[1] 4999209
iter:  0  f-value:  37565.87  pgrad:  0.770335 
iter:  10  f-value:  37565.7  pgrad:  0.7640729 
iter:  20  f-value:  37565.61  pgrad:  0.4942558 
iter:  30  f-value:  37565.61  pgrad:  0.477165 
  Unsuccessful convergence.
[1] 0.2453812
 [1] "Xi: 0.509734330996734" "Xi: 0.509820953188036" "Xi: 0.515621536856901"
 [4] "Xi: 0.522849213428809" "Xi: 0.528834596014433" "Xi: 0.542403939337161"
 [7] "Xi: 0.556867808780031" "Xi: 0.54486790961884"  "Xi: 0.542579442872419"
[10] "Xi: 0.532670642358447" "Xi: 0.525625375998146" "Xi: 0.523215848894693"
[13] "Xi: 0.520509505190299" "Xi: 0.517968087705465" "Xi: 0.515203361565589"
[16] "Xi: 0.513014601408923" "Xi: 0.512597920381815" "Xi: 0.512901376292669"
[19] "Xi: 0.512323439874067" "Xi: 0.512056141372269"
Time difference of 4.664384 mins
[1] "Rho"
[1] 1447.047 1447.216 1446.970 1447.089 1447.005
[1] "It: 12"
[1] "sigma:"           "0.24292743686785" "beta :"           "1"               
[1] "rho/theta:" "1"         
Time difference of 1.561658 secs
[1] " old Likelihood:  -9939897.86328918"
[1] "New Likelihood:  -9939804.60595031"
[1] 4999204
[1] 4999209
iter:  0  f-value:  37196.29  pgrad:  0.7546188 
iter:  10  f-value:  37196.13  pgrad:  0.7487955 
iter:  20  f-value:  37196.04  pgrad:  0.7400266 
iter:  30  f-value:  37196.04  pgrad:  0.4870436 
  Unsuccessful convergence.
[1] 0.2602958
 [1] "Xi: 0.510337767630936" "Xi: 0.51043949043908"  "Xi: 0.516673547137831"
 [4] "Xi: 0.524430532184745" "Xi: 0.530732572738522" "Xi: 0.54483282489693" 
 [7] "Xi: 0.560083676872565" "Xi: 0.546723567436334" "Xi: 0.544033794512376"
[10] "Xi: 0.533628570152949" "Xi: 0.526311859596707" "Xi: 0.52395935886712" 
[13] "Xi: 0.521222694788709" "Xi: 0.518625968404909" "Xi: 0.515776252695968"
[16] "Xi: 0.513471895492789" "Xi: 0.513121002425354" "Xi: 0.513537238486276"
[19] "Xi: 0.512973413100674" "Xi: 0.512727709239291"
Time difference of 4.672288 mins
[1] "Rho"
[1] 1447.047 1447.216 1446.970 1447.089 1447.005
[1] "It: 13"
[1] "sigma:"            "0.257692866393846" "beta :"           
[4] "1"                
[1] "rho/theta:" "1"         
Time difference of 1.643284 secs
[1] " old Likelihood:  -9939804.60595031"
[1] "New Likelihood:  -9939716.61580966"
[1] 4999204
[1] 4999209
iter:  0  f-value:  36838.91  pgrad:  0.7397042 
iter:  10  f-value:  36838.76  pgrad:  0.7340924 
iter:  20  f-value:  36838.68  pgrad:  0.726746 
iter:  30  f-value:  36838.68  pgrad:  0.7259253 
  Unsuccessful convergence.
[1] 0.2740878
 [1] "Xi: 0.510860865592527" "Xi: 0.510975704272074" "Xi: 0.517578213986995"
 [4] "Xi: 0.525739196770616" "Xi: 0.532264410778173" "Xi: 0.546723066519314"
 [7] "Xi: 0.562591116227293" "Xi: 0.548209471530386" "Xi: 0.545225474223407"
[10] "Xi: 0.534452390416227" "Xi: 0.52693156268135"  "Xi: 0.524652689657448"
[13] "Xi: 0.521889491462261" "Xi: 0.519238667436215" "Xi: 0.516281868350817"
[16] "Xi: 0.513873733069932" "Xi: 0.513587800086613" "Xi: 0.514116798635776"
[19] "Xi: 0.513555157673199" "Xi: 0.513339772730015"
Time difference of 4.672117 mins
[1] "Rho"
[1] 1447.047 1447.216 1446.970 1447.089 1447.005
[1] "It: 14"
[1] "sigma:"            "0.271346887115149" "beta :"           
[4] "1"                
[1] "rho/theta:" "1"         
Time difference of 1.612529 secs
[1] " old Likelihood:  -9939716.61580966"
[1] "New Likelihood:  -9939635.28050641"
[1] 4999204
[1] 4999209
iter:  0  f-value:  36499.89  pgrad:  0.7259122 
iter:  10  f-value:  36499.74  pgrad:  0.7204311 
iter:  20  f-value:  36499.67  pgrad:  0.7129664 
iter:  30  f-value:  36499.67  pgrad:  0.7127591 
  Unsuccessful convergence.
[1] 0.2875147
 [1] "Xi: 0.511418315060292" "Xi: 0.511548640770357" "Xi: 0.518536782860683"
 [4] "Xi: 0.527134068819588" "Xi: 0.533893935870569" "Xi: 0.548708606304265"
 [7] "Xi: 0.565261976281925" "Xi: 0.549779549891442" "Xi: 0.546474795597931"
[10] "Xi: 0.535335861127344" "Xi: 0.527582104233795" "Xi: 0.525367114361052"
[13] "Xi: 0.522570247086377" "Xi: 0.519859935424035" "Xi: 0.516792687510328"
[16] "Xi: 0.514273408887485" "Xi: 0.51404788344132"  "Xi: 0.514683153597816"
[19] "Xi: 0.514118331114254" "Xi: 0.513933753973534"
Time difference of 4.68632 mins
[1] "Rho"
[1] 1447.047 1447.216 1446.970 1447.089 1447.005
[1] "It: 15"
[1] "sigma:"            "0.284639595454805" "beta :"           
[4] "1"                
[1] "rho/theta:" "1"         
Time difference of 1.558242 secs
[1] " old Likelihood:  -9939635.28050641"
[1] "New Likelihood:  -9939556.93910797"
[1] 4999204
[1] 4999209
iter:  0  f-value:  36165.54  pgrad:  0.7124853 
iter:  10  f-value:  36165.4  pgrad:  0.7071017 
iter:  20  f-value:  36165.33  pgrad:  0.6999289 
iter:  30  f-value:  36165.33  pgrad:  0.4715504 
  Unsuccessful convergence.
[1] 0.3002779
 [1] "Xi: 0.511960016218669" "Xi: 0.512104218967863" "Xi: 0.519459258631718"
 [4] "Xi: 0.528453835075572" "Xi: 0.535416766569933" "Xi: 0.550521589673496"
 [7] "Xi: 0.567718559446413" "Xi: 0.551232550821719" "Xi: 0.547625483673692"
[10] "Xi: 0.536168292845469" "Xi: 0.528201982107513" "Xi: 0.526057042894962"
[13] "Xi: 0.523229297736012" "Xi: 0.520453170349522" "Xi: 0.517282434133192"
[16] "Xi: 0.514649697424121" "Xi: 0.514478829854151" "Xi: 0.515218415430646"
[19] "Xi: 0.51464720428842"  "Xi: 0.514493442348924"
Time difference of 4.665516 mins
[1] "Rho"
[1] 1447.047 1447.216 1446.970 1447.089 1447.005
[1] "It: 16"
[1] "sigma:"            "0.297275169438298" "beta :"           
[4] "1"                
[1] "rho/theta:" "1"         
Time difference of 1.586846 secs
[1] " old Likelihood:  -9939556.93910797"
[1] "New Likelihood:  -9939483.01677902"
[1] 4999204
[1] 4999209
iter:  0  f-value:  35841.84  pgrad:  0.6997221 
iter:  10  f-value:  35841.7  pgrad:  0.6944437 
iter:  20  f-value:  35841.64  pgrad:  0.6877037 
iter:  30  f-value:  35841.64  pgrad:  0.4851122 
  Unsuccessful convergence.
[1] 0.3125597
 [1] "Xi: 0.51263874358614"  "Xi: 0.512804951498498" "Xi: 0.520610751778011"
 [4] "Xi: 0.530160179918824" "Xi: 0.53739872128221"  "Xi: 0.552865348879682"
 [7] "Xi: 0.570963418769283" "Xi: 0.553028759441018" "Xi: 0.548943865536412"
[10] "Xi: 0.537039584951636" "Xi: 0.528819268364901" "Xi: 0.526738772405716"
[13] "Xi: 0.523880710942836" "Xi: 0.521046304274024" "Xi: 0.517762194991017"
[16] "Xi: 0.515014132793816" "Xi: 0.514894283533547" "Xi: 0.515733637308256"
[19] "Xi: 0.515153763683123" "Xi: 0.515028543370283"
Time difference of 4.680408 mins
[1] "Rho"
[1] 1447.047 1447.216 1446.970 1447.089 1447.005
[1] "It: 17"
[1] "sigma:"            "0.309434149985553" "beta :"           
[4] "1"                
[1] "rho/theta:" "1"         
Time difference of 1.579437 secs
[1] " old Likelihood:  -9939483.01677902"
[1] "New Likelihood:  -9939412.78032458"
[1] 4999204
[1] 4999209
iter:  0  f-value:  35525.92  pgrad:  0.6874403 
iter:  10  f-value:  35525.76  pgrad:  0.679181 
iter:  20  f-value:  35525.74  pgrad:  0.6768867 
iter:  30  f-value:  35525.74  pgrad:  0.6761557 
  Unsuccessful convergence.
[1] 0.3240911
 [1] "Xi: 0.513040332245846" "Xi: 0.513217601463904" "Xi: 0.521285216158307"
 [4] "Xi: 0.531178074497217" "Xi: 0.53858227957558"  "Xi: 0.554253288923932"
 [7] "Xi: 0.572971376005269" "Xi: 0.554178704794236" "Xi: 0.549869058123464"
[10] "Xi: 0.537764639012186" "Xi: 0.529366099822694" "Xi: 0.527372061244499"
[13] "Xi: 0.524492383212875" "Xi: 0.521604079968227" "Xi: 0.51821462347211" 
[16] "Xi: 0.515348698619211" "Xi: 0.515276675955068" "Xi: 0.516213923640731"
[19] "Xi: 0.515619965213251" "Xi: 0.515525168957733"
Time difference of 4.685247 mins
[1] "Rho"
[1] 1447.047 1447.216 1446.970 1447.089 1447.005
[1] "It: 18"
[1] "sigma:"           "0.32085014614402" "beta :"           "1"               
[1] "rho/theta:" "1"         
Time difference of 1.560333 secs
[1] " old Likelihood:  -9939412.78032458"
[1] "New Likelihood:  -9939347.23873655"
[1] 4999204
[1] 4999209
iter:  0  f-value:  35223.6  pgrad:  0.6759089 
iter:  10  f-value:  35223.45  pgrad:  0.6680932 
iter:  20  f-value:  35223.43  pgrad:  0.6655588 
iter:  30  f-value:  35223.43  pgrad:  0.4678362 
  Unsuccessful convergence.
[1] 0.3350986
 [1] "Xi: 0.51343631073412"  "Xi: 0.513626399288598" "Xi: 0.521948047618823"
 [4] "Xi: 0.532169133460074" "Xi: 0.539727116013359" "Xi: 0.555571153317487"
 [7] "Xi: 0.574903425309575" "Xi: 0.555309934302182" "Xi: 0.550777188815239"
[10] "Xi: 0.538490292577041" "Xi: 0.529905480051676" "Xi: 0.527992964933388"
[13] "Xi: 0.525089552139542" "Xi: 0.522147565846653" "Xi: 0.518654879441532"
[16] "Xi: 0.515668751316542" "Xi: 0.515640978308584" "Xi: 0.516672619714687"
[19] "Xi: 0.516061382816247" "Xi: 0.515995706363254"
Time difference of 4.665654 mins
[1] "Rho"
[1] 1447.047 1447.216 1446.970 1447.089 1447.005
[1] "It: 19"
[1] "sigma:"            "0.331747652208931" "beta :"           
[4] "1"                
[1] "rho/theta:" "1"         
Time difference of 1.573878 secs
[1] " old Likelihood:  -9939347.23873655"
[1] "New Likelihood:  -9939285.45627352"
[1] 4999204
[1] 4999209
iter:  0  f-value:  34931.04  pgrad:  0.6649014 
iter:  10  f-value:  34930.9  pgrad:  0.6574691 
iter:  20  f-value:  34930.89  pgrad:  0.6547052 
iter:  30  f-value:  34930.88  pgrad:  0.4669493 
  Unsuccessful convergence.
[1] 0.345638
 [1] "Xi: 0.513849573890392" "Xi: 0.514052691154145" "Xi: 0.522635964340573"
 [4] "Xi: 0.533195373346684" "Xi: 0.54090774043906"  "Xi: 0.556907347217848"
 [7] "Xi: 0.576890606656507" "Xi: 0.556481479602289" "Xi: 0.551699908075397"
[10] "Xi: 0.539224283819142" "Xi: 0.530434536419544" "Xi: 0.528598777316208"
[13] "Xi: 0.525671401771353" "Xi: 0.522677030827745" "Xi: 0.519084752277108"
[16] "Xi: 0.515974705977533" "Xi: 0.515993022090161" "Xi: 0.517115070885518"
[19] "Xi: 0.516481814628413" "Xi: 0.516443251708444"
Time difference of 4.672794 mins
[1] "Rho"
[1] 1447.047 1447.216 1446.970 1447.089 1447.005
[1] "It: 20"
[1] "sigma:"            "0.342181668676953" "beta :"           
[4] "1"                
[1] "rho/theta:" "1"         
Time difference of 1.55816 secs
[1] " old Likelihood:  -9939285.45627352"
[1] "New Likelihood:  -9939227.15676261"
[1] 4999204
[1] 4999209
iter:  0  f-value:  34647.35  pgrad:  0.654362 
iter:  10  f-value:  34647.22  pgrad:  0.6472754 
iter:  20  f-value:  34647.21  pgrad:  0.6447726 
iter:  30  f-value:  34647.2  pgrad:  0.4658725 
  Unsuccessful convergence.
[1] 0.3556317
 [1] "Xi: 0.514235818918326" "Xi: 0.514451633772731" "Xi: 0.523275374234069"
 [4] "Xi: 0.534134267960801" "Xi: 0.541978530817267" "Xi: 0.558093699376341"
 [7] "Xi: 0.578671895721719" "Xi: 0.557554247538025" "Xi: 0.552540206440269"
[10] "Xi: 0.539910457443967" "Xi: 0.530931191188333" "Xi: 0.529175339179016"
[13] "Xi: 0.526226451404292" "Xi: 0.523184038835261" "Xi: 0.519494801682214"
[16] "Xi: 0.516263397193755" "Xi: 0.516320960126987" "Xi: 0.517531321698995"
[19] "Xi: 0.516871517704377" "Xi: 0.516862630723678"
Time difference of 4.671561 mins
[1] "Rho"
[1] 1447.047 1447.216 1446.970 1447.089 1447.005
[1] "It: 21"
[1] "sigma:"            "0.352075360416027" "beta :"           
[4] "1"                
[1] "rho/theta:" "1"         
Time difference of 1.557951 secs
[1] " old Likelihood:  -9939227.15676261"
[1] "New Likelihood:  -9939172.56300422"
[1] 4999204
[1] 4999209
iter:  0  f-value:  34374.25  pgrad:  0.6443683 
iter:  10  f-value:  34374.12  pgrad:  0.6376234 
iter:  20  f-value:  34374.11  pgrad:  0.6354134 
iter:  30  f-value:  34374.11  pgrad:  0.6350293 
  Unsuccessful convergence.
[1] 0.3649815
 [1] "Xi: 0.514573695452423" "Xi: 0.514801270949208" "Xi: 0.523833698141422"
 [4] "Xi: 0.534930436942123" "Xi: 0.542876315390735" "Xi: 0.559066943778717"
 [7] "Xi: 0.580135741676458" "Xi: 0.558470092932592" "Xi: 0.553261378109318"
[10] "Xi: 0.540519358909743" "Xi: 0.531381619813122" "Xi: 0.529713526949"   
[13] "Xi: 0.526747911354824" "Xi: 0.523661511618329" "Xi: 0.519879619109884"
[16] "Xi: 0.516527445108906" "Xi: 0.516622561132542" "Xi: 0.517918904738929"
[19] "Xi: 0.517228828206988" "Xi: 0.517248534243317"
Time difference of 4.673357 mins
[1] 1 1 1 1 1
[1] 1 1 1 1 1
saved RDS
inference successful
