[1] "Original length"
[1] 999942
[1] "Final length"
[1] 15677
[1] "sequence length : 999943" "sequence length : 999857"
[3] "sequence length : 999689" "sequence length : 999644"
[5] "sequence length : 999937"
[1] 1 1 1 1 1
[1] "Beta: 1"
[1] "Self: 0"
[1] "maxIt: 20"
[1] "It: 1"
 [1] "sigma:" "0"      "0"      "0"      "0"      "0"      "0"      "0"     
 [9] "0"      "0"      "0"      "0"      "0"      "0"      "0"      "0"     
[17] "0"      "0"      "0"      "0"      "0"      "0"      "0"      "0"     
[25] "0"      "0"      "0"      "0"      "0"      "0"      "0"      "0"     
[33] "0"      "0"      "0"      "0"      "0"      "0"      "0"      "0"     
[41] "0"      "beta :" "1"     
 [1] "sigma:" "0.9405" "0.9405" "0.9405" "0.9405" "0.9405" "0.9405" "0.9405"
 [9] "0.9405" "0.9405" "0.9405" "0.9405" "0.9405" "0.9405" "0.9405" "0.9405"
[17] "0.9405" "0.9405" "0.9405" "0.9405" "0.9405" "0.9405" "0.9405" "0.9405"
[25] "0.9405" "0.9405" "0.9405" "0.9405" "0.9405" "0"      "0"      "0"     
[33] "0"      "0"      "0"      "0"      "0"      "0"      "0"      "0"     
[41] "0"      "beta :" "1"     
[1] "New Likelihood:  -8270308.51978079"
iter:  0  f-value:  18005.98  pgrad:  0.5 
iter:  10  f-value:  17989.96  pgrad:  0.998843 
iter:  20  f-value:  17988.56  pgrad:  0.9967214 
iter:  30  f-value:  17987.92  pgrad:  0.9932123 
iter:  40  f-value:  17987.47  pgrad:  0.9870813 
iter:  50  f-value:  17987.16  pgrad:  0.9857395 
  Unsuccessful convergence.
Time difference of 2.505665 hours
[1] "maxIt: 20"
[1] "It: 2"
 [1] "sigma:"              "0.95860425829323"    "0.95860425829323"   
 [4] "0.949913194854062"   "0.949913194854062"   "0.954068986945515"  
 [7] "0.954068986945515"   "0.959893752061238"   "0.959893752061238"  
[10] "0.967139778004814"   "0.967139778004814"   "0.975192908807966"  
[13] "0.975192908807966"   "0.983807702667131"   "0.983807702667131"  
[16] "0.986070141680842"   "0.986070141680842"   "0.973171857138321"  
[19] "0.973171857138321"   "0.960059203710384"   "0.960059203710384"  
[22] "0.947535542635169"   "0.947535542635169"   "0.952325984438405"  
[25] "0.952325984438405"   "0.975882084129755"   "0.975882084129755"  
[28] "0.956038129994818"   "0.956038129994818"   "0"                  
[31] "0"                   "0.0405848931753059"  "0.0405848931753059" 
[34] "0.0568615077010996"  "0.0568615077010996"  "0.041676966083863"  
[37] "0.041676966083863"   "0.0198450430085961"  "0.0198450430085961" 
[40] "0.00303054933857134" "0.00303054933857134" "beta :"             
[43] "1"                  
 [1] "sigma:"              "0.95860425829323"    "0.95860425829323"   
 [4] "0.949913194854062"   "0.949913194854062"   "0.954068986945515"  
 [7] "0.954068986945515"   "0.959893752061238"   "0.959893752061238"  
[10] "0.967139778004814"   "0.967139778004814"   "0.975192908807966"  
[13] "0.975192908807966"   "0.983807702667131"   "0.983807702667131"  
[16] "0.986070141680842"   "0.986070141680842"   "0.973171857138321"  
[19] "0.973171857138321"   "0.960059203710384"   "0.960059203710384"  
[22] "0.947535542635169"   "0.947535542635169"   "0.952325984438405"  
[25] "0.952325984438405"   "0.975882084129755"   "0.975882084129755"  
[28] "0.956038129994818"   "0.956038129994818"   "0.2475"             
[31] "0.2475"              "0.0405848931753059"  "0.0405848931753059" 
[34] "0.00736150770109955" "0.00736150770109955" "0.041676966083863"  
[37] "0.041676966083863"   "0.0198450430085961"  "0.0198450430085961" 
[40] "0.00303054933857134" "0.00303054933857134" "beta :"             
[43] "1"                  
[1] " old Likelihood:  -8270308.51978079"
[1] "New Likelihood:  -8264632.62005719"
iter:  0  f-value:  17430.84  pgrad:  0.4975511 
iter:  10  f-value:  17423.74  pgrad:  0.9979894 
iter:  20  f-value:  17423.58  pgrad:  0.9873394 
iter:  30  f-value:  17423.46  pgrad:  0.9820296 
iter:  40  f-value:  17423.29  pgrad:  0.970641 
iter:  50  f-value:  17423.1  pgrad:  0.9603564 
  Unsuccessful convergence.
Time difference of 20.82561 mins
[1] "maxIt: 20"
[1] "It: 3"
 [1] "sigma:"              "0.971357965891965"   "0.971357965891965"  
 [4] "0.956366820052016"   "0.956366820052016"   "0.963469256069806"  
 [7] "0.963469256069806"   "0.973435255717625"   "0.973435255717625"  
[10] "0.985511612792642"   "0.985511612792642"   "0.99"               
[13] "0.99"                "0.99"                "0.99"               
[16] "0.99"                "0.99"                "0.989240300083435"  
[19] "0.989240300083435"   "0.978844546661282"   "0.978844546661282"  
[22] "0.963089874981127"   "0.963089874981127"   "0.958728636575155"  
[25] "0.958728636575155"   "0.99"                "0.99"               
[28] "0.965256854243661"   "0.965256854243661"   "0.235130347714977"  
[31] "0.235130347714977"   "0.0675542968137192"  "0.0675542968137192" 
[34] "0.0484400159207039"  "0.0484400159207039"  "0.0771923623688087" 
[37] "0.0771923623688087"  "0.0392671948669476"  "0.0392671948669476" 
[40] "0.00615723888215355" "0.00615723888215355" "beta :"             
[43] "1"                  
 [1] "sigma:"              "0.971357965891965"   "0.971357965891965"  
 [4] "0.956366820052016"   "0.956366820052016"   "0.963469256069806"  
 [7] "0.963469256069806"   "0.973435255717625"   "0.973435255717625"  
[10] "0.985511612792642"   "0.985511612792642"   "0.99"               
[13] "0.99"                "0.99"                "0.99"               
[16] "0.99"                "0.99"                "0.989240300083435"  
[19] "0.989240300083435"   "0.978844546661282"   "0.978844546661282"  
[22] "0.963089874981127"   "0.963089874981127"   "0.958728636575155"  
[25] "0.958728636575155"   "0.99"                "0.99"               
[28] "0.965256854243661"   "0.965256854243661"   "0.433130347714977"  
[31] "0.433130347714977"   "0.0180542968137192"  "0.0180542968137192" 
[34] "0.0484400159207039"  "0.0484400159207039"  "0.0276923623688086" 
[37] "0.0276923623688086"  "0.0392671948669476"  "0.0392671948669476" 
[40] "0.00615723888215355" "0.00615723888215355" "beta :"             
[43] "1"                  
[1] " old Likelihood:  -8264632.62005719"
[1] "New Likelihood:  -8262265.81766506"
iter:  0  f-value:  16999.74  pgrad:  0.5168235 
iter:  10  f-value:  16997.06  pgrad:  0.9813429 
iter:  20  f-value:  16997.01  pgrad:  0.980242 
iter:  30  f-value:  16996.97  pgrad:  0.978551 
iter:  40  f-value:  16996.95  pgrad:  0.9774094 
iter:  50  f-value:  16996.87  pgrad:  0.9711498 
  Unsuccessful convergence.
Time difference of 20.83103 mins
[1] "maxIt: 20"
[1] "It: 4"
 [1] "sigma:"              "0.977480312633139"   "0.977480312633139"  
 [4] "0.959595461059985"   "0.959595461059985"   "0.968164818688658"  
 [7] "0.968164818688658"   "0.980336455841335"   "0.980336455841335"  
[10] "0.99"                "0.99"                "0.99"               
[13] "0.99"                "0.99"                "0.99"               
[16] "0.99"                "0.99"                "0.99"               
[19] "0.99"                "0.988905690983591"   "0.988905690983591"  
[22] "0.974380079837076"   "0.974380079837076"   "0.971307590265996"  
[25] "0.971307590265996"   "0.99"                "0.99"               
[28] "0.973796500939766"   "0.973796500939766"   "0.423907387919214"  
[31] "0.423907387919214"   "0.0285775428599913"  "0.0285775428599913" 
[34] "0.0659787096263831"  "0.0659787096263831"  "0.0445685534520378" 
[37] "0.0445685534520378"  "0.0508488263220386"  "0.0508488263220386" 
[40] "0.00816733980691138" "0.00816733980691138" "beta :"             
[43] "1"                  
 [1] "sigma:"              "0.977480312633139"   "0.977480312633139"  
 [4] "0.959595461059985"   "0.959595461059985"   "0.968164818688658"  
 [7] "0.968164818688658"   "0.980336455841335"   "0.980336455841335"  
[10] "0.99"                "0.99"                "0.99"               
[13] "0.99"                "0.99"                "0.99"               
[16] "0.99"                "0.99"                "0.99"               
[19] "0.99"                "0.988905690983591"   "0.988905690983591"  
[22] "0.974380079837076"   "0.974380079837076"   "0.971307590265996"  
[25] "0.971307590265996"   "0.99"                "0.99"               
[28] "0.973796500939766"   "0.973796500939766"   "0.522907387919214"  
[31] "0.522907387919214"   "0.0780775428599914"  "0.0780775428599914" 
[34] "0.115478709626383"   "0.115478709626383"   "0.0445685534520378" 
[37] "0.0445685534520378"  "0.00134882632203863" "0.00134882632203863"
[40] "0.00816733980691138" "0.00816733980691138" "beta :"             
[43] "1"                  
[1] " old Likelihood:  -8262265.81766506"
[1] "New Likelihood:  -8261339.68832501"
iter:  0  f-value:  16396.47  pgrad:  0.5434277 
iter:  10  f-value:  16395.3  pgrad:  0.9982798 
iter:  20  f-value:  16395.27  pgrad:  0.9964999 
iter:  30  f-value:  16395.25  pgrad:  0.9950991 
iter:  40  f-value:  16395.22  pgrad:  0.9907077 
iter:  50  f-value:  16395.21  pgrad:  0.9902773 
  Unsuccessful convergence.
Time difference of 20.30201 mins
[1] "maxIt: 20"
[1] "It: 5"
 [1] "sigma:"              "0.980242732565529"   "0.980242732565529"  
 [4] "0.961106116827173"   "0.961106116827173"   "0.970404338560531"  
 [7] "0.970404338560531"   "0.983735046691055"   "0.983735046691055"  
[10] "0.99"                "0.99"                "0.99"               
[13] "0.99"                "0.99"                "0.99"               
[16] "0.99"                "0.99"                "0.99"               
[19] "0.99"                "0.99"                "0.99"               
[22] "0.980669634728532"   "0.980669634728532"   "0.978976988507731"  
[25] "0.978976988507731"   "0.99"                "0.99"               
[28] "0.97981134103565"    "0.97981134103565"    "0.515503480727776"  
[31] "0.515503480727776"   "0.0845024103584228"  "0.0845024103584228" 
[34] "0.129011001645464"   "0.129011001645464"   "0.0557912571376676" 
[37] "0.0557912571376676"  "0.00965097854713333" "0.00965097854713333"
[40] "0.00971445491201011" "0.00971445491201011" "beta :"             
[43] "1"                  
 [1] "sigma:"              "0.980242732565529"   "0.980242732565529"  
 [4] "0.961106116827173"   "0.961106116827173"   "0.970404338560531"  
 [7] "0.970404338560531"   "0.983735046691055"   "0.983735046691055"  
[10] "0.99"                "0.99"                "0.99"               
[13] "0.99"                "0.99"                "0.99"               
[16] "0.99"                "0.99"                "0.99"               
[19] "0.99"                "0.99"                "0.99"               
[22] "0.980669634728532"   "0.980669634728532"   "0.978976988507731"  
[25] "0.978976988507731"   "0.99"                "0.99"               
[28] "0.97981134103565"    "0.97981134103565"    "0.565003480727776"  
[31] "0.565003480727776"   "0.134002410358423"   "0.134002410358423"  
[34] "0.228011001645464"   "0.228011001645464"   "0.00629125713766756"
[37] "0.00629125713766756" "0.00965097854713332" "0.00965097854713332"
[40] "0.00971445491201011" "0.00971445491201011" "beta :"             
[43] "1"                  
[1] " old Likelihood:  -8261339.68832501"
[1] "New Likelihood:  -8260921.8472643"
iter:  0  f-value:  15854.22  pgrad:  0.543312 
iter:  10  f-value:  15853.66  pgrad:  0.9932101 
iter:  20  f-value:  15853.63  pgrad:  0.9898397 
iter:  30  f-value:  15853.62  pgrad:  0.9876169 
iter:  40  f-value:  15853.6  pgrad:  0.9851541 
iter:  50  f-value:  15853.59  pgrad:  0.9824555 
  Unsuccessful convergence.
Time difference of 20.10076 mins
[1] "maxIt: 20"
[1] "It: 6"
 [1] "sigma:"             "0.981235586717407"  "0.981235586717407" 
 [4] "0.961784758187105"  "0.961784758187105"  "0.971410909254192" 
 [7] "0.971410909254192"  "0.985331431342083"  "0.985331431342083" 
[10] "0.99"               "0.99"               "0.989978214007045" 
[13] "0.989978214007045"  "0.99"               "0.99"              
[16] "0.99"               "0.99"               "0.99"              
[19] "0.99"               "0.989962852096395"  "0.989962852096395" 
[22] "0.982400329267043"  "0.982400329267043"  "0.983639114633404" 
[25] "0.983639114633404"  "0.99"               "0.99"              
[28] "0.98410987889852"   "0.98410987889852"   "0.558721584153004" 
[31] "0.558721584153004"  "0.138614647548435"  "0.138614647548435" 
[34] "0.242697072575635"  "0.242697072575635"  "0.0174077098901086"
[37] "0.0174077098901086" "0.0190154427821036" "0.0190154427821036"
[40] "0.0115297838448881" "0.0115297838448881" "beta :"            
[43] "1"                 
 [1] "sigma:"             "0.981235586717407"  "0.981235586717407" 
 [4] "0.961784758187105"  "0.961784758187105"  "0.971410909254192" 
 [7] "0.971410909254192"  "0.985331431342083"  "0.985331431342083" 
[10] "0.99"               "0.99"               "0.989978214007045" 
[13] "0.989978214007045"  "0.99"               "0.99"              
[16] "0.99"               "0.99"               "0.99"              
[19] "0.99"               "0.989962852096395"  "0.989962852096395" 
[22] "0.982400329267043"  "0.982400329267043"  "0.983639114633404" 
[25] "0.983639114633404"  "0.99"               "0.99"              
[28] "0.98410987889852"   "0.98410987889852"   "0.608221584153004" 
[31] "0.608221584153004"  "0.138614647548435"  "0.138614647548435" 
[34] "0.341697072575635"  "0.341697072575635"  "0.0174077098901086"
[37] "0.0174077098901086" "0.0190154427821036" "0.0190154427821036"
[40] "0.0115297838448881" "0.0115297838448881" "beta :"            
[43] "1"                 
[1] " old Likelihood:  -8260921.8472643"
[1] "New Likelihood:  -8260705.91142153"
iter:  0  f-value:  15315.82  pgrad:  0.5428066 
iter:  10  f-value:  15315.5  pgrad:  0.9820657 
iter:  20  f-value:  15315.46  pgrad:  0.9769785 
iter:  30  f-value:  15315.46  pgrad:  0.9764643 
iter:  40  f-value:  15315.45  pgrad:  0.9749403 
iter:  50  f-value:  15315.45  pgrad:  0.9743379 
  Unsuccessful convergence.
Time difference of 19.74663 mins
[1] "maxIt: 20"
[1] "It: 7"
 [1] "sigma:"             "0.981446528895443"  "0.981446528895443" 
 [4] "0.962068126606984"  "0.962068126606984"  "0.971814957425767" 
 [7] "0.971814957425767"  "0.986006634209811"  "0.986006634209811" 
[10] "0.99"               "0.99"               "0.989690327246914" 
[13] "0.989690327246914"  "0.99"               "0.99"              
[16] "0.99"               "0.99"               "0.989863443488241" 
[19] "0.989863443488241"  "0.989511436327663"  "0.989511436327663" 
[22] "0.982843246413426"  "0.982843246413426"  "0.986230784953341" 
[25] "0.986230784953341"  "0.989876728180587"  "0.989876728180587" 
[28] "0.987253210106283"  "0.987253210106283"  "0.603571694832799" 
[31] "0.603571694832799"  "0.140878567396414"  "0.140878567396414" 
[34] "0.352729067798036"  "0.352729067798036"  "0.0261142875819118"
[37] "0.0261142875819118" "0.0262493097147383" "0.0262493097147383"
[40] "0.0129165038441562" "0.0129165038441562" "beta :"            
[43] "1"                 
 [1] "sigma:"             "0.981446528895443"  "0.981446528895443" 
 [4] "0.962068126606984"  "0.962068126606984"  "0.971814957425767" 
 [7] "0.971814957425767"  "0.986006634209811"  "0.986006634209811" 
[10] "0.99"               "0.99"               "0.989690327246914" 
[13] "0.989690327246914"  "0.99"               "0.99"              
[16] "0.99"               "0.99"               "0.989863443488241" 
[19] "0.989863443488241"  "0.989511436327663"  "0.989511436327663" 
[22] "0.982843246413426"  "0.982843246413426"  "0.986230784953341" 
[25] "0.986230784953341"  "0.989876728180587"  "0.989876728180587" 
[28] "0.987253210106283"  "0.987253210106283"  "0.603571694832799" 
[31] "0.603571694832799"  "0.140878567396414"  "0.140878567396414" 
[34] "0.402229067798036"  "0.402229067798036"  "0.0261142875819118"
[37] "0.0261142875819118" "0.0262493097147383" "0.0262493097147383"
[40] "0.0129165038441562" "0.0129165038441562" "beta :"            
[43] "1"                 
[1] " old Likelihood:  -8260705.91142153"
[1] "New Likelihood:  -8260578.37097759"
iter:  0  f-value:  15146.53  pgrad:  0.5415707 
iter:  10  f-value:  15146.35  pgrad:  0.9731895 
iter:  20  f-value:  15146.33  pgrad:  0.9700512 
iter:  30  f-value:  15146.32  pgrad:  0.9693075 
iter:  40  f-value:  15146.32  pgrad:  0.9482392 
iter:  50  f-value:  15146.32  pgrad:  0.9243013 
  Unsuccessful convergence.
Time difference of 19.19225 mins
[1] "maxIt: 20"
[1] "It: 8"
 [1] "sigma:"             "0.981476402417598"  "0.981476402417598" 
 [4] "0.962315141301615"  "0.962315141301615"  "0.972299494925347" 
 [7] "0.972299494925347"  "0.987048880893986"  "0.987048880893986" 
[10] "0.99"               "0.99"               "0.988711798908566" 
[13] "0.988711798908566"  "0.99"               "0.99"              
[16] "0.99"               "0.99"               "0.989686272196963" 
[19] "0.989686272196963"  "0.988938233466463"  "0.988938233466463" 
[22] "0.982448389963177"  "0.982448389963177"  "0.988375755885233" 
[25] "0.988375755885233"  "0.989112261619989"  "0.989112261619989" 
[28] "0.989721298489606"  "0.989721298489606"  "0.600407128797554" 
[31] "0.600407128797554"  "0.140029847978244"  "0.140029847978244" 
[34] "0.416371481395115"  "0.416371481395115"  "0.0393722859615199"
[37] "0.0393722859615199" "0.038777881650695"  "0.038777881650695" 
[40] "0.01545043919535"   "0.01545043919535"   "beta :"            
[43] "1"                 
 [1] "sigma:"             "0.981476402417598"  "0.981476402417598" 
 [4] "0.962315141301615"  "0.962315141301615"  "0.972299494925347" 
 [7] "0.972299494925347"  "0.987048880893986"  "0.987048880893986" 
[10] "0.99"               "0.99"               "0.988711798908566" 
[13] "0.988711798908566"  "0.99"               "0.99"              
[16] "0.99"               "0.99"               "0.989686272196963" 
[19] "0.989686272196963"  "0.988938233466463"  "0.988938233466463" 
[22] "0.982448389963177"  "0.982448389963177"  "0.988375755885233" 
[25] "0.988375755885233"  "0.989112261619989"  "0.989112261619989" 
[28] "0.989721298489606"  "0.989721298489606"  "0.649907128797554" 
[31] "0.649907128797554"  "0.0905298479782444" "0.0905298479782444"
[34] "0.515371481395115"  "0.515371481395115"  "0.0393722859615199"
[37] "0.0393722859615199" "0.038777881650695"  "0.038777881650695" 
[40] "0.01545043919535"   "0.01545043919535"   "beta :"            
[43] "1"                 
[1] " old Likelihood:  -8260578.37097759"
[1] "New Likelihood:  -8260482.05914463"
iter:  0  f-value:  14645.64  pgrad:  0.5413596 
iter:  10  f-value:  14645.49  pgrad:  0.9604974 
iter:  20  f-value:  14645.48  pgrad:  0.9595779 
iter:  30  f-value:  14645.46  pgrad:  0.900236 
iter:  40  f-value:  14645.46  pgrad:  0.777236 
iter:  50  f-value:  14645.45  pgrad:  0.7520975 
  Unsuccessful convergence.
Time difference of 20.11171 mins
[1] "maxIt: 20"
[1] "It: 9"
 [1] "sigma:"             "0.981387859625153"  "0.981387859625153" 
 [4] "0.962497390496723"  "0.962497390496723"  "0.972686679118541" 
 [7] "0.972686679118541"  "0.987953847345738"  "0.987953847345738" 
[10] "0.99"               "0.99"               "0.987886696014859" 
[13] "0.987886696014859"  "0.99"               "0.99"              
[16] "0.99"               "0.99"               "0.989710603250744" 
[19] "0.989710603250744"  "0.988600846880333"  "0.988600846880333" 
[22] "0.982210394697844"  "0.982210394697844"  "0.989355177983181" 
[25] "0.989355177983181"  "0.989566076299034"  "0.989566076299034" 
[28] "0.99"               "0.99"               "0.647461944799034" 
[31] "0.647461944799034"  "0.0892491635109609" "0.0892491635109609"
[34] "0.527141426665022"  "0.527141426665022"  "0.0505209729502379"
[37] "0.0505209729502379" "0.0494182244574189" "0.0494182244574189"
[40] "0.0175695334163623" "0.0175695334163623" "beta :"            
[43] "1"                 
 [1] "sigma:"              "0.981387859625153"   "0.981387859625153"  
 [4] "0.962497390496723"   "0.962497390496723"   "0.972686679118541"  
 [7] "0.972686679118541"   "0.987953847345738"   "0.987953847345738"  
[10] "0.99"                "0.99"                "0.987886696014859"  
[13] "0.987886696014859"   "0.99"                "0.99"               
[16] "0.99"                "0.99"                "0.989710603250744"  
[19] "0.989710603250744"   "0.988600846880333"   "0.988600846880333"  
[22] "0.982210394697844"   "0.982210394697844"   "0.989355177983181"  
[25] "0.989355177983181"   "0.989566076299034"   "0.989566076299034"  
[28] "0.99"                "0.99"                "0.647461944799034"  
[31] "0.647461944799034"   "0.0397491635109609"  "0.0397491635109609" 
[34] "0.576641426665022"   "0.576641426665022"   "0.00102097295023786"
[37] "0.00102097295023786" "0.0494182244574189"  "0.0494182244574189" 
[40] "0.0175695334163623"  "0.0175695334163623"  "beta :"             
[43] "1"                  
[1] " old Likelihood:  -8260482.05914463"
[1] "New Likelihood:  -8260407.23141633"
iter:  0  f-value:  14638.82  pgrad:  0.5407382 
iter:  10  f-value:  14638.75  pgrad:  0.9480573 
iter:  20  f-value:  14638.74  pgrad:  0.8243842 
iter:  30  f-value:  14638.74  pgrad:  0.8028655 
iter:  40  f-value:  14638.73  pgrad:  0.7672679 
iter:  50  f-value:  14638.73  pgrad:  0.7411654 
  Unsuccessful convergence.
Time difference of 19.75329 mins
[1] "maxIt: 20"
[1] "It: 10"
 [1] "sigma:"              "0.98131895114621"    "0.98131895114621"   
 [4] "0.962611438995903"   "0.962611438995903"   "0.972905279420976"  
 [7] "0.972905279420976"   "0.988454697384467"   "0.988454697384467"  
[10] "0.99"                "0.99"                "0.98746889538255"   
[13] "0.98746889538255"    "0.99"                "0.99"               
[16] "0.99"                "0.99"                "0.989842100678056"  
[19] "0.989842100678056"   "0.988231703651636"   "0.988231703651636"  
[22] "0.982207065059765"   "0.982207065059765"   "0.98986401625901"   
[25] "0.98986401625901"    "0.989818156057252"   "0.989818156057252"  
[28] "0.99"                "0.99"                "0.647267891801486"  
[31] "0.647267891801486"   "0.0376740502440888"  "0.0376740502440888" 
[34] "0.58180006708449"    "0.58180006708449"    "0.00589665054253898"
[37] "0.00589665054253898" "0.0543947592764347"  "0.0543947592764347" 
[40] "0.0185374934780164"  "0.0185374934780164"  "beta :"             
[43] "1"                  
 [1] "sigma:"              "0.98131895114621"    "0.98131895114621"   
 [4] "0.962611438995903"   "0.962611438995903"   "0.972905279420976"  
 [7] "0.972905279420976"   "0.988454697384467"   "0.988454697384467"  
[10] "0.99"                "0.99"                "0.98746889538255"   
[13] "0.98746889538255"    "0.99"                "0.99"               
[16] "0.99"                "0.99"                "0.989842100678056"  
[19] "0.989842100678056"   "0.988231703651636"   "0.988231703651636"  
[22] "0.982207065059765"   "0.982207065059765"   "0.98986401625901"   
[25] "0.98986401625901"    "0.989818156057252"   "0.989818156057252"  
[28] "0.99"                "0.99"                "0.647267891801486"  
[31] "0.647267891801486"   "0.0376740502440888"  "0.0376740502440888" 
[34] "0.58180006708449"    "0.58180006708449"    "0.00589665054253898"
[37] "0.00589665054253898" "0.00489475927643469" "0.00489475927643469"
[40] "0.0185374934780164"  "0.0185374934780164"  "beta :"             
[43] "1"                  
[1] " old Likelihood:  -8260407.23141633"
[1] "New Likelihood:  -8260359.0811005"
iter:  0  f-value:  14685.31  pgrad:  0.5406904 
iter:  10  f-value:  14685.27  pgrad:  0.641885 
iter:  20  f-value:  14685.27  pgrad:  0.6145638 
iter:  30  f-value:  14685.27  pgrad:  0.573782 
iter:  40  f-value:  14685.26  pgrad:  0.5547736 
iter:  50  f-value:  14685.26  pgrad:  0.5014772 
  Unsuccessful convergence.
Time difference of 19.21543 mins
[1] "maxIt: 20"
[1] "It: 11"
 [1] "sigma:"             "0.98116976622396"   "0.98116976622396"  
 [4] "0.962712175435068"  "0.962712175435068"  "0.973180300901809" 
 [7] "0.973180300901809"  "0.989183990190788"  "0.989183990190788" 
[10] "0.99"               "0.99"               "0.986892842504617" 
[13] "0.986892842504617"  "0.99"               "0.99"              
[16] "0.99"               "0.99"               "0.99"              
[19] "0.99"               "0.987916514671547"  "0.987916514671547" 
[22] "0.982368474503201"  "0.982368474503201"  "0.99"              
[25] "0.99"               "0.99"               "0.99"              
[28] "0.99"               "0.99"               "0.647492803779728" 
[31] "0.647492803779728"  "0.0341484979446521" "0.0341484979446521"
[34] "0.584924325760169"  "0.584924325760169"  "0.011224552862457" 
[37] "0.011224552862457"  "0.0101473497033975" "0.0101473497033975"
[40] "0.0197040141765517" "0.0197040141765517" "beta :"            
[43] "1"                 
 [1] "sigma:"             "0.98116976622396"   "0.98116976622396"  
 [4] "0.962712175435068"  "0.962712175435068"  "0.973180300901809" 
 [7] "0.973180300901809"  "0.989183990190788"  "0.989183990190788" 
[10] "0.99"               "0.99"               "0.986892842504617" 
[13] "0.986892842504617"  "0.99"               "0.99"              
[16] "0.99"               "0.99"               "0.99"              
[19] "0.99"               "0.987916514671547"  "0.987916514671547" 
[22] "0.982368474503201"  "0.982368474503201"  "0.99"              
[25] "0.99"               "0.99"               "0.99"              
[28] "0.99"               "0.99"               "0.647492803779728" 
[31] "0.647492803779728"  "0.0341484979446521" "0.0341484979446521"
[34] "0.634424325760169"  "0.634424325760169"  "0.011224552862457" 
[37] "0.011224552862457"  "0.0101473497033975" "0.0101473497033975"
[40] "0.0197040141765517" "0.0197040141765517" "beta :"            
[43] "1"                 
[1] " old Likelihood:  -8260359.0811005"
[1] "New Likelihood:  -8260336.62675199"
iter:  0  f-value:  14420.58  pgrad:  0.6408327 
iter:  10  f-value:  14420.54  pgrad:  0.8218376 
iter:  20  f-value:  14420.54  pgrad:  0.6982737 
iter:  30  f-value:  14420.53  pgrad:  0.6205482 
iter:  40  f-value:  14420.53  pgrad:  0.5563561 
iter:  50  f-value:  14420.53  pgrad:  0.5400943 
  Unsuccessful convergence.
Time difference of 18.50984 mins
[1] "maxIt: 20"
[1] "It: 12"
 [1] "sigma:"             "0.981041653613074"  "0.981041653613074" 
 [4] "0.962817856816864"  "0.962817856816864"  "0.973406859843979" 
 [7] "0.973406859843979"  "0.989745464468856"  "0.989745464468856" 
[10] "0.99"               "0.99"               "0.986493483374549" 
[13] "0.986493483374549"  "0.99"               "0.99"              
[16] "0.99"               "0.99"               "0.99"              
[19] "0.99"               "0.987746603634593"  "0.987746603634593" 
[22] "0.982685610626435"  "0.982685610626435"  "0.99"              
[25] "0.99"               "0.99"               "0.99"              
[28] "0.99"               "0.99"               "0.647367095375401" 
[31] "0.647367095375401"  "0.0318239131200244" "0.0318239131200244"
[34] "0.639383136921536"  "0.639383136921536"  "0.0155017209387109"
[37] "0.0155017209387109" "0.0141957739050241" "0.0141957739050241"
[40] "0.0205330400515227" "0.0205330400515227" "beta :"            
[43] "1"                 
 [1] "sigma:"             "0.981041653613074"  "0.981041653613074" 
 [4] "0.962817856816864"  "0.962817856816864"  "0.973406859843979" 
 [7] "0.973406859843979"  "0.989745464468856"  "0.989745464468856" 
[10] "0.99"               "0.99"               "0.986493483374549" 
[13] "0.986493483374549"  "0.99"               "0.99"              
[16] "0.99"               "0.99"               "0.99"              
[19] "0.99"               "0.987746603634593"  "0.987746603634593" 
[22] "0.982685610626435"  "0.982685610626435"  "0.99"              
[25] "0.99"               "0.99"               "0.99"              
[28] "0.99"               "0.99"               "0.647367095375401" 
[31] "0.647367095375401"  "0.0318239131200244" "0.0318239131200244"
[34] "0.639383136921536"  "0.639383136921536"  "0.0650017209387109"
[37] "0.0650017209387109" "0.0141957739050241" "0.0141957739050241"
[40] "0.0205330400515227" "0.0205330400515227" "beta :"            
[43] "1"                 
[1] " old Likelihood:  -8260336.62675199"
[1] "New Likelihood:  -8260313.01401241"
iter:  0  f-value:  14342.35  pgrad:  0.6458416 
iter:  10  f-value:  14342.31  pgrad:  0.8043935 
iter:  20  f-value:  14342.31  pgrad:  0.6708433 
iter:  30  f-value:  14342.31  pgrad:  0.547534 
iter:  40  f-value:  14342.3  pgrad:  0.5317634 
iter:  50  f-value:  14342.3  pgrad:  0.4905996 
  Unsuccessful convergence.
Time difference of 19.05396 mins
[1] "maxIt: 20"
[1] "It: 13"
 [1] "sigma:"             "0.980890220236219"  "0.980890220236219" 
 [4] "0.962911167019998"  "0.962911167019998"  "0.973683248055877" 
 [7] "0.973683248055877"  "0.99"               "0.99"              
[10] "0.99"               "0.99"               "0.986143557788371" 
[13] "0.986143557788371"  "0.99"               "0.99"              
[16] "0.99"               "0.99"               "0.99"              
[19] "0.99"               "0.987606304114269"  "0.987606304114269" 
[22] "0.982875678415551"  "0.982875678415551"  "0.99"              
[25] "0.99"               "0.99"               "0.99"              
[28] "0.99"               "0.99"               "0.647418785776644" 
[31] "0.647418785776644"  "0.0285899931501485" "0.0285899931501485"
[34] "0.644114359270647"  "0.644114359270647"  "0.0698486110990711"
[37] "0.0698486110990711" "0.0187551282916647" "0.0187551282916647"
[40] "0.0214835535117292" "0.0214835535117292" "beta :"            
[43] "1"                 
 [1] "sigma:"             "0.980890220236219"  "0.980890220236219" 
 [4] "0.962911167019998"  "0.962911167019998"  "0.973683248055877" 
 [7] "0.973683248055877"  "0.99"               "0.99"              
[10] "0.99"               "0.99"               "0.986143557788371" 
[13] "0.986143557788371"  "0.99"               "0.99"              
[16] "0.99"               "0.99"               "0.99"              
[19] "0.99"               "0.987606304114269"  "0.987606304114269" 
[22] "0.982875678415551"  "0.982875678415551"  "0.99"              
[25] "0.99"               "0.99"               "0.99"              
[28] "0.99"               "0.99"               "0.647418785776644" 
[31] "0.647418785776644"  "0.0285899931501485" "0.0285899931501485"
[34] "0.644114359270647"  "0.644114359270647"  "0.119348611099071" 
[37] "0.119348611099071"  "0.0187551282916647" "0.0187551282916647"
[40] "0.0214835535117292" "0.0214835535117292" "beta :"            
[43] "1"                 
[1] " old Likelihood:  -8260313.01401241"
[1] "New Likelihood:  -8260291.87598094"
iter:  0  f-value:  14255.21  pgrad:  0.6506206 
iter:  10  f-value:  14255.18  pgrad:  0.8315874 
iter:  20  f-value:  14255.18  pgrad:  0.7161543 
iter:  30  f-value:  14255.17  pgrad:  0.6797018 
iter:  40  f-value:  14255.17  pgrad:  0.6215305 
iter:  50  f-value:  14255.17  pgrad:  0.5459515 
  Unsuccessful convergence.
Time difference of 19.23098 mins
[1] "maxIt: 20"
[1] "It: 14"
 [1] "sigma:"             "0.980818705741999"  "0.980818705741999" 
 [4] "0.962983274318323"  "0.962983274318323"  "0.973864490785046" 
 [7] "0.973864490785046"  "0.99"               "0.99"              
[10] "0.99"               "0.99"               "0.986006309968418" 
[13] "0.986006309968418"  "0.99"               "0.99"              
[16] "0.99"               "0.99"               "0.99"              
[19] "0.99"               "0.987502872736718"  "0.987502872736718" 
[22] "0.983006021572242"  "0.983006021572242"  "0.99"              
[25] "0.99"               "0.99"               "0.99"              
[28] "0.99"               "0.99"               "0.647483743907495" 
[31] "0.647483743907495"  "0.0268477189827004" "0.0268477189827004"
[34] "0.6473813576204"    "0.6473813576204"    "0.122387199692989" 
[37] "0.122387199692989"  "0.0212726084918976" "0.0212726084918976"
[40] "0.0219722252377432" "0.0219722252377432" "beta :"            
[43] "1"                 
 [1] "sigma:"             "0.980818705741999"  "0.980818705741999" 
 [4] "0.962983274318323"  "0.962983274318323"  "0.973864490785046" 
 [7] "0.973864490785046"  "0.99"               "0.99"              
[10] "0.99"               "0.99"               "0.986006309968418" 
[13] "0.986006309968418"  "0.99"               "0.99"              
[16] "0.99"               "0.99"               "0.99"              
[19] "0.99"               "0.987502872736718"  "0.987502872736718" 
[22] "0.983006021572242"  "0.983006021572242"  "0.99"              
[25] "0.99"               "0.99"               "0.99"              
[28] "0.99"               "0.99"               "0.647483743907495" 
[31] "0.647483743907495"  "0.0268477189827004" "0.0268477189827004"
[34] "0.6473813576204"    "0.6473813576204"    "0.171887199692989" 
[37] "0.171887199692989"  "0.0212726084918976" "0.0212726084918976"
[40] "0.0219722252377432" "0.0219722252377432" "beta :"            
[43] "1"                 
[1] " old Likelihood:  -8260291.87598094"
[1] "New Likelihood:  -8260273.46081611"
iter:  0  f-value:  14165.29  pgrad:  0.6539206 
iter:  10  f-value:  14165.26  pgrad:  0.8262236 
iter:  20  f-value:  14165.26  pgrad:  0.7799463 
iter:  30  f-value:  14165.26  pgrad:  0.6914524 
iter:  40  f-value:  14165.25  pgrad:  0.5273241 
iter:  50  f-value:  14165.25  pgrad:  0.4758259 
  Unsuccessful convergence.
Time difference of 18.99426 mins
[1] "maxIt: 20"
[1] "It: 15"
 [1] "sigma:"             "0.980685324175112"  "0.980685324175112" 
 [4] "0.963108494402419"  "0.963108494402419"  "0.974214295736956" 
 [7] "0.974214295736956"  "0.99"               "0.99"              
[10] "0.99"               "0.99"               "0.985843549759455" 
[13] "0.985843549759455"  "0.99"               "0.99"              
[16] "0.99"               "0.99"               "0.99"              
[19] "0.99"               "0.987470001102074"  "0.987470001102074" 
[22] "0.983085245723026"  "0.983085245723026"  "0.99"              
[25] "0.99"               "0.99"               "0.99"              
[28] "0.99"               "0.99"               "0.647448226866786" 
[31] "0.647448226866786"  "0.0231764172958096" "0.0231764172958096"
[34] "0.652048634482195"  "0.652048634482195"  "0.177334509530785" 
[37] "0.177334509530785"  "0.0259835521571665" "0.0259835521571665"
[40] "0.0229458238233618" "0.0229458238233618" "beta :"            
[43] "1"                 
 [1] "sigma:"             "0.980685324175112"  "0.980685324175112" 
 [4] "0.963108494402419"  "0.963108494402419"  "0.974214295736956" 
 [7] "0.974214295736956"  "0.99"               "0.99"              
[10] "0.99"               "0.99"               "0.985843549759455" 
[13] "0.985843549759455"  "0.99"               "0.99"              
[16] "0.99"               "0.99"               "0.99"              
[19] "0.99"               "0.987470001102074"  "0.987470001102074" 
[22] "0.983085245723026"  "0.983085245723026"  "0.99"              
[25] "0.99"               "0.99"               "0.99"              
[28] "0.99"               "0.99"               "0.647448226866786" 
[31] "0.647448226866786"  "0.0231764172958096" "0.0231764172958096"
[34] "0.652048634482195"  "0.652048634482195"  "0.226834509530785" 
[37] "0.226834509530785"  "0.0259835521571665" "0.0259835521571665"
[40] "0.0229458238233618" "0.0229458238233618" "beta :"            
[43] "1"                 
[1] " old Likelihood:  -8260273.46081611"
[1] "New Likelihood:  -8260255.59805938"
iter:  0  f-value:  14066.44  pgrad:  0.658635 
iter:  10  f-value:  14066.41  pgrad:  0.7707681 
iter:  20  f-value:  14066.4  pgrad:  0.6579103 
iter:  30  f-value:  14066.4  pgrad:  0.4829053 
iter:  40  f-value:  14066.4  pgrad:  0.527581 
iter:  50  f-value:  14066.4  pgrad:  0.402415 
  Unsuccessful convergence.
Time difference of 19.25551 mins
[1] "maxIt: 20"
[1] "It: 16"
 [1] "sigma:"             "0.980509172130881"  "0.980509172130881" 
 [4] "0.963229598149887"  "0.963229598149887"  "0.974584679075848" 
 [7] "0.974584679075848"  "0.99"               "0.99"              
[10] "0.99"               "0.99"               "0.985693439337285" 
[13] "0.985693439337285"  "0.99"               "0.99"              
[16] "0.99"               "0.99"               "0.99"              
[19] "0.99"               "0.987429763392156"  "0.987429763392156" 
[22] "0.983128124239999"  "0.983128124239999"  "0.99"              
[25] "0.99"               "0.99"               "0.99"              
[28] "0.99"               "0.99"               "0.647369541191039" 
[31] "0.647369541191039"  "0.0192747266795623" "0.0192747266795623"
[34] "0.656549933334461"  "0.656549933334461"  "0.232564735278765" 
[37] "0.232564735278765"  "0.0308082894956779" "0.0308082894956779"
[40] "0.0239484578077437" "0.0239484578077437" "beta :"            
[43] "1"                 
 [1] "sigma:"             "0.980509172130881"  "0.980509172130881" 
 [4] "0.963229598149887"  "0.963229598149887"  "0.974584679075848" 
 [7] "0.974584679075848"  "0.99"               "0.99"              
[10] "0.99"               "0.99"               "0.985693439337285" 
[13] "0.985693439337285"  "0.99"               "0.99"              
[16] "0.99"               "0.99"               "0.99"              
[19] "0.99"               "0.987429763392156"  "0.987429763392156" 
[22] "0.983128124239999"  "0.983128124239999"  "0.99"              
[25] "0.99"               "0.99"               "0.99"              
[28] "0.99"               "0.99"               "0.647369541191039" 
[31] "0.647369541191039"  "0.0192747266795623" "0.0192747266795623"
[34] "0.656549933334461"  "0.656549933334461"  "0.232564735278765" 
[37] "0.232564735278765"  "0.0308082894956779" "0.0308082894956779"
[40] "0.0239484578077437" "0.0239484578077437" "beta :"            
[43] "1"                 
[1] " old Likelihood:  -8260255.59805938"
[1] "New Likelihood:  -8260238.6474212"
iter:  0  f-value:  14070.02  pgrad:  0.5399136 
iter:  10  f-value:  14070  pgrad:  0.6793016 
iter:  20  f-value:  14070  pgrad:  0.5628317 
iter:  30  f-value:  14069.99  pgrad:  0.4488902 
iter:  40  f-value:  14069.99  pgrad:  0.3517926 
iter:  50  f-value:  14069.99  pgrad:  0.5228023 
  Unsuccessful convergence.
Time difference of 19.24997 mins
[1] "maxIt: 20"
[1] "It: 17"
 [1] "sigma:"             "0.980194290380919"  "0.980194290380919" 
 [4] "0.963393330685245"  "0.963393330685245"  "0.975132673573724" 
 [7] "0.975132673573724"  "0.99"               "0.99"              
[10] "0.99"               "0.99"               "0.985532147557323" 
[13] "0.985532147557323"  "0.99"               "0.99"              
[16] "0.99"               "0.99"               "0.99"              
[19] "0.99"               "0.987434641541656"  "0.987434641541656" 
[22] "0.983167155070721"  "0.983167155070721"  "0.99"              
[25] "0.99"               "0.99"               "0.99"              
[28] "0.99"               "0.99"               "0.647705363973898" 
[31] "0.647705363973898"  "0.0132216902380767" "0.0132216902380767"
[34] "0.659494272736823"  "0.659494272736823"  "0.238839590210174" 
[37] "0.238839590210174"  "0.036753003243681"  "0.036753003243681" 
[40] "0.0252517183084517" "0.0252517183084517" "beta :"            
[43] "1"                 
 [1] "sigma:"             "0.980194290380919"  "0.980194290380919" 
 [4] "0.963393330685245"  "0.963393330685245"  "0.975132673573724" 
 [7] "0.975132673573724"  "0.99"               "0.99"              
[10] "0.99"               "0.99"               "0.985532147557323" 
[13] "0.985532147557323"  "0.99"               "0.99"              
[16] "0.99"               "0.99"               "0.99"              
[19] "0.99"               "0.987434641541656"  "0.987434641541656" 
[22] "0.983167155070721"  "0.983167155070721"  "0.99"              
[25] "0.99"               "0.99"               "0.99"              
[28] "0.99"               "0.99"               "0.647705363973898" 
[31] "0.647705363973898"  "0.0132216902380767" "0.0132216902380767"
[34] "0.659494272736823"  "0.659494272736823"  "0.288339590210174" 
[37] "0.288339590210174"  "0.036753003243681"  "0.036753003243681" 
[40] "0.0252517183084517" "0.0252517183084517" "beta :"            
[43] "1"                 
[1] " old Likelihood:  -8260238.6474212"
[1] "New Likelihood:  -8260226.04145936"
iter:  0  f-value:  13958.13  pgrad:  0.6661558 
iter:  10  f-value:  13958.11  pgrad:  0.7086339 
iter:  20  f-value:  13958.11  pgrad:  0.6740629 
iter:  30  f-value:  13958.1  pgrad:  0.5146467 
iter:  40  f-value:  13958.1  pgrad:  0.3691457 
iter:  50  f-value:  13958.1  pgrad:  0.3371861 
  Unsuccessful convergence.
Time difference of 19.17388 mins
[1] "maxIt: 20"
[1] "It: 18"
 [1] "sigma:"              "0.979974676818054"   "0.979974676818054"  
 [4] "0.963492278665977"   "0.963492278665977"   "0.975477903229534"  
 [7] "0.975477903229534"   "0.99"                "0.99"               
[10] "0.99"                "0.99"                "0.985451217236582"  
[13] "0.985451217236582"   "0.99"                "0.99"               
[16] "0.99"                "0.99"                "0.99"               
[19] "0.99"                "0.987406129294706"   "0.987406129294706"  
[22] "0.983233043030251"   "0.983233043030251"   "0.99"               
[25] "0.99"                "0.99"                "0.99"               
[28] "0.99"                "0.99"                "0.647334212428917"  
[31] "0.647334212428917"   "0.00968834594408023" "0.00968834594408023"
[34] "0.663172188900505"   "0.663172188900505"   "0.2933114163262"    
[37] "0.2933114163262"     "0.0407390650477261"  "0.0407390650477261" 
[40] "0.0260632965174812"  "0.0260632965174812"  "beta :"             
[43] "1"                  
 [1] "sigma:"              "0.979974676818054"   "0.979974676818054"  
 [4] "0.963492278665977"   "0.963492278665977"   "0.975477903229534"  
 [7] "0.975477903229534"   "0.99"                "0.99"               
[10] "0.99"                "0.99"                "0.985451217236582"  
[13] "0.985451217236582"   "0.99"                "0.99"               
[16] "0.99"                "0.99"                "0.99"               
[19] "0.99"                "0.987406129294706"   "0.987406129294706"  
[22] "0.983233043030251"   "0.983233043030251"   "0.99"               
[25] "0.99"                "0.99"                "0.99"               
[28] "0.99"                "0.99"                "0.647334212428917"  
[31] "0.647334212428917"   "0.00968834594408023" "0.00968834594408023"
[34] "0.663172188900505"   "0.663172188900505"   "0.2933114163262"    
[37] "0.2933114163262"     "0.0407390650477261"  "0.0407390650477261" 
[40] "0.0260632965174812"  "0.0260632965174812"  "beta :"             
[43] "1"                  
[1] " old Likelihood:  -8260226.04145936"
[1] "New Likelihood:  -8260214.16585937"
iter:  0  f-value:  13961.08  pgrad:  0.5392153 
iter:  10  f-value:  13961.07  pgrad:  0.6110531 
iter:  20  f-value:  13961.07  pgrad:  0.465734 
iter:  30  f-value:  13961.07  pgrad:  0.3660534 
iter:  40  f-value:  13961.07  pgrad:  0.3438799 
iter:  50  f-value:  13961.07  pgrad:  0.2619163 
  Unsuccessful convergence.
Time difference of 19.20338 mins
[1] "maxIt: 20"
[1] "It: 19"
 [1] "sigma:"              "0.9797353722465"     "0.9797353722465"    
 [4] "0.96359039301877"    "0.96359039301877"    "0.975844114282273"  
 [7] "0.975844114282273"   "0.99"                "0.99"               
[10] "0.99"                "0.99"                "0.985394186586379"  
[13] "0.985394186586379"   "0.99"                "0.99"               
[16] "0.99"                "0.99"                "0.99"               
[19] "0.99"                "0.987376660700111"   "0.987376660700111"  
[22] "0.983298314780448"   "0.983298314780448"   "0.99"               
[25] "0.99"                "0.99"                "0.99"               
[28] "0.99"                "0.99"                "0.647058461975989"  
[31] "0.647058461975989"   "0.00570016903415241" "0.00570016903415241"
[34] "0.665599325693294"   "0.665599325693294"   "0.29770276069004"   
[37] "0.29770276069004"    "0.0443399486266658"  "0.0443399486266658" 
[40] "0.0268024388238001"  "0.0268024388238001"  "beta :"             
[43] "1"                  
 [1] "sigma:"              "0.9797353722465"     "0.9797353722465"    
 [4] "0.96359039301877"    "0.96359039301877"    "0.975844114282273"  
 [7] "0.975844114282273"   "0.99"                "0.99"               
[10] "0.99"                "0.99"                "0.985394186586379"  
[13] "0.985394186586379"   "0.99"                "0.99"               
[16] "0.99"                "0.99"                "0.99"               
[19] "0.99"                "0.987376660700111"   "0.987376660700111"  
[22] "0.983298314780448"   "0.983298314780448"   "0.99"               
[25] "0.99"                "0.99"                "0.99"               
[28] "0.99"                "0.99"                "0.647058461975989"  
[31] "0.647058461975989"   "0.00570016903415241" "0.00570016903415241"
[34] "0.665599325693294"   "0.665599325693294"   "0.34720276069004"   
[37] "0.34720276069004"    "0.0443399486266658"  "0.0443399486266658" 
[40] "0.0268024388238001"  "0.0268024388238001"  "beta :"             
[43] "1"                  
[1] " old Likelihood:  -8260214.16585937"
[1] "New Likelihood:  -8260204.62893241"
iter:  0  f-value:  13844.47  pgrad:  0.6723226 
iter:  10  f-value:  13844.45  pgrad:  0.6492843 
iter:  20  f-value:  13844.44  pgrad:  0.6334631 
iter:  30  f-value:  13844.44  pgrad:  0.3509376 
iter:  40  f-value:  13844.44  pgrad:  0.3204332 
iter:  50  f-value:  13844.44  pgrad:  0.2785055 
  Unsuccessful convergence.
Time difference of 19.24177 mins
[1] "maxIt: 20"
[1] "It: 20"
 [1] "sigma:"              "0.979461282879006"   "0.979461282879006"  
 [4] "0.963680399043805"   "0.963680399043805"   "0.976211835970241"  
 [7] "0.976211835970241"   "0.99"                "0.99"               
[10] "0.99"                "0.99"                "0.985349154593875"  
[13] "0.985349154593875"   "0.99"                "0.99"               
[16] "0.99"                "0.99"                "0.99"               
[19] "0.99"                "0.987348154701652"   "0.987348154701652"  
[22] "0.983349490367901"   "0.983349490367901"   "0.99"               
[25] "0.99"                "0.99"                "0.99"               
[28] "0.99"                "0.99"                "0.646574597398032"  
[31] "0.646574597398032"   "0.00201591365229311" "0.00201591365229311"
[34] "0.668943868429337"   "0.668943868429337"   "0.351957365600919"  
[37] "0.351957365600919"   "0.0480962073452424"  "0.0480962073452424" 
[40] "0.0275626242418916"  "0.0275626242418916"  "beta :"             
[43] "1"                  
 [1] "sigma:"              "0.979461282879006"   "0.979461282879006"  
 [4] "0.963680399043805"   "0.963680399043805"   "0.976211835970241"  
 [7] "0.976211835970241"   "0.99"                "0.99"               
[10] "0.99"                "0.99"                "0.985349154593875"  
[13] "0.985349154593875"   "0.99"                "0.99"               
[16] "0.99"                "0.99"                "0.99"               
[19] "0.99"                "0.987348154701652"   "0.987348154701652"  
[22] "0.983349490367901"   "0.983349490367901"   "0.99"               
[25] "0.99"                "0.99"                "0.99"               
[28] "0.99"                "0.99"                "0.646574597398032"  
[31] "0.646574597398032"   "0.00201591365229311" "0.00201591365229311"
[34] "0.668943868429337"   "0.668943868429337"   "0.351957365600919"  
[37] "0.351957365600919"   "0.0480962073452424"  "0.0480962073452424" 
[40] "0.0275626242418916"  "0.0275626242418916"  "beta :"             
[43] "1"                  
[1] " old Likelihood:  -8260204.62893241"
[1] "New Likelihood:  -8260195.228917"
iter:  0  f-value:  13848.01  pgrad:  0.5386875 
iter:  10  f-value:  13848  pgrad:  0.588534 
iter:  20  f-value:  13848  pgrad:  0.4468893 
iter:  30  f-value:  13848  pgrad:  0.3800778 
iter:  40  f-value:  13848  pgrad:  0.5243636 
iter:  50  f-value:  13848  pgrad:  0.2612251 
  Unsuccessful convergence.
Time difference of 19.01789 mins
 [1] "sigma:"             "0.979284251392195"  "0.979284251392195" 
 [4] "0.963735715542444"  "0.963735715542444"  "0.97644228628473"  
 [7] "0.97644228628473"   "0.99"               "0.99"              
[10] "0.99"               "0.99"               "0.985325038937528" 
[13] "0.985325038937528"  "0.99"               "0.99"              
[16] "0.99"               "0.99"               "0.99"              
[19] "0.99"               "0.987314500025544"  "0.987314500025544" 
[22] "0.983410862210118"  "0.983410862210118"  "0.99"              
[25] "0.99"               "0.99"               "0.99"              
[28] "0.99"               "0.99"               "0.646001071305243" 
[31] "0.646001071305243"  "0"                  "0"                 
[34] "0.670679602271293"  "0.670679602271293"  "0.35493102070472"  
[37] "0.35493102070472"   "0.0501501879628466" "0.0501501879628466"
[40] "0.0279539828224489" "0.0279539828224489" "beta :"            
[43] "1"                 
[1] 1999886 1999714 1999378 1999288 1999874
[1] 1 1 1 1 1
saved RDS
inference successful
