[1] "Original length"
[1] 998632
[1] "Final length"
[1] 9457
[1] "sequence length : 998633" "sequence length : 999817"
[3] "sequence length : 999683" "sequence length : 999763"
[5] "sequence length : 999565"
[1] "former Rho:"
[1]  527.4645 1491.2495  919.5714  636.1283 1229.5495
[1] "old mu :"
[1] 0.0002640932 0.0007457612 0.0004599315 0.0003181396 0.0006150423
[1] "new mu :"
[1] 0.0004805936
[1] "new Rho:"
[1] 959.8732 961.0112 960.8824 960.9593 960.7690
[1] 1 1 1 1 1
[1] "Beta: 1"
[1] "Self: 0"
[1] 1
[1] "Rho"
[1] 959.8732 961.0112 960.8824 960.9593 960.7690
[1] "It: 1"
[1] "sigma:" "0"      "beta :" "1"     
[1] "rho/theta:" "1"         
[1] "sigma:" "0.9405" "beta :" "1"     
[1] "rho/theta:" "1"         
Time difference of 1.995477 secs
[1] "New Likelihood:  -6840599.53308714"
[1] 4997456
[1] 4997461
iter:  0  f-value:  2923.177  pgrad:  0.5 
iter:  10  f-value:  2875.815  pgrad:  0.9663774 
iter:  20  f-value:  2875.307  pgrad:  0.5499059 
iter:  30  f-value:  2875.268  pgrad:  0.548784 
  Unsuccessful convergence.
[1] 0.9660469
 [1] "Xi: 0.500856661636794" "Xi: 0.499773362304791" "Xi: 0.500691938798531"
 [4] "Xi: 0.506456642684884" "Xi: 0.517635441965723" "Xi: 0.524750847728116"
 [7] "Xi: 0.550264932708084" "Xi: 0.551007417806802" "Xi: 0.550092414593652"
[10] "Xi: 0.548709506731845" "Xi: 0.548923383233877" "Xi: 0.53320548068779" 
[13] "Xi: 0.514232513019181" "Xi: 0.506968958350085" "Xi: 0.518678562742823"
[16] "Xi: 0.563366231711051" "Xi: 0.570254021648484" "Xi: 0.545513502306635"
[19] "Xi: 0.530982357719286" "Xi: 0.529784823492281"
Time difference of 32.36746 mins
[1] "Rho"
[1] 959.8732 961.0112 960.8824 960.9593 960.7690
[1] "It: 2"
[1] "sigma:"            "0.956386463506534" "beta :"           
[4] "1"                
[1] "rho/theta:" "1"         
Time difference of 2.00023 secs
[1] " old Likelihood:  -6840599.53308714"
[1] "New Likelihood:  -6827168.74728464"
[1] 4997456
[1] 4997461
iter:  0  f-value:  2767.475  pgrad:  0.5142325 
iter:  10  f-value:  2760.008  pgrad:  0.5763929 
iter:  20  f-value:  2759.741  pgrad:  0.9700169 
iter:  30  f-value:  2759.72  pgrad:  0.5742522 
  Unsuccessful convergence.
[1] 0.9697399
 [1] "Xi: 0.500813882954866" "Xi: 0.499016388268425" "Xi: 0.499505274824397"
 [4] "Xi: 0.506474087561093" "Xi: 0.518560943451687" "Xi: 0.514850576614616"
 [7] "Xi: 0.532690952145857" "Xi: 0.571039044259456" "Xi: 0.542020431814965"
[10] "Xi: 0.5709966081462"   "Xi: 0.574252230151324" "Xi: 0.549877653662035"
[13] "Xi: 0.51685297443095"  "Xi: 0.507387747599091" "Xi: 0.530126964802428"
[16] "Xi: 0.600368483109049" "Xi: 0.595006858891302" "Xi: 0.564263456737793"
[19] "Xi: 0.547789089299291" "Xi: 0.546353902504827"
Time difference of 3.723291 mins
[1] "Rho"
[1] 959.8732 961.0112 960.8824 960.9593 960.7690
[1] "It: 3"
[1] "sigma:"            "0.960042475942557" "beta :"           
[4] "1"                
[1] "rho/theta:" "1"         
Time difference of 2.008585 secs
[1] " old Likelihood:  -6827168.74728464"
[1] "New Likelihood:  -6824982.08924352"
[1] 4997456
[1] 4997461
iter:  0  f-value:  2717.969  pgrad:  0.5709966 
iter:  10  f-value:  2716.503  pgrad:  0.5871503 
iter:  20  f-value:  2716.442  pgrad:  0.5863708 
iter:  30  f-value:  2716.436  pgrad:  0.9710492 
  Unsuccessful convergence.
[1] 0.9709397
 [1] "Xi: 0.500826913413627" "Xi: 0.498614239619918" "Xi: 0.498914665592187"
 [4] "Xi: 0.506528247159688" "Xi: 0.519415575850222" "Xi: 0.511528451934582"
 [7] "Xi: 0.524729139469428" "Xi: 0.576706321227224" "Xi: 0.528119195726028"
[10] "Xi: 0.556731966688613" "Xi: 0.584664907982912" "Xi: 0.557017255626484"
[13] "Xi: 0.514780164080332" "Xi: 0.504176402174336" "Xi: 0.533264546164098"
[16] "Xi: 0.620312624089857" "Xi: 0.601815859033547" "Xi: 0.571349732457596"
[19] "Xi: 0.557705137847855" "Xi: 0.557031665623492"
Time difference of 3.731269 mins
[1] "Rho"
[1] 959.8732 961.0112 960.8824 960.9593 960.7690
[1] "It: 4"
[1] "sigma:"            "0.961230297504479" "beta :"           
[4] "1"                
[1] "rho/theta:" "1"         
Time difference of 1.999969 secs
[1] " old Likelihood:  -6824982.08924352"
[1] "New Likelihood:  -6824508.06602036"
[1] 4997456
[1] 4997461
iter:  0  f-value:  2691.387  pgrad:  0.556732 
iter:  10  f-value:  2690.918  pgrad:  0.5632505 
iter:  20  f-value:  2690.902  pgrad:  0.6436539 
iter:  30  f-value:  2690.902  pgrad:  0.2923844 
  Unsuccessful convergence.
[1] 0.9714853
 [1] "Xi: 0.500838807154533" "Xi: 0.498422962762922" "Xi: 0.498602691098475"
 [4] "Xi: 0.506600046216253" "Xi: 0.520008509224049" "Xi: 0.510324221182513"
 [7] "Xi: 0.521183028225394" "Xi: 0.580747451897776" "Xi: 0.529645598875847"
[10] "Xi: 0.54927192069215"  "Xi: 0.590544855291321" "Xi: 0.561980021476093"
[13] "Xi: 0.512839107662679" "Xi: 0.501181299694822" "Xi: 0.533462317071214"
[16] "Xi: 0.63342358673215"  "Xi: 0.60222156736051"  "Xi: 0.573731022732221"
[19] "Xi: 0.563970228265604" "Xi: 0.56411838879238" 
Time difference of 3.72996 mins
[1] "Rho"
[1] 959.8732 961.0112 960.8824 960.9593 960.7690
[1] "It: 5"
[1] "sigma:"            "0.961770466401641" "beta :"           
[4] "1"                
[1] "rho/theta:" "1"         
Time difference of 2.00563 secs
[1] " old Likelihood:  -6824508.06602036"
[1] "New Likelihood:  -6824342.34006806"
[1] 4997456
[1] 4997461
iter:  0  f-value:  2673.299  pgrad:  0.6022216 
iter:  10  f-value:  2673.07  pgrad:  0.4891983 
iter:  20  f-value:  2673.067  pgrad:  0.9717918 
iter:  30  f-value:  2673.075  pgrad:  0.9720277 
  Unsuccessful convergence.
[1] 0.9717742
 [1] "Xi: 0.500843397898095" "Xi: 0.498332022517169" "Xi: 0.498445592116243"
 [4] "Xi: 0.506632440757145" "Xi: 0.520316284646572" "Xi: 0.509825865326166"
 [7] "Xi: 0.519478361466933" "Xi: 0.58260765152139"  "Xi: 0.530991336488276"
[10] "Xi: 0.545023050045133" "Xi: 0.593769612445296" "Xi: 0.565431334205973"
[13] "Xi: 0.511522431904697" "Xi: 0.499090227864403" "Xi: 0.532785394924486"
[16] "Xi: 0.643765130198812" "Xi: 0.600649694237799" "Xi: 0.574286463198316"
[19] "Xi: 0.568081428946134" "Xi: 0.568829070109738"
Time difference of 3.727344 mins
[1] "Rho"
[1] 959.8732 961.0112 960.8824 960.9593 960.7690
[1] "It: 6"
[1] "sigma:"            "0.962056410147208" "beta :"           
[4] "1"                
[1] "rho/theta:" "1"         
Time difference of 2.088995 secs
[1] " old Likelihood:  -6824342.34006806"
[1] "New Likelihood:  -6824258.86170832"
[1] 4997456
[1] 4997461
iter:  0  f-value:  2660.062  pgrad:  0.6006497 
iter:  10  f-value:  2659.93  pgrad:  0.4897986 
iter:  20  f-value:  2659.924  pgrad:  0.5559377 
iter:  30  f-value:  2659.924  pgrad:  0.3981404 
  Unsuccessful convergence.
[1] 0.9719454
 [1] "Xi: 0.500841959974908" "Xi: 0.498260460202313" "Xi: 0.498334757728005"
 [4] "Xi: 0.50665784795374"  "Xi: 0.520535287091856" "Xi: 0.509502354522502"
 [7] "Xi: 0.518305133025525" "Xi: 0.58389451610118"  "Xi: 0.532091626591323"
[10] "Xi: 0.542268523328446" "Xi: 0.595756563615894" "Xi: 0.568252105588727"
[13] "Xi: 0.510742648583833" "Xi: 0.497819863501208" "Xi: 0.531886279953363"
[16] "Xi: 0.652837085901202" "Xi: 0.598722379400733" "Xi: 0.574216112477319"
[19] "Xi: 0.57085495708781"  "Xi: 0.571930436384966"
Time difference of 3.723801 mins
[1] "Rho"
[1] 959.8732 961.0112 960.8824 960.9593 960.7690
[1] "It: 7"
[1] "sigma:"            "0.962225993226479" "beta :"           
[4] "1"                
[1] "rho/theta:" "1"         
Time difference of 2.020027 secs
[1] " old Likelihood:  -6824258.86170832"
[1] "New Likelihood:  -6824208.14025774"
[1] 4997456
[1] 4997461
iter:  0  f-value:  2650.221  pgrad:  0.5987224 
iter:  10  f-value:  2650.145  pgrad:  0.5035447 
iter:  20  f-value:  2650.13  pgrad:  0.1304215 
iter:  30  f-value:  2581.641  pgrad:  0.9999329 
  Unsuccessful convergence.
[1] 0.9838048
 [1] "Xi: 2.2332173759128e-06"  "Xi: 2.14330536350683e-06"
 [3] "Xi: 5.98023235117868e-06" "Xi: 0.999999514254709"   
 [5] "Xi: 0.999996438971519"    "Xi: 0.000139691311839995"
 [7] "Xi: 0.000548580859472443" "Xi: 0.999983231773041"   
 [9] "Xi: 0.999911036396914"    "Xi: 0.0143248329883281"  
[11] "Xi: 0.999804182720333"    "Xi: 0.99938099918873"    
[13] "Xi: 0.997454166396852"    "Xi: 0.995235834287504"   
[15] "Xi: 0.994720596358609"    "Xi: 0.997734646569047"   
[17] "Xi: 0.990570926545788"    "Xi: 2.03558212524438e-06"
[19] "Xi: 0.997045199486431"    "Xi: 0.998801859896171"   
Time difference of 3.730459 mins
[1] "Rho"
[1] 959.8732 961.0112 960.8824 960.9593 960.7690
[1] "It: 8"
[1] "sigma:"            "0.973966779645294" "beta :"           
[4] "1"                
[1] "rho/theta:" "1"         
Time difference of 2.018795 secs
[1] " old Likelihood:  -6824208.14025774"
[1] "New Likelihood:  -6972826.11157916"
Time difference of 3.36776 mins
[1] 1 1 1 1 1
[1] 1 1 1 1 1
saved RDS
inference successful
