[1] "Original length"
[1] 998632
[1] "Final length"
[1] 9457
[1] "sequence length : 998633" "sequence length : 999817"
[3] "sequence length : 999683" "sequence length : 999763"
[5] "sequence length : 999565"
[1] 1 1 1 1 1
[1] "Beta: 1"
[1] "Self: 0.5"
 [1] 0 0 0 0 0 0 0 0 0 0 0 0 0 0 0 0 0 0 0 0
[1] "maxIt: 20"
[1] "It: 1"
 [1] "sigma:" "0.5"    "0.5"    "0.5"    "0.5"    "0.5"    "0.5"    "0.5"   
 [9] "0.5"    "0.5"    "0.5"    "0.5"    "0.5"    "0.5"    "0.5"    "0.5"   
[17] "0.5"    "0.5"    "0.5"    "0"      "0"      "0"      "0"      "0"     
[25] "0"      "0"      "0"      "0"      "0"      "0"      "0"      "0"     
[33] "0"      "0"      "0"      "0"      "0"      "0"      "0"      "0"     
[41] "0"      "beta :" "1"     
[1] 6853520
[1] 6853159
[1] 6852974
[1] 6852697
[1] 6852282
[1] 6851665
[1] 6850770
[1] 6849505
[1] 6847748
[1] 6845359
[1] 6842178
[1] 6837997
[1] 6832884
[1] 6827490
[1] 6823257
[1] 6820969
[1] 6821529
[1] 6824721
[1] 6827465
[1] 6829077
[1] 6829280
 [1] "sigma:" "0.9655" "0.9655" "0.9655" "0.9655" "0.9655" "0.9655" "0.9655"
 [9] "0.9655" "0.9655" "0.9655" "0.9655" "0.9655" "0.9655" "0.9655" "0.9655"
[17] "0.9655" "0.9655" "0.9655" "0.9655" "0.9655" "0.9655" "0.9655" "0.9655"
[25] "0.9655" "0.9655" "0.9655" "0.9655" "0.9655" "0.9655" "0.9655" "0.475" 
[33] "0.475"  "0.475"  "0.475"  "0.475"  "0.475"  "0.475"  "0.475"  "0.475" 
[41] "0.475"  "beta :" "1"     
[1] "New Likelihood:  -6820968.96763682"
iter:  0  f-value:  8064.93  pgrad:  0.95 
iter:  10  f-value:  8058.912  pgrad:  0.5072461 
iter:  20  f-value:  8058.708  pgrad:  0.4929189 
iter:  30  f-value:  8058.652  pgrad:  0.4958402 
  Unsuccessful convergence.
Time difference of 30.5095 mins
[1] "maxIt: 20"
[1] "It: 2"
 [1] "sigma:"            "0.975008758359209" "0.975008758359209"
 [4] "0.975008758359209" "0.975008758359209" "0.975008758359209"
 [7] "0.975008758359209" "0.975008758359209" "0.975008758359209"
[10] "0.975008758359209" "0.975008758359209" "0.975008758359209"
[13] "0.975008758359209" "0.975008758359209" "0.975008758359209"
[16] "0.975008758359209" "0.975008758359209" "0.975008758359209"
[19] "0.975008758359209" "0.975008758359209" "0.975008758359209"
[22] "0.975008758359209" "0.975008758359209" "0.975008758359209"
[25] "0.975008758359209" "0.975008758359209" "0.975008758359209"
[28] "0.975008758359209" "0.975008758359209" "0.975008758359209"
[31] "0.975008758359209" "0.486711306949988" "0.486711306949988"
[34] "0.486711306949988" "0.486711306949988" "0.486711306949988"
[37] "0.486711306949988" "0.486711306949988" "0.486711306949988"
[40] "0.486711306949988" "0.486711306949988" "beta :"           
[43] "1"                
[1] 6821598
[1] 6818533
[1] 6819324
 [1] "sigma:"            "0.975008758359209" "0.975008758359209"
 [4] "0.975008758359209" "0.975008758359209" "0.975008758359209"
 [7] "0.975008758359209" "0.975008758359209" "0.975008758359209"
[10] "0.975008758359209" "0.975008758359209" "0.975008758359209"
[13] "0.975008758359209" "0.975008758359209" "0.975008758359209"
[16] "0.975008758359209" "0.975008758359209" "0.975008758359209"
[19] "0.975008758359209" "0.975008758359209" "0.975008758359209"
[22] "0.975008758359209" "0.975008758359209" "0.975008758359209"
[25] "0.975008758359209" "0.975008758359209" "0.975008758359209"
[28] "0.975008758359209" "0.975008758359209" "0.975008758359209"
[31] "0.975008758359209" "0.311711306949988" "0.311711306949988"
[34] "0.311711306949988" "0.311711306949988" "0.311711306949988"
[37] "0.311711306949988" "0.311711306949988" "0.311711306949988"
[40] "0.311711306949988" "0.311711306949988" "beta :"           
[43] "1"                
[1] " old Likelihood:  -6820968.96763682"
[1] "New Likelihood:  -6818533.15304723"
iter:  0  f-value:  9252.948  pgrad:  0.5041799 
iter:  10  f-value:  9250.237  pgrad:  0.5069198 
iter:  20  f-value:  9250.216  pgrad:  0.5099107 
iter:  30  f-value:  9250.215  pgrad:  0.4587187 
  Unsuccessful convergence.
Time difference of 10.28565 mins
[1] "maxIt: 20"
[1] "It: 3"
 [1] "sigma:"            "0.980733567400848" "0.980733567400848"
 [4] "0.980733567400848" "0.980733567400848" "0.980733567400848"
 [7] "0.980733567400848" "0.980733567400848" "0.980733567400848"
[10] "0.980733567400848" "0.980733567400848" "0.980733567400848"
[13] "0.980733567400848" "0.980733567400848" "0.980733567400848"
[16] "0.980733567400848" "0.980733567400848" "0.980733567400848"
[19] "0.980733567400848" "0.980733567400848" "0.980733567400848"
[22] "0.980733567400848" "0.980733567400848" "0.980733567400848"
[25] "0.980733567400848" "0.980733567400848" "0.980733567400848"
[28] "0.980733567400848" "0.980733567400848" "0.980733567400848"
[31] "0.980733567400848" "0.312167706568971" "0.312167706568971"
[34] "0.312167706568971" "0.312167706568971" "0.312167706568971"
[37] "0.312167706568971" "0.312167706568971" "0.312167706568971"
[40] "0.312167706568971" "0.312167706568971" "beta :"           
[43] "1"                
[1] 6820696
[1] 6817583
[1] 6819105
 [1] "sigma:"            "0.980733567400848" "0.980733567400848"
 [4] "0.980733567400848" "0.980733567400848" "0.980733567400848"
 [7] "0.980733567400848" "0.980733567400848" "0.980733567400848"
[10] "0.980733567400848" "0.980733567400848" "0.980733567400848"
[13] "0.980733567400848" "0.980733567400848" "0.980733567400848"
[16] "0.980733567400848" "0.980733567400848" "0.980733567400848"
[19] "0.980733567400848" "0.980733567400848" "0.980733567400848"
[22] "0.980733567400848" "0.980733567400848" "0.980733567400848"
[25] "0.980733567400848" "0.980733567400848" "0.980733567400848"
[28] "0.980733567400848" "0.980733567400848" "0.980733567400848"
[31] "0.980733567400848" "0.287167706568971" "0.287167706568971"
[34] "0.287167706568971" "0.287167706568971" "0.287167706568971"
[37] "0.287167706568971" "0.287167706568971" "0.287167706568971"
[40] "0.287167706568971" "0.287167706568971" "beta :"           
[43] "1"                
[1] " old Likelihood:  -6818533.15304723"
[1] "New Likelihood:  -6817583.48855484"
iter:  0  f-value:  9228.614  pgrad:  0.5352721 
iter:  10  f-value:  9227.178  pgrad:  0.5264515 
iter:  20  f-value:  9227.166  pgrad:  0.4652163 
iter:  30  f-value:  9227.165  pgrad:  0.5142436 
  Unsuccessful convergence.
Time difference of 8.079303 mins
[1] "maxIt: 20"
[1] "It: 4"
 [1] "sigma:"           "0.98409942551295" "0.98409942551295" "0.98409942551295"
 [5] "0.98409942551295" "0.98409942551295" "0.98409942551295" "0.98409942551295"
 [9] "0.98409942551295" "0.98409942551295" "0.98409942551295" "0.98409942551295"
[13] "0.98409942551295" "0.98409942551295" "0.98409942551295" "0.98409942551295"
[17] "0.98409942551295" "0.98409942551295" "0.98409942551295" "0.98409942551295"
[21] "0.98409942551295" "0.98409942551295" "0.98409942551295" "0.98409942551295"
[25] "0.98409942551295" "0.98409942551295" "0.98409942551295" "0.98409942551295"
[29] "0.98409942551295" "0.98409942551295" "0.98409942551295" "0.2883595074943" 
[33] "0.2883595074943"  "0.2883595074943"  "0.2883595074943"  "0.2883595074943" 
[37] "0.2883595074943"  "0.2883595074943"  "0.2883595074943"  "0.2883595074943" 
[41] "0.2883595074943"  "beta :"           "1"               
[1] 6820281
[1] 6817068
[1] 6819187
 [1] "sigma:"           "0.98409942551295" "0.98409942551295" "0.98409942551295"
 [5] "0.98409942551295" "0.98409942551295" "0.98409942551295" "0.98409942551295"
 [9] "0.98409942551295" "0.98409942551295" "0.98409942551295" "0.98409942551295"
[13] "0.98409942551295" "0.98409942551295" "0.98409942551295" "0.98409942551295"
[17] "0.98409942551295" "0.98409942551295" "0.98409942551295" "0.98409942551295"
[21] "0.98409942551295" "0.98409942551295" "0.98409942551295" "0.98409942551295"
[25] "0.98409942551295" "0.98409942551295" "0.98409942551295" "0.98409942551295"
[29] "0.98409942551295" "0.98409942551295" "0.98409942551295" "0.2633595074943" 
[33] "0.2633595074943"  "0.2633595074943"  "0.2633595074943"  "0.2633595074943" 
[37] "0.2633595074943"  "0.2633595074943"  "0.2633595074943"  "0.2633595074943" 
[41] "0.2633595074943"  "beta :"           "1"               
[1] " old Likelihood:  -6817583.48855484"
[1] "New Likelihood:  -6817068.26677388"
iter:  0  f-value:  9261.727  pgrad:  0.5356144 
iter:  10  f-value:  9260.937  pgrad:  0.4743616 
iter:  20  f-value:  9260.937  pgrad:  0.6908886 
iter:  30  f-value:  9260.936  pgrad:  0.1419903 
  Unsuccessful convergence.
Time difference of 8.118263 mins
[1] "maxIt: 20"
[1] "It: 5"
 [1] "sigma:"            "0.986099321117399" "0.986099321117399"
 [4] "0.986099321117399" "0.986099321117399" "0.986099321117399"
 [7] "0.986099321117399" "0.986099321117399" "0.986099321117399"
[10] "0.986099321117399" "0.986099321117399" "0.986099321117399"
[13] "0.986099321117399" "0.986099321117399" "0.986099321117399"
[16] "0.986099321117399" "0.986099321117399" "0.986099321117399"
[19] "0.986099321117399" "0.986099321117399" "0.986099321117399"
[22] "0.986099321117399" "0.986099321117399" "0.986099321117399"
[25] "0.986099321117399" "0.986099321117399" "0.986099321117399"
[28] "0.986099321117399" "0.986099321117399" "0.986099321117399"
[31] "0.986099321117399" "0.264265713860454" "0.264265713860454"
[34] "0.264265713860454" "0.264265713860454" "0.264265713860454"
[37] "0.264265713860454" "0.264265713860454" "0.264265713860454"
[40] "0.264265713860454" "0.264265713860454" "beta :"           
[43] "1"                
[1] 6820113
[1] 6816784
[1] 6819379
 [1] "sigma:"            "0.986099321117399" "0.986099321117399"
 [4] "0.986099321117399" "0.986099321117399" "0.986099321117399"
 [7] "0.986099321117399" "0.986099321117399" "0.986099321117399"
[10] "0.986099321117399" "0.986099321117399" "0.986099321117399"
[13] "0.986099321117399" "0.986099321117399" "0.986099321117399"
[16] "0.986099321117399" "0.986099321117399" "0.986099321117399"
[19] "0.986099321117399" "0.986099321117399" "0.986099321117399"
[22] "0.986099321117399" "0.986099321117399" "0.986099321117399"
[25] "0.986099321117399" "0.986099321117399" "0.986099321117399"
[28] "0.986099321117399" "0.986099321117399" "0.986099321117399"
[31] "0.986099321117399" "0.239265713860454" "0.239265713860454"
[34] "0.239265713860454" "0.239265713860454" "0.239265713860454"
[37] "0.239265713860454" "0.239265713860454" "0.239265713860454"
[40] "0.239265713860454" "0.239265713860454" "beta :"           
[43] "1"                
[1] " old Likelihood:  -6817068.26677388"
[1] "New Likelihood:  -6816783.65945855"
iter:  0  f-value:  9327.732  pgrad:  0.5342833 
iter:  10  f-value:  9327.289  pgrad:  0.4893105 
iter:  20  f-value:  9327.289  pgrad:  0.1178887 
iter:  30  f-value:  9327.289  pgrad:  0.1147237 
  Unsuccessful convergence.
Time difference of 8.120586 mins
[1] "maxIt: 20"
[1] "It: 6"
 [1] "sigma:"            "0.9872743248254"   "0.9872743248254"  
 [4] "0.9872743248254"   "0.9872743248254"   "0.9872743248254"  
 [7] "0.9872743248254"   "0.9872743248254"   "0.9872743248254"  
[10] "0.9872743248254"   "0.9872743248254"   "0.9872743248254"  
[13] "0.9872743248254"   "0.9872743248254"   "0.9872743248254"  
[16] "0.9872743248254"   "0.9872743248254"   "0.9872743248254"  
[19] "0.9872743248254"   "0.9872743248254"   "0.9872743248254"  
[22] "0.9872743248254"   "0.9872743248254"   "0.9872743248254"  
[25] "0.9872743248254"   "0.9872743248254"   "0.9872743248254"  
[28] "0.9872743248254"   "0.9872743248254"   "0.9872743248254"  
[31] "0.9872743248254"   "0.240254923146407" "0.240254923146407"
[34] "0.240254923146407" "0.240254923146407" "0.240254923146407"
[37] "0.240254923146407" "0.240254923146407" "0.240254923146407"
[40] "0.240254923146407" "0.240254923146407" "beta :"           
[43] "1"                
[1] 6819983
[1] 6816625
[1] 6819578
 [1] "sigma:"            "0.9872743248254"   "0.9872743248254"  
 [4] "0.9872743248254"   "0.9872743248254"   "0.9872743248254"  
 [7] "0.9872743248254"   "0.9872743248254"   "0.9872743248254"  
[10] "0.9872743248254"   "0.9872743248254"   "0.9872743248254"  
[13] "0.9872743248254"   "0.9872743248254"   "0.9872743248254"  
[16] "0.9872743248254"   "0.9872743248254"   "0.9872743248254"  
[19] "0.9872743248254"   "0.9872743248254"   "0.9872743248254"  
[22] "0.9872743248254"   "0.9872743248254"   "0.9872743248254"  
[25] "0.9872743248254"   "0.9872743248254"   "0.9872743248254"  
[28] "0.9872743248254"   "0.9872743248254"   "0.9872743248254"  
[31] "0.9872743248254"   "0.240254923146407" "0.240254923146407"
[34] "0.240254923146407" "0.240254923146407" "0.240254923146407"
[37] "0.240254923146407" "0.240254923146407" "0.240254923146407"
[40] "0.240254923146407" "0.240254923146407" "beta :"           
[43] "1"                
[1] " old Likelihood:  -6816783.65945855"
[1] "New Likelihood:  -6816624.82914459"
iter:  0  f-value:  9250.252  pgrad:  0.5270911 
iter:  10  f-value:  9250.023  pgrad:  0.4864346 
iter:  20  f-value:  9250.022  pgrad:  0.2858542 
iter:  30  f-value:  9250.022  pgrad:  0.2203706 
  Unsuccessful convergence.
Time difference of 7.646689 mins
[1] "maxIt: 20"
[1] "It: 7"
 [1] "sigma:"            "0.987984625049669" "0.987984625049669"
 [4] "0.987984625049669" "0.987984625049669" "0.987984625049669"
 [7] "0.987984625049669" "0.987984625049669" "0.987984625049669"
[10] "0.987984625049669" "0.987984625049669" "0.987984625049669"
[13] "0.987984625049669" "0.987984625049669" "0.987984625049669"
[16] "0.987984625049669" "0.987984625049669" "0.987984625049669"
[19] "0.987984625049669" "0.987984625049669" "0.987984625049669"
[22] "0.987984625049669" "0.987984625049669" "0.987984625049669"
[25] "0.987984625049669" "0.987984625049669" "0.987984625049669"
[28] "0.987984625049669" "0.987984625049669" "0.987984625049669"
[31] "0.987984625049669" "0.241789856219693" "0.241789856219693"
[34] "0.241789856219693" "0.241789856219693" "0.241789856219693"
[37] "0.241789856219693" "0.241789856219693" "0.241789856219693"
[40] "0.241789856219693" "0.241789856219693" "beta :"           
[43] "1"                
[1] 6820010
[1] 6816538
[1] 6819751
 [1] "sigma:"            "0.987984625049669" "0.987984625049669"
 [4] "0.987984625049669" "0.987984625049669" "0.987984625049669"
 [7] "0.987984625049669" "0.987984625049669" "0.987984625049669"
[10] "0.987984625049669" "0.987984625049669" "0.987984625049669"
[13] "0.987984625049669" "0.987984625049669" "0.987984625049669"
[16] "0.987984625049669" "0.987984625049669" "0.987984625049669"
[19] "0.987984625049669" "0.987984625049669" "0.987984625049669"
[22] "0.987984625049669" "0.987984625049669" "0.987984625049669"
[25] "0.987984625049669" "0.987984625049669" "0.987984625049669"
[28] "0.987984625049669" "0.987984625049669" "0.987984625049669"
[31] "0.987984625049669" "0.216789856219693" "0.216789856219693"
[34] "0.216789856219693" "0.216789856219693" "0.216789856219693"
[37] "0.216789856219693" "0.216789856219693" "0.216789856219693"
[40] "0.216789856219693" "0.216789856219693" "beta :"           
[43] "1"                
[1] " old Likelihood:  -6816624.82914459"
[1] "New Likelihood:  -6816538.04634847"
iter:  0  f-value:  9358.58  pgrad:  0.5664203 
iter:  10  f-value:  9358.435  pgrad:  0.5224832 
iter:  20  f-value:  9358.435  pgrad:  0.1250555 
iter:  30  f-value:  9358.435  pgrad:  0.1231274 
  Unsuccessful convergence.
Time difference of 8.066216 mins
[1] "maxIt: 20"
[1] "It: 8"
 [1] "sigma:"            "0.988420882747591" "0.988420882747591"
 [4] "0.988420882747591" "0.988420882747591" "0.988420882747591"
 [7] "0.988420882747591" "0.988420882747591" "0.988420882747591"
[10] "0.988420882747591" "0.988420882747591" "0.988420882747591"
[13] "0.988420882747591" "0.988420882747591" "0.988420882747591"
[16] "0.988420882747591" "0.988420882747591" "0.988420882747591"
[19] "0.988420882747591" "0.988420882747591" "0.988420882747591"
[22] "0.988420882747591" "0.988420882747591" "0.988420882747591"
[25] "0.988420882747591" "0.988420882747591" "0.988420882747591"
[28] "0.988420882747591" "0.988420882747591" "0.988420882747591"
[31] "0.988420882747591" "0.21760844172731"  "0.21760844172731" 
[34] "0.21760844172731"  "0.21760844172731"  "0.21760844172731" 
[37] "0.21760844172731"  "0.21760844172731"  "0.21760844172731" 
[40] "0.21760844172731"  "0.21760844172731"  "beta :"           
[43] "1"                
[1] 6819974
[1] 6816485
[1] 6819890
 [1] "sigma:"            "0.988420882747591" "0.988420882747591"
 [4] "0.988420882747591" "0.988420882747591" "0.988420882747591"
 [7] "0.988420882747591" "0.988420882747591" "0.988420882747591"
[10] "0.988420882747591" "0.988420882747591" "0.988420882747591"
[13] "0.988420882747591" "0.988420882747591" "0.988420882747591"
[16] "0.988420882747591" "0.988420882747591" "0.988420882747591"
[19] "0.988420882747591" "0.988420882747591" "0.988420882747591"
[22] "0.988420882747591" "0.988420882747591" "0.988420882747591"
[25] "0.988420882747591" "0.988420882747591" "0.988420882747591"
[28] "0.988420882747591" "0.988420882747591" "0.988420882747591"
[31] "0.988420882747591" "0.21760844172731"  "0.21760844172731" 
[34] "0.21760844172731"  "0.21760844172731"  "0.21760844172731" 
[37] "0.21760844172731"  "0.21760844172731"  "0.21760844172731" 
[40] "0.21760844172731"  "0.21760844172731"  "beta :"           
[43] "1"                
[1] " old Likelihood:  -6816538.04634847"
[1] "New Likelihood:  -6816484.50924798"
iter:  0  f-value:  9311.223  pgrad:  0.5237339 
iter:  10  f-value:  9311.15  pgrad:  0.4828204 
iter:  20  f-value:  9311.149  pgrad:  0.3304922 
iter:  30  f-value:  9311.149  pgrad:  0.9973637 
  Unsuccessful convergence.
Time difference of 7.590128 mins
[1] "maxIt: 20"
[1] "It: 9"
 [1] "sigma:"            "0.988694544277788" "0.988694544277788"
 [4] "0.988694544277788" "0.988694544277788" "0.988694544277788"
 [7] "0.988694544277788" "0.988694544277788" "0.988694544277788"
[10] "0.988694544277788" "0.988694544277788" "0.988694544277788"
[13] "0.988694544277788" "0.988694544277788" "0.988694544277788"
[16] "0.988694544277788" "0.988694544277788" "0.988694544277788"
[19] "0.988694544277788" "0.988694544277788" "0.988694544277788"
[22] "0.988694544277788" "0.988694544277788" "0.988694544277788"
[25] "0.988694544277788" "0.988694544277788" "0.988694544277788"
[28] "0.988694544277788" "0.988694544277788" "0.988694544277788"
[31] "0.988694544277788" "0.219401037818533" "0.219401037818533"
[34] "0.219401037818533" "0.219401037818533" "0.219401037818533"
[37] "0.219401037818533" "0.219401037818533" "0.219401037818533"
[40] "0.219401037818533" "0.219401037818533" "beta :"           
[43] "1"                
[1] 6819959
[1] 6816455
[1] 6819987
 [1] "sigma:"            "0.988694544277788" "0.988694544277788"
 [4] "0.988694544277788" "0.988694544277788" "0.988694544277788"
 [7] "0.988694544277788" "0.988694544277788" "0.988694544277788"
[10] "0.988694544277788" "0.988694544277788" "0.988694544277788"
[13] "0.988694544277788" "0.988694544277788" "0.988694544277788"
[16] "0.988694544277788" "0.988694544277788" "0.988694544277788"
[19] "0.988694544277788" "0.988694544277788" "0.988694544277788"
[22] "0.988694544277788" "0.988694544277788" "0.988694544277788"
[25] "0.988694544277788" "0.988694544277788" "0.988694544277788"
[28] "0.988694544277788" "0.988694544277788" "0.988694544277788"
[31] "0.988694544277788" "0.219401037818533" "0.219401037818533"
[34] "0.219401037818533" "0.219401037818533" "0.219401037818533"
[37] "0.219401037818533" "0.219401037818533" "0.219401037818533"
[40] "0.219401037818533" "0.219401037818533" "beta :"           
[43] "1"                
[1] " old Likelihood:  -6816484.50924798"
[1] "New Likelihood:  -6816454.76883659"
iter:  0  f-value:  9277.118  pgrad:  0.5203622 
iter:  10  f-value:  9277.077  pgrad:  0.480845 
iter:  20  f-value:  9277.076  pgrad:  0.405671 
iter:  30  f-value:  9277.076  pgrad:  0.3612513 
  Unsuccessful convergence.
Time difference of 7.632586 mins
[1] "maxIt: 20"
[1] "It: 10"
 [1] "sigma:"            "0.988873643894524" "0.988873643894524"
 [4] "0.988873643894524" "0.988873643894524" "0.988873643894524"
 [7] "0.988873643894524" "0.988873643894524" "0.988873643894524"
[10] "0.988873643894524" "0.988873643894524" "0.988873643894524"
[13] "0.988873643894524" "0.988873643894524" "0.988873643894524"
[16] "0.988873643894524" "0.988873643894524" "0.988873643894524"
[19] "0.988873643894524" "0.988873643894524" "0.988873643894524"
[22] "0.988873643894524" "0.988873643894524" "0.988873643894524"
[25] "0.988873643894524" "0.988873643894524" "0.988873643894524"
[28] "0.988873643894524" "0.988873643894524" "0.988873643894524"
[31] "0.988873643894524" "0.220718945746144" "0.220718945746144"
[34] "0.220718945746144" "0.220718945746144" "0.220718945746144"
[37] "0.220718945746144" "0.220718945746144" "0.220718945746144"
[40] "0.220718945746144" "0.220718945746144" "beta :"           
[43] "1"                
[1] 6819951
[1] 6816437
[1] 6820062
 [1] "sigma:"            "0.988873643894524" "0.988873643894524"
 [4] "0.988873643894524" "0.988873643894524" "0.988873643894524"
 [7] "0.988873643894524" "0.988873643894524" "0.988873643894524"
[10] "0.988873643894524" "0.988873643894524" "0.988873643894524"
[13] "0.988873643894524" "0.988873643894524" "0.988873643894524"
[16] "0.988873643894524" "0.988873643894524" "0.988873643894524"
[19] "0.988873643894524" "0.988873643894524" "0.988873643894524"
[22] "0.988873643894524" "0.988873643894524" "0.988873643894524"
[25] "0.988873643894524" "0.988873643894524" "0.988873643894524"
[28] "0.988873643894524" "0.988873643894524" "0.988873643894524"
[31] "0.988873643894524" "0.220718945746144" "0.220718945746144"
[34] "0.220718945746144" "0.220718945746144" "0.220718945746144"
[37] "0.220718945746144" "0.220718945746144" "0.220718945746144"
[40] "0.220718945746144" "0.220718945746144" "beta :"           
[43] "1"                
[1] " old Likelihood:  -6816454.76883659"
[1] "New Likelihood:  -6816437.16608308"
iter:  0  f-value:  9254.252  pgrad:  0.5189251 
iter:  10  f-value:  9254.228  pgrad:  0.5580105 
iter:  20  f-value:  9254.227  pgrad:  0.4631147 
iter:  30  f-value:  9254.227  pgrad:  0.3732566 
  Unsuccessful convergence.
Time difference of 7.663895 mins
[1] "maxIt: 20"
[1] "It: 11"
 [1] "sigma:"            "0.988992637735986" "0.988992637735986"
 [4] "0.988992637735986" "0.988992637735986" "0.988992637735986"
 [7] "0.988992637735986" "0.988992637735986" "0.988992637735986"
[10] "0.988992637735986" "0.988992637735986" "0.988992637735986"
[13] "0.988992637735986" "0.988992637735986" "0.988992637735986"
[16] "0.988992637735986" "0.988992637735986" "0.988992637735986"
[19] "0.988992637735986" "0.988992637735986" "0.988992637735986"
[22] "0.988992637735986" "0.988992637735986" "0.988992637735986"
[25] "0.988992637735986" "0.988992637735986" "0.988992637735986"
[28] "0.988992637735986" "0.988992637735986" "0.988992637735986"
[31] "0.988992637735986" "0.222016367884456" "0.222016367884456"
[34] "0.222016367884456" "0.222016367884456" "0.222016367884456"
[37] "0.222016367884456" "0.222016367884456" "0.222016367884456"
[40] "0.222016367884456" "0.222016367884456" "beta :"           
[43] "1"                
[1] 6819944
[1] 6816426
[1] 6820119
 [1] "sigma:"            "0.988992637735986" "0.988992637735986"
 [4] "0.988992637735986" "0.988992637735986" "0.988992637735986"
 [7] "0.988992637735986" "0.988992637735986" "0.988992637735986"
[10] "0.988992637735986" "0.988992637735986" "0.988992637735986"
[13] "0.988992637735986" "0.988992637735986" "0.988992637735986"
[16] "0.988992637735986" "0.988992637735986" "0.988992637735986"
[19] "0.988992637735986" "0.988992637735986" "0.988992637735986"
[22] "0.988992637735986" "0.988992637735986" "0.988992637735986"
[25] "0.988992637735986" "0.988992637735986" "0.988992637735986"
[28] "0.988992637735986" "0.988992637735986" "0.988992637735986"
[31] "0.988992637735986" "0.222016367884456" "0.222016367884456"
[34] "0.222016367884456" "0.222016367884456" "0.222016367884456"
[37] "0.222016367884456" "0.222016367884456" "0.222016367884456"
[40] "0.222016367884456" "0.222016367884456" "beta :"           
[43] "1"                
[1] " old Likelihood:  -6816437.16608308"
[1] "New Likelihood:  -6816425.75996606"
iter:  0  f-value:  9236.86  pgrad:  0.5177115 
iter:  10  f-value:  9236.845  pgrad:  0.5345828 
iter:  20  f-value:  9236.844  pgrad:  0.4273898 
iter:  30  f-value:  9236.844  pgrad:  0.3813875 
  Unsuccessful convergence.
Time difference of 7.647807 mins
[1] "maxIt: 20"
[1] "It: 12"
 [1] "sigma:"            "0.989069796945538" "0.989069796945538"
 [4] "0.989069796945538" "0.989069796945538" "0.989069796945538"
 [7] "0.989069796945538" "0.989069796945538" "0.989069796945538"
[10] "0.989069796945538" "0.989069796945538" "0.989069796945538"
[13] "0.989069796945538" "0.989069796945538" "0.989069796945538"
[16] "0.989069796945538" "0.989069796945538" "0.989069796945538"
[19] "0.989069796945538" "0.989069796945538" "0.989069796945538"
[22] "0.989069796945538" "0.989069796945538" "0.989069796945538"
[25] "0.989069796945538" "0.989069796945538" "0.989069796945538"
[28] "0.989069796945538" "0.989069796945538" "0.989069796945538"
[31] "0.989069796945538" "0.223279253226963" "0.223279253226963"
[34] "0.223279253226963" "0.223279253226963" "0.223279253226963"
[37] "0.223279253226963" "0.223279253226963" "0.223279253226963"
[40] "0.223279253226963" "0.223279253226963" "beta :"           
[43] "1"                
[1] 6819939
[1] 6816418
[1] 6820163
 [1] "sigma:"            "0.989069796945538" "0.989069796945538"
 [4] "0.989069796945538" "0.989069796945538" "0.989069796945538"
 [7] "0.989069796945538" "0.989069796945538" "0.989069796945538"
[10] "0.989069796945538" "0.989069796945538" "0.989069796945538"
[13] "0.989069796945538" "0.989069796945538" "0.989069796945538"
[16] "0.989069796945538" "0.989069796945538" "0.989069796945538"
[19] "0.989069796945538" "0.989069796945538" "0.989069796945538"
[22] "0.989069796945538" "0.989069796945538" "0.989069796945538"
[25] "0.989069796945538" "0.989069796945538" "0.989069796945538"
[28] "0.989069796945538" "0.989069796945538" "0.989069796945538"
[31] "0.989069796945538" "0.223279253226963" "0.223279253226963"
[34] "0.223279253226963" "0.223279253226963" "0.223279253226963"
[37] "0.223279253226963" "0.223279253226963" "0.223279253226963"
[40] "0.223279253226963" "0.223279253226963" "beta :"           
[43] "1"                
[1] " old Likelihood:  -6816425.75996606"
[1] "New Likelihood:  -6816418.04366655"
iter:  0  f-value:  9222.804  pgrad:  0.5167126 
iter:  10  f-value:  9222.794  pgrad:  0.491782 
iter:  20  f-value:  9222.794  pgrad:  0.4521462 
iter:  30  f-value:  9222.793  pgrad:  0.245127 
  Unsuccessful convergence.
Time difference of 7.586564 mins
[1] "maxIt: 20"
[1] "It: 13"
 [1] "sigma:"            "0.989125511377983" "0.989125511377983"
 [4] "0.989125511377983" "0.989125511377983" "0.989125511377983"
 [7] "0.989125511377983" "0.989125511377983" "0.989125511377983"
[10] "0.989125511377983" "0.989125511377983" "0.989125511377983"
[13] "0.989125511377983" "0.989125511377983" "0.989125511377983"
[16] "0.989125511377983" "0.989125511377983" "0.989125511377983"
[19] "0.989125511377983" "0.989125511377983" "0.989125511377983"
[22] "0.989125511377983" "0.989125511377983" "0.989125511377983"
[25] "0.989125511377983" "0.989125511377983" "0.989125511377983"
[28] "0.989125511377983" "0.989125511377983" "0.989125511377983"
[31] "0.989125511377983" "0.224841077559126" "0.224841077559126"
[34] "0.224841077559126" "0.224841077559126" "0.224841077559126"
[37] "0.224841077559126" "0.224841077559126" "0.224841077559126"
[40] "0.224841077559126" "0.224841077559126" "beta :"           
[43] "1"                
[1] 6819932
[1] 6816412
[1] 6820198
 [1] "sigma:"            "0.989125511377983" "0.989125511377983"
 [4] "0.989125511377983" "0.989125511377983" "0.989125511377983"
 [7] "0.989125511377983" "0.989125511377983" "0.989125511377983"
[10] "0.989125511377983" "0.989125511377983" "0.989125511377983"
[13] "0.989125511377983" "0.989125511377983" "0.989125511377983"
[16] "0.989125511377983" "0.989125511377983" "0.989125511377983"
[19] "0.989125511377983" "0.989125511377983" "0.989125511377983"
[22] "0.989125511377983" "0.989125511377983" "0.989125511377983"
[25] "0.989125511377983" "0.989125511377983" "0.989125511377983"
[28] "0.989125511377983" "0.989125511377983" "0.989125511377983"
[31] "0.989125511377983" "0.224841077559126" "0.224841077559126"
[34] "0.224841077559126" "0.224841077559126" "0.224841077559126"
[37] "0.224841077559126" "0.224841077559126" "0.224841077559126"
[40] "0.224841077559126" "0.224841077559126" "beta :"           
[43] "1"                
[1] " old Likelihood:  -6816418.04366655"
[1] "New Likelihood:  -6816412.45377427"
iter:  0  f-value:  9209.157  pgrad:  0.5159161 
iter:  10  f-value:  9209.151  pgrad:  0.4664798 
iter:  20  f-value:  9209.15  pgrad:  0.9763426 
iter:  30  f-value:  9209.15  pgrad:  0.2643901 
  Unsuccessful convergence.
Time difference of 7.658972 mins
[1] "maxIt: 20"
[1] "It: 14"
 [1] "sigma:"            "0.989164406749862" "0.989164406749862"
 [4] "0.989164406749862" "0.989164406749862" "0.989164406749862"
 [7] "0.989164406749862" "0.989164406749862" "0.989164406749862"
[10] "0.989164406749862" "0.989164406749862" "0.989164406749862"
[13] "0.989164406749862" "0.989164406749862" "0.989164406749862"
[16] "0.989164406749862" "0.989164406749862" "0.989164406749862"
[19] "0.989164406749862" "0.989164406749862" "0.989164406749862"
[22] "0.989164406749862" "0.989164406749862" "0.989164406749862"
[25] "0.989164406749862" "0.989164406749862" "0.989164406749862"
[28] "0.989164406749862" "0.989164406749862" "0.989164406749862"
[31] "0.989164406749862" "0.226409534869816" "0.226409534869816"
[34] "0.226409534869816" "0.226409534869816" "0.226409534869816"
[37] "0.226409534869816" "0.226409534869816" "0.226409534869816"
[40] "0.226409534869816" "0.226409534869816" "beta :"           
[43] "1"                
[1] 6819925
[1] 6816408
[1] 6820226
 [1] "sigma:"            "0.989164406749862" "0.989164406749862"
 [4] "0.989164406749862" "0.989164406749862" "0.989164406749862"
 [7] "0.989164406749862" "0.989164406749862" "0.989164406749862"
[10] "0.989164406749862" "0.989164406749862" "0.989164406749862"
[13] "0.989164406749862" "0.989164406749862" "0.989164406749862"
[16] "0.989164406749862" "0.989164406749862" "0.989164406749862"
[19] "0.989164406749862" "0.989164406749862" "0.989164406749862"
[22] "0.989164406749862" "0.989164406749862" "0.989164406749862"
[25] "0.989164406749862" "0.989164406749862" "0.989164406749862"
[28] "0.989164406749862" "0.989164406749862" "0.989164406749862"
[31] "0.989164406749862" "0.226409534869816" "0.226409534869816"
[34] "0.226409534869816" "0.226409534869816" "0.226409534869816"
[37] "0.226409534869816" "0.226409534869816" "0.226409534869816"
[40] "0.226409534869816" "0.226409534869816" "beta :"           
[43] "1"                
[1] " old Likelihood:  -6816412.45377427"
[1] "New Likelihood:  -6816408.2369139"
iter:  0  f-value:  9196.555  pgrad:  0.5152762 
iter:  10  f-value:  9196.551  pgrad:  0.4263529 
iter:  20  f-value:  9196.551  pgrad:  0.3627792 
iter:  30  f-value:  9196.55  pgrad:  0.3792411 
  Unsuccessful convergence.
Time difference of 7.644154 mins
[1] "maxIt: 20"
[1] "It: 15"
 [1] "sigma:"            "0.98919409340676"  "0.98919409340676" 
 [4] "0.98919409340676"  "0.98919409340676"  "0.98919409340676" 
 [7] "0.98919409340676"  "0.98919409340676"  "0.98919409340676" 
[10] "0.98919409340676"  "0.98919409340676"  "0.98919409340676" 
[13] "0.98919409340676"  "0.98919409340676"  "0.98919409340676" 
[16] "0.98919409340676"  "0.98919409340676"  "0.98919409340676" 
[19] "0.98919409340676"  "0.98919409340676"  "0.98919409340676" 
[22] "0.98919409340676"  "0.98919409340676"  "0.98919409340676" 
[25] "0.98919409340676"  "0.98919409340676"  "0.98919409340676" 
[28] "0.98919409340676"  "0.98919409340676"  "0.98919409340676" 
[31] "0.98919409340676"  "0.227307821113462" "0.227307821113462"
[34] "0.227307821113462" "0.227307821113462" "0.227307821113462"
[37] "0.227307821113462" "0.227307821113462" "0.227307821113462"
[40] "0.227307821113462" "0.227307821113462" "beta :"           
[43] "1"                
[1] 6819921
[1] 6816405
[1] 6820249
 [1] "sigma:"            "0.98919409340676"  "0.98919409340676" 
 [4] "0.98919409340676"  "0.98919409340676"  "0.98919409340676" 
 [7] "0.98919409340676"  "0.98919409340676"  "0.98919409340676" 
[10] "0.98919409340676"  "0.98919409340676"  "0.98919409340676" 
[13] "0.98919409340676"  "0.98919409340676"  "0.98919409340676" 
[16] "0.98919409340676"  "0.98919409340676"  "0.98919409340676" 
[19] "0.98919409340676"  "0.98919409340676"  "0.98919409340676" 
[22] "0.98919409340676"  "0.98919409340676"  "0.98919409340676" 
[25] "0.98919409340676"  "0.98919409340676"  "0.98919409340676" 
[28] "0.98919409340676"  "0.98919409340676"  "0.98919409340676" 
[31] "0.98919409340676"  "0.227307821113462" "0.227307821113462"
[34] "0.227307821113462" "0.227307821113462" "0.227307821113462"
[37] "0.227307821113462" "0.227307821113462" "0.227307821113462"
[40] "0.227307821113462" "0.227307821113462" "beta :"           
[43] "1"                
[1] " old Likelihood:  -6816408.2369139"
[1] "New Likelihood:  -6816404.9191684"
iter:  0  f-value:  9187.657  pgrad:  0.5147416 
iter:  10  f-value:  9187.653  pgrad:  0.4030699 
iter:  20  f-value:  9187.653  pgrad:  0.3357854 
iter:  30  f-value:  9187.652  pgrad:  0.154414 
  Unsuccessful convergence.
Time difference of 7.608178 mins
[1] "maxIt: 20"
[1] "It: 16"
 [1] "sigma:"            "0.989213142025744" "0.989213142025744"
 [4] "0.989213142025744" "0.989213142025744" "0.989213142025744"
 [7] "0.989213142025744" "0.989213142025744" "0.989213142025744"
[10] "0.989213142025744" "0.989213142025744" "0.989213142025744"
[13] "0.989213142025744" "0.989213142025744" "0.989213142025744"
[16] "0.989213142025744" "0.989213142025744" "0.989213142025744"
[19] "0.989213142025744" "0.989213142025744" "0.989213142025744"
[22] "0.989213142025744" "0.989213142025744" "0.989213142025744"
[25] "0.989213142025744" "0.989213142025744" "0.989213142025744"
[28] "0.989213142025744" "0.989213142025744" "0.989213142025744"
[31] "0.989213142025744" "0.228923635662452" "0.228923635662452"
[34] "0.228923635662452" "0.228923635662452" "0.228923635662452"
[37] "0.228923635662452" "0.228923635662452" "0.228923635662452"
[40] "0.228923635662452" "0.228923635662452" "beta :"           
[43] "1"                
[1] 6819914
[1] 6816402
[1] 6820266
 [1] "sigma:"            "0.989213142025744" "0.989213142025744"
 [4] "0.989213142025744" "0.989213142025744" "0.989213142025744"
 [7] "0.989213142025744" "0.989213142025744" "0.989213142025744"
[10] "0.989213142025744" "0.989213142025744" "0.989213142025744"
[13] "0.989213142025744" "0.989213142025744" "0.989213142025744"
[16] "0.989213142025744" "0.989213142025744" "0.989213142025744"
[19] "0.989213142025744" "0.989213142025744" "0.989213142025744"
[22] "0.989213142025744" "0.989213142025744" "0.989213142025744"
[25] "0.989213142025744" "0.989213142025744" "0.989213142025744"
[28] "0.989213142025744" "0.989213142025744" "0.989213142025744"
[31] "0.989213142025744" "0.228923635662452" "0.228923635662452"
[34] "0.228923635662452" "0.228923635662452" "0.228923635662452"
[37] "0.228923635662452" "0.228923635662452" "0.228923635662452"
[40] "0.228923635662452" "0.228923635662452" "beta :"           
[43] "1"                
[1] " old Likelihood:  -6816404.9191684"
[1] "New Likelihood:  -6816402.09907435"
iter:  0  f-value:  9176.292  pgrad:  0.5193513 
iter:  10  f-value:  9176.289  pgrad:  0.367927 
iter:  20  f-value:  9176.289  pgrad:  0.3257992 
iter:  30  f-value:  9176.289  pgrad:  0.2801789 
  Unsuccessful convergence.
Time difference of 7.664321 mins
[1] "maxIt: 20"
[1] "It: 17"
 [1] "sigma:"            "0.989229781096276" "0.989229781096276"
 [4] "0.989229781096276" "0.989229781096276" "0.989229781096276"
 [7] "0.989229781096276" "0.989229781096276" "0.989229781096276"
[10] "0.989229781096276" "0.989229781096276" "0.989229781096276"
[13] "0.989229781096276" "0.989229781096276" "0.989229781096276"
[16] "0.989229781096276" "0.989229781096276" "0.989229781096276"
[19] "0.989229781096276" "0.989229781096276" "0.989229781096276"
[22] "0.989229781096276" "0.989229781096276" "0.989229781096276"
[25] "0.989229781096276" "0.989229781096276" "0.989229781096276"
[28] "0.989229781096276" "0.989229781096276" "0.989229781096276"
[31] "0.989229781096276" "0.229773743059629" "0.229773743059629"
[34] "0.229773743059629" "0.229773743059629" "0.229773743059629"
[37] "0.229773743059629" "0.229773743059629" "0.229773743059629"
[40] "0.229773743059629" "0.229773743059629" "beta :"           
[43] "1"                
[1] 6819910
[1] 6816400
[1] 6820281
 [1] "sigma:"            "0.989229781096276" "0.989229781096276"
 [4] "0.989229781096276" "0.989229781096276" "0.989229781096276"
 [7] "0.989229781096276" "0.989229781096276" "0.989229781096276"
[10] "0.989229781096276" "0.989229781096276" "0.989229781096276"
[13] "0.989229781096276" "0.989229781096276" "0.989229781096276"
[16] "0.989229781096276" "0.989229781096276" "0.989229781096276"
[19] "0.989229781096276" "0.989229781096276" "0.989229781096276"
[22] "0.989229781096276" "0.989229781096276" "0.989229781096276"
[25] "0.989229781096276" "0.989229781096276" "0.989229781096276"
[28] "0.989229781096276" "0.989229781096276" "0.989229781096276"
[31] "0.989229781096276" "0.229773743059629" "0.229773743059629"
[34] "0.229773743059629" "0.229773743059629" "0.229773743059629"
[37] "0.229773743059629" "0.229773743059629" "0.229773743059629"
[40] "0.229773743059629" "0.229773743059629" "beta :"           
[43] "1"                
[1] " old Likelihood:  -6816402.09907435"
[1] "New Likelihood:  -6816399.65253522"
iter:  0  f-value:  9168.7  pgrad:  0.5193525 
iter:  10  f-value:  9168.697  pgrad:  0.3473906 
iter:  20  f-value:  9168.697  pgrad:  0.3060632 
iter:  30  f-value:  9168.697  pgrad:  0.2664274 
  Unsuccessful convergence.
Time difference of 7.663426 mins
[1] "maxIt: 20"
[1] "It: 18"
 [1] "sigma:"           "0.98924259607676" "0.98924259607676" "0.98924259607676"
 [5] "0.98924259607676" "0.98924259607676" "0.98924259607676" "0.98924259607676"
 [9] "0.98924259607676" "0.98924259607676" "0.98924259607676" "0.98924259607676"
[13] "0.98924259607676" "0.98924259607676" "0.98924259607676" "0.98924259607676"
[17] "0.98924259607676" "0.98924259607676" "0.98924259607676" "0.98924259607676"
[21] "0.98924259607676" "0.98924259607676" "0.98924259607676" "0.98924259607676"
[25] "0.98924259607676" "0.98924259607676" "0.98924259607676" "0.98924259607676"
[29] "0.98924259607676" "0.98924259607676" "0.98924259607676" "0.23034595728206"
[33] "0.23034595728206" "0.23034595728206" "0.23034595728206" "0.23034595728206"
[37] "0.23034595728206" "0.23034595728206" "0.23034595728206" "0.23034595728206"
[41] "0.23034595728206" "beta :"           "1"               
[1] 6819906
[1] 6816398
[1] 6820294
 [1] "sigma:"           "0.98924259607676" "0.98924259607676" "0.98924259607676"
 [5] "0.98924259607676" "0.98924259607676" "0.98924259607676" "0.98924259607676"
 [9] "0.98924259607676" "0.98924259607676" "0.98924259607676" "0.98924259607676"
[13] "0.98924259607676" "0.98924259607676" "0.98924259607676" "0.98924259607676"
[17] "0.98924259607676" "0.98924259607676" "0.98924259607676" "0.98924259607676"
[21] "0.98924259607676" "0.98924259607676" "0.98924259607676" "0.98924259607676"
[25] "0.98924259607676" "0.98924259607676" "0.98924259607676" "0.98924259607676"
[29] "0.98924259607676" "0.98924259607676" "0.98924259607676" "0.23034595728206"
[33] "0.23034595728206" "0.23034595728206" "0.23034595728206" "0.23034595728206"
[37] "0.23034595728206" "0.23034595728206" "0.23034595728206" "0.23034595728206"
[41] "0.23034595728206" "beta :"           "1"               
[1] " old Likelihood:  -6816399.65253522"
[1] "New Likelihood:  -6816397.52217313"
iter:  0  f-value:  9162.574  pgrad:  0.5193129 
iter:  10  f-value:  9162.572  pgrad:  0.3380774 
iter:  20  f-value:  9162.572  pgrad:  0.2796151 
iter:  30  f-value:  9162.571  pgrad:  0.2683191 
  Unsuccessful convergence.
Time difference of 7.621348 mins
[1] "maxIt: 20"
[1] "It: 19"
 [1] "sigma:"            "0.989253298993325" "0.989253298993325"
 [4] "0.989253298993325" "0.989253298993325" "0.989253298993325"
 [7] "0.989253298993325" "0.989253298993325" "0.989253298993325"
[10] "0.989253298993325" "0.989253298993325" "0.989253298993325"
[13] "0.989253298993325" "0.989253298993325" "0.989253298993325"
[16] "0.989253298993325" "0.989253298993325" "0.989253298993325"
[19] "0.989253298993325" "0.989253298993325" "0.989253298993325"
[22] "0.989253298993325" "0.989253298993325" "0.989253298993325"
[25] "0.989253298993325" "0.989253298993325" "0.989253298993325"
[28] "0.989253298993325" "0.989253298993325" "0.989253298993325"
[31] "0.989253298993325" "0.23125304010018"  "0.23125304010018" 
[34] "0.23125304010018"  "0.23125304010018"  "0.23125304010018" 
[37] "0.23125304010018"  "0.23125304010018"  "0.23125304010018" 
[40] "0.23125304010018"  "0.23125304010018"  "beta :"           
[43] "1"                
[1] 6819902
[1] 6816396
[1] 6820305
 [1] "sigma:"            "0.989253298993325" "0.989253298993325"
 [4] "0.989253298993325" "0.989253298993325" "0.989253298993325"
 [7] "0.989253298993325" "0.989253298993325" "0.989253298993325"
[10] "0.989253298993325" "0.989253298993325" "0.989253298993325"
[13] "0.989253298993325" "0.989253298993325" "0.989253298993325"
[16] "0.989253298993325" "0.989253298993325" "0.989253298993325"
[19] "0.989253298993325" "0.989253298993325" "0.989253298993325"
[22] "0.989253298993325" "0.989253298993325" "0.989253298993325"
[25] "0.989253298993325" "0.989253298993325" "0.989253298993325"
[28] "0.989253298993325" "0.989253298993325" "0.989253298993325"
[31] "0.989253298993325" "0.23125304010018"  "0.23125304010018" 
[34] "0.23125304010018"  "0.23125304010018"  "0.23125304010018" 
[37] "0.23125304010018"  "0.23125304010018"  "0.23125304010018" 
[40] "0.23125304010018"  "0.23125304010018"  "beta :"           
[43] "1"                
[1] " old Likelihood:  -6816397.52217313"
[1] "New Likelihood:  -6816395.53637485"
iter:  0  f-value:  9155.611  pgrad:  0.5192686 
iter:  10  f-value:  9155.609  pgrad:  0.3159585 
iter:  20  f-value:  9155.609  pgrad:  0.2590605 
iter:  30  f-value:  9155.609  pgrad:  0.201926 
  Unsuccessful convergence.
Time difference of 7.654334 mins
[1] "maxIt: 20"
[1] "It: 20"
 [1] "sigma:"            "0.989259446896817" "0.989259446896817"
 [4] "0.989259446896817" "0.989259446896817" "0.989259446896817"
 [7] "0.989259446896817" "0.989259446896817" "0.989259446896817"
[10] "0.989259446896817" "0.989259446896817" "0.989259446896817"
[13] "0.989259446896817" "0.989259446896817" "0.989259446896817"
[16] "0.989259446896817" "0.989259446896817" "0.989259446896817"
[19] "0.989259446896817" "0.989259446896817" "0.989259446896817"
[22] "0.989259446896817" "0.989259446896817" "0.989259446896817"
[25] "0.989259446896817" "0.989259446896817" "0.989259446896817"
[28] "0.989259446896817" "0.989259446896817" "0.989259446896817"
[31] "0.989259446896817" "0.231980917540735" "0.231980917540735"
[34] "0.231980917540735" "0.231980917540735" "0.231980917540735"
[37] "0.231980917540735" "0.231980917540735" "0.231980917540735"
[40] "0.231980917540735" "0.231980917540735" "beta :"           
[43] "1"                
[1] 6819898
[1] 6816394
[1] 6820315
 [1] "sigma:"            "0.989259446896817" "0.989259446896817"
 [4] "0.989259446896817" "0.989259446896817" "0.989259446896817"
 [7] "0.989259446896817" "0.989259446896817" "0.989259446896817"
[10] "0.989259446896817" "0.989259446896817" "0.989259446896817"
[13] "0.989259446896817" "0.989259446896817" "0.989259446896817"
[16] "0.989259446896817" "0.989259446896817" "0.989259446896817"
[19] "0.989259446896817" "0.989259446896817" "0.989259446896817"
[22] "0.989259446896817" "0.989259446896817" "0.989259446896817"
[25] "0.989259446896817" "0.989259446896817" "0.989259446896817"
[28] "0.989259446896817" "0.989259446896817" "0.989259446896817"
[31] "0.989259446896817" "0.231980917540735" "0.231980917540735"
[34] "0.231980917540735" "0.231980917540735" "0.231980917540735"
[37] "0.231980917540735" "0.231980917540735" "0.231980917540735"
[40] "0.231980917540735" "0.231980917540735" "beta :"           
[43] "1"                
[1] " old Likelihood:  -6816395.53637485"
[1] "New Likelihood:  -6816393.68567932"
iter:  0  f-value:  9149.282  pgrad:  0.5192012 
iter:  10  f-value:  9149.28  pgrad:  0.3063724 
iter:  20  f-value:  9149.28  pgrad:  0.2522211 
iter:  30  f-value:  9149.28  pgrad:  0.2799607 
  Unsuccessful convergence.
Time difference of 7.672196 mins
 [1] "sigma:"            "0.989264784808771" "0.989264784808771"
 [4] "0.989264784808771" "0.989264784808771" "0.989264784808771"
 [7] "0.989264784808771" "0.989264784808771" "0.989264784808771"
[10] "0.989264784808771" "0.989264784808771" "0.989264784808771"
[13] "0.989264784808771" "0.989264784808771" "0.989264784808771"
[16] "0.989264784808771" "0.989264784808771" "0.989264784808771"
[19] "0.989264784808771" "0.989264784808771" "0.989264784808771"
[22] "0.989264784808771" "0.989264784808771" "0.989264784808771"
[25] "0.989264784808771" "0.989264784808771" "0.989264784808771"
[28] "0.989264784808771" "0.989264784808771" "0.989264784808771"
[31] "0.989264784808771" "0.232765377044291" "0.232765377044291"
[34] "0.232765377044291" "0.232765377044291" "0.232765377044291"
[37] "0.232765377044291" "0.232765377044291" "0.232765377044291"
[40] "0.232765377044291" "0.232765377044291" "beta :"           
[43] "1"                
[1] 1997266 1999634 1999366 1999526 1999130
[1] 1 1 1 1 1
saved RDS
inference successful
