[1] "Original length"
[1] 999894
[1] "Final length"
[1] 18454
[1] "sequence length : 999895" "sequence length : 999841"
[3] "sequence length : 999998" "sequence length : 999424"
[5] "sequence length : 999965"
[1] 1 1 1 1 1
[1] "Beta: 1"
[1] "Self: 0.5"
 [1] 0 0 0 0 0 0 0 0 0 0 0 0 0 0 0 0 0 0 0 0
[1] "maxIt: 20"
[1] "It: 1"
 [1] "sigma:" "0.5"    "0.5"    "0.5"    "0.5"    "0.5"    "0.5"    "0.5"   
 [9] "0.5"    "0.5"    "0.5"    "0.5"    "0.5"    "0.5"    "0.5"    "0.5"   
[17] "0.5"    "0.5"    "0.5"    "0"      "0"      "0"      "0"      "0"     
[25] "0"      "0"      "0"      "0"      "0"      "0"      "0"      "0"     
[33] "0"      "0"      "0"      "0"      "0"      "0"      "0"      "0"     
[41] "0"      "beta :" "1"     
[1] 10285434
[1] 10285185
[1] 10285066
[1] 10284897
[1] 10284669
[1] 10284376
[1] 10284032
[1] 10283727
[1] 10283647
[1] 10283993
[1] 10285066
[1] 10287437
[1] 10292066
[1] 10300067
[1] 10311544
[1] 10323955
[1] 10333019
[1] 10337799
[1] 10339781
[1] 10340232
[1] 10340271
 [1] "sigma:" "0.9655" "0.9655" "0.9655" "0.9655" "0.9655" "0.9655" "0.9655"
 [9] "0.9655" "0.9655" "0.9655" "0.9655" "0.9655" "0.9655" "0.9655" "0.9655"
[17] "0.9655" "0.425"  "0.425"  "0.425"  "0.425"  "0.425"  "0.425"  "0.425" 
[25] "0.425"  "0.425"  "0.425"  "0.425"  "0.425"  "0.425"  "0.425"  "0.425" 
[33] "0.425"  "0.425"  "0.425"  "0.425"  "0.425"  "0.425"  "0.425"  "0.425" 
[41] "0.425"  "beta :" "1"     
[1] "New Likelihood:  -10283646.7098358"
iter:  0  f-value:  32529.05  pgrad:  0.85 
iter:  10  f-value:  32528.41  pgrad:  0.8439459 
iter:  20  f-value:  32528.25  pgrad:  0.8354829 
iter:  30  f-value:  32528.19  pgrad:  0.7404014 
  Unsuccessful convergence.
Time difference of 41.93795 mins
[1] "maxIt: 20"
[1] "It: 2"
 [1] "sigma:"            "0.973842758424289" "0.973842758424289"
 [4] "0.973842758424289" "0.973842758424289" "0.973842758424289"
 [7] "0.973842758424289" "0.973842758424289" "0.973842758424289"
[10] "0.973842758424289" "0.973842758424289" "0.973842758424289"
[13] "0.973842758424289" "0.973842758424289" "0.973842758424289"
[16] "0.973842758424289" "0.973842758424289" "0.414411773373461"
[19] "0.414411773373461" "0.414411773373461" "0.414411773373461"
[22] "0.414411773373461" "0.414411773373461" "0.414411773373461"
[25] "0.414411773373461" "0.414411773373461" "0.414411773373461"
[28] "0.414411773373461" "0.414411773373461" "0.414411773373461"
[31] "0.414411773373461" "0.414411773373461" "0.414411773373461"
[34] "0.414411773373461" "0.414411773373461" "0.414411773373461"
[37] "0.414411773373461" "0.414411773373461" "0.414411773373461"
[40] "0.414411773373461" "0.414411773373461" "beta :"           
[43] "1"                
[1] 10283443
[1] 10283371
[1] 10283743
 [1] "sigma:"            "0.973842758424289" "0.973842758424289"
 [4] "0.973842758424289" "0.973842758424289" "0.973842758424289"
 [7] "0.973842758424289" "0.973842758424289" "0.973842758424289"
[10] "0.973842758424289" "0.973842758424289" "0.973842758424289"
[13] "0.973842758424289" "0.973842758424289" "0.973842758424289"
[16] "0.973842758424289" "0.973842758424289" "0.389411773373461"
[19] "0.389411773373461" "0.389411773373461" "0.389411773373461"
[22] "0.389411773373461" "0.389411773373461" "0.389411773373461"
[25] "0.389411773373461" "0.389411773373461" "0.389411773373461"
[28] "0.389411773373461" "0.389411773373461" "0.389411773373461"
[31] "0.389411773373461" "0.389411773373461" "0.389411773373461"
[34] "0.389411773373461" "0.389411773373461" "0.389411773373461"
[37] "0.389411773373461" "0.389411773373461" "0.389411773373461"
[40] "0.389411773373461" "0.389411773373461" "beta :"           
[43] "1"                
[1] " old Likelihood:  -10283646.7098358"
[1] "New Likelihood:  -10283370.6600123"
iter:  0  f-value:  33544.87  pgrad:  0.4998849 
iter:  10  f-value:  33544.5  pgrad:  0.7771685 
iter:  20  f-value:  33544.36  pgrad:  0.7656809 
iter:  30  f-value:  33544.33  pgrad:  0.7619163 
  Unsuccessful convergence.
Time difference of 10.73916 mins
[1] "maxIt: 20"
[1] "It: 3"
 [1] "sigma:"            "0.979934332293735" "0.979934332293735"
 [4] "0.979934332293735" "0.979934332293735" "0.979934332293735"
 [7] "0.979934332293735" "0.979934332293735" "0.979934332293735"
[10] "0.979934332293735" "0.979934332293735" "0.979934332293735"
[13] "0.979934332293735" "0.979934332293735" "0.979934332293735"
[16] "0.979934332293735" "0.979934332293735" "0.380627292644934"
[19] "0.380627292644934" "0.380627292644934" "0.380627292644934"
[22] "0.380627292644934" "0.380627292644934" "0.380627292644934"
[25] "0.380627292644934" "0.380627292644934" "0.380627292644934"
[28] "0.380627292644934" "0.380627292644934" "0.380627292644934"
[31] "0.380627292644934" "0.380627292644934" "0.380627292644934"
[34] "0.380627292644934" "0.380627292644934" "0.380627292644934"
[37] "0.380627292644934" "0.380627292644934" "0.380627292644934"
[40] "0.380627292644934" "0.380627292644934" "beta :"           
[43] "1"                
[1] 10283285
[1] 10283205
[1] 10283579
 [1] "sigma:"            "0.979934332293735" "0.979934332293735"
 [4] "0.979934332293735" "0.979934332293735" "0.979934332293735"
 [7] "0.979934332293735" "0.979934332293735" "0.979934332293735"
[10] "0.979934332293735" "0.979934332293735" "0.979934332293735"
[13] "0.979934332293735" "0.979934332293735" "0.979934332293735"
[16] "0.979934332293735" "0.979934332293735" "0.380627292644934"
[19] "0.380627292644934" "0.380627292644934" "0.380627292644934"
[22] "0.380627292644934" "0.380627292644934" "0.380627292644934"
[25] "0.380627292644934" "0.380627292644934" "0.380627292644934"
[28] "0.380627292644934" "0.380627292644934" "0.380627292644934"
[31] "0.380627292644934" "0.380627292644934" "0.380627292644934"
[34] "0.380627292644934" "0.380627292644934" "0.380627292644934"
[37] "0.380627292644934" "0.380627292644934" "0.380627292644934"
[40] "0.380627292644934" "0.380627292644934" "beta :"           
[43] "1"                
[1] " old Likelihood:  -10283370.6600123"
[1] "New Likelihood:  -10283205.165259"
iter:  0  f-value:  33624.5  pgrad:  0.7612546 
iter:  10  f-value:  33624.34  pgrad:  0.7581742 
iter:  20  f-value:  33624.28  pgrad:  0.7510085 
iter:  30  f-value:  33624.27  pgrad:  0.7496503 
  Unsuccessful convergence.
Time difference of 10.12162 mins
[1] "maxIt: 20"
[1] "It: 4"
 [1] "sigma:"            "0.982971084304158" "0.982971084304158"
 [4] "0.982971084304158" "0.982971084304158" "0.982971084304158"
 [7] "0.982971084304158" "0.982971084304158" "0.982971084304158"
[10] "0.982971084304158" "0.982971084304158" "0.982971084304158"
[13] "0.982971084304158" "0.982971084304158" "0.982971084304158"
[16] "0.982971084304158" "0.982971084304158" "0.374698139508779"
[19] "0.374698139508779" "0.374698139508779" "0.374698139508779"
[22] "0.374698139508779" "0.374698139508779" "0.374698139508779"
[25] "0.374698139508779" "0.374698139508779" "0.374698139508779"
[28] "0.374698139508779" "0.374698139508779" "0.374698139508779"
[31] "0.374698139508779" "0.374698139508779" "0.374698139508779"
[34] "0.374698139508779" "0.374698139508779" "0.374698139508779"
[37] "0.374698139508779" "0.374698139508779" "0.374698139508779"
[40] "0.374698139508779" "0.374698139508779" "beta :"           
[43] "1"                
[1] 10283220
[1] 10283132
[1] 10283512
 [1] "sigma:"            "0.982971084304158" "0.982971084304158"
 [4] "0.982971084304158" "0.982971084304158" "0.982971084304158"
 [7] "0.982971084304158" "0.982971084304158" "0.982971084304158"
[10] "0.982971084304158" "0.982971084304158" "0.982971084304158"
[13] "0.982971084304158" "0.982971084304158" "0.982971084304158"
[16] "0.982971084304158" "0.982971084304158" "0.349698139508779"
[19] "0.349698139508779" "0.349698139508779" "0.349698139508779"
[22] "0.349698139508779" "0.349698139508779" "0.349698139508779"
[25] "0.349698139508779" "0.349698139508779" "0.349698139508779"
[28] "0.349698139508779" "0.349698139508779" "0.349698139508779"
[31] "0.349698139508779" "0.349698139508779" "0.349698139508779"
[34] "0.349698139508779" "0.349698139508779" "0.349698139508779"
[37] "0.349698139508779" "0.349698139508779" "0.349698139508779"
[40] "0.349698139508779" "0.349698139508779" "beta :"           
[43] "1"                
[1] " old Likelihood:  -10283205.165259"
[1] "New Likelihood:  -10283132.0679111"
iter:  0  f-value:  34526.43  pgrad:  0.5064253 
iter:  10  f-value:  34526.25  pgrad:  0.6983942 
iter:  20  f-value:  34526.19  pgrad:  0.689421 
iter:  30  f-value:  34526.18  pgrad:  0.6867373 
  Unsuccessful convergence.
Time difference of 10.74492 mins
[1] "maxIt: 20"
[1] "It: 5"
 [1] "sigma:"            "0.986071890607873" "0.986071890607873"
 [4] "0.986071890607873" "0.986071890607873" "0.986071890607873"
 [7] "0.986071890607873" "0.986071890607873" "0.986071890607873"
[10] "0.986071890607873" "0.986071890607873" "0.986071890607873"
[13] "0.986071890607873" "0.986071890607873" "0.986071890607873"
[16] "0.986071890607873" "0.986071890607873" "0.342637119536409"
[19] "0.342637119536409" "0.342637119536409" "0.342637119536409"
[22] "0.342637119536409" "0.342637119536409" "0.342637119536409"
[25] "0.342637119536409" "0.342637119536409" "0.342637119536409"
[28] "0.342637119536409" "0.342637119536409" "0.342637119536409"
[31] "0.342637119536409" "0.342637119536409" "0.342637119536409"
[34] "0.342637119536409" "0.342637119536409" "0.342637119536409"
[37] "0.342637119536409" "0.342637119536409" "0.342637119536409"
[40] "0.342637119536409" "0.342637119536409" "beta :"           
[43] "1"                
[1] 10283160
[1] 10283054
[1] 10283425
 [1] "sigma:"            "0.986071890607873" "0.986071890607873"
 [4] "0.986071890607873" "0.986071890607873" "0.986071890607873"
 [7] "0.986071890607873" "0.986071890607873" "0.986071890607873"
[10] "0.986071890607873" "0.986071890607873" "0.986071890607873"
[13] "0.986071890607873" "0.986071890607873" "0.986071890607873"
[16] "0.986071890607873" "0.986071890607873" "0.342637119536409"
[19] "0.342637119536409" "0.342637119536409" "0.342637119536409"
[22] "0.342637119536409" "0.342637119536409" "0.342637119536409"
[25] "0.342637119536409" "0.342637119536409" "0.342637119536409"
[28] "0.342637119536409" "0.342637119536409" "0.342637119536409"
[31] "0.342637119536409" "0.342637119536409" "0.342637119536409"
[34] "0.342637119536409" "0.342637119536409" "0.342637119536409"
[37] "0.342637119536409" "0.342637119536409" "0.342637119536409"
[40] "0.342637119536409" "0.342637119536409" "beta :"           
[43] "1"                
[1] " old Likelihood:  -10283132.0679111"
[1] "New Likelihood:  -10283054.1973616"
iter:  0  f-value:  34587.12  pgrad:  0.6852742 
iter:  10  f-value:  34587.05  pgrad:  0.6835336 
iter:  20  f-value:  34587.02  pgrad:  0.6761385 
iter:  30  f-value:  34587.01  pgrad:  0.5085083 
  Unsuccessful convergence.
Time difference of 10.11323 mins
[1] "maxIt: 20"
[1] "It: 6"
 [1] "sigma:"            "0.987528809809072" "0.987528809809072"
 [4] "0.987528809809072" "0.987528809809072" "0.987528809809072"
 [7] "0.987528809809072" "0.987528809809072" "0.987528809809072"
[10] "0.987528809809072" "0.987528809809072" "0.987528809809072"
[13] "0.987528809809072" "0.987528809809072" "0.987528809809072"
[16] "0.987528809809072" "0.987528809809072" "0.337189002075971"
[19] "0.337189002075971" "0.337189002075971" "0.337189002075971"
[22] "0.337189002075971" "0.337189002075971" "0.337189002075971"
[25] "0.337189002075971" "0.337189002075971" "0.337189002075971"
[28] "0.337189002075971" "0.337189002075971" "0.337189002075971"
[31] "0.337189002075971" "0.337189002075971" "0.337189002075971"
[34] "0.337189002075971" "0.337189002075971" "0.337189002075971"
[37] "0.337189002075971" "0.337189002075971" "0.337189002075971"
[40] "0.337189002075971" "0.337189002075971" "beta :"           
[43] "1"                
[1] 10283134
[1] 10283020
[1] 10283390
 [1] "sigma:"            "0.987528809809072" "0.987528809809072"
 [4] "0.987528809809072" "0.987528809809072" "0.987528809809072"
 [7] "0.987528809809072" "0.987528809809072" "0.987528809809072"
[10] "0.987528809809072" "0.987528809809072" "0.987528809809072"
[13] "0.987528809809072" "0.987528809809072" "0.987528809809072"
[16] "0.987528809809072" "0.987528809809072" "0.337189002075971"
[19] "0.337189002075971" "0.337189002075971" "0.337189002075971"
[22] "0.337189002075971" "0.337189002075971" "0.337189002075971"
[25] "0.337189002075971" "0.337189002075971" "0.337189002075971"
[28] "0.337189002075971" "0.337189002075971" "0.337189002075971"
[31] "0.337189002075971" "0.337189002075971" "0.337189002075971"
[34] "0.337189002075971" "0.337189002075971" "0.337189002075971"
[37] "0.337189002075971" "0.337189002075971" "0.337189002075971"
[40] "0.337189002075971" "0.337189002075971" "beta :"           
[43] "1"                
[1] " old Likelihood:  -10283054.1973616"
[1] "New Likelihood:  -10283020.1131544"
iter:  0  f-value:  34665.33  pgrad:  0.674378 
iter:  10  f-value:  34665.3  pgrad:  0.6727775 
iter:  20  f-value:  34665.28  pgrad:  0.667081 
iter:  30  f-value:  34665.28  pgrad:  0.5654874 
  Unsuccessful convergence.
Time difference of 10.10655 mins
[1] "maxIt: 20"
[1] "It: 7"
 [1] "sigma:"            "0.988222376500404" "0.988222376500404"
 [4] "0.988222376500404" "0.988222376500404" "0.988222376500404"
 [7] "0.988222376500404" "0.988222376500404" "0.988222376500404"
[10] "0.988222376500404" "0.988222376500404" "0.988222376500404"
[13] "0.988222376500404" "0.988222376500404" "0.988222376500404"
[16] "0.988222376500404" "0.988222376500404" "0.332870862365652"
[19] "0.332870862365652" "0.332870862365652" "0.332870862365652"
[22] "0.332870862365652" "0.332870862365652" "0.332870862365652"
[25] "0.332870862365652" "0.332870862365652" "0.332870862365652"
[28] "0.332870862365652" "0.332870862365652" "0.332870862365652"
[31] "0.332870862365652" "0.332870862365652" "0.332870862365652"
[34] "0.332870862365652" "0.332870862365652" "0.332870862365652"
[37] "0.332870862365652" "0.332870862365652" "0.332870862365652"
[40] "0.332870862365652" "0.332870862365652" "beta :"           
[43] "1"                
[1] 10283120
[1] 10283001
[1] 10283371
 [1] "sigma:"            "0.988222376500404" "0.988222376500404"
 [4] "0.988222376500404" "0.988222376500404" "0.988222376500404"
 [7] "0.988222376500404" "0.988222376500404" "0.988222376500404"
[10] "0.988222376500404" "0.988222376500404" "0.988222376500404"
[13] "0.988222376500404" "0.988222376500404" "0.988222376500404"
[16] "0.988222376500404" "0.988222376500404" "0.332870862365652"
[19] "0.332870862365652" "0.332870862365652" "0.332870862365652"
[22] "0.332870862365652" "0.332870862365652" "0.332870862365652"
[25] "0.332870862365652" "0.332870862365652" "0.332870862365652"
[28] "0.332870862365652" "0.332870862365652" "0.332870862365652"
[31] "0.332870862365652" "0.332870862365652" "0.332870862365652"
[34] "0.332870862365652" "0.332870862365652" "0.332870862365652"
[37] "0.332870862365652" "0.332870862365652" "0.332870862365652"
[40] "0.332870862365652" "0.332870862365652" "beta :"           
[43] "1"                
[1] " old Likelihood:  -10283020.1131544"
[1] "New Likelihood:  -10283000.5892539"
iter:  0  f-value:  34743.24  pgrad:  0.6657417 
iter:  10  f-value:  34743.22  pgrad:  0.6646321 
iter:  20  f-value:  34743.2  pgrad:  0.6608548 
iter:  30  f-value:  34743.2  pgrad:  0.6598161 
  Unsuccessful convergence.
Time difference of 10.10289 mins
[1] "maxIt: 20"
[1] "It: 8"
 [1] "sigma:"            "0.98853560818762"  "0.98853560818762" 
 [4] "0.98853560818762"  "0.98853560818762"  "0.98853560818762" 
 [7] "0.98853560818762"  "0.98853560818762"  "0.98853560818762" 
[10] "0.98853560818762"  "0.98853560818762"  "0.98853560818762" 
[13] "0.98853560818762"  "0.98853560818762"  "0.98853560818762" 
[16] "0.98853560818762"  "0.98853560818762"  "0.329527551700048"
[19] "0.329527551700048" "0.329527551700048" "0.329527551700048"
[22] "0.329527551700048" "0.329527551700048" "0.329527551700048"
[25] "0.329527551700048" "0.329527551700048" "0.329527551700048"
[28] "0.329527551700048" "0.329527551700048" "0.329527551700048"
[31] "0.329527551700048" "0.329527551700048" "0.329527551700048"
[34] "0.329527551700048" "0.329527551700048" "0.329527551700048"
[37] "0.329527551700048" "0.329527551700048" "0.329527551700048"
[40] "0.329527551700048" "0.329527551700048" "beta :"           
[43] "1"                
[1] 10283111
[1] 10282984
[1] 10283356
 [1] "sigma:"            "0.98853560818762"  "0.98853560818762" 
 [4] "0.98853560818762"  "0.98853560818762"  "0.98853560818762" 
 [7] "0.98853560818762"  "0.98853560818762"  "0.98853560818762" 
[10] "0.98853560818762"  "0.98853560818762"  "0.98853560818762" 
[13] "0.98853560818762"  "0.98853560818762"  "0.98853560818762" 
[16] "0.98853560818762"  "0.98853560818762"  "0.304527551700048"
[19] "0.304527551700048" "0.304527551700048" "0.304527551700048"
[22] "0.304527551700048" "0.304527551700048" "0.304527551700048"
[25] "0.304527551700048" "0.304527551700048" "0.304527551700048"
[28] "0.304527551700048" "0.304527551700048" "0.304527551700048"
[31] "0.304527551700048" "0.304527551700048" "0.304527551700048"
[34] "0.304527551700048" "0.304527551700048" "0.304527551700048"
[37] "0.304527551700048" "0.304527551700048" "0.304527551700048"
[40] "0.304527551700048" "0.304527551700048" "beta :"           
[43] "1"                
[1] " old Likelihood:  -10283000.5892539"
[1] "New Likelihood:  -10282984.0461551"
iter:  0  f-value:  35595.94  pgrad:  0.5101772 
iter:  10  f-value:  35595.87  pgrad:  0.6084115 
iter:  20  f-value:  35595.85  pgrad:  0.6057637 
iter:  30  f-value:  35595.85  pgrad:  0.6043814 
  Unsuccessful convergence.
Time difference of 10.6962 mins
[1] "maxIt: 20"
[1] "It: 9"
 [1] "sigma:"            "0.988753262140601" "0.988753262140601"
 [4] "0.988753262140601" "0.988753262140601" "0.988753262140601"
 [7] "0.988753262140601" "0.988753262140601" "0.988753262140601"
[10] "0.988753262140601" "0.988753262140601" "0.988753262140601"
[13] "0.988753262140601" "0.988753262140601" "0.988753262140601"
[16] "0.988753262140601" "0.988753262140601" "0.302134483447543"
[19] "0.302134483447543" "0.302134483447543" "0.302134483447543"
[22] "0.302134483447543" "0.302134483447543" "0.302134483447543"
[25] "0.302134483447543" "0.302134483447543" "0.302134483447543"
[28] "0.302134483447543" "0.302134483447543" "0.302134483447543"
[31] "0.302134483447543" "0.302134483447543" "0.302134483447543"
[34] "0.302134483447543" "0.302134483447543" "0.302134483447543"
[37] "0.302134483447543" "0.302134483447543" "0.302134483447543"
[40] "0.302134483447543" "0.302134483447543" "beta :"           
[43] "1"                
[1] 10283100
[1] 10282957
[1] 10283311
 [1] "sigma:"            "0.988753262140601" "0.988753262140601"
 [4] "0.988753262140601" "0.988753262140601" "0.988753262140601"
 [7] "0.988753262140601" "0.988753262140601" "0.988753262140601"
[10] "0.988753262140601" "0.988753262140601" "0.988753262140601"
[13] "0.988753262140601" "0.988753262140601" "0.988753262140601"
[16] "0.988753262140601" "0.988753262140601" "0.302134483447543"
[19] "0.302134483447543" "0.302134483447543" "0.302134483447543"
[22] "0.302134483447543" "0.302134483447543" "0.302134483447543"
[25] "0.302134483447543" "0.302134483447543" "0.302134483447543"
[28] "0.302134483447543" "0.302134483447543" "0.302134483447543"
[31] "0.302134483447543" "0.302134483447543" "0.302134483447543"
[34] "0.302134483447543" "0.302134483447543" "0.302134483447543"
[37] "0.302134483447543" "0.302134483447543" "0.302134483447543"
[40] "0.302134483447543" "0.302134483447543" "beta :"           
[43] "1"                
[1] " old Likelihood:  -10282984.0461551"
[1] "New Likelihood:  -10282957.0802263"
iter:  0  f-value:  35581.54  pgrad:  0.5086001 
iter:  10  f-value:  35581.52  pgrad:  0.6035343 
iter:  20  f-value:  35581.51  pgrad:  0.6005322 
iter:  30  f-value:  35581.5  pgrad:  0.5068469 
  Unsuccessful convergence.
Time difference of 10.11226 mins
[1] "maxIt: 20"
[1] "It: 10"
 [1] "sigma:"            "0.989154671531198" "0.989154671531198"
 [4] "0.989154671531198" "0.989154671531198" "0.989154671531198"
 [7] "0.989154671531198" "0.989154671531198" "0.989154671531198"
[10] "0.989154671531198" "0.989154671531198" "0.989154671531198"
[13] "0.989154671531198" "0.989154671531198" "0.989154671531198"
[16] "0.989154671531198" "0.989154671531198" "0.298641996134989"
[19] "0.298641996134989" "0.298641996134989" "0.298641996134989"
[22] "0.298641996134989" "0.298641996134989" "0.298641996134989"
[25] "0.298641996134989" "0.298641996134989" "0.298641996134989"
[28] "0.298641996134989" "0.298641996134989" "0.298641996134989"
[31] "0.298641996134989" "0.298641996134989" "0.298641996134989"
[34] "0.298641996134989" "0.298641996134989" "0.298641996134989"
[37] "0.298641996134989" "0.298641996134989" "0.298641996134989"
[40] "0.298641996134989" "0.298641996134989" "beta :"           
[43] "1"                
[1] 10283097
[1] 10282943
[1] 10283289
 [1] "sigma:"            "0.989154671531198" "0.989154671531198"
 [4] "0.989154671531198" "0.989154671531198" "0.989154671531198"
 [7] "0.989154671531198" "0.989154671531198" "0.989154671531198"
[10] "0.989154671531198" "0.989154671531198" "0.989154671531198"
[13] "0.989154671531198" "0.989154671531198" "0.989154671531198"
[16] "0.989154671531198" "0.989154671531198" "0.298641996134989"
[19] "0.298641996134989" "0.298641996134989" "0.298641996134989"
[22] "0.298641996134989" "0.298641996134989" "0.298641996134989"
[25] "0.298641996134989" "0.298641996134989" "0.298641996134989"
[28] "0.298641996134989" "0.298641996134989" "0.298641996134989"
[31] "0.298641996134989" "0.298641996134989" "0.298641996134989"
[34] "0.298641996134989" "0.298641996134989" "0.298641996134989"
[37] "0.298641996134989" "0.298641996134989" "0.298641996134989"
[40] "0.298641996134989" "0.298641996134989" "beta :"           
[43] "1"                
[1] " old Likelihood:  -10282957.0802263"
[1] "New Likelihood:  -10282943.3037436"
iter:  0  f-value:  35625.84  pgrad:  0.597284 
iter:  10  f-value:  35625.83  pgrad:  0.5965069 
iter:  20  f-value:  35625.82  pgrad:  0.5932773 
iter:  30  f-value:  35625.82  pgrad:  0.5019516 
  Unsuccessful convergence.
Time difference of 10.10454 mins
[1] "maxIt: 20"
[1] "It: 11"
 [1] "sigma:"            "0.98939235600646"  "0.98939235600646" 
 [4] "0.98939235600646"  "0.98939235600646"  "0.98939235600646" 
 [7] "0.98939235600646"  "0.98939235600646"  "0.98939235600646" 
[10] "0.98939235600646"  "0.98939235600646"  "0.98939235600646" 
[13] "0.98939235600646"  "0.98939235600646"  "0.98939235600646" 
[16] "0.98939235600646"  "0.98939235600646"  "0.295895207975483"
[19] "0.295895207975483" "0.295895207975483" "0.295895207975483"
[22] "0.295895207975483" "0.295895207975483" "0.295895207975483"
[25] "0.295895207975483" "0.295895207975483" "0.295895207975483"
[28] "0.295895207975483" "0.295895207975483" "0.295895207975483"
[31] "0.295895207975483" "0.295895207975483" "0.295895207975483"
[34] "0.295895207975483" "0.295895207975483" "0.295895207975483"
[37] "0.295895207975483" "0.295895207975483" "0.295895207975483"
[40] "0.295895207975483" "0.295895207975483" "beta :"           
[43] "1"                
[1] 10283094
[1] 10282935
[1] 10283278
 [1] "sigma:"            "0.98939235600646"  "0.98939235600646" 
 [4] "0.98939235600646"  "0.98939235600646"  "0.98939235600646" 
 [7] "0.98939235600646"  "0.98939235600646"  "0.98939235600646" 
[10] "0.98939235600646"  "0.98939235600646"  "0.98939235600646" 
[13] "0.98939235600646"  "0.98939235600646"  "0.98939235600646" 
[16] "0.98939235600646"  "0.98939235600646"  "0.295895207975483"
[19] "0.295895207975483" "0.295895207975483" "0.295895207975483"
[22] "0.295895207975483" "0.295895207975483" "0.295895207975483"
[25] "0.295895207975483" "0.295895207975483" "0.295895207975483"
[28] "0.295895207975483" "0.295895207975483" "0.295895207975483"
[31] "0.295895207975483" "0.295895207975483" "0.295895207975483"
[34] "0.295895207975483" "0.295895207975483" "0.295895207975483"
[37] "0.295895207975483" "0.295895207975483" "0.295895207975483"
[40] "0.295895207975483" "0.295895207975483" "beta :"           
[43] "1"                
[1] " old Likelihood:  -10282943.3037436"
[1] "New Likelihood:  -10282934.9774689"
iter:  0  f-value:  35672.46  pgrad:  0.5917904 
iter:  10  f-value:  35672.45  pgrad:  0.5910848 
iter:  20  f-value:  35672.45  pgrad:  0.5888181 
iter:  30  f-value:  35672.45  pgrad:  0.5882035 
  Unsuccessful convergence.
Time difference of 10.09681 mins
[1] "maxIt: 20"
[1] "It: 12"
 [1] "sigma:"            "0.989472567176477" "0.989472567176477"
 [4] "0.989472567176477" "0.989472567176477" "0.989472567176477"
 [7] "0.989472567176477" "0.989472567176477" "0.989472567176477"
[10] "0.989472567176477" "0.989472567176477" "0.989472567176477"
[13] "0.989472567176477" "0.989472567176477" "0.989472567176477"
[16] "0.989472567176477" "0.989472567176477" "0.293869643072212"
[19] "0.293869643072212" "0.293869643072212" "0.293869643072212"
[22] "0.293869643072212" "0.293869643072212" "0.293869643072212"
[25] "0.293869643072212" "0.293869643072212" "0.293869643072212"
[28] "0.293869643072212" "0.293869643072212" "0.293869643072212"
[31] "0.293869643072212" "0.293869643072212" "0.293869643072212"
[34] "0.293869643072212" "0.293869643072212" "0.293869643072212"
[37] "0.293869643072212" "0.293869643072212" "0.293869643072212"
[40] "0.293869643072212" "0.293869643072212" "beta :"           
[43] "1"                
[1] 10283091
[1] 10282929
[1] 10283272
 [1] "sigma:"            "0.989472567176477" "0.989472567176477"
 [4] "0.989472567176477" "0.989472567176477" "0.989472567176477"
 [7] "0.989472567176477" "0.989472567176477" "0.989472567176477"
[10] "0.989472567176477" "0.989472567176477" "0.989472567176477"
[13] "0.989472567176477" "0.989472567176477" "0.989472567176477"
[16] "0.989472567176477" "0.989472567176477" "0.293869643072212"
[19] "0.293869643072212" "0.293869643072212" "0.293869643072212"
[22] "0.293869643072212" "0.293869643072212" "0.293869643072212"
[25] "0.293869643072212" "0.293869643072212" "0.293869643072212"
[28] "0.293869643072212" "0.293869643072212" "0.293869643072212"
[31] "0.293869643072212" "0.293869643072212" "0.293869643072212"
[34] "0.293869643072212" "0.293869643072212" "0.293869643072212"
[37] "0.293869643072212" "0.293869643072212" "0.293869643072212"
[40] "0.293869643072212" "0.293869643072212" "beta :"           
[43] "1"                
[1] " old Likelihood:  -10282934.9774689"
[1] "New Likelihood:  -10282929.0819258"
iter:  0  f-value:  35712.51  pgrad:  0.5877393 
iter:  10  f-value:  35712.5  pgrad:  0.5870842 
iter:  20  f-value:  35712.5  pgrad:  0.5854238 
iter:  30  f-value:  35712.5  pgrad:  0.5847209 
  Unsuccessful convergence.
Time difference of 10.11452 mins
[1] "maxIt: 20"
[1] "It: 13"
 [1] "sigma:"            "0.989530484977462" "0.989530484977462"
 [4] "0.989530484977462" "0.989530484977462" "0.989530484977462"
 [7] "0.989530484977462" "0.989530484977462" "0.989530484977462"
[10] "0.989530484977462" "0.989530484977462" "0.989530484977462"
[13] "0.989530484977462" "0.989530484977462" "0.989530484977462"
[16] "0.989530484977462" "0.989530484977462" "0.292147572280931"
[19] "0.292147572280931" "0.292147572280931" "0.292147572280931"
[22] "0.292147572280931" "0.292147572280931" "0.292147572280931"
[25] "0.292147572280931" "0.292147572280931" "0.292147572280931"
[28] "0.292147572280931" "0.292147572280931" "0.292147572280931"
[31] "0.292147572280931" "0.292147572280931" "0.292147572280931"
[34] "0.292147572280931" "0.292147572280931" "0.292147572280931"
[37] "0.292147572280931" "0.292147572280931" "0.292147572280931"
[40] "0.292147572280931" "0.292147572280931" "beta :"           
[43] "1"                
[1] 10283089
[1] 10282924
[1] 10283266
 [1] "sigma:"            "0.989530484977462" "0.989530484977462"
 [4] "0.989530484977462" "0.989530484977462" "0.989530484977462"
 [7] "0.989530484977462" "0.989530484977462" "0.989530484977462"
[10] "0.989530484977462" "0.989530484977462" "0.989530484977462"
[13] "0.989530484977462" "0.989530484977462" "0.989530484977462"
[16] "0.989530484977462" "0.989530484977462" "0.292147572280931"
[19] "0.292147572280931" "0.292147572280931" "0.292147572280931"
[22] "0.292147572280931" "0.292147572280931" "0.292147572280931"
[25] "0.292147572280931" "0.292147572280931" "0.292147572280931"
[28] "0.292147572280931" "0.292147572280931" "0.292147572280931"
[31] "0.292147572280931" "0.292147572280931" "0.292147572280931"
[34] "0.292147572280931" "0.292147572280931" "0.292147572280931"
[37] "0.292147572280931" "0.292147572280931" "0.292147572280931"
[40] "0.292147572280931" "0.292147572280931" "beta :"           
[43] "1"                
[1] " old Likelihood:  -10282929.0819258"
[1] "New Likelihood:  -10282924.1299126"
iter:  0  f-value:  35749.22  pgrad:  0.5842951 
iter:  10  f-value:  35749.21  pgrad:  0.5836299 
iter:  20  f-value:  35749.21  pgrad:  0.5817986 
iter:  30  f-value:  35749.21  pgrad:  0.5812702 
  Unsuccessful convergence.
Time difference of 10.10576 mins
[1] "maxIt: 20"
[1] "It: 14"
 [1] "sigma:"            "0.989589492178218" "0.989589492178218"
 [4] "0.989589492178218" "0.989589492178218" "0.989589492178218"
 [7] "0.989589492178218" "0.989589492178218" "0.989589492178218"
[10] "0.989589492178218" "0.989589492178218" "0.989589492178218"
[13] "0.989589492178218" "0.989589492178218" "0.989589492178218"
[16] "0.989589492178218" "0.989589492178218" "0.290524242726603"
[19] "0.290524242726603" "0.290524242726603" "0.290524242726603"
[22] "0.290524242726603" "0.290524242726603" "0.290524242726603"
[25] "0.290524242726603" "0.290524242726603" "0.290524242726603"
[28] "0.290524242726603" "0.290524242726603" "0.290524242726603"
[31] "0.290524242726603" "0.290524242726603" "0.290524242726603"
[34] "0.290524242726603" "0.290524242726603" "0.290524242726603"
[37] "0.290524242726603" "0.290524242726603" "0.290524242726603"
[40] "0.290524242726603" "0.290524242726603" "beta :"           
[43] "1"                
[1] 10283087
[1] 10282920
[1] 10283261
 [1] "sigma:"            "0.989589492178218" "0.989589492178218"
 [4] "0.989589492178218" "0.989589492178218" "0.989589492178218"
 [7] "0.989589492178218" "0.989589492178218" "0.989589492178218"
[10] "0.989589492178218" "0.989589492178218" "0.989589492178218"
[13] "0.989589492178218" "0.989589492178218" "0.989589492178218"
[16] "0.989589492178218" "0.989589492178218" "0.290524242726603"
[19] "0.290524242726603" "0.290524242726603" "0.290524242726603"
[22] "0.290524242726603" "0.290524242726603" "0.290524242726603"
[25] "0.290524242726603" "0.290524242726603" "0.290524242726603"
[28] "0.290524242726603" "0.290524242726603" "0.290524242726603"
[31] "0.290524242726603" "0.290524242726603" "0.290524242726603"
[34] "0.290524242726603" "0.290524242726603" "0.290524242726603"
[37] "0.290524242726603" "0.290524242726603" "0.290524242726603"
[40] "0.290524242726603" "0.290524242726603" "beta :"           
[43] "1"                
[1] " old Likelihood:  -10282924.1299126"
[1] "New Likelihood:  -10282919.6851672"
iter:  0  f-value:  35785.02  pgrad:  0.5810485 
iter:  10  f-value:  35785.01  pgrad:  0.5804413 
iter:  20  f-value:  35785.01  pgrad:  0.5793386 
iter:  30  f-value:  35785  pgrad:  0.4681511 
  Unsuccessful convergence.
Time difference of 10.11238 mins
[1] "maxIt: 20"
[1] "It: 15"
 [1] "sigma:"           "0.98968635286441" "0.98968635286441" "0.98968635286441"
 [5] "0.98968635286441" "0.98968635286441" "0.98968635286441" "0.98968635286441"
 [9] "0.98968635286441" "0.98968635286441" "0.98968635286441" "0.98968635286441"
[13] "0.98968635286441" "0.98968635286441" "0.98968635286441" "0.98968635286441"
[17] "0.98968635286441" "0.28861586167123" "0.28861586167123" "0.28861586167123"
[21] "0.28861586167123" "0.28861586167123" "0.28861586167123" "0.28861586167123"
[25] "0.28861586167123" "0.28861586167123" "0.28861586167123" "0.28861586167123"
[29] "0.28861586167123" "0.28861586167123" "0.28861586167123" "0.28861586167123"
[33] "0.28861586167123" "0.28861586167123" "0.28861586167123" "0.28861586167123"
[37] "0.28861586167123" "0.28861586167123" "0.28861586167123" "0.28861586167123"
[41] "0.28861586167123" "beta :"           "1"               
[1] 10283085
[1] 10282915
[1] 10283255
 [1] "sigma:"           "0.98968635286441" "0.98968635286441" "0.98968635286441"
 [5] "0.98968635286441" "0.98968635286441" "0.98968635286441" "0.98968635286441"
 [9] "0.98968635286441" "0.98968635286441" "0.98968635286441" "0.98968635286441"
[13] "0.98968635286441" "0.98968635286441" "0.98968635286441" "0.98968635286441"
[17] "0.98968635286441" "0.28861586167123" "0.28861586167123" "0.28861586167123"
[21] "0.28861586167123" "0.28861586167123" "0.28861586167123" "0.28861586167123"
[25] "0.28861586167123" "0.28861586167123" "0.28861586167123" "0.28861586167123"
[29] "0.28861586167123" "0.28861586167123" "0.28861586167123" "0.28861586167123"
[33] "0.28861586167123" "0.28861586167123" "0.28861586167123" "0.28861586167123"
[37] "0.28861586167123" "0.28861586167123" "0.28861586167123" "0.28861586167123"
[41] "0.28861586167123" "beta :"           "1"               
[1] " old Likelihood:  -10282919.6851672"
[1] "New Likelihood:  -10282915.2665682"
iter:  0  f-value:  35828.51  pgrad:  0.5772317 
iter:  10  f-value:  35828.5  pgrad:  0.5766224 
iter:  20  f-value:  35828.5  pgrad:  0.5757806 
iter:  30  f-value:  35828.5  pgrad:  0.5743996 
  Unsuccessful convergence.
Time difference of 10.11542 mins
[1] "maxIt: 20"
[1] "It: 16"
 [1] "sigma:"            "0.989729050917709" "0.989729050917709"
 [4] "0.989729050917709" "0.989729050917709" "0.989729050917709"
 [7] "0.989729050917709" "0.989729050917709" "0.989729050917709"
[10] "0.989729050917709" "0.989729050917709" "0.989729050917709"
[13] "0.989729050917709" "0.989729050917709" "0.989729050917709"
[16] "0.989729050917709" "0.989729050917709" "0.287095479930503"
[19] "0.287095479930503" "0.287095479930503" "0.287095479930503"
[22] "0.287095479930503" "0.287095479930503" "0.287095479930503"
[25] "0.287095479930503" "0.287095479930503" "0.287095479930503"
[28] "0.287095479930503" "0.287095479930503" "0.287095479930503"
[31] "0.287095479930503" "0.287095479930503" "0.287095479930503"
[34] "0.287095479930503" "0.287095479930503" "0.287095479930503"
[37] "0.287095479930503" "0.287095479930503" "0.287095479930503"
[40] "0.287095479930503" "0.287095479930503" "beta :"           
[43] "1"                
[1] 10283083
[1] 10282911
[1] 10283251
 [1] "sigma:"            "0.989729050917709" "0.989729050917709"
 [4] "0.989729050917709" "0.989729050917709" "0.989729050917709"
 [7] "0.989729050917709" "0.989729050917709" "0.989729050917709"
[10] "0.989729050917709" "0.989729050917709" "0.989729050917709"
[13] "0.989729050917709" "0.989729050917709" "0.989729050917709"
[16] "0.989729050917709" "0.989729050917709" "0.287095479930503"
[19] "0.287095479930503" "0.287095479930503" "0.287095479930503"
[22] "0.287095479930503" "0.287095479930503" "0.287095479930503"
[25] "0.287095479930503" "0.287095479930503" "0.287095479930503"
[28] "0.287095479930503" "0.287095479930503" "0.287095479930503"
[31] "0.287095479930503" "0.287095479930503" "0.287095479930503"
[34] "0.287095479930503" "0.287095479930503" "0.287095479930503"
[37] "0.287095479930503" "0.287095479930503" "0.287095479930503"
[40] "0.287095479930503" "0.287095479930503" "beta :"           
[43] "1"                
[1] " old Likelihood:  -10282915.2665682"
[1] "New Likelihood:  -10282911.3808767"
iter:  0  f-value:  35864.78  pgrad:  0.574191 
iter:  10  f-value:  35864.77  pgrad:  0.5735874 
iter:  20  f-value:  35864.77  pgrad:  0.5726946 
iter:  30  f-value:  35864.77  pgrad:  0.5719948 
  Unsuccessful convergence.
Time difference of 10.09534 mins
[1] "maxIt: 20"
[1] "It: 17"
 [1] "sigma:"            "0.98973904659501"  "0.98973904659501" 
 [4] "0.98973904659501"  "0.98973904659501"  "0.98973904659501" 
 [7] "0.98973904659501"  "0.98973904659501"  "0.98973904659501" 
[10] "0.98973904659501"  "0.98973904659501"  "0.98973904659501" 
[13] "0.98973904659501"  "0.98973904659501"  "0.98973904659501" 
[16] "0.98973904659501"  "0.98973904659501"  "0.285959310431049"
[19] "0.285959310431049" "0.285959310431049" "0.285959310431049"
[22] "0.285959310431049" "0.285959310431049" "0.285959310431049"
[25] "0.285959310431049" "0.285959310431049" "0.285959310431049"
[28] "0.285959310431049" "0.285959310431049" "0.285959310431049"
[31] "0.285959310431049" "0.285959310431049" "0.285959310431049"
[34] "0.285959310431049" "0.285959310431049" "0.285959310431049"
[37] "0.285959310431049" "0.285959310431049" "0.285959310431049"
[40] "0.285959310431049" "0.285959310431049" "beta :"           
[43] "1"                
[1] 10283081
[1] 10282908
[1] 10283247
 [1] "sigma:"            "0.98973904659501"  "0.98973904659501" 
 [4] "0.98973904659501"  "0.98973904659501"  "0.98973904659501" 
 [7] "0.98973904659501"  "0.98973904659501"  "0.98973904659501" 
[10] "0.98973904659501"  "0.98973904659501"  "0.98973904659501" 
[13] "0.98973904659501"  "0.98973904659501"  "0.98973904659501" 
[16] "0.98973904659501"  "0.98973904659501"  "0.285959310431049"
[19] "0.285959310431049" "0.285959310431049" "0.285959310431049"
[22] "0.285959310431049" "0.285959310431049" "0.285959310431049"
[25] "0.285959310431049" "0.285959310431049" "0.285959310431049"
[28] "0.285959310431049" "0.285959310431049" "0.285959310431049"
[31] "0.285959310431049" "0.285959310431049" "0.285959310431049"
[34] "0.285959310431049" "0.285959310431049" "0.285959310431049"
[37] "0.285959310431049" "0.285959310431049" "0.285959310431049"
[40] "0.285959310431049" "0.285959310431049" "beta :"           
[43] "1"                
[1] " old Likelihood:  -10282911.3808767"
[1] "New Likelihood:  -10282908.0227476"
iter:  0  f-value:  35893.02  pgrad:  0.5719186 
iter:  10  f-value:  35893.01  pgrad:  0.5713159 
iter:  20  f-value:  35893.01  pgrad:  0.5705422 
iter:  30  f-value:  35893.01  pgrad:  0.5699751 
  Unsuccessful convergence.
Time difference of 10.10243 mins
[1] "maxIt: 20"
[1] "It: 18"
 [1] "sigma:"            "0.989807240986465" "0.989807240986465"
 [4] "0.989807240986465" "0.989807240986465" "0.989807240986465"
 [7] "0.989807240986465" "0.989807240986465" "0.989807240986465"
[10] "0.989807240986465" "0.989807240986465" "0.989807240986465"
[13] "0.989807240986465" "0.989807240986465" "0.989807240986465"
[16] "0.989807240986465" "0.989807240986465" "0.284469947759567"
[19] "0.284469947759567" "0.284469947759567" "0.284469947759567"
[22] "0.284469947759567" "0.284469947759567" "0.284469947759567"
[25] "0.284469947759567" "0.284469947759567" "0.284469947759567"
[28] "0.284469947759567" "0.284469947759567" "0.284469947759567"
[31] "0.284469947759567" "0.284469947759567" "0.284469947759567"
[34] "0.284469947759567" "0.284469947759567" "0.284469947759567"
[37] "0.284469947759567" "0.284469947759567" "0.284469947759567"
[40] "0.284469947759567" "0.284469947759567" "beta :"           
[43] "1"                
[1] 10283079
[1] 10282904
[1] 10283242
 [1] "sigma:"            "0.989807240986465" "0.989807240986465"
 [4] "0.989807240986465" "0.989807240986465" "0.989807240986465"
 [7] "0.989807240986465" "0.989807240986465" "0.989807240986465"
[10] "0.989807240986465" "0.989807240986465" "0.989807240986465"
[13] "0.989807240986465" "0.989807240986465" "0.989807240986465"
[16] "0.989807240986465" "0.989807240986465" "0.284469947759567"
[19] "0.284469947759567" "0.284469947759567" "0.284469947759567"
[22] "0.284469947759567" "0.284469947759567" "0.284469947759567"
[25] "0.284469947759567" "0.284469947759567" "0.284469947759567"
[28] "0.284469947759567" "0.284469947759567" "0.284469947759567"
[31] "0.284469947759567" "0.284469947759567" "0.284469947759567"
[34] "0.284469947759567" "0.284469947759567" "0.284469947759567"
[37] "0.284469947759567" "0.284469947759567" "0.284469947759567"
[40] "0.284469947759567" "0.284469947759567" "beta :"           
[43] "1"                
[1] " old Likelihood:  -10282908.0227476"
[1] "New Likelihood:  -10282904.4828003"
iter:  0  f-value:  35926.89  pgrad:  0.5689399 
iter:  10  f-value:  35926.89  pgrad:  0.5684423 
iter:  20  f-value:  35926.89  pgrad:  0.5676149 
iter:  30  f-value:  35926.89  pgrad:  0.56714 
  Unsuccessful convergence.
Time difference of 10.10455 mins
[1] "maxIt: 20"
[1] "It: 19"
 [1] "sigma:"            "0.989804326013442" "0.989804326013442"
 [4] "0.989804326013442" "0.989804326013442" "0.989804326013442"
 [7] "0.989804326013442" "0.989804326013442" "0.989804326013442"
[10] "0.989804326013442" "0.989804326013442" "0.989804326013442"
[13] "0.989804326013442" "0.989804326013442" "0.989804326013442"
[16] "0.989804326013442" "0.989804326013442" "0.28355105732341" 
[19] "0.28355105732341"  "0.28355105732341"  "0.28355105732341" 
[22] "0.28355105732341"  "0.28355105732341"  "0.28355105732341" 
[25] "0.28355105732341"  "0.28355105732341"  "0.28355105732341" 
[28] "0.28355105732341"  "0.28355105732341"  "0.28355105732341" 
[31] "0.28355105732341"  "0.28355105732341"  "0.28355105732341" 
[34] "0.28355105732341"  "0.28355105732341"  "0.28355105732341" 
[37] "0.28355105732341"  "0.28355105732341"  "0.28355105732341" 
[40] "0.28355105732341"  "0.28355105732341"  "beta :"           
[43] "1"                
[1] 10283077
[1] 10282902
[1] 10283238
 [1] "sigma:"            "0.989804326013442" "0.989804326013442"
 [4] "0.989804326013442" "0.989804326013442" "0.989804326013442"
 [7] "0.989804326013442" "0.989804326013442" "0.989804326013442"
[10] "0.989804326013442" "0.989804326013442" "0.989804326013442"
[13] "0.989804326013442" "0.989804326013442" "0.989804326013442"
[16] "0.989804326013442" "0.989804326013442" "0.28355105732341" 
[19] "0.28355105732341"  "0.28355105732341"  "0.28355105732341" 
[22] "0.28355105732341"  "0.28355105732341"  "0.28355105732341" 
[25] "0.28355105732341"  "0.28355105732341"  "0.28355105732341" 
[28] "0.28355105732341"  "0.28355105732341"  "0.28355105732341" 
[31] "0.28355105732341"  "0.28355105732341"  "0.28355105732341" 
[34] "0.28355105732341"  "0.28355105732341"  "0.28355105732341" 
[37] "0.28355105732341"  "0.28355105732341"  "0.28355105732341" 
[40] "0.28355105732341"  "0.28355105732341"  "beta :"           
[43] "1"                
[1] " old Likelihood:  -10282904.4828003"
[1] "New Likelihood:  -10282901.5540738"
iter:  0  f-value:  35951.12  pgrad:  0.5671021 
iter:  10  f-value:  35951.12  pgrad:  0.5665894 
iter:  20  f-value:  35951.11  pgrad:  0.5658589 
iter:  30  f-value:  35951.11  pgrad:  0.5653883 
  Unsuccessful convergence.
Time difference of 10.09912 mins
[1] "maxIt: 20"
[1] "It: 20"
 [1] "sigma:"            "0.989825569901608" "0.989825569901608"
 [4] "0.989825569901608" "0.989825569901608" "0.989825569901608"
 [7] "0.989825569901608" "0.989825569901608" "0.989825569901608"
[10] "0.989825569901608" "0.989825569901608" "0.989825569901608"
[13] "0.989825569901608" "0.989825569901608" "0.989825569901608"
[16] "0.989825569901608" "0.989825569901608" "0.282535554342504"
[19] "0.282535554342504" "0.282535554342504" "0.282535554342504"
[22] "0.282535554342504" "0.282535554342504" "0.282535554342504"
[25] "0.282535554342504" "0.282535554342504" "0.282535554342504"
[28] "0.282535554342504" "0.282535554342504" "0.282535554342504"
[31] "0.282535554342504" "0.282535554342504" "0.282535554342504"
[34] "0.282535554342504" "0.282535554342504" "0.282535554342504"
[37] "0.282535554342504" "0.282535554342504" "0.282535554342504"
[40] "0.282535554342504" "0.282535554342504" "beta :"           
[43] "1"                
[1] 10283075
[1] 10282899
[1] 10283235
 [1] "sigma:"            "0.989825569901608" "0.989825569901608"
 [4] "0.989825569901608" "0.989825569901608" "0.989825569901608"
 [7] "0.989825569901608" "0.989825569901608" "0.989825569901608"
[10] "0.989825569901608" "0.989825569901608" "0.989825569901608"
[13] "0.989825569901608" "0.989825569901608" "0.989825569901608"
[16] "0.989825569901608" "0.989825569901608" "0.282535554342504"
[19] "0.282535554342504" "0.282535554342504" "0.282535554342504"
[22] "0.282535554342504" "0.282535554342504" "0.282535554342504"
[25] "0.282535554342504" "0.282535554342504" "0.282535554342504"
[28] "0.282535554342504" "0.282535554342504" "0.282535554342504"
[31] "0.282535554342504" "0.282535554342504" "0.282535554342504"
[34] "0.282535554342504" "0.282535554342504" "0.282535554342504"
[37] "0.282535554342504" "0.282535554342504" "0.282535554342504"
[40] "0.282535554342504" "0.282535554342504" "beta :"           
[43] "1"                
[1] " old Likelihood:  -10282901.5540738"
[1] "New Likelihood:  -10282898.6603567"
iter:  0  f-value:  35976.92  pgrad:  0.5650711 
iter:  10  f-value:  35976.91  pgrad:  0.5645669 
iter:  20  f-value:  35976.91  pgrad:  0.5637339 
iter:  30  f-value:  35976.91  pgrad:  0.5634004 
  Unsuccessful convergence.
Time difference of 10.11095 mins
 [1] "sigma:"            "0.989860757055635" "0.989860757055635"
 [4] "0.989860757055635" "0.989860757055635" "0.989860757055635"
 [7] "0.989860757055635" "0.989860757055635" "0.989860757055635"
[10] "0.989860757055635" "0.989860757055635" "0.989860757055635"
[13] "0.989860757055635" "0.989860757055635" "0.989860757055635"
[16] "0.989860757055635" "0.989860757055635" "0.281413942986029"
[19] "0.281413942986029" "0.281413942986029" "0.281413942986029"
[22] "0.281413942986029" "0.281413942986029" "0.281413942986029"
[25] "0.281413942986029" "0.281413942986029" "0.281413942986029"
[28] "0.281413942986029" "0.281413942986029" "0.281413942986029"
[31] "0.281413942986029" "0.281413942986029" "0.281413942986029"
[34] "0.281413942986029" "0.281413942986029" "0.281413942986029"
[37] "0.281413942986029" "0.281413942986029" "0.281413942986029"
[40] "0.281413942986029" "0.281413942986029" "beta :"           
[43] "1"                
[1] 1999790 1999682 1999996 1998848 1999930
[1] 1 1 1 1 1
saved RDS
inference successful
