[1] "Original length"
[1] 999944
[1] "Final length"
[1] 17453
[1] "sequence length : 999945" "sequence length : 999747"
[3] "sequence length : 999945" "sequence length : 999832"
[5] "sequence length : 999992"
[1] 1 1 1 1 1
[1] "Beta: 1"
[1] "Self: 0.5"
 [1] 0 0 0 0 0 0 0 0 0 0 0 0 0 0 0 0 0 0 0 0
[1] "maxIt: 20"
[1] "It: 1"
 [1] "sigma:" "0.5"    "0.5"    "0.5"    "0.5"    "0.5"    "0.5"    "0.5"   
 [9] "0.5"    "0.5"    "0.5"    "0.5"    "0.5"    "0.5"    "0.5"    "0.5"   
[17] "0.5"    "0.5"    "0.5"    "0"      "0"      "0"      "0"      "0"     
[25] "0"      "0"      "0"      "0"      "0"      "0"      "0"      "0"     
[33] "0"      "0"      "0"      "0"      "0"      "0"      "0"      "0"     
[41] "0"      "beta :" "1"     
[1] 9938152
[1] 9937835
[1] 9937679
[1] 9937450
[1] 9937122
[1] 9936683
[1] 9936154
[1] 9935640
[1] 9935384
[1] 9935607
[1] 9936493
[1] 9938540
[1] 9942553
[1] 9949645
[1] 9960551
[1] 9973771
[1] 9984125
[1] 9989100
[1] 9990955
[1] 9991404
[1] 9991487
 [1] "sigma:" "0.9655" "0.9655" "0.9655" "0.9655" "0.9655" "0.9655" "0.9655"
 [9] "0.9655" "0.9655" "0.9655" "0.9655" "0.9655" "0.9655" "0.9655" "0.9655"
[17] "0.9655" "0.375"  "0.375"  "0.375"  "0.375"  "0.375"  "0.375"  "0.375" 
[25] "0.375"  "0.375"  "0.375"  "0.375"  "0.375"  "0.375"  "0.375"  "0.375" 
[33] "0.375"  "0.375"  "0.375"  "0.375"  "0.375"  "0.375"  "0.375"  "0.375" 
[41] "0.375"  "beta :" "1"     
[1] "New Likelihood:  -9935383.94243279"
iter:  0  f-value:  32760.85  pgrad:  0.75 
iter:  10  f-value:  32760.69  pgrad:  0.7474349 
iter:  20  f-value:  32760.52  pgrad:  0.7421577 
iter:  30  f-value:  32760.4  pgrad:  0.7360766 
  Unsuccessful convergence.
Time difference of 39.07208 mins
[1] "maxIt: 20"
[1] "It: 2"
 [1] "sigma:"            "0.979574961576411" "0.979574961576411"
 [4] "0.979574961576411" "0.979574961576411" "0.979574961576411"
 [7] "0.979574961576411" "0.979574961576411" "0.979574961576411"
[10] "0.979574961576411" "0.979574961576411" "0.979574961576411"
[13] "0.979574961576411" "0.979574961576411" "0.979574961576411"
[16] "0.979574961576411" "0.979574961576411" "0.368017299443846"
[19] "0.368017299443846" "0.368017299443846" "0.368017299443846"
[22] "0.368017299443846" "0.368017299443846" "0.368017299443846"
[25] "0.368017299443846" "0.368017299443846" "0.368017299443846"
[28] "0.368017299443846" "0.368017299443846" "0.368017299443846"
[31] "0.368017299443846" "0.368017299443846" "0.368017299443846"
[34] "0.368017299443846" "0.368017299443846" "0.368017299443846"
[37] "0.368017299443846" "0.368017299443846" "0.368017299443846"
[40] "0.368017299443846" "0.368017299443846" "beta :"           
[43] "1"                
[1] 9935516
[1] 9935257
[1] 9935513
 [1] "sigma:"            "0.979574961576411" "0.979574961576411"
 [4] "0.979574961576411" "0.979574961576411" "0.979574961576411"
 [7] "0.979574961576411" "0.979574961576411" "0.979574961576411"
[10] "0.979574961576411" "0.979574961576411" "0.979574961576411"
[13] "0.979574961576411" "0.979574961576411" "0.979574961576411"
[16] "0.979574961576411" "0.979574961576411" "0.368017299443846"
[19] "0.368017299443846" "0.368017299443846" "0.368017299443846"
[22] "0.368017299443846" "0.368017299443846" "0.368017299443846"
[25] "0.368017299443846" "0.368017299443846" "0.368017299443846"
[28] "0.368017299443846" "0.368017299443846" "0.368017299443846"
[31] "0.368017299443846" "0.368017299443846" "0.368017299443846"
[34] "0.368017299443846" "0.368017299443846" "0.368017299443846"
[37] "0.368017299443846" "0.368017299443846" "0.368017299443846"
[40] "0.368017299443846" "0.368017299443846" "beta :"           
[43] "1"                
[1] " old Likelihood:  -9935383.94243279"
[1] "New Likelihood:  -9935257.19453017"
iter:  0  f-value:  32832.41  pgrad:  0.7360346 
iter:  10  f-value:  32832.33  pgrad:  0.7339487 
iter:  20  f-value:  32832.24  pgrad:  0.7262434 
iter:  30  f-value:  32832.24  pgrad:  0.7258999 
  Unsuccessful convergence.
Time difference of 9.705823 mins
[1] "maxIt: 20"
[1] "It: 3"
 [1] "sigma:"            "0.986074928732803" "0.986074928732803"
 [4] "0.986074928732803" "0.986074928732803" "0.986074928732803"
 [7] "0.986074928732803" "0.986074928732803" "0.986074928732803"
[10] "0.986074928732803" "0.986074928732803" "0.986074928732803"
[13] "0.986074928732803" "0.986074928732803" "0.986074928732803"
[16] "0.986074928732803" "0.986074928732803" "0.362786070244216"
[19] "0.362786070244216" "0.362786070244216" "0.362786070244216"
[22] "0.362786070244216" "0.362786070244216" "0.362786070244216"
[25] "0.362786070244216" "0.362786070244216" "0.362786070244216"
[28] "0.362786070244216" "0.362786070244216" "0.362786070244216"
[31] "0.362786070244216" "0.362786070244216" "0.362786070244216"
[34] "0.362786070244216" "0.362786070244216" "0.362786070244216"
[37] "0.362786070244216" "0.362786070244216" "0.362786070244216"
[40] "0.362786070244216" "0.362786070244216" "beta :"           
[43] "1"                
[1] 9935465
[1] 9935202
[1] 9935477
 [1] "sigma:"            "0.986074928732803" "0.986074928732803"
 [4] "0.986074928732803" "0.986074928732803" "0.986074928732803"
 [7] "0.986074928732803" "0.986074928732803" "0.986074928732803"
[10] "0.986074928732803" "0.986074928732803" "0.986074928732803"
[13] "0.986074928732803" "0.986074928732803" "0.986074928732803"
[16] "0.986074928732803" "0.986074928732803" "0.337786070244216"
[19] "0.337786070244216" "0.337786070244216" "0.337786070244216"
[22] "0.337786070244216" "0.337786070244216" "0.337786070244216"
[25] "0.337786070244216" "0.337786070244216" "0.337786070244216"
[28] "0.337786070244216" "0.337786070244216" "0.337786070244216"
[31] "0.337786070244216" "0.337786070244216" "0.337786070244216"
[34] "0.337786070244216" "0.337786070244216" "0.337786070244216"
[37] "0.337786070244216" "0.337786070244216" "0.337786070244216"
[40] "0.337786070244216" "0.337786070244216" "beta :"           
[43] "1"                
[1] " old Likelihood:  -9935257.19453017"
[1] "New Likelihood:  -9935201.98029683"
iter:  0  f-value:  33695.13  pgrad:  0.5014518 
iter:  10  f-value:  33695.02  pgrad:  0.6748814 
iter:  20  f-value:  33694.98  pgrad:  0.6701085 
iter:  30  f-value:  33694.97  pgrad:  0.6666705 
  Unsuccessful convergence.
Time difference of 10.2726 mins
[1] "maxIt: 20"
[1] "It: 4"
 [1] "sigma:"            "0.988612133456718" "0.988612133456718"
 [4] "0.988612133456718" "0.988612133456718" "0.988612133456718"
 [7] "0.988612133456718" "0.988612133456718" "0.988612133456718"
[10] "0.988612133456718" "0.988612133456718" "0.988612133456718"
[13] "0.988612133456718" "0.988612133456718" "0.988612133456718"
[16] "0.988612133456718" "0.988612133456718" "0.333240523528057"
[19] "0.333240523528057" "0.333240523528057" "0.333240523528057"
[22] "0.333240523528057" "0.333240523528057" "0.333240523528057"
[25] "0.333240523528057" "0.333240523528057" "0.333240523528057"
[28] "0.333240523528057" "0.333240523528057" "0.333240523528057"
[31] "0.333240523528057" "0.333240523528057" "0.333240523528057"
[34] "0.333240523528057" "0.333240523528057" "0.333240523528057"
[37] "0.333240523528057" "0.333240523528057" "0.333240523528057"
[40] "0.333240523528057" "0.333240523528057" "beta :"           
[43] "1"                
[1] 9935432
[1] 9935157
[1] 9935423
 [1] "sigma:"            "0.988612133456718" "0.988612133456718"
 [4] "0.988612133456718" "0.988612133456718" "0.988612133456718"
 [7] "0.988612133456718" "0.988612133456718" "0.988612133456718"
[10] "0.988612133456718" "0.988612133456718" "0.988612133456718"
[13] "0.988612133456718" "0.988612133456718" "0.988612133456718"
[16] "0.988612133456718" "0.988612133456718" "0.333240523528057"
[19] "0.333240523528057" "0.333240523528057" "0.333240523528057"
[22] "0.333240523528057" "0.333240523528057" "0.333240523528057"
[25] "0.333240523528057" "0.333240523528057" "0.333240523528057"
[28] "0.333240523528057" "0.333240523528057" "0.333240523528057"
[31] "0.333240523528057" "0.333240523528057" "0.333240523528057"
[34] "0.333240523528057" "0.333240523528057" "0.333240523528057"
[37] "0.333240523528057" "0.333240523528057" "0.333240523528057"
[40] "0.333240523528057" "0.333240523528057" "beta :"           
[43] "1"                
[1] " old Likelihood:  -9935201.98029683"
[1] "New Likelihood:  -9935157.46789592"
iter:  0  f-value:  33713.62  pgrad:  0.4993763 
iter:  10  f-value:  33713.58  pgrad:  0.6656066 
iter:  20  f-value:  33713.56  pgrad:  0.6604276 
iter:  30  f-value:  33713.56  pgrad:  0.6593436 
  Unsuccessful convergence.
Time difference of 9.681926 mins
[1] "maxIt: 20"
[1] "It: 5"
 [1] "sigma:"            "0.989548740617044" "0.989548740617044"
 [4] "0.989548740617044" "0.989548740617044" "0.989548740617044"
 [7] "0.989548740617044" "0.989548740617044" "0.989548740617044"
[10] "0.989548740617044" "0.989548740617044" "0.989548740617044"
[13] "0.989548740617044" "0.989548740617044" "0.989548740617044"
[16] "0.989548740617044" "0.989548740617044" "0.329583188305154"
[19] "0.329583188305154" "0.329583188305154" "0.329583188305154"
[22] "0.329583188305154" "0.329583188305154" "0.329583188305154"
[25] "0.329583188305154" "0.329583188305154" "0.329583188305154"
[28] "0.329583188305154" "0.329583188305154" "0.329583188305154"
[31] "0.329583188305154" "0.329583188305154" "0.329583188305154"
[34] "0.329583188305154" "0.329583188305154" "0.329583188305154"
[37] "0.329583188305154" "0.329583188305154" "0.329583188305154"
[40] "0.329583188305154" "0.329583188305154" "beta :"           
[43] "1"                
[1] 9935418
[1] 9935138
[1] 9935399
 [1] "sigma:"            "0.989548740617044" "0.989548740617044"
 [4] "0.989548740617044" "0.989548740617044" "0.989548740617044"
 [7] "0.989548740617044" "0.989548740617044" "0.989548740617044"
[10] "0.989548740617044" "0.989548740617044" "0.989548740617044"
[13] "0.989548740617044" "0.989548740617044" "0.989548740617044"
[16] "0.989548740617044" "0.989548740617044" "0.329583188305154"
[19] "0.329583188305154" "0.329583188305154" "0.329583188305154"
[22] "0.329583188305154" "0.329583188305154" "0.329583188305154"
[25] "0.329583188305154" "0.329583188305154" "0.329583188305154"
[28] "0.329583188305154" "0.329583188305154" "0.329583188305154"
[31] "0.329583188305154" "0.329583188305154" "0.329583188305154"
[34] "0.329583188305154" "0.329583188305154" "0.329583188305154"
[37] "0.329583188305154" "0.329583188305154" "0.329583188305154"
[40] "0.329583188305154" "0.329583188305154" "beta :"           
[43] "1"                
[1] " old Likelihood:  -9935157.46789592"
[1] "New Likelihood:  -9935137.58871288"
iter:  0  f-value:  33755.35  pgrad:  0.6591664 
iter:  10  f-value:  33755.32  pgrad:  0.6581904 
iter:  20  f-value:  33755.31  pgrad:  0.6554312 
iter:  30  f-value:  33755.31  pgrad:  0.6546352 
  Unsuccessful convergence.
Time difference of 9.683074 mins
[1] "maxIt: 20"
[1] "It: 6"
 [1] "sigma:"            "0.989932115262352" "0.989932115262352"
 [4] "0.989932115262352" "0.989932115262352" "0.989932115262352"
 [7] "0.989932115262352" "0.989932115262352" "0.989932115262352"
[10] "0.989932115262352" "0.989932115262352" "0.989932115262352"
[13] "0.989932115262352" "0.989932115262352" "0.989932115262352"
[16] "0.989932115262352" "0.989932115262352" "0.326106009759579"
[19] "0.326106009759579" "0.326106009759579" "0.326106009759579"
[22] "0.326106009759579" "0.326106009759579" "0.326106009759579"
[25] "0.326106009759579" "0.326106009759579" "0.326106009759579"
[28] "0.326106009759579" "0.326106009759579" "0.326106009759579"
[31] "0.326106009759579" "0.326106009759579" "0.326106009759579"
[34] "0.326106009759579" "0.326106009759579" "0.326106009759579"
[37] "0.326106009759579" "0.326106009759579" "0.326106009759579"
[40] "0.326106009759579" "0.326106009759579" "beta :"           
[43] "1"                
[1] 9935410
[1] 9935125
[1] 9935384
 [1] "sigma:"            "0.989932115262352" "0.989932115262352"
 [4] "0.989932115262352" "0.989932115262352" "0.989932115262352"
 [7] "0.989932115262352" "0.989932115262352" "0.989932115262352"
[10] "0.989932115262352" "0.989932115262352" "0.989932115262352"
[13] "0.989932115262352" "0.989932115262352" "0.989932115262352"
[16] "0.989932115262352" "0.989932115262352" "0.326106009759579"
[19] "0.326106009759579" "0.326106009759579" "0.326106009759579"
[22] "0.326106009759579" "0.326106009759579" "0.326106009759579"
[25] "0.326106009759579" "0.326106009759579" "0.326106009759579"
[28] "0.326106009759579" "0.326106009759579" "0.326106009759579"
[31] "0.326106009759579" "0.326106009759579" "0.326106009759579"
[34] "0.326106009759579" "0.326106009759579" "0.326106009759579"
[37] "0.326106009759579" "0.326106009759579" "0.326106009759579"
[40] "0.326106009759579" "0.326106009759579" "beta :"           
[43] "1"                
[1] " old Likelihood:  -9935137.58871288"
[1] "New Likelihood:  -9935125.15771453"
iter:  0  f-value:  33811.72  pgrad:  0.652212 
iter:  10  f-value:  33811.71  pgrad:  0.6514101 
iter:  20  f-value:  33811.7  pgrad:  0.648923 
iter:  30  f-value:  33811.7  pgrad:  0.6481618 
  Unsuccessful convergence.
Time difference of 9.673246 mins
[1] "maxIt: 20"
[1] "It: 7"
 [1] "sigma:"            "0.989994273547353" "0.989994273547353"
 [4] "0.989994273547353" "0.989994273547353" "0.989994273547353"
 [7] "0.989994273547353" "0.989994273547353" "0.989994273547353"
[10] "0.989994273547353" "0.989994273547353" "0.989994273547353"
[13] "0.989994273547353" "0.989994273547353" "0.989994273547353"
[16] "0.989994273547353" "0.989994273547353" "0.323975176413503"
[19] "0.323975176413503" "0.323975176413503" "0.323975176413503"
[22] "0.323975176413503" "0.323975176413503" "0.323975176413503"
[25] "0.323975176413503" "0.323975176413503" "0.323975176413503"
[28] "0.323975176413503" "0.323975176413503" "0.323975176413503"
[31] "0.323975176413503" "0.323975176413503" "0.323975176413503"
[34] "0.323975176413503" "0.323975176413503" "0.323975176413503"
[37] "0.323975176413503" "0.323975176413503" "0.323975176413503"
[40] "0.323975176413503" "0.323975176413503" "beta :"           
[43] "1"                
[1] 9935404
[1] 9935117
[1] 9935376
 [1] "sigma:"            "0.989994273547353" "0.989994273547353"
 [4] "0.989994273547353" "0.989994273547353" "0.989994273547353"
 [7] "0.989994273547353" "0.989994273547353" "0.989994273547353"
[10] "0.989994273547353" "0.989994273547353" "0.989994273547353"
[13] "0.989994273547353" "0.989994273547353" "0.989994273547353"
[16] "0.989994273547353" "0.989994273547353" "0.323975176413503"
[19] "0.323975176413503" "0.323975176413503" "0.323975176413503"
[22] "0.323975176413503" "0.323975176413503" "0.323975176413503"
[25] "0.323975176413503" "0.323975176413503" "0.323975176413503"
[28] "0.323975176413503" "0.323975176413503" "0.323975176413503"
[31] "0.323975176413503" "0.323975176413503" "0.323975176413503"
[34] "0.323975176413503" "0.323975176413503" "0.323975176413503"
[37] "0.323975176413503" "0.323975176413503" "0.323975176413503"
[40] "0.323975176413503" "0.323975176413503" "beta :"           
[43] "1"                
[1] " old Likelihood:  -9935125.15771453"
[1] "New Likelihood:  -9935117.36716189"
iter:  0  f-value:  33849.84  pgrad:  0.6479504 
iter:  10  f-value:  33849.83  pgrad:  0.6471654 
iter:  20  f-value:  33849.82  pgrad:  0.6452644 
iter:  30  f-value:  33849.82  pgrad:  0.643504 
  Unsuccessful convergence.
Time difference of 9.682928 mins
[1] "maxIt: 20"
[1] "It: 8"
 [1] "sigma:"            "0.99"              "0.99"             
 [4] "0.99"              "0.99"              "0.99"             
 [7] "0.99"              "0.99"              "0.99"             
[10] "0.99"              "0.99"              "0.99"             
[13] "0.99"              "0.99"              "0.99"             
[16] "0.99"              "0.99"              "0.321721817020932"
[19] "0.321721817020932" "0.321721817020932" "0.321721817020932"
[22] "0.321721817020932" "0.321721817020932" "0.321721817020932"
[25] "0.321721817020932" "0.321721817020932" "0.321721817020932"
[28] "0.321721817020932" "0.321721817020932" "0.321721817020932"
[31] "0.321721817020932" "0.321721817020932" "0.321721817020932"
[34] "0.321721817020932" "0.321721817020932" "0.321721817020932"
[37] "0.321721817020932" "0.321721817020932" "0.321721817020932"
[40] "0.321721817020932" "0.321721817020932" "beta :"           
[43] "1"                
[1] 9935400
[1] 9935111
[1] 9935368
 [1] "sigma:"            "0.99"              "0.99"             
 [4] "0.99"              "0.99"              "0.99"             
 [7] "0.99"              "0.99"              "0.99"             
[10] "0.99"              "0.99"              "0.99"             
[13] "0.99"              "0.99"              "0.99"             
[16] "0.99"              "0.99"              "0.321721817020932"
[19] "0.321721817020932" "0.321721817020932" "0.321721817020932"
[22] "0.321721817020932" "0.321721817020932" "0.321721817020932"
[25] "0.321721817020932" "0.321721817020932" "0.321721817020932"
[28] "0.321721817020932" "0.321721817020932" "0.321721817020932"
[31] "0.321721817020932" "0.321721817020932" "0.321721817020932"
[34] "0.321721817020932" "0.321721817020932" "0.321721817020932"
[37] "0.321721817020932" "0.321721817020932" "0.321721817020932"
[40] "0.321721817020932" "0.321721817020932" "beta :"           
[43] "1"                
[1] " old Likelihood:  -9935117.36716189"
[1] "New Likelihood:  -9935110.80642611"
iter:  0  f-value:  33894.77  pgrad:  0.6434436 
iter:  10  f-value:  33894.77  pgrad:  0.642679 
iter:  20  f-value:  33894.76  pgrad:  0.6406768 
iter:  30  f-value:  33894.76  pgrad:  0.6391857 
  Unsuccessful convergence.
Time difference of 9.66529 mins
[1] "maxIt: 20"
[1] "It: 9"
 [1] "sigma:"            "0.99"              "0.99"             
 [4] "0.99"              "0.99"              "0.99"             
 [7] "0.99"              "0.99"              "0.99"             
[10] "0.99"              "0.99"              "0.99"             
[13] "0.99"              "0.99"              "0.99"             
[16] "0.99"              "0.99"              "0.319574889413057"
[19] "0.319574889413057" "0.319574889413057" "0.319574889413057"
[22] "0.319574889413057" "0.319574889413057" "0.319574889413057"
[25] "0.319574889413057" "0.319574889413057" "0.319574889413057"
[28] "0.319574889413057" "0.319574889413057" "0.319574889413057"
[31] "0.319574889413057" "0.319574889413057" "0.319574889413057"
[34] "0.319574889413057" "0.319574889413057" "0.319574889413057"
[37] "0.319574889413057" "0.319574889413057" "0.319574889413057"
[40] "0.319574889413057" "0.319574889413057" "beta :"           
[43] "1"                
[1] 9935396
[1] 9935105
[1] 9935361
 [1] "sigma:"            "0.99"              "0.99"             
 [4] "0.99"              "0.99"              "0.99"             
 [7] "0.99"              "0.99"              "0.99"             
[10] "0.99"              "0.99"              "0.99"             
[13] "0.99"              "0.99"              "0.99"             
[16] "0.99"              "0.99"              "0.319574889413057"
[19] "0.319574889413057" "0.319574889413057" "0.319574889413057"
[22] "0.319574889413057" "0.319574889413057" "0.319574889413057"
[25] "0.319574889413057" "0.319574889413057" "0.319574889413057"
[28] "0.319574889413057" "0.319574889413057" "0.319574889413057"
[31] "0.319574889413057" "0.319574889413057" "0.319574889413057"
[34] "0.319574889413057" "0.319574889413057" "0.319574889413057"
[37] "0.319574889413057" "0.319574889413057" "0.319574889413057"
[40] "0.319574889413057" "0.319574889413057" "beta :"           
[43] "1"                
[1] " old Likelihood:  -9935110.80642611"
[1] "New Likelihood:  -9935105.31041602"
iter:  0  f-value:  33939.98  pgrad:  0.6391498 
iter:  10  f-value:  33939.97  pgrad:  0.6384423 
iter:  20  f-value:  33939.97  pgrad:  0.6357215 
iter:  30  f-value:  33939.97  pgrad:  0.5986658 
  Unsuccessful convergence.
Time difference of 9.667246 mins
[1] "maxIt: 20"
[1] "It: 10"
 [1] "sigma:"           "0.99"             "0.99"             "0.99"            
 [5] "0.99"             "0.99"             "0.99"             "0.99"            
 [9] "0.99"             "0.99"             "0.99"             "0.99"            
[13] "0.99"             "0.99"             "0.99"             "0.99"            
[17] "0.99"             "0.31743209160526" "0.31743209160526" "0.31743209160526"
[21] "0.31743209160526" "0.31743209160526" "0.31743209160526" "0.31743209160526"
[25] "0.31743209160526" "0.31743209160526" "0.31743209160526" "0.31743209160526"
[29] "0.31743209160526" "0.31743209160526" "0.31743209160526" "0.31743209160526"
[33] "0.31743209160526" "0.31743209160526" "0.31743209160526" "0.31743209160526"
[37] "0.31743209160526" "0.31743209160526" "0.31743209160526" "0.31743209160526"
[41] "0.31743209160526" "beta :"           "1"               
[1] 9935394
[1] 9935100
[1] 9935355
 [1] "sigma:"           "0.99"             "0.99"             "0.99"            
 [5] "0.99"             "0.99"             "0.99"             "0.99"            
 [9] "0.99"             "0.99"             "0.99"             "0.99"            
[13] "0.99"             "0.99"             "0.99"             "0.99"            
[17] "0.99"             "0.31743209160526" "0.31743209160526" "0.31743209160526"
[21] "0.31743209160526" "0.31743209160526" "0.31743209160526" "0.31743209160526"
[25] "0.31743209160526" "0.31743209160526" "0.31743209160526" "0.31743209160526"
[29] "0.31743209160526" "0.31743209160526" "0.31743209160526" "0.31743209160526"
[33] "0.31743209160526" "0.31743209160526" "0.31743209160526" "0.31743209160526"
[37] "0.31743209160526" "0.31743209160526" "0.31743209160526" "0.31743209160526"
[41] "0.31743209160526" "beta :"           "1"               
[1] " old Likelihood:  -9935105.31041602"
[1] "New Likelihood:  -9935100.4763014"
iter:  0  f-value:  33987.01  pgrad:  0.6348642 
iter:  10  f-value:  33987  pgrad:  0.6341535 
iter:  20  f-value:  33987  pgrad:  0.6322777 
iter:  30  f-value:  33987  pgrad:  0.6317251 
  Unsuccessful convergence.
Time difference of 9.644458 mins
[1] "maxIt: 20"
[1] "It: 11"
 [1] "sigma:"            "0.99"              "0.99"             
 [4] "0.99"              "0.99"              "0.99"             
 [7] "0.99"              "0.99"              "0.99"             
[10] "0.99"              "0.99"              "0.99"             
[13] "0.99"              "0.99"              "0.99"             
[16] "0.99"              "0.99"              "0.315813582268487"
[19] "0.315813582268487" "0.315813582268487" "0.315813582268487"
[22] "0.315813582268487" "0.315813582268487" "0.315813582268487"
[25] "0.315813582268487" "0.315813582268487" "0.315813582268487"
[28] "0.315813582268487" "0.315813582268487" "0.315813582268487"
[31] "0.315813582268487" "0.315813582268487" "0.315813582268487"
[34] "0.315813582268487" "0.315813582268487" "0.315813582268487"
[37] "0.315813582268487" "0.315813582268487" "0.315813582268487"
[40] "0.315813582268487" "0.315813582268487" "beta :"           
[43] "1"                
[1] 9935392
[1] 9935097
[1] 9935350
 [1] "sigma:"            "0.99"              "0.99"             
 [4] "0.99"              "0.99"              "0.99"             
 [7] "0.99"              "0.99"              "0.99"             
[10] "0.99"              "0.99"              "0.99"             
[13] "0.99"              "0.99"              "0.99"             
[16] "0.99"              "0.99"              "0.315813582268487"
[19] "0.315813582268487" "0.315813582268487" "0.315813582268487"
[22] "0.315813582268487" "0.315813582268487" "0.315813582268487"
[25] "0.315813582268487" "0.315813582268487" "0.315813582268487"
[28] "0.315813582268487" "0.315813582268487" "0.315813582268487"
[31] "0.315813582268487" "0.315813582268487" "0.315813582268487"
[34] "0.315813582268487" "0.315813582268487" "0.315813582268487"
[37] "0.315813582268487" "0.315813582268487" "0.315813582268487"
[40] "0.315813582268487" "0.315813582268487" "beta :"           
[43] "1"                
[1] " old Likelihood:  -9935100.4763014"
[1] "New Likelihood:  -9935096.73795072"
iter:  0  f-value:  34023.47  pgrad:  0.6316272 
iter:  10  f-value:  34023.46  pgrad:  0.6309718 
iter:  20  f-value:  34023.46  pgrad:  0.6287196 
iter:  30  f-value:  34023.46  pgrad:  0.6281644 
  Unsuccessful convergence.
Time difference of 9.690713 mins
[1] "maxIt: 20"
[1] "It: 12"
 [1] "sigma:"            "0.99"              "0.99"             
 [4] "0.99"              "0.99"              "0.99"             
 [7] "0.99"              "0.99"              "0.99"             
[10] "0.99"              "0.99"              "0.99"             
[13] "0.99"              "0.99"              "0.99"             
[16] "0.99"              "0.99"              "0.313752807795377"
[19] "0.313752807795377" "0.313752807795377" "0.313752807795377"
[22] "0.313752807795377" "0.313752807795377" "0.313752807795377"
[25] "0.313752807795377" "0.313752807795377" "0.313752807795377"
[28] "0.313752807795377" "0.313752807795377" "0.313752807795377"
[31] "0.313752807795377" "0.313752807795377" "0.313752807795377"
[34] "0.313752807795377" "0.313752807795377" "0.313752807795377"
[37] "0.313752807795377" "0.313752807795377" "0.313752807795377"
[40] "0.313752807795377" "0.313752807795377" "beta :"           
[43] "1"                
[1] 9935390
[1] 9935093
[1] 9935345
 [1] "sigma:"            "0.99"              "0.99"             
 [4] "0.99"              "0.99"              "0.99"             
 [7] "0.99"              "0.99"              "0.99"             
[10] "0.99"              "0.99"              "0.99"             
[13] "0.99"              "0.99"              "0.99"             
[16] "0.99"              "0.99"              "0.313752807795377"
[19] "0.313752807795377" "0.313752807795377" "0.313752807795377"
[22] "0.313752807795377" "0.313752807795377" "0.313752807795377"
[25] "0.313752807795377" "0.313752807795377" "0.313752807795377"
[28] "0.313752807795377" "0.313752807795377" "0.313752807795377"
[31] "0.313752807795377" "0.313752807795377" "0.313752807795377"
[34] "0.313752807795377" "0.313752807795377" "0.313752807795377"
[37] "0.313752807795377" "0.313752807795377" "0.313752807795377"
[40] "0.313752807795377" "0.313752807795377" "beta :"           
[43] "1"                
[1] " old Likelihood:  -9935096.73795072"
[1] "New Likelihood:  -9935092.73664801"
iter:  0  f-value:  34070.8  pgrad:  0.6275056 
iter:  10  f-value:  34070.79  pgrad:  0.6268799 
iter:  20  f-value:  34070.79  pgrad:  0.6244861 
iter:  30  f-value:  34070.79  pgrad:  0.5160837 
  Unsuccessful convergence.
Time difference of 9.648821 mins
[1] "maxIt: 20"
[1] "It: 13"
 [1] "sigma:"           "0.99"             "0.99"             "0.99"            
 [5] "0.99"             "0.99"             "0.99"             "0.99"            
 [9] "0.99"             "0.99"             "0.99"             "0.99"            
[13] "0.99"             "0.99"             "0.99"             "0.99"            
[17] "0.99"             "0.31192325430031" "0.31192325430031" "0.31192325430031"
[21] "0.31192325430031" "0.31192325430031" "0.31192325430031" "0.31192325430031"
[25] "0.31192325430031" "0.31192325430031" "0.31192325430031" "0.31192325430031"
[29] "0.31192325430031" "0.31192325430031" "0.31192325430031" "0.31192325430031"
[33] "0.31192325430031" "0.31192325430031" "0.31192325430031" "0.31192325430031"
[37] "0.31192325430031" "0.31192325430031" "0.31192325430031" "0.31192325430031"
[41] "0.31192325430031" "beta :"           "1"               
[1] 9935388
[1] 9935089
[1] 9935340
 [1] "sigma:"           "0.99"             "0.99"             "0.99"            
 [5] "0.99"             "0.99"             "0.99"             "0.99"            
 [9] "0.99"             "0.99"             "0.99"             "0.99"            
[13] "0.99"             "0.99"             "0.99"             "0.99"            
[17] "0.99"             "0.31192325430031" "0.31192325430031" "0.31192325430031"
[21] "0.31192325430031" "0.31192325430031" "0.31192325430031" "0.31192325430031"
[25] "0.31192325430031" "0.31192325430031" "0.31192325430031" "0.31192325430031"
[29] "0.31192325430031" "0.31192325430031" "0.31192325430031" "0.31192325430031"
[33] "0.31192325430031" "0.31192325430031" "0.31192325430031" "0.31192325430031"
[37] "0.31192325430031" "0.31192325430031" "0.31192325430031" "0.31192325430031"
[41] "0.31192325430031" "beta :"           "1"               
[1] " old Likelihood:  -9935092.73664801"
[1] "New Likelihood:  -9935089.27703019"
iter:  0  f-value:  34113.01  pgrad:  0.6238465 
iter:  10  f-value:  34113  pgrad:  0.6232469 
iter:  20  f-value:  34113  pgrad:  0.6208318 
iter:  30  f-value:  34113  pgrad:  0.620584 
  Unsuccessful convergence.
Time difference of 9.705902 mins
[1] "maxIt: 20"
[1] "It: 14"
 [1] "sigma:"           "0.99"             "0.99"             "0.99"            
 [5] "0.99"             "0.99"             "0.99"             "0.99"            
 [9] "0.99"             "0.99"             "0.99"             "0.99"            
[13] "0.99"             "0.99"             "0.99"             "0.99"            
[17] "0.99"             "0.31015335334106" "0.31015335334106" "0.31015335334106"
[21] "0.31015335334106" "0.31015335334106" "0.31015335334106" "0.31015335334106"
[25] "0.31015335334106" "0.31015335334106" "0.31015335334106" "0.31015335334106"
[29] "0.31015335334106" "0.31015335334106" "0.31015335334106" "0.31015335334106"
[33] "0.31015335334106" "0.31015335334106" "0.31015335334106" "0.31015335334106"
[37] "0.31015335334106" "0.31015335334106" "0.31015335334106" "0.31015335334106"
[41] "0.31015335334106" "beta :"           "1"               
[1] 9935387
[1] 9935086
[1] 9935335
 [1] "sigma:"           "0.99"             "0.99"             "0.99"            
 [5] "0.99"             "0.99"             "0.99"             "0.99"            
 [9] "0.99"             "0.99"             "0.99"             "0.99"            
[13] "0.99"             "0.99"             "0.99"             "0.99"            
[17] "0.99"             "0.31015335334106" "0.31015335334106" "0.31015335334106"
[21] "0.31015335334106" "0.31015335334106" "0.31015335334106" "0.31015335334106"
[25] "0.31015335334106" "0.31015335334106" "0.31015335334106" "0.31015335334106"
[29] "0.31015335334106" "0.31015335334106" "0.31015335334106" "0.31015335334106"
[33] "0.31015335334106" "0.31015335334106" "0.31015335334106" "0.31015335334106"
[37] "0.31015335334106" "0.31015335334106" "0.31015335334106" "0.31015335334106"
[41] "0.31015335334106" "beta :"           "1"               
[1] " old Likelihood:  -9935089.27703019"
[1] "New Likelihood:  -9935086.06565956"
iter:  0  f-value:  34154.65  pgrad:  0.6203067 
iter:  10  f-value:  34154.64  pgrad:  0.619732 
iter:  20  f-value:  34154.64  pgrad:  0.6174084 
iter:  30  f-value:  34154.64  pgrad:  0.5396578 
  Unsuccessful convergence.
Time difference of 9.67387 mins
[1] "maxIt: 20"
[1] "It: 15"
 [1] "sigma:"            "0.99"              "0.99"             
 [4] "0.99"              "0.99"              "0.99"             
 [7] "0.99"              "0.99"              "0.99"             
[10] "0.99"              "0.99"              "0.99"             
[13] "0.99"              "0.99"              "0.99"             
[16] "0.99"              "0.99"              "0.308457601483937"
[19] "0.308457601483937" "0.308457601483937" "0.308457601483937"
[22] "0.308457601483937" "0.308457601483937" "0.308457601483937"
[25] "0.308457601483937" "0.308457601483937" "0.308457601483937"
[28] "0.308457601483937" "0.308457601483937" "0.308457601483937"
[31] "0.308457601483937" "0.308457601483937" "0.308457601483937"
[34] "0.308457601483937" "0.308457601483937" "0.308457601483937"
[37] "0.308457601483937" "0.308457601483937" "0.308457601483937"
[40] "0.308457601483937" "0.308457601483937" "beta :"           
[43] "1"                
[1] 9935386
[1] 9935083
[1] 9935330
 [1] "sigma:"            "0.99"              "0.99"             
 [4] "0.99"              "0.99"              "0.99"             
 [7] "0.99"              "0.99"              "0.99"             
[10] "0.99"              "0.99"              "0.99"             
[13] "0.99"              "0.99"              "0.99"             
[16] "0.99"              "0.99"              "0.308457601483937"
[19] "0.308457601483937" "0.308457601483937" "0.308457601483937"
[22] "0.308457601483937" "0.308457601483937" "0.308457601483937"
[25] "0.308457601483937" "0.308457601483937" "0.308457601483937"
[28] "0.308457601483937" "0.308457601483937" "0.308457601483937"
[31] "0.308457601483937" "0.308457601483937" "0.308457601483937"
[34] "0.308457601483937" "0.308457601483937" "0.308457601483937"
[37] "0.308457601483937" "0.308457601483937" "0.308457601483937"
[40] "0.308457601483937" "0.308457601483937" "beta :"           
[43] "1"                
[1] " old Likelihood:  -9935086.06565956"
[1] "New Likelihood:  -9935083.12683538"
iter:  0  f-value:  34194.39  pgrad:  0.6169152 
iter:  10  f-value:  34194.39  pgrad:  0.616365 
iter:  20  f-value:  34194.38  pgrad:  0.614254 
iter:  30  f-value:  34194.38  pgrad:  0.5192123 
  Unsuccessful convergence.
Time difference of 9.674783 mins
[1] "maxIt: 20"
[1] "It: 16"
 [1] "sigma:"            "0.99"              "0.99"             
 [4] "0.99"              "0.99"              "0.99"             
 [7] "0.99"              "0.99"              "0.99"             
[10] "0.99"              "0.99"              "0.99"             
[13] "0.99"              "0.99"              "0.99"             
[16] "0.99"              "0.99"              "0.306641131637856"
[19] "0.306641131637856" "0.306641131637856" "0.306641131637856"
[22] "0.306641131637856" "0.306641131637856" "0.306641131637856"
[25] "0.306641131637856" "0.306641131637856" "0.306641131637856"
[28] "0.306641131637856" "0.306641131637856" "0.306641131637856"
[31] "0.306641131637856" "0.306641131637856" "0.306641131637856"
[34] "0.306641131637856" "0.306641131637856" "0.306641131637856"
[37] "0.306641131637856" "0.306641131637856" "0.306641131637856"
[40] "0.306641131637856" "0.306641131637856" "beta :"           
[43] "1"                
[1] 9935385
[1] 9935080
[1] 9935325
 [1] "sigma:"            "0.99"              "0.99"             
 [4] "0.99"              "0.99"              "0.99"             
 [7] "0.99"              "0.99"              "0.99"             
[10] "0.99"              "0.99"              "0.99"             
[13] "0.99"              "0.99"              "0.99"             
[16] "0.99"              "0.99"              "0.306641131637856"
[19] "0.306641131637856" "0.306641131637856" "0.306641131637856"
[22] "0.306641131637856" "0.306641131637856" "0.306641131637856"
[25] "0.306641131637856" "0.306641131637856" "0.306641131637856"
[28] "0.306641131637856" "0.306641131637856" "0.306641131637856"
[31] "0.306641131637856" "0.306641131637856" "0.306641131637856"
[34] "0.306641131637856" "0.306641131637856" "0.306641131637856"
[37] "0.306641131637856" "0.306641131637856" "0.306641131637856"
[40] "0.306641131637856" "0.306641131637856" "beta :"           
[43] "1"                
[1] " old Likelihood:  -9935083.12683538"
[1] "New Likelihood:  -9935080.17628339"
iter:  0  f-value:  34236.92  pgrad:  0.6132823 
iter:  10  f-value:  34236.92  pgrad:  0.6127589 
iter:  20  f-value:  34236.91  pgrad:  0.6110389 
iter:  30  f-value:  34236.91  pgrad:  0.5913171 
  Unsuccessful convergence.
Time difference of 9.667821 mins
[1] "maxIt: 20"
[1] "It: 17"
 [1] "sigma:"         "0.99"           "0.99"           "0.99"          
 [5] "0.99"           "0.99"           "0.99"           "0.99"          
 [9] "0.99"           "0.99"           "0.99"           "0.99"          
[13] "0.99"           "0.99"           "0.99"           "0.99"          
[17] "0.99"           "0.305128460553" "0.305128460553" "0.305128460553"
[21] "0.305128460553" "0.305128460553" "0.305128460553" "0.305128460553"
[25] "0.305128460553" "0.305128460553" "0.305128460553" "0.305128460553"
[29] "0.305128460553" "0.305128460553" "0.305128460553" "0.305128460553"
[33] "0.305128460553" "0.305128460553" "0.305128460553" "0.305128460553"
[37] "0.305128460553" "0.305128460553" "0.305128460553" "0.305128460553"
[41] "0.305128460553" "beta :"         "1"             
[1] 9935384
[1] 9935078
[1] 9935322
 [1] "sigma:"         "0.99"           "0.99"           "0.99"          
 [5] "0.99"           "0.99"           "0.99"           "0.99"          
 [9] "0.99"           "0.99"           "0.99"           "0.99"          
[13] "0.99"           "0.99"           "0.99"           "0.99"          
[17] "0.99"           "0.305128460553" "0.305128460553" "0.305128460553"
[21] "0.305128460553" "0.305128460553" "0.305128460553" "0.305128460553"
[25] "0.305128460553" "0.305128460553" "0.305128460553" "0.305128460553"
[29] "0.305128460553" "0.305128460553" "0.305128460553" "0.305128460553"
[33] "0.305128460553" "0.305128460553" "0.305128460553" "0.305128460553"
[37] "0.305128460553" "0.305128460553" "0.305128460553" "0.305128460553"
[41] "0.305128460553" "beta :"         "1"             
[1] " old Likelihood:  -9935080.17628339"
[1] "New Likelihood:  -9935077.68245228"
iter:  0  f-value:  34273.27  pgrad:  0.6102569 
iter:  10  f-value:  34273.27  pgrad:  0.6097485 
iter:  20  f-value:  34273.27  pgrad:  0.6077811 
iter:  30  f-value:  34273.27  pgrad:  0.4040339 
  Unsuccessful convergence.
Time difference of 9.682376 mins
[1] "maxIt: 20"
[1] "It: 18"
 [1] "sigma:"            "0.99"              "0.99"             
 [4] "0.99"              "0.99"              "0.99"             
 [7] "0.99"              "0.99"              "0.99"             
[10] "0.99"              "0.99"              "0.99"             
[13] "0.99"              "0.99"              "0.99"             
[16] "0.99"              "0.99"              "0.303566798806683"
[19] "0.303566798806683" "0.303566798806683" "0.303566798806683"
[22] "0.303566798806683" "0.303566798806683" "0.303566798806683"
[25] "0.303566798806683" "0.303566798806683" "0.303566798806683"
[28] "0.303566798806683" "0.303566798806683" "0.303566798806683"
[31] "0.303566798806683" "0.303566798806683" "0.303566798806683"
[34] "0.303566798806683" "0.303566798806683" "0.303566798806683"
[37] "0.303566798806683" "0.303566798806683" "0.303566798806683"
[40] "0.303566798806683" "0.303566798806683" "beta :"           
[43] "1"                
[1] 9935383
[1] 9935075
[1] 9935318
 [1] "sigma:"            "0.99"              "0.99"             
 [4] "0.99"              "0.99"              "0.99"             
 [7] "0.99"              "0.99"              "0.99"             
[10] "0.99"              "0.99"              "0.99"             
[13] "0.99"              "0.99"              "0.99"             
[16] "0.99"              "0.99"              "0.303566798806683"
[19] "0.303566798806683" "0.303566798806683" "0.303566798806683"
[22] "0.303566798806683" "0.303566798806683" "0.303566798806683"
[25] "0.303566798806683" "0.303566798806683" "0.303566798806683"
[28] "0.303566798806683" "0.303566798806683" "0.303566798806683"
[31] "0.303566798806683" "0.303566798806683" "0.303566798806683"
[34] "0.303566798806683" "0.303566798806683" "0.303566798806683"
[37] "0.303566798806683" "0.303566798806683" "0.303566798806683"
[40] "0.303566798806683" "0.303566798806683" "beta :"           
[43] "1"                
[1] " old Likelihood:  -9935077.68245228"
[1] "New Likelihood:  -9935075.26861244"
iter:  0  f-value:  34310.31  pgrad:  0.6071336 
iter:  10  f-value:  34310.31  pgrad:  0.6066445 
iter:  20  f-value:  34310.31  pgrad:  0.6049245 
iter:  30  f-value:  34310.31  pgrad:  0.5490438 
  Unsuccessful convergence.
Time difference of 9.705678 mins
[1] "maxIt: 20"
[1] "It: 19"
 [1] "sigma:"            "0.99"              "0.99"             
 [4] "0.99"              "0.99"              "0.99"             
 [7] "0.99"              "0.99"              "0.99"             
[10] "0.99"              "0.99"              "0.99"             
[13] "0.99"              "0.99"              "0.99"             
[16] "0.99"              "0.99"              "0.302210764198968"
[19] "0.302210764198968" "0.302210764198968" "0.302210764198968"
[22] "0.302210764198968" "0.302210764198968" "0.302210764198968"
[25] "0.302210764198968" "0.302210764198968" "0.302210764198968"
[28] "0.302210764198968" "0.302210764198968" "0.302210764198968"
[31] "0.302210764198968" "0.302210764198968" "0.302210764198968"
[34] "0.302210764198968" "0.302210764198968" "0.302210764198968"
[37] "0.302210764198968" "0.302210764198968" "0.302210764198968"
[40] "0.302210764198968" "0.302210764198968" "beta :"           
[43] "1"                
[1] 9935382
[1] 9935073
[1] 9935315
 [1] "sigma:"            "0.99"              "0.99"             
 [4] "0.99"              "0.99"              "0.99"             
 [7] "0.99"              "0.99"              "0.99"             
[10] "0.99"              "0.99"              "0.99"             
[13] "0.99"              "0.99"              "0.99"             
[16] "0.99"              "0.99"              "0.302210764198968"
[19] "0.302210764198968" "0.302210764198968" "0.302210764198968"
[22] "0.302210764198968" "0.302210764198968" "0.302210764198968"
[25] "0.302210764198968" "0.302210764198968" "0.302210764198968"
[28] "0.302210764198968" "0.302210764198968" "0.302210764198968"
[31] "0.302210764198968" "0.302210764198968" "0.302210764198968"
[34] "0.302210764198968" "0.302210764198968" "0.302210764198968"
[37] "0.302210764198968" "0.302210764198968" "0.302210764198968"
[40] "0.302210764198968" "0.302210764198968" "beta :"           
[43] "1"                
[1] " old Likelihood:  -9935075.26861244"
[1] "New Likelihood:  -9935073.16860778"
iter:  0  f-value:  34342.95  pgrad:  0.6044215 
iter:  10  f-value:  34342.95  pgrad:  0.603945 
iter:  20  f-value:  34342.95  pgrad:  0.602082 
iter:  30  f-value:  34342.95  pgrad:  0.436994 
  Unsuccessful convergence.
Time difference of 9.677904 mins
[1] "maxIt: 20"
[1] "It: 20"
 [1] "sigma:"            "0.99"              "0.99"             
 [4] "0.99"              "0.99"              "0.99"             
 [7] "0.99"              "0.99"              "0.99"             
[10] "0.99"              "0.99"              "0.99"             
[13] "0.99"              "0.99"              "0.99"             
[16] "0.99"              "0.99"              "0.300693053023517"
[19] "0.300693053023517" "0.300693053023517" "0.300693053023517"
[22] "0.300693053023517" "0.300693053023517" "0.300693053023517"
[25] "0.300693053023517" "0.300693053023517" "0.300693053023517"
[28] "0.300693053023517" "0.300693053023517" "0.300693053023517"
[31] "0.300693053023517" "0.300693053023517" "0.300693053023517"
[34] "0.300693053023517" "0.300693053023517" "0.300693053023517"
[37] "0.300693053023517" "0.300693053023517" "0.300693053023517"
[40] "0.300693053023517" "0.300693053023517" "beta :"           
[43] "1"                
[1] 9935381
[1] 9935071
[1] 9935311
 [1] "sigma:"            "0.99"              "0.99"             
 [4] "0.99"              "0.99"              "0.99"             
 [7] "0.99"              "0.99"              "0.99"             
[10] "0.99"              "0.99"              "0.99"             
[13] "0.99"              "0.99"              "0.99"             
[16] "0.99"              "0.99"              "0.300693053023517"
[19] "0.300693053023517" "0.300693053023517" "0.300693053023517"
[22] "0.300693053023517" "0.300693053023517" "0.300693053023517"
[25] "0.300693053023517" "0.300693053023517" "0.300693053023517"
[28] "0.300693053023517" "0.300693053023517" "0.300693053023517"
[31] "0.300693053023517" "0.300693053023517" "0.300693053023517"
[34] "0.300693053023517" "0.300693053023517" "0.300693053023517"
[37] "0.300693053023517" "0.300693053023517" "0.300693053023517"
[40] "0.300693053023517" "0.300693053023517" "beta :"           
[43] "1"                
[1] " old Likelihood:  -9935073.16860778"
[1] "New Likelihood:  -9935070.98663323"
iter:  0  f-value:  34378.89  pgrad:  0.6013861 
iter:  10  f-value:  34378.88  pgrad:  0.6009242 
iter:  20  f-value:  34378.88  pgrad:  0.5993097 
iter:  30  f-value:  34378.88  pgrad:  0.5070492 
  Unsuccessful convergence.
Time difference of 9.675203 mins
 [1] "sigma:"           "0.99"             "0.99"             "0.99"            
 [5] "0.99"             "0.99"             "0.99"             "0.99"            
 [9] "0.99"             "0.99"             "0.99"             "0.99"            
[13] "0.99"             "0.99"             "0.99"             "0.99"            
[17] "0.99"             "0.29931452305599" "0.29931452305599" "0.29931452305599"
[21] "0.29931452305599" "0.29931452305599" "0.29931452305599" "0.29931452305599"
[25] "0.29931452305599" "0.29931452305599" "0.29931452305599" "0.29931452305599"
[29] "0.29931452305599" "0.29931452305599" "0.29931452305599" "0.29931452305599"
[33] "0.29931452305599" "0.29931452305599" "0.29931452305599" "0.29931452305599"
[37] "0.29931452305599" "0.29931452305599" "0.29931452305599" "0.29931452305599"
[41] "0.29931452305599" "beta :"           "1"               
[1] 1999890 1999494 1999890 1999664 1999984
[1] 1 1 1 1 1
saved RDS
inference successful
