[1] "Original length"
[1] 999821
[1] "Final length"
[1] 19275
[1] "sequence length : 999822" "sequence length : 999302"
[3] "sequence length : 999957" "sequence length : 999698"
[5] "sequence length : 999934"
[1] 1 1 1 1 1
[1] "Beta: 1"
[1] "Self: 0.5"
 [1] 0 0 0 0 0 0 0 0 0 0 0 0 0 0 0 0 0 0 0 0
[1] "maxIt: 20"
[1] "It: 1"
 [1] "sigma:" "0.5"    "0.5"    "0.5"    "0.5"    "0.5"    "0.5"    "0.5"   
 [9] "0.5"    "0.5"    "0.5"    "0.5"    "0.5"    "0.5"    "0.5"    "0.5"   
[17] "0.5"    "0.5"    "0.5"    "0"      "0"      "0"      "0"      "0"     
[25] "0"      "0"      "0"      "0"      "0"      "0"      "0"      "0"     
[33] "0"      "0"      "0"      "0"      "0"      "0"      "0"      "0"     
[41] "0"      "beta :" "1"     
[1] 10371934
[1] 10371659
[1] 10371525
[1] 10371333
[1] 10371066
[1] 10370713
[1] 10370314
[1] 10370008
[1] 10369963
[1] 10370313
[1] 10371336
[1] 10373591
[1] 10377874
[1] 10385161
[1] 10395947
[1] 10408694
[1] 10419018
[1] 10424418
[1] 10426658
[1] 10427190
[1] 10427242
 [1] "sigma:" "0.9655" "0.9655" "0.9655" "0.9655" "0.9655" "0.9655" "0.9655"
 [9] "0.9655" "0.9655" "0.9655" "0.9655" "0.9655" "0.9655" "0.9655" "0.9655"
[17] "0.9655" "0.4"    "0.4"    "0.4"    "0.4"    "0.4"    "0.4"    "0.4"   
[25] "0.4"    "0.4"    "0.4"    "0.4"    "0.4"    "0.4"    "0.4"    "0.4"   
[33] "0.4"    "0.4"    "0.4"    "0.4"    "0.4"    "0.4"    "0.4"    "0.4"   
[41] "0.4"    "beta :" "1"     
[1] "New Likelihood:  -10369962.626866"
iter:  0  f-value:  33472.17  pgrad:  0.5 
iter:  10  f-value:  33472.04  pgrad:  0.799164 
iter:  20  f-value:  33471.94  pgrad:  0.793373 
iter:  30  f-value:  33471.88  pgrad:  0.7883646 
  Unsuccessful convergence.
Time difference of 40.55961 mins
[1] "maxIt: 20"
[1] "It: 2"
 [1] "sigma:"            "0.974734090526097" "0.974734090526097"
 [4] "0.974734090526097" "0.974734090526097" "0.974734090526097"
 [7] "0.974734090526097" "0.974734090526097" "0.974734090526097"
[10] "0.974734090526097" "0.974734090526097" "0.974734090526097"
[13] "0.974734090526097" "0.974734090526097" "0.974734090526097"
[16] "0.974734090526097" "0.974734090526097" "0.394168857969471"
[19] "0.394168857969471" "0.394168857969471" "0.394168857969471"
[22] "0.394168857969471" "0.394168857969471" "0.394168857969471"
[25] "0.394168857969471" "0.394168857969471" "0.394168857969471"
[28] "0.394168857969471" "0.394168857969471" "0.394168857969471"
[31] "0.394168857969471" "0.394168857969471" "0.394168857969471"
[34] "0.394168857969471" "0.394168857969471" "0.394168857969471"
[37] "0.394168857969471" "0.394168857969471" "0.394168857969471"
[40] "0.394168857969471" "0.394168857969471" "beta :"           
[43] "1"                
[1] 10369932
[1] 10369880
[1] 10370257
 [1] "sigma:"            "0.974734090526097" "0.974734090526097"
 [4] "0.974734090526097" "0.974734090526097" "0.974734090526097"
 [7] "0.974734090526097" "0.974734090526097" "0.974734090526097"
[10] "0.974734090526097" "0.974734090526097" "0.974734090526097"
[13] "0.974734090526097" "0.974734090526097" "0.974734090526097"
[16] "0.974734090526097" "0.974734090526097" "0.394168857969471"
[19] "0.394168857969471" "0.394168857969471" "0.394168857969471"
[22] "0.394168857969471" "0.394168857969471" "0.394168857969471"
[25] "0.394168857969471" "0.394168857969471" "0.394168857969471"
[28] "0.394168857969471" "0.394168857969471" "0.394168857969471"
[31] "0.394168857969471" "0.394168857969471" "0.394168857969471"
[34] "0.394168857969471" "0.394168857969471" "0.394168857969471"
[37] "0.394168857969471" "0.394168857969471" "0.394168857969471"
[40] "0.394168857969471" "0.394168857969471" "beta :"           
[43] "1"                
[1] " old Likelihood:  -10369962.626866"
[1] "New Likelihood:  -10369880.0588362"
iter:  0  f-value:  33520.96  pgrad:  0.7883377 
iter:  10  f-value:  33520.88  pgrad:  0.7862545 
iter:  20  f-value:  33520.82  pgrad:  0.7796738 
iter:  30  f-value:  33520.81  pgrad:  0.4986916 
  Unsuccessful convergence.
Time difference of 10.01302 mins
[1] "maxIt: 20"
[1] "It: 3"
 [1] "sigma:"            "0.981185708264101" "0.981185708264101"
 [4] "0.981185708264101" "0.981185708264101" "0.981185708264101"
 [7] "0.981185708264101" "0.981185708264101" "0.981185708264101"
[10] "0.981185708264101" "0.981185708264101" "0.981185708264101"
[13] "0.981185708264101" "0.981185708264101" "0.981185708264101"
[16] "0.981185708264101" "0.981185708264101" "0.389592960417763"
[19] "0.389592960417763" "0.389592960417763" "0.389592960417763"
[22] "0.389592960417763" "0.389592960417763" "0.389592960417763"
[25] "0.389592960417763" "0.389592960417763" "0.389592960417763"
[28] "0.389592960417763" "0.389592960417763" "0.389592960417763"
[31] "0.389592960417763" "0.389592960417763" "0.389592960417763"
[34] "0.389592960417763" "0.389592960417763" "0.389592960417763"
[37] "0.389592960417763" "0.389592960417763" "0.389592960417763"
[40] "0.389592960417763" "0.389592960417763" "beta :"           
[43] "1"                
[1] 10369889
[1] 10369836
[1] 10370240
 [1] "sigma:"            "0.981185708264101" "0.981185708264101"
 [4] "0.981185708264101" "0.981185708264101" "0.981185708264101"
 [7] "0.981185708264101" "0.981185708264101" "0.981185708264101"
[10] "0.981185708264101" "0.981185708264101" "0.981185708264101"
[13] "0.981185708264101" "0.981185708264101" "0.981185708264101"
[16] "0.981185708264101" "0.981185708264101" "0.389592960417763"
[19] "0.389592960417763" "0.389592960417763" "0.389592960417763"
[22] "0.389592960417763" "0.389592960417763" "0.389592960417763"
[25] "0.389592960417763" "0.389592960417763" "0.389592960417763"
[28] "0.389592960417763" "0.389592960417763" "0.389592960417763"
[31] "0.389592960417763" "0.389592960417763" "0.389592960417763"
[34] "0.389592960417763" "0.389592960417763" "0.389592960417763"
[37] "0.389592960417763" "0.389592960417763" "0.389592960417763"
[40] "0.389592960417763" "0.389592960417763" "beta :"           
[43] "1"                
[1] " old Likelihood:  -10369880.0588362"
[1] "New Likelihood:  -10369836.1853326"
iter:  0  f-value:  33579.57  pgrad:  0.7791859 
iter:  10  f-value:  33579.53  pgrad:  0.7776836 
iter:  20  f-value:  33579.5  pgrad:  0.7719637 
iter:  30  f-value:  33579.5  pgrad:  0.5285983 
  Unsuccessful convergence.
Time difference of 10.01681 mins
[1] "maxIt: 20"
[1] "It: 4"
 [1] "sigma:"            "0.984987165412189" "0.984987165412189"
 [4] "0.984987165412189" "0.984987165412189" "0.984987165412189"
 [7] "0.984987165412189" "0.984987165412189" "0.984987165412189"
[10] "0.984987165412189" "0.984987165412189" "0.984987165412189"
[13] "0.984987165412189" "0.984987165412189" "0.984987165412189"
[16] "0.984987165412189" "0.984987165412189" "0.385790444306934"
[19] "0.385790444306934" "0.385790444306934" "0.385790444306934"
[22] "0.385790444306934" "0.385790444306934" "0.385790444306934"
[25] "0.385790444306934" "0.385790444306934" "0.385790444306934"
[28] "0.385790444306934" "0.385790444306934" "0.385790444306934"
[31] "0.385790444306934" "0.385790444306934" "0.385790444306934"
[34] "0.385790444306934" "0.385790444306934" "0.385790444306934"
[37] "0.385790444306934" "0.385790444306934" "0.385790444306934"
[40] "0.385790444306934" "0.385790444306934" "beta :"           
[43] "1"                
[1] 10369865
[1] 10369813
[1] 10370235
 [1] "sigma:"            "0.984987165412189" "0.984987165412189"
 [4] "0.984987165412189" "0.984987165412189" "0.984987165412189"
 [7] "0.984987165412189" "0.984987165412189" "0.984987165412189"
[10] "0.984987165412189" "0.984987165412189" "0.984987165412189"
[13] "0.984987165412189" "0.984987165412189" "0.984987165412189"
[16] "0.984987165412189" "0.984987165412189" "0.385790444306934"
[19] "0.385790444306934" "0.385790444306934" "0.385790444306934"
[22] "0.385790444306934" "0.385790444306934" "0.385790444306934"
[25] "0.385790444306934" "0.385790444306934" "0.385790444306934"
[28] "0.385790444306934" "0.385790444306934" "0.385790444306934"
[31] "0.385790444306934" "0.385790444306934" "0.385790444306934"
[34] "0.385790444306934" "0.385790444306934" "0.385790444306934"
[37] "0.385790444306934" "0.385790444306934" "0.385790444306934"
[40] "0.385790444306934" "0.385790444306934" "beta :"           
[43] "1"                
[1] " old Likelihood:  -10369836.1853326"
[1] "New Likelihood:  -10369812.7180755"
iter:  0  f-value:  33644.24  pgrad:  0.7715809 
iter:  10  f-value:  33644.21  pgrad:  0.7696018 
iter:  20  f-value:  33644.2  pgrad:  0.766853 
iter:  30  f-value:  33644.2  pgrad:  0.5026569 
  Unsuccessful convergence.
Time difference of 10.02285 mins
[1] "maxIt: 20"
[1] "It: 5"
 [1] "sigma:"            "0.986901311975072" "0.986901311975072"
 [4] "0.986901311975072" "0.986901311975072" "0.986901311975072"
 [7] "0.986901311975072" "0.986901311975072" "0.986901311975072"
[10] "0.986901311975072" "0.986901311975072" "0.986901311975072"
[13] "0.986901311975072" "0.986901311975072" "0.986901311975072"
[16] "0.986901311975072" "0.986901311975072" "0.382671475358135"
[19] "0.382671475358135" "0.382671475358135" "0.382671475358135"
[22] "0.382671475358135" "0.382671475358135" "0.382671475358135"
[25] "0.382671475358135" "0.382671475358135" "0.382671475358135"
[28] "0.382671475358135" "0.382671475358135" "0.382671475358135"
[31] "0.382671475358135" "0.382671475358135" "0.382671475358135"
[34] "0.382671475358135" "0.382671475358135" "0.382671475358135"
[37] "0.382671475358135" "0.382671475358135" "0.382671475358135"
[40] "0.382671475358135" "0.382671475358135" "beta :"           
[43] "1"                
[1] 10369852
[1] 10369800
[1] 10370232
 [1] "sigma:"            "0.986901311975072" "0.986901311975072"
 [4] "0.986901311975072" "0.986901311975072" "0.986901311975072"
 [7] "0.986901311975072" "0.986901311975072" "0.986901311975072"
[10] "0.986901311975072" "0.986901311975072" "0.986901311975072"
[13] "0.986901311975072" "0.986901311975072" "0.986901311975072"
[16] "0.986901311975072" "0.986901311975072" "0.382671475358135"
[19] "0.382671475358135" "0.382671475358135" "0.382671475358135"
[22] "0.382671475358135" "0.382671475358135" "0.382671475358135"
[25] "0.382671475358135" "0.382671475358135" "0.382671475358135"
[28] "0.382671475358135" "0.382671475358135" "0.382671475358135"
[31] "0.382671475358135" "0.382671475358135" "0.382671475358135"
[34] "0.382671475358135" "0.382671475358135" "0.382671475358135"
[37] "0.382671475358135" "0.382671475358135" "0.382671475358135"
[40] "0.382671475358135" "0.382671475358135" "beta :"           
[43] "1"                
[1] " old Likelihood:  -10369812.7180755"
[1] "New Likelihood:  -10369799.6963318"
iter:  0  f-value:  33706.74  pgrad:  0.765343 
iter:  10  f-value:  33706.72  pgrad:  0.7643454 
iter:  20  f-value:  33706.71  pgrad:  0.4972726 
iter:  30  f-value:  33706.71  pgrad:  0.2552406 
  Unsuccessful convergence.
Time difference of 9.962154 mins
[1] "maxIt: 20"
[1] "It: 6"
 [1] "sigma:"            "0.987989125685076" "0.987989125685076"
 [4] "0.987989125685076" "0.987989125685076" "0.987989125685076"
 [7] "0.987989125685076" "0.987989125685076" "0.987989125685076"
[10] "0.987989125685076" "0.987989125685076" "0.987989125685076"
[13] "0.987989125685076" "0.987989125685076" "0.987989125685076"
[16] "0.987989125685076" "0.987989125685076" "0.379613543634704"
[19] "0.379613543634704" "0.379613543634704" "0.379613543634704"
[22] "0.379613543634704" "0.379613543634704" "0.379613543634704"
[25] "0.379613543634704" "0.379613543634704" "0.379613543634704"
[28] "0.379613543634704" "0.379613543634704" "0.379613543634704"
[31] "0.379613543634704" "0.379613543634704" "0.379613543634704"
[34] "0.379613543634704" "0.379613543634704" "0.379613543634704"
[37] "0.379613543634704" "0.379613543634704" "0.379613543634704"
[40] "0.379613543634704" "0.379613543634704" "beta :"           
[43] "1"                
[1] 10369845
[1] 10369791
[1] 10370228
 [1] "sigma:"            "0.987989125685076" "0.987989125685076"
 [4] "0.987989125685076" "0.987989125685076" "0.987989125685076"
 [7] "0.987989125685076" "0.987989125685076" "0.987989125685076"
[10] "0.987989125685076" "0.987989125685076" "0.987989125685076"
[13] "0.987989125685076" "0.987989125685076" "0.987989125685076"
[16] "0.987989125685076" "0.987989125685076" "0.379613543634704"
[19] "0.379613543634704" "0.379613543634704" "0.379613543634704"
[22] "0.379613543634704" "0.379613543634704" "0.379613543634704"
[25] "0.379613543634704" "0.379613543634704" "0.379613543634704"
[28] "0.379613543634704" "0.379613543634704" "0.379613543634704"
[31] "0.379613543634704" "0.379613543634704" "0.379613543634704"
[34] "0.379613543634704" "0.379613543634704" "0.379613543634704"
[37] "0.379613543634704" "0.379613543634704" "0.379613543634704"
[40] "0.379613543634704" "0.379613543634704" "beta :"           
[43] "1"                
[1] " old Likelihood:  -10369799.6963318"
[1] "New Likelihood:  -10369790.6749835"
iter:  0  f-value:  33774.89  pgrad:  0.7592271 
iter:  10  f-value:  33774.88  pgrad:  0.7581839 
iter:  20  f-value:  33774.87  pgrad:  0.7550512 
iter:  30  f-value:  33774.87  pgrad:  0.7547904 
  Unsuccessful convergence.
Time difference of 9.945248 mins
[1] "maxIt: 20"
[1] "It: 7"
 [1] "sigma:"            "0.988406349583976" "0.988406349583976"
 [4] "0.988406349583976" "0.988406349583976" "0.988406349583976"
 [7] "0.988406349583976" "0.988406349583976" "0.988406349583976"
[10] "0.988406349583976" "0.988406349583976" "0.988406349583976"
[13] "0.988406349583976" "0.988406349583976" "0.988406349583976"
[16] "0.988406349583976" "0.988406349583976" "0.377283519177956"
[19] "0.377283519177956" "0.377283519177956" "0.377283519177956"
[22] "0.377283519177956" "0.377283519177956" "0.377283519177956"
[25] "0.377283519177956" "0.377283519177956" "0.377283519177956"
[28] "0.377283519177956" "0.377283519177956" "0.377283519177956"
[31] "0.377283519177956" "0.377283519177956" "0.377283519177956"
[34] "0.377283519177956" "0.377283519177956" "0.377283519177956"
[37] "0.377283519177956" "0.377283519177956" "0.377283519177956"
[40] "0.377283519177956" "0.377283519177956" "beta :"           
[43] "1"                
[1] 10369840
[1] 10369785
[1] 10370224
 [1] "sigma:"            "0.988406349583976" "0.988406349583976"
 [4] "0.988406349583976" "0.988406349583976" "0.988406349583976"
 [7] "0.988406349583976" "0.988406349583976" "0.988406349583976"
[10] "0.988406349583976" "0.988406349583976" "0.988406349583976"
[13] "0.988406349583976" "0.988406349583976" "0.988406349583976"
[16] "0.988406349583976" "0.988406349583976" "0.377283519177956"
[19] "0.377283519177956" "0.377283519177956" "0.377283519177956"
[22] "0.377283519177956" "0.377283519177956" "0.377283519177956"
[25] "0.377283519177956" "0.377283519177956" "0.377283519177956"
[28] "0.377283519177956" "0.377283519177956" "0.377283519177956"
[31] "0.377283519177956" "0.377283519177956" "0.377283519177956"
[34] "0.377283519177956" "0.377283519177956" "0.377283519177956"
[37] "0.377283519177956" "0.377283519177956" "0.377283519177956"
[40] "0.377283519177956" "0.377283519177956" "beta :"           
[43] "1"                
[1] " old Likelihood:  -10369790.6749835"
[1] "New Likelihood:  -10369784.9262852"
iter:  0  f-value:  33830.49  pgrad:  0.754567 
iter:  10  f-value:  33830.49  pgrad:  0.7537761 
iter:  20  f-value:  33830.48  pgrad:  0.7508791 
iter:  30  f-value:  33830.48  pgrad:  0.4214235 
  Unsuccessful convergence.
Time difference of 9.946987 mins
[1] "maxIt: 20"
[1] "It: 8"
 [1] "sigma:"            "0.988676149372168" "0.988676149372168"
 [4] "0.988676149372168" "0.988676149372168" "0.988676149372168"
 [7] "0.988676149372168" "0.988676149372168" "0.988676149372168"
[10] "0.988676149372168" "0.988676149372168" "0.988676149372168"
[13] "0.988676149372168" "0.988676149372168" "0.988676149372168"
[16] "0.988676149372168" "0.988676149372168" "0.374946532564637"
[19] "0.374946532564637" "0.374946532564637" "0.374946532564637"
[22] "0.374946532564637" "0.374946532564637" "0.374946532564637"
[25] "0.374946532564637" "0.374946532564637" "0.374946532564637"
[28] "0.374946532564637" "0.374946532564637" "0.374946532564637"
[31] "0.374946532564637" "0.374946532564637" "0.374946532564637"
[34] "0.374946532564637" "0.374946532564637" "0.374946532564637"
[37] "0.374946532564637" "0.374946532564637" "0.374946532564637"
[40] "0.374946532564637" "0.374946532564637" "beta :"           
[43] "1"                
[1] 10369838
[1] 10369780
[1] 10370219
 [1] "sigma:"            "0.988676149372168" "0.988676149372168"
 [4] "0.988676149372168" "0.988676149372168" "0.988676149372168"
 [7] "0.988676149372168" "0.988676149372168" "0.988676149372168"
[10] "0.988676149372168" "0.988676149372168" "0.988676149372168"
[13] "0.988676149372168" "0.988676149372168" "0.988676149372168"
[16] "0.988676149372168" "0.988676149372168" "0.374946532564637"
[19] "0.374946532564637" "0.374946532564637" "0.374946532564637"
[22] "0.374946532564637" "0.374946532564637" "0.374946532564637"
[25] "0.374946532564637" "0.374946532564637" "0.374946532564637"
[28] "0.374946532564637" "0.374946532564637" "0.374946532564637"
[31] "0.374946532564637" "0.374946532564637" "0.374946532564637"
[34] "0.374946532564637" "0.374946532564637" "0.374946532564637"
[37] "0.374946532564637" "0.374946532564637" "0.374946532564637"
[40] "0.374946532564637" "0.374946532564637" "beta :"           
[43] "1"                
[1] " old Likelihood:  -10369784.9262852"
[1] "New Likelihood:  -10369780.1850926"
iter:  0  f-value:  33888.09  pgrad:  0.7498931 
iter:  10  f-value:  33888.08  pgrad:  0.7491346 
iter:  20  f-value:  33888.08  pgrad:  0.7461926 
iter:  30  f-value:  33888.08  pgrad:  0.5376205 
  Unsuccessful convergence.
Time difference of 9.930392 mins
[1] "maxIt: 20"
[1] "It: 9"
 [1] "sigma:"            "0.988859495389863" "0.988859495389863"
 [4] "0.988859495389863" "0.988859495389863" "0.988859495389863"
 [7] "0.988859495389863" "0.988859495389863" "0.988859495389863"
[10] "0.988859495389863" "0.988859495389863" "0.988859495389863"
[13] "0.988859495389863" "0.988859495389863" "0.988859495389863"
[16] "0.988859495389863" "0.988859495389863" "0.372622157125543"
[19] "0.372622157125543" "0.372622157125543" "0.372622157125543"
[22] "0.372622157125543" "0.372622157125543" "0.372622157125543"
[25] "0.372622157125543" "0.372622157125543" "0.372622157125543"
[28] "0.372622157125543" "0.372622157125543" "0.372622157125543"
[31] "0.372622157125543" "0.372622157125543" "0.372622157125543"
[34] "0.372622157125543" "0.372622157125543" "0.372622157125543"
[37] "0.372622157125543" "0.372622157125543" "0.372622157125543"
[40] "0.372622157125543" "0.372622157125543" "beta :"           
[43] "1"                
[1] 10369836
[1] 10369776
[1] 10370214
 [1] "sigma:"            "0.988859495389863" "0.988859495389863"
 [4] "0.988859495389863" "0.988859495389863" "0.988859495389863"
 [7] "0.988859495389863" "0.988859495389863" "0.988859495389863"
[10] "0.988859495389863" "0.988859495389863" "0.988859495389863"
[13] "0.988859495389863" "0.988859495389863" "0.988859495389863"
[16] "0.988859495389863" "0.988859495389863" "0.372622157125543"
[19] "0.372622157125543" "0.372622157125543" "0.372622157125543"
[22] "0.372622157125543" "0.372622157125543" "0.372622157125543"
[25] "0.372622157125543" "0.372622157125543" "0.372622157125543"
[28] "0.372622157125543" "0.372622157125543" "0.372622157125543"
[31] "0.372622157125543" "0.372622157125543" "0.372622157125543"
[34] "0.372622157125543" "0.372622157125543" "0.372622157125543"
[37] "0.372622157125543" "0.372622157125543" "0.372622157125543"
[40] "0.372622157125543" "0.372622157125543" "beta :"           
[43] "1"                
[1] " old Likelihood:  -10369780.1850926"
[1] "New Likelihood:  -10369776.1041776"
iter:  0  f-value:  33945.65  pgrad:  0.7452443 
iter:  10  f-value:  33945.64  pgrad:  0.7444606 
iter:  20  f-value:  33945.64  pgrad:  0.503569 
iter:  30  f-value:  33945.64  pgrad:  0.5358743 
  Unsuccessful convergence.
Time difference of 9.943837 mins
[1] "maxIt: 20"
[1] "It: 10"
 [1] "sigma:"            "0.988958776232971" "0.988958776232971"
 [4] "0.988958776232971" "0.988958776232971" "0.988958776232971"
 [7] "0.988958776232971" "0.988958776232971" "0.988958776232971"
[10] "0.988958776232971" "0.988958776232971" "0.988958776232971"
[13] "0.988958776232971" "0.988958776232971" "0.988958776232971"
[16] "0.988958776232971" "0.988958776232971" "0.370479310505884"
[19] "0.370479310505884" "0.370479310505884" "0.370479310505884"
[22] "0.370479310505884" "0.370479310505884" "0.370479310505884"
[25] "0.370479310505884" "0.370479310505884" "0.370479310505884"
[28] "0.370479310505884" "0.370479310505884" "0.370479310505884"
[31] "0.370479310505884" "0.370479310505884" "0.370479310505884"
[34] "0.370479310505884" "0.370479310505884" "0.370479310505884"
[37] "0.370479310505884" "0.370479310505884" "0.370479310505884"
[40] "0.370479310505884" "0.370479310505884" "beta :"           
[43] "1"                
[1] 10369835
[1] 10369773
[1] 10370209
 [1] "sigma:"            "0.988958776232971" "0.988958776232971"
 [4] "0.988958776232971" "0.988958776232971" "0.988958776232971"
 [7] "0.988958776232971" "0.988958776232971" "0.988958776232971"
[10] "0.988958776232971" "0.988958776232971" "0.988958776232971"
[13] "0.988958776232971" "0.988958776232971" "0.988958776232971"
[16] "0.988958776232971" "0.988958776232971" "0.370479310505884"
[19] "0.370479310505884" "0.370479310505884" "0.370479310505884"
[22] "0.370479310505884" "0.370479310505884" "0.370479310505884"
[25] "0.370479310505884" "0.370479310505884" "0.370479310505884"
[28] "0.370479310505884" "0.370479310505884" "0.370479310505884"
[31] "0.370479310505884" "0.370479310505884" "0.370479310505884"
[34] "0.370479310505884" "0.370479310505884" "0.370479310505884"
[37] "0.370479310505884" "0.370479310505884" "0.370479310505884"
[40] "0.370479310505884" "0.370479310505884" "beta :"           
[43] "1"                
[1] " old Likelihood:  -10369776.1041776"
[1] "New Likelihood:  -10369772.6830716"
iter:  0  f-value:  34002.1  pgrad:  0.7409586 
iter:  10  f-value:  34002.1  pgrad:  0.7400402 
iter:  20  f-value:  34002.09  pgrad:  0.7387511 
iter:  30  f-value:  34002.09  pgrad:  0.7381126 
  Unsuccessful convergence.
Time difference of 9.939271 mins
[1] "maxIt: 20"
[1] "It: 11"
 [1] "sigma:"            "0.989001256335233" "0.989001256335233"
 [4] "0.989001256335233" "0.989001256335233" "0.989001256335233"
 [7] "0.989001256335233" "0.989001256335233" "0.989001256335233"
[10] "0.989001256335233" "0.989001256335233" "0.989001256335233"
[13] "0.989001256335233" "0.989001256335233" "0.989001256335233"
[16] "0.989001256335233" "0.989001256335233" "0.368501712045675"
[19] "0.368501712045675" "0.368501712045675" "0.368501712045675"
[22] "0.368501712045675" "0.368501712045675" "0.368501712045675"
[25] "0.368501712045675" "0.368501712045675" "0.368501712045675"
[28] "0.368501712045675" "0.368501712045675" "0.368501712045675"
[31] "0.368501712045675" "0.368501712045675" "0.368501712045675"
[34] "0.368501712045675" "0.368501712045675" "0.368501712045675"
[37] "0.368501712045675" "0.368501712045675" "0.368501712045675"
[40] "0.368501712045675" "0.368501712045675" "beta :"           
[43] "1"                
[1] 10369834
[1] 10369770
[1] 10370204
 [1] "sigma:"            "0.989001256335233" "0.989001256335233"
 [4] "0.989001256335233" "0.989001256335233" "0.989001256335233"
 [7] "0.989001256335233" "0.989001256335233" "0.989001256335233"
[10] "0.989001256335233" "0.989001256335233" "0.989001256335233"
[13] "0.989001256335233" "0.989001256335233" "0.989001256335233"
[16] "0.989001256335233" "0.989001256335233" "0.368501712045675"
[19] "0.368501712045675" "0.368501712045675" "0.368501712045675"
[22] "0.368501712045675" "0.368501712045675" "0.368501712045675"
[25] "0.368501712045675" "0.368501712045675" "0.368501712045675"
[28] "0.368501712045675" "0.368501712045675" "0.368501712045675"
[31] "0.368501712045675" "0.368501712045675" "0.368501712045675"
[34] "0.368501712045675" "0.368501712045675" "0.368501712045675"
[37] "0.368501712045675" "0.368501712045675" "0.368501712045675"
[40] "0.368501712045675" "0.368501712045675" "beta :"           
[43] "1"                
[1] " old Likelihood:  -10369772.6830716"
[1] "New Likelihood:  -10369769.7606473"
iter:  0  f-value:  34054.79  pgrad:  0.7370034 
iter:  10  f-value:  34054.78  pgrad:  0.7363714 
iter:  20  f-value:  34054.78  pgrad:  0.734229 
iter:  30  f-value:  34054.78  pgrad:  0.734077 
  Unsuccessful convergence.
Time difference of 9.94963 mins
[1] "maxIt: 20"
[1] "It: 12"
 [1] "sigma:"            "0.989084350674923" "0.989084350674923"
 [4] "0.989084350674923" "0.989084350674923" "0.989084350674923"
 [7] "0.989084350674923" "0.989084350674923" "0.989084350674923"
[10] "0.989084350674923" "0.989084350674923" "0.989084350674923"
[13] "0.989084350674923" "0.989084350674923" "0.989084350674923"
[16] "0.989084350674923" "0.989084350674923" "0.366394050874647"
[19] "0.366394050874647" "0.366394050874647" "0.366394050874647"
[22] "0.366394050874647" "0.366394050874647" "0.366394050874647"
[25] "0.366394050874647" "0.366394050874647" "0.366394050874647"
[28] "0.366394050874647" "0.366394050874647" "0.366394050874647"
[31] "0.366394050874647" "0.366394050874647" "0.366394050874647"
[34] "0.366394050874647" "0.366394050874647" "0.366394050874647"
[37] "0.366394050874647" "0.366394050874647" "0.366394050874647"
[40] "0.366394050874647" "0.366394050874647" "beta :"           
[43] "1"                
[1] 10369833
[1] 10369767
[1] 10370199
 [1] "sigma:"            "0.989084350674923" "0.989084350674923"
 [4] "0.989084350674923" "0.989084350674923" "0.989084350674923"
 [7] "0.989084350674923" "0.989084350674923" "0.989084350674923"
[10] "0.989084350674923" "0.989084350674923" "0.989084350674923"
[13] "0.989084350674923" "0.989084350674923" "0.989084350674923"
[16] "0.989084350674923" "0.989084350674923" "0.366394050874647"
[19] "0.366394050874647" "0.366394050874647" "0.366394050874647"
[22] "0.366394050874647" "0.366394050874647" "0.366394050874647"
[25] "0.366394050874647" "0.366394050874647" "0.366394050874647"
[28] "0.366394050874647" "0.366394050874647" "0.366394050874647"
[31] "0.366394050874647" "0.366394050874647" "0.366394050874647"
[34] "0.366394050874647" "0.366394050874647" "0.366394050874647"
[37] "0.366394050874647" "0.366394050874647" "0.366394050874647"
[40] "0.366394050874647" "0.366394050874647" "beta :"           
[43] "1"                
[1] " old Likelihood:  -10369769.7606473"
[1] "New Likelihood:  -10369766.90118"
iter:  0  f-value:  34109.89  pgrad:  0.7327881 
iter:  10  f-value:  34109.89  pgrad:  0.7321603 
iter:  20  f-value:  34109.88  pgrad:  0.7302905 
iter:  30  f-value:  34109.88  pgrad:  0.7298671 
  Unsuccessful convergence.
Time difference of 9.974703 mins
[1] "maxIt: 20"
[1] "It: 13"
 [1] "sigma:"            "0.989067897540387" "0.989067897540387"
 [4] "0.989067897540387" "0.989067897540387" "0.989067897540387"
 [7] "0.989067897540387" "0.989067897540387" "0.989067897540387"
[10] "0.989067897540387" "0.989067897540387" "0.989067897540387"
[13] "0.989067897540387" "0.989067897540387" "0.989067897540387"
[16] "0.989067897540387" "0.989067897540387" "0.364916360954102"
[19] "0.364916360954102" "0.364916360954102" "0.364916360954102"
[22] "0.364916360954102" "0.364916360954102" "0.364916360954102"
[25] "0.364916360954102" "0.364916360954102" "0.364916360954102"
[28] "0.364916360954102" "0.364916360954102" "0.364916360954102"
[31] "0.364916360954102" "0.364916360954102" "0.364916360954102"
[34] "0.364916360954102" "0.364916360954102" "0.364916360954102"
[37] "0.364916360954102" "0.364916360954102" "0.364916360954102"
[40] "0.364916360954102" "0.364916360954102" "beta :"           
[43] "1"                
[1] 10369832
[1] 10369765
[1] 10370195
 [1] "sigma:"            "0.989067897540387" "0.989067897540387"
 [4] "0.989067897540387" "0.989067897540387" "0.989067897540387"
 [7] "0.989067897540387" "0.989067897540387" "0.989067897540387"
[10] "0.989067897540387" "0.989067897540387" "0.989067897540387"
[13] "0.989067897540387" "0.989067897540387" "0.989067897540387"
[16] "0.989067897540387" "0.989067897540387" "0.364916360954102"
[19] "0.364916360954102" "0.364916360954102" "0.364916360954102"
[22] "0.364916360954102" "0.364916360954102" "0.364916360954102"
[25] "0.364916360954102" "0.364916360954102" "0.364916360954102"
[28] "0.364916360954102" "0.364916360954102" "0.364916360954102"
[31] "0.364916360954102" "0.364916360954102" "0.364916360954102"
[34] "0.364916360954102" "0.364916360954102" "0.364916360954102"
[37] "0.364916360954102" "0.364916360954102" "0.364916360954102"
[40] "0.364916360954102" "0.364916360954102" "beta :"           
[43] "1"                
[1] " old Likelihood:  -10369766.90118"
[1] "New Likelihood:  -10369764.9575362"
iter:  0  f-value:  34150.09  pgrad:  0.7298327 
iter:  10  f-value:  34150.09  pgrad:  0.7291181 
iter:  20  f-value:  34150.08  pgrad:  0.6731716 
iter:  30  f-value:  34150.08  pgrad:  0.4319008 
  Unsuccessful convergence.
Time difference of 9.946378 mins
[1] "maxIt: 20"
[1] "It: 14"
 [1] "sigma:"            "0.989107141637804" "0.989107141637804"
 [4] "0.989107141637804" "0.989107141637804" "0.989107141637804"
 [7] "0.989107141637804" "0.989107141637804" "0.989107141637804"
[10] "0.989107141637804" "0.989107141637804" "0.989107141637804"
[13] "0.989107141637804" "0.989107141637804" "0.989107141637804"
[16] "0.989107141637804" "0.989107141637804" "0.363218026484337"
[19] "0.363218026484337" "0.363218026484337" "0.363218026484337"
[22] "0.363218026484337" "0.363218026484337" "0.363218026484337"
[25] "0.363218026484337" "0.363218026484337" "0.363218026484337"
[28] "0.363218026484337" "0.363218026484337" "0.363218026484337"
[31] "0.363218026484337" "0.363218026484337" "0.363218026484337"
[34] "0.363218026484337" "0.363218026484337" "0.363218026484337"
[37] "0.363218026484337" "0.363218026484337" "0.363218026484337"
[40] "0.363218026484337" "0.363218026484337" "beta :"           
[43] "1"                
[1] 10369832
[1] 10369763
[1] 10370191
 [1] "sigma:"            "0.989107141637804" "0.989107141637804"
 [4] "0.989107141637804" "0.989107141637804" "0.989107141637804"
 [7] "0.989107141637804" "0.989107141637804" "0.989107141637804"
[10] "0.989107141637804" "0.989107141637804" "0.989107141637804"
[13] "0.989107141637804" "0.989107141637804" "0.989107141637804"
[16] "0.989107141637804" "0.989107141637804" "0.363218026484337"
[19] "0.363218026484337" "0.363218026484337" "0.363218026484337"
[22] "0.363218026484337" "0.363218026484337" "0.363218026484337"
[25] "0.363218026484337" "0.363218026484337" "0.363218026484337"
[28] "0.363218026484337" "0.363218026484337" "0.363218026484337"
[31] "0.363218026484337" "0.363218026484337" "0.363218026484337"
[34] "0.363218026484337" "0.363218026484337" "0.363218026484337"
[37] "0.363218026484337" "0.363218026484337" "0.363218026484337"
[40] "0.363218026484337" "0.363218026484337" "beta :"           
[43] "1"                
[1] " old Likelihood:  -10369764.9575362"
[1] "New Likelihood:  -10369762.8708254"
iter:  0  f-value:  34195.1  pgrad:  0.7264361 
iter:  10  f-value:  34195.1  pgrad:  0.7258226 
iter:  20  f-value:  34195.1  pgrad:  0.4915253 
iter:  30  f-value:  34195.1  pgrad:  0.3303285 
  Unsuccessful convergence.
Time difference of 9.980164 mins
[1] "maxIt: 20"
[1] "It: 15"
 [1] "sigma:"            "0.989175505890531" "0.989175505890531"
 [4] "0.989175505890531" "0.989175505890531" "0.989175505890531"
 [7] "0.989175505890531" "0.989175505890531" "0.989175505890531"
[10] "0.989175505890531" "0.989175505890531" "0.989175505890531"
[13] "0.989175505890531" "0.989175505890531" "0.989175505890531"
[16] "0.989175505890531" "0.989175505890531" "0.361426049145111"
[19] "0.361426049145111" "0.361426049145111" "0.361426049145111"
[22] "0.361426049145111" "0.361426049145111" "0.361426049145111"
[25] "0.361426049145111" "0.361426049145111" "0.361426049145111"
[28] "0.361426049145111" "0.361426049145111" "0.361426049145111"
[31] "0.361426049145111" "0.361426049145111" "0.361426049145111"
[34] "0.361426049145111" "0.361426049145111" "0.361426049145111"
[37] "0.361426049145111" "0.361426049145111" "0.361426049145111"
[40] "0.361426049145111" "0.361426049145111" "beta :"           
[43] "1"                
[1] 10369832
[1] 10369761
[1] 10370187
 [1] "sigma:"            "0.989175505890531" "0.989175505890531"
 [4] "0.989175505890531" "0.989175505890531" "0.989175505890531"
 [7] "0.989175505890531" "0.989175505890531" "0.989175505890531"
[10] "0.989175505890531" "0.989175505890531" "0.989175505890531"
[13] "0.989175505890531" "0.989175505890531" "0.989175505890531"
[16] "0.989175505890531" "0.989175505890531" "0.361426049145111"
[19] "0.361426049145111" "0.361426049145111" "0.361426049145111"
[22] "0.361426049145111" "0.361426049145111" "0.361426049145111"
[25] "0.361426049145111" "0.361426049145111" "0.361426049145111"
[28] "0.361426049145111" "0.361426049145111" "0.361426049145111"
[31] "0.361426049145111" "0.361426049145111" "0.361426049145111"
[34] "0.361426049145111" "0.361426049145111" "0.361426049145111"
[37] "0.361426049145111" "0.361426049145111" "0.361426049145111"
[40] "0.361426049145111" "0.361426049145111" "beta :"           
[43] "1"                
[1] " old Likelihood:  -10369762.8708254"
[1] "New Likelihood:  -10369760.7672326"
iter:  0  f-value:  34242.74  pgrad:  0.7228521 
iter:  10  f-value:  34242.74  pgrad:  0.7222732 
iter:  20  f-value:  34242.74  pgrad:  0.5049447 
iter:  30  f-value:  34242.74  pgrad:  0.3084278 
  Unsuccessful convergence.
Time difference of 9.948854 mins
[1] "maxIt: 20"
[1] "It: 16"
 [1] "sigma:"            "0.989210869763847" "0.989210869763847"
 [4] "0.989210869763847" "0.989210869763847" "0.989210869763847"
 [7] "0.989210869763847" "0.989210869763847" "0.989210869763847"
[10] "0.989210869763847" "0.989210869763847" "0.989210869763847"
[13] "0.989210869763847" "0.989210869763847" "0.989210869763847"
[16] "0.989210869763847" "0.989210869763847" "0.359771260965069"
[19] "0.359771260965069" "0.359771260965069" "0.359771260965069"
[22] "0.359771260965069" "0.359771260965069" "0.359771260965069"
[25] "0.359771260965069" "0.359771260965069" "0.359771260965069"
[28] "0.359771260965069" "0.359771260965069" "0.359771260965069"
[31] "0.359771260965069" "0.359771260965069" "0.359771260965069"
[34] "0.359771260965069" "0.359771260965069" "0.359771260965069"
[37] "0.359771260965069" "0.359771260965069" "0.359771260965069"
[40] "0.359771260965069" "0.359771260965069" "beta :"           
[43] "1"                
[1] 10369832
[1] 10369759
[1] 10370183
 [1] "sigma:"            "0.989210869763847" "0.989210869763847"
 [4] "0.989210869763847" "0.989210869763847" "0.989210869763847"
 [7] "0.989210869763847" "0.989210869763847" "0.989210869763847"
[10] "0.989210869763847" "0.989210869763847" "0.989210869763847"
[13] "0.989210869763847" "0.989210869763847" "0.989210869763847"
[16] "0.989210869763847" "0.989210869763847" "0.359771260965069"
[19] "0.359771260965069" "0.359771260965069" "0.359771260965069"
[22] "0.359771260965069" "0.359771260965069" "0.359771260965069"
[25] "0.359771260965069" "0.359771260965069" "0.359771260965069"
[28] "0.359771260965069" "0.359771260965069" "0.359771260965069"
[31] "0.359771260965069" "0.359771260965069" "0.359771260965069"
[34] "0.359771260965069" "0.359771260965069" "0.359771260965069"
[37] "0.359771260965069" "0.359771260965069" "0.359771260965069"
[40] "0.359771260965069" "0.359771260965069" "beta :"           
[43] "1"                
[1] " old Likelihood:  -10369760.7672326"
[1] "New Likelihood:  -10369758.8959812"
iter:  0  f-value:  34287.28  pgrad:  0.7195425 
iter:  10  f-value:  34287.28  pgrad:  0.7189798 
iter:  20  f-value:  34287.28  pgrad:  0.4368485 
iter:  30  f-value:  34287.28  pgrad:  0.3461173 
  Unsuccessful convergence.
Time difference of 9.948924 mins
[1] "maxIt: 20"
[1] "It: 17"
 [1] "sigma:"            "0.989238504143685" "0.989238504143685"
 [4] "0.989238504143685" "0.989238504143685" "0.989238504143685"
 [7] "0.989238504143685" "0.989238504143685" "0.989238504143685"
[10] "0.989238504143685" "0.989238504143685" "0.989238504143685"
[13] "0.989238504143685" "0.989238504143685" "0.989238504143685"
[16] "0.989238504143685" "0.989238504143685" "0.358203110449184"
[19] "0.358203110449184" "0.358203110449184" "0.358203110449184"
[22] "0.358203110449184" "0.358203110449184" "0.358203110449184"
[25] "0.358203110449184" "0.358203110449184" "0.358203110449184"
[28] "0.358203110449184" "0.358203110449184" "0.358203110449184"
[31] "0.358203110449184" "0.358203110449184" "0.358203110449184"
[34] "0.358203110449184" "0.358203110449184" "0.358203110449184"
[37] "0.358203110449184" "0.358203110449184" "0.358203110449184"
[40] "0.358203110449184" "0.358203110449184" "beta :"           
[43] "1"                
[1] 10369832
[1] 10369757
[1] 10370179
 [1] "sigma:"            "0.989238504143685" "0.989238504143685"
 [4] "0.989238504143685" "0.989238504143685" "0.989238504143685"
 [7] "0.989238504143685" "0.989238504143685" "0.989238504143685"
[10] "0.989238504143685" "0.989238504143685" "0.989238504143685"
[13] "0.989238504143685" "0.989238504143685" "0.989238504143685"
[16] "0.989238504143685" "0.989238504143685" "0.358203110449184"
[19] "0.358203110449184" "0.358203110449184" "0.358203110449184"
[22] "0.358203110449184" "0.358203110449184" "0.358203110449184"
[25] "0.358203110449184" "0.358203110449184" "0.358203110449184"
[28] "0.358203110449184" "0.358203110449184" "0.358203110449184"
[31] "0.358203110449184" "0.358203110449184" "0.358203110449184"
[34] "0.358203110449184" "0.358203110449184" "0.358203110449184"
[37] "0.358203110449184" "0.358203110449184" "0.358203110449184"
[40] "0.358203110449184" "0.358203110449184" "beta :"           
[43] "1"                
[1] " old Likelihood:  -10369758.8959812"
[1] "New Likelihood:  -10369757.1872639"
iter:  0  f-value:  34329.77  pgrad:  0.7164062 
iter:  10  f-value:  34329.77  pgrad:  0.7158547 
iter:  20  f-value:  34329.77  pgrad:  0.512955 
iter:  30  f-value:  34329.77  pgrad:  0.1707667 
  Unsuccessful convergence.
Time difference of 9.956868 mins
[1] "maxIt: 20"
[1] "It: 18"
 [1] "sigma:"            "0.989284334005377" "0.989284334005377"
 [4] "0.989284334005377" "0.989284334005377" "0.989284334005377"
 [7] "0.989284334005377" "0.989284334005377" "0.989284334005377"
[10] "0.989284334005377" "0.989284334005377" "0.989284334005377"
[13] "0.989284334005377" "0.989284334005377" "0.989284334005377"
[16] "0.989284334005377" "0.989284334005377" "0.35662612842539" 
[19] "0.35662612842539"  "0.35662612842539"  "0.35662612842539" 
[22] "0.35662612842539"  "0.35662612842539"  "0.35662612842539" 
[25] "0.35662612842539"  "0.35662612842539"  "0.35662612842539" 
[28] "0.35662612842539"  "0.35662612842539"  "0.35662612842539" 
[31] "0.35662612842539"  "0.35662612842539"  "0.35662612842539" 
[34] "0.35662612842539"  "0.35662612842539"  "0.35662612842539" 
[37] "0.35662612842539"  "0.35662612842539"  "0.35662612842539" 
[40] "0.35662612842539"  "0.35662612842539"  "beta :"           
[43] "1"                
[1] 10369832
[1] 10369756
[1] 10370176
 [1] "sigma:"            "0.989284334005377" "0.989284334005377"
 [4] "0.989284334005377" "0.989284334005377" "0.989284334005377"
 [7] "0.989284334005377" "0.989284334005377" "0.989284334005377"
[10] "0.989284334005377" "0.989284334005377" "0.989284334005377"
[13] "0.989284334005377" "0.989284334005377" "0.989284334005377"
[16] "0.989284334005377" "0.989284334005377" "0.35662612842539" 
[19] "0.35662612842539"  "0.35662612842539"  "0.35662612842539" 
[22] "0.35662612842539"  "0.35662612842539"  "0.35662612842539" 
[25] "0.35662612842539"  "0.35662612842539"  "0.35662612842539" 
[28] "0.35662612842539"  "0.35662612842539"  "0.35662612842539" 
[31] "0.35662612842539"  "0.35662612842539"  "0.35662612842539" 
[34] "0.35662612842539"  "0.35662612842539"  "0.35662612842539" 
[37] "0.35662612842539"  "0.35662612842539"  "0.35662612842539" 
[40] "0.35662612842539"  "0.35662612842539"  "beta :"           
[43] "1"                
[1] " old Likelihood:  -10369757.1872639"
[1] "New Likelihood:  -10369755.5423242"
iter:  0  f-value:  34372.19  pgrad:  0.7132523 
iter:  10  f-value:  34372.19  pgrad:  0.712729 
iter:  20  f-value:  34372.19  pgrad:  0.7107657 
iter:  30  f-value:  34372.18  pgrad:  0.4111644 
  Unsuccessful convergence.
Time difference of 9.944141 mins
[1] "maxIt: 20"
[1] "It: 19"
 [1] "sigma:"            "0.989293653683855" "0.989293653683855"
 [4] "0.989293653683855" "0.989293653683855" "0.989293653683855"
 [7] "0.989293653683855" "0.989293653683855" "0.989293653683855"
[10] "0.989293653683855" "0.989293653683855" "0.989293653683855"
[13] "0.989293653683855" "0.989293653683855" "0.989293653683855"
[16] "0.989293653683855" "0.989293653683855" "0.355263816559414"
[19] "0.355263816559414" "0.355263816559414" "0.355263816559414"
[22] "0.355263816559414" "0.355263816559414" "0.355263816559414"
[25] "0.355263816559414" "0.355263816559414" "0.355263816559414"
[28] "0.355263816559414" "0.355263816559414" "0.355263816559414"
[31] "0.355263816559414" "0.355263816559414" "0.355263816559414"
[34] "0.355263816559414" "0.355263816559414" "0.355263816559414"
[37] "0.355263816559414" "0.355263816559414" "0.355263816559414"
[40] "0.355263816559414" "0.355263816559414" "beta :"           
[43] "1"                
[1] 10369832
[1] 10369754
[1] 10370173
 [1] "sigma:"            "0.989293653683855" "0.989293653683855"
 [4] "0.989293653683855" "0.989293653683855" "0.989293653683855"
 [7] "0.989293653683855" "0.989293653683855" "0.989293653683855"
[10] "0.989293653683855" "0.989293653683855" "0.989293653683855"
[13] "0.989293653683855" "0.989293653683855" "0.989293653683855"
[16] "0.989293653683855" "0.989293653683855" "0.355263816559414"
[19] "0.355263816559414" "0.355263816559414" "0.355263816559414"
[22] "0.355263816559414" "0.355263816559414" "0.355263816559414"
[25] "0.355263816559414" "0.355263816559414" "0.355263816559414"
[28] "0.355263816559414" "0.355263816559414" "0.355263816559414"
[31] "0.355263816559414" "0.355263816559414" "0.355263816559414"
[34] "0.355263816559414" "0.355263816559414" "0.355263816559414"
[37] "0.355263816559414" "0.355263816559414" "0.355263816559414"
[40] "0.355263816559414" "0.355263816559414" "beta :"           
[43] "1"                
[1] " old Likelihood:  -10369755.5423242"
[1] "New Likelihood:  -10369754.1496808"
iter:  0  f-value:  34409.52  pgrad:  0.7105276 
iter:  10  f-value:  34409.52  pgrad:  0.710028 
iter:  20  f-value:  34409.52  pgrad:  0.503951 
iter:  30  f-value:  34409.52  pgrad:  0.4622416 
  Unsuccessful convergence.
Time difference of 9.934941 mins
[1] "maxIt: 20"
[1] "It: 20"
 [1] "sigma:"            "0.989317397020008" "0.989317397020008"
 [4] "0.989317397020008" "0.989317397020008" "0.989317397020008"
 [7] "0.989317397020008" "0.989317397020008" "0.989317397020008"
[10] "0.989317397020008" "0.989317397020008" "0.989317397020008"
[13] "0.989317397020008" "0.989317397020008" "0.989317397020008"
[16] "0.989317397020008" "0.989317397020008" "0.353928530553221"
[19] "0.353928530553221" "0.353928530553221" "0.353928530553221"
[22] "0.353928530553221" "0.353928530553221" "0.353928530553221"
[25] "0.353928530553221" "0.353928530553221" "0.353928530553221"
[28] "0.353928530553221" "0.353928530553221" "0.353928530553221"
[31] "0.353928530553221" "0.353928530553221" "0.353928530553221"
[34] "0.353928530553221" "0.353928530553221" "0.353928530553221"
[37] "0.353928530553221" "0.353928530553221" "0.353928530553221"
[40] "0.353928530553221" "0.353928530553221" "beta :"           
[43] "1"                
[1] 10369832
[1] 10369753
[1] 10370170
 [1] "sigma:"            "0.989317397020008" "0.989317397020008"
 [4] "0.989317397020008" "0.989317397020008" "0.989317397020008"
 [7] "0.989317397020008" "0.989317397020008" "0.989317397020008"
[10] "0.989317397020008" "0.989317397020008" "0.989317397020008"
[13] "0.989317397020008" "0.989317397020008" "0.989317397020008"
[16] "0.989317397020008" "0.989317397020008" "0.353928530553221"
[19] "0.353928530553221" "0.353928530553221" "0.353928530553221"
[22] "0.353928530553221" "0.353928530553221" "0.353928530553221"
[25] "0.353928530553221" "0.353928530553221" "0.353928530553221"
[28] "0.353928530553221" "0.353928530553221" "0.353928530553221"
[31] "0.353928530553221" "0.353928530553221" "0.353928530553221"
[34] "0.353928530553221" "0.353928530553221" "0.353928530553221"
[37] "0.353928530553221" "0.353928530553221" "0.353928530553221"
[40] "0.353928530553221" "0.353928530553221" "beta :"           
[43] "1"                
[1] " old Likelihood:  -10369754.1496808"
[1] "New Likelihood:  -10369752.8312971"
iter:  0  f-value:  34445.52  pgrad:  0.7078571 
iter:  10  f-value:  34445.52  pgrad:  0.7073963 
iter:  20  f-value:  34445.52  pgrad:  0.6754999 
iter:  30  f-value:  34445.52  pgrad:  0.4986213 
  Unsuccessful convergence.
Time difference of 9.937001 mins
 [1] "sigma:"            "0.989352128518225" "0.989352128518225"
 [4] "0.989352128518225" "0.989352128518225" "0.989352128518225"
 [7] "0.989352128518225" "0.989352128518225" "0.989352128518225"
[10] "0.989352128518225" "0.989352128518225" "0.989352128518225"
[13] "0.989352128518225" "0.989352128518225" "0.989352128518225"
[16] "0.989352128518225" "0.989352128518225" "0.352578022908757"
[19] "0.352578022908757" "0.352578022908757" "0.352578022908757"
[22] "0.352578022908757" "0.352578022908757" "0.352578022908757"
[25] "0.352578022908757" "0.352578022908757" "0.352578022908757"
[28] "0.352578022908757" "0.352578022908757" "0.352578022908757"
[31] "0.352578022908757" "0.352578022908757" "0.352578022908757"
[34] "0.352578022908757" "0.352578022908757" "0.352578022908757"
[37] "0.352578022908757" "0.352578022908757" "0.352578022908757"
[40] "0.352578022908757" "0.352578022908757" "beta :"           
[43] "1"                
[1] 1999644 1998604 1999914 1999396 1999868
[1] 1 1 1 1 1
saved RDS
inference successful
